5.5514 	WARNING 	User requested fullscreen with size [1024  768], but screen is actually [1920, 1200]. Using actual size
6.6323 	EXP 	Created window1 = Window(allowGUI=False, allowStencil=False, args=UNKNOWN, autoLog=True, bitsMode=UNKNOWN, blendMode='avg', color=array([0., 0., 0.]), colorSpace='rgb', fullscr=<method-wrapper '__getattribute__' of attributeSetter object at 0x134faac18>, gamma=None, kwargs=UNKNOWN, lms=UNKNOWN, monitor=<psychopy.monitors.calibTools.Monitor object at 0x1350242b0>, multiSample=False, name='window1', numSamples=2, pos=[0.0, 0.0], screen=0, size=array([3840, 2400]), stereo=False, units='height', useFBO=True, useRetina=True, viewOri=0.0, viewPos=None, viewScale=None, waitBlanking=True, winType='pyglet')
6.6323 	EXP 	window1: recordFrameIntervals = False
7.0481 	EXP 	window1: recordFrameIntervals = True
7.8824 	EXP 	window1: recordFrameIntervals = False
8.4516 	EXP 	Created text = TextStim(__class__=<class 'psychopy.visual.text.TextStim'>, alignHoriz='center', alignVert='center', antialias=True, autoLog=True, bold=False, color='white', colorSpace='named', contrast=1.0, depth=0.0, flipHoriz=False, flipVert=False, font='Arial', fontFiles=[], height=0.04, italic=False, languageStyle='LTR', name='text', opacity=1.0, ori=0, pos=array([0., 0.]), rgb=array([255., 255., 255.]), text=str(...), units='height', win=Window(...), wrapWidth=1)
8.4622 	EXP 	Created text_2 = TextStim(__class__=<class 'psychopy.visual.text.TextStim'>, alignHoriz='center', alignVert='center', antialias=True, autoLog=True, bold=False, color='white', colorSpace='named', contrast=1.0, depth=0.0, flipHoriz=False, flipVert=False, font='Arial', fontFiles=[], height=0.05, italic=False, languageStyle='LTR', name='text_2', opacity=1.0, ori=0, pos=array([0., 0.]), rgb=array([255., 255., 255.]), text='Waiting for scanner trigger...', units='height', win=Window(...), wrapWidth=1)
8.4638 	EXP 	Created polygon = ShapeStim(__class__=<class 'psychopy.visual.shape.ShapeStim'>, autoDraw=False, autoLog=True, closeShape=True, contrast=1.0, depth=0.0, fillColor=array([1., 1., 1.]), fillColorSpace='rgb', interpolate=True, lineColor=array([1., 1., 1.]), lineColorSpace='rgb', lineWidth=1, name='polygon', opacity=1.0, ori=array(0.), pos=array([0., 0.]), size=array([0.05, 0.05]), units='height', vertices=ndarray(...), win=Window(...), windingRule=None)
8.4709 	EXP 	Created text_3 = TextStim(__class__=<class 'psychopy.visual.text.TextStim'>, alignHoriz='center', alignVert='center', antialias=True, autoLog=True, bold=False, color='white', colorSpace='named', contrast=1.0, depth=0.0, flipHoriz=False, flipVert=False, font='Arial', fontFiles=[], height=0.1, italic=False, languageStyle='LTR', name='text_3', opacity=1.0, ori=0, pos=array([0., 0.]), rgb=array([255., 255., 255.]), text='All done!', units='height', win=Window(...), wrapWidth=1)
8.5301 	EXP 	text: autoDraw = True
15.9686 	DATA 	Keypress: space
15.9833 	EXP 	text: autoDraw = False
15.9833 	EXP 	text_2: autoDraw = True
30.6806 	DATA 	Keypress: 5
30.7016 	EXP 	text_2: autoDraw = False
30.7016 	EXP 	polygon: autoDraw = True
31.3877 	DATA 	Keypress: 5
32.1812 	DATA 	Keypress: 5
32.9723 	DATA 	Keypress: 5
33.7175 	DATA 	Keypress: 5
34.5100 	DATA 	Keypress: 5
35.3031 	DATA 	Keypress: 5
36.0548 	DATA 	Keypress: 5
36.8458 	DATA 	Keypress: 5
37.6380 	DATA 	Keypress: 5
38.3865 	DATA 	Keypress: 5
39.1836 	DATA 	Keypress: 5
39.9706 	DATA 	Keypress: 5
40.7206 	DATA 	Keypress: 5
41.5109 	DATA 	Keypress: 5
42.3030 	DATA 	Keypress: 5
43.0551 	DATA 	Keypress: 5
43.8451 	DATA 	Keypress: 5
44.6346 	DATA 	Keypress: 5
45.3887 	DATA 	Keypress: 5
46.1803 	DATA 	Keypress: 5
46.9698 	DATA 	Keypress: 5
47.7212 	DATA 	Keypress: 5
48.5137 	DATA 	Keypress: 5
49.3062 	DATA 	Keypress: 5
50.0549 	DATA 	Keypress: 5
50.8469 	DATA 	Keypress: 5
51.6381 	DATA 	Keypress: 5
52.3893 	DATA 	Keypress: 5
53.1818 	DATA 	Keypress: 5
53.9724 	DATA 	Keypress: 5
54.7209 	DATA 	Keypress: 5
55.5141 	DATA 	Keypress: 5
56.3090 	DATA 	Keypress: 5
57.0564 	DATA 	Keypress: 5
57.8469 	DATA 	Keypress: 5
58.6431 	DATA 	Keypress: 5
59.3930 	DATA 	Keypress: 5
60.1803 	DATA 	Keypress: 5
60.9770 	DATA 	Keypress: 5
61.7255 	DATA 	Keypress: 5
62.5181 	DATA 	Keypress: 5
63.3064 	DATA 	Keypress: 5
64.0549 	DATA 	Keypress: 5
64.8487 	DATA 	Keypress: 5
65.6433 	DATA 	Keypress: 5
66.3906 	DATA 	Keypress: 5
67.1853 	DATA 	Keypress: 5
67.9744 	DATA 	Keypress: 5
68.7243 	DATA 	Keypress: 5
69.5138 	DATA 	Keypress: 5
70.3091 	DATA 	Keypress: 5
71.0954 	DATA 	Keypress: 5
71.8455 	DATA 	Keypress: 5
72.6378 	DATA 	Keypress: 5
73.3885 	DATA 	Keypress: 5
74.1774 	DATA 	Keypress: 5
74.9763 	DATA 	Keypress: 5
75.7648 	DATA 	Keypress: 5
76.5150 	DATA 	Keypress: 5
77.3047 	DATA 	Keypress: 5
78.0977 	DATA 	Keypress: 5
78.8474 	DATA 	Keypress: 5
79.6396 	DATA 	Keypress: 5
80.4330 	DATA 	Keypress: 5
81.1812 	DATA 	Keypress: 5
81.9769 	DATA 	Keypress: 5
82.7682 	DATA 	Keypress: 5
83.5150 	DATA 	Keypress: 5
84.3068 	DATA 	Keypress: 5
85.0983 	DATA 	Keypress: 5
85.8518 	DATA 	Keypress: 5
86.6399 	DATA 	Keypress: 5
87.4294 	DATA 	Keypress: 5
88.1808 	DATA 	Keypress: 5
88.9758 	DATA 	Keypress: 5
89.7656 	DATA 	Keypress: 5
90.5188 	DATA 	Keypress: 5
91.3099 	DATA 	Keypress: 5
92.1026 	DATA 	Keypress: 5
92.8486 	DATA 	Keypress: 5
93.6399 	DATA 	Keypress: 5
94.4289 	DATA 	Keypress: 5
95.1835 	DATA 	Keypress: 5
95.9747 	DATA 	Keypress: 5
96.7664 	DATA 	Keypress: 5
97.5188 	DATA 	Keypress: 5
98.3058 	DATA 	Keypress: 5
99.1031 	DATA 	Keypress: 5
99.8492 	DATA 	Keypress: 5
100.6437 	DATA 	Keypress: 5
101.4309 	DATA 	Keypress: 5
102.1854 	DATA 	Keypress: 5
102.9760 	DATA 	Keypress: 5
103.7676 	DATA 	Keypress: 5
104.5185 	DATA 	Keypress: 5
105.3042 	DATA 	Keypress: 5
106.1022 	DATA 	Keypress: 5
106.8485 	DATA 	Keypress: 5
107.6397 	DATA 	Keypress: 5
108.4316 	DATA 	Keypress: 5
109.1852 	DATA 	Keypress: 5
109.9741 	DATA 	Keypress: 5
110.7703 	DATA 	Keypress: 5
111.5200 	DATA 	Keypress: 5
112.3067 	DATA 	Keypress: 5
113.1054 	DATA 	Keypress: 5
113.8522 	DATA 	Keypress: 5
114.6420 	DATA 	Keypress: 5
115.4345 	DATA 	Keypress: 5
116.1860 	DATA 	Keypress: 5
116.9755 	DATA 	Keypress: 5
117.7625 	DATA 	Keypress: 5
118.5150 	DATA 	Keypress: 5
119.3062 	DATA 	Keypress: 5
120.1059 	DATA 	Keypress: 5
120.8909 	DATA 	Keypress: 5
121.6411 	DATA 	Keypress: 5
122.4319 	DATA 	Keypress: 5
123.2254 	DATA 	Keypress: 5
123.9723 	DATA 	Keypress: 5
124.7687 	DATA 	Keypress: 5
125.5190 	DATA 	Keypress: 5
126.3091 	DATA 	Keypress: 5
127.0987 	DATA 	Keypress: 5
127.8525 	DATA 	Keypress: 5
128.6391 	DATA 	Keypress: 5
129.4331 	DATA 	Keypress: 5
130.2249 	DATA 	Keypress: 5
130.9755 	DATA 	Keypress: 5
131.7653 	DATA 	Keypress: 5
132.5182 	DATA 	Keypress: 5
133.3116 	DATA 	Keypress: 5
134.1001 	DATA 	Keypress: 5
134.8925 	DATA 	Keypress: 5
135.6414 	DATA 	Keypress: 5
136.4353 	DATA 	Keypress: 5
137.2289 	DATA 	Keypress: 5
137.9749 	DATA 	Keypress: 5
138.7714 	DATA 	Keypress: 5
139.5593 	DATA 	Keypress: 5
140.3100 	DATA 	Keypress: 5
141.0987 	DATA 	Keypress: 5
141.8972 	DATA 	Keypress: 5
142.6457 	DATA 	Keypress: 5
143.4339 	DATA 	Keypress: 5
144.2246 	DATA 	Keypress: 5
144.9777 	DATA 	Keypress: 5
145.7680 	DATA 	Keypress: 5
146.5638 	DATA 	Keypress: 5
147.3113 	DATA 	Keypress: 5
148.1051 	DATA 	Keypress: 5
148.8938 	DATA 	Keypress: 5
149.6449 	DATA 	Keypress: 5
150.4324 	DATA 	Keypress: 5
151.2294 	DATA 	Keypress: 5
151.9811 	DATA 	Keypress: 5
152.7673 	DATA 	Keypress: 5
153.5611 	DATA 	Keypress: 5
154.3160 	DATA 	Keypress: 5
155.1015 	DATA 	Keypress: 5
155.8954 	DATA 	Keypress: 5
156.6454 	DATA 	Keypress: 5
157.4376 	DATA 	Keypress: 5
158.2317 	DATA 	Keypress: 5
158.9788 	DATA 	Keypress: 5
159.7718 	DATA 	Keypress: 5
160.5616 	DATA 	Keypress: 5
161.3126 	DATA 	Keypress: 5
162.1034 	DATA 	Keypress: 5
162.8889 	DATA 	Keypress: 5
163.6456 	DATA 	Keypress: 5
164.4316 	DATA 	Keypress: 5
165.2263 	DATA 	Keypress: 5
165.9750 	DATA 	Keypress: 5
166.7699 	DATA 	Keypress: 5
167.5632 	DATA 	Keypress: 5
168.3536 	DATA 	Keypress: 5
169.1025 	DATA 	Keypress: 5
169.8971 	DATA 	Keypress: 5
170.6453 	DATA 	Keypress: 5
171.4351 	DATA 	Keypress: 5
172.2254 	DATA 	Keypress: 5
172.9778 	DATA 	Keypress: 5
173.7689 	DATA 	Keypress: 5
174.5582 	DATA 	Keypress: 5
175.3545 	DATA 	Keypress: 5
176.1038 	DATA 	Keypress: 5
176.8942 	DATA 	Keypress: 5
177.6848 	DATA 	Keypress: 5
178.4332 	DATA 	Keypress: 5
179.2306 	DATA 	Keypress: 5
180.0212 	DATA 	Keypress: 5
180.7677 	DATA 	Keypress: 5
181.5601 	DATA 	Keypress: 5
182.3133 	DATA 	Keypress: 5
183.1020 	DATA 	Keypress: 5
183.8983 	DATA 	Keypress: 5
184.6863 	DATA 	Keypress: 5
185.4366 	DATA 	Keypress: 5
186.2253 	DATA 	Keypress: 5
186.9800 	DATA 	Keypress: 5
187.7693 	DATA 	Keypress: 5
188.5617 	DATA 	Keypress: 5
189.3528 	DATA 	Keypress: 5
190.1019 	DATA 	Keypress: 5
190.8931 	DATA 	Keypress: 5
191.6863 	DATA 	Keypress: 5
192.4368 	DATA 	Keypress: 5
193.2326 	DATA 	Keypress: 5
194.0235 	DATA 	Keypress: 5
194.7716 	DATA 	Keypress: 5
195.5601 	DATA 	Keypress: 5
196.3591 	DATA 	Keypress: 5
197.1028 	DATA 	Keypress: 5
197.8995 	DATA 	Keypress: 5
198.6912 	DATA 	Keypress: 5
199.4381 	DATA 	Keypress: 5
200.2318 	DATA 	Keypress: 5
201.0213 	DATA 	Keypress: 5
201.7728 	DATA 	Keypress: 5
202.5665 	DATA 	Keypress: 5
203.3592 	DATA 	Keypress: 5
204.1048 	DATA 	Keypress: 5
204.8961 	DATA 	Keypress: 5
205.6924 	DATA 	Keypress: 5
206.4372 	DATA 	Keypress: 5
207.2297 	DATA 	Keypress: 5
208.0222 	DATA 	Keypress: 5
208.7694 	DATA 	Keypress: 5
209.5632 	DATA 	Keypress: 5
210.3578 	DATA 	Keypress: 5
211.1072 	DATA 	Keypress: 5
211.8961 	DATA 	Keypress: 5
212.6859 	DATA 	Keypress: 5
213.4348 	DATA 	Keypress: 5
214.2262 	DATA 	Keypress: 5
215.0211 	DATA 	Keypress: 5
215.7694 	DATA 	Keypress: 5
216.5598 	DATA 	Keypress: 5
217.3590 	DATA 	Keypress: 5
218.1055 	DATA 	Keypress: 5
218.8937 	DATA 	Keypress: 5
219.6874 	DATA 	Keypress: 5
220.4365 	DATA 	Keypress: 5
221.2284 	DATA 	Keypress: 5
222.0206 	DATA 	Keypress: 5
222.8123 	DATA 	Keypress: 5
223.5679 	DATA 	Keypress: 5
224.3540 	DATA 	Keypress: 5
225.1461 	DATA 	Keypress: 5
225.8991 	DATA 	Keypress: 5
226.6877 	DATA 	Keypress: 5
227.4831 	DATA 	Keypress: 5
228.2289 	DATA 	Keypress: 5
229.0252 	DATA 	Keypress: 5
229.7728 	DATA 	Keypress: 5
230.5655 	DATA 	Keypress: 5
231.3539 	DATA 	Keypress: 5
232.1461 	DATA 	Keypress: 5
232.8948 	DATA 	Keypress: 5
233.6918 	DATA 	Keypress: 5
234.4792 	DATA 	Keypress: 5
235.2288 	DATA 	Keypress: 5
236.0223 	DATA 	Keypress: 5
236.8131 	DATA 	Keypress: 5
237.5611 	DATA 	Keypress: 5
238.3591 	DATA 	Keypress: 5
239.1464 	DATA 	Keypress: 5
239.8952 	DATA 	Keypress: 5
240.6871 	DATA 	Keypress: 5
241.4810 	DATA 	Keypress: 5
242.2308 	DATA 	Keypress: 5
243.0213 	DATA 	Keypress: 5
243.8139 	DATA 	Keypress: 5
244.5627 	DATA 	Keypress: 5
245.3602 	DATA 	Keypress: 5
246.1482 	DATA 	Keypress: 5
246.8973 	DATA 	Keypress: 5
247.6901 	DATA 	Keypress: 5
248.4815 	DATA 	Keypress: 5
249.2347 	DATA 	Keypress: 5
250.0237 	DATA 	Keypress: 5
250.8153 	DATA 	Keypress: 5
251.5642 	DATA 	Keypress: 5
252.3578 	DATA 	Keypress: 5
253.1485 	DATA 	Keypress: 5
253.8993 	DATA 	Keypress: 5
254.6901 	DATA 	Keypress: 5
255.4851 	DATA 	Keypress: 5
256.2310 	DATA 	Keypress: 5
257.0275 	DATA 	Keypress: 5
257.8163 	DATA 	Keypress: 5
258.5653 	DATA 	Keypress: 5
259.3557 	DATA 	Keypress: 5
260.1508 	DATA 	Keypress: 5
260.8977 	DATA 	Keypress: 5
261.6932 	DATA 	Keypress: 5
262.4791 	DATA 	Keypress: 5
263.2351 	DATA 	Keypress: 5
264.0237 	DATA 	Keypress: 5
264.8144 	DATA 	Keypress: 5
265.5636 	DATA 	Keypress: 5
266.3543 	DATA 	Keypress: 5
267.1459 	DATA 	Keypress: 5
267.8972 	DATA 	Keypress: 5
268.6888 	DATA 	Keypress: 5
269.4851 	DATA 	Keypress: 5
270.2329 	DATA 	Keypress: 5
271.0224 	DATA 	Keypress: 5
271.8129 	DATA 	Keypress: 5
272.5648 	DATA 	Keypress: 5
273.3560 	DATA 	Keypress: 5
274.1525 	DATA 	Keypress: 5
274.8986 	DATA 	Keypress: 5
275.6934 	DATA 	Keypress: 5
276.4808 	DATA 	Keypress: 5
277.2329 	DATA 	Keypress: 5
278.0248 	DATA 	Keypress: 5
278.8150 	DATA 	Keypress: 5
279.6082 	DATA 	Keypress: 5
280.3600 	DATA 	Keypress: 5
281.1497 	DATA 	Keypress: 5
281.9404 	DATA 	Keypress: 5
282.6922 	DATA 	Keypress: 5
283.4827 	DATA 	Keypress: 5
284.2748 	DATA 	Keypress: 5
285.0266 	DATA 	Keypress: 5
285.8158 	DATA 	Keypress: 5
286.6083 	DATA 	Keypress: 5
287.3556 	DATA 	Keypress: 5
288.1540 	DATA 	Keypress: 5
288.9416 	DATA 	Keypress: 5
289.6918 	DATA 	Keypress: 5
290.4838 	DATA 	Keypress: 5
291.2776 	DATA 	Keypress: 5
292.0226 	DATA 	Keypress: 5
292.8207 	DATA 	Keypress: 5
293.6062 	DATA 	Keypress: 5
294.3593 	DATA 	Keypress: 5
295.1481 	DATA 	Keypress: 5
295.9427 	DATA 	Keypress: 5
296.6921 	DATA 	Keypress: 5
297.4786 	DATA 	Keypress: 5
298.2741 	DATA 	Keypress: 5
299.0253 	DATA 	Keypress: 5
299.8193 	DATA 	Keypress: 5
300.6079 	DATA 	Keypress: 5
301.3608 	DATA 	Keypress: 5
302.1518 	DATA 	Keypress: 5
302.9456 	DATA 	Keypress: 5
303.6964 	DATA 	Keypress: 5
304.4829 	DATA 	Keypress: 5
305.2786 	DATA 	Keypress: 5
306.0294 	DATA 	Keypress: 5
306.8161 	DATA 	Keypress: 5
307.6109 	DATA 	Keypress: 5
308.3645 	DATA 	Keypress: 5
309.1535 	DATA 	Keypress: 5
309.9447 	DATA 	Keypress: 5
310.6917 	DATA 	Keypress: 5
311.4871 	DATA 	Keypress: 5
312.2717 	DATA 	Keypress: 5
313.0240 	DATA 	Keypress: 5
313.8157 	DATA 	Keypress: 5
314.6072 	DATA 	Keypress: 5
315.3642 	DATA 	Keypress: 5
316.1501 	DATA 	Keypress: 5
316.9403 	DATA 	Keypress: 5
317.7341 	DATA 	Keypress: 5
318.4805 	DATA 	Keypress: 5
319.2737 	DATA 	Keypress: 5
320.0656 	DATA 	Keypress: 5
320.8161 	DATA 	Keypress: 5
321.6084 	DATA 	Keypress: 5
322.3590 	DATA 	Keypress: 5
323.1545 	DATA 	Keypress: 5
323.9450 	DATA 	Keypress: 5
324.7337 	DATA 	Keypress: 5
325.4842 	DATA 	Keypress: 5
326.2721 	DATA 	Keypress: 5
327.0656 	DATA 	Keypress: 5
327.8177 	DATA 	Keypress: 5
328.6107 	DATA 	Keypress: 5
329.3602 	DATA 	Keypress: 5
330.1504 	DATA 	Keypress: 5
330.9404 	DATA 	Keypress: 5
331.7320 	DATA 	Keypress: 5
332.4837 	DATA 	Keypress: 5
333.2770 	DATA 	Keypress: 5
334.0686 	DATA 	Keypress: 5
334.8187 	DATA 	Keypress: 5
335.6052 	DATA 	Keypress: 5
336.4012 	DATA 	Keypress: 5
337.1532 	DATA 	Keypress: 5
337.9421 	DATA 	Keypress: 5
338.7346 	DATA 	Keypress: 5
339.4860 	DATA 	Keypress: 5
340.2773 	DATA 	Keypress: 5
341.0683 	DATA 	Keypress: 5
360.6129 	DATA 	Keypress: 5
361.3639 	DATA 	Keypress: 5
362.1524 	DATA 	Keypress: 5
362.9415 	DATA 	Keypress: 5
620.2874 	DATA 	Keypress: 5
621.0801 	DATA 	Keypress: 5
621.8325 	DATA 	Keypress: 5
622.6271 	DATA 	Keypress: 5
623.4138 	DATA 	Keypress: 5
624.1669 	DATA 	Keypress: 5
624.9582 	DATA 	Keypress: 5
625.7458 	DATA 	Keypress: 5
626.4964 	DATA 	Keypress: 5
627.2913 	DATA 	Keypress: 5
628.0818 	DATA 	Keypress: 5
628.8304 	DATA 	Keypress: 5
629.6256 	DATA 	Keypress: 5
630.4138 	DATA 	Keypress: 5
631.1641 	DATA 	Keypress: 5
631.9597 	DATA 	Keypress: 5
632.7473 	DATA 	Keypress: 5
633.4972 	DATA 	Keypress: 5
634.2916 	DATA 	Keypress: 5
635.0847 	DATA 	Keypress: 5
635.8294 	DATA 	Keypress: 5
636.6248 	DATA 	Keypress: 5
637.4152 	DATA 	Keypress: 5
638.2062 	DATA 	Keypress: 5
638.9586 	DATA 	Keypress: 5
639.7496 	DATA 	Keypress: 5
640.5009 	DATA 	Keypress: 5
641.2916 	DATA 	Keypress: 5
642.0815 	DATA 	Keypress: 5
642.8318 	DATA 	Keypress: 5
643.6225 	DATA 	Keypress: 5
644.4193 	DATA 	Keypress: 5
645.1662 	DATA 	Keypress: 5
645.9588 	DATA 	Keypress: 5
646.7497 	DATA 	Keypress: 5
647.5426 	DATA 	Keypress: 5
648.2959 	DATA 	Keypress: 5
649.0787 	DATA 	Keypress: 5
649.8746 	DATA 	Keypress: 5
650.6224 	DATA 	Keypress: 5
651.4165 	DATA 	Keypress: 5
652.2097 	DATA 	Keypress: 5
652.9607 	DATA 	Keypress: 5
653.7538 	DATA 	Keypress: 5
654.5370 	DATA 	Keypress: 5
655.2903 	DATA 	Keypress: 5
656.0839 	DATA 	Keypress: 5
656.8741 	DATA 	Keypress: 5
657.6229 	DATA 	Keypress: 5
658.4193 	DATA 	Keypress: 5
659.2090 	DATA 	Keypress: 5
659.9577 	DATA 	Keypress: 5
660.7471 	DATA 	Keypress: 5
661.5414 	DATA 	Keypress: 5
662.2886 	DATA 	Keypress: 5
663.0813 	DATA 	Keypress: 5
663.8725 	DATA 	Keypress: 5
664.6238 	DATA 	Keypress: 5
665.4156 	DATA 	Keypress: 5
666.2086 	DATA 	Keypress: 5
666.9590 	DATA 	Keypress: 5
667.7497 	DATA 	Keypress: 5
668.5405 	DATA 	Keypress: 5
669.2882 	DATA 	Keypress: 5
670.0827 	DATA 	Keypress: 5
670.8755 	DATA 	Keypress: 5
671.6265 	DATA 	Keypress: 5
672.4178 	DATA 	Keypress: 5
673.2078 	DATA 	Keypress: 5
673.9617 	DATA 	Keypress: 5
674.7535 	DATA 	Keypress: 5
675.5423 	DATA 	Keypress: 5
676.2922 	DATA 	Keypress: 5
677.0832 	DATA 	Keypress: 5
677.8744 	DATA 	Keypress: 5
678.6257 	DATA 	Keypress: 5
679.4196 	DATA 	Keypress: 5
680.2082 	DATA 	Keypress: 5
680.9629 	DATA 	Keypress: 5
681.7537 	DATA 	Keypress: 5
682.5417 	DATA 	Keypress: 5
683.2925 	DATA 	Keypress: 5
684.0837 	DATA 	Keypress: 5
684.8765 	DATA 	Keypress: 5
685.6278 	DATA 	Keypress: 5
686.4182 	DATA 	Keypress: 5
687.2093 	DATA 	Keypress: 5
687.9596 	DATA 	Keypress: 5
688.7515 	DATA 	Keypress: 5
689.5453 	DATA 	Keypress: 5
690.3362 	DATA 	Keypress: 5
691.0877 	DATA 	Keypress: 5
691.8746 	DATA 	Keypress: 5
692.6292 	DATA 	Keypress: 5
693.4210 	DATA 	Keypress: 5
694.2145 	DATA 	Keypress: 5
694.9625 	DATA 	Keypress: 5
695.7535 	DATA 	Keypress: 5
696.5455 	DATA 	Keypress: 5
697.2941 	DATA 	Keypress: 5
698.0827 	DATA 	Keypress: 5
698.8812 	DATA 	Keypress: 5
699.6290 	DATA 	Keypress: 5
700.4166 	DATA 	Keypress: 5
701.2085 	DATA 	Keypress: 5
702.0070 	DATA 	Keypress: 5
702.7500 	DATA 	Keypress: 5
703.5468 	DATA 	Keypress: 5
704.2973 	DATA 	Keypress: 5
705.0845 	DATA 	Keypress: 5
705.8779 	DATA 	Keypress: 5
706.6685 	DATA 	Keypress: 5
707.4176 	DATA 	Keypress: 5
708.2138 	DATA 	Keypress: 5
709.0007 	DATA 	Keypress: 5
709.7538 	DATA 	Keypress: 5
710.5413 	DATA 	Keypress: 5
711.3330 	DATA 	Keypress: 5
712.0843 	DATA 	Keypress: 5
712.8770 	DATA 	Keypress: 5
713.6735 	DATA 	Keypress: 5
714.4219 	DATA 	Keypress: 5
715.2087 	DATA 	Keypress: 5
716.0029 	DATA 	Keypress: 5
716.7541 	DATA 	Keypress: 5
717.5430 	DATA 	Keypress: 5
718.3355 	DATA 	Keypress: 5
719.0882 	DATA 	Keypress: 5
719.8757 	DATA 	Keypress: 5
720.6726 	DATA 	Keypress: 5
721.4190 	DATA 	Keypress: 5
722.2100 	DATA 	Keypress: 5
723.0025 	DATA 	Keypress: 5
723.7509 	DATA 	Keypress: 5
724.5414 	DATA 	Keypress: 5
725.3391 	DATA 	Keypress: 5
726.0834 	DATA 	Keypress: 5
726.8764 	DATA 	Keypress: 5
727.6704 	DATA 	Keypress: 5
728.4182 	DATA 	Keypress: 5
729.2105 	DATA 	Keypress: 5
730.0040 	DATA 	Keypress: 5
730.7561 	DATA 	Keypress: 5
731.5454 	DATA 	Keypress: 5
732.3355 	DATA 	Keypress: 5
733.0869 	DATA 	Keypress: 5
733.8784 	DATA 	Keypress: 5
734.6704 	DATA 	Keypress: 5
735.4185 	DATA 	Keypress: 5
736.2120 	DATA 	Keypress: 5
737.0071 	DATA 	Keypress: 5
737.7543 	DATA 	Keypress: 5
738.5461 	DATA 	Keypress: 5
739.3366 	DATA 	Keypress: 5
740.0910 	DATA 	Keypress: 5
740.8784 	DATA 	Keypress: 5
741.6713 	DATA 	Keypress: 5
742.4208 	DATA 	Keypress: 5
743.2132 	DATA 	Keypress: 5
744.0052 	DATA 	Keypress: 5
744.7544 	DATA 	Keypress: 5
745.5467 	DATA 	Keypress: 5
746.3362 	DATA 	Keypress: 5
747.0914 	DATA 	Keypress: 5
747.8793 	DATA 	Keypress: 5
748.6689 	DATA 	Keypress: 5
749.4590 	DATA 	Keypress: 5
750.2144 	DATA 	Keypress: 5
751.0052 	DATA 	Keypress: 5
751.7937 	DATA 	Keypress: 5
752.5461 	DATA 	Keypress: 5
753.3349 	DATA 	Keypress: 5
754.1309 	DATA 	Keypress: 5
754.8758 	DATA 	Keypress: 5
755.6697 	DATA 	Keypress: 5
756.4603 	DATA 	Keypress: 5
757.2150 	DATA 	Keypress: 5
758.0010 	DATA 	Keypress: 5
758.7968 	DATA 	Keypress: 5
759.5466 	DATA 	Keypress: 5
760.3348 	DATA 	Keypress: 5
761.1277 	DATA 	Keypress: 5
761.8785 	DATA 	Keypress: 5
762.6696 	DATA 	Keypress: 5
763.4618 	DATA 	Keypress: 5
764.2122 	DATA 	Keypress: 5
765.0031 	DATA 	Keypress: 5
765.7937 	DATA 	Keypress: 5
766.5487 	DATA 	Keypress: 5
767.3368 	DATA 	Keypress: 5
768.1280 	DATA 	Keypress: 5
768.8833 	DATA 	Keypress: 5
769.6704 	DATA 	Keypress: 5
770.4608 	DATA 	Keypress: 5
771.2129 	DATA 	Keypress: 5
772.0047 	DATA 	Keypress: 5
772.7935 	DATA 	Keypress: 5
773.5475 	DATA 	Keypress: 5
774.3386 	DATA 	Keypress: 5
775.1311 	DATA 	Keypress: 5
775.8794 	DATA 	Keypress: 5
776.6736 	DATA 	Keypress: 5
777.4646 	DATA 	Keypress: 5
778.2143 	DATA 	Keypress: 5
779.0073 	DATA 	Keypress: 5
779.7994 	DATA 	Keypress: 5
780.5483 	DATA 	Keypress: 5
781.3394 	DATA 	Keypress: 5
782.1315 	DATA 	Keypress: 5
782.8850 	DATA 	Keypress: 5
783.6757 	DATA 	Keypress: 5
784.4693 	DATA 	Keypress: 5
785.2147 	DATA 	Keypress: 5
786.0091 	DATA 	Keypress: 5
786.7974 	DATA 	Keypress: 5
787.5472 	DATA 	Keypress: 5
788.3366 	DATA 	Keypress: 5
789.1321 	DATA 	Keypress: 5
789.8849 	DATA 	Keypress: 5
790.6720 	DATA 	Keypress: 5
791.4639 	DATA 	Keypress: 5
792.2143 	DATA 	Keypress: 5
793.0081 	DATA 	Keypress: 5
793.7943 	DATA 	Keypress: 5
794.5887 	DATA 	Keypress: 5
795.3422 	DATA 	Keypress: 5
796.1323 	DATA 	Keypress: 5
796.9230 	DATA 	Keypress: 5
797.6738 	DATA 	Keypress: 5
798.4679 	DATA 	Keypress: 5
799.2558 	DATA 	Keypress: 5
800.0086 	DATA 	Keypress: 5
800.7938 	DATA 	Keypress: 5
801.5890 	DATA 	Keypress: 5
802.3431 	DATA 	Keypress: 5
803.1288 	DATA 	Keypress: 5
803.9278 	DATA 	Keypress: 5
804.6723 	DATA 	Keypress: 5
805.4630 	DATA 	Keypress: 5
806.2593 	DATA 	Keypress: 5
807.0071 	DATA 	Keypress: 5
807.8026 	DATA 	Keypress: 5
808.5883 	DATA 	Keypress: 5
809.3381 	DATA 	Keypress: 5
810.1277 	DATA 	Keypress: 5
810.9221 	DATA 	Keypress: 5
811.6713 	DATA 	Keypress: 5
812.4631 	DATA 	Keypress: 5
813.2545 	DATA 	Keypress: 5
814.0055 	DATA 	Keypress: 5
814.7979 	DATA 	Keypress: 5
815.5906 	DATA 	Keypress: 5
816.3384 	DATA 	Keypress: 5
817.1311 	DATA 	Keypress: 5
817.9224 	DATA 	Keypress: 5
818.6757 	DATA 	Keypress: 5
819.4654 	DATA 	Keypress: 5
820.2589 	DATA 	Keypress: 5
821.0037 	DATA 	Keypress: 5
821.7995 	DATA 	Keypress: 5
822.5879 	DATA 	Keypress: 5
823.3393 	DATA 	Keypress: 5
824.1320 	DATA 	Keypress: 5
824.9220 	DATA 	Keypress: 5
825.6732 	DATA 	Keypress: 5
826.4671 	DATA 	Keypress: 5
827.2550 	DATA 	Keypress: 5
828.0098 	DATA 	Keypress: 5
828.8020 	DATA 	Keypress: 5
829.5880 	DATA 	Keypress: 5
830.3398 	DATA 	Keypress: 5
831.1358 	DATA 	Keypress: 5
831.9243 	DATA 	Keypress: 5
832.6730 	DATA 	Keypress: 5
833.4680 	DATA 	Keypress: 5
834.2575 	DATA 	Keypress: 5
835.0068 	DATA 	Keypress: 5
835.8018 	DATA 	Keypress: 5
836.5898 	DATA 	Keypress: 5
837.3394 	DATA 	Keypress: 5
838.1319 	DATA 	Keypress: 5
838.9249 	DATA 	Keypress: 5
839.6769 	DATA 	Keypress: 5
840.4625 	DATA 	Keypress: 5
841.2576 	DATA 	Keypress: 5
842.0083 	DATA 	Keypress: 5
842.7993 	DATA 	Keypress: 5
843.5885 	DATA 	Keypress: 5
844.3445 	DATA 	Keypress: 5
845.1385 	DATA 	Keypress: 5
845.9260 	DATA 	Keypress: 5
846.6775 	DATA 	Keypress: 5
847.4688 	DATA 	Keypress: 5
848.2559 	DATA 	Keypress: 5
849.0519 	DATA 	Keypress: 5
849.8013 	DATA 	Keypress: 5
850.5874 	DATA 	Keypress: 5
851.3823 	DATA 	Keypress: 5
852.1380 	DATA 	Keypress: 5
852.9262 	DATA 	Keypress: 5
853.7168 	DATA 	Keypress: 5
854.4655 	DATA 	Keypress: 5
855.2562 	DATA 	Keypress: 5
856.0486 	DATA 	Keypress: 5
856.7970 	DATA 	Keypress: 5
857.5910 	DATA 	Keypress: 5
858.3823 	DATA 	Keypress: 5
859.1329 	DATA 	Keypress: 5
859.9244 	DATA 	Keypress: 5
860.7169 	DATA 	Keypress: 5
861.4658 	DATA 	Keypress: 5
862.2625 	DATA 	Keypress: 5
863.0516 	DATA 	Keypress: 5
863.8016 	DATA 	Keypress: 5
864.5944 	DATA 	Keypress: 5
865.3837 	DATA 	Keypress: 5
866.1336 	DATA 	Keypress: 5
866.9299 	DATA 	Keypress: 5
867.7188 	DATA 	Keypress: 5
868.4661 	DATA 	Keypress: 5
869.2597 	DATA 	Keypress: 5
870.0546 	DATA 	Keypress: 5
870.8001 	DATA 	Keypress: 5
871.5959 	DATA 	Keypress: 5
872.3833 	DATA 	Keypress: 5
873.1349 	DATA 	Keypress: 5
873.9262 	DATA 	Keypress: 5
874.7181 	DATA 	Keypress: 5
875.4683 	DATA 	Keypress: 5
876.2611 	DATA 	Keypress: 5
877.0527 	DATA 	Keypress: 5
877.7989 	DATA 	Keypress: 5
878.5914 	DATA 	Keypress: 5
879.3823 	DATA 	Keypress: 5
880.1345 	DATA 	Keypress: 5
880.9300 	DATA 	Keypress: 5
881.7160 	DATA 	Keypress: 5
882.4694 	DATA 	Keypress: 5
883.2608 	DATA 	Keypress: 5
884.0519 	DATA 	Keypress: 5
884.8029 	DATA 	Keypress: 5
885.5911 	DATA 	Keypress: 5
886.3855 	DATA 	Keypress: 5
887.1354 	DATA 	Keypress: 5
887.9259 	DATA 	Keypress: 5
888.7176 	DATA 	Keypress: 5
889.4693 	DATA 	Keypress: 5
890.2568 	DATA 	Keypress: 5
891.0510 	DATA 	Keypress: 5
891.8074 	DATA 	Keypress: 5
892.5941 	DATA 	Keypress: 5
893.3894 	DATA 	Keypress: 5
894.1721 	DATA 	Keypress: 5
894.9243 	DATA 	Keypress: 5
895.7139 	DATA 	Keypress: 5
896.5093 	DATA 	Keypress: 5
897.2634 	DATA 	Keypress: 5
898.0527 	DATA 	Keypress: 5
898.8068 	DATA 	Keypress: 5
899.5931 	DATA 	Keypress: 5
900.3821 	DATA 	Keypress: 5
901.1393 	DATA 	Keypress: 5
901.9261 	DATA 	Keypress: 5
902.7215 	DATA 	Keypress: 5
903.5094 	DATA 	Keypress: 5
904.2607 	DATA 	Keypress: 5
905.0552 	DATA 	Keypress: 5
905.8442 	DATA 	Keypress: 5
906.5909 	DATA 	Keypress: 5
907.3877 	DATA 	Keypress: 5
908.1746 	DATA 	Keypress: 5
908.9274 	DATA 	Keypress: 5
909.7170 	DATA 	Keypress: 5
910.5113 	DATA 	Keypress: 5
911.2611 	DATA 	Keypress: 5
912.0511 	DATA 	Keypress: 5
912.8434 	DATA 	Keypress: 5
913.5930 	DATA 	Keypress: 5
914.3842 	DATA 	Keypress: 5
915.1816 	DATA 	Keypress: 5
915.9277 	DATA 	Keypress: 5
916.7188 	DATA 	Keypress: 5
917.5109 	DATA 	Keypress: 5
918.2617 	DATA 	Keypress: 5
919.0544 	DATA 	Keypress: 5
919.8441 	DATA 	Keypress: 5
920.5948 	DATA 	Keypress: 5
921.3860 	DATA 	Keypress: 5
922.1786 	DATA 	Keypress: 5
922.9295 	DATA 	Keypress: 5
923.7217 	DATA 	Keypress: 5
924.5116 	DATA 	Keypress: 5
925.2615 	DATA 	Keypress: 5
926.0515 	DATA 	Keypress: 5
926.8484 	DATA 	Keypress: 5
927.5967 	DATA 	Keypress: 5
928.3858 	DATA 	Keypress: 5
929.1782 	DATA 	Keypress: 5
929.9295 	DATA 	Keypress: 5
930.7211 	DATA 	Keypress: 5
933.4705 	DATA 	Keypress: space
933.5080 	EXP 	polygon: autoDraw = False
933.5080 	EXP 	text_3: autoDraw = True
934.7626 	DATA 	Keypress: space
936.5129 	EXP 	text_3: autoDraw = False
936.7970 	EXP 	window1: mouseVisible = True
