21.5962 	EXP 	Created window1 = Window(allowGUI=False, allowStencil=False, args=UNKNOWN, autoLog=True, bitsMode=UNKNOWN, blendMode='avg', color=array([0., 0., 0.]), colorSpace='rgb', fullscr=<method-wrapper '__getattribute__' of attributeSetter object at 0x1349fd710>, gamma=None, kwargs=UNKNOWN, lms=UNKNOWN, monitor=<psychopy.monitors.calibTools.Monitor object at 0x1349ade10>, multiSample=False, name='window1', numSamples=2, pos=[0.0, 0.0], screen=0, size=array([2880, 1800]), stereo=False, units='norm', useFBO=True, useRetina=True, viewOri=0.0, viewPos=None, viewScale=None, waitBlanking=True, winType='pyglet')
21.5963 	EXP 	window1: recordFrameIntervals = False
21.7615 	EXP 	window1: recordFrameIntervals = True
21.9452 	EXP 	window1: recordFrameIntervals = False
21.9954 	EXP 	Created right_handed_instructions = ImageStim(__class__=<class 'psychopy.visual.image.ImageStim'>, autoLog=True, color=array([1., 1., 1.]), colorSpace='rgb', contrast=1.0, depth=0.0, flipHoriz=False, flipVert=False, image=str(...), interpolate=True, mask=None, maskParams=None, name='right_handed_instructions', opacity=1.0, ori=0.0, pos=array([0., 0.]), size=array([1.7, 2. ]), texRes=128, units='norm', win=Window(...))
22.0031 	EXP 	Created left_handed_instructions = ImageStim(__class__=<class 'psychopy.visual.image.ImageStim'>, autoLog=True, color=array([1., 1., 1.]), colorSpace='rgb', contrast=1.0, depth=-1.0, flipHoriz=False, flipVert=False, image='sst_images/Instructions_Scanner_LeftHanded.bmp', interpolate=True, mask=None, maskParams=None, name='left_handed_instructions', opacity=1.0, ori=0.0, pos=array([0., 0.]), size=array([1.7, 2. ]), texRes=128, units='norm', win=Window(...))
22.0756 	EXP 	Created text_2 = TextStim(__class__=<class 'psychopy.visual.text.TextStim'>, alignHoriz='center', alignVert='center', antialias=True, autoLog=True, bold=False, color='white', colorSpace='named', contrast=1.0, depth=0.0, flipHoriz=False, flipVert=False, font='Arial', fontFiles=[], height=0.1, italic=False, languageStyle='LTR', name='text_2', opacity=1.0, ori=0, pos=array([0., 0.]), rgb=array([255., 255., 255.]), text='Waiting for scanner trigger...', units='norm', win=Window(...), wrapWidth=2)
22.0774 	EXP 	Created arrow_key = ImageStim(__class__=<class 'psychopy.visual.image.ImageStim'>, autoLog=True, color=array([1., 1., 1.]), colorSpace='rgb', contrast=1.0, depth=0.0, flipHoriz=False, flipVert=False, image='sin', interpolate=True, mask=None, maskParams=None, name='arrow_key', opacity=1.0, ori=0.0, pos=array([0., 0.]), size=array([1.8, 2. ]), texRes=128, units='norm', win=Window(...))
22.0789 	EXP 	Created stop_arrow = ImageStim(__class__=<class 'psychopy.visual.image.ImageStim'>, autoLog=True, color=array([1., 1., 1.]), colorSpace='rgb', contrast=1.0, depth=-1.0, flipHoriz=False, flipVert=False, image='sin', interpolate=True, mask=None, maskParams=None, name='stop_arrow', opacity=1.0, ori=0.0, pos=array([0., 0.]), size=array([1.7, 2. ]), texRes=128, units='norm', win=Window(...))
22.0876 	EXP 	Created fixation_cross = TextStim(__class__=<class 'psychopy.visual.text.TextStim'>, alignHoriz='center', alignVert='center', antialias=True, autoLog=True, bold=False, color='black', colorSpace='named', contrast=1.0, depth=0.0, flipHoriz=False, flipVert=False, font='Arial', fontFiles=[], height=0.2, italic=False, languageStyle='LTR', name='fixation_cross', opacity=1.0, ori=0, pos=array([0., 0.]), rgb=array([0., 0., 0.]), text='default text', units='norm', win=Window(...), wrapWidth=1)
22.0907 	EXP 	Created final_fixation_cross = TextStim(__class__=<class 'psychopy.visual.text.TextStim'>, alignHoriz='center', alignVert='center', antialias=True, autoLog=True, bold=False, color='white', colorSpace='named', contrast=1.0, depth=0.0, flipHoriz=False, flipVert=False, font='Arial', fontFiles=[], height=0.2, italic=False, languageStyle='LTR', name='final_fixation_cross', opacity=1.0, ori=0, pos=array([0., 0.]), rgb=array([255., 255., 255.]), text='+', units='norm', win=Window(...), wrapWidth=1)
22.0910 	EXP 	Created sequence: random, trialTypes=1, nReps=2, seed=None
22.0912 	EXP 	New trial (rep=0, index=0): None
22.1236 	EXP 	right_handed_instructions: autoDraw = True
28.4347 	DATA 	Keypress: space
28.4620 	EXP 	right_handed_instructions: autoDraw = False
28.4620 	EXP 	left_handed_instructions: autoDraw = False
28.4620 	EXP 	text_2: autoDraw = True
41.7342 	DATA 	Keypress: 5
41.7512 	EXP 	Imported sst_trial_order_1A.csv as conditions, 180 conditions, 6 params
41.7518 	EXP 	Created sequence: sequential, trialTypes=180, nReps=1, seed=None
41.7521 	EXP 	New trial (rep=0, index=0): OrderedDict([('trial_type', 'go'), ('arrow_1', 'sst_images/Left_Arrow.bmp'), ('arrow_2', None), ('corrAns', '1'), ('jitter', 732), ('run_end_fixation', None)])
41.7982 	EXP 	text_2: autoDraw = False
41.7982 	EXP 	arrow_key: image = 'sst_images/Left_Arrow.bmp'
41.7982 	EXP 	stop_arrow: image = None
41.7982 	EXP 	arrow_key: autoDraw = True
42.3995 	DATA 	Keypress: 5
42.7639 	EXP 	arrow_key: autoDraw = False
42.7639 	EXP 	arrow_key: autoDraw = False
42.7639 	EXP 	stop_arrow: autoDraw = False
42.7639 	EXP 	fixation_cross: text = '+'
42.7639 	EXP 	fixation_cross: autoDraw = True
43.0668 	DATA 	Keypress: 5
43.4820 	EXP 	New trial (rep=0, index=1): OrderedDict([('trial_type', 'go'), ('arrow_1', 'sst_images/Right_Arrow.bmp'), ('arrow_2', None), ('corrAns', '2'), ('jitter', 709), ('run_end_fixation', None)])
43.5139 	EXP 	fixation_cross: autoDraw = False
43.5139 	EXP 	fixation_cross: autoDraw = False
43.5139 	EXP 	arrow_key: image = 'sst_images/Right_Arrow.bmp'
43.5139 	EXP 	stop_arrow: image = None
43.5139 	EXP 	arrow_key: autoDraw = True
43.7339 	DATA 	Keypress: 5
44.4006 	DATA 	Keypress: 5
44.4975 	EXP 	arrow_key: autoDraw = False
44.4975 	EXP 	arrow_key: autoDraw = False
44.4975 	EXP 	stop_arrow: autoDraw = False
44.4975 	EXP 	fixation_cross: text = '+'
44.4975 	EXP 	fixation_cross: autoDraw = True
45.0679 	DATA 	Keypress: 5
45.1822 	EXP 	New trial (rep=0, index=2): OrderedDict([('trial_type', 'stop'), ('arrow_1', 'sst_images/Right_Arrow.bmp'), ('arrow_2', 'sst_images/Stop_Arrow.bmp'), ('corrAns', 'none'), ('jitter', 832), ('run_end_fixation', None)])
45.2142 	EXP 	fixation_cross: autoDraw = False
45.2142 	EXP 	fixation_cross: autoDraw = False
45.2142 	EXP 	arrow_key: image = 'sst_images/Right_Arrow.bmp'
45.2142 	EXP 	stop_arrow: image = 'sst_images/Stop_Arrow.bmp'
45.2142 	EXP 	arrow_key: autoDraw = True
45.2478 	EXP 	arrow_key: autoDraw = False
45.2644 	EXP 	stop_arrow: autoDraw = True
45.5807 	EXP 	stop_arrow: autoDraw = False
45.5807 	EXP 	arrow_key: autoDraw = False
45.5807 	EXP 	stop_arrow: autoDraw = False
45.5807 	EXP 	fixation_cross: text = '+'
45.5807 	EXP 	fixation_cross: autoDraw = True
45.7346 	DATA 	Keypress: 5
46.4013 	DATA 	Keypress: 5
47.0490 	EXP 	New trial (rep=0, index=3): OrderedDict([('trial_type', 'go'), ('arrow_1', 'sst_images/Right_Arrow.bmp'), ('arrow_2', None), ('corrAns', '2'), ('jitter', 812), ('run_end_fixation', None)])
47.0709 	DATA 	Keypress: 5
47.0808 	EXP 	fixation_cross: autoDraw = False
47.0808 	EXP 	fixation_cross: autoDraw = False
47.0808 	EXP 	arrow_key: image = 'sst_images/Right_Arrow.bmp'
47.0808 	EXP 	stop_arrow: image = None
47.0808 	EXP 	arrow_key: autoDraw = True
47.7180 	DATA 	Keypress: 5
48.0651 	EXP 	arrow_key: autoDraw = False
48.0651 	EXP 	arrow_key: autoDraw = False
48.0651 	EXP 	stop_arrow: autoDraw = False
48.0651 	EXP 	fixation_cross: text = '+'
48.0651 	EXP 	fixation_cross: autoDraw = True
48.3844 	DATA 	Keypress: 5
48.8661 	EXP 	New trial (rep=0, index=4): OrderedDict([('trial_type', 'go'), ('arrow_1', 'sst_images/Left_Arrow.bmp'), ('arrow_2', None), ('corrAns', '1'), ('jitter', 916), ('run_end_fixation', None)])
48.9097 	EXP 	fixation_cross: autoDraw = False
48.9097 	EXP 	fixation_cross: autoDraw = False
48.9097 	EXP 	arrow_key: image = 'sst_images/Left_Arrow.bmp'
48.9097 	EXP 	stop_arrow: image = None
48.9097 	EXP 	arrow_key: autoDraw = True
49.0516 	DATA 	Keypress: 5
49.7170 	DATA 	Keypress: 5
49.8820 	EXP 	arrow_key: autoDraw = False
49.8820 	EXP 	arrow_key: autoDraw = False
49.8820 	EXP 	stop_arrow: autoDraw = False
49.8820 	EXP 	fixation_cross: text = '+'
49.8820 	EXP 	fixation_cross: autoDraw = True
50.3849 	DATA 	Keypress: 5
50.7827 	EXP 	New trial (rep=0, index=5): OrderedDict([('trial_type', 'stop'), ('arrow_1', 'sst_images/Left_Arrow.bmp'), ('arrow_2', 'sst_images/Stop_Arrow.bmp'), ('corrAns', 'none'), ('jitter', 817), ('run_end_fixation', None)])
50.8334 	EXP 	fixation_cross: autoDraw = False
50.8334 	EXP 	fixation_cross: autoDraw = False
50.8334 	EXP 	arrow_key: image = 'sst_images/Left_Arrow.bmp'
50.8334 	EXP 	stop_arrow: image = 'sst_images/Stop_Arrow.bmp'
50.8334 	EXP 	arrow_key: autoDraw = True
50.8984 	EXP 	arrow_key: autoDraw = False
50.9151 	EXP 	stop_arrow: autoDraw = True
51.0519 	DATA 	Keypress: 5
51.2481 	EXP 	stop_arrow: autoDraw = False
51.2481 	EXP 	arrow_key: autoDraw = False
51.2481 	EXP 	stop_arrow: autoDraw = False
51.2481 	EXP 	fixation_cross: text = '+'
51.2481 	EXP 	fixation_cross: autoDraw = True
51.7186 	DATA 	Keypress: 5
52.6333 	EXP 	New trial (rep=0, index=6): OrderedDict([('trial_type', 'go'), ('arrow_1', 'sst_images/Left_Arrow.bmp'), ('arrow_2', None), ('corrAns', '1'), ('jitter', 1153), ('run_end_fixation', None)])
52.6721 	EXP 	fixation_cross: autoDraw = False
52.6721 	EXP 	fixation_cross: autoDraw = False
52.6721 	EXP 	arrow_key: image = 'sst_images/Left_Arrow.bmp'
52.6721 	EXP 	stop_arrow: image = None
52.6721 	EXP 	arrow_key: autoDraw = True
53.6488 	EXP 	arrow_key: autoDraw = False
53.6488 	EXP 	arrow_key: autoDraw = False
53.6488 	EXP 	stop_arrow: autoDraw = False
53.6488 	EXP 	fixation_cross: text = '+'
53.6488 	EXP 	fixation_cross: autoDraw = True
54.2188 	DATA 	Keypress: escape
54.4854 	EXP 	window1: mouseVisible = True
