5.4755 	WARNING 	User requested fullscreen with size [1440  900], but screen is actually [3840, 2160]. Using actual size
6.4256 	EXP 	Created window1 = Window(allowGUI=False, allowStencil=False, args=UNKNOWN, autoLog=True, bitsMode=UNKNOWN, blendMode='avg', color=array([0., 0., 0.]), colorSpace='rgb', fullscr=<method-wrapper '__getattribute__' of attributeSetter object at 0x1348b1710>, gamma=None, kwargs=UNKNOWN, lms=UNKNOWN, monitor=<psychopy.monitors.calibTools.Monitor object at 0x13483d390>, multiSample=False, name='window1', numSamples=2, pos=[0.0, 0.0], screen=0, size=array([3840, 2160]), stereo=False, units='norm', useFBO=True, useRetina=False, viewOri=0.0, viewPos=None, viewScale=None, waitBlanking=True, winType='pyglet')
6.4256 	EXP 	window1: recordFrameIntervals = False
6.7585 	EXP 	window1: recordFrameIntervals = True
7.1249 	EXP 	window1: recordFrameIntervals = False
7.1768 	EXP 	Created right_handed_instructions = ImageStim(__class__=<class 'psychopy.visual.image.ImageStim'>, autoLog=True, color=array([1., 1., 1.]), colorSpace='rgb', contrast=1.0, depth=0.0, flipHoriz=False, flipVert=False, image=str(...), interpolate=True, mask=None, maskParams=None, name='right_handed_instructions', opacity=1.0, ori=0.0, pos=array([0., 0.]), size=array([1.7, 2. ]), texRes=128, units='norm', win=Window(...))
7.1849 	EXP 	Created left_handed_instructions = ImageStim(__class__=<class 'psychopy.visual.image.ImageStim'>, autoLog=True, color=array([1., 1., 1.]), colorSpace='rgb', contrast=1.0, depth=-1.0, flipHoriz=False, flipVert=False, image='sst_images/Instructions_Scanner_LeftHanded.bmp', interpolate=True, mask=None, maskParams=None, name='left_handed_instructions', opacity=1.0, ori=0.0, pos=array([0., 0.]), size=array([1.7, 2. ]), texRes=128, units='norm', win=Window(...))
7.2637 	EXP 	Created text_2 = TextStim(__class__=<class 'psychopy.visual.text.TextStim'>, alignHoriz='center', alignVert='center', antialias=True, autoLog=True, bold=False, color='white', colorSpace='named', contrast=1.0, depth=0.0, flipHoriz=False, flipVert=False, font='Arial', fontFiles=[], height=0.1, italic=False, languageStyle='LTR', name='text_2', opacity=1.0, ori=0, pos=array([0., 0.]), rgb=array([255., 255., 255.]), text='Waiting for scanner trigger...', units='norm', win=Window(...), wrapWidth=2)
7.2656 	EXP 	Created arrow_key = ImageStim(__class__=<class 'psychopy.visual.image.ImageStim'>, autoLog=True, color=array([1., 1., 1.]), colorSpace='rgb', contrast=1.0, depth=0.0, flipHoriz=False, flipVert=False, image='sin', interpolate=True, mask=None, maskParams=None, name='arrow_key', opacity=1.0, ori=0.0, pos=array([0., 0.]), size=array([1.8, 2. ]), texRes=128, units='norm', win=Window(...))
7.2672 	EXP 	Created stop_arrow = ImageStim(__class__=<class 'psychopy.visual.image.ImageStim'>, autoLog=True, color=array([1., 1., 1.]), colorSpace='rgb', contrast=1.0, depth=-1.0, flipHoriz=False, flipVert=False, image='sin', interpolate=True, mask=None, maskParams=None, name='stop_arrow', opacity=1.0, ori=0.0, pos=array([0., 0.]), size=array([1.7, 2. ]), texRes=128, units='norm', win=Window(...))
7.2806 	EXP 	Created fixation_cross = TextStim(__class__=<class 'psychopy.visual.text.TextStim'>, alignHoriz='center', alignVert='center', antialias=True, autoLog=True, bold=False, color='black', colorSpace='named', contrast=1.0, depth=0.0, flipHoriz=False, flipVert=False, font='Arial', fontFiles=[], height=0.2, italic=False, languageStyle='LTR', name='fixation_cross', opacity=1.0, ori=0, pos=array([0., 0.]), rgb=array([0., 0., 0.]), text='default text', units='norm', win=Window(...), wrapWidth=1)
7.2839 	EXP 	Created final_fixation_cross = TextStim(__class__=<class 'psychopy.visual.text.TextStim'>, alignHoriz='center', alignVert='center', antialias=True, autoLog=True, bold=False, color='white', colorSpace='named', contrast=1.0, depth=0.0, flipHoriz=False, flipVert=False, font='Arial', fontFiles=[], height=0.2, italic=False, languageStyle='LTR', name='final_fixation_cross', opacity=1.0, ori=0, pos=array([0., 0.]), rgb=array([255., 255., 255.]), text='+', units='norm', win=Window(...), wrapWidth=1)
7.2843 	EXP 	Created sequence: random, trialTypes=1, nReps=2, seed=None
7.2846 	EXP 	New trial (rep=0, index=0): None
7.3090 	EXP 	right_handed_instructions: autoDraw = True
17.4940 	DATA 	Keypress: space
17.5256 	EXP 	right_handed_instructions: autoDraw = False
17.5256 	EXP 	left_handed_instructions: autoDraw = False
17.5256 	EXP 	text_2: autoDraw = True
29.2278 	DATA 	Keypress: 5
29.2494 	EXP 	Imported sst_trial_order_1A.csv as conditions, 180 conditions, 6 params
29.2502 	EXP 	Created sequence: sequential, trialTypes=180, nReps=1, seed=None
29.2506 	EXP 	New trial (rep=0, index=0): OrderedDict([('trial_type', 'go'), ('arrow_1', 'sst_images/Left_Arrow.bmp'), ('arrow_2', None), ('corrAns', '1'), ('jitter', 732), ('run_end_fixation', None)])
29.2921 	EXP 	text_2: autoDraw = False
29.2921 	EXP 	arrow_key: image = 'sst_images/Left_Arrow.bmp'
29.2921 	EXP 	stop_arrow: image = None
29.2921 	EXP 	arrow_key: autoDraw = True
29.8943 	DATA 	Keypress: 5
30.2923 	EXP 	arrow_key: autoDraw = False
30.2923 	EXP 	arrow_key: autoDraw = False
30.2923 	EXP 	stop_arrow: autoDraw = False
30.2923 	EXP 	fixation_cross: text = '+'
30.2923 	EXP 	fixation_cross: autoDraw = True
30.3280 	DATA 	Keypress: 1
30.5609 	DATA 	Keypress: 5
30.9939 	EXP 	New trial (rep=0, index=1): OrderedDict([('trial_type', 'go'), ('arrow_1', 'sst_images/Right_Arrow.bmp'), ('arrow_2', None), ('corrAns', '2'), ('jitter', 709), ('run_end_fixation', None)])
31.0424 	EXP 	fixation_cross: autoDraw = False
31.0424 	EXP 	fixation_cross: autoDraw = False
31.0424 	EXP 	arrow_key: image = 'sst_images/Right_Arrow.bmp'
31.0424 	EXP 	stop_arrow: image = None
31.0424 	EXP 	arrow_key: autoDraw = True
31.1963 	DATA 	Keypress: 5
31.8628 	DATA 	Keypress: 1
31.8651 	DATA 	Keypress: 5
31.8919 	EXP 	arrow_key: autoDraw = False
31.8919 	EXP 	stop_arrow: autoDraw = False
31.8919 	EXP 	fixation_cross: text = '+'
31.8919 	EXP 	fixation_cross: autoDraw = True
32.5284 	DATA 	Keypress: 5
32.7609 	EXP 	New trial (rep=0, index=2): OrderedDict([('trial_type', 'stop'), ('arrow_1', 'sst_images/Right_Arrow.bmp'), ('arrow_2', 'sst_images/Stop_Arrow.bmp'), ('corrAns', 'none'), ('jitter', 832), ('run_end_fixation', None)])
32.8144 	EXP 	fixation_cross: autoDraw = False
32.8144 	EXP 	fixation_cross: autoDraw = False
32.8144 	EXP 	arrow_key: image = 'sst_images/Right_Arrow.bmp'
32.8144 	EXP 	stop_arrow: image = 'sst_images/Stop_Arrow.bmp'
32.8144 	EXP 	arrow_key: autoDraw = True
32.8144 	EXP 	arrow_key: autoDraw = False
32.8295 	EXP 	stop_arrow: autoDraw = True
33.1598 	EXP 	stop_arrow: autoDraw = False
33.1598 	EXP 	arrow_key: autoDraw = False
33.1598 	EXP 	stop_arrow: autoDraw = False
33.1598 	EXP 	fixation_cross: text = '+'
33.1598 	EXP 	fixation_cross: autoDraw = True
33.1953 	DATA 	Keypress: 5
33.3615 	DATA 	Keypress: 2
33.8617 	DATA 	Keypress: 5
34.5291 	DATA 	Keypress: 5
34.5938 	EXP 	New trial (rep=0, index=3): OrderedDict([('trial_type', 'go'), ('arrow_1', 'sst_images/Right_Arrow.bmp'), ('arrow_2', None), ('corrAns', '2'), ('jitter', 812), ('run_end_fixation', None)])
34.6339 	EXP 	fixation_cross: autoDraw = False
34.6339 	EXP 	fixation_cross: autoDraw = False
34.6339 	EXP 	arrow_key: image = 'sst_images/Right_Arrow.bmp'
34.6339 	EXP 	stop_arrow: image = None
34.6339 	EXP 	arrow_key: autoDraw = True
34.9963 	DATA 	Keypress: 1
35.0267 	EXP 	arrow_key: autoDraw = False
35.0267 	EXP 	stop_arrow: autoDraw = False
35.0267 	EXP 	fixation_cross: text = '+'
35.0267 	EXP 	fixation_cross: autoDraw = True
35.1966 	DATA 	Keypress: 5
35.8611 	DATA 	Keypress: 5
36.4272 	EXP 	New trial (rep=0, index=4): OrderedDict([('trial_type', 'go'), ('arrow_1', 'sst_images/Left_Arrow.bmp'), ('arrow_2', None), ('corrAns', '1'), ('jitter', 916), ('run_end_fixation', None)])
36.4639 	EXP 	fixation_cross: autoDraw = False
36.4639 	EXP 	fixation_cross: autoDraw = False
36.4639 	EXP 	arrow_key: image = 'sst_images/Left_Arrow.bmp'
36.4639 	EXP 	stop_arrow: image = None
36.4639 	EXP 	arrow_key: autoDraw = True
36.5287 	DATA 	Keypress: 5
36.8617 	DATA 	Keypress: 1
36.8929 	EXP 	arrow_key: autoDraw = False
36.8929 	EXP 	stop_arrow: autoDraw = False
36.8929 	EXP 	fixation_cross: text = '+'
36.8929 	EXP 	fixation_cross: autoDraw = True
37.1961 	DATA 	Keypress: 5
37.8636 	DATA 	Keypress: 5
38.3612 	EXP 	New trial (rep=0, index=5): OrderedDict([('trial_type', 'stop'), ('arrow_1', 'sst_images/Left_Arrow.bmp'), ('arrow_2', 'sst_images/Stop_Arrow.bmp'), ('corrAns', 'none'), ('jitter', 817), ('run_end_fixation', None)])
38.4094 	EXP 	fixation_cross: autoDraw = False
38.4094 	EXP 	fixation_cross: autoDraw = False
38.4094 	EXP 	arrow_key: image = 'sst_images/Left_Arrow.bmp'
38.4094 	EXP 	stop_arrow: image = 'sst_images/Stop_Arrow.bmp'
38.4094 	EXP 	arrow_key: autoDraw = True
38.4934 	EXP 	arrow_key: autoDraw = False
38.5268 	EXP 	stop_arrow: autoDraw = True
38.5301 	DATA 	Keypress: 5
38.7302 	DATA 	Keypress: 2
38.7601 	EXP 	arrow_key: autoDraw = False
38.7601 	EXP 	stop_arrow: autoDraw = False
38.7601 	EXP 	fixation_cross: text = '+'
38.7601 	EXP 	fixation_cross: autoDraw = True
39.1965 	DATA 	Keypress: 5
39.8636 	DATA 	Keypress: 5
40.2280 	EXP 	New trial (rep=0, index=6): OrderedDict([('trial_type', 'go'), ('arrow_1', 'sst_images/Left_Arrow.bmp'), ('arrow_2', None), ('corrAns', '1'), ('jitter', 1153), ('run_end_fixation', None)])
40.2642 	EXP 	fixation_cross: autoDraw = False
40.2642 	EXP 	fixation_cross: autoDraw = False
40.2642 	EXP 	arrow_key: image = 'sst_images/Left_Arrow.bmp'
40.2642 	EXP 	stop_arrow: image = None
40.2642 	EXP 	arrow_key: autoDraw = True
40.5302 	DATA 	Keypress: 5
40.5970 	DATA 	Keypress: 1
40.6266 	EXP 	arrow_key: autoDraw = False
40.6266 	EXP 	stop_arrow: autoDraw = False
40.6266 	EXP 	fixation_cross: text = '+'
40.6266 	EXP 	fixation_cross: autoDraw = True
41.1961 	DATA 	Keypress: 5
41.8639 	DATA 	Keypress: 5
42.3946 	EXP 	New trial (rep=0, index=7): OrderedDict([('trial_type', 'go'), ('arrow_1', 'sst_images/Right_Arrow.bmp'), ('arrow_2', None), ('corrAns', '2'), ('jitter', 1097), ('run_end_fixation', None)])
42.4309 	EXP 	fixation_cross: autoDraw = False
42.4309 	EXP 	fixation_cross: autoDraw = False
42.4309 	EXP 	arrow_key: image = 'sst_images/Right_Arrow.bmp'
42.4309 	EXP 	stop_arrow: image = None
42.4309 	EXP 	arrow_key: autoDraw = True
42.5298 	DATA 	Keypress: 5
42.7637 	DATA 	Keypress: 2
42.7948 	EXP 	arrow_key: autoDraw = False
42.7948 	EXP 	stop_arrow: autoDraw = False
42.7948 	EXP 	fixation_cross: text = '+'
42.7948 	EXP 	fixation_cross: autoDraw = True
43.1660 	DATA 	Keypress: 5
43.8315 	DATA 	Keypress: 5
44.4986 	DATA 	Keypress: 5
44.5303 	EXP 	New trial (rep=0, index=8): OrderedDict([('trial_type', 'go'), ('arrow_1', 'sst_images/Left_Arrow.bmp'), ('arrow_2', None), ('corrAns', '1'), ('jitter', 771), ('run_end_fixation', None)])
44.5683 	EXP 	fixation_cross: autoDraw = False
44.5683 	EXP 	fixation_cross: autoDraw = False
44.5683 	EXP 	arrow_key: image = 'sst_images/Left_Arrow.bmp'
44.5683 	EXP 	stop_arrow: image = None
44.5683 	EXP 	arrow_key: autoDraw = True
44.9966 	DATA 	Keypress: 2
45.0269 	EXP 	arrow_key: autoDraw = False
45.0269 	EXP 	stop_arrow: autoDraw = False
45.0269 	EXP 	fixation_cross: text = '+'
45.0269 	EXP 	fixation_cross: autoDraw = True
45.1635 	DATA 	Keypress: 5
45.8308 	DATA 	Keypress: 5
46.3272 	EXP 	New trial (rep=0, index=9): OrderedDict([('trial_type', 'go'), ('arrow_1', 'sst_images/Right_Arrow.bmp'), ('arrow_2', None), ('corrAns', '2'), ('jitter', 768), ('run_end_fixation', None)])
46.3606 	EXP 	fixation_cross: autoDraw = False
46.3606 	EXP 	fixation_cross: autoDraw = False
46.3606 	EXP 	arrow_key: image = 'sst_images/Right_Arrow.bmp'
46.3606 	EXP 	stop_arrow: image = None
46.3606 	EXP 	arrow_key: autoDraw = True
46.4962 	DATA 	Keypress: 5
46.7638 	DATA 	Keypress: 1
46.7934 	EXP 	arrow_key: autoDraw = False
46.7934 	EXP 	stop_arrow: autoDraw = False
46.7934 	EXP 	fixation_cross: text = '+'
46.7934 	EXP 	fixation_cross: autoDraw = True
47.1636 	DATA 	Keypress: 5
47.8300 	DATA 	Keypress: 5
48.1283 	EXP 	New trial (rep=0, index=10): OrderedDict([('trial_type', 'stop'), ('arrow_1', 'sst_images/Left_Arrow.bmp'), ('arrow_2', 'sst_images/Stop_Arrow.bmp'), ('corrAns', 'none'), ('jitter', 709), ('run_end_fixation', None)])
48.2535 	EXP 	fixation_cross: autoDraw = False
48.2535 	EXP 	fixation_cross: autoDraw = False
48.2535 	EXP 	arrow_key: image = 'sst_images/Left_Arrow.bmp'
48.2535 	EXP 	stop_arrow: image = 'sst_images/Stop_Arrow.bmp'
48.2535 	EXP 	arrow_key: autoDraw = True
48.2535 	EXP 	arrow_key: autoDraw = False
48.2688 	EXP 	stop_arrow: autoDraw = True
48.4971 	DATA 	Keypress: 5
48.5928 	EXP 	stop_arrow: autoDraw = False
48.5928 	EXP 	arrow_key: autoDraw = False
48.5928 	EXP 	stop_arrow: autoDraw = False
48.5928 	EXP 	fixation_cross: text = '+'
48.5928 	EXP 	fixation_cross: autoDraw = True
48.5956 	DATA 	Keypress: 2
49.1640 	DATA 	Keypress: 5
49.8305 	DATA 	Keypress: 5
49.9283 	EXP 	New trial (rep=0, index=11): OrderedDict([('trial_type', 'go'), ('arrow_1', 'sst_images/Right_Arrow.bmp'), ('arrow_2', None), ('corrAns', '2'), ('jitter', 861), ('run_end_fixation', None)])
49.9642 	EXP 	fixation_cross: autoDraw = False
49.9642 	EXP 	fixation_cross: autoDraw = False
49.9642 	EXP 	arrow_key: image = 'sst_images/Right_Arrow.bmp'
49.9642 	EXP 	stop_arrow: image = None
49.9642 	EXP 	arrow_key: autoDraw = True
50.3306 	DATA 	Keypress: 1
50.3622 	EXP 	arrow_key: autoDraw = False
50.3622 	EXP 	stop_arrow: autoDraw = False
50.3622 	EXP 	fixation_cross: text = '+'
50.3622 	EXP 	fixation_cross: autoDraw = True
50.4991 	DATA 	Keypress: 5
51.1655 	DATA 	Keypress: 5
51.8324 	DATA 	Keypress: 5
51.8336 	EXP 	New trial (rep=0, index=12): OrderedDict([('trial_type', 'go'), ('arrow_1', 'sst_images/Left_Arrow.bmp'), ('arrow_2', None), ('corrAns', '1'), ('jitter', 834), ('run_end_fixation', None)])
51.8689 	EXP 	fixation_cross: autoDraw = False
51.8689 	EXP 	fixation_cross: autoDraw = False
51.8689 	EXP 	arrow_key: image = 'sst_images/Left_Arrow.bmp'
51.8689 	EXP 	stop_arrow: image = None
51.8689 	EXP 	arrow_key: autoDraw = True
52.1974 	DATA 	Keypress: 1
52.2273 	EXP 	arrow_key: autoDraw = False
52.2273 	EXP 	stop_arrow: autoDraw = False
52.2273 	EXP 	fixation_cross: text = '+'
52.2273 	EXP 	fixation_cross: autoDraw = True
52.4972 	DATA 	Keypress: 5
53.1642 	DATA 	Keypress: 5
53.6953 	EXP 	New trial (rep=0, index=13): OrderedDict([('trial_type', 'go'), ('arrow_1', 'sst_images/Right_Arrow.bmp'), ('arrow_2', None), ('corrAns', '2'), ('jitter', 830), ('run_end_fixation', None)])
53.7303 	EXP 	fixation_cross: autoDraw = False
53.7303 	EXP 	fixation_cross: autoDraw = False
53.7303 	EXP 	arrow_key: image = 'sst_images/Right_Arrow.bmp'
53.7303 	EXP 	stop_arrow: image = None
53.7303 	EXP 	arrow_key: autoDraw = True
53.8309 	DATA 	Keypress: 5
54.0973 	DATA 	Keypress: 2
54.1273 	EXP 	arrow_key: autoDraw = False
54.1273 	EXP 	stop_arrow: autoDraw = False
54.1273 	EXP 	fixation_cross: text = '+'
54.1273 	EXP 	fixation_cross: autoDraw = True
54.4966 	DATA 	Keypress: 5
55.1637 	DATA 	Keypress: 5
55.5621 	EXP 	New trial (rep=0, index=14): OrderedDict([('trial_type', 'go'), ('arrow_1', 'sst_images/Left_Arrow.bmp'), ('arrow_2', None), ('corrAns', '1'), ('jitter', 1202), ('run_end_fixation', None)])
55.5964 	EXP 	fixation_cross: autoDraw = False
55.5964 	EXP 	fixation_cross: autoDraw = False
55.5964 	EXP 	arrow_key: image = 'sst_images/Left_Arrow.bmp'
55.5964 	EXP 	stop_arrow: image = None
55.5964 	EXP 	arrow_key: autoDraw = True
55.8309 	DATA 	Keypress: 5
55.9309 	DATA 	Keypress: 1
55.9609 	EXP 	arrow_key: autoDraw = False
55.9609 	EXP 	stop_arrow: autoDraw = False
55.9609 	EXP 	fixation_cross: text = '+'
55.9609 	EXP 	fixation_cross: autoDraw = True
56.4974 	DATA 	Keypress: 5
57.1631 	DATA 	Keypress: 5
57.7966 	DATA 	Keypress: 5
57.7974 	EXP 	New trial (rep=0, index=15): OrderedDict([('trial_type', 'stop'), ('arrow_1', 'sst_images/Right_Arrow.bmp'), ('arrow_2', 'sst_images/Stop_Arrow.bmp'), ('corrAns', 'none'), ('jitter', 929), ('run_end_fixation', None)])
57.8353 	DATA 	Keypress: 1
57.8554 	EXP 	fixation_cross: autoDraw = False
57.8554 	EXP 	fixation_cross: autoDraw = False
57.8554 	EXP 	arrow_key: image = 'sst_images/Right_Arrow.bmp'
57.8554 	EXP 	stop_arrow: image = 'sst_images/Stop_Arrow.bmp'
57.8554 	EXP 	arrow_key: autoDraw = True
57.9273 	EXP 	arrow_key: autoDraw = False
57.9606 	EXP 	stop_arrow: autoDraw = True
58.2608 	EXP 	stop_arrow: autoDraw = False
58.2608 	EXP 	arrow_key: autoDraw = False
58.2608 	EXP 	stop_arrow: autoDraw = False
58.2608 	EXP 	fixation_cross: text = '+'
58.2608 	EXP 	fixation_cross: autoDraw = True
58.4634 	DATA 	Keypress: 5
59.1307 	DATA 	Keypress: 5
59.7608 	EXP 	New trial (rep=0, index=16): OrderedDict([('trial_type', 'go'), ('arrow_1', 'sst_images/Left_Arrow.bmp'), ('arrow_2', None), ('corrAns', '1'), ('jitter', 705), ('run_end_fixation', None)])
59.7930 	EXP 	fixation_cross: autoDraw = False
59.7930 	EXP 	fixation_cross: autoDraw = False
59.7930 	EXP 	arrow_key: image = 'sst_images/Left_Arrow.bmp'
59.7930 	EXP 	stop_arrow: image = None
59.7930 	EXP 	arrow_key: autoDraw = True
59.7963 	DATA 	Keypress: 5
60.1643 	DATA 	Keypress: 2
60.1943 	EXP 	arrow_key: autoDraw = False
60.1943 	EXP 	stop_arrow: autoDraw = False
60.1943 	EXP 	fixation_cross: text = '+'
60.1943 	EXP 	fixation_cross: autoDraw = True
60.4632 	DATA 	Keypress: 5
61.1309 	DATA 	Keypress: 5
61.4956 	EXP 	New trial (rep=0, index=17): OrderedDict([('trial_type', 'go'), ('arrow_1', 'sst_images/Left_Arrow.bmp'), ('arrow_2', None), ('corrAns', '1'), ('jitter', 953), ('run_end_fixation', None)])
61.5291 	EXP 	fixation_cross: autoDraw = False
61.5291 	EXP 	fixation_cross: autoDraw = False
61.5291 	EXP 	arrow_key: image = 'sst_images/Left_Arrow.bmp'
61.5291 	EXP 	stop_arrow: image = None
61.5291 	EXP 	arrow_key: autoDraw = True
61.7977 	DATA 	Keypress: 5
61.8644 	DATA 	Keypress: 1
61.8946 	EXP 	arrow_key: autoDraw = False
61.8946 	EXP 	stop_arrow: autoDraw = False
61.8946 	EXP 	fixation_cross: text = '+'
61.8946 	EXP 	fixation_cross: autoDraw = True
62.4641 	DATA 	Keypress: 5
63.1313 	DATA 	Keypress: 5
63.4624 	EXP 	New trial (rep=0, index=18): OrderedDict([('trial_type', 'go'), ('arrow_1', 'sst_images/Right_Arrow.bmp'), ('arrow_2', None), ('corrAns', '2'), ('jitter', 795), ('run_end_fixation', None)])
63.4961 	EXP 	fixation_cross: autoDraw = False
63.4961 	EXP 	fixation_cross: autoDraw = False
63.4961 	EXP 	arrow_key: image = 'sst_images/Right_Arrow.bmp'
63.4961 	EXP 	stop_arrow: image = None
63.4961 	EXP 	arrow_key: autoDraw = True
63.7964 	DATA 	Keypress: 5
63.8302 	DATA 	Keypress: 1
63.8605 	EXP 	arrow_key: autoDraw = False
63.8605 	EXP 	stop_arrow: autoDraw = False
63.8605 	EXP 	fixation_cross: text = '+'
63.8605 	EXP 	fixation_cross: autoDraw = True
64.4647 	DATA 	Keypress: 5
65.1313 	DATA 	Keypress: 5
65.2958 	EXP 	New trial (rep=0, index=19): OrderedDict([('trial_type', 'go'), ('arrow_1', 'sst_images/Left_Arrow.bmp'), ('arrow_2', None), ('corrAns', '1'), ('jitter', 910), ('run_end_fixation', None)])
65.3293 	EXP 	fixation_cross: autoDraw = False
65.3293 	EXP 	fixation_cross: autoDraw = False
65.3293 	EXP 	arrow_key: image = 'sst_images/Left_Arrow.bmp'
65.3293 	EXP 	stop_arrow: image = None
65.3293 	EXP 	arrow_key: autoDraw = True
65.6646 	DATA 	Keypress: 2
65.6947 	EXP 	arrow_key: autoDraw = False
65.6947 	EXP 	stop_arrow: autoDraw = False
65.6947 	EXP 	fixation_cross: text = '+'
65.6947 	EXP 	fixation_cross: autoDraw = True
65.7982 	DATA 	Keypress: 5
66.4644 	DATA 	Keypress: 5
67.1315 	DATA 	Keypress: 5
67.2293 	EXP 	New trial (rep=0, index=20): OrderedDict([('trial_type', 'go'), ('arrow_1', 'sst_images/Left_Arrow.bmp'), ('arrow_2', None), ('corrAns', '1'), ('jitter', 975), ('run_end_fixation', None)])
67.2640 	EXP 	fixation_cross: autoDraw = False
67.2640 	EXP 	fixation_cross: autoDraw = False
67.2640 	EXP 	arrow_key: image = 'sst_images/Left_Arrow.bmp'
67.2640 	EXP 	stop_arrow: image = None
67.2640 	EXP 	arrow_key: autoDraw = True
67.3315 	DATA 	Keypress: 2
67.3630 	EXP 	arrow_key: autoDraw = False
67.3630 	EXP 	stop_arrow: autoDraw = False
67.3630 	EXP 	fixation_cross: text = '+'
67.3630 	EXP 	fixation_cross: autoDraw = True
67.7990 	DATA 	Keypress: 5
68.4660 	DATA 	Keypress: 5
69.1324 	DATA 	Keypress: 5
69.2310 	EXP 	New trial (rep=0, index=21): OrderedDict([('trial_type', 'stop'), ('arrow_1', 'sst_images/Right_Arrow.bmp'), ('arrow_2', 'sst_images/Stop_Arrow.bmp'), ('corrAns', 'none'), ('jitter', 708), ('run_end_fixation', None)])
69.2690 	EXP 	fixation_cross: autoDraw = False
69.2690 	EXP 	fixation_cross: autoDraw = False
69.2690 	EXP 	arrow_key: image = 'sst_images/Right_Arrow.bmp'
69.2690 	EXP 	stop_arrow: image = 'sst_images/Stop_Arrow.bmp'
69.2690 	EXP 	arrow_key: autoDraw = True
69.3949 	EXP 	arrow_key: autoDraw = False
69.4282 	EXP 	stop_arrow: autoDraw = True
69.4648 	DATA 	Keypress: 2
69.4964 	EXP 	arrow_key: autoDraw = False
69.4964 	EXP 	stop_arrow: autoDraw = False
69.4964 	EXP 	fixation_cross: text = '+'
69.4964 	EXP 	fixation_cross: autoDraw = True
69.7995 	DATA 	Keypress: 5
70.4327 	DATA 	Keypress: 5
70.9644 	EXP 	New trial (rep=0, index=22): OrderedDict([('trial_type', 'go'), ('arrow_1', 'sst_images/Right_Arrow.bmp'), ('arrow_2', None), ('corrAns', '2'), ('jitter', 838), ('run_end_fixation', None)])
70.9987 	EXP 	fixation_cross: autoDraw = False
70.9987 	EXP 	fixation_cross: autoDraw = False
70.9987 	EXP 	arrow_key: image = 'sst_images/Right_Arrow.bmp'
70.9987 	EXP 	stop_arrow: image = None
70.9987 	EXP 	arrow_key: autoDraw = True
71.0982 	DATA 	Keypress: 5
71.2643 	DATA 	Keypress: 1
71.2950 	EXP 	arrow_key: autoDraw = False
71.2950 	EXP 	stop_arrow: autoDraw = False
71.2950 	EXP 	fixation_cross: text = '+'
71.2950 	EXP 	fixation_cross: autoDraw = True
71.7645 	DATA 	Keypress: 5
72.4296 	DATA 	Keypress: 5
72.8317 	DATA 	Keypress: 1
72.8329 	EXP 	New trial (rep=0, index=23): OrderedDict([('trial_type', 'go'), ('arrow_1', 'sst_images/Left_Arrow.bmp'), ('arrow_2', None), ('corrAns', '1'), ('jitter', 794), ('run_end_fixation', None)])
72.8692 	EXP 	fixation_cross: autoDraw = False
72.8692 	EXP 	fixation_cross: autoDraw = False
72.8692 	EXP 	arrow_key: image = 'sst_images/Left_Arrow.bmp'
72.8692 	EXP 	stop_arrow: image = None
72.8692 	EXP 	arrow_key: autoDraw = True
73.0975 	DATA 	Keypress: 5
73.7647 	DATA 	Keypress: 5
73.8615 	EXP 	arrow_key: autoDraw = False
73.8615 	EXP 	arrow_key: autoDraw = False
73.8615 	EXP 	stop_arrow: autoDraw = False
73.8615 	EXP 	fixation_cross: text = '+'
73.8615 	EXP 	fixation_cross: autoDraw = True
74.4298 	DATA 	Keypress: 5
74.6286 	EXP 	New trial (rep=0, index=24): OrderedDict([('trial_type', 'go'), ('arrow_1', 'sst_images/Right_Arrow.bmp'), ('arrow_2', None), ('corrAns', '2'), ('jitter', 835), ('run_end_fixation', None)])
74.6663 	EXP 	fixation_cross: autoDraw = False
74.6663 	EXP 	fixation_cross: autoDraw = False
74.6663 	EXP 	arrow_key: image = 'sst_images/Right_Arrow.bmp'
74.6663 	EXP 	stop_arrow: image = None
74.6663 	EXP 	arrow_key: autoDraw = True
75.0308 	DATA 	Keypress: 2
75.0618 	EXP 	arrow_key: autoDraw = False
75.0618 	EXP 	stop_arrow: autoDraw = False
75.0618 	EXP 	fixation_cross: text = '+'
75.0618 	EXP 	fixation_cross: autoDraw = True
75.0985 	DATA 	Keypress: 5
75.7638 	DATA 	Keypress: 5
76.4305 	DATA 	Keypress: 5
76.4955 	EXP 	New trial (rep=0, index=25): OrderedDict([('trial_type', 'go'), ('arrow_1', 'sst_images/Left_Arrow.bmp'), ('arrow_2', None), ('corrAns', '1'), ('jitter', 726), ('run_end_fixation', None)])
76.5308 	EXP 	fixation_cross: autoDraw = False
76.5308 	EXP 	fixation_cross: autoDraw = False
76.5308 	EXP 	arrow_key: image = 'sst_images/Left_Arrow.bmp'
76.5308 	EXP 	stop_arrow: image = None
76.5308 	EXP 	arrow_key: autoDraw = True
76.8964 	DATA 	Keypress: 2
76.9278 	EXP 	arrow_key: autoDraw = False
76.9278 	EXP 	stop_arrow: autoDraw = False
76.9278 	EXP 	fixation_cross: text = '+'
76.9278 	EXP 	fixation_cross: autoDraw = True
77.0972 	DATA 	Keypress: 5
77.7637 	DATA 	Keypress: 5
78.2627 	EXP 	New trial (rep=0, index=26): OrderedDict([('trial_type', 'go'), ('arrow_1', 'sst_images/Right_Arrow.bmp'), ('arrow_2', None), ('corrAns', '2'), ('jitter', 1514), ('run_end_fixation', None)])
78.3102 	EXP 	fixation_cross: autoDraw = False
78.3102 	EXP 	fixation_cross: autoDraw = False
78.3102 	EXP 	arrow_key: image = 'sst_images/Right_Arrow.bmp'
78.3102 	EXP 	stop_arrow: image = None
78.3102 	EXP 	arrow_key: autoDraw = True
78.4306 	DATA 	Keypress: 5
78.8300 	DATA 	Keypress: 1
78.8619 	EXP 	arrow_key: autoDraw = False
78.8619 	EXP 	stop_arrow: autoDraw = False
78.8619 	EXP 	fixation_cross: text = '+'
78.8619 	EXP 	fixation_cross: autoDraw = True
78.8972 	DATA 	Keypress: 2
79.0975 	DATA 	Keypress: 5
79.7654 	DATA 	Keypress: 5
80.4339 	DATA 	Keypress: 5
80.8306 	EXP 	New trial (rep=0, index=27): OrderedDict([('trial_type', 'go'), ('arrow_1', 'sst_images/Right_Arrow.bmp'), ('arrow_2', None), ('corrAns', '2'), ('jitter', 1028), ('run_end_fixation', None)])
80.8811 	EXP 	fixation_cross: autoDraw = False
80.8811 	EXP 	fixation_cross: autoDraw = False
80.8811 	EXP 	arrow_key: image = 'sst_images/Right_Arrow.bmp'
80.8811 	EXP 	stop_arrow: image = None
80.8811 	EXP 	arrow_key: autoDraw = True
81.0965 	DATA 	Keypress: 5
81.2310 	DATA 	Keypress: 1
81.2618 	EXP 	arrow_key: autoDraw = False
81.2618 	EXP 	stop_arrow: autoDraw = False
81.2618 	EXP 	fixation_cross: text = '+'
81.2618 	EXP 	fixation_cross: autoDraw = True
81.9641 	DATA 	Keypress: space
82.8950 	EXP 	New trial (rep=0, index=28): OrderedDict([('trial_type', 'go'), ('arrow_1', 'sst_images/Left_Arrow.bmp'), ('arrow_2', None), ('corrAns', '1'), ('jitter', 849), ('run_end_fixation', None)])
82.9453 	EXP 	fixation_cross: autoDraw = False
82.9453 	EXP 	fixation_cross: autoDraw = False
82.9453 	EXP 	arrow_key: image = 'sst_images/Left_Arrow.bmp'
82.9453 	EXP 	stop_arrow: image = None
82.9453 	EXP 	arrow_key: autoDraw = True
83.2965 	DATA 	Keypress: 2
83.3289 	EXP 	arrow_key: autoDraw = False
83.3289 	EXP 	stop_arrow: autoDraw = False
83.3289 	EXP 	fixation_cross: text = '+'
83.3289 	EXP 	fixation_cross: autoDraw = True
83.9982 	DATA 	Keypress: escape
84.2743 	EXP 	window1: mouseVisible = True
