12.1188 	WARNING 	User requested fullscreen with size [1440  900], but screen is actually [1920, 1080]. Using actual size
12.6687 	EXP 	Created window1 = Window(allowGUI=False, allowStencil=False, args=UNKNOWN, autoLog=True, bitsMode=UNKNOWN, blendMode='avg', color=array([0., 0., 0.]), colorSpace='rgb', fullscr=<method-wrapper '__getattribute__' of attributeSetter object at 0x132775c18>, gamma=None, kwargs=UNKNOWN, lms=UNKNOWN, monitor=<psychopy.monitors.calibTools.Monitor object at 0x133fbdfd0>, multiSample=False, name='window1', numSamples=2, pos=[0.0, 0.0], screen=0, size=array([1920, 1080]), stereo=False, units='norm', useFBO=True, useRetina=False, viewOri=0.0, viewPos=None, viewScale=None, waitBlanking=True, winType='pyglet')
12.6688 	EXP 	window1: recordFrameIntervals = False
12.8345 	EXP 	window1: recordFrameIntervals = True
13.0185 	EXP 	window1: recordFrameIntervals = False
13.4520 	EXP 	Created right_handed_instructions = ImageStim(__class__=<class 'psychopy.visual.image.ImageStim'>, autoLog=True, color=array([1., 1., 1.]), colorSpace='rgb', contrast=1.0, depth=0.0, flipHoriz=False, flipVert=False, image=str(...), interpolate=True, mask=None, maskParams=None, name='right_handed_instructions', opacity=1.0, ori=0.0, pos=array([0., 0.]), size=array([1.7, 2. ]), texRes=128, units='norm', win=Window(...))
13.4592 	EXP 	Created left_handed_instructions = ImageStim(__class__=<class 'psychopy.visual.image.ImageStim'>, autoLog=True, color=array([1., 1., 1.]), colorSpace='rgb', contrast=1.0, depth=-1.0, flipHoriz=False, flipVert=False, image='sst_images/Instructions_Scanner_LeftHanded.bmp', interpolate=True, mask=None, maskParams=None, name='left_handed_instructions', opacity=1.0, ori=0.0, pos=array([0., 0.]), size=array([1.7, 2. ]), texRes=128, units='norm', win=Window(...))
13.4609 	EXP 	Created arrow_key = ImageStim(__class__=<class 'psychopy.visual.image.ImageStim'>, autoLog=True, color=array([1., 1., 1.]), colorSpace='rgb', contrast=1.0, depth=0.0, flipHoriz=False, flipVert=False, image='sin', interpolate=True, mask=None, maskParams=None, name='arrow_key', opacity=1.0, ori=0.0, pos=array([0., 0.]), size=array([1.8, 2. ]), texRes=128, units='norm', win=Window(...))
13.4624 	EXP 	Created stop_arrow = ImageStim(__class__=<class 'psychopy.visual.image.ImageStim'>, autoLog=True, color=array([1., 1., 1.]), colorSpace='rgb', contrast=1.0, depth=-1.0, flipHoriz=False, flipVert=False, image='sin', interpolate=True, mask=None, maskParams=None, name='stop_arrow', opacity=1.0, ori=0.0, pos=array([0., 0.]), size=array([1.7, 2. ]), texRes=128, units='norm', win=Window(...))
13.5289 	EXP 	Created fixation_cross = TextStim(__class__=<class 'psychopy.visual.text.TextStim'>, alignHoriz='center', alignVert='center', antialias=True, autoLog=True, bold=False, color='black', colorSpace='named', contrast=1.0, depth=0.0, flipHoriz=False, flipVert=False, font='Arial', fontFiles=[], height=0.2, italic=False, languageStyle='LTR', name='fixation_cross', opacity=1.0, ori=0, pos=array([0., 0.]), rgb=array([0., 0., 0.]), text='default text', units='norm', win=Window(...), wrapWidth=1)
13.5320 	EXP 	Created final_fixation_cross = TextStim(__class__=<class 'psychopy.visual.text.TextStim'>, alignHoriz='center', alignVert='center', antialias=True, autoLog=True, bold=False, color='white', colorSpace='named', contrast=1.0, depth=0.0, flipHoriz=False, flipVert=False, font='Arial', fontFiles=[], height=0.2, italic=False, languageStyle='LTR', name='final_fixation_cross', opacity=1.0, ori=0, pos=array([0., 0.]), rgb=array([255., 255., 255.]), text='+', units='norm', win=Window(...), wrapWidth=1)
13.5469 	EXP 	right_handed_instructions: autoDraw = True
49.0742 	DATA 	Keypress: 1
51.6560 	DATA 	Keypress: 2
126.7823 	DATA 	Keypress: 5
126.7901 	EXP 	Imported sst_trial_order_practice.csv as conditions, 25 conditions, 6 params
126.7904 	EXP 	Created sequence: sequential, trialTypes=25, nReps=1, seed=None
126.7907 	EXP 	New trial (rep=0, index=0): OrderedDict([('trial_type', 'go'), ('arrow_1', 'sst_images/Left_Arrow.BMP'), ('arrow_2', None), ('corrAns', '1'), ('jitter', 955), ('run_end_fixation', None)])
126.8247 	EXP 	right_handed_instructions: autoDraw = False
126.8247 	EXP 	left_handed_instructions: autoDraw = False
126.8247 	EXP 	arrow_key: image = 'sst_images/Left_Arrow.BMP'
126.8247 	EXP 	stop_arrow: image = None
126.8247 	EXP 	arrow_key: autoDraw = True
127.4435 	DATA 	Keypress: 1
127.4588 	EXP 	arrow_key: autoDraw = False
127.4588 	EXP 	stop_arrow: autoDraw = False
127.4588 	EXP 	fixation_cross: text = '+'
127.4588 	EXP 	fixation_cross: autoDraw = True
128.7765 	EXP 	New trial (rep=0, index=1): OrderedDict([('trial_type', 'go'), ('arrow_1', 'sst_images/Right_Arrow.BMP'), ('arrow_2', None), ('corrAns', '2'), ('jitter', 925), ('run_end_fixation', None)])
128.7914 	EXP 	fixation_cross: autoDraw = False
128.7914 	EXP 	fixation_cross: autoDraw = False
128.7914 	EXP 	arrow_key: image = 'sst_images/Right_Arrow.BMP'
128.7914 	EXP 	stop_arrow: image = None
128.7914 	EXP 	arrow_key: autoDraw = True
129.1297 	DATA 	Keypress: 2
129.1416 	EXP 	arrow_key: autoDraw = False
129.1416 	EXP 	stop_arrow: autoDraw = False
129.1416 	EXP 	fixation_cross: text = '+'
129.1416 	EXP 	fixation_cross: autoDraw = True
130.7104 	EXP 	New trial (rep=0, index=2): OrderedDict([('trial_type', 'go'), ('arrow_1', 'sst_images/Right_Arrow.BMP'), ('arrow_2', None), ('corrAns', '2'), ('jitter', 925), ('run_end_fixation', None)])
130.7419 	EXP 	fixation_cross: autoDraw = False
130.7419 	EXP 	fixation_cross: autoDraw = False
130.7419 	EXP 	arrow_key: image = 'sst_images/Right_Arrow.BMP'
130.7419 	EXP 	stop_arrow: image = None
130.7419 	EXP 	arrow_key: autoDraw = True
131.1943 	DATA 	Keypress: 2
131.2084 	EXP 	arrow_key: autoDraw = False
131.2084 	EXP 	stop_arrow: autoDraw = False
131.2084 	EXP 	fixation_cross: text = '+'
131.2084 	EXP 	fixation_cross: autoDraw = True
132.6605 	EXP 	New trial (rep=0, index=3): OrderedDict([('trial_type', 'go'), ('arrow_1', 'sst_images/Left_Arrow.BMP'), ('arrow_2', None), ('corrAns', '1'), ('jitter', 865), ('run_end_fixation', None)])
132.6918 	EXP 	fixation_cross: autoDraw = False
132.6918 	EXP 	fixation_cross: autoDraw = False
132.6918 	EXP 	arrow_key: image = 'sst_images/Left_Arrow.BMP'
132.6918 	EXP 	stop_arrow: image = None
132.6918 	EXP 	arrow_key: autoDraw = True
133.0443 	DATA 	Keypress: 1
133.0596 	EXP 	arrow_key: autoDraw = False
133.0596 	EXP 	stop_arrow: autoDraw = False
133.0596 	EXP 	fixation_cross: text = '+'
133.0596 	EXP 	fixation_cross: autoDraw = True
134.5604 	EXP 	New trial (rep=0, index=4): OrderedDict([('trial_type', 'go'), ('arrow_1', 'sst_images/Left_Arrow.BMP'), ('arrow_2', None), ('corrAns', '1'), ('jitter', 1045), ('run_end_fixation', None)])
134.5921 	EXP 	fixation_cross: autoDraw = False
134.5921 	EXP 	fixation_cross: autoDraw = False
134.5921 	EXP 	arrow_key: image = 'sst_images/Left_Arrow.BMP'
134.5921 	EXP 	stop_arrow: image = None
134.5921 	EXP 	arrow_key: autoDraw = True
135.0775 	DATA 	Keypress: 1
135.0923 	EXP 	arrow_key: autoDraw = False
135.0923 	EXP 	stop_arrow: autoDraw = False
135.0923 	EXP 	fixation_cross: text = '+'
135.0923 	EXP 	fixation_cross: autoDraw = True
136.6271 	EXP 	New trial (rep=0, index=5): OrderedDict([('trial_type', 'stop'), ('arrow_1', 'sst_images/Right_Arrow.BMP'), ('arrow_2', 'sst_images/Stop_Arrow.BMP'), ('corrAns', 'none'), ('jitter', 790), ('run_end_fixation', None)])
136.6616 	EXP 	fixation_cross: autoDraw = False
136.6616 	EXP 	fixation_cross: autoDraw = False
136.6616 	EXP 	arrow_key: image = 'sst_images/Right_Arrow.BMP'
136.6616 	EXP 	stop_arrow: image = 'sst_images/Stop_Arrow.BMP'
136.6616 	EXP 	arrow_key: autoDraw = True
136.7097 	EXP 	arrow_key: autoDraw = False
136.7259 	EXP 	stop_arrow: autoDraw = True
136.9437 	DATA 	Keypress: 2
136.9594 	EXP 	arrow_key: autoDraw = False
136.9594 	EXP 	stop_arrow: autoDraw = False
136.9594 	EXP 	fixation_cross: text = '+'
136.9594 	EXP 	fixation_cross: autoDraw = True
138.4445 	EXP 	New trial (rep=0, index=6): OrderedDict([('trial_type', 'go'), ('arrow_1', 'sst_images/Right_Arrow.BMP'), ('arrow_2', None), ('corrAns', '2'), ('jitter', 745), ('run_end_fixation', None)])
138.4759 	EXP 	fixation_cross: autoDraw = False
138.4759 	EXP 	fixation_cross: autoDraw = False
138.4759 	EXP 	arrow_key: image = 'sst_images/Right_Arrow.BMP'
138.4759 	EXP 	stop_arrow: image = None
138.4759 	EXP 	arrow_key: autoDraw = True
138.9946 	DATA 	Keypress: 2
139.0092 	EXP 	arrow_key: autoDraw = False
139.0092 	EXP 	stop_arrow: autoDraw = False
139.0092 	EXP 	fixation_cross: text = '+'
139.0092 	EXP 	fixation_cross: autoDraw = True
140.2276 	EXP 	New trial (rep=0, index=7): OrderedDict([('trial_type', 'go'), ('arrow_1', 'sst_images/Left_Arrow.BMP'), ('arrow_2', None), ('corrAns', '1'), ('jitter', 820), ('run_end_fixation', None)])
140.2596 	EXP 	fixation_cross: autoDraw = False
140.2596 	EXP 	fixation_cross: autoDraw = False
140.2596 	EXP 	arrow_key: image = 'sst_images/Left_Arrow.BMP'
140.2596 	EXP 	stop_arrow: image = None
140.2596 	EXP 	arrow_key: autoDraw = True
140.6936 	DATA 	Keypress: 1
140.7095 	EXP 	arrow_key: autoDraw = False
140.7095 	EXP 	stop_arrow: autoDraw = False
140.7095 	EXP 	fixation_cross: text = '+'
140.7095 	EXP 	fixation_cross: autoDraw = True
142.0779 	EXP 	New trial (rep=0, index=8): OrderedDict([('trial_type', 'go'), ('arrow_1', 'sst_images/Right_Arrow.BMP'), ('arrow_2', None), ('corrAns', '2'), ('jitter', 1090), ('run_end_fixation', None)])
142.1099 	EXP 	fixation_cross: autoDraw = False
142.1099 	EXP 	fixation_cross: autoDraw = False
142.1099 	EXP 	arrow_key: image = 'sst_images/Right_Arrow.BMP'
142.1099 	EXP 	stop_arrow: image = None
142.1099 	EXP 	arrow_key: autoDraw = True
142.4612 	DATA 	Keypress: 2
142.4766 	EXP 	arrow_key: autoDraw = False
142.4766 	EXP 	stop_arrow: autoDraw = False
142.4766 	EXP 	fixation_cross: text = '+'
142.4766 	EXP 	fixation_cross: autoDraw = True
144.1944 	EXP 	New trial (rep=0, index=9): OrderedDict([('trial_type', 'go'), ('arrow_1', 'sst_images/Right_Arrow.BMP'), ('arrow_2', None), ('corrAns', '2'), ('jitter', 700), ('run_end_fixation', None)])
144.2262 	EXP 	fixation_cross: autoDraw = False
144.2262 	EXP 	fixation_cross: autoDraw = False
144.2262 	EXP 	arrow_key: image = 'sst_images/Right_Arrow.BMP'
144.2262 	EXP 	stop_arrow: image = None
144.2262 	EXP 	arrow_key: autoDraw = True
144.6785 	DATA 	Keypress: 2
144.6925 	EXP 	arrow_key: autoDraw = False
144.6925 	EXP 	stop_arrow: autoDraw = False
144.6925 	EXP 	fixation_cross: text = '+'
144.6925 	EXP 	fixation_cross: autoDraw = True
145.9278 	EXP 	New trial (rep=0, index=10): OrderedDict([('trial_type', 'go'), ('arrow_1', 'sst_images/Left_Arrow.BMP'), ('arrow_2', None), ('corrAns', '1'), ('jitter', 760), ('run_end_fixation', None)])
145.9596 	EXP 	fixation_cross: autoDraw = False
145.9596 	EXP 	fixation_cross: autoDraw = False
145.9596 	EXP 	arrow_key: image = 'sst_images/Left_Arrow.BMP'
145.9596 	EXP 	stop_arrow: image = None
145.9596 	EXP 	arrow_key: autoDraw = True
146.5300 	DATA 	Keypress: 1
146.5433 	EXP 	arrow_key: autoDraw = False
146.5433 	EXP 	stop_arrow: autoDraw = False
146.5433 	EXP 	fixation_cross: text = '+'
146.5433 	EXP 	fixation_cross: autoDraw = True
147.7112 	EXP 	New trial (rep=0, index=11): OrderedDict([('trial_type', 'stop'), ('arrow_1', 'sst_images/Left_Arrow.BMP'), ('arrow_2', 'sst_images/Stop_Arrow.BMP'), ('corrAns', 'none'), ('jitter', 880), ('run_end_fixation', None)])
147.7599 	EXP 	fixation_cross: autoDraw = False
147.7599 	EXP 	fixation_cross: autoDraw = False
147.7599 	EXP 	arrow_key: image = 'sst_images/Left_Arrow.BMP'
147.7599 	EXP 	stop_arrow: image = 'sst_images/Stop_Arrow.BMP'
147.7599 	EXP 	arrow_key: autoDraw = True
147.7599 	EXP 	arrow_key: autoDraw = False
147.7767 	EXP 	stop_arrow: autoDraw = True
148.0772 	EXP 	stop_arrow: autoDraw = False
148.0772 	EXP 	arrow_key: autoDraw = False
148.0772 	EXP 	stop_arrow: autoDraw = False
148.0772 	EXP 	fixation_cross: text = '+'
148.0772 	EXP 	fixation_cross: autoDraw = True
149.6449 	EXP 	New trial (rep=0, index=12): OrderedDict([('trial_type', 'go'), ('arrow_1', 'sst_images/Right_Arrow.BMP'), ('arrow_2', None), ('corrAns', '2'), ('jitter', 730), ('run_end_fixation', None)])
149.6767 	EXP 	fixation_cross: autoDraw = False
149.6767 	EXP 	fixation_cross: autoDraw = False
149.6767 	EXP 	arrow_key: image = 'sst_images/Right_Arrow.BMP'
149.6767 	EXP 	stop_arrow: image = None
149.6767 	EXP 	arrow_key: autoDraw = True
149.9798 	DATA 	Keypress: 2
149.9930 	EXP 	arrow_key: autoDraw = False
149.9930 	EXP 	stop_arrow: autoDraw = False
149.9930 	EXP 	fixation_cross: text = '+'
149.9930 	EXP 	fixation_cross: autoDraw = True
151.4115 	EXP 	New trial (rep=0, index=13): OrderedDict([('trial_type', 'go'), ('arrow_1', 'sst_images/Left_Arrow.BMP'), ('arrow_2', None), ('corrAns', '1'), ('jitter', 910), ('run_end_fixation', None)])
151.4436 	EXP 	fixation_cross: autoDraw = False
151.4436 	EXP 	fixation_cross: autoDraw = False
151.4436 	EXP 	arrow_key: image = 'sst_images/Left_Arrow.BMP'
151.4436 	EXP 	stop_arrow: image = None
151.4436 	EXP 	arrow_key: autoDraw = True
151.9458 	DATA 	Keypress: 1
151.9605 	EXP 	arrow_key: autoDraw = False
151.9605 	EXP 	stop_arrow: autoDraw = False
151.9605 	EXP 	fixation_cross: text = '+'
151.9605 	EXP 	fixation_cross: autoDraw = True
153.3449 	EXP 	New trial (rep=0, index=14): OrderedDict([('trial_type', 'go'), ('arrow_1', 'sst_images/Left_Arrow.BMP'), ('arrow_2', None), ('corrAns', '1'), ('jitter', 955), ('run_end_fixation', None)])
153.3769 	EXP 	fixation_cross: autoDraw = False
153.3769 	EXP 	fixation_cross: autoDraw = False
153.3769 	EXP 	arrow_key: image = 'sst_images/Left_Arrow.BMP'
153.3769 	EXP 	stop_arrow: image = None
153.3769 	EXP 	arrow_key: autoDraw = True
153.7952 	DATA 	Keypress: 1
153.8098 	EXP 	arrow_key: autoDraw = False
153.8098 	EXP 	stop_arrow: autoDraw = False
153.8098 	EXP 	fixation_cross: text = '+'
153.8098 	EXP 	fixation_cross: autoDraw = True
155.3284 	EXP 	New trial (rep=0, index=15): OrderedDict([('trial_type', 'go'), ('arrow_1', 'sst_images/Left_Arrow.BMP'), ('arrow_2', None), ('corrAns', '1'), ('jitter', 1045), ('run_end_fixation', None)])
155.3604 	EXP 	fixation_cross: autoDraw = False
155.3604 	EXP 	fixation_cross: autoDraw = False
155.3604 	EXP 	arrow_key: image = 'sst_images/Left_Arrow.BMP'
155.3604 	EXP 	stop_arrow: image = None
155.3604 	EXP 	arrow_key: autoDraw = True
155.7115 	DATA 	Keypress: 1
155.7273 	EXP 	arrow_key: autoDraw = False
155.7273 	EXP 	stop_arrow: autoDraw = False
155.7273 	EXP 	fixation_cross: text = '+'
155.7273 	EXP 	fixation_cross: autoDraw = True
157.4104 	EXP 	New trial (rep=0, index=16): OrderedDict([('trial_type', 'go'), ('arrow_1', 'sst_images/Right_Arrow.BMP'), ('arrow_2', None), ('corrAns', '2'), ('jitter', 1045), ('run_end_fixation', None)])
157.4326 	EXP 	fixation_cross: autoDraw = False
157.4326 	EXP 	fixation_cross: autoDraw = False
157.4326 	EXP 	arrow_key: image = 'sst_images/Right_Arrow.BMP'
157.4326 	EXP 	stop_arrow: image = None
157.4326 	EXP 	arrow_key: autoDraw = True
157.8305 	DATA 	Keypress: 2
157.8607 	EXP 	arrow_key: autoDraw = False
157.8607 	EXP 	stop_arrow: autoDraw = False
157.8607 	EXP 	fixation_cross: text = '+'
157.8607 	EXP 	fixation_cross: autoDraw = True
159.4787 	EXP 	New trial (rep=0, index=17): OrderedDict([('trial_type', 'go'), ('arrow_1', 'sst_images/Left_Arrow.BMP'), ('arrow_2', None), ('corrAns', '1'), ('jitter', 985), ('run_end_fixation', None)])
159.5274 	EXP 	fixation_cross: autoDraw = False
159.5274 	EXP 	fixation_cross: autoDraw = False
159.5274 	EXP 	arrow_key: image = 'sst_images/Left_Arrow.BMP'
159.5274 	EXP 	stop_arrow: image = None
159.5274 	EXP 	arrow_key: autoDraw = True
159.9467 	DATA 	Keypress: 1
159.9609 	EXP 	arrow_key: autoDraw = False
159.9609 	EXP 	stop_arrow: autoDraw = False
159.9609 	EXP 	fixation_cross: text = '+'
159.9609 	EXP 	fixation_cross: autoDraw = True
161.5121 	EXP 	New trial (rep=0, index=18): OrderedDict([('trial_type', 'stop'), ('arrow_1', 'sst_images/Left_Arrow.BMP'), ('arrow_2', 'sst_images/Stop_Arrow.BMP'), ('corrAns', 'none'), ('jitter', 760), ('run_end_fixation', None)])
161.5435 	EXP 	fixation_cross: autoDraw = False
161.5435 	EXP 	fixation_cross: autoDraw = False
161.5435 	EXP 	arrow_key: image = 'sst_images/Left_Arrow.BMP'
161.5435 	EXP 	stop_arrow: image = 'sst_images/Stop_Arrow.BMP'
161.5435 	EXP 	arrow_key: autoDraw = True
161.5435 	EXP 	arrow_key: autoDraw = False
161.5611 	EXP 	stop_arrow: autoDraw = True
161.8610 	EXP 	stop_arrow: autoDraw = False
161.8610 	EXP 	arrow_key: autoDraw = False
161.8610 	EXP 	stop_arrow: autoDraw = False
161.8610 	EXP 	fixation_cross: text = '+'
161.8610 	EXP 	fixation_cross: autoDraw = True
163.2957 	EXP 	New trial (rep=0, index=19): OrderedDict([('trial_type', 'go'), ('arrow_1', 'sst_images/Left_Arrow.BMP'), ('arrow_2', None), ('corrAns', '1'), ('jitter', 775), ('run_end_fixation', None)])
163.3275 	EXP 	fixation_cross: autoDraw = False
163.3275 	EXP 	fixation_cross: autoDraw = False
163.3275 	EXP 	arrow_key: image = 'sst_images/Left_Arrow.BMP'
163.3275 	EXP 	stop_arrow: image = None
163.3275 	EXP 	arrow_key: autoDraw = True
163.7791 	DATA 	Keypress: 1
163.7939 	EXP 	arrow_key: autoDraw = False
163.7939 	EXP 	stop_arrow: autoDraw = False
163.7939 	EXP 	fixation_cross: text = '+'
163.7939 	EXP 	fixation_cross: autoDraw = True
165.0956 	EXP 	New trial (rep=0, index=20): OrderedDict([('trial_type', 'go'), ('arrow_1', 'sst_images/Right_Arrow.BMP'), ('arrow_2', None), ('corrAns', '2'), ('jitter', 1015), ('run_end_fixation', None)])
165.1277 	EXP 	fixation_cross: autoDraw = False
165.1277 	EXP 	fixation_cross: autoDraw = False
165.1277 	EXP 	arrow_key: image = 'sst_images/Right_Arrow.BMP'
165.1277 	EXP 	stop_arrow: image = None
165.1277 	EXP 	arrow_key: autoDraw = True
165.5466 	DATA 	Keypress: 2
165.5615 	EXP 	arrow_key: autoDraw = False
165.5615 	EXP 	stop_arrow: autoDraw = False
165.5615 	EXP 	fixation_cross: text = '+'
165.5615 	EXP 	fixation_cross: autoDraw = True
167.1458 	EXP 	New trial (rep=0, index=21): OrderedDict([('trial_type', 'go'), ('arrow_1', 'sst_images/Left_Arrow.BMP'), ('arrow_2', None), ('corrAns', '1'), ('jitter', 760), ('run_end_fixation', None)])
167.1780 	EXP 	fixation_cross: autoDraw = False
167.1780 	EXP 	fixation_cross: autoDraw = False
167.1780 	EXP 	arrow_key: image = 'sst_images/Left_Arrow.BMP'
167.1780 	EXP 	stop_arrow: image = None
167.1780 	EXP 	arrow_key: autoDraw = True
167.5631 	DATA 	Keypress: 1
167.5774 	EXP 	arrow_key: autoDraw = False
167.5774 	EXP 	stop_arrow: autoDraw = False
167.5774 	EXP 	fixation_cross: text = '+'
167.5774 	EXP 	fixation_cross: autoDraw = True
168.9293 	EXP 	New trial (rep=0, index=22): OrderedDict([('trial_type', 'stop'), ('arrow_1', 'sst_images/Right_Arrow.BMP'), ('arrow_2', 'sst_images/Stop_Arrow.BMP'), ('corrAns', 'none'), ('jitter', 985), ('run_end_fixation', None)])
168.9782 	EXP 	fixation_cross: autoDraw = False
168.9782 	EXP 	fixation_cross: autoDraw = False
168.9782 	EXP 	arrow_key: image = 'sst_images/Right_Arrow.BMP'
168.9782 	EXP 	stop_arrow: image = 'sst_images/Stop_Arrow.BMP'
168.9782 	EXP 	arrow_key: autoDraw = True
168.9782 	EXP 	arrow_key: autoDraw = False
168.9948 	EXP 	stop_arrow: autoDraw = True
169.3114 	EXP 	stop_arrow: autoDraw = False
169.3114 	EXP 	arrow_key: autoDraw = False
169.3114 	EXP 	stop_arrow: autoDraw = False
169.3114 	EXP 	fixation_cross: text = '+'
169.3114 	EXP 	fixation_cross: autoDraw = True
170.9799 	EXP 	New trial (rep=0, index=23): OrderedDict([('trial_type', 'go'), ('arrow_1', 'sst_images/Right_Arrow.BMP'), ('arrow_2', None), ('corrAns', '2'), ('jitter', 715), ('run_end_fixation', None)])
171.0169 	EXP 	fixation_cross: autoDraw = False
171.0169 	EXP 	fixation_cross: autoDraw = False
171.0169 	EXP 	arrow_key: image = 'sst_images/Right_Arrow.BMP'
171.0169 	EXP 	stop_arrow: image = None
171.0169 	EXP 	arrow_key: autoDraw = True
171.3148 	DATA 	Keypress: 2
171.3280 	EXP 	arrow_key: autoDraw = False
171.3280 	EXP 	stop_arrow: autoDraw = False
171.3280 	EXP 	fixation_cross: text = '+'
171.3280 	EXP 	fixation_cross: autoDraw = True
172.7296 	EXP 	New trial (rep=0, index=24): OrderedDict([('trial_type', 'go'), ('arrow_1', 'sst_images/Left_Arrow.BMP'), ('arrow_2', None), ('corrAns', '1'), ('jitter', 745), ('run_end_fixation', 3264.0)])
172.7613 	EXP 	fixation_cross: autoDraw = False
172.7613 	EXP 	fixation_cross: autoDraw = False
172.7613 	EXP 	arrow_key: image = 'sst_images/Left_Arrow.BMP'
172.7613 	EXP 	stop_arrow: image = None
172.7613 	EXP 	arrow_key: autoDraw = True
173.1487 	DATA 	Keypress: 1
173.1618 	EXP 	arrow_key: autoDraw = False
173.1618 	EXP 	stop_arrow: autoDraw = False
173.1618 	EXP 	fixation_cross: text = '+'
173.1618 	EXP 	fixation_cross: autoDraw = True
174.5119 	EXP 	fixation_cross: autoDraw = False
174.5119 	EXP 	fixation_cross: autoDraw = False
174.5119 	EXP 	final_fixation_cross: autoDraw = True
176.9635 	DATA 	Keypress: escape
177.2338 	EXP 	window1: mouseVisible = True
