13.5896 	WARNING 	User requested fullscreen with size [1440  900], but screen is actually [1920, 1080]. Using actual size
14.1460 	EXP 	Created window1 = Window(allowGUI=False, allowStencil=False, args=UNKNOWN, autoLog=True, bitsMode=UNKNOWN, blendMode='avg', color=array([0., 0., 0.]), colorSpace='rgb', fullscr=<method-wrapper '__getattribute__' of attributeSetter object at 0x1346adbe0>, gamma=None, kwargs=UNKNOWN, lms=UNKNOWN, monitor=<psychopy.monitors.calibTools.Monitor object at 0x1347ed470>, multiSample=False, name='window1', numSamples=2, pos=[0.0, 0.0], screen=0, size=array([1920, 1080]), stereo=False, units='norm', useFBO=True, useRetina=False, viewOri=0.0, viewPos=None, viewScale=None, waitBlanking=True, winType='pyglet')
14.1461 	EXP 	window1: recordFrameIntervals = False
14.3114 	EXP 	window1: recordFrameIntervals = True
14.4954 	EXP 	window1: recordFrameIntervals = False
14.9300 	EXP 	Created right_handed_instructions = ImageStim(__class__=<class 'psychopy.visual.image.ImageStim'>, autoLog=True, color=array([1., 1., 1.]), colorSpace='rgb', contrast=1.0, depth=0.0, flipHoriz=False, flipVert=False, image=str(...), interpolate=True, mask=None, maskParams=None, name='right_handed_instructions', opacity=1.0, ori=0.0, pos=array([0., 0.]), size=array([1.7, 2. ]), texRes=128, units='norm', win=Window(...))
14.9404 	EXP 	Created left_handed_instructions = ImageStim(__class__=<class 'psychopy.visual.image.ImageStim'>, autoLog=True, color=array([1., 1., 1.]), colorSpace='rgb', contrast=1.0, depth=-1.0, flipHoriz=False, flipVert=False, image='sst_images/Instructions_Scanner_LeftHanded.bmp', interpolate=True, mask=None, maskParams=None, name='left_handed_instructions', opacity=1.0, ori=0.0, pos=array([0., 0.]), size=array([1.7, 2. ]), texRes=128, units='norm', win=Window(...))
14.9421 	EXP 	Created arrow_key = ImageStim(__class__=<class 'psychopy.visual.image.ImageStim'>, autoLog=True, color=array([1., 1., 1.]), colorSpace='rgb', contrast=1.0, depth=0.0, flipHoriz=False, flipVert=False, image='sin', interpolate=True, mask=None, maskParams=None, name='arrow_key', opacity=1.0, ori=0.0, pos=array([0., 0.]), size=array([1.8, 2. ]), texRes=128, units='norm', win=Window(...))
14.9437 	EXP 	Created stop_arrow = ImageStim(__class__=<class 'psychopy.visual.image.ImageStim'>, autoLog=True, color=array([1., 1., 1.]), colorSpace='rgb', contrast=1.0, depth=-1.0, flipHoriz=False, flipVert=False, image='sin', interpolate=True, mask=None, maskParams=None, name='stop_arrow', opacity=1.0, ori=0.0, pos=array([0., 0.]), size=array([1.7, 2. ]), texRes=128, units='norm', win=Window(...))
15.0098 	EXP 	Created fixation_cross = TextStim(__class__=<class 'psychopy.visual.text.TextStim'>, alignHoriz='center', alignVert='center', antialias=True, autoLog=True, bold=False, color='black', colorSpace='named', contrast=1.0, depth=0.0, flipHoriz=False, flipVert=False, font='Arial', fontFiles=[], height=0.2, italic=False, languageStyle='LTR', name='fixation_cross', opacity=1.0, ori=0, pos=array([0., 0.]), rgb=array([0., 0., 0.]), text='default text', units='norm', win=Window(...), wrapWidth=1)
15.0129 	EXP 	Created final_fixation_cross = TextStim(__class__=<class 'psychopy.visual.text.TextStim'>, alignHoriz='center', alignVert='center', antialias=True, autoLog=True, bold=False, color='white', colorSpace='named', contrast=1.0, depth=0.0, flipHoriz=False, flipVert=False, font='Arial', fontFiles=[], height=0.2, italic=False, languageStyle='LTR', name='final_fixation_cross', opacity=1.0, ori=0, pos=array([0., 0.]), rgb=array([255., 255., 255.]), text='+', units='norm', win=Window(...), wrapWidth=1)
15.0267 	EXP 	right_handed_instructions: autoDraw = True
45.1669 	DATA 	Keypress: 2
51.3175 	DATA 	Keypress: 2
63.4350 	DATA 	Keypress: 4
66.1332 	DATA 	Keypress: 1
71.8836 	DATA 	Keypress: 2
116.5527 	DATA 	Keypress: 5
116.5637 	EXP 	Imported sst_trial_order_practice.csv as conditions, 25 conditions, 6 params
116.5640 	EXP 	Created sequence: sequential, trialTypes=25, nReps=1, seed=None
116.5643 	EXP 	New trial (rep=0, index=0): OrderedDict([('trial_type', 'go'), ('arrow_1', 'sst_images/Left_Arrow.BMP'), ('arrow_2', None), ('corrAns', '1'), ('jitter', 955), ('run_end_fixation', None)])
116.5919 	EXP 	right_handed_instructions: autoDraw = False
116.5919 	EXP 	left_handed_instructions: autoDraw = False
116.5919 	EXP 	arrow_key: image = 'sst_images/Left_Arrow.BMP'
116.5919 	EXP 	stop_arrow: image = None
116.5919 	EXP 	arrow_key: autoDraw = True
117.6012 	EXP 	arrow_key: autoDraw = False
117.6012 	EXP 	arrow_key: autoDraw = False
117.6012 	EXP 	stop_arrow: autoDraw = False
117.6012 	EXP 	fixation_cross: text = '+'
117.6012 	EXP 	fixation_cross: autoDraw = True
117.8376 	DATA 	Keypress: 2
118.5364 	EXP 	New trial (rep=0, index=1): OrderedDict([('trial_type', 'go'), ('arrow_1', 'sst_images/Right_Arrow.BMP'), ('arrow_2', None), ('corrAns', '2'), ('jitter', 925), ('run_end_fixation', None)])
118.5677 	EXP 	fixation_cross: autoDraw = False
118.5677 	EXP 	fixation_cross: autoDraw = False
118.5677 	EXP 	arrow_key: image = 'sst_images/Right_Arrow.BMP'
118.5677 	EXP 	stop_arrow: image = None
118.5677 	EXP 	arrow_key: autoDraw = True
119.1532 	DATA 	Keypress: 1
119.1687 	EXP 	arrow_key: autoDraw = False
119.1687 	EXP 	stop_arrow: autoDraw = False
119.1687 	EXP 	fixation_cross: text = '+'
119.1687 	EXP 	fixation_cross: autoDraw = True
120.4863 	EXP 	New trial (rep=0, index=2): OrderedDict([('trial_type', 'go'), ('arrow_1', 'sst_images/Right_Arrow.BMP'), ('arrow_2', None), ('corrAns', '2'), ('jitter', 925), ('run_end_fixation', None)])
120.5185 	EXP 	fixation_cross: autoDraw = False
120.5185 	EXP 	fixation_cross: autoDraw = False
120.5185 	EXP 	arrow_key: image = 'sst_images/Right_Arrow.BMP'
120.5185 	EXP 	stop_arrow: image = None
120.5185 	EXP 	arrow_key: autoDraw = True
121.0881 	DATA 	Keypress: 1
121.1023 	EXP 	arrow_key: autoDraw = False
121.1023 	EXP 	stop_arrow: autoDraw = False
121.1023 	EXP 	fixation_cross: text = '+'
121.1023 	EXP 	fixation_cross: autoDraw = True
122.4365 	EXP 	New trial (rep=0, index=3): OrderedDict([('trial_type', 'go'), ('arrow_1', 'sst_images/Left_Arrow.BMP'), ('arrow_2', None), ('corrAns', '1'), ('jitter', 865), ('run_end_fixation', None)])
122.4686 	EXP 	fixation_cross: autoDraw = False
122.4686 	EXP 	fixation_cross: autoDraw = False
122.4686 	EXP 	arrow_key: image = 'sst_images/Left_Arrow.BMP'
122.4686 	EXP 	stop_arrow: image = None
122.4686 	EXP 	arrow_key: autoDraw = True
123.0388 	DATA 	Keypress: 2
123.0514 	EXP 	arrow_key: autoDraw = False
123.0514 	EXP 	stop_arrow: autoDraw = False
123.0514 	EXP 	fixation_cross: text = '+'
123.0514 	EXP 	fixation_cross: autoDraw = True
124.3366 	EXP 	New trial (rep=0, index=4): OrderedDict([('trial_type', 'go'), ('arrow_1', 'sst_images/Left_Arrow.BMP'), ('arrow_2', None), ('corrAns', '1'), ('jitter', 1045), ('run_end_fixation', None)])
124.3684 	EXP 	fixation_cross: autoDraw = False
124.3684 	EXP 	fixation_cross: autoDraw = False
124.3684 	EXP 	arrow_key: image = 'sst_images/Left_Arrow.BMP'
124.3684 	EXP 	stop_arrow: image = None
124.3684 	EXP 	arrow_key: autoDraw = True
124.8550 	DATA 	Keypress: 2
124.8693 	EXP 	arrow_key: autoDraw = False
124.8693 	EXP 	stop_arrow: autoDraw = False
124.8693 	EXP 	fixation_cross: text = '+'
124.8693 	EXP 	fixation_cross: autoDraw = True
126.4034 	EXP 	New trial (rep=0, index=5): OrderedDict([('trial_type', 'stop'), ('arrow_1', 'sst_images/Right_Arrow.BMP'), ('arrow_2', 'sst_images/Stop_Arrow.BMP'), ('corrAns', 'none'), ('jitter', 790), ('run_end_fixation', None)])
126.4427 	EXP 	fixation_cross: autoDraw = False
126.4427 	EXP 	fixation_cross: autoDraw = False
126.4427 	EXP 	arrow_key: image = 'sst_images/Right_Arrow.BMP'
126.4427 	EXP 	stop_arrow: image = 'sst_images/Stop_Arrow.BMP'
126.4427 	EXP 	arrow_key: autoDraw = True
126.5021 	EXP 	arrow_key: autoDraw = False
126.5189 	EXP 	stop_arrow: autoDraw = True
126.8354 	EXP 	stop_arrow: autoDraw = False
126.8354 	EXP 	arrow_key: autoDraw = False
126.8354 	EXP 	stop_arrow: autoDraw = False
126.8354 	EXP 	fixation_cross: text = '+'
126.8354 	EXP 	fixation_cross: autoDraw = True
128.2525 	EXP 	New trial (rep=0, index=6): OrderedDict([('trial_type', 'go'), ('arrow_1', 'sst_images/Right_Arrow.BMP'), ('arrow_2', None), ('corrAns', '2'), ('jitter', 745), ('run_end_fixation', None)])
128.2738 	EXP 	fixation_cross: autoDraw = False
128.2738 	EXP 	fixation_cross: autoDraw = False
128.2738 	EXP 	arrow_key: image = 'sst_images/Right_Arrow.BMP'
128.2738 	EXP 	stop_arrow: image = None
128.2738 	EXP 	arrow_key: autoDraw = True
128.6882 	DATA 	Keypress: 1
128.7023 	EXP 	arrow_key: autoDraw = False
128.7023 	EXP 	stop_arrow: autoDraw = False
128.7023 	EXP 	fixation_cross: text = '+'
128.7023 	EXP 	fixation_cross: autoDraw = True
130.0204 	EXP 	New trial (rep=0, index=7): OrderedDict([('trial_type', 'go'), ('arrow_1', 'sst_images/Left_Arrow.BMP'), ('arrow_2', None), ('corrAns', '1'), ('jitter', 820), ('run_end_fixation', None)])
130.0520 	EXP 	fixation_cross: autoDraw = False
130.0520 	EXP 	fixation_cross: autoDraw = False
130.0520 	EXP 	arrow_key: image = 'sst_images/Left_Arrow.BMP'
130.0520 	EXP 	stop_arrow: image = None
130.0520 	EXP 	arrow_key: autoDraw = True
130.5211 	DATA 	Keypress: 2
130.5364 	EXP 	arrow_key: autoDraw = False
130.5364 	EXP 	stop_arrow: autoDraw = False
130.5364 	EXP 	fixation_cross: text = '+'
130.5364 	EXP 	fixation_cross: autoDraw = True
131.8706 	EXP 	New trial (rep=0, index=8): OrderedDict([('trial_type', 'go'), ('arrow_1', 'sst_images/Right_Arrow.BMP'), ('arrow_2', None), ('corrAns', '2'), ('jitter', 1090), ('run_end_fixation', None)])
131.9020 	EXP 	fixation_cross: autoDraw = False
131.9020 	EXP 	fixation_cross: autoDraw = False
131.9020 	EXP 	arrow_key: image = 'sst_images/Right_Arrow.BMP'
131.9020 	EXP 	stop_arrow: image = None
131.9020 	EXP 	arrow_key: autoDraw = True
132.3205 	DATA 	Keypress: 1
132.3363 	EXP 	arrow_key: autoDraw = False
132.3363 	EXP 	stop_arrow: autoDraw = False
132.3363 	EXP 	fixation_cross: text = '+'
132.3363 	EXP 	fixation_cross: autoDraw = True
133.9874 	EXP 	New trial (rep=0, index=9): OrderedDict([('trial_type', 'go'), ('arrow_1', 'sst_images/Right_Arrow.BMP'), ('arrow_2', None), ('corrAns', '2'), ('jitter', 700), ('run_end_fixation', None)])
134.0187 	EXP 	fixation_cross: autoDraw = False
134.0187 	EXP 	fixation_cross: autoDraw = False
134.0187 	EXP 	arrow_key: image = 'sst_images/Right_Arrow.BMP'
134.0187 	EXP 	stop_arrow: image = None
134.0187 	EXP 	arrow_key: autoDraw = True
134.4540 	DATA 	Keypress: 1
134.4699 	EXP 	arrow_key: autoDraw = False
134.4699 	EXP 	stop_arrow: autoDraw = False
134.4699 	EXP 	fixation_cross: text = '+'
134.4699 	EXP 	fixation_cross: autoDraw = True
135.7207 	EXP 	New trial (rep=0, index=10): OrderedDict([('trial_type', 'go'), ('arrow_1', 'sst_images/Left_Arrow.BMP'), ('arrow_2', None), ('corrAns', '1'), ('jitter', 760), ('run_end_fixation', None)])
135.7528 	EXP 	fixation_cross: autoDraw = False
135.7528 	EXP 	fixation_cross: autoDraw = False
135.7528 	EXP 	arrow_key: image = 'sst_images/Left_Arrow.BMP'
135.7528 	EXP 	stop_arrow: image = None
135.7528 	EXP 	arrow_key: autoDraw = True
136.3216 	DATA 	Keypress: 2
136.3362 	EXP 	arrow_key: autoDraw = False
136.3362 	EXP 	stop_arrow: autoDraw = False
136.3362 	EXP 	fixation_cross: text = '+'
136.3362 	EXP 	fixation_cross: autoDraw = True
137.5040 	EXP 	New trial (rep=0, index=11): OrderedDict([('trial_type', 'stop'), ('arrow_1', 'sst_images/Left_Arrow.BMP'), ('arrow_2', 'sst_images/Stop_Arrow.BMP'), ('corrAns', 'none'), ('jitter', 880), ('run_end_fixation', None)])
137.5589 	EXP 	fixation_cross: autoDraw = False
137.5589 	EXP 	fixation_cross: autoDraw = False
137.5589 	EXP 	arrow_key: image = 'sst_images/Left_Arrow.BMP'
137.5589 	EXP 	stop_arrow: image = 'sst_images/Stop_Arrow.BMP'
137.5589 	EXP 	arrow_key: autoDraw = True
137.6532 	EXP 	arrow_key: autoDraw = False
137.6697 	EXP 	stop_arrow: autoDraw = True
137.9856 	EXP 	stop_arrow: autoDraw = False
137.9856 	EXP 	arrow_key: autoDraw = False
137.9856 	EXP 	stop_arrow: autoDraw = False
137.9856 	EXP 	fixation_cross: text = '+'
137.9856 	EXP 	fixation_cross: autoDraw = True
139.4541 	EXP 	New trial (rep=0, index=12): OrderedDict([('trial_type', 'go'), ('arrow_1', 'sst_images/Right_Arrow.BMP'), ('arrow_2', None), ('corrAns', '2'), ('jitter', 730), ('run_end_fixation', None)])
139.4862 	EXP 	fixation_cross: autoDraw = False
139.4862 	EXP 	fixation_cross: autoDraw = False
139.4862 	EXP 	arrow_key: image = 'sst_images/Right_Arrow.BMP'
139.4862 	EXP 	stop_arrow: image = None
139.4862 	EXP 	arrow_key: autoDraw = True
140.1719 	DATA 	Keypress: 1
140.1869 	EXP 	arrow_key: autoDraw = False
140.1869 	EXP 	stop_arrow: autoDraw = False
140.1869 	EXP 	fixation_cross: text = '+'
140.1869 	EXP 	fixation_cross: autoDraw = True
141.2212 	EXP 	New trial (rep=0, index=13): OrderedDict([('trial_type', 'go'), ('arrow_1', 'sst_images/Left_Arrow.BMP'), ('arrow_2', None), ('corrAns', '1'), ('jitter', 910), ('run_end_fixation', None)])
141.2526 	EXP 	fixation_cross: autoDraw = False
141.2526 	EXP 	fixation_cross: autoDraw = False
141.2526 	EXP 	arrow_key: image = 'sst_images/Left_Arrow.BMP'
141.2526 	EXP 	stop_arrow: image = None
141.2526 	EXP 	arrow_key: autoDraw = True
141.7379 	DATA 	Keypress: 2
141.7538 	EXP 	arrow_key: autoDraw = False
141.7538 	EXP 	stop_arrow: autoDraw = False
141.7538 	EXP 	fixation_cross: text = '+'
141.7538 	EXP 	fixation_cross: autoDraw = True
143.1545 	EXP 	New trial (rep=0, index=14): OrderedDict([('trial_type', 'go'), ('arrow_1', 'sst_images/Left_Arrow.BMP'), ('arrow_2', None), ('corrAns', '1'), ('jitter', 955), ('run_end_fixation', None)])
143.1864 	EXP 	fixation_cross: autoDraw = False
143.1864 	EXP 	fixation_cross: autoDraw = False
143.1864 	EXP 	arrow_key: image = 'sst_images/Left_Arrow.BMP'
143.1864 	EXP 	stop_arrow: image = None
143.1864 	EXP 	arrow_key: autoDraw = True
143.6898 	DATA 	Keypress: 2
143.7037 	EXP 	arrow_key: autoDraw = False
143.7037 	EXP 	stop_arrow: autoDraw = False
143.7037 	EXP 	fixation_cross: text = '+'
143.7037 	EXP 	fixation_cross: autoDraw = True
145.1380 	EXP 	New trial (rep=0, index=15): OrderedDict([('trial_type', 'go'), ('arrow_1', 'sst_images/Left_Arrow.BMP'), ('arrow_2', None), ('corrAns', '1'), ('jitter', 1045), ('run_end_fixation', None)])
145.1695 	EXP 	fixation_cross: autoDraw = False
145.1695 	EXP 	fixation_cross: autoDraw = False
145.1695 	EXP 	arrow_key: image = 'sst_images/Left_Arrow.BMP'
145.1695 	EXP 	stop_arrow: image = None
145.1695 	EXP 	arrow_key: autoDraw = True
145.6226 	DATA 	Keypress: 2
145.6368 	EXP 	arrow_key: autoDraw = False
145.6368 	EXP 	stop_arrow: autoDraw = False
145.6368 	EXP 	fixation_cross: text = '+'
145.6368 	EXP 	fixation_cross: autoDraw = True
147.2049 	EXP 	New trial (rep=0, index=16): OrderedDict([('trial_type', 'go'), ('arrow_1', 'sst_images/Right_Arrow.BMP'), ('arrow_2', None), ('corrAns', '2'), ('jitter', 1045), ('run_end_fixation', None)])
147.2366 	EXP 	fixation_cross: autoDraw = False
147.2366 	EXP 	fixation_cross: autoDraw = False
147.2366 	EXP 	arrow_key: image = 'sst_images/Right_Arrow.BMP'
147.2366 	EXP 	stop_arrow: image = None
147.2366 	EXP 	arrow_key: autoDraw = True
148.1217 	DATA 	Keypress: 1
148.1376 	EXP 	arrow_key: autoDraw = False
148.1376 	EXP 	stop_arrow: autoDraw = False
148.1376 	EXP 	fixation_cross: text = '+'
148.1376 	EXP 	fixation_cross: autoDraw = True
149.2874 	EXP 	New trial (rep=0, index=17): OrderedDict([('trial_type', 'go'), ('arrow_1', 'sst_images/Left_Arrow.BMP'), ('arrow_2', None), ('corrAns', '1'), ('jitter', 985), ('run_end_fixation', None)])
149.3101 	EXP 	fixation_cross: autoDraw = False
149.3101 	EXP 	fixation_cross: autoDraw = False
149.3101 	EXP 	arrow_key: image = 'sst_images/Left_Arrow.BMP'
149.3101 	EXP 	stop_arrow: image = None
149.3101 	EXP 	arrow_key: autoDraw = True
150.3197 	EXP 	arrow_key: autoDraw = False
150.3197 	EXP 	arrow_key: autoDraw = False
150.3197 	EXP 	stop_arrow: autoDraw = False
150.3197 	EXP 	fixation_cross: text = '+'
150.3197 	EXP 	fixation_cross: autoDraw = True
151.2883 	EXP 	New trial (rep=0, index=18): OrderedDict([('trial_type', 'stop'), ('arrow_1', 'sst_images/Left_Arrow.BMP'), ('arrow_2', 'sst_images/Stop_Arrow.BMP'), ('corrAns', 'none'), ('jitter', 760), ('run_end_fixation', None)])
151.3278 	EXP 	fixation_cross: autoDraw = False
151.3278 	EXP 	fixation_cross: autoDraw = False
151.3278 	EXP 	arrow_key: image = 'sst_images/Left_Arrow.BMP'
151.3278 	EXP 	stop_arrow: image = 'sst_images/Stop_Arrow.BMP'
151.3278 	EXP 	arrow_key: autoDraw = True
151.4704 	EXP 	arrow_key: autoDraw = False
151.4873 	EXP 	stop_arrow: autoDraw = True
151.7877 	EXP 	stop_arrow: autoDraw = False
151.7877 	EXP 	arrow_key: autoDraw = False
151.7877 	EXP 	stop_arrow: autoDraw = False
151.7877 	EXP 	fixation_cross: text = '+'
151.7877 	EXP 	fixation_cross: autoDraw = True
153.0886 	EXP 	New trial (rep=0, index=19): OrderedDict([('trial_type', 'go'), ('arrow_1', 'sst_images/Left_Arrow.BMP'), ('arrow_2', None), ('corrAns', '1'), ('jitter', 775), ('run_end_fixation', None)])
153.1200 	EXP 	fixation_cross: autoDraw = False
153.1200 	EXP 	fixation_cross: autoDraw = False
153.1200 	EXP 	arrow_key: image = 'sst_images/Left_Arrow.BMP'
153.1200 	EXP 	stop_arrow: image = None
153.1200 	EXP 	arrow_key: autoDraw = True
154.1206 	EXP 	arrow_key: autoDraw = False
154.1206 	EXP 	arrow_key: autoDraw = False
154.1206 	EXP 	stop_arrow: autoDraw = False
154.1206 	EXP 	fixation_cross: text = '+'
154.1206 	EXP 	fixation_cross: autoDraw = True
154.8722 	EXP 	New trial (rep=0, index=20): OrderedDict([('trial_type', 'go'), ('arrow_1', 'sst_images/Right_Arrow.BMP'), ('arrow_2', None), ('corrAns', '2'), ('jitter', 1015), ('run_end_fixation', None)])
154.8966 	EXP 	fixation_cross: autoDraw = False
154.8966 	EXP 	fixation_cross: autoDraw = False
154.8966 	EXP 	arrow_key: image = 'sst_images/Right_Arrow.BMP'
154.8966 	EXP 	stop_arrow: image = None
154.8966 	EXP 	arrow_key: autoDraw = True
155.9047 	EXP 	arrow_key: autoDraw = False
155.9047 	EXP 	arrow_key: autoDraw = False
155.9047 	EXP 	stop_arrow: autoDraw = False
155.9047 	EXP 	fixation_cross: text = '+'
155.9047 	EXP 	fixation_cross: autoDraw = True
156.9057 	EXP 	New trial (rep=0, index=21): OrderedDict([('trial_type', 'go'), ('arrow_1', 'sst_images/Left_Arrow.BMP'), ('arrow_2', None), ('corrAns', '1'), ('jitter', 760), ('run_end_fixation', None)])
156.9296 	EXP 	fixation_cross: autoDraw = False
156.9296 	EXP 	fixation_cross: autoDraw = False
156.9296 	EXP 	arrow_key: image = 'sst_images/Left_Arrow.BMP'
156.9296 	EXP 	stop_arrow: image = None
156.9296 	EXP 	arrow_key: autoDraw = True
157.9378 	EXP 	arrow_key: autoDraw = False
157.9378 	EXP 	arrow_key: autoDraw = False
157.9378 	EXP 	stop_arrow: autoDraw = False
157.9378 	EXP 	fixation_cross: text = '+'
157.9378 	EXP 	fixation_cross: autoDraw = True
158.6724 	EXP 	New trial (rep=0, index=22): OrderedDict([('trial_type', 'stop'), ('arrow_1', 'sst_images/Right_Arrow.BMP'), ('arrow_2', 'sst_images/Stop_Arrow.BMP'), ('corrAns', 'none'), ('jitter', 985), ('run_end_fixation', None)])
158.7119 	EXP 	fixation_cross: autoDraw = False
158.7119 	EXP 	fixation_cross: autoDraw = False
158.7119 	EXP 	arrow_key: image = 'sst_images/Right_Arrow.BMP'
158.7119 	EXP 	stop_arrow: image = 'sst_images/Stop_Arrow.BMP'
158.7119 	EXP 	arrow_key: autoDraw = True
158.9204 	EXP 	arrow_key: autoDraw = False
158.9368 	EXP 	stop_arrow: autoDraw = True
159.2376 	EXP 	stop_arrow: autoDraw = False
159.2376 	EXP 	arrow_key: autoDraw = False
159.2376 	EXP 	stop_arrow: autoDraw = False
159.2376 	EXP 	fixation_cross: text = '+'
159.2376 	EXP 	fixation_cross: autoDraw = True
160.7058 	EXP 	New trial (rep=0, index=23): OrderedDict([('trial_type', 'go'), ('arrow_1', 'sst_images/Right_Arrow.BMP'), ('arrow_2', None), ('corrAns', '2'), ('jitter', 715), ('run_end_fixation', None)])
160.7376 	EXP 	fixation_cross: autoDraw = False
160.7376 	EXP 	fixation_cross: autoDraw = False
160.7376 	EXP 	arrow_key: image = 'sst_images/Right_Arrow.BMP'
160.7376 	EXP 	stop_arrow: image = None
160.7376 	EXP 	arrow_key: autoDraw = True
161.7382 	EXP 	arrow_key: autoDraw = False
161.7382 	EXP 	arrow_key: autoDraw = False
161.7382 	EXP 	stop_arrow: autoDraw = False
161.7382 	EXP 	fixation_cross: text = '+'
161.7382 	EXP 	fixation_cross: autoDraw = True
162.4390 	EXP 	New trial (rep=0, index=24): OrderedDict([('trial_type', 'go'), ('arrow_1', 'sst_images/Left_Arrow.BMP'), ('arrow_2', None), ('corrAns', '1'), ('jitter', 745), ('run_end_fixation', 3264.0)])
162.4643 	EXP 	fixation_cross: autoDraw = False
162.4643 	EXP 	fixation_cross: autoDraw = False
162.4643 	EXP 	arrow_key: image = 'sst_images/Left_Arrow.BMP'
162.4643 	EXP 	stop_arrow: image = None
162.4643 	EXP 	arrow_key: autoDraw = True
163.4718 	EXP 	arrow_key: autoDraw = False
163.4718 	EXP 	arrow_key: autoDraw = False
163.4718 	EXP 	stop_arrow: autoDraw = False
163.4718 	EXP 	fixation_cross: text = '+'
163.4718 	EXP 	fixation_cross: autoDraw = True
164.2216 	EXP 	fixation_cross: autoDraw = False
164.2216 	EXP 	fixation_cross: autoDraw = False
164.2216 	EXP 	final_fixation_cross: autoDraw = True
168.2568 	DATA 	Keypress: escape
168.5254 	EXP 	window1: mouseVisible = True
