14.2826 	EXP 	Created window1 = Window(allowGUI=False, allowStencil=False, args=UNKNOWN, autoLog=True, bitsMode=UNKNOWN, blendMode='avg', color=array([0., 0., 0.]), colorSpace='rgb', fullscr=<method-wrapper '__getattribute__' of attributeSetter object at 0x135a34be0>, gamma=None, kwargs=UNKNOWN, lms=UNKNOWN, monitor=<psychopy.monitors.calibTools.Monitor object at 0x135a0d9e8>, multiSample=False, name='window1', numSamples=2, pos=[0.0, 0.0], screen=0, size=array([2880, 1800]), stereo=False, units='norm', useFBO=True, useRetina=True, viewOri=0.0, viewPos=None, viewScale=None, waitBlanking=True, winType='pyglet')
14.2826 	EXP 	window1: recordFrameIntervals = False
14.4471 	EXP 	window1: recordFrameIntervals = True
14.6313 	EXP 	window1: recordFrameIntervals = False
14.6796 	EXP 	Created right_handed_instructions = ImageStim(__class__=<class 'psychopy.visual.image.ImageStim'>, autoLog=True, color=array([1., 1., 1.]), colorSpace='rgb', contrast=1.0, depth=0.0, flipHoriz=False, flipVert=False, image=str(...), interpolate=True, mask=None, maskParams=None, name='right_handed_instructions', opacity=1.0, ori=0.0, pos=array([0., 0.]), size=array([1.7, 2. ]), texRes=128, units='norm', win=Window(...))
14.6872 	EXP 	Created left_handed_instructions = ImageStim(__class__=<class 'psychopy.visual.image.ImageStim'>, autoLog=True, color=array([1., 1., 1.]), colorSpace='rgb', contrast=1.0, depth=-1.0, flipHoriz=False, flipVert=False, image='sst_images/Instructions_Scanner_LeftHanded.bmp', interpolate=True, mask=None, maskParams=None, name='left_handed_instructions', opacity=1.0, ori=0.0, pos=array([0., 0.]), size=array([1.7, 2. ]), texRes=128, units='norm', win=Window(...))
14.6889 	EXP 	Created arrow_key = ImageStim(__class__=<class 'psychopy.visual.image.ImageStim'>, autoLog=True, color=array([1., 1., 1.]), colorSpace='rgb', contrast=1.0, depth=0.0, flipHoriz=False, flipVert=False, image='sin', interpolate=True, mask=None, maskParams=None, name='arrow_key', opacity=1.0, ori=0.0, pos=array([0., 0.]), size=array([1.8, 2. ]), texRes=128, units='norm', win=Window(...))
14.6904 	EXP 	Created stop_arrow = ImageStim(__class__=<class 'psychopy.visual.image.ImageStim'>, autoLog=True, color=array([1., 1., 1.]), colorSpace='rgb', contrast=1.0, depth=-1.0, flipHoriz=False, flipVert=False, image='sin', interpolate=True, mask=None, maskParams=None, name='stop_arrow', opacity=1.0, ori=0.0, pos=array([0., 0.]), size=array([1.7, 2. ]), texRes=128, units='norm', win=Window(...))
14.7621 	EXP 	Created fixation_cross = TextStim(__class__=<class 'psychopy.visual.text.TextStim'>, alignHoriz='center', alignVert='center', antialias=True, autoLog=True, bold=False, color='black', colorSpace='named', contrast=1.0, depth=0.0, flipHoriz=False, flipVert=False, font='Arial', fontFiles=[], height=0.2, italic=False, languageStyle='LTR', name='fixation_cross', opacity=1.0, ori=0, pos=array([0., 0.]), rgb=array([0., 0., 0.]), text='default text', units='norm', win=Window(...), wrapWidth=1)
14.7653 	EXP 	Created final_fixation_cross = TextStim(__class__=<class 'psychopy.visual.text.TextStim'>, alignHoriz='center', alignVert='center', antialias=True, autoLog=True, bold=False, color='white', colorSpace='named', contrast=1.0, depth=0.0, flipHoriz=False, flipVert=False, font='Arial', fontFiles=[], height=0.2, italic=False, languageStyle='LTR', name='final_fixation_cross', opacity=1.0, ori=0, pos=array([0., 0.]), rgb=array([255., 255., 255.]), text='+', units='norm', win=Window(...), wrapWidth=1)
14.7839 	EXP 	right_handed_instructions: autoDraw = True
16.2190 	DATA 	Keypress: 5
16.2351 	EXP 	Imported sst_trial_order_8A.csv as conditions, 180 conditions, 6 params
16.2358 	EXP 	Created sequence: sequential, trialTypes=180, nReps=1, seed=None
16.2361 	EXP 	New trial (rep=0, index=0): OrderedDict([('trial_type', 'go'), ('arrow_1', 'sst_images/Left_Arrow.bmp'), ('arrow_2', None), ('corrAns', '1'), ('jitter', 713), ('run_end_fixation', None)])
16.2645 	EXP 	right_handed_instructions: autoDraw = False
16.2645 	EXP 	left_handed_instructions: autoDraw = False
16.2645 	EXP 	arrow_key: image = 'sst_images/Left_Arrow.bmp'
16.2645 	EXP 	stop_arrow: image = None
16.2645 	EXP 	arrow_key: autoDraw = True
17.1835 	DATA 	Keypress: 1
17.1976 	EXP 	arrow_key: autoDraw = False
17.1976 	EXP 	stop_arrow: autoDraw = False
17.1976 	EXP 	fixation_cross: text = '+'
17.1976 	EXP 	fixation_cross: autoDraw = True
17.9825 	EXP 	New trial (rep=0, index=1): OrderedDict([('trial_type', 'go'), ('arrow_1', 'sst_images/Right_Arrow.bmp'), ('arrow_2', None), ('corrAns', '2'), ('jitter', 1220), ('run_end_fixation', None)])
18.0218 	EXP 	fixation_cross: autoDraw = False
18.0218 	EXP 	fixation_cross: autoDraw = False
18.0218 	EXP 	arrow_key: image = 'sst_images/Right_Arrow.bmp'
18.0218 	EXP 	stop_arrow: image = None
18.0218 	EXP 	arrow_key: autoDraw = True
18.2679 	DATA 	Keypress: 2
18.2806 	EXP 	arrow_key: autoDraw = False
18.2806 	EXP 	stop_arrow: autoDraw = False
18.2806 	EXP 	fixation_cross: text = '+'
18.2806 	EXP 	fixation_cross: autoDraw = True
20.2321 	EXP 	New trial (rep=0, index=2): OrderedDict([('trial_type', 'go'), ('arrow_1', 'sst_images/Right_Arrow.bmp'), ('arrow_2', None), ('corrAns', '2'), ('jitter', 708), ('run_end_fixation', None)])
20.2654 	EXP 	fixation_cross: autoDraw = False
20.2654 	EXP 	fixation_cross: autoDraw = False
20.2654 	EXP 	arrow_key: image = 'sst_images/Right_Arrow.bmp'
20.2654 	EXP 	stop_arrow: image = None
20.2654 	EXP 	arrow_key: autoDraw = True
20.6686 	DATA 	Keypress: 2
20.6815 	EXP 	arrow_key: autoDraw = False
20.6815 	EXP 	stop_arrow: autoDraw = False
20.6815 	EXP 	fixation_cross: text = '+'
20.6815 	EXP 	fixation_cross: autoDraw = True
21.5502 	DATA 	Keypress: escape
21.8143 	EXP 	window1: mouseVisible = True
