6.7883 	EXP 	Created window1 = Window(allowGUI=False, allowStencil=False, args=UNKNOWN, autoLog=True, bitsMode=UNKNOWN, blendMode='avg', color=array([0., 0., 0.]), colorSpace='rgb', fullscr=<method-wrapper '__getattribute__' of attributeSetter object at 0x134687828>, gamma=None, kwargs=UNKNOWN, lms=UNKNOWN, monitor=<psychopy.monitors.calibTools.Monitor object at 0x134639f98>, multiSample=False, name='window1', numSamples=2, pos=[0.0, 0.0], screen=0, size=array([2880, 1800]), stereo=False, units='norm', useFBO=True, useRetina=True, viewOri=0.0, viewPos=None, viewScale=None, waitBlanking=True, winType='pyglet')
6.7884 	EXP 	window1: recordFrameIntervals = False
6.9539 	EXP 	window1: recordFrameIntervals = True
7.1376 	EXP 	window1: recordFrameIntervals = False
7.1886 	EXP 	Created right_handed_instructions = ImageStim(__class__=<class 'psychopy.visual.image.ImageStim'>, autoLog=True, color=array([1., 1., 1.]), colorSpace='rgb', contrast=1.0, depth=0.0, flipHoriz=False, flipVert=False, image=str(...), interpolate=True, mask=None, maskParams=None, name='right_handed_instructions', opacity=1.0, ori=0.0, pos=array([0., 0.]), size=array([1.7, 2. ]), texRes=128, units='norm', win=Window(...))
7.1965 	EXP 	Created left_handed_instructions = ImageStim(__class__=<class 'psychopy.visual.image.ImageStim'>, autoLog=True, color=array([1., 1., 1.]), colorSpace='rgb', contrast=1.0, depth=-1.0, flipHoriz=False, flipVert=False, image='sst_images/Instructions_Scanner_LeftHanded.bmp', interpolate=True, mask=None, maskParams=None, name='left_handed_instructions', opacity=1.0, ori=0.0, pos=array([0., 0.]), size=array([1.7, 2. ]), texRes=128, units='norm', win=Window(...))
7.2712 	EXP 	Created text_2 = TextStim(__class__=<class 'psychopy.visual.text.TextStim'>, alignHoriz='center', alignVert='center', antialias=True, autoLog=True, bold=False, color='white', colorSpace='named', contrast=1.0, depth=0.0, flipHoriz=False, flipVert=False, font='Arial', fontFiles=[], height=0.1, italic=False, languageStyle='LTR', name='text_2', opacity=1.0, ori=0, pos=array([0., 0.]), rgb=array([255., 255., 255.]), text='Waiting for scanner trigger...', units='norm', win=Window(...), wrapWidth=2)
7.2730 	EXP 	Created arrow_key = ImageStim(__class__=<class 'psychopy.visual.image.ImageStim'>, autoLog=True, color=array([1., 1., 1.]), colorSpace='rgb', contrast=1.0, depth=0.0, flipHoriz=False, flipVert=False, image='sin', interpolate=True, mask=None, maskParams=None, name='arrow_key', opacity=1.0, ori=0.0, pos=array([0., 0.]), size=array([1.8, 2. ]), texRes=128, units='norm', win=Window(...))
7.2746 	EXP 	Created stop_arrow = ImageStim(__class__=<class 'psychopy.visual.image.ImageStim'>, autoLog=True, color=array([1., 1., 1.]), colorSpace='rgb', contrast=1.0, depth=-1.0, flipHoriz=False, flipVert=False, image='sin', interpolate=True, mask=None, maskParams=None, name='stop_arrow', opacity=1.0, ori=0.0, pos=array([0., 0.]), size=array([1.7, 2. ]), texRes=128, units='norm', win=Window(...))
7.2837 	EXP 	Created fixation_cross = TextStim(__class__=<class 'psychopy.visual.text.TextStim'>, alignHoriz='center', alignVert='center', antialias=True, autoLog=True, bold=False, color='black', colorSpace='named', contrast=1.0, depth=0.0, flipHoriz=False, flipVert=False, font='Arial', fontFiles=[], height=0.2, italic=False, languageStyle='LTR', name='fixation_cross', opacity=1.0, ori=0, pos=array([0., 0.]), rgb=array([0., 0., 0.]), text='default text', units='norm', win=Window(...), wrapWidth=1)
7.2868 	EXP 	Created final_fixation_cross = TextStim(__class__=<class 'psychopy.visual.text.TextStim'>, alignHoriz='center', alignVert='center', antialias=True, autoLog=True, bold=False, color='white', colorSpace='named', contrast=1.0, depth=0.0, flipHoriz=False, flipVert=False, font='Arial', fontFiles=[], height=0.2, italic=False, languageStyle='LTR', name='final_fixation_cross', opacity=1.0, ori=0, pos=array([0., 0.]), rgb=array([255., 255., 255.]), text='+', units='norm', win=Window(...), wrapWidth=1)
7.2872 	EXP 	Created sequence: random, trialTypes=1, nReps=2, seed=None
7.2874 	EXP 	New trial (rep=0, index=0): None
7.3171 	EXP 	right_handed_instructions: autoDraw = True
7.8410 	DATA 	Keypress: space
7.8495 	EXP 	Imported sst_trial_order_practice.csv as conditions, 25 conditions, 6 params
7.8498 	EXP 	Created sequence: sequential, trialTypes=25, nReps=1, seed=None
7.8502 	EXP 	New trial (rep=0, index=0): OrderedDict([('trial_type', 'go'), ('arrow_1', 'sst_images/Left_Arrow.BMP'), ('arrow_2', None), ('corrAns', '1'), ('jitter', 955), ('run_end_fixation', None)])
7.9059 	EXP 	right_handed_instructions: autoDraw = False
7.9059 	EXP 	left_handed_instructions: autoDraw = False
7.9059 	EXP 	text_2: autoDraw = False
7.9059 	EXP 	arrow_key: image = 'sst_images/Left_Arrow.BMP'
7.9059 	EXP 	stop_arrow: image = None
7.9059 	EXP 	arrow_key: autoDraw = True
9.1256 	EXP 	window1: mouseVisible = True
5.7773 	EXP 	Created window1 = Window(allowGUI=False, allowStencil=False, args=UNKNOWN, autoLog=True, bitsMode=UNKNOWN, blendMode='avg', color=array([0., 0., 0.]), colorSpace='rgb', fullscr=<method-wrapper '__getattribute__' of attributeSetter object at 0x134e34860>, gamma=None, kwargs=UNKNOWN, lms=UNKNOWN, monitor=<psychopy.monitors.calibTools.Monitor object at 0x134e482b0>, multiSample=False, name='window1', numSamples=2, pos=[0.0, 0.0], screen=0, size=array([2880, 1800]), stereo=False, units='norm', useFBO=True, useRetina=True, viewOri=0.0, viewPos=None, viewScale=None, waitBlanking=True, winType='pyglet')
5.7773 	EXP 	window1: recordFrameIntervals = False
5.9432 	EXP 	window1: recordFrameIntervals = True
6.1271 	EXP 	window1: recordFrameIntervals = False
6.1784 	EXP 	Created right_handed_instructions = ImageStim(__class__=<class 'psychopy.visual.image.ImageStim'>, autoLog=True, color=array([1., 1., 1.]), colorSpace='rgb', contrast=1.0, depth=0.0, flipHoriz=False, flipVert=False, image=str(...), interpolate=True, mask=None, maskParams=None, name='right_handed_instructions', opacity=1.0, ori=0.0, pos=array([0., 0.]), size=array([1.7, 2. ]), texRes=128, units='norm', win=Window(...))
6.1863 	EXP 	Created left_handed_instructions = ImageStim(__class__=<class 'psychopy.visual.image.ImageStim'>, autoLog=True, color=array([1., 1., 1.]), colorSpace='rgb', contrast=1.0, depth=-1.0, flipHoriz=False, flipVert=False, image='sst_images/Instructions_Scanner_LeftHanded.bmp', interpolate=True, mask=None, maskParams=None, name='left_handed_instructions', opacity=1.0, ori=0.0, pos=array([0., 0.]), size=array([1.7, 2. ]), texRes=128, units='norm', win=Window(...))
6.2602 	EXP 	Created text_2 = TextStim(__class__=<class 'psychopy.visual.text.TextStim'>, alignHoriz='center', alignVert='center', antialias=True, autoLog=True, bold=False, color='white', colorSpace='named', contrast=1.0, depth=0.0, flipHoriz=False, flipVert=False, font='Arial', fontFiles=[], height=0.1, italic=False, languageStyle='LTR', name='text_2', opacity=1.0, ori=0, pos=array([0., 0.]), rgb=array([255., 255., 255.]), text='Waiting for scanner trigger...', units='norm', win=Window(...), wrapWidth=2)
6.2619 	EXP 	Created arrow_key = ImageStim(__class__=<class 'psychopy.visual.image.ImageStim'>, autoLog=True, color=array([1., 1., 1.]), colorSpace='rgb', contrast=1.0, depth=0.0, flipHoriz=False, flipVert=False, image='sin', interpolate=True, mask=None, maskParams=None, name='arrow_key', opacity=1.0, ori=0.0, pos=array([0., 0.]), size=array([1.8, 2. ]), texRes=128, units='norm', win=Window(...))
6.2634 	EXP 	Created stop_arrow = ImageStim(__class__=<class 'psychopy.visual.image.ImageStim'>, autoLog=True, color=array([1., 1., 1.]), colorSpace='rgb', contrast=1.0, depth=-1.0, flipHoriz=False, flipVert=False, image='sin', interpolate=True, mask=None, maskParams=None, name='stop_arrow', opacity=1.0, ori=0.0, pos=array([0., 0.]), size=array([1.7, 2. ]), texRes=128, units='norm', win=Window(...))
6.2723 	EXP 	Created fixation_cross = TextStim(__class__=<class 'psychopy.visual.text.TextStim'>, alignHoriz='center', alignVert='center', antialias=True, autoLog=True, bold=False, color='black', colorSpace='named', contrast=1.0, depth=0.0, flipHoriz=False, flipVert=False, font='Arial', fontFiles=[], height=0.2, italic=False, languageStyle='LTR', name='fixation_cross', opacity=1.0, ori=0, pos=array([0., 0.]), rgb=array([0., 0., 0.]), text='default text', units='norm', win=Window(...), wrapWidth=1)
6.2754 	EXP 	Created final_fixation_cross = TextStim(__class__=<class 'psychopy.visual.text.TextStim'>, alignHoriz='center', alignVert='center', antialias=True, autoLog=True, bold=False, color='white', colorSpace='named', contrast=1.0, depth=0.0, flipHoriz=False, flipVert=False, font='Arial', fontFiles=[], height=0.2, italic=False, languageStyle='LTR', name='final_fixation_cross', opacity=1.0, ori=0, pos=array([0., 0.]), rgb=array([255., 255., 255.]), text='+', units='norm', win=Window(...), wrapWidth=1)
6.2757 	EXP 	Created sequence: random, trialTypes=1, nReps=2, seed=None
6.2759 	EXP 	New trial (rep=0, index=0): None
6.3060 	EXP 	right_handed_instructions: autoDraw = True
9.5967 	DATA 	Keypress: space
9.6053 	EXP 	Imported sst_trial_order_practice.csv as conditions, 25 conditions, 6 params
9.6055 	EXP 	Created sequence: sequential, trialTypes=25, nReps=1, seed=None
9.6058 	EXP 	New trial (rep=0, index=0): OrderedDict([('trial_type', 'go'), ('arrow_1', 'sst_images/Left_Arrow.BMP'), ('arrow_2', None), ('corrAns', '1'), ('jitter', 955), ('run_end_fixation', None)])
9.6429 	EXP 	right_handed_instructions: autoDraw = False
9.6429 	EXP 	left_handed_instructions: autoDraw = False
9.6429 	EXP 	text_2: autoDraw = False
9.6429 	EXP 	arrow_key: image = 'sst_images/Left_Arrow.BMP'
9.6429 	EXP 	stop_arrow: image = None
9.6429 	EXP 	arrow_key: autoDraw = True
10.0629 	DATA 	Keypress: 1
10.0753 	EXP 	arrow_key: autoDraw = False
10.0753 	EXP 	stop_arrow: autoDraw = False
10.0753 	EXP 	fixation_cross: text = '+'
10.0753 	EXP 	fixation_cross: autoDraw = True
11.5946 	EXP 	New trial (rep=0, index=1): OrderedDict([('trial_type', 'go'), ('arrow_1', 'sst_images/Right_Arrow.BMP'), ('arrow_2', None), ('corrAns', '2'), ('jitter', 925), ('run_end_fixation', None)])
11.6509 	EXP 	fixation_cross: autoDraw = False
11.6509 	EXP 	fixation_cross: autoDraw = False
11.6509 	EXP 	arrow_key: image = 'sst_images/Right_Arrow.BMP'
11.6509 	EXP 	stop_arrow: image = None
11.6509 	EXP 	arrow_key: autoDraw = True
12.0124 	DATA 	Keypress: 2
12.0262 	EXP 	arrow_key: autoDraw = False
12.0262 	EXP 	stop_arrow: autoDraw = False
12.0262 	EXP 	fixation_cross: text = '+'
12.0262 	EXP 	fixation_cross: autoDraw = True
13.5770 	EXP 	New trial (rep=0, index=2): OrderedDict([('trial_type', 'go'), ('arrow_1', 'sst_images/Right_Arrow.BMP'), ('arrow_2', None), ('corrAns', '2'), ('jitter', 925), ('run_end_fixation', None)])
13.6267 	EXP 	fixation_cross: autoDraw = False
13.6267 	EXP 	fixation_cross: autoDraw = False
13.6267 	EXP 	arrow_key: image = 'sst_images/Right_Arrow.BMP'
13.6267 	EXP 	stop_arrow: image = None
13.6267 	EXP 	arrow_key: autoDraw = True
13.9799 	DATA 	Keypress: 2
13.9926 	EXP 	arrow_key: autoDraw = False
13.9926 	EXP 	stop_arrow: autoDraw = False
13.9926 	EXP 	fixation_cross: text = '+'
13.9926 	EXP 	fixation_cross: autoDraw = True
15.5447 	EXP 	New trial (rep=0, index=3): OrderedDict([('trial_type', 'go'), ('arrow_1', 'sst_images/Left_Arrow.BMP'), ('arrow_2', None), ('corrAns', '1'), ('jitter', 865), ('run_end_fixation', None)])
15.5840 	EXP 	fixation_cross: autoDraw = False
15.5840 	EXP 	fixation_cross: autoDraw = False
15.5840 	EXP 	arrow_key: image = 'sst_images/Left_Arrow.BMP'
15.5840 	EXP 	stop_arrow: image = None
15.5840 	EXP 	arrow_key: autoDraw = True
15.9298 	DATA 	Keypress: 1
15.9434 	EXP 	arrow_key: autoDraw = False
15.9434 	EXP 	stop_arrow: autoDraw = False
15.9434 	EXP 	fixation_cross: text = '+'
15.9434 	EXP 	fixation_cross: autoDraw = True
17.4449 	EXP 	New trial (rep=0, index=4): OrderedDict([('trial_type', 'go'), ('arrow_1', 'sst_images/Left_Arrow.BMP'), ('arrow_2', None), ('corrAns', '1'), ('jitter', 1045), ('run_end_fixation', None)])
17.4777 	EXP 	fixation_cross: autoDraw = False
17.4777 	EXP 	fixation_cross: autoDraw = False
17.4777 	EXP 	arrow_key: image = 'sst_images/Left_Arrow.BMP'
17.4777 	EXP 	stop_arrow: image = None
17.4777 	EXP 	arrow_key: autoDraw = True
17.7969 	DATA 	Keypress: 1
17.8099 	EXP 	arrow_key: autoDraw = False
17.8099 	EXP 	stop_arrow: autoDraw = False
17.8099 	EXP 	fixation_cross: text = '+'
17.8099 	EXP 	fixation_cross: autoDraw = True
19.5287 	EXP 	New trial (rep=0, index=5): OrderedDict([('trial_type', 'stop'), ('arrow_1', 'sst_images/Right_Arrow.BMP'), ('arrow_2', 'sst_images/Stop_Arrow.BMP'), ('corrAns', 'none'), ('jitter', 790), ('run_end_fixation', None)])
19.5900 	EXP 	fixation_cross: autoDraw = False
19.5900 	EXP 	fixation_cross: autoDraw = False
19.5900 	EXP 	arrow_key: image = 'sst_images/Right_Arrow.BMP'
19.5900 	EXP 	stop_arrow: image = 'sst_images/Stop_Arrow.BMP'
19.5900 	EXP 	arrow_key: autoDraw = True
19.6119 	EXP 	arrow_key: autoDraw = False
19.6340 	EXP 	stop_arrow: autoDraw = True
19.9299 	DATA 	Keypress: 2
19.9434 	EXP 	stop_arrow: autoDraw = False
19.9434 	EXP 	arrow_key: autoDraw = False
19.9434 	EXP 	stop_arrow: autoDraw = False
19.9434 	EXP 	fixation_cross: text = '+'
19.9434 	EXP 	fixation_cross: autoDraw = True
21.3791 	EXP 	New trial (rep=0, index=6): OrderedDict([('trial_type', 'go'), ('arrow_1', 'sst_images/Right_Arrow.BMP'), ('arrow_2', None), ('corrAns', '2'), ('jitter', 745), ('run_end_fixation', None)])
21.4109 	EXP 	fixation_cross: autoDraw = False
21.4109 	EXP 	fixation_cross: autoDraw = False
21.4109 	EXP 	arrow_key: image = 'sst_images/Right_Arrow.BMP'
21.4109 	EXP 	stop_arrow: image = None
21.4109 	EXP 	arrow_key: autoDraw = True
21.7976 	DATA 	Keypress: 2
21.8106 	EXP 	arrow_key: autoDraw = False
21.8106 	EXP 	stop_arrow: autoDraw = False
21.8106 	EXP 	fixation_cross: text = '+'
21.8106 	EXP 	fixation_cross: autoDraw = True
23.1458 	EXP 	New trial (rep=0, index=7): OrderedDict([('trial_type', 'go'), ('arrow_1', 'sst_images/Left_Arrow.BMP'), ('arrow_2', None), ('corrAns', '1'), ('jitter', 820), ('run_end_fixation', None)])
23.1902 	EXP 	fixation_cross: autoDraw = False
23.1902 	EXP 	fixation_cross: autoDraw = False
23.1902 	EXP 	arrow_key: image = 'sst_images/Left_Arrow.BMP'
23.1902 	EXP 	stop_arrow: image = None
23.1902 	EXP 	arrow_key: autoDraw = True
23.5473 	DATA 	Keypress: 1
23.5781 	EXP 	arrow_key: autoDraw = False
23.5781 	EXP 	stop_arrow: autoDraw = False
23.5781 	EXP 	fixation_cross: text = '+'
23.5781 	EXP 	fixation_cross: autoDraw = True
25.0112 	EXP 	New trial (rep=0, index=8): OrderedDict([('trial_type', 'go'), ('arrow_1', 'sst_images/Right_Arrow.BMP'), ('arrow_2', None), ('corrAns', '2'), ('jitter', 1090), ('run_end_fixation', None)])
25.0443 	EXP 	fixation_cross: autoDraw = False
25.0443 	EXP 	fixation_cross: autoDraw = False
25.0443 	EXP 	arrow_key: image = 'sst_images/Right_Arrow.BMP'
25.0443 	EXP 	stop_arrow: image = None
25.0443 	EXP 	arrow_key: autoDraw = True
25.3157 	DATA 	Keypress: 2
25.3439 	EXP 	arrow_key: autoDraw = False
25.3439 	EXP 	stop_arrow: autoDraw = False
25.3439 	EXP 	fixation_cross: text = '+'
25.3439 	EXP 	fixation_cross: autoDraw = True
27.1299 	EXP 	New trial (rep=0, index=9): OrderedDict([('trial_type', 'go'), ('arrow_1', 'sst_images/Right_Arrow.BMP'), ('arrow_2', None), ('corrAns', '2'), ('jitter', 700), ('run_end_fixation', None)])
27.1687 	EXP 	fixation_cross: autoDraw = False
27.1687 	EXP 	fixation_cross: autoDraw = False
27.1687 	EXP 	arrow_key: image = 'sst_images/Right_Arrow.BMP'
27.1687 	EXP 	stop_arrow: image = None
27.1687 	EXP 	arrow_key: autoDraw = True
27.5148 	DATA 	Keypress: 2
27.5282 	EXP 	arrow_key: autoDraw = False
27.5282 	EXP 	stop_arrow: autoDraw = False
27.5282 	EXP 	fixation_cross: text = '+'
27.5282 	EXP 	fixation_cross: autoDraw = True
28.8622 	EXP 	New trial (rep=0, index=10): OrderedDict([('trial_type', 'go'), ('arrow_1', 'sst_images/Left_Arrow.BMP'), ('arrow_2', None), ('corrAns', '1'), ('jitter', 760), ('run_end_fixation', None)])
28.8952 	EXP 	fixation_cross: autoDraw = False
28.8952 	EXP 	fixation_cross: autoDraw = False
28.8952 	EXP 	arrow_key: image = 'sst_images/Left_Arrow.BMP'
28.8952 	EXP 	stop_arrow: image = None
28.8952 	EXP 	arrow_key: autoDraw = True
29.2484 	DATA 	Keypress: 1
29.2611 	EXP 	arrow_key: autoDraw = False
29.2611 	EXP 	stop_arrow: autoDraw = False
29.2611 	EXP 	fixation_cross: text = '+'
29.2611 	EXP 	fixation_cross: autoDraw = True
30.6471 	EXP 	New trial (rep=0, index=11): OrderedDict([('trial_type', 'stop'), ('arrow_1', 'sst_images/Left_Arrow.BMP'), ('arrow_2', 'sst_images/Stop_Arrow.BMP'), ('corrAns', 'none'), ('jitter', 880), ('run_end_fixation', None)])
30.7020 	EXP 	fixation_cross: autoDraw = False
30.7020 	EXP 	fixation_cross: autoDraw = False
30.7020 	EXP 	arrow_key: image = 'sst_images/Left_Arrow.BMP'
30.7020 	EXP 	stop_arrow: image = 'sst_images/Stop_Arrow.BMP'
30.7020 	EXP 	arrow_key: autoDraw = True
30.7020 	EXP 	arrow_key: autoDraw = False
30.7156 	EXP 	stop_arrow: autoDraw = True
31.0284 	EXP 	stop_arrow: autoDraw = False
31.0284 	EXP 	arrow_key: autoDraw = False
31.0284 	EXP 	stop_arrow: autoDraw = False
31.0284 	EXP 	fixation_cross: text = '+'
31.0284 	EXP 	fixation_cross: autoDraw = True
32.5971 	EXP 	New trial (rep=0, index=12): OrderedDict([('trial_type', 'go'), ('arrow_1', 'sst_images/Right_Arrow.BMP'), ('arrow_2', None), ('corrAns', '2'), ('jitter', 730), ('run_end_fixation', None)])
32.6294 	EXP 	fixation_cross: autoDraw = False
32.6294 	EXP 	fixation_cross: autoDraw = False
32.6294 	EXP 	arrow_key: image = 'sst_images/Right_Arrow.BMP'
32.6294 	EXP 	stop_arrow: image = None
32.6294 	EXP 	arrow_key: autoDraw = True
33.0158 	DATA 	Keypress: 2
33.0287 	EXP 	arrow_key: autoDraw = False
33.0287 	EXP 	stop_arrow: autoDraw = False
33.0287 	EXP 	fixation_cross: text = '+'
33.0287 	EXP 	fixation_cross: autoDraw = True
34.3639 	EXP 	New trial (rep=0, index=13): OrderedDict([('trial_type', 'go'), ('arrow_1', 'sst_images/Left_Arrow.BMP'), ('arrow_2', None), ('corrAns', '1'), ('jitter', 910), ('run_end_fixation', None)])
34.4028 	EXP 	fixation_cross: autoDraw = False
34.4028 	EXP 	fixation_cross: autoDraw = False
34.4028 	EXP 	arrow_key: image = 'sst_images/Left_Arrow.BMP'
34.4028 	EXP 	stop_arrow: image = None
34.4028 	EXP 	arrow_key: autoDraw = True
34.7146 	DATA 	Keypress: 1
34.7284 	EXP 	arrow_key: autoDraw = False
34.7284 	EXP 	stop_arrow: autoDraw = False
34.7284 	EXP 	fixation_cross: text = '+'
34.7284 	EXP 	fixation_cross: autoDraw = True
36.3143 	EXP 	New trial (rep=0, index=14): OrderedDict([('trial_type', 'go'), ('arrow_1', 'sst_images/Left_Arrow.BMP'), ('arrow_2', None), ('corrAns', '1'), ('jitter', 955), ('run_end_fixation', None)])
36.3298 	EXP 	fixation_cross: autoDraw = False
36.3298 	EXP 	fixation_cross: autoDraw = False
36.3298 	EXP 	arrow_key: image = 'sst_images/Left_Arrow.BMP'
36.3298 	EXP 	stop_arrow: image = None
36.3298 	EXP 	arrow_key: autoDraw = True
36.5823 	DATA 	Keypress: 2
36.5959 	EXP 	arrow_key: autoDraw = False
36.5959 	EXP 	stop_arrow: autoDraw = False
36.5959 	EXP 	fixation_cross: text = '+'
36.5959 	EXP 	fixation_cross: autoDraw = True
38.2821 	EXP 	New trial (rep=0, index=15): OrderedDict([('trial_type', 'go'), ('arrow_1', 'sst_images/Left_Arrow.BMP'), ('arrow_2', None), ('corrAns', '1'), ('jitter', 1045), ('run_end_fixation', None)])
38.3283 	EXP 	fixation_cross: autoDraw = False
38.3283 	EXP 	fixation_cross: autoDraw = False
38.3283 	EXP 	arrow_key: image = 'sst_images/Left_Arrow.BMP'
38.3283 	EXP 	stop_arrow: image = None
38.3283 	EXP 	arrow_key: autoDraw = True
38.6653 	DATA 	Keypress: 1
38.6801 	EXP 	arrow_key: autoDraw = False
38.6801 	EXP 	stop_arrow: autoDraw = False
38.6801 	EXP 	fixation_cross: text = '+'
38.6801 	EXP 	fixation_cross: autoDraw = True
40.3647 	EXP 	New trial (rep=0, index=16): OrderedDict([('trial_type', 'go'), ('arrow_1', 'sst_images/Right_Arrow.BMP'), ('arrow_2', None), ('corrAns', '2'), ('jitter', 1045), ('run_end_fixation', None)])
40.3963 	EXP 	fixation_cross: autoDraw = False
40.3963 	EXP 	fixation_cross: autoDraw = False
40.3963 	EXP 	arrow_key: image = 'sst_images/Right_Arrow.BMP'
40.3963 	EXP 	stop_arrow: image = None
40.3963 	EXP 	arrow_key: autoDraw = True
40.7335 	DATA 	Keypress: 2
40.7464 	EXP 	arrow_key: autoDraw = False
40.7464 	EXP 	stop_arrow: autoDraw = False
40.7464 	EXP 	fixation_cross: text = '+'
40.7464 	EXP 	fixation_cross: autoDraw = True
42.4319 	EXP 	New trial (rep=0, index=17): OrderedDict([('trial_type', 'go'), ('arrow_1', 'sst_images/Left_Arrow.BMP'), ('arrow_2', None), ('corrAns', '1'), ('jitter', 985), ('run_end_fixation', None)])
42.4708 	EXP 	fixation_cross: autoDraw = False
42.4708 	EXP 	fixation_cross: autoDraw = False
42.4708 	EXP 	arrow_key: image = 'sst_images/Left_Arrow.BMP'
42.4708 	EXP 	stop_arrow: image = None
42.4708 	EXP 	arrow_key: autoDraw = True
42.7996 	DATA 	Keypress: 1
42.8133 	EXP 	arrow_key: autoDraw = False
42.8133 	EXP 	stop_arrow: autoDraw = False
42.8133 	EXP 	fixation_cross: text = '+'
42.8133 	EXP 	fixation_cross: autoDraw = True
44.4486 	EXP 	New trial (rep=0, index=18): OrderedDict([('trial_type', 'stop'), ('arrow_1', 'sst_images/Left_Arrow.BMP'), ('arrow_2', 'sst_images/Stop_Arrow.BMP'), ('corrAns', 'none'), ('jitter', 760), ('run_end_fixation', None)])
44.4807 	EXP 	fixation_cross: autoDraw = False
44.4807 	EXP 	fixation_cross: autoDraw = False
44.4807 	EXP 	arrow_key: image = 'sst_images/Left_Arrow.BMP'
44.4807 	EXP 	stop_arrow: image = 'sst_images/Stop_Arrow.BMP'
44.4807 	EXP 	arrow_key: autoDraw = True
44.4807 	EXP 	arrow_key: autoDraw = False
44.4975 	EXP 	stop_arrow: autoDraw = True
44.8137 	EXP 	stop_arrow: autoDraw = False
44.8137 	EXP 	arrow_key: autoDraw = False
44.8137 	EXP 	stop_arrow: autoDraw = False
44.8137 	EXP 	fixation_cross: text = '+'
44.8137 	EXP 	fixation_cross: autoDraw = True
46.2489 	EXP 	New trial (rep=0, index=19): OrderedDict([('trial_type', 'go'), ('arrow_1', 'sst_images/Left_Arrow.BMP'), ('arrow_2', None), ('corrAns', '1'), ('jitter', 775), ('run_end_fixation', None)])
46.2881 	EXP 	fixation_cross: autoDraw = False
46.2881 	EXP 	fixation_cross: autoDraw = False
46.2881 	EXP 	arrow_key: image = 'sst_images/Left_Arrow.BMP'
46.2881 	EXP 	stop_arrow: image = None
46.2881 	EXP 	arrow_key: autoDraw = True
46.6843 	DATA 	Keypress: 1
46.6973 	EXP 	arrow_key: autoDraw = False
46.6973 	EXP 	stop_arrow: autoDraw = False
46.6973 	EXP 	fixation_cross: text = '+'
46.6973 	EXP 	fixation_cross: autoDraw = True
48.0654 	EXP 	New trial (rep=0, index=20): OrderedDict([('trial_type', 'go'), ('arrow_1', 'sst_images/Right_Arrow.BMP'), ('arrow_2', None), ('corrAns', '2'), ('jitter', 1015), ('run_end_fixation', None)])
48.0976 	EXP 	fixation_cross: autoDraw = False
48.0976 	EXP 	fixation_cross: autoDraw = False
48.0976 	EXP 	arrow_key: image = 'sst_images/Right_Arrow.BMP'
48.0976 	EXP 	stop_arrow: image = None
48.0976 	EXP 	arrow_key: autoDraw = True
48.4011 	DATA 	Keypress: 2
48.4146 	EXP 	arrow_key: autoDraw = False
48.4146 	EXP 	stop_arrow: autoDraw = False
48.4146 	EXP 	fixation_cross: text = '+'
48.4146 	EXP 	fixation_cross: autoDraw = True
50.1162 	EXP 	New trial (rep=0, index=21): OrderedDict([('trial_type', 'go'), ('arrow_1', 'sst_images/Left_Arrow.BMP'), ('arrow_2', None), ('corrAns', '1'), ('jitter', 760), ('run_end_fixation', None)])
50.1545 	EXP 	fixation_cross: autoDraw = False
50.1545 	EXP 	fixation_cross: autoDraw = False
50.1545 	EXP 	arrow_key: image = 'sst_images/Left_Arrow.BMP'
50.1545 	EXP 	stop_arrow: image = None
50.1545 	EXP 	arrow_key: autoDraw = True
50.4180 	DATA 	Keypress: 2
50.4312 	EXP 	arrow_key: autoDraw = False
50.4312 	EXP 	stop_arrow: autoDraw = False
50.4312 	EXP 	fixation_cross: text = '+'
50.4312 	EXP 	fixation_cross: autoDraw = True
51.9164 	EXP 	New trial (rep=0, index=22): OrderedDict([('trial_type', 'stop'), ('arrow_1', 'sst_images/Right_Arrow.BMP'), ('arrow_2', 'sst_images/Stop_Arrow.BMP'), ('corrAns', 'none'), ('jitter', 985), ('run_end_fixation', None)])
51.9649 	EXP 	fixation_cross: autoDraw = False
51.9649 	EXP 	fixation_cross: autoDraw = False
51.9649 	EXP 	arrow_key: image = 'sst_images/Right_Arrow.BMP'
51.9649 	EXP 	stop_arrow: image = 'sst_images/Stop_Arrow.BMP'
51.9649 	EXP 	arrow_key: autoDraw = True
51.9649 	EXP 	arrow_key: autoDraw = False
51.9819 	EXP 	stop_arrow: autoDraw = True
52.2819 	EXP 	stop_arrow: autoDraw = False
52.2819 	EXP 	arrow_key: autoDraw = False
52.2819 	EXP 	stop_arrow: autoDraw = False
52.2819 	EXP 	fixation_cross: text = '+'
52.2819 	EXP 	fixation_cross: autoDraw = True
52.3513 	DATA 	Keypress: 1
53.9501 	EXP 	New trial (rep=0, index=23): OrderedDict([('trial_type', 'go'), ('arrow_1', 'sst_images/Right_Arrow.BMP'), ('arrow_2', None), ('corrAns', '2'), ('jitter', 715), ('run_end_fixation', None)])
53.9941 	EXP 	fixation_cross: autoDraw = False
53.9941 	EXP 	fixation_cross: autoDraw = False
53.9941 	EXP 	arrow_key: image = 'sst_images/Right_Arrow.BMP'
53.9941 	EXP 	stop_arrow: image = None
53.9941 	EXP 	arrow_key: autoDraw = True
54.3507 	DATA 	Keypress: 2
54.3648 	EXP 	arrow_key: autoDraw = False
54.3648 	EXP 	stop_arrow: autoDraw = False
54.3648 	EXP 	fixation_cross: text = '+'
54.3648 	EXP 	fixation_cross: autoDraw = True
55.6994 	EXP 	New trial (rep=0, index=24): OrderedDict([('trial_type', 'go'), ('arrow_1', 'sst_images/Left_Arrow.BMP'), ('arrow_2', None), ('corrAns', '1'), ('jitter', 745), ('run_end_fixation', 3264.0)])
55.7666 	EXP 	fixation_cross: autoDraw = False
55.7666 	EXP 	fixation_cross: autoDraw = False
55.7666 	EXP 	arrow_key: image = 'sst_images/Left_Arrow.BMP'
55.7666 	EXP 	stop_arrow: image = None
55.7666 	EXP 	arrow_key: autoDraw = True
56.1016 	DATA 	Keypress: 1
56.1155 	EXP 	arrow_key: autoDraw = False
56.1155 	EXP 	stop_arrow: autoDraw = False
56.1155 	EXP 	fixation_cross: text = '+'
56.1155 	EXP 	fixation_cross: autoDraw = True
57.5334 	EXP 	fixation_cross: autoDraw = False
57.5334 	EXP 	fixation_cross: autoDraw = False
57.5334 	EXP 	final_fixation_cross: autoDraw = True
60.7838 	EXP 	New trial (rep=1, index=0): None
60.7999 	EXP 	final_fixation_cross: autoDraw = False
60.7999 	EXP 	right_handed_instructions: autoDraw = True
68.2180 	DATA 	Keypress: space
68.2272 	EXP 	Imported sst_trial_order_practice.csv as conditions, 25 conditions, 6 params
68.2275 	EXP 	Created sequence: sequential, trialTypes=25, nReps=1, seed=None
68.2278 	EXP 	New trial (rep=0, index=0): OrderedDict([('trial_type', 'go'), ('arrow_1', 'sst_images/Left_Arrow.BMP'), ('arrow_2', None), ('corrAns', '1'), ('jitter', 955), ('run_end_fixation', None)])
68.2664 	EXP 	right_handed_instructions: autoDraw = False
68.2664 	EXP 	left_handed_instructions: autoDraw = False
68.2664 	EXP 	text_2: autoDraw = False
68.2664 	EXP 	arrow_key: image = 'sst_images/Left_Arrow.BMP'
68.2664 	EXP 	stop_arrow: image = None
68.2664 	EXP 	arrow_key: autoDraw = True
68.7523 	DATA 	Keypress: 1
68.7668 	EXP 	arrow_key: autoDraw = False
68.7668 	EXP 	stop_arrow: autoDraw = False
68.7668 	EXP 	fixation_cross: text = '+'
68.7668 	EXP 	fixation_cross: autoDraw = True
70.2170 	EXP 	New trial (rep=0, index=1): OrderedDict([('trial_type', 'go'), ('arrow_1', 'sst_images/Right_Arrow.BMP'), ('arrow_2', None), ('corrAns', '2'), ('jitter', 925), ('run_end_fixation', None)])
70.2572 	EXP 	fixation_cross: autoDraw = False
70.2572 	EXP 	fixation_cross: autoDraw = False
70.2572 	EXP 	arrow_key: image = 'sst_images/Right_Arrow.BMP'
70.2572 	EXP 	stop_arrow: image = None
70.2572 	EXP 	arrow_key: autoDraw = True
70.5855 	DATA 	Keypress: 2
70.6003 	EXP 	arrow_key: autoDraw = False
70.6003 	EXP 	stop_arrow: autoDraw = False
70.6003 	EXP 	fixation_cross: text = '+'
70.6003 	EXP 	fixation_cross: autoDraw = True
72.1857 	EXP 	New trial (rep=0, index=2): OrderedDict([('trial_type', 'go'), ('arrow_1', 'sst_images/Right_Arrow.BMP'), ('arrow_2', None), ('corrAns', '2'), ('jitter', 925), ('run_end_fixation', None)])
72.2198 	EXP 	fixation_cross: autoDraw = False
72.2198 	EXP 	fixation_cross: autoDraw = False
72.2198 	EXP 	arrow_key: image = 'sst_images/Right_Arrow.BMP'
72.2198 	EXP 	stop_arrow: image = None
72.2198 	EXP 	arrow_key: autoDraw = True
72.5870 	DATA 	Keypress: 2
72.6007 	EXP 	arrow_key: autoDraw = False
72.6007 	EXP 	stop_arrow: autoDraw = False
72.6007 	EXP 	fixation_cross: text = '+'
72.6007 	EXP 	fixation_cross: autoDraw = True
74.1352 	EXP 	New trial (rep=0, index=3): OrderedDict([('trial_type', 'go'), ('arrow_1', 'sst_images/Left_Arrow.BMP'), ('arrow_2', None), ('corrAns', '1'), ('jitter', 865), ('run_end_fixation', None)])
74.1677 	EXP 	fixation_cross: autoDraw = False
74.1677 	EXP 	fixation_cross: autoDraw = False
74.1677 	EXP 	arrow_key: image = 'sst_images/Left_Arrow.BMP'
74.1677 	EXP 	stop_arrow: image = None
74.1677 	EXP 	arrow_key: autoDraw = True
74.4694 	DATA 	Keypress: 1
74.4835 	EXP 	arrow_key: autoDraw = False
74.4835 	EXP 	stop_arrow: autoDraw = False
74.4835 	EXP 	fixation_cross: text = '+'
74.4835 	EXP 	fixation_cross: autoDraw = True
76.0355 	EXP 	New trial (rep=0, index=4): OrderedDict([('trial_type', 'go'), ('arrow_1', 'sst_images/Left_Arrow.BMP'), ('arrow_2', None), ('corrAns', '1'), ('jitter', 1045), ('run_end_fixation', None)])
76.0683 	EXP 	fixation_cross: autoDraw = False
76.0683 	EXP 	fixation_cross: autoDraw = False
76.0683 	EXP 	arrow_key: image = 'sst_images/Left_Arrow.BMP'
76.0683 	EXP 	stop_arrow: image = None
76.0683 	EXP 	arrow_key: autoDraw = True
76.4214 	DATA 	Keypress: 1
76.4344 	EXP 	arrow_key: autoDraw = False
76.4344 	EXP 	stop_arrow: autoDraw = False
76.4344 	EXP 	fixation_cross: text = '+'
76.4344 	EXP 	fixation_cross: autoDraw = True
78.1033 	EXP 	New trial (rep=0, index=5): OrderedDict([('trial_type', 'stop'), ('arrow_1', 'sst_images/Right_Arrow.BMP'), ('arrow_2', 'sst_images/Stop_Arrow.BMP'), ('corrAns', 'none'), ('jitter', 790), ('run_end_fixation', None)])
78.1443 	EXP 	fixation_cross: autoDraw = False
78.1443 	EXP 	fixation_cross: autoDraw = False
78.1443 	EXP 	arrow_key: image = 'sst_images/Right_Arrow.BMP'
78.1443 	EXP 	stop_arrow: image = 'sst_images/Stop_Arrow.BMP'
78.1443 	EXP 	arrow_key: autoDraw = True
78.1443 	EXP 	arrow_key: autoDraw = False
78.1677 	EXP 	stop_arrow: autoDraw = True
78.4690 	EXP 	stop_arrow: autoDraw = False
78.4690 	EXP 	arrow_key: autoDraw = False
78.4690 	EXP 	stop_arrow: autoDraw = False
78.4690 	EXP 	fixation_cross: text = '+'
78.4690 	EXP 	fixation_cross: autoDraw = True
79.9368 	EXP 	New trial (rep=0, index=6): OrderedDict([('trial_type', 'go'), ('arrow_1', 'sst_images/Right_Arrow.BMP'), ('arrow_2', None), ('corrAns', '2'), ('jitter', 745), ('run_end_fixation', None)])
79.9690 	EXP 	fixation_cross: autoDraw = False
79.9690 	EXP 	fixation_cross: autoDraw = False
79.9690 	EXP 	arrow_key: image = 'sst_images/Right_Arrow.BMP'
79.9690 	EXP 	stop_arrow: image = None
79.9690 	EXP 	arrow_key: autoDraw = True
80.2889 	DATA 	Keypress: 2
80.3188 	EXP 	arrow_key: autoDraw = False
80.3188 	EXP 	stop_arrow: autoDraw = False
80.3188 	EXP 	fixation_cross: text = '+'
80.3188 	EXP 	fixation_cross: autoDraw = True
81.7203 	EXP 	New trial (rep=0, index=7): OrderedDict([('trial_type', 'go'), ('arrow_1', 'sst_images/Left_Arrow.BMP'), ('arrow_2', None), ('corrAns', '1'), ('jitter', 820), ('run_end_fixation', None)])
81.7593 	EXP 	fixation_cross: autoDraw = False
81.7593 	EXP 	fixation_cross: autoDraw = False
81.7593 	EXP 	arrow_key: image = 'sst_images/Left_Arrow.BMP'
81.7593 	EXP 	stop_arrow: image = None
81.7593 	EXP 	arrow_key: autoDraw = True
82.0718 	DATA 	Keypress: 1
82.0856 	EXP 	arrow_key: autoDraw = False
82.0856 	EXP 	stop_arrow: autoDraw = False
82.0856 	EXP 	fixation_cross: text = '+'
82.0856 	EXP 	fixation_cross: autoDraw = True
83.5706 	EXP 	New trial (rep=0, index=8): OrderedDict([('trial_type', 'go'), ('arrow_1', 'sst_images/Right_Arrow.BMP'), ('arrow_2', None), ('corrAns', '2'), ('jitter', 1090), ('run_end_fixation', None)])
83.6029 	EXP 	fixation_cross: autoDraw = False
83.6029 	EXP 	fixation_cross: autoDraw = False
83.6029 	EXP 	arrow_key: image = 'sst_images/Right_Arrow.BMP'
83.6029 	EXP 	stop_arrow: image = None
83.6029 	EXP 	arrow_key: autoDraw = True
83.9054 	DATA 	Keypress: 2
83.9185 	EXP 	arrow_key: autoDraw = False
83.9185 	EXP 	stop_arrow: autoDraw = False
83.9185 	EXP 	fixation_cross: text = '+'
83.9185 	EXP 	fixation_cross: autoDraw = True
85.6876 	EXP 	New trial (rep=0, index=9): OrderedDict([('trial_type', 'go'), ('arrow_1', 'sst_images/Right_Arrow.BMP'), ('arrow_2', None), ('corrAns', '2'), ('jitter', 700), ('run_end_fixation', None)])
85.7256 	EXP 	fixation_cross: autoDraw = False
85.7256 	EXP 	fixation_cross: autoDraw = False
85.7256 	EXP 	arrow_key: image = 'sst_images/Right_Arrow.BMP'
85.7256 	EXP 	stop_arrow: image = None
85.7256 	EXP 	arrow_key: autoDraw = True
86.0207 	DATA 	Keypress: 2
86.0355 	EXP 	arrow_key: autoDraw = False
86.0355 	EXP 	stop_arrow: autoDraw = False
86.0355 	EXP 	fixation_cross: text = '+'
86.0355 	EXP 	fixation_cross: autoDraw = True
87.4211 	EXP 	New trial (rep=0, index=10): OrderedDict([('trial_type', 'go'), ('arrow_1', 'sst_images/Left_Arrow.BMP'), ('arrow_2', None), ('corrAns', '1'), ('jitter', 760), ('run_end_fixation', None)])
87.4530 	EXP 	fixation_cross: autoDraw = False
87.4530 	EXP 	fixation_cross: autoDraw = False
87.4530 	EXP 	arrow_key: image = 'sst_images/Left_Arrow.BMP'
87.4530 	EXP 	stop_arrow: image = None
87.4530 	EXP 	arrow_key: autoDraw = True
87.7548 	DATA 	Keypress: 1
87.7688 	EXP 	arrow_key: autoDraw = False
87.7688 	EXP 	stop_arrow: autoDraw = False
87.7688 	EXP 	fixation_cross: text = '+'
87.7688 	EXP 	fixation_cross: autoDraw = True
89.2047 	EXP 	New trial (rep=0, index=11): OrderedDict([('trial_type', 'stop'), ('arrow_1', 'sst_images/Left_Arrow.BMP'), ('arrow_2', 'sst_images/Stop_Arrow.BMP'), ('corrAns', 'none'), ('jitter', 880), ('run_end_fixation', None)])
89.2602 	EXP 	fixation_cross: autoDraw = False
89.2602 	EXP 	fixation_cross: autoDraw = False
89.2602 	EXP 	arrow_key: image = 'sst_images/Left_Arrow.BMP'
89.2602 	EXP 	stop_arrow: image = 'sst_images/Stop_Arrow.BMP'
89.2602 	EXP 	arrow_key: autoDraw = True
89.2602 	EXP 	arrow_key: autoDraw = False
89.2736 	EXP 	stop_arrow: autoDraw = True
89.5868 	EXP 	stop_arrow: autoDraw = False
89.5868 	EXP 	arrow_key: autoDraw = False
89.5868 	EXP 	stop_arrow: autoDraw = False
89.5868 	EXP 	fixation_cross: text = '+'
89.5868 	EXP 	fixation_cross: autoDraw = True
91.1549 	EXP 	New trial (rep=0, index=12): OrderedDict([('trial_type', 'go'), ('arrow_1', 'sst_images/Right_Arrow.BMP'), ('arrow_2', None), ('corrAns', '2'), ('jitter', 730), ('run_end_fixation', None)])
91.1868 	EXP 	fixation_cross: autoDraw = False
91.1868 	EXP 	fixation_cross: autoDraw = False
91.1868 	EXP 	arrow_key: image = 'sst_images/Right_Arrow.BMP'
91.1868 	EXP 	stop_arrow: image = None
91.1868 	EXP 	arrow_key: autoDraw = True
91.5389 	DATA 	Keypress: 2
91.5532 	EXP 	arrow_key: autoDraw = False
91.5532 	EXP 	stop_arrow: autoDraw = False
91.5532 	EXP 	fixation_cross: text = '+'
91.5532 	EXP 	fixation_cross: autoDraw = True
92.9219 	EXP 	New trial (rep=0, index=13): OrderedDict([('trial_type', 'go'), ('arrow_1', 'sst_images/Left_Arrow.BMP'), ('arrow_2', None), ('corrAns', '1'), ('jitter', 910), ('run_end_fixation', None)])
92.9609 	EXP 	fixation_cross: autoDraw = False
92.9609 	EXP 	fixation_cross: autoDraw = False
92.9609 	EXP 	arrow_key: image = 'sst_images/Left_Arrow.BMP'
92.9609 	EXP 	stop_arrow: image = None
92.9609 	EXP 	arrow_key: autoDraw = True
93.2746 	DATA 	Keypress: 1
93.3030 	EXP 	arrow_key: autoDraw = False
93.3030 	EXP 	stop_arrow: autoDraw = False
93.3030 	EXP 	fixation_cross: text = '+'
93.3030 	EXP 	fixation_cross: autoDraw = True
94.8721 	EXP 	New trial (rep=0, index=14): OrderedDict([('trial_type', 'go'), ('arrow_1', 'sst_images/Left_Arrow.BMP'), ('arrow_2', None), ('corrAns', '1'), ('jitter', 955), ('run_end_fixation', None)])
94.9045 	EXP 	fixation_cross: autoDraw = False
94.9045 	EXP 	fixation_cross: autoDraw = False
94.9045 	EXP 	arrow_key: image = 'sst_images/Left_Arrow.BMP'
94.9045 	EXP 	stop_arrow: image = None
94.9045 	EXP 	arrow_key: autoDraw = True
95.2572 	DATA 	Keypress: 1
95.2703 	EXP 	arrow_key: autoDraw = False
95.2703 	EXP 	stop_arrow: autoDraw = False
95.2703 	EXP 	fixation_cross: text = '+'
95.2703 	EXP 	fixation_cross: autoDraw = True
96.8558 	EXP 	New trial (rep=0, index=15): OrderedDict([('trial_type', 'go'), ('arrow_1', 'sst_images/Left_Arrow.BMP'), ('arrow_2', None), ('corrAns', '1'), ('jitter', 1045), ('run_end_fixation', None)])
96.8973 	EXP 	fixation_cross: autoDraw = False
96.8973 	EXP 	fixation_cross: autoDraw = False
96.8973 	EXP 	arrow_key: image = 'sst_images/Left_Arrow.BMP'
96.8973 	EXP 	stop_arrow: image = None
96.8973 	EXP 	arrow_key: autoDraw = True
97.2565 	DATA 	Keypress: 1
97.2704 	EXP 	arrow_key: autoDraw = False
97.2704 	EXP 	stop_arrow: autoDraw = False
97.2704 	EXP 	fixation_cross: text = '+'
97.2704 	EXP 	fixation_cross: autoDraw = True
98.9392 	EXP 	New trial (rep=0, index=16): OrderedDict([('trial_type', 'go'), ('arrow_1', 'sst_images/Right_Arrow.BMP'), ('arrow_2', None), ('corrAns', '2'), ('jitter', 1045), ('run_end_fixation', None)])
98.9712 	EXP 	fixation_cross: autoDraw = False
98.9712 	EXP 	fixation_cross: autoDraw = False
98.9712 	EXP 	arrow_key: image = 'sst_images/Right_Arrow.BMP'
98.9712 	EXP 	stop_arrow: image = None
98.9712 	EXP 	arrow_key: autoDraw = True
99.3072 	DATA 	Keypress: 2
99.3208 	EXP 	arrow_key: autoDraw = False
99.3208 	EXP 	stop_arrow: autoDraw = False
99.3208 	EXP 	fixation_cross: text = '+'
99.3208 	EXP 	fixation_cross: autoDraw = True
101.0059 	EXP 	New trial (rep=0, index=17): OrderedDict([('trial_type', 'go'), ('arrow_1', 'sst_images/Left_Arrow.BMP'), ('arrow_2', None), ('corrAns', '1'), ('jitter', 985), ('run_end_fixation', None)])
101.0502 	EXP 	fixation_cross: autoDraw = False
101.0502 	EXP 	fixation_cross: autoDraw = False
101.0502 	EXP 	arrow_key: image = 'sst_images/Left_Arrow.BMP'
101.0502 	EXP 	stop_arrow: image = None
101.0502 	EXP 	arrow_key: autoDraw = True
101.3738 	DATA 	Keypress: 1
101.3873 	EXP 	arrow_key: autoDraw = False
101.3873 	EXP 	stop_arrow: autoDraw = False
101.3873 	EXP 	fixation_cross: text = '+'
101.3873 	EXP 	fixation_cross: autoDraw = True
103.0398 	EXP 	New trial (rep=0, index=18): OrderedDict([('trial_type', 'stop'), ('arrow_1', 'sst_images/Left_Arrow.BMP'), ('arrow_2', 'sst_images/Stop_Arrow.BMP'), ('corrAns', 'none'), ('jitter', 760), ('run_end_fixation', None)])
103.0885 	EXP 	fixation_cross: autoDraw = False
103.0885 	EXP 	fixation_cross: autoDraw = False
103.0885 	EXP 	arrow_key: image = 'sst_images/Left_Arrow.BMP'
103.0885 	EXP 	stop_arrow: image = 'sst_images/Stop_Arrow.BMP'
103.0885 	EXP 	arrow_key: autoDraw = True
103.0885 	EXP 	arrow_key: autoDraw = False
103.1053 	EXP 	stop_arrow: autoDraw = True
103.4221 	EXP 	stop_arrow: autoDraw = False
103.4221 	EXP 	arrow_key: autoDraw = False
103.4221 	EXP 	stop_arrow: autoDraw = False
103.4221 	EXP 	fixation_cross: text = '+'
103.4221 	EXP 	fixation_cross: autoDraw = True
104.8568 	EXP 	New trial (rep=0, index=19): OrderedDict([('trial_type', 'go'), ('arrow_1', 'sst_images/Left_Arrow.BMP'), ('arrow_2', None), ('corrAns', '1'), ('jitter', 775), ('run_end_fixation', None)])
104.9153 	EXP 	fixation_cross: autoDraw = False
104.9153 	EXP 	fixation_cross: autoDraw = False
104.9153 	EXP 	arrow_key: image = 'sst_images/Left_Arrow.BMP'
104.9153 	EXP 	stop_arrow: image = None
104.9153 	EXP 	arrow_key: autoDraw = True
105.2098 	DATA 	Keypress: 1
105.2379 	EXP 	arrow_key: autoDraw = False
105.2379 	EXP 	stop_arrow: autoDraw = False
105.2379 	EXP 	fixation_cross: text = '+'
105.2379 	EXP 	fixation_cross: autoDraw = True
106.6901 	EXP 	New trial (rep=0, index=20): OrderedDict([('trial_type', 'go'), ('arrow_1', 'sst_images/Right_Arrow.BMP'), ('arrow_2', None), ('corrAns', '2'), ('jitter', 1015), ('run_end_fixation', None)])
106.7228 	EXP 	fixation_cross: autoDraw = False
106.7228 	EXP 	fixation_cross: autoDraw = False
106.7228 	EXP 	arrow_key: image = 'sst_images/Right_Arrow.BMP'
106.7228 	EXP 	stop_arrow: image = None
106.7228 	EXP 	arrow_key: autoDraw = True
107.0588 	DATA 	Keypress: 1
107.0719 	EXP 	arrow_key: autoDraw = False
107.0719 	EXP 	stop_arrow: autoDraw = False
107.0719 	EXP 	fixation_cross: text = '+'
107.0719 	EXP 	fixation_cross: autoDraw = True
107.0909 	DATA 	Keypress: 2
108.7407 	EXP 	New trial (rep=0, index=21): OrderedDict([('trial_type', 'go'), ('arrow_1', 'sst_images/Left_Arrow.BMP'), ('arrow_2', None), ('corrAns', '1'), ('jitter', 760), ('run_end_fixation', None)])
108.7868 	EXP 	fixation_cross: autoDraw = False
108.7868 	EXP 	fixation_cross: autoDraw = False
108.7868 	EXP 	arrow_key: image = 'sst_images/Left_Arrow.BMP'
108.7868 	EXP 	stop_arrow: image = None
108.7868 	EXP 	arrow_key: autoDraw = True
109.0420 	DATA 	Keypress: 1
109.0559 	EXP 	arrow_key: autoDraw = False
109.0559 	EXP 	stop_arrow: autoDraw = False
109.0559 	EXP 	fixation_cross: text = '+'
109.0559 	EXP 	fixation_cross: autoDraw = True
110.5407 	EXP 	New trial (rep=0, index=22): OrderedDict([('trial_type', 'stop'), ('arrow_1', 'sst_images/Right_Arrow.BMP'), ('arrow_2', 'sst_images/Stop_Arrow.BMP'), ('corrAns', 'none'), ('jitter', 985), ('run_end_fixation', None)])
110.5895 	EXP 	fixation_cross: autoDraw = False
110.5895 	EXP 	fixation_cross: autoDraw = False
110.5895 	EXP 	arrow_key: image = 'sst_images/Right_Arrow.BMP'
110.5895 	EXP 	stop_arrow: image = 'sst_images/Stop_Arrow.BMP'
110.5895 	EXP 	arrow_key: autoDraw = True
110.5895 	EXP 	arrow_key: autoDraw = False
110.6063 	EXP 	stop_arrow: autoDraw = True
110.9059 	EXP 	stop_arrow: autoDraw = False
110.9059 	EXP 	arrow_key: autoDraw = False
110.9059 	EXP 	stop_arrow: autoDraw = False
110.9059 	EXP 	fixation_cross: text = '+'
110.9059 	EXP 	fixation_cross: autoDraw = True
112.5744 	EXP 	New trial (rep=0, index=23): OrderedDict([('trial_type', 'go'), ('arrow_1', 'sst_images/Right_Arrow.BMP'), ('arrow_2', None), ('corrAns', '2'), ('jitter', 715), ('run_end_fixation', None)])
112.6132 	EXP 	fixation_cross: autoDraw = False
112.6132 	EXP 	fixation_cross: autoDraw = False
112.6132 	EXP 	arrow_key: image = 'sst_images/Right_Arrow.BMP'
112.6132 	EXP 	stop_arrow: image = None
112.6132 	EXP 	arrow_key: autoDraw = True
112.9249 	DATA 	Keypress: 2
112.9391 	EXP 	arrow_key: autoDraw = False
112.9391 	EXP 	stop_arrow: autoDraw = False
112.9391 	EXP 	fixation_cross: text = '+'
112.9391 	EXP 	fixation_cross: autoDraw = True
114.3247 	EXP 	New trial (rep=0, index=24): OrderedDict([('trial_type', 'go'), ('arrow_1', 'sst_images/Left_Arrow.BMP'), ('arrow_2', None), ('corrAns', '1'), ('jitter', 745), ('run_end_fixation', 3264.0)])
114.3564 	EXP 	fixation_cross: autoDraw = False
114.3564 	EXP 	fixation_cross: autoDraw = False
114.3564 	EXP 	arrow_key: image = 'sst_images/Left_Arrow.BMP'
114.3564 	EXP 	stop_arrow: image = None
114.3564 	EXP 	arrow_key: autoDraw = True
114.6254 	DATA 	Keypress: 1
114.6393 	EXP 	arrow_key: autoDraw = False
114.6393 	EXP 	stop_arrow: autoDraw = False
114.6393 	EXP 	fixation_cross: text = '+'
114.6393 	EXP 	fixation_cross: autoDraw = True
116.1080 	EXP 	fixation_cross: autoDraw = False
116.1080 	EXP 	fixation_cross: autoDraw = False
116.1080 	EXP 	final_fixation_cross: autoDraw = True
119.6419 	EXP 	window1: mouseVisible = True
