8.9940 	WARNING 	User requested fullscreen with size [1440  900], but screen is actually [1920, 1200]. Using actual size
9.6415 	EXP 	Created window1 = Window(allowGUI=False, allowStencil=False, args=UNKNOWN, autoLog=True, bitsMode=UNKNOWN, blendMode='avg', color=array([0., 0., 0.]), colorSpace='rgb', fullscr=<method-wrapper '__getattribute__' of attributeSetter object at 0x134fa7898>, gamma=None, kwargs=UNKNOWN, lms=UNKNOWN, monitor=<psychopy.monitors.calibTools.Monitor object at 0x134e640f0>, multiSample=False, name='window1', numSamples=2, pos=[0.0, 0.0], screen=0, size=array([3840, 2400]), stereo=False, units='norm', useFBO=True, useRetina=True, viewOri=0.0, viewPos=None, viewScale=None, waitBlanking=True, winType='pyglet')
9.6415 	EXP 	window1: recordFrameIntervals = False
9.8069 	EXP 	window1: recordFrameIntervals = True
9.9909 	EXP 	window1: recordFrameIntervals = False
10.0408 	EXP 	Created right_handed_instructions = ImageStim(__class__=<class 'psychopy.visual.image.ImageStim'>, autoLog=True, color=array([1., 1., 1.]), colorSpace='rgb', contrast=1.0, depth=0.0, flipHoriz=False, flipVert=False, image=str(...), interpolate=True, mask=None, maskParams=None, name='right_handed_instructions', opacity=1.0, ori=0.0, pos=array([0., 0.]), size=array([1.7, 2. ]), texRes=128, units='norm', win=Window(...))
10.0485 	EXP 	Created left_handed_instructions = ImageStim(__class__=<class 'psychopy.visual.image.ImageStim'>, autoLog=True, color=array([1., 1., 1.]), colorSpace='rgb', contrast=1.0, depth=-1.0, flipHoriz=False, flipVert=False, image='sst_images/Instructions_Scanner_LeftHanded.bmp', interpolate=True, mask=None, maskParams=None, name='left_handed_instructions', opacity=1.0, ori=0.0, pos=array([0., 0.]), size=array([1.7, 2. ]), texRes=128, units='norm', win=Window(...))
10.0501 	EXP 	Created arrow_key = ImageStim(__class__=<class 'psychopy.visual.image.ImageStim'>, autoLog=True, color=array([1., 1., 1.]), colorSpace='rgb', contrast=1.0, depth=0.0, flipHoriz=False, flipVert=False, image='sin', interpolate=True, mask=None, maskParams=None, name='arrow_key', opacity=1.0, ori=0.0, pos=array([0., 0.]), size=array([1.8, 2. ]), texRes=128, units='norm', win=Window(...))
10.0516 	EXP 	Created stop_arrow = ImageStim(__class__=<class 'psychopy.visual.image.ImageStim'>, autoLog=True, color=array([1., 1., 1.]), colorSpace='rgb', contrast=1.0, depth=-1.0, flipHoriz=False, flipVert=False, image='sin', interpolate=True, mask=None, maskParams=None, name='stop_arrow', opacity=1.0, ori=0.0, pos=array([0., 0.]), size=array([1.7, 2. ]), texRes=128, units='norm', win=Window(...))
10.1253 	EXP 	Created fixation_cross = TextStim(__class__=<class 'psychopy.visual.text.TextStim'>, alignHoriz='center', alignVert='center', antialias=True, autoLog=True, bold=False, color='black', colorSpace='named', contrast=1.0, depth=0.0, flipHoriz=False, flipVert=False, font='Arial', fontFiles=[], height=0.2, italic=False, languageStyle='LTR', name='fixation_cross', opacity=1.0, ori=0, pos=array([0., 0.]), rgb=array([0., 0., 0.]), text='default text', units='norm', win=Window(...), wrapWidth=1)
10.1286 	EXP 	Created final_fixation_cross = TextStim(__class__=<class 'psychopy.visual.text.TextStim'>, alignHoriz='center', alignVert='center', antialias=True, autoLog=True, bold=False, color='white', colorSpace='named', contrast=1.0, depth=0.0, flipHoriz=False, flipVert=False, font='Arial', fontFiles=[], height=0.2, italic=False, languageStyle='LTR', name='final_fixation_cross', opacity=1.0, ori=0, pos=array([0., 0.]), rgb=array([255., 255., 255.]), text='+', units='norm', win=Window(...), wrapWidth=1)
10.1457 	EXP 	right_handed_instructions: autoDraw = True
10.6106 	DATA 	Keypress: space
10.6295 	EXP 	Imported sst_trial_order_2B.csv as conditions, 180 conditions, 6 params
10.6301 	EXP 	Created sequence: sequential, trialTypes=180, nReps=1, seed=None
10.6305 	EXP 	New trial (rep=0, index=0): OrderedDict([('trial_type', 'go'), ('arrow_1', 'sst_images/Left_Arrow.bmp'), ('arrow_2', None), ('corrAns', '1'), ('jitter', 975), ('run_end_fixation', None)])
10.6736 	EXP 	right_handed_instructions: autoDraw = False
10.6736 	EXP 	left_handed_instructions: autoDraw = False
10.6736 	EXP 	arrow_key: image = 'sst_images/Left_Arrow.bmp'
10.6736 	EXP 	stop_arrow: image = None
10.6736 	EXP 	arrow_key: autoDraw = True
10.7438 	DATA 	Keypress: space
11.6569 	EXP 	arrow_key: autoDraw = False
11.6569 	EXP 	arrow_key: autoDraw = False
11.6569 	EXP 	stop_arrow: autoDraw = False
11.6569 	EXP 	fixation_cross: text = '+'
11.6569 	EXP 	fixation_cross: autoDraw = True
12.5919 	EXP 	New trial (rep=0, index=1): OrderedDict([('trial_type', 'go'), ('arrow_1', 'sst_images/Right_Arrow.bmp'), ('arrow_2', None), ('corrAns', '2'), ('jitter', 775), ('run_end_fixation', None)])
12.6261 	EXP 	fixation_cross: autoDraw = False
12.6261 	EXP 	fixation_cross: autoDraw = False
12.6261 	EXP 	arrow_key: image = 'sst_images/Right_Arrow.bmp'
12.6261 	EXP 	stop_arrow: image = None
12.6261 	EXP 	arrow_key: autoDraw = True
13.6067 	EXP 	arrow_key: autoDraw = False
13.6067 	EXP 	arrow_key: autoDraw = False
13.6067 	EXP 	stop_arrow: autoDraw = False
13.6067 	EXP 	fixation_cross: text = '+'
13.6067 	EXP 	fixation_cross: autoDraw = True
14.3576 	EXP 	New trial (rep=0, index=2): OrderedDict([('trial_type', 'go'), ('arrow_1', 'sst_images/Right_Arrow.bmp'), ('arrow_2', None), ('corrAns', '2'), ('jitter', 773), ('run_end_fixation', None)])
14.3909 	EXP 	fixation_cross: autoDraw = False
14.3909 	EXP 	fixation_cross: autoDraw = False
14.3909 	EXP 	arrow_key: image = 'sst_images/Right_Arrow.bmp'
14.3909 	EXP 	stop_arrow: image = None
14.3909 	EXP 	arrow_key: autoDraw = True
15.3740 	EXP 	arrow_key: autoDraw = False
15.3740 	EXP 	arrow_key: autoDraw = False
15.3740 	EXP 	stop_arrow: autoDraw = False
15.3740 	EXP 	fixation_cross: text = '+'
15.3740 	EXP 	fixation_cross: autoDraw = True
16.1254 	EXP 	New trial (rep=0, index=3): OrderedDict([('trial_type', 'go'), ('arrow_1', 'sst_images/Left_Arrow.bmp'), ('arrow_2', None), ('corrAns', '1'), ('jitter', 747), ('run_end_fixation', None)])
16.1745 	EXP 	fixation_cross: autoDraw = False
16.1745 	EXP 	fixation_cross: autoDraw = False
16.1745 	EXP 	arrow_key: image = 'sst_images/Left_Arrow.bmp'
16.1745 	EXP 	stop_arrow: image = None
16.1745 	EXP 	arrow_key: autoDraw = True
17.1401 	EXP 	arrow_key: autoDraw = False
17.1401 	EXP 	arrow_key: autoDraw = False
17.1401 	EXP 	stop_arrow: autoDraw = False
17.1401 	EXP 	fixation_cross: text = '+'
17.1401 	EXP 	fixation_cross: autoDraw = True
17.8760 	EXP 	New trial (rep=0, index=4): OrderedDict([('trial_type', 'stop'), ('arrow_1', 'sst_images/Right_Arrow.bmp'), ('arrow_2', 'sst_images/Stop_Arrow.bmp'), ('corrAns', 'none'), ('jitter', 709), ('run_end_fixation', None)])
17.9246 	EXP 	fixation_cross: autoDraw = False
17.9246 	EXP 	fixation_cross: autoDraw = False
17.9246 	EXP 	arrow_key: image = 'sst_images/Right_Arrow.bmp'
17.9246 	EXP 	stop_arrow: image = 'sst_images/Stop_Arrow.bmp'
17.9246 	EXP 	arrow_key: autoDraw = True
17.9412 	EXP 	arrow_key: autoDraw = False
17.9577 	EXP 	stop_arrow: autoDraw = True
18.2736 	EXP 	stop_arrow: autoDraw = False
18.2736 	EXP 	arrow_key: autoDraw = False
18.2736 	EXP 	stop_arrow: autoDraw = False
18.2736 	EXP 	fixation_cross: text = '+'
18.2736 	EXP 	fixation_cross: autoDraw = True
19.6094 	EXP 	New trial (rep=0, index=5): OrderedDict([('trial_type', 'go'), ('arrow_1', 'sst_images/Left_Arrow.bmp'), ('arrow_2', None), ('corrAns', '1'), ('jitter', 702), ('run_end_fixation', None)])
19.6432 	EXP 	fixation_cross: autoDraw = False
19.6432 	EXP 	fixation_cross: autoDraw = False
19.6432 	EXP 	arrow_key: image = 'sst_images/Left_Arrow.bmp'
19.6432 	EXP 	stop_arrow: image = None
19.6432 	EXP 	arrow_key: autoDraw = True
20.6247 	EXP 	arrow_key: autoDraw = False
20.6247 	EXP 	arrow_key: autoDraw = False
20.6247 	EXP 	stop_arrow: autoDraw = False
20.6247 	EXP 	fixation_cross: text = '+'
20.6247 	EXP 	fixation_cross: autoDraw = True
21.3090 	EXP 	New trial (rep=0, index=6): OrderedDict([('trial_type', 'go'), ('arrow_1', 'sst_images/Right_Arrow.bmp'), ('arrow_2', None), ('corrAns', '2'), ('jitter', 931), ('run_end_fixation', None)])
21.3427 	EXP 	fixation_cross: autoDraw = False
21.3427 	EXP 	fixation_cross: autoDraw = False
21.3427 	EXP 	arrow_key: image = 'sst_images/Right_Arrow.bmp'
21.3427 	EXP 	stop_arrow: image = None
21.3427 	EXP 	arrow_key: autoDraw = True
22.3251 	EXP 	arrow_key: autoDraw = False
22.3251 	EXP 	arrow_key: autoDraw = False
22.3251 	EXP 	stop_arrow: autoDraw = False
22.3251 	EXP 	fixation_cross: text = '+'
22.3251 	EXP 	fixation_cross: autoDraw = True
23.2435 	EXP 	New trial (rep=0, index=7): OrderedDict([('trial_type', 'go'), ('arrow_1', 'sst_images/Left_Arrow.bmp'), ('arrow_2', None), ('corrAns', '1'), ('jitter', 1149), ('run_end_fixation', None)])
23.3282 	EXP 	fixation_cross: autoDraw = False
23.3282 	EXP 	fixation_cross: autoDraw = False
23.3282 	EXP 	arrow_key: image = 'sst_images/Left_Arrow.bmp'
23.3282 	EXP 	stop_arrow: image = None
23.3282 	EXP 	arrow_key: autoDraw = True
24.2576 	EXP 	arrow_key: autoDraw = False
24.2576 	EXP 	arrow_key: autoDraw = False
24.2576 	EXP 	stop_arrow: autoDraw = False
24.2576 	EXP 	fixation_cross: text = '+'
24.2576 	EXP 	fixation_cross: autoDraw = True
25.3935 	EXP 	New trial (rep=0, index=8): OrderedDict([('trial_type', 'go'), ('arrow_1', 'sst_images/Right_Arrow.bmp'), ('arrow_2', None), ('corrAns', '2'), ('jitter', 748), ('run_end_fixation', None)])
25.4267 	EXP 	fixation_cross: autoDraw = False
25.4267 	EXP 	fixation_cross: autoDraw = False
25.4267 	EXP 	arrow_key: image = 'sst_images/Right_Arrow.bmp'
25.4267 	EXP 	stop_arrow: image = None
25.4267 	EXP 	arrow_key: autoDraw = True
26.4090 	EXP 	arrow_key: autoDraw = False
26.4090 	EXP 	arrow_key: autoDraw = False
26.4090 	EXP 	stop_arrow: autoDraw = False
26.4090 	EXP 	fixation_cross: text = '+'
26.4090 	EXP 	fixation_cross: autoDraw = True
27.1436 	EXP 	New trial (rep=0, index=9): OrderedDict([('trial_type', 'stop'), ('arrow_1', 'sst_images/Left_Arrow.bmp'), ('arrow_2', 'sst_images/Stop_Arrow.bmp'), ('corrAns', 'none'), ('jitter', 848), ('run_end_fixation', None)])
27.1802 	EXP 	fixation_cross: autoDraw = False
27.1802 	EXP 	fixation_cross: autoDraw = False
27.1802 	EXP 	arrow_key: image = 'sst_images/Left_Arrow.bmp'
27.1802 	EXP 	stop_arrow: image = 'sst_images/Stop_Arrow.bmp'
27.1802 	EXP 	arrow_key: autoDraw = True
27.2591 	EXP 	arrow_key: autoDraw = False
27.2755 	EXP 	stop_arrow: autoDraw = True
27.5925 	EXP 	stop_arrow: autoDraw = False
27.5925 	EXP 	arrow_key: autoDraw = False
27.5925 	EXP 	stop_arrow: autoDraw = False
27.5925 	EXP 	fixation_cross: text = '+'
27.5925 	EXP 	fixation_cross: autoDraw = True
28.8287 	DATA 	Keypress: escape
29.1002 	EXP 	window1: mouseVisible = True
