11.6135 	EXP 	Created window1 = Window(allowGUI=False, allowStencil=False, args=UNKNOWN, autoLog=True, bitsMode=UNKNOWN, blendMode='avg', color=array([0., 0., 0.]), colorSpace='rgb', fullscr=<method-wrapper '__getattribute__' of attributeSetter object at 0x135a74be0>, gamma=None, kwargs=UNKNOWN, lms=UNKNOWN, monitor=<psychopy.monitors.calibTools.Monitor object at 0x1358be4a8>, multiSample=False, name='window1', numSamples=2, pos=[0.0, 0.0], screen=0, size=array([2880, 1800]), stereo=False, units='norm', useFBO=True, useRetina=True, viewOri=0.0, viewPos=None, viewScale=None, waitBlanking=True, winType='pyglet')
11.6135 	EXP 	window1: recordFrameIntervals = False
11.7788 	EXP 	window1: recordFrameIntervals = True
11.9627 	EXP 	window1: recordFrameIntervals = False
12.0142 	EXP 	Created right_handed_instructions = ImageStim(__class__=<class 'psychopy.visual.image.ImageStim'>, autoLog=True, color=array([1., 1., 1.]), colorSpace='rgb', contrast=1.0, depth=0.0, flipHoriz=False, flipVert=False, image=str(...), interpolate=True, mask=None, maskParams=None, name='right_handed_instructions', opacity=1.0, ori=0.0, pos=array([0., 0.]), size=array([1.7, 2. ]), texRes=128, units='norm', win=Window(...))
12.0269 	EXP 	Created left_handed_instructions = ImageStim(__class__=<class 'psychopy.visual.image.ImageStim'>, autoLog=True, color=array([1., 1., 1.]), colorSpace='rgb', contrast=1.0, depth=-1.0, flipHoriz=False, flipVert=False, image='sst_images/Instructions_Scanner_LeftHanded.bmp', interpolate=True, mask=None, maskParams=None, name='left_handed_instructions', opacity=1.0, ori=0.0, pos=array([0., 0.]), size=array([1.7, 2. ]), texRes=128, units='norm', win=Window(...))
12.0286 	EXP 	Created arrow_key = ImageStim(__class__=<class 'psychopy.visual.image.ImageStim'>, autoLog=True, color=array([1., 1., 1.]), colorSpace='rgb', contrast=1.0, depth=0.0, flipHoriz=False, flipVert=False, image='sin', interpolate=True, mask=None, maskParams=None, name='arrow_key', opacity=1.0, ori=0.0, pos=array([0., 0.]), size=array([1.8, 2. ]), texRes=128, units='norm', win=Window(...))
12.0301 	EXP 	Created stop_arrow = ImageStim(__class__=<class 'psychopy.visual.image.ImageStim'>, autoLog=True, color=array([1., 1., 1.]), colorSpace='rgb', contrast=1.0, depth=-1.0, flipHoriz=False, flipVert=False, image='sin', interpolate=True, mask=None, maskParams=None, name='stop_arrow', opacity=1.0, ori=0.0, pos=array([0., 0.]), size=array([1.7, 2. ]), texRes=128, units='norm', win=Window(...))
12.1028 	EXP 	Created fixation_cross = TextStim(__class__=<class 'psychopy.visual.text.TextStim'>, alignHoriz='center', alignVert='center', antialias=True, autoLog=True, bold=False, color='black', colorSpace='named', contrast=1.0, depth=0.0, flipHoriz=False, flipVert=False, font='Arial', fontFiles=[], height=0.2, italic=False, languageStyle='LTR', name='fixation_cross', opacity=1.0, ori=0, pos=array([0., 0.]), rgb=array([0., 0., 0.]), text='default text', units='norm', win=Window(...), wrapWidth=1)
12.1060 	EXP 	Created final_fixation_cross = TextStim(__class__=<class 'psychopy.visual.text.TextStim'>, alignHoriz='center', alignVert='center', antialias=True, autoLog=True, bold=False, color='white', colorSpace='named', contrast=1.0, depth=0.0, flipHoriz=False, flipVert=False, font='Arial', fontFiles=[], height=0.2, italic=False, languageStyle='LTR', name='final_fixation_cross', opacity=1.0, ori=0, pos=array([0., 0.]), rgb=array([255., 255., 255.]), text='+', units='norm', win=Window(...), wrapWidth=1)
12.1376 	EXP 	right_handed_instructions: autoDraw = True
13.0338 	DATA 	Keypress: space
13.0541 	EXP 	Imported sst_trial_order_2A.csv as conditions, 180 conditions, 6 params
13.0547 	EXP 	Created sequence: sequential, trialTypes=180, nReps=1, seed=None
13.0551 	EXP 	New trial (rep=0, index=0): OrderedDict([('trial_type', 'go'), ('arrow_1', 'sst_images/Left_Arrow.bmp'), ('arrow_2', None), ('corrAns', '1'), ('jitter', 713), ('run_end_fixation', None)])
13.0959 	EXP 	right_handed_instructions: autoDraw = False
13.0959 	EXP 	left_handed_instructions: autoDraw = False
13.0959 	EXP 	arrow_key: image = 'sst_images/Left_Arrow.bmp'
13.0959 	EXP 	stop_arrow: image = None
13.0959 	EXP 	arrow_key: autoDraw = True
13.7325 	DATA 	Keypress: 1
13.7453 	EXP 	arrow_key: autoDraw = False
13.7453 	EXP 	stop_arrow: autoDraw = False
13.7453 	EXP 	fixation_cross: text = '+'
13.7453 	EXP 	fixation_cross: autoDraw = True
14.8139 	EXP 	New trial (rep=0, index=1): OrderedDict([('trial_type', 'stop'), ('arrow_1', 'sst_images/Right_Arrow.bmp'), ('arrow_2', 'sst_images/Stop_Arrow.bmp'), ('corrAns', 'none'), ('jitter', 767), ('run_end_fixation', None)])
14.8500 	EXP 	fixation_cross: autoDraw = False
14.8500 	EXP 	fixation_cross: autoDraw = False
14.8500 	EXP 	arrow_key: image = 'sst_images/Right_Arrow.bmp'
14.8500 	EXP 	stop_arrow: image = 'sst_images/Stop_Arrow.bmp'
14.8500 	EXP 	arrow_key: autoDraw = True
14.8793 	EXP 	arrow_key: autoDraw = False
14.8963 	EXP 	stop_arrow: autoDraw = True
15.0990 	DATA 	Keypress: 2
15.1120 	EXP 	arrow_key: autoDraw = False
15.1120 	EXP 	stop_arrow: autoDraw = False
15.1120 	EXP 	fixation_cross: text = '+'
15.1120 	EXP 	fixation_cross: autoDraw = True
16.6145 	EXP 	New trial (rep=0, index=2): OrderedDict([('trial_type', 'go'), ('arrow_1', 'sst_images/Right_Arrow.bmp'), ('arrow_2', None), ('corrAns', '2'), ('jitter', 928), ('run_end_fixation', None)])
16.6530 	EXP 	fixation_cross: autoDraw = False
16.6530 	EXP 	fixation_cross: autoDraw = False
16.6530 	EXP 	arrow_key: image = 'sst_images/Right_Arrow.bmp'
16.6530 	EXP 	stop_arrow: image = None
16.6530 	EXP 	arrow_key: autoDraw = True
16.9998 	DATA 	Keypress: 2
17.0123 	EXP 	arrow_key: autoDraw = False
17.0123 	EXP 	stop_arrow: autoDraw = False
17.0123 	EXP 	fixation_cross: text = '+'
17.0123 	EXP 	fixation_cross: autoDraw = True
18.5807 	EXP 	New trial (rep=0, index=3): OrderedDict([('trial_type', 'go'), ('arrow_1', 'sst_images/Right_Arrow.bmp'), ('arrow_2', None), ('corrAns', '2'), ('jitter', 735), ('run_end_fixation', None)])
18.6133 	EXP 	fixation_cross: autoDraw = False
18.6133 	EXP 	fixation_cross: autoDraw = False
18.6133 	EXP 	arrow_key: image = 'sst_images/Right_Arrow.bmp'
18.6133 	EXP 	stop_arrow: image = None
18.6133 	EXP 	arrow_key: autoDraw = True
18.9650 	DATA 	Keypress: 2
18.9797 	EXP 	arrow_key: autoDraw = False
18.9797 	EXP 	stop_arrow: autoDraw = False
18.9797 	EXP 	fixation_cross: text = '+'
18.9797 	EXP 	fixation_cross: autoDraw = True
20.3496 	EXP 	New trial (rep=0, index=4): OrderedDict([('trial_type', 'go'), ('arrow_1', 'sst_images/Left_Arrow.bmp'), ('arrow_2', None), ('corrAns', '1'), ('jitter', 1380), ('run_end_fixation', None)])
20.3873 	EXP 	fixation_cross: autoDraw = False
20.3873 	EXP 	fixation_cross: autoDraw = False
20.3873 	EXP 	arrow_key: image = 'sst_images/Left_Arrow.bmp'
20.3873 	EXP 	stop_arrow: image = None
20.3873 	EXP 	arrow_key: autoDraw = True
20.8326 	DATA 	Keypress: 1
20.8463 	EXP 	arrow_key: autoDraw = False
20.8463 	EXP 	stop_arrow: autoDraw = False
20.8463 	EXP 	fixation_cross: text = '+'
20.8463 	EXP 	fixation_cross: autoDraw = True
22.7638 	EXP 	New trial (rep=0, index=5): OrderedDict([('trial_type', 'go'), ('arrow_1', 'sst_images/Left_Arrow.bmp'), ('arrow_2', None), ('corrAns', '1'), ('jitter', 769), ('run_end_fixation', None)])
22.7965 	EXP 	fixation_cross: autoDraw = False
22.7965 	EXP 	fixation_cross: autoDraw = False
22.7965 	EXP 	arrow_key: image = 'sst_images/Left_Arrow.bmp'
22.7965 	EXP 	stop_arrow: image = None
22.7965 	EXP 	arrow_key: autoDraw = True
23.2330 	DATA 	Keypress: 1
23.2469 	EXP 	arrow_key: autoDraw = False
23.2469 	EXP 	stop_arrow: autoDraw = False
23.2469 	EXP 	fixation_cross: text = '+'
23.2469 	EXP 	fixation_cross: autoDraw = True
24.5647 	EXP 	New trial (rep=0, index=6): OrderedDict([('trial_type', 'stop'), ('arrow_1', 'sst_images/Left_Arrow.bmp'), ('arrow_2', 'sst_images/Stop_Arrow.bmp'), ('corrAns', 'none'), ('jitter', 884), ('run_end_fixation', None)])
24.6209 	EXP 	fixation_cross: autoDraw = False
24.6209 	EXP 	fixation_cross: autoDraw = False
24.6209 	EXP 	arrow_key: image = 'sst_images/Left_Arrow.bmp'
24.6209 	EXP 	stop_arrow: image = 'sst_images/Stop_Arrow.bmp'
24.6209 	EXP 	arrow_key: autoDraw = True
24.6209 	EXP 	arrow_key: autoDraw = False
24.6346 	EXP 	stop_arrow: autoDraw = True
24.8655 	DATA 	Keypress: 2
24.8803 	EXP 	arrow_key: autoDraw = False
24.8803 	EXP 	stop_arrow: autoDraw = False
24.8803 	EXP 	fixation_cross: text = '+'
24.8803 	EXP 	fixation_cross: autoDraw = True
26.4990 	EXP 	New trial (rep=0, index=7): OrderedDict([('trial_type', 'go'), ('arrow_1', 'sst_images/Right_Arrow.bmp'), ('arrow_2', None), ('corrAns', '2'), ('jitter', 732), ('run_end_fixation', None)])
26.5312 	EXP 	fixation_cross: autoDraw = False
26.5312 	EXP 	fixation_cross: autoDraw = False
26.5312 	EXP 	arrow_key: image = 'sst_images/Right_Arrow.bmp'
26.5312 	EXP 	stop_arrow: image = None
26.5312 	EXP 	arrow_key: autoDraw = True
26.8339 	DATA 	Keypress: 2
26.8467 	EXP 	arrow_key: autoDraw = False
26.8467 	EXP 	stop_arrow: autoDraw = False
26.8467 	EXP 	fixation_cross: text = '+'
26.8467 	EXP 	fixation_cross: autoDraw = True
28.2651 	EXP 	New trial (rep=0, index=8): OrderedDict([('trial_type', 'go'), ('arrow_1', 'sst_images/Left_Arrow.bmp'), ('arrow_2', None), ('corrAns', '1'), ('jitter', 847), ('run_end_fixation', None)])
28.2978 	EXP 	fixation_cross: autoDraw = False
28.2978 	EXP 	fixation_cross: autoDraw = False
28.2978 	EXP 	arrow_key: image = 'sst_images/Left_Arrow.bmp'
28.2978 	EXP 	stop_arrow: image = None
28.2978 	EXP 	arrow_key: autoDraw = True
28.5671 	DATA 	Keypress: 1
28.5807 	EXP 	arrow_key: autoDraw = False
28.5807 	EXP 	stop_arrow: autoDraw = False
28.5807 	EXP 	fixation_cross: text = '+'
28.5807 	EXP 	fixation_cross: autoDraw = True
30.1489 	EXP 	New trial (rep=0, index=9): OrderedDict([('trial_type', 'stop'), ('arrow_1', 'sst_images/Left_Arrow.bmp'), ('arrow_2', 'sst_images/Stop_Arrow.bmp'), ('corrAns', 'none'), ('jitter', 1278), ('run_end_fixation', None)])
30.1979 	EXP 	fixation_cross: autoDraw = False
30.1979 	EXP 	fixation_cross: autoDraw = False
30.1979 	EXP 	arrow_key: image = 'sst_images/Left_Arrow.bmp'
30.1979 	EXP 	stop_arrow: image = 'sst_images/Stop_Arrow.bmp'
30.1979 	EXP 	arrow_key: autoDraw = True
30.1979 	EXP 	arrow_key: autoDraw = False
30.2145 	EXP 	stop_arrow: autoDraw = True
30.4664 	DATA 	Keypress: 2
30.4808 	EXP 	arrow_key: autoDraw = False
30.4808 	EXP 	stop_arrow: autoDraw = False
30.4808 	EXP 	fixation_cross: text = '+'
30.4808 	EXP 	fixation_cross: autoDraw = True
31.6512 	DATA 	Keypress: quoteleft
31.6677 	DATA 	Keypress: escape
31.9385 	EXP 	window1: mouseVisible = True
