7.1926 	EXP 	Created window1 = Window(allowGUI=False, allowStencil=False, args=UNKNOWN, autoLog=True, bitsMode=UNKNOWN, blendMode='avg', color=array([0., 0., 0.]), colorSpace='rgb', fullscr=<method-wrapper '__getattribute__' of attributeSetter object at 0x13528d828>, gamma=None, kwargs=UNKNOWN, lms=UNKNOWN, monitor=<psychopy.monitors.calibTools.Monitor object at 0x13523ef98>, multiSample=False, name='window1', numSamples=2, pos=[0.0, 0.0], screen=0, size=array([2880, 1800]), stereo=False, units='norm', useFBO=True, useRetina=True, viewOri=0.0, viewPos=None, viewScale=None, waitBlanking=True, winType='pyglet')
7.1927 	EXP 	window1: recordFrameIntervals = False
7.3595 	EXP 	window1: recordFrameIntervals = True
7.5420 	EXP 	window1: recordFrameIntervals = False
7.5908 	EXP 	Created right_handed_instructions = ImageStim(__class__=<class 'psychopy.visual.image.ImageStim'>, autoLog=True, color=array([1., 1., 1.]), colorSpace='rgb', contrast=1.0, depth=0.0, flipHoriz=False, flipVert=False, image=str(...), interpolate=True, mask=None, maskParams=None, name='right_handed_instructions', opacity=1.0, ori=0.0, pos=array([0., 0.]), size=array([1.7, 2. ]), texRes=128, units='norm', win=Window(...))
7.5982 	EXP 	Created left_handed_instructions = ImageStim(__class__=<class 'psychopy.visual.image.ImageStim'>, autoLog=True, color=array([1., 1., 1.]), colorSpace='rgb', contrast=1.0, depth=-1.0, flipHoriz=False, flipVert=False, image='sst_images/Instructions_Scanner_LeftHanded.bmp', interpolate=True, mask=None, maskParams=None, name='left_handed_instructions', opacity=1.0, ori=0.0, pos=array([0., 0.]), size=array([1.7, 2. ]), texRes=128, units='norm', win=Window(...))
7.6751 	EXP 	Created text_2 = TextStim(__class__=<class 'psychopy.visual.text.TextStim'>, alignHoriz='center', alignVert='center', antialias=True, autoLog=True, bold=False, color='white', colorSpace='named', contrast=1.0, depth=0.0, flipHoriz=False, flipVert=False, font='Arial', fontFiles=[], height=0.1, italic=False, languageStyle='LTR', name='text_2', opacity=1.0, ori=0, pos=array([0., 0.]), rgb=array([255., 255., 255.]), text='Waiting for scanner trigger...', units='norm', win=Window(...), wrapWidth=2)
7.6770 	EXP 	Created arrow_key = ImageStim(__class__=<class 'psychopy.visual.image.ImageStim'>, autoLog=True, color=array([1., 1., 1.]), colorSpace='rgb', contrast=1.0, depth=0.0, flipHoriz=False, flipVert=False, image='sin', interpolate=True, mask=None, maskParams=None, name='arrow_key', opacity=1.0, ori=0.0, pos=array([0., 0.]), size=array([1.8, 2. ]), texRes=128, units='norm', win=Window(...))
7.6786 	EXP 	Created stop_arrow = ImageStim(__class__=<class 'psychopy.visual.image.ImageStim'>, autoLog=True, color=array([1., 1., 1.]), colorSpace='rgb', contrast=1.0, depth=-1.0, flipHoriz=False, flipVert=False, image='sin', interpolate=True, mask=None, maskParams=None, name='stop_arrow', opacity=1.0, ori=0.0, pos=array([0., 0.]), size=array([1.7, 2. ]), texRes=128, units='norm', win=Window(...))
7.6881 	EXP 	Created fixation_cross = TextStim(__class__=<class 'psychopy.visual.text.TextStim'>, alignHoriz='center', alignVert='center', antialias=True, autoLog=True, bold=False, color='black', colorSpace='named', contrast=1.0, depth=0.0, flipHoriz=False, flipVert=False, font='Arial', fontFiles=[], height=0.2, italic=False, languageStyle='LTR', name='fixation_cross', opacity=1.0, ori=0, pos=array([0., 0.]), rgb=array([0., 0., 0.]), text='default text', units='norm', win=Window(...), wrapWidth=1)
7.6913 	EXP 	Created final_fixation_cross = TextStim(__class__=<class 'psychopy.visual.text.TextStim'>, alignHoriz='center', alignVert='center', antialias=True, autoLog=True, bold=False, color='white', colorSpace='named', contrast=1.0, depth=0.0, flipHoriz=False, flipVert=False, font='Arial', fontFiles=[], height=0.2, italic=False, languageStyle='LTR', name='final_fixation_cross', opacity=1.0, ori=0, pos=array([0., 0.]), rgb=array([255., 255., 255.]), text='+', units='norm', win=Window(...), wrapWidth=1)
7.6916 	EXP 	Created sequence: random, trialTypes=1, nReps=2, seed=None
7.6918 	EXP 	New trial (rep=0, index=0): None
7.7222 	EXP 	right_handed_instructions: autoDraw = True
8.5612 	DATA 	Keypress: space
8.5743 	EXP 	right_handed_instructions: autoDraw = False
8.5743 	EXP 	left_handed_instructions: autoDraw = False
8.5743 	EXP 	text_2: autoDraw = True
9.1944 	DATA 	Keypress: space
9.2176 	EXP 	Imported sst_trial_order_1A.csv as conditions, 180 conditions, 6 params
9.2181 	EXP 	Created sequence: sequential, trialTypes=180, nReps=1, seed=None
9.2185 	EXP 	New trial (rep=0, index=0): OrderedDict([('trial_type', 'go'), ('arrow_1', 'sst_images/Left_Arrow.bmp'), ('arrow_2', None), ('corrAns', '1'), ('jitter', 732), ('run_end_fixation', None)])
9.2578 	EXP 	text_2: autoDraw = False
9.2578 	EXP 	arrow_key: image = 'sst_images/Left_Arrow.bmp'
9.2578 	EXP 	stop_arrow: image = None
9.2578 	EXP 	arrow_key: autoDraw = True
9.3607 	DATA 	Keypress: space
10.2252 	EXP 	arrow_key: autoDraw = False
10.2252 	EXP 	arrow_key: autoDraw = False
10.2252 	EXP 	stop_arrow: autoDraw = False
10.2252 	EXP 	fixation_cross: text = '+'
10.2252 	EXP 	fixation_cross: autoDraw = True
10.9430 	EXP 	New trial (rep=0, index=1): OrderedDict([('trial_type', 'go'), ('arrow_1', 'sst_images/Right_Arrow.bmp'), ('arrow_2', None), ('corrAns', '2'), ('jitter', 709), ('run_end_fixation', None)])
10.9828 	EXP 	fixation_cross: autoDraw = False
10.9828 	EXP 	fixation_cross: autoDraw = False
10.9828 	EXP 	arrow_key: image = 'sst_images/Right_Arrow.bmp'
10.9828 	EXP 	stop_arrow: image = None
10.9828 	EXP 	arrow_key: autoDraw = True
11.5276 	DATA 	Keypress: down
11.9589 	EXP 	arrow_key: autoDraw = False
11.9589 	EXP 	arrow_key: autoDraw = False
11.9589 	EXP 	stop_arrow: autoDraw = False
11.9589 	EXP 	fixation_cross: text = '+'
11.9589 	EXP 	fixation_cross: autoDraw = True
12.6437 	EXP 	New trial (rep=0, index=2): OrderedDict([('trial_type', 'stop'), ('arrow_1', 'sst_images/Right_Arrow.bmp'), ('arrow_2', 'sst_images/Stop_Arrow.bmp'), ('corrAns', 'none'), ('jitter', 832), ('run_end_fixation', None)])
12.6924 	EXP 	fixation_cross: autoDraw = False
12.6924 	EXP 	fixation_cross: autoDraw = False
12.6924 	EXP 	arrow_key: image = 'sst_images/Right_Arrow.bmp'
12.6924 	EXP 	stop_arrow: image = 'sst_images/Stop_Arrow.bmp'
12.6924 	EXP 	arrow_key: autoDraw = True
12.7096 	EXP 	arrow_key: autoDraw = False
12.7260 	EXP 	stop_arrow: autoDraw = True
13.0428 	EXP 	stop_arrow: autoDraw = False
13.0428 	EXP 	arrow_key: autoDraw = False
13.0428 	EXP 	stop_arrow: autoDraw = False
13.0428 	EXP 	fixation_cross: text = '+'
13.0428 	EXP 	fixation_cross: autoDraw = True
14.5100 	EXP 	New trial (rep=0, index=3): OrderedDict([('trial_type', 'go'), ('arrow_1', 'sst_images/Right_Arrow.bmp'), ('arrow_2', None), ('corrAns', '2'), ('jitter', 812), ('run_end_fixation', None)])
14.5495 	EXP 	fixation_cross: autoDraw = False
14.5495 	EXP 	fixation_cross: autoDraw = False
14.5495 	EXP 	arrow_key: image = 'sst_images/Right_Arrow.bmp'
14.5495 	EXP 	stop_arrow: image = None
14.5495 	EXP 	arrow_key: autoDraw = True
14.9122 	DATA 	Keypress: 1
14.9425 	EXP 	arrow_key: autoDraw = False
14.9425 	EXP 	stop_arrow: autoDraw = False
14.9425 	EXP 	fixation_cross: text = '+'
14.9425 	EXP 	fixation_cross: autoDraw = True
16.1944 	DATA 	Keypress: 1
16.3604 	EXP 	New trial (rep=0, index=4): OrderedDict([('trial_type', 'go'), ('arrow_1', 'sst_images/Left_Arrow.bmp'), ('arrow_2', None), ('corrAns', '1'), ('jitter', 916), ('run_end_fixation', None)])
16.3928 	EXP 	fixation_cross: autoDraw = False
16.3928 	EXP 	fixation_cross: autoDraw = False
16.3928 	EXP 	arrow_key: image = 'sst_images/Left_Arrow.bmp'
16.3928 	EXP 	stop_arrow: image = None
16.3928 	EXP 	arrow_key: autoDraw = True
17.3760 	EXP 	arrow_key: autoDraw = False
17.3760 	EXP 	arrow_key: autoDraw = False
17.3760 	EXP 	stop_arrow: autoDraw = False
17.3760 	EXP 	fixation_cross: text = '+'
17.3760 	EXP 	fixation_cross: autoDraw = True
18.2787 	EXP 	New trial (rep=0, index=5): OrderedDict([('trial_type', 'stop'), ('arrow_1', 'sst_images/Left_Arrow.bmp'), ('arrow_2', 'sst_images/Stop_Arrow.bmp'), ('corrAns', 'none'), ('jitter', 817), ('run_end_fixation', None)])
18.3330 	EXP 	fixation_cross: autoDraw = False
18.3330 	EXP 	fixation_cross: autoDraw = False
18.3330 	EXP 	arrow_key: image = 'sst_images/Left_Arrow.bmp'
18.3330 	EXP 	stop_arrow: image = 'sst_images/Stop_Arrow.bmp'
18.3330 	EXP 	arrow_key: autoDraw = True
18.3933 	EXP 	arrow_key: autoDraw = False
18.4102 	EXP 	stop_arrow: autoDraw = True
18.5956 	DATA 	Keypress: 1
18.6095 	EXP 	arrow_key: autoDraw = False
18.6095 	EXP 	stop_arrow: autoDraw = False
18.6095 	EXP 	fixation_cross: text = '+'
18.6095 	EXP 	fixation_cross: autoDraw = True
20.1449 	EXP 	New trial (rep=0, index=6): OrderedDict([('trial_type', 'go'), ('arrow_1', 'sst_images/Left_Arrow.bmp'), ('arrow_2', None), ('corrAns', '1'), ('jitter', 1153), ('run_end_fixation', None)])
20.1770 	EXP 	fixation_cross: autoDraw = False
20.1770 	EXP 	fixation_cross: autoDraw = False
20.1770 	EXP 	arrow_key: image = 'sst_images/Left_Arrow.bmp'
20.1770 	EXP 	stop_arrow: image = None
20.1770 	EXP 	arrow_key: autoDraw = True
20.5957 	DATA 	Keypress: escape
20.8622 	EXP 	window1: mouseVisible = True
