10.2338 	WARNING 	User requested fullscreen with size [1440  900], but screen is actually [1920, 1080]. Using actual size
11.3538 	EXP 	Created window1 = Window(allowGUI=False, allowStencil=False, args=UNKNOWN, autoLog=True, bitsMode=UNKNOWN, blendMode='avg', color=array([0., 0., 0.]), colorSpace='rgb', fullscr=<method-wrapper '__getattribute__' of attributeSetter object at 0x1342917b8>, gamma=None, kwargs=UNKNOWN, lms=UNKNOWN, monitor=<psychopy.monitors.calibTools.Monitor object at 0x13401f6a0>, multiSample=False, name='window1', numSamples=2, pos=[0.0, 0.0], screen=0, size=array([3840, 2160]), stereo=False, units='height', useFBO=True, useRetina=True, viewOri=0.0, viewPos=None, viewScale=None, waitBlanking=True, winType='pyglet')
11.3539 	EXP 	window1: recordFrameIntervals = False
11.6058 	DATA 	Keypress: escape
11.7696 	EXP 	window1: recordFrameIntervals = True
12.2283 	EXP 	window1: recordFrameIntervals = False
12.6593 	EXP 	Created instructFig = ImageStim(__class__=<class 'psychopy.visual.image.ImageStim'>, autoLog=True, color=array([1., 1., 1.]), colorSpace='rgb', contrast=1.0, depth=0.0, flipHoriz=False, flipVert=False, image='images/MID_instructions.bmp', interpolate=True, mask=None, maskParams=None, name='instructFig', opacity=1.0, ori=0.0, pos=array([0., 0.]), size=array([1.3, 1. ]), texRes=128, units='height', win=Window(...))
12.6609 	EXP 	Created PrepFixation = ShapeStim(__class__=<class 'psychopy.visual.shape.ShapeStim'>, autoDraw=False, autoLog=True, closeShape=True, contrast=1.0, depth=0.0, fillColor=array([1., 1., 1.]), fillColorSpace='rgb', interpolate=True, lineColor=array([1., 1., 1.]), lineColorSpace='rgb', lineWidth=1, name='PrepFixation', opacity=1.0, ori=array(0.), pos=array([0., 0.]), size=array([0.05, 0.05]), units='height', vertices=ndarray(...), win=Window(...), windingRule=None)
12.7279 	EXP 	Created text = TextStim(__class__=<class 'psychopy.visual.text.TextStim'>, alignHoriz='center', alignVert='center', antialias=True, autoLog=True, bold=False, color='white', colorSpace='named', contrast=1.0, depth=0.0, flipHoriz=False, flipVert=False, font='Arial', fontFiles=[], height=0.05, italic=False, languageStyle='LTR', name='text', opacity=1.0, ori=0, pos=array([0., 0.]), rgb=array([255., 255., 255.]), text='default text', units='height', win=Window(...), wrapWidth=1)
12.7297 	EXP 	Created cueImage = ImageStim(__class__=<class 'psychopy.visual.image.ImageStim'>, autoLog=True, color=array([1., 1., 1.]), colorSpace='rgb', contrast=1.0, depth=0.0, flipHoriz=False, flipVert=False, image='sin', interpolate=True, mask=None, maskParams=None, name='cueImage', opacity=1.0, ori=0.0, pos=array([0., 0.]), size=array([1.3, 1. ]), texRes=128, units='height', win=Window(...))
12.7312 	EXP 	Created fixation = ShapeStim(__class__=<class 'psychopy.visual.shape.ShapeStim'>, autoDraw=False, autoLog=True, closeShape=True, contrast=1.0, depth=-1.0, fillColor=array([1., 1., 1.]), fillColorSpace='rgb', interpolate=True, lineColor=array([1., 1., 1.]), lineColorSpace='rgb', lineWidth=1, name='fixation', opacity=1.0, ori=array(0.), pos=array([0., 0.]), size=array([0.05, 0.05]), units='height', vertices=ndarray(...), win=Window(...), windingRule=None)
12.7327 	EXP 	Created Target = ImageStim(__class__=<class 'psychopy.visual.image.ImageStim'>, autoLog=True, color=array([1., 1., 1.]), colorSpace='rgb', contrast=1.0, depth=-1.0, flipHoriz=False, flipVert=False, image='sin', interpolate=True, mask=None, maskParams=None, name='Target', opacity=1.0, ori=0.0, pos=array([0., 0.]), size=array([1.3, 1. ]), texRes=128, units='height', win=Window(...))
12.7366 	EXP 	Created feedbackMsg = TextStim(__class__=<class 'psychopy.visual.text.TextStim'>, alignHoriz='center', alignVert='center', antialias=True, autoLog=True, bold=False, color='white', colorSpace='named', contrast=1.0, depth=-2.0, flipHoriz=False, flipVert=False, font='Arial', fontFiles=[], height=0.05, italic=False, languageStyle='LTR', name='feedbackMsg', opacity=1.0, ori=0, pos=array([0., 0.]), rgb=array([255., 255., 255.]), text='default text', units='height', win=Window(...), wrapWidth=2)
12.7381 	EXP 	Created polygon = ShapeStim(__class__=<class 'psychopy.visual.shape.ShapeStim'>, autoDraw=False, autoLog=True, closeShape=True, contrast=1.0, depth=0.0, fillColor=array([1., 1., 1.]), fillColorSpace='rgb', interpolate=True, lineColor=array([1., 1., 1.]), lineColorSpace='rgb', lineWidth=1, name='polygon', opacity=1.0, ori=array(0.), pos=array([0., 0.]), size=array([0.05, 0.05]), units='height', vertices=ndarray(...), win=Window(...), windingRule=None)
12.7387 	EXP 	Created text = TextStim(__class__=<class 'psychopy.visual.text.TextStim'>, alignHoriz='center', alignVert='center', antialias=True, autoLog=True, bold=False, color='white', colorSpace='named', contrast=1.0, depth=-1.0, flipHoriz=False, flipVert=False, font='Arial', fontFiles=[], height=0.1, italic=False, languageStyle='LTR', name='text', opacity=1.0, ori=0, pos=array([0., 0.]), rgb=array([255., 255., 255.]), text='', units='height', win=Window(...), wrapWidth=1)
12.7389 	EXP 	Created sequence: sequential, trialTypes=1, nReps=2, seed=None
12.7391 	EXP 	New trial (rep=0, index=0): None
12.7987 	EXP 	instructFig: autoDraw = True
13.3549 	DATA 	Keypress: escape
13.7446 	EXP 	window1: mouseVisible = True
8.3966 	WARNING 	User requested fullscreen with size [1440  900], but screen is actually [1920, 1080]. Using actual size
9.4980 	EXP 	Created window1 = Window(allowGUI=False, allowStencil=False, args=UNKNOWN, autoLog=True, bitsMode=UNKNOWN, blendMode='avg', color=array([0., 0., 0.]), colorSpace='rgb', fullscr=<method-wrapper '__getattribute__' of attributeSetter object at 0x1348577b8>, gamma=None, kwargs=UNKNOWN, lms=UNKNOWN, monitor=<psychopy.monitors.calibTools.Monitor object at 0x134875ba8>, multiSample=False, name='window1', numSamples=2, pos=[0.0, 0.0], screen=0, size=array([3840, 2160]), stereo=False, units='height', useFBO=True, useRetina=True, viewOri=0.0, viewPos=None, viewScale=None, waitBlanking=True, winType='pyglet')
9.4980 	EXP 	window1: recordFrameIntervals = False
9.9141 	EXP 	window1: recordFrameIntervals = True
10.3723 	EXP 	window1: recordFrameIntervals = False
10.7969 	EXP 	Created instructFig = ImageStim(__class__=<class 'psychopy.visual.image.ImageStim'>, autoLog=True, color=array([1., 1., 1.]), colorSpace='rgb', contrast=1.0, depth=0.0, flipHoriz=False, flipVert=False, image='images/MID_instructions.bmp', interpolate=True, mask=None, maskParams=None, name='instructFig', opacity=1.0, ori=0.0, pos=array([0., 0.]), size=array([1.3, 1. ]), texRes=128, units='height', win=Window(...))
10.7985 	EXP 	Created PrepFixation = ShapeStim(__class__=<class 'psychopy.visual.shape.ShapeStim'>, autoDraw=False, autoLog=True, closeShape=True, contrast=1.0, depth=0.0, fillColor=array([1., 1., 1.]), fillColorSpace='rgb', interpolate=True, lineColor=array([1., 1., 1.]), lineColorSpace='rgb', lineWidth=1, name='PrepFixation', opacity=1.0, ori=array(0.), pos=array([0., 0.]), size=array([0.05, 0.05]), units='height', vertices=ndarray(...), win=Window(...), windingRule=None)
10.8633 	EXP 	Created text = TextStim(__class__=<class 'psychopy.visual.text.TextStim'>, alignHoriz='center', alignVert='center', antialias=True, autoLog=True, bold=False, color='white', colorSpace='named', contrast=1.0, depth=0.0, flipHoriz=False, flipVert=False, font='Arial', fontFiles=[], height=0.05, italic=False, languageStyle='LTR', name='text', opacity=1.0, ori=0, pos=array([0., 0.]), rgb=array([255., 255., 255.]), text='default text', units='height', win=Window(...), wrapWidth=1)
10.8652 	EXP 	Created cueImage = ImageStim(__class__=<class 'psychopy.visual.image.ImageStim'>, autoLog=True, color=array([1., 1., 1.]), colorSpace='rgb', contrast=1.0, depth=0.0, flipHoriz=False, flipVert=False, image='sin', interpolate=True, mask=None, maskParams=None, name='cueImage', opacity=1.0, ori=0.0, pos=array([0., 0.]), size=array([1.3, 1. ]), texRes=128, units='height', win=Window(...))
10.8668 	EXP 	Created fixation = ShapeStim(__class__=<class 'psychopy.visual.shape.ShapeStim'>, autoDraw=False, autoLog=True, closeShape=True, contrast=1.0, depth=-1.0, fillColor=array([1., 1., 1.]), fillColorSpace='rgb', interpolate=True, lineColor=array([1., 1., 1.]), lineColorSpace='rgb', lineWidth=1, name='fixation', opacity=1.0, ori=array(0.), pos=array([0., 0.]), size=array([0.05, 0.05]), units='height', vertices=ndarray(...), win=Window(...), windingRule=None)
10.8682 	EXP 	Created Target = ImageStim(__class__=<class 'psychopy.visual.image.ImageStim'>, autoLog=True, color=array([1., 1., 1.]), colorSpace='rgb', contrast=1.0, depth=-1.0, flipHoriz=False, flipVert=False, image='sin', interpolate=True, mask=None, maskParams=None, name='Target', opacity=1.0, ori=0.0, pos=array([0., 0.]), size=array([1.3, 1. ]), texRes=128, units='height', win=Window(...))
10.8720 	EXP 	Created feedbackMsg = TextStim(__class__=<class 'psychopy.visual.text.TextStim'>, alignHoriz='center', alignVert='center', antialias=True, autoLog=True, bold=False, color='white', colorSpace='named', contrast=1.0, depth=-2.0, flipHoriz=False, flipVert=False, font='Arial', fontFiles=[], height=0.05, italic=False, languageStyle='LTR', name='feedbackMsg', opacity=1.0, ori=0, pos=array([0., 0.]), rgb=array([255., 255., 255.]), text='default text', units='height', win=Window(...), wrapWidth=2)
10.8734 	EXP 	Created polygon = ShapeStim(__class__=<class 'psychopy.visual.shape.ShapeStim'>, autoDraw=False, autoLog=True, closeShape=True, contrast=1.0, depth=0.0, fillColor=array([1., 1., 1.]), fillColorSpace='rgb', interpolate=True, lineColor=array([1., 1., 1.]), lineColorSpace='rgb', lineWidth=1, name='polygon', opacity=1.0, ori=array(0.), pos=array([0., 0.]), size=array([0.05, 0.05]), units='height', vertices=ndarray(...), win=Window(...), windingRule=None)
10.8740 	EXP 	Created text = TextStim(__class__=<class 'psychopy.visual.text.TextStim'>, alignHoriz='center', alignVert='center', antialias=True, autoLog=True, bold=False, color='white', colorSpace='named', contrast=1.0, depth=-1.0, flipHoriz=False, flipVert=False, font='Arial', fontFiles=[], height=0.1, italic=False, languageStyle='LTR', name='text', opacity=1.0, ori=0, pos=array([0., 0.]), rgb=array([255., 255., 255.]), text='', units='height', win=Window(...), wrapWidth=1)
10.8742 	EXP 	Created sequence: sequential, trialTypes=1, nReps=2, seed=None
10.8744 	EXP 	New trial (rep=0, index=0): None
10.9273 	EXP 	instructFig: autoDraw = True
33.1384 	DATA 	Keypress: 5
33.1683 	EXP 	instructFig: autoDraw = False
33.1683 	EXP 	PrepFixation: autoDraw = True
33.9225 	DATA 	Keypress: 5
34.6725 	DATA 	Keypress: 5
35.1361 	EXP 	Imported TimeVersion6.csv as conditions, 50 conditions, 2 params
35.1365 	EXP 	Created sequence: sequential, trialTypes=50, nReps=1, seed=None
35.1368 	EXP 	New trial (rep=0, index=0): OrderedDict([('Condition', 'LgPun'), ('FixationDur', 2500)])
35.1651 	EXP 	PrepFixation: autoDraw = False
35.1651 	EXP 	PrepFixation: autoDraw = False
35.1651 	EXP 	cueImage: image = 'images/LoseBig.bmp'
35.1651 	EXP 	cueImage: autoDraw = True
35.4608 	DATA 	Keypress: 5
36.2545 	DATA 	Keypress: 5
37.0026 	DATA 	Keypress: 5
37.1823 	EXP 	cueImage: autoDraw = False
37.1823 	EXP 	fixation: autoDraw = True
37.7969 	DATA 	Keypress: 5
38.5891 	DATA 	Keypress: 5
39.3386 	DATA 	Keypress: 5
39.6849 	EXP 	fixation: autoDraw = False
39.6849 	EXP 	fixation: autoDraw = False
39.6849 	EXP 	Target: image = 'images/LoseProbe.bmp'
39.6849 	EXP 	Target: autoDraw = True
39.9566 	EXP 	Target: autoDraw = False
39.9566 	EXP 	Target: autoDraw = False
39.9566 	EXP 	feedbackMsg: text = 'You pressed too slow!\n\nYou lost $5.00!'
39.9566 	EXP 	feedbackMsg: autoDraw = True
40.0011 	DATA 	Keypress: 1
40.1277 	DATA 	Keypress: 5
40.9186 	DATA 	Keypress: 5
41.5841 	EXP 	New trial (rep=0, index=1): OrderedDict([('Condition', 'LgReward'), ('FixationDur', 1500)])
41.6233 	EXP 	feedbackMsg: autoDraw = False
41.6233 	EXP 	feedbackMsg: autoDraw = False
41.6233 	EXP 	cueImage: image = 'images/WinBig.bmp'
41.6233 	EXP 	cueImage: autoDraw = True
41.6678 	DATA 	Keypress: 5
42.4608 	DATA 	Keypress: 5
43.2508 	DATA 	Keypress: 5
43.6338 	EXP 	cueImage: autoDraw = False
43.6338 	EXP 	cueImage: autoDraw = False
43.6338 	EXP 	fixation: autoDraw = True
44.0058 	DATA 	Keypress: 5
44.7972 	DATA 	Keypress: 5
45.1515 	EXP 	fixation: autoDraw = False
45.1515 	EXP 	fixation: autoDraw = False
45.1515 	EXP 	Target: image = 'images/WinProbe.bmp'
45.1515 	EXP 	Target: autoDraw = True
45.4151 	EXP 	Target: autoDraw = False
45.4151 	EXP 	Target: autoDraw = False
45.4151 	EXP 	feedbackMsg: text = 'You pressed too slow!\n\nYou did not win $5.00!'
45.4151 	EXP 	feedbackMsg: autoDraw = True
45.4618 	DATA 	Keypress: 1
45.5894 	DATA 	Keypress: 5
46.3395 	DATA 	Keypress: 5
47.0440 	EXP 	New trial (rep=0, index=2): OrderedDict([('Condition', 'LgPun'), ('FixationDur', 1500)])
47.0820 	EXP 	feedbackMsg: autoDraw = False
47.0820 	EXP 	feedbackMsg: autoDraw = False
47.0820 	EXP 	cueImage: image = 'images/LoseBig.bmp'
47.0820 	EXP 	cueImage: autoDraw = True
47.1287 	DATA 	Keypress: 5
47.9196 	DATA 	Keypress: 5
48.6699 	DATA 	Keypress: 5
49.1005 	EXP 	cueImage: autoDraw = False
49.1005 	EXP 	cueImage: autoDraw = False
49.1005 	EXP 	fixation: autoDraw = True
49.4653 	DATA 	Keypress: 5
50.2548 	DATA 	Keypress: 5
50.6016 	EXP 	fixation: autoDraw = False
50.6016 	EXP 	fixation: autoDraw = False
50.6016 	EXP 	Target: image = 'images/LoseProbe.bmp'
50.6016 	EXP 	Target: autoDraw = True
50.8738 	EXP 	Target: autoDraw = False
50.8738 	EXP 	Target: autoDraw = False
50.8738 	EXP 	feedbackMsg: text = 'You pressed too slow!\n\nYou lost $5.00!'
50.8738 	EXP 	feedbackMsg: autoDraw = True
50.8771 	DATA 	Keypress: 1
51.0450 	DATA 	Keypress: 5
51.7943 	DATA 	Keypress: 5
52.5012 	EXP 	New trial (rep=0, index=3): OrderedDict([('Condition', 'SmallReward'), ('FixationDur', 2000)])
52.5405 	EXP 	feedbackMsg: autoDraw = False
52.5405 	EXP 	feedbackMsg: autoDraw = False
52.5405 	EXP 	cueImage: image = 'images/WinSmall.bmp'
52.5405 	EXP 	cueImage: autoDraw = True
52.5848 	DATA 	Keypress: 5
53.3782 	DATA 	Keypress: 5
54.1301 	DATA 	Keypress: 5
54.5519 	EXP 	cueImage: autoDraw = False
54.5519 	EXP 	fixation: autoDraw = True
54.9241 	DATA 	Keypress: 1
54.9265 	DATA 	Keypress: 5
55.6711 	DATA 	Keypress: 5
56.4641 	DATA 	Keypress: 5
56.5731 	EXP 	fixation: autoDraw = False
56.5731 	EXP 	fixation: autoDraw = False
56.5731 	EXP 	Target: image = 'images/WinProbe.bmp'
56.5731 	EXP 	Target: autoDraw = True
56.9176 	EXP 	Target: autoDraw = False
56.9176 	EXP 	Target: autoDraw = False
56.9176 	EXP 	feedbackMsg: text = 'You pressed too soon!\n\nYou did not win $0.20!'
56.9176 	EXP 	feedbackMsg: autoDraw = True
57.2552 	DATA 	Keypress: 5
58.0055 	DATA 	Keypress: 5
58.5034 	EXP 	New trial (rep=0, index=4): OrderedDict([('Condition', 'Triangle'), ('FixationDur', 2000)])
58.5429 	EXP 	feedbackMsg: autoDraw = False
58.5429 	EXP 	feedbackMsg: autoDraw = False
58.5429 	EXP 	cueImage: image = 'images/Neutral.bmp'
58.5429 	EXP 	cueImage: autoDraw = True
58.7958 	DATA 	Keypress: 5
59.5875 	DATA 	Keypress: 5
60.3789 	DATA 	Keypress: 5
60.5523 	EXP 	cueImage: autoDraw = False
60.5523 	EXP 	cueImage: autoDraw = False
60.5523 	EXP 	fixation: autoDraw = True
61.1321 	DATA 	Keypress: 5
61.9231 	DATA 	Keypress: 5
62.5594 	EXP 	fixation: autoDraw = False
62.5594 	EXP 	fixation: autoDraw = False
62.5594 	EXP 	Target: image = 'images/NeutralProbe.bmp'
62.5594 	EXP 	Target: autoDraw = True
62.7119 	DATA 	Keypress: 5
62.9162 	EXP 	Target: autoDraw = False
62.9162 	EXP 	Target: autoDraw = False
62.9162 	EXP 	feedbackMsg: text = 'You pressed too slow!\n\nYou did not win or lose anything!'
62.9162 	EXP 	feedbackMsg: autoDraw = True
62.9205 	DATA 	Keypress: 1
63.4615 	DATA 	Keypress: 5
64.2520 	DATA 	Keypress: 5
64.5013 	EXP 	New trial (rep=0, index=5): OrderedDict([('Condition', 'SmallReward'), ('FixationDur', 1500)])
64.5412 	EXP 	feedbackMsg: autoDraw = False
64.5412 	EXP 	feedbackMsg: autoDraw = False
64.5412 	EXP 	cueImage: image = 'images/WinSmall.bmp'
64.5412 	EXP 	cueImage: autoDraw = True
65.0453 	DATA 	Keypress: 5
65.7953 	DATA 	Keypress: 5
66.5528 	EXP 	cueImage: autoDraw = False
66.5528 	EXP 	cueImage: autoDraw = False
66.5528 	EXP 	fixation: autoDraw = True
66.5889 	DATA 	Keypress: 5
66.9637 	DATA 	Keypress: 1
67.3813 	DATA 	Keypress: 5
68.0713 	EXP 	fixation: autoDraw = False
68.0713 	EXP 	fixation: autoDraw = False
68.0713 	EXP 	Target: image = 'images/WinProbe.bmp'
68.0713 	EXP 	Target: autoDraw = True
68.1304 	DATA 	Keypress: 5
68.4195 	EXP 	Target: autoDraw = False
68.4195 	EXP 	Target: autoDraw = False
68.4195 	EXP 	feedbackMsg: text = 'You pressed too soon!\n\nYou did not win $0.20!'
68.4195 	EXP 	feedbackMsg: autoDraw = True
68.9235 	DATA 	Keypress: 5
69.7152 	DATA 	Keypress: 5
70.0033 	EXP 	New trial (rep=0, index=6): OrderedDict([('Condition', 'Triangle'), ('FixationDur', 1500)])
70.0417 	EXP 	feedbackMsg: autoDraw = False
70.0417 	EXP 	feedbackMsg: autoDraw = False
70.0417 	EXP 	cueImage: image = 'images/Neutral.bmp'
70.0417 	EXP 	cueImage: autoDraw = True
70.4616 	DATA 	Keypress: 5
71.2548 	DATA 	Keypress: 5
72.0391 	DATA 	Keypress: 5
72.0538 	EXP 	cueImage: autoDraw = False
72.0538 	EXP 	cueImage: autoDraw = False
72.0538 	EXP 	fixation: autoDraw = True
72.7991 	DATA 	Keypress: 5
73.5590 	EXP 	fixation: autoDraw = False
73.5590 	EXP 	fixation: autoDraw = False
73.5590 	EXP 	Target: image = 'images/NeutralProbe.bmp'
73.5590 	EXP 	Target: autoDraw = True
73.5862 	DATA 	Keypress: 5
73.8361 	DATA 	Keypress: 1
73.9166 	EXP 	Target: autoDraw = False
73.9166 	EXP 	Target: autoDraw = False
73.9166 	EXP 	feedbackMsg: text = 'Correct Response!\n\nYou did not win or lose anything!'
73.9166 	EXP 	feedbackMsg: autoDraw = True
74.3794 	DATA 	Keypress: 5
75.1286 	DATA 	Keypress: 5
75.5020 	EXP 	New trial (rep=0, index=7): OrderedDict([('Condition', 'LgPun'), ('FixationDur', 1500)])
75.5406 	EXP 	feedbackMsg: autoDraw = False
75.5406 	EXP 	feedbackMsg: autoDraw = False
75.5406 	EXP 	cueImage: image = 'images/LoseBig.bmp'
75.5406 	EXP 	cueImage: autoDraw = True
75.9201 	DATA 	Keypress: 5
76.7142 	DATA 	Keypress: 5
77.4633 	DATA 	Keypress: 5
77.5545 	EXP 	cueImage: autoDraw = False
77.5545 	EXP 	cueImage: autoDraw = False
77.5545 	EXP 	fixation: autoDraw = True
78.2573 	DATA 	Keypress: 5
79.0444 	DATA 	Keypress: 5
79.0620 	EXP 	fixation: autoDraw = False
79.0620 	EXP 	fixation: autoDraw = False
79.0620 	EXP 	Target: image = 'images/LoseProbe.bmp'
79.0620 	EXP 	Target: autoDraw = True
79.1714 	DATA 	Keypress: 1
79.4169 	EXP 	Target: autoDraw = False
79.4169 	EXP 	Target: autoDraw = False
79.4169 	EXP 	feedbackMsg: text = 'Correct Response!\n\nYou did not lose $5.00!'
79.4169 	EXP 	feedbackMsg: autoDraw = True
79.7952 	DATA 	Keypress: 5
80.5873 	DATA 	Keypress: 5
81.0022 	EXP 	New trial (rep=0, index=8): OrderedDict([('Condition', 'LgReward'), ('FixationDur', 2000)])
81.0419 	EXP 	feedbackMsg: autoDraw = False
81.0419 	EXP 	feedbackMsg: autoDraw = False
81.0419 	EXP 	cueImage: image = 'images/WinBig.bmp'
81.0419 	EXP 	cueImage: autoDraw = True
81.3793 	DATA 	Keypress: 5
82.1283 	DATA 	Keypress: 5
82.9218 	DATA 	Keypress: 5
83.0552 	EXP 	cueImage: autoDraw = False
83.0552 	EXP 	cueImage: autoDraw = False
83.0552 	EXP 	fixation: autoDraw = True
83.7132 	DATA 	Keypress: 5
84.4654 	DATA 	Keypress: 5
84.6744 	DATA 	Keypress: 1
85.0724 	EXP 	fixation: autoDraw = False
85.0724 	EXP 	fixation: autoDraw = False
85.0724 	EXP 	Target: image = 'images/WinProbe.bmp'
85.0724 	EXP 	Target: autoDraw = True
85.2554 	DATA 	Keypress: 5
85.4628 	EXP 	Target: autoDraw = False
85.4628 	EXP 	Target: autoDraw = False
85.4628 	EXP 	feedbackMsg: text = 'You pressed too soon!\n\nYou did not win $5.00!'
85.4628 	EXP 	feedbackMsg: autoDraw = True
86.0485 	DATA 	Keypress: 5
86.7978 	DATA 	Keypress: 5
86.9623 	EXP 	New trial (rep=0, index=9): OrderedDict([('Condition', 'SmallPun'), ('FixationDur', 4000)])
87.0006 	EXP 	feedbackMsg: autoDraw = False
87.0006 	EXP 	feedbackMsg: autoDraw = False
87.0006 	EXP 	cueImage: image = 'images/LoseSmall.bmp'
87.0006 	EXP 	cueImage: autoDraw = True
87.5888 	DATA 	Keypress: 5
88.3806 	DATA 	Keypress: 5
89.0036 	EXP 	cueImage: autoDraw = False
89.0036 	EXP 	cueImage: autoDraw = False
89.0036 	EXP 	fixation: autoDraw = True
89.1302 	DATA 	Keypress: 5
89.9248 	DATA 	Keypress: 5
90.7158 	DATA 	Keypress: 5
91.4642 	DATA 	Keypress: 5
92.2567 	DATA 	Keypress: 5
93.0220 	EXP 	fixation: autoDraw = False
93.0220 	EXP 	fixation: autoDraw = False
93.0220 	EXP 	Target: image = 'images/LoseProbe.bmp'
93.0220 	EXP 	Target: autoDraw = True
93.0261 	DATA 	Keypress: 5
93.3366 	DATA 	Keypress: 1
93.4176 	EXP 	Target: autoDraw = False
93.4176 	EXP 	Target: autoDraw = False
93.4176 	EXP 	feedbackMsg: text = 'Correct Response!\n\nYou did not lose $0.20!'
93.4176 	EXP 	feedbackMsg: autoDraw = True
93.7955 	DATA 	Keypress: 5
94.5877 	DATA 	Keypress: 5
94.9194 	EXP 	New trial (rep=0, index=10): OrderedDict([('Condition', 'LgPun'), ('FixationDur', 1500)])
94.9594 	EXP 	feedbackMsg: autoDraw = False
94.9594 	EXP 	feedbackMsg: autoDraw = False
94.9594 	EXP 	cueImage: image = 'images/LoseBig.bmp'
94.9594 	EXP 	cueImage: autoDraw = True
95.3793 	DATA 	Keypress: 5
96.1305 	DATA 	Keypress: 5
96.9564 	DATA 	Keypress: 5
96.9736 	EXP 	cueImage: autoDraw = False
96.9736 	EXP 	fixation: autoDraw = True
97.7170 	DATA 	Keypress: 5
98.4775 	EXP 	fixation: autoDraw = False
98.4775 	EXP 	fixation: autoDraw = False
98.4775 	EXP 	Target: image = 'images/LoseProbe.bmp'
98.4775 	EXP 	Target: autoDraw = True
98.4818 	DATA 	Keypress: 5
98.8451 	DATA 	Keypress: 1
98.8754 	EXP 	Target: autoDraw = False
98.8754 	EXP 	Target: autoDraw = False
98.8754 	EXP 	feedbackMsg: text = 'You pressed too slow!\n\nYou lost $5.00!'
98.8754 	EXP 	feedbackMsg: autoDraw = True
99.2550 	DATA 	Keypress: 5
100.0455 	DATA 	Keypress: 5
100.3781 	EXP 	New trial (rep=0, index=11): OrderedDict([('Condition', 'SmallReward'), ('FixationDur', 1500)])
100.4178 	EXP 	feedbackMsg: autoDraw = False
100.4178 	EXP 	feedbackMsg: autoDraw = False
100.4178 	EXP 	cueImage: image = 'images/WinSmall.bmp'
100.4178 	EXP 	cueImage: autoDraw = True
100.8381 	DATA 	Keypress: 5
101.5886 	DATA 	Keypress: 5
102.4144 	DATA 	Keypress: 5
102.4277 	EXP 	cueImage: autoDraw = False
102.4277 	EXP 	cueImage: autoDraw = False
102.4277 	EXP 	fixation: autoDraw = True
103.1316 	DATA 	Keypress: 5
103.9362 	DATA 	Keypress: 5
103.9578 	EXP 	fixation: autoDraw = False
103.9578 	EXP 	fixation: autoDraw = False
103.9578 	EXP 	Target: image = 'images/WinProbe.bmp'
103.9578 	EXP 	Target: autoDraw = True
104.3495 	DATA 	Keypress: 1
104.3762 	EXP 	Target: autoDraw = False
104.3762 	EXP 	Target: autoDraw = False
104.3762 	EXP 	feedbackMsg: text = 'You pressed too slow!\n\nYou did not win $0.20!'
104.3762 	EXP 	feedbackMsg: autoDraw = True
104.7134 	DATA 	Keypress: 5
105.5060 	DATA 	Keypress: 5
105.8782 	EXP 	New trial (rep=0, index=12): OrderedDict([('Condition', 'LgReward'), ('FixationDur', 4000)])
105.9182 	EXP 	feedbackMsg: autoDraw = False
105.9182 	EXP 	feedbackMsg: autoDraw = False
105.9182 	EXP 	cueImage: image = 'images/WinBig.bmp'
105.9182 	EXP 	cueImage: autoDraw = True
106.2552 	DATA 	Keypress: 5
107.0461 	DATA 	Keypress: 5
107.8389 	DATA 	Keypress: 5
107.9232 	EXP 	cueImage: autoDraw = False
107.9232 	EXP 	cueImage: autoDraw = False
107.9232 	EXP 	fixation: autoDraw = True
108.5881 	DATA 	Keypress: 5
109.3785 	DATA 	Keypress: 5
110.1337 	DATA 	Keypress: 5
110.9253 	DATA 	Keypress: 5
111.7167 	DATA 	Keypress: 5
111.9467 	EXP 	fixation: autoDraw = False
111.9467 	EXP 	fixation: autoDraw = False
111.9467 	EXP 	Target: image = 'images/WinProbe.bmp'
111.9467 	EXP 	Target: autoDraw = True
112.2982 	DATA 	Keypress: 1
112.3806 	EXP 	Target: autoDraw = False
112.3806 	EXP 	Target: autoDraw = False
112.3806 	EXP 	feedbackMsg: text = 'Correct Response!\n\nYou won $5.00!'
112.3806 	EXP 	feedbackMsg: autoDraw = True
112.5101 	DATA 	Keypress: 5
113.2582 	DATA 	Keypress: 5
113.8375 	EXP 	New trial (rep=0, index=13): OrderedDict([('Condition', 'Triangle'), ('FixationDur', 1500)])
113.8760 	EXP 	feedbackMsg: autoDraw = False
113.8760 	EXP 	feedbackMsg: autoDraw = False
113.8760 	EXP 	cueImage: image = 'images/Neutral.bmp'
113.8760 	EXP 	cueImage: autoDraw = True
114.0463 	DATA 	Keypress: 5
114.8393 	DATA 	Keypress: 5
115.5890 	DATA 	Keypress: 5
115.8922 	EXP 	cueImage: autoDraw = False
115.8922 	EXP 	cueImage: autoDraw = False
115.8922 	EXP 	fixation: autoDraw = True
116.3802 	DATA 	Keypress: 5
117.1728 	DATA 	Keypress: 5
117.3917 	EXP 	fixation: autoDraw = False
117.3917 	EXP 	fixation: autoDraw = False
117.3917 	EXP 	Target: image = 'images/NeutralProbe.bmp'
117.3917 	EXP 	Target: autoDraw = True
117.8354 	EXP 	Target: autoDraw = False
117.8354 	EXP 	Target: autoDraw = False
117.8354 	EXP 	feedbackMsg: text = 'You pressed too slow!\n\nYou did not win or lose anything!'
117.8354 	EXP 	feedbackMsg: autoDraw = True
117.9216 	DATA 	Keypress: 5
118.7136 	DATA 	Keypress: 5
119.2989 	EXP 	New trial (rep=0, index=14): OrderedDict([('Condition', 'LgPun'), ('FixationDur', 2000)])
119.3355 	EXP 	feedbackMsg: autoDraw = False
119.3355 	EXP 	feedbackMsg: autoDraw = False
119.3355 	EXP 	cueImage: image = 'images/LoseBig.bmp'
119.3355 	EXP 	cueImage: autoDraw = True
119.5065 	DATA 	Keypress: 5
120.2558 	DATA 	Keypress: 5
121.0508 	DATA 	Keypress: 5
121.3443 	EXP 	cueImage: autoDraw = False
121.3443 	EXP 	cueImage: autoDraw = False
121.3443 	EXP 	fixation: autoDraw = True
121.8431 	DATA 	Keypress: 5
122.5918 	DATA 	Keypress: 5
123.3523 	EXP 	fixation: autoDraw = False
123.3523 	EXP 	fixation: autoDraw = False
123.3523 	EXP 	Target: image = 'images/LoseProbe.bmp'
123.3523 	EXP 	Target: autoDraw = True
123.3806 	DATA 	Keypress: 5
123.7643 	DATA 	Keypress: 1
123.7974 	EXP 	Target: autoDraw = False
123.7974 	EXP 	Target: autoDraw = False
123.7974 	EXP 	feedbackMsg: text = 'You pressed too slow!\n\nYou lost $5.00!'
123.7974 	EXP 	feedbackMsg: autoDraw = True
124.1769 	DATA 	Keypress: 5
124.9264 	DATA 	Keypress: 5
125.2576 	EXP 	New trial (rep=0, index=15): OrderedDict([('Condition', 'Triangle'), ('FixationDur', 3000)])
125.2947 	EXP 	feedbackMsg: autoDraw = False
125.2947 	EXP 	feedbackMsg: autoDraw = False
125.2947 	EXP 	cueImage: image = 'images/Neutral.bmp'
125.2947 	EXP 	cueImage: autoDraw = True
125.7146 	DATA 	Keypress: 5
126.5049 	DATA 	Keypress: 5
127.2903 	DATA 	Keypress: 5
127.3104 	EXP 	cueImage: autoDraw = False
127.3104 	EXP 	cueImage: autoDraw = False
127.3104 	EXP 	fixation: autoDraw = True
128.0503 	DATA 	Keypress: 5
128.8416 	DATA 	Keypress: 5
129.5910 	DATA 	Keypress: 5
130.3132 	EXP 	fixation: autoDraw = False
130.3132 	EXP 	fixation: autoDraw = False
130.3132 	EXP 	Target: image = 'images/NeutralProbe.bmp'
130.3132 	EXP 	Target: autoDraw = True
130.3803 	DATA 	Keypress: 5
130.7938 	EXP 	Target: autoDraw = False
130.7938 	EXP 	Target: autoDraw = False
130.7938 	EXP 	feedbackMsg: text = 'You pressed too slow!\n\nYou did not win or lose anything!'
130.7938 	EXP 	feedbackMsg: autoDraw = True
131.1714 	DATA 	Keypress: 5
131.9224 	DATA 	Keypress: 5
132.2549 	EXP 	New trial (rep=0, index=16): OrderedDict([('Condition', 'SmallPun'), ('FixationDur', 1500)])
132.2941 	EXP 	feedbackMsg: autoDraw = False
132.2941 	EXP 	feedbackMsg: autoDraw = False
132.2941 	EXP 	cueImage: image = 'images/LoseSmall.bmp'
132.2941 	EXP 	cueImage: autoDraw = True
132.7147 	DATA 	Keypress: 5
133.5059 	DATA 	Keypress: 5
134.2879 	DATA 	Keypress: 5
134.3120 	EXP 	cueImage: autoDraw = False
134.3120 	EXP 	cueImage: autoDraw = False
134.3120 	EXP 	fixation: autoDraw = True
135.0508 	DATA 	Keypress: 5
135.8114 	EXP 	fixation: autoDraw = False
135.8114 	EXP 	fixation: autoDraw = False
135.8114 	EXP 	Target: image = 'images/LoseProbe.bmp'
135.8114 	EXP 	Target: autoDraw = True
135.8152 	DATA 	Keypress: 5
136.2146 	DATA 	Keypress: 1
136.2946 	EXP 	Target: autoDraw = False
136.2946 	EXP 	Target: autoDraw = False
136.2946 	EXP 	feedbackMsg: text = 'Correct Response!\n\nYou did not lose $0.20!'
136.2946 	EXP 	feedbackMsg: autoDraw = True
136.5905 	DATA 	Keypress: 5
137.3820 	DATA 	Keypress: 5
137.7546 	EXP 	New trial (rep=0, index=17): OrderedDict([('Condition', 'Triangle'), ('FixationDur', 3500)])
137.7945 	EXP 	feedbackMsg: autoDraw = False
137.7945 	EXP 	feedbackMsg: autoDraw = False
137.7945 	EXP 	cueImage: image = 'images/Neutral.bmp'
137.7945 	EXP 	cueImage: autoDraw = True
138.1730 	DATA 	Keypress: 5
138.9249 	DATA 	Keypress: 5
139.7145 	DATA 	Keypress: 5
139.8003 	EXP 	cueImage: autoDraw = False
139.8003 	EXP 	cueImage: autoDraw = False
139.8003 	EXP 	fixation: autoDraw = True
140.5108 	DATA 	Keypress: 5
141.2608 	DATA 	Keypress: 5
142.0512 	DATA 	Keypress: 5
142.8408 	DATA 	Keypress: 5
143.3129 	EXP 	fixation: autoDraw = False
143.3129 	EXP 	fixation: autoDraw = False
143.3129 	EXP 	Target: image = 'images/NeutralProbe.bmp'
143.3129 	EXP 	Target: autoDraw = True
143.5899 	DATA 	Keypress: 5
143.7949 	EXP 	Target: autoDraw = False
143.7949 	EXP 	Target: autoDraw = False
143.7949 	EXP 	feedbackMsg: text = 'You pressed too slow!\n\nYou did not win or lose anything!'
143.7949 	EXP 	feedbackMsg: autoDraw = True
144.3828 	DATA 	Keypress: 5
145.1733 	DATA 	Keypress: 5
145.2549 	EXP 	New trial (rep=0, index=18): OrderedDict([('Condition', 'LgPun'), ('FixationDur', 3000)])
145.2949 	EXP 	feedbackMsg: autoDraw = False
145.2949 	EXP 	feedbackMsg: autoDraw = False
145.2949 	EXP 	cueImage: image = 'images/LoseBig.bmp'
145.2949 	EXP 	cueImage: autoDraw = True
145.9656 	DATA 	Keypress: 5
146.7160 	DATA 	Keypress: 5
147.3134 	EXP 	cueImage: autoDraw = False
147.3134 	EXP 	fixation: autoDraw = True
147.5076 	DATA 	Keypress: 5
148.2581 	DATA 	Keypress: 5
148.7174 	DATA 	Keypress: 1
149.0531 	DATA 	Keypress: 5
149.8419 	DATA 	Keypress: 5
150.3138 	EXP 	fixation: autoDraw = False
150.3138 	EXP 	fixation: autoDraw = False
150.3138 	EXP 	Target: image = 'images/LoseProbe.bmp'
150.3138 	EXP 	Target: autoDraw = True
150.6327 	DATA 	Keypress: 5
150.7939 	EXP 	Target: autoDraw = False
150.7939 	EXP 	Target: autoDraw = False
150.7939 	EXP 	feedbackMsg: text = 'You pressed too soon!\n\nYou lost $5.00!'
150.7939 	EXP 	feedbackMsg: autoDraw = True
151.3811 	DATA 	Keypress: 5
152.1732 	DATA 	Keypress: 5
152.2555 	EXP 	New trial (rep=0, index=19): OrderedDict([('Condition', 'LgReward'), ('FixationDur', 1500)])
152.2954 	EXP 	feedbackMsg: autoDraw = False
152.2954 	EXP 	feedbackMsg: autoDraw = False
152.2954 	EXP 	cueImage: image = 'images/WinBig.bmp'
152.2954 	EXP 	cueImage: autoDraw = True
152.9654 	DATA 	Keypress: 5
153.7177 	DATA 	Keypress: 5
154.3135 	EXP 	cueImage: autoDraw = False
154.3135 	EXP 	cueImage: autoDraw = False
154.3135 	EXP 	fixation: autoDraw = True
154.5100 	DATA 	Keypress: 5
155.2595 	DATA 	Keypress: 5
155.8302 	EXP 	fixation: autoDraw = False
155.8302 	EXP 	fixation: autoDraw = False
155.8302 	EXP 	Target: image = 'images/WinProbe.bmp'
155.8302 	EXP 	Target: autoDraw = True
156.0484 	DATA 	Keypress: 5
156.1734 	DATA 	Keypress: 1
156.2955 	EXP 	Target: autoDraw = False
156.2955 	EXP 	Target: autoDraw = False
156.2955 	EXP 	feedbackMsg: text = 'Correct Response!\n\nYou won $5.00!'
156.2955 	EXP 	feedbackMsg: autoDraw = True
156.8410 	DATA 	Keypress: 5
157.6331 	DATA 	Keypress: 5
157.7558 	EXP 	New trial (rep=0, index=20): OrderedDict([('Condition', 'LgPun'), ('FixationDur', 1500)])
157.7950 	EXP 	feedbackMsg: autoDraw = False
157.7950 	EXP 	feedbackMsg: autoDraw = False
157.7950 	EXP 	cueImage: image = 'images/LoseBig.bmp'
157.7950 	EXP 	cueImage: autoDraw = True
158.3825 	DATA 	Keypress: 5
159.1744 	DATA 	Keypress: 5
159.8150 	EXP 	cueImage: autoDraw = False
159.8150 	EXP 	fixation: autoDraw = True
159.9702 	DATA 	Keypress: 5
160.7193 	DATA 	Keypress: 5
161.3146 	EXP 	fixation: autoDraw = False
161.3146 	EXP 	fixation: autoDraw = False
161.3146 	EXP 	Target: image = 'images/LoseProbe.bmp'
161.3146 	EXP 	Target: autoDraw = True
161.5075 	DATA 	Keypress: 5
161.7161 	DATA 	Keypress: 1
161.7955 	EXP 	Target: autoDraw = False
161.7955 	EXP 	Target: autoDraw = False
161.7955 	EXP 	feedbackMsg: text = 'Correct Response!\n\nYou did not lose $5.00!'
161.7955 	EXP 	feedbackMsg: autoDraw = True
162.2987 	DATA 	Keypress: 5
163.0481 	DATA 	Keypress: 5
163.2557 	EXP 	New trial (rep=0, index=21): OrderedDict([('Condition', 'LgReward'), ('FixationDur', 1500)])
163.2958 	EXP 	feedbackMsg: autoDraw = False
163.2958 	EXP 	feedbackMsg: autoDraw = False
163.2958 	EXP 	cueImage: image = 'images/WinBig.bmp'
163.2958 	EXP 	cueImage: autoDraw = True
163.8403 	DATA 	Keypress: 5
164.6321 	DATA 	Keypress: 5
165.3152 	EXP 	cueImage: autoDraw = False
165.3152 	EXP 	cueImage: autoDraw = False
165.3152 	EXP 	fixation: autoDraw = True
165.3837 	DATA 	Keypress: 5
166.1793 	DATA 	Keypress: 5
166.8319 	EXP 	fixation: autoDraw = False
166.8319 	EXP 	fixation: autoDraw = False
166.8319 	EXP 	Target: image = 'images/WinProbe.bmp'
166.8319 	EXP 	Target: autoDraw = True
166.9669 	DATA 	Keypress: 5
167.2166 	DATA 	Keypress: 1
167.2959 	EXP 	Target: autoDraw = False
167.2959 	EXP 	Target: autoDraw = False
167.2959 	EXP 	feedbackMsg: text = 'Correct Response!\n\nYou won $5.00!'
167.2959 	EXP 	feedbackMsg: autoDraw = True
167.7164 	DATA 	Keypress: 5
168.5071 	DATA 	Keypress: 5
168.7563 	EXP 	New trial (rep=0, index=22): OrderedDict([('Condition', 'LgReward'), ('FixationDur', 1500)])
168.7962 	EXP 	feedbackMsg: autoDraw = False
168.7962 	EXP 	feedbackMsg: autoDraw = False
168.7962 	EXP 	cueImage: image = 'images/WinBig.bmp'
168.7962 	EXP 	cueImage: autoDraw = True
169.2998 	DATA 	Keypress: 5
170.0476 	DATA 	Keypress: 5
170.8160 	EXP 	cueImage: autoDraw = False
170.8160 	EXP 	fixation: autoDraw = True
170.8409 	DATA 	Keypress: 5
171.6369 	DATA 	Keypress: 5
172.3322 	EXP 	fixation: autoDraw = False
172.3322 	EXP 	fixation: autoDraw = False
172.3322 	EXP 	Target: image = 'images/WinProbe.bmp'
172.3322 	EXP 	Target: autoDraw = True
172.3826 	DATA 	Keypress: 5
172.6741 	DATA 	Keypress: 1
172.7962 	EXP 	Target: autoDraw = False
172.7962 	EXP 	Target: autoDraw = False
172.7962 	EXP 	feedbackMsg: text = 'Correct Response!\n\nYou won $5.00!'
172.7962 	EXP 	feedbackMsg: autoDraw = True
173.1745 	DATA 	Keypress: 5
173.9674 	DATA 	Keypress: 5
174.2564 	EXP 	New trial (rep=0, index=23): OrderedDict([('Condition', 'Triangle'), ('FixationDur', 1500)])
174.2965 	EXP 	feedbackMsg: autoDraw = False
174.2965 	EXP 	feedbackMsg: autoDraw = False
174.2965 	EXP 	cueImage: image = 'images/Neutral.bmp'
174.2965 	EXP 	cueImage: autoDraw = True
174.7150 	DATA 	Keypress: 5
175.5095 	DATA 	Keypress: 5
176.2962 	DATA 	Keypress: 5
176.3171 	EXP 	cueImage: autoDraw = False
176.3171 	EXP 	fixation: autoDraw = True
177.0545 	DATA 	Keypress: 5
177.8175 	EXP 	fixation: autoDraw = False
177.8175 	EXP 	fixation: autoDraw = False
177.8175 	EXP 	Target: image = 'images/NeutralProbe.bmp'
177.8175 	EXP 	Target: autoDraw = True
177.8413 	DATA 	Keypress: 5
178.2546 	EXP 	Target: autoDraw = False
178.2546 	EXP 	Target: autoDraw = False
178.2546 	EXP 	feedbackMsg: text = 'You pressed too slow!\n\nYou did not win or lose anything!'
178.2546 	EXP 	feedbackMsg: autoDraw = True
178.6341 	DATA 	Keypress: 5
179.3829 	DATA 	Keypress: 5
179.7568 	EXP 	New trial (rep=0, index=24): OrderedDict([('Condition', 'SmallReward'), ('FixationDur', 3500)])
179.7965 	EXP 	feedbackMsg: autoDraw = False
179.7965 	EXP 	feedbackMsg: autoDraw = False
179.7965 	EXP 	cueImage: image = 'images/WinSmall.bmp'
179.7965 	EXP 	cueImage: autoDraw = True
180.1751 	DATA 	Keypress: 5
180.9681 	DATA 	Keypress: 5
181.7177 	DATA 	Keypress: 5
181.8040 	EXP 	cueImage: autoDraw = False
181.8040 	EXP 	cueImage: autoDraw = False
181.8040 	EXP 	fixation: autoDraw = True
182.2178 	DATA 	Keypress: 1
182.5106 	DATA 	Keypress: 5
183.3044 	DATA 	Keypress: 5
184.0549 	DATA 	Keypress: 5
184.8445 	DATA 	Keypress: 5
185.3258 	EXP 	fixation: autoDraw = False
185.3258 	EXP 	fixation: autoDraw = False
185.3258 	EXP 	Target: image = 'images/WinProbe.bmp'
185.3258 	EXP 	Target: autoDraw = True
185.6355 	DATA 	Keypress: 5
185.7590 	EXP 	Target: autoDraw = False
185.7590 	EXP 	Target: autoDraw = False
185.7590 	EXP 	feedbackMsg: text = 'You pressed too soon!\n\nYou did not win $0.20!'
185.7590 	EXP 	feedbackMsg: autoDraw = True
186.3858 	DATA 	Keypress: 5
187.1802 	DATA 	Keypress: 5
187.2164 	EXP 	New trial (rep=0, index=25): OrderedDict([('Condition', 'SmallPun'), ('FixationDur', 2000)])
187.2551 	EXP 	feedbackMsg: autoDraw = False
187.2551 	EXP 	feedbackMsg: autoDraw = False
187.2551 	EXP 	cueImage: image = 'images/LoseSmall.bmp'
187.2551 	EXP 	cueImage: autoDraw = True
187.9680 	DATA 	Keypress: 5
188.7174 	DATA 	Keypress: 5
189.2680 	EXP 	cueImage: autoDraw = False
189.2680 	EXP 	cueImage: autoDraw = False
189.2680 	EXP 	fixation: autoDraw = True
189.5117 	DATA 	Keypress: 5
190.3026 	DATA 	Keypress: 5
191.0519 	DATA 	Keypress: 5
191.2739 	EXP 	fixation: autoDraw = False
191.2739 	EXP 	fixation: autoDraw = False
191.2739 	EXP 	Target: image = 'images/LoseProbe.bmp'
191.2739 	EXP 	Target: autoDraw = True
191.6865 	DATA 	Keypress: 1
191.7135 	EXP 	Target: autoDraw = False
191.7135 	EXP 	Target: autoDraw = False
191.7135 	EXP 	feedbackMsg: text = 'You pressed too slow!\n\nYou lost $0.20!'
191.7135 	EXP 	feedbackMsg: autoDraw = True
191.8418 	DATA 	Keypress: 5
192.6328 	DATA 	Keypress: 5
193.2157 	EXP 	New trial (rep=0, index=26): OrderedDict([('Condition', 'SmallReward'), ('FixationDur', 2500)])
193.2553 	EXP 	feedbackMsg: autoDraw = False
193.2553 	EXP 	feedbackMsg: autoDraw = False
193.2553 	EXP 	cueImage: image = 'images/WinSmall.bmp'
193.2553 	EXP 	cueImage: autoDraw = True
193.3833 	DATA 	Keypress: 5
194.1763 	DATA 	Keypress: 5
194.9673 	DATA 	Keypress: 5
195.2697 	EXP 	cueImage: autoDraw = False
195.2697 	EXP 	cueImage: autoDraw = False
195.2697 	EXP 	fixation: autoDraw = True
195.7214 	DATA 	Keypress: 5
196.5129 	DATA 	Keypress: 5
197.3011 	DATA 	Keypress: 5
197.7869 	EXP 	fixation: autoDraw = False
197.7869 	EXP 	fixation: autoDraw = False
197.7869 	EXP 	Target: image = 'images/WinProbe.bmp'
197.7869 	EXP 	Target: autoDraw = True
198.0951 	DATA 	Keypress: 5
198.1368 	DATA 	Keypress: 1
198.2175 	EXP 	Target: autoDraw = False
198.2175 	EXP 	Target: autoDraw = False
198.2175 	EXP 	feedbackMsg: text = 'Correct Response!\n\nYou won $0.20!'
198.2175 	EXP 	feedbackMsg: autoDraw = True
198.8475 	DATA 	Keypress: 5
199.6368 	DATA 	Keypress: 5
199.6761 	EXP 	New trial (rep=0, index=27): OrderedDict([('Condition', 'SmallPun'), ('FixationDur', 2500)])
199.7139 	EXP 	feedbackMsg: autoDraw = False
199.7139 	EXP 	feedbackMsg: autoDraw = False
199.7139 	EXP 	cueImage: image = 'images/LoseSmall.bmp'
199.7139 	EXP 	cueImage: autoDraw = True
200.4274 	DATA 	Keypress: 5
201.1753 	DATA 	Keypress: 5
201.7221 	EXP 	cueImage: autoDraw = False
201.7221 	EXP 	cueImage: autoDraw = False
201.7221 	EXP 	fixation: autoDraw = True
201.9706 	DATA 	Keypress: 5
202.7205 	DATA 	Keypress: 5
203.5123 	DATA 	Keypress: 5
204.2302 	EXP 	fixation: autoDraw = False
204.2302 	EXP 	fixation: autoDraw = False
204.2302 	EXP 	Target: image = 'images/LoseProbe.bmp'
204.2302 	EXP 	Target: autoDraw = True
204.3031 	DATA 	Keypress: 5
204.5931 	DATA 	Keypress: 1
204.6745 	EXP 	Target: autoDraw = False
204.6745 	EXP 	Target: autoDraw = False
204.6745 	EXP 	feedbackMsg: text = 'Correct Response!\n\nYou did not lose $0.20!'
204.6745 	EXP 	feedbackMsg: autoDraw = True
205.0968 	DATA 	Keypress: 5
205.8467 	DATA 	Keypress: 5
206.1750 	EXP 	New trial (rep=0, index=28): OrderedDict([('Condition', 'Triangle'), ('FixationDur', 4000)])
206.2137 	EXP 	feedbackMsg: autoDraw = False
206.2137 	EXP 	feedbackMsg: autoDraw = False
206.2137 	EXP 	cueImage: image = 'images/Neutral.bmp'
206.2137 	EXP 	cueImage: autoDraw = True
206.6340 	DATA 	Keypress: 5
207.4282 	DATA 	Keypress: 5
208.2102 	DATA 	Keypress: 5
208.2232 	EXP 	cueImage: autoDraw = False
208.2232 	EXP 	cueImage: autoDraw = False
208.2232 	EXP 	fixation: autoDraw = True
208.9710 	DATA 	Keypress: 5
209.7615 	DATA 	Keypress: 5
210.5115 	DATA 	Keypress: 5
211.3023 	DATA 	Keypress: 5
212.0958 	DATA 	Keypress: 5
212.2380 	EXP 	fixation: autoDraw = False
212.2380 	EXP 	fixation: autoDraw = False
212.2380 	EXP 	Target: image = 'images/NeutralProbe.bmp'
212.2380 	EXP 	Target: autoDraw = True
212.6725 	EXP 	Target: autoDraw = False
212.6725 	EXP 	Target: autoDraw = False
212.6725 	EXP 	feedbackMsg: text = 'You pressed too slow!\n\nYou did not win or lose anything!'
212.6725 	EXP 	feedbackMsg: autoDraw = True
212.8419 	DATA 	Keypress: 5
213.6339 	DATA 	Keypress: 5
214.1747 	EXP 	New trial (rep=0, index=29): OrderedDict([('Condition', 'LgPun'), ('FixationDur', 3500)])
214.2145 	EXP 	feedbackMsg: autoDraw = False
214.2145 	EXP 	feedbackMsg: autoDraw = False
214.2145 	EXP 	cueImage: image = 'images/LoseBig.bmp'
214.2145 	EXP 	cueImage: autoDraw = True
214.4258 	DATA 	Keypress: 5
215.1757 	DATA 	Keypress: 5
215.9668 	DATA 	Keypress: 5
216.2225 	EXP 	cueImage: autoDraw = False
216.2225 	EXP 	cueImage: autoDraw = False
216.2225 	EXP 	fixation: autoDraw = True
216.7629 	DATA 	Keypress: 5
217.5104 	DATA 	Keypress: 5
218.3034 	DATA 	Keypress: 5
219.0985 	DATA 	Keypress: 5
219.7400 	EXP 	fixation: autoDraw = False
219.7400 	EXP 	fixation: autoDraw = False
219.7400 	EXP 	Target: image = 'images/LoseProbe.bmp'
219.7400 	EXP 	Target: autoDraw = True
219.8427 	DATA 	Keypress: 5
220.1451 	DATA 	Keypress: 1
220.1731 	EXP 	Target: autoDraw = False
220.1731 	EXP 	Target: autoDraw = False
220.1731 	EXP 	feedbackMsg: text = 'You pressed too slow!\n\nYou lost $5.00!'
220.1731 	EXP 	feedbackMsg: autoDraw = True
220.6347 	DATA 	Keypress: 5
221.4260 	DATA 	Keypress: 5
221.6744 	EXP 	New trial (rep=0, index=30): OrderedDict([('Condition', 'Triangle'), ('FixationDur', 1500)])
221.7142 	EXP 	feedbackMsg: autoDraw = False
221.7142 	EXP 	feedbackMsg: autoDraw = False
221.7142 	EXP 	cueImage: image = 'images/Neutral.bmp'
221.7142 	EXP 	cueImage: autoDraw = True
222.1763 	DATA 	Keypress: 5
222.9692 	DATA 	Keypress: 5
223.7236 	EXP 	cueImage: autoDraw = False
223.7236 	EXP 	cueImage: autoDraw = False
223.7236 	EXP 	fixation: autoDraw = True
223.7277 	DATA 	Keypress: 5
224.5125 	DATA 	Keypress: 5
225.2394 	EXP 	fixation: autoDraw = False
225.2394 	EXP 	fixation: autoDraw = False
225.2394 	EXP 	Target: image = 'images/NeutralProbe.bmp'
225.2394 	EXP 	Target: autoDraw = True
225.3020 	DATA 	Keypress: 5
225.6733 	EXP 	Target: autoDraw = False
225.6733 	EXP 	Target: autoDraw = False
225.6733 	EXP 	feedbackMsg: text = 'You pressed too slow!\n\nYou did not win or lose anything!'
225.6733 	EXP 	feedbackMsg: autoDraw = True
225.7196 	DATA 	Keypress: 1
226.0943 	DATA 	Keypress: 5
226.8436 	DATA 	Keypress: 5
227.1753 	EXP 	New trial (rep=0, index=31): OrderedDict([('Condition', 'LgReward'), ('FixationDur', 3000)])
227.2153 	EXP 	feedbackMsg: autoDraw = False
227.2153 	EXP 	feedbackMsg: autoDraw = False
227.2153 	EXP 	cueImage: image = 'images/WinBig.bmp'
227.2153 	EXP 	cueImage: autoDraw = True
227.6351 	DATA 	Keypress: 5
228.4268 	DATA 	Keypress: 5
229.2111 	DATA 	Keypress: 5
229.2247 	EXP 	cueImage: autoDraw = False
229.2247 	EXP 	cueImage: autoDraw = False
229.2247 	EXP 	fixation: autoDraw = True
229.9710 	DATA 	Keypress: 5
230.7634 	DATA 	Keypress: 5
231.5128 	DATA 	Keypress: 5
232.2435 	EXP 	fixation: autoDraw = False
232.2435 	EXP 	fixation: autoDraw = False
232.2435 	EXP 	Target: image = 'images/WinProbe.bmp'
232.2435 	EXP 	Target: autoDraw = True
232.3040 	DATA 	Keypress: 5
232.6472 	DATA 	Keypress: 1
232.6776 	EXP 	Target: autoDraw = False
232.6776 	EXP 	Target: autoDraw = False
232.6776 	EXP 	feedbackMsg: text = 'You pressed too slow!\n\nYou did not win $5.00!'
232.6776 	EXP 	feedbackMsg: autoDraw = True
233.0964 	DATA 	Keypress: 5
233.8467 	DATA 	Keypress: 5
234.1796 	EXP 	New trial (rep=0, index=32): OrderedDict([('Condition', 'Triangle'), ('FixationDur', 2500)])
234.2154 	EXP 	feedbackMsg: autoDraw = False
234.2154 	EXP 	feedbackMsg: autoDraw = False
234.2154 	EXP 	cueImage: image = 'images/Neutral.bmp'
234.2154 	EXP 	cueImage: autoDraw = True
234.6370 	DATA 	Keypress: 5
235.4280 	DATA 	Keypress: 5
236.2137 	DATA 	Keypress: 5
236.2266 	EXP 	cueImage: autoDraw = False
236.2266 	EXP 	cueImage: autoDraw = False
236.2266 	EXP 	fixation: autoDraw = True
236.9725 	DATA 	Keypress: 5
237.7643 	DATA 	Keypress: 5
238.5138 	DATA 	Keypress: 5
238.7328 	EXP 	fixation: autoDraw = False
238.7328 	EXP 	fixation: autoDraw = False
238.7328 	EXP 	Target: image = 'images/NeutralProbe.bmp'
238.7328 	EXP 	Target: autoDraw = True
239.2174 	EXP 	Target: autoDraw = False
239.2174 	EXP 	Target: autoDraw = False
239.2174 	EXP 	feedbackMsg: text = 'You pressed too slow!\n\nYou did not win or lose anything!'
239.2174 	EXP 	feedbackMsg: autoDraw = True
239.3062 	DATA 	Keypress: 5
240.0976 	DATA 	Keypress: 5
240.6838 	EXP 	New trial (rep=0, index=33): OrderedDict([('Condition', 'Triangle'), ('FixationDur', 2000)])
240.7160 	EXP 	feedbackMsg: autoDraw = False
240.7160 	EXP 	feedbackMsg: autoDraw = False
240.7160 	EXP 	cueImage: image = 'images/Neutral.bmp'
240.7160 	EXP 	cueImage: autoDraw = True
240.8483 	DATA 	Keypress: 5
241.6358 	DATA 	Keypress: 5
242.4271 	DATA 	Keypress: 5
242.7254 	EXP 	cueImage: autoDraw = False
242.7254 	EXP 	cueImage: autoDraw = False
242.7254 	EXP 	fixation: autoDraw = True
243.1815 	DATA 	Keypress: 5
243.9730 	DATA 	Keypress: 5
244.7340 	EXP 	fixation: autoDraw = False
244.7340 	EXP 	fixation: autoDraw = False
244.7340 	EXP 	Target: image = 'images/NeutralProbe.bmp'
244.7340 	EXP 	Target: autoDraw = True
244.7370 	DATA 	Keypress: 5
245.2158 	EXP 	Target: autoDraw = False
245.2158 	EXP 	Target: autoDraw = False
245.2158 	EXP 	feedbackMsg: text = 'You pressed too slow!\n\nYou did not win or lose anything!'
245.2158 	EXP 	feedbackMsg: autoDraw = True
245.5541 	DATA 	Keypress: 5
246.3035 	DATA 	Keypress: 5
246.6766 	EXP 	New trial (rep=0, index=34): OrderedDict([('Condition', 'SmallReward'), ('FixationDur', 1500)])
246.7162 	EXP 	feedbackMsg: autoDraw = False
246.7162 	EXP 	feedbackMsg: autoDraw = False
246.7162 	EXP 	cueImage: image = 'images/WinSmall.bmp'
246.7162 	EXP 	cueImage: autoDraw = True
247.0926 	DATA 	Keypress: 5
247.8462 	DATA 	Keypress: 5
248.6388 	DATA 	Keypress: 5
248.7266 	EXP 	cueImage: autoDraw = False
248.7266 	EXP 	cueImage: autoDraw = False
248.7266 	EXP 	fixation: autoDraw = True
249.4300 	DATA 	Keypress: 5
250.2328 	DATA 	Keypress: 5
250.2504 	EXP 	fixation: autoDraw = False
250.2504 	EXP 	fixation: autoDraw = False
250.2504 	EXP 	Target: image = 'images/WinProbe.bmp'
250.2504 	EXP 	Target: autoDraw = True
250.6376 	DATA 	Keypress: 1
250.7164 	EXP 	Target: autoDraw = False
250.7164 	EXP 	Target: autoDraw = False
250.7164 	EXP 	feedbackMsg: text = 'Correct Response!\n\nYou won $0.20!'
250.7164 	EXP 	feedbackMsg: autoDraw = True
250.9706 	DATA 	Keypress: 5
251.7613 	DATA 	Keypress: 5
252.1761 	EXP 	New trial (rep=0, index=35): OrderedDict([('Condition', 'LgPun'), ('FixationDur', 2000)])
252.2156 	EXP 	feedbackMsg: autoDraw = False
252.2156 	EXP 	feedbackMsg: autoDraw = False
252.2156 	EXP 	cueImage: image = 'images/LoseBig.bmp'
252.2156 	EXP 	cueImage: autoDraw = True
252.5536 	DATA 	Keypress: 5
253.3028 	DATA 	Keypress: 5
254.0944 	DATA 	Keypress: 5
254.2253 	EXP 	cueImage: autoDraw = False
254.2253 	EXP 	cueImage: autoDraw = False
254.2253 	EXP 	fixation: autoDraw = True
254.8878 	DATA 	Keypress: 5
255.6378 	DATA 	Keypress: 5
256.2265 	EXP 	fixation: autoDraw = False
256.2265 	EXP 	fixation: autoDraw = False
256.2265 	EXP 	Target: image = 'images/LoseProbe.bmp'
256.2265 	EXP 	Target: autoDraw = True
256.4273 	DATA 	Keypress: 5
256.6385 	DATA 	Keypress: 1
256.7202 	EXP 	Target: autoDraw = False
256.7202 	EXP 	Target: autoDraw = False
256.7202 	EXP 	feedbackMsg: text = 'Correct Response!\n\nYou did not lose $5.00!'
256.7202 	EXP 	feedbackMsg: autoDraw = True
257.2246 	DATA 	Keypress: 5
257.9737 	DATA 	Keypress: 5
258.1786 	EXP 	New trial (rep=0, index=36): OrderedDict([('Condition', 'SmallReward'), ('FixationDur', 3000)])
258.2167 	EXP 	feedbackMsg: autoDraw = False
258.2167 	EXP 	feedbackMsg: autoDraw = False
258.2167 	EXP 	cueImage: image = 'images/WinSmall.bmp'
258.2167 	EXP 	cueImage: autoDraw = True
258.7606 	DATA 	Keypress: 5
259.5552 	DATA 	Keypress: 5
260.2277 	EXP 	cueImage: autoDraw = False
260.2277 	EXP 	cueImage: autoDraw = False
260.2277 	EXP 	fixation: autoDraw = True
260.3063 	DATA 	Keypress: 5
261.0987 	DATA 	Keypress: 5
261.8905 	DATA 	Keypress: 5
262.6408 	DATA 	Keypress: 5
263.2483 	EXP 	fixation: autoDraw = False
263.2483 	EXP 	fixation: autoDraw = False
263.2483 	EXP 	Target: image = 'images/WinProbe.bmp'
263.2483 	EXP 	Target: autoDraw = True
263.4308 	DATA 	Keypress: 5
263.5977 	DATA 	Keypress: 1
263.7188 	EXP 	Target: autoDraw = False
263.7188 	EXP 	Target: autoDraw = False
263.7188 	EXP 	feedbackMsg: text = 'Correct Response!\n\nYou won $0.20!'
263.7188 	EXP 	feedbackMsg: autoDraw = True
264.2214 	DATA 	Keypress: 5
264.9719 	DATA 	Keypress: 5
265.1799 	EXP 	New trial (rep=0, index=37): OrderedDict([('Condition', 'LgReward'), ('FixationDur', 3500)])
265.2187 	EXP 	feedbackMsg: autoDraw = False
265.2187 	EXP 	feedbackMsg: autoDraw = False
265.2187 	EXP 	cueImage: image = 'images/WinBig.bmp'
265.2187 	EXP 	cueImage: autoDraw = True
265.7625 	DATA 	Keypress: 5
266.5542 	DATA 	Keypress: 5
267.2292 	EXP 	cueImage: autoDraw = False
267.2292 	EXP 	cueImage: autoDraw = False
267.2292 	EXP 	fixation: autoDraw = True
267.3057 	DATA 	Keypress: 5
268.0975 	DATA 	Keypress: 5
268.8922 	DATA 	Keypress: 5
269.6388 	DATA 	Keypress: 5
270.4288 	DATA 	Keypress: 5
270.7463 	EXP 	fixation: autoDraw = False
270.7463 	EXP 	fixation: autoDraw = False
270.7463 	EXP 	Target: image = 'images/WinProbe.bmp'
270.7463 	EXP 	Target: autoDraw = True
271.1487 	DATA 	Keypress: 1
271.1794 	EXP 	Target: autoDraw = False
271.1794 	EXP 	Target: autoDraw = False
271.1794 	EXP 	feedbackMsg: text = 'You pressed too slow!\n\nYou did not win $5.00!'
271.1794 	EXP 	feedbackMsg: autoDraw = True
271.2245 	DATA 	Keypress: 5
271.9731 	DATA 	Keypress: 5
272.6371 	EXP 	New trial (rep=0, index=38): OrderedDict([('Condition', 'SmallPun'), ('FixationDur', 2000)])
272.6752 	EXP 	feedbackMsg: autoDraw = False
272.6752 	EXP 	feedbackMsg: autoDraw = False
272.6752 	EXP 	cueImage: image = 'images/LoseSmall.bmp'
272.6752 	EXP 	cueImage: autoDraw = True
272.7633 	DATA 	Keypress: 5
273.5535 	DATA 	Keypress: 5
274.3041 	DATA 	Keypress: 5
274.6972 	EXP 	cueImage: autoDraw = False
274.6972 	EXP 	cueImage: autoDraw = False
274.6972 	EXP 	fixation: autoDraw = True
275.1006 	DATA 	Keypress: 5
275.8917 	DATA 	Keypress: 5
276.6789 	DATA 	Keypress: 5
276.6974 	EXP 	fixation: autoDraw = False
276.6974 	EXP 	fixation: autoDraw = False
276.6974 	EXP 	Target: image = 'images/LoseProbe.bmp'
276.6974 	EXP 	Target: autoDraw = True
277.1341 	EXP 	Target: autoDraw = False
277.1341 	EXP 	Target: autoDraw = False
277.1341 	EXP 	feedbackMsg: text = 'You pressed too slow!\n\nYou lost $0.20!'
277.1341 	EXP 	feedbackMsg: autoDraw = True
277.1384 	DATA 	Keypress: 1
277.4294 	DATA 	Keypress: 5
278.2207 	DATA 	Keypress: 5
278.6357 	EXP 	New trial (rep=0, index=39): OrderedDict([('Condition', 'SmallReward'), ('FixationDur', 4000)])
278.6763 	EXP 	feedbackMsg: autoDraw = False
278.6763 	EXP 	feedbackMsg: autoDraw = False
278.6763 	EXP 	cueImage: image = 'images/WinSmall.bmp'
278.6763 	EXP 	cueImage: autoDraw = True
278.9710 	DATA 	Keypress: 5
279.7627 	DATA 	Keypress: 5
280.5564 	DATA 	Keypress: 5
280.6833 	EXP 	cueImage: autoDraw = False
280.6833 	EXP 	cueImage: autoDraw = False
280.6833 	EXP 	fixation: autoDraw = True
281.3069 	DATA 	Keypress: 5
282.0980 	DATA 	Keypress: 5
282.8928 	DATA 	Keypress: 5
283.6422 	DATA 	Keypress: 5
284.4321 	DATA 	Keypress: 5
284.7128 	EXP 	fixation: autoDraw = False
284.7128 	EXP 	fixation: autoDraw = False
284.7128 	EXP 	Target: image = 'images/WinProbe.bmp'
284.7128 	EXP 	Target: autoDraw = True
285.1074 	DATA 	Keypress: 1
285.1337 	EXP 	Target: autoDraw = False
285.1337 	EXP 	Target: autoDraw = False
285.1337 	EXP 	feedbackMsg: text = 'You pressed too slow!\n\nYou did not win $0.20!'
285.1337 	EXP 	feedbackMsg: autoDraw = True
285.2221 	DATA 	Keypress: 5
285.9709 	DATA 	Keypress: 5
286.6356 	EXP 	New trial (rep=0, index=40): OrderedDict([('Condition', 'SmallPun'), ('FixationDur', 1500)])
286.6761 	EXP 	feedbackMsg: autoDraw = False
286.6761 	EXP 	feedbackMsg: autoDraw = False
286.6761 	EXP 	cueImage: image = 'images/LoseSmall.bmp'
286.6761 	EXP 	cueImage: autoDraw = True
286.7662 	DATA 	Keypress: 5
287.5540 	DATA 	Keypress: 5
288.3068 	DATA 	Keypress: 5
288.6824 	EXP 	cueImage: autoDraw = False
288.6824 	EXP 	fixation: autoDraw = True
289.1003 	DATA 	Keypress: 5
289.8924 	DATA 	Keypress: 5
290.1985 	EXP 	fixation: autoDraw = False
290.1985 	EXP 	fixation: autoDraw = False
290.1985 	EXP 	Target: image = 'images/LoseProbe.bmp'
290.1985 	EXP 	Target: autoDraw = True
290.6467 	DATA 	Keypress: 1
290.6485 	DATA 	Keypress: 5
290.6763 	EXP 	Target: autoDraw = False
290.6763 	EXP 	Target: autoDraw = False
290.6763 	EXP 	feedbackMsg: text = 'You pressed too slow!\n\nYou lost $0.20!'
290.6763 	EXP 	feedbackMsg: autoDraw = True
291.4294 	DATA 	Keypress: 5
292.1368 	EXP 	New trial (rep=0, index=41): OrderedDict([('Condition', 'SmallReward'), ('FixationDur', 2000)])
292.1762 	EXP 	feedbackMsg: autoDraw = False
292.1762 	EXP 	feedbackMsg: autoDraw = False
292.1762 	EXP 	cueImage: image = 'images/WinSmall.bmp'
292.1762 	EXP 	cueImage: autoDraw = True
292.2209 	DATA 	Keypress: 5
293.0114 	DATA 	Keypress: 5
293.7642 	DATA 	Keypress: 5
294.1840 	EXP 	cueImage: autoDraw = False
294.1840 	EXP 	cueImage: autoDraw = False
294.1840 	EXP 	fixation: autoDraw = True
294.5584 	DATA 	Keypress: 5
295.3071 	DATA 	Keypress: 5
296.0994 	DATA 	Keypress: 5
296.2150 	EXP 	fixation: autoDraw = False
296.2150 	EXP 	fixation: autoDraw = False
296.2150 	EXP 	Target: image = 'images/WinProbe.bmp'
296.2150 	EXP 	Target: autoDraw = True
296.5961 	DATA 	Keypress: 1
296.6767 	EXP 	Target: autoDraw = False
296.6767 	EXP 	Target: autoDraw = False
296.6767 	EXP 	feedbackMsg: text = 'Correct Response!\n\nYou won $0.20!'
296.6767 	EXP 	feedbackMsg: autoDraw = True
296.8872 	DATA 	Keypress: 5
297.6810 	DATA 	Keypress: 5
298.1366 	EXP 	New trial (rep=0, index=42): OrderedDict([('Condition', 'SmallReward'), ('FixationDur', 1500)])
298.1766 	EXP 	feedbackMsg: autoDraw = False
298.1766 	EXP 	feedbackMsg: autoDraw = False
298.1766 	EXP 	cueImage: image = 'images/WinSmall.bmp'
298.1766 	EXP 	cueImage: autoDraw = True
298.4287 	DATA 	Keypress: 5
299.2212 	DATA 	Keypress: 5
300.0156 	DATA 	Keypress: 5
300.1862 	EXP 	cueImage: autoDraw = False
300.1862 	EXP 	fixation: autoDraw = True
300.7654 	DATA 	Keypress: 5
301.5597 	DATA 	Keypress: 5
301.7047 	EXP 	fixation: autoDraw = False
301.7047 	EXP 	fixation: autoDraw = False
301.7047 	EXP 	Target: image = 'images/WinProbe.bmp'
301.7047 	EXP 	Target: autoDraw = True
302.1808 	EXP 	Target: autoDraw = False
302.1808 	EXP 	Target: autoDraw = False
302.1808 	EXP 	feedbackMsg: text = 'You pressed too slow!\n\nYou did not win $0.20!'
302.1808 	EXP 	feedbackMsg: autoDraw = True
302.2242 	DATA 	Keypress: 1
302.3080 	DATA 	Keypress: 5
303.0985 	DATA 	Keypress: 5
303.6388 	EXP 	New trial (rep=0, index=43): OrderedDict([('Condition', 'SmallPun'), ('FixationDur', 1500)])
303.6772 	EXP 	feedbackMsg: autoDraw = False
303.6772 	EXP 	feedbackMsg: autoDraw = False
303.6772 	EXP 	cueImage: image = 'images/LoseSmall.bmp'
303.6772 	EXP 	cueImage: autoDraw = True
303.8898 	DATA 	Keypress: 5
304.6835 	DATA 	Keypress: 5
305.4328 	DATA 	Keypress: 5
305.6829 	EXP 	cueImage: autoDraw = False
305.6829 	EXP 	cueImage: autoDraw = False
305.6829 	EXP 	fixation: autoDraw = True
306.2270 	DATA 	Keypress: 5
306.9757 	DATA 	Keypress: 5
307.2004 	EXP 	fixation: autoDraw = False
307.2004 	EXP 	fixation: autoDraw = False
307.2004 	EXP 	Target: image = 'images/LoseProbe.bmp'
307.2004 	EXP 	Target: autoDraw = True
307.5981 	DATA 	Keypress: 1
307.6772 	EXP 	Target: autoDraw = False
307.6772 	EXP 	Target: autoDraw = False
307.6772 	EXP 	feedbackMsg: text = 'Correct Response!\n\nYou did not lose $0.20!'
307.6772 	EXP 	feedbackMsg: autoDraw = True
307.7642 	DATA 	Keypress: 5
308.5559 	DATA 	Keypress: 5
309.1374 	EXP 	New trial (rep=0, index=44): OrderedDict([('Condition', 'SmallPun'), ('FixationDur', 1500)])
309.1774 	EXP 	feedbackMsg: autoDraw = False
309.1774 	EXP 	feedbackMsg: autoDraw = False
309.1774 	EXP 	cueImage: image = 'images/LoseSmall.bmp'
309.1774 	EXP 	cueImage: autoDraw = True
309.3463 	DATA 	Keypress: 5
310.0974 	DATA 	Keypress: 5
310.8895 	DATA 	Keypress: 5
311.1854 	EXP 	cueImage: autoDraw = False
311.1854 	EXP 	cueImage: autoDraw = False
311.1854 	EXP 	fixation: autoDraw = True
311.6431 	DATA 	Keypress: 5
312.4336 	DATA 	Keypress: 5
312.7013 	EXP 	fixation: autoDraw = False
312.7013 	EXP 	fixation: autoDraw = False
312.7013 	EXP 	Target: image = 'images/LoseProbe.bmp'
312.7013 	EXP 	Target: autoDraw = True
313.1473 	DATA 	Keypress: 1
313.1767 	EXP 	Target: autoDraw = False
313.1767 	EXP 	Target: autoDraw = False
313.1767 	EXP 	feedbackMsg: text = 'You pressed too slow!\n\nYou lost $0.20!'
313.1767 	EXP 	feedbackMsg: autoDraw = True
313.2213 	DATA 	Keypress: 5
314.0141 	DATA 	Keypress: 5
314.6378 	EXP 	New trial (rep=0, index=45): OrderedDict([('Condition', 'LgReward'), ('FixationDur', 2000)])
314.6773 	EXP 	feedbackMsg: autoDraw = False
314.6773 	EXP 	feedbackMsg: autoDraw = False
314.6773 	EXP 	cueImage: image = 'images/WinBig.bmp'
314.6773 	EXP 	cueImage: autoDraw = True
314.7639 	DATA 	Keypress: 5
315.5551 	DATA 	Keypress: 5
316.3499 	DATA 	Keypress: 5
316.6858 	EXP 	cueImage: autoDraw = False
316.6858 	EXP 	cueImage: autoDraw = False
316.6858 	EXP 	fixation: autoDraw = True
317.0989 	DATA 	Keypress: 5
317.8950 	DATA 	Keypress: 5
318.6906 	DATA 	Keypress: 5
318.7083 	EXP 	fixation: autoDraw = False
318.7083 	EXP 	fixation: autoDraw = False
318.7083 	EXP 	Target: image = 'images/WinProbe.bmp'
318.7083 	EXP 	Target: autoDraw = True
319.0572 	DATA 	Keypress: 1
319.1795 	EXP 	Target: autoDraw = False
319.1795 	EXP 	Target: autoDraw = False
319.1795 	EXP 	feedbackMsg: text = 'Correct Response!\n\nYou won $5.00!'
319.1795 	EXP 	feedbackMsg: autoDraw = True
319.4314 	DATA 	Keypress: 5
320.2252 	DATA 	Keypress: 5
320.6405 	EXP 	New trial (rep=0, index=46): OrderedDict([('Condition', 'LgPun'), ('FixationDur', 4000)])
320.6779 	EXP 	feedbackMsg: autoDraw = False
320.6779 	EXP 	feedbackMsg: autoDraw = False
320.6779 	EXP 	cueImage: image = 'images/LoseBig.bmp'
320.6779 	EXP 	cueImage: autoDraw = True
321.0142 	DATA 	Keypress: 5
321.7634 	DATA 	Keypress: 5
322.5561 	DATA 	Keypress: 5
322.6848 	EXP 	cueImage: autoDraw = False
322.6848 	EXP 	cueImage: autoDraw = False
322.6848 	EXP 	fixation: autoDraw = True
323.3475 	DATA 	Keypress: 5
324.1012 	DATA 	Keypress: 5
324.8909 	DATA 	Keypress: 5
325.6863 	DATA 	Keypress: 5
326.4344 	DATA 	Keypress: 5
326.6022 	DATA 	Keypress: 1
326.6951 	EXP 	fixation: autoDraw = False
326.6951 	EXP 	fixation: autoDraw = False
326.6951 	EXP 	Target: image = 'images/LoseProbe.bmp'
326.6951 	EXP 	Target: autoDraw = True
327.1780 	EXP 	Target: autoDraw = False
327.1780 	EXP 	Target: autoDraw = False
327.1780 	EXP 	feedbackMsg: text = 'You pressed too soon!\n\nYou lost $5.00!'
327.1780 	EXP 	feedbackMsg: autoDraw = True
327.2233 	DATA 	Keypress: 5
328.0148 	DATA 	Keypress: 5
328.6384 	EXP 	New trial (rep=0, index=47): OrderedDict([('Condition', 'SmallPun'), ('FixationDur', 3000)])
328.6780 	EXP 	feedbackMsg: autoDraw = False
328.6780 	EXP 	feedbackMsg: autoDraw = False
328.6780 	EXP 	cueImage: image = 'images/LoseSmall.bmp'
328.6780 	EXP 	cueImage: autoDraw = True
328.7653 	DATA 	Keypress: 5
329.5556 	DATA 	Keypress: 5
330.3497 	DATA 	Keypress: 5
330.6871 	EXP 	cueImage: autoDraw = False
330.6871 	EXP 	cueImage: autoDraw = False
330.6871 	EXP 	fixation: autoDraw = True
331.0998 	DATA 	Keypress: 5
331.8913 	DATA 	Keypress: 5
332.6856 	DATA 	Keypress: 5
333.4361 	DATA 	Keypress: 5
333.6959 	EXP 	fixation: autoDraw = False
333.6959 	EXP 	fixation: autoDraw = False
333.6959 	EXP 	Target: image = 'images/LoseProbe.bmp'
333.6959 	EXP 	Target: autoDraw = True
334.1523 	DATA 	Keypress: 1
334.1802 	EXP 	Target: autoDraw = False
334.1802 	EXP 	Target: autoDraw = False
334.1802 	EXP 	feedbackMsg: text = 'You pressed too slow!\n\nYou lost $0.20!'
334.1802 	EXP 	feedbackMsg: autoDraw = True
334.2259 	DATA 	Keypress: 5
335.0172 	DATA 	Keypress: 5
335.6414 	EXP 	New trial (rep=0, index=48): OrderedDict([('Condition', 'LgReward'), ('FixationDur', 2500)])
335.6805 	EXP 	feedbackMsg: autoDraw = False
335.6805 	EXP 	feedbackMsg: autoDraw = False
335.6805 	EXP 	cueImage: image = 'images/WinBig.bmp'
335.6805 	EXP 	cueImage: autoDraw = True
335.7648 	DATA 	Keypress: 5
336.5580 	DATA 	Keypress: 5
337.3508 	DATA 	Keypress: 5
337.6885 	EXP 	cueImage: autoDraw = False
337.6885 	EXP 	cueImage: autoDraw = False
337.6885 	EXP 	fixation: autoDraw = True
338.1025 	DATA 	Keypress: 5
338.8929 	DATA 	Keypress: 5
339.6840 	DATA 	Keypress: 5
340.2082 	EXP 	fixation: autoDraw = False
340.2082 	EXP 	fixation: autoDraw = False
340.2082 	EXP 	Target: image = 'images/WinProbe.bmp'
340.2082 	EXP 	Target: autoDraw = True
340.4332 	DATA 	Keypress: 5
340.6001 	DATA 	Keypress: 1
340.6825 	EXP 	Target: autoDraw = False
340.6825 	EXP 	Target: autoDraw = False
340.6825 	EXP 	feedbackMsg: text = 'Correct Response!\n\nYou won $5.00!'
340.6825 	EXP 	feedbackMsg: autoDraw = True
341.2268 	DATA 	Keypress: 5
342.0168 	DATA 	Keypress: 5
342.1407 	EXP 	New trial (rep=0, index=49): OrderedDict([('Condition', 'SmallPun'), ('FixationDur', 3500)])
342.1787 	EXP 	feedbackMsg: autoDraw = False
342.1787 	EXP 	feedbackMsg: autoDraw = False
342.1787 	EXP 	cueImage: image = 'images/LoseSmall.bmp'
342.1787 	EXP 	cueImage: autoDraw = True
342.7667 	DATA 	Keypress: 5
343.5587 	DATA 	Keypress: 5
344.1886 	EXP 	cueImage: autoDraw = False
344.1886 	EXP 	cueImage: autoDraw = False
344.1886 	EXP 	fixation: autoDraw = True
344.3516 	DATA 	Keypress: 5
345.1013 	DATA 	Keypress: 5
345.8934 	DATA 	Keypress: 5
346.6848 	DATA 	Keypress: 5
347.4339 	DATA 	Keypress: 5
347.7059 	EXP 	fixation: autoDraw = False
347.7059 	EXP 	fixation: autoDraw = False
347.7059 	EXP 	Target: image = 'images/LoseProbe.bmp'
347.7059 	EXP 	Target: autoDraw = True
348.1505 	DATA 	Keypress: 1
348.1791 	EXP 	Target: autoDraw = False
348.1791 	EXP 	Target: autoDraw = False
348.1791 	EXP 	feedbackMsg: text = 'You pressed too slow!\n\nYou lost $0.20!'
348.1791 	EXP 	feedbackMsg: autoDraw = True
348.2240 	DATA 	Keypress: 5
349.0152 	DATA 	Keypress: 5
349.6431 	EXP 	New trial (rep=1, index=0): None
349.6885 	EXP 	feedbackMsg: autoDraw = False
349.6885 	EXP 	feedbackMsg: autoDraw = False
349.6885 	EXP 	instructFig: autoDraw = True
349.8091 	DATA 	Keypress: 5
349.8459 	EXP 	instructFig: autoDraw = False
349.8459 	EXP 	PrepFixation: autoDraw = True
350.5582 	DATA 	Keypress: 5
351.3532 	DATA 	Keypress: 5
351.8127 	EXP 	Imported TimeVersion1.csv as conditions, 50 conditions, 2 params
351.8131 	EXP 	Created sequence: sequential, trialTypes=50, nReps=1, seed=None
351.8135 	EXP 	New trial (rep=0, index=0): OrderedDict([('Condition', 'LgReward'), ('FixationDur', 1500)])
351.8463 	EXP 	PrepFixation: autoDraw = False
351.8463 	EXP 	cueImage: image = 'images/WinBig.bmp'
351.8463 	EXP 	cueImage: autoDraw = True
352.1426 	DATA 	Keypress: 5
352.8919 	DATA 	Keypress: 5
353.6852 	DATA 	Keypress: 5
353.8578 	EXP 	cueImage: autoDraw = False
353.8578 	EXP 	fixation: autoDraw = True
354.4785 	DATA 	Keypress: 5
355.2283 	DATA 	Keypress: 5
355.3756 	EXP 	fixation: autoDraw = False
355.3756 	EXP 	fixation: autoDraw = False
355.3756 	EXP 	Target: image = 'images/WinProbe.bmp'
355.3756 	EXP 	Target: autoDraw = True
355.7658 	DATA 	Keypress: 1
355.8481 	EXP 	Target: autoDraw = False
355.8481 	EXP 	Target: autoDraw = False
355.8481 	EXP 	feedbackMsg: text = 'Correct Response!\n\nYou won $5.00!'
355.8481 	EXP 	feedbackMsg: autoDraw = True
356.0202 	DATA 	Keypress: 5
356.8109 	DATA 	Keypress: 5
357.3091 	EXP 	New trial (rep=0, index=1): OrderedDict([('Condition', 'Triangle'), ('FixationDur', 3500)])
357.3462 	EXP 	feedbackMsg: autoDraw = False
357.3462 	EXP 	feedbackMsg: autoDraw = False
357.3462 	EXP 	cueImage: image = 'images/Neutral.bmp'
357.3462 	EXP 	cueImage: autoDraw = True
357.5571 	DATA 	Keypress: 5
358.3491 	DATA 	Keypress: 5
359.1419 	DATA 	Keypress: 5
359.3557 	EXP 	cueImage: autoDraw = False
359.3557 	EXP 	cueImage: autoDraw = False
359.3557 	EXP 	fixation: autoDraw = True
362.8640 	EXP 	fixation: autoDraw = False
362.8640 	EXP 	fixation: autoDraw = False
362.8640 	EXP 	Target: image = 'images/NeutralProbe.bmp'
362.8640 	EXP 	Target: autoDraw = True
363.3484 	EXP 	Target: autoDraw = False
363.3484 	EXP 	Target: autoDraw = False
363.3484 	EXP 	feedbackMsg: text = 'You pressed too slow!\n\nYou did not win or lose anything!'
363.3484 	EXP 	feedbackMsg: autoDraw = True
364.8091 	EXP 	New trial (rep=0, index=2): OrderedDict([('Condition', 'LgPun'), ('FixationDur', 1500)])
364.8483 	EXP 	feedbackMsg: autoDraw = False
364.8483 	EXP 	feedbackMsg: autoDraw = False
364.8483 	EXP 	cueImage: image = 'images/LoseBig.bmp'
364.8483 	EXP 	cueImage: autoDraw = True
366.8591 	EXP 	cueImage: autoDraw = False
366.8591 	EXP 	cueImage: autoDraw = False
366.8591 	EXP 	fixation: autoDraw = True
368.3746 	EXP 	fixation: autoDraw = False
368.3746 	EXP 	fixation: autoDraw = False
368.3746 	EXP 	Target: image = 'images/LoseProbe.bmp'
368.3746 	EXP 	Target: autoDraw = True
368.8468 	EXP 	Target: autoDraw = False
368.8468 	EXP 	Target: autoDraw = False
368.8468 	EXP 	feedbackMsg: text = 'You pressed too slow!\n\nYou lost $5.00!'
368.8468 	EXP 	feedbackMsg: autoDraw = True
368.8916 	DATA 	Keypress: 1
370.3055 	EXP 	New trial (rep=0, index=3): OrderedDict([('Condition', 'SmallReward'), ('FixationDur', 3500)])
370.3463 	EXP 	feedbackMsg: autoDraw = False
370.3463 	EXP 	feedbackMsg: autoDraw = False
370.3463 	EXP 	cueImage: image = 'images/WinSmall.bmp'
370.3463 	EXP 	cueImage: autoDraw = True
370.8496 	DATA 	Keypress: 5
371.6431 	DATA 	Keypress: 5
372.3598 	EXP 	cueImage: autoDraw = False
372.3598 	EXP 	fixation: autoDraw = True
372.4369 	DATA 	Keypress: 5
373.1886 	DATA 	Keypress: 5
375.8779 	EXP 	fixation: autoDraw = False
375.8779 	EXP 	fixation: autoDraw = False
375.8779 	EXP 	Target: image = 'images/WinProbe.bmp'
375.8779 	EXP 	Target: autoDraw = True
376.3483 	EXP 	Target: autoDraw = False
376.3483 	EXP 	Target: autoDraw = False
376.3483 	EXP 	feedbackMsg: text = 'You pressed too slow!\n\nYou did not win $0.20!'
376.3483 	EXP 	feedbackMsg: autoDraw = True
376.5606 	DATA 	Keypress: 1
377.8103 	EXP 	New trial (rep=0, index=4): OrderedDict([('Condition', 'LgReward'), ('FixationDur', 1500)])
377.8497 	EXP 	feedbackMsg: autoDraw = False
377.8497 	EXP 	feedbackMsg: autoDraw = False
377.8497 	EXP 	cueImage: image = 'images/WinBig.bmp'
377.8497 	EXP 	cueImage: autoDraw = True
379.8525 	EXP 	cueImage: autoDraw = False
379.8525 	EXP 	cueImage: autoDraw = False
379.8525 	EXP 	fixation: autoDraw = True
381.3777 	EXP 	fixation: autoDraw = False
381.3777 	EXP 	fixation: autoDraw = False
381.3777 	EXP 	Target: image = 'images/WinProbe.bmp'
381.3777 	EXP 	Target: autoDraw = True
381.8510 	EXP 	Target: autoDraw = False
381.8510 	EXP 	Target: autoDraw = False
381.8510 	EXP 	feedbackMsg: text = 'You pressed too slow!\n\nYou did not win $5.00!'
381.8510 	EXP 	feedbackMsg: autoDraw = True
381.8955 	DATA 	Keypress: 1
383.3083 	EXP 	New trial (rep=0, index=5): OrderedDict([('Condition', 'LgPun'), ('FixationDur', 2500)])
383.3476 	EXP 	feedbackMsg: autoDraw = False
383.3476 	EXP 	feedbackMsg: autoDraw = False
383.3476 	EXP 	cueImage: image = 'images/LoseBig.bmp'
383.3476 	EXP 	cueImage: autoDraw = True
385.3612 	EXP 	cueImage: autoDraw = False
385.3612 	EXP 	cueImage: autoDraw = False
385.3612 	EXP 	fixation: autoDraw = True
387.8650 	EXP 	fixation: autoDraw = False
387.8650 	EXP 	fixation: autoDraw = False
387.8650 	EXP 	Target: image = 'images/LoseProbe.bmp'
387.8650 	EXP 	Target: autoDraw = True
388.3470 	EXP 	Target: autoDraw = False
388.3470 	EXP 	Target: autoDraw = False
388.3470 	EXP 	feedbackMsg: text = 'You pressed too slow!\n\nYou lost $5.00!'
388.3470 	EXP 	feedbackMsg: autoDraw = True
389.8078 	EXP 	New trial (rep=0, index=6): OrderedDict([('Condition', 'LgReward'), ('FixationDur', 3500)])
389.8477 	EXP 	feedbackMsg: autoDraw = False
389.8477 	EXP 	feedbackMsg: autoDraw = False
389.8477 	EXP 	cueImage: image = 'images/WinBig.bmp'
389.8477 	EXP 	cueImage: autoDraw = True
391.8623 	EXP 	cueImage: autoDraw = False
391.8623 	EXP 	cueImage: autoDraw = False
391.8623 	EXP 	fixation: autoDraw = True
395.3784 	EXP 	fixation: autoDraw = False
395.3784 	EXP 	fixation: autoDraw = False
395.3784 	EXP 	Target: image = 'images/WinProbe.bmp'
395.3784 	EXP 	Target: autoDraw = True
395.8497 	EXP 	Target: autoDraw = False
395.8497 	EXP 	Target: autoDraw = False
395.8497 	EXP 	feedbackMsg: text = 'You pressed too slow!\n\nYou did not win $5.00!'
395.8497 	EXP 	feedbackMsg: autoDraw = True
397.3107 	EXP 	New trial (rep=0, index=7): OrderedDict([('Condition', 'LgPun'), ('FixationDur', 2000)])
397.3499 	EXP 	feedbackMsg: autoDraw = False
397.3499 	EXP 	feedbackMsg: autoDraw = False
397.3499 	EXP 	cueImage: image = 'images/LoseBig.bmp'
397.3499 	EXP 	cueImage: autoDraw = True
399.3626 	EXP 	cueImage: autoDraw = False
399.3626 	EXP 	cueImage: autoDraw = False
399.3626 	EXP 	fixation: autoDraw = True
401.3673 	EXP 	fixation: autoDraw = False
401.3673 	EXP 	fixation: autoDraw = False
401.3673 	EXP 	Target: image = 'images/LoseProbe.bmp'
401.3673 	EXP 	Target: autoDraw = True
401.8480 	EXP 	Target: autoDraw = False
401.8480 	EXP 	Target: autoDraw = False
401.8480 	EXP 	feedbackMsg: text = 'You pressed too slow!\n\nYou lost $5.00!'
401.8480 	EXP 	feedbackMsg: autoDraw = True
403.3083 	EXP 	New trial (rep=0, index=8): OrderedDict([('Condition', 'Triangle'), ('FixationDur', 1500)])
403.3482 	EXP 	feedbackMsg: autoDraw = False
403.3482 	EXP 	feedbackMsg: autoDraw = False
403.3482 	EXP 	cueImage: image = 'images/Neutral.bmp'
403.3482 	EXP 	cueImage: autoDraw = True
405.3528 	EXP 	cueImage: autoDraw = False
405.3528 	EXP 	cueImage: autoDraw = False
405.3528 	EXP 	fixation: autoDraw = True
406.8678 	EXP 	fixation: autoDraw = False
406.8678 	EXP 	fixation: autoDraw = False
406.8678 	EXP 	Target: image = 'images/NeutralProbe.bmp'
406.8678 	EXP 	Target: autoDraw = True
407.3484 	EXP 	Target: autoDraw = False
407.3484 	EXP 	Target: autoDraw = False
407.3484 	EXP 	feedbackMsg: text = 'You pressed too slow!\n\nYou did not win or lose anything!'
407.3484 	EXP 	feedbackMsg: autoDraw = True
408.8086 	EXP 	New trial (rep=0, index=9): OrderedDict([('Condition', 'SmallPun'), ('FixationDur', 4000)])
408.8486 	EXP 	feedbackMsg: autoDraw = False
408.8486 	EXP 	feedbackMsg: autoDraw = False
408.8486 	EXP 	cueImage: image = 'images/LoseSmall.bmp'
408.8486 	EXP 	cueImage: autoDraw = True
410.8645 	EXP 	cueImage: autoDraw = False
410.8645 	EXP 	cueImage: autoDraw = False
410.8645 	EXP 	fixation: autoDraw = True
414.8659 	EXP 	fixation: autoDraw = False
414.8659 	EXP 	fixation: autoDraw = False
414.8659 	EXP 	Target: image = 'images/LoseProbe.bmp'
414.8659 	EXP 	Target: autoDraw = True
415.3499 	EXP 	Target: autoDraw = False
415.3499 	EXP 	Target: autoDraw = False
415.3499 	EXP 	feedbackMsg: text = 'You pressed too slow!\n\nYou lost $0.20!'
415.3499 	EXP 	feedbackMsg: autoDraw = True
416.8116 	EXP 	New trial (rep=0, index=10): OrderedDict([('Condition', 'Triangle'), ('FixationDur', 2000)])
416.8509 	EXP 	feedbackMsg: autoDraw = False
416.8509 	EXP 	feedbackMsg: autoDraw = False
416.8509 	EXP 	cueImage: image = 'images/Neutral.bmp'
416.8509 	EXP 	cueImage: autoDraw = True
417.0195 	DATA 	Keypress: escape
417.3458 	EXP 	window1: mouseVisible = True
