7.8734 	WARNING 	User requested fullscreen with size [1920 1080], but screen is actually [3840, 2160]. Using actual size
8.7855 	EXP 	Created window1 = Window(allowGUI=False, allowStencil=False, args=UNKNOWN, autoLog=True, bitsMode=UNKNOWN, blendMode='avg', color=array([0., 0., 0.]), colorSpace='rgb', fullscr=<method-wrapper '__getattribute__' of attributeSetter object at 0x134e7abe0>, gamma=None, kwargs=UNKNOWN, lms=UNKNOWN, monitor=<psychopy.monitors.calibTools.Monitor object at 0x134e51860>, multiSample=False, name='window1', numSamples=2, pos=[0.0, 0.0], screen=0, size=array([3840, 2160]), stereo=False, units='height', useFBO=True, useRetina=False, viewOri=0.0, viewPos=None, viewScale=None, waitBlanking=True, winType='pyglet')
8.7855 	EXP 	window1: recordFrameIntervals = False
9.1179 	EXP 	window1: recordFrameIntervals = True
9.4849 	EXP 	window1: recordFrameIntervals = False
9.5343 	EXP 	Created instructFig = ImageStim(__class__=<class 'psychopy.visual.image.ImageStim'>, autoLog=True, color=array([1., 1., 1.]), colorSpace='rgb', contrast=1.0, depth=0.0, flipHoriz=False, flipVert=False, image='images/MID_instructions.bmp', interpolate=True, mask=None, maskParams=None, name='instructFig', opacity=1.0, ori=0.0, pos=array([0., 0.]), size=array([1.3, 1. ]), texRes=128, units='height', win=Window(...))
9.6146 	EXP 	Created text_2 = TextStim(__class__=<class 'psychopy.visual.text.TextStim'>, alignHoriz='center', alignVert='center', antialias=True, autoLog=True, bold=False, color='white', colorSpace='named', contrast=1.0, depth=0.0, flipHoriz=False, flipVert=False, font='Arial', fontFiles=[], height=0.1, italic=False, languageStyle='LTR', name='text_2', opacity=1.0, ori=0, pos=array([0., 0.]), rgb=array([255., 255., 255.]), text='Waiting for scanner trigger...', units='height', win=Window(...), wrapWidth=2)
9.6162 	EXP 	Created PrepFixation = ShapeStim(__class__=<class 'psychopy.visual.shape.ShapeStim'>, autoDraw=False, autoLog=True, closeShape=True, contrast=1.0, depth=0.0, fillColor=array([1., 1., 1.]), fillColorSpace='rgb', interpolate=True, lineColor=array([1., 1., 1.]), lineColorSpace='rgb', lineWidth=1, name='PrepFixation', opacity=1.0, ori=array(0.), pos=array([0., 0.]), size=array([0.05, 0.05]), units='height', vertices=ndarray(...), win=Window(...), windingRule=None)
9.6179 	EXP 	Created cueImage = ImageStim(__class__=<class 'psychopy.visual.image.ImageStim'>, autoLog=True, color=array([1., 1., 1.]), colorSpace='rgb', contrast=1.0, depth=0.0, flipHoriz=False, flipVert=False, image='sin', interpolate=True, mask=None, maskParams=None, name='cueImage', opacity=1.0, ori=0.0, pos=array([0., 0.]), size=array([1.3, 1. ]), texRes=128, units='height', win=Window(...))
9.6193 	EXP 	Created fixation = ShapeStim(__class__=<class 'psychopy.visual.shape.ShapeStim'>, autoDraw=False, autoLog=True, closeShape=True, contrast=1.0, depth=-1.0, fillColor=array([1., 1., 1.]), fillColorSpace='rgb', interpolate=True, lineColor=array([1., 1., 1.]), lineColorSpace='rgb', lineWidth=1, name='fixation', opacity=1.0, ori=array(0.), pos=array([0., 0.]), size=array([0.05, 0.05]), units='height', vertices=ndarray(...), win=Window(...), windingRule=None)
9.6208 	EXP 	Created Target = ImageStim(__class__=<class 'psychopy.visual.image.ImageStim'>, autoLog=True, color=array([1., 1., 1.]), colorSpace='rgb', contrast=1.0, depth=-1.0, flipHoriz=False, flipVert=False, image='sin', interpolate=True, mask=None, maskParams=None, name='Target', opacity=1.0, ori=0.0, pos=array([0., 0.]), size=array([1.3, 1. ]), texRes=128, units='height', win=Window(...))
9.6313 	EXP 	Created feedbackMsg = TextStim(__class__=<class 'psychopy.visual.text.TextStim'>, alignHoriz='center', alignVert='center', antialias=True, autoLog=True, bold=False, color='white', colorSpace='named', contrast=1.0, depth=-2.0, flipHoriz=False, flipVert=False, font='Arial', fontFiles=[], height=0.1, italic=False, languageStyle='LTR', name='feedbackMsg', opacity=1.0, ori=0, pos=array([0., 0.]), rgb=array([255., 255., 255.]), text='default text', units='height', win=Window(...), wrapWidth=2)
9.6329 	EXP 	Created polygon = ShapeStim(__class__=<class 'psychopy.visual.shape.ShapeStim'>, autoDraw=False, autoLog=True, closeShape=True, contrast=1.0, depth=0.0, fillColor=array([1., 1., 1.]), fillColorSpace='rgb', interpolate=True, lineColor=array([1., 1., 1.]), lineColorSpace='rgb', lineWidth=1, name='polygon', opacity=1.0, ori=array(0.), pos=array([0., 0.]), size=array([0.5, 0.5]), units='height', vertices=ndarray(...), win=Window(...), windingRule=None)
9.6332 	EXP 	Created text = TextStim(__class__=<class 'psychopy.visual.text.TextStim'>, alignHoriz='center', alignVert='center', antialias=True, autoLog=True, bold=False, color='white', colorSpace='named', contrast=1.0, depth=-1.0, flipHoriz=False, flipVert=False, font='Arial', fontFiles=[], height=0.1, italic=False, languageStyle='LTR', name='text', opacity=1.0, ori=0, pos=array([0., 0.]), rgb=array([255., 255., 255.]), text='', units='height', win=Window(...), wrapWidth=1)
9.6335 	EXP 	Created sequence: sequential, trialTypes=1, nReps=2, seed=None
9.6337 	EXP 	New trial (rep=0, index=0): None
9.6508 	EXP 	instructFig: autoDraw = True
15.1899 	DATA 	Keypress: space
15.2195 	EXP 	instructFig: autoDraw = False
15.2195 	EXP 	text_2: autoDraw = True
26.9570 	DATA 	Keypress: 5
26.9858 	EXP 	text_2: autoDraw = False
26.9858 	EXP 	PrepFixation: autoDraw = True
27.6237 	DATA 	Keypress: 5
28.2900 	DATA 	Keypress: 5
28.9563 	DATA 	Keypress: 5
28.9645 	EXP 	Imported TimeVersion5.csv as conditions, 50 conditions, 2 params
28.9649 	EXP 	Created sequence: sequential, trialTypes=50, nReps=1, seed=None
28.9652 	EXP 	New trial (rep=0, index=0): OrderedDict([('Condition', 'SmallPun'), ('FixationDur', 2000)])
28.9905 	EXP 	PrepFixation: autoDraw = False
28.9905 	EXP 	PrepFixation: autoDraw = False
28.9905 	EXP 	cueImage: image = 'images/LoseSmall.bmp'
28.9905 	EXP 	cueImage: autoDraw = True
29.6214 	DATA 	Keypress: 5
30.2889 	DATA 	Keypress: 5
30.9556 	DATA 	Keypress: 5
30.9859 	EXP 	cueImage: autoDraw = False
30.9859 	EXP 	cueImage: autoDraw = False
30.9859 	EXP 	fixation: autoDraw = True
31.6225 	DATA 	Keypress: 5
32.2892 	DATA 	Keypress: 5
32.9533 	DATA 	Keypress: 5
32.9851 	EXP 	fixation: autoDraw = False
32.9851 	EXP 	fixation: autoDraw = False
32.9851 	EXP 	Target: image = 'images/LoseProbe.bmp'
32.9851 	EXP 	Target: autoDraw = True
33.5207 	EXP 	Target: autoDraw = False
33.5207 	EXP 	Target: autoDraw = False
33.5207 	EXP 	feedbackMsg: text = 'You pressed too slow!\n\nYou lost $0.20!\n\nTotal Earnings: $-0.20!'
33.5207 	EXP 	feedbackMsg: autoDraw = True
33.6244 	DATA 	Keypress: 5
34.2910 	DATA 	Keypress: 5
34.9558 	DATA 	Keypress: 5
35.2228 	EXP 	window1: mouseVisible = True
