56.8111 	WARNING 	User requested fullscreen with size [1440  900], but screen is actually [1680, 1050]. Using actual size
57.4445 	EXP 	Created window1 = Window(allowGUI=False, allowStencil=False, args=UNKNOWN, autoLog=True, bitsMode=UNKNOWN, blendMode='avg', color=array([0., 0., 0.]), colorSpace='rgb', fullscr=<method-wrapper '__getattribute__' of attributeSetter object at 0x1344689b0>, gamma=None, kwargs=UNKNOWN, lms=UNKNOWN, monitor=<psychopy.monitors.calibTools.Monitor object at 0x135112a90>, multiSample=False, name='window1', numSamples=2, pos=[0.0, 0.0], screen=0, size=array([3360, 2100]), stereo=False, units='height', useFBO=True, useRetina=True, viewOri=0.0, viewPos=None, viewScale=None, waitBlanking=True, winType='pyglet')
57.4446 	EXP 	window1: recordFrameIntervals = False
57.6094 	EXP 	window1: recordFrameIntervals = True
57.7941 	EXP 	window1: recordFrameIntervals = False
58.2553 	EXP 	Created preinstruct_text = TextStim(__class__=<class 'psychopy.visual.text.TextStim'>, alignHoriz='center', alignVert='center', antialias=True, autoLog=True, bold=False, color='white', colorSpace='named', contrast=1.0, depth=0.0, flipHoriz=False, flipVert=False, font='Arial', fontFiles=[], height=0.05, italic=False, languageStyle='LTR', name='preinstruct_text', opacity=1.0, ori=0, pos=array([0., 0.]), rgb=array([255., 255., 255.]), text='Money Task - Scanner 1', units='height', win=Window(...), wrapWidth=1)
58.3056 	EXP 	Created instructFig = ImageStim(__class__=<class 'psychopy.visual.image.ImageStim'>, autoLog=True, color=array([1., 1., 1.]), colorSpace='rgb', contrast=1.0, depth=0.0, flipHoriz=False, flipVert=False, image='images/MID_instructions.bmp', interpolate=True, mask=None, maskParams=None, name='instructFig', opacity=1.0, ori=0.0, pos=array([0., 0.]), size=array([1.3, 1. ]), texRes=128, units='height', win=Window(...))
58.3073 	EXP 	Created PrepFixation = ShapeStim(__class__=<class 'psychopy.visual.shape.ShapeStim'>, autoDraw=False, autoLog=True, closeShape=True, contrast=1.0, depth=0.0, fillColor=array([1., 1., 1.]), fillColorSpace='rgb', interpolate=True, lineColor=array([1., 1., 1.]), lineColorSpace='rgb', lineWidth=1, name='PrepFixation', opacity=1.0, ori=array(0.), pos=array([0., 0.]), size=array([0.05, 0.05]), units='height', vertices=ndarray(...), win=Window(...), windingRule=None)
58.3090 	EXP 	Created cueImage = ImageStim(__class__=<class 'psychopy.visual.image.ImageStim'>, autoLog=True, color=array([1., 1., 1.]), colorSpace='rgb', contrast=1.0, depth=0.0, flipHoriz=False, flipVert=False, image='sin', interpolate=True, mask=None, maskParams=None, name='cueImage', opacity=1.0, ori=0.0, pos=array([0., 0.]), size=array([1.3, 1. ]), texRes=128, units='height', win=Window(...))
58.3105 	EXP 	Created fixation = ShapeStim(__class__=<class 'psychopy.visual.shape.ShapeStim'>, autoDraw=False, autoLog=True, closeShape=True, contrast=1.0, depth=-1.0, fillColor=array([1., 1., 1.]), fillColorSpace='rgb', interpolate=True, lineColor=array([1., 1., 1.]), lineColorSpace='rgb', lineWidth=1, name='fixation', opacity=1.0, ori=array(0.), pos=array([0., 0.]), size=array([0.05, 0.05]), units='height', vertices=ndarray(...), win=Window(...), windingRule=None)
58.3122 	EXP 	Created Target = ImageStim(__class__=<class 'psychopy.visual.image.ImageStim'>, autoLog=True, color=array([1., 1., 1.]), colorSpace='rgb', contrast=1.0, depth=-1.0, flipHoriz=False, flipVert=False, image='sin', interpolate=True, mask=None, maskParams=None, name='Target', opacity=1.0, ori=0.0, pos=array([0., 0.]), size=array([1.3, 1. ]), texRes=128, units='height', win=Window(...))
58.3226 	EXP 	Created feedbackMsg = TextStim(__class__=<class 'psychopy.visual.text.TextStim'>, alignHoriz='center', alignVert='center', antialias=True, autoLog=True, bold=False, color='white', colorSpace='named', contrast=1.0, depth=-2.0, flipHoriz=False, flipVert=False, font='Arial', fontFiles=[], height=0.05, italic=False, languageStyle='LTR', name='feedbackMsg', opacity=1.0, ori=0, pos=array([0., 0.]), rgb=array([255., 255., 255.]), text='default text', units='height', win=Window(...), wrapWidth=2)
58.3244 	EXP 	Created polygon = ShapeStim(__class__=<class 'psychopy.visual.shape.ShapeStim'>, autoDraw=False, autoLog=True, closeShape=True, contrast=1.0, depth=0.0, fillColor=array([1., 1., 1.]), fillColorSpace='rgb', interpolate=True, lineColor=array([1., 1., 1.]), lineColorSpace='rgb', lineWidth=1, name='polygon', opacity=1.0, ori=array(0.), pos=array([0., 0.]), size=array([0.05, 0.05]), units='height', vertices=ndarray(...), win=Window(...), windingRule=None)
58.3317 	EXP 	Created text = TextStim(__class__=<class 'psychopy.visual.text.TextStim'>, alignHoriz='center', alignVert='center', antialias=True, autoLog=True, bold=False, color='white', colorSpace='named', contrast=1.0, depth=-1.0, flipHoriz=False, flipVert=False, font='Arial', fontFiles=[], height=0.07, italic=False, languageStyle='LTR', name='text', opacity=1.0, ori=0, pos=array([0., 0.]), rgb=array([255., 255., 255.]), text='default text', units='height', win=Window(...), wrapWidth=1)
58.3434 	EXP 	preinstruct_text: autoDraw = True
61.3774 	EXP 	preinstruct_text: autoDraw = False
61.3774 	EXP 	preinstruct_text: autoDraw = False
61.3774 	EXP 	instructFig: autoDraw = True
62.9077 	DATA 	Keypress: 5
62.9274 	EXP 	instructFig: autoDraw = False
62.9274 	EXP 	PrepFixation: autoDraw = True
64.9021 	EXP 	Imported TimeVersion11.csv as conditions, 50 conditions, 2 params
64.9025 	EXP 	Created sequence: sequential, trialTypes=50, nReps=1, seed=None
64.9028 	EXP 	New trial (rep=0, index=0): OrderedDict([('Condition', 'SmallPun'), ('FixationDur', 1500)])
64.9278 	EXP 	PrepFixation: autoDraw = False
64.9278 	EXP 	PrepFixation: autoDraw = False
64.9278 	EXP 	cueImage: image = 'images/LoseSmall.bmp'
64.9278 	EXP 	cueImage: autoDraw = True
66.9443 	EXP 	cueImage: autoDraw = False
66.9443 	EXP 	cueImage: autoDraw = False
66.9443 	EXP 	fixation: autoDraw = True
68.4465 	EXP 	fixation: autoDraw = False
68.4465 	EXP 	fixation: autoDraw = False
68.4465 	EXP 	Target: image = 'images/LoseProbe.bmp'
68.4465 	EXP 	Target: autoDraw = True
68.9278 	EXP 	Target: autoDraw = False
68.9278 	EXP 	Target: autoDraw = False
68.9278 	EXP 	feedbackMsg: text = 'You pressed too slow!\n\nYou lost $0.20!'
68.9278 	EXP 	feedbackMsg: autoDraw = True
70.3967 	EXP 	New trial (rep=0, index=1): OrderedDict([('Condition', 'LgPun'), ('FixationDur', 1500)])
70.4130 	EXP 	feedbackMsg: autoDraw = False
70.4130 	EXP 	feedbackMsg: autoDraw = False
70.4130 	EXP 	cueImage: image = 'images/LoseBig.bmp'
70.4130 	EXP 	cueImage: autoDraw = True
72.4452 	EXP 	cueImage: autoDraw = False
72.4452 	EXP 	cueImage: autoDraw = False
72.4452 	EXP 	fixation: autoDraw = True
73.9461 	EXP 	fixation: autoDraw = False
73.9461 	EXP 	fixation: autoDraw = False
73.9461 	EXP 	Target: image = 'images/LoseProbe.bmp'
73.9461 	EXP 	Target: autoDraw = True
74.4285 	EXP 	Target: autoDraw = False
74.4285 	EXP 	Target: autoDraw = False
74.4285 	EXP 	feedbackMsg: text = 'You pressed too slow!\n\nYou lost $5.00!'
74.4285 	EXP 	feedbackMsg: autoDraw = True
75.0817 	DATA 	Keypress: escape
75.4297 	EXP 	window1: mouseVisible = True
