11.6848 	WARNING 	User requested fullscreen with size [1440  900], but screen is actually [1920, 1080]. Using actual size
12.2695 	EXP 	Created window1 = Window(allowGUI=False, allowStencil=False, args=UNKNOWN, autoLog=True, bitsMode=UNKNOWN, blendMode='avg', color=array([0., 0., 0.]), colorSpace='rgb', fullscr=<method-wrapper '__getattribute__' of attributeSetter object at 0x135290940>, gamma=None, kwargs=UNKNOWN, lms=UNKNOWN, monitor=<psychopy.monitors.calibTools.Monitor object at 0x1350d3a20>, multiSample=False, name='window1', numSamples=2, pos=[0.0, 0.0], screen=0, size=array([1920, 1080]), stereo=False, units='height', useFBO=True, useRetina=False, viewOri=0.0, viewPos=None, viewScale=None, waitBlanking=True, winType='pyglet')
12.2696 	EXP 	window1: recordFrameIntervals = False
12.4350 	EXP 	window1: recordFrameIntervals = True
12.6193 	EXP 	window1: recordFrameIntervals = False
13.0248 	EXP 	Created preinstruct_text = TextStim(__class__=<class 'psychopy.visual.text.TextStim'>, alignHoriz='center', alignVert='center', antialias=True, autoLog=True, bold=False, color='white', colorSpace='named', contrast=1.0, depth=0.0, flipHoriz=False, flipVert=False, font='Arial', fontFiles=[], height=0.05, italic=False, languageStyle='LTR', name='preinstruct_text', opacity=1.0, ori=0, pos=array([0., 0.]), rgb=array([255., 255., 255.]), text='Money Task - Practice 1', units='height', win=Window(...), wrapWidth=1)
13.0742 	EXP 	Created instructFig = ImageStim(__class__=<class 'psychopy.visual.image.ImageStim'>, autoLog=True, color=array([1., 1., 1.]), colorSpace='rgb', contrast=1.0, depth=0.0, flipHoriz=False, flipVert=False, image='images/MID_instructions.bmp', interpolate=True, mask=None, maskParams=None, name='instructFig', opacity=1.0, ori=0.0, pos=array([0., 0.]), size=array([1.3, 1. ]), texRes=128, units='height', win=Window(...))
13.0759 	EXP 	Created PrepFixation = ShapeStim(__class__=<class 'psychopy.visual.shape.ShapeStim'>, autoDraw=False, autoLog=True, closeShape=True, contrast=1.0, depth=0.0, fillColor=array([1., 1., 1.]), fillColorSpace='rgb', interpolate=True, lineColor=array([1., 1., 1.]), lineColorSpace='rgb', lineWidth=1, name='PrepFixation', opacity=1.0, ori=array(0.), pos=array([0., 0.]), size=array([0.05, 0.05]), units='height', vertices=ndarray(...), win=Window(...), windingRule=None)
13.0775 	EXP 	Created cueImage = ImageStim(__class__=<class 'psychopy.visual.image.ImageStim'>, autoLog=True, color=array([1., 1., 1.]), colorSpace='rgb', contrast=1.0, depth=0.0, flipHoriz=False, flipVert=False, image='sin', interpolate=True, mask=None, maskParams=None, name='cueImage', opacity=1.0, ori=0.0, pos=array([0., 0.]), size=array([1.3, 1. ]), texRes=128, units='height', win=Window(...))
13.0790 	EXP 	Created fixation = ShapeStim(__class__=<class 'psychopy.visual.shape.ShapeStim'>, autoDraw=False, autoLog=True, closeShape=True, contrast=1.0, depth=-1.0, fillColor=array([1., 1., 1.]), fillColorSpace='rgb', interpolate=True, lineColor=array([1., 1., 1.]), lineColorSpace='rgb', lineWidth=1, name='fixation', opacity=1.0, ori=array(0.), pos=array([0., 0.]), size=array([0.05, 0.05]), units='height', vertices=ndarray(...), win=Window(...), windingRule=None)
13.0806 	EXP 	Created Target = ImageStim(__class__=<class 'psychopy.visual.image.ImageStim'>, autoLog=True, color=array([1., 1., 1.]), colorSpace='rgb', contrast=1.0, depth=-1.0, flipHoriz=False, flipVert=False, image='sin', interpolate=True, mask=None, maskParams=None, name='Target', opacity=1.0, ori=0.0, pos=array([0., 0.]), size=array([1.3, 1. ]), texRes=128, units='height', win=Window(...))
13.0900 	EXP 	Created feedbackMsg = TextStim(__class__=<class 'psychopy.visual.text.TextStim'>, alignHoriz='center', alignVert='center', antialias=True, autoLog=True, bold=False, color='white', colorSpace='named', contrast=1.0, depth=-2.0, flipHoriz=False, flipVert=False, font='Arial', fontFiles=[], height=0.05, italic=False, languageStyle='LTR', name='feedbackMsg', opacity=1.0, ori=0, pos=array([0., 0.]), rgb=array([255., 255., 255.]), text='default text', units='height', win=Window(...), wrapWidth=2)
13.0915 	EXP 	Created polygon = ShapeStim(__class__=<class 'psychopy.visual.shape.ShapeStim'>, autoDraw=False, autoLog=True, closeShape=True, contrast=1.0, depth=0.0, fillColor=array([1., 1., 1.]), fillColorSpace='rgb', interpolate=True, lineColor=array([1., 1., 1.]), lineColorSpace='rgb', lineWidth=1, name='polygon', opacity=1.0, ori=array(0.), pos=array([0., 0.]), size=array([0.05, 0.05]), units='height', vertices=ndarray(...), win=Window(...), windingRule=None)
13.0990 	EXP 	Created text = TextStim(__class__=<class 'psychopy.visual.text.TextStim'>, alignHoriz='center', alignVert='center', antialias=True, autoLog=True, bold=False, color='white', colorSpace='named', contrast=1.0, depth=-1.0, flipHoriz=False, flipVert=False, font='Arial', fontFiles=[], height=0.1, italic=False, languageStyle='LTR', name='text', opacity=1.0, ori=0, pos=array([0., 0.]), rgb=array([255., 255., 255.]), text='default text', units='height', win=Window(...), wrapWidth=1)
13.1103 	EXP 	preinstruct_text: autoDraw = True
16.1447 	EXP 	preinstruct_text: autoDraw = False
16.1447 	EXP 	instructFig: autoDraw = True
18.2983 	DATA 	Keypress: 5
18.3022 	EXP 	instructFig: autoDraw = False
18.3022 	EXP 	PrepFixation: autoDraw = True
20.2931 	EXP 	Imported TimeVersion_practice.csv as conditions, 5 conditions, 3 params
20.2934 	EXP 	Created sequence: sequential, trialTypes=5, nReps=1, seed=None
20.2937 	EXP 	New trial (rep=0, index=0): OrderedDict([('Condition', 'SmallReward'), ('FixationDur', 2000), ('textPrompt', 'win $0.20')])
20.3282 	EXP 	PrepFixation: autoDraw = False
20.3282 	EXP 	cueImage: image = 'images/WinSmall.bmp'
20.3282 	EXP 	cueImage: autoDraw = True
22.3288 	EXP 	cueImage: autoDraw = False
22.3288 	EXP 	cueImage: autoDraw = False
22.3288 	EXP 	fixation: autoDraw = True
24.3456 	EXP 	fixation: autoDraw = False
24.3456 	EXP 	fixation: autoDraw = False
24.3456 	EXP 	Target: image = 'images/WinProbe.bmp'
24.3456 	EXP 	Target: autoDraw = True
24.6623 	EXP 	Target: autoDraw = False
24.6623 	EXP 	Target: autoDraw = False
24.6623 	EXP 	feedbackMsg: text = 'You pressed too slow!\n\nYou did not win $0.20!'
24.6623 	EXP 	feedbackMsg: autoDraw = True
24.6881 	DATA 	Keypress: 1
26.2875 	EXP 	New trial (rep=0, index=1): OrderedDict([('Condition', 'LgReward'), ('FixationDur', 2000), ('textPrompt', 'win $5.00')])
26.3137 	EXP 	feedbackMsg: autoDraw = False
26.3137 	EXP 	feedbackMsg: autoDraw = False
26.3137 	EXP 	cueImage: image = 'images/WinBig.bmp'
26.3137 	EXP 	cueImage: autoDraw = True
28.3298 	EXP 	cueImage: autoDraw = False
28.3298 	EXP 	cueImage: autoDraw = False
28.3298 	EXP 	fixation: autoDraw = True
30.3465 	EXP 	fixation: autoDraw = False
30.3465 	EXP 	fixation: autoDraw = False
30.3465 	EXP 	Target: image = 'images/WinProbe.bmp'
30.3465 	EXP 	Target: autoDraw = True
30.6528 	EXP 	Target: autoDraw = False
30.6528 	EXP 	Target: autoDraw = False
30.6528 	EXP 	feedbackMsg: text = 'You pressed too slow!\n\nYou did not win $5.00!'
30.6528 	EXP 	feedbackMsg: autoDraw = True
30.6558 	DATA 	Keypress: 1
32.2877 	EXP 	New trial (rep=0, index=2): OrderedDict([('Condition', 'SmallPun'), ('FixationDur', 2000), ('textPrompt', 'lose $0.20')])
32.3018 	EXP 	feedbackMsg: autoDraw = False
32.3018 	EXP 	feedbackMsg: autoDraw = False
32.3018 	EXP 	cueImage: image = 'images/LoseSmall.bmp'
32.3018 	EXP 	cueImage: autoDraw = True
34.3302 	EXP 	cueImage: autoDraw = False
34.3302 	EXP 	cueImage: autoDraw = False
34.3302 	EXP 	fixation: autoDraw = True
36.3305 	EXP 	fixation: autoDraw = False
36.3305 	EXP 	fixation: autoDraw = False
36.3305 	EXP 	Target: image = 'images/LoseProbe.bmp'
36.3305 	EXP 	Target: autoDraw = True
36.6531 	EXP 	Target: autoDraw = False
36.6531 	EXP 	Target: autoDraw = False
36.6531 	EXP 	feedbackMsg: text = 'You pressed too slow!\n\nYou lost $0.20!'
36.6531 	EXP 	feedbackMsg: autoDraw = True
36.6887 	DATA 	Keypress: 1
38.2880 	EXP 	New trial (rep=0, index=3): OrderedDict([('Condition', 'LgPun'), ('FixationDur', 2000), ('textPrompt', 'lose $5.00')])
38.3034 	EXP 	feedbackMsg: autoDraw = False
38.3034 	EXP 	feedbackMsg: autoDraw = False
38.3034 	EXP 	cueImage: image = 'images/LoseBig.bmp'
38.3034 	EXP 	cueImage: autoDraw = True
40.3311 	EXP 	cueImage: autoDraw = False
40.3311 	EXP 	cueImage: autoDraw = False
40.3311 	EXP 	fixation: autoDraw = True
42.3216 	DATA 	Keypress: 1
42.3309 	EXP 	fixation: autoDraw = False
42.3309 	EXP 	fixation: autoDraw = False
42.3309 	EXP 	Target: image = 'images/LoseProbe.bmp'
42.3309 	EXP 	Target: autoDraw = True
42.7202 	EXP 	Target: autoDraw = False
42.7202 	EXP 	Target: autoDraw = False
42.7202 	EXP 	feedbackMsg: text = 'You pressed too slow!\n\nYou lost $5.00!'
42.7202 	EXP 	feedbackMsg: autoDraw = True
44.2886 	EXP 	New trial (rep=0, index=4): OrderedDict([('Condition', 'Triangle'), ('FixationDur', 2000), ('textPrompt', 'not win or lose money')])
44.3031 	EXP 	feedbackMsg: autoDraw = False
44.3031 	EXP 	feedbackMsg: autoDraw = False
44.3031 	EXP 	cueImage: image = 'images/Neutral.bmp'
44.3031 	EXP 	cueImage: autoDraw = True
46.3315 	EXP 	cueImage: autoDraw = False
46.3315 	EXP 	cueImage: autoDraw = False
46.3315 	EXP 	fixation: autoDraw = True
48.3319 	EXP 	fixation: autoDraw = False
48.3319 	EXP 	fixation: autoDraw = False
48.3319 	EXP 	Target: image = 'images/NeutralProbe.bmp'
48.3319 	EXP 	Target: autoDraw = True
48.7319 	EXP 	Target: autoDraw = False
48.7319 	EXP 	Target: autoDraw = False
48.7319 	EXP 	feedbackMsg: text = 'You pressed too slow!\n\nYou did not win or lose anything!'
48.7319 	EXP 	feedbackMsg: autoDraw = True
50.3035 	EXP 	feedbackMsg: autoDraw = False
50.3035 	EXP 	feedbackMsg: autoDraw = False
50.3035 	EXP 	polygon: autoDraw = True
55.3173 	EXP 	polygon: autoDraw = False
55.3173 	EXP 	polygon: autoDraw = False
55.3173 	EXP 	text: text = 'You earned a total of: $-5.20!'
55.3173 	EXP 	text: autoDraw = True
58.3043 	EXP 	text: autoDraw = False
58.3043 	EXP 	text: autoDraw = False
58.5809 	EXP 	window1: mouseVisible = True
