8.7966 	WARNING 	User requested fullscreen with size [1440  900], but screen is actually [1680, 1050]. Using actual size
9.4214 	EXP 	Created window1 = Window(allowGUI=False, allowStencil=False, args=UNKNOWN, autoLog=True, bitsMode=UNKNOWN, blendMode='avg', color=array([0., 0., 0.]), colorSpace='rgb', fullscr=<method-wrapper '__getattribute__' of attributeSetter object at 0x13547d9b0>, gamma=None, kwargs=UNKNOWN, lms=UNKNOWN, monitor=<psychopy.monitors.calibTools.Monitor object at 0x1352bfa90>, multiSample=False, name='window1', numSamples=2, pos=[0.0, 0.0], screen=0, size=array([3360, 2100]), stereo=False, units='height', useFBO=True, useRetina=True, viewOri=0.0, viewPos=None, viewScale=None, waitBlanking=True, winType='pyglet')
9.4215 	EXP 	window1: recordFrameIntervals = False
9.5871 	EXP 	window1: recordFrameIntervals = True
9.7697 	EXP 	window1: recordFrameIntervals = False
10.2388 	EXP 	Created preinstruct_text = TextStim(__class__=<class 'psychopy.visual.text.TextStim'>, alignHoriz='center', alignVert='center', antialias=True, autoLog=True, bold=False, color='white', colorSpace='named', contrast=1.0, depth=0.0, flipHoriz=False, flipVert=False, font='Arial', fontFiles=[], height=0.05, italic=False, languageStyle='LTR', name='preinstruct_text', opacity=1.0, ori=0, pos=array([0., 0.]), rgb=array([255., 255., 255.]), text='Money Task - Practice 1', units='height', win=Window(...), wrapWidth=1)
10.2876 	EXP 	Created instructFig = ImageStim(__class__=<class 'psychopy.visual.image.ImageStim'>, autoLog=True, color=array([1., 1., 1.]), colorSpace='rgb', contrast=1.0, depth=0.0, flipHoriz=False, flipVert=False, image='images/MID_instructions.bmp', interpolate=True, mask=None, maskParams=None, name='instructFig', opacity=1.0, ori=0.0, pos=array([0., 0.]), size=array([1.3, 1. ]), texRes=128, units='height', win=Window(...))
10.2892 	EXP 	Created PrepFixation = ShapeStim(__class__=<class 'psychopy.visual.shape.ShapeStim'>, autoDraw=False, autoLog=True, closeShape=True, contrast=1.0, depth=0.0, fillColor=array([1., 1., 1.]), fillColorSpace='rgb', interpolate=True, lineColor=array([1., 1., 1.]), lineColorSpace='rgb', lineWidth=1, name='PrepFixation', opacity=1.0, ori=array(0.), pos=array([0., 0.]), size=array([0.05, 0.05]), units='height', vertices=ndarray(...), win=Window(...), windingRule=None)
10.2908 	EXP 	Created cueImage = ImageStim(__class__=<class 'psychopy.visual.image.ImageStim'>, autoLog=True, color=array([1., 1., 1.]), colorSpace='rgb', contrast=1.0, depth=0.0, flipHoriz=False, flipVert=False, image='sin', interpolate=True, mask=None, maskParams=None, name='cueImage', opacity=1.0, ori=0.0, pos=array([0., 0.]), size=array([1.3, 1. ]), texRes=128, units='height', win=Window(...))
10.2924 	EXP 	Created fixation = ShapeStim(__class__=<class 'psychopy.visual.shape.ShapeStim'>, autoDraw=False, autoLog=True, closeShape=True, contrast=1.0, depth=-1.0, fillColor=array([1., 1., 1.]), fillColorSpace='rgb', interpolate=True, lineColor=array([1., 1., 1.]), lineColorSpace='rgb', lineWidth=1, name='fixation', opacity=1.0, ori=array(0.), pos=array([0., 0.]), size=array([0.05, 0.05]), units='height', vertices=ndarray(...), win=Window(...), windingRule=None)
10.2939 	EXP 	Created Target = ImageStim(__class__=<class 'psychopy.visual.image.ImageStim'>, autoLog=True, color=array([1., 1., 1.]), colorSpace='rgb', contrast=1.0, depth=-1.0, flipHoriz=False, flipVert=False, image='sin', interpolate=True, mask=None, maskParams=None, name='Target', opacity=1.0, ori=0.0, pos=array([0., 0.]), size=array([1.3, 1. ]), texRes=128, units='height', win=Window(...))
10.3029 	EXP 	Created feedbackMsg = TextStim(__class__=<class 'psychopy.visual.text.TextStim'>, alignHoriz='center', alignVert='center', antialias=True, autoLog=True, bold=False, color='white', colorSpace='named', contrast=1.0, depth=-2.0, flipHoriz=False, flipVert=False, font='Arial', fontFiles=[], height=0.05, italic=False, languageStyle='LTR', name='feedbackMsg', opacity=1.0, ori=0, pos=array([0., 0.]), rgb=array([255., 255., 255.]), text='default text', units='height', win=Window(...), wrapWidth=2)
10.3045 	EXP 	Created polygon = ShapeStim(__class__=<class 'psychopy.visual.shape.ShapeStim'>, autoDraw=False, autoLog=True, closeShape=True, contrast=1.0, depth=0.0, fillColor=array([1., 1., 1.]), fillColorSpace='rgb', interpolate=True, lineColor=array([1., 1., 1.]), lineColorSpace='rgb', lineWidth=1, name='polygon', opacity=1.0, ori=array(0.), pos=array([0., 0.]), size=array([0.05, 0.05]), units='height', vertices=ndarray(...), win=Window(...), windingRule=None)
10.3116 	EXP 	Created text = TextStim(__class__=<class 'psychopy.visual.text.TextStim'>, alignHoriz='center', alignVert='center', antialias=True, autoLog=True, bold=False, color='white', colorSpace='named', contrast=1.0, depth=-1.0, flipHoriz=False, flipVert=False, font='Arial', fontFiles=[], height=0.07, italic=False, languageStyle='LTR', name='text', opacity=1.0, ori=0, pos=array([0., 0.]), rgb=array([255., 255., 255.]), text='default text', units='height', win=Window(...), wrapWidth=1)
10.3368 	EXP 	preinstruct_text: autoDraw = True
13.3533 	EXP 	preinstruct_text: autoDraw = False
13.3533 	EXP 	preinstruct_text: autoDraw = False
13.3533 	EXP 	instructFig: autoDraw = True
28.5694 	DATA 	Keypress: 5
28.5879 	EXP 	instructFig: autoDraw = False
28.5879 	EXP 	PrepFixation: autoDraw = True
30.5629 	EXP 	Imported TimeVersion_practice.csv as conditions, 5 conditions, 3 params
30.5632 	EXP 	Created sequence: sequential, trialTypes=5, nReps=1, seed=None
30.5635 	EXP 	New trial (rep=0, index=0): OrderedDict([('Condition', 'SmallReward'), ('FixationDur', 2000), ('textPrompt', 'win $0.20')])
30.6055 	EXP 	PrepFixation: autoDraw = False
30.6055 	EXP 	PrepFixation: autoDraw = False
30.6055 	EXP 	cueImage: image = 'images/WinSmall.bmp'
30.6055 	EXP 	cueImage: autoDraw = True
32.6066 	EXP 	cueImage: autoDraw = False
32.6066 	EXP 	fixation: autoDraw = True
34.6235 	EXP 	fixation: autoDraw = False
34.6235 	EXP 	fixation: autoDraw = False
34.6235 	EXP 	Target: image = 'images/WinProbe.bmp'
34.6235 	EXP 	Target: autoDraw = True
34.9398 	EXP 	Target: autoDraw = False
34.9398 	EXP 	Target: autoDraw = False
34.9398 	EXP 	feedbackMsg: text = 'You pressed too slow!\n\nYou did not win $0.20!'
34.9398 	EXP 	feedbackMsg: autoDraw = True
35.1767 	DATA 	Keypress: 1
36.5584 	EXP 	New trial (rep=0, index=1): OrderedDict([('Condition', 'LgReward'), ('FixationDur', 2000), ('textPrompt', 'win $5.00')])
36.5914 	EXP 	feedbackMsg: autoDraw = False
36.5914 	EXP 	feedbackMsg: autoDraw = False
36.5914 	EXP 	cueImage: image = 'images/WinBig.bmp'
36.5914 	EXP 	cueImage: autoDraw = True
38.6066 	EXP 	cueImage: autoDraw = False
38.6066 	EXP 	cueImage: autoDraw = False
38.6066 	EXP 	fixation: autoDraw = True
40.6240 	EXP 	fixation: autoDraw = False
40.6240 	EXP 	fixation: autoDraw = False
40.6240 	EXP 	Target: image = 'images/WinProbe.bmp'
40.6240 	EXP 	Target: autoDraw = True
40.8941 	DATA 	Keypress: 1
40.9409 	EXP 	Target: autoDraw = False
40.9409 	EXP 	Target: autoDraw = False
40.9409 	EXP 	feedbackMsg: text = 'Correct Response!\n\nYou won $5.00!'
40.9409 	EXP 	feedbackMsg: autoDraw = True
42.5590 	EXP 	New trial (rep=0, index=2): OrderedDict([('Condition', 'SmallPun'), ('FixationDur', 2000), ('textPrompt', 'lose $0.20')])
42.5755 	EXP 	feedbackMsg: autoDraw = False
42.5755 	EXP 	feedbackMsg: autoDraw = False
42.5755 	EXP 	cueImage: image = 'images/LoseSmall.bmp'
42.5755 	EXP 	cueImage: autoDraw = True
44.6070 	EXP 	cueImage: autoDraw = False
44.6070 	EXP 	cueImage: autoDraw = False
44.6070 	EXP 	fixation: autoDraw = True
46.6090 	EXP 	fixation: autoDraw = False
46.6090 	EXP 	fixation: autoDraw = False
46.6090 	EXP 	Target: image = 'images/LoseProbe.bmp'
46.6090 	EXP 	Target: autoDraw = True
46.8946 	DATA 	Keypress: 1
46.9418 	EXP 	Target: autoDraw = False
46.9418 	EXP 	Target: autoDraw = False
46.9418 	EXP 	feedbackMsg: text = 'Correct Response!\n\nYou did not lose $0.20!'
46.9418 	EXP 	feedbackMsg: autoDraw = True
48.5597 	EXP 	New trial (rep=0, index=3): OrderedDict([('Condition', 'LgPun'), ('FixationDur', 2000), ('textPrompt', 'lose $5.00')])
48.5761 	EXP 	feedbackMsg: autoDraw = False
48.5761 	EXP 	feedbackMsg: autoDraw = False
48.5761 	EXP 	cueImage: image = 'images/LoseBig.bmp'
48.5761 	EXP 	cueImage: autoDraw = True
50.6082 	EXP 	cueImage: autoDraw = False
50.6082 	EXP 	cueImage: autoDraw = False
50.6082 	EXP 	fixation: autoDraw = True
52.6132 	EXP 	fixation: autoDraw = False
52.6132 	EXP 	fixation: autoDraw = False
52.6132 	EXP 	Target: image = 'images/LoseProbe.bmp'
52.6132 	EXP 	Target: autoDraw = True
52.9040 	DATA 	Keypress: 1
52.9252 	EXP 	Target: autoDraw = False
52.9252 	EXP 	Target: autoDraw = False
52.9252 	EXP 	feedbackMsg: text = 'You pressed too slow!\n\nYou lost $5.00!'
52.9252 	EXP 	feedbackMsg: autoDraw = True
54.5605 	EXP 	New trial (rep=0, index=4): OrderedDict([('Condition', 'Triangle'), ('FixationDur', 2000), ('textPrompt', 'not win or lose money')])
54.5770 	EXP 	feedbackMsg: autoDraw = False
54.5770 	EXP 	feedbackMsg: autoDraw = False
54.5770 	EXP 	cueImage: image = 'images/Neutral.bmp'
54.5770 	EXP 	cueImage: autoDraw = True
56.6093 	EXP 	cueImage: autoDraw = False
56.6093 	EXP 	cueImage: autoDraw = False
56.6093 	EXP 	fixation: autoDraw = True
58.6102 	EXP 	fixation: autoDraw = False
58.6102 	EXP 	fixation: autoDraw = False
58.6102 	EXP 	Target: image = 'images/NeutralProbe.bmp'
58.6102 	EXP 	Target: autoDraw = True
58.9258 	EXP 	Target: autoDraw = False
58.9258 	EXP 	Target: autoDraw = False
58.9258 	EXP 	feedbackMsg: text = 'You pressed too slow!\n\nYou did not win or lose anything!'
58.9258 	EXP 	feedbackMsg: autoDraw = True
58.9626 	DATA 	Keypress: 1
60.5767 	EXP 	feedbackMsg: autoDraw = False
60.5767 	EXP 	feedbackMsg: autoDraw = False
60.5767 	EXP 	polygon: autoDraw = True
65.5936 	EXP 	polygon: autoDraw = False
65.5936 	EXP 	polygon: autoDraw = False
65.5936 	EXP 	text: text = 'All done!\n\nYou earned a total of: $1.00'
65.5936 	EXP 	text: autoDraw = True
68.5778 	EXP 	text: autoDraw = False
68.5778 	EXP 	text: autoDraw = False
68.8507 	EXP 	window1: mouseVisible = True
