16.3636 	EXP 	Created window1 = Window(allowGUI=False, allowStencil=False, args=UNKNOWN, autoLog=True, bitsMode=UNKNOWN, blendMode='avg', color=array([0., 0., 0.]), colorSpace='rgb', fullscr=<method-wrapper '__getattribute__' of attributeSetter object at 0x134ea4ba8>, gamma=None, kwargs=UNKNOWN, lms=UNKNOWN, monitor=<psychopy.monitors.calibTools.Monitor object at 0x13515b0b8>, multiSample=False, name='window1', numSamples=2, pos=[0.0, 0.0], screen=0, size=array([2880, 1800]), stereo=False, units='height', useFBO=True, useRetina=True, viewOri=0.0, viewPos=None, viewScale=None, waitBlanking=True, winType='pyglet')
16.3637 	EXP 	window1: recordFrameIntervals = False
16.5288 	EXP 	window1: recordFrameIntervals = True
16.7127 	EXP 	window1: recordFrameIntervals = False
17.0790 	EXP 	Created instructFig = ImageStim(__class__=<class 'psychopy.visual.image.ImageStim'>, autoLog=True, color=array([1., 1., 1.]), colorSpace='rgb', contrast=1.0, depth=0.0, flipHoriz=False, flipVert=False, image='images/MID_instructions.bmp', interpolate=True, mask=None, maskParams=None, name='instructFig', opacity=1.0, ori=0.0, pos=array([0., 0.]), size=array([1.3, 1. ]), texRes=128, units='height', win=Window(...))
17.1510 	EXP 	Created text_2 = TextStim(__class__=<class 'psychopy.visual.text.TextStim'>, alignHoriz='center', alignVert='center', antialias=True, autoLog=True, bold=False, color='white', colorSpace='named', contrast=1.0, depth=0.0, flipHoriz=False, flipVert=False, font='Arial', fontFiles=[], height=0.1, italic=False, languageStyle='LTR', name='text_2', opacity=1.0, ori=0, pos=array([0., 0.]), rgb=array([255., 255., 255.]), text='Waiting for scanner trigger...', units='height', win=Window(...), wrapWidth=2)
17.1526 	EXP 	Created PrepFixation = ShapeStim(__class__=<class 'psychopy.visual.shape.ShapeStim'>, autoDraw=False, autoLog=True, closeShape=True, contrast=1.0, depth=0.0, fillColor=array([1., 1., 1.]), fillColorSpace='rgb', interpolate=True, lineColor=array([1., 1., 1.]), lineColorSpace='rgb', lineWidth=1, name='PrepFixation', opacity=1.0, ori=array(0.), pos=array([0., 0.]), size=array([0.05, 0.05]), units='height', vertices=ndarray(...), win=Window(...), windingRule=None)
17.1544 	EXP 	Created cueImage = ImageStim(__class__=<class 'psychopy.visual.image.ImageStim'>, autoLog=True, color=array([1., 1., 1.]), colorSpace='rgb', contrast=1.0, depth=0.0, flipHoriz=False, flipVert=False, image='sin', interpolate=True, mask=None, maskParams=None, name='cueImage', opacity=1.0, ori=0.0, pos=array([0., 0.]), size=array([1.3, 1. ]), texRes=128, units='height', win=Window(...))
17.1558 	EXP 	Created fixation = ShapeStim(__class__=<class 'psychopy.visual.shape.ShapeStim'>, autoDraw=False, autoLog=True, closeShape=True, contrast=1.0, depth=-1.0, fillColor=array([1., 1., 1.]), fillColorSpace='rgb', interpolate=True, lineColor=array([1., 1., 1.]), lineColorSpace='rgb', lineWidth=1, name='fixation', opacity=1.0, ori=array(0.), pos=array([0., 0.]), size=array([0.05, 0.05]), units='height', vertices=ndarray(...), win=Window(...), windingRule=None)
17.1573 	EXP 	Created Target = ImageStim(__class__=<class 'psychopy.visual.image.ImageStim'>, autoLog=True, color=array([1., 1., 1.]), colorSpace='rgb', contrast=1.0, depth=-1.0, flipHoriz=False, flipVert=False, image='sin', interpolate=True, mask=None, maskParams=None, name='Target', opacity=1.0, ori=0.0, pos=array([0., 0.]), size=array([1.3, 1. ]), texRes=128, units='height', win=Window(...))
17.1645 	EXP 	Created feedbackMsg = TextStim(__class__=<class 'psychopy.visual.text.TextStim'>, alignHoriz='center', alignVert='center', antialias=True, autoLog=True, bold=False, color='white', colorSpace='named', contrast=1.0, depth=-2.0, flipHoriz=False, flipVert=False, font='Arial', fontFiles=[], height=0.1, italic=False, languageStyle='LTR', name='feedbackMsg', opacity=1.0, ori=0, pos=array([0., 0.]), rgb=array([255., 255., 255.]), text='default text', units='height', win=Window(...), wrapWidth=2)
17.1659 	EXP 	Created polygon = ShapeStim(__class__=<class 'psychopy.visual.shape.ShapeStim'>, autoDraw=False, autoLog=True, closeShape=True, contrast=1.0, depth=0.0, fillColor=array([1., 1., 1.]), fillColorSpace='rgb', interpolate=True, lineColor=array([1., 1., 1.]), lineColorSpace='rgb', lineWidth=1, name='polygon', opacity=1.0, ori=array(0.), pos=array([0., 0.]), size=array([0.5, 0.5]), units='height', vertices=ndarray(...), win=Window(...), windingRule=None)
17.1663 	EXP 	Created text = TextStim(__class__=<class 'psychopy.visual.text.TextStim'>, alignHoriz='center', alignVert='center', antialias=True, autoLog=True, bold=False, color='white', colorSpace='named', contrast=1.0, depth=-1.0, flipHoriz=False, flipVert=False, font='Arial', fontFiles=[], height=0.1, italic=False, languageStyle='LTR', name='text', opacity=1.0, ori=0, pos=array([0., 0.]), rgb=array([255., 255., 255.]), text='', units='height', win=Window(...), wrapWidth=1)
17.1665 	EXP 	Created sequence: sequential, trialTypes=1, nReps=1, seed=None
17.1667 	EXP 	New trial (rep=0, index=0): None
17.2249 	EXP 	instructFig: autoDraw = True
18.4503 	DATA 	Keypress: 1
18.4623 	EXP 	instructFig: autoDraw = False
18.4623 	EXP 	text_2: autoDraw = True
22.1943 	DATA 	Keypress: 5
22.2128 	EXP 	text_2: autoDraw = False
22.2128 	EXP 	PrepFixation: autoDraw = True
24.1892 	EXP 	Imported TimeVersion16.csv as conditions, 50 conditions, 2 params
24.1896 	EXP 	Created sequence: sequential, trialTypes=50, nReps=1, seed=None
24.1899 	EXP 	New trial (rep=0, index=0): OrderedDict([('Condition', 'SmallPun'), ('FixationDur', 3500)])
24.2250 	EXP 	PrepFixation: autoDraw = False
24.2250 	EXP 	PrepFixation: autoDraw = False
24.2250 	EXP 	cueImage: image = 'images/LoseSmall.bmp'
24.2250 	EXP 	cueImage: autoDraw = True
26.2296 	EXP 	cueImage: autoDraw = False
26.2296 	EXP 	cueImage: autoDraw = False
26.2296 	EXP 	fixation: autoDraw = True
29.7455 	EXP 	fixation: autoDraw = False
29.7455 	EXP 	fixation: autoDraw = False
29.7455 	EXP 	Target: image = 'images/LoseProbe.bmp'
29.7455 	EXP 	Target: autoDraw = True
30.0336 	DATA 	Keypress: 1
30.2136 	EXP 	Target: autoDraw = False
30.2136 	EXP 	Target: autoDraw = False
30.2136 	EXP 	feedbackMsg: text = 'You pressed too slow!\n\nYou lost $0.20!'
30.2136 	EXP 	feedbackMsg: autoDraw = True
31.6830 	EXP 	New trial (rep=0, index=1): OrderedDict([('Condition', 'Triangle'), ('FixationDur', 3000)])
31.6988 	EXP 	feedbackMsg: autoDraw = False
31.6988 	EXP 	feedbackMsg: autoDraw = False
31.6988 	EXP 	cueImage: image = 'images/Neutral.bmp'
31.6988 	EXP 	cueImage: autoDraw = True
33.7304 	EXP 	cueImage: autoDraw = False
33.7304 	EXP 	cueImage: autoDraw = False
33.7304 	EXP 	fixation: autoDraw = True
36.7450 	EXP 	fixation: autoDraw = False
36.7450 	EXP 	fixation: autoDraw = False
36.7450 	EXP 	Target: image = 'images/NeutralProbe.bmp'
36.7450 	EXP 	Target: autoDraw = True
37.0356 	DATA 	Keypress: 1
37.2147 	EXP 	Target: autoDraw = False
37.2147 	EXP 	Target: autoDraw = False
37.2147 	EXP 	feedbackMsg: text = 'You pressed too slow!\n\nYou did not win or lose anything!'
37.2147 	EXP 	feedbackMsg: autoDraw = True
38.4033 	DATA 	Keypress: escape
38.7658 	EXP 	window1: mouseVisible = True
