5.3249 	EXP 	Created window1 = Window(allowGUI=False, allowStencil=False, args=UNKNOWN, autoLog=True, bitsMode=UNKNOWN, blendMode='avg', color=array([0., 0., 0.]), colorSpace='rgb', fullscr=<method-wrapper '__getattribute__' of attributeSetter object at 0x1358bcc18>, gamma=None, kwargs=UNKNOWN, lms=UNKNOWN, monitor=<psychopy.monitors.calibTools.Monitor object at 0x1358eb6d8>, multiSample=False, name='window1', numSamples=2, pos=[0.0, 0.0], screen=0, size=array([2880, 1800]), stereo=False, units='height', useFBO=True, useRetina=True, viewOri=0.0, viewPos=None, viewScale=None, waitBlanking=True, winType='pyglet')
5.3249 	EXP 	window1: recordFrameIntervals = False
5.4910 	EXP 	window1: recordFrameIntervals = True
5.6752 	EXP 	window1: recordFrameIntervals = False
6.0417 	EXP 	Created instructFig = ImageStim(__class__=<class 'psychopy.visual.image.ImageStim'>, autoLog=True, color=array([1., 1., 1.]), colorSpace='rgb', contrast=1.0, depth=0.0, flipHoriz=False, flipVert=False, image='images/MID_instructions.bmp', interpolate=True, mask=None, maskParams=None, name='instructFig', opacity=1.0, ori=0.0, pos=array([0., 0.]), size=array([1.3, 1. ]), texRes=128, units='height', win=Window(...))
6.1146 	EXP 	Created text_2 = TextStim(__class__=<class 'psychopy.visual.text.TextStim'>, alignHoriz='center', alignVert='center', antialias=True, autoLog=True, bold=False, color='white', colorSpace='named', contrast=1.0, depth=0.0, flipHoriz=False, flipVert=False, font='Arial', fontFiles=[], height=0.05, italic=False, languageStyle='LTR', name='text_2', opacity=1.0, ori=0, pos=array([0., 0.]), rgb=array([255., 255., 255.]), text='Waiting for scanner trigger...', units='height', win=Window(...), wrapWidth=2)
6.1163 	EXP 	Created PrepFixation = ShapeStim(__class__=<class 'psychopy.visual.shape.ShapeStim'>, autoDraw=False, autoLog=True, closeShape=True, contrast=1.0, depth=0.0, fillColor=array([1., 1., 1.]), fillColorSpace='rgb', interpolate=True, lineColor=array([1., 1., 1.]), lineColorSpace='rgb', lineWidth=1, name='PrepFixation', opacity=1.0, ori=array(0.), pos=array([0., 0.]), size=array([0.05, 0.05]), units='height', vertices=ndarray(...), win=Window(...), windingRule=None)
6.1228 	EXP 	Created text = TextStim(__class__=<class 'psychopy.visual.text.TextStim'>, alignHoriz='center', alignVert='center', antialias=True, autoLog=True, bold=False, color='white', colorSpace='named', contrast=1.0, depth=0.0, flipHoriz=False, flipVert=False, font='Arial', fontFiles=[], height=0.05, italic=False, languageStyle='LTR', name='text', opacity=1.0, ori=0, pos=array([0., 0.]), rgb=array([255., 255., 255.]), text='default text', units='height', win=Window(...), wrapWidth=1)
6.1245 	EXP 	Created cueImage = ImageStim(__class__=<class 'psychopy.visual.image.ImageStim'>, autoLog=True, color=array([1., 1., 1.]), colorSpace='rgb', contrast=1.0, depth=0.0, flipHoriz=False, flipVert=False, image='sin', interpolate=True, mask=None, maskParams=None, name='cueImage', opacity=1.0, ori=0.0, pos=array([0., 0.]), size=array([1.3, 1. ]), texRes=128, units='height', win=Window(...))
6.1261 	EXP 	Created fixation = ShapeStim(__class__=<class 'psychopy.visual.shape.ShapeStim'>, autoDraw=False, autoLog=True, closeShape=True, contrast=1.0, depth=-1.0, fillColor=array([1., 1., 1.]), fillColorSpace='rgb', interpolate=True, lineColor=array([1., 1., 1.]), lineColorSpace='rgb', lineWidth=1, name='fixation', opacity=1.0, ori=array(0.), pos=array([0., 0.]), size=array([0.05, 0.05]), units='height', vertices=ndarray(...), win=Window(...), windingRule=None)
6.1275 	EXP 	Created Target = ImageStim(__class__=<class 'psychopy.visual.image.ImageStim'>, autoLog=True, color=array([1., 1., 1.]), colorSpace='rgb', contrast=1.0, depth=-1.0, flipHoriz=False, flipVert=False, image='sin', interpolate=True, mask=None, maskParams=None, name='Target', opacity=1.0, ori=0.0, pos=array([0., 0.]), size=array([1.3, 1. ]), texRes=128, units='height', win=Window(...))
6.1313 	EXP 	Created feedbackMsg = TextStim(__class__=<class 'psychopy.visual.text.TextStim'>, alignHoriz='center', alignVert='center', antialias=True, autoLog=True, bold=False, color='white', colorSpace='named', contrast=1.0, depth=-2.0, flipHoriz=False, flipVert=False, font='Arial', fontFiles=[], height=0.05, italic=False, languageStyle='LTR', name='feedbackMsg', opacity=1.0, ori=0, pos=array([0., 0.]), rgb=array([255., 255., 255.]), text='default text', units='height', win=Window(...), wrapWidth=2)
6.1327 	EXP 	Created polygon = ShapeStim(__class__=<class 'psychopy.visual.shape.ShapeStim'>, autoDraw=False, autoLog=True, closeShape=True, contrast=1.0, depth=0.0, fillColor=array([1., 1., 1.]), fillColorSpace='rgb', interpolate=True, lineColor=array([1., 1., 1.]), lineColorSpace='rgb', lineWidth=1, name='polygon', opacity=1.0, ori=array(0.), pos=array([0., 0.]), size=array([0.05, 0.05]), units='height', vertices=ndarray(...), win=Window(...), windingRule=None)
6.1333 	EXP 	Created text = TextStim(__class__=<class 'psychopy.visual.text.TextStim'>, alignHoriz='center', alignVert='center', antialias=True, autoLog=True, bold=False, color='white', colorSpace='named', contrast=1.0, depth=-1.0, flipHoriz=False, flipVert=False, font='Arial', fontFiles=[], height=0.1, italic=False, languageStyle='LTR', name='text', opacity=1.0, ori=0, pos=array([0., 0.]), rgb=array([255., 255., 255.]), text='', units='height', win=Window(...), wrapWidth=1)
6.1336 	EXP 	Created sequence: sequential, trialTypes=1, nReps=2, seed=None
6.1338 	EXP 	New trial (rep=0, index=0): None
6.1886 	EXP 	instructFig: autoDraw = True
11.2170 	DATA 	Keypress: 1
11.2250 	EXP 	instructFig: autoDraw = False
11.2250 	EXP 	text_2: autoDraw = False
11.2250 	EXP 	PrepFixation: autoDraw = True
13.2001 	EXP 	Imported TimeVersion_practice.csv as conditions, 5 conditions, 3 params
13.2004 	EXP 	Created sequence: sequential, trialTypes=5, nReps=1, seed=None
13.2007 	EXP 	New trial (rep=0, index=0): OrderedDict([('Condition', 'SmallReward'), ('FixationDur', 2000), ('textPrompt', 'win $0.20')])
13.2647 	EXP 	PrepFixation: autoDraw = False
13.2647 	EXP 	PrepFixation: autoDraw = False
13.2647 	EXP 	text: text = 'You will win $0.20!'
13.2647 	EXP 	text: autoDraw = True
15.2249 	EXP 	text: autoDraw = False
15.2249 	EXP 	text: autoDraw = False
15.2249 	EXP 	cueImage: image = 'images/WinSmall.bmp'
15.2249 	EXP 	cueImage: autoDraw = True
15.6442 	DATA 	Keypress: escape
16.0260 	EXP 	window1: mouseVisible = True
7.9828 	EXP 	Created window1 = Window(allowGUI=False, allowStencil=False, args=UNKNOWN, autoLog=True, bitsMode=UNKNOWN, blendMode='avg', color=array([0., 0., 0.]), colorSpace='rgb', fullscr=<method-wrapper '__getattribute__' of attributeSetter object at 0x134ec3b38>, gamma=None, kwargs=UNKNOWN, lms=UNKNOWN, monitor=<psychopy.monitors.calibTools.Monitor object at 0x134fb4748>, multiSample=False, name='window1', numSamples=2, pos=[0.0, 0.0], screen=0, size=array([2880, 1800]), stereo=False, units='height', useFBO=True, useRetina=True, viewOri=0.0, viewPos=None, viewScale=None, waitBlanking=True, winType='pyglet')
7.9828 	EXP 	window1: recordFrameIntervals = False
8.1486 	EXP 	window1: recordFrameIntervals = True
8.3319 	EXP 	window1: recordFrameIntervals = False
8.6919 	EXP 	Created instructFig = ImageStim(__class__=<class 'psychopy.visual.image.ImageStim'>, autoLog=True, color=array([1., 1., 1.]), colorSpace='rgb', contrast=1.0, depth=0.0, flipHoriz=False, flipVert=False, image='images/MID_instructions.bmp', interpolate=True, mask=None, maskParams=None, name='instructFig', opacity=1.0, ori=0.0, pos=array([0., 0.]), size=array([1.3, 1. ]), texRes=128, units='height', win=Window(...))
8.7646 	EXP 	Created text_2 = TextStim(__class__=<class 'psychopy.visual.text.TextStim'>, alignHoriz='center', alignVert='center', antialias=True, autoLog=True, bold=False, color='white', colorSpace='named', contrast=1.0, depth=0.0, flipHoriz=False, flipVert=False, font='Arial', fontFiles=[], height=0.05, italic=False, languageStyle='LTR', name='text_2', opacity=1.0, ori=0, pos=array([0., 0.]), rgb=array([255., 255., 255.]), text='Waiting for scanner trigger...', units='height', win=Window(...), wrapWidth=2)
8.7663 	EXP 	Created PrepFixation = ShapeStim(__class__=<class 'psychopy.visual.shape.ShapeStim'>, autoDraw=False, autoLog=True, closeShape=True, contrast=1.0, depth=0.0, fillColor=array([1., 1., 1.]), fillColorSpace='rgb', interpolate=True, lineColor=array([1., 1., 1.]), lineColorSpace='rgb', lineWidth=1, name='PrepFixation', opacity=1.0, ori=array(0.), pos=array([0., 0.]), size=array([0.05, 0.05]), units='height', vertices=ndarray(...), win=Window(...), windingRule=None)
8.7730 	EXP 	Created text = TextStim(__class__=<class 'psychopy.visual.text.TextStim'>, alignHoriz='center', alignVert='center', antialias=True, autoLog=True, bold=False, color='white', colorSpace='named', contrast=1.0, depth=0.0, flipHoriz=False, flipVert=False, font='Arial', fontFiles=[], height=0.05, italic=False, languageStyle='LTR', name='text', opacity=1.0, ori=0, pos=array([0., 0.]), rgb=array([255., 255., 255.]), text='default text', units='height', win=Window(...), wrapWidth=1)
8.7749 	EXP 	Created cueImage = ImageStim(__class__=<class 'psychopy.visual.image.ImageStim'>, autoLog=True, color=array([1., 1., 1.]), colorSpace='rgb', contrast=1.0, depth=0.0, flipHoriz=False, flipVert=False, image='sin', interpolate=True, mask=None, maskParams=None, name='cueImage', opacity=1.0, ori=0.0, pos=array([0., 0.]), size=array([1.3, 1. ]), texRes=128, units='height', win=Window(...))
8.7764 	EXP 	Created fixation = ShapeStim(__class__=<class 'psychopy.visual.shape.ShapeStim'>, autoDraw=False, autoLog=True, closeShape=True, contrast=1.0, depth=-1.0, fillColor=array([1., 1., 1.]), fillColorSpace='rgb', interpolate=True, lineColor=array([1., 1., 1.]), lineColorSpace='rgb', lineWidth=1, name='fixation', opacity=1.0, ori=array(0.), pos=array([0., 0.]), size=array([0.05, 0.05]), units='height', vertices=ndarray(...), win=Window(...), windingRule=None)
8.7781 	EXP 	Created Target = ImageStim(__class__=<class 'psychopy.visual.image.ImageStim'>, autoLog=True, color=array([1., 1., 1.]), colorSpace='rgb', contrast=1.0, depth=-1.0, flipHoriz=False, flipVert=False, image='sin', interpolate=True, mask=None, maskParams=None, name='Target', opacity=1.0, ori=0.0, pos=array([0., 0.]), size=array([1.3, 1. ]), texRes=128, units='height', win=Window(...))
8.7823 	EXP 	Created feedbackMsg = TextStim(__class__=<class 'psychopy.visual.text.TextStim'>, alignHoriz='center', alignVert='center', antialias=True, autoLog=True, bold=False, color='white', colorSpace='named', contrast=1.0, depth=-2.0, flipHoriz=False, flipVert=False, font='Arial', fontFiles=[], height=0.05, italic=False, languageStyle='LTR', name='feedbackMsg', opacity=1.0, ori=0, pos=array([0., 0.]), rgb=array([255., 255., 255.]), text='default text', units='height', win=Window(...), wrapWidth=2)
8.7839 	EXP 	Created polygon = ShapeStim(__class__=<class 'psychopy.visual.shape.ShapeStim'>, autoDraw=False, autoLog=True, closeShape=True, contrast=1.0, depth=0.0, fillColor=array([1., 1., 1.]), fillColorSpace='rgb', interpolate=True, lineColor=array([1., 1., 1.]), lineColorSpace='rgb', lineWidth=1, name='polygon', opacity=1.0, ori=array(0.), pos=array([0., 0.]), size=array([0.05, 0.05]), units='height', vertices=ndarray(...), win=Window(...), windingRule=None)
8.7846 	EXP 	Created text = TextStim(__class__=<class 'psychopy.visual.text.TextStim'>, alignHoriz='center', alignVert='center', antialias=True, autoLog=True, bold=False, color='white', colorSpace='named', contrast=1.0, depth=-1.0, flipHoriz=False, flipVert=False, font='Arial', fontFiles=[], height=0.1, italic=False, languageStyle='LTR', name='text', opacity=1.0, ori=0, pos=array([0., 0.]), rgb=array([255., 255., 255.]), text='', units='height', win=Window(...), wrapWidth=1)
8.7849 	EXP 	Created sequence: sequential, trialTypes=1, nReps=2, seed=None
8.7851 	EXP 	New trial (rep=0, index=0): None
8.8451 	EXP 	instructFig: autoDraw = True
9.9695 	DATA 	Keypress: space
10.5151 	DATA 	Keypress: 1
10.5317 	EXP 	instructFig: autoDraw = False
10.5317 	EXP 	text_2: autoDraw = True
11.9456 	DATA 	Keypress: 5
11.9666 	EXP 	text_2: autoDraw = False
11.9666 	EXP 	PrepFixation: autoDraw = True
13.9432 	EXP 	Imported TimeVersion10.csv as conditions, 50 conditions, 2 params
13.9436 	EXP 	Created sequence: sequential, trialTypes=50, nReps=1, seed=None
13.9439 	EXP 	New trial (rep=0, index=0): OrderedDict([('Condition', 'LgPun'), ('FixationDur', 1500)])
13.9722 	EXP 	PrepFixation: autoDraw = False
13.9722 	EXP 	PrepFixation: autoDraw = False
13.9722 	EXP 	cueImage: image = 'images/LoseBig.bmp'
13.9722 	EXP 	cueImage: autoDraw = True
15.9824 	EXP 	cueImage: autoDraw = False
15.9824 	EXP 	cueImage: autoDraw = False
15.9824 	EXP 	fixation: autoDraw = True
17.4978 	EXP 	fixation: autoDraw = False
17.4978 	EXP 	fixation: autoDraw = False
17.4978 	EXP 	Target: image = 'images/LoseProbe.bmp'
17.4978 	EXP 	Target: autoDraw = True
17.7353 	DATA 	Keypress: 1
18.0646 	EXP 	window1: mouseVisible = True
