5.3831 	EXP 	Created window1 = Window(allowGUI=False, allowStencil=False, args=UNKNOWN, autoLog=True, bitsMode=UNKNOWN, blendMode='avg', color=array([0., 0., 0.]), colorSpace='rgb', fullscr=<method-wrapper '__getattribute__' of attributeSetter object at 0x134e8aba8>, gamma=None, kwargs=UNKNOWN, lms=UNKNOWN, monitor=<psychopy.monitors.calibTools.Monitor object at 0x134e79ef0>, multiSample=False, name='window1', numSamples=2, pos=[0.0, 0.0], screen=0, size=array([2880, 1800]), stereo=False, units='height', useFBO=True, useRetina=True, viewOri=0.0, viewPos=None, viewScale=None, waitBlanking=True, winType='pyglet')
5.3832 	EXP 	window1: recordFrameIntervals = False
5.5477 	EXP 	window1: recordFrameIntervals = True
5.7315 	EXP 	window1: recordFrameIntervals = False
6.0913 	EXP 	Created instructFig = ImageStim(__class__=<class 'psychopy.visual.image.ImageStim'>, autoLog=True, color=array([1., 1., 1.]), colorSpace='rgb', contrast=1.0, depth=0.0, flipHoriz=False, flipVert=False, image='images/MID_instructions.bmp', interpolate=True, mask=None, maskParams=None, name='instructFig', opacity=1.0, ori=0.0, pos=array([0., 0.]), size=array([1.3, 1. ]), texRes=128, units='height', win=Window(...))
6.1629 	EXP 	Created text_2 = TextStim(__class__=<class 'psychopy.visual.text.TextStim'>, alignHoriz='center', alignVert='center', antialias=True, autoLog=True, bold=False, color='white', colorSpace='named', contrast=1.0, depth=0.0, flipHoriz=False, flipVert=False, font='Arial', fontFiles=[], height=0.1, italic=False, languageStyle='LTR', name='text_2', opacity=1.0, ori=0, pos=array([0., 0.]), rgb=array([255., 255., 255.]), text='Waiting for scanner trigger...', units='height', win=Window(...), wrapWidth=2)
6.1645 	EXP 	Created PrepFixation = ShapeStim(__class__=<class 'psychopy.visual.shape.ShapeStim'>, autoDraw=False, autoLog=True, closeShape=True, contrast=1.0, depth=0.0, fillColor=array([1., 1., 1.]), fillColorSpace='rgb', interpolate=True, lineColor=array([1., 1., 1.]), lineColorSpace='rgb', lineWidth=1, name='PrepFixation', opacity=1.0, ori=array(0.), pos=array([0., 0.]), size=array([0.05, 0.05]), units='height', vertices=ndarray(...), win=Window(...), windingRule=None)
6.1665 	EXP 	Created cueImage = ImageStim(__class__=<class 'psychopy.visual.image.ImageStim'>, autoLog=True, color=array([1., 1., 1.]), colorSpace='rgb', contrast=1.0, depth=0.0, flipHoriz=False, flipVert=False, image='sin', interpolate=True, mask=None, maskParams=None, name='cueImage', opacity=1.0, ori=0.0, pos=array([0., 0.]), size=array([1.3, 1. ]), texRes=128, units='height', win=Window(...))
6.1680 	EXP 	Created fixation = ShapeStim(__class__=<class 'psychopy.visual.shape.ShapeStim'>, autoDraw=False, autoLog=True, closeShape=True, contrast=1.0, depth=-1.0, fillColor=array([1., 1., 1.]), fillColorSpace='rgb', interpolate=True, lineColor=array([1., 1., 1.]), lineColorSpace='rgb', lineWidth=1, name='fixation', opacity=1.0, ori=array(0.), pos=array([0., 0.]), size=array([0.05, 0.05]), units='height', vertices=ndarray(...), win=Window(...), windingRule=None)
6.1696 	EXP 	Created Target = ImageStim(__class__=<class 'psychopy.visual.image.ImageStim'>, autoLog=True, color=array([1., 1., 1.]), colorSpace='rgb', contrast=1.0, depth=-1.0, flipHoriz=False, flipVert=False, image='sin', interpolate=True, mask=None, maskParams=None, name='Target', opacity=1.0, ori=0.0, pos=array([0., 0.]), size=array([1.3, 1. ]), texRes=128, units='height', win=Window(...))
6.1770 	EXP 	Created feedbackMsg = TextStim(__class__=<class 'psychopy.visual.text.TextStim'>, alignHoriz='center', alignVert='center', antialias=True, autoLog=True, bold=False, color='white', colorSpace='named', contrast=1.0, depth=-2.0, flipHoriz=False, flipVert=False, font='Arial', fontFiles=[], height=0.1, italic=False, languageStyle='LTR', name='feedbackMsg', opacity=1.0, ori=0, pos=array([0., 0.]), rgb=array([255., 255., 255.]), text='default text', units='height', win=Window(...), wrapWidth=2)
6.1785 	EXP 	Created polygon = ShapeStim(__class__=<class 'psychopy.visual.shape.ShapeStim'>, autoDraw=False, autoLog=True, closeShape=True, contrast=1.0, depth=0.0, fillColor=array([1., 1., 1.]), fillColorSpace='rgb', interpolate=True, lineColor=array([1., 1., 1.]), lineColorSpace='rgb', lineWidth=1, name='polygon', opacity=1.0, ori=array(0.), pos=array([0., 0.]), size=array([0.5, 0.5]), units='height', vertices=ndarray(...), win=Window(...), windingRule=None)
6.1789 	EXP 	Created text = TextStim(__class__=<class 'psychopy.visual.text.TextStim'>, alignHoriz='center', alignVert='center', antialias=True, autoLog=True, bold=False, color='white', colorSpace='named', contrast=1.0, depth=-1.0, flipHoriz=False, flipVert=False, font='Arial', fontFiles=[], height=0.1, italic=False, languageStyle='LTR', name='text', opacity=1.0, ori=0, pos=array([0., 0.]), rgb=array([255., 255., 255.]), text='', units='height', win=Window(...), wrapWidth=1)
6.1791 	EXP 	Created sequence: sequential, trialTypes=1, nReps=1, seed=None
6.1793 	EXP 	New trial (rep=0, index=0): None
6.2383 	EXP 	instructFig: autoDraw = True
8.1004 	DATA 	Keypress: 1
8.1147 	EXP 	instructFig: autoDraw = False
8.1147 	EXP 	text_2: autoDraw = True
8.9796 	DATA 	Keypress: 5
8.9976 	EXP 	text_2: autoDraw = False
8.9976 	EXP 	PrepFixation: autoDraw = True
10.9741 	EXP 	Imported TimeVersion16.csv as conditions, 50 conditions, 2 params
10.9745 	EXP 	Created sequence: sequential, trialTypes=50, nReps=1, seed=None
10.9748 	EXP 	New trial (rep=0, index=0): OrderedDict([('Condition', 'SmallPun'), ('FixationDur', 3500)])
10.9985 	EXP 	PrepFixation: autoDraw = False
10.9985 	EXP 	PrepFixation: autoDraw = False
10.9985 	EXP 	cueImage: image = 'images/LoseSmall.bmp'
10.9985 	EXP 	cueImage: autoDraw = True
13.0154 	EXP 	cueImage: autoDraw = False
13.0154 	EXP 	cueImage: autoDraw = False
13.0154 	EXP 	fixation: autoDraw = True
16.5301 	EXP 	fixation: autoDraw = False
16.5301 	EXP 	fixation: autoDraw = False
16.5301 	EXP 	Target: image = 'images/LoseProbe.bmp'
16.5301 	EXP 	Target: autoDraw = True
16.8188 	DATA 	Keypress: 1
16.9995 	EXP 	Target: autoDraw = False
16.9995 	EXP 	Target: autoDraw = False
16.9995 	EXP 	feedbackMsg: text = 'Correct Response!\n\nYou did not lose $0.20!'
16.9995 	EXP 	feedbackMsg: autoDraw = True
18.4684 	EXP 	New trial (rep=0, index=1): OrderedDict([('Condition', 'Triangle'), ('FixationDur', 3000)])
18.4823 	EXP 	feedbackMsg: autoDraw = False
18.4823 	EXP 	feedbackMsg: autoDraw = False
18.4823 	EXP 	cueImage: image = 'images/Neutral.bmp'
18.4823 	EXP 	cueImage: autoDraw = True
20.5158 	EXP 	cueImage: autoDraw = False
20.5158 	EXP 	cueImage: autoDraw = False
20.5158 	EXP 	fixation: autoDraw = True
23.5296 	EXP 	fixation: autoDraw = False
23.5296 	EXP 	fixation: autoDraw = False
23.5296 	EXP 	Target: image = 'images/NeutralProbe.bmp'
23.5296 	EXP 	Target: autoDraw = True
23.9196 	DATA 	Keypress: 1
24.0001 	EXP 	Target: autoDraw = False
24.0001 	EXP 	Target: autoDraw = False
24.0001 	EXP 	feedbackMsg: text = 'Correct Response!\n\nYou did not win or lose anything!'
24.0001 	EXP 	feedbackMsg: autoDraw = True
25.4685 	EXP 	New trial (rep=0, index=2): OrderedDict([('Condition', 'SmallPun'), ('FixationDur', 2000)])
25.4834 	EXP 	feedbackMsg: autoDraw = False
25.4834 	EXP 	feedbackMsg: autoDraw = False
25.4834 	EXP 	cueImage: image = 'images/LoseSmall.bmp'
25.4834 	EXP 	cueImage: autoDraw = True
27.5172 	EXP 	cueImage: autoDraw = False
27.5172 	EXP 	cueImage: autoDraw = False
27.5172 	EXP 	fixation: autoDraw = True
29.5169 	EXP 	fixation: autoDraw = False
29.5169 	EXP 	fixation: autoDraw = False
29.5169 	EXP 	Target: image = 'images/LoseProbe.bmp'
29.5169 	EXP 	Target: autoDraw = True
29.7868 	DATA 	Keypress: 1
30.0006 	EXP 	Target: autoDraw = False
30.0006 	EXP 	Target: autoDraw = False
30.0006 	EXP 	feedbackMsg: text = 'Correct Response!\n\nYou did not lose $0.20!'
30.0006 	EXP 	feedbackMsg: autoDraw = True
31.4693 	EXP 	New trial (rep=0, index=3): OrderedDict([('Condition', 'SmallReward'), ('FixationDur', 1500)])
31.5004 	EXP 	feedbackMsg: autoDraw = False
31.5004 	EXP 	feedbackMsg: autoDraw = False
31.5004 	EXP 	cueImage: image = 'images/WinSmall.bmp'
31.5004 	EXP 	cueImage: autoDraw = True
33.5181 	EXP 	cueImage: autoDraw = False
33.5181 	EXP 	cueImage: autoDraw = False
33.5181 	EXP 	fixation: autoDraw = True
35.0344 	EXP 	fixation: autoDraw = False
35.0344 	EXP 	fixation: autoDraw = False
35.0344 	EXP 	Target: image = 'images/WinProbe.bmp'
35.0344 	EXP 	Target: autoDraw = True
35.2882 	DATA 	Keypress: 1
35.5015 	EXP 	Target: autoDraw = False
35.5015 	EXP 	Target: autoDraw = False
35.5015 	EXP 	feedbackMsg: text = 'Correct Response!\n\nYou won $0.20!'
35.5015 	EXP 	feedbackMsg: autoDraw = True
36.9702 	EXP 	New trial (rep=0, index=4): OrderedDict([('Condition', 'LgReward'), ('FixationDur', 1500)])
37.0079 	EXP 	feedbackMsg: autoDraw = False
37.0079 	EXP 	feedbackMsg: autoDraw = False
37.0079 	EXP 	cueImage: image = 'images/WinBig.bmp'
37.0079 	EXP 	cueImage: autoDraw = True
39.0186 	EXP 	cueImage: autoDraw = False
39.0186 	EXP 	cueImage: autoDraw = False
39.0186 	EXP 	fixation: autoDraw = True
40.5456 	EXP 	fixation: autoDraw = False
40.5456 	EXP 	fixation: autoDraw = False
40.5456 	EXP 	Target: image = 'images/WinProbe.bmp'
40.5456 	EXP 	Target: autoDraw = True
40.8049 	DATA 	Keypress: 1
40.9521 	EXP 	Target: autoDraw = False
40.9521 	EXP 	Target: autoDraw = False
40.9521 	EXP 	feedbackMsg: text = 'Correct Response!\n\nYou won $5.00!'
40.9521 	EXP 	feedbackMsg: autoDraw = True
42.4701 	EXP 	New trial (rep=0, index=5): OrderedDict([('Condition', 'SmallReward'), ('FixationDur', 1500)])
42.5022 	EXP 	feedbackMsg: autoDraw = False
42.5022 	EXP 	feedbackMsg: autoDraw = False
42.5022 	EXP 	cueImage: image = 'images/WinSmall.bmp'
42.5022 	EXP 	cueImage: autoDraw = True
44.5195 	EXP 	cueImage: autoDraw = False
44.5195 	EXP 	cueImage: autoDraw = False
44.5195 	EXP 	fixation: autoDraw = True
46.0364 	EXP 	fixation: autoDraw = False
46.0364 	EXP 	fixation: autoDraw = False
46.0364 	EXP 	Target: image = 'images/WinProbe.bmp'
46.0364 	EXP 	Target: autoDraw = True
46.3054 	DATA 	Keypress: 1
46.4529 	EXP 	Target: autoDraw = False
46.4529 	EXP 	Target: autoDraw = False
46.4529 	EXP 	feedbackMsg: text = 'Correct Response!\n\nYou won $0.20!'
46.4529 	EXP 	feedbackMsg: autoDraw = True
47.9717 	EXP 	New trial (rep=0, index=6): OrderedDict([('Condition', 'Triangle'), ('FixationDur', 1500)])
47.9881 	EXP 	feedbackMsg: autoDraw = False
47.9881 	EXP 	feedbackMsg: autoDraw = False
47.9881 	EXP 	cueImage: image = 'images/Neutral.bmp'
47.9881 	EXP 	cueImage: autoDraw = True
50.0194 	EXP 	cueImage: autoDraw = False
50.0194 	EXP 	cueImage: autoDraw = False
50.0194 	EXP 	fixation: autoDraw = True
51.5331 	EXP 	fixation: autoDraw = False
51.5331 	EXP 	fixation: autoDraw = False
51.5331 	EXP 	Target: image = 'images/NeutralProbe.bmp'
51.5331 	EXP 	Target: autoDraw = True
51.7892 	DATA 	Keypress: 1
51.9536 	EXP 	Target: autoDraw = False
51.9536 	EXP 	Target: autoDraw = False
51.9536 	EXP 	feedbackMsg: text = 'Correct Response!\n\nYou did not win or lose anything!'
51.9536 	EXP 	feedbackMsg: autoDraw = True
53.4724 	EXP 	New trial (rep=0, index=7): OrderedDict([('Condition', 'LgPun'), ('FixationDur', 2500)])
53.4896 	EXP 	feedbackMsg: autoDraw = False
53.4896 	EXP 	feedbackMsg: autoDraw = False
53.4896 	EXP 	cueImage: image = 'images/LoseBig.bmp'
53.4896 	EXP 	cueImage: autoDraw = True
55.5207 	EXP 	cueImage: autoDraw = False
55.5207 	EXP 	cueImage: autoDraw = False
55.5207 	EXP 	fixation: autoDraw = True
58.0339 	EXP 	fixation: autoDraw = False
58.0339 	EXP 	fixation: autoDraw = False
58.0339 	EXP 	Target: image = 'images/LoseProbe.bmp'
58.0339 	EXP 	Target: autoDraw = True
58.3239 	DATA 	Keypress: 1
58.4549 	EXP 	Target: autoDraw = False
58.4549 	EXP 	Target: autoDraw = False
58.4549 	EXP 	feedbackMsg: text = 'Correct Response!\n\nYou did not lose $5.00!'
58.4549 	EXP 	feedbackMsg: autoDraw = True
59.9732 	EXP 	New trial (rep=0, index=8): OrderedDict([('Condition', 'SmallReward'), ('FixationDur', 3500)])
60.0039 	EXP 	feedbackMsg: autoDraw = False
60.0039 	EXP 	feedbackMsg: autoDraw = False
60.0039 	EXP 	cueImage: image = 'images/WinSmall.bmp'
60.0039 	EXP 	cueImage: autoDraw = True
62.0211 	EXP 	cueImage: autoDraw = False
62.0211 	EXP 	cueImage: autoDraw = False
62.0211 	EXP 	fixation: autoDraw = True
65.5521 	EXP 	fixation: autoDraw = False
65.5521 	EXP 	fixation: autoDraw = False
65.5521 	EXP 	Target: image = 'images/WinProbe.bmp'
65.5521 	EXP 	Target: autoDraw = True
65.7921 	DATA 	Keypress: 1
65.9054 	EXP 	Target: autoDraw = False
65.9054 	EXP 	Target: autoDraw = False
65.9054 	EXP 	feedbackMsg: text = 'Correct Response!\n\nYou won $0.20!'
65.9054 	EXP 	feedbackMsg: autoDraw = True
67.4741 	EXP 	New trial (rep=0, index=9): OrderedDict([('Condition', 'SmallReward'), ('FixationDur', 2000)])
67.5052 	EXP 	feedbackMsg: autoDraw = False
67.5052 	EXP 	feedbackMsg: autoDraw = False
67.5052 	EXP 	cueImage: image = 'images/WinSmall.bmp'
67.5052 	EXP 	cueImage: autoDraw = True
69.5229 	EXP 	cueImage: autoDraw = False
69.5229 	EXP 	cueImage: autoDraw = False
69.5229 	EXP 	fixation: autoDraw = True
71.5394 	EXP 	fixation: autoDraw = False
71.5394 	EXP 	fixation: autoDraw = False
71.5394 	EXP 	Target: image = 'images/WinProbe.bmp'
71.5394 	EXP 	Target: autoDraw = True
71.9062 	EXP 	Target: autoDraw = False
71.9062 	EXP 	Target: autoDraw = False
71.9062 	EXP 	feedbackMsg: text = 'You pressed too slow!\n\nYou did not win $0.20!'
71.9062 	EXP 	feedbackMsg: autoDraw = True
71.9096 	DATA 	Keypress: 1
73.4750 	EXP 	New trial (rep=0, index=10): OrderedDict([('Condition', 'Triangle'), ('FixationDur', 4000)])
73.4913 	EXP 	feedbackMsg: autoDraw = False
73.4913 	EXP 	feedbackMsg: autoDraw = False
73.4913 	EXP 	cueImage: image = 'images/Neutral.bmp'
73.4913 	EXP 	cueImage: autoDraw = True
75.5228 	EXP 	cueImage: autoDraw = False
75.5228 	EXP 	cueImage: autoDraw = False
75.5228 	EXP 	fixation: autoDraw = True
79.5368 	EXP 	fixation: autoDraw = False
79.5368 	EXP 	fixation: autoDraw = False
79.5368 	EXP 	Target: image = 'images/NeutralProbe.bmp'
79.5368 	EXP 	Target: autoDraw = True
79.7937 	DATA 	Keypress: 1
79.9072 	EXP 	Target: autoDraw = False
79.9072 	EXP 	Target: autoDraw = False
79.9072 	EXP 	feedbackMsg: text = 'Correct Response!\n\nYou did not win or lose anything!'
79.9072 	EXP 	feedbackMsg: autoDraw = True
81.4751 	EXP 	New trial (rep=0, index=11): OrderedDict([('Condition', 'SmallPun'), ('FixationDur', 1500)])
81.4906 	EXP 	feedbackMsg: autoDraw = False
81.4906 	EXP 	feedbackMsg: autoDraw = False
81.4906 	EXP 	cueImage: image = 'images/LoseSmall.bmp'
81.4906 	EXP 	cueImage: autoDraw = True
83.5246 	EXP 	cueImage: autoDraw = False
83.5246 	EXP 	cueImage: autoDraw = False
83.5246 	EXP 	fixation: autoDraw = True
85.0246 	EXP 	fixation: autoDraw = False
85.0246 	EXP 	fixation: autoDraw = False
85.0246 	EXP 	Target: image = 'images/LoseProbe.bmp'
85.0246 	EXP 	Target: autoDraw = True
85.3609 	DATA 	Keypress: 1
85.4070 	EXP 	Target: autoDraw = False
85.4070 	EXP 	Target: autoDraw = False
85.4070 	EXP 	feedbackMsg: text = 'Correct Response!\n\nYou did not lose $0.20!'
85.4070 	EXP 	feedbackMsg: autoDraw = True
86.9760 	EXP 	New trial (rep=0, index=12): OrderedDict([('Condition', 'LgReward'), ('FixationDur', 2500)])
87.0214 	EXP 	feedbackMsg: autoDraw = False
87.0214 	EXP 	feedbackMsg: autoDraw = False
87.0214 	EXP 	cueImage: image = 'images/WinBig.bmp'
87.0214 	EXP 	cueImage: autoDraw = True
89.0245 	EXP 	cueImage: autoDraw = False
89.0245 	EXP 	cueImage: autoDraw = False
89.0245 	EXP 	fixation: autoDraw = True
91.5524 	EXP 	fixation: autoDraw = False
91.5524 	EXP 	fixation: autoDraw = False
91.5524 	EXP 	Target: image = 'images/WinProbe.bmp'
91.5524 	EXP 	Target: autoDraw = True
91.8285 	DATA 	Keypress: 1
91.8756 	EXP 	Target: autoDraw = False
91.8756 	EXP 	Target: autoDraw = False
91.8756 	EXP 	feedbackMsg: text = 'Correct Response!\n\nYou won $5.00!'
91.8756 	EXP 	feedbackMsg: autoDraw = True
93.4774 	EXP 	New trial (rep=0, index=13): OrderedDict([('Condition', 'SmallReward'), ('FixationDur', 3000)])
93.5092 	EXP 	feedbackMsg: autoDraw = False
93.5092 	EXP 	feedbackMsg: autoDraw = False
93.5092 	EXP 	cueImage: image = 'images/WinSmall.bmp'
93.5092 	EXP 	cueImage: autoDraw = True
95.5260 	EXP 	cueImage: autoDraw = False
95.5260 	EXP 	cueImage: autoDraw = False
95.5260 	EXP 	fixation: autoDraw = True
98.5539 	EXP 	fixation: autoDraw = False
98.5539 	EXP 	fixation: autoDraw = False
98.5539 	EXP 	Target: image = 'images/WinProbe.bmp'
98.5539 	EXP 	Target: autoDraw = True
98.8124 	DATA 	Keypress: 1
98.8760 	EXP 	Target: autoDraw = False
98.8760 	EXP 	Target: autoDraw = False
98.8760 	EXP 	feedbackMsg: text = 'Correct Response!\n\nYou won $0.20!'
98.8760 	EXP 	feedbackMsg: autoDraw = True
100.4786 	EXP 	New trial (rep=0, index=14): OrderedDict([('Condition', 'SmallPun'), ('FixationDur', 1500)])
100.4930 	EXP 	feedbackMsg: autoDraw = False
100.4930 	EXP 	feedbackMsg: autoDraw = False
100.4930 	EXP 	cueImage: image = 'images/LoseSmall.bmp'
100.4930 	EXP 	cueImage: autoDraw = True
102.5263 	EXP 	cueImage: autoDraw = False
102.5263 	EXP 	cueImage: autoDraw = False
102.5263 	EXP 	fixation: autoDraw = True
104.0273 	EXP 	fixation: autoDraw = False
104.0273 	EXP 	fixation: autoDraw = False
104.0273 	EXP 	Target: image = 'images/LoseProbe.bmp'
104.0273 	EXP 	Target: autoDraw = True
104.3767 	EXP 	Target: autoDraw = False
104.3767 	EXP 	Target: autoDraw = False
104.3767 	EXP 	feedbackMsg: text = 'You pressed too slow!\n\nYou lost $0.20!'
104.3767 	EXP 	feedbackMsg: autoDraw = True
104.5303 	DATA 	Keypress: 1
105.9792 	EXP 	New trial (rep=0, index=15): OrderedDict([('Condition', 'Triangle'), ('FixationDur', 2500)])
105.9955 	EXP 	feedbackMsg: autoDraw = False
105.9955 	EXP 	feedbackMsg: autoDraw = False
105.9955 	EXP 	cueImage: image = 'images/Neutral.bmp'
105.9955 	EXP 	cueImage: autoDraw = True
108.0278 	EXP 	cueImage: autoDraw = False
108.0278 	EXP 	cueImage: autoDraw = False
108.0278 	EXP 	fixation: autoDraw = True
109.9133 	DATA 	Keypress: 1
110.5408 	EXP 	fixation: autoDraw = False
110.5408 	EXP 	fixation: autoDraw = False
110.5408 	EXP 	Target: image = 'images/NeutralProbe.bmp'
110.5408 	EXP 	Target: autoDraw = True
110.8613 	EXP 	Target: autoDraw = False
110.8613 	EXP 	Target: autoDraw = False
110.8613 	EXP 	feedbackMsg: text = 'You pressed too soon!\n\nYou did not win or lose anything!'
110.8613 	EXP 	feedbackMsg: autoDraw = True
112.4798 	EXP 	New trial (rep=0, index=16): OrderedDict([('Condition', 'Triangle'), ('FixationDur', 1500)])
112.4941 	EXP 	feedbackMsg: autoDraw = False
112.4941 	EXP 	feedbackMsg: autoDraw = False
112.4941 	EXP 	cueImage: image = 'images/Neutral.bmp'
112.4941 	EXP 	cueImage: autoDraw = True
114.5288 	EXP 	cueImage: autoDraw = False
114.5288 	EXP 	cueImage: autoDraw = False
114.5288 	EXP 	fixation: autoDraw = True
116.0280 	EXP 	fixation: autoDraw = False
116.0280 	EXP 	fixation: autoDraw = False
116.0280 	EXP 	Target: image = 'images/NeutralProbe.bmp'
116.0280 	EXP 	Target: autoDraw = True
116.3620 	EXP 	Target: autoDraw = False
116.3620 	EXP 	Target: autoDraw = False
116.3620 	EXP 	feedbackMsg: text = 'You pressed too slow!\n\nYou did not win or lose anything!'
116.3620 	EXP 	feedbackMsg: autoDraw = True
116.5144 	DATA 	Keypress: 1
117.9808 	EXP 	New trial (rep=0, index=17): OrderedDict([('Condition', 'SmallPun'), ('FixationDur', 4000)])
117.9972 	EXP 	feedbackMsg: autoDraw = False
117.9972 	EXP 	feedbackMsg: autoDraw = False
117.9972 	EXP 	cueImage: image = 'images/LoseSmall.bmp'
117.9972 	EXP 	cueImage: autoDraw = True
120.0293 	EXP 	cueImage: autoDraw = False
120.0293 	EXP 	cueImage: autoDraw = False
120.0293 	EXP 	fixation: autoDraw = True
124.0424 	EXP 	fixation: autoDraw = False
124.0424 	EXP 	fixation: autoDraw = False
124.0424 	EXP 	Target: image = 'images/LoseProbe.bmp'
124.0424 	EXP 	Target: autoDraw = True
124.2817 	DATA 	Keypress: 1
124.3626 	EXP 	Target: autoDraw = False
124.3626 	EXP 	Target: autoDraw = False
124.3626 	EXP 	feedbackMsg: text = 'Correct Response!\n\nYou did not lose $0.20!'
124.3626 	EXP 	feedbackMsg: autoDraw = True
125.9817 	EXP 	New trial (rep=0, index=18): OrderedDict([('Condition', 'LgPun'), ('FixationDur', 3500)])
125.9960 	EXP 	feedbackMsg: autoDraw = False
125.9960 	EXP 	feedbackMsg: autoDraw = False
125.9960 	EXP 	cueImage: image = 'images/LoseBig.bmp'
125.9960 	EXP 	cueImage: autoDraw = True
128.0302 	EXP 	cueImage: autoDraw = False
128.0302 	EXP 	cueImage: autoDraw = False
128.0302 	EXP 	fixation: autoDraw = True
131.5436 	EXP 	fixation: autoDraw = False
131.5436 	EXP 	fixation: autoDraw = False
131.5436 	EXP 	Target: image = 'images/LoseProbe.bmp'
131.5436 	EXP 	Target: autoDraw = True
131.8640 	EXP 	Target: autoDraw = False
131.8640 	EXP 	Target: autoDraw = False
131.8640 	EXP 	feedbackMsg: text = 'You pressed too slow!\n\nYou lost $5.00!'
131.8640 	EXP 	feedbackMsg: autoDraw = True
131.9333 	DATA 	Keypress: 1
133.4829 	EXP 	New trial (rep=0, index=19): OrderedDict([('Condition', 'LgReward'), ('FixationDur', 4000)])
133.5145 	EXP 	feedbackMsg: autoDraw = False
133.5145 	EXP 	feedbackMsg: autoDraw = False
133.5145 	EXP 	cueImage: image = 'images/WinBig.bmp'
133.5145 	EXP 	cueImage: autoDraw = True
135.5310 	EXP 	cueImage: autoDraw = False
135.5310 	EXP 	cueImage: autoDraw = False
135.5310 	EXP 	fixation: autoDraw = True
138.6510 	DATA 	Keypress: 1
139.5612 	EXP 	fixation: autoDraw = False
139.5612 	EXP 	fixation: autoDraw = False
139.5612 	EXP 	Target: image = 'images/WinProbe.bmp'
139.5612 	EXP 	Target: autoDraw = True
139.8654 	EXP 	Target: autoDraw = False
139.8654 	EXP 	Target: autoDraw = False
139.8654 	EXP 	feedbackMsg: text = 'You pressed too soon!\n\nYou did not win $5.00!'
139.8654 	EXP 	feedbackMsg: autoDraw = True
141.4836 	EXP 	New trial (rep=0, index=20): OrderedDict([('Condition', 'LgPun'), ('FixationDur', 1500)])
141.4984 	EXP 	feedbackMsg: autoDraw = False
141.4984 	EXP 	feedbackMsg: autoDraw = False
141.4984 	EXP 	cueImage: image = 'images/LoseBig.bmp'
141.4984 	EXP 	cueImage: autoDraw = True
143.5322 	EXP 	cueImage: autoDraw = False
143.5322 	EXP 	cueImage: autoDraw = False
143.5322 	EXP 	fixation: autoDraw = True
145.0323 	EXP 	fixation: autoDraw = False
145.0323 	EXP 	fixation: autoDraw = False
145.0323 	EXP 	Target: image = 'images/LoseProbe.bmp'
145.0323 	EXP 	Target: autoDraw = True
145.3823 	EXP 	Target: autoDraw = False
145.3823 	EXP 	Target: autoDraw = False
145.3823 	EXP 	feedbackMsg: text = 'You pressed too slow!\n\nYou lost $5.00!'
145.3823 	EXP 	feedbackMsg: autoDraw = True
145.3867 	DATA 	Keypress: 1
146.9847 	EXP 	New trial (rep=0, index=21): OrderedDict([('Condition', 'SmallPun'), ('FixationDur', 2000)])
147.0005 	EXP 	feedbackMsg: autoDraw = False
147.0005 	EXP 	feedbackMsg: autoDraw = False
147.0005 	EXP 	cueImage: image = 'images/LoseSmall.bmp'
147.0005 	EXP 	cueImage: autoDraw = True
149.0325 	EXP 	cueImage: autoDraw = False
149.0325 	EXP 	cueImage: autoDraw = False
149.0325 	EXP 	fixation: autoDraw = True
151.0462 	EXP 	fixation: autoDraw = False
151.0462 	EXP 	fixation: autoDraw = False
151.0462 	EXP 	Target: image = 'images/LoseProbe.bmp'
151.0462 	EXP 	Target: autoDraw = True
151.3184 	DATA 	Keypress: 1
151.3829 	EXP 	Target: autoDraw = False
151.3829 	EXP 	Target: autoDraw = False
151.3829 	EXP 	feedbackMsg: text = 'Correct Response!\n\nYou did not lose $0.20!'
151.3829 	EXP 	feedbackMsg: autoDraw = True
152.9852 	EXP 	New trial (rep=0, index=22): OrderedDict([('Condition', 'LgPun'), ('FixationDur', 1500)])
153.0003 	EXP 	feedbackMsg: autoDraw = False
153.0003 	EXP 	feedbackMsg: autoDraw = False
153.0003 	EXP 	cueImage: image = 'images/LoseBig.bmp'
153.0003 	EXP 	cueImage: autoDraw = True
155.0339 	EXP 	cueImage: autoDraw = False
155.0339 	EXP 	cueImage: autoDraw = False
155.0339 	EXP 	fixation: autoDraw = True
156.5341 	EXP 	fixation: autoDraw = False
156.5341 	EXP 	fixation: autoDraw = False
156.5341 	EXP 	Target: image = 'images/LoseProbe.bmp'
156.5341 	EXP 	Target: autoDraw = True
156.8842 	EXP 	Target: autoDraw = False
156.8842 	EXP 	Target: autoDraw = False
156.8842 	EXP 	feedbackMsg: text = 'You pressed too slow!\n\nYou lost $5.00!'
156.8842 	EXP 	feedbackMsg: autoDraw = True
156.9044 	DATA 	Keypress: 1
158.4854 	EXP 	New trial (rep=0, index=23): OrderedDict([('Condition', 'SmallReward'), ('FixationDur', 2500)])
158.5241 	EXP 	feedbackMsg: autoDraw = False
158.5241 	EXP 	feedbackMsg: autoDraw = False
158.5241 	EXP 	cueImage: image = 'images/WinSmall.bmp'
158.5241 	EXP 	cueImage: autoDraw = True
160.5340 	EXP 	cueImage: autoDraw = False
160.5340 	EXP 	cueImage: autoDraw = False
160.5340 	EXP 	fixation: autoDraw = True
163.0616 	EXP 	fixation: autoDraw = False
163.0616 	EXP 	fixation: autoDraw = False
163.0616 	EXP 	Target: image = 'images/WinProbe.bmp'
163.0616 	EXP 	Target: autoDraw = True
163.3371 	DATA 	Keypress: 1
163.4181 	EXP 	Target: autoDraw = False
163.4181 	EXP 	Target: autoDraw = False
163.4181 	EXP 	feedbackMsg: text = 'Correct Response!\n\nYou won $0.20!'
163.4181 	EXP 	feedbackMsg: autoDraw = True
164.9704 	EXP 	New trial (rep=0, index=24): OrderedDict([('Condition', 'Triangle'), ('FixationDur', 2000)])
164.9848 	EXP 	feedbackMsg: autoDraw = False
164.9848 	EXP 	feedbackMsg: autoDraw = False
164.9848 	EXP 	cueImage: image = 'images/Neutral.bmp'
164.9848 	EXP 	cueImage: autoDraw = True
167.0183 	EXP 	cueImage: autoDraw = False
167.0183 	EXP 	cueImage: autoDraw = False
167.0183 	EXP 	fixation: autoDraw = True
169.0187 	EXP 	fixation: autoDraw = False
169.0187 	EXP 	fixation: autoDraw = False
169.0187 	EXP 	Target: image = 'images/NeutralProbe.bmp'
169.0187 	EXP 	Target: autoDraw = True
169.4027 	EXP 	Target: autoDraw = False
169.4027 	EXP 	Target: autoDraw = False
169.4027 	EXP 	feedbackMsg: text = 'You pressed too slow!\n\nYou did not win or lose anything!'
169.4027 	EXP 	feedbackMsg: autoDraw = True
169.4226 	DATA 	Keypress: 1
170.9543 	EXP 	New trial (rep=0, index=25): OrderedDict([('Condition', 'LgPun'), ('FixationDur', 2000)])
170.9689 	EXP 	feedbackMsg: autoDraw = False
170.9689 	EXP 	feedbackMsg: autoDraw = False
170.9689 	EXP 	cueImage: image = 'images/LoseBig.bmp'
170.9689 	EXP 	cueImage: autoDraw = True
173.0030 	EXP 	cueImage: autoDraw = False
173.0030 	EXP 	cueImage: autoDraw = False
173.0030 	EXP 	fixation: autoDraw = True
173.3554 	DATA 	Keypress: 1
175.0034 	EXP 	fixation: autoDraw = False
175.0034 	EXP 	fixation: autoDraw = False
175.0034 	EXP 	Target: image = 'images/LoseProbe.bmp'
175.0034 	EXP 	Target: autoDraw = True
175.3863 	EXP 	Target: autoDraw = False
175.3863 	EXP 	Target: autoDraw = False
175.3863 	EXP 	feedbackMsg: text = 'You pressed too soon!\n\nYou lost $5.00!'
175.3863 	EXP 	feedbackMsg: autoDraw = True
176.9383 	EXP 	New trial (rep=0, index=26): OrderedDict([('Condition', 'LgReward'), ('FixationDur', 1500)])
176.9691 	EXP 	feedbackMsg: autoDraw = False
176.9691 	EXP 	feedbackMsg: autoDraw = False
176.9691 	EXP 	cueImage: image = 'images/WinBig.bmp'
176.9691 	EXP 	cueImage: autoDraw = True
178.9863 	EXP 	cueImage: autoDraw = False
178.9863 	EXP 	cueImage: autoDraw = False
178.9863 	EXP 	fixation: autoDraw = True
180.5037 	EXP 	fixation: autoDraw = False
180.5037 	EXP 	fixation: autoDraw = False
180.5037 	EXP 	Target: image = 'images/WinProbe.bmp'
180.5037 	EXP 	Target: autoDraw = True
180.8704 	EXP 	Target: autoDraw = False
180.8704 	EXP 	Target: autoDraw = False
180.8704 	EXP 	feedbackMsg: text = 'You pressed too slow!\n\nYou did not win $5.00!'
180.8704 	EXP 	feedbackMsg: autoDraw = True
180.9904 	DATA 	Keypress: 1
182.4225 	EXP 	New trial (rep=0, index=27): OrderedDict([('Condition', 'LgPun'), ('FixationDur', 4000)])
182.4389 	EXP 	feedbackMsg: autoDraw = False
182.4389 	EXP 	feedbackMsg: autoDraw = False
182.4389 	EXP 	cueImage: image = 'images/LoseBig.bmp'
182.4389 	EXP 	cueImage: autoDraw = True
184.4697 	EXP 	cueImage: autoDraw = False
184.4697 	EXP 	cueImage: autoDraw = False
184.4697 	EXP 	fixation: autoDraw = True
188.4841 	EXP 	fixation: autoDraw = False
188.4841 	EXP 	fixation: autoDraw = False
188.4841 	EXP 	Target: image = 'images/LoseProbe.bmp'
188.4841 	EXP 	Target: autoDraw = True
188.7402 	DATA 	Keypress: 1
188.9052 	EXP 	Target: autoDraw = False
188.9052 	EXP 	Target: autoDraw = False
188.9052 	EXP 	feedbackMsg: text = 'Correct Response!\n\nYou did not lose $5.00!'
188.9052 	EXP 	feedbackMsg: autoDraw = True
190.4235 	EXP 	New trial (rep=0, index=28): OrderedDict([('Condition', 'LgReward'), ('FixationDur', 3500)])
190.4543 	EXP 	feedbackMsg: autoDraw = False
190.4543 	EXP 	feedbackMsg: autoDraw = False
190.4543 	EXP 	cueImage: image = 'images/WinBig.bmp'
190.4543 	EXP 	cueImage: autoDraw = True
192.4718 	EXP 	cueImage: autoDraw = False
192.4718 	EXP 	cueImage: autoDraw = False
192.4718 	EXP 	fixation: autoDraw = True
196.0013 	EXP 	fixation: autoDraw = False
196.0013 	EXP 	fixation: autoDraw = False
196.0013 	EXP 	Target: image = 'images/WinProbe.bmp'
196.0013 	EXP 	Target: autoDraw = True
196.2581 	DATA 	Keypress: 1
196.4058 	EXP 	Target: autoDraw = False
196.4058 	EXP 	Target: autoDraw = False
196.4058 	EXP 	feedbackMsg: text = 'Correct Response!\n\nYou won $5.00!'
196.4058 	EXP 	feedbackMsg: autoDraw = True
197.9247 	EXP 	New trial (rep=0, index=29): OrderedDict([('Condition', 'LgReward'), ('FixationDur', 1500)])
197.9557 	EXP 	feedbackMsg: autoDraw = False
197.9557 	EXP 	feedbackMsg: autoDraw = False
197.9557 	EXP 	cueImage: image = 'images/WinBig.bmp'
197.9557 	EXP 	cueImage: autoDraw = True
199.9723 	EXP 	cueImage: autoDraw = False
199.9723 	EXP 	cueImage: autoDraw = False
199.9723 	EXP 	fixation: autoDraw = True
201.4728 	EXP 	fixation: autoDraw = False
201.4728 	EXP 	fixation: autoDraw = False
201.4728 	EXP 	Target: image = 'images/WinProbe.bmp'
201.4728 	EXP 	Target: autoDraw = True
201.8589 	DATA 	Keypress: 1
201.8899 	EXP 	Target: autoDraw = False
201.8899 	EXP 	Target: autoDraw = False
201.8899 	EXP 	feedbackMsg: text = 'Correct Response!\n\nYou won $5.00!'
201.8899 	EXP 	feedbackMsg: autoDraw = True
203.4253 	EXP 	New trial (rep=0, index=30): OrderedDict([('Condition', 'SmallPun'), ('FixationDur', 1500)])
203.4416 	EXP 	feedbackMsg: autoDraw = False
203.4416 	EXP 	feedbackMsg: autoDraw = False
203.4416 	EXP 	cueImage: image = 'images/LoseSmall.bmp'
203.4416 	EXP 	cueImage: autoDraw = True
205.4735 	EXP 	cueImage: autoDraw = False
205.4735 	EXP 	cueImage: autoDraw = False
205.4735 	EXP 	fixation: autoDraw = True
206.9868 	EXP 	fixation: autoDraw = False
206.9868 	EXP 	fixation: autoDraw = False
206.9868 	EXP 	Target: image = 'images/LoseProbe.bmp'
206.9868 	EXP 	Target: autoDraw = True
207.2929 	DATA 	Keypress: 1
207.3905 	EXP 	Target: autoDraw = False
207.3905 	EXP 	Target: autoDraw = False
207.3905 	EXP 	feedbackMsg: text = 'Correct Response!\n\nYou did not lose $0.20!'
207.3905 	EXP 	feedbackMsg: autoDraw = True
208.9259 	EXP 	New trial (rep=0, index=31): OrderedDict([('Condition', 'SmallReward'), ('FixationDur', 1500)])
208.9571 	EXP 	feedbackMsg: autoDraw = False
208.9571 	EXP 	feedbackMsg: autoDraw = False
208.9571 	EXP 	cueImage: image = 'images/WinSmall.bmp'
208.9571 	EXP 	cueImage: autoDraw = True
210.9743 	EXP 	cueImage: autoDraw = False
210.9743 	EXP 	cueImage: autoDraw = False
210.9743 	EXP 	fixation: autoDraw = True
212.4914 	EXP 	fixation: autoDraw = False
212.4914 	EXP 	fixation: autoDraw = False
212.4914 	EXP 	Target: image = 'images/WinProbe.bmp'
212.4914 	EXP 	Target: autoDraw = True
212.7775 	DATA 	Keypress: 1
212.8912 	EXP 	Target: autoDraw = False
212.8912 	EXP 	Target: autoDraw = False
212.8912 	EXP 	feedbackMsg: text = 'Correct Response!\n\nYou won $0.20!'
212.8912 	EXP 	feedbackMsg: autoDraw = True
214.4270 	EXP 	New trial (rep=0, index=32): OrderedDict([('Condition', 'Triangle'), ('FixationDur', 2000)])
214.4440 	EXP 	feedbackMsg: autoDraw = False
214.4440 	EXP 	feedbackMsg: autoDraw = False
214.4440 	EXP 	cueImage: image = 'images/Neutral.bmp'
214.4440 	EXP 	cueImage: autoDraw = True
216.4751 	EXP 	cueImage: autoDraw = False
216.4751 	EXP 	cueImage: autoDraw = False
216.4751 	EXP 	fixation: autoDraw = True
218.4884 	EXP 	fixation: autoDraw = False
218.4884 	EXP 	fixation: autoDraw = False
218.4884 	EXP 	Target: image = 'images/NeutralProbe.bmp'
218.4884 	EXP 	Target: autoDraw = True
218.7615 	DATA 	Keypress: 1
218.8920 	EXP 	Target: autoDraw = False
218.8920 	EXP 	Target: autoDraw = False
218.8920 	EXP 	feedbackMsg: text = 'Correct Response!\n\nYou did not win or lose anything!'
218.8920 	EXP 	feedbackMsg: autoDraw = True
220.4273 	EXP 	New trial (rep=0, index=33): OrderedDict([('Condition', 'LgPun'), ('FixationDur', 1500)])
220.4420 	EXP 	feedbackMsg: autoDraw = False
220.4420 	EXP 	feedbackMsg: autoDraw = False
220.4420 	EXP 	cueImage: image = 'images/LoseBig.bmp'
220.4420 	EXP 	cueImage: autoDraw = True
222.4750 	EXP 	cueImage: autoDraw = False
222.4750 	EXP 	cueImage: autoDraw = False
222.4750 	EXP 	fixation: autoDraw = True
223.9755 	EXP 	fixation: autoDraw = False
223.9755 	EXP 	fixation: autoDraw = False
223.9755 	EXP 	Target: image = 'images/LoseProbe.bmp'
223.9755 	EXP 	Target: autoDraw = True
224.3289 	DATA 	Keypress: 1
224.3928 	EXP 	Target: autoDraw = False
224.3928 	EXP 	Target: autoDraw = False
224.3928 	EXP 	feedbackMsg: text = 'Correct Response!\n\nYou did not lose $5.00!'
224.3928 	EXP 	feedbackMsg: autoDraw = True
225.9281 	EXP 	New trial (rep=0, index=34): OrderedDict([('Condition', 'Triangle'), ('FixationDur', 1500)])
225.9451 	EXP 	feedbackMsg: autoDraw = False
225.9451 	EXP 	feedbackMsg: autoDraw = False
225.9451 	EXP 	cueImage: image = 'images/Neutral.bmp'
225.9451 	EXP 	cueImage: autoDraw = True
227.9766 	EXP 	cueImage: autoDraw = False
227.9766 	EXP 	cueImage: autoDraw = False
227.9766 	EXP 	fixation: autoDraw = True
229.4898 	EXP 	fixation: autoDraw = False
229.4898 	EXP 	fixation: autoDraw = False
229.4898 	EXP 	Target: image = 'images/NeutralProbe.bmp'
229.4898 	EXP 	Target: autoDraw = True
229.8311 	DATA 	Keypress: 1
229.8434 	EXP 	Target: autoDraw = False
229.8434 	EXP 	Target: autoDraw = False
229.8434 	EXP 	feedbackMsg: text = 'You pressed too slow!\n\nYou did not win or lose anything!'
229.8434 	EXP 	feedbackMsg: autoDraw = True
231.4288 	EXP 	New trial (rep=0, index=35): OrderedDict([('Condition', 'LgReward'), ('FixationDur', 3000)])
231.4436 	EXP 	feedbackMsg: autoDraw = False
231.4436 	EXP 	feedbackMsg: autoDraw = False
231.4436 	EXP 	cueImage: image = 'images/WinBig.bmp'
231.4436 	EXP 	cueImage: autoDraw = True
233.4774 	EXP 	cueImage: autoDraw = False
233.4774 	EXP 	cueImage: autoDraw = False
233.4774 	EXP 	fixation: autoDraw = True
236.5008 	EXP 	fixation: autoDraw = False
236.5008 	EXP 	fixation: autoDraw = False
236.5008 	EXP 	Target: image = 'images/WinProbe.bmp'
236.5008 	EXP 	Target: autoDraw = True
236.7641 	DATA 	Keypress: 1
236.8443 	EXP 	Target: autoDraw = False
236.8443 	EXP 	Target: autoDraw = False
236.8443 	EXP 	feedbackMsg: text = 'Correct Response!\n\nYou won $5.00!'
236.8443 	EXP 	feedbackMsg: autoDraw = True
238.4297 	EXP 	New trial (rep=0, index=36): OrderedDict([('Condition', 'LgPun'), ('FixationDur', 3000)])
238.4443 	EXP 	feedbackMsg: autoDraw = False
238.4443 	EXP 	feedbackMsg: autoDraw = False
238.4443 	EXP 	cueImage: image = 'images/LoseBig.bmp'
238.4443 	EXP 	cueImage: autoDraw = True
240.4780 	EXP 	cueImage: autoDraw = False
240.4780 	EXP 	cueImage: autoDraw = False
240.4780 	EXP 	fixation: autoDraw = True
243.4917 	EXP 	fixation: autoDraw = False
243.4917 	EXP 	fixation: autoDraw = False
243.4917 	EXP 	Target: image = 'images/LoseProbe.bmp'
243.4917 	EXP 	Target: autoDraw = True
243.7648 	DATA 	Keypress: 1
243.8456 	EXP 	Target: autoDraw = False
243.8456 	EXP 	Target: autoDraw = False
243.8456 	EXP 	feedbackMsg: text = 'Correct Response!\n\nYou did not lose $5.00!'
243.8456 	EXP 	feedbackMsg: autoDraw = True
245.4307 	EXP 	New trial (rep=0, index=37): OrderedDict([('Condition', 'SmallReward'), ('FixationDur', 4000)])
245.4620 	EXP 	feedbackMsg: autoDraw = False
245.4620 	EXP 	feedbackMsg: autoDraw = False
245.4620 	EXP 	cueImage: image = 'images/WinSmall.bmp'
245.4620 	EXP 	cueImage: autoDraw = True
247.4791 	EXP 	cueImage: autoDraw = False
247.4791 	EXP 	cueImage: autoDraw = False
247.4791 	EXP 	fixation: autoDraw = True
251.5070 	EXP 	fixation: autoDraw = False
251.5070 	EXP 	fixation: autoDraw = False
251.5070 	EXP 	Target: image = 'images/WinProbe.bmp'
251.5070 	EXP 	Target: autoDraw = True
251.7832 	DATA 	Keypress: 1
251.8461 	EXP 	Target: autoDraw = False
251.8461 	EXP 	Target: autoDraw = False
251.8461 	EXP 	feedbackMsg: text = 'Correct Response!\n\nYou won $0.20!'
251.8461 	EXP 	feedbackMsg: autoDraw = True
253.4318 	EXP 	New trial (rep=0, index=38): OrderedDict([('Condition', 'Triangle'), ('FixationDur', 1500)])
253.4462 	EXP 	feedbackMsg: autoDraw = False
253.4462 	EXP 	feedbackMsg: autoDraw = False
253.4462 	EXP 	cueImage: image = 'images/Neutral.bmp'
253.4462 	EXP 	cueImage: autoDraw = True
255.4799 	EXP 	cueImage: autoDraw = False
255.4799 	EXP 	cueImage: autoDraw = False
255.4799 	EXP 	fixation: autoDraw = True
256.9798 	EXP 	fixation: autoDraw = False
256.9798 	EXP 	fixation: autoDraw = False
256.9798 	EXP 	Target: image = 'images/NeutralProbe.bmp'
256.9798 	EXP 	Target: autoDraw = True
257.2966 	EXP 	Target: autoDraw = False
257.2966 	EXP 	Target: autoDraw = False
257.2966 	EXP 	feedbackMsg: text = 'You pressed too slow!\n\nYou did not win or lose anything!'
257.2966 	EXP 	feedbackMsg: autoDraw = True
257.3654 	DATA 	Keypress: 1
258.9327 	EXP 	New trial (rep=0, index=39): OrderedDict([('Condition', 'SmallReward'), ('FixationDur', 2000)])
258.9710 	EXP 	feedbackMsg: autoDraw = False
258.9710 	EXP 	feedbackMsg: autoDraw = False
258.9710 	EXP 	cueImage: image = 'images/WinSmall.bmp'
258.9710 	EXP 	cueImage: autoDraw = True
259.5671 	DATA 	Keypress: 1
260.9807 	EXP 	cueImage: autoDraw = False
260.9807 	EXP 	cueImage: autoDraw = False
260.9807 	EXP 	fixation: autoDraw = True
263.0081 	EXP 	fixation: autoDraw = False
263.0081 	EXP 	fixation: autoDraw = False
263.0081 	EXP 	Target: image = 'images/WinProbe.bmp'
263.0081 	EXP 	Target: autoDraw = True
263.2977 	EXP 	Target: autoDraw = False
263.2977 	EXP 	Target: autoDraw = False
263.2977 	EXP 	feedbackMsg: text = 'You pressed too slow!\n\nYou did not win $0.20!'
263.2977 	EXP 	feedbackMsg: autoDraw = True
263.3667 	DATA 	Keypress: 1
264.9332 	EXP 	New trial (rep=0, index=40): OrderedDict([('Condition', 'SmallPun'), ('FixationDur', 1500)])
264.9479 	EXP 	feedbackMsg: autoDraw = False
264.9479 	EXP 	feedbackMsg: autoDraw = False
264.9479 	EXP 	cueImage: image = 'images/LoseSmall.bmp'
264.9479 	EXP 	cueImage: autoDraw = True
266.9812 	EXP 	cueImage: autoDraw = False
266.9812 	EXP 	cueImage: autoDraw = False
266.9812 	EXP 	fixation: autoDraw = True
268.4821 	EXP 	fixation: autoDraw = False
268.4821 	EXP 	fixation: autoDraw = False
268.4821 	EXP 	Target: image = 'images/LoseProbe.bmp'
268.4821 	EXP 	Target: autoDraw = True
268.7986 	EXP 	Target: autoDraw = False
268.7986 	EXP 	Target: autoDraw = False
268.7986 	EXP 	feedbackMsg: text = 'You pressed too slow!\n\nYou lost $0.20!'
268.7986 	EXP 	feedbackMsg: autoDraw = True
268.8183 	DATA 	Keypress: 1
270.4341 	EXP 	New trial (rep=0, index=41): OrderedDict([('Condition', 'Triangle'), ('FixationDur', 3500)])
270.4514 	EXP 	feedbackMsg: autoDraw = False
270.4514 	EXP 	feedbackMsg: autoDraw = False
270.4514 	EXP 	cueImage: image = 'images/Neutral.bmp'
270.4514 	EXP 	cueImage: autoDraw = True
272.4822 	EXP 	cueImage: autoDraw = False
272.4822 	EXP 	cueImage: autoDraw = False
272.4822 	EXP 	fixation: autoDraw = True
275.9958 	EXP 	fixation: autoDraw = False
275.9958 	EXP 	fixation: autoDraw = False
275.9958 	EXP 	Target: image = 'images/NeutralProbe.bmp'
275.9958 	EXP 	Target: autoDraw = True
276.2515 	DATA 	Keypress: 1
276.2983 	EXP 	Target: autoDraw = False
276.2983 	EXP 	Target: autoDraw = False
276.2983 	EXP 	feedbackMsg: text = 'Correct Response!\n\nYou did not win or lose anything!'
276.2983 	EXP 	feedbackMsg: autoDraw = True
277.9349 	EXP 	New trial (rep=0, index=42): OrderedDict([('Condition', 'SmallPun'), ('FixationDur', 2500)])
277.9495 	EXP 	feedbackMsg: autoDraw = False
277.9495 	EXP 	feedbackMsg: autoDraw = False
277.9495 	EXP 	cueImage: image = 'images/LoseSmall.bmp'
277.9495 	EXP 	cueImage: autoDraw = True
279.9829 	EXP 	cueImage: autoDraw = False
279.9829 	EXP 	cueImage: autoDraw = False
279.9829 	EXP 	fixation: autoDraw = True
282.4969 	EXP 	fixation: autoDraw = False
282.4969 	EXP 	fixation: autoDraw = False
282.4969 	EXP 	Target: image = 'images/LoseProbe.bmp'
282.4969 	EXP 	Target: autoDraw = True
282.7530 	DATA 	Keypress: 1
282.8004 	EXP 	Target: autoDraw = False
282.8004 	EXP 	Target: autoDraw = False
282.8004 	EXP 	feedbackMsg: text = 'Correct Response!\n\nYou did not lose $0.20!'
282.8004 	EXP 	feedbackMsg: autoDraw = True
284.4357 	EXP 	New trial (rep=0, index=43): OrderedDict([('Condition', 'LgReward'), ('FixationDur', 2000)])
284.4670 	EXP 	feedbackMsg: autoDraw = False
284.4670 	EXP 	feedbackMsg: autoDraw = False
284.4670 	EXP 	cueImage: image = 'images/WinBig.bmp'
284.4670 	EXP 	cueImage: autoDraw = True
286.4836 	EXP 	cueImage: autoDraw = False
286.4836 	EXP 	cueImage: autoDraw = False
286.4836 	EXP 	fixation: autoDraw = True
288.5007 	EXP 	fixation: autoDraw = False
288.5007 	EXP 	fixation: autoDraw = False
288.5007 	EXP 	Target: image = 'images/WinProbe.bmp'
288.5007 	EXP 	Target: autoDraw = True
288.7682 	EXP 	Target: autoDraw = False
288.7682 	EXP 	Target: autoDraw = False
288.7682 	EXP 	feedbackMsg: text = 'You pressed too slow!\n\nYou did not win $5.00!'
288.7682 	EXP 	feedbackMsg: autoDraw = True
288.8037 	DATA 	Keypress: 1
290.4198 	EXP 	New trial (rep=0, index=44): OrderedDict([('Condition', 'LgPun'), ('FixationDur', 2000)])
290.4346 	EXP 	feedbackMsg: autoDraw = False
290.4346 	EXP 	feedbackMsg: autoDraw = False
290.4346 	EXP 	cueImage: image = 'images/LoseBig.bmp'
290.4346 	EXP 	cueImage: autoDraw = True
292.4683 	EXP 	cueImage: autoDraw = False
292.4683 	EXP 	cueImage: autoDraw = False
292.4683 	EXP 	fixation: autoDraw = True
294.4684 	EXP 	fixation: autoDraw = False
294.4684 	EXP 	fixation: autoDraw = False
294.4684 	EXP 	Target: image = 'images/LoseProbe.bmp'
294.4684 	EXP 	Target: autoDraw = True
294.7368 	DATA 	Keypress: 1
294.7519 	EXP 	Target: autoDraw = False
294.7519 	EXP 	Target: autoDraw = False
294.7519 	EXP 	feedbackMsg: text = 'You pressed too slow!\n\nYou lost $5.00!'
294.7519 	EXP 	feedbackMsg: autoDraw = True
296.4042 	EXP 	New trial (rep=0, index=45): OrderedDict([('Condition', 'SmallReward'), ('FixationDur', 1500)])
296.4351 	EXP 	feedbackMsg: autoDraw = False
296.4351 	EXP 	feedbackMsg: autoDraw = False
296.4351 	EXP 	cueImage: image = 'images/WinSmall.bmp'
296.4351 	EXP 	cueImage: autoDraw = True
298.4528 	EXP 	cueImage: autoDraw = False
298.4528 	EXP 	cueImage: autoDraw = False
298.4528 	EXP 	fixation: autoDraw = True
299.9693 	EXP 	fixation: autoDraw = False
299.9693 	EXP 	fixation: autoDraw = False
299.9693 	EXP 	Target: image = 'images/WinProbe.bmp'
299.9693 	EXP 	Target: autoDraw = True
300.2360 	EXP 	Target: autoDraw = False
300.2360 	EXP 	Target: autoDraw = False
300.2360 	EXP 	feedbackMsg: text = 'You pressed too slow!\n\nYou did not win $0.20!'
300.2360 	EXP 	feedbackMsg: autoDraw = True
301.8877 	EXP 	New trial (rep=0, index=46): OrderedDict([('Condition', 'SmallPun'), ('FixationDur', 3000)])
301.9034 	EXP 	feedbackMsg: autoDraw = False
301.9034 	EXP 	feedbackMsg: autoDraw = False
301.9034 	EXP 	cueImage: image = 'images/LoseSmall.bmp'
301.9034 	EXP 	cueImage: autoDraw = True
303.9360 	EXP 	cueImage: autoDraw = False
303.9360 	EXP 	cueImage: autoDraw = False
303.9360 	EXP 	fixation: autoDraw = True
306.9499 	EXP 	fixation: autoDraw = False
306.9499 	EXP 	fixation: autoDraw = False
306.9499 	EXP 	Target: image = 'images/LoseProbe.bmp'
306.9499 	EXP 	Target: autoDraw = True
307.2060 	DATA 	Keypress: 1
307.2700 	EXP 	Target: autoDraw = False
307.2700 	EXP 	Target: autoDraw = False
307.2700 	EXP 	feedbackMsg: text = 'Correct Response!\n\nYou did not lose $0.20!'
307.2700 	EXP 	feedbackMsg: autoDraw = True
308.8723 	EXP 	New trial (rep=0, index=47): OrderedDict([('Condition', 'LgPun'), ('FixationDur', 1500)])
308.8867 	EXP 	feedbackMsg: autoDraw = False
308.8867 	EXP 	feedbackMsg: autoDraw = False
308.8867 	EXP 	cueImage: image = 'images/LoseBig.bmp'
308.8867 	EXP 	cueImage: autoDraw = True
310.9207 	EXP 	cueImage: autoDraw = False
310.9207 	EXP 	cueImage: autoDraw = False
310.9207 	EXP 	fixation: autoDraw = True
312.4207 	EXP 	fixation: autoDraw = False
312.4207 	EXP 	fixation: autoDraw = False
312.4207 	EXP 	Target: image = 'images/LoseProbe.bmp'
312.4207 	EXP 	Target: autoDraw = True
312.7543 	EXP 	Target: autoDraw = False
312.7543 	EXP 	Target: autoDraw = False
312.7543 	EXP 	feedbackMsg: text = 'You pressed too slow!\n\nYou lost $5.00!'
312.7543 	EXP 	feedbackMsg: autoDraw = True
312.7749 	DATA 	Keypress: 1
314.3563 	EXP 	New trial (rep=0, index=48): OrderedDict([('Condition', 'LgReward'), ('FixationDur', 2000)])
314.4032 	EXP 	feedbackMsg: autoDraw = False
314.4032 	EXP 	feedbackMsg: autoDraw = False
314.4032 	EXP 	cueImage: image = 'images/WinBig.bmp'
314.4032 	EXP 	cueImage: autoDraw = True
316.4050 	EXP 	cueImage: autoDraw = False
316.4050 	EXP 	cueImage: autoDraw = False
316.4050 	EXP 	fixation: autoDraw = True
318.4290 	EXP 	fixation: autoDraw = False
318.4290 	EXP 	fixation: autoDraw = False
318.4290 	EXP 	Target: image = 'images/WinProbe.bmp'
318.4290 	EXP 	Target: autoDraw = True
318.6913 	DATA 	Keypress: 1
318.7384 	EXP 	Target: autoDraw = False
318.7384 	EXP 	Target: autoDraw = False
318.7384 	EXP 	feedbackMsg: text = 'Correct Response!\n\nYou won $5.00!'
318.7384 	EXP 	feedbackMsg: autoDraw = True
320.3405 	EXP 	New trial (rep=0, index=49): OrderedDict([('Condition', 'LgReward'), ('FixationDur', 1500)])
320.3724 	EXP 	feedbackMsg: autoDraw = False
320.3724 	EXP 	feedbackMsg: autoDraw = False
320.3724 	EXP 	cueImage: image = 'images/WinBig.bmp'
320.3724 	EXP 	cueImage: autoDraw = True
322.3892 	EXP 	cueImage: autoDraw = False
322.3892 	EXP 	cueImage: autoDraw = False
322.3892 	EXP 	fixation: autoDraw = True
323.9060 	EXP 	fixation: autoDraw = False
323.9060 	EXP 	fixation: autoDraw = False
323.9060 	EXP 	Target: image = 'images/WinProbe.bmp'
323.9060 	EXP 	Target: autoDraw = True
324.2553 	DATA 	Keypress: 1
324.2726 	EXP 	Target: autoDraw = False
324.2726 	EXP 	Target: autoDraw = False
324.2726 	EXP 	feedbackMsg: text = 'You pressed too slow!\n\nYou did not win $5.00!'
324.2726 	EXP 	feedbackMsg: autoDraw = True
325.8568 	EXP 	feedbackMsg: autoDraw = False
325.8568 	EXP 	feedbackMsg: autoDraw = False
325.8568 	EXP 	polygon: autoDraw = True
330.8575 	EXP 	polygon: autoDraw = False
330.8575 	EXP 	polygon: autoDraw = False
330.8575 	EXP 	text: autoDraw = True
330.8575 	EXP 	text: text = ''
331.8574 	EXP 	text: autoDraw = False
331.8574 	EXP 	text: autoDraw = False
332.1488 	EXP 	window1: mouseVisible = True
