4.8567 	EXP 	Created window1 = Window(allowGUI=False, allowStencil=False, args=UNKNOWN, autoLog=True, bitsMode=UNKNOWN, blendMode='avg', color=array([0., 0., 0.]), colorSpace='rgb', fullscr=<method-wrapper '__getattribute__' of attributeSetter object at 0x1351b5be0>, gamma=None, kwargs=UNKNOWN, lms=UNKNOWN, monitor=<psychopy.monitors.calibTools.Monitor object at 0x134fd8f98>, multiSample=False, name='window1', numSamples=2, pos=[0.0, 0.0], screen=0, size=array([2880, 1800]), stereo=False, units='height', useFBO=True, useRetina=True, viewOri=0.0, viewPos=None, viewScale=None, waitBlanking=True, winType='pyglet')
4.8568 	EXP 	window1: recordFrameIntervals = False
5.0222 	EXP 	window1: recordFrameIntervals = True
5.2057 	EXP 	window1: recordFrameIntervals = False
5.5700 	EXP 	Created instructFig = ImageStim(__class__=<class 'psychopy.visual.image.ImageStim'>, autoLog=True, color=array([1., 1., 1.]), colorSpace='rgb', contrast=1.0, depth=0.0, flipHoriz=False, flipVert=False, image='images/MID_instructions.bmp', interpolate=True, mask=None, maskParams=None, name='instructFig', opacity=1.0, ori=0.0, pos=array([0., 0.]), size=array([1.3, 1. ]), texRes=128, units='height', win=Window(...))
5.6429 	EXP 	Created text_2 = TextStim(__class__=<class 'psychopy.visual.text.TextStim'>, alignHoriz='center', alignVert='center', antialias=True, autoLog=True, bold=False, color='white', colorSpace='named', contrast=1.0, depth=0.0, flipHoriz=False, flipVert=False, font='Arial', fontFiles=[], height=0.1, italic=False, languageStyle='LTR', name='text_2', opacity=1.0, ori=0, pos=array([0., 0.]), rgb=array([255., 255., 255.]), text='Waiting for scanner trigger...', units='height', win=Window(...), wrapWidth=2)
5.6444 	EXP 	Created PrepFixation = ShapeStim(__class__=<class 'psychopy.visual.shape.ShapeStim'>, autoDraw=False, autoLog=True, closeShape=True, contrast=1.0, depth=0.0, fillColor=array([1., 1., 1.]), fillColorSpace='rgb', interpolate=True, lineColor=array([1., 1., 1.]), lineColorSpace='rgb', lineWidth=1, name='PrepFixation', opacity=1.0, ori=array(0.), pos=array([0., 0.]), size=array([0.05, 0.05]), units='height', vertices=ndarray(...), win=Window(...), windingRule=None)
5.6461 	EXP 	Created cueImage = ImageStim(__class__=<class 'psychopy.visual.image.ImageStim'>, autoLog=True, color=array([1., 1., 1.]), colorSpace='rgb', contrast=1.0, depth=0.0, flipHoriz=False, flipVert=False, image='sin', interpolate=True, mask=None, maskParams=None, name='cueImage', opacity=1.0, ori=0.0, pos=array([0., 0.]), size=array([1.3, 1. ]), texRes=128, units='height', win=Window(...))
5.6476 	EXP 	Created fixation = ShapeStim(__class__=<class 'psychopy.visual.shape.ShapeStim'>, autoDraw=False, autoLog=True, closeShape=True, contrast=1.0, depth=-1.0, fillColor=array([1., 1., 1.]), fillColorSpace='rgb', interpolate=True, lineColor=array([1., 1., 1.]), lineColorSpace='rgb', lineWidth=1, name='fixation', opacity=1.0, ori=array(0.), pos=array([0., 0.]), size=array([0.05, 0.05]), units='height', vertices=ndarray(...), win=Window(...), windingRule=None)
5.6491 	EXP 	Created Target = ImageStim(__class__=<class 'psychopy.visual.image.ImageStim'>, autoLog=True, color=array([1., 1., 1.]), colorSpace='rgb', contrast=1.0, depth=-1.0, flipHoriz=False, flipVert=False, image='sin', interpolate=True, mask=None, maskParams=None, name='Target', opacity=1.0, ori=0.0, pos=array([0., 0.]), size=array([1.3, 1. ]), texRes=128, units='height', win=Window(...))
5.6563 	EXP 	Created feedbackMsg = TextStim(__class__=<class 'psychopy.visual.text.TextStim'>, alignHoriz='center', alignVert='center', antialias=True, autoLog=True, bold=False, color='white', colorSpace='named', contrast=1.0, depth=-2.0, flipHoriz=False, flipVert=False, font='Arial', fontFiles=[], height=0.1, italic=False, languageStyle='LTR', name='feedbackMsg', opacity=1.0, ori=0, pos=array([0., 0.]), rgb=array([255., 255., 255.]), text='default text', units='height', win=Window(...), wrapWidth=2)
5.6578 	EXP 	Created polygon = ShapeStim(__class__=<class 'psychopy.visual.shape.ShapeStim'>, autoDraw=False, autoLog=True, closeShape=True, contrast=1.0, depth=0.0, fillColor=array([1., 1., 1.]), fillColorSpace='rgb', interpolate=True, lineColor=array([1., 1., 1.]), lineColorSpace='rgb', lineWidth=1, name='polygon', opacity=1.0, ori=array(0.), pos=array([0., 0.]), size=array([0.5, 0.5]), units='height', vertices=ndarray(...), win=Window(...), windingRule=None)
5.6582 	EXP 	Created text = TextStim(__class__=<class 'psychopy.visual.text.TextStim'>, alignHoriz='center', alignVert='center', antialias=True, autoLog=True, bold=False, color='white', colorSpace='named', contrast=1.0, depth=-1.0, flipHoriz=False, flipVert=False, font='Arial', fontFiles=[], height=0.1, italic=False, languageStyle='LTR', name='text', opacity=1.0, ori=0, pos=array([0., 0.]), rgb=array([255., 255., 255.]), text='', units='height', win=Window(...), wrapWidth=1)
5.6584 	EXP 	Created sequence: sequential, trialTypes=1, nReps=1, seed=None
5.6586 	EXP 	New trial (rep=0, index=0): None
5.7163 	EXP 	instructFig: autoDraw = True
6.7608 	DATA 	Keypress: space
6.9907 	DATA 	Keypress: 1
7.0049 	EXP 	instructFig: autoDraw = False
7.0049 	EXP 	text_2: autoDraw = True
7.4756 	DATA 	Keypress: 1
7.8756 	DATA 	Keypress: space
8.3209 	DATA 	Keypress: 5
8.3390 	EXP 	text_2: autoDraw = False
8.3390 	EXP 	PrepFixation: autoDraw = True
10.3152 	EXP 	Imported TimeVersion16.csv as conditions, 50 conditions, 2 params
10.3156 	EXP 	Created sequence: sequential, trialTypes=50, nReps=1, seed=None
10.3159 	EXP 	New trial (rep=0, index=0): OrderedDict([('Condition', 'SmallPun'), ('FixationDur', 3500)])
10.3458 	EXP 	PrepFixation: autoDraw = False
10.3458 	EXP 	PrepFixation: autoDraw = False
10.3458 	EXP 	cueImage: image = 'images/LoseSmall.bmp'
10.3458 	EXP 	cueImage: autoDraw = True
12.3559 	EXP 	cueImage: autoDraw = False
12.3559 	EXP 	cueImage: autoDraw = False
12.3559 	EXP 	fixation: autoDraw = True
15.7419 	DATA 	Keypress: 1
15.8712 	EXP 	fixation: autoDraw = False
15.8712 	EXP 	fixation: autoDraw = False
15.8712 	EXP 	Target: image = 'images/LoseProbe.bmp'
15.8712 	EXP 	Target: autoDraw = True
16.3401 	EXP 	Target: autoDraw = False
16.3401 	EXP 	Target: autoDraw = False
16.3401 	EXP 	feedbackMsg: text = 'You pressed too soon!\n\nYou lost $0.20!'
16.3401 	EXP 	feedbackMsg: autoDraw = True
17.8092 	EXP 	New trial (rep=0, index=1): OrderedDict([('Condition', 'Triangle'), ('FixationDur', 3000)])
17.8232 	EXP 	feedbackMsg: autoDraw = False
17.8232 	EXP 	feedbackMsg: autoDraw = False
17.8232 	EXP 	cueImage: image = 'images/Neutral.bmp'
17.8232 	EXP 	cueImage: autoDraw = True
19.8641 	EXP 	cueImage: autoDraw = False
19.8641 	EXP 	cueImage: autoDraw = False
19.8641 	EXP 	fixation: autoDraw = True
22.8707 	EXP 	fixation: autoDraw = False
22.8707 	EXP 	fixation: autoDraw = False
22.8707 	EXP 	Target: image = 'images/NeutralProbe.bmp'
22.8707 	EXP 	Target: autoDraw = True
23.1446 	DATA 	Keypress: 1
23.3410 	EXP 	Target: autoDraw = False
23.3410 	EXP 	Target: autoDraw = False
23.3410 	EXP 	feedbackMsg: text = 'You pressed too slow!\n\nYou did not win or lose anything!'
23.3410 	EXP 	feedbackMsg: autoDraw = True
24.8087 	EXP 	New trial (rep=0, index=2): OrderedDict([('Condition', 'SmallPun'), ('FixationDur', 2000)])
24.8251 	EXP 	feedbackMsg: autoDraw = False
24.8251 	EXP 	feedbackMsg: autoDraw = False
24.8251 	EXP 	cueImage: image = 'images/LoseSmall.bmp'
24.8251 	EXP 	cueImage: autoDraw = True
26.8574 	EXP 	cueImage: autoDraw = False
26.8574 	EXP 	cueImage: autoDraw = False
26.8574 	EXP 	fixation: autoDraw = True
28.8578 	EXP 	fixation: autoDraw = False
28.8578 	EXP 	fixation: autoDraw = False
28.8578 	EXP 	Target: image = 'images/LoseProbe.bmp'
28.8578 	EXP 	Target: autoDraw = True
29.1281 	DATA 	Keypress: 1
29.3419 	EXP 	Target: autoDraw = False
29.3419 	EXP 	Target: autoDraw = False
29.3419 	EXP 	feedbackMsg: text = 'You pressed too slow!\n\nYou did not lose $0.20!'
29.3419 	EXP 	feedbackMsg: autoDraw = True
30.8084 	EXP 	New trial (rep=0, index=3): OrderedDict([('Condition', 'SmallReward'), ('FixationDur', 1500)])
30.8411 	EXP 	feedbackMsg: autoDraw = False
30.8411 	EXP 	feedbackMsg: autoDraw = False
30.8411 	EXP 	cueImage: image = 'images/WinSmall.bmp'
30.8411 	EXP 	cueImage: autoDraw = True
30.9100 	DATA 	Keypress: escape
31.2924 	EXP 	window1: mouseVisible = True
