6.8444 	EXP 	Created window1 = Window(allowGUI=False, allowStencil=False, args=UNKNOWN, autoLog=True, bitsMode=UNKNOWN, blendMode='avg', color=array([0., 0., 0.]), colorSpace='rgb', fullscr=<method-wrapper '__getattribute__' of attributeSetter object at 0x123bdee80>, gamma=None, kwargs=UNKNOWN, lms=UNKNOWN, monitor=<psychopy.monitors.calibTools.Monitor object at 0x128f4d588>, multiSample=False, name='window1', numSamples=2, pos=[0.0, 0.0], screen=0, size=array([1920, 1080]), stereo=False, units='height', useFBO=True, useRetina=False, viewOri=0.0, viewPos=None, viewScale=None, waitBlanking=True, winType='pyglet')
6.8444 	EXP 	window1: recordFrameIntervals = False
7.0116 	EXP 	window1: recordFrameIntervals = True
7.1944 	EXP 	window1: recordFrameIntervals = False
7.2843 	EXP 	Created instructFig = ImageStim(__class__=<class 'psychopy.visual.image.ImageStim'>, autoLog=True, color=array([1., 1., 1.]), colorSpace='rgb', contrast=1.0, depth=0.0, flipHoriz=False, flipVert=False, image='images/MID_instructions.bmp', interpolate=True, mask=None, maskParams=None, name='instructFig', opacity=1.0, ori=0.0, pos=array([0., 0.]), size=array([1., 1.]), texRes=128, units='height', win=Window(...))
7.2860 	EXP 	Created image = ImageStim(__class__=<class 'psychopy.visual.image.ImageStim'>, autoLog=True, color=array([1., 1., 1.]), colorSpace='rgb', contrast=1.0, depth=-1.0, flipHoriz=False, flipVert=False, image='sin', interpolate=True, mask=None, maskParams=None, name='image', opacity=1.0, ori=0.0, pos=array([0., 0.]), size=array([0.5, 0.5]), texRes=128, units='height', win=Window(...))
7.3920 	EXP 	Created Fixation = TextStim(__class__=<class 'psychopy.visual.text.TextStim'>, alignHoriz='center', alignVert='center', antialias=True, autoLog=True, bold=False, color='white', colorSpace='named', contrast=1.0, depth=-1.0, flipHoriz=False, flipVert=False, font='Arial', fontFiles=[], height=0.1, italic=False, languageStyle='LTR', name='Fixation', opacity=1.0, ori=0, pos=array([0., 0.]), rgb=array([255., 255., 255.]), text='3.551', units='height', win=Window(...), wrapWidth=1)
7.3934 	EXP 	Created Target = ImageStim(__class__=<class 'psychopy.visual.image.ImageStim'>, autoLog=True, color=array([1., 1., 1.]), colorSpace='rgb', contrast=1.0, depth=-2.0, flipHoriz=False, flipVert=False, image='sin', interpolate=True, mask=None, maskParams=None, name='Target', opacity=1.0, ori=0.0, pos=array([0., 0.]), size=array([0.5, 0.5]), texRes=128, units='height', win=Window(...))
7.4043 	EXP 	Created feedbackMsg = TextStim(__class__=<class 'psychopy.visual.text.TextStim'>, alignHoriz='center', alignVert='center', antialias=True, autoLog=True, bold=False, color='white', colorSpace='named', contrast=1.0, depth=0.0, flipHoriz=False, flipVert=False, font='Arial', fontFiles=[], height=0.1, italic=False, languageStyle='LTR', name='feedbackMsg', opacity=1.0, ori=0, pos=array([0., 0.]), rgb=array([255., 255., 255.]), text='default text', units='height', win=Window(...), wrapWidth=1)
7.4251 	EXP 	instructFig: autoDraw = True
19.6135 	DATA 	Keypress: space
19.6237 	EXP 	Imported MID_trials.xlsx as conditions, 5 conditions, 3 params
19.6241 	EXP 	Created sequence: random, trialTypes=5, nReps=10, seed=None
19.6245 	EXP 	New trial (rep=0, index=0): OrderedDict([('cue', 'images/LoseSmall.BMP'), ('probe', 'images/LoseProbe.BMP'), ('feedbackText', 'You won $0.20')])
19.6585 	EXP 	instructFig: autoDraw = False
19.6585 	EXP 	image: image = 'images/LoseSmall.BMP'
19.6585 	EXP 	image: autoDraw = True
21.6582 	EXP 	image: autoDraw = False
21.6582 	EXP 	Target: image = 'images/LoseProbe.BMP'
21.6582 	EXP 	Fixation: autoDraw = True
23.5756 	EXP 	Fixation: autoDraw = False
23.5919 	EXP 	Target: autoDraw = True
23.5919 	EXP 	Target: autoDraw = False
26.6113 	DATA 	Keypress: space
26.6421 	EXP 	Fixation: autoDraw = False
26.6421 	EXP 	Target: autoDraw = False
26.6421 	EXP 	feedbackMsg: text = 'You won $0.20'
26.6421 	EXP 	feedbackMsg: autoDraw = True
27.9117 	DATA 	Keypress: space
28.1091 	EXP 	New trial (rep=0, index=1): OrderedDict([('cue', 'images/WinSmall.BMP'), ('probe', 'images/LoseProbe.BMP'), ('feedbackText', 'No win or loss')])
28.1422 	EXP 	feedbackMsg: autoDraw = False
28.1422 	EXP 	feedbackMsg: autoDraw = False
28.1422 	EXP 	image: image = 'images/WinSmall.BMP'
28.1422 	EXP 	image: autoDraw = True
30.1248 	EXP 	image: autoDraw = False
30.1248 	EXP 	image: autoDraw = False
30.1248 	EXP 	Target: image = 'images/LoseProbe.BMP'
30.1248 	EXP 	Fixation: autoDraw = True
33.1245 	EXP 	Fixation: autoDraw = False
33.1406 	EXP 	Target: autoDraw = True
33.2079 	EXP 	Target: autoDraw = False
37.1933 	DATA 	Keypress: escape
37.4712 	EXP 	window1: mouseVisible = True
