7.3922 	EXP 	Created window1 = Window(allowGUI=False, allowStencil=False, args=UNKNOWN, autoLog=True, bitsMode=UNKNOWN, blendMode='avg', color=array([0., 0., 0.]), colorSpace='rgb', fullscr=<method-wrapper '__getattribute__' of attributeSetter object at 0x124eede48>, gamma=None, kwargs=UNKNOWN, lms=UNKNOWN, monitor=<psychopy.monitors.calibTools.Monitor object at 0x12902af60>, multiSample=False, name='window1', numSamples=2, pos=[0.0, 0.0], screen=0, size=array([1920, 1080]), stereo=False, units='height', useFBO=True, useRetina=False, viewOri=0.0, viewPos=None, viewScale=None, waitBlanking=True, winType='pyglet')
7.3922 	EXP 	window1: recordFrameIntervals = False
7.5586 	EXP 	window1: recordFrameIntervals = True
7.7411 	EXP 	window1: recordFrameIntervals = False
7.8065 	EXP 	Created instructFig = ImageStim(__class__=<class 'psychopy.visual.image.ImageStim'>, autoLog=True, color=array([1., 1., 1.]), colorSpace='rgb', contrast=1.0, depth=0.0, flipHoriz=False, flipVert=False, image='images/MID_instructions.bmp', interpolate=True, mask=None, maskParams=None, name='instructFig', opacity=1.0, ori=0.0, pos=array([0., 0.]), size=array([1., 1.]), texRes=128, units='height', win=Window(...))
7.8084 	EXP 	Created image = ImageStim(__class__=<class 'psychopy.visual.image.ImageStim'>, autoLog=True, color=array([1., 1., 1.]), colorSpace='rgb', contrast=1.0, depth=-1.0, flipHoriz=False, flipVert=False, image='sin', interpolate=True, mask=None, maskParams=None, name='image', opacity=1.0, ori=0.0, pos=array([0., 0.]), size=array([0.5, 0.5]), texRes=128, units='height', win=Window(...))
8.0814 	EXP 	Created Fixation = TextStim(__class__=<class 'psychopy.visual.text.TextStim'>, alignHoriz='center', alignVert='center', antialias=True, autoLog=True, bold=False, color='white', colorSpace='named', contrast=1.0, depth=0.0, flipHoriz=False, flipVert=False, font='Arial', fontFiles=[], height=0.1, italic=False, languageStyle='LTR', name='Fixation', opacity=1.0, ori=0, pos=array([0., 0.]), rgb=array([255., 255., 255.]), text='+', units='height', win=Window(...), wrapWidth=1)
8.0832 	EXP 	Created Target = ImageStim(__class__=<class 'psychopy.visual.image.ImageStim'>, autoLog=True, color=array([1., 1., 1.]), colorSpace='rgb', contrast=1.0, depth=-1.0, flipHoriz=False, flipVert=False, image='sin', interpolate=True, mask=None, maskParams=None, name='Target', opacity=1.0, ori=0.0, pos=array([0., 0.]), size=array([0.5, 0.5]), texRes=128, units='height', win=Window(...))
8.0959 	EXP 	Created feedbackMsg = TextStim(__class__=<class 'psychopy.visual.text.TextStim'>, alignHoriz='center', alignVert='center', antialias=True, autoLog=True, bold=False, color='white', colorSpace='named', contrast=1.0, depth=0.0, flipHoriz=False, flipVert=False, font='Arial', fontFiles=[], height=0.1, italic=False, languageStyle='LTR', name='feedbackMsg', opacity=1.0, ori=0, pos=array([0., 0.]), rgb=array([255., 255., 255.]), text='default text', units='height', win=Window(...), wrapWidth=1)
8.1071 	EXP 	instructFig: autoDraw = True
10.2939 	DATA 	Mouse: Left button down, pos=(763,672)
10.3751 	DATA 	Mouse:  Left button up, pos=(763,672)
10.9202 	DATA 	Keypress: space
10.9329 	EXP 	Imported MID_trials.xlsx as conditions, 5 conditions, 3 params
10.9350 	EXP 	Created sequence: random, trialTypes=5, nReps=10, seed=None
10.9354 	EXP 	New trial (rep=0, index=0): OrderedDict([('cue', 'images/LoseBig.BMP'), ('probe', 'images/LoseProbe.BMP'), ('feedbackText', 'You won $5.00')])
10.9738 	EXP 	instructFig: autoDraw = False
10.9738 	EXP 	image: image = 'images/LoseBig.BMP'
10.9738 	EXP 	image: autoDraw = True
12.9568 	EXP 	image: autoDraw = False
12.9568 	EXP 	Target: image = 'images/LoseProbe.BMP'
12.9568 	EXP 	Fixation: autoDraw = True
12.9568 	EXP 	Target: autoDraw = True
13.9409 	EXP 	Fixation: autoDraw = False
13.9409 	EXP 	Target: autoDraw = False
17.9263 	DATA 	Keypress: space
17.9570 	EXP 	Fixation: autoDraw = False
17.9570 	EXP 	Target: autoDraw = False
17.9570 	EXP 	feedbackMsg: text = 'You won $5.00'
17.9570 	EXP 	feedbackMsg: autoDraw = True
18.9244 	EXP 	New trial (rep=0, index=1): OrderedDict([('cue', 'images/WinSmall.BMP'), ('probe', 'images/LoseProbe.BMP'), ('feedbackText', 'No win or loss')])
18.9761 	EXP 	feedbackMsg: autoDraw = False
18.9761 	EXP 	feedbackMsg: autoDraw = False
18.9761 	EXP 	image: image = 'images/WinSmall.BMP'
18.9761 	EXP 	image: autoDraw = True
20.8926 	DATA 	Keypress: space
20.9399 	EXP 	image: autoDraw = False
20.9399 	EXP 	image: autoDraw = False
20.9399 	EXP 	Target: image = 'images/LoseProbe.BMP'
20.9399 	EXP 	Fixation: autoDraw = True
20.9399 	EXP 	Target: autoDraw = True
21.9394 	EXP 	Fixation: autoDraw = False
21.9394 	EXP 	Target: autoDraw = False
25.8919 	DATA 	Keypress: space
25.9231 	EXP 	Fixation: autoDraw = False
25.9231 	EXP 	Target: autoDraw = False
25.9231 	EXP 	feedbackMsg: text = 'No win or loss'
25.9231 	EXP 	feedbackMsg: autoDraw = True
26.8080 	DATA 	Keypress: space
26.8902 	EXP 	New trial (rep=0, index=2): OrderedDict([('cue', 'images/LoseSmall.BMP'), ('probe', 'images/LoseProbe.BMP'), ('feedbackText', 'You won $0.20')])
26.9219 	EXP 	feedbackMsg: autoDraw = False
26.9219 	EXP 	feedbackMsg: autoDraw = False
26.9219 	EXP 	image: image = 'images/LoseSmall.BMP'
26.9219 	EXP 	image: autoDraw = True
28.1247 	DATA 	Keypress: space
28.9055 	EXP 	image: autoDraw = False
28.9055 	EXP 	image: autoDraw = False
28.9055 	EXP 	Target: image = 'images/LoseProbe.BMP'
28.9055 	EXP 	Fixation: autoDraw = True
28.9055 	EXP 	Target: autoDraw = True
28.9919 	DATA 	Keypress: space
29.0052 	EXP 	Fixation: autoDraw = False
29.0052 	EXP 	Target: autoDraw = False
29.0052 	EXP 	feedbackMsg: text = 'You won $0.20'
29.0052 	EXP 	feedbackMsg: autoDraw = True
29.7421 	DATA 	Keypress: space
29.9902 	EXP 	New trial (rep=0, index=3): OrderedDict([('cue', 'images/WinBig.BMP'), ('probe', 'images/LoseProbe.BMP'), ('feedbackText', 'You lost $0.20')])
30.0267 	EXP 	feedbackMsg: autoDraw = False
30.0267 	EXP 	feedbackMsg: autoDraw = False
30.0267 	EXP 	image: image = 'images/WinBig.BMP'
30.0267 	EXP 	image: autoDraw = True
32.0054 	EXP 	image: autoDraw = False
32.0054 	EXP 	image: autoDraw = False
32.0054 	EXP 	Target: image = 'images/LoseProbe.BMP'
32.0054 	EXP 	Fixation: autoDraw = True
32.0054 	EXP 	Target: autoDraw = True
33.0047 	EXP 	Fixation: autoDraw = False
33.0047 	EXP 	Target: autoDraw = False
35.7246 	DATA 	Keypress: space
35.7266 	DATA 	Keypress: lcommand
35.7388 	EXP 	Fixation: autoDraw = False
35.7388 	EXP 	Target: autoDraw = False
35.7388 	EXP 	feedbackMsg: text = 'You lost $0.20'
35.7388 	EXP 	feedbackMsg: autoDraw = True
36.7223 	EXP 	New trial (rep=0, index=4): OrderedDict([('cue', 'images/Neutral.BMP'), ('probe', 'images/NeutralProbe.BMP'), ('feedbackText', 'You lost $5.00')])
36.7711 	EXP 	feedbackMsg: autoDraw = False
36.7711 	EXP 	feedbackMsg: autoDraw = False
36.7711 	EXP 	image: image = 'images/Neutral.BMP'
36.7711 	EXP 	image: autoDraw = True
38.3439 	DATA 	Keypress: escape
38.6350 	EXP 	window1: mouseVisible = True
