8.5815 	EXP 	Created window1 = Window(allowGUI=False, allowStencil=False, args=UNKNOWN, autoLog=True, bitsMode=UNKNOWN, blendMode='avg', color=array([0., 0., 0.]), colorSpace='rgb', fullscr=<method-wrapper '__getattribute__' of attributeSetter object at 0x124632eb8>, gamma=None, kwargs=UNKNOWN, lms=UNKNOWN, monitor=<psychopy.monitors.calibTools.Monitor object at 0x1291afe48>, multiSample=False, name='window1', numSamples=2, pos=[0.0, 0.0], screen=0, size=array([1920, 1080]), stereo=False, units='height', useFBO=True, useRetina=False, viewOri=0.0, viewPos=None, viewScale=None, waitBlanking=True, winType='pyglet')
8.5815 	EXP 	window1: recordFrameIntervals = False
8.7468 	EXP 	window1: recordFrameIntervals = True
8.9309 	EXP 	window1: recordFrameIntervals = False
9.0141 	EXP 	Created instructFig = ImageStim(__class__=<class 'psychopy.visual.image.ImageStim'>, autoLog=True, color=array([1., 1., 1.]), colorSpace='rgb', contrast=1.0, depth=0.0, flipHoriz=False, flipVert=False, image='images/MID_instructions.bmp', interpolate=True, mask=None, maskParams=None, name='instructFig', opacity=1.0, ori=0.0, pos=array([0., 0.]), size=array([1.3, 1. ]), texRes=128, units='height', win=Window(...))
9.1243 	EXP 	Created text_2 = TextStim(__class__=<class 'psychopy.visual.text.TextStim'>, alignHoriz='center', alignVert='center', antialias=True, autoLog=True, bold=False, color='white', colorSpace='named', contrast=1.0, depth=0.0, flipHoriz=False, flipVert=False, font='Arial', fontFiles=[], height=0.1, italic=False, languageStyle='LTR', name='text_2', opacity=1.0, ori=0, pos=array([0., 0.]), rgb=array([255., 255., 255.]), text='Waiting for scanner trigger...', units='height', win=Window(...), wrapWidth=2)
9.1316 	EXP 	Created PrepFixation = ShapeStim(__class__=<class 'psychopy.visual.shape.ShapeStim'>, autoDraw=False, autoLog=True, closeShape=True, contrast=1.0, depth=0.0, fillColor=array([1., 1., 1.]), fillColorSpace='rgb', interpolate=True, lineColor=array([1., 1., 1.]), lineColorSpace='rgb', lineWidth=1, name='PrepFixation', opacity=1.0, ori=array(0.), pos=array([0., 0.]), size=array([0.05, 0.05]), units='height', vertices=ndarray(...), win=Window(...), windingRule=None)
9.1339 	EXP 	Created cueImage = ImageStim(__class__=<class 'psychopy.visual.image.ImageStim'>, autoLog=True, color=array([1., 1., 1.]), colorSpace='rgb', contrast=1.0, depth=0.0, flipHoriz=False, flipVert=False, image='sin', interpolate=True, mask=None, maskParams=None, name='cueImage', opacity=1.0, ori=0.0, pos=array([0., 0.]), size=array([1.3, 1. ]), texRes=128, units='height', win=Window(...))
9.1362 	EXP 	Created fixation = ShapeStim(__class__=<class 'psychopy.visual.shape.ShapeStim'>, autoDraw=False, autoLog=True, closeShape=True, contrast=1.0, depth=-1.0, fillColor=array([1., 1., 1.]), fillColorSpace='rgb', interpolate=True, lineColor=array([1., 1., 1.]), lineColorSpace='rgb', lineWidth=1, name='fixation', opacity=1.0, ori=array(0.), pos=array([0., 0.]), size=array([0.05, 0.05]), units='height', vertices=ndarray(...), win=Window(...), windingRule=None)
9.1388 	EXP 	Created Target = ImageStim(__class__=<class 'psychopy.visual.image.ImageStim'>, autoLog=True, color=array([1., 1., 1.]), colorSpace='rgb', contrast=1.0, depth=-1.0, flipHoriz=False, flipVert=False, image='sin', interpolate=True, mask=None, maskParams=None, name='Target', opacity=1.0, ori=0.0, pos=array([0., 0.]), size=array([1.3, 1. ]), texRes=128, units='height', win=Window(...))
9.1504 	EXP 	Created feedbackMsg = TextStim(__class__=<class 'psychopy.visual.text.TextStim'>, alignHoriz='center', alignVert='center', antialias=True, autoLog=True, bold=False, color='white', colorSpace='named', contrast=1.0, depth=-2.0, flipHoriz=False, flipVert=False, font='Arial', fontFiles=[], height=0.1, italic=False, languageStyle='LTR', name='feedbackMsg', opacity=1.0, ori=0, pos=array([0., 0.]), rgb=array([255., 255., 255.]), text='default text', units='height', win=Window(...), wrapWidth=2)
9.1526 	EXP 	Created polygon = ShapeStim(__class__=<class 'psychopy.visual.shape.ShapeStim'>, autoDraw=False, autoLog=True, closeShape=True, contrast=1.0, depth=0.0, fillColor=array([1., 1., 1.]), fillColorSpace='rgb', interpolate=True, lineColor=array([1., 1., 1.]), lineColorSpace='rgb', lineWidth=1, name='polygon', opacity=1.0, ori=array(0.), pos=array([0., 0.]), size=array([0.5, 0.5]), units='height', vertices=ndarray(...), win=Window(...), windingRule=None)
9.1532 	EXP 	Created text = TextStim(__class__=<class 'psychopy.visual.text.TextStim'>, alignHoriz='center', alignVert='center', antialias=True, autoLog=True, bold=False, color='white', colorSpace='named', contrast=1.0, depth=-1.0, flipHoriz=False, flipVert=False, font='Arial', fontFiles=[], height=0.1, italic=False, languageStyle='LTR', name='text', opacity=1.0, ori=0, pos=array([0., 0.]), rgb=array([255., 255., 255.]), text='', units='height', win=Window(...), wrapWidth=1)
9.1700 	EXP 	instructFig: autoDraw = True
10.1323 	DATA 	Keypress: space
10.1468 	EXP 	instructFig: autoDraw = False
10.1468 	EXP 	text_2: autoDraw = True
11.1331 	DATA 	Keypress: space
11.1481 	EXP 	text_2: autoDraw = False
11.1481 	EXP 	PrepFixation: autoDraw = True
13.1498 	EXP 	Imported MID_trials.xlsx as conditions, 5 conditions, 3 params
13.1504 	EXP 	Created sequence: random, trialTypes=5, nReps=10, seed=None
13.1508 	EXP 	New trial (rep=0, index=0): OrderedDict([('cue', 'images/WinBig.BMP'), ('probe', 'images/WinProbe.BMP'), ('condition', 'WinBig')])
13.1755 	EXP 	PrepFixation: autoDraw = False
13.1755 	EXP 	PrepFixation: autoDraw = False
13.1755 	EXP 	cueImage: image = 'images/WinBig.BMP'
13.1755 	EXP 	cueImage: autoDraw = True
15.1632 	EXP 	cueImage: autoDraw = False
15.1632 	EXP 	fixation: autoDraw = True
18.3439 	EXP 	fixation: autoDraw = False
18.3439 	EXP 	fixation: autoDraw = False
18.3439 	EXP 	Target: image = 'images/WinProbe.BMP'
18.3439 	EXP 	Target: autoDraw = True
18.5590 	EXP 	Target: autoDraw = False
18.5590 	EXP 	Target: autoDraw = False
18.5590 	EXP 	feedbackMsg: text = 'You pressed too slow!\n\nYou won $5.00!\n\nTotal Earnings: $0.00!'
18.5590 	EXP 	feedbackMsg: autoDraw = True
18.5984 	DATA 	Keypress: space
20.3138 	EXP 	New trial (rep=0, index=1): OrderedDict([('cue', 'images/LoseSmall.BMP'), ('probe', 'images/LoseProbe.BMP'), ('condition', 'LoseSmall')])
20.3432 	EXP 	feedbackMsg: autoDraw = False
20.3432 	EXP 	feedbackMsg: autoDraw = False
20.3432 	EXP 	cueImage: image = 'images/LoseSmall.BMP'
20.3432 	EXP 	cueImage: autoDraw = True
22.3297 	EXP 	cueImage: autoDraw = False
22.3297 	EXP 	cueImage: autoDraw = False
22.3297 	EXP 	fixation: autoDraw = True
26.0257 	EXP 	fixation: autoDraw = False
26.0257 	EXP 	fixation: autoDraw = False
26.0257 	EXP 	Target: image = 'images/LoseProbe.BMP'
26.0257 	EXP 	Target: autoDraw = True
26.2258 	EXP 	Target: autoDraw = False
26.2258 	EXP 	Target: autoDraw = False
26.2258 	EXP 	feedbackMsg: text = 'You pressed too slow!\n\nYou did not lose $0.20!\n\nTotal Earnings: $-0.20!'
26.2258 	EXP 	feedbackMsg: autoDraw = True
26.3154 	DATA 	Keypress: space
27.9966 	EXP 	New trial (rep=0, index=2): OrderedDict([('cue', 'images/WinSmall.BMP'), ('probe', 'images/WinProbe.BMP'), ('condition', 'WinSmall')])
28.0255 	EXP 	feedbackMsg: autoDraw = False
28.0255 	EXP 	feedbackMsg: autoDraw = False
28.0255 	EXP 	cueImage: image = 'images/WinSmall.BMP'
28.0255 	EXP 	cueImage: autoDraw = True
28.2817 	DATA 	Keypress: escape
28.5989 	EXP 	window1: mouseVisible = True
