39.8201 	EXP 	Created window1 = Window(allowGUI=False, allowStencil=False, args=UNKNOWN, autoLog=True, bitsMode=UNKNOWN, blendMode='avg', color=array([0., 0., 0.]), colorSpace='rgb', fullscr=<method-wrapper '__getattribute__' of attributeSetter object at 0x124594c18>, gamma=None, kwargs=UNKNOWN, lms=UNKNOWN, monitor=<psychopy.monitors.calibTools.Monitor object at 0x12880fb70>, multiSample=False, name='window1', numSamples=2, pos=[0.0, 0.0], screen=0, size=array([1920, 1080]), stereo=False, units='height', useFBO=True, useRetina=False, viewOri=0.0, viewPos=None, viewScale=None, waitBlanking=True, winType='pyglet')
39.8201 	EXP 	window1: recordFrameIntervals = False
39.9865 	EXP 	window1: recordFrameIntervals = True
40.1699 	EXP 	window1: recordFrameIntervals = False
40.2591 	EXP 	Created instructFig = ImageStim(__class__=<class 'psychopy.visual.image.ImageStim'>, autoLog=True, color=array([1., 1., 1.]), colorSpace='rgb', contrast=1.0, depth=0.0, flipHoriz=False, flipVert=False, image='images/MID_instructions.bmp', interpolate=True, mask=None, maskParams=None, name='instructFig', opacity=1.0, ori=0.0, pos=array([0., 0.]), size=array([1.3, 1. ]), texRes=128, units='height', win=Window(...))
40.3535 	EXP 	Created text_2 = TextStim(__class__=<class 'psychopy.visual.text.TextStim'>, alignHoriz='center', alignVert='center', antialias=True, autoLog=True, bold=False, color='white', colorSpace='named', contrast=1.0, depth=0.0, flipHoriz=False, flipVert=False, font='Arial', fontFiles=[], height=0.1, italic=False, languageStyle='LTR', name='text_2', opacity=1.0, ori=0, pos=array([0., 0.]), rgb=array([255., 255., 255.]), text='Waiting for scanner trigger...', units='height', win=Window(...), wrapWidth=1)
40.3553 	EXP 	Created cueImage = ImageStim(__class__=<class 'psychopy.visual.image.ImageStim'>, autoLog=True, color=array([1., 1., 1.]), colorSpace='rgb', contrast=1.0, depth=-1.0, flipHoriz=False, flipVert=False, image='sin', interpolate=True, mask=None, maskParams=None, name='cueImage', opacity=1.0, ori=0.0, pos=array([0., 0.]), size=array([1.3, 1. ]), texRes=128, units='height', win=Window(...))
40.3624 	EXP 	Created fixation = ShapeStim(__class__=<class 'psychopy.visual.shape.ShapeStim'>, autoDraw=False, autoLog=True, closeShape=True, contrast=1.0, depth=-1.0, fillColor=array([1., 1., 1.]), fillColorSpace='rgb', interpolate=True, lineColor=array([1., 1., 1.]), lineColorSpace='rgb', lineWidth=1, name='fixation', opacity=1.0, ori=array(0.), pos=array([0., 0.]), size=array([0.5, 0.5]), units='height', vertices=ndarray(...), win=Window(...), windingRule=None)
40.3643 	EXP 	Created Target = ImageStim(__class__=<class 'psychopy.visual.image.ImageStim'>, autoLog=True, color=array([1., 1., 1.]), colorSpace='rgb', contrast=1.0, depth=-2.0, flipHoriz=False, flipVert=False, image='sin', interpolate=True, mask=None, maskParams=None, name='Target', opacity=1.0, ori=0.0, pos=array([0., 0.]), size=array([1.3, 1. ]), texRes=128, units='height', win=Window(...))
40.3727 	EXP 	Created feedbackMsg = TextStim(__class__=<class 'psychopy.visual.text.TextStim'>, alignHoriz='center', alignVert='center', antialias=True, autoLog=True, bold=False, color='white', colorSpace='named', contrast=1.0, depth=-1.0, flipHoriz=False, flipVert=False, font='Arial', fontFiles=[], height=0.1, italic=False, languageStyle='LTR', name='feedbackMsg', opacity=1.0, ori=0, pos=array([0., 0.]), rgb=array([255., 255., 255.]), text='default text', units='height', win=Window(...), wrapWidth=1)
40.3741 	EXP 	Created polygon = ShapeStim(__class__=<class 'psychopy.visual.shape.ShapeStim'>, autoDraw=False, autoLog=True, closeShape=True, contrast=1.0, depth=0.0, fillColor=array([1., 1., 1.]), fillColorSpace='rgb', interpolate=True, lineColor=array([1., 1., 1.]), lineColorSpace='rgb', lineWidth=1, name='polygon', opacity=1.0, ori=array(0.), pos=array([0., 0.]), size=array([0.5, 0.5]), units='height', vertices=ndarray(...), win=Window(...), windingRule=None)
40.3744 	EXP 	Created text = TextStim(__class__=<class 'psychopy.visual.text.TextStim'>, alignHoriz='center', alignVert='center', antialias=True, autoLog=True, bold=False, color='white', colorSpace='named', contrast=1.0, depth=-1.0, flipHoriz=False, flipVert=False, font='Arial', fontFiles=[], height=0.1, italic=False, languageStyle='LTR', name='text', opacity=1.0, ori=0, pos=array([0., 0.]), rgb=array([255., 255., 255.]), text='', units='height', win=Window(...), wrapWidth=1)
40.3875 	EXP 	instructFig: autoDraw = True
43.4896 	DATA 	Keypress: space
43.5025 	EXP 	instructFig: autoDraw = False
43.5025 	EXP 	text_2: autoDraw = True
44.3387 	DATA 	Keypress: space
44.3497 	EXP 	Imported MID_trials.xlsx as conditions, 5 conditions, 5 params
44.3501 	EXP 	Created sequence: random, trialTypes=5, nReps=10, seed=None
44.3505 	EXP 	New trial (rep=0, index=0): OrderedDict([('cue', 'images/WinSmall.BMP'), ('probe', 'images/WinProbe.BMP'), ('feedbackText', 'You won $0.20'), ('condition', 'Win'), ('corrResp', 'space')])
44.3867 	EXP 	text_2: autoDraw = False
44.3867 	EXP 	cueImage: image = 'images/WinSmall.BMP'
44.3867 	EXP 	cueImage: autoDraw = True
46.3858 	EXP 	cueImage: autoDraw = False
46.3858 	EXP 	Target: image = 'images/WinProbe.BMP'
46.3858 	EXP 	fixation: autoDraw = True
50.0692 	EXP 	fixation: autoDraw = False
50.0859 	EXP 	Target: autoDraw = True
50.3365 	EXP 	Target: autoDraw = False
50.4876 	DATA 	Keypress: space
50.5063 	EXP 	fixation: autoDraw = False
50.5063 	EXP 	Target: autoDraw = False
50.5063 	EXP 	feedbackMsg: text = 'You won $0.20'
50.5063 	EXP 	feedbackMsg: autoDraw = True
52.2192 	EXP 	New trial (rep=0, index=1): OrderedDict([('cue', 'images/Neutral.BMP'), ('probe', 'images/NeutralProbe.BMP'), ('feedbackText', 'No win or loss'), ('condition', 'Neu'), ('corrResp', 'space')])
52.2401 	EXP 	feedbackMsg: autoDraw = False
52.2401 	EXP 	feedbackMsg: autoDraw = False
52.2401 	EXP 	cueImage: image = 'images/Neutral.BMP'
52.2401 	EXP 	cueImage: autoDraw = True
54.2401 	EXP 	cueImage: autoDraw = False
54.2401 	EXP 	Target: image = 'images/NeutralProbe.BMP'
54.2401 	EXP 	fixation: autoDraw = True
54.6708 	DATA 	Keypress: space
54.6859 	EXP 	fixation: autoDraw = False
54.6859 	EXP 	Target: autoDraw = False
54.6859 	EXP 	feedbackMsg: text = 'No win or loss'
54.6859 	EXP 	feedbackMsg: autoDraw = True
56.4201 	EXP 	New trial (rep=0, index=2): OrderedDict([('cue', 'images/LoseSmall.BMP'), ('probe', 'images/LoseProbe.BMP'), ('feedbackText', 'You lost $0.20'), ('condition', 'Lose'), ('corrResp', None)])
56.4401 	EXP 	feedbackMsg: autoDraw = False
56.4401 	EXP 	feedbackMsg: autoDraw = False
56.4401 	EXP 	cueImage: image = 'images/LoseSmall.BMP'
56.4401 	EXP 	cueImage: autoDraw = True
58.2538 	DATA 	Keypress: lctrl
58.4522 	EXP 	cueImage: autoDraw = False
58.4522 	EXP 	cueImage: autoDraw = False
58.4522 	EXP 	Target: image = 'images/LoseProbe.BMP'
58.4522 	EXP 	fixation: autoDraw = True
58.5197 	DATA 	Keypress: c
59.7371 	DATA 	Keypress: escape
60.0258 	EXP 	window1: mouseVisible = True
