8.0036 	EXP 	Created window1 = Window(allowGUI=False, allowStencil=False, args=UNKNOWN, autoLog=True, bitsMode=UNKNOWN, blendMode='avg', color=array([0., 0., 0.]), colorSpace='rgb', fullscr=<method-wrapper '__getattribute__' of attributeSetter object at 0x123f71e80>, gamma=None, kwargs=UNKNOWN, lms=UNKNOWN, monitor=<psychopy.monitors.calibTools.Monitor object at 0x128afd390>, multiSample=False, name='window1', numSamples=2, pos=[0.0, 0.0], screen=0, size=array([1920, 1080]), stereo=False, units='height', useFBO=True, useRetina=False, viewOri=0.0, viewPos=None, viewScale=None, waitBlanking=True, winType='pyglet')
8.0037 	EXP 	window1: recordFrameIntervals = False
8.1696 	EXP 	window1: recordFrameIntervals = True
8.3525 	EXP 	window1: recordFrameIntervals = False
8.4965 	EXP 	Created instructFig = ImageStim(__class__=<class 'psychopy.visual.image.ImageStim'>, autoLog=True, color=array([1., 1., 1.]), colorSpace='rgb', contrast=1.0, depth=0.0, flipHoriz=False, flipVert=False, image='images/MID_instructions.bmp', interpolate=True, mask=None, maskParams=None, name='instructFig', opacity=1.0, ori=0.0, pos=array([0., 0.]), size=array([1.3, 1. ]), texRes=128, units='height', win=Window(...))
8.6488 	EXP 	Created text_2 = TextStim(__class__=<class 'psychopy.visual.text.TextStim'>, alignHoriz='center', alignVert='center', antialias=True, autoLog=True, bold=False, color='white', colorSpace='named', contrast=1.0, depth=0.0, flipHoriz=False, flipVert=False, font='Arial', fontFiles=[], height=0.1, italic=False, languageStyle='LTR', name='text_2', opacity=1.0, ori=0, pos=array([0., 0.]), rgb=array([255., 255., 255.]), text='Waiting for scanner trigger...', units='height', win=Window(...), wrapWidth=2)
8.6673 	EXP 	Created PrepFixation = ShapeStim(__class__=<class 'psychopy.visual.shape.ShapeStim'>, autoDraw=False, autoLog=True, closeShape=True, contrast=1.0, depth=0.0, fillColor=array([1., 1., 1.]), fillColorSpace='rgb', interpolate=True, lineColor=array([1., 1., 1.]), lineColorSpace='rgb', lineWidth=1, name='PrepFixation', opacity=1.0, ori=array(0.), pos=array([0., 0.]), size=array([0.05, 0.05]), units='height', vertices=ndarray(...), win=Window(...), windingRule=None)
8.6704 	EXP 	Created cueImage = ImageStim(__class__=<class 'psychopy.visual.image.ImageStim'>, autoLog=True, color=array([1., 1., 1.]), colorSpace='rgb', contrast=1.0, depth=0.0, flipHoriz=False, flipVert=False, image='sin', interpolate=True, mask=None, maskParams=None, name='cueImage', opacity=1.0, ori=0.0, pos=array([0., 0.]), size=array([1.3, 1. ]), texRes=128, units='height', win=Window(...))
8.6724 	EXP 	Created fixation = ShapeStim(__class__=<class 'psychopy.visual.shape.ShapeStim'>, autoDraw=False, autoLog=True, closeShape=True, contrast=1.0, depth=-1.0, fillColor=array([1., 1., 1.]), fillColorSpace='rgb', interpolate=True, lineColor=array([1., 1., 1.]), lineColorSpace='rgb', lineWidth=1, name='fixation', opacity=1.0, ori=array(0.), pos=array([0., 0.]), size=array([0.05, 0.05]), units='height', vertices=ndarray(...), win=Window(...), windingRule=None)
8.6745 	EXP 	Created Target = ImageStim(__class__=<class 'psychopy.visual.image.ImageStim'>, autoLog=True, color=array([1., 1., 1.]), colorSpace='rgb', contrast=1.0, depth=-1.0, flipHoriz=False, flipVert=False, image='sin', interpolate=True, mask=None, maskParams=None, name='Target', opacity=1.0, ori=0.0, pos=array([0., 0.]), size=array([1.3, 1. ]), texRes=128, units='height', win=Window(...))
8.6869 	EXP 	Created feedbackMsg = TextStim(__class__=<class 'psychopy.visual.text.TextStim'>, alignHoriz='center', alignVert='center', antialias=True, autoLog=True, bold=False, color='white', colorSpace='named', contrast=1.0, depth=-2.0, flipHoriz=False, flipVert=False, font='Arial', fontFiles=[], height=0.1, italic=False, languageStyle='LTR', name='feedbackMsg', opacity=1.0, ori=0, pos=array([0., 0.]), rgb=array([255., 255., 255.]), text='default text', units='height', win=Window(...), wrapWidth=2)
8.6883 	EXP 	Created polygon = ShapeStim(__class__=<class 'psychopy.visual.shape.ShapeStim'>, autoDraw=False, autoLog=True, closeShape=True, contrast=1.0, depth=0.0, fillColor=array([1., 1., 1.]), fillColorSpace='rgb', interpolate=True, lineColor=array([1., 1., 1.]), lineColorSpace='rgb', lineWidth=1, name='polygon', opacity=1.0, ori=array(0.), pos=array([0., 0.]), size=array([0.5, 0.5]), units='height', vertices=ndarray(...), win=Window(...), windingRule=None)
8.6888 	EXP 	Created text = TextStim(__class__=<class 'psychopy.visual.text.TextStim'>, alignHoriz='center', alignVert='center', antialias=True, autoLog=True, bold=False, color='white', colorSpace='named', contrast=1.0, depth=-1.0, flipHoriz=False, flipVert=False, font='Arial', fontFiles=[], height=0.1, italic=False, languageStyle='LTR', name='text', opacity=1.0, ori=0, pos=array([0., 0.]), rgb=array([255., 255., 255.]), text='', units='height', win=Window(...), wrapWidth=1)
8.7177 	EXP 	instructFig: autoDraw = True
9.3091 	DATA 	Keypress: space
9.3269 	EXP 	instructFig: autoDraw = False
9.3269 	EXP 	text_2: autoDraw = True
9.6367 	DATA 	Keypress: space
9.6511 	EXP 	text_2: autoDraw = False
9.6511 	EXP 	PrepFixation: autoDraw = True
11.6536 	EXP 	Imported MID_trials.xlsx as conditions, 5 conditions, 3 params
11.6540 	EXP 	Created sequence: random, trialTypes=5, nReps=10, seed=None
11.6545 	EXP 	New trial (rep=0, index=0): OrderedDict([('cue', 'images/Neutral.BMP'), ('probe', 'images/NeutralProbe.BMP'), ('condition', 'Neutral')])
11.6938 	EXP 	PrepFixation: autoDraw = False
11.6938 	EXP 	PrepFixation: autoDraw = False
11.6938 	EXP 	cueImage: image = 'images/Neutral.BMP'
11.6938 	EXP 	cueImage: autoDraw = True
13.6681 	EXP 	cueImage: autoDraw = False
13.6681 	EXP 	fixation: autoDraw = True
16.1515 	EXP 	fixation: autoDraw = False
16.1515 	EXP 	fixation: autoDraw = False
16.1515 	EXP 	Target: image = 'images/NeutralProbe.BMP'
16.1515 	EXP 	Target: autoDraw = True
16.3344 	EXP 	Target: autoDraw = False
16.4179 	EXP 	Target: autoDraw = False
16.4179 	EXP 	feedbackMsg: text = 'You pressed too slow!\n\nYou did not win or lose anything!\n\nTotal Earnings:Total Earnings: $0.00!'
16.4179 	EXP 	feedbackMsg: autoDraw = True
16.5695 	DATA 	Keypress: space
18.1188 	EXP 	New trial (rep=0, index=1): OrderedDict([('cue', 'images/WinSmall.BMP'), ('probe', 'images/WinProbe.BMP'), ('condition', 'WinSmall')])
18.1449 	EXP 	feedbackMsg: autoDraw = False
18.1449 	EXP 	feedbackMsg: autoDraw = False
18.1449 	EXP 	cueImage: image = 'images/WinSmall.BMP'
18.1449 	EXP 	cueImage: autoDraw = True
20.1338 	EXP 	cueImage: autoDraw = False
20.1338 	EXP 	cueImage: autoDraw = False
20.1338 	EXP 	fixation: autoDraw = True
22.7774 	EXP 	fixation: autoDraw = False
22.7774 	EXP 	fixation: autoDraw = False
22.7774 	EXP 	Target: image = 'images/WinProbe.BMP'
22.7774 	EXP 	Target: autoDraw = True
22.9678 	EXP 	Target: autoDraw = False
23.0362 	DATA 	Keypress: space
23.2598 	EXP 	Target: autoDraw = False
23.2598 	EXP 	feedbackMsg: text = 'Correct Response!\n\nYou won $0.20!\n\nTotal Earnings:Total Earnings: $0.20!'
23.2598 	EXP 	feedbackMsg: autoDraw = True
24.7348 	EXP 	New trial (rep=0, index=2): OrderedDict([('cue', 'images/WinBig.BMP'), ('probe', 'images/WinProbe.BMP'), ('condition', 'WinBig')])
24.7611 	EXP 	feedbackMsg: autoDraw = False
24.7611 	EXP 	feedbackMsg: autoDraw = False
24.7611 	EXP 	cueImage: image = 'images/WinBig.BMP'
24.7611 	EXP 	cueImage: autoDraw = True
25.8382 	DATA 	Keypress: escape
26.1467 	EXP 	window1: mouseVisible = True
