7.8616 	EXP 	Created window1 = Window(allowGUI=False, allowStencil=False, args=UNKNOWN, autoLog=True, bitsMode=UNKNOWN, blendMode='avg', color=array([0., 0., 0.]), colorSpace='rgb', fullscr=<method-wrapper '__getattribute__' of attributeSetter object at 0x12400dd30>, gamma=None, kwargs=UNKNOWN, lms=UNKNOWN, monitor=<psychopy.monitors.calibTools.Monitor object at 0x1288cfcc0>, multiSample=False, name='window1', numSamples=2, pos=[0.0, 0.0], screen=0, size=array([1920, 1080]), stereo=False, units='height', useFBO=True, useRetina=False, viewOri=0.0, viewPos=None, viewScale=None, waitBlanking=True, winType='pyglet')
7.8616 	EXP 	window1: recordFrameIntervals = False
8.0283 	EXP 	window1: recordFrameIntervals = True
8.2116 	EXP 	window1: recordFrameIntervals = False
8.2967 	EXP 	Created instructFig = ImageStim(__class__=<class 'psychopy.visual.image.ImageStim'>, autoLog=True, color=array([1., 1., 1.]), colorSpace='rgb', contrast=1.0, depth=0.0, flipHoriz=False, flipVert=False, image='images/MID_instructions.bmp', interpolate=True, mask=None, maskParams=None, name='instructFig', opacity=1.0, ori=0.0, pos=array([0., 0.]), size=array([1.3, 1. ]), texRes=128, units='height', win=Window(...))
8.4059 	EXP 	Created text_2 = TextStim(__class__=<class 'psychopy.visual.text.TextStim'>, alignHoriz='center', alignVert='center', antialias=True, autoLog=True, bold=False, color='white', colorSpace='named', contrast=1.0, depth=0.0, flipHoriz=False, flipVert=False, font='Arial', fontFiles=[], height=0.1, italic=False, languageStyle='LTR', name='text_2', opacity=1.0, ori=0, pos=array([0., 0.]), rgb=array([255., 255., 255.]), text='Waiting for scanner trigger...', units='height', win=Window(...), wrapWidth=1)
8.4077 	EXP 	Created cueImage = ImageStim(__class__=<class 'psychopy.visual.image.ImageStim'>, autoLog=True, color=array([1., 1., 1.]), colorSpace='rgb', contrast=1.0, depth=-1.0, flipHoriz=False, flipVert=False, image='sin', interpolate=True, mask=None, maskParams=None, name='cueImage', opacity=1.0, ori=0.0, pos=array([0., 0.]), size=array([1.3, 1. ]), texRes=128, units='height', win=Window(...))
8.4175 	EXP 	Created fixation = ShapeStim(__class__=<class 'psychopy.visual.shape.ShapeStim'>, autoDraw=False, autoLog=True, closeShape=True, contrast=1.0, depth=-1.0, fillColor=array([1., 1., 1.]), fillColorSpace='rgb', interpolate=True, lineColor=array([1., 1., 1.]), lineColorSpace='rgb', lineWidth=1, name='fixation', opacity=1.0, ori=array(0.), pos=array([0., 0.]), size=array([0.05, 0.05]), units='height', vertices=ndarray(...), win=Window(...), windingRule=None)
8.4192 	EXP 	Created Target = ImageStim(__class__=<class 'psychopy.visual.image.ImageStim'>, autoLog=True, color=array([1., 1., 1.]), colorSpace='rgb', contrast=1.0, depth=-1.0, flipHoriz=False, flipVert=False, image='sin', interpolate=True, mask=None, maskParams=None, name='Target', opacity=1.0, ori=0.0, pos=array([0., 0.]), size=array([1.3, 1. ]), texRes=128, units='height', win=Window(...))
8.4295 	EXP 	Created feedbackMsg = TextStim(__class__=<class 'psychopy.visual.text.TextStim'>, alignHoriz='center', alignVert='center', antialias=True, autoLog=True, bold=False, color='white', colorSpace='named', contrast=1.0, depth=-1.0, flipHoriz=False, flipVert=False, font='Arial', fontFiles=[], height=0.1, italic=False, languageStyle='LTR', name='feedbackMsg', opacity=1.0, ori=0, pos=array([0., 0.]), rgb=array([255., 255., 255.]), text='default text', units='height', win=Window(...), wrapWidth=1)
8.4310 	EXP 	Created polygon = ShapeStim(__class__=<class 'psychopy.visual.shape.ShapeStim'>, autoDraw=False, autoLog=True, closeShape=True, contrast=1.0, depth=0.0, fillColor=array([1., 1., 1.]), fillColorSpace='rgb', interpolate=True, lineColor=array([1., 1., 1.]), lineColorSpace='rgb', lineWidth=1, name='polygon', opacity=1.0, ori=array(0.), pos=array([0., 0.]), size=array([0.5, 0.5]), units='height', vertices=ndarray(...), win=Window(...), windingRule=None)
8.4315 	EXP 	Created text = TextStim(__class__=<class 'psychopy.visual.text.TextStim'>, alignHoriz='center', alignVert='center', antialias=True, autoLog=True, bold=False, color='white', colorSpace='named', contrast=1.0, depth=-1.0, flipHoriz=False, flipVert=False, font='Arial', fontFiles=[], height=0.1, italic=False, languageStyle='LTR', name='text', opacity=1.0, ori=0, pos=array([0., 0.]), rgb=array([255., 255., 255.]), text='', units='height', win=Window(...), wrapWidth=1)
8.4449 	EXP 	instructFig: autoDraw = True
9.2634 	DATA 	Keypress: return
9.5813 	DATA 	Keypress: space
9.5820 	DATA 	Keypress: rcommand
9.5948 	EXP 	instructFig: autoDraw = False
9.5948 	EXP 	text_2: autoDraw = True
10.5473 	DATA 	Keypress: space
10.5570 	EXP 	Imported MID_trials.xlsx as conditions, 5 conditions, 5 params
10.5573 	EXP 	Created sequence: random, trialTypes=5, nReps=10, seed=None
10.5576 	EXP 	New trial (rep=0, index=0): OrderedDict([('cue', 'images/Neutral.BMP'), ('probe', 'images/NeutralProbe.BMP'), ('feedbackText', 'No win or loss'), ('condition', 'Neu'), ('corrResp', 'space')])
10.5784 	EXP 	text_2: autoDraw = False
10.5784 	EXP 	cueImage: image = 'images/Neutral.BMP'
10.5784 	EXP 	cueImage: autoDraw = True
11.1966 	DATA 	Keypress: space
12.5775 	EXP 	cueImage: autoDraw = False
12.5775 	EXP 	fixation: autoDraw = True
12.9302 	DATA 	Keypress: space
12.9533 	EXP 	fixation: autoDraw = False
12.9533 	EXP 	Target: image = 'images/NeutralProbe.BMP'
12.9533 	EXP 	Target: autoDraw = True
13.4438 	EXP 	Target: autoDraw = False
15.6459 	DATA 	Keypress: space
15.6606 	EXP 	Target: autoDraw = False
15.6606 	EXP 	feedbackMsg: text = 'No win or loss'
15.6606 	EXP 	feedbackMsg: autoDraw = True
16.3452 	DATA 	Keypress: space
17.1449 	EXP 	New trial (rep=0, index=1): OrderedDict([('cue', 'images/WinBig.BMP'), ('probe', 'images/WinProbe.BMP'), ('feedbackText', 'You won $5.00'), ('condition', 'Win'), ('corrResp', 'space')])
17.2137 	DATA 	Keypress: space
17.2203 	EXP 	feedbackMsg: autoDraw = False
17.2203 	EXP 	feedbackMsg: autoDraw = False
17.2203 	EXP 	cueImage: image = 'images/WinBig.BMP'
17.2203 	EXP 	cueImage: autoDraw = True
17.4630 	DATA 	Keypress: space
17.6289 	DATA 	Keypress: space
17.8787 	DATA 	Keypress: space
18.1287 	DATA 	Keypress: space
18.2953 	DATA 	Keypress: space
18.5123 	DATA 	Keypress: space
18.6799 	DATA 	Keypress: space
18.8950 	DATA 	Keypress: space
19.1604 	EXP 	cueImage: autoDraw = False
19.1604 	EXP 	cueImage: autoDraw = False
19.1604 	EXP 	fixation: autoDraw = True
19.5618 	DATA 	Keypress: space
19.5866 	EXP 	fixation: autoDraw = False
19.5866 	EXP 	Target: image = 'images/WinProbe.BMP'
19.5866 	EXP 	Target: autoDraw = True
19.9625 	DATA 	Keypress: space
19.9782 	EXP 	Target: autoDraw = False
19.9782 	EXP 	feedbackMsg: text = 'You won $5.00'
19.9782 	EXP 	feedbackMsg: autoDraw = True
20.5121 	DATA 	Keypress: space
21.4768 	EXP 	New trial (rep=0, index=2): OrderedDict([('cue', 'images/WinSmall.BMP'), ('probe', 'images/WinProbe.BMP'), ('feedbackText', 'You won $0.20'), ('condition', 'Win'), ('corrResp', 'space')])
21.4940 	EXP 	feedbackMsg: autoDraw = False
21.4940 	EXP 	feedbackMsg: autoDraw = False
21.4940 	EXP 	cueImage: image = 'images/WinSmall.BMP'
21.4940 	EXP 	cueImage: autoDraw = True
21.8956 	DATA 	Keypress: space
22.0786 	DATA 	Keypress: space
22.2615 	DATA 	Keypress: space
23.4942 	EXP 	cueImage: autoDraw = False
23.4942 	EXP 	cueImage: autoDraw = False
23.4942 	EXP 	fixation: autoDraw = True
23.6115 	DATA 	Keypress: space
23.6274 	EXP 	fixation: autoDraw = False
23.6274 	EXP 	Target: image = 'images/WinProbe.BMP'
23.6274 	EXP 	Target: autoDraw = True
23.8122 	DATA 	Keypress: space
23.8265 	EXP 	Target: autoDraw = False
23.8265 	EXP 	feedbackMsg: text = 'You won $0.20'
23.8265 	EXP 	feedbackMsg: autoDraw = True
24.6788 	DATA 	Keypress: space
25.3281 	DATA 	Keypress: escape
25.6100 	EXP 	window1: mouseVisible = True
