6.1369 	EXP 	Created window1 = Window(allowGUI=False, allowStencil=False, args=UNKNOWN, autoLog=True, bitsMode=UNKNOWN, blendMode='avg', color=array([0., 0., 0.]), colorSpace='rgb', fullscr=<method-wrapper '__getattribute__' of attributeSetter object at 0x124ebeeb8>, gamma=None, kwargs=UNKNOWN, lms=UNKNOWN, monitor=<psychopy.monitors.calibTools.Monitor object at 0x128cd03c8>, multiSample=False, name='window1', numSamples=2, pos=[0.0, 0.0], screen=0, size=array([1920, 1080]), stereo=False, units='height', useFBO=True, useRetina=False, viewOri=0.0, viewPos=None, viewScale=None, waitBlanking=True, winType='pyglet')
6.1370 	EXP 	window1: recordFrameIntervals = False
6.3028 	EXP 	window1: recordFrameIntervals = True
6.4855 	EXP 	window1: recordFrameIntervals = False
6.5868 	EXP 	Created instructFig = ImageStim(__class__=<class 'psychopy.visual.image.ImageStim'>, autoLog=True, color=array([1., 1., 1.]), colorSpace='rgb', contrast=1.0, depth=0.0, flipHoriz=False, flipVert=False, image='images/MID_instructions.bmp', interpolate=True, mask=None, maskParams=None, name='instructFig', opacity=1.0, ori=0.0, pos=array([0., 0.]), size=array([1.3, 1. ]), texRes=128, units='height', win=Window(...))
6.7214 	EXP 	Created text_2 = TextStim(__class__=<class 'psychopy.visual.text.TextStim'>, alignHoriz='center', alignVert='center', antialias=True, autoLog=True, bold=False, color='white', colorSpace='named', contrast=1.0, depth=0.0, flipHoriz=False, flipVert=False, font='Arial', fontFiles=[], height=0.1, italic=False, languageStyle='LTR', name='text_2', opacity=1.0, ori=0, pos=array([0., 0.]), rgb=array([255., 255., 255.]), text='Waiting for scanner trigger...', units='height', win=Window(...), wrapWidth=2)
6.7296 	EXP 	Created PrepFixation = ShapeStim(__class__=<class 'psychopy.visual.shape.ShapeStim'>, autoDraw=False, autoLog=True, closeShape=True, contrast=1.0, depth=0.0, fillColor=array([1., 1., 1.]), fillColorSpace='rgb', interpolate=True, lineColor=array([1., 1., 1.]), lineColorSpace='rgb', lineWidth=1, name='PrepFixation', opacity=1.0, ori=array(0.), pos=array([0., 0.]), size=array([0.05, 0.05]), units='height', vertices=ndarray(...), win=Window(...), windingRule=None)
6.7321 	EXP 	Created cueImage = ImageStim(__class__=<class 'psychopy.visual.image.ImageStim'>, autoLog=True, color=array([1., 1., 1.]), colorSpace='rgb', contrast=1.0, depth=0.0, flipHoriz=False, flipVert=False, image='sin', interpolate=True, mask=None, maskParams=None, name='cueImage', opacity=1.0, ori=0.0, pos=array([0., 0.]), size=array([1.3, 1. ]), texRes=128, units='height', win=Window(...))
6.7339 	EXP 	Created fixation = ShapeStim(__class__=<class 'psychopy.visual.shape.ShapeStim'>, autoDraw=False, autoLog=True, closeShape=True, contrast=1.0, depth=-1.0, fillColor=array([1., 1., 1.]), fillColorSpace='rgb', interpolate=True, lineColor=array([1., 1., 1.]), lineColorSpace='rgb', lineWidth=1, name='fixation', opacity=1.0, ori=array(0.), pos=array([0., 0.]), size=array([0.05, 0.05]), units='height', vertices=ndarray(...), win=Window(...), windingRule=None)
6.7360 	EXP 	Created Target = ImageStim(__class__=<class 'psychopy.visual.image.ImageStim'>, autoLog=True, color=array([1., 1., 1.]), colorSpace='rgb', contrast=1.0, depth=-1.0, flipHoriz=False, flipVert=False, image='sin', interpolate=True, mask=None, maskParams=None, name='Target', opacity=1.0, ori=0.0, pos=array([0., 0.]), size=array([1.3, 1. ]), texRes=128, units='height', win=Window(...))
6.7488 	EXP 	Created feedbackMsg = TextStim(__class__=<class 'psychopy.visual.text.TextStim'>, alignHoriz='center', alignVert='center', antialias=True, autoLog=True, bold=False, color='white', colorSpace='named', contrast=1.0, depth=-2.0, flipHoriz=False, flipVert=False, font='Arial', fontFiles=[], height=0.1, italic=False, languageStyle='LTR', name='feedbackMsg', opacity=1.0, ori=0, pos=array([0., 0.]), rgb=array([255., 255., 255.]), text='default text', units='height', win=Window(...), wrapWidth=2)
6.7511 	EXP 	Created polygon = ShapeStim(__class__=<class 'psychopy.visual.shape.ShapeStim'>, autoDraw=False, autoLog=True, closeShape=True, contrast=1.0, depth=0.0, fillColor=array([1., 1., 1.]), fillColorSpace='rgb', interpolate=True, lineColor=array([1., 1., 1.]), lineColorSpace='rgb', lineWidth=1, name='polygon', opacity=1.0, ori=array(0.), pos=array([0., 0.]), size=array([0.5, 0.5]), units='height', vertices=ndarray(...), win=Window(...), windingRule=None)
6.7517 	EXP 	Created text = TextStim(__class__=<class 'psychopy.visual.text.TextStim'>, alignHoriz='center', alignVert='center', antialias=True, autoLog=True, bold=False, color='white', colorSpace='named', contrast=1.0, depth=-1.0, flipHoriz=False, flipVert=False, font='Arial', fontFiles=[], height=0.1, italic=False, languageStyle='LTR', name='text', opacity=1.0, ori=0, pos=array([0., 0.]), rgb=array([255., 255., 255.]), text='', units='height', win=Window(...), wrapWidth=1)
6.7687 	EXP 	instructFig: autoDraw = True
7.3227 	DATA 	Keypress: space
7.3346 	EXP 	instructFig: autoDraw = False
7.3346 	EXP 	text_2: autoDraw = True
7.7720 	DATA 	Keypress: space
7.7869 	EXP 	text_2: autoDraw = False
7.7869 	EXP 	PrepFixation: autoDraw = True
9.7862 	EXP 	Imported MID_trials.xlsx as conditions, 5 conditions, 3 params
9.7868 	EXP 	Created sequence: random, trialTypes=5, nReps=10, seed=None
9.7872 	EXP 	New trial (rep=0, index=0): OrderedDict([('cue', 'images/LoseSmall.BMP'), ('probe', 'images/LoseProbe.BMP'), ('condition', 'LoseSmall')])
9.8099 	EXP 	PrepFixation: autoDraw = False
9.8099 	EXP 	PrepFixation: autoDraw = False
9.8099 	EXP 	cueImage: image = 'images/LoseSmall.BMP'
9.8099 	EXP 	cueImage: autoDraw = True
10.6873 	DATA 	Keypress: space
11.8015 	EXP 	cueImage: autoDraw = False
11.8015 	EXP 	fixation: autoDraw = True
13.4944 	EXP 	fixation: autoDraw = False
13.4944 	EXP 	fixation: autoDraw = False
13.4944 	EXP 	Target: image = 'images/LoseProbe.BMP'
13.4944 	EXP 	Target: autoDraw = True
13.7099 	EXP 	Target: autoDraw = False
13.7099 	EXP 	Target: autoDraw = False
13.7099 	EXP 	feedbackMsg: text = 'You pressed too slow!\n\nYou lost $0.20!\n\nTotal Earnings: $-0.20!'
13.7099 	EXP 	feedbackMsg: autoDraw = True
13.8359 	DATA 	Keypress: space
15.4682 	EXP 	New trial (rep=0, index=1): OrderedDict([('cue', 'images/WinBig.BMP'), ('probe', 'images/WinProbe.BMP'), ('condition', 'WinBig')])
15.4856 	EXP 	feedbackMsg: autoDraw = False
15.4856 	EXP 	feedbackMsg: autoDraw = False
15.4856 	EXP 	cueImage: image = 'images/WinBig.BMP'
15.4856 	EXP 	cueImage: autoDraw = True
17.4837 	EXP 	cueImage: autoDraw = False
17.4837 	EXP 	cueImage: autoDraw = False
17.4837 	EXP 	fixation: autoDraw = True
19.5600 	EXP 	fixation: autoDraw = False
19.5600 	EXP 	fixation: autoDraw = False
19.5600 	EXP 	Target: image = 'images/WinProbe.BMP'
19.5600 	EXP 	Target: autoDraw = True
19.7595 	EXP 	Target: autoDraw = False
19.7595 	EXP 	Target: autoDraw = False
19.7595 	EXP 	feedbackMsg: text = 'You pressed too slow!\n\nYou did not win $5.00!\n\nTotal Earnings: $-0.20!'
19.7595 	EXP 	feedbackMsg: autoDraw = True
21.5174 	EXP 	New trial (rep=0, index=2): OrderedDict([('cue', 'images/Neutral.BMP'), ('probe', 'images/NeutralProbe.BMP'), ('condition', 'Neutral')])
21.5435 	EXP 	feedbackMsg: autoDraw = False
21.5435 	EXP 	feedbackMsg: autoDraw = False
21.5435 	EXP 	cueImage: image = 'images/Neutral.BMP'
21.5435 	EXP 	cueImage: autoDraw = True
23.5333 	EXP 	cueImage: autoDraw = False
23.5333 	EXP 	fixation: autoDraw = True
27.0106 	EXP 	fixation: autoDraw = False
27.0106 	EXP 	fixation: autoDraw = False
27.0106 	EXP 	Target: image = 'images/NeutralProbe.BMP'
27.0106 	EXP 	Target: autoDraw = True
27.2269 	EXP 	Target: autoDraw = False
27.2269 	EXP 	Target: autoDraw = False
27.2269 	EXP 	feedbackMsg: text = 'You pressed too slow!\n\nYou did not win or lose anything!\n\nTotal Earnings: $-0.20!'
27.2269 	EXP 	feedbackMsg: autoDraw = True
28.9843 	EXP 	New trial (rep=0, index=3): OrderedDict([('cue', 'images/WinSmall.BMP'), ('probe', 'images/WinProbe.BMP'), ('condition', 'WinSmall')])
29.0001 	EXP 	feedbackMsg: autoDraw = False
29.0001 	EXP 	feedbackMsg: autoDraw = False
29.0001 	EXP 	cueImage: image = 'images/WinSmall.BMP'
29.0001 	EXP 	cueImage: autoDraw = True
30.9996 	EXP 	cueImage: autoDraw = False
30.9996 	EXP 	cueImage: autoDraw = False
30.9996 	EXP 	fixation: autoDraw = True
34.9327 	EXP 	fixation: autoDraw = False
34.9327 	EXP 	fixation: autoDraw = False
34.9327 	EXP 	Target: image = 'images/WinProbe.BMP'
34.9327 	EXP 	Target: autoDraw = True
35.1435 	EXP 	Target: autoDraw = False
35.1435 	EXP 	Target: autoDraw = False
35.1435 	EXP 	feedbackMsg: text = 'You pressed too slow!\n\nYou did not win $0.20!\n\nTotal Earnings: $-0.20!'
35.1435 	EXP 	feedbackMsg: autoDraw = True
35.2339 	DATA 	Keypress: space
36.9166 	EXP 	New trial (rep=0, index=4): OrderedDict([('cue', 'images/LoseBig.BMP'), ('probe', 'images/LoseProbe.BMP'), ('condition', 'LoseBig')])
36.9439 	EXP 	feedbackMsg: autoDraw = False
36.9439 	EXP 	feedbackMsg: autoDraw = False
36.9439 	EXP 	cueImage: image = 'images/LoseBig.BMP'
36.9439 	EXP 	cueImage: autoDraw = True
38.9322 	EXP 	cueImage: autoDraw = False
38.9322 	EXP 	cueImage: autoDraw = False
38.9322 	EXP 	fixation: autoDraw = True
41.8320 	EXP 	fixation: autoDraw = False
41.8320 	EXP 	fixation: autoDraw = False
41.8320 	EXP 	Target: image = 'images/LoseProbe.BMP'
41.8320 	EXP 	Target: autoDraw = True
42.0433 	EXP 	Target: autoDraw = False
42.0433 	EXP 	Target: autoDraw = False
42.0433 	EXP 	feedbackMsg: text = 'You pressed too slow!\n\nYou lost $5.00!\n\nTotal Earnings: $-5.20!'
42.0433 	EXP 	feedbackMsg: autoDraw = True
42.0787 	DATA 	Keypress: space
43.8157 	EXP 	New trial (rep=1, index=0): OrderedDict([('cue', 'images/WinBig.BMP'), ('probe', 'images/WinProbe.BMP'), ('condition', 'WinBig')])
43.8318 	EXP 	feedbackMsg: autoDraw = False
43.8318 	EXP 	feedbackMsg: autoDraw = False
43.8318 	EXP 	cueImage: image = 'images/WinBig.BMP'
43.8318 	EXP 	cueImage: autoDraw = True
44.9515 	DATA 	Keypress: escape
45.2798 	EXP 	window1: mouseVisible = True
