7.7451 	EXP 	Created window1 = Window(allowGUI=False, allowStencil=False, args=UNKNOWN, autoLog=True, bitsMode=UNKNOWN, blendMode='avg', color=array([0., 0., 0.]), colorSpace='rgb', fullscr=<method-wrapper '__getattribute__' of attributeSetter object at 0x124341eb8>, gamma=None, kwargs=UNKNOWN, lms=UNKNOWN, monitor=<psychopy.monitors.calibTools.Monitor object at 0x1289f4a58>, multiSample=False, name='window1', numSamples=2, pos=[0.0, 0.0], screen=0, size=array([1920, 1080]), stereo=False, units='height', useFBO=True, useRetina=False, viewOri=0.0, viewPos=None, viewScale=None, waitBlanking=True, winType='pyglet')
7.7452 	EXP 	window1: recordFrameIntervals = False
7.9106 	EXP 	window1: recordFrameIntervals = True
8.0941 	EXP 	window1: recordFrameIntervals = False
8.1511 	EXP 	Created instructFig = ImageStim(__class__=<class 'psychopy.visual.image.ImageStim'>, autoLog=True, color=array([1., 1., 1.]), colorSpace='rgb', contrast=1.0, depth=0.0, flipHoriz=False, flipVert=False, image='images/MID_instructions.bmp', interpolate=True, mask=None, maskParams=None, name='instructFig', opacity=1.0, ori=0.0, pos=array([0., 0.]), size=array([1.3, 1. ]), texRes=128, units='height', win=Window(...))
8.2321 	EXP 	Created text_2 = TextStim(__class__=<class 'psychopy.visual.text.TextStim'>, alignHoriz='center', alignVert='center', antialias=True, autoLog=True, bold=False, color='white', colorSpace='named', contrast=1.0, depth=0.0, flipHoriz=False, flipVert=False, font='Arial', fontFiles=[], height=0.1, italic=False, languageStyle='LTR', name='text_2', opacity=1.0, ori=0, pos=array([0., 0.]), rgb=array([255., 255., 255.]), text='Waiting for scanner trigger...', units='height', win=Window(...), wrapWidth=2)
8.2338 	EXP 	Created cueImage = ImageStim(__class__=<class 'psychopy.visual.image.ImageStim'>, autoLog=True, color=array([1., 1., 1.]), colorSpace='rgb', contrast=1.0, depth=-1.0, flipHoriz=False, flipVert=False, image='sin', interpolate=True, mask=None, maskParams=None, name='cueImage', opacity=1.0, ori=0.0, pos=array([0., 0.]), size=array([1.3, 1. ]), texRes=128, units='height', win=Window(...))
8.2395 	EXP 	Created fixation = ShapeStim(__class__=<class 'psychopy.visual.shape.ShapeStim'>, autoDraw=False, autoLog=True, closeShape=True, contrast=1.0, depth=-1.0, fillColor=array([1., 1., 1.]), fillColorSpace='rgb', interpolate=True, lineColor=array([1., 1., 1.]), lineColorSpace='rgb', lineWidth=1, name='fixation', opacity=1.0, ori=array(0.), pos=array([0., 0.]), size=array([0.05, 0.05]), units='height', vertices=ndarray(...), win=Window(...), windingRule=None)
8.2409 	EXP 	Created Target = ImageStim(__class__=<class 'psychopy.visual.image.ImageStim'>, autoLog=True, color=array([1., 1., 1.]), colorSpace='rgb', contrast=1.0, depth=-1.0, flipHoriz=False, flipVert=False, image='sin', interpolate=True, mask=None, maskParams=None, name='Target', opacity=1.0, ori=0.0, pos=array([0., 0.]), size=array([1.3, 1. ]), texRes=128, units='height', win=Window(...))
8.2516 	EXP 	Created feedbackMsg = TextStim(__class__=<class 'psychopy.visual.text.TextStim'>, alignHoriz='center', alignVert='center', antialias=True, autoLog=True, bold=False, color='white', colorSpace='named', contrast=1.0, depth=-1.0, flipHoriz=False, flipVert=False, font='Arial', fontFiles=[], height=0.1, italic=False, languageStyle='LTR', name='feedbackMsg', opacity=1.0, ori=0, pos=array([0., 0.]), rgb=array([255., 255., 255.]), text='default text', units='height', win=Window(...), wrapWidth=2)
8.2533 	EXP 	Created polygon = ShapeStim(__class__=<class 'psychopy.visual.shape.ShapeStim'>, autoDraw=False, autoLog=True, closeShape=True, contrast=1.0, depth=0.0, fillColor=array([1., 1., 1.]), fillColorSpace='rgb', interpolate=True, lineColor=array([1., 1., 1.]), lineColorSpace='rgb', lineWidth=1, name='polygon', opacity=1.0, ori=array(0.), pos=array([0., 0.]), size=array([0.5, 0.5]), units='height', vertices=ndarray(...), win=Window(...), windingRule=None)
8.2538 	EXP 	Created text = TextStim(__class__=<class 'psychopy.visual.text.TextStim'>, alignHoriz='center', alignVert='center', antialias=True, autoLog=True, bold=False, color='white', colorSpace='named', contrast=1.0, depth=-1.0, flipHoriz=False, flipVert=False, font='Arial', fontFiles=[], height=0.1, italic=False, languageStyle='LTR', name='text', opacity=1.0, ori=0, pos=array([0., 0.]), rgb=array([255., 255., 255.]), text='', units='height', win=Window(...), wrapWidth=1)
8.2715 	EXP 	instructFig: autoDraw = True
8.8473 	DATA 	Keypress: space
8.8594 	EXP 	instructFig: autoDraw = False
8.8594 	EXP 	text_2: autoDraw = True
9.4968 	DATA 	Keypress: space
9.5133 	EXP 	Imported MID_trials.xlsx as conditions, 5 conditions, 3 params
9.5137 	EXP 	Created sequence: random, trialTypes=5, nReps=10, seed=None
9.5141 	EXP 	New trial (rep=0, index=0): OrderedDict([('cue', 'images/LoseSmall.BMP'), ('probe', 'images/LoseProbe.BMP'), ('condition', 'LoseSmall')])
9.5389 	EXP 	text_2: autoDraw = False
9.5389 	EXP 	cueImage: image = 'images/LoseSmall.BMP'
9.5389 	EXP 	cueImage: autoDraw = True
11.5265 	EXP 	cueImage: autoDraw = False
11.5265 	EXP 	fixation: autoDraw = True
13.6655 	EXP 	fixation: autoDraw = False
13.6655 	EXP 	fixation: autoDraw = False
13.6655 	EXP 	Target: image = 'images/LoseProbe.BMP'
13.6655 	EXP 	Target: autoDraw = True
14.0430 	EXP 	Target: autoDraw = False
14.0430 	EXP 	Target: autoDraw = False
14.0430 	EXP 	feedbackMsg: text = 'You pressed too slow!\n\nYou lost$0.20!\n\nTotal Earnings:Total Earnings: $-0.20!'
14.0430 	EXP 	feedbackMsg: autoDraw = True
15.6433 	EXP 	New trial (rep=0, index=1): OrderedDict([('cue', 'images/LoseBig.BMP'), ('probe', 'images/LoseProbe.BMP'), ('condition', 'LoseBig')])
15.6595 	EXP 	feedbackMsg: autoDraw = False
15.6595 	EXP 	feedbackMsg: autoDraw = False
15.6595 	EXP 	cueImage: image = 'images/LoseBig.BMP'
15.6595 	EXP 	cueImage: autoDraw = True
17.6595 	EXP 	cueImage: autoDraw = False
17.6595 	EXP 	cueImage: autoDraw = False
17.6595 	EXP 	fixation: autoDraw = True
19.5096 	EXP 	fixation: autoDraw = False
19.5096 	EXP 	fixation: autoDraw = False
19.5096 	EXP 	Target: image = 'images/LoseProbe.BMP'
19.5096 	EXP 	Target: autoDraw = True
20.0091 	EXP 	Target: autoDraw = False
20.0091 	EXP 	Target: autoDraw = False
20.0091 	EXP 	feedbackMsg: text = 'You pressed too slow!\n\nYou lost$5.00!\n\nTotal Earnings:Total Earnings: $-5.20!'
20.0091 	EXP 	feedbackMsg: autoDraw = True
21.4769 	EXP 	New trial (rep=0, index=2): OrderedDict([('cue', 'images/Neutral.BMP'), ('probe', 'images/NeutralProbe.BMP'), ('condition', 'Neutral')])
21.4918 	EXP 	feedbackMsg: autoDraw = False
21.4918 	EXP 	feedbackMsg: autoDraw = False
21.4918 	EXP 	cueImage: image = 'images/Neutral.BMP'
21.4918 	EXP 	cueImage: autoDraw = True
23.2947 	DATA 	Keypress: escape
23.5900 	EXP 	window1: mouseVisible = True
