9.5224 	WARNING 	User requested fullscreen with size [1440  900], but screen is actually [1680, 1050]. Using actual size
10.1457 	EXP 	Created window1 = Window(allowGUI=False, allowStencil=False, args=UNKNOWN, autoLog=True, bitsMode=UNKNOWN, blendMode='avg', color=array([0., 0., 0.]), colorSpace='rgb', fullscr=<method-wrapper '__getattribute__' of attributeSetter object at 0x13583abe0>, gamma=None, kwargs=UNKNOWN, lms=UNKNOWN, monitor=<psychopy.monitors.calibTools.Monitor object at 0x135851e80>, multiSample=False, name='window1', numSamples=2, pos=[0.0, 0.0], screen=0, size=array([3360, 2100]), stereo=False, units='height', useFBO=True, useRetina=True, viewOri=0.0, viewPos=None, viewScale=None, waitBlanking=True, winType='pyglet')
10.1458 	EXP 	window1: recordFrameIntervals = False
10.3118 	EXP 	window1: recordFrameIntervals = True
10.4951 	EXP 	window1: recordFrameIntervals = False
10.8847 	EXP 	Created preinstruct_text = TextStim(__class__=<class 'psychopy.visual.text.TextStim'>, alignHoriz='center', alignVert='center', antialias=True, autoLog=True, bold=False, color='white', colorSpace='named', contrast=1.0, depth=0.0, flipHoriz=False, flipVert=False, font='Arial', fontFiles=[], height=0.05, italic=False, languageStyle='LTR', name='preinstruct_text', opacity=1.0, ori=0, pos=array([0., 0.]), rgb=array([255., 255., 255.]), text='Money Task - Scanner 2', units='height', win=Window(...), wrapWidth=1)
10.9330 	EXP 	Created instructFig = ImageStim(__class__=<class 'psychopy.visual.image.ImageStim'>, autoLog=True, color=array([1., 1., 1.]), colorSpace='rgb', contrast=1.0, depth=0.0, flipHoriz=False, flipVert=False, image='images/MID_instructions.bmp', interpolate=True, mask=None, maskParams=None, name='instructFig', opacity=1.0, ori=0.0, pos=array([0., 0.]), size=array([1.3, 1. ]), texRes=128, units='height', win=Window(...))
10.9349 	EXP 	Created PrepFixation = ShapeStim(__class__=<class 'psychopy.visual.shape.ShapeStim'>, autoDraw=False, autoLog=True, closeShape=True, contrast=1.0, depth=0.0, fillColor=array([1., 1., 1.]), fillColorSpace='rgb', interpolate=True, lineColor=array([1., 1., 1.]), lineColorSpace='rgb', lineWidth=1, name='PrepFixation', opacity=1.0, ori=array(0.), pos=array([0., 0.]), size=array([0.05, 0.05]), units='height', vertices=ndarray(...), win=Window(...), windingRule=None)
10.9366 	EXP 	Created cueImage = ImageStim(__class__=<class 'psychopy.visual.image.ImageStim'>, autoLog=True, color=array([1., 1., 1.]), colorSpace='rgb', contrast=1.0, depth=0.0, flipHoriz=False, flipVert=False, image='sin', interpolate=True, mask=None, maskParams=None, name='cueImage', opacity=1.0, ori=0.0, pos=array([0., 0.]), size=array([1.3, 1. ]), texRes=128, units='height', win=Window(...))
10.9380 	EXP 	Created fixation = ShapeStim(__class__=<class 'psychopy.visual.shape.ShapeStim'>, autoDraw=False, autoLog=True, closeShape=True, contrast=1.0, depth=-1.0, fillColor=array([1., 1., 1.]), fillColorSpace='rgb', interpolate=True, lineColor=array([1., 1., 1.]), lineColorSpace='rgb', lineWidth=1, name='fixation', opacity=1.0, ori=array(0.), pos=array([0., 0.]), size=array([0.05, 0.05]), units='height', vertices=ndarray(...), win=Window(...), windingRule=None)
10.9397 	EXP 	Created Target = ImageStim(__class__=<class 'psychopy.visual.image.ImageStim'>, autoLog=True, color=array([1., 1., 1.]), colorSpace='rgb', contrast=1.0, depth=-1.0, flipHoriz=False, flipVert=False, image='sin', interpolate=True, mask=None, maskParams=None, name='Target', opacity=1.0, ori=0.0, pos=array([0., 0.]), size=array([1.3, 1. ]), texRes=128, units='height', win=Window(...))
10.9504 	EXP 	Created feedbackMsg = TextStim(__class__=<class 'psychopy.visual.text.TextStim'>, alignHoriz='center', alignVert='center', antialias=True, autoLog=True, bold=False, color='white', colorSpace='named', contrast=1.0, depth=-2.0, flipHoriz=False, flipVert=False, font='Arial', fontFiles=[], height=0.05, italic=False, languageStyle='LTR', name='feedbackMsg', opacity=1.0, ori=0, pos=array([0., 0.]), rgb=array([255., 255., 255.]), text='default text', units='height', win=Window(...), wrapWidth=2)
10.9523 	EXP 	Created polygon = ShapeStim(__class__=<class 'psychopy.visual.shape.ShapeStim'>, autoDraw=False, autoLog=True, closeShape=True, contrast=1.0, depth=0.0, fillColor=array([1., 1., 1.]), fillColorSpace='rgb', interpolate=True, lineColor=array([1., 1., 1.]), lineColorSpace='rgb', lineWidth=1, name='polygon', opacity=1.0, ori=array(0.), pos=array([0., 0.]), size=array([0.05, 0.05]), units='height', vertices=ndarray(...), win=Window(...), windingRule=None)
10.9593 	EXP 	Created text = TextStim(__class__=<class 'psychopy.visual.text.TextStim'>, alignHoriz='center', alignVert='center', antialias=True, autoLog=True, bold=False, color='white', colorSpace='named', contrast=1.0, depth=-1.0, flipHoriz=False, flipVert=False, font='Arial', fontFiles=[], height=0.07, italic=False, languageStyle='LTR', name='text', opacity=1.0, ori=0, pos=array([0., 0.]), rgb=array([255., 255., 255.]), text='default text', units='height', win=Window(...), wrapWidth=1)
10.9607 	EXP 	Created polygon2 = ShapeStim(__class__=<class 'psychopy.visual.shape.ShapeStim'>, autoDraw=False, autoLog=True, closeShape=True, contrast=1.0, depth=0.0, fillColor=array([1., 1., 1.]), fillColorSpace='rgb', interpolate=True, lineColor=array([1., 1., 1.]), lineColorSpace='rgb', lineWidth=1, name='polygon2', opacity=1.0, ori=array(0.), pos=array([0., 0.]), size=array([0.05, 0.05]), units='height', vertices=ndarray(...), win=Window(...), windingRule=None)
10.9786 	EXP 	preinstruct_text: autoDraw = True
11.3825 	DATA 	Keypress: 5
13.0116 	EXP 	preinstruct_text: autoDraw = False
13.0116 	EXP 	instructFig: autoDraw = True
14.1102 	DATA 	Keypress: 5
14.1289 	EXP 	instructFig: autoDraw = False
14.1289 	EXP 	PrepFixation: autoDraw = True
16.1031 	EXP 	Imported TimeVersion5.csv as conditions, 50 conditions, 2 params
16.1035 	EXP 	Created sequence: sequential, trialTypes=50, nReps=1, seed=None
16.1037 	EXP 	New trial (rep=0, index=0): OrderedDict([('Condition', 'SmallPun'), ('FixationDur', 2000)])
16.1293 	EXP 	PrepFixation: autoDraw = False
16.1293 	EXP 	PrepFixation: autoDraw = False
16.1293 	EXP 	cueImage: image = 'images/LoseSmall.bmp'
16.1293 	EXP 	cueImage: autoDraw = True
18.1460 	EXP 	cueImage: autoDraw = False
18.1460 	EXP 	cueImage: autoDraw = False
18.1460 	EXP 	fixation: autoDraw = True
20.1461 	EXP 	fixation: autoDraw = False
20.1461 	EXP 	fixation: autoDraw = False
20.1461 	EXP 	Target: image = 'images/LoseProbe.bmp'
20.1461 	EXP 	Target: autoDraw = True
20.2326 	DATA 	Keypress: 1
20.5119 	EXP 	Target: autoDraw = False
20.5119 	EXP 	Target: autoDraw = False
20.5119 	EXP 	feedbackMsg: text = 'Correct Response!\n\nYou did not lose $0.20!'
20.5119 	EXP 	feedbackMsg: autoDraw = True
22.1315 	EXP 	New trial (rep=0, index=1): OrderedDict([('Condition', 'LgReward'), ('FixationDur', 4000)])
22.1628 	EXP 	feedbackMsg: autoDraw = False
22.1628 	EXP 	feedbackMsg: autoDraw = False
22.1628 	EXP 	cueImage: image = 'images/WinBig.bmp'
22.1628 	EXP 	cueImage: autoDraw = True
24.1800 	EXP 	cueImage: autoDraw = False
24.1800 	EXP 	cueImage: autoDraw = False
24.1800 	EXP 	fixation: autoDraw = True
25.4668 	DATA 	Keypress: 1
28.1975 	EXP 	fixation: autoDraw = False
28.1975 	EXP 	fixation: autoDraw = False
28.1975 	EXP 	Target: image = 'images/WinProbe.bmp'
28.1975 	EXP 	Target: autoDraw = True
28.5468 	EXP 	Target: autoDraw = False
28.5468 	EXP 	Target: autoDraw = False
28.5468 	EXP 	feedbackMsg: text = 'You pressed too soon!\n\nYou did not win $5.00!'
28.5468 	EXP 	feedbackMsg: autoDraw = True
30.4498 	EXP 	window1: mouseVisible = True
