8.1786 	WARNING 	User requested fullscreen with size [1440  900], but screen is actually [1680, 1050]. Using actual size
8.7909 	EXP 	Created window1 = Window(allowGUI=False, allowStencil=False, args=UNKNOWN, autoLog=True, bitsMode=UNKNOWN, blendMode='avg', color=array([0., 0., 0.]), colorSpace='rgb', fullscr=<method-wrapper '__getattribute__' of attributeSetter object at 0x134f72be0>, gamma=None, kwargs=UNKNOWN, lms=UNKNOWN, monitor=<psychopy.monitors.calibTools.Monitor object at 0x135105e48>, multiSample=False, name='window1', numSamples=2, pos=[0.0, 0.0], screen=0, size=array([3360, 2100]), stereo=False, units='height', useFBO=True, useRetina=True, viewOri=0.0, viewPos=None, viewScale=None, waitBlanking=True, winType='pyglet')
8.7909 	EXP 	window1: recordFrameIntervals = False
8.9568 	EXP 	window1: recordFrameIntervals = True
9.1402 	EXP 	window1: recordFrameIntervals = False
9.5272 	EXP 	Created preinstruct_text = TextStim(__class__=<class 'psychopy.visual.text.TextStim'>, alignHoriz='center', alignVert='center', antialias=True, autoLog=True, bold=False, color='white', colorSpace='named', contrast=1.0, depth=0.0, flipHoriz=False, flipVert=False, font='Arial', fontFiles=[], height=0.05, italic=False, languageStyle='LTR', name='preinstruct_text', opacity=1.0, ori=0, pos=array([0., 0.]), rgb=array([255., 255., 255.]), text='Money Task - Practice 2', units='height', win=Window(...), wrapWidth=1)
9.5725 	EXP 	Created instructFig = ImageStim(__class__=<class 'psychopy.visual.image.ImageStim'>, autoLog=True, color=array([1., 1., 1.]), colorSpace='rgb', contrast=1.0, depth=0.0, flipHoriz=False, flipVert=False, image='images/MID_instructions.bmp', interpolate=True, mask=None, maskParams=None, name='instructFig', opacity=1.0, ori=0.0, pos=array([0., 0.]), size=array([1.3, 1. ]), texRes=128, units='height', win=Window(...))
9.5741 	EXP 	Created PrepFixation = ShapeStim(__class__=<class 'psychopy.visual.shape.ShapeStim'>, autoDraw=False, autoLog=True, closeShape=True, contrast=1.0, depth=0.0, fillColor=array([1., 1., 1.]), fillColorSpace='rgb', interpolate=True, lineColor=array([1., 1., 1.]), lineColorSpace='rgb', lineWidth=1, name='PrepFixation', opacity=1.0, ori=array(0.), pos=array([0., 0.]), size=array([0.05, 0.05]), units='height', vertices=ndarray(...), win=Window(...), windingRule=None)
9.5756 	EXP 	Created cueImage = ImageStim(__class__=<class 'psychopy.visual.image.ImageStim'>, autoLog=True, color=array([1., 1., 1.]), colorSpace='rgb', contrast=1.0, depth=0.0, flipHoriz=False, flipVert=False, image='sin', interpolate=True, mask=None, maskParams=None, name='cueImage', opacity=1.0, ori=0.0, pos=array([0., 0.]), size=array([1.3, 1. ]), texRes=128, units='height', win=Window(...))
9.5770 	EXP 	Created fixation = ShapeStim(__class__=<class 'psychopy.visual.shape.ShapeStim'>, autoDraw=False, autoLog=True, closeShape=True, contrast=1.0, depth=-1.0, fillColor=array([1., 1., 1.]), fillColorSpace='rgb', interpolate=True, lineColor=array([1., 1., 1.]), lineColorSpace='rgb', lineWidth=1, name='fixation', opacity=1.0, ori=array(0.), pos=array([0., 0.]), size=array([0.05, 0.05]), units='height', vertices=ndarray(...), win=Window(...), windingRule=None)
9.5784 	EXP 	Created Target = ImageStim(__class__=<class 'psychopy.visual.image.ImageStim'>, autoLog=True, color=array([1., 1., 1.]), colorSpace='rgb', contrast=1.0, depth=-1.0, flipHoriz=False, flipVert=False, image='sin', interpolate=True, mask=None, maskParams=None, name='Target', opacity=1.0, ori=0.0, pos=array([0., 0.]), size=array([1.3, 1. ]), texRes=128, units='height', win=Window(...))
9.5871 	EXP 	Created feedbackMsg = TextStim(__class__=<class 'psychopy.visual.text.TextStim'>, alignHoriz='center', alignVert='center', antialias=True, autoLog=True, bold=False, color='white', colorSpace='named', contrast=1.0, depth=-2.0, flipHoriz=False, flipVert=False, font='Arial', fontFiles=[], height=0.05, italic=False, languageStyle='LTR', name='feedbackMsg', opacity=1.0, ori=0, pos=array([0., 0.]), rgb=array([255., 255., 255.]), text='default text', units='height', win=Window(...), wrapWidth=2)
9.5885 	EXP 	Created polygon = ShapeStim(__class__=<class 'psychopy.visual.shape.ShapeStim'>, autoDraw=False, autoLog=True, closeShape=True, contrast=1.0, depth=0.0, fillColor=array([1., 1., 1.]), fillColorSpace='rgb', interpolate=True, lineColor=array([1., 1., 1.]), lineColorSpace='rgb', lineWidth=1, name='polygon', opacity=1.0, ori=array(0.), pos=array([0., 0.]), size=array([0.05, 0.05]), units='height', vertices=ndarray(...), win=Window(...), windingRule=None)
9.5950 	EXP 	Created text = TextStim(__class__=<class 'psychopy.visual.text.TextStim'>, alignHoriz='center', alignVert='center', antialias=True, autoLog=True, bold=False, color='white', colorSpace='named', contrast=1.0, depth=-1.0, flipHoriz=False, flipVert=False, font='Arial', fontFiles=[], height=0.07, italic=False, languageStyle='LTR', name='text', opacity=1.0, ori=0, pos=array([0., 0.]), rgb=array([255., 255., 255.]), text='default text', units='height', win=Window(...), wrapWidth=1)
9.5963 	EXP 	Created polygon2 = ShapeStim(__class__=<class 'psychopy.visual.shape.ShapeStim'>, autoDraw=False, autoLog=True, closeShape=True, contrast=1.0, depth=0.0, fillColor=array([1., 1., 1.]), fillColorSpace='rgb', interpolate=True, lineColor=array([1., 1., 1.]), lineColorSpace='rgb', lineWidth=1, name='polygon2', opacity=1.0, ori=array(0.), pos=array([0., 0.]), size=array([0.05, 0.05]), units='height', vertices=ndarray(...), win=Window(...), windingRule=None)
9.6067 	EXP 	preinstruct_text: autoDraw = True
11.6560 	EXP 	preinstruct_text: autoDraw = False
11.6560 	EXP 	instructFig: autoDraw = True
12.0545 	DATA 	Keypress: 5
12.0731 	EXP 	instructFig: autoDraw = False
12.0731 	EXP 	PrepFixation: autoDraw = True
14.0484 	EXP 	Imported TimeVersion_practice1.csv as conditions, 15 conditions, 2 params
14.0487 	EXP 	Created sequence: sequential, trialTypes=15, nReps=1, seed=None
14.0490 	EXP 	New trial (rep=0, index=0): OrderedDict([('Condition', 'SmallReward'), ('FixationDur', 2000)])
14.0733 	EXP 	PrepFixation: autoDraw = False
14.0733 	EXP 	PrepFixation: autoDraw = False
14.0733 	EXP 	cueImage: image = 'images/WinSmall.bmp'
14.0733 	EXP 	cueImage: autoDraw = True
16.0903 	EXP 	cueImage: autoDraw = False
16.0903 	EXP 	cueImage: autoDraw = False
16.0903 	EXP 	fixation: autoDraw = True
18.1078 	EXP 	fixation: autoDraw = False
18.1078 	EXP 	fixation: autoDraw = False
18.1078 	EXP 	Target: image = 'images/WinProbe.bmp'
18.1078 	EXP 	Target: autoDraw = True
18.2940 	DATA 	Keypress: 1
18.4237 	EXP 	Target: autoDraw = False
18.4237 	EXP 	Target: autoDraw = False
18.4237 	EXP 	feedbackMsg: text = 'Correct Response!\n\nYou won $0.20!'
18.4237 	EXP 	feedbackMsg: autoDraw = True
20.0429 	EXP 	New trial (rep=0, index=1): OrderedDict([('Condition', 'LgReward'), ('FixationDur', 2000)])
20.0794 	EXP 	feedbackMsg: autoDraw = False
20.0794 	EXP 	feedbackMsg: autoDraw = False
20.0794 	EXP 	cueImage: image = 'images/WinBig.bmp'
20.0794 	EXP 	cueImage: autoDraw = True
22.1074 	EXP 	cueImage: autoDraw = False
22.1074 	EXP 	cueImage: autoDraw = False
22.1074 	EXP 	fixation: autoDraw = True
24.1085 	EXP 	fixation: autoDraw = False
24.1085 	EXP 	fixation: autoDraw = False
24.1085 	EXP 	Target: image = 'images/WinProbe.bmp'
24.1085 	EXP 	Target: autoDraw = True
24.3455 	DATA 	Keypress: 1
24.4248 	EXP 	Target: autoDraw = False
24.4248 	EXP 	Target: autoDraw = False
24.4248 	EXP 	feedbackMsg: text = 'Correct Response!\n\nYou won $5.00!'
24.4248 	EXP 	feedbackMsg: autoDraw = True
26.0425 	EXP 	New trial (rep=0, index=2): OrderedDict([('Condition', 'SmallPun'), ('FixationDur', 2000)])
26.0594 	EXP 	feedbackMsg: autoDraw = False
26.0594 	EXP 	feedbackMsg: autoDraw = False
26.0594 	EXP 	cueImage: image = 'images/LoseSmall.bmp'
26.0594 	EXP 	cueImage: autoDraw = True
28.0924 	EXP 	cueImage: autoDraw = False
28.0924 	EXP 	cueImage: autoDraw = False
28.0924 	EXP 	fixation: autoDraw = True
30.0928 	EXP 	fixation: autoDraw = False
30.0928 	EXP 	fixation: autoDraw = False
30.0928 	EXP 	Target: image = 'images/LoseProbe.bmp'
30.0928 	EXP 	Target: autoDraw = True
30.3619 	DATA 	Keypress: 1
30.4250 	EXP 	Target: autoDraw = False
30.4250 	EXP 	Target: autoDraw = False
30.4250 	EXP 	feedbackMsg: text = 'Correct Response!\n\nYou did not lose $0.20!'
30.4250 	EXP 	feedbackMsg: autoDraw = True
32.0441 	EXP 	New trial (rep=0, index=3): OrderedDict([('Condition', 'LgPun'), ('FixationDur', 2000)])
32.0606 	EXP 	feedbackMsg: autoDraw = False
32.0606 	EXP 	feedbackMsg: autoDraw = False
32.0606 	EXP 	cueImage: image = 'images/LoseBig.bmp'
32.0606 	EXP 	cueImage: autoDraw = True
34.0933 	EXP 	cueImage: autoDraw = False
34.0933 	EXP 	cueImage: autoDraw = False
34.0933 	EXP 	fixation: autoDraw = True
36.0929 	EXP 	fixation: autoDraw = False
36.0929 	EXP 	fixation: autoDraw = False
36.0929 	EXP 	Target: image = 'images/LoseProbe.bmp'
36.0929 	EXP 	Target: autoDraw = True
36.3117 	DATA 	Keypress: 1
36.3759 	EXP 	Target: autoDraw = False
36.3759 	EXP 	Target: autoDraw = False
36.3759 	EXP 	feedbackMsg: text = 'Correct Response!\n\nYou did not lose $5.00!'
36.3759 	EXP 	feedbackMsg: autoDraw = True
38.0448 	EXP 	New trial (rep=0, index=4): OrderedDict([('Condition', 'Triangle'), ('FixationDur', 2000)])
38.0617 	EXP 	feedbackMsg: autoDraw = False
38.0617 	EXP 	feedbackMsg: autoDraw = False
38.0617 	EXP 	cueImage: image = 'images/Neutral.bmp'
38.0617 	EXP 	cueImage: autoDraw = True
40.0930 	EXP 	cueImage: autoDraw = False
40.0930 	EXP 	cueImage: autoDraw = False
40.0930 	EXP 	fixation: autoDraw = True
42.0943 	EXP 	fixation: autoDraw = False
42.0943 	EXP 	fixation: autoDraw = False
42.0943 	EXP 	Target: image = 'images/NeutralProbe.bmp'
42.0943 	EXP 	Target: autoDraw = True
42.3141 	DATA 	Keypress: 1
42.3773 	EXP 	Target: autoDraw = False
42.3773 	EXP 	Target: autoDraw = False
42.3773 	EXP 	feedbackMsg: text = 'Correct Response!\n\nYou did not win or lose anything!'
42.3773 	EXP 	feedbackMsg: autoDraw = True
44.0459 	EXP 	New trial (rep=0, index=5): OrderedDict([('Condition', 'LgReward'), ('FixationDur', 2000)])
44.0943 	EXP 	feedbackMsg: autoDraw = False
44.0943 	EXP 	feedbackMsg: autoDraw = False
44.0943 	EXP 	cueImage: image = 'images/WinBig.bmp'
44.0943 	EXP 	cueImage: autoDraw = True
46.0932 	EXP 	cueImage: autoDraw = False
46.0932 	EXP 	cueImage: autoDraw = False
46.0932 	EXP 	fixation: autoDraw = True
48.1284 	EXP 	fixation: autoDraw = False
48.1284 	EXP 	fixation: autoDraw = False
48.1284 	EXP 	Target: image = 'images/WinProbe.bmp'
48.1284 	EXP 	Target: autoDraw = True
48.3322 	DATA 	Keypress: 1
48.3773 	EXP 	Target: autoDraw = False
48.3773 	EXP 	Target: autoDraw = False
48.3773 	EXP 	feedbackMsg: text = 'Correct Response!\n\nYou won $5.00!'
48.3773 	EXP 	feedbackMsg: autoDraw = True
50.0466 	EXP 	New trial (rep=0, index=6): OrderedDict([('Condition', 'SmallPun'), ('FixationDur', 2000)])
50.0637 	EXP 	feedbackMsg: autoDraw = False
50.0637 	EXP 	feedbackMsg: autoDraw = False
50.0637 	EXP 	cueImage: image = 'images/LoseSmall.bmp'
50.0637 	EXP 	cueImage: autoDraw = True
52.0950 	EXP 	cueImage: autoDraw = False
52.0950 	EXP 	cueImage: autoDraw = False
52.0950 	EXP 	fixation: autoDraw = True
54.0955 	EXP 	fixation: autoDraw = False
54.0955 	EXP 	fixation: autoDraw = False
54.0955 	EXP 	Target: image = 'images/LoseProbe.bmp'
54.0955 	EXP 	Target: autoDraw = True
54.3152 	DATA 	Keypress: 1
54.3781 	EXP 	Target: autoDraw = False
54.3781 	EXP 	Target: autoDraw = False
54.3781 	EXP 	feedbackMsg: text = 'Correct Response!\n\nYou did not lose $0.20!'
54.3781 	EXP 	feedbackMsg: autoDraw = True
56.0471 	EXP 	New trial (rep=0, index=7): OrderedDict([('Condition', 'SmallReward'), ('FixationDur', 2000)])
56.0789 	EXP 	feedbackMsg: autoDraw = False
56.0789 	EXP 	feedbackMsg: autoDraw = False
56.0789 	EXP 	cueImage: image = 'images/WinSmall.bmp'
56.0789 	EXP 	cueImage: autoDraw = True
58.0955 	EXP 	cueImage: autoDraw = False
58.0955 	EXP 	cueImage: autoDraw = False
58.0955 	EXP 	fixation: autoDraw = True
58.3989 	DATA 	Keypress: 1
60.1131 	EXP 	fixation: autoDraw = False
60.1131 	EXP 	fixation: autoDraw = False
60.1131 	EXP 	Target: image = 'images/WinProbe.bmp'
60.1131 	EXP 	Target: autoDraw = True
60.3292 	EXP 	Target: autoDraw = False
60.3292 	EXP 	Target: autoDraw = False
60.3292 	EXP 	feedbackMsg: text = 'You pressed too soon!\n\nYou did not win $0.20!'
60.3292 	EXP 	feedbackMsg: autoDraw = True
62.0484 	EXP 	New trial (rep=0, index=8): OrderedDict([('Condition', 'Triangle'), ('FixationDur', 2000)])
62.0654 	EXP 	feedbackMsg: autoDraw = False
62.0654 	EXP 	feedbackMsg: autoDraw = False
62.0654 	EXP 	cueImage: image = 'images/Neutral.bmp'
62.0654 	EXP 	cueImage: autoDraw = True
64.0965 	EXP 	cueImage: autoDraw = False
64.0965 	EXP 	cueImage: autoDraw = False
64.0965 	EXP 	fixation: autoDraw = True
66.0968 	EXP 	fixation: autoDraw = False
66.0968 	EXP 	fixation: autoDraw = False
66.0968 	EXP 	Target: image = 'images/NeutralProbe.bmp'
66.0968 	EXP 	Target: autoDraw = True
66.3129 	EXP 	Target: autoDraw = False
66.3129 	EXP 	Target: autoDraw = False
66.3129 	EXP 	feedbackMsg: text = 'You pressed too slow!\n\nYou did not win or lose anything!'
66.3129 	EXP 	feedbackMsg: autoDraw = True
66.3988 	DATA 	Keypress: 1
68.0489 	EXP 	New trial (rep=0, index=9): OrderedDict([('Condition', 'LgReward'), ('FixationDur', 2000)])
68.0804 	EXP 	feedbackMsg: autoDraw = False
68.0804 	EXP 	feedbackMsg: autoDraw = False
68.0804 	EXP 	cueImage: image = 'images/WinBig.bmp'
68.0804 	EXP 	cueImage: autoDraw = True
70.0974 	EXP 	cueImage: autoDraw = False
70.0974 	EXP 	cueImage: autoDraw = False
70.0974 	EXP 	fixation: autoDraw = True
72.1141 	EXP 	fixation: autoDraw = False
72.1141 	EXP 	fixation: autoDraw = False
72.1141 	EXP 	Target: image = 'images/WinProbe.bmp'
72.1141 	EXP 	Target: autoDraw = True
72.3310 	EXP 	Target: autoDraw = False
72.3310 	EXP 	Target: autoDraw = False
72.3310 	EXP 	feedbackMsg: text = 'You pressed too slow!\n\nYou did not win $5.00!'
72.3310 	EXP 	feedbackMsg: autoDraw = True
72.3680 	DATA 	Keypress: 1
74.0497 	EXP 	New trial (rep=0, index=10): OrderedDict([('Condition', 'LgPun'), ('FixationDur', 2000)])
74.0666 	EXP 	feedbackMsg: autoDraw = False
74.0666 	EXP 	feedbackMsg: autoDraw = False
74.0666 	EXP 	cueImage: image = 'images/LoseBig.bmp'
74.0666 	EXP 	cueImage: autoDraw = True
76.0985 	EXP 	cueImage: autoDraw = False
76.0985 	EXP 	cueImage: autoDraw = False
76.0985 	EXP 	fixation: autoDraw = True
77.5018 	DATA 	Keypress: 1
78.0986 	EXP 	fixation: autoDraw = False
78.0986 	EXP 	fixation: autoDraw = False
78.0986 	EXP 	Target: image = 'images/LoseProbe.bmp'
78.0986 	EXP 	Target: autoDraw = True
78.3315 	EXP 	Target: autoDraw = False
78.3315 	EXP 	Target: autoDraw = False
78.3315 	EXP 	feedbackMsg: text = 'You pressed too soon!\n\nYou lost $5.00!'
78.3315 	EXP 	feedbackMsg: autoDraw = True
80.0508 	EXP 	New trial (rep=0, index=11): OrderedDict([('Condition', 'SmallPun'), ('FixationDur', 2000)])
80.0678 	EXP 	feedbackMsg: autoDraw = False
80.0678 	EXP 	feedbackMsg: autoDraw = False
80.0678 	EXP 	cueImage: image = 'images/LoseSmall.bmp'
80.0678 	EXP 	cueImage: autoDraw = True
82.0993 	EXP 	cueImage: autoDraw = False
82.0993 	EXP 	cueImage: autoDraw = False
82.0993 	EXP 	fixation: autoDraw = True
84.0991 	EXP 	fixation: autoDraw = False
84.0991 	EXP 	fixation: autoDraw = False
84.0991 	EXP 	Target: image = 'images/LoseProbe.bmp'
84.0991 	EXP 	Target: autoDraw = True
84.3026 	DATA 	Keypress: 1
84.3487 	EXP 	Target: autoDraw = False
84.3487 	EXP 	Target: autoDraw = False
84.3487 	EXP 	feedbackMsg: text = 'Correct Response!\n\nYou did not lose $0.20!'
84.3487 	EXP 	feedbackMsg: autoDraw = True
86.0512 	EXP 	New trial (rep=0, index=12): OrderedDict([('Condition', 'SmallReward'), ('FixationDur', 2000)])
86.0836 	EXP 	feedbackMsg: autoDraw = False
86.0836 	EXP 	feedbackMsg: autoDraw = False
86.0836 	EXP 	cueImage: image = 'images/WinSmall.bmp'
86.0836 	EXP 	cueImage: autoDraw = True
88.1003 	EXP 	cueImage: autoDraw = False
88.1003 	EXP 	cueImage: autoDraw = False
88.1003 	EXP 	fixation: autoDraw = True
90.1167 	EXP 	fixation: autoDraw = False
90.1167 	EXP 	fixation: autoDraw = False
90.1167 	EXP 	Target: image = 'images/WinProbe.bmp'
90.1167 	EXP 	Target: autoDraw = True
90.3496 	EXP 	Target: autoDraw = False
90.3496 	EXP 	Target: autoDraw = False
90.3496 	EXP 	feedbackMsg: text = 'You pressed too slow!\n\nYou did not win $0.20!'
90.3496 	EXP 	feedbackMsg: autoDraw = True
92.0518 	EXP 	New trial (rep=0, index=13): OrderedDict([('Condition', 'LgPun'), ('FixationDur', 2000)])
92.0688 	EXP 	feedbackMsg: autoDraw = False
92.0688 	EXP 	feedbackMsg: autoDraw = False
92.0688 	EXP 	cueImage: image = 'images/LoseBig.bmp'
92.0688 	EXP 	cueImage: autoDraw = True
94.1007 	EXP 	cueImage: autoDraw = False
94.1007 	EXP 	cueImage: autoDraw = False
94.1007 	EXP 	fixation: autoDraw = True
96.1007 	EXP 	fixation: autoDraw = False
96.1007 	EXP 	fixation: autoDraw = False
96.1007 	EXP 	Target: image = 'images/LoseProbe.bmp'
96.1007 	EXP 	Target: autoDraw = True
96.3297 	DATA 	Keypress: 1
96.3502 	EXP 	Target: autoDraw = False
96.3502 	EXP 	Target: autoDraw = False
96.3502 	EXP 	feedbackMsg: text = 'You pressed too slow!\n\nYou lost $5.00!'
96.3502 	EXP 	feedbackMsg: autoDraw = True
98.0525 	EXP 	New trial (rep=0, index=14): OrderedDict([('Condition', 'Triangle'), ('FixationDur', 2000)])
98.0698 	EXP 	feedbackMsg: autoDraw = False
98.0698 	EXP 	feedbackMsg: autoDraw = False
98.0698 	EXP 	cueImage: image = 'images/Neutral.bmp'
98.0698 	EXP 	cueImage: autoDraw = True
100.1019 	EXP 	cueImage: autoDraw = False
100.1019 	EXP 	cueImage: autoDraw = False
100.1019 	EXP 	fixation: autoDraw = True
102.1014 	EXP 	fixation: autoDraw = False
102.1014 	EXP 	fixation: autoDraw = False
102.1014 	EXP 	Target: image = 'images/NeutralProbe.bmp'
102.1014 	EXP 	Target: autoDraw = True
102.2545 	DATA 	Keypress: 1
102.4021 	EXP 	Target: autoDraw = False
102.4021 	EXP 	Target: autoDraw = False
102.4021 	EXP 	feedbackMsg: text = 'Correct Response!\n\nYou did not win or lose anything!'
102.4021 	EXP 	feedbackMsg: autoDraw = True
104.0683 	EXP 	feedbackMsg: autoDraw = False
104.0683 	EXP 	feedbackMsg: autoDraw = False
104.0683 	EXP 	polygon: autoDraw = True
109.0861 	EXP 	polygon: autoDraw = False
109.0861 	EXP 	polygon: autoDraw = False
109.0861 	EXP 	text: text = 'All done!\n\nYou earned a total of: $1.00'
109.0861 	EXP 	text: autoDraw = True
112.1030 	EXP 	text: autoDraw = False
112.1030 	EXP 	text: autoDraw = False
112.1030 	EXP 	polygon2: autoDraw = True
112.8566 	DATA 	Keypress: escape
113.3071 	EXP 	window1: mouseVisible = True
