8.7917 	WARNING 	User requested fullscreen with size [1440  900], but screen is actually [1680, 1050]. Using actual size
9.3996 	EXP 	Created window1 = Window(allowGUI=False, allowStencil=False, args=UNKNOWN, autoLog=True, bitsMode=UNKNOWN, blendMode='avg', color=array([0., 0., 0.]), colorSpace='rgb', fullscr=<method-wrapper '__getattribute__' of attributeSetter object at 0x1345e6be0>, gamma=None, kwargs=UNKNOWN, lms=UNKNOWN, monitor=<psychopy.monitors.calibTools.Monitor object at 0x13488de48>, multiSample=False, name='window1', numSamples=2, pos=[0.0, 0.0], screen=0, size=array([3360, 2100]), stereo=False, units='height', useFBO=True, useRetina=True, viewOri=0.0, viewPos=None, viewScale=None, waitBlanking=True, winType='pyglet')
9.3997 	EXP 	window1: recordFrameIntervals = False
9.5655 	EXP 	window1: recordFrameIntervals = True
9.7493 	EXP 	window1: recordFrameIntervals = False
10.1320 	EXP 	Created preinstruct_text = TextStim(__class__=<class 'psychopy.visual.text.TextStim'>, alignHoriz='center', alignVert='center', antialias=True, autoLog=True, bold=False, color='white', colorSpace='named', contrast=1.0, depth=0.0, flipHoriz=False, flipVert=False, font='Arial', fontFiles=[], height=0.05, italic=False, languageStyle='LTR', name='preinstruct_text', opacity=1.0, ori=0, pos=array([0., 0.]), rgb=array([255., 255., 255.]), text='Money Task - Scanner 1', units='height', win=Window(...), wrapWidth=1)
10.1785 	EXP 	Created instructFig = ImageStim(__class__=<class 'psychopy.visual.image.ImageStim'>, autoLog=True, color=array([1., 1., 1.]), colorSpace='rgb', contrast=1.0, depth=0.0, flipHoriz=False, flipVert=False, image='images/MID_instructions.bmp', interpolate=True, mask=None, maskParams=None, name='instructFig', opacity=1.0, ori=0.0, pos=array([0., 0.]), size=array([1.3, 1. ]), texRes=128, units='height', win=Window(...))
10.1801 	EXP 	Created PrepFixation = ShapeStim(__class__=<class 'psychopy.visual.shape.ShapeStim'>, autoDraw=False, autoLog=True, closeShape=True, contrast=1.0, depth=0.0, fillColor=array([1., 1., 1.]), fillColorSpace='rgb', interpolate=True, lineColor=array([1., 1., 1.]), lineColorSpace='rgb', lineWidth=1, name='PrepFixation', opacity=1.0, ori=array(0.), pos=array([0., 0.]), size=array([0.05, 0.05]), units='height', vertices=ndarray(...), win=Window(...), windingRule=None)
10.1817 	EXP 	Created cueImage = ImageStim(__class__=<class 'psychopy.visual.image.ImageStim'>, autoLog=True, color=array([1., 1., 1.]), colorSpace='rgb', contrast=1.0, depth=0.0, flipHoriz=False, flipVert=False, image='sin', interpolate=True, mask=None, maskParams=None, name='cueImage', opacity=1.0, ori=0.0, pos=array([0., 0.]), size=array([1.3, 1. ]), texRes=128, units='height', win=Window(...))
10.1831 	EXP 	Created fixation = ShapeStim(__class__=<class 'psychopy.visual.shape.ShapeStim'>, autoDraw=False, autoLog=True, closeShape=True, contrast=1.0, depth=-1.0, fillColor=array([1., 1., 1.]), fillColorSpace='rgb', interpolate=True, lineColor=array([1., 1., 1.]), lineColorSpace='rgb', lineWidth=1, name='fixation', opacity=1.0, ori=array(0.), pos=array([0., 0.]), size=array([0.05, 0.05]), units='height', vertices=ndarray(...), win=Window(...), windingRule=None)
10.1847 	EXP 	Created Target = ImageStim(__class__=<class 'psychopy.visual.image.ImageStim'>, autoLog=True, color=array([1., 1., 1.]), colorSpace='rgb', contrast=1.0, depth=-1.0, flipHoriz=False, flipVert=False, image='sin', interpolate=True, mask=None, maskParams=None, name='Target', opacity=1.0, ori=0.0, pos=array([0., 0.]), size=array([1.3, 1. ]), texRes=128, units='height', win=Window(...))
10.1943 	EXP 	Created feedbackMsg = TextStim(__class__=<class 'psychopy.visual.text.TextStim'>, alignHoriz='center', alignVert='center', antialias=True, autoLog=True, bold=False, color='white', colorSpace='named', contrast=1.0, depth=-2.0, flipHoriz=False, flipVert=False, font='Arial', fontFiles=[], height=0.05, italic=False, languageStyle='LTR', name='feedbackMsg', opacity=1.0, ori=0, pos=array([0., 0.]), rgb=array([255., 255., 255.]), text='default text', units='height', win=Window(...), wrapWidth=2)
10.1960 	EXP 	Created polygon = ShapeStim(__class__=<class 'psychopy.visual.shape.ShapeStim'>, autoDraw=False, autoLog=True, closeShape=True, contrast=1.0, depth=0.0, fillColor=array([1., 1., 1.]), fillColorSpace='rgb', interpolate=True, lineColor=array([1., 1., 1.]), lineColorSpace='rgb', lineWidth=1, name='polygon', opacity=1.0, ori=array(0.), pos=array([0., 0.]), size=array([0.05, 0.05]), units='height', vertices=ndarray(...), win=Window(...), windingRule=None)
10.2029 	EXP 	Created text = TextStim(__class__=<class 'psychopy.visual.text.TextStim'>, alignHoriz='center', alignVert='center', antialias=True, autoLog=True, bold=False, color='white', colorSpace='named', contrast=1.0, depth=-1.0, flipHoriz=False, flipVert=False, font='Arial', fontFiles=[], height=0.07, italic=False, languageStyle='LTR', name='text', opacity=1.0, ori=0, pos=array([0., 0.]), rgb=array([255., 255., 255.]), text='default text', units='height', win=Window(...), wrapWidth=1)
10.2043 	EXP 	Created polygon2 = ShapeStim(__class__=<class 'psychopy.visual.shape.ShapeStim'>, autoDraw=False, autoLog=True, closeShape=True, contrast=1.0, depth=0.0, fillColor=array([1., 1., 1.]), fillColorSpace='rgb', interpolate=True, lineColor=array([1., 1., 1.]), lineColorSpace='rgb', lineWidth=1, name='polygon2', opacity=1.0, ori=array(0.), pos=array([0., 0.]), size=array([0.05, 0.05]), units='height', vertices=ndarray(...), win=Window(...), windingRule=None)
10.2151 	EXP 	preinstruct_text: autoDraw = True
12.2652 	EXP 	preinstruct_text: autoDraw = False
12.2652 	EXP 	instructFig: autoDraw = True
13.2150 	DATA 	Keypress: 5
13.2321 	EXP 	instructFig: autoDraw = False
13.2321 	EXP 	PrepFixation: autoDraw = True
15.2082 	EXP 	Imported TimeVersion6.csv as conditions, 50 conditions, 2 params
15.2086 	EXP 	Created sequence: sequential, trialTypes=50, nReps=1, seed=None
15.2089 	EXP 	New trial (rep=0, index=0): OrderedDict([('Condition', 'LgPun'), ('FixationDur', 2500)])
15.2330 	EXP 	PrepFixation: autoDraw = False
15.2330 	EXP 	PrepFixation: autoDraw = False
15.2330 	EXP 	cueImage: image = 'images/LoseBig.bmp'
15.2330 	EXP 	cueImage: autoDraw = True
17.2489 	EXP 	cueImage: autoDraw = False
17.2489 	EXP 	cueImage: autoDraw = False
17.2489 	EXP 	fixation: autoDraw = True
19.7499 	EXP 	fixation: autoDraw = False
19.7499 	EXP 	fixation: autoDraw = False
19.7499 	EXP 	Target: image = 'images/LoseProbe.bmp'
19.7499 	EXP 	Target: autoDraw = True
19.9860 	DATA 	Keypress: 1
20.0492 	EXP 	Target: autoDraw = False
20.0492 	EXP 	Target: autoDraw = False
20.0492 	EXP 	feedbackMsg: text = 'Correct Response!\n\nYou did not lose $5.00!'
20.0492 	EXP 	feedbackMsg: autoDraw = True
21.7018 	EXP 	New trial (rep=0, index=1): OrderedDict([('Condition', 'LgReward'), ('FixationDur', 1500)])
21.7334 	EXP 	feedbackMsg: autoDraw = False
21.7334 	EXP 	feedbackMsg: autoDraw = False
21.7334 	EXP 	cueImage: image = 'images/WinBig.bmp'
21.7334 	EXP 	cueImage: autoDraw = True
23.7502 	EXP 	cueImage: autoDraw = False
23.7502 	EXP 	cueImage: autoDraw = False
23.7502 	EXP 	fixation: autoDraw = True
25.2678 	EXP 	fixation: autoDraw = False
25.2678 	EXP 	fixation: autoDraw = False
25.2678 	EXP 	Target: image = 'images/WinProbe.bmp'
25.2678 	EXP 	Target: autoDraw = True
25.5503 	EXP 	Target: autoDraw = False
25.5503 	EXP 	Target: autoDraw = False
25.5503 	EXP 	feedbackMsg: text = 'You pressed too slow!\n\nYou did not win $5.00!'
25.5503 	EXP 	feedbackMsg: autoDraw = True
25.5864 	DATA 	Keypress: 1
27.2025 	EXP 	New trial (rep=0, index=2): OrderedDict([('Condition', 'LgPun'), ('FixationDur', 1500)])
27.2207 	EXP 	feedbackMsg: autoDraw = False
27.2207 	EXP 	feedbackMsg: autoDraw = False
27.2207 	EXP 	cueImage: image = 'images/LoseBig.bmp'
27.2207 	EXP 	cueImage: autoDraw = True
29.2514 	EXP 	cueImage: autoDraw = False
29.2514 	EXP 	cueImage: autoDraw = False
29.2514 	EXP 	fixation: autoDraw = True
30.7513 	EXP 	fixation: autoDraw = False
30.7513 	EXP 	fixation: autoDraw = False
30.7513 	EXP 	Target: image = 'images/LoseProbe.bmp'
30.7513 	EXP 	Target: autoDraw = True
30.9713 	DATA 	Keypress: 1
31.0508 	EXP 	Target: autoDraw = False
31.0508 	EXP 	Target: autoDraw = False
31.0508 	EXP 	feedbackMsg: text = 'Correct Response!\n\nYou did not lose $5.00!'
31.0508 	EXP 	feedbackMsg: autoDraw = True
32.7031 	EXP 	New trial (rep=0, index=3): OrderedDict([('Condition', 'SmallReward'), ('FixationDur', 2000)])
32.7349 	EXP 	feedbackMsg: autoDraw = False
32.7349 	EXP 	feedbackMsg: autoDraw = False
32.7349 	EXP 	cueImage: image = 'images/WinSmall.bmp'
32.7349 	EXP 	cueImage: autoDraw = True
34.7522 	EXP 	cueImage: autoDraw = False
34.7522 	EXP 	cueImage: autoDraw = False
34.7522 	EXP 	fixation: autoDraw = True
36.7688 	EXP 	fixation: autoDraw = False
36.7688 	EXP 	fixation: autoDraw = False
36.7688 	EXP 	Target: image = 'images/WinProbe.bmp'
36.7688 	EXP 	Target: autoDraw = True
36.9717 	DATA 	Keypress: 1
37.0353 	EXP 	Target: autoDraw = False
37.0353 	EXP 	Target: autoDraw = False
37.0353 	EXP 	feedbackMsg: text = 'Correct Response!\n\nYou won $0.20!'
37.0353 	EXP 	feedbackMsg: autoDraw = True
38.7048 	EXP 	New trial (rep=0, index=4): OrderedDict([('Condition', 'Triangle'), ('FixationDur', 2000)])
38.7217 	EXP 	feedbackMsg: autoDraw = False
38.7217 	EXP 	feedbackMsg: autoDraw = False
38.7217 	EXP 	cueImage: image = 'images/Neutral.bmp'
38.7217 	EXP 	cueImage: autoDraw = True
40.7533 	EXP 	cueImage: autoDraw = False
40.7533 	EXP 	cueImage: autoDraw = False
40.7533 	EXP 	fixation: autoDraw = True
42.7528 	EXP 	fixation: autoDraw = False
42.7528 	EXP 	fixation: autoDraw = False
42.7528 	EXP 	Target: image = 'images/NeutralProbe.bmp'
42.7528 	EXP 	Target: autoDraw = True
42.9555 	DATA 	Keypress: 1
43.0358 	EXP 	Target: autoDraw = False
43.0358 	EXP 	Target: autoDraw = False
43.0358 	EXP 	feedbackMsg: text = 'Correct Response!\n\nYou did not win or lose anything!'
43.0358 	EXP 	feedbackMsg: autoDraw = True
44.7044 	EXP 	New trial (rep=0, index=5): OrderedDict([('Condition', 'SmallReward'), ('FixationDur', 1500)])
44.7383 	EXP 	feedbackMsg: autoDraw = False
44.7383 	EXP 	feedbackMsg: autoDraw = False
44.7383 	EXP 	cueImage: image = 'images/WinSmall.bmp'
44.7383 	EXP 	cueImage: autoDraw = True
46.7535 	EXP 	cueImage: autoDraw = False
46.7535 	EXP 	cueImage: autoDraw = False
46.7535 	EXP 	fixation: autoDraw = True
48.2703 	EXP 	fixation: autoDraw = False
48.2703 	EXP 	fixation: autoDraw = False
48.2703 	EXP 	Target: image = 'images/WinProbe.bmp'
48.2703 	EXP 	Target: autoDraw = True
48.5257 	DATA 	Keypress: 1
48.5371 	EXP 	Target: autoDraw = False
48.5371 	EXP 	Target: autoDraw = False
48.5371 	EXP 	feedbackMsg: text = 'You pressed too slow!\n\nYou did not win $0.20!'
48.5371 	EXP 	feedbackMsg: autoDraw = True
50.2056 	EXP 	New trial (rep=0, index=6): OrderedDict([('Condition', 'Triangle'), ('FixationDur', 1500)])
50.2225 	EXP 	feedbackMsg: autoDraw = False
50.2225 	EXP 	feedbackMsg: autoDraw = False
50.2225 	EXP 	cueImage: image = 'images/Neutral.bmp'
50.2225 	EXP 	cueImage: autoDraw = True
52.2544 	EXP 	cueImage: autoDraw = False
52.2544 	EXP 	cueImage: autoDraw = False
52.2544 	EXP 	fixation: autoDraw = True
53.7547 	EXP 	fixation: autoDraw = False
53.7547 	EXP 	fixation: autoDraw = False
53.7547 	EXP 	Target: image = 'images/NeutralProbe.bmp'
53.7547 	EXP 	Target: autoDraw = True
54.0371 	EXP 	Target: autoDraw = False
54.0371 	EXP 	Target: autoDraw = False
54.0371 	EXP 	feedbackMsg: text = 'You pressed too slow!\n\nYou did not win or lose anything!'
54.0371 	EXP 	feedbackMsg: autoDraw = True
54.2578 	DATA 	Keypress: 1
55.7064 	EXP 	New trial (rep=0, index=7): OrderedDict([('Condition', 'LgPun'), ('FixationDur', 1500)])
55.7234 	EXP 	feedbackMsg: autoDraw = False
55.7234 	EXP 	feedbackMsg: autoDraw = False
55.7234 	EXP 	cueImage: image = 'images/LoseBig.bmp'
55.7234 	EXP 	cueImage: autoDraw = True
57.7552 	EXP 	cueImage: autoDraw = False
57.7552 	EXP 	cueImage: autoDraw = False
57.7552 	EXP 	fixation: autoDraw = True
59.2554 	EXP 	fixation: autoDraw = False
59.2554 	EXP 	fixation: autoDraw = False
59.2554 	EXP 	Target: image = 'images/LoseProbe.bmp'
59.2554 	EXP 	Target: autoDraw = True
59.4747 	DATA 	Keypress: 1
59.5383 	EXP 	Target: autoDraw = False
59.5383 	EXP 	Target: autoDraw = False
59.5383 	EXP 	feedbackMsg: text = 'Correct Response!\n\nYou did not lose $5.00!'
59.5383 	EXP 	feedbackMsg: autoDraw = True
61.2071 	EXP 	New trial (rep=0, index=8): OrderedDict([('Condition', 'LgReward'), ('FixationDur', 2000)])
61.2392 	EXP 	feedbackMsg: autoDraw = False
61.2392 	EXP 	feedbackMsg: autoDraw = False
61.2392 	EXP 	cueImage: image = 'images/WinBig.bmp'
61.2392 	EXP 	cueImage: autoDraw = True
63.2558 	EXP 	cueImage: autoDraw = False
63.2558 	EXP 	cueImage: autoDraw = False
63.2558 	EXP 	fixation: autoDraw = True
65.1102 	DATA 	Keypress: 1
65.2728 	EXP 	fixation: autoDraw = False
65.2728 	EXP 	fixation: autoDraw = False
65.2728 	EXP 	Target: image = 'images/WinProbe.bmp'
65.2728 	EXP 	Target: autoDraw = True
65.5230 	EXP 	Target: autoDraw = False
65.5230 	EXP 	Target: autoDraw = False
65.5230 	EXP 	feedbackMsg: text = 'You pressed too soon!\n\nYou did not win $5.00!'
65.5230 	EXP 	feedbackMsg: autoDraw = True
67.2079 	EXP 	New trial (rep=0, index=9): OrderedDict([('Condition', 'SmallPun'), ('FixationDur', 4000)])
67.2248 	EXP 	feedbackMsg: autoDraw = False
67.2248 	EXP 	feedbackMsg: autoDraw = False
67.2248 	EXP 	cueImage: image = 'images/LoseSmall.bmp'
67.2248 	EXP 	cueImage: autoDraw = True
69.2562 	EXP 	cueImage: autoDraw = False
69.2562 	EXP 	cueImage: autoDraw = False
69.2562 	EXP 	fixation: autoDraw = True
71.4434 	DATA 	Keypress: 1
73.2575 	EXP 	fixation: autoDraw = False
73.2575 	EXP 	fixation: autoDraw = False
73.2575 	EXP 	Target: image = 'images/LoseProbe.bmp'
73.2575 	EXP 	Target: autoDraw = True
73.5239 	EXP 	Target: autoDraw = False
73.5239 	EXP 	Target: autoDraw = False
73.5239 	EXP 	feedbackMsg: text = 'You pressed too soon!\n\nYou lost $0.20!'
73.5239 	EXP 	feedbackMsg: autoDraw = True
75.2088 	EXP 	New trial (rep=0, index=10): OrderedDict([('Condition', 'LgPun'), ('FixationDur', 1500)])
75.2257 	EXP 	feedbackMsg: autoDraw = False
75.2257 	EXP 	feedbackMsg: autoDraw = False
75.2257 	EXP 	cueImage: image = 'images/LoseBig.bmp'
75.2257 	EXP 	cueImage: autoDraw = True
77.2571 	EXP 	cueImage: autoDraw = False
77.2571 	EXP 	cueImage: autoDraw = False
77.2571 	EXP 	fixation: autoDraw = True
78.7579 	EXP 	fixation: autoDraw = False
78.7579 	EXP 	fixation: autoDraw = False
78.7579 	EXP 	Target: image = 'images/LoseProbe.bmp'
78.7579 	EXP 	Target: autoDraw = True
79.0248 	EXP 	Target: autoDraw = False
79.0248 	EXP 	Target: autoDraw = False
79.0248 	EXP 	feedbackMsg: text = 'You pressed too slow!\n\nYou lost $5.00!'
79.0248 	EXP 	feedbackMsg: autoDraw = True
79.1108 	DATA 	Keypress: 1
80.7095 	EXP 	New trial (rep=0, index=11): OrderedDict([('Condition', 'SmallReward'), ('FixationDur', 1500)])
80.7408 	EXP 	feedbackMsg: autoDraw = False
80.7408 	EXP 	feedbackMsg: autoDraw = False
80.7408 	EXP 	cueImage: image = 'images/WinSmall.bmp'
80.7408 	EXP 	cueImage: autoDraw = True
82.7579 	EXP 	cueImage: autoDraw = False
82.7579 	EXP 	cueImage: autoDraw = False
82.7579 	EXP 	fixation: autoDraw = True
84.2748 	EXP 	fixation: autoDraw = False
84.2748 	EXP 	fixation: autoDraw = False
84.2748 	EXP 	Target: image = 'images/WinProbe.bmp'
84.2748 	EXP 	Target: autoDraw = True
84.5438 	DATA 	Keypress: 1
84.5580 	EXP 	Target: autoDraw = False
84.5580 	EXP 	Target: autoDraw = False
84.5580 	EXP 	feedbackMsg: text = 'You pressed too slow!\n\nYou did not win $0.20!'
84.5580 	EXP 	feedbackMsg: autoDraw = True
86.2102 	EXP 	New trial (rep=0, index=12): OrderedDict([('Condition', 'LgReward'), ('FixationDur', 4000)])
86.2419 	EXP 	feedbackMsg: autoDraw = False
86.2419 	EXP 	feedbackMsg: autoDraw = False
86.2419 	EXP 	cueImage: image = 'images/WinBig.bmp'
86.2419 	EXP 	cueImage: autoDraw = True
88.2593 	EXP 	cueImage: autoDraw = False
88.2593 	EXP 	cueImage: autoDraw = False
88.2593 	EXP 	fixation: autoDraw = True
92.2764 	EXP 	fixation: autoDraw = False
92.2764 	EXP 	fixation: autoDraw = False
92.2764 	EXP 	Target: image = 'images/WinProbe.bmp'
92.2764 	EXP 	Target: autoDraw = True
92.4792 	DATA 	Keypress: 1
92.5592 	EXP 	Target: autoDraw = False
92.5592 	EXP 	Target: autoDraw = False
92.5592 	EXP 	feedbackMsg: text = 'Correct Response!\n\nYou won $5.00!'
92.5592 	EXP 	feedbackMsg: autoDraw = True
94.2113 	EXP 	New trial (rep=0, index=13): OrderedDict([('Condition', 'Triangle'), ('FixationDur', 1500)])
94.2282 	EXP 	feedbackMsg: autoDraw = False
94.2282 	EXP 	feedbackMsg: autoDraw = False
94.2282 	EXP 	cueImage: image = 'images/Neutral.bmp'
94.2282 	EXP 	cueImage: autoDraw = True
96.2601 	EXP 	cueImage: autoDraw = False
96.2601 	EXP 	cueImage: autoDraw = False
96.2601 	EXP 	fixation: autoDraw = True
97.7601 	EXP 	fixation: autoDraw = False
97.7601 	EXP 	fixation: autoDraw = False
97.7601 	EXP 	Target: image = 'images/NeutralProbe.bmp'
97.7601 	EXP 	Target: autoDraw = True
98.0598 	EXP 	Target: autoDraw = False
98.0598 	EXP 	Target: autoDraw = False
98.0598 	EXP 	feedbackMsg: text = 'You pressed too slow!\n\nYou did not win or lose anything!'
98.0598 	EXP 	feedbackMsg: autoDraw = True
99.7117 	EXP 	New trial (rep=0, index=14): OrderedDict([('Condition', 'LgPun'), ('FixationDur', 2000)])
99.7298 	EXP 	feedbackMsg: autoDraw = False
99.7298 	EXP 	feedbackMsg: autoDraw = False
99.7298 	EXP 	cueImage: image = 'images/LoseBig.bmp'
99.7298 	EXP 	cueImage: autoDraw = True
101.7610 	EXP 	cueImage: autoDraw = False
101.7610 	EXP 	cueImage: autoDraw = False
101.7610 	EXP 	fixation: autoDraw = True
103.7606 	EXP 	fixation: autoDraw = False
103.7606 	EXP 	fixation: autoDraw = False
103.7606 	EXP 	Target: image = 'images/LoseProbe.bmp'
103.7606 	EXP 	Target: autoDraw = True
103.9813 	DATA 	Keypress: 1
104.0607 	EXP 	Target: autoDraw = False
104.0607 	EXP 	Target: autoDraw = False
104.0607 	EXP 	feedbackMsg: text = 'Correct Response!\n\nYou did not lose $5.00!'
104.0607 	EXP 	feedbackMsg: autoDraw = True
105.7131 	EXP 	New trial (rep=0, index=15): OrderedDict([('Condition', 'Triangle'), ('FixationDur', 3000)])
105.7303 	EXP 	feedbackMsg: autoDraw = False
105.7303 	EXP 	feedbackMsg: autoDraw = False
105.7303 	EXP 	cueImage: image = 'images/Neutral.bmp'
105.7303 	EXP 	cueImage: autoDraw = True
107.7620 	EXP 	cueImage: autoDraw = False
107.7620 	EXP 	cueImage: autoDraw = False
107.7620 	EXP 	fixation: autoDraw = True
110.7617 	EXP 	fixation: autoDraw = False
110.7617 	EXP 	fixation: autoDraw = False
110.7617 	EXP 	Target: image = 'images/NeutralProbe.bmp'
110.7617 	EXP 	Target: autoDraw = True
110.9811 	DATA 	Keypress: 1
111.0948 	EXP 	Target: autoDraw = False
111.0948 	EXP 	Target: autoDraw = False
111.0948 	EXP 	feedbackMsg: text = 'Correct Response!\n\nYou did not win or lose anything!'
111.0948 	EXP 	feedbackMsg: autoDraw = True
112.6971 	EXP 	New trial (rep=0, index=16): OrderedDict([('Condition', 'SmallPun'), ('FixationDur', 1500)])
112.7142 	EXP 	feedbackMsg: autoDraw = False
112.7142 	EXP 	feedbackMsg: autoDraw = False
112.7142 	EXP 	cueImage: image = 'images/LoseSmall.bmp'
112.7142 	EXP 	cueImage: autoDraw = True
114.7459 	EXP 	cueImage: autoDraw = False
114.7459 	EXP 	cueImage: autoDraw = False
114.7459 	EXP 	fixation: autoDraw = True
116.2459 	EXP 	fixation: autoDraw = False
116.2459 	EXP 	fixation: autoDraw = False
116.2459 	EXP 	Target: image = 'images/LoseProbe.bmp'
116.2459 	EXP 	Target: autoDraw = True
116.5789 	EXP 	Target: autoDraw = False
116.5789 	EXP 	Target: autoDraw = False
116.5789 	EXP 	feedbackMsg: text = 'You pressed too slow!\n\nYou lost $0.20!'
116.5789 	EXP 	feedbackMsg: autoDraw = True
116.6318 	DATA 	Keypress: 1
118.1813 	EXP 	New trial (rep=0, index=17): OrderedDict([('Condition', 'Triangle'), ('FixationDur', 3500)])
118.1980 	EXP 	feedbackMsg: autoDraw = False
118.1980 	EXP 	feedbackMsg: autoDraw = False
118.1980 	EXP 	cueImage: image = 'images/Neutral.bmp'
118.1980 	EXP 	cueImage: autoDraw = True
120.2299 	EXP 	cueImage: autoDraw = False
120.2299 	EXP 	cueImage: autoDraw = False
120.2299 	EXP 	fixation: autoDraw = True
123.7301 	EXP 	fixation: autoDraw = False
123.7301 	EXP 	fixation: autoDraw = False
123.7301 	EXP 	Target: image = 'images/NeutralProbe.bmp'
123.7301 	EXP 	Target: autoDraw = True
123.9168 	DATA 	Keypress: 1
124.0633 	EXP 	Target: autoDraw = False
124.0633 	EXP 	Target: autoDraw = False
124.0633 	EXP 	feedbackMsg: text = 'Correct Response!\n\nYou did not win or lose anything!'
124.0633 	EXP 	feedbackMsg: autoDraw = True
125.6654 	EXP 	New trial (rep=0, index=18): OrderedDict([('Condition', 'LgPun'), ('FixationDur', 3000)])
125.6824 	EXP 	feedbackMsg: autoDraw = False
125.6824 	EXP 	feedbackMsg: autoDraw = False
125.6824 	EXP 	cueImage: image = 'images/LoseBig.bmp'
125.6824 	EXP 	cueImage: autoDraw = True
127.7145 	EXP 	cueImage: autoDraw = False
127.7145 	EXP 	cueImage: autoDraw = False
127.7145 	EXP 	fixation: autoDraw = True
130.7141 	EXP 	fixation: autoDraw = False
130.7141 	EXP 	fixation: autoDraw = False
130.7141 	EXP 	Target: image = 'images/LoseProbe.bmp'
130.7141 	EXP 	Target: autoDraw = True
130.9181 	DATA 	Keypress: 1
131.0483 	EXP 	Target: autoDraw = False
131.0483 	EXP 	Target: autoDraw = False
131.0483 	EXP 	feedbackMsg: text = 'Correct Response!\n\nYou did not lose $5.00!'
131.0483 	EXP 	feedbackMsg: autoDraw = True
132.6496 	EXP 	New trial (rep=0, index=19): OrderedDict([('Condition', 'LgReward'), ('FixationDur', 1500)])
132.6818 	EXP 	feedbackMsg: autoDraw = False
132.6818 	EXP 	feedbackMsg: autoDraw = False
132.6818 	EXP 	cueImage: image = 'images/WinBig.bmp'
132.6818 	EXP 	cueImage: autoDraw = True
134.6983 	EXP 	cueImage: autoDraw = False
134.6983 	EXP 	cueImage: autoDraw = False
134.6983 	EXP 	fixation: autoDraw = True
136.2148 	EXP 	fixation: autoDraw = False
136.2148 	EXP 	fixation: autoDraw = False
136.2148 	EXP 	Target: image = 'images/WinProbe.bmp'
136.2148 	EXP 	Target: autoDraw = True
136.5312 	EXP 	Target: autoDraw = False
136.5312 	EXP 	Target: autoDraw = False
136.5312 	EXP 	feedbackMsg: text = 'You pressed too slow!\n\nYou did not win $5.00!'
136.5312 	EXP 	feedbackMsg: autoDraw = True
136.5350 	DATA 	Keypress: 1
138.1336 	EXP 	New trial (rep=0, index=20): OrderedDict([('Condition', 'LgPun'), ('FixationDur', 1500)])
138.1508 	EXP 	feedbackMsg: autoDraw = False
138.1508 	EXP 	feedbackMsg: autoDraw = False
138.1508 	EXP 	cueImage: image = 'images/LoseBig.bmp'
138.1508 	EXP 	cueImage: autoDraw = True
140.1823 	EXP 	cueImage: autoDraw = False
140.1823 	EXP 	cueImage: autoDraw = False
140.1823 	EXP 	fixation: autoDraw = True
141.6827 	EXP 	fixation: autoDraw = False
141.6827 	EXP 	fixation: autoDraw = False
141.6827 	EXP 	Target: image = 'images/LoseProbe.bmp'
141.6827 	EXP 	Target: autoDraw = True
141.9191 	DATA 	Keypress: 1
142.0493 	EXP 	Target: autoDraw = False
142.0493 	EXP 	Target: autoDraw = False
142.0493 	EXP 	feedbackMsg: text = 'Correct Response!\n\nYou did not lose $5.00!'
142.0493 	EXP 	feedbackMsg: autoDraw = True
143.6344 	EXP 	New trial (rep=0, index=21): OrderedDict([('Condition', 'LgReward'), ('FixationDur', 1500)])
143.6661 	EXP 	feedbackMsg: autoDraw = False
143.6661 	EXP 	feedbackMsg: autoDraw = False
143.6661 	EXP 	cueImage: image = 'images/WinBig.bmp'
143.6661 	EXP 	cueImage: autoDraw = True
145.6829 	EXP 	cueImage: autoDraw = False
145.6829 	EXP 	cueImage: autoDraw = False
145.6829 	EXP 	fixation: autoDraw = True
147.2167 	EXP 	fixation: autoDraw = False
147.2167 	EXP 	fixation: autoDraw = False
147.2167 	EXP 	Target: image = 'images/WinProbe.bmp'
147.2167 	EXP 	Target: autoDraw = True
147.4198 	DATA 	Keypress: 1
147.5497 	EXP 	Target: autoDraw = False
147.5497 	EXP 	Target: autoDraw = False
147.5497 	EXP 	feedbackMsg: text = 'Correct Response!\n\nYou won $5.00!'
147.5497 	EXP 	feedbackMsg: autoDraw = True
149.1357 	EXP 	New trial (rep=0, index=22): OrderedDict([('Condition', 'LgReward'), ('FixationDur', 1500)])
149.1667 	EXP 	feedbackMsg: autoDraw = False
149.1667 	EXP 	feedbackMsg: autoDraw = False
149.1667 	EXP 	cueImage: image = 'images/WinBig.bmp'
149.1667 	EXP 	cueImage: autoDraw = True
151.1840 	EXP 	cueImage: autoDraw = False
151.1840 	EXP 	cueImage: autoDraw = False
151.1840 	EXP 	fixation: autoDraw = True
152.7178 	EXP 	fixation: autoDraw = False
152.7178 	EXP 	fixation: autoDraw = False
152.7178 	EXP 	Target: image = 'images/WinProbe.bmp'
152.7178 	EXP 	Target: autoDraw = True
152.9537 	DATA 	Keypress: 1
153.0340 	EXP 	Target: autoDraw = False
153.0340 	EXP 	Target: autoDraw = False
153.0340 	EXP 	feedbackMsg: text = 'Correct Response!\n\nYou won $5.00!'
153.0340 	EXP 	feedbackMsg: autoDraw = True
154.6362 	EXP 	New trial (rep=0, index=23): OrderedDict([('Condition', 'Triangle'), ('FixationDur', 1500)])
154.6531 	EXP 	feedbackMsg: autoDraw = False
154.6531 	EXP 	feedbackMsg: autoDraw = False
154.6531 	EXP 	cueImage: image = 'images/Neutral.bmp'
154.6531 	EXP 	cueImage: autoDraw = True
156.6842 	EXP 	cueImage: autoDraw = False
156.6842 	EXP 	cueImage: autoDraw = False
156.6842 	EXP 	fixation: autoDraw = True
158.1850 	EXP 	fixation: autoDraw = False
158.1850 	EXP 	fixation: autoDraw = False
158.1850 	EXP 	Target: image = 'images/NeutralProbe.bmp'
158.1850 	EXP 	Target: autoDraw = True
158.4213 	DATA 	Keypress: 1
158.5172 	EXP 	Target: autoDraw = False
158.5172 	EXP 	Target: autoDraw = False
158.5172 	EXP 	feedbackMsg: text = 'Correct Response!\n\nYou did not win or lose anything!'
158.5172 	EXP 	feedbackMsg: autoDraw = True
160.1200 	EXP 	New trial (rep=0, index=24): OrderedDict([('Condition', 'SmallReward'), ('FixationDur', 3500)])
160.1519 	EXP 	feedbackMsg: autoDraw = False
160.1519 	EXP 	feedbackMsg: autoDraw = False
160.1519 	EXP 	cueImage: image = 'images/WinSmall.bmp'
160.1519 	EXP 	cueImage: autoDraw = True
162.1688 	EXP 	cueImage: autoDraw = False
162.1688 	EXP 	cueImage: autoDraw = False
162.1688 	EXP 	fixation: autoDraw = True
165.6858 	EXP 	fixation: autoDraw = False
165.6858 	EXP 	fixation: autoDraw = False
165.6858 	EXP 	Target: image = 'images/WinProbe.bmp'
165.6858 	EXP 	Target: autoDraw = True
165.8887 	DATA 	Keypress: 1
166.0021 	EXP 	Target: autoDraw = False
166.0021 	EXP 	Target: autoDraw = False
166.0021 	EXP 	feedbackMsg: text = 'Correct Response!\n\nYou won $0.20!'
166.0021 	EXP 	feedbackMsg: autoDraw = True
167.6041 	EXP 	New trial (rep=0, index=25): OrderedDict([('Condition', 'SmallPun'), ('FixationDur', 2000)])
167.6212 	EXP 	feedbackMsg: autoDraw = False
167.6212 	EXP 	feedbackMsg: autoDraw = False
167.6212 	EXP 	cueImage: image = 'images/LoseSmall.bmp'
167.6212 	EXP 	cueImage: autoDraw = True
169.6523 	EXP 	cueImage: autoDraw = False
169.6523 	EXP 	cueImage: autoDraw = False
169.6523 	EXP 	fixation: autoDraw = True
171.6534 	EXP 	fixation: autoDraw = False
171.6534 	EXP 	fixation: autoDraw = False
171.6534 	EXP 	Target: image = 'images/LoseProbe.bmp'
171.6534 	EXP 	Target: autoDraw = True
171.9673 	DATA 	Keypress: 1
171.9858 	EXP 	Target: autoDraw = False
171.9858 	EXP 	Target: autoDraw = False
171.9858 	EXP 	feedbackMsg: text = 'You pressed too slow!\n\nYou lost $0.20!'
171.9858 	EXP 	feedbackMsg: autoDraw = True
173.5884 	EXP 	New trial (rep=0, index=26): OrderedDict([('Condition', 'SmallReward'), ('FixationDur', 2500)])
173.6199 	EXP 	feedbackMsg: autoDraw = False
173.6199 	EXP 	feedbackMsg: autoDraw = False
173.6199 	EXP 	cueImage: image = 'images/WinSmall.bmp'
173.6199 	EXP 	cueImage: autoDraw = True
175.6370 	EXP 	cueImage: autoDraw = False
175.6370 	EXP 	cueImage: autoDraw = False
175.6370 	EXP 	fixation: autoDraw = True
178.1542 	EXP 	fixation: autoDraw = False
178.1542 	EXP 	fixation: autoDraw = False
178.1542 	EXP 	Target: image = 'images/WinProbe.bmp'
178.1542 	EXP 	Target: autoDraw = True
178.3739 	DATA 	Keypress: 1
178.4704 	EXP 	Target: autoDraw = False
178.4704 	EXP 	Target: autoDraw = False
178.4704 	EXP 	feedbackMsg: text = 'Correct Response!\n\nYou won $0.20!'
178.4704 	EXP 	feedbackMsg: autoDraw = True
180.0723 	EXP 	New trial (rep=0, index=27): OrderedDict([('Condition', 'SmallPun'), ('FixationDur', 2500)])
180.0894 	EXP 	feedbackMsg: autoDraw = False
180.0894 	EXP 	feedbackMsg: autoDraw = False
180.0894 	EXP 	cueImage: image = 'images/LoseSmall.bmp'
180.0894 	EXP 	cueImage: autoDraw = True
182.1211 	EXP 	cueImage: autoDraw = False
182.1211 	EXP 	cueImage: autoDraw = False
182.1211 	EXP 	fixation: autoDraw = True
184.6214 	EXP 	fixation: autoDraw = False
184.6214 	EXP 	fixation: autoDraw = False
184.6214 	EXP 	Target: image = 'images/LoseProbe.bmp'
184.6214 	EXP 	Target: autoDraw = True
184.8410 	DATA 	Keypress: 1
184.9379 	EXP 	Target: autoDraw = False
184.9379 	EXP 	Target: autoDraw = False
184.9379 	EXP 	feedbackMsg: text = 'Correct Response!\n\nYou did not lose $0.20!'
184.9379 	EXP 	feedbackMsg: autoDraw = True
186.5736 	EXP 	New trial (rep=0, index=28): OrderedDict([('Condition', 'Triangle'), ('FixationDur', 4000)])
186.5908 	EXP 	feedbackMsg: autoDraw = False
186.5908 	EXP 	feedbackMsg: autoDraw = False
186.5908 	EXP 	cueImage: image = 'images/Neutral.bmp'
186.5908 	EXP 	cueImage: autoDraw = True
188.6217 	EXP 	cueImage: autoDraw = False
188.6217 	EXP 	cueImage: autoDraw = False
188.6217 	EXP 	fixation: autoDraw = True
192.6222 	EXP 	fixation: autoDraw = False
192.6222 	EXP 	fixation: autoDraw = False
192.6222 	EXP 	Target: image = 'images/NeutralProbe.bmp'
192.6222 	EXP 	Target: autoDraw = True
192.8426 	DATA 	Keypress: 1
192.9387 	EXP 	Target: autoDraw = False
192.9387 	EXP 	Target: autoDraw = False
192.9387 	EXP 	feedbackMsg: text = 'Correct Response!\n\nYou did not win or lose anything!'
192.9387 	EXP 	feedbackMsg: autoDraw = True
194.5746 	EXP 	New trial (rep=0, index=29): OrderedDict([('Condition', 'LgPun'), ('FixationDur', 3500)])
194.5916 	EXP 	feedbackMsg: autoDraw = False
194.5916 	EXP 	feedbackMsg: autoDraw = False
194.5916 	EXP 	cueImage: image = 'images/LoseBig.bmp'
194.5916 	EXP 	cueImage: autoDraw = True
196.6230 	EXP 	cueImage: autoDraw = False
196.6230 	EXP 	cueImage: autoDraw = False
196.6230 	EXP 	fixation: autoDraw = True
200.1226 	EXP 	fixation: autoDraw = False
200.1226 	EXP 	fixation: autoDraw = False
200.1226 	EXP 	Target: image = 'images/LoseProbe.bmp'
200.1226 	EXP 	Target: autoDraw = True
200.3934 	DATA 	Keypress: 1
200.4401 	EXP 	Target: autoDraw = False
200.4401 	EXP 	Target: autoDraw = False
200.4401 	EXP 	feedbackMsg: text = 'Correct Response!\n\nYou did not lose $5.00!'
200.4401 	EXP 	feedbackMsg: autoDraw = True
202.0754 	EXP 	New trial (rep=0, index=30): OrderedDict([('Condition', 'Triangle'), ('FixationDur', 1500)])
202.0922 	EXP 	feedbackMsg: autoDraw = False
202.0922 	EXP 	feedbackMsg: autoDraw = False
202.0922 	EXP 	cueImage: image = 'images/Neutral.bmp'
202.0922 	EXP 	cueImage: autoDraw = True
204.1239 	EXP 	cueImage: autoDraw = False
204.1239 	EXP 	cueImage: autoDraw = False
204.1239 	EXP 	fixation: autoDraw = True
205.6248 	EXP 	fixation: autoDraw = False
205.6248 	EXP 	fixation: autoDraw = False
205.6248 	EXP 	Target: image = 'images/NeutralProbe.bmp'
205.6248 	EXP 	Target: autoDraw = True
205.8943 	DATA 	Keypress: 1
205.9403 	EXP 	Target: autoDraw = False
205.9403 	EXP 	Target: autoDraw = False
205.9403 	EXP 	feedbackMsg: text = 'Correct Response!\n\nYou did not win or lose anything!'
205.9403 	EXP 	feedbackMsg: autoDraw = True
207.5762 	EXP 	New trial (rep=0, index=31): OrderedDict([('Condition', 'LgReward'), ('FixationDur', 3000)])
207.6415 	EXP 	feedbackMsg: autoDraw = False
207.6415 	EXP 	feedbackMsg: autoDraw = False
207.6415 	EXP 	cueImage: image = 'images/WinBig.bmp'
207.6415 	EXP 	cueImage: autoDraw = True
209.6247 	EXP 	cueImage: autoDraw = False
209.6247 	EXP 	cueImage: autoDraw = False
209.6247 	EXP 	fixation: autoDraw = True
212.6412 	EXP 	fixation: autoDraw = False
212.6412 	EXP 	fixation: autoDraw = False
212.6412 	EXP 	Target: image = 'images/WinProbe.bmp'
212.6412 	EXP 	Target: autoDraw = True
212.8791 	DATA 	Keypress: 1
212.9410 	EXP 	Target: autoDraw = False
212.9410 	EXP 	Target: autoDraw = False
212.9410 	EXP 	feedbackMsg: text = 'Correct Response!\n\nYou won $5.00!'
212.9410 	EXP 	feedbackMsg: autoDraw = True
214.5770 	EXP 	New trial (rep=0, index=32): OrderedDict([('Condition', 'Triangle'), ('FixationDur', 2500)])
214.5941 	EXP 	feedbackMsg: autoDraw = False
214.5941 	EXP 	feedbackMsg: autoDraw = False
214.5941 	EXP 	cueImage: image = 'images/Neutral.bmp'
214.5941 	EXP 	cueImage: autoDraw = True
216.6252 	EXP 	cueImage: autoDraw = False
216.6252 	EXP 	cueImage: autoDraw = False
216.6252 	EXP 	fixation: autoDraw = True
219.1256 	EXP 	fixation: autoDraw = False
219.1256 	EXP 	fixation: autoDraw = False
219.1256 	EXP 	Target: image = 'images/NeutralProbe.bmp'
219.1256 	EXP 	Target: autoDraw = True
219.4092 	EXP 	Target: autoDraw = False
219.4092 	EXP 	Target: autoDraw = False
219.4092 	EXP 	feedbackMsg: text = 'You pressed too slow!\n\nYou did not win or lose anything!'
219.4092 	EXP 	feedbackMsg: autoDraw = True
219.5791 	DATA 	Keypress: 1
221.0781 	EXP 	New trial (rep=0, index=33): OrderedDict([('Condition', 'Triangle'), ('FixationDur', 2000)])
221.0951 	EXP 	feedbackMsg: autoDraw = False
221.0951 	EXP 	feedbackMsg: autoDraw = False
221.0951 	EXP 	cueImage: image = 'images/Neutral.bmp'
221.0951 	EXP 	cueImage: autoDraw = True
223.1267 	EXP 	cueImage: autoDraw = False
223.1267 	EXP 	cueImage: autoDraw = False
223.1267 	EXP 	fixation: autoDraw = True
225.1267 	EXP 	fixation: autoDraw = False
225.1267 	EXP 	fixation: autoDraw = False
225.1267 	EXP 	Target: image = 'images/NeutralProbe.bmp'
225.1267 	EXP 	Target: autoDraw = True
225.3812 	DATA 	Keypress: 1
225.3938 	EXP 	Target: autoDraw = False
225.3938 	EXP 	Target: autoDraw = False
225.3938 	EXP 	feedbackMsg: text = 'You pressed too slow!\n\nYou did not win or lose anything!'
225.3938 	EXP 	feedbackMsg: autoDraw = True
227.0787 	EXP 	New trial (rep=0, index=34): OrderedDict([('Condition', 'SmallReward'), ('FixationDur', 1500)])
227.1105 	EXP 	feedbackMsg: autoDraw = False
227.1105 	EXP 	feedbackMsg: autoDraw = False
227.1105 	EXP 	cueImage: image = 'images/WinSmall.bmp'
227.1105 	EXP 	cueImage: autoDraw = True
229.1278 	EXP 	cueImage: autoDraw = False
229.1278 	EXP 	cueImage: autoDraw = False
229.1278 	EXP 	fixation: autoDraw = True
230.6436 	EXP 	fixation: autoDraw = False
230.6436 	EXP 	fixation: autoDraw = False
230.6436 	EXP 	Target: image = 'images/WinProbe.bmp'
230.6436 	EXP 	Target: autoDraw = True
230.8922 	DATA 	Keypress: 1
230.9105 	EXP 	Target: autoDraw = False
230.9105 	EXP 	Target: autoDraw = False
230.9105 	EXP 	feedbackMsg: text = 'You pressed too slow!\n\nYou did not win $0.20!'
230.9105 	EXP 	feedbackMsg: autoDraw = True
232.5796 	EXP 	New trial (rep=0, index=35): OrderedDict([('Condition', 'LgPun'), ('FixationDur', 2000)])
232.5965 	EXP 	feedbackMsg: autoDraw = False
232.5965 	EXP 	feedbackMsg: autoDraw = False
232.5965 	EXP 	cueImage: image = 'images/LoseBig.bmp'
232.5965 	EXP 	cueImage: autoDraw = True
234.6284 	EXP 	cueImage: autoDraw = False
234.6284 	EXP 	cueImage: autoDraw = False
234.6284 	EXP 	fixation: autoDraw = True
236.6284 	EXP 	fixation: autoDraw = False
236.6284 	EXP 	fixation: autoDraw = False
236.6284 	EXP 	Target: image = 'images/LoseProbe.bmp'
236.6284 	EXP 	Target: autoDraw = True
236.8473 	DATA 	Keypress: 1
236.9110 	EXP 	Target: autoDraw = False
236.9110 	EXP 	Target: autoDraw = False
236.9110 	EXP 	feedbackMsg: text = 'Correct Response!\n\nYou did not lose $5.00!'
236.9110 	EXP 	feedbackMsg: autoDraw = True
238.5798 	EXP 	New trial (rep=0, index=36): OrderedDict([('Condition', 'SmallReward'), ('FixationDur', 3000)])
238.6118 	EXP 	feedbackMsg: autoDraw = False
238.6118 	EXP 	feedbackMsg: autoDraw = False
238.6118 	EXP 	cueImage: image = 'images/WinSmall.bmp'
238.6118 	EXP 	cueImage: autoDraw = True
240.6292 	EXP 	cueImage: autoDraw = False
240.6292 	EXP 	cueImage: autoDraw = False
240.6292 	EXP 	fixation: autoDraw = True
243.6464 	EXP 	fixation: autoDraw = False
243.6464 	EXP 	fixation: autoDraw = False
243.6464 	EXP 	Target: image = 'images/WinProbe.bmp'
243.6464 	EXP 	Target: autoDraw = True
243.8658 	DATA 	Keypress: 1
243.9122 	EXP 	Target: autoDraw = False
243.9122 	EXP 	Target: autoDraw = False
243.9122 	EXP 	feedbackMsg: text = 'Correct Response!\n\nYou won $0.20!'
243.9122 	EXP 	feedbackMsg: autoDraw = True
245.5814 	EXP 	New trial (rep=0, index=37): OrderedDict([('Condition', 'LgReward'), ('FixationDur', 3500)])
245.6142 	EXP 	feedbackMsg: autoDraw = False
245.6142 	EXP 	feedbackMsg: autoDraw = False
245.6142 	EXP 	cueImage: image = 'images/WinBig.bmp'
245.6142 	EXP 	cueImage: autoDraw = True
247.6298 	EXP 	cueImage: autoDraw = False
247.6298 	EXP 	cueImage: autoDraw = False
247.6298 	EXP 	fixation: autoDraw = True
251.1466 	EXP 	fixation: autoDraw = False
251.1466 	EXP 	fixation: autoDraw = False
251.1466 	EXP 	Target: image = 'images/WinProbe.bmp'
251.1466 	EXP 	Target: autoDraw = True
251.3617 	DATA 	Keypress: 1
251.3799 	EXP 	Target: autoDraw = False
251.3799 	EXP 	Target: autoDraw = False
251.3799 	EXP 	feedbackMsg: text = 'You pressed too slow!\n\nYou did not win $5.00!'
251.3799 	EXP 	feedbackMsg: autoDraw = True
253.0821 	EXP 	New trial (rep=0, index=38): OrderedDict([('Condition', 'SmallPun'), ('FixationDur', 2000)])
253.0990 	EXP 	feedbackMsg: autoDraw = False
253.0990 	EXP 	feedbackMsg: autoDraw = False
253.0990 	EXP 	cueImage: image = 'images/LoseSmall.bmp'
253.0990 	EXP 	cueImage: autoDraw = True
255.1308 	EXP 	cueImage: autoDraw = False
255.1308 	EXP 	cueImage: autoDraw = False
255.1308 	EXP 	fixation: autoDraw = True
257.1307 	EXP 	fixation: autoDraw = False
257.1307 	EXP 	fixation: autoDraw = False
257.1307 	EXP 	Target: image = 'images/LoseProbe.bmp'
257.1307 	EXP 	Target: autoDraw = True
257.3803 	EXP 	Target: autoDraw = False
257.3803 	EXP 	Target: autoDraw = False
257.3803 	EXP 	feedbackMsg: text = 'You pressed too slow!\n\nYou lost $0.20!'
257.3803 	EXP 	feedbackMsg: autoDraw = True
257.3835 	DATA 	Keypress: 1
259.0830 	EXP 	New trial (rep=0, index=39): OrderedDict([('Condition', 'SmallReward'), ('FixationDur', 4000)])
259.1147 	EXP 	feedbackMsg: autoDraw = False
259.1147 	EXP 	feedbackMsg: autoDraw = False
259.1147 	EXP 	cueImage: image = 'images/WinSmall.bmp'
259.1147 	EXP 	cueImage: autoDraw = True
261.1317 	EXP 	cueImage: autoDraw = False
261.1317 	EXP 	cueImage: autoDraw = False
261.1317 	EXP 	fixation: autoDraw = True
265.1349 	DATA 	Keypress: 1
265.1486 	EXP 	fixation: autoDraw = False
265.1486 	EXP 	fixation: autoDraw = False
265.1486 	EXP 	Target: image = 'images/WinProbe.bmp'
265.1486 	EXP 	Target: autoDraw = True
265.3818 	EXP 	Target: autoDraw = False
265.3818 	EXP 	Target: autoDraw = False
265.3818 	EXP 	feedbackMsg: text = 'Correct Response!\n\nYou won $0.20!'
265.3818 	EXP 	feedbackMsg: autoDraw = True
267.0841 	EXP 	New trial (rep=0, index=40): OrderedDict([('Condition', 'SmallPun'), ('FixationDur', 1500)])
267.1012 	EXP 	feedbackMsg: autoDraw = False
267.1012 	EXP 	feedbackMsg: autoDraw = False
267.1012 	EXP 	cueImage: image = 'images/LoseSmall.bmp'
267.1012 	EXP 	cueImage: autoDraw = True
269.1328 	EXP 	cueImage: autoDraw = False
269.1328 	EXP 	cueImage: autoDraw = False
269.1328 	EXP 	fixation: autoDraw = True
270.6330 	EXP 	fixation: autoDraw = False
270.6330 	EXP 	fixation: autoDraw = False
270.6330 	EXP 	Target: image = 'images/LoseProbe.bmp'
270.6330 	EXP 	Target: autoDraw = True
270.8998 	EXP 	Target: autoDraw = False
270.8998 	EXP 	Target: autoDraw = False
270.8998 	EXP 	feedbackMsg: text = 'You pressed too slow!\n\nYou lost $0.20!'
270.8998 	EXP 	feedbackMsg: autoDraw = True
272.5680 	EXP 	New trial (rep=0, index=41): OrderedDict([('Condition', 'SmallReward'), ('FixationDur', 2000)])
272.5995 	EXP 	feedbackMsg: autoDraw = False
272.5995 	EXP 	feedbackMsg: autoDraw = False
272.5995 	EXP 	cueImage: image = 'images/WinSmall.bmp'
272.5995 	EXP 	cueImage: autoDraw = True
274.6169 	EXP 	cueImage: autoDraw = False
274.6169 	EXP 	cueImage: autoDraw = False
274.6169 	EXP 	fixation: autoDraw = True
276.6338 	EXP 	fixation: autoDraw = False
276.6338 	EXP 	fixation: autoDraw = False
276.6338 	EXP 	Target: image = 'images/WinProbe.bmp'
276.6338 	EXP 	Target: autoDraw = True
276.8832 	EXP 	Target: autoDraw = False
276.8832 	EXP 	Target: autoDraw = False
276.8832 	EXP 	feedbackMsg: text = 'You pressed too slow!\n\nYou did not win $0.20!'
276.8832 	EXP 	feedbackMsg: autoDraw = True
276.9027 	DATA 	Keypress: 1
278.5522 	EXP 	New trial (rep=0, index=42): OrderedDict([('Condition', 'SmallReward'), ('FixationDur', 1500)])
278.5838 	EXP 	feedbackMsg: autoDraw = False
278.5838 	EXP 	feedbackMsg: autoDraw = False
278.5838 	EXP 	cueImage: image = 'images/WinSmall.bmp'
278.5838 	EXP 	cueImage: autoDraw = True
280.6011 	EXP 	cueImage: autoDraw = False
280.6011 	EXP 	cueImage: autoDraw = False
280.6011 	EXP 	fixation: autoDraw = True
282.1179 	EXP 	fixation: autoDraw = False
282.1179 	EXP 	fixation: autoDraw = False
282.1179 	EXP 	Target: image = 'images/WinProbe.bmp'
282.1179 	EXP 	Target: autoDraw = True
282.3511 	EXP 	Target: autoDraw = False
282.3511 	EXP 	Target: autoDraw = False
282.3511 	EXP 	feedbackMsg: text = 'You pressed too slow!\n\nYou did not win $0.20!'
282.3511 	EXP 	feedbackMsg: autoDraw = True
282.4537 	DATA 	Keypress: 1
284.0362 	EXP 	New trial (rep=0, index=43): OrderedDict([('Condition', 'SmallPun'), ('FixationDur', 1500)])
284.0532 	EXP 	feedbackMsg: autoDraw = False
284.0532 	EXP 	feedbackMsg: autoDraw = False
284.0532 	EXP 	cueImage: image = 'images/LoseSmall.bmp'
284.0532 	EXP 	cueImage: autoDraw = True
286.0849 	EXP 	cueImage: autoDraw = False
286.0849 	EXP 	cueImage: autoDraw = False
286.0849 	EXP 	fixation: autoDraw = True
287.5845 	EXP 	fixation: autoDraw = False
287.5845 	EXP 	fixation: autoDraw = False
287.5845 	EXP 	Target: image = 'images/LoseProbe.bmp'
287.5845 	EXP 	Target: autoDraw = True
287.8543 	DATA 	Keypress: 1
287.9018 	EXP 	Target: autoDraw = False
287.9018 	EXP 	Target: autoDraw = False
287.9018 	EXP 	feedbackMsg: text = 'Correct Response!\n\nYou did not lose $0.20!'
287.9018 	EXP 	feedbackMsg: autoDraw = True
289.5202 	EXP 	New trial (rep=0, index=44): OrderedDict([('Condition', 'SmallPun'), ('FixationDur', 1500)])
289.5370 	EXP 	feedbackMsg: autoDraw = False
289.5370 	EXP 	feedbackMsg: autoDraw = False
289.5370 	EXP 	cueImage: image = 'images/LoseSmall.bmp'
289.5370 	EXP 	cueImage: autoDraw = True
291.5682 	EXP 	cueImage: autoDraw = False
291.5682 	EXP 	cueImage: autoDraw = False
291.5682 	EXP 	fixation: autoDraw = True
293.0689 	EXP 	fixation: autoDraw = False
293.0689 	EXP 	fixation: autoDraw = False
293.0689 	EXP 	Target: image = 'images/LoseProbe.bmp'
293.0689 	EXP 	Target: autoDraw = True
293.3389 	DATA 	Keypress: 1
293.3694 	EXP 	Target: autoDraw = False
293.3694 	EXP 	Target: autoDraw = False
293.3694 	EXP 	feedbackMsg: text = 'Correct Response!\n\nYou did not lose $0.20!'
293.3694 	EXP 	feedbackMsg: autoDraw = True
295.0046 	EXP 	New trial (rep=0, index=45): OrderedDict([('Condition', 'LgReward'), ('FixationDur', 2000)])
295.0361 	EXP 	feedbackMsg: autoDraw = False
295.0361 	EXP 	feedbackMsg: autoDraw = False
295.0361 	EXP 	cueImage: image = 'images/WinBig.bmp'
295.0361 	EXP 	cueImage: autoDraw = True
297.0533 	EXP 	cueImage: autoDraw = False
297.0533 	EXP 	cueImage: autoDraw = False
297.0533 	EXP 	fixation: autoDraw = True
299.0701 	EXP 	fixation: autoDraw = False
299.0701 	EXP 	fixation: autoDraw = False
299.0701 	EXP 	Target: image = 'images/WinProbe.bmp'
299.0701 	EXP 	Target: autoDraw = True
299.3059 	DATA 	Keypress: 1
299.3693 	EXP 	Target: autoDraw = False
299.3693 	EXP 	Target: autoDraw = False
299.3693 	EXP 	feedbackMsg: text = 'Correct Response!\n\nYou won $5.00!'
299.3693 	EXP 	feedbackMsg: autoDraw = True
300.9872 	EXP 	New trial (rep=0, index=46): OrderedDict([('Condition', 'LgPun'), ('FixationDur', 4000)])
301.0033 	EXP 	feedbackMsg: autoDraw = False
301.0033 	EXP 	feedbackMsg: autoDraw = False
301.0033 	EXP 	cueImage: image = 'images/LoseBig.bmp'
301.0033 	EXP 	cueImage: autoDraw = True
303.0371 	EXP 	cueImage: autoDraw = False
303.0371 	EXP 	fixation: autoDraw = True
307.0378 	EXP 	fixation: autoDraw = False
307.0378 	EXP 	fixation: autoDraw = False
307.0378 	EXP 	Target: image = 'images/LoseProbe.bmp'
307.0378 	EXP 	Target: autoDraw = True
307.2740 	DATA 	Keypress: 1
307.3704 	EXP 	Target: autoDraw = False
307.3704 	EXP 	Target: autoDraw = False
307.3704 	EXP 	feedbackMsg: text = 'Correct Response!\n\nYou did not lose $5.00!'
307.3704 	EXP 	feedbackMsg: autoDraw = True
308.9731 	EXP 	New trial (rep=0, index=47): OrderedDict([('Condition', 'SmallPun'), ('FixationDur', 3000)])
308.9898 	EXP 	feedbackMsg: autoDraw = False
308.9898 	EXP 	feedbackMsg: autoDraw = False
308.9898 	EXP 	cueImage: image = 'images/LoseSmall.bmp'
308.9898 	EXP 	cueImage: autoDraw = True
311.0216 	EXP 	cueImage: autoDraw = False
311.0216 	EXP 	cueImage: autoDraw = False
311.0216 	EXP 	fixation: autoDraw = True
314.0217 	EXP 	fixation: autoDraw = False
314.0217 	EXP 	fixation: autoDraw = False
314.0217 	EXP 	Target: image = 'images/LoseProbe.bmp'
314.0217 	EXP 	Target: autoDraw = True
314.2910 	DATA 	Keypress: 1
314.3545 	EXP 	Target: autoDraw = False
314.3545 	EXP 	Target: autoDraw = False
314.3545 	EXP 	feedbackMsg: text = 'Correct Response!\n\nYou did not lose $0.20!'
314.3545 	EXP 	feedbackMsg: autoDraw = True
315.9572 	EXP 	New trial (rep=0, index=48): OrderedDict([('Condition', 'LgReward'), ('FixationDur', 2500)])
315.9918 	EXP 	feedbackMsg: autoDraw = False
315.9918 	EXP 	feedbackMsg: autoDraw = False
315.9918 	EXP 	cueImage: image = 'images/WinBig.bmp'
315.9918 	EXP 	cueImage: autoDraw = True
318.0059 	EXP 	cueImage: autoDraw = False
318.0059 	EXP 	cueImage: autoDraw = False
318.0059 	EXP 	fixation: autoDraw = True
320.5226 	EXP 	fixation: autoDraw = False
320.5226 	EXP 	fixation: autoDraw = False
320.5226 	EXP 	Target: image = 'images/WinProbe.bmp'
320.5226 	EXP 	Target: autoDraw = True
320.7917 	DATA 	Keypress: 1
320.8395 	EXP 	Target: autoDraw = False
320.8395 	EXP 	Target: autoDraw = False
320.8395 	EXP 	feedbackMsg: text = 'Correct Response!\n\nYou won $5.00!'
320.8395 	EXP 	feedbackMsg: autoDraw = True
322.4410 	EXP 	New trial (rep=0, index=49): OrderedDict([('Condition', 'SmallPun'), ('FixationDur', 3500)])
322.4579 	EXP 	feedbackMsg: autoDraw = False
322.4579 	EXP 	feedbackMsg: autoDraw = False
322.4579 	EXP 	cueImage: image = 'images/LoseSmall.bmp'
322.4579 	EXP 	cueImage: autoDraw = True
324.4902 	EXP 	cueImage: autoDraw = False
324.4902 	EXP 	cueImage: autoDraw = False
324.4902 	EXP 	fixation: autoDraw = True
327.9906 	EXP 	fixation: autoDraw = False
327.9906 	EXP 	fixation: autoDraw = False
327.9906 	EXP 	Target: image = 'images/LoseProbe.bmp'
327.9906 	EXP 	Target: autoDraw = True
328.2527 	DATA 	Keypress: 1
328.2736 	EXP 	Target: autoDraw = False
328.2736 	EXP 	Target: autoDraw = False
328.2736 	EXP 	feedbackMsg: text = 'You pressed too slow!\n\nYou lost $0.20!'
328.2736 	EXP 	feedbackMsg: autoDraw = True
329.9404 	EXP 	feedbackMsg: autoDraw = False
329.9404 	EXP 	feedbackMsg: autoDraw = False
329.9404 	EXP 	polygon: autoDraw = True
334.9584 	EXP 	polygon: autoDraw = False
334.9584 	EXP 	polygon: autoDraw = False
334.9584 	EXP 	text: text = 'All done!\n\nYou earned a total of: $24.80!'
334.9584 	EXP 	text: autoDraw = True
337.9751 	EXP 	text: autoDraw = False
337.9751 	EXP 	text: autoDraw = False
337.9751 	EXP 	polygon2: autoDraw = True
344.0624 	DATA 	Keypress: escape
344.4731 	EXP 	window1: mouseVisible = True
