12.2515 	EXP 	Created window1 = Window(allowGUI=False, allowStencil=False, args=UNKNOWN, autoLog=True, bitsMode=UNKNOWN, blendMode='avg', color=array([0., 0., 0.]), colorSpace='rgb', fullscr=<method-wrapper '__getattribute__' of attributeSetter object at 0x133d7bbe0>, gamma=None, kwargs=UNKNOWN, lms=UNKNOWN, monitor=<psychopy.monitors.calibTools.Monitor object at 0x134016e80>, multiSample=False, name='window1', numSamples=2, pos=[0.0, 0.0], screen=0, size=array([1920, 1080]), stereo=False, units='height', useFBO=True, useRetina=False, viewOri=0.0, viewPos=None, viewScale=None, waitBlanking=True, winType='pyglet')
12.2516 	EXP 	window1: recordFrameIntervals = False
12.4175 	EXP 	window1: recordFrameIntervals = True
12.6001 	EXP 	window1: recordFrameIntervals = False
12.6002 	EXP 	window1: recordFrameIntervals = False
12.7668 	EXP 	window1: recordFrameIntervals = True
12.9511 	EXP 	window1: recordFrameIntervals = False
13.4253 	EXP 	Created preinstruct_text = TextStim(__class__=<class 'psychopy.visual.text.TextStim'>, alignHoriz='center', alignVert='center', antialias=True, autoLog=True, bold=False, color='white', colorSpace='named', contrast=1.0, depth=0.0, flipHoriz=False, flipVert=False, font='Arial', fontFiles=[], height=0.05, italic=False, languageStyle='LTR', name='preinstruct_text', opacity=1.0, ori=0, pos=array([0., 0.]), rgb=array([255., 255., 255.]), text='Money Task - Scanner 1', units='height', win=Window(...), wrapWidth=1)
13.4699 	EXP 	Created instructFig = ImageStim(__class__=<class 'psychopy.visual.image.ImageStim'>, autoLog=True, color=array([1., 1., 1.]), colorSpace='rgb', contrast=1.0, depth=0.0, flipHoriz=False, flipVert=False, image='images/MID_instructions.bmp', interpolate=True, mask=None, maskParams=None, name='instructFig', opacity=1.0, ori=0.0, pos=array([0., 0.]), size=array([1.3, 1. ]), texRes=128, units='height', win=Window(...))
13.4716 	EXP 	Created PrepFixation = ShapeStim(__class__=<class 'psychopy.visual.shape.ShapeStim'>, autoDraw=False, autoLog=True, closeShape=True, contrast=1.0, depth=0.0, fillColor=array([1., 1., 1.]), fillColorSpace='rgb', interpolate=True, lineColor=array([1., 1., 1.]), lineColorSpace='rgb', lineWidth=1, name='PrepFixation', opacity=1.0, ori=array(0.), pos=array([0., 0.]), size=array([0.05, 0.05]), units='height', vertices=ndarray(...), win=Window(...), windingRule=None)
13.4732 	EXP 	Created cueImage = ImageStim(__class__=<class 'psychopy.visual.image.ImageStim'>, autoLog=True, color=array([1., 1., 1.]), colorSpace='rgb', contrast=1.0, depth=0.0, flipHoriz=False, flipVert=False, image='sin', interpolate=True, mask=None, maskParams=None, name='cueImage', opacity=1.0, ori=0.0, pos=array([0., 0.]), size=array([1.3, 1. ]), texRes=128, units='height', win=Window(...))
13.4747 	EXP 	Created fixation = ShapeStim(__class__=<class 'psychopy.visual.shape.ShapeStim'>, autoDraw=False, autoLog=True, closeShape=True, contrast=1.0, depth=-1.0, fillColor=array([1., 1., 1.]), fillColorSpace='rgb', interpolate=True, lineColor=array([1., 1., 1.]), lineColorSpace='rgb', lineWidth=1, name='fixation', opacity=1.0, ori=array(0.), pos=array([0., 0.]), size=array([0.05, 0.05]), units='height', vertices=ndarray(...), win=Window(...), windingRule=None)
13.4763 	EXP 	Created Target = ImageStim(__class__=<class 'psychopy.visual.image.ImageStim'>, autoLog=True, color=array([1., 1., 1.]), colorSpace='rgb', contrast=1.0, depth=-1.0, flipHoriz=False, flipVert=False, image='sin', interpolate=True, mask=None, maskParams=None, name='Target', opacity=1.0, ori=0.0, pos=array([0., 0.]), size=array([1.3, 1. ]), texRes=128, units='height', win=Window(...))
13.4856 	EXP 	Created feedbackMsg = TextStim(__class__=<class 'psychopy.visual.text.TextStim'>, alignHoriz='center', alignVert='center', antialias=True, autoLog=True, bold=False, color='white', colorSpace='named', contrast=1.0, depth=-2.0, flipHoriz=False, flipVert=False, font='Arial', fontFiles=[], height=0.05, italic=False, languageStyle='LTR', name='feedbackMsg', opacity=1.0, ori=0, pos=array([0., 0.]), rgb=array([255., 255., 255.]), text='default text', units='height', win=Window(...), wrapWidth=2)
13.4871 	EXP 	Created polygon = ShapeStim(__class__=<class 'psychopy.visual.shape.ShapeStim'>, autoDraw=False, autoLog=True, closeShape=True, contrast=1.0, depth=0.0, fillColor=array([1., 1., 1.]), fillColorSpace='rgb', interpolate=True, lineColor=array([1., 1., 1.]), lineColorSpace='rgb', lineWidth=1, name='polygon', opacity=1.0, ori=array(0.), pos=array([0., 0.]), size=array([0.05, 0.05]), units='height', vertices=ndarray(...), win=Window(...), windingRule=None)
13.4937 	EXP 	Created text = TextStim(__class__=<class 'psychopy.visual.text.TextStim'>, alignHoriz='center', alignVert='center', antialias=True, autoLog=True, bold=False, color='white', colorSpace='named', contrast=1.0, depth=-1.0, flipHoriz=False, flipVert=False, font='Arial', fontFiles=[], height=0.07, italic=False, languageStyle='LTR', name='text', opacity=1.0, ori=0, pos=array([0., 0.]), rgb=array([255., 255., 255.]), text='default text', units='height', win=Window(...), wrapWidth=1)
13.4951 	EXP 	Created polygon2 = ShapeStim(__class__=<class 'psychopy.visual.shape.ShapeStim'>, autoDraw=False, autoLog=True, closeShape=True, contrast=1.0, depth=0.0, fillColor=array([1., 1., 1.]), fillColorSpace='rgb', interpolate=True, lineColor=array([1., 1., 1.]), lineColorSpace='rgb', lineWidth=1, name='polygon2', opacity=1.0, ori=array(0.), pos=array([0., 0.]), size=array([0.05, 0.05]), units='height', vertices=ndarray(...), win=Window(...), windingRule=None)
13.5171 	EXP 	preinstruct_text: autoDraw = True
15.5499 	EXP 	preinstruct_text: autoDraw = False
15.5499 	EXP 	instructFig: autoDraw = True
34.7020 	DATA 	Keypress: 5
34.7189 	EXP 	instructFig: autoDraw = False
34.7189 	EXP 	PrepFixation: autoDraw = True
35.4554 	DATA 	Keypress: 5
36.2377 	DATA 	Keypress: 5
36.6983 	EXP 	Imported TimeVersion3.csv as conditions, 50 conditions, 2 params
36.6989 	EXP 	Created sequence: sequential, trialTypes=50, nReps=1, seed=None
36.6992 	EXP 	New trial (rep=0, index=0): OrderedDict([('Condition', 'LgReward'), ('FixationDur', 1500)])
36.7344 	EXP 	PrepFixation: autoDraw = False
36.7344 	EXP 	PrepFixation: autoDraw = False
36.7344 	EXP 	cueImage: image = 'images/WinBig.bmp'
36.7344 	EXP 	cueImage: autoDraw = True
37.0225 	DATA 	Keypress: 5
37.7894 	DATA 	Keypress: 5
38.5717 	DATA 	Keypress: 5
38.7521 	EXP 	cueImage: autoDraw = False
38.7521 	EXP 	fixation: autoDraw = True
39.3565 	DATA 	Keypress: 5
40.1399 	DATA 	Keypress: 5
40.3023 	EXP 	fixation: autoDraw = False
40.3023 	EXP 	fixation: autoDraw = False
40.3023 	EXP 	Target: image = 'images/WinProbe.bmp'
40.3023 	EXP 	Target: autoDraw = True
40.7085 	DATA 	Keypress: 1
40.7191 	EXP 	Target: autoDraw = False
40.7191 	EXP 	Target: autoDraw = False
40.7191 	EXP 	feedbackMsg: text = 'You pressed too slow!\n\nYou did not win $5.00!'
40.7191 	EXP 	feedbackMsg: autoDraw = True
40.9041 	DATA 	Keypress: 5
41.6896 	DATA 	Keypress: 5
42.3380 	EXP 	New trial (rep=0, index=1): OrderedDict([('Condition', 'Triangle'), ('FixationDur', 2500)])
42.3527 	EXP 	feedbackMsg: autoDraw = False
42.3527 	EXP 	feedbackMsg: autoDraw = False
42.3527 	EXP 	cueImage: image = 'images/Neutral.bmp'
42.3527 	EXP 	cueImage: autoDraw = True
42.4723 	DATA 	Keypress: 5
43.2379 	DATA 	Keypress: 5
44.0220 	DATA 	Keypress: 5
44.3863 	EXP 	cueImage: autoDraw = False
44.3863 	EXP 	cueImage: autoDraw = False
44.3863 	EXP 	fixation: autoDraw = True
44.8066 	DATA 	Keypress: 5
45.5719 	DATA 	Keypress: 5
46.3565 	DATA 	Keypress: 5
46.9188 	EXP 	fixation: autoDraw = False
46.9188 	EXP 	fixation: autoDraw = False
46.9188 	EXP 	Target: image = 'images/NeutralProbe.bmp'
46.9188 	EXP 	Target: autoDraw = True
47.1406 	DATA 	Keypress: 5
47.2237 	DATA 	Keypress: 1
47.3225 	EXP 	Target: autoDraw = False
47.3225 	EXP 	Target: autoDraw = False
47.3225 	EXP 	feedbackMsg: text = 'Correct Response!\n\nYou did not win or lose anything!'
47.3225 	EXP 	feedbackMsg: autoDraw = True
47.9057 	DATA 	Keypress: 5
48.6893 	DATA 	Keypress: 5
48.9547 	EXP 	New trial (rep=0, index=2): OrderedDict([('Condition', 'SmallPun'), ('FixationDur', 1500)])
48.9693 	EXP 	feedbackMsg: autoDraw = False
48.9693 	EXP 	feedbackMsg: autoDraw = False
48.9693 	EXP 	cueImage: image = 'images/LoseSmall.bmp'
48.9693 	EXP 	cueImage: autoDraw = True
49.4735 	DATA 	Keypress: 5
50.2388 	DATA 	Keypress: 5
51.0030 	EXP 	cueImage: autoDraw = False
51.0030 	EXP 	cueImage: autoDraw = False
51.0030 	EXP 	fixation: autoDraw = True
51.0233 	DATA 	Keypress: 5
51.8075 	DATA 	Keypress: 5
52.5365 	EXP 	fixation: autoDraw = False
52.5365 	EXP 	fixation: autoDraw = False
52.5365 	EXP 	Target: image = 'images/LoseProbe.bmp'
52.5365 	EXP 	Target: autoDraw = True
52.5731 	DATA 	Keypress: 5
52.8062 	DATA 	Keypress: 1
52.9362 	EXP 	Target: autoDraw = False
52.9362 	EXP 	Target: autoDraw = False
52.9362 	EXP 	feedbackMsg: text = 'Correct Response!\n\nYou did not lose $0.20!'
52.9362 	EXP 	feedbackMsg: autoDraw = True
53.3564 	DATA 	Keypress: 5
54.1411 	DATA 	Keypress: 5
54.5718 	EXP 	New trial (rep=0, index=3): OrderedDict([('Condition', 'LgPun'), ('FixationDur', 2500)])
54.5862 	EXP 	feedbackMsg: autoDraw = False
54.5862 	EXP 	feedbackMsg: autoDraw = False
54.5862 	EXP 	cueImage: image = 'images/LoseBig.bmp'
54.5862 	EXP 	cueImage: autoDraw = True
54.9063 	DATA 	Keypress: 5
55.6885 	DATA 	Keypress: 5
56.4742 	DATA 	Keypress: 5
56.6203 	EXP 	cueImage: autoDraw = False
56.6203 	EXP 	cueImage: autoDraw = False
56.6203 	EXP 	fixation: autoDraw = True
57.2403 	DATA 	Keypress: 5
58.0232 	DATA 	Keypress: 5
58.8082 	DATA 	Keypress: 5
59.1533 	EXP 	fixation: autoDraw = False
59.1533 	EXP 	fixation: autoDraw = False
59.1533 	EXP 	Target: image = 'images/LoseProbe.bmp'
59.1533 	EXP 	Target: autoDraw = True
59.4249 	DATA 	Keypress: 1
59.5584 	EXP 	Target: autoDraw = False
59.5584 	EXP 	Target: autoDraw = False
59.5584 	EXP 	feedbackMsg: text = 'Correct Response!\n\nYou did not lose $5.00!'
59.5584 	EXP 	feedbackMsg: autoDraw = True
59.5905 	DATA 	Keypress: 5
60.3570 	DATA 	Keypress: 5
61.1413 	DATA 	Keypress: 5
61.1890 	EXP 	New trial (rep=0, index=4): OrderedDict([('Condition', 'Triangle'), ('FixationDur', 1500)])
61.2037 	EXP 	feedbackMsg: autoDraw = False
61.2037 	EXP 	feedbackMsg: autoDraw = False
61.2037 	EXP 	cueImage: image = 'images/Neutral.bmp'
61.2037 	EXP 	cueImage: autoDraw = True
61.9240 	DATA 	Keypress: 5
62.6888 	DATA 	Keypress: 5
63.2373 	EXP 	cueImage: autoDraw = False
63.2373 	EXP 	cueImage: autoDraw = False
63.2373 	EXP 	fixation: autoDraw = True
63.4755 	DATA 	Keypress: 5
64.2580 	DATA 	Keypress: 5
64.7699 	EXP 	fixation: autoDraw = False
64.7699 	EXP 	fixation: autoDraw = False
64.7699 	EXP 	Target: image = 'images/NeutralProbe.bmp'
64.7699 	EXP 	Target: autoDraw = True
65.0230 	DATA 	Keypress: 5
65.0887 	DATA 	Keypress: 1
65.1583 	EXP 	Target: autoDraw = False
65.1583 	EXP 	Target: autoDraw = False
65.1583 	EXP 	feedbackMsg: text = 'Correct Response!\n\nYou did not win or lose anything!'
65.1583 	EXP 	feedbackMsg: autoDraw = True
65.8085 	DATA 	Keypress: 5
66.5926 	DATA 	Keypress: 5
66.8061 	EXP 	New trial (rep=0, index=5): OrderedDict([('Condition', 'SmallReward'), ('FixationDur', 2000)])
66.8378 	EXP 	feedbackMsg: autoDraw = False
66.8378 	EXP 	feedbackMsg: autoDraw = False
66.8378 	EXP 	cueImage: image = 'images/WinSmall.bmp'
66.8378 	EXP 	cueImage: autoDraw = True
67.3565 	DATA 	Keypress: 5
68.1414 	DATA 	Keypress: 5
68.8709 	EXP 	cueImage: autoDraw = False
68.8709 	EXP 	fixation: autoDraw = True
68.9251 	DATA 	Keypress: 5
69.6910 	DATA 	Keypress: 5
70.4744 	DATA 	Keypress: 5
70.9207 	EXP 	fixation: autoDraw = False
70.9207 	EXP 	fixation: autoDraw = False
70.9207 	EXP 	Target: image = 'images/WinProbe.bmp'
70.9207 	EXP 	Target: autoDraw = True
71.2076 	DATA 	Keypress: 1
71.2829 	DATA 	Keypress: 5
71.2875 	EXP 	Target: autoDraw = False
71.2875 	EXP 	Target: autoDraw = False
71.2875 	EXP 	feedbackMsg: text = 'Correct Response!\n\nYou won $0.20!'
71.2875 	EXP 	feedbackMsg: autoDraw = True
72.0242 	DATA 	Keypress: 5
72.8089 	DATA 	Keypress: 5
72.9394 	EXP 	New trial (rep=0, index=6): OrderedDict([('Condition', 'SmallPun'), ('FixationDur', 3500)])
72.9545 	EXP 	feedbackMsg: autoDraw = False
72.9545 	EXP 	feedbackMsg: autoDraw = False
72.9545 	EXP 	cueImage: image = 'images/LoseSmall.bmp'
72.9545 	EXP 	cueImage: autoDraw = True
73.5907 	DATA 	Keypress: 5
74.3565 	DATA 	Keypress: 5
74.9880 	EXP 	cueImage: autoDraw = False
74.9880 	EXP 	cueImage: autoDraw = False
74.9880 	EXP 	fixation: autoDraw = True
75.1408 	DATA 	Keypress: 5
75.9263 	DATA 	Keypress: 5
76.6917 	DATA 	Keypress: 5
77.4739 	DATA 	Keypress: 5
78.2587 	DATA 	Keypress: 5
78.5208 	EXP 	fixation: autoDraw = False
78.5208 	EXP 	fixation: autoDraw = False
78.5208 	EXP 	Target: image = 'images/LoseProbe.bmp'
78.5208 	EXP 	Target: autoDraw = True
78.8070 	DATA 	Keypress: 1
78.9048 	EXP 	Target: autoDraw = False
78.9048 	EXP 	Target: autoDraw = False
78.9048 	EXP 	feedbackMsg: text = 'Correct Response!\n\nYou did not lose $0.20!'
78.9048 	EXP 	feedbackMsg: autoDraw = True
79.0416 	DATA 	Keypress: 5
79.8086 	DATA 	Keypress: 5
80.5571 	EXP 	New trial (rep=0, index=7): OrderedDict([('Condition', 'Triangle'), ('FixationDur', 1500)])
80.5712 	EXP 	feedbackMsg: autoDraw = False
80.5712 	EXP 	feedbackMsg: autoDraw = False
80.5712 	EXP 	cueImage: image = 'images/Neutral.bmp'
80.5712 	EXP 	cueImage: autoDraw = True
80.5919 	DATA 	Keypress: 5
81.3756 	DATA 	Keypress: 5
82.1402 	DATA 	Keypress: 5
82.6050 	EXP 	cueImage: autoDraw = False
82.6050 	EXP 	cueImage: autoDraw = False
82.6050 	EXP 	fixation: autoDraw = True
82.9253 	DATA 	Keypress: 5
83.7089 	DATA 	Keypress: 5
84.1387 	EXP 	fixation: autoDraw = False
84.1387 	EXP 	fixation: autoDraw = False
84.1387 	EXP 	Target: image = 'images/NeutralProbe.bmp'
84.1387 	EXP 	Target: autoDraw = True
84.5207 	DATA 	Keypress: 5
84.5273 	EXP 	Target: autoDraw = False
84.5273 	EXP 	Target: autoDraw = False
84.5273 	EXP 	feedbackMsg: text = 'You pressed too slow!\n\nYou did not win or lose anything!'
84.5273 	EXP 	feedbackMsg: autoDraw = True
84.5916 	DATA 	Keypress: 1
85.2598 	DATA 	Keypress: 5
86.0429 	DATA 	Keypress: 5
86.1740 	EXP 	New trial (rep=0, index=8): OrderedDict([('Condition', 'SmallReward'), ('FixationDur', 1500)])
86.2052 	EXP 	feedbackMsg: autoDraw = False
86.2052 	EXP 	feedbackMsg: autoDraw = False
86.2052 	EXP 	cueImage: image = 'images/WinSmall.bmp'
86.2052 	EXP 	cueImage: autoDraw = True
86.8074 	DATA 	Keypress: 5
87.5909 	DATA 	Keypress: 5
88.2392 	EXP 	cueImage: autoDraw = False
88.2392 	EXP 	fixation: autoDraw = True
88.3770 	DATA 	Keypress: 5
89.1421 	DATA 	Keypress: 5
89.7793 	EXP 	fixation: autoDraw = False
89.7793 	EXP 	fixation: autoDraw = False
89.7793 	EXP 	Target: image = 'images/WinProbe.bmp'
89.7793 	EXP 	Target: autoDraw = True
89.9259 	DATA 	Keypress: 5
90.0425 	DATA 	Keypress: 1
90.1557 	EXP 	Target: autoDraw = False
90.1557 	EXP 	Target: autoDraw = False
90.1557 	EXP 	feedbackMsg: text = 'Correct Response!\n\nYou won $0.20!'
90.1557 	EXP 	feedbackMsg: autoDraw = True
90.7096 	DATA 	Keypress: 5
91.4762 	DATA 	Keypress: 5
91.8079 	EXP 	New trial (rep=0, index=9): OrderedDict([('Condition', 'LgReward'), ('FixationDur', 2000)])
91.8386 	EXP 	feedbackMsg: autoDraw = False
91.8386 	EXP 	feedbackMsg: autoDraw = False
91.8386 	EXP 	cueImage: image = 'images/WinBig.bmp'
91.8386 	EXP 	cueImage: autoDraw = True
92.2577 	DATA 	Keypress: 5
93.0430 	DATA 	Keypress: 5
93.8084 	DATA 	Keypress: 5
93.8617 	EXP 	cueImage: autoDraw = False
93.8617 	EXP 	fixation: autoDraw = True
94.5915 	DATA 	Keypress: 5
95.0743 	DATA 	Keypress: 1
95.3769 	DATA 	Keypress: 5
95.9226 	EXP 	fixation: autoDraw = False
95.9226 	EXP 	fixation: autoDraw = False
95.9226 	EXP 	Target: image = 'images/WinProbe.bmp'
95.9226 	EXP 	Target: autoDraw = True
96.1421 	DATA 	Keypress: 5
96.1933 	DATA 	Keypress: 1
96.2627 	EXP 	Target: autoDraw = False
96.2627 	EXP 	Target: autoDraw = False
96.2627 	EXP 	feedbackMsg: text = 'You pressed too soon!\n\nYou won $5.00!'
96.2627 	EXP 	feedbackMsg: autoDraw = True
96.9258 	DATA 	Keypress: 5
97.7099 	DATA 	Keypress: 5
97.9412 	EXP 	New trial (rep=0, index=10): OrderedDict([('Condition', 'Triangle'), ('FixationDur', 2000)])
97.9564 	EXP 	feedbackMsg: autoDraw = False
97.9564 	EXP 	feedbackMsg: autoDraw = False
97.9564 	EXP 	cueImage: image = 'images/Neutral.bmp'
97.9564 	EXP 	cueImage: autoDraw = True
98.4755 	DATA 	Keypress: 5
99.2586 	DATA 	Keypress: 5
99.9900 	EXP 	cueImage: autoDraw = False
99.9900 	EXP 	cueImage: autoDraw = False
99.9900 	EXP 	fixation: autoDraw = True
100.0439 	DATA 	Keypress: 5
100.8261 	DATA 	Keypress: 5
101.5931 	DATA 	Keypress: 5
102.0224 	EXP 	fixation: autoDraw = False
102.0224 	EXP 	fixation: autoDraw = False
102.0224 	EXP 	Target: image = 'images/NeutralProbe.bmp'
102.0224 	EXP 	Target: autoDraw = True
102.3687 	DATA 	Keypress: 1
102.3704 	DATA 	Keypress: 5
102.3793 	EXP 	Target: autoDraw = False
102.3793 	EXP 	Target: autoDraw = False
102.3793 	EXP 	feedbackMsg: text = 'You pressed too slow!\n\nYou did not win or lose anything!'
102.3793 	EXP 	feedbackMsg: autoDraw = True
103.1611 	DATA 	Keypress: 5
103.9251 	DATA 	Keypress: 5
104.0582 	EXP 	New trial (rep=0, index=11): OrderedDict([('Condition', 'SmallReward'), ('FixationDur', 1500)])
104.0895 	EXP 	feedbackMsg: autoDraw = False
104.0895 	EXP 	feedbackMsg: autoDraw = False
104.0895 	EXP 	cueImage: image = 'images/WinSmall.bmp'
104.0895 	EXP 	cueImage: autoDraw = True
104.7080 	DATA 	Keypress: 5
105.4935 	DATA 	Keypress: 5
106.1133 	EXP 	cueImage: autoDraw = False
106.1133 	EXP 	fixation: autoDraw = True
106.2590 	DATA 	Keypress: 5
107.0446 	DATA 	Keypress: 5
107.6728 	EXP 	fixation: autoDraw = False
107.6728 	EXP 	fixation: autoDraw = False
107.6728 	EXP 	Target: image = 'images/WinProbe.bmp'
107.6728 	EXP 	Target: autoDraw = True
107.8277 	DATA 	Keypress: 5
107.9110 	DATA 	Keypress: 1
108.0230 	EXP 	Target: autoDraw = False
108.0230 	EXP 	Target: autoDraw = False
108.0230 	EXP 	feedbackMsg: text = 'Correct Response!\n\nYou won $0.20!'
108.0230 	EXP 	feedbackMsg: autoDraw = True
108.5934 	DATA 	Keypress: 5
109.3775 	DATA 	Keypress: 5
109.7087 	EXP 	New trial (rep=0, index=12): OrderedDict([('Condition', 'SmallPun'), ('FixationDur', 4000)])
109.7233 	EXP 	feedbackMsg: autoDraw = False
109.7233 	EXP 	feedbackMsg: autoDraw = False
109.7233 	EXP 	cueImage: image = 'images/LoseSmall.bmp'
109.7233 	EXP 	cueImage: autoDraw = True
110.1592 	DATA 	Keypress: 5
110.9264 	DATA 	Keypress: 5
111.7425 	DATA 	Keypress: 5
111.7471 	EXP 	cueImage: autoDraw = False
111.7471 	EXP 	cueImage: autoDraw = False
111.7471 	EXP 	fixation: autoDraw = True
112.4948 	DATA 	Keypress: 5
113.2606 	DATA 	Keypress: 5
114.0441 	DATA 	Keypress: 5
114.8258 	DATA 	Keypress: 5
115.5943 	DATA 	Keypress: 5
115.7903 	EXP 	fixation: autoDraw = False
115.7903 	EXP 	fixation: autoDraw = False
115.7903 	EXP 	Target: image = 'images/LoseProbe.bmp'
115.7903 	EXP 	Target: autoDraw = True
116.1407 	EXP 	Target: autoDraw = False
116.1407 	EXP 	Target: autoDraw = False
116.1407 	EXP 	feedbackMsg: text = 'You pressed too slow!\n\nYou lost $0.20!'
116.1407 	EXP 	feedbackMsg: autoDraw = True
116.1598 	DATA 	Keypress: 1
116.3774 	DATA 	Keypress: 5
117.1614 	DATA 	Keypress: 5
117.8248 	EXP 	New trial (rep=0, index=13): OrderedDict([('Condition', 'Triangle'), ('FixationDur', 1500)])
117.8411 	EXP 	feedbackMsg: autoDraw = False
117.8411 	EXP 	feedbackMsg: autoDraw = False
117.8411 	EXP 	cueImage: image = 'images/Neutral.bmp'
117.8411 	EXP 	cueImage: autoDraw = True
117.9268 	DATA 	Keypress: 5
118.7098 	DATA 	Keypress: 5
119.4948 	DATA 	Keypress: 5
119.8655 	EXP 	cueImage: autoDraw = False
119.8655 	EXP 	cueImage: autoDraw = False
119.8655 	EXP 	fixation: autoDraw = True
120.2610 	DATA 	Keypress: 5
121.0435 	DATA 	Keypress: 5
121.4077 	EXP 	fixation: autoDraw = False
121.4077 	EXP 	fixation: autoDraw = False
121.4077 	EXP 	Target: image = 'images/NeutralProbe.bmp'
121.4077 	EXP 	Target: autoDraw = True
121.7326 	EXP 	Target: autoDraw = False
121.7326 	EXP 	Target: autoDraw = False
121.7326 	EXP 	feedbackMsg: text = 'You pressed too slow!\n\nYou did not win or lose anything!'
121.7326 	EXP 	feedbackMsg: autoDraw = True
121.7625 	DATA 	Keypress: 1
121.8279 	DATA 	Keypress: 5
122.6105 	DATA 	Keypress: 5
123.3771 	DATA 	Keypress: 5
123.4430 	EXP 	New trial (rep=0, index=14): OrderedDict([('Condition', 'LgPun'), ('FixationDur', 1500)])
123.4579 	EXP 	feedbackMsg: autoDraw = False
123.4579 	EXP 	feedbackMsg: autoDraw = False
123.4579 	EXP 	cueImage: image = 'images/LoseBig.bmp'
123.4579 	EXP 	cueImage: autoDraw = True
124.1607 	DATA 	Keypress: 5
124.9425 	DATA 	Keypress: 5
125.4829 	EXP 	cueImage: autoDraw = False
125.4829 	EXP 	cueImage: autoDraw = False
125.4829 	EXP 	fixation: autoDraw = True
125.7108 	DATA 	Keypress: 5
126.4957 	DATA 	Keypress: 5
127.0245 	EXP 	fixation: autoDraw = False
127.0245 	EXP 	fixation: autoDraw = False
127.0245 	EXP 	Target: image = 'images/LoseProbe.bmp'
127.0245 	EXP 	Target: autoDraw = True
127.2788 	DATA 	Keypress: 5
127.3385 	DATA 	Keypress: 1
127.3500 	EXP 	Target: autoDraw = False
127.3500 	EXP 	Target: autoDraw = False
127.3500 	EXP 	feedbackMsg: text = 'You pressed too slow!\n\nYou lost $5.00!'
127.3500 	EXP 	feedbackMsg: autoDraw = True
128.0441 	DATA 	Keypress: 5
128.8277 	DATA 	Keypress: 5
129.0603 	EXP 	New trial (rep=0, index=15): OrderedDict([('Condition', 'SmallReward'), ('FixationDur', 3500)])
129.0850 	EXP 	feedbackMsg: autoDraw = False
129.0850 	EXP 	feedbackMsg: autoDraw = False
129.0850 	EXP 	cueImage: image = 'images/WinSmall.bmp'
129.0850 	EXP 	cueImage: autoDraw = True
129.6120 	DATA 	Keypress: 5
130.3773 	DATA 	Keypress: 5
131.1171 	EXP 	cueImage: autoDraw = False
131.1171 	EXP 	fixation: autoDraw = True
131.1622 	DATA 	Keypress: 5
131.9465 	DATA 	Keypress: 5
132.7117 	DATA 	Keypress: 5
133.4948 	DATA 	Keypress: 5
134.2801 	DATA 	Keypress: 5
134.6676 	EXP 	fixation: autoDraw = False
134.6676 	EXP 	fixation: autoDraw = False
134.6676 	EXP 	Target: image = 'images/WinProbe.bmp'
134.6676 	EXP 	Target: autoDraw = True
134.9925 	DATA 	Keypress: 1
135.0008 	EXP 	Target: autoDraw = False
135.0008 	EXP 	Target: autoDraw = False
135.0008 	EXP 	feedbackMsg: text = 'You pressed too slow!\n\nYou did not win $0.20!'
135.0008 	EXP 	feedbackMsg: autoDraw = True
135.0448 	DATA 	Keypress: 5
135.8295 	DATA 	Keypress: 5
136.6123 	DATA 	Keypress: 5
136.7106 	EXP 	New trial (rep=0, index=16): OrderedDict([('Condition', 'LgPun'), ('FixationDur', 3000)])
136.7252 	EXP 	feedbackMsg: autoDraw = False
136.7252 	EXP 	feedbackMsg: autoDraw = False
136.7252 	EXP 	cueImage: image = 'images/LoseBig.bmp'
136.7252 	EXP 	cueImage: autoDraw = True
137.3779 	DATA 	Keypress: 5
138.1605 	DATA 	Keypress: 5
138.7510 	EXP 	cueImage: autoDraw = False
138.7510 	EXP 	cueImage: autoDraw = False
138.7510 	EXP 	fixation: autoDraw = True
138.9467 	DATA 	Keypress: 5
139.7122 	DATA 	Keypress: 5
140.4953 	DATA 	Keypress: 5
141.2800 	DATA 	Keypress: 5
141.7925 	EXP 	fixation: autoDraw = False
141.7925 	EXP 	fixation: autoDraw = False
141.7925 	EXP 	Target: image = 'images/LoseProbe.bmp'
141.7925 	EXP 	Target: autoDraw = True
142.0453 	DATA 	Keypress: 1
142.0476 	DATA 	Keypress: 5
142.1085 	EXP 	Target: autoDraw = False
142.1085 	EXP 	Target: autoDraw = False
142.1085 	EXP 	feedbackMsg: text = 'Correct Response!\n\nYou did not lose $5.00!'
142.1085 	EXP 	feedbackMsg: autoDraw = True
142.8291 	DATA 	Keypress: 5
143.6134 	DATA 	Keypress: 5
143.8107 	EXP 	New trial (rep=0, index=17): OrderedDict([('Condition', 'Triangle'), ('FixationDur', 1500)])
143.8260 	EXP 	feedbackMsg: autoDraw = False
143.8260 	EXP 	feedbackMsg: autoDraw = False
143.8260 	EXP 	cueImage: image = 'images/Neutral.bmp'
143.8260 	EXP 	cueImage: autoDraw = True
144.3952 	DATA 	Keypress: 5
145.1616 	DATA 	Keypress: 5
145.8521 	EXP 	cueImage: autoDraw = False
145.8521 	EXP 	cueImage: autoDraw = False
145.8521 	EXP 	fixation: autoDraw = True
145.9469 	DATA 	Keypress: 5
146.7303 	DATA 	Keypress: 5
147.3869 	EXP 	fixation: autoDraw = False
147.3869 	EXP 	fixation: autoDraw = False
147.3869 	EXP 	Target: image = 'images/NeutralProbe.bmp'
147.3869 	EXP 	Target: autoDraw = True
147.4962 	DATA 	Keypress: 5
147.6633 	DATA 	Keypress: 1
147.7361 	EXP 	Target: autoDraw = False
147.7361 	EXP 	Target: autoDraw = False
147.7361 	EXP 	feedbackMsg: text = 'Correct Response!\n\nYou did not win or lose anything!'
147.7361 	EXP 	feedbackMsg: autoDraw = True
148.2805 	DATA 	Keypress: 5
149.0636 	DATA 	Keypress: 5
149.4112 	EXP 	New trial (rep=0, index=18): OrderedDict([('Condition', 'LgReward'), ('FixationDur', 3500)])
149.4357 	EXP 	feedbackMsg: autoDraw = False
149.4357 	EXP 	feedbackMsg: autoDraw = False
149.4357 	EXP 	cueImage: image = 'images/WinBig.bmp'
149.4357 	EXP 	cueImage: autoDraw = True
149.8278 	DATA 	Keypress: 5
150.6124 	DATA 	Keypress: 5
151.3969 	DATA 	Keypress: 5
151.4694 	EXP 	cueImage: autoDraw = False
151.4694 	EXP 	fixation: autoDraw = True
152.1626 	DATA 	Keypress: 5
152.9463 	DATA 	Keypress: 5
153.7310 	DATA 	Keypress: 5
154.4965 	DATA 	Keypress: 5
155.0201 	EXP 	fixation: autoDraw = False
155.0201 	EXP 	fixation: autoDraw = False
155.0201 	EXP 	Target: image = 'images/WinProbe.bmp'
155.0201 	EXP 	Target: autoDraw = True
155.2794 	DATA 	Keypress: 1
155.2817 	DATA 	Keypress: 5
155.3592 	EXP 	Target: autoDraw = False
155.3592 	EXP 	Target: autoDraw = False
155.3592 	EXP 	feedbackMsg: text = 'Correct Response!\n\nYou won $5.00!'
155.3592 	EXP 	feedbackMsg: autoDraw = True
156.0643 	DATA 	Keypress: 5
156.8297 	DATA 	Keypress: 5
157.0451 	EXP 	New trial (rep=0, index=19): OrderedDict([('Condition', 'LgPun'), ('FixationDur', 1500)])
157.0599 	EXP 	feedbackMsg: autoDraw = False
157.0599 	EXP 	feedbackMsg: autoDraw = False
157.0599 	EXP 	cueImage: image = 'images/LoseBig.bmp'
157.0599 	EXP 	cueImage: autoDraw = True
157.6127 	DATA 	Keypress: 5
158.3973 	DATA 	Keypress: 5
159.0875 	EXP 	cueImage: autoDraw = False
159.0875 	EXP 	cueImage: autoDraw = False
159.0875 	EXP 	fixation: autoDraw = True
159.1632 	DATA 	Keypress: 5
159.9465 	DATA 	Keypress: 5
160.6208 	EXP 	fixation: autoDraw = False
160.6208 	EXP 	fixation: autoDraw = False
160.6208 	EXP 	Target: image = 'images/LoseProbe.bmp'
160.6208 	EXP 	Target: autoDraw = True
160.7315 	DATA 	Keypress: 5
160.8626 	DATA 	Keypress: 1
160.9595 	EXP 	Target: autoDraw = False
160.9595 	EXP 	Target: autoDraw = False
160.9595 	EXP 	feedbackMsg: text = 'Correct Response!\n\nYou did not lose $5.00!'
160.9595 	EXP 	feedbackMsg: autoDraw = True
161.4971 	DATA 	Keypress: 5
162.2802 	DATA 	Keypress: 5
162.6453 	EXP 	New trial (rep=0, index=20): OrderedDict([('Condition', 'SmallReward'), ('FixationDur', 1500)])
162.6714 	EXP 	feedbackMsg: autoDraw = False
162.6714 	EXP 	feedbackMsg: autoDraw = False
162.6714 	EXP 	cueImage: image = 'images/WinSmall.bmp'
162.6714 	EXP 	cueImage: autoDraw = True
163.0630 	DATA 	Keypress: 5
163.8477 	DATA 	Keypress: 5
164.6125 	DATA 	Keypress: 5
164.7048 	EXP 	cueImage: autoDraw = False
164.7048 	EXP 	fixation: autoDraw = True
165.3985 	DATA 	Keypress: 5
166.1819 	DATA 	Keypress: 5
166.2550 	EXP 	fixation: autoDraw = False
166.2550 	EXP 	fixation: autoDraw = False
166.2550 	EXP 	Target: image = 'images/WinProbe.bmp'
166.2550 	EXP 	Target: autoDraw = True
166.5297 	DATA 	Keypress: 1
166.5936 	EXP 	Target: autoDraw = False
166.5936 	EXP 	Target: autoDraw = False
166.5936 	EXP 	feedbackMsg: text = 'Correct Response!\n\nYou won $0.20!'
166.5936 	EXP 	feedbackMsg: autoDraw = True
166.9466 	DATA 	Keypress: 5
167.7318 	DATA 	Keypress: 5
168.2791 	EXP 	New trial (rep=0, index=21): OrderedDict([('Condition', 'SmallReward'), ('FixationDur', 2000)])
168.3050 	EXP 	feedbackMsg: autoDraw = False
168.3050 	EXP 	feedbackMsg: autoDraw = False
168.3050 	EXP 	cueImage: image = 'images/WinSmall.bmp'
168.3050 	EXP 	cueImage: autoDraw = True
168.5146 	DATA 	Keypress: 5
169.2790 	DATA 	Keypress: 5
170.0639 	DATA 	Keypress: 5
170.3384 	EXP 	cueImage: autoDraw = False
170.3384 	EXP 	fixation: autoDraw = True
170.8488 	DATA 	Keypress: 5
171.6135 	DATA 	Keypress: 5
172.3877 	EXP 	fixation: autoDraw = False
172.3877 	EXP 	fixation: autoDraw = False
172.3877 	EXP 	Target: image = 'images/WinProbe.bmp'
172.3877 	EXP 	Target: autoDraw = True
172.3908 	DATA 	Keypress: 5
172.6152 	DATA 	Keypress: 1
172.7050 	EXP 	Target: autoDraw = False
172.7050 	EXP 	Target: autoDraw = False
172.7050 	EXP 	feedbackMsg: text = 'Correct Response!\n\nYou won $0.20!'
172.7050 	EXP 	feedbackMsg: autoDraw = True
173.1820 	DATA 	Keypress: 5
173.9462 	DATA 	Keypress: 5
174.4116 	EXP 	New trial (rep=0, index=22): OrderedDict([('Condition', 'LgPun'), ('FixationDur', 2000)])
174.4281 	EXP 	feedbackMsg: autoDraw = False
174.4281 	EXP 	feedbackMsg: autoDraw = False
174.4281 	EXP 	cueImage: image = 'images/LoseBig.bmp'
174.4281 	EXP 	cueImage: autoDraw = True
174.7305 	DATA 	Keypress: 5
175.5133 	DATA 	Keypress: 5
176.2805 	DATA 	Keypress: 5
176.4568 	EXP 	cueImage: autoDraw = False
176.4568 	EXP 	cueImage: autoDraw = False
176.4568 	EXP 	fixation: autoDraw = True
177.0645 	DATA 	Keypress: 5
177.8492 	DATA 	Keypress: 5
178.4898 	EXP 	fixation: autoDraw = False
178.4898 	EXP 	fixation: autoDraw = False
178.4898 	EXP 	Target: image = 'images/LoseProbe.bmp'
178.4898 	EXP 	Target: autoDraw = True
178.6142 	DATA 	Keypress: 5
178.7134 	DATA 	Keypress: 1
178.8111 	EXP 	Target: autoDraw = False
178.8111 	EXP 	Target: autoDraw = False
178.8111 	EXP 	feedbackMsg: text = 'Correct Response!\n\nYou did not lose $5.00!'
178.8111 	EXP 	feedbackMsg: autoDraw = True
179.3980 	DATA 	Keypress: 5
180.1809 	DATA 	Keypress: 5
180.5130 	EXP 	New trial (rep=0, index=23): OrderedDict([('Condition', 'SmallPun'), ('FixationDur', 1500)])
180.5284 	EXP 	feedbackMsg: autoDraw = False
180.5284 	EXP 	feedbackMsg: autoDraw = False
180.5284 	EXP 	cueImage: image = 'images/LoseSmall.bmp'
180.5284 	EXP 	cueImage: autoDraw = True
180.9475 	DATA 	Keypress: 5
181.7304 	DATA 	Keypress: 5
182.5483 	DATA 	Keypress: 5
182.5565 	EXP 	cueImage: autoDraw = False
182.5565 	EXP 	cueImage: autoDraw = False
182.5565 	EXP 	fixation: autoDraw = True
183.2818 	DATA 	Keypress: 5
184.0862 	DATA 	Keypress: 5
184.0942 	EXP 	fixation: autoDraw = False
184.0942 	EXP 	fixation: autoDraw = False
184.0942 	EXP 	Target: image = 'images/LoseProbe.bmp'
184.0942 	EXP 	Target: autoDraw = True
184.4044 	DATA 	Keypress: 1
184.4112 	EXP 	Target: autoDraw = False
184.4112 	EXP 	Target: autoDraw = False
184.4112 	EXP 	feedbackMsg: text = 'You pressed too slow!\n\nYou lost $0.20!'
184.4112 	EXP 	feedbackMsg: autoDraw = True
184.8480 	DATA 	Keypress: 5
185.6158 	DATA 	Keypress: 5
186.1124 	EXP 	New trial (rep=0, index=24): OrderedDict([('Condition', 'LgReward'), ('FixationDur', 4000)])
186.1403 	EXP 	feedbackMsg: autoDraw = False
186.1403 	EXP 	feedbackMsg: autoDraw = False
186.1403 	EXP 	cueImage: image = 'images/WinBig.bmp'
186.1403 	EXP 	cueImage: autoDraw = True
186.3974 	DATA 	Keypress: 5
187.1820 	DATA 	Keypress: 5
187.9659 	DATA 	Keypress: 5
188.1741 	EXP 	cueImage: autoDraw = False
188.1741 	EXP 	fixation: autoDraw = True
188.4267 	DATA 	Keypress: 1
188.7321 	DATA 	Keypress: 5
189.5162 	DATA 	Keypress: 5
190.3001 	DATA 	Keypress: 5
191.0639 	DATA 	Keypress: 5
191.8490 	DATA 	Keypress: 5
192.2252 	EXP 	fixation: autoDraw = False
192.2252 	EXP 	fixation: autoDraw = False
192.2252 	EXP 	Target: image = 'images/WinProbe.bmp'
192.2252 	EXP 	Target: autoDraw = True
192.5051 	DATA 	Keypress: 1
192.5123 	EXP 	Target: autoDraw = False
192.5123 	EXP 	Target: autoDraw = False
192.5123 	EXP 	feedbackMsg: text = 'You pressed too soon!\n\nYou did not win $5.00!'
192.5123 	EXP 	feedbackMsg: autoDraw = True
192.6329 	DATA 	Keypress: 5
193.3981 	DATA 	Keypress: 5
194.1831 	DATA 	Keypress: 5
194.2476 	EXP 	New trial (rep=0, index=25): OrderedDict([('Condition', 'SmallReward'), ('FixationDur', 2500)])
194.2755 	EXP 	feedbackMsg: autoDraw = False
194.2755 	EXP 	feedbackMsg: autoDraw = False
194.2755 	EXP 	cueImage: image = 'images/WinSmall.bmp'
194.2755 	EXP 	cueImage: autoDraw = True
194.9623 	DATA 	Keypress: 5
195.7437 	DATA 	Keypress: 5
196.3084 	EXP 	cueImage: autoDraw = False
196.3084 	EXP 	fixation: autoDraw = True
196.5161 	DATA 	Keypress: 5
197.3005 	DATA 	Keypress: 5
198.0659 	DATA 	Keypress: 5
198.8482 	DATA 	Keypress: 5
198.8588 	EXP 	fixation: autoDraw = False
198.8588 	EXP 	fixation: autoDraw = False
198.8588 	EXP 	Target: image = 'images/WinProbe.bmp'
198.8588 	EXP 	Target: autoDraw = True
199.1390 	DATA 	Keypress: 1
199.1460 	EXP 	Target: autoDraw = False
199.1460 	EXP 	Target: autoDraw = False
199.1460 	EXP 	feedbackMsg: text = 'You pressed too slow!\n\nYou did not win $0.20!'
199.1460 	EXP 	feedbackMsg: autoDraw = True
199.6334 	DATA 	Keypress: 5
200.3995 	DATA 	Keypress: 5
200.8814 	EXP 	New trial (rep=0, index=26): OrderedDict([('Condition', 'Triangle'), ('FixationDur', 4000)])
200.8957 	EXP 	feedbackMsg: autoDraw = False
200.8957 	EXP 	feedbackMsg: autoDraw = False
200.8957 	EXP 	cueImage: image = 'images/Neutral.bmp'
200.8957 	EXP 	cueImage: autoDraw = True
201.1817 	DATA 	Keypress: 5
201.9656 	DATA 	Keypress: 5
202.7324 	DATA 	Keypress: 5
202.9261 	EXP 	cueImage: autoDraw = False
202.9261 	EXP 	cueImage: autoDraw = False
202.9261 	EXP 	fixation: autoDraw = True
203.5122 	DATA 	Keypress: 5
204.2971 	DATA 	Keypress: 5
205.0805 	DATA 	Keypress: 5
205.8459 	DATA 	Keypress: 5
206.6323 	DATA 	Keypress: 5
206.9599 	EXP 	fixation: autoDraw = False
206.9599 	EXP 	fixation: autoDraw = False
206.9599 	EXP 	Target: image = 'images/NeutralProbe.bmp'
206.9599 	EXP 	Target: autoDraw = True
207.2417 	DATA 	Keypress: 1
207.2464 	EXP 	Target: autoDraw = False
207.2464 	EXP 	Target: autoDraw = False
207.2464 	EXP 	feedbackMsg: text = 'You pressed too slow!\n\nYou did not win or lose anything!'
207.2464 	EXP 	feedbackMsg: autoDraw = True
207.4165 	DATA 	Keypress: 5
208.1834 	DATA 	Keypress: 5
208.9680 	DATA 	Keypress: 5
208.9818 	EXP 	New trial (rep=0, index=27): OrderedDict([('Condition', 'SmallPun'), ('FixationDur', 2000)])
208.9964 	EXP 	feedbackMsg: autoDraw = False
208.9964 	EXP 	feedbackMsg: autoDraw = False
208.9964 	EXP 	cueImage: image = 'images/LoseSmall.bmp'
208.9964 	EXP 	cueImage: autoDraw = True
209.7490 	DATA 	Keypress: 5
210.5151 	DATA 	Keypress: 5
211.0272 	EXP 	cueImage: autoDraw = False
211.0272 	EXP 	cueImage: autoDraw = False
211.0272 	EXP 	fixation: autoDraw = True
211.2974 	DATA 	Keypress: 5
212.0809 	DATA 	Keypress: 5
212.8471 	DATA 	Keypress: 5
213.0610 	EXP 	fixation: autoDraw = False
213.0610 	EXP 	fixation: autoDraw = False
213.0610 	EXP 	Target: image = 'images/LoseProbe.bmp'
213.0610 	EXP 	Target: autoDraw = True
213.3469 	EXP 	Target: autoDraw = False
213.3469 	EXP 	Target: autoDraw = False
213.3469 	EXP 	feedbackMsg: text = 'You pressed too slow!\n\nYou lost $0.20!'
213.3469 	EXP 	feedbackMsg: autoDraw = True
213.3988 	DATA 	Keypress: 1
213.6333 	DATA 	Keypress: 5
214.4172 	DATA 	Keypress: 5
215.0822 	EXP 	New trial (rep=0, index=28): OrderedDict([('Condition', 'SmallReward'), ('FixationDur', 3000)])
215.1109 	EXP 	feedbackMsg: autoDraw = False
215.1109 	EXP 	feedbackMsg: autoDraw = False
215.1109 	EXP 	cueImage: image = 'images/WinSmall.bmp'
215.1109 	EXP 	cueImage: autoDraw = True
215.1828 	DATA 	Keypress: 5
215.9660 	DATA 	Keypress: 5
216.7502 	DATA 	Keypress: 5
217.1447 	EXP 	cueImage: autoDraw = False
217.1447 	EXP 	fixation: autoDraw = True
217.5165 	DATA 	Keypress: 5
218.0508 	DATA 	Keypress: 1
218.3002 	DATA 	Keypress: 5
219.0848 	DATA 	Keypress: 5
219.8508 	DATA 	Keypress: 5
220.1950 	EXP 	fixation: autoDraw = False
220.1950 	EXP 	fixation: autoDraw = False
220.1950 	EXP 	Target: image = 'images/WinProbe.bmp'
220.1950 	EXP 	Target: autoDraw = True
220.4338 	DATA 	Keypress: 1
220.5123 	EXP 	Target: autoDraw = False
220.5123 	EXP 	Target: autoDraw = False
220.5123 	EXP 	feedbackMsg: text = 'You pressed too soon!\n\nYou won $0.20!'
220.5123 	EXP 	feedbackMsg: autoDraw = True
220.6337 	DATA 	Keypress: 5
221.4174 	DATA 	Keypress: 5
222.1841 	DATA 	Keypress: 5
222.2164 	EXP 	New trial (rep=0, index=29): OrderedDict([('Condition', 'LgReward'), ('FixationDur', 1500)])
222.2447 	EXP 	feedbackMsg: autoDraw = False
222.2447 	EXP 	feedbackMsg: autoDraw = False
222.2447 	EXP 	cueImage: image = 'images/WinBig.bmp'
222.2447 	EXP 	cueImage: autoDraw = True
222.9669 	DATA 	Keypress: 5
223.7512 	DATA 	Keypress: 5
224.2788 	EXP 	cueImage: autoDraw = False
224.2788 	EXP 	fixation: autoDraw = True
224.5174 	DATA 	Keypress: 5
225.3001 	DATA 	Keypress: 5
225.8293 	EXP 	fixation: autoDraw = False
225.8293 	EXP 	fixation: autoDraw = False
225.8293 	EXP 	Target: image = 'images/WinProbe.bmp'
225.8293 	EXP 	Target: autoDraw = True
226.0852 	DATA 	Keypress: 5
226.1459 	EXP 	Target: autoDraw = False
226.1459 	EXP 	Target: autoDraw = False
226.1459 	EXP 	feedbackMsg: text = 'You pressed too slow!\n\nYou did not win $5.00!'
226.1459 	EXP 	feedbackMsg: autoDraw = True
226.3354 	DATA 	Keypress: 1
226.8679 	DATA 	Keypress: 5
227.6340 	DATA 	Keypress: 5
227.8497 	EXP 	New trial (rep=0, index=30): OrderedDict([('Condition', 'SmallPun'), ('FixationDur', 2000)])
227.8644 	EXP 	feedbackMsg: autoDraw = False
227.8644 	EXP 	feedbackMsg: autoDraw = False
227.8644 	EXP 	cueImage: image = 'images/LoseSmall.bmp'
227.8644 	EXP 	cueImage: autoDraw = True
228.4170 	DATA 	Keypress: 5
229.2017 	DATA 	Keypress: 5
229.8963 	EXP 	cueImage: autoDraw = False
229.8963 	EXP 	cueImage: autoDraw = False
229.8963 	EXP 	fixation: autoDraw = True
229.9677 	DATA 	Keypress: 5
230.7524 	DATA 	Keypress: 5
231.5348 	DATA 	Keypress: 5
231.9300 	EXP 	fixation: autoDraw = False
231.9300 	EXP 	fixation: autoDraw = False
231.9300 	EXP 	Target: image = 'images/LoseProbe.bmp'
231.9300 	EXP 	Target: autoDraw = True
232.0164 	DATA 	Keypress: 1
232.2482 	EXP 	Target: autoDraw = False
232.2482 	EXP 	Target: autoDraw = False
232.2482 	EXP 	feedbackMsg: text = 'Correct Response!\n\nYou did not lose $0.20!'
232.2482 	EXP 	feedbackMsg: autoDraw = True
232.3005 	DATA 	Keypress: 5
233.0842 	DATA 	Keypress: 5
233.8691 	DATA 	Keypress: 5
233.9495 	EXP 	New trial (rep=0, index=31): OrderedDict([('Condition', 'LgPun'), ('FixationDur', 2000)])
233.9646 	EXP 	feedbackMsg: autoDraw = False
233.9646 	EXP 	feedbackMsg: autoDraw = False
233.9646 	EXP 	cueImage: image = 'images/LoseBig.bmp'
233.9646 	EXP 	cueImage: autoDraw = True
234.6331 	DATA 	Keypress: 5
235.4189 	DATA 	Keypress: 5
235.9976 	EXP 	cueImage: autoDraw = False
235.9976 	EXP 	cueImage: autoDraw = False
235.9976 	EXP 	fixation: autoDraw = True
236.2025 	DATA 	Keypress: 5
236.9678 	DATA 	Keypress: 5
237.7514 	DATA 	Keypress: 5
238.0306 	EXP 	fixation: autoDraw = False
238.0306 	EXP 	fixation: autoDraw = False
238.0306 	EXP 	Target: image = 'images/LoseProbe.bmp'
238.0306 	EXP 	Target: autoDraw = True
238.3177 	DATA 	Keypress: 1
238.3980 	EXP 	Target: autoDraw = False
238.3980 	EXP 	Target: autoDraw = False
238.3980 	EXP 	feedbackMsg: text = 'Correct Response!\n\nYou did not lose $5.00!'
238.3980 	EXP 	feedbackMsg: autoDraw = True
238.5348 	DATA 	Keypress: 5
239.3017 	DATA 	Keypress: 5
240.0506 	EXP 	New trial (rep=0, index=32): OrderedDict([('Condition', 'LgReward'), ('FixationDur', 3000)])
240.0809 	EXP 	feedbackMsg: autoDraw = False
240.0809 	EXP 	feedbackMsg: autoDraw = False
240.0809 	EXP 	cueImage: image = 'images/WinBig.bmp'
240.0809 	EXP 	cueImage: autoDraw = True
240.0845 	DATA 	Keypress: 5
240.8685 	DATA 	Keypress: 5
241.6350 	DATA 	Keypress: 5
242.1150 	EXP 	cueImage: autoDraw = False
242.1150 	EXP 	fixation: autoDraw = True
242.4186 	DATA 	Keypress: 5
243.2032 	DATA 	Keypress: 5
243.9690 	DATA 	Keypress: 5
244.7521 	DATA 	Keypress: 5
245.1652 	EXP 	fixation: autoDraw = False
245.1652 	EXP 	fixation: autoDraw = False
245.1652 	EXP 	Target: image = 'images/WinProbe.bmp'
245.1652 	EXP 	Target: autoDraw = True
245.4525 	DATA 	Keypress: 1
245.5277 	DATA 	Keypress: 5
245.5320 	EXP 	Target: autoDraw = False
245.5320 	EXP 	Target: autoDraw = False
245.5320 	EXP 	feedbackMsg: text = 'Correct Response!\n\nYou won $5.00!'
245.5320 	EXP 	feedbackMsg: autoDraw = True
246.3022 	DATA 	Keypress: 5
247.0851 	DATA 	Keypress: 5
247.1997 	EXP 	New trial (rep=0, index=33): OrderedDict([('Condition', 'Triangle'), ('FixationDur', 3500)])
247.2150 	EXP 	feedbackMsg: autoDraw = False
247.2150 	EXP 	feedbackMsg: autoDraw = False
247.2150 	EXP 	cueImage: image = 'images/Neutral.bmp'
247.2150 	EXP 	cueImage: autoDraw = True
247.8699 	DATA 	Keypress: 5
248.6355 	DATA 	Keypress: 5
249.2492 	EXP 	cueImage: autoDraw = False
249.2492 	EXP 	cueImage: autoDraw = False
249.2492 	EXP 	fixation: autoDraw = True
249.4192 	DATA 	Keypress: 5
250.2036 	DATA 	Keypress: 5
250.9871 	DATA 	Keypress: 5
251.7516 	DATA 	Keypress: 5
252.5358 	DATA 	Keypress: 5
252.7828 	EXP 	fixation: autoDraw = False
252.7828 	EXP 	fixation: autoDraw = False
252.7828 	EXP 	Target: image = 'images/NeutralProbe.bmp'
252.7828 	EXP 	Target: autoDraw = True
253.1493 	EXP 	Target: autoDraw = False
253.1493 	EXP 	Target: autoDraw = False
253.1493 	EXP 	feedbackMsg: text = 'You pressed too slow!\n\nYou did not win or lose anything!'
253.1493 	EXP 	feedbackMsg: autoDraw = True
253.2024 	DATA 	Keypress: 1
253.3188 	DATA 	Keypress: 5
254.0852 	DATA 	Keypress: 5
254.8015 	EXP 	New trial (rep=0, index=34): OrderedDict([('Condition', 'Triangle'), ('FixationDur', 3000)])
254.8162 	EXP 	feedbackMsg: autoDraw = False
254.8162 	EXP 	feedbackMsg: autoDraw = False
254.8162 	EXP 	cueImage: image = 'images/Neutral.bmp'
254.8162 	EXP 	cueImage: autoDraw = True
254.8697 	DATA 	Keypress: 5
255.6535 	DATA 	Keypress: 5
256.4186 	DATA 	Keypress: 5
256.8504 	EXP 	cueImage: autoDraw = False
256.8504 	EXP 	cueImage: autoDraw = False
256.8504 	EXP 	fixation: autoDraw = True
257.2017 	DATA 	Keypress: 5
257.9877 	DATA 	Keypress: 5
258.7530 	DATA 	Keypress: 5
259.5363 	DATA 	Keypress: 5
259.8832 	EXP 	fixation: autoDraw = False
259.8832 	EXP 	fixation: autoDraw = False
259.8832 	EXP 	Target: image = 'images/NeutralProbe.bmp'
259.8832 	EXP 	Target: autoDraw = True
260.1863 	DATA 	Keypress: 1
260.2500 	EXP 	Target: autoDraw = False
260.2500 	EXP 	Target: autoDraw = False
260.2500 	EXP 	feedbackMsg: text = 'Correct Response!\n\nYou did not win or lose anything!'
260.2500 	EXP 	feedbackMsg: autoDraw = True
260.3202 	DATA 	Keypress: 5
261.0862 	DATA 	Keypress: 5
261.8699 	DATA 	Keypress: 5
261.9184 	EXP 	New trial (rep=0, index=35): OrderedDict([('Condition', 'LgPun'), ('FixationDur', 1500)])
261.9335 	EXP 	feedbackMsg: autoDraw = False
261.9335 	EXP 	feedbackMsg: autoDraw = False
261.9335 	EXP 	cueImage: image = 'images/LoseBig.bmp'
261.9335 	EXP 	cueImage: autoDraw = True
262.6534 	DATA 	Keypress: 5
263.4193 	DATA 	Keypress: 5
263.9673 	EXP 	cueImage: autoDraw = False
263.9673 	EXP 	cueImage: autoDraw = False
263.9673 	EXP 	fixation: autoDraw = True
264.2035 	DATA 	Keypress: 5
264.9871 	DATA 	Keypress: 5
265.5003 	EXP 	fixation: autoDraw = False
265.5003 	EXP 	fixation: autoDraw = False
265.5003 	EXP 	Target: image = 'images/LoseProbe.bmp'
265.5003 	EXP 	Target: autoDraw = True
265.7523 	DATA 	Keypress: 1
265.7541 	DATA 	Keypress: 5
265.8662 	EXP 	Target: autoDraw = False
265.8662 	EXP 	Target: autoDraw = False
265.8662 	EXP 	feedbackMsg: text = 'Correct Response!\n\nYou did not lose $5.00!'
265.8662 	EXP 	feedbackMsg: autoDraw = True
266.5354 	DATA 	Keypress: 5
267.3194 	DATA 	Keypress: 5
267.5340 	EXP 	New trial (rep=0, index=36): OrderedDict([('Condition', 'LgReward'), ('FixationDur', 1500)])
267.5671 	EXP 	feedbackMsg: autoDraw = False
267.5671 	EXP 	feedbackMsg: autoDraw = False
267.5671 	EXP 	cueImage: image = 'images/WinBig.bmp'
267.5671 	EXP 	cueImage: autoDraw = True
268.0865 	DATA 	Keypress: 5
268.8695 	DATA 	Keypress: 5
269.5838 	EXP 	cueImage: autoDraw = False
269.5838 	EXP 	fixation: autoDraw = True
269.6544 	DATA 	Keypress: 5
270.4211 	DATA 	Keypress: 5
271.1340 	EXP 	fixation: autoDraw = False
271.1340 	EXP 	fixation: autoDraw = False
271.1340 	EXP 	Target: image = 'images/WinProbe.bmp'
271.1340 	EXP 	Target: autoDraw = True
271.2031 	DATA 	Keypress: 5
271.4048 	DATA 	Keypress: 1
271.4682 	EXP 	Target: autoDraw = False
271.4682 	EXP 	Target: autoDraw = False
271.4682 	EXP 	feedbackMsg: text = 'Correct Response!\n\nYou won $5.00!'
271.4682 	EXP 	feedbackMsg: autoDraw = True
271.9874 	DATA 	Keypress: 5
272.7544 	DATA 	Keypress: 5
273.1524 	EXP 	New trial (rep=0, index=37): OrderedDict([('Condition', 'LgPun'), ('FixationDur', 3500)])
273.1673 	EXP 	feedbackMsg: autoDraw = False
273.1673 	EXP 	feedbackMsg: autoDraw = False
273.1673 	EXP 	cueImage: image = 'images/LoseBig.bmp'
273.1673 	EXP 	cueImage: autoDraw = True
273.5363 	DATA 	Keypress: 5
274.3213 	DATA 	Keypress: 5
275.1026 	DATA 	Keypress: 5
275.2011 	EXP 	cueImage: autoDraw = False
275.2011 	EXP 	cueImage: autoDraw = False
275.2011 	EXP 	fixation: autoDraw = True
275.8701 	DATA 	Keypress: 5
276.6552 	DATA 	Keypress: 5
277.4388 	DATA 	Keypress: 5
278.2040 	DATA 	Keypress: 5
278.7340 	EXP 	fixation: autoDraw = False
278.7340 	EXP 	fixation: autoDraw = False
278.7340 	EXP 	Target: image = 'images/LoseProbe.bmp'
278.7340 	EXP 	Target: autoDraw = True
278.9882 	DATA 	Keypress: 5
279.0596 	DATA 	Keypress: 1
279.0678 	EXP 	Target: autoDraw = False
279.0678 	EXP 	Target: autoDraw = False
279.0678 	EXP 	feedbackMsg: text = 'You pressed too slow!\n\nYou lost $5.00!'
279.0678 	EXP 	feedbackMsg: autoDraw = True
279.7712 	DATA 	Keypress: 5
280.5380 	DATA 	Keypress: 5
280.7515 	EXP 	New trial (rep=0, index=38): OrderedDict([('Condition', 'LgPun'), ('FixationDur', 1500)])
280.7677 	EXP 	feedbackMsg: autoDraw = False
280.7677 	EXP 	feedbackMsg: autoDraw = False
280.7677 	EXP 	cueImage: image = 'images/LoseBig.bmp'
280.7677 	EXP 	cueImage: autoDraw = True
281.3197 	DATA 	Keypress: 5
282.1055 	DATA 	Keypress: 5
282.8009 	EXP 	cueImage: autoDraw = False
282.8009 	EXP 	fixation: autoDraw = True
282.8714 	DATA 	Keypress: 5
283.6553 	DATA 	Keypress: 5
284.3342 	EXP 	fixation: autoDraw = False
284.3342 	EXP 	fixation: autoDraw = False
284.3342 	EXP 	Target: image = 'images/LoseProbe.bmp'
284.3342 	EXP 	Target: autoDraw = True
284.4375 	DATA 	Keypress: 5
284.6037 	DATA 	Keypress: 1
284.6675 	EXP 	Target: autoDraw = False
284.6675 	EXP 	Target: autoDraw = False
284.6675 	EXP 	feedbackMsg: text = 'Correct Response!\n\nYou did not lose $5.00!'
284.6675 	EXP 	feedbackMsg: autoDraw = True
285.2048 	DATA 	Keypress: 5
285.9882 	DATA 	Keypress: 5
286.3537 	EXP 	New trial (rep=0, index=39): OrderedDict([('Condition', 'SmallPun'), ('FixationDur', 2500)])
286.3681 	EXP 	feedbackMsg: autoDraw = False
286.3681 	EXP 	feedbackMsg: autoDraw = False
286.3681 	EXP 	cueImage: image = 'images/LoseSmall.bmp'
286.3681 	EXP 	cueImage: autoDraw = True
286.7720 	DATA 	Keypress: 5
287.5379 	DATA 	Keypress: 5
288.3209 	DATA 	Keypress: 5
288.4020 	EXP 	cueImage: autoDraw = False
288.4020 	EXP 	cueImage: autoDraw = False
288.4020 	EXP 	fixation: autoDraw = True
289.1056 	DATA 	Keypress: 5
289.8720 	DATA 	Keypress: 5
290.6545 	DATA 	Keypress: 5
290.9350 	EXP 	fixation: autoDraw = False
290.9350 	EXP 	fixation: autoDraw = False
290.9350 	EXP 	Target: image = 'images/LoseProbe.bmp'
290.9350 	EXP 	Target: autoDraw = True
291.2303 	DATA 	Keypress: 1
291.2348 	EXP 	Target: autoDraw = False
291.2348 	EXP 	Target: autoDraw = False
291.2348 	EXP 	feedbackMsg: text = 'You pressed too slow!\n\nYou lost $0.20!'
291.2348 	EXP 	feedbackMsg: autoDraw = True
291.4387 	DATA 	Keypress: 5
292.2055 	DATA 	Keypress: 5
292.9540 	EXP 	New trial (rep=0, index=40): OrderedDict([('Condition', 'LgReward'), ('FixationDur', 1500)])
292.9843 	EXP 	feedbackMsg: autoDraw = False
292.9843 	EXP 	feedbackMsg: autoDraw = False
292.9843 	EXP 	cueImage: image = 'images/WinBig.bmp'
292.9843 	EXP 	cueImage: autoDraw = True
292.9874 	DATA 	Keypress: 5
293.7723 	DATA 	Keypress: 5
294.5561 	DATA 	Keypress: 5
295.0189 	EXP 	cueImage: autoDraw = False
295.0189 	EXP 	fixation: autoDraw = True
295.3219 	DATA 	Keypress: 5
296.1067 	DATA 	Keypress: 5
296.5688 	EXP 	fixation: autoDraw = False
296.5688 	EXP 	fixation: autoDraw = False
296.5688 	EXP 	Target: image = 'images/WinProbe.bmp'
296.5688 	EXP 	Target: autoDraw = True
296.8843 	DATA 	Keypress: 1
296.8861 	DATA 	Keypress: 5
296.9025 	EXP 	Target: autoDraw = False
296.9025 	EXP 	Target: autoDraw = False
296.9025 	EXP 	feedbackMsg: text = 'You pressed too slow!\n\nYou did not win $5.00!'
296.9025 	EXP 	feedbackMsg: autoDraw = True
297.6548 	DATA 	Keypress: 5
298.4395 	DATA 	Keypress: 5
298.6046 	EXP 	New trial (rep=0, index=41): OrderedDict([('Condition', 'SmallPun'), ('FixationDur', 1500)])
298.6191 	EXP 	feedbackMsg: autoDraw = False
298.6191 	EXP 	feedbackMsg: autoDraw = False
298.6191 	EXP 	cueImage: image = 'images/LoseSmall.bmp'
298.6191 	EXP 	cueImage: autoDraw = True
299.2230 	DATA 	Keypress: 5
299.9883 	DATA 	Keypress: 5
300.6530 	EXP 	cueImage: autoDraw = False
300.6530 	EXP 	cueImage: autoDraw = False
300.6530 	EXP 	fixation: autoDraw = True
300.7729 	DATA 	Keypress: 5
301.5570 	DATA 	Keypress: 5
302.1852 	EXP 	fixation: autoDraw = False
302.1852 	EXP 	fixation: autoDraw = False
302.1852 	EXP 	Target: image = 'images/LoseProbe.bmp'
302.1852 	EXP 	Target: autoDraw = True
302.3227 	DATA 	Keypress: 5
302.4043 	DATA 	Keypress: 1
302.4861 	EXP 	Target: autoDraw = False
302.4861 	EXP 	Target: autoDraw = False
302.4861 	EXP 	feedbackMsg: text = 'Correct Response!\n\nYou did not lose $0.20!'
302.4861 	EXP 	feedbackMsg: autoDraw = True
303.1051 	DATA 	Keypress: 5
303.8907 	DATA 	Keypress: 5
304.2049 	EXP 	New trial (rep=0, index=42): OrderedDict([('Condition', 'Triangle'), ('FixationDur', 2000)])
304.2193 	EXP 	feedbackMsg: autoDraw = False
304.2193 	EXP 	feedbackMsg: autoDraw = False
304.2193 	EXP 	cueImage: image = 'images/Neutral.bmp'
304.2193 	EXP 	cueImage: autoDraw = True
304.6554 	DATA 	Keypress: 5
305.4400 	DATA 	Keypress: 5
306.2403 	DATA 	Keypress: 5
306.2533 	EXP 	cueImage: autoDraw = False
306.2533 	EXP 	cueImage: autoDraw = False
306.2533 	EXP 	fixation: autoDraw = True
306.9900 	DATA 	Keypress: 5
307.7724 	DATA 	Keypress: 5
308.2859 	EXP 	fixation: autoDraw = False
308.2859 	EXP 	fixation: autoDraw = False
308.2859 	EXP 	Target: image = 'images/NeutralProbe.bmp'
308.2859 	EXP 	Target: autoDraw = True
308.5227 	DATA 	Keypress: 1
308.6043 	DATA 	Keypress: 5
308.6198 	EXP 	Target: autoDraw = False
308.6198 	EXP 	Target: autoDraw = False
308.6198 	EXP 	feedbackMsg: text = 'Correct Response!\n\nYou did not win or lose anything!'
308.6198 	EXP 	feedbackMsg: autoDraw = True
309.3231 	DATA 	Keypress: 5
310.1052 	DATA 	Keypress: 5
310.3037 	EXP 	New trial (rep=0, index=43): OrderedDict([('Condition', 'LgPun'), ('FixationDur', 4000)])
310.3191 	EXP 	feedbackMsg: autoDraw = False
310.3191 	EXP 	feedbackMsg: autoDraw = False
310.3191 	EXP 	cueImage: image = 'images/LoseBig.bmp'
310.3191 	EXP 	cueImage: autoDraw = True
310.7718 	DATA 	Keypress: 1
310.8891 	DATA 	Keypress: 5
311.6716 	DATA 	Keypress: 5
312.3524 	EXP 	cueImage: autoDraw = False
312.3524 	EXP 	cueImage: autoDraw = False
312.3524 	EXP 	fixation: autoDraw = True
312.4391 	DATA 	Keypress: 5
313.2221 	DATA 	Keypress: 5
313.9906 	DATA 	Keypress: 5
314.7731 	DATA 	Keypress: 5
315.5586 	DATA 	Keypress: 5
316.3789 	DATA 	Keypress: 5
316.3867 	EXP 	fixation: autoDraw = False
316.3867 	EXP 	fixation: autoDraw = False
316.3867 	EXP 	Target: image = 'images/LoseProbe.bmp'
316.3867 	EXP 	Target: autoDraw = True
316.7169 	DATA 	Keypress: 1
316.7238 	EXP 	Target: autoDraw = False
316.7238 	EXP 	Target: autoDraw = False
316.7238 	EXP 	feedbackMsg: text = 'You pressed too slow!\n\nYou lost $5.00!'
316.7238 	EXP 	feedbackMsg: autoDraw = True
317.1074 	DATA 	Keypress: 5
317.8918 	DATA 	Keypress: 5
318.4216 	EXP 	New trial (rep=0, index=44): OrderedDict([('Condition', 'SmallReward'), ('FixationDur', 1500)])
318.4527 	EXP 	feedbackMsg: autoDraw = False
318.4527 	EXP 	feedbackMsg: autoDraw = False
318.4527 	EXP 	cueImage: image = 'images/WinSmall.bmp'
318.4527 	EXP 	cueImage: autoDraw = True
318.6743 	DATA 	Keypress: 5
319.4388 	DATA 	Keypress: 5
320.2246 	DATA 	Keypress: 5
320.4872 	EXP 	cueImage: autoDraw = False
320.4872 	EXP 	fixation: autoDraw = True
321.0086 	DATA 	Keypress: 5
321.7727 	DATA 	Keypress: 5
322.0374 	EXP 	fixation: autoDraw = False
322.0374 	EXP 	fixation: autoDraw = False
322.0374 	EXP 	Target: image = 'images/WinProbe.bmp'
322.0374 	EXP 	Target: autoDraw = True
322.3550 	DATA 	Keypress: 1
322.3706 	EXP 	Target: autoDraw = False
322.3706 	EXP 	Target: autoDraw = False
322.3706 	EXP 	feedbackMsg: text = 'You pressed too slow!\n\nYou did not win $0.20!'
322.3706 	EXP 	feedbackMsg: autoDraw = True
322.5577 	DATA 	Keypress: 5
323.3425 	DATA 	Keypress: 5
324.0562 	EXP 	New trial (rep=0, index=45): OrderedDict([('Condition', 'LgReward'), ('FixationDur', 2500)])
324.0874 	EXP 	feedbackMsg: autoDraw = False
324.0874 	EXP 	feedbackMsg: autoDraw = False
324.0874 	EXP 	cueImage: image = 'images/WinBig.bmp'
324.0874 	EXP 	cueImage: autoDraw = True
324.1064 	DATA 	Keypress: 5
324.8912 	DATA 	Keypress: 5
325.6752 	DATA 	Keypress: 5
326.1213 	EXP 	cueImage: autoDraw = False
326.1213 	EXP 	fixation: autoDraw = True
326.4411 	DATA 	Keypress: 5
327.2245 	DATA 	Keypress: 5
328.0092 	DATA 	Keypress: 5
328.6604 	EXP 	fixation: autoDraw = False
328.6604 	EXP 	fixation: autoDraw = False
328.6604 	EXP 	Target: image = 'images/WinProbe.bmp'
328.6604 	EXP 	Target: autoDraw = True
328.7740 	DATA 	Keypress: 5
328.9849 	DATA 	Keypress: 1
328.9928 	EXP 	Target: autoDraw = False
328.9928 	EXP 	Target: autoDraw = False
328.9928 	EXP 	feedbackMsg: text = 'You pressed too slow!\n\nYou did not win $5.00!'
328.9928 	EXP 	feedbackMsg: autoDraw = True
329.5568 	DATA 	Keypress: 5
330.3410 	DATA 	Keypress: 5
330.6902 	EXP 	New trial (rep=0, index=46): OrderedDict([('Condition', 'SmallPun'), ('FixationDur', 3000)])
330.7045 	EXP 	feedbackMsg: autoDraw = False
330.7045 	EXP 	feedbackMsg: autoDraw = False
330.7045 	EXP 	cueImage: image = 'images/LoseSmall.bmp'
330.7045 	EXP 	cueImage: autoDraw = True
331.1076 	DATA 	Keypress: 5
331.8907 	DATA 	Keypress: 5
332.6756 	DATA 	Keypress: 5
332.7384 	EXP 	cueImage: autoDraw = False
332.7384 	EXP 	cueImage: autoDraw = False
332.7384 	EXP 	fixation: autoDraw = True
333.4417 	DATA 	Keypress: 5
334.2249 	DATA 	Keypress: 5
335.0100 	DATA 	Keypress: 5
335.7713 	EXP 	fixation: autoDraw = False
335.7713 	EXP 	fixation: autoDraw = False
335.7713 	EXP 	Target: image = 'images/LoseProbe.bmp'
335.7713 	EXP 	Target: autoDraw = True
335.7922 	DATA 	Keypress: 5
336.0745 	DATA 	Keypress: 1
336.1544 	EXP 	Target: autoDraw = False
336.1544 	EXP 	Target: autoDraw = False
336.1544 	EXP 	feedbackMsg: text = 'Correct Response!\n\nYou did not lose $0.20!'
336.1544 	EXP 	feedbackMsg: autoDraw = True
336.5579 	DATA 	Keypress: 5
337.3431 	DATA 	Keypress: 5
337.8068 	EXP 	New trial (rep=0, index=47): OrderedDict([('Condition', 'LgReward'), ('FixationDur', 2000)])
337.8383 	EXP 	feedbackMsg: autoDraw = False
337.8383 	EXP 	feedbackMsg: autoDraw = False
337.8383 	EXP 	cueImage: image = 'images/WinBig.bmp'
337.8383 	EXP 	cueImage: autoDraw = True
338.1244 	DATA 	Keypress: 5
338.8897 	DATA 	Keypress: 5
339.6754 	DATA 	Keypress: 5
339.8722 	EXP 	cueImage: autoDraw = False
339.8722 	EXP 	fixation: autoDraw = True
340.4589 	DATA 	Keypress: 5
341.2239 	DATA 	Keypress: 5
341.9220 	EXP 	fixation: autoDraw = False
341.9220 	EXP 	fixation: autoDraw = False
341.9220 	EXP 	Target: image = 'images/WinProbe.bmp'
341.9220 	EXP 	Target: autoDraw = True
342.0095 	DATA 	Keypress: 5
342.2944 	EXP 	Target: autoDraw = False
342.2944 	EXP 	Target: autoDraw = False
342.2944 	EXP 	feedbackMsg: text = 'You pressed too slow!\n\nYou did not win $5.00!'
342.2944 	EXP 	feedbackMsg: autoDraw = True
342.3423 	DATA 	Keypress: 1
342.7931 	DATA 	Keypress: 5
343.5579 	DATA 	Keypress: 5
343.9406 	EXP 	New trial (rep=0, index=48): OrderedDict([('Condition', 'SmallReward'), ('FixationDur', 4000)])
343.9721 	EXP 	feedbackMsg: autoDraw = False
343.9721 	EXP 	feedbackMsg: autoDraw = False
343.9721 	EXP 	cueImage: image = 'images/WinSmall.bmp'
343.9721 	EXP 	cueImage: autoDraw = True
344.3418 	DATA 	Keypress: 5
345.1263 	DATA 	Keypress: 5
345.8916 	DATA 	Keypress: 5
345.9946 	EXP 	cueImage: autoDraw = False
345.9946 	EXP 	fixation: autoDraw = True
346.6756 	DATA 	Keypress: 5
347.4603 	DATA 	Keypress: 5
348.2255 	DATA 	Keypress: 5
349.0085 	DATA 	Keypress: 5
349.7937 	DATA 	Keypress: 5
350.0553 	EXP 	fixation: autoDraw = False
350.0553 	EXP 	fixation: autoDraw = False
350.0553 	EXP 	Target: image = 'images/WinProbe.bmp'
350.0553 	EXP 	Target: autoDraw = True
350.4158 	DATA 	Keypress: 1
350.4227 	EXP 	Target: autoDraw = False
350.4227 	EXP 	Target: autoDraw = False
350.4227 	EXP 	feedbackMsg: text = 'You pressed too slow!\n\nYou did not win $0.20!'
350.4227 	EXP 	feedbackMsg: autoDraw = True
350.5585 	DATA 	Keypress: 5
351.3420 	DATA 	Keypress: 5
352.0747 	EXP 	New trial (rep=0, index=49): OrderedDict([('Condition', 'SmallPun'), ('FixationDur', 1500)])
352.0892 	EXP 	feedbackMsg: autoDraw = False
352.0892 	EXP 	feedbackMsg: autoDraw = False
352.0892 	EXP 	cueImage: image = 'images/LoseSmall.bmp'
352.0892 	EXP 	cueImage: autoDraw = True
352.1264 	DATA 	Keypress: 5
352.8924 	DATA 	Keypress: 5
353.6746 	DATA 	Keypress: 5
354.1120 	EXP 	cueImage: autoDraw = False
354.1120 	EXP 	cueImage: autoDraw = False
354.1120 	EXP 	fixation: autoDraw = True
354.4605 	DATA 	Keypress: 5
355.2267 	DATA 	Keypress: 5
355.6554 	EXP 	fixation: autoDraw = False
355.6554 	EXP 	fixation: autoDraw = False
355.6554 	EXP 	Target: image = 'images/LoseProbe.bmp'
355.6554 	EXP 	Target: autoDraw = True
355.9606 	DATA 	Keypress: 1
356.0088 	DATA 	Keypress: 5
356.0728 	EXP 	Target: autoDraw = False
356.0728 	EXP 	Target: autoDraw = False
356.0728 	EXP 	feedbackMsg: text = 'Correct Response!\n\nYou did not lose $0.20!'
356.0728 	EXP 	feedbackMsg: autoDraw = True
356.7941 	DATA 	Keypress: 5
357.5763 	DATA 	Keypress: 5
357.6896 	EXP 	feedbackMsg: autoDraw = False
357.6896 	EXP 	feedbackMsg: autoDraw = False
357.6896 	EXP 	polygon: autoDraw = True
358.3431 	DATA 	Keypress: 5
359.1255 	DATA 	Keypress: 5
359.9102 	DATA 	Keypress: 5
360.6747 	DATA 	Keypress: 5
362.6971 	EXP 	polygon: autoDraw = False
362.6971 	EXP 	polygon: autoDraw = False
362.6971 	EXP 	text: text = 'All done!\n\nYou earned a total of: $5.40!'
362.6971 	EXP 	text: autoDraw = True
365.7300 	EXP 	text: autoDraw = False
365.7300 	EXP 	text: autoDraw = False
365.7300 	EXP 	polygon2: autoDraw = True
372.4287 	DATA 	Keypress: 5
373.1927 	DATA 	Keypress: 5
373.9781 	DATA 	Keypress: 5
374.7619 	DATA 	Keypress: 5
377.0928 	DATA 	Keypress: escape
377.4032 	EXP 	window1: mouseVisible = True
