14.6970 	EXP 	Created window1 = Window(allowGUI=False, allowStencil=False, args=UNKNOWN, autoLog=True, bitsMode=UNKNOWN, blendMode='avg', color=array([0., 0., 0.]), colorSpace='rgb', fullscr=<method-wrapper '__getattribute__' of attributeSetter object at 0x134cc1be0>, gamma=None, kwargs=UNKNOWN, lms=UNKNOWN, monitor=<psychopy.monitors.calibTools.Monitor object at 0x134f5ce80>, multiSample=False, name='window1', numSamples=2, pos=[0.0, 0.0], screen=0, size=array([1920, 1080]), stereo=False, units='height', useFBO=True, useRetina=False, viewOri=0.0, viewPos=None, viewScale=None, waitBlanking=True, winType='pyglet')
14.6971 	EXP 	window1: recordFrameIntervals = False
14.8630 	EXP 	window1: recordFrameIntervals = True
15.0466 	EXP 	window1: recordFrameIntervals = False
15.0466 	EXP 	window1: recordFrameIntervals = False
15.2129 	EXP 	window1: recordFrameIntervals = True
15.3965 	EXP 	window1: recordFrameIntervals = False
15.8540 	EXP 	Created preinstruct_text = TextStim(__class__=<class 'psychopy.visual.text.TextStim'>, alignHoriz='center', alignVert='center', antialias=True, autoLog=True, bold=False, color='white', colorSpace='named', contrast=1.0, depth=0.0, flipHoriz=False, flipVert=False, font='Arial', fontFiles=[], height=0.05, italic=False, languageStyle='LTR', name='preinstruct_text', opacity=1.0, ori=0, pos=array([0., 0.]), rgb=array([255., 255., 255.]), text='Money Task - Scanner 2', units='height', win=Window(...), wrapWidth=1)
15.8980 	EXP 	Created instructFig = ImageStim(__class__=<class 'psychopy.visual.image.ImageStim'>, autoLog=True, color=array([1., 1., 1.]), colorSpace='rgb', contrast=1.0, depth=0.0, flipHoriz=False, flipVert=False, image='images/MID_instructions.bmp', interpolate=True, mask=None, maskParams=None, name='instructFig', opacity=1.0, ori=0.0, pos=array([0., 0.]), size=array([1.3, 1. ]), texRes=128, units='height', win=Window(...))
15.8996 	EXP 	Created PrepFixation = ShapeStim(__class__=<class 'psychopy.visual.shape.ShapeStim'>, autoDraw=False, autoLog=True, closeShape=True, contrast=1.0, depth=0.0, fillColor=array([1., 1., 1.]), fillColorSpace='rgb', interpolate=True, lineColor=array([1., 1., 1.]), lineColorSpace='rgb', lineWidth=1, name='PrepFixation', opacity=1.0, ori=array(0.), pos=array([0., 0.]), size=array([0.05, 0.05]), units='height', vertices=ndarray(...), win=Window(...), windingRule=None)
15.9012 	EXP 	Created cueImage = ImageStim(__class__=<class 'psychopy.visual.image.ImageStim'>, autoLog=True, color=array([1., 1., 1.]), colorSpace='rgb', contrast=1.0, depth=0.0, flipHoriz=False, flipVert=False, image='sin', interpolate=True, mask=None, maskParams=None, name='cueImage', opacity=1.0, ori=0.0, pos=array([0., 0.]), size=array([1.3, 1. ]), texRes=128, units='height', win=Window(...))
15.9026 	EXP 	Created fixation = ShapeStim(__class__=<class 'psychopy.visual.shape.ShapeStim'>, autoDraw=False, autoLog=True, closeShape=True, contrast=1.0, depth=-1.0, fillColor=array([1., 1., 1.]), fillColorSpace='rgb', interpolate=True, lineColor=array([1., 1., 1.]), lineColorSpace='rgb', lineWidth=1, name='fixation', opacity=1.0, ori=array(0.), pos=array([0., 0.]), size=array([0.05, 0.05]), units='height', vertices=ndarray(...), win=Window(...), windingRule=None)
15.9043 	EXP 	Created Target = ImageStim(__class__=<class 'psychopy.visual.image.ImageStim'>, autoLog=True, color=array([1., 1., 1.]), colorSpace='rgb', contrast=1.0, depth=-1.0, flipHoriz=False, flipVert=False, image='sin', interpolate=True, mask=None, maskParams=None, name='Target', opacity=1.0, ori=0.0, pos=array([0., 0.]), size=array([1.3, 1. ]), texRes=128, units='height', win=Window(...))
15.9135 	EXP 	Created feedbackMsg = TextStim(__class__=<class 'psychopy.visual.text.TextStim'>, alignHoriz='center', alignVert='center', antialias=True, autoLog=True, bold=False, color='white', colorSpace='named', contrast=1.0, depth=-2.0, flipHoriz=False, flipVert=False, font='Arial', fontFiles=[], height=0.05, italic=False, languageStyle='LTR', name='feedbackMsg', opacity=1.0, ori=0, pos=array([0., 0.]), rgb=array([255., 255., 255.]), text='default text', units='height', win=Window(...), wrapWidth=2)
15.9150 	EXP 	Created polygon = ShapeStim(__class__=<class 'psychopy.visual.shape.ShapeStim'>, autoDraw=False, autoLog=True, closeShape=True, contrast=1.0, depth=0.0, fillColor=array([1., 1., 1.]), fillColorSpace='rgb', interpolate=True, lineColor=array([1., 1., 1.]), lineColorSpace='rgb', lineWidth=1, name='polygon', opacity=1.0, ori=array(0.), pos=array([0., 0.]), size=array([0.05, 0.05]), units='height', vertices=ndarray(...), win=Window(...), windingRule=None)
15.9216 	EXP 	Created text = TextStim(__class__=<class 'psychopy.visual.text.TextStim'>, alignHoriz='center', alignVert='center', antialias=True, autoLog=True, bold=False, color='white', colorSpace='named', contrast=1.0, depth=-1.0, flipHoriz=False, flipVert=False, font='Arial', fontFiles=[], height=0.07, italic=False, languageStyle='LTR', name='text', opacity=1.0, ori=0, pos=array([0., 0.]), rgb=array([255., 255., 255.]), text='default text', units='height', win=Window(...), wrapWidth=1)
15.9230 	EXP 	Created polygon2 = ShapeStim(__class__=<class 'psychopy.visual.shape.ShapeStim'>, autoDraw=False, autoLog=True, closeShape=True, contrast=1.0, depth=0.0, fillColor=array([1., 1., 1.]), fillColorSpace='rgb', interpolate=True, lineColor=array([1., 1., 1.]), lineColorSpace='rgb', lineWidth=1, name='polygon2', opacity=1.0, ori=array(0.), pos=array([0., 0.]), size=array([0.05, 0.05]), units='height', vertices=ndarray(...), win=Window(...), windingRule=None)
15.9382 	EXP 	preinstruct_text: autoDraw = True
17.9727 	EXP 	preinstruct_text: autoDraw = False
17.9727 	EXP 	instructFig: autoDraw = True
41.6639 	DATA 	Keypress: 5
41.6754 	EXP 	instructFig: autoDraw = False
41.6754 	EXP 	PrepFixation: autoDraw = True
42.4355 	DATA 	Keypress: 5
43.2001 	DATA 	Keypress: 5
43.6593 	EXP 	Imported TimeVersion8.csv as conditions, 50 conditions, 2 params
43.6598 	EXP 	Created sequence: sequential, trialTypes=50, nReps=1, seed=None
43.6601 	EXP 	New trial (rep=0, index=0): OrderedDict([('Condition', 'Triangle'), ('FixationDur', 2000)])
43.6760 	EXP 	PrepFixation: autoDraw = False
43.6760 	EXP 	PrepFixation: autoDraw = False
43.6760 	EXP 	cueImage: image = 'images/Neutral.bmp'
43.6760 	EXP 	cueImage: autoDraw = True
43.9846 	DATA 	Keypress: 5
44.7686 	DATA 	Keypress: 5
45.5340 	DATA 	Keypress: 5
45.7086 	EXP 	cueImage: autoDraw = False
45.7086 	EXP 	fixation: autoDraw = True
46.3189 	DATA 	Keypress: 5
47.1028 	DATA 	Keypress: 5
47.7479 	EXP 	fixation: autoDraw = False
47.7479 	EXP 	fixation: autoDraw = False
47.7479 	EXP 	Target: image = 'images/NeutralProbe.bmp'
47.7479 	EXP 	Target: autoDraw = True
47.8680 	DATA 	Keypress: 5
48.0360 	DATA 	Keypress: 1
48.1595 	EXP 	Target: autoDraw = False
48.1595 	EXP 	Target: autoDraw = False
48.1595 	EXP 	feedbackMsg: text = 'Correct Response!\n\nYou did not win or lose anything!'
48.1595 	EXP 	feedbackMsg: autoDraw = True
48.6531 	DATA 	Keypress: 5
49.4363 	DATA 	Keypress: 5
49.7827 	EXP 	New trial (rep=0, index=1): OrderedDict([('Condition', 'SmallReward'), ('FixationDur', 3500)])
49.8093 	EXP 	feedbackMsg: autoDraw = False
49.8093 	EXP 	feedbackMsg: autoDraw = False
49.8093 	EXP 	cueImage: image = 'images/WinSmall.bmp'
49.8093 	EXP 	cueImage: autoDraw = True
50.2014 	DATA 	Keypress: 5
50.9847 	DATA 	Keypress: 5
51.7691 	DATA 	Keypress: 5
51.8431 	EXP 	cueImage: autoDraw = False
51.8431 	EXP 	fixation: autoDraw = True
52.5351 	DATA 	Keypress: 5
53.3188 	DATA 	Keypress: 5
54.1027 	DATA 	Keypress: 5
54.8686 	DATA 	Keypress: 5
55.3940 	EXP 	fixation: autoDraw = False
55.3940 	EXP 	fixation: autoDraw = False
55.3940 	EXP 	Target: image = 'images/WinProbe.bmp'
55.3940 	EXP 	Target: autoDraw = True
55.6515 	DATA 	Keypress: 5
55.6688 	DATA 	Keypress: 1
55.7814 	EXP 	Target: autoDraw = False
55.7814 	EXP 	Target: autoDraw = False
55.7814 	EXP 	feedbackMsg: text = 'Correct Response!\n\nYou won $0.20!'
55.7814 	EXP 	feedbackMsg: autoDraw = True
56.4356 	DATA 	Keypress: 5
57.2198 	DATA 	Keypress: 5
57.4174 	EXP 	New trial (rep=0, index=2): OrderedDict([('Condition', 'LgPun'), ('FixationDur', 2000)])
57.4320 	EXP 	feedbackMsg: autoDraw = False
57.4320 	EXP 	feedbackMsg: autoDraw = False
57.4320 	EXP 	cueImage: image = 'images/LoseBig.bmp'
57.4320 	EXP 	cueImage: autoDraw = True
57.9850 	DATA 	Keypress: 5
58.7680 	DATA 	Keypress: 5
59.4614 	EXP 	cueImage: autoDraw = False
59.4614 	EXP 	cueImage: autoDraw = False
59.4614 	EXP 	fixation: autoDraw = True
59.5484 	DATA 	Keypress: 5
60.3176 	DATA 	Keypress: 5
61.1018 	DATA 	Keypress: 5
61.4948 	EXP 	fixation: autoDraw = False
61.4948 	EXP 	fixation: autoDraw = False
61.4948 	EXP 	Target: image = 'images/LoseProbe.bmp'
61.4948 	EXP 	Target: autoDraw = True
61.8027 	DATA 	Keypress: 1
61.8950 	DATA 	Keypress: 5
61.9114 	EXP 	Target: autoDraw = False
61.9114 	EXP 	Target: autoDraw = False
61.9114 	EXP 	feedbackMsg: text = 'Correct Response!\n\nYou did not lose $5.00!'
61.9114 	EXP 	feedbackMsg: autoDraw = True
62.6514 	DATA 	Keypress: 5
63.4363 	DATA 	Keypress: 5
63.5347 	EXP 	New trial (rep=0, index=3): OrderedDict([('Condition', 'SmallReward'), ('FixationDur', 1500)])
63.5612 	EXP 	feedbackMsg: autoDraw = False
63.5612 	EXP 	feedbackMsg: autoDraw = False
63.5612 	EXP 	cueImage: image = 'images/WinSmall.bmp'
63.5612 	EXP 	cueImage: autoDraw = True
64.2194 	DATA 	Keypress: 5
64.9848 	DATA 	Keypress: 5
65.5951 	EXP 	cueImage: autoDraw = False
65.5951 	EXP 	fixation: autoDraw = True
65.7641 	DATA 	Keypress: 5
66.5481 	DATA 	Keypress: 5
67.1453 	EXP 	fixation: autoDraw = False
67.1453 	EXP 	fixation: autoDraw = False
67.1453 	EXP 	Target: image = 'images/WinProbe.bmp'
67.1453 	EXP 	Target: autoDraw = True
67.3330 	DATA 	Keypress: 5
67.5242 	DATA 	Keypress: 1
67.5288 	EXP 	Target: autoDraw = False
67.5288 	EXP 	Target: autoDraw = False
67.5288 	EXP 	feedbackMsg: text = 'You pressed too slow!\n\nYou did not win $0.20!'
67.5288 	EXP 	feedbackMsg: autoDraw = True
68.1022 	DATA 	Keypress: 5
68.8875 	DATA 	Keypress: 5
69.1516 	EXP 	New trial (rep=0, index=4): OrderedDict([('Condition', 'LgReward'), ('FixationDur', 4000)])
69.1787 	EXP 	feedbackMsg: autoDraw = False
69.1787 	EXP 	feedbackMsg: autoDraw = False
69.1787 	EXP 	cueImage: image = 'images/WinBig.bmp'
69.1787 	EXP 	cueImage: autoDraw = True
69.6522 	DATA 	Keypress: 5
70.4355 	DATA 	Keypress: 5
71.2130 	EXP 	cueImage: autoDraw = False
71.2130 	EXP 	fixation: autoDraw = True
71.2172 	DATA 	Keypress: 5
71.5334 	DATA 	Keypress: 1
72.0002 	DATA 	Keypress: 5
72.7698 	DATA 	Keypress: 5
73.5543 	DATA 	Keypress: 5
74.3197 	DATA 	Keypress: 5
75.1034 	DATA 	Keypress: 5
75.2628 	EXP 	fixation: autoDraw = False
75.2628 	EXP 	fixation: autoDraw = False
75.2628 	EXP 	Target: image = 'images/WinProbe.bmp'
75.2628 	EXP 	Target: autoDraw = True
75.5506 	DATA 	Keypress: 1
75.6301 	EXP 	Target: autoDraw = False
75.6301 	EXP 	Target: autoDraw = False
75.6301 	EXP 	feedbackMsg: text = 'You pressed too soon!\n\nYou won $5.00!'
75.6301 	EXP 	feedbackMsg: autoDraw = True
75.8833 	DATA 	Keypress: 5
76.6680 	DATA 	Keypress: 5
77.2816 	EXP 	New trial (rep=0, index=5): OrderedDict([('Condition', 'LgPun'), ('FixationDur', 1500)])
77.2960 	EXP 	feedbackMsg: autoDraw = False
77.2960 	EXP 	feedbackMsg: autoDraw = False
77.2960 	EXP 	cueImage: image = 'images/LoseBig.bmp'
77.2960 	EXP 	cueImage: autoDraw = True
77.4326 	DATA 	Keypress: 5
78.2171 	DATA 	Keypress: 5
79.0025 	DATA 	Keypress: 5
79.3296 	EXP 	cueImage: autoDraw = False
79.3296 	EXP 	fixation: autoDraw = True
79.7663 	DATA 	Keypress: 5
80.5545 	DATA 	Keypress: 5
80.8640 	EXP 	fixation: autoDraw = False
80.8640 	EXP 	fixation: autoDraw = False
80.8640 	EXP 	Target: image = 'images/LoseProbe.bmp'
80.8640 	EXP 	Target: autoDraw = True
81.1829 	DATA 	Keypress: 1
81.2471 	EXP 	Target: autoDraw = False
81.2471 	EXP 	Target: autoDraw = False
81.2471 	EXP 	feedbackMsg: text = 'Correct Response!\n\nYou did not lose $5.00!'
81.2471 	EXP 	feedbackMsg: autoDraw = True
81.3341 	DATA 	Keypress: 5
82.1001 	DATA 	Keypress: 5
82.8845 	DATA 	Keypress: 5
82.8984 	EXP 	New trial (rep=0, index=6): OrderedDict([('Condition', 'Triangle'), ('FixationDur', 3500)])
82.9138 	EXP 	feedbackMsg: autoDraw = False
82.9138 	EXP 	feedbackMsg: autoDraw = False
82.9138 	EXP 	cueImage: image = 'images/Neutral.bmp'
82.9138 	EXP 	cueImage: autoDraw = True
83.6674 	DATA 	Keypress: 5
84.4335 	DATA 	Keypress: 5
84.9479 	EXP 	cueImage: autoDraw = False
84.9479 	EXP 	cueImage: autoDraw = False
84.9479 	EXP 	fixation: autoDraw = True
85.2178 	DATA 	Keypress: 5
86.0020 	DATA 	Keypress: 5
86.7701 	DATA 	Keypress: 5
87.5539 	DATA 	Keypress: 5
88.2377 	DATA 	Keypress: 1
88.3388 	DATA 	Keypress: 5
88.4812 	EXP 	fixation: autoDraw = False
88.4812 	EXP 	fixation: autoDraw = False
88.4812 	EXP 	Target: image = 'images/NeutralProbe.bmp'
88.4812 	EXP 	Target: autoDraw = True
88.7849 	DATA 	Keypress: 1
88.8649 	EXP 	Target: autoDraw = False
88.8649 	EXP 	Target: autoDraw = False
88.8649 	EXP 	feedbackMsg: text = 'You pressed too soon!\n\nYou did not win or lose anything!'
88.8649 	EXP 	feedbackMsg: autoDraw = True
89.1183 	DATA 	Keypress: 5
89.8842 	DATA 	Keypress: 5
90.5185 	EXP 	New trial (rep=0, index=7): OrderedDict([('Condition', 'LgPun'), ('FixationDur', 1500)])
90.5336 	EXP 	feedbackMsg: autoDraw = False
90.5336 	EXP 	feedbackMsg: autoDraw = False
90.5336 	EXP 	cueImage: image = 'images/LoseBig.bmp'
90.5336 	EXP 	cueImage: autoDraw = True
90.6714 	DATA 	Keypress: 5
91.4370 	DATA 	Keypress: 5
92.2198 	DATA 	Keypress: 5
92.5653 	EXP 	cueImage: autoDraw = False
92.5653 	EXP 	cueImage: autoDraw = False
92.5653 	EXP 	fixation: autoDraw = True
93.0059 	DATA 	Keypress: 5
93.7707 	DATA 	Keypress: 5
94.0984 	EXP 	fixation: autoDraw = False
94.0984 	EXP 	fixation: autoDraw = False
94.0984 	EXP 	Target: image = 'images/LoseProbe.bmp'
94.0984 	EXP 	Target: autoDraw = True
94.4766 	DATA 	Keypress: 1
94.4821 	EXP 	Target: autoDraw = False
94.4821 	EXP 	Target: autoDraw = False
94.4821 	EXP 	feedbackMsg: text = 'You pressed too slow!\n\nYou lost $5.00!'
94.4821 	EXP 	feedbackMsg: autoDraw = True
94.5516 	DATA 	Keypress: 5
95.3392 	DATA 	Keypress: 5
96.1046 	DATA 	Keypress: 5
96.1368 	EXP 	New trial (rep=0, index=8): OrderedDict([('Condition', 'SmallReward'), ('FixationDur', 1500)])
96.1657 	EXP 	feedbackMsg: autoDraw = False
96.1657 	EXP 	feedbackMsg: autoDraw = False
96.1657 	EXP 	cueImage: image = 'images/WinSmall.bmp'
96.1657 	EXP 	cueImage: autoDraw = True
96.8870 	DATA 	Keypress: 5
97.6715 	DATA 	Keypress: 5
98.2000 	EXP 	cueImage: autoDraw = False
98.2000 	EXP 	fixation: autoDraw = True
98.4381 	DATA 	Keypress: 5
99.2215 	DATA 	Keypress: 5
99.7490 	EXP 	fixation: autoDraw = False
99.7490 	EXP 	fixation: autoDraw = False
99.7490 	EXP 	Target: image = 'images/WinProbe.bmp'
99.7490 	EXP 	Target: autoDraw = True
100.0052 	DATA 	Keypress: 5
100.0976 	DATA 	Keypress: 1
100.1160 	EXP 	Target: autoDraw = False
100.1160 	EXP 	Target: autoDraw = False
100.1160 	EXP 	feedbackMsg: text = 'You pressed too slow!\n\nYou did not win $0.20!'
100.1160 	EXP 	feedbackMsg: autoDraw = True
100.7877 	DATA 	Keypress: 5
101.5542 	DATA 	Keypress: 5
101.7702 	EXP 	New trial (rep=0, index=9): OrderedDict([('Condition', 'SmallPun'), ('FixationDur', 2500)])
101.7853 	EXP 	feedbackMsg: autoDraw = False
101.7853 	EXP 	feedbackMsg: autoDraw = False
101.7853 	EXP 	cueImage: image = 'images/LoseSmall.bmp'
101.7853 	EXP 	cueImage: autoDraw = True
102.3377 	DATA 	Keypress: 5
103.1223 	DATA 	Keypress: 5
103.8172 	EXP 	cueImage: autoDraw = False
103.8172 	EXP 	cueImage: autoDraw = False
103.8172 	EXP 	fixation: autoDraw = True
103.8880 	DATA 	Keypress: 5
104.6727 	DATA 	Keypress: 5
105.4560 	DATA 	Keypress: 5
106.2208 	DATA 	Keypress: 5
106.3505 	EXP 	fixation: autoDraw = False
106.3505 	EXP 	fixation: autoDraw = False
106.3505 	EXP 	Target: image = 'images/LoseProbe.bmp'
106.3505 	EXP 	Target: autoDraw = True
106.6209 	DATA 	Keypress: 1
106.7006 	EXP 	Target: autoDraw = False
106.7006 	EXP 	Target: autoDraw = False
106.7006 	EXP 	feedbackMsg: text = 'Correct Response!\n\nYou did not lose $0.20!'
106.7006 	EXP 	feedbackMsg: autoDraw = True
107.0054 	DATA 	Keypress: 5
107.7899 	DATA 	Keypress: 5
108.3704 	EXP 	New trial (rep=0, index=10): OrderedDict([('Condition', 'SmallPun'), ('FixationDur', 1500)])
108.3846 	EXP 	feedbackMsg: autoDraw = False
108.3846 	EXP 	feedbackMsg: autoDraw = False
108.3846 	EXP 	cueImage: image = 'images/LoseSmall.bmp'
108.3846 	EXP 	cueImage: autoDraw = True
108.5546 	DATA 	Keypress: 5
109.3383 	DATA 	Keypress: 5
110.1224 	DATA 	Keypress: 5
110.4177 	EXP 	cueImage: autoDraw = False
110.4177 	EXP 	cueImage: autoDraw = False
110.4177 	EXP 	fixation: autoDraw = True
110.8890 	DATA 	Keypress: 5
111.6719 	DATA 	Keypress: 5
111.9675 	EXP 	fixation: autoDraw = False
111.9675 	EXP 	fixation: autoDraw = False
111.9675 	EXP 	Target: image = 'images/LoseProbe.bmp'
111.9675 	EXP 	Target: autoDraw = True
112.3172 	EXP 	Target: autoDraw = False
112.3172 	EXP 	Target: autoDraw = False
112.3172 	EXP 	feedbackMsg: text = 'You pressed too slow!\n\nYou lost $0.20!'
112.3172 	EXP 	feedbackMsg: autoDraw = True
112.3391 	DATA 	Keypress: 1
112.4558 	DATA 	Keypress: 5
113.2226 	DATA 	Keypress: 5
113.9867 	EXP 	New trial (rep=0, index=11): OrderedDict([('Condition', 'LgReward'), ('FixationDur', 3500)])
114.0235 	DATA 	Keypress: 5
114.0342 	EXP 	feedbackMsg: autoDraw = False
114.0342 	EXP 	feedbackMsg: autoDraw = False
114.0342 	EXP 	cueImage: image = 'images/WinBig.bmp'
114.0342 	EXP 	cueImage: autoDraw = True
114.7898 	DATA 	Keypress: 5
115.5553 	DATA 	Keypress: 5
116.0520 	EXP 	cueImage: autoDraw = False
116.0520 	EXP 	fixation: autoDraw = True
116.3385 	DATA 	Keypress: 5
117.1237 	DATA 	Keypress: 5
117.8893 	DATA 	Keypress: 5
118.6728 	DATA 	Keypress: 5
119.4557 	DATA 	Keypress: 5
119.6022 	EXP 	fixation: autoDraw = False
119.6022 	EXP 	fixation: autoDraw = False
119.6022 	EXP 	Target: image = 'images/WinProbe.bmp'
119.6022 	EXP 	Target: autoDraw = True
119.8904 	DATA 	Keypress: 1
119.9695 	EXP 	Target: autoDraw = False
119.9695 	EXP 	Target: autoDraw = False
119.9695 	EXP 	feedbackMsg: text = 'Correct Response!\n\nYou won $5.00!'
119.9695 	EXP 	feedbackMsg: autoDraw = True
120.2404 	DATA 	Keypress: 5
121.0058 	DATA 	Keypress: 5
121.6216 	EXP 	New trial (rep=0, index=12): OrderedDict([('Condition', 'LgPun'), ('FixationDur', 1500)])
121.6357 	EXP 	feedbackMsg: autoDraw = False
121.6357 	EXP 	feedbackMsg: autoDraw = False
121.6357 	EXP 	cueImage: image = 'images/LoseBig.bmp'
121.6357 	EXP 	cueImage: autoDraw = True
121.7905 	DATA 	Keypress: 5
122.5725 	DATA 	Keypress: 5
123.3388 	DATA 	Keypress: 5
123.6699 	EXP 	cueImage: autoDraw = False
123.6699 	EXP 	cueImage: autoDraw = False
123.6699 	EXP 	fixation: autoDraw = True
124.1227 	DATA 	Keypress: 5
124.9075 	DATA 	Keypress: 5
125.2024 	EXP 	fixation: autoDraw = False
125.2024 	EXP 	fixation: autoDraw = False
125.2024 	EXP 	Target: image = 'images/LoseProbe.bmp'
125.2024 	EXP 	Target: autoDraw = True
125.5692 	EXP 	Target: autoDraw = False
125.5692 	EXP 	Target: autoDraw = False
125.5692 	EXP 	feedbackMsg: text = 'You pressed too slow!\n\nYou lost $5.00!'
125.5692 	EXP 	feedbackMsg: autoDraw = True
125.5913 	DATA 	Keypress: 1
125.6727 	DATA 	Keypress: 5
126.4578 	DATA 	Keypress: 5
127.2220 	EXP 	New trial (rep=0, index=13): OrderedDict([('Condition', 'SmallPun'), ('FixationDur', 2000)])
127.2290 	DATA 	Keypress: 5
127.2365 	EXP 	feedbackMsg: autoDraw = False
127.2365 	EXP 	feedbackMsg: autoDraw = False
127.2365 	EXP 	cueImage: image = 'images/LoseSmall.bmp'
127.2365 	EXP 	cueImage: autoDraw = True
128.0052 	DATA 	Keypress: 5
128.7886 	DATA 	Keypress: 5
129.2698 	EXP 	cueImage: autoDraw = False
129.2698 	EXP 	cueImage: autoDraw = False
129.2698 	EXP 	fixation: autoDraw = True
129.5733 	DATA 	Keypress: 5
130.3387 	DATA 	Keypress: 5
131.1233 	DATA 	Keypress: 5
131.3032 	EXP 	fixation: autoDraw = False
131.3032 	EXP 	fixation: autoDraw = False
131.3032 	EXP 	Target: image = 'images/LoseProbe.bmp'
131.3032 	EXP 	Target: autoDraw = True
131.5726 	DATA 	Keypress: 1
131.6860 	EXP 	Target: autoDraw = False
131.6860 	EXP 	Target: autoDraw = False
131.6860 	EXP 	feedbackMsg: text = 'Correct Response!\n\nYou did not lose $0.20!'
131.6860 	EXP 	feedbackMsg: autoDraw = True
131.9078 	DATA 	Keypress: 5
132.6736 	DATA 	Keypress: 5
133.3385 	EXP 	New trial (rep=0, index=14): OrderedDict([('Condition', 'LgReward'), ('FixationDur', 1500)])
133.3698 	EXP 	feedbackMsg: autoDraw = False
133.3698 	EXP 	feedbackMsg: autoDraw = False
133.3698 	EXP 	cueImage: image = 'images/WinBig.bmp'
133.3698 	EXP 	cueImage: autoDraw = True
133.4569 	DATA 	Keypress: 5
134.2407 	DATA 	Keypress: 5
135.0062 	DATA 	Keypress: 5
135.4042 	EXP 	cueImage: autoDraw = False
135.4042 	EXP 	fixation: autoDraw = True
135.7908 	DATA 	Keypress: 5
136.5754 	DATA 	Keypress: 5
136.9539 	EXP 	fixation: autoDraw = False
136.9539 	EXP 	fixation: autoDraw = False
136.9539 	EXP 	Target: image = 'images/WinProbe.bmp'
136.9539 	EXP 	Target: autoDraw = True
137.3377 	EXP 	Target: autoDraw = False
137.3377 	EXP 	Target: autoDraw = False
137.3377 	EXP 	feedbackMsg: text = 'You pressed too slow!\n\nYou did not win $5.00!'
137.3377 	EXP 	feedbackMsg: autoDraw = True
137.3410 	DATA 	Keypress: 5
137.4415 	DATA 	Keypress: 1
138.1231 	DATA 	Keypress: 5
138.9080 	DATA 	Keypress: 5
138.9727 	EXP 	New trial (rep=0, index=15): OrderedDict([('Condition', 'LgReward'), ('FixationDur', 1500)])
139.0036 	EXP 	feedbackMsg: autoDraw = False
139.0036 	EXP 	feedbackMsg: autoDraw = False
139.0036 	EXP 	cueImage: image = 'images/WinBig.bmp'
139.0036 	EXP 	cueImage: autoDraw = True
139.6737 	DATA 	Keypress: 5
140.4567 	DATA 	Keypress: 5
141.0373 	EXP 	cueImage: autoDraw = False
141.0373 	EXP 	fixation: autoDraw = True
141.2410 	DATA 	Keypress: 5
142.0082 	DATA 	Keypress: 5
142.5872 	EXP 	fixation: autoDraw = False
142.5872 	EXP 	fixation: autoDraw = False
142.5872 	EXP 	Target: image = 'images/WinProbe.bmp'
142.5872 	EXP 	Target: autoDraw = True
142.7901 	DATA 	Keypress: 5
142.8582 	DATA 	Keypress: 1
142.9724 	EXP 	Target: autoDraw = False
142.9724 	EXP 	Target: autoDraw = False
142.9724 	EXP 	feedbackMsg: text = 'Correct Response!\n\nYou won $5.00!'
142.9724 	EXP 	feedbackMsg: autoDraw = True
143.5746 	DATA 	Keypress: 5
144.3592 	DATA 	Keypress: 5
144.6068 	EXP 	New trial (rep=0, index=16): OrderedDict([('Condition', 'SmallReward'), ('FixationDur', 2000)])
144.6369 	EXP 	feedbackMsg: autoDraw = False
144.6369 	EXP 	feedbackMsg: autoDraw = False
144.6369 	EXP 	cueImage: image = 'images/WinSmall.bmp'
144.6369 	EXP 	cueImage: autoDraw = True
145.1237 	DATA 	Keypress: 5
145.9085 	DATA 	Keypress: 5
146.6716 	EXP 	cueImage: autoDraw = False
146.6716 	EXP 	fixation: autoDraw = True
146.6923 	DATA 	Keypress: 5
147.4570 	DATA 	Keypress: 5
148.2414 	DATA 	Keypress: 5
148.7209 	EXP 	fixation: autoDraw = False
148.7209 	EXP 	fixation: autoDraw = False
148.7209 	EXP 	Target: image = 'images/WinProbe.bmp'
148.7209 	EXP 	Target: autoDraw = True
149.0256 	DATA 	Keypress: 5
149.1059 	DATA 	Keypress: 1
149.1216 	EXP 	Target: autoDraw = False
149.1216 	EXP 	Target: autoDraw = False
149.1216 	EXP 	feedbackMsg: text = 'You pressed too slow!\n\nYou did not win $0.20!'
149.1216 	EXP 	feedbackMsg: autoDraw = True
149.7902 	DATA 	Keypress: 5
150.5761 	DATA 	Keypress: 5
150.7401 	EXP 	New trial (rep=0, index=17): OrderedDict([('Condition', 'LgReward'), ('FixationDur', 2500)])
150.7718 	EXP 	feedbackMsg: autoDraw = False
150.7718 	EXP 	feedbackMsg: autoDraw = False
150.7718 	EXP 	cueImage: image = 'images/WinBig.bmp'
150.7718 	EXP 	cueImage: autoDraw = True
151.3566 	DATA 	Keypress: 5
152.1237 	DATA 	Keypress: 5
152.8051 	EXP 	cueImage: autoDraw = False
152.8051 	EXP 	fixation: autoDraw = True
152.9080 	DATA 	Keypress: 5
153.6928 	DATA 	Keypress: 5
154.4579 	DATA 	Keypress: 5
155.2423 	DATA 	Keypress: 5
155.3553 	EXP 	fixation: autoDraw = False
155.3553 	EXP 	fixation: autoDraw = False
155.3553 	EXP 	Target: image = 'images/WinProbe.bmp'
155.3553 	EXP 	Target: autoDraw = True
155.6417 	DATA 	Keypress: 1
155.7719 	EXP 	Target: autoDraw = False
155.7719 	EXP 	Target: autoDraw = False
155.7719 	EXP 	feedbackMsg: text = 'Correct Response!\n\nYou won $5.00!'
155.7719 	EXP 	feedbackMsg: autoDraw = True
156.0257 	DATA 	Keypress: 5
156.7919 	DATA 	Keypress: 5
157.3741 	EXP 	New trial (rep=0, index=18): OrderedDict([('Condition', 'LgReward'), ('FixationDur', 2000)])
157.4049 	EXP 	feedbackMsg: autoDraw = False
157.4049 	EXP 	feedbackMsg: autoDraw = False
157.4049 	EXP 	cueImage: image = 'images/WinBig.bmp'
157.4049 	EXP 	cueImage: autoDraw = True
157.5742 	DATA 	Keypress: 5
158.3594 	DATA 	Keypress: 5
159.1250 	DATA 	Keypress: 5
159.4385 	EXP 	cueImage: autoDraw = False
159.4385 	EXP 	fixation: autoDraw = True
159.9084 	DATA 	Keypress: 5
160.6928 	DATA 	Keypress: 5
161.4779 	DATA 	Keypress: 5
161.4881 	EXP 	fixation: autoDraw = False
161.4881 	EXP 	fixation: autoDraw = False
161.4881 	EXP 	Target: image = 'images/WinProbe.bmp'
161.4881 	EXP 	Target: autoDraw = True
161.7407 	DATA 	Keypress: 1
161.9055 	EXP 	Target: autoDraw = False
161.9055 	EXP 	Target: autoDraw = False
161.9055 	EXP 	feedbackMsg: text = 'Correct Response!\n\nYou won $5.00!'
161.9055 	EXP 	feedbackMsg: autoDraw = True
162.2420 	DATA 	Keypress: 5
163.0268 	DATA 	Keypress: 5
163.5078 	EXP 	New trial (rep=0, index=19): OrderedDict([('Condition', 'SmallPun'), ('FixationDur', 1500)])
163.5220 	EXP 	feedbackMsg: autoDraw = False
163.5220 	EXP 	feedbackMsg: autoDraw = False
163.5220 	EXP 	cueImage: image = 'images/LoseSmall.bmp'
163.5220 	EXP 	cueImage: autoDraw = True
163.8094 	DATA 	Keypress: 5
164.5746 	DATA 	Keypress: 5
165.3595 	DATA 	Keypress: 5
165.5556 	EXP 	cueImage: autoDraw = False
165.5556 	EXP 	cueImage: autoDraw = False
165.5556 	EXP 	fixation: autoDraw = True
166.1436 	DATA 	Keypress: 5
166.9081 	DATA 	Keypress: 5
167.0889 	EXP 	fixation: autoDraw = False
167.0889 	EXP 	fixation: autoDraw = False
167.0889 	EXP 	Target: image = 'images/LoseProbe.bmp'
167.0889 	EXP 	Target: autoDraw = True
167.5005 	DATA 	Keypress: 1
167.5064 	EXP 	Target: autoDraw = False
167.5064 	EXP 	Target: autoDraw = False
167.5064 	EXP 	feedbackMsg: text = 'You pressed too slow!\n\nYou lost $0.20!'
167.5064 	EXP 	feedbackMsg: autoDraw = True
167.6930 	DATA 	Keypress: 5
168.4768 	DATA 	Keypress: 5
169.1083 	EXP 	New trial (rep=0, index=20): OrderedDict([('Condition', 'SmallReward'), ('FixationDur', 3000)])
169.1394 	EXP 	feedbackMsg: autoDraw = False
169.1394 	EXP 	feedbackMsg: autoDraw = False
169.1394 	EXP 	cueImage: image = 'images/WinSmall.bmp'
169.1394 	EXP 	cueImage: autoDraw = True
169.2411 	DATA 	Keypress: 5
170.0266 	DATA 	Keypress: 5
170.8102 	DATA 	Keypress: 5
171.1729 	EXP 	cueImage: autoDraw = False
171.1729 	EXP 	fixation: autoDraw = True
171.4611 	DATA 	Keypress: 1
171.5753 	DATA 	Keypress: 5
172.3596 	DATA 	Keypress: 5
173.1441 	DATA 	Keypress: 5
173.9092 	DATA 	Keypress: 5
174.2231 	EXP 	fixation: autoDraw = False
174.2231 	EXP 	fixation: autoDraw = False
174.2231 	EXP 	Target: image = 'images/WinProbe.bmp'
174.2231 	EXP 	Target: autoDraw = True
174.4941 	DATA 	Keypress: 1
174.6556 	EXP 	Target: autoDraw = False
174.6556 	EXP 	Target: autoDraw = False
174.6556 	EXP 	feedbackMsg: text = 'You pressed too soon!\n\nYou won $0.20!'
174.6556 	EXP 	feedbackMsg: autoDraw = True
174.6928 	DATA 	Keypress: 5
175.4765 	DATA 	Keypress: 5
176.2416 	EXP 	New trial (rep=0, index=21): OrderedDict([('Condition', 'Triangle'), ('FixationDur', 4000)])
176.2483 	DATA 	Keypress: 5
176.2565 	EXP 	feedbackMsg: autoDraw = False
176.2565 	EXP 	feedbackMsg: autoDraw = False
176.2565 	EXP 	cueImage: image = 'images/Neutral.bmp'
176.2565 	EXP 	cueImage: autoDraw = True
177.0257 	DATA 	Keypress: 5
177.8107 	DATA 	Keypress: 5
178.2904 	EXP 	cueImage: autoDraw = False
178.2904 	EXP 	cueImage: autoDraw = False
178.2904 	EXP 	fixation: autoDraw = True
178.5764 	DATA 	Keypress: 5
179.3598 	DATA 	Keypress: 5
180.1443 	DATA 	Keypress: 5
180.9103 	DATA 	Keypress: 5
181.6923 	DATA 	Keypress: 5
182.3232 	EXP 	fixation: autoDraw = False
182.3232 	EXP 	fixation: autoDraw = False
182.3232 	EXP 	Target: image = 'images/NeutralProbe.bmp'
182.3232 	EXP 	Target: autoDraw = True
182.4783 	DATA 	Keypress: 5
182.6097 	DATA 	Keypress: 1
182.7566 	EXP 	Target: autoDraw = False
182.7566 	EXP 	Target: autoDraw = False
182.7566 	EXP 	feedbackMsg: text = 'Correct Response!\n\nYou did not win or lose anything!'
182.7566 	EXP 	feedbackMsg: autoDraw = True
183.2441 	DATA 	Keypress: 5
184.0265 	DATA 	Keypress: 5
184.3410 	EXP 	New trial (rep=0, index=22): OrderedDict([('Condition', 'LgPun'), ('FixationDur', 2500)])
184.3560 	EXP 	feedbackMsg: autoDraw = False
184.3560 	EXP 	feedbackMsg: autoDraw = False
184.3560 	EXP 	cueImage: image = 'images/LoseBig.bmp'
184.3560 	EXP 	cueImage: autoDraw = True
184.8100 	DATA 	Keypress: 5
185.5935 	DATA 	Keypress: 5
186.3785 	DATA 	Keypress: 5
186.3908 	EXP 	cueImage: autoDraw = False
186.3908 	EXP 	cueImage: autoDraw = False
186.3908 	EXP 	fixation: autoDraw = True
187.1451 	DATA 	Keypress: 5
187.9289 	DATA 	Keypress: 5
188.6932 	DATA 	Keypress: 5
188.9241 	EXP 	fixation: autoDraw = False
188.9241 	EXP 	fixation: autoDraw = False
188.9241 	EXP 	Target: image = 'images/LoseProbe.bmp'
188.9241 	EXP 	Target: autoDraw = True
189.2941 	DATA 	Keypress: 1
189.3575 	EXP 	Target: autoDraw = False
189.3575 	EXP 	Target: autoDraw = False
189.3575 	EXP 	feedbackMsg: text = 'Correct Response!\n\nYou did not lose $5.00!'
189.3575 	EXP 	feedbackMsg: autoDraw = True
189.4769 	DATA 	Keypress: 5
190.2623 	DATA 	Keypress: 5
190.9429 	EXP 	New trial (rep=0, index=23): OrderedDict([('Condition', 'LgPun'), ('FixationDur', 2000)])
190.9577 	EXP 	feedbackMsg: autoDraw = False
190.9577 	EXP 	feedbackMsg: autoDraw = False
190.9577 	EXP 	cueImage: image = 'images/LoseBig.bmp'
190.9577 	EXP 	cueImage: autoDraw = True
191.0258 	DATA 	Keypress: 5
191.8114 	DATA 	Keypress: 5
192.5949 	DATA 	Keypress: 5
192.9914 	EXP 	cueImage: autoDraw = False
192.9914 	EXP 	cueImage: autoDraw = False
192.9914 	EXP 	fixation: autoDraw = True
193.3606 	DATA 	Keypress: 5
194.1453 	DATA 	Keypress: 5
194.9295 	DATA 	Keypress: 5
195.0245 	EXP 	fixation: autoDraw = False
195.0245 	EXP 	fixation: autoDraw = False
195.0245 	EXP 	Target: image = 'images/LoseProbe.bmp'
195.0245 	EXP 	Target: autoDraw = True
195.3957 	DATA 	Keypress: 1
195.4577 	EXP 	Target: autoDraw = False
195.4577 	EXP 	Target: autoDraw = False
195.4577 	EXP 	feedbackMsg: text = 'Correct Response!\n\nYou did not lose $5.00!'
195.4577 	EXP 	feedbackMsg: autoDraw = True
195.6938 	DATA 	Keypress: 5
196.4794 	DATA 	Keypress: 5
197.0431 	EXP 	New trial (rep=0, index=24): OrderedDict([('Condition', 'Triangle'), ('FixationDur', 1500)])
197.0584 	EXP 	feedbackMsg: autoDraw = False
197.0584 	EXP 	feedbackMsg: autoDraw = False
197.0584 	EXP 	cueImage: image = 'images/Neutral.bmp'
197.0584 	EXP 	cueImage: autoDraw = True
197.2621 	DATA 	Keypress: 5
198.0273 	DATA 	Keypress: 5
198.8124 	DATA 	Keypress: 5
199.0918 	EXP 	cueImage: autoDraw = False
199.0918 	EXP 	cueImage: autoDraw = False
199.0918 	EXP 	fixation: autoDraw = True
199.5962 	DATA 	Keypress: 5
200.3617 	DATA 	Keypress: 5
200.6242 	EXP 	fixation: autoDraw = False
200.6242 	EXP 	fixation: autoDraw = False
200.6242 	EXP 	Target: image = 'images/NeutralProbe.bmp'
200.6242 	EXP 	Target: autoDraw = True
200.9125 	DATA 	Keypress: 1
201.0302 	EXP 	Target: autoDraw = False
201.0302 	EXP 	Target: autoDraw = False
201.0302 	EXP 	feedbackMsg: text = 'Correct Response!\n\nYou did not win or lose anything!'
201.0302 	EXP 	feedbackMsg: autoDraw = True
201.1440 	DATA 	Keypress: 5
201.9298 	DATA 	Keypress: 5
202.6435 	EXP 	New trial (rep=0, index=25): OrderedDict([('Condition', 'LgPun'), ('FixationDur', 3000)])
202.6585 	EXP 	feedbackMsg: autoDraw = False
202.6585 	EXP 	feedbackMsg: autoDraw = False
202.6585 	EXP 	cueImage: image = 'images/LoseBig.bmp'
202.6585 	EXP 	cueImage: autoDraw = True
202.6947 	DATA 	Keypress: 5
203.4772 	DATA 	Keypress: 5
204.2628 	DATA 	Keypress: 5
204.6923 	EXP 	cueImage: autoDraw = False
204.6923 	EXP 	cueImage: autoDraw = False
204.6923 	EXP 	fixation: autoDraw = True
205.0287 	DATA 	Keypress: 5
205.8116 	DATA 	Keypress: 5
206.5968 	DATA 	Keypress: 5
207.3797 	DATA 	Keypress: 5
207.7253 	EXP 	fixation: autoDraw = False
207.7253 	EXP 	fixation: autoDraw = False
207.7253 	EXP 	Target: image = 'images/LoseProbe.bmp'
207.7253 	EXP 	Target: autoDraw = True
207.9956 	DATA 	Keypress: 1
208.1248 	EXP 	Target: autoDraw = False
208.1248 	EXP 	Target: autoDraw = False
208.1248 	EXP 	feedbackMsg: text = 'Correct Response!\n\nYou did not lose $5.00!'
208.1248 	EXP 	feedbackMsg: autoDraw = True
208.1451 	DATA 	Keypress: 5
208.9298 	DATA 	Keypress: 5
209.7135 	DATA 	Keypress: 5
209.7439 	EXP 	New trial (rep=0, index=26): OrderedDict([('Condition', 'SmallPun'), ('FixationDur', 4000)])
209.7587 	EXP 	feedbackMsg: autoDraw = False
209.7587 	EXP 	feedbackMsg: autoDraw = False
209.7587 	EXP 	cueImage: image = 'images/LoseSmall.bmp'
209.7587 	EXP 	cueImage: autoDraw = True
210.4769 	DATA 	Keypress: 5
211.2602 	DATA 	Keypress: 5
211.7803 	EXP 	cueImage: autoDraw = False
211.7803 	EXP 	cueImage: autoDraw = False
211.7803 	EXP 	fixation: autoDraw = True
212.0447 	DATA 	Keypress: 5
212.8109 	DATA 	Keypress: 5
213.5948 	DATA 	Keypress: 5
214.3781 	DATA 	Keypress: 5
215.1446 	DATA 	Keypress: 5
215.8245 	EXP 	fixation: autoDraw = False
215.8245 	EXP 	fixation: autoDraw = False
215.8245 	EXP 	Target: image = 'images/LoseProbe.bmp'
215.8245 	EXP 	Target: autoDraw = True
215.9280 	DATA 	Keypress: 5
216.1447 	DATA 	Keypress: 1
216.2308 	EXP 	Target: autoDraw = False
216.2308 	EXP 	Target: autoDraw = False
216.2308 	EXP 	feedbackMsg: text = 'Correct Response!\n\nYou did not lose $0.20!'
216.2308 	EXP 	feedbackMsg: autoDraw = True
216.7128 	DATA 	Keypress: 5
217.4789 	DATA 	Keypress: 5
217.8448 	EXP 	New trial (rep=0, index=27): OrderedDict([('Condition', 'Triangle'), ('FixationDur', 2000)])
217.8593 	EXP 	feedbackMsg: autoDraw = False
217.8593 	EXP 	feedbackMsg: autoDraw = False
217.8593 	EXP 	cueImage: image = 'images/Neutral.bmp'
217.8593 	EXP 	cueImage: autoDraw = True
218.2630 	DATA 	Keypress: 5
219.0458 	DATA 	Keypress: 5
219.8123 	DATA 	Keypress: 5
219.8932 	EXP 	cueImage: autoDraw = False
219.8932 	EXP 	cueImage: autoDraw = False
219.8932 	EXP 	fixation: autoDraw = True
220.5959 	DATA 	Keypress: 5
221.3811 	DATA 	Keypress: 5
221.9256 	EXP 	fixation: autoDraw = False
221.9256 	EXP 	fixation: autoDraw = False
221.9256 	EXP 	Target: image = 'images/NeutralProbe.bmp'
221.9256 	EXP 	Target: autoDraw = True
222.1459 	DATA 	Keypress: 5
222.3285 	DATA 	Keypress: 1
222.3433 	EXP 	Target: autoDraw = False
222.3433 	EXP 	Target: autoDraw = False
222.3433 	EXP 	feedbackMsg: text = 'You pressed too slow!\n\nYou did not win or lose anything!'
222.3433 	EXP 	feedbackMsg: autoDraw = True
222.9295 	DATA 	Keypress: 5
223.7126 	DATA 	Keypress: 5
223.9448 	EXP 	New trial (rep=0, index=28): OrderedDict([('Condition', 'SmallPun'), ('FixationDur', 1500)])
223.9593 	EXP 	feedbackMsg: autoDraw = False
223.9593 	EXP 	feedbackMsg: autoDraw = False
223.9593 	EXP 	cueImage: image = 'images/LoseSmall.bmp'
223.9593 	EXP 	cueImage: autoDraw = True
224.4790 	DATA 	Keypress: 5
225.2618 	DATA 	Keypress: 5
225.9934 	EXP 	cueImage: autoDraw = False
225.9934 	EXP 	cueImage: autoDraw = False
225.9934 	EXP 	fixation: autoDraw = True
226.0476 	DATA 	Keypress: 5
226.8133 	DATA 	Keypress: 5
227.5264 	EXP 	fixation: autoDraw = False
227.5264 	EXP 	fixation: autoDraw = False
227.5264 	EXP 	Target: image = 'images/LoseProbe.bmp'
227.5264 	EXP 	Target: autoDraw = True
227.5963 	DATA 	Keypress: 5
227.9213 	DATA 	Keypress: 1
227.9272 	EXP 	Target: autoDraw = False
227.9272 	EXP 	Target: autoDraw = False
227.9272 	EXP 	feedbackMsg: text = 'You pressed too slow!\n\nYou lost $0.20!'
227.9272 	EXP 	feedbackMsg: autoDraw = True
228.3808 	DATA 	Keypress: 5
229.1470 	DATA 	Keypress: 5
229.5456 	EXP 	New trial (rep=0, index=29): OrderedDict([('Condition', 'SmallPun'), ('FixationDur', 2000)])
229.5598 	EXP 	feedbackMsg: autoDraw = False
229.5598 	EXP 	feedbackMsg: autoDraw = False
229.5598 	EXP 	cueImage: image = 'images/LoseSmall.bmp'
229.5598 	EXP 	cueImage: autoDraw = True
229.9287 	DATA 	Keypress: 5
230.7141 	DATA 	Keypress: 5
231.4975 	DATA 	Keypress: 5
231.5834 	EXP 	cueImage: autoDraw = False
231.5834 	EXP 	cueImage: autoDraw = False
231.5834 	EXP 	fixation: autoDraw = True
232.2629 	DATA 	Keypress: 5
233.0469 	DATA 	Keypress: 5
233.6269 	EXP 	fixation: autoDraw = False
233.6269 	EXP 	fixation: autoDraw = False
233.6269 	EXP 	Target: image = 'images/LoseProbe.bmp'
233.6269 	EXP 	Target: autoDraw = True
233.8313 	DATA 	Keypress: 5
233.9313 	DATA 	Keypress: 1
234.0004 	EXP 	Target: autoDraw = False
234.0004 	EXP 	Target: autoDraw = False
234.0004 	EXP 	feedbackMsg: text = 'Correct Response!\n\nYou did not lose $0.20!'
234.0004 	EXP 	feedbackMsg: autoDraw = True
234.5963 	DATA 	Keypress: 5
235.3804 	DATA 	Keypress: 5
235.6455 	EXP 	New trial (rep=0, index=30): OrderedDict([('Condition', 'LgReward'), ('FixationDur', 1500)])
235.6769 	EXP 	feedbackMsg: autoDraw = False
235.6769 	EXP 	feedbackMsg: autoDraw = False
235.6769 	EXP 	cueImage: image = 'images/WinBig.bmp'
235.6769 	EXP 	cueImage: autoDraw = True
236.1638 	DATA 	Keypress: 5
236.9298 	DATA 	Keypress: 5
237.7006 	EXP 	cueImage: autoDraw = False
237.7006 	EXP 	fixation: autoDraw = True
237.7145 	DATA 	Keypress: 5
238.4983 	DATA 	Keypress: 5
239.2603 	EXP 	fixation: autoDraw = False
239.2603 	EXP 	fixation: autoDraw = False
239.2603 	EXP 	Target: image = 'images/WinProbe.bmp'
239.2603 	EXP 	Target: autoDraw = True
239.2633 	DATA 	Keypress: 5
239.5471 	DATA 	Keypress: 1
239.6343 	EXP 	Target: autoDraw = False
239.6343 	EXP 	Target: autoDraw = False
239.6343 	EXP 	feedbackMsg: text = 'Correct Response!\n\nYou won $5.00!'
239.6343 	EXP 	feedbackMsg: autoDraw = True
240.0483 	DATA 	Keypress: 5
240.8312 	DATA 	Keypress: 5
241.2792 	EXP 	New trial (rep=0, index=31): OrderedDict([('Condition', 'SmallReward'), ('FixationDur', 2500)])
241.3025 	EXP 	feedbackMsg: autoDraw = False
241.3025 	EXP 	feedbackMsg: autoDraw = False
241.3025 	EXP 	cueImage: image = 'images/WinSmall.bmp'
241.3025 	EXP 	cueImage: autoDraw = True
241.5973 	DATA 	Keypress: 5
242.3800 	DATA 	Keypress: 5
243.1634 	DATA 	Keypress: 5
243.3436 	EXP 	cueImage: autoDraw = False
243.3436 	EXP 	fixation: autoDraw = True
243.9305 	DATA 	Keypress: 5
244.7146 	DATA 	Keypress: 5
245.4988 	DATA 	Keypress: 5
245.8855 	EXP 	fixation: autoDraw = False
245.8855 	EXP 	fixation: autoDraw = False
245.8855 	EXP 	Target: image = 'images/WinProbe.bmp'
245.8855 	EXP 	Target: autoDraw = True
246.2612 	EXP 	Target: autoDraw = False
246.2612 	EXP 	Target: autoDraw = False
246.2612 	EXP 	feedbackMsg: text = 'You pressed too slow!\n\nYou did not win $0.20!'
246.2612 	EXP 	feedbackMsg: autoDraw = True
246.2643 	DATA 	Keypress: 5
246.3980 	DATA 	Keypress: 1
247.0471 	DATA 	Keypress: 5
247.8319 	DATA 	Keypress: 5
247.9133 	EXP 	New trial (rep=0, index=32): OrderedDict([('Condition', 'Triangle'), ('FixationDur', 1500)])
247.9277 	EXP 	feedbackMsg: autoDraw = False
247.9277 	EXP 	feedbackMsg: autoDraw = False
247.9277 	EXP 	cueImage: image = 'images/Neutral.bmp'
247.9277 	EXP 	cueImage: autoDraw = True
248.5977 	DATA 	Keypress: 5
249.3799 	DATA 	Keypress: 5
249.9524 	EXP 	cueImage: autoDraw = False
249.9524 	EXP 	cueImage: autoDraw = False
249.9524 	EXP 	fixation: autoDraw = True
250.1658 	DATA 	Keypress: 5
250.9317 	DATA 	Keypress: 5
251.4946 	EXP 	fixation: autoDraw = False
251.4946 	EXP 	fixation: autoDraw = False
251.4946 	EXP 	Target: image = 'images/NeutralProbe.bmp'
251.4946 	EXP 	Target: autoDraw = True
251.7140 	DATA 	Keypress: 5
251.7158 	DATA 	Keypress: 1
251.8449 	EXP 	Target: autoDraw = False
251.8449 	EXP 	Target: autoDraw = False
251.8449 	EXP 	feedbackMsg: text = 'Correct Response!\n\nYou did not win or lose anything!'
251.8449 	EXP 	feedbackMsg: autoDraw = True
252.4985 	DATA 	Keypress: 5
253.2799 	DATA 	Keypress: 5
253.5125 	EXP 	New trial (rep=0, index=33): OrderedDict([('Condition', 'SmallReward'), ('FixationDur', 1500)])
253.5363 	EXP 	feedbackMsg: autoDraw = False
253.5363 	EXP 	feedbackMsg: autoDraw = False
253.5363 	EXP 	cueImage: image = 'images/WinSmall.bmp'
253.5363 	EXP 	cueImage: autoDraw = True
254.0485 	DATA 	Keypress: 5
254.8311 	DATA 	Keypress: 5
255.5695 	EXP 	cueImage: autoDraw = False
255.5695 	EXP 	fixation: autoDraw = True
255.6160 	DATA 	Keypress: 5
256.3811 	DATA 	Keypress: 5
257.1195 	EXP 	fixation: autoDraw = False
257.1195 	EXP 	fixation: autoDraw = False
257.1195 	EXP 	Target: image = 'images/WinProbe.bmp'
257.1195 	EXP 	Target: autoDraw = True
257.1654 	DATA 	Keypress: 5
257.4150 	DATA 	Keypress: 1
257.4785 	EXP 	Target: autoDraw = False
257.4785 	EXP 	Target: autoDraw = False
257.4785 	EXP 	feedbackMsg: text = 'Correct Response!\n\nYou won $0.20!'
257.4785 	EXP 	feedbackMsg: autoDraw = True
257.9486 	DATA 	Keypress: 5
258.7154 	DATA 	Keypress: 5
259.1472 	EXP 	New trial (rep=0, index=34): OrderedDict([('Condition', 'LgReward'), ('FixationDur', 2000)])
259.1709 	EXP 	feedbackMsg: autoDraw = False
259.1709 	EXP 	feedbackMsg: autoDraw = False
259.1709 	EXP 	cueImage: image = 'images/WinBig.bmp'
259.1709 	EXP 	cueImage: autoDraw = True
259.4988 	DATA 	Keypress: 5
260.2827 	DATA 	Keypress: 5
261.0480 	DATA 	Keypress: 5
261.2036 	EXP 	cueImage: autoDraw = False
261.2036 	EXP 	fixation: autoDraw = True
261.8327 	DATA 	Keypress: 5
262.6166 	DATA 	Keypress: 5
263.2537 	EXP 	fixation: autoDraw = False
263.2537 	EXP 	fixation: autoDraw = False
263.2537 	EXP 	Target: image = 'images/WinProbe.bmp'
263.2537 	EXP 	Target: autoDraw = True
263.3805 	DATA 	Keypress: 5
263.5311 	DATA 	Keypress: 1
263.6126 	EXP 	Target: autoDraw = False
263.6126 	EXP 	Target: autoDraw = False
263.6126 	EXP 	feedbackMsg: text = 'Correct Response!\n\nYou won $5.00!'
263.6126 	EXP 	feedbackMsg: autoDraw = True
264.1660 	DATA 	Keypress: 5
264.9490 	DATA 	Keypress: 5
265.2809 	EXP 	New trial (rep=0, index=35): OrderedDict([('Condition', 'Triangle'), ('FixationDur', 1500)])
265.2952 	EXP 	feedbackMsg: autoDraw = False
265.2952 	EXP 	feedbackMsg: autoDraw = False
265.2952 	EXP 	cueImage: image = 'images/Neutral.bmp'
265.2952 	EXP 	cueImage: autoDraw = True
265.7151 	DATA 	Keypress: 5
266.4979 	DATA 	Keypress: 5
267.3157 	DATA 	Keypress: 5
267.3214 	EXP 	cueImage: autoDraw = False
267.3214 	EXP 	cueImage: autoDraw = False
267.3214 	EXP 	fixation: autoDraw = True
268.0492 	DATA 	Keypress: 5
268.8540 	DATA 	Keypress: 5
268.8620 	EXP 	fixation: autoDraw = False
268.8620 	EXP 	fixation: autoDraw = False
268.8620 	EXP 	Target: image = 'images/NeutralProbe.bmp'
268.8620 	EXP 	Target: autoDraw = True
269.2114 	DATA 	Keypress: 1
269.2215 	EXP 	Target: autoDraw = False
269.2215 	EXP 	Target: autoDraw = False
269.2215 	EXP 	feedbackMsg: text = 'You pressed too slow!\n\nYou did not win or lose anything!'
269.2215 	EXP 	feedbackMsg: autoDraw = True
269.6170 	DATA 	Keypress: 5
270.3999 	DATA 	Keypress: 5
270.8803 	EXP 	New trial (rep=0, index=36): OrderedDict([('Condition', 'LgPun'), ('FixationDur', 4000)])
270.8959 	EXP 	feedbackMsg: autoDraw = False
270.8959 	EXP 	feedbackMsg: autoDraw = False
270.8959 	EXP 	cueImage: image = 'images/LoseBig.bmp'
270.8959 	EXP 	cueImage: autoDraw = True
271.1649 	DATA 	Keypress: 5
271.9494 	DATA 	Keypress: 5
272.7334 	DATA 	Keypress: 5
272.9217 	EXP 	cueImage: autoDraw = False
272.9217 	EXP 	cueImage: autoDraw = False
272.9217 	EXP 	fixation: autoDraw = True
273.4977 	DATA 	Keypress: 5
274.2840 	DATA 	Keypress: 5
275.0671 	DATA 	Keypress: 5
275.8318 	DATA 	Keypress: 5
276.6150 	DATA 	Keypress: 5
276.9572 	EXP 	fixation: autoDraw = False
276.9572 	EXP 	fixation: autoDraw = False
276.9572 	EXP 	Target: image = 'images/LoseProbe.bmp'
276.9572 	EXP 	Target: autoDraw = True
277.3089 	DATA 	Keypress: 1
277.3222 	EXP 	Target: autoDraw = False
277.3222 	EXP 	Target: autoDraw = False
277.3222 	EXP 	feedbackMsg: text = 'You pressed too slow!\n\nYou lost $5.00!'
277.3222 	EXP 	feedbackMsg: autoDraw = True
277.3993 	DATA 	Keypress: 5
278.1652 	DATA 	Keypress: 5
278.9509 	DATA 	Keypress: 5
278.9819 	EXP 	New trial (rep=0, index=37): OrderedDict([('Condition', 'Triangle'), ('FixationDur', 1500)])
278.9965 	EXP 	feedbackMsg: autoDraw = False
278.9965 	EXP 	feedbackMsg: autoDraw = False
278.9965 	EXP 	cueImage: image = 'images/Neutral.bmp'
278.9965 	EXP 	cueImage: autoDraw = True
279.7331 	DATA 	Keypress: 5
280.4991 	DATA 	Keypress: 5
281.0231 	EXP 	cueImage: autoDraw = False
281.0231 	EXP 	cueImage: autoDraw = False
281.0231 	EXP 	fixation: autoDraw = True
281.2828 	DATA 	Keypress: 5
282.0663 	DATA 	Keypress: 5
282.5638 	EXP 	fixation: autoDraw = False
282.5638 	EXP 	fixation: autoDraw = False
282.5638 	EXP 	Target: image = 'images/NeutralProbe.bmp'
282.5638 	EXP 	Target: autoDraw = True
282.8331 	DATA 	Keypress: 5
282.9062 	EXP 	Target: autoDraw = False
282.9062 	EXP 	Target: autoDraw = False
282.9062 	EXP 	feedbackMsg: text = 'You pressed too slow!\n\nYou did not win or lose anything!'
282.9062 	EXP 	feedbackMsg: autoDraw = True
283.6181 	DATA 	Keypress: 5
284.4010 	DATA 	Keypress: 5
284.5821 	EXP 	New trial (rep=0, index=38): OrderedDict([('Condition', 'Triangle'), ('FixationDur', 3000)])
284.5966 	EXP 	feedbackMsg: autoDraw = False
284.5966 	EXP 	feedbackMsg: autoDraw = False
284.5966 	EXP 	cueImage: image = 'images/Neutral.bmp'
284.5966 	EXP 	cueImage: autoDraw = True
285.1665 	DATA 	Keypress: 5
285.9489 	DATA 	Keypress: 5
286.6234 	EXP 	cueImage: autoDraw = False
286.6234 	EXP 	cueImage: autoDraw = False
286.6234 	EXP 	fixation: autoDraw = True
286.7348 	DATA 	Keypress: 5
287.5004 	DATA 	Keypress: 5
288.2818 	DATA 	Keypress: 5
289.0675 	DATA 	Keypress: 5
289.6627 	EXP 	fixation: autoDraw = False
289.6627 	EXP 	fixation: autoDraw = False
289.6627 	EXP 	Target: image = 'images/NeutralProbe.bmp'
289.6627 	EXP 	Target: autoDraw = True
289.8501 	DATA 	Keypress: 5
289.9974 	EXP 	Target: autoDraw = False
289.9974 	EXP 	Target: autoDraw = False
289.9974 	EXP 	feedbackMsg: text = 'You pressed too slow!\n\nYou did not win or lose anything!'
289.9974 	EXP 	feedbackMsg: autoDraw = True
290.0835 	DATA 	Keypress: 1
290.6177 	DATA 	Keypress: 5
291.4015 	DATA 	Keypress: 5
291.6815 	EXP 	New trial (rep=0, index=39): OrderedDict([('Condition', 'SmallPun'), ('FixationDur', 1500)])
291.6966 	EXP 	feedbackMsg: autoDraw = False
291.6966 	EXP 	feedbackMsg: autoDraw = False
291.6966 	EXP 	cueImage: image = 'images/LoseSmall.bmp'
291.6966 	EXP 	cueImage: autoDraw = True
292.1836 	DATA 	Keypress: 5
292.9498 	DATA 	Keypress: 5
293.7253 	EXP 	cueImage: autoDraw = False
293.7253 	EXP 	cueImage: autoDraw = False
293.7253 	EXP 	fixation: autoDraw = True
293.7287 	DATA 	Keypress: 5
294.5019 	DATA 	Keypress: 5
295.2588 	EXP 	fixation: autoDraw = False
295.2588 	EXP 	fixation: autoDraw = False
295.2588 	EXP 	Target: image = 'images/LoseProbe.bmp'
295.2588 	EXP 	Target: autoDraw = True
295.2826 	DATA 	Keypress: 5
295.5976 	EXP 	Target: autoDraw = False
295.5976 	EXP 	Target: autoDraw = False
295.5976 	EXP 	feedbackMsg: text = 'You pressed too slow!\n\nYou lost $0.20!'
295.5976 	EXP 	feedbackMsg: autoDraw = True
295.6683 	DATA 	Keypress: 1
296.0687 	DATA 	Keypress: 5
296.8513 	DATA 	Keypress: 5
297.2819 	EXP 	New trial (rep=0, index=40): OrderedDict([('Condition', 'LgReward'), ('FixationDur', 3000)])
297.3084 	EXP 	feedbackMsg: autoDraw = False
297.3084 	EXP 	feedbackMsg: autoDraw = False
297.3084 	EXP 	cueImage: image = 'images/WinBig.bmp'
297.3084 	EXP 	cueImage: autoDraw = True
297.6163 	DATA 	Keypress: 5
298.4013 	DATA 	Keypress: 5
299.1852 	DATA 	Keypress: 5
299.3425 	EXP 	cueImage: autoDraw = False
299.3425 	EXP 	fixation: autoDraw = True
299.9500 	DATA 	Keypress: 5
300.7361 	DATA 	Keypress: 5
301.5195 	DATA 	Keypress: 5
302.2837 	DATA 	Keypress: 5
302.3926 	EXP 	fixation: autoDraw = False
302.3926 	EXP 	fixation: autoDraw = False
302.3926 	EXP 	Target: image = 'images/WinProbe.bmp'
302.3926 	EXP 	Target: autoDraw = True
302.7430 	EXP 	Target: autoDraw = False
302.7430 	EXP 	Target: autoDraw = False
302.7430 	EXP 	feedbackMsg: text = 'You pressed too slow!\n\nYou did not win $5.00!'
302.7430 	EXP 	feedbackMsg: autoDraw = True
302.7852 	DATA 	Keypress: 1
303.0679 	DATA 	Keypress: 5
303.8525 	DATA 	Keypress: 5
304.4335 	EXP 	New trial (rep=0, index=41): OrderedDict([('Condition', 'LgPun'), ('FixationDur', 3500)])
304.4479 	EXP 	feedbackMsg: autoDraw = False
304.4479 	EXP 	feedbackMsg: autoDraw = False
304.4479 	EXP 	cueImage: image = 'images/LoseBig.bmp'
304.4479 	EXP 	cueImage: autoDraw = True
304.6175 	DATA 	Keypress: 5
305.4019 	DATA 	Keypress: 5
306.1857 	DATA 	Keypress: 5
306.4770 	EXP 	cueImage: autoDraw = False
306.4770 	EXP 	cueImage: autoDraw = False
306.4770 	EXP 	fixation: autoDraw = True
306.9522 	DATA 	Keypress: 5
307.7346 	DATA 	Keypress: 5
308.5194 	DATA 	Keypress: 5
309.2853 	DATA 	Keypress: 5
310.0109 	EXP 	fixation: autoDraw = False
310.0109 	EXP 	fixation: autoDraw = False
310.0109 	EXP 	Target: image = 'images/LoseProbe.bmp'
310.0109 	EXP 	Target: autoDraw = True
310.0683 	DATA 	Keypress: 5
310.2028 	DATA 	Keypress: 1
310.3489 	EXP 	Target: autoDraw = False
310.3489 	EXP 	Target: autoDraw = False
310.3489 	EXP 	feedbackMsg: text = 'Correct Response!\n\nYou did not lose $5.00!'
310.3489 	EXP 	feedbackMsg: autoDraw = True
310.8507 	DATA 	Keypress: 5
311.6189 	DATA 	Keypress: 5
312.0328 	EXP 	New trial (rep=0, index=42): OrderedDict([('Condition', 'Triangle'), ('FixationDur', 2500)])
312.0481 	EXP 	feedbackMsg: autoDraw = False
312.0481 	EXP 	feedbackMsg: autoDraw = False
312.0481 	EXP 	cueImage: image = 'images/Neutral.bmp'
312.0481 	EXP 	cueImage: autoDraw = True
312.4005 	DATA 	Keypress: 5
313.1858 	DATA 	Keypress: 5
313.9693 	DATA 	Keypress: 5
314.0774 	EXP 	cueImage: autoDraw = False
314.0774 	EXP 	cueImage: autoDraw = False
314.0774 	EXP 	fixation: autoDraw = True
314.7354 	DATA 	Keypress: 5
315.5198 	DATA 	Keypress: 5
316.3013 	DATA 	Keypress: 5
316.6120 	EXP 	fixation: autoDraw = False
316.6120 	EXP 	fixation: autoDraw = False
316.6120 	EXP 	Target: image = 'images/NeutralProbe.bmp'
316.6120 	EXP 	Target: autoDraw = True
316.9780 	EXP 	Target: autoDraw = False
316.9780 	EXP 	Target: autoDraw = False
316.9780 	EXP 	feedbackMsg: text = 'You pressed too slow!\n\nYou did not win or lose anything!'
316.9780 	EXP 	feedbackMsg: autoDraw = True
317.0648 	DATA 	Keypress: 1
317.0671 	DATA 	Keypress: 5
317.8537 	DATA 	Keypress: 5
318.6346 	EXP 	New trial (rep=0, index=43): OrderedDict([('Condition', 'SmallReward'), ('FixationDur', 1500)])
318.6548 	DATA 	Keypress: 5
318.6615 	EXP 	feedbackMsg: autoDraw = False
318.6615 	EXP 	feedbackMsg: autoDraw = False
318.6615 	EXP 	cueImage: image = 'images/WinSmall.bmp'
318.6615 	EXP 	cueImage: autoDraw = True
319.4011 	DATA 	Keypress: 5
320.1851 	DATA 	Keypress: 5
320.6949 	EXP 	cueImage: autoDraw = False
320.6949 	EXP 	fixation: autoDraw = True
320.9661 	DATA 	Keypress: 5
321.7495 	DATA 	Keypress: 5
322.2377 	DATA 	Keypress: 1
322.2443 	EXP 	fixation: autoDraw = False
322.2443 	EXP 	fixation: autoDraw = False
322.2443 	EXP 	Target: image = 'images/WinProbe.bmp'
322.2443 	EXP 	Target: autoDraw = True
322.5201 	DATA 	Keypress: 5
322.5995 	EXP 	Target: autoDraw = False
322.5995 	EXP 	Target: autoDraw = False
322.5995 	EXP 	feedbackMsg: text = 'Correct Response!\n\nYou won $0.20!'
322.5995 	EXP 	feedbackMsg: autoDraw = True
322.6698 	DATA 	Keypress: 1
323.3027 	DATA 	Keypress: 5
324.0690 	DATA 	Keypress: 5
324.2683 	EXP 	New trial (rep=0, index=44): OrderedDict([('Condition', 'LgPun'), ('FixationDur', 1500)])
324.2825 	EXP 	feedbackMsg: autoDraw = False
324.2825 	EXP 	feedbackMsg: autoDraw = False
324.2825 	EXP 	cueImage: image = 'images/LoseBig.bmp'
324.2825 	EXP 	cueImage: autoDraw = True
324.8527 	DATA 	Keypress: 5
325.6364 	DATA 	Keypress: 5
326.3123 	EXP 	cueImage: autoDraw = False
326.3123 	EXP 	cueImage: autoDraw = False
326.3123 	EXP 	fixation: autoDraw = True
326.4164 	DATA 	Keypress: 5
327.1816 	DATA 	Keypress: 5
327.8460 	EXP 	fixation: autoDraw = False
327.8460 	EXP 	fixation: autoDraw = False
327.8460 	EXP 	Target: image = 'images/LoseProbe.bmp'
327.8460 	EXP 	Target: autoDraw = True
327.9665 	DATA 	Keypress: 5
328.1918 	DATA 	Keypress: 1
328.1999 	EXP 	Target: autoDraw = False
328.1999 	EXP 	Target: autoDraw = False
328.1999 	EXP 	feedbackMsg: text = 'You pressed too slow!\n\nYou lost $5.00!'
328.1999 	EXP 	feedbackMsg: autoDraw = True
328.7366 	DATA 	Keypress: 5
329.5195 	DATA 	Keypress: 5
329.8688 	EXP 	New trial (rep=0, index=45): OrderedDict([('Condition', 'SmallReward'), ('FixationDur', 4000)])
329.8957 	EXP 	feedbackMsg: autoDraw = False
329.8957 	EXP 	feedbackMsg: autoDraw = False
329.8957 	EXP 	cueImage: image = 'images/WinSmall.bmp'
329.8957 	EXP 	cueImage: autoDraw = True
330.3001 	DATA 	Keypress: 5
331.0828 	DATA 	Keypress: 5
331.8492 	DATA 	Keypress: 5
331.9305 	EXP 	cueImage: autoDraw = False
331.9305 	EXP 	fixation: autoDraw = True
332.6333 	DATA 	Keypress: 5
333.4177 	DATA 	Keypress: 5
334.1828 	DATA 	Keypress: 5
334.9710 	DATA 	Keypress: 5
335.7550 	DATA 	Keypress: 5
335.9801 	EXP 	fixation: autoDraw = False
335.9801 	EXP 	fixation: autoDraw = False
335.9801 	EXP 	Target: image = 'images/WinProbe.bmp'
335.9801 	EXP 	Target: autoDraw = True
336.3301 	EXP 	Target: autoDraw = False
336.3301 	EXP 	Target: autoDraw = False
336.3301 	EXP 	feedbackMsg: text = 'You pressed too slow!\n\nYou did not win $0.20!'
336.3301 	EXP 	feedbackMsg: autoDraw = True
336.3828 	DATA 	Keypress: 1
336.5163 	DATA 	Keypress: 5
337.2992 	DATA 	Keypress: 5
337.9988 	EXP 	New trial (rep=0, index=46): OrderedDict([('Condition', 'SmallPun'), ('FixationDur', 3500)])
338.0140 	EXP 	feedbackMsg: autoDraw = False
338.0140 	EXP 	feedbackMsg: autoDraw = False
338.0140 	EXP 	cueImage: image = 'images/LoseSmall.bmp'
338.0140 	EXP 	cueImage: autoDraw = True
338.0841 	DATA 	Keypress: 5
338.8500 	DATA 	Keypress: 5
339.6332 	DATA 	Keypress: 5
340.0474 	EXP 	cueImage: autoDraw = False
340.0474 	EXP 	cueImage: autoDraw = False
340.0474 	EXP 	fixation: autoDraw = True
340.4184 	DATA 	Keypress: 5
341.1840 	DATA 	Keypress: 5
341.9672 	DATA 	Keypress: 5
342.7516 	DATA 	Keypress: 5
343.5180 	DATA 	Keypress: 5
343.5814 	EXP 	fixation: autoDraw = False
343.5814 	EXP 	fixation: autoDraw = False
343.5814 	EXP 	Target: image = 'images/LoseProbe.bmp'
343.5814 	EXP 	Target: autoDraw = True
343.9002 	DATA 	Keypress: 1
343.9820 	EXP 	Target: autoDraw = False
343.9820 	EXP 	Target: autoDraw = False
343.9820 	EXP 	feedbackMsg: text = 'Correct Response!\n\nYou did not lose $0.20!'
343.9820 	EXP 	feedbackMsg: autoDraw = True
344.3017 	DATA 	Keypress: 5
345.0842 	DATA 	Keypress: 5
345.6195 	EXP 	New trial (rep=0, index=47): OrderedDict([('Condition', 'SmallPun'), ('FixationDur', 3000)])
345.6339 	EXP 	feedbackMsg: autoDraw = False
345.6339 	EXP 	feedbackMsg: autoDraw = False
345.6339 	EXP 	cueImage: image = 'images/LoseSmall.bmp'
345.6339 	EXP 	cueImage: autoDraw = True
345.8537 	DATA 	Keypress: 5
346.6368 	DATA 	Keypress: 5
347.4214 	DATA 	Keypress: 5
347.6656 	EXP 	cueImage: autoDraw = False
347.6656 	EXP 	cueImage: autoDraw = False
347.6656 	EXP 	fixation: autoDraw = True
348.1876 	DATA 	Keypress: 5
348.9702 	DATA 	Keypress: 5
349.7555 	DATA 	Keypress: 5
350.5213 	DATA 	Keypress: 5
350.6983 	EXP 	fixation: autoDraw = False
350.6983 	EXP 	fixation: autoDraw = False
350.6983 	EXP 	Target: image = 'images/LoseProbe.bmp'
350.6983 	EXP 	Target: autoDraw = True
351.0043 	DATA 	Keypress: 1
351.0990 	EXP 	Target: autoDraw = False
351.0990 	EXP 	Target: autoDraw = False
351.0990 	EXP 	feedbackMsg: text = 'Correct Response!\n\nYou did not lose $0.20!'
351.0990 	EXP 	feedbackMsg: autoDraw = True
351.3041 	DATA 	Keypress: 5
352.0889 	DATA 	Keypress: 5
352.7199 	EXP 	New trial (rep=0, index=48): OrderedDict([('Condition', 'LgReward'), ('FixationDur', 1500)])
352.7488 	EXP 	feedbackMsg: autoDraw = False
352.7488 	EXP 	feedbackMsg: autoDraw = False
352.7488 	EXP 	cueImage: image = 'images/WinBig.bmp'
352.7488 	EXP 	cueImage: autoDraw = True
352.8541 	DATA 	Keypress: 5
353.6372 	DATA 	Keypress: 5
354.4221 	DATA 	Keypress: 5
354.7828 	EXP 	cueImage: autoDraw = False
354.7828 	EXP 	fixation: autoDraw = True
355.2051 	DATA 	Keypress: 5
355.9712 	DATA 	Keypress: 5
356.3325 	EXP 	fixation: autoDraw = False
356.3325 	EXP 	fixation: autoDraw = False
356.3325 	EXP 	Target: image = 'images/WinProbe.bmp'
356.3325 	EXP 	Target: autoDraw = True
356.7140 	DATA 	Keypress: 1
356.7331 	EXP 	Target: autoDraw = False
356.7331 	EXP 	Target: autoDraw = False
356.7331 	EXP 	feedbackMsg: text = 'You pressed too slow!\n\nYou did not win $5.00!'
356.7331 	EXP 	feedbackMsg: autoDraw = True
356.7558 	DATA 	Keypress: 5
357.5392 	DATA 	Keypress: 5
358.3057 	DATA 	Keypress: 5
358.3541 	EXP 	New trial (rep=0, index=49): OrderedDict([('Condition', 'SmallReward'), ('FixationDur', 2000)])
358.3836 	EXP 	feedbackMsg: autoDraw = False
358.3836 	EXP 	feedbackMsg: autoDraw = False
358.3836 	EXP 	cueImage: image = 'images/WinSmall.bmp'
358.3836 	EXP 	cueImage: autoDraw = True
359.0889 	DATA 	Keypress: 5
359.8723 	DATA 	Keypress: 5
360.4175 	EXP 	cueImage: autoDraw = False
360.4175 	EXP 	fixation: autoDraw = True
360.6372 	DATA 	Keypress: 5
361.4202 	DATA 	Keypress: 5
362.2066 	DATA 	Keypress: 5
362.4673 	EXP 	fixation: autoDraw = False
362.4673 	EXP 	fixation: autoDraw = False
362.4673 	EXP 	Target: image = 'images/WinProbe.bmp'
362.4673 	EXP 	Target: autoDraw = True
362.7896 	DATA 	Keypress: 1
362.8835 	EXP 	Target: autoDraw = False
362.8835 	EXP 	Target: autoDraw = False
362.8835 	EXP 	feedbackMsg: text = 'Correct Response!\n\nYou won $0.20!'
362.8835 	EXP 	feedbackMsg: autoDraw = True
362.9707 	DATA 	Keypress: 5
363.7545 	DATA 	Keypress: 5
364.5025 	EXP 	feedbackMsg: autoDraw = False
364.5025 	EXP 	feedbackMsg: autoDraw = False
364.5025 	EXP 	polygon: autoDraw = True
364.5394 	DATA 	Keypress: 5
365.3051 	DATA 	Keypress: 5
366.0891 	DATA 	Keypress: 5
366.8717 	DATA 	Keypress: 5
367.6386 	DATA 	Keypress: 5
369.5184 	EXP 	polygon: autoDraw = False
369.5184 	EXP 	polygon: autoDraw = False
369.5184 	EXP 	text: text = 'All done!\n\nYou earned a total of: $15.20!'
369.5184 	EXP 	text: autoDraw = True
372.5521 	EXP 	text: autoDraw = False
372.5521 	EXP 	text: autoDraw = False
372.5521 	EXP 	polygon2: autoDraw = True
378.8072 	DATA 	Keypress: escape
379.1391 	EXP 	window1: mouseVisible = True
