8.4003 	EXP 	Created window1 = Window(allowGUI=False, allowStencil=False, args=UNKNOWN, autoLog=True, bitsMode=UNKNOWN, blendMode='avg', color=array([0., 0., 0.]), colorSpace='rgb', fullscr=<method-wrapper '__getattribute__' of attributeSetter object at 0x134dfbbe0>, gamma=None, kwargs=UNKNOWN, lms=UNKNOWN, monitor=<psychopy.monitors.calibTools.Monitor object at 0x135096e80>, multiSample=False, name='window1', numSamples=2, pos=[0.0, 0.0], screen=0, size=array([1920, 1080]), stereo=False, units='height', useFBO=True, useRetina=False, viewOri=0.0, viewPos=None, viewScale=None, waitBlanking=True, winType='pyglet')
8.4003 	EXP 	window1: recordFrameIntervals = False
8.5660 	EXP 	window1: recordFrameIntervals = True
8.7494 	EXP 	window1: recordFrameIntervals = False
8.7495 	EXP 	window1: recordFrameIntervals = False
8.9159 	EXP 	window1: recordFrameIntervals = True
9.0994 	EXP 	window1: recordFrameIntervals = False
9.5506 	EXP 	Created preinstruct_text = TextStim(__class__=<class 'psychopy.visual.text.TextStim'>, alignHoriz='center', alignVert='center', antialias=True, autoLog=True, bold=False, color='white', colorSpace='named', contrast=1.0, depth=0.0, flipHoriz=False, flipVert=False, font='Arial', fontFiles=[], height=0.05, italic=False, languageStyle='LTR', name='preinstruct_text', opacity=1.0, ori=0, pos=array([0., 0.]), rgb=array([255., 255., 255.]), text='Money Task - Scanner 2', units='height', win=Window(...), wrapWidth=1)
9.5968 	EXP 	Created instructFig = ImageStim(__class__=<class 'psychopy.visual.image.ImageStim'>, autoLog=True, color=array([1., 1., 1.]), colorSpace='rgb', contrast=1.0, depth=0.0, flipHoriz=False, flipVert=False, image='images/MID_instructions.bmp', interpolate=True, mask=None, maskParams=None, name='instructFig', opacity=1.0, ori=0.0, pos=array([0., 0.]), size=array([1.3, 1. ]), texRes=128, units='height', win=Window(...))
9.5984 	EXP 	Created PrepFixation = ShapeStim(__class__=<class 'psychopy.visual.shape.ShapeStim'>, autoDraw=False, autoLog=True, closeShape=True, contrast=1.0, depth=0.0, fillColor=array([1., 1., 1.]), fillColorSpace='rgb', interpolate=True, lineColor=array([1., 1., 1.]), lineColorSpace='rgb', lineWidth=1, name='PrepFixation', opacity=1.0, ori=array(0.), pos=array([0., 0.]), size=array([0.05, 0.05]), units='height', vertices=ndarray(...), win=Window(...), windingRule=None)
9.6000 	EXP 	Created cueImage = ImageStim(__class__=<class 'psychopy.visual.image.ImageStim'>, autoLog=True, color=array([1., 1., 1.]), colorSpace='rgb', contrast=1.0, depth=0.0, flipHoriz=False, flipVert=False, image='sin', interpolate=True, mask=None, maskParams=None, name='cueImage', opacity=1.0, ori=0.0, pos=array([0., 0.]), size=array([1.3, 1. ]), texRes=128, units='height', win=Window(...))
9.6014 	EXP 	Created fixation = ShapeStim(__class__=<class 'psychopy.visual.shape.ShapeStim'>, autoDraw=False, autoLog=True, closeShape=True, contrast=1.0, depth=-1.0, fillColor=array([1., 1., 1.]), fillColorSpace='rgb', interpolate=True, lineColor=array([1., 1., 1.]), lineColorSpace='rgb', lineWidth=1, name='fixation', opacity=1.0, ori=array(0.), pos=array([0., 0.]), size=array([0.05, 0.05]), units='height', vertices=ndarray(...), win=Window(...), windingRule=None)
9.6030 	EXP 	Created Target = ImageStim(__class__=<class 'psychopy.visual.image.ImageStim'>, autoLog=True, color=array([1., 1., 1.]), colorSpace='rgb', contrast=1.0, depth=-1.0, flipHoriz=False, flipVert=False, image='sin', interpolate=True, mask=None, maskParams=None, name='Target', opacity=1.0, ori=0.0, pos=array([0., 0.]), size=array([1.3, 1. ]), texRes=128, units='height', win=Window(...))
9.6122 	EXP 	Created feedbackMsg = TextStim(__class__=<class 'psychopy.visual.text.TextStim'>, alignHoriz='center', alignVert='center', antialias=True, autoLog=True, bold=False, color='white', colorSpace='named', contrast=1.0, depth=-2.0, flipHoriz=False, flipVert=False, font='Arial', fontFiles=[], height=0.05, italic=False, languageStyle='LTR', name='feedbackMsg', opacity=1.0, ori=0, pos=array([0., 0.]), rgb=array([255., 255., 255.]), text='default text', units='height', win=Window(...), wrapWidth=2)
9.6137 	EXP 	Created polygon = ShapeStim(__class__=<class 'psychopy.visual.shape.ShapeStim'>, autoDraw=False, autoLog=True, closeShape=True, contrast=1.0, depth=0.0, fillColor=array([1., 1., 1.]), fillColorSpace='rgb', interpolate=True, lineColor=array([1., 1., 1.]), lineColorSpace='rgb', lineWidth=1, name='polygon', opacity=1.0, ori=array(0.), pos=array([0., 0.]), size=array([0.05, 0.05]), units='height', vertices=ndarray(...), win=Window(...), windingRule=None)
9.6208 	EXP 	Created text = TextStim(__class__=<class 'psychopy.visual.text.TextStim'>, alignHoriz='center', alignVert='center', antialias=True, autoLog=True, bold=False, color='white', colorSpace='named', contrast=1.0, depth=-1.0, flipHoriz=False, flipVert=False, font='Arial', fontFiles=[], height=0.07, italic=False, languageStyle='LTR', name='text', opacity=1.0, ori=0, pos=array([0., 0.]), rgb=array([255., 255., 255.]), text='default text', units='height', win=Window(...), wrapWidth=1)
9.6224 	EXP 	Created polygon2 = ShapeStim(__class__=<class 'psychopy.visual.shape.ShapeStim'>, autoDraw=False, autoLog=True, closeShape=True, contrast=1.0, depth=0.0, fillColor=array([1., 1., 1.]), fillColorSpace='rgb', interpolate=True, lineColor=array([1., 1., 1.]), lineColorSpace='rgb', lineWidth=1, name='polygon2', opacity=1.0, ori=array(0.), pos=array([0., 0.]), size=array([0.05, 0.05]), units='height', vertices=ndarray(...), win=Window(...), windingRule=None)
9.6321 	EXP 	preinstruct_text: autoDraw = True
11.6774 	EXP 	preinstruct_text: autoDraw = False
11.6774 	EXP 	instructFig: autoDraw = True
27.5318 	DATA 	Keypress: 5
27.5463 	EXP 	instructFig: autoDraw = False
27.5463 	EXP 	PrepFixation: autoDraw = True
28.3032 	DATA 	Keypress: 5
29.0876 	DATA 	Keypress: 5
29.5285 	EXP 	Imported TimeVersion11.csv as conditions, 50 conditions, 2 params
29.5290 	EXP 	Created sequence: sequential, trialTypes=50, nReps=1, seed=None
29.5293 	EXP 	New trial (rep=0, index=0): OrderedDict([('Condition', 'SmallPun'), ('FixationDur', 1500)])
29.5465 	EXP 	PrepFixation: autoDraw = False
29.5465 	EXP 	PrepFixation: autoDraw = False
29.5465 	EXP 	cueImage: image = 'images/LoseSmall.bmp'
29.5465 	EXP 	cueImage: autoDraw = True
29.8674 	DATA 	Keypress: 5
30.6331 	DATA 	Keypress: 5
31.4175 	DATA 	Keypress: 5
31.5812 	EXP 	cueImage: autoDraw = False
31.5812 	EXP 	fixation: autoDraw = True
32.2012 	DATA 	Keypress: 5
32.9670 	DATA 	Keypress: 5
33.1137 	EXP 	fixation: autoDraw = False
33.1137 	EXP 	fixation: autoDraw = False
33.1137 	EXP 	Target: image = 'images/LoseProbe.bmp'
33.1137 	EXP 	Target: autoDraw = True
33.4681 	DATA 	Keypress: 1
33.5638 	EXP 	Target: autoDraw = False
33.5638 	EXP 	Target: autoDraw = False
33.5638 	EXP 	feedbackMsg: text = 'Correct Response!\n\nYou did not lose $0.20!'
33.5638 	EXP 	feedbackMsg: autoDraw = True
33.7522 	DATA 	Keypress: 5
34.5351 	DATA 	Keypress: 5
35.1660 	EXP 	New trial (rep=0, index=1): OrderedDict([('Condition', 'LgPun'), ('FixationDur', 1500)])
35.1813 	EXP 	feedbackMsg: autoDraw = False
35.1813 	EXP 	feedbackMsg: autoDraw = False
35.1813 	EXP 	cueImage: image = 'images/LoseBig.bmp'
35.1813 	EXP 	cueImage: autoDraw = True
35.3001 	DATA 	Keypress: 5
36.0880 	DATA 	Keypress: 5
36.8716 	DATA 	Keypress: 5
37.2148 	EXP 	cueImage: autoDraw = False
37.2148 	EXP 	fixation: autoDraw = True
37.6343 	DATA 	Keypress: 5
38.4186 	DATA 	Keypress: 5
38.7479 	EXP 	fixation: autoDraw = False
38.7479 	EXP 	fixation: autoDraw = False
38.7479 	EXP 	Target: image = 'images/LoseProbe.bmp'
38.7479 	EXP 	Target: autoDraw = True
39.0186 	DATA 	Keypress: 1
39.1648 	EXP 	Target: autoDraw = False
39.1648 	EXP 	Target: autoDraw = False
39.1648 	EXP 	feedbackMsg: text = 'Correct Response!\n\nYou did not lose $5.00!'
39.1648 	EXP 	feedbackMsg: autoDraw = True
39.2025 	DATA 	Keypress: 5
39.9684 	DATA 	Keypress: 5
40.7514 	DATA 	Keypress: 5
40.7660 	EXP 	New trial (rep=0, index=2): OrderedDict([('Condition', 'Triangle'), ('FixationDur', 3500)])
40.7813 	EXP 	feedbackMsg: autoDraw = False
40.7813 	EXP 	feedbackMsg: autoDraw = False
40.7813 	EXP 	cueImage: image = 'images/Neutral.bmp'
40.7813 	EXP 	cueImage: autoDraw = True
41.5349 	DATA 	Keypress: 5
42.3187 	DATA 	Keypress: 5
42.8160 	EXP 	cueImage: autoDraw = False
42.8160 	EXP 	cueImage: autoDraw = False
42.8160 	EXP 	fixation: autoDraw = True
43.0854 	DATA 	Keypress: 5
43.8726 	DATA 	Keypress: 5
44.6376 	DATA 	Keypress: 5
45.4213 	DATA 	Keypress: 5
46.2059 	DATA 	Keypress: 5
46.3484 	EXP 	fixation: autoDraw = False
46.3484 	EXP 	fixation: autoDraw = False
46.3484 	EXP 	Target: image = 'images/NeutralProbe.bmp'
46.3484 	EXP 	Target: autoDraw = True
46.6545 	DATA 	Keypress: 1
46.7829 	EXP 	Target: autoDraw = False
46.7829 	EXP 	Target: autoDraw = False
46.7829 	EXP 	feedbackMsg: text = 'Correct Response!\n\nYou did not win or lose anything!'
46.7829 	EXP 	feedbackMsg: autoDraw = True
46.9695 	DATA 	Keypress: 5
47.7547 	DATA 	Keypress: 5
48.3702 	EXP 	New trial (rep=0, index=3): OrderedDict([('Condition', 'Triangle'), ('FixationDur', 1500)])
48.3845 	EXP 	feedbackMsg: autoDraw = False
48.3845 	EXP 	feedbackMsg: autoDraw = False
48.3845 	EXP 	cueImage: image = 'images/Neutral.bmp'
48.3845 	EXP 	cueImage: autoDraw = True
48.5388 	DATA 	Keypress: 5
49.3043 	DATA 	Keypress: 5
50.0880 	DATA 	Keypress: 5
50.4163 	EXP 	cueImage: autoDraw = False
50.4163 	EXP 	cueImage: autoDraw = False
50.4163 	EXP 	fixation: autoDraw = True
50.8728 	DATA 	Keypress: 5
51.6388 	DATA 	Keypress: 5
51.9498 	EXP 	fixation: autoDraw = False
51.9498 	EXP 	fixation: autoDraw = False
51.9498 	EXP 	Target: image = 'images/NeutralProbe.bmp'
51.9498 	EXP 	Target: autoDraw = True
52.3633 	DATA 	Keypress: 1
52.3689 	EXP 	Target: autoDraw = False
52.3689 	EXP 	Target: autoDraw = False
52.3689 	EXP 	feedbackMsg: text = 'You pressed too slow!\n\nYou did not win or lose anything!'
52.3689 	EXP 	feedbackMsg: autoDraw = True
52.4212 	DATA 	Keypress: 5
53.2063 	DATA 	Keypress: 5
53.9706 	EXP 	New trial (rep=0, index=4): OrderedDict([('Condition', 'LgReward'), ('FixationDur', 3500)])
53.9890 	DATA 	Keypress: 5
53.9996 	EXP 	feedbackMsg: autoDraw = False
53.9996 	EXP 	feedbackMsg: autoDraw = False
53.9996 	EXP 	cueImage: image = 'images/WinBig.bmp'
53.9996 	EXP 	cueImage: autoDraw = True
54.7547 	DATA 	Keypress: 5
55.5392 	DATA 	Keypress: 5
56.0331 	EXP 	cueImage: autoDraw = False
56.0331 	EXP 	fixation: autoDraw = True
56.3230 	DATA 	Keypress: 5
57.0877 	DATA 	Keypress: 5
57.8734 	DATA 	Keypress: 5
58.6567 	DATA 	Keypress: 5
59.4213 	DATA 	Keypress: 5
59.5838 	EXP 	fixation: autoDraw = False
59.5838 	EXP 	fixation: autoDraw = False
59.5838 	EXP 	Target: image = 'images/WinProbe.bmp'
59.5838 	EXP 	Target: autoDraw = True
59.8565 	DATA 	Keypress: 1
60.0346 	EXP 	Target: autoDraw = False
60.0346 	EXP 	Target: autoDraw = False
60.0346 	EXP 	feedbackMsg: text = 'Correct Response!\n\nYou won $5.00!'
60.0346 	EXP 	feedbackMsg: autoDraw = True
60.2062 	DATA 	Keypress: 5
60.9895 	DATA 	Keypress: 5
61.6210 	EXP 	New trial (rep=0, index=5): OrderedDict([('Condition', 'SmallReward'), ('FixationDur', 3000)])
61.6509 	EXP 	feedbackMsg: autoDraw = False
61.6509 	EXP 	feedbackMsg: autoDraw = False
61.6509 	EXP 	cueImage: image = 'images/WinSmall.bmp'
61.6509 	EXP 	cueImage: autoDraw = True
61.7546 	DATA 	Keypress: 5
62.5391 	DATA 	Keypress: 5
63.3227 	DATA 	Keypress: 5
63.6850 	EXP 	cueImage: autoDraw = False
63.6850 	EXP 	fixation: autoDraw = True
64.0888 	DATA 	Keypress: 5
64.8731 	DATA 	Keypress: 5
65.6569 	DATA 	Keypress: 5
66.4227 	DATA 	Keypress: 5
66.7350 	EXP 	fixation: autoDraw = False
66.7350 	EXP 	fixation: autoDraw = False
66.7350 	EXP 	Target: image = 'images/WinProbe.bmp'
66.7350 	EXP 	Target: autoDraw = True
67.0063 	DATA 	Keypress: 1
67.1025 	EXP 	Target: autoDraw = False
67.1025 	EXP 	Target: autoDraw = False
67.1025 	EXP 	feedbackMsg: text = 'Correct Response!\n\nYou won $0.20!'
67.1025 	EXP 	feedbackMsg: autoDraw = True
67.2070 	DATA 	Keypress: 5
67.9902 	DATA 	Keypress: 5
68.7542 	EXP 	New trial (rep=0, index=6): OrderedDict([('Condition', 'SmallPun'), ('FixationDur', 1500)])
68.7610 	DATA 	Keypress: 5
68.7692 	EXP 	feedbackMsg: autoDraw = False
68.7692 	EXP 	feedbackMsg: autoDraw = False
68.7692 	EXP 	cueImage: image = 'images/LoseSmall.bmp'
68.7692 	EXP 	cueImage: autoDraw = True
69.5390 	DATA 	Keypress: 5
70.3229 	DATA 	Keypress: 5
70.8023 	EXP 	cueImage: autoDraw = False
70.8023 	EXP 	cueImage: autoDraw = False
70.8023 	EXP 	fixation: autoDraw = True
71.0894 	DATA 	Keypress: 5
71.8724 	DATA 	Keypress: 5
72.3356 	EXP 	fixation: autoDraw = False
72.3356 	EXP 	fixation: autoDraw = False
72.3356 	EXP 	Target: image = 'images/LoseProbe.bmp'
72.3356 	EXP 	Target: autoDraw = True
72.6242 	DATA 	Keypress: 1
72.6982 	DATA 	Keypress: 5
72.7026 	EXP 	Target: autoDraw = False
72.7026 	EXP 	Target: autoDraw = False
72.7026 	EXP 	feedbackMsg: text = 'Correct Response!\n\nYou did not lose $0.20!'
72.7026 	EXP 	feedbackMsg: autoDraw = True
73.4234 	DATA 	Keypress: 5
74.2059 	DATA 	Keypress: 5
74.3542 	EXP 	New trial (rep=0, index=7): OrderedDict([('Condition', 'SmallReward'), ('FixationDur', 1500)])
74.3862 	EXP 	feedbackMsg: autoDraw = False
74.3862 	EXP 	feedbackMsg: autoDraw = False
74.3862 	EXP 	cueImage: image = 'images/WinSmall.bmp'
74.3862 	EXP 	cueImage: autoDraw = True
74.9907 	DATA 	Keypress: 5
75.7740 	DATA 	Keypress: 5
76.4196 	EXP 	cueImage: autoDraw = False
76.4196 	EXP 	fixation: autoDraw = True
76.5399 	DATA 	Keypress: 5
77.3246 	DATA 	Keypress: 5
77.9701 	EXP 	fixation: autoDraw = False
77.9701 	EXP 	fixation: autoDraw = False
77.9701 	EXP 	Target: image = 'images/WinProbe.bmp'
77.9701 	EXP 	Target: autoDraw = True
78.1068 	DATA 	Keypress: 5
78.2556 	DATA 	Keypress: 1
78.3536 	EXP 	Target: autoDraw = False
78.3536 	EXP 	Target: autoDraw = False
78.3536 	EXP 	feedbackMsg: text = 'Correct Response!\n\nYou won $0.20!'
78.3536 	EXP 	feedbackMsg: autoDraw = True
78.8728 	DATA 	Keypress: 5
79.6573 	DATA 	Keypress: 5
79.9887 	EXP 	New trial (rep=0, index=8): OrderedDict([('Condition', 'LgReward'), ('FixationDur', 3000)])
80.0200 	EXP 	feedbackMsg: autoDraw = False
80.0200 	EXP 	feedbackMsg: autoDraw = False
80.0200 	EXP 	cueImage: image = 'images/WinBig.bmp'
80.0200 	EXP 	cueImage: autoDraw = True
80.4415 	DATA 	Keypress: 5
81.2056 	DATA 	Keypress: 5
81.9909 	DATA 	Keypress: 5
82.0538 	EXP 	cueImage: autoDraw = False
82.0538 	EXP 	fixation: autoDraw = True
82.7753 	DATA 	Keypress: 5
83.5402 	DATA 	Keypress: 5
84.3236 	DATA 	Keypress: 5
85.1034 	EXP 	fixation: autoDraw = False
85.1034 	EXP 	fixation: autoDraw = False
85.1034 	EXP 	Target: image = 'images/WinProbe.bmp'
85.1034 	EXP 	Target: autoDraw = True
85.1077 	DATA 	Keypress: 5
85.4179 	DATA 	Keypress: 1
85.4379 	EXP 	Target: autoDraw = False
85.4379 	EXP 	Target: autoDraw = False
85.4379 	EXP 	feedbackMsg: text = 'You pressed too slow!\n\nYou did not win $5.00!'
85.4379 	EXP 	feedbackMsg: autoDraw = True
85.8737 	DATA 	Keypress: 5
86.6569 	DATA 	Keypress: 5
87.1230 	EXP 	New trial (rep=0, index=9): OrderedDict([('Condition', 'LgPun'), ('FixationDur', 1500)])
87.1372 	EXP 	feedbackMsg: autoDraw = False
87.1372 	EXP 	feedbackMsg: autoDraw = False
87.1372 	EXP 	cueImage: image = 'images/LoseBig.bmp'
87.1372 	EXP 	cueImage: autoDraw = True
87.4404 	DATA 	Keypress: 5
88.2072 	DATA 	Keypress: 5
88.9904 	DATA 	Keypress: 5
89.1706 	EXP 	cueImage: autoDraw = False
89.1706 	EXP 	cueImage: autoDraw = False
89.1706 	EXP 	fixation: autoDraw = True
89.7734 	DATA 	Keypress: 5
90.5408 	DATA 	Keypress: 5
90.7045 	EXP 	fixation: autoDraw = False
90.7045 	EXP 	fixation: autoDraw = False
90.7045 	EXP 	Target: image = 'images/LoseProbe.bmp'
90.7045 	EXP 	Target: autoDraw = True
91.0214 	EXP 	Target: autoDraw = False
91.0214 	EXP 	Target: autoDraw = False
91.0214 	EXP 	feedbackMsg: text = 'You pressed too slow!\n\nYou lost $5.00!'
91.0214 	EXP 	feedbackMsg: autoDraw = True
91.1751 	DATA 	Keypress: 1
91.3251 	DATA 	Keypress: 5
92.1084 	DATA 	Keypress: 5
92.7229 	EXP 	New trial (rep=0, index=10): OrderedDict([('Condition', 'SmallReward'), ('FixationDur', 2000)])
92.7542 	EXP 	feedbackMsg: autoDraw = False
92.7542 	EXP 	feedbackMsg: autoDraw = False
92.7542 	EXP 	cueImage: image = 'images/WinSmall.bmp'
92.7542 	EXP 	cueImage: autoDraw = True
92.8740 	DATA 	Keypress: 5
93.6571 	DATA 	Keypress: 5
94.4420 	DATA 	Keypress: 5
94.7885 	EXP 	cueImage: autoDraw = False
94.7885 	EXP 	fixation: autoDraw = True
95.2082 	DATA 	Keypress: 5
95.9909 	DATA 	Keypress: 5
96.8264 	DATA 	Keypress: 5
96.8376 	EXP 	fixation: autoDraw = False
96.8376 	EXP 	fixation: autoDraw = False
96.8376 	EXP 	Target: image = 'images/WinProbe.bmp'
96.8376 	EXP 	Target: autoDraw = True
97.1510 	DATA 	Keypress: 1
97.1554 	EXP 	Target: autoDraw = False
97.1554 	EXP 	Target: autoDraw = False
97.1554 	EXP 	feedbackMsg: text = 'You pressed too slow!\n\nYou did not win $0.20!'
97.1554 	EXP 	feedbackMsg: autoDraw = True
97.5416 	DATA 	Keypress: 5
98.3237 	DATA 	Keypress: 5
98.8571 	EXP 	New trial (rep=0, index=11): OrderedDict([('Condition', 'LgReward'), ('FixationDur', 2000)])
98.8879 	EXP 	feedbackMsg: autoDraw = False
98.8879 	EXP 	feedbackMsg: autoDraw = False
98.8879 	EXP 	cueImage: image = 'images/WinBig.bmp'
98.8879 	EXP 	cueImage: autoDraw = True
99.1089 	DATA 	Keypress: 5
99.8916 	DATA 	Keypress: 5
100.6577 	DATA 	Keypress: 5
100.9214 	EXP 	cueImage: autoDraw = False
100.9214 	EXP 	fixation: autoDraw = True
101.4429 	DATA 	Keypress: 5
102.2264 	DATA 	Keypress: 5
102.9719 	EXP 	fixation: autoDraw = False
102.9719 	EXP 	fixation: autoDraw = False
102.9719 	EXP 	Target: image = 'images/WinProbe.bmp'
102.9719 	EXP 	Target: autoDraw = True
102.9909 	DATA 	Keypress: 5
103.2412 	DATA 	Keypress: 1
103.3059 	EXP 	Target: autoDraw = False
103.3059 	EXP 	Target: autoDraw = False
103.3059 	EXP 	feedbackMsg: text = 'Correct Response!\n\nYou won $5.00!'
103.3059 	EXP 	feedbackMsg: autoDraw = True
103.7764 	DATA 	Keypress: 5
104.5586 	DATA 	Keypress: 5
104.9904 	EXP 	New trial (rep=0, index=12): OrderedDict([('Condition', 'Triangle'), ('FixationDur', 2500)])
105.0052 	EXP 	feedbackMsg: autoDraw = False
105.0052 	EXP 	feedbackMsg: autoDraw = False
105.0052 	EXP 	cueImage: image = 'images/Neutral.bmp'
105.0052 	EXP 	cueImage: autoDraw = True
105.3248 	DATA 	Keypress: 5
106.1073 	DATA 	Keypress: 5
106.8922 	DATA 	Keypress: 5
107.0394 	EXP 	cueImage: autoDraw = False
107.0394 	EXP 	cueImage: autoDraw = False
107.0394 	EXP 	fixation: autoDraw = True
107.6585 	DATA 	Keypress: 5
108.4430 	DATA 	Keypress: 5
109.2271 	DATA 	Keypress: 5
109.5715 	EXP 	fixation: autoDraw = False
109.5715 	EXP 	fixation: autoDraw = False
109.5715 	EXP 	Target: image = 'images/NeutralProbe.bmp'
109.5715 	EXP 	Target: autoDraw = True
109.8588 	DATA 	Keypress: 1
109.9226 	EXP 	Target: autoDraw = False
109.9226 	EXP 	Target: autoDraw = False
109.9226 	EXP 	feedbackMsg: text = 'Correct Response!\n\nYou did not win or lose anything!'
109.9226 	EXP 	feedbackMsg: autoDraw = True
109.9924 	DATA 	Keypress: 5
110.7753 	DATA 	Keypress: 5
111.5602 	DATA 	Keypress: 5
111.6075 	EXP 	New trial (rep=0, index=13): OrderedDict([('Condition', 'LgReward'), ('FixationDur', 1500)])
111.6388 	EXP 	feedbackMsg: autoDraw = False
111.6388 	EXP 	feedbackMsg: autoDraw = False
111.6388 	EXP 	cueImage: image = 'images/WinBig.bmp'
111.6388 	EXP 	cueImage: autoDraw = True
112.3252 	DATA 	Keypress: 5
113.1088 	DATA 	Keypress: 5
113.6724 	EXP 	cueImage: autoDraw = False
113.6724 	EXP 	fixation: autoDraw = True
113.8939 	DATA 	Keypress: 5
114.6590 	DATA 	Keypress: 5
115.2223 	EXP 	fixation: autoDraw = False
115.2223 	EXP 	fixation: autoDraw = False
115.2223 	EXP 	Target: image = 'images/WinProbe.bmp'
115.2223 	EXP 	Target: autoDraw = True
115.4423 	DATA 	Keypress: 5
115.5674 	DATA 	Keypress: 1
115.5730 	EXP 	Target: autoDraw = False
115.5730 	EXP 	Target: autoDraw = False
115.5730 	EXP 	feedbackMsg: text = 'You pressed too slow!\n\nYou did not win $5.00!'
115.5730 	EXP 	feedbackMsg: autoDraw = True
116.2274 	DATA 	Keypress: 5
117.0088 	DATA 	Keypress: 5
117.2581 	EXP 	New trial (rep=0, index=14): OrderedDict([('Condition', 'LgPun'), ('FixationDur', 2500)])
117.2727 	EXP 	feedbackMsg: autoDraw = False
117.2727 	EXP 	feedbackMsg: autoDraw = False
117.2727 	EXP 	cueImage: image = 'images/LoseBig.bmp'
117.2727 	EXP 	cueImage: autoDraw = True
117.7756 	DATA 	Keypress: 5
118.5595 	DATA 	Keypress: 5
119.3067 	EXP 	cueImage: autoDraw = False
119.3067 	EXP 	cueImage: autoDraw = False
119.3067 	EXP 	fixation: autoDraw = True
119.3438 	DATA 	Keypress: 5
120.1091 	DATA 	Keypress: 5
120.8933 	DATA 	Keypress: 5
121.6775 	DATA 	Keypress: 5
121.8399 	EXP 	fixation: autoDraw = False
121.8399 	EXP 	fixation: autoDraw = False
121.8399 	EXP 	Target: image = 'images/LoseProbe.bmp'
121.8399 	EXP 	Target: autoDraw = True
122.1893 	EXP 	Target: autoDraw = False
122.1893 	EXP 	Target: autoDraw = False
122.1893 	EXP 	feedbackMsg: text = 'You pressed too slow!\n\nYou lost $5.00!'
122.1893 	EXP 	feedbackMsg: autoDraw = True
122.2444 	DATA 	Keypress: 1
122.4431 	DATA 	Keypress: 5
123.2273 	DATA 	Keypress: 5
123.8754 	EXP 	New trial (rep=0, index=15): OrderedDict([('Condition', 'SmallReward'), ('FixationDur', 1500)])
123.9063 	EXP 	feedbackMsg: autoDraw = False
123.9063 	EXP 	feedbackMsg: autoDraw = False
123.9063 	EXP 	cueImage: image = 'images/WinSmall.bmp'
123.9063 	EXP 	cueImage: autoDraw = True
124.0100 	DATA 	Keypress: 5
124.7750 	DATA 	Keypress: 5
125.5601 	DATA 	Keypress: 5
125.9405 	EXP 	cueImage: autoDraw = False
125.9405 	EXP 	fixation: autoDraw = True
126.3445 	DATA 	Keypress: 5
127.1099 	DATA 	Keypress: 5
127.4896 	EXP 	fixation: autoDraw = False
127.4896 	EXP 	fixation: autoDraw = False
127.4896 	EXP 	Target: image = 'images/WinProbe.bmp'
127.4896 	EXP 	Target: autoDraw = True
127.8687 	DATA 	Keypress: 1
127.8760 	EXP 	Target: autoDraw = False
127.8760 	EXP 	Target: autoDraw = False
127.8760 	EXP 	feedbackMsg: text = 'You pressed too slow!\n\nYou did not win $0.20!'
127.8760 	EXP 	feedbackMsg: autoDraw = True
127.8935 	DATA 	Keypress: 5
128.6772 	DATA 	Keypress: 5
129.4438 	DATA 	Keypress: 5
129.5089 	EXP 	New trial (rep=0, index=16): OrderedDict([('Condition', 'LgReward'), ('FixationDur', 1500)])
129.5395 	EXP 	feedbackMsg: autoDraw = False
129.5395 	EXP 	feedbackMsg: autoDraw = False
129.5395 	EXP 	cueImage: image = 'images/WinBig.bmp'
129.5395 	EXP 	cueImage: autoDraw = True
130.2272 	DATA 	Keypress: 5
131.0105 	DATA 	Keypress: 5
131.5744 	EXP 	cueImage: autoDraw = False
131.5744 	EXP 	fixation: autoDraw = True
131.7775 	DATA 	Keypress: 5
132.5613 	DATA 	Keypress: 5
133.1240 	EXP 	fixation: autoDraw = False
133.1240 	EXP 	fixation: autoDraw = False
133.1240 	EXP 	Target: image = 'images/WinProbe.bmp'
133.1240 	EXP 	Target: autoDraw = True
133.3451 	DATA 	Keypress: 5
133.5036 	DATA 	Keypress: 1
133.5104 	EXP 	Target: autoDraw = False
133.5104 	EXP 	Target: autoDraw = False
133.5104 	EXP 	feedbackMsg: text = 'You pressed too slow!\n\nYou did not win $5.00!'
133.5104 	EXP 	feedbackMsg: autoDraw = True
134.1104 	DATA 	Keypress: 5
134.8945 	DATA 	Keypress: 5
135.1426 	EXP 	New trial (rep=0, index=17): OrderedDict([('Condition', 'SmallPun'), ('FixationDur', 3500)])
135.1574 	EXP 	feedbackMsg: autoDraw = False
135.1574 	EXP 	feedbackMsg: autoDraw = False
135.1574 	EXP 	cueImage: image = 'images/LoseSmall.bmp'
135.1574 	EXP 	cueImage: autoDraw = True
135.6769 	DATA 	Keypress: 5
136.4438 	DATA 	Keypress: 5
137.1772 	EXP 	cueImage: autoDraw = False
137.1772 	EXP 	cueImage: autoDraw = False
137.1772 	EXP 	fixation: autoDraw = True
137.2264 	DATA 	Keypress: 5
138.0126 	DATA 	Keypress: 5
138.7779 	DATA 	Keypress: 5
139.5602 	DATA 	Keypress: 5
140.3457 	DATA 	Keypress: 5
140.7242 	EXP 	fixation: autoDraw = False
140.7242 	EXP 	fixation: autoDraw = False
140.7242 	EXP 	Target: image = 'images/LoseProbe.bmp'
140.7242 	EXP 	Target: autoDraw = True
141.0288 	DATA 	Keypress: 1
141.1212 	DATA 	Keypress: 5
141.1276 	EXP 	Target: autoDraw = False
141.1276 	EXP 	Target: autoDraw = False
141.1276 	EXP 	feedbackMsg: text = 'Correct Response!\n\nYou did not lose $0.20!'
141.1276 	EXP 	feedbackMsg: autoDraw = True
141.8940 	DATA 	Keypress: 5
142.6792 	DATA 	Keypress: 5
142.7602 	EXP 	New trial (rep=0, index=18): OrderedDict([('Condition', 'LgPun'), ('FixationDur', 1500)])
142.7744 	EXP 	feedbackMsg: autoDraw = False
142.7744 	EXP 	feedbackMsg: autoDraw = False
142.7744 	EXP 	cueImage: image = 'images/LoseBig.bmp'
142.7744 	EXP 	cueImage: autoDraw = True
143.4618 	DATA 	Keypress: 5
144.2265 	DATA 	Keypress: 5
144.8081 	EXP 	cueImage: autoDraw = False
144.8081 	EXP 	cueImage: autoDraw = False
144.8081 	EXP 	fixation: autoDraw = True
145.0130 	DATA 	Keypress: 5
145.7950 	DATA 	Keypress: 5
146.3412 	EXP 	fixation: autoDraw = False
146.3412 	EXP 	fixation: autoDraw = False
146.3412 	EXP 	Target: image = 'images/LoseProbe.bmp'
146.3412 	EXP 	Target: autoDraw = True
146.5600 	DATA 	Keypress: 5
146.7750 	EXP 	Target: autoDraw = False
146.7750 	EXP 	Target: autoDraw = False
146.7750 	EXP 	feedbackMsg: text = 'You pressed too slow!\n\nYou lost $5.00!'
146.7750 	EXP 	feedbackMsg: autoDraw = True
146.8280 	DATA 	Keypress: 1
147.3432 	DATA 	Keypress: 5
148.1280 	DATA 	Keypress: 5
148.3604 	EXP 	New trial (rep=0, index=19): OrderedDict([('Condition', 'LgPun'), ('FixationDur', 3500)])
148.3751 	EXP 	feedbackMsg: autoDraw = False
148.3751 	EXP 	feedbackMsg: autoDraw = False
148.3751 	EXP 	cueImage: image = 'images/LoseBig.bmp'
148.3751 	EXP 	cueImage: autoDraw = True
148.8937 	DATA 	Keypress: 5
149.6775 	DATA 	Keypress: 5
150.4088 	EXP 	cueImage: autoDraw = False
150.4088 	EXP 	cueImage: autoDraw = False
150.4088 	EXP 	fixation: autoDraw = True
150.4630 	DATA 	Keypress: 5
151.2285 	DATA 	Keypress: 5
152.0130 	DATA 	Keypress: 5
152.7966 	DATA 	Keypress: 5
153.5616 	DATA 	Keypress: 5
153.9417 	EXP 	fixation: autoDraw = False
153.9417 	EXP 	fixation: autoDraw = False
153.9417 	EXP 	Target: image = 'images/LoseProbe.bmp'
153.9417 	EXP 	Target: autoDraw = True
154.1964 	DATA 	Keypress: 1
154.3717 	DATA 	Keypress: 5
154.3798 	EXP 	Target: autoDraw = False
154.3798 	EXP 	Target: autoDraw = False
154.3798 	EXP 	feedbackMsg: text = 'Correct Response!\n\nYou did not lose $5.00!'
154.3798 	EXP 	feedbackMsg: autoDraw = True
155.1304 	DATA 	Keypress: 5
155.8948 	DATA 	Keypress: 5
155.9606 	EXP 	New trial (rep=0, index=20): OrderedDict([('Condition', 'SmallReward'), ('FixationDur', 2500)])
155.9916 	EXP 	feedbackMsg: autoDraw = False
155.9916 	EXP 	feedbackMsg: autoDraw = False
155.9916 	EXP 	cueImage: image = 'images/WinSmall.bmp'
155.9916 	EXP 	cueImage: autoDraw = True
156.6780 	DATA 	Keypress: 5
157.4605 	DATA 	Keypress: 5
158.0255 	EXP 	cueImage: autoDraw = False
158.0255 	EXP 	fixation: autoDraw = True
158.2290 	DATA 	Keypress: 5
159.0123 	DATA 	Keypress: 5
159.7972 	DATA 	Keypress: 5
160.5629 	DATA 	Keypress: 5
160.5749 	EXP 	fixation: autoDraw = False
160.5749 	EXP 	fixation: autoDraw = False
160.5749 	EXP 	Target: image = 'images/WinProbe.bmp'
160.5749 	EXP 	Target: autoDraw = True
161.0088 	EXP 	Target: autoDraw = False
161.0088 	EXP 	Target: autoDraw = False
161.0088 	EXP 	feedbackMsg: text = 'You pressed too slow!\n\nYou did not win $0.20!'
161.0088 	EXP 	feedbackMsg: autoDraw = True
161.0790 	DATA 	Keypress: 1
161.3452 	DATA 	Keypress: 5
162.1301 	DATA 	Keypress: 5
162.5946 	EXP 	New trial (rep=0, index=21): OrderedDict([('Condition', 'LgPun'), ('FixationDur', 2000)])
162.6088 	EXP 	feedbackMsg: autoDraw = False
162.6088 	EXP 	feedbackMsg: autoDraw = False
162.6088 	EXP 	cueImage: image = 'images/LoseBig.bmp'
162.6088 	EXP 	cueImage: autoDraw = True
162.9132 	DATA 	Keypress: 5
163.6791 	DATA 	Keypress: 5
164.4631 	DATA 	Keypress: 5
164.6424 	EXP 	cueImage: autoDraw = False
164.6424 	EXP 	cueImage: autoDraw = False
164.6424 	EXP 	fixation: autoDraw = True
165.2474 	DATA 	Keypress: 5
166.0115 	DATA 	Keypress: 5
166.6761 	EXP 	fixation: autoDraw = False
166.6761 	EXP 	fixation: autoDraw = False
166.6761 	EXP 	Target: image = 'images/LoseProbe.bmp'
166.6761 	EXP 	Target: autoDraw = True
166.7965 	DATA 	Keypress: 5
166.9638 	DATA 	Keypress: 1
167.1423 	EXP 	Target: autoDraw = False
167.1423 	EXP 	Target: autoDraw = False
167.1423 	EXP 	feedbackMsg: text = 'Correct Response!\n\nYou did not lose $5.00!'
167.1423 	EXP 	feedbackMsg: autoDraw = True
167.5808 	DATA 	Keypress: 5
168.3450 	DATA 	Keypress: 5
168.6948 	EXP 	New trial (rep=0, index=22): OrderedDict([('Condition', 'Triangle'), ('FixationDur', 2000)])
168.7090 	EXP 	feedbackMsg: autoDraw = False
168.7090 	EXP 	feedbackMsg: autoDraw = False
168.7090 	EXP 	cueImage: image = 'images/Neutral.bmp'
168.7090 	EXP 	cueImage: autoDraw = True
169.1305 	DATA 	Keypress: 5
169.9124 	DATA 	Keypress: 5
170.6789 	DATA 	Keypress: 5
170.7319 	EXP 	cueImage: autoDraw = False
170.7319 	EXP 	cueImage: autoDraw = False
170.7319 	EXP 	fixation: autoDraw = True
171.4622 	DATA 	Keypress: 5
172.2476 	DATA 	Keypress: 5
172.7759 	EXP 	fixation: autoDraw = False
172.7759 	EXP 	fixation: autoDraw = False
172.7759 	EXP 	Target: image = 'images/NeutralProbe.bmp'
172.7759 	EXP 	Target: autoDraw = True
173.0125 	DATA 	Keypress: 5
173.2379 	DATA 	Keypress: 1
173.2432 	EXP 	Target: autoDraw = False
173.2432 	EXP 	Target: autoDraw = False
173.2432 	EXP 	feedbackMsg: text = 'You pressed too slow!\n\nYou did not win or lose anything!'
173.2432 	EXP 	feedbackMsg: autoDraw = True
173.7975 	DATA 	Keypress: 5
174.5804 	DATA 	Keypress: 5
174.7936 	EXP 	New trial (rep=0, index=23): OrderedDict([('Condition', 'LgPun'), ('FixationDur', 4000)])
174.8093 	EXP 	feedbackMsg: autoDraw = False
174.8093 	EXP 	feedbackMsg: autoDraw = False
174.8093 	EXP 	cueImage: image = 'images/LoseBig.bmp'
174.8093 	EXP 	cueImage: autoDraw = True
175.3462 	DATA 	Keypress: 5
176.1286 	DATA 	Keypress: 5
176.8334 	EXP 	cueImage: autoDraw = False
176.8334 	EXP 	fixation: autoDraw = True
176.9146 	DATA 	Keypress: 5
177.6802 	DATA 	Keypress: 5
178.4636 	DATA 	Keypress: 5
179.2470 	DATA 	Keypress: 5
180.0141 	DATA 	Keypress: 5
180.7963 	DATA 	Keypress: 5
180.8763 	EXP 	fixation: autoDraw = False
180.8763 	EXP 	fixation: autoDraw = False
180.8763 	EXP 	Target: image = 'images/LoseProbe.bmp'
180.8763 	EXP 	Target: autoDraw = True
181.1480 	DATA 	Keypress: 1
181.3438 	EXP 	Target: autoDraw = False
181.3438 	EXP 	Target: autoDraw = False
181.3438 	EXP 	feedbackMsg: text = 'Correct Response!\n\nYou did not lose $5.00!'
181.3438 	EXP 	feedbackMsg: autoDraw = True
181.5819 	DATA 	Keypress: 5
182.3632 	DATA 	Keypress: 5
182.8955 	EXP 	New trial (rep=0, index=24): OrderedDict([('Condition', 'LgPun'), ('FixationDur', 2000)])
182.9105 	EXP 	feedbackMsg: autoDraw = False
182.9105 	EXP 	feedbackMsg: autoDraw = False
182.9105 	EXP 	cueImage: image = 'images/LoseBig.bmp'
182.9105 	EXP 	cueImage: autoDraw = True
183.1296 	DATA 	Keypress: 5
183.9140 	DATA 	Keypress: 5
184.6978 	DATA 	Keypress: 5
184.9340 	EXP 	cueImage: autoDraw = False
184.9340 	EXP 	cueImage: autoDraw = False
184.9340 	EXP 	fixation: autoDraw = True
185.4627 	DATA 	Keypress: 5
186.2487 	DATA 	Keypress: 5
186.9767 	EXP 	fixation: autoDraw = False
186.9767 	EXP 	fixation: autoDraw = False
186.9767 	EXP 	Target: image = 'images/LoseProbe.bmp'
186.9767 	EXP 	Target: autoDraw = True
187.0314 	DATA 	Keypress: 5
187.2969 	DATA 	Keypress: 1
187.4337 	EXP 	Target: autoDraw = False
187.4337 	EXP 	Target: autoDraw = False
187.4337 	EXP 	feedbackMsg: text = 'Correct Response!\n\nYou did not lose $5.00!'
187.4337 	EXP 	feedbackMsg: autoDraw = True
187.7965 	DATA 	Keypress: 5
188.5813 	DATA 	Keypress: 5
188.9793 	EXP 	New trial (rep=0, index=25): OrderedDict([('Condition', 'SmallPun'), ('FixationDur', 1500)])
188.9942 	EXP 	feedbackMsg: autoDraw = False
188.9942 	EXP 	feedbackMsg: autoDraw = False
188.9942 	EXP 	cueImage: image = 'images/LoseSmall.bmp'
188.9942 	EXP 	cueImage: autoDraw = True
189.3649 	DATA 	Keypress: 5
190.1291 	DATA 	Keypress: 5
190.9149 	DATA 	Keypress: 5
191.0175 	EXP 	cueImage: autoDraw = False
191.0175 	EXP 	cueImage: autoDraw = False
191.0175 	EXP 	fixation: autoDraw = True
191.6988 	DATA 	Keypress: 5
192.4642 	DATA 	Keypress: 5
192.5610 	EXP 	fixation: autoDraw = False
192.5610 	EXP 	fixation: autoDraw = False
192.5610 	EXP 	Target: image = 'images/LoseProbe.bmp'
192.5610 	EXP 	Target: autoDraw = True
192.9321 	DATA 	Keypress: 1
193.0110 	EXP 	Target: autoDraw = False
193.0110 	EXP 	Target: autoDraw = False
193.0110 	EXP 	feedbackMsg: text = 'Correct Response!\n\nYou did not lose $0.20!'
193.0110 	EXP 	feedbackMsg: autoDraw = True
193.2484 	DATA 	Keypress: 5
194.0323 	DATA 	Keypress: 5
194.5800 	EXP 	New trial (rep=0, index=26): OrderedDict([('Condition', 'LgPun'), ('FixationDur', 3000)])
194.5946 	EXP 	feedbackMsg: autoDraw = False
194.5946 	EXP 	feedbackMsg: autoDraw = False
194.5946 	EXP 	cueImage: image = 'images/LoseBig.bmp'
194.5946 	EXP 	cueImage: autoDraw = True
194.7976 	DATA 	Keypress: 5
195.5807 	DATA 	Keypress: 5
196.3653 	DATA 	Keypress: 5
196.6184 	EXP 	cueImage: autoDraw = False
196.6184 	EXP 	cueImage: autoDraw = False
196.6184 	EXP 	fixation: autoDraw = True
197.1310 	DATA 	Keypress: 5
197.9152 	DATA 	Keypress: 5
198.6991 	DATA 	Keypress: 5
199.4645 	DATA 	Keypress: 5
199.6612 	EXP 	fixation: autoDraw = False
199.6612 	EXP 	fixation: autoDraw = False
199.6612 	EXP 	Target: image = 'images/LoseProbe.bmp'
199.6612 	EXP 	Target: autoDraw = True
199.9318 	DATA 	Keypress: 1
200.1111 	EXP 	Target: autoDraw = False
200.1111 	EXP 	Target: autoDraw = False
200.1111 	EXP 	feedbackMsg: text = 'Correct Response!\n\nYou did not lose $5.00!'
200.1111 	EXP 	feedbackMsg: autoDraw = True
200.2481 	DATA 	Keypress: 5
201.0332 	DATA 	Keypress: 5
201.6801 	EXP 	New trial (rep=0, index=27): OrderedDict([('Condition', 'LgReward'), ('FixationDur', 2000)])
201.7117 	EXP 	feedbackMsg: autoDraw = False
201.7117 	EXP 	feedbackMsg: autoDraw = False
201.7117 	EXP 	cueImage: image = 'images/WinBig.bmp'
201.7117 	EXP 	cueImage: autoDraw = True
201.8158 	DATA 	Keypress: 5
202.5807 	DATA 	Keypress: 5
203.3658 	DATA 	Keypress: 5
203.7361 	EXP 	cueImage: autoDraw = False
203.7361 	EXP 	fixation: autoDraw = True
204.1500 	DATA 	Keypress: 5
204.9151 	DATA 	Keypress: 5
205.6996 	DATA 	Keypress: 5
205.7860 	EXP 	fixation: autoDraw = False
205.7860 	EXP 	fixation: autoDraw = False
205.7860 	EXP 	Target: image = 'images/WinProbe.bmp'
205.7860 	EXP 	Target: autoDraw = True
206.0482 	DATA 	Keypress: 1
206.2446 	EXP 	Target: autoDraw = False
206.2446 	EXP 	Target: autoDraw = False
206.2446 	EXP 	feedbackMsg: text = 'Correct Response!\n\nYou won $5.00!'
206.2446 	EXP 	feedbackMsg: autoDraw = True
206.4824 	DATA 	Keypress: 5
207.2481 	DATA 	Keypress: 5
207.8140 	EXP 	New trial (rep=0, index=28): OrderedDict([('Condition', 'Triangle'), ('FixationDur', 1500)])
207.8285 	EXP 	feedbackMsg: autoDraw = False
207.8285 	EXP 	feedbackMsg: autoDraw = False
207.8285 	EXP 	cueImage: image = 'images/Neutral.bmp'
207.8285 	EXP 	cueImage: autoDraw = True
208.0327 	DATA 	Keypress: 5
208.8149 	DATA 	Keypress: 5
209.5808 	DATA 	Keypress: 5
209.8541 	EXP 	cueImage: autoDraw = False
209.8541 	EXP 	cueImage: autoDraw = False
209.8541 	EXP 	fixation: autoDraw = True
210.3656 	DATA 	Keypress: 5
211.1488 	DATA 	Keypress: 5
211.3959 	EXP 	fixation: autoDraw = False
211.3959 	EXP 	fixation: autoDraw = False
211.3959 	EXP 	Target: image = 'images/NeutralProbe.bmp'
211.3959 	EXP 	Target: autoDraw = True
211.7959 	EXP 	Target: autoDraw = False
211.7959 	EXP 	Target: autoDraw = False
211.7959 	EXP 	feedbackMsg: text = 'You pressed too slow!\n\nYou did not win or lose anything!'
211.7959 	EXP 	feedbackMsg: autoDraw = True
211.9152 	DATA 	Keypress: 5
212.6996 	DATA 	Keypress: 5
213.4143 	EXP 	New trial (rep=0, index=29): OrderedDict([('Condition', 'Triangle'), ('FixationDur', 2000)])
213.4286 	EXP 	feedbackMsg: autoDraw = False
213.4286 	EXP 	feedbackMsg: autoDraw = False
213.4286 	EXP 	cueImage: image = 'images/Neutral.bmp'
213.4286 	EXP 	cueImage: autoDraw = True
213.4815 	DATA 	Keypress: 5
214.2487 	DATA 	Keypress: 5
215.0320 	DATA 	Keypress: 5
215.4548 	EXP 	cueImage: autoDraw = False
215.4548 	EXP 	cueImage: autoDraw = False
215.4548 	EXP 	fixation: autoDraw = True
215.8170 	DATA 	Keypress: 5
216.5825 	DATA 	Keypress: 5
217.3672 	DATA 	Keypress: 5
217.4964 	EXP 	fixation: autoDraw = False
217.4964 	EXP 	fixation: autoDraw = False
217.4964 	EXP 	Target: image = 'images/NeutralProbe.bmp'
217.4964 	EXP 	Target: autoDraw = True
217.8860 	DATA 	Keypress: 1
217.8962 	EXP 	Target: autoDraw = False
217.8962 	EXP 	Target: autoDraw = False
217.8962 	EXP 	feedbackMsg: text = 'You pressed too slow!\n\nYou did not win or lose anything!'
217.8962 	EXP 	feedbackMsg: autoDraw = True
218.1506 	DATA 	Keypress: 5
218.9158 	DATA 	Keypress: 5
219.5146 	EXP 	New trial (rep=0, index=30): OrderedDict([('Condition', 'SmallReward'), ('FixationDur', 4000)])
219.5398 	EXP 	feedbackMsg: autoDraw = False
219.5398 	EXP 	feedbackMsg: autoDraw = False
219.5398 	EXP 	cueImage: image = 'images/WinSmall.bmp'
219.5398 	EXP 	cueImage: autoDraw = True
219.6987 	DATA 	Keypress: 5
220.4827 	DATA 	Keypress: 5
221.2492 	DATA 	Keypress: 5
221.5714 	EXP 	cueImage: autoDraw = False
221.5714 	EXP 	fixation: autoDraw = True
222.0321 	DATA 	Keypress: 5
222.8175 	DATA 	Keypress: 5
223.5831 	DATA 	Keypress: 5
224.3664 	DATA 	Keypress: 5
225.1513 	DATA 	Keypress: 5
225.6223 	EXP 	fixation: autoDraw = False
225.6223 	EXP 	fixation: autoDraw = False
225.6223 	EXP 	Target: image = 'images/WinProbe.bmp'
225.6223 	EXP 	Target: autoDraw = True
225.9010 	DATA 	Keypress: 1
225.9342 	DATA 	Keypress: 5
226.0298 	EXP 	Target: autoDraw = False
226.0298 	EXP 	Target: autoDraw = False
226.0298 	EXP 	feedbackMsg: text = 'Correct Response!\n\nYou won $0.20!'
226.0298 	EXP 	feedbackMsg: autoDraw = True
226.7006 	DATA 	Keypress: 5
227.4836 	DATA 	Keypress: 5
227.6485 	EXP 	New trial (rep=0, index=31): OrderedDict([('Condition', 'Triangle'), ('FixationDur', 4000)])
227.6638 	EXP 	feedbackMsg: autoDraw = False
227.6638 	EXP 	feedbackMsg: autoDraw = False
227.6638 	EXP 	cueImage: image = 'images/Neutral.bmp'
227.6638 	EXP 	cueImage: autoDraw = True
228.2664 	DATA 	Keypress: 5
229.0316 	DATA 	Keypress: 5
229.6898 	EXP 	cueImage: autoDraw = False
229.6898 	EXP 	cueImage: autoDraw = False
229.6898 	EXP 	fixation: autoDraw = True
229.8176 	DATA 	Keypress: 5
230.6013 	DATA 	Keypress: 5
231.3664 	DATA 	Keypress: 5
232.1517 	DATA 	Keypress: 5
232.9351 	DATA 	Keypress: 5
233.7226 	DATA 	Keypress: 5
233.7303 	EXP 	fixation: autoDraw = False
233.7303 	EXP 	fixation: autoDraw = False
233.7303 	EXP 	Target: image = 'images/NeutralProbe.bmp'
233.7303 	EXP 	Target: autoDraw = True
234.1299 	EXP 	Target: autoDraw = False
234.1299 	EXP 	Target: autoDraw = False
234.1299 	EXP 	feedbackMsg: text = 'You pressed too slow!\n\nYou did not win or lose anything!'
234.1299 	EXP 	feedbackMsg: autoDraw = True
234.4839 	DATA 	Keypress: 5
235.2670 	DATA 	Keypress: 5
235.7490 	EXP 	New trial (rep=0, index=32): OrderedDict([('Condition', 'SmallReward'), ('FixationDur', 3500)])
235.7729 	EXP 	feedbackMsg: autoDraw = False
235.7729 	EXP 	feedbackMsg: autoDraw = False
235.7729 	EXP 	cueImage: image = 'images/WinSmall.bmp'
235.7729 	EXP 	cueImage: autoDraw = True
236.0335 	DATA 	Keypress: 5
236.8163 	DATA 	Keypress: 5
237.6001 	DATA 	Keypress: 5
237.8077 	EXP 	cueImage: autoDraw = False
237.8077 	EXP 	fixation: autoDraw = True
238.3671 	DATA 	Keypress: 5
239.1503 	DATA 	Keypress: 5
239.9342 	DATA 	Keypress: 5
240.7006 	DATA 	Keypress: 5
241.3571 	EXP 	fixation: autoDraw = False
241.3571 	EXP 	fixation: autoDraw = False
241.3571 	EXP 	Target: image = 'images/WinProbe.bmp'
241.3571 	EXP 	Target: autoDraw = True
241.4834 	DATA 	Keypress: 5
241.6010 	DATA 	Keypress: 1
241.7647 	EXP 	Target: autoDraw = False
241.7647 	EXP 	Target: autoDraw = False
241.7647 	EXP 	feedbackMsg: text = 'Correct Response!\n\nYou won $0.20!'
241.7647 	EXP 	feedbackMsg: autoDraw = True
242.2688 	DATA 	Keypress: 5
243.0342 	DATA 	Keypress: 5
243.3826 	EXP 	New trial (rep=0, index=33): OrderedDict([('Condition', 'Triangle'), ('FixationDur', 1500)])
243.3977 	EXP 	feedbackMsg: autoDraw = False
243.3977 	EXP 	feedbackMsg: autoDraw = False
243.3977 	EXP 	cueImage: image = 'images/Neutral.bmp'
243.3977 	EXP 	cueImage: autoDraw = True
243.8163 	DATA 	Keypress: 5
244.6007 	DATA 	Keypress: 5
245.3676 	DATA 	Keypress: 5
245.4250 	EXP 	cueImage: autoDraw = False
245.4250 	EXP 	cueImage: autoDraw = False
245.4250 	EXP 	fixation: autoDraw = True
246.1502 	DATA 	Keypress: 5
246.9553 	DATA 	Keypress: 5
246.9642 	EXP 	fixation: autoDraw = False
246.9642 	EXP 	fixation: autoDraw = False
246.9642 	EXP 	Target: image = 'images/NeutralProbe.bmp'
246.9642 	EXP 	Target: autoDraw = True
247.2854 	DATA 	Keypress: 1
247.3648 	EXP 	Target: autoDraw = False
247.3648 	EXP 	Target: autoDraw = False
247.3648 	EXP 	feedbackMsg: text = 'Correct Response!\n\nYou did not win or lose anything!'
247.3648 	EXP 	feedbackMsg: autoDraw = True
247.7191 	DATA 	Keypress: 5
248.4841 	DATA 	Keypress: 5
248.9813 	EXP 	New trial (rep=0, index=34): OrderedDict([('Condition', 'SmallReward'), ('FixationDur', 1500)])
249.0078 	EXP 	feedbackMsg: autoDraw = False
249.0078 	EXP 	feedbackMsg: autoDraw = False
249.0078 	EXP 	cueImage: image = 'images/WinSmall.bmp'
249.0078 	EXP 	cueImage: autoDraw = True
249.2678 	DATA 	Keypress: 5
250.0519 	DATA 	Keypress: 5
250.8176 	DATA 	Keypress: 5
251.0254 	EXP 	cueImage: autoDraw = False
251.0254 	EXP 	fixation: autoDraw = True
251.6025 	DATA 	Keypress: 5
252.3857 	DATA 	Keypress: 5
252.5760 	EXP 	fixation: autoDraw = False
252.5760 	EXP 	fixation: autoDraw = False
252.5760 	EXP 	Target: image = 'images/WinProbe.bmp'
252.5760 	EXP 	Target: autoDraw = True
252.9784 	DATA 	Keypress: 1
252.9933 	EXP 	Target: autoDraw = False
252.9933 	EXP 	Target: autoDraw = False
252.9933 	EXP 	feedbackMsg: text = 'You pressed too slow!\n\nYou did not win $0.20!'
252.9933 	EXP 	feedbackMsg: autoDraw = True
253.1513 	DATA 	Keypress: 5
253.9356 	DATA 	Keypress: 5
254.6005 	EXP 	New trial (rep=0, index=35): OrderedDict([('Condition', 'SmallPun'), ('FixationDur', 4000)])
254.6148 	EXP 	feedbackMsg: autoDraw = False
254.6148 	EXP 	feedbackMsg: autoDraw = False
254.6148 	EXP 	cueImage: image = 'images/LoseSmall.bmp'
254.6148 	EXP 	cueImage: autoDraw = True
254.7177 	DATA 	Keypress: 5
255.4848 	DATA 	Keypress: 5
256.2681 	DATA 	Keypress: 5
256.6440 	EXP 	cueImage: autoDraw = False
256.6440 	EXP 	cueImage: autoDraw = False
256.6440 	EXP 	fixation: autoDraw = True
257.0533 	DATA 	Keypress: 5
257.8186 	DATA 	Keypress: 5
258.6017 	DATA 	Keypress: 5
259.3850 	DATA 	Keypress: 5
260.1521 	DATA 	Keypress: 5
260.6769 	EXP 	fixation: autoDraw = False
260.6769 	EXP 	fixation: autoDraw = False
260.6769 	EXP 	Target: image = 'images/LoseProbe.bmp'
260.6769 	EXP 	Target: autoDraw = True
260.9354 	DATA 	Keypress: 5
260.9858 	DATA 	Keypress: 1
261.0491 	EXP 	Target: autoDraw = False
261.0491 	EXP 	Target: autoDraw = False
261.0491 	EXP 	feedbackMsg: text = 'Correct Response!\n\nYou did not lose $0.20!'
261.0491 	EXP 	feedbackMsg: autoDraw = True
261.7196 	DATA 	Keypress: 5
262.4856 	DATA 	Keypress: 5
262.7006 	EXP 	New trial (rep=0, index=36): OrderedDict([('Condition', 'Triangle'), ('FixationDur', 1500)])
262.7159 	EXP 	feedbackMsg: autoDraw = False
262.7159 	EXP 	feedbackMsg: autoDraw = False
262.7159 	EXP 	cueImage: image = 'images/Neutral.bmp'
262.7159 	EXP 	cueImage: autoDraw = True
263.2678 	DATA 	Keypress: 5
264.0518 	DATA 	Keypress: 5
264.7451 	EXP 	cueImage: autoDraw = False
264.7451 	EXP 	cueImage: autoDraw = False
264.7451 	EXP 	fixation: autoDraw = True
264.8193 	DATA 	Keypress: 5
265.6026 	DATA 	Keypress: 5
266.2778 	EXP 	fixation: autoDraw = False
266.2778 	EXP 	fixation: autoDraw = False
266.2778 	EXP 	Target: image = 'images/NeutralProbe.bmp'
266.2778 	EXP 	Target: autoDraw = True
266.3866 	DATA 	Keypress: 5
266.6492 	EXP 	Target: autoDraw = False
266.6492 	EXP 	Target: autoDraw = False
266.6492 	EXP 	feedbackMsg: text = 'You pressed too slow!\n\nYou did not win or lose anything!'
266.6492 	EXP 	feedbackMsg: autoDraw = True
267.1531 	DATA 	Keypress: 5
267.9355 	DATA 	Keypress: 5
268.3014 	EXP 	New trial (rep=0, index=37): OrderedDict([('Condition', 'SmallPun'), ('FixationDur', 2000)])
268.3156 	EXP 	feedbackMsg: autoDraw = False
268.3156 	EXP 	feedbackMsg: autoDraw = False
268.3156 	EXP 	cueImage: image = 'images/LoseSmall.bmp'
268.3156 	EXP 	cueImage: autoDraw = True
268.7188 	DATA 	Keypress: 5
269.5012 	DATA 	Keypress: 5
270.2687 	DATA 	Keypress: 5
270.3449 	EXP 	cueImage: autoDraw = False
270.3449 	EXP 	cueImage: autoDraw = False
270.3449 	EXP 	fixation: autoDraw = True
271.0536 	DATA 	Keypress: 5
271.8374 	DATA 	Keypress: 5
272.3786 	EXP 	fixation: autoDraw = False
272.3786 	EXP 	fixation: autoDraw = False
272.3786 	EXP 	Target: image = 'images/LoseProbe.bmp'
272.3786 	EXP 	Target: autoDraw = True
272.6028 	DATA 	Keypress: 5
272.6366 	DATA 	Keypress: 1
272.7501 	EXP 	Target: autoDraw = False
272.7501 	EXP 	Target: autoDraw = False
272.7501 	EXP 	feedbackMsg: text = 'Correct Response!\n\nYou did not lose $0.20!'
272.7501 	EXP 	feedbackMsg: autoDraw = True
273.3878 	DATA 	Keypress: 5
274.1706 	DATA 	Keypress: 5
274.4016 	EXP 	New trial (rep=0, index=38): OrderedDict([('Condition', 'LgReward'), ('FixationDur', 2500)])
274.4289 	EXP 	feedbackMsg: autoDraw = False
274.4289 	EXP 	feedbackMsg: autoDraw = False
274.4289 	EXP 	cueImage: image = 'images/WinBig.bmp'
274.4289 	EXP 	cueImage: autoDraw = True
274.9348 	DATA 	Keypress: 5
275.7199 	DATA 	Keypress: 5
276.4631 	EXP 	cueImage: autoDraw = False
276.4631 	EXP 	fixation: autoDraw = True
276.5005 	DATA 	Keypress: 5
277.2834 	DATA 	Keypress: 5
278.0529 	DATA 	Keypress: 5
278.8379 	DATA 	Keypress: 5
279.0124 	EXP 	fixation: autoDraw = False
279.0124 	EXP 	fixation: autoDraw = False
279.0124 	EXP 	Target: image = 'images/WinProbe.bmp'
279.0124 	EXP 	Target: autoDraw = True
279.3003 	DATA 	Keypress: 1
279.3794 	EXP 	Target: autoDraw = False
279.3794 	EXP 	Target: autoDraw = False
279.3794 	EXP 	feedbackMsg: text = 'Correct Response!\n\nYou won $5.00!'
279.3794 	EXP 	feedbackMsg: autoDraw = True
279.6024 	DATA 	Keypress: 5
280.3870 	DATA 	Keypress: 5
281.0353 	EXP 	New trial (rep=0, index=39): OrderedDict([('Condition', 'LgReward'), ('FixationDur', 1500)])
281.0627 	EXP 	feedbackMsg: autoDraw = False
281.0627 	EXP 	feedbackMsg: autoDraw = False
281.0627 	EXP 	cueImage: image = 'images/WinBig.bmp'
281.0627 	EXP 	cueImage: autoDraw = True
281.1669 	DATA 	Keypress: 5
281.9362 	DATA 	Keypress: 5
282.7200 	DATA 	Keypress: 5
283.0963 	EXP 	cueImage: autoDraw = False
283.0963 	EXP 	fixation: autoDraw = True
283.5002 	DATA 	Keypress: 5
284.2702 	DATA 	Keypress: 5
284.6467 	EXP 	fixation: autoDraw = False
284.6467 	EXP 	fixation: autoDraw = False
284.6467 	EXP 	Target: image = 'images/WinProbe.bmp'
284.6467 	EXP 	Target: autoDraw = True
284.9928 	DATA 	Keypress: 1
285.0005 	EXP 	Target: autoDraw = False
285.0005 	EXP 	Target: autoDraw = False
285.0005 	EXP 	feedbackMsg: text = 'You pressed too slow!\n\nYou did not win $5.00!'
285.0005 	EXP 	feedbackMsg: autoDraw = True
285.0532 	DATA 	Keypress: 5
285.8376 	DATA 	Keypress: 5
286.6042 	DATA 	Keypress: 5
286.6850 	EXP 	New trial (rep=0, index=40): OrderedDict([('Condition', 'LgPun'), ('FixationDur', 1500)])
286.6998 	EXP 	feedbackMsg: autoDraw = False
286.6998 	EXP 	feedbackMsg: autoDraw = False
286.6998 	EXP 	cueImage: image = 'images/LoseBig.bmp'
286.6998 	EXP 	cueImage: autoDraw = True
287.3868 	DATA 	Keypress: 5
288.1699 	DATA 	Keypress: 5
288.7312 	EXP 	cueImage: autoDraw = False
288.7312 	EXP 	cueImage: autoDraw = False
288.7312 	EXP 	fixation: autoDraw = True
288.9516 	DATA 	Keypress: 5
289.7186 	DATA 	Keypress: 5
290.2642 	EXP 	fixation: autoDraw = False
290.2642 	EXP 	fixation: autoDraw = False
290.2642 	EXP 	Target: image = 'images/LoseProbe.bmp'
290.2642 	EXP 	Target: autoDraw = True
290.5008 	DATA 	Keypress: 5
290.6151 	EXP 	Target: autoDraw = False
290.6151 	EXP 	Target: autoDraw = False
290.6151 	EXP 	feedbackMsg: text = 'You pressed too slow!\n\nYou lost $5.00!'
290.6151 	EXP 	feedbackMsg: autoDraw = True
290.7183 	DATA 	Keypress: 1
291.2847 	DATA 	Keypress: 5
292.0510 	DATA 	Keypress: 5
292.2999 	EXP 	New trial (rep=0, index=41): OrderedDict([('Condition', 'SmallPun'), ('FixationDur', 2000)])
292.3141 	EXP 	feedbackMsg: autoDraw = False
292.3141 	EXP 	feedbackMsg: autoDraw = False
292.3141 	EXP 	cueImage: image = 'images/LoseSmall.bmp'
292.3141 	EXP 	cueImage: autoDraw = True
292.8336 	DATA 	Keypress: 5
293.6188 	DATA 	Keypress: 5
294.3485 	EXP 	cueImage: autoDraw = False
294.3485 	EXP 	cueImage: autoDraw = False
294.3485 	EXP 	fixation: autoDraw = True
294.3843 	DATA 	Keypress: 5
295.1695 	DATA 	Keypress: 5
295.9523 	DATA 	Keypress: 5
296.3819 	EXP 	fixation: autoDraw = False
296.3819 	EXP 	fixation: autoDraw = False
296.3819 	EXP 	Target: image = 'images/LoseProbe.bmp'
296.3819 	EXP 	Target: autoDraw = True
296.7121 	DATA 	Keypress: 1
296.7172 	EXP 	Target: autoDraw = False
296.7172 	EXP 	Target: autoDraw = False
296.7172 	EXP 	feedbackMsg: text = 'You pressed too slow!\n\nYou lost $0.20!'
296.7172 	EXP 	feedbackMsg: autoDraw = True
296.7207 	DATA 	Keypress: 5
297.5041 	DATA 	Keypress: 5
298.2890 	DATA 	Keypress: 5
298.4032 	EXP 	New trial (rep=0, index=42): OrderedDict([('Condition', 'LgReward'), ('FixationDur', 1500)])
298.4334 	EXP 	feedbackMsg: autoDraw = False
298.4334 	EXP 	feedbackMsg: autoDraw = False
298.4334 	EXP 	cueImage: image = 'images/WinBig.bmp'
298.4334 	EXP 	cueImage: autoDraw = True
299.0684 	DATA 	Keypress: 5
299.8335 	DATA 	Keypress: 5
300.4655 	EXP 	cueImage: autoDraw = False
300.4655 	EXP 	fixation: autoDraw = True
300.6202 	DATA 	Keypress: 5
301.3878 	DATA 	Keypress: 5
302.0159 	EXP 	fixation: autoDraw = False
302.0159 	EXP 	fixation: autoDraw = False
302.0159 	EXP 	Target: image = 'images/WinProbe.bmp'
302.0159 	EXP 	Target: autoDraw = True
302.1689 	DATA 	Keypress: 5
302.2850 	DATA 	Keypress: 1
302.3822 	EXP 	Target: autoDraw = False
302.3822 	EXP 	Target: autoDraw = False
302.3822 	EXP 	feedbackMsg: text = 'Correct Response!\n\nYou won $5.00!'
302.3822 	EXP 	feedbackMsg: autoDraw = True
302.9535 	DATA 	Keypress: 5
303.7214 	DATA 	Keypress: 5
304.0366 	EXP 	New trial (rep=0, index=43): OrderedDict([('Condition', 'SmallPun'), ('FixationDur', 1500)])
304.0515 	EXP 	feedbackMsg: autoDraw = False
304.0515 	EXP 	feedbackMsg: autoDraw = False
304.0515 	EXP 	cueImage: image = 'images/LoseSmall.bmp'
304.0515 	EXP 	cueImage: autoDraw = True
304.5041 	DATA 	Keypress: 5
305.2885 	DATA 	Keypress: 5
306.0733 	DATA 	Keypress: 5
306.0835 	EXP 	cueImage: autoDraw = False
306.0835 	EXP 	cueImage: autoDraw = False
306.0835 	EXP 	fixation: autoDraw = True
306.8391 	DATA 	Keypress: 5
307.6162 	EXP 	fixation: autoDraw = False
307.6162 	EXP 	fixation: autoDraw = False
307.6162 	EXP 	Target: image = 'images/LoseProbe.bmp'
307.6162 	EXP 	Target: autoDraw = True
307.6202 	DATA 	Keypress: 5
307.9781 	DATA 	Keypress: 1
307.9837 	EXP 	Target: autoDraw = False
307.9837 	EXP 	Target: autoDraw = False
307.9837 	EXP 	feedbackMsg: text = 'You pressed too slow!\n\nYou lost $0.20!'
307.9837 	EXP 	feedbackMsg: autoDraw = True
308.3891 	DATA 	Keypress: 5
309.1712 	DATA 	Keypress: 5
309.6370 	EXP 	New trial (rep=0, index=44): OrderedDict([('Condition', 'SmallReward'), ('FixationDur', 1500)])
309.6662 	EXP 	feedbackMsg: autoDraw = False
309.6662 	EXP 	feedbackMsg: autoDraw = False
309.6662 	EXP 	cueImage: image = 'images/WinSmall.bmp'
309.6662 	EXP 	cueImage: autoDraw = True
309.9551 	DATA 	Keypress: 5
310.7383 	DATA 	Keypress: 5
311.5048 	DATA 	Keypress: 5
311.7003 	EXP 	cueImage: autoDraw = False
311.7003 	EXP 	fixation: autoDraw = True
312.2895 	DATA 	Keypress: 5
313.0733 	DATA 	Keypress: 5
313.2504 	EXP 	fixation: autoDraw = False
313.2504 	EXP 	fixation: autoDraw = False
313.2504 	EXP 	Target: image = 'images/WinProbe.bmp'
313.2504 	EXP 	Target: autoDraw = True
313.5377 	DATA 	Keypress: 1
313.6189 	EXP 	Target: autoDraw = False
313.6189 	EXP 	Target: autoDraw = False
313.6189 	EXP 	feedbackMsg: text = 'Correct Response!\n\nYou won $0.20!'
313.6189 	EXP 	feedbackMsg: autoDraw = True
313.8392 	DATA 	Keypress: 5
314.6224 	DATA 	Keypress: 5
315.2874 	EXP 	New trial (rep=0, index=45): OrderedDict([('Condition', 'LgReward'), ('FixationDur', 4000)])
315.3169 	EXP 	feedbackMsg: autoDraw = False
315.3169 	EXP 	feedbackMsg: autoDraw = False
315.3169 	EXP 	cueImage: image = 'images/WinBig.bmp'
315.3169 	EXP 	cueImage: autoDraw = True
315.4057 	DATA 	Keypress: 5
316.1706 	DATA 	Keypress: 5
316.9560 	DATA 	Keypress: 5
317.3512 	EXP 	cueImage: autoDraw = False
317.3512 	EXP 	fixation: autoDraw = True
317.7398 	DATA 	Keypress: 5
318.5050 	DATA 	Keypress: 5
319.2886 	DATA 	Keypress: 5
320.0735 	DATA 	Keypress: 5
320.8387 	DATA 	Keypress: 5
321.4012 	EXP 	fixation: autoDraw = False
321.4012 	EXP 	fixation: autoDraw = False
321.4012 	EXP 	Target: image = 'images/WinProbe.bmp'
321.4012 	EXP 	Target: autoDraw = True
321.6229 	DATA 	Keypress: 5
321.6900 	DATA 	Keypress: 1
321.8184 	EXP 	Target: autoDraw = False
321.8184 	EXP 	Target: autoDraw = False
321.8184 	EXP 	feedbackMsg: text = 'Correct Response!\n\nYou won $5.00!'
321.8184 	EXP 	feedbackMsg: autoDraw = True
322.4060 	DATA 	Keypress: 5
323.1727 	DATA 	Keypress: 5
323.4214 	EXP 	New trial (rep=0, index=46): OrderedDict([('Condition', 'Triangle'), ('FixationDur', 3000)])
323.4356 	EXP 	feedbackMsg: autoDraw = False
323.4356 	EXP 	feedbackMsg: autoDraw = False
323.4356 	EXP 	cueImage: image = 'images/Neutral.bmp'
323.4356 	EXP 	cueImage: autoDraw = True
323.9556 	DATA 	Keypress: 5
324.7397 	DATA 	Keypress: 5
325.4693 	EXP 	cueImage: autoDraw = False
325.4693 	EXP 	cueImage: autoDraw = False
325.4693 	EXP 	fixation: autoDraw = True
325.5059 	DATA 	Keypress: 5
326.2893 	DATA 	Keypress: 5
327.0747 	DATA 	Keypress: 5
327.8400 	DATA 	Keypress: 5
328.5020 	EXP 	fixation: autoDraw = False
328.5020 	EXP 	fixation: autoDraw = False
328.5020 	EXP 	Target: image = 'images/NeutralProbe.bmp'
328.5020 	EXP 	Target: autoDraw = True
328.6232 	DATA 	Keypress: 5
328.8385 	DATA 	Keypress: 1
328.9027 	EXP 	Target: autoDraw = False
328.9027 	EXP 	Target: autoDraw = False
328.9027 	EXP 	feedbackMsg: text = 'Correct Response!\n\nYou did not win or lose anything!'
328.9027 	EXP 	feedbackMsg: autoDraw = True
329.4076 	DATA 	Keypress: 5
330.1737 	DATA 	Keypress: 5
330.5215 	EXP 	New trial (rep=0, index=47): OrderedDict([('Condition', 'SmallPun'), ('FixationDur', 3000)])
330.5359 	EXP 	feedbackMsg: autoDraw = False
330.5359 	EXP 	feedbackMsg: autoDraw = False
330.5359 	EXP 	cueImage: image = 'images/LoseSmall.bmp'
330.5359 	EXP 	cueImage: autoDraw = True
330.9557 	DATA 	Keypress: 5
331.7399 	DATA 	Keypress: 5
332.5577 	DATA 	Keypress: 5
332.5702 	EXP 	cueImage: autoDraw = False
332.5702 	EXP 	cueImage: autoDraw = False
332.5702 	EXP 	fixation: autoDraw = True
333.2901 	DATA 	Keypress: 5
334.0753 	DATA 	Keypress: 5
334.8572 	DATA 	Keypress: 5
335.6037 	EXP 	fixation: autoDraw = False
335.6037 	EXP 	fixation: autoDraw = False
335.6037 	EXP 	Target: image = 'images/LoseProbe.bmp'
335.6037 	EXP 	Target: autoDraw = True
335.6224 	DATA 	Keypress: 5
335.9951 	DATA 	Keypress: 1
336.0035 	EXP 	Target: autoDraw = False
336.0035 	EXP 	Target: autoDraw = False
336.0035 	EXP 	feedbackMsg: text = 'You pressed too slow!\n\nYou lost $0.20!'
336.0035 	EXP 	feedbackMsg: autoDraw = True
336.4070 	DATA 	Keypress: 5
337.1917 	DATA 	Keypress: 5
337.6216 	EXP 	New trial (rep=0, index=48): OrderedDict([('Condition', 'SmallPun'), ('FixationDur', 2500)])
337.6371 	EXP 	feedbackMsg: autoDraw = False
337.6371 	EXP 	feedbackMsg: autoDraw = False
337.6371 	EXP 	cueImage: image = 'images/LoseSmall.bmp'
337.6371 	EXP 	cueImage: autoDraw = True
337.9556 	DATA 	Keypress: 5
338.7405 	DATA 	Keypress: 5
339.5244 	DATA 	Keypress: 5
339.6709 	EXP 	cueImage: autoDraw = False
339.6709 	EXP 	cueImage: autoDraw = False
339.6709 	EXP 	fixation: autoDraw = True
340.2901 	DATA 	Keypress: 5
341.0744 	DATA 	Keypress: 5
341.8573 	DATA 	Keypress: 5
342.2044 	EXP 	fixation: autoDraw = False
342.2044 	EXP 	fixation: autoDraw = False
342.2044 	EXP 	Target: image = 'images/LoseProbe.bmp'
342.2044 	EXP 	Target: autoDraw = True
342.5077 	DATA 	Keypress: 1
342.6041 	EXP 	Target: autoDraw = False
342.6041 	EXP 	Target: autoDraw = False
342.6041 	EXP 	feedbackMsg: text = 'Correct Response!\n\nYou did not lose $0.20!'
342.6041 	EXP 	feedbackMsg: autoDraw = True
342.6240 	DATA 	Keypress: 5
343.4078 	DATA 	Keypress: 5
344.1911 	DATA 	Keypress: 5
344.2226 	EXP 	New trial (rep=0, index=49): OrderedDict([('Condition', 'SmallReward'), ('FixationDur', 2000)])
344.2542 	EXP 	feedbackMsg: autoDraw = False
344.2542 	EXP 	feedbackMsg: autoDraw = False
344.2542 	EXP 	cueImage: image = 'images/WinSmall.bmp'
344.2542 	EXP 	cueImage: autoDraw = True
344.9561 	DATA 	Keypress: 5
345.7406 	DATA 	Keypress: 5
346.2872 	EXP 	cueImage: autoDraw = False
346.2872 	EXP 	fixation: autoDraw = True
346.5254 	DATA 	Keypress: 5
347.2914 	DATA 	Keypress: 5
348.0745 	DATA 	Keypress: 5
348.3379 	EXP 	fixation: autoDraw = False
348.3379 	EXP 	fixation: autoDraw = False
348.3379 	EXP 	Target: image = 'images/WinProbe.bmp'
348.3379 	EXP 	Target: autoDraw = True
348.6395 	DATA 	Keypress: 1
348.7213 	EXP 	Target: autoDraw = False
348.7213 	EXP 	Target: autoDraw = False
348.7213 	EXP 	feedbackMsg: text = 'Correct Response!\n\nYou won $0.20!'
348.7213 	EXP 	feedbackMsg: autoDraw = True
348.8587 	DATA 	Keypress: 5
349.6248 	DATA 	Keypress: 5
350.3708 	EXP 	feedbackMsg: autoDraw = False
350.3708 	EXP 	feedbackMsg: autoDraw = False
350.3708 	EXP 	polygon: autoDraw = True
350.4071 	DATA 	Keypress: 5
351.1914 	DATA 	Keypress: 5
351.9764 	DATA 	Keypress: 5
352.7408 	DATA 	Keypress: 5
353.5256 	DATA 	Keypress: 5
355.3883 	EXP 	polygon: autoDraw = False
355.3883 	EXP 	polygon: autoDraw = False
355.3883 	EXP 	text: text = 'All done!\n\nYou earned a total of: $10.60!'
355.3883 	EXP 	text: autoDraw = True
358.4219 	EXP 	text: autoDraw = False
358.4219 	EXP 	text: autoDraw = False
358.4219 	EXP 	polygon2: autoDraw = True
359.2918 	DATA 	Keypress: escape
359.6380 	EXP 	window1: mouseVisible = True
