11.7181 	EXP 	Created window1 = Window(allowGUI=False, allowStencil=False, args=UNKNOWN, autoLog=True, bitsMode=UNKNOWN, blendMode='avg', color=array([0., 0., 0.]), colorSpace='rgb', fullscr=<method-wrapper '__getattribute__' of attributeSetter object at 0x13453bbe0>, gamma=None, kwargs=UNKNOWN, lms=UNKNOWN, monitor=<psychopy.monitors.calibTools.Monitor object at 0x1347d6e80>, multiSample=False, name='window1', numSamples=2, pos=[0.0, 0.0], screen=0, size=array([1920, 1080]), stereo=False, units='height', useFBO=True, useRetina=False, viewOri=0.0, viewPos=None, viewScale=None, waitBlanking=True, winType='pyglet')
11.7182 	EXP 	window1: recordFrameIntervals = False
11.8854 	EXP 	window1: recordFrameIntervals = True
12.0685 	EXP 	window1: recordFrameIntervals = False
12.0685 	EXP 	window1: recordFrameIntervals = False
12.2349 	EXP 	window1: recordFrameIntervals = True
12.4185 	EXP 	window1: recordFrameIntervals = False
12.8788 	EXP 	Created preinstruct_text = TextStim(__class__=<class 'psychopy.visual.text.TextStim'>, alignHoriz='center', alignVert='center', antialias=True, autoLog=True, bold=False, color='white', colorSpace='named', contrast=1.0, depth=0.0, flipHoriz=False, flipVert=False, font='Arial', fontFiles=[], height=0.05, italic=False, languageStyle='LTR', name='preinstruct_text', opacity=1.0, ori=0, pos=array([0., 0.]), rgb=array([255., 255., 255.]), text='Money Task - Scanner 2', units='height', win=Window(...), wrapWidth=1)
12.9245 	EXP 	Created instructFig = ImageStim(__class__=<class 'psychopy.visual.image.ImageStim'>, autoLog=True, color=array([1., 1., 1.]), colorSpace='rgb', contrast=1.0, depth=0.0, flipHoriz=False, flipVert=False, image='images/MID_instructions.bmp', interpolate=True, mask=None, maskParams=None, name='instructFig', opacity=1.0, ori=0.0, pos=array([0., 0.]), size=array([1.3, 1. ]), texRes=128, units='height', win=Window(...))
12.9261 	EXP 	Created PrepFixation = ShapeStim(__class__=<class 'psychopy.visual.shape.ShapeStim'>, autoDraw=False, autoLog=True, closeShape=True, contrast=1.0, depth=0.0, fillColor=array([1., 1., 1.]), fillColorSpace='rgb', interpolate=True, lineColor=array([1., 1., 1.]), lineColorSpace='rgb', lineWidth=1, name='PrepFixation', opacity=1.0, ori=array(0.), pos=array([0., 0.]), size=array([0.05, 0.05]), units='height', vertices=ndarray(...), win=Window(...), windingRule=None)
12.9277 	EXP 	Created cueImage = ImageStim(__class__=<class 'psychopy.visual.image.ImageStim'>, autoLog=True, color=array([1., 1., 1.]), colorSpace='rgb', contrast=1.0, depth=0.0, flipHoriz=False, flipVert=False, image='sin', interpolate=True, mask=None, maskParams=None, name='cueImage', opacity=1.0, ori=0.0, pos=array([0., 0.]), size=array([1.3, 1. ]), texRes=128, units='height', win=Window(...))
12.9292 	EXP 	Created fixation = ShapeStim(__class__=<class 'psychopy.visual.shape.ShapeStim'>, autoDraw=False, autoLog=True, closeShape=True, contrast=1.0, depth=-1.0, fillColor=array([1., 1., 1.]), fillColorSpace='rgb', interpolate=True, lineColor=array([1., 1., 1.]), lineColorSpace='rgb', lineWidth=1, name='fixation', opacity=1.0, ori=array(0.), pos=array([0., 0.]), size=array([0.05, 0.05]), units='height', vertices=ndarray(...), win=Window(...), windingRule=None)
12.9309 	EXP 	Created Target = ImageStim(__class__=<class 'psychopy.visual.image.ImageStim'>, autoLog=True, color=array([1., 1., 1.]), colorSpace='rgb', contrast=1.0, depth=-1.0, flipHoriz=False, flipVert=False, image='sin', interpolate=True, mask=None, maskParams=None, name='Target', opacity=1.0, ori=0.0, pos=array([0., 0.]), size=array([1.3, 1. ]), texRes=128, units='height', win=Window(...))
12.9407 	EXP 	Created feedbackMsg = TextStim(__class__=<class 'psychopy.visual.text.TextStim'>, alignHoriz='center', alignVert='center', antialias=True, autoLog=True, bold=False, color='white', colorSpace='named', contrast=1.0, depth=-2.0, flipHoriz=False, flipVert=False, font='Arial', fontFiles=[], height=0.05, italic=False, languageStyle='LTR', name='feedbackMsg', opacity=1.0, ori=0, pos=array([0., 0.]), rgb=array([255., 255., 255.]), text='default text', units='height', win=Window(...), wrapWidth=2)
12.9428 	EXP 	Created polygon = ShapeStim(__class__=<class 'psychopy.visual.shape.ShapeStim'>, autoDraw=False, autoLog=True, closeShape=True, contrast=1.0, depth=0.0, fillColor=array([1., 1., 1.]), fillColorSpace='rgb', interpolate=True, lineColor=array([1., 1., 1.]), lineColorSpace='rgb', lineWidth=1, name='polygon', opacity=1.0, ori=array(0.), pos=array([0., 0.]), size=array([0.05, 0.05]), units='height', vertices=ndarray(...), win=Window(...), windingRule=None)
12.9509 	EXP 	Created text = TextStim(__class__=<class 'psychopy.visual.text.TextStim'>, alignHoriz='center', alignVert='center', antialias=True, autoLog=True, bold=False, color='white', colorSpace='named', contrast=1.0, depth=-1.0, flipHoriz=False, flipVert=False, font='Arial', fontFiles=[], height=0.07, italic=False, languageStyle='LTR', name='text', opacity=1.0, ori=0, pos=array([0., 0.]), rgb=array([255., 255., 255.]), text='default text', units='height', win=Window(...), wrapWidth=1)
12.9525 	EXP 	Created polygon2 = ShapeStim(__class__=<class 'psychopy.visual.shape.ShapeStim'>, autoDraw=False, autoLog=True, closeShape=True, contrast=1.0, depth=0.0, fillColor=array([1., 1., 1.]), fillColorSpace='rgb', interpolate=True, lineColor=array([1., 1., 1.]), lineColorSpace='rgb', lineWidth=1, name='polygon2', opacity=1.0, ori=array(0.), pos=array([0., 0.]), size=array([0.05, 0.05]), units='height', vertices=ndarray(...), win=Window(...), windingRule=None)
12.9648 	EXP 	preinstruct_text: autoDraw = True
15.0315 	EXP 	preinstruct_text: autoDraw = False
15.0315 	EXP 	instructFig: autoDraw = True
35.1319 	DATA 	Keypress: 5
35.1513 	EXP 	instructFig: autoDraw = False
35.1513 	EXP 	PrepFixation: autoDraw = True
35.9066 	DATA 	Keypress: 5
36.6721 	DATA 	Keypress: 5
37.1305 	EXP 	Imported TimeVersion14.csv as conditions, 50 conditions, 2 params
37.1309 	EXP 	Created sequence: sequential, trialTypes=50, nReps=1, seed=None
37.1312 	EXP 	New trial (rep=0, index=0): OrderedDict([('Condition', 'SmallReward'), ('FixationDur', 1500)])
37.1677 	EXP 	PrepFixation: autoDraw = False
37.1677 	EXP 	cueImage: image = 'images/WinSmall.bmp'
37.1677 	EXP 	cueImage: autoDraw = True
37.4563 	DATA 	Keypress: 5
38.2397 	DATA 	Keypress: 5
39.0058 	DATA 	Keypress: 5
39.1695 	EXP 	cueImage: autoDraw = False
39.1695 	EXP 	fixation: autoDraw = True
39.7899 	DATA 	Keypress: 5
40.5737 	DATA 	Keypress: 5
40.7186 	EXP 	fixation: autoDraw = False
40.7186 	EXP 	fixation: autoDraw = False
40.7186 	EXP 	Target: image = 'images/WinProbe.bmp'
40.7186 	EXP 	Target: autoDraw = True
41.0521 	EXP 	Target: autoDraw = False
41.0521 	EXP 	Target: autoDraw = False
41.0521 	EXP 	feedbackMsg: text = 'You pressed too slow!\n\nYou did not win $0.20!'
41.0521 	EXP 	feedbackMsg: autoDraw = True
41.0887 	DATA 	Keypress: 1
41.3412 	DATA 	Keypress: 5
42.1229 	DATA 	Keypress: 5
42.7542 	EXP 	New trial (rep=0, index=1): OrderedDict([('Condition', 'LgReward'), ('FixationDur', 1500)])
42.7847 	EXP 	feedbackMsg: autoDraw = False
42.7847 	EXP 	feedbackMsg: autoDraw = False
42.7847 	EXP 	cueImage: image = 'images/WinBig.bmp'
42.7847 	EXP 	cueImage: autoDraw = True
42.9060 	DATA 	Keypress: 5
43.6724 	DATA 	Keypress: 5
44.4564 	DATA 	Keypress: 5
44.8199 	EXP 	cueImage: autoDraw = False
44.8199 	EXP 	fixation: autoDraw = True
45.2411 	DATA 	Keypress: 5
46.0067 	DATA 	Keypress: 5
46.3699 	EXP 	fixation: autoDraw = False
46.3699 	EXP 	fixation: autoDraw = False
46.3699 	EXP 	Target: image = 'images/WinProbe.bmp'
46.3699 	EXP 	Target: autoDraw = True
46.6831 	DATA 	Keypress: 1
46.7026 	EXP 	Target: autoDraw = False
46.7026 	EXP 	Target: autoDraw = False
46.7026 	EXP 	feedbackMsg: text = 'You pressed too slow!\n\nYou did not win $5.00!'
46.7026 	EXP 	feedbackMsg: autoDraw = True
46.7899 	DATA 	Keypress: 5
47.5741 	DATA 	Keypress: 5
48.3405 	DATA 	Keypress: 5
48.3890 	EXP 	New trial (rep=0, index=2): OrderedDict([('Condition', 'LgReward'), ('FixationDur', 1500)])
48.4194 	EXP 	feedbackMsg: autoDraw = False
48.4194 	EXP 	feedbackMsg: autoDraw = False
48.4194 	EXP 	cueImage: image = 'images/WinBig.bmp'
48.4194 	EXP 	cueImage: autoDraw = True
49.1231 	DATA 	Keypress: 5
49.9078 	DATA 	Keypress: 5
50.4541 	EXP 	cueImage: autoDraw = False
50.4541 	EXP 	fixation: autoDraw = True
50.6923 	DATA 	Keypress: 5
51.4563 	DATA 	Keypress: 5
52.0040 	EXP 	fixation: autoDraw = False
52.0040 	EXP 	fixation: autoDraw = False
52.0040 	EXP 	Target: image = 'images/WinProbe.bmp'
52.0040 	EXP 	Target: autoDraw = True
52.2409 	DATA 	Keypress: 5
52.2586 	DATA 	Keypress: 1
52.3539 	EXP 	Target: autoDraw = False
52.3539 	EXP 	Target: autoDraw = False
52.3539 	EXP 	feedbackMsg: text = 'Correct Response!\n\nYou won $5.00!'
52.3539 	EXP 	feedbackMsg: autoDraw = True
53.0079 	DATA 	Keypress: 5
53.7907 	DATA 	Keypress: 5
54.0389 	EXP 	New trial (rep=0, index=3): OrderedDict([('Condition', 'SmallReward'), ('FixationDur', 4000)])
54.0703 	EXP 	feedbackMsg: autoDraw = False
54.0703 	EXP 	feedbackMsg: autoDraw = False
54.0703 	EXP 	cueImage: image = 'images/WinSmall.bmp'
54.0703 	EXP 	cueImage: autoDraw = True
54.5744 	DATA 	Keypress: 5
55.3567 	DATA 	Keypress: 5
56.1045 	EXP 	cueImage: autoDraw = False
56.1045 	EXP 	fixation: autoDraw = True
56.1234 	DATA 	Keypress: 5
56.9066 	DATA 	Keypress: 5
57.6921 	DATA 	Keypress: 5
58.4576 	DATA 	Keypress: 5
59.2417 	DATA 	Keypress: 5
60.0255 	DATA 	Keypress: 5
60.1539 	EXP 	fixation: autoDraw = False
60.1539 	EXP 	fixation: autoDraw = False
60.1539 	EXP 	Target: image = 'images/WinProbe.bmp'
60.1539 	EXP 	Target: autoDraw = True
60.4586 	DATA 	Keypress: 1
60.5377 	EXP 	Target: autoDraw = False
60.5377 	EXP 	Target: autoDraw = False
60.5377 	EXP 	feedbackMsg: text = 'Correct Response!\n\nYou won $0.20!'
60.5377 	EXP 	feedbackMsg: autoDraw = True
60.7911 	DATA 	Keypress: 5
61.5734 	DATA 	Keypress: 5
62.1897 	EXP 	New trial (rep=0, index=4): OrderedDict([('Condition', 'LgPun'), ('FixationDur', 1500)])
62.2044 	EXP 	feedbackMsg: autoDraw = False
62.2044 	EXP 	feedbackMsg: autoDraw = False
62.2044 	EXP 	cueImage: image = 'images/LoseBig.bmp'
62.2044 	EXP 	cueImage: autoDraw = True
62.3580 	DATA 	Keypress: 5
63.1241 	DATA 	Keypress: 5
63.9079 	DATA 	Keypress: 5
64.2385 	EXP 	cueImage: autoDraw = False
64.2385 	EXP 	cueImage: autoDraw = False
64.2385 	EXP 	fixation: autoDraw = True
64.6925 	DATA 	Keypress: 5
65.4573 	DATA 	Keypress: 5
65.7716 	EXP 	fixation: autoDraw = False
65.7716 	EXP 	fixation: autoDraw = False
65.7716 	EXP 	Target: image = 'images/LoseProbe.bmp'
65.7716 	EXP 	Target: autoDraw = True
66.1352 	DATA 	Keypress: 1
66.1546 	EXP 	Target: autoDraw = False
66.1546 	EXP 	Target: autoDraw = False
66.1546 	EXP 	feedbackMsg: text = 'You pressed too slow!\n\nYou lost $5.00!'
66.1546 	EXP 	feedbackMsg: autoDraw = True
66.2412 	DATA 	Keypress: 5
67.0237 	DATA 	Keypress: 5
67.7916 	DATA 	Keypress: 5
67.8071 	EXP 	New trial (rep=0, index=5): OrderedDict([('Condition', 'LgPun'), ('FixationDur', 1500)])
67.8209 	EXP 	feedbackMsg: autoDraw = False
67.8209 	EXP 	feedbackMsg: autoDraw = False
67.8209 	EXP 	cueImage: image = 'images/LoseBig.bmp'
67.8209 	EXP 	cueImage: autoDraw = True
68.5744 	DATA 	Keypress: 5
69.3586 	DATA 	Keypress: 5
69.8547 	EXP 	cueImage: autoDraw = False
69.8547 	EXP 	cueImage: autoDraw = False
69.8547 	EXP 	fixation: autoDraw = True
70.1249 	DATA 	Keypress: 5
70.9091 	DATA 	Keypress: 5
71.3877 	EXP 	fixation: autoDraw = False
71.3877 	EXP 	fixation: autoDraw = False
71.3877 	EXP 	Target: image = 'images/LoseProbe.bmp'
71.3877 	EXP 	Target: autoDraw = True
71.6928 	DATA 	Keypress: 5
71.7445 	DATA 	Keypress: 1
71.7549 	EXP 	Target: autoDraw = False
71.7549 	EXP 	Target: autoDraw = False
71.7549 	EXP 	feedbackMsg: text = 'You pressed too slow!\n\nYou lost $5.00!'
71.7549 	EXP 	feedbackMsg: autoDraw = True
72.4590 	DATA 	Keypress: 5
73.2415 	DATA 	Keypress: 5
73.4072 	EXP 	New trial (rep=0, index=6): OrderedDict([('Condition', 'LgReward'), ('FixationDur', 1500)])
73.4387 	EXP 	feedbackMsg: autoDraw = False
73.4387 	EXP 	feedbackMsg: autoDraw = False
73.4387 	EXP 	cueImage: image = 'images/WinBig.bmp'
73.4387 	EXP 	cueImage: autoDraw = True
74.0265 	DATA 	Keypress: 5
74.8083 	DATA 	Keypress: 5
75.4888 	EXP 	cueImage: autoDraw = False
75.4888 	EXP 	fixation: autoDraw = True
75.5760 	DATA 	Keypress: 5
76.3597 	DATA 	Keypress: 5
77.0388 	EXP 	fixation: autoDraw = False
77.0388 	EXP 	fixation: autoDraw = False
77.0388 	EXP 	Target: image = 'images/WinProbe.bmp'
77.0388 	EXP 	Target: autoDraw = True
77.1407 	DATA 	Keypress: 5
77.4358 	DATA 	Keypress: 1
77.4557 	EXP 	Target: autoDraw = False
77.4557 	EXP 	Target: autoDraw = False
77.4557 	EXP 	feedbackMsg: text = 'You pressed too slow!\n\nYou did not win $5.00!'
77.4557 	EXP 	feedbackMsg: autoDraw = True
77.9074 	DATA 	Keypress: 5
78.6929 	DATA 	Keypress: 5
79.0577 	EXP 	New trial (rep=0, index=7): OrderedDict([('Condition', 'SmallPun'), ('FixationDur', 3500)])
79.0721 	EXP 	feedbackMsg: autoDraw = False
79.0721 	EXP 	feedbackMsg: autoDraw = False
79.0721 	EXP 	cueImage: image = 'images/LoseSmall.bmp'
79.0721 	EXP 	cueImage: autoDraw = True
79.4761 	DATA 	Keypress: 5
80.2408 	DATA 	Keypress: 5
81.0264 	DATA 	Keypress: 5
81.1058 	EXP 	cueImage: autoDraw = False
81.1058 	EXP 	cueImage: autoDraw = False
81.1058 	EXP 	fixation: autoDraw = True
81.8097 	DATA 	Keypress: 5
82.5765 	DATA 	Keypress: 5
83.3600 	DATA 	Keypress: 5
84.1439 	DATA 	Keypress: 5
84.6387 	EXP 	fixation: autoDraw = False
84.6387 	EXP 	fixation: autoDraw = False
84.6387 	EXP 	Target: image = 'images/LoseProbe.bmp'
84.6387 	EXP 	Target: autoDraw = True
84.9090 	DATA 	Keypress: 5
84.9253 	DATA 	Keypress: 1
85.0387 	EXP 	Target: autoDraw = False
85.0387 	EXP 	Target: autoDraw = False
85.0387 	EXP 	feedbackMsg: text = 'Correct Response!\n\nYou did not lose $0.20!'
85.0387 	EXP 	feedbackMsg: autoDraw = True
85.6934 	DATA 	Keypress: 5
86.4767 	DATA 	Keypress: 5
86.6582 	EXP 	New trial (rep=0, index=8): OrderedDict([('Condition', 'LgReward'), ('FixationDur', 4000)])
86.6890 	EXP 	feedbackMsg: autoDraw = False
86.6890 	EXP 	feedbackMsg: autoDraw = False
86.6890 	EXP 	cueImage: image = 'images/WinBig.bmp'
86.6890 	EXP 	cueImage: autoDraw = True
87.2423 	DATA 	Keypress: 5
88.0254 	DATA 	Keypress: 5
88.7226 	EXP 	cueImage: autoDraw = False
88.7226 	EXP 	fixation: autoDraw = True
88.8094 	DATA 	Keypress: 5
89.5764 	DATA 	Keypress: 5
90.3597 	DATA 	Keypress: 5
91.1440 	DATA 	Keypress: 5
91.9104 	DATA 	Keypress: 5
92.6925 	DATA 	Keypress: 5
92.7733 	EXP 	fixation: autoDraw = False
92.7733 	EXP 	fixation: autoDraw = False
92.7733 	EXP 	Target: image = 'images/WinProbe.bmp'
92.7733 	EXP 	Target: autoDraw = True
93.0595 	DATA 	Keypress: 1
93.1733 	EXP 	Target: autoDraw = False
93.1733 	EXP 	Target: autoDraw = False
93.1733 	EXP 	feedbackMsg: text = 'Correct Response!\n\nYou won $5.00!'
93.1733 	EXP 	feedbackMsg: autoDraw = True
93.4770 	DATA 	Keypress: 5
94.2601 	DATA 	Keypress: 5
94.7921 	EXP 	New trial (rep=0, index=9): OrderedDict([('Condition', 'LgPun'), ('FixationDur', 2500)])
94.8067 	EXP 	feedbackMsg: autoDraw = False
94.8067 	EXP 	feedbackMsg: autoDraw = False
94.8067 	EXP 	cueImage: image = 'images/LoseBig.bmp'
94.8067 	EXP 	cueImage: autoDraw = True
95.0262 	DATA 	Keypress: 5
95.8103 	DATA 	Keypress: 5
96.5941 	DATA 	Keypress: 5
96.8406 	EXP 	cueImage: autoDraw = False
96.8406 	EXP 	cueImage: autoDraw = False
96.8406 	EXP 	fixation: autoDraw = True
97.3593 	DATA 	Keypress: 5
98.1452 	DATA 	Keypress: 5
98.9279 	DATA 	Keypress: 5
99.3737 	EXP 	fixation: autoDraw = False
99.3737 	EXP 	fixation: autoDraw = False
99.3737 	EXP 	Target: image = 'images/LoseProbe.bmp'
99.3737 	EXP 	Target: autoDraw = True
99.6774 	DATA 	Keypress: 1
99.6926 	DATA 	Keypress: 5
99.7899 	EXP 	Target: autoDraw = False
99.7899 	EXP 	Target: autoDraw = False
99.7899 	EXP 	feedbackMsg: text = 'Correct Response!\n\nYou did not lose $5.00!'
99.7899 	EXP 	feedbackMsg: autoDraw = True
100.4781 	DATA 	Keypress: 5
101.2618 	DATA 	Keypress: 5
101.3924 	EXP 	New trial (rep=0, index=10): OrderedDict([('Condition', 'SmallPun'), ('FixationDur', 1500)])
101.4067 	EXP 	feedbackMsg: autoDraw = False
101.4067 	EXP 	feedbackMsg: autoDraw = False
101.4067 	EXP 	cueImage: image = 'images/LoseSmall.bmp'
101.4067 	EXP 	cueImage: autoDraw = True
102.0261 	DATA 	Keypress: 5
102.8104 	DATA 	Keypress: 5
103.4411 	EXP 	cueImage: autoDraw = False
103.4411 	EXP 	cueImage: autoDraw = False
103.4411 	EXP 	fixation: autoDraw = True
103.5951 	DATA 	Keypress: 5
104.3607 	DATA 	Keypress: 5
104.9741 	EXP 	fixation: autoDraw = False
104.9741 	EXP 	fixation: autoDraw = False
104.9741 	EXP 	Target: image = 'images/LoseProbe.bmp'
104.9741 	EXP 	Target: autoDraw = True
105.1441 	DATA 	Keypress: 5
105.2943 	DATA 	Keypress: 1
105.3908 	EXP 	Target: autoDraw = False
105.3908 	EXP 	Target: autoDraw = False
105.3908 	EXP 	feedbackMsg: text = 'Correct Response!\n\nYou did not lose $0.20!'
105.3908 	EXP 	feedbackMsg: autoDraw = True
105.9289 	DATA 	Keypress: 5
106.6941 	DATA 	Keypress: 5
106.9928 	EXP 	New trial (rep=0, index=11): OrderedDict([('Condition', 'SmallPun'), ('FixationDur', 1500)])
107.0075 	EXP 	feedbackMsg: autoDraw = False
107.0075 	EXP 	feedbackMsg: autoDraw = False
107.0075 	EXP 	cueImage: image = 'images/LoseSmall.bmp'
107.0075 	EXP 	cueImage: autoDraw = True
107.4773 	DATA 	Keypress: 5
108.2607 	DATA 	Keypress: 5
109.0292 	DATA 	Keypress: 5
109.0414 	EXP 	cueImage: autoDraw = False
109.0414 	EXP 	cueImage: autoDraw = False
109.0414 	EXP 	fixation: autoDraw = True
109.8110 	DATA 	Keypress: 5
110.5741 	EXP 	fixation: autoDraw = False
110.5741 	EXP 	fixation: autoDraw = False
110.5741 	EXP 	Target: image = 'images/LoseProbe.bmp'
110.5741 	EXP 	Target: autoDraw = True
110.5954 	DATA 	Keypress: 5
110.8439 	DATA 	Keypress: 1
110.9915 	EXP 	Target: autoDraw = False
110.9915 	EXP 	Target: autoDraw = False
110.9915 	EXP 	feedbackMsg: text = 'Correct Response!\n\nYou did not lose $0.20!'
110.9915 	EXP 	feedbackMsg: autoDraw = True
111.3616 	DATA 	Keypress: 5
112.1448 	DATA 	Keypress: 5
112.5765 	EXP 	New trial (rep=0, index=12): OrderedDict([('Condition', 'LgPun'), ('FixationDur', 1500)])
112.5913 	EXP 	feedbackMsg: autoDraw = False
112.5913 	EXP 	feedbackMsg: autoDraw = False
112.5913 	EXP 	cueImage: image = 'images/LoseBig.bmp'
112.5913 	EXP 	cueImage: autoDraw = True
112.9280 	DATA 	Keypress: 5
113.7123 	DATA 	Keypress: 5
114.4772 	DATA 	Keypress: 5
114.6250 	EXP 	cueImage: autoDraw = False
114.6250 	EXP 	cueImage: autoDraw = False
114.6250 	EXP 	fixation: autoDraw = True
115.2625 	DATA 	Keypress: 5
116.0465 	DATA 	Keypress: 5
116.1582 	EXP 	fixation: autoDraw = False
116.1582 	EXP 	fixation: autoDraw = False
116.1582 	EXP 	Target: image = 'images/LoseProbe.bmp'
116.1582 	EXP 	Target: autoDraw = True
116.4450 	DATA 	Keypress: 1
116.5577 	EXP 	Target: autoDraw = False
116.5577 	EXP 	Target: autoDraw = False
116.5577 	EXP 	feedbackMsg: text = 'Correct Response!\n\nYou did not lose $5.00!'
116.5577 	EXP 	feedbackMsg: autoDraw = True
116.8110 	DATA 	Keypress: 5
117.5958 	DATA 	Keypress: 5
118.1929 	EXP 	New trial (rep=0, index=13): OrderedDict([('Condition', 'Triangle'), ('FixationDur', 1500)])
118.2081 	EXP 	feedbackMsg: autoDraw = False
118.2081 	EXP 	feedbackMsg: autoDraw = False
118.2081 	EXP 	cueImage: image = 'images/Neutral.bmp'
118.2081 	EXP 	cueImage: autoDraw = True
118.3794 	DATA 	Keypress: 5
119.1434 	DATA 	Keypress: 5
119.9292 	DATA 	Keypress: 5
120.2422 	EXP 	cueImage: autoDraw = False
120.2422 	EXP 	cueImage: autoDraw = False
120.2422 	EXP 	fixation: autoDraw = True
120.7136 	DATA 	Keypress: 5
121.4778 	DATA 	Keypress: 5
121.7751 	EXP 	fixation: autoDraw = False
121.7751 	EXP 	fixation: autoDraw = False
121.7751 	EXP 	Target: image = 'images/NeutralProbe.bmp'
121.7751 	EXP 	Target: autoDraw = True
122.1797 	EXP 	Target: autoDraw = False
122.1797 	EXP 	Target: autoDraw = False
122.1797 	EXP 	feedbackMsg: text = 'You pressed too slow!\n\nYou did not win or lose anything!'
122.1797 	EXP 	feedbackMsg: autoDraw = True
122.2622 	DATA 	Keypress: 5
123.0470 	DATA 	Keypress: 5
123.8092 	EXP 	New trial (rep=0, index=14): OrderedDict([('Condition', 'SmallPun'), ('FixationDur', 1500)])
123.8160 	DATA 	Keypress: 5
123.8253 	EXP 	feedbackMsg: autoDraw = False
123.8253 	EXP 	feedbackMsg: autoDraw = False
123.8253 	EXP 	cueImage: image = 'images/LoseSmall.bmp'
123.8253 	EXP 	cueImage: autoDraw = True
124.5959 	DATA 	Keypress: 5
125.3784 	DATA 	Keypress: 5
125.8588 	EXP 	cueImage: autoDraw = False
125.8588 	EXP 	cueImage: autoDraw = False
125.8588 	EXP 	fixation: autoDraw = True
126.1456 	DATA 	Keypress: 5
126.9289 	DATA 	Keypress: 5
127.3921 	EXP 	fixation: autoDraw = False
127.3921 	EXP 	fixation: autoDraw = False
127.3921 	EXP 	Target: image = 'images/LoseProbe.bmp'
127.3921 	EXP 	Target: autoDraw = True
127.6624 	DATA 	Keypress: 1
127.7136 	DATA 	Keypress: 5
127.7917 	EXP 	Target: autoDraw = False
127.7917 	EXP 	Target: autoDraw = False
127.7917 	EXP 	feedbackMsg: text = 'Correct Response!\n\nYou did not lose $0.20!'
127.7917 	EXP 	feedbackMsg: autoDraw = True
128.4789 	DATA 	Keypress: 5
129.2625 	DATA 	Keypress: 5
129.4275 	EXP 	New trial (rep=0, index=15): OrderedDict([('Condition', 'SmallPun'), ('FixationDur', 2000)])
129.4423 	EXP 	feedbackMsg: autoDraw = False
129.4423 	EXP 	feedbackMsg: autoDraw = False
129.4423 	EXP 	cueImage: image = 'images/LoseSmall.bmp'
129.4423 	EXP 	cueImage: autoDraw = True
130.0462 	DATA 	Keypress: 5
130.8118 	DATA 	Keypress: 5
131.4765 	EXP 	cueImage: autoDraw = False
131.4765 	EXP 	cueImage: autoDraw = False
131.4765 	EXP 	fixation: autoDraw = True
131.5957 	DATA 	Keypress: 5
132.3809 	DATA 	Keypress: 5
133.1465 	DATA 	Keypress: 5
133.5093 	EXP 	fixation: autoDraw = False
133.5093 	EXP 	fixation: autoDraw = False
133.5093 	EXP 	Target: image = 'images/LoseProbe.bmp'
133.5093 	EXP 	Target: autoDraw = True
133.7802 	DATA 	Keypress: 1
133.9096 	EXP 	Target: autoDraw = False
133.9096 	EXP 	Target: autoDraw = False
133.9096 	EXP 	feedbackMsg: text = 'Correct Response!\n\nYou did not lose $0.20!'
133.9096 	EXP 	feedbackMsg: autoDraw = True
133.9279 	DATA 	Keypress: 5
134.7129 	DATA 	Keypress: 5
135.4976 	DATA 	Keypress: 5
135.5281 	EXP 	New trial (rep=0, index=16): OrderedDict([('Condition', 'LgReward'), ('FixationDur', 3500)])
135.5594 	EXP 	feedbackMsg: autoDraw = False
135.5594 	EXP 	feedbackMsg: autoDraw = False
135.5594 	EXP 	cueImage: image = 'images/WinBig.bmp'
135.5594 	EXP 	cueImage: autoDraw = True
136.2619 	DATA 	Keypress: 5
137.0468 	DATA 	Keypress: 5
137.5929 	EXP 	cueImage: autoDraw = False
137.5929 	EXP 	fixation: autoDraw = True
137.8309 	DATA 	Keypress: 5
138.5961 	DATA 	Keypress: 5
139.3801 	DATA 	Keypress: 5
140.1647 	DATA 	Keypress: 5
140.9286 	DATA 	Keypress: 5
141.1431 	EXP 	fixation: autoDraw = False
141.1431 	EXP 	fixation: autoDraw = False
141.1431 	EXP 	Target: image = 'images/WinProbe.bmp'
141.1431 	EXP 	Target: autoDraw = True
141.4754 	DATA 	Keypress: 1
141.4824 	EXP 	Target: autoDraw = False
141.4824 	EXP 	Target: autoDraw = False
141.4824 	EXP 	feedbackMsg: text = 'You pressed too slow!\n\nYou did not win $5.00!'
141.4824 	EXP 	feedbackMsg: autoDraw = True
141.7138 	DATA 	Keypress: 5
142.4975 	DATA 	Keypress: 5
143.1610 	EXP 	New trial (rep=0, index=17): OrderedDict([('Condition', 'LgReward'), ('FixationDur', 3000)])
143.1932 	EXP 	feedbackMsg: autoDraw = False
143.1932 	EXP 	feedbackMsg: autoDraw = False
143.1932 	EXP 	cueImage: image = 'images/WinBig.bmp'
143.1932 	EXP 	cueImage: autoDraw = True
143.2624 	DATA 	Keypress: 5
144.0458 	DATA 	Keypress: 5
144.8307 	DATA 	Keypress: 5
145.2272 	EXP 	cueImage: autoDraw = False
145.2272 	EXP 	fixation: autoDraw = True
145.5962 	DATA 	Keypress: 5
146.3815 	DATA 	Keypress: 5
147.1639 	DATA 	Keypress: 5
147.9307 	DATA 	Keypress: 5
148.2661 	EXP 	fixation: autoDraw = False
148.2661 	EXP 	fixation: autoDraw = False
148.2661 	EXP 	Target: image = 'images/WinProbe.bmp'
148.2661 	EXP 	Target: autoDraw = True
148.5461 	DATA 	Keypress: 1
148.6098 	EXP 	Target: autoDraw = False
148.6098 	EXP 	Target: autoDraw = False
148.6098 	EXP 	feedbackMsg: text = 'Correct Response!\n\nYou won $5.00!'
148.6098 	EXP 	feedbackMsg: autoDraw = True
148.7132 	DATA 	Keypress: 5
149.4974 	DATA 	Keypress: 5
150.2628 	DATA 	Keypress: 5
150.2949 	EXP 	New trial (rep=0, index=18): OrderedDict([('Condition', 'SmallReward'), ('FixationDur', 3500)])
150.3262 	EXP 	feedbackMsg: autoDraw = False
150.3262 	EXP 	feedbackMsg: autoDraw = False
150.3262 	EXP 	cueImage: image = 'images/WinSmall.bmp'
150.3262 	EXP 	cueImage: autoDraw = True
151.0472 	DATA 	Keypress: 5
151.8312 	DATA 	Keypress: 5
152.3506 	EXP 	cueImage: autoDraw = False
152.3506 	EXP 	fixation: autoDraw = True
152.5976 	DATA 	Keypress: 5
153.3800 	DATA 	Keypress: 5
154.1657 	DATA 	Keypress: 5
154.9299 	DATA 	Keypress: 5
155.7137 	DATA 	Keypress: 5
155.8944 	EXP 	fixation: autoDraw = False
155.8944 	EXP 	fixation: autoDraw = False
155.8944 	EXP 	Target: image = 'images/WinProbe.bmp'
155.8944 	EXP 	Target: autoDraw = True
156.1639 	DATA 	Keypress: 1
156.2440 	EXP 	Target: autoDraw = False
156.2440 	EXP 	Target: autoDraw = False
156.2440 	EXP 	feedbackMsg: text = 'Correct Response!\n\nYou won $0.20!'
156.2440 	EXP 	feedbackMsg: autoDraw = True
156.4968 	DATA 	Keypress: 5
157.2819 	DATA 	Keypress: 5
157.9282 	EXP 	New trial (rep=0, index=19): OrderedDict([('Condition', 'Triangle'), ('FixationDur', 3500)])
157.9438 	EXP 	feedbackMsg: autoDraw = False
157.9438 	EXP 	feedbackMsg: autoDraw = False
157.9438 	EXP 	cueImage: image = 'images/Neutral.bmp'
157.9438 	EXP 	cueImage: autoDraw = True
158.0473 	DATA 	Keypress: 5
158.8308 	DATA 	Keypress: 5
159.6146 	DATA 	Keypress: 5
159.9675 	EXP 	cueImage: autoDraw = False
159.9675 	EXP 	cueImage: autoDraw = False
159.9675 	EXP 	fixation: autoDraw = True
160.3800 	DATA 	Keypress: 5
161.1650 	DATA 	Keypress: 5
161.9490 	DATA 	Keypress: 5
162.7137 	DATA 	Keypress: 5
163.5025 	DATA 	Keypress: 5
163.5112 	EXP 	fixation: autoDraw = False
163.5112 	EXP 	fixation: autoDraw = False
163.5112 	EXP 	Target: image = 'images/NeutralProbe.bmp'
163.5112 	EXP 	Target: autoDraw = True
163.8264 	DATA 	Keypress: 1
163.8345 	EXP 	Target: autoDraw = False
163.8345 	EXP 	Target: autoDraw = False
163.8345 	EXP 	feedbackMsg: text = 'You pressed too slow!\n\nYou did not win or lose anything!'
163.8345 	EXP 	feedbackMsg: autoDraw = True
164.2828 	DATA 	Keypress: 5
165.0469 	DATA 	Keypress: 5
165.5465 	EXP 	New trial (rep=0, index=20): OrderedDict([('Condition', 'SmallPun'), ('FixationDur', 1500)])
165.5609 	EXP 	feedbackMsg: autoDraw = False
165.5609 	EXP 	feedbackMsg: autoDraw = False
165.5609 	EXP 	cueImage: image = 'images/LoseSmall.bmp'
165.5609 	EXP 	cueImage: autoDraw = True
165.8322 	DATA 	Keypress: 5
166.6147 	DATA 	Keypress: 5
167.3811 	DATA 	Keypress: 5
167.5853 	EXP 	cueImage: autoDraw = False
167.5853 	EXP 	cueImage: autoDraw = False
167.5853 	EXP 	fixation: autoDraw = True
168.1649 	DATA 	Keypress: 5
168.9486 	DATA 	Keypress: 5
169.1284 	EXP 	fixation: autoDraw = False
169.1284 	EXP 	fixation: autoDraw = False
169.1284 	EXP 	Target: image = 'images/LoseProbe.bmp'
169.1284 	EXP 	Target: autoDraw = True
169.4451 	EXP 	Target: autoDraw = False
169.4451 	EXP 	Target: autoDraw = False
169.4451 	EXP 	feedbackMsg: text = 'You pressed too slow!\n\nYou lost $0.20!'
169.4451 	EXP 	feedbackMsg: autoDraw = True
169.4825 	DATA 	Keypress: 1
169.7136 	DATA 	Keypress: 5
170.4995 	DATA 	Keypress: 5
171.1471 	EXP 	New trial (rep=0, index=21): OrderedDict([('Condition', 'SmallReward'), ('FixationDur', 1500)])
171.1782 	EXP 	feedbackMsg: autoDraw = False
171.1782 	EXP 	feedbackMsg: autoDraw = False
171.1782 	EXP 	cueImage: image = 'images/WinSmall.bmp'
171.1782 	EXP 	cueImage: autoDraw = True
171.2814 	DATA 	Keypress: 5
172.0477 	DATA 	Keypress: 5
172.8313 	DATA 	Keypress: 5
173.2034 	EXP 	cueImage: autoDraw = False
173.2034 	EXP 	fixation: autoDraw = True
173.6162 	DATA 	Keypress: 5
174.3812 	DATA 	Keypress: 5
174.7533 	EXP 	fixation: autoDraw = False
174.7533 	EXP 	fixation: autoDraw = False
174.7533 	EXP 	Target: image = 'images/WinProbe.bmp'
174.7533 	EXP 	Target: autoDraw = True
175.0741 	DATA 	Keypress: 1
175.0866 	EXP 	Target: autoDraw = False
175.0866 	EXP 	Target: autoDraw = False
175.0866 	EXP 	feedbackMsg: text = 'You pressed too slow!\n\nYou did not win $0.20!'
175.0866 	EXP 	feedbackMsg: autoDraw = True
175.1640 	DATA 	Keypress: 5
175.9493 	DATA 	Keypress: 5
176.7154 	DATA 	Keypress: 5
176.7806 	EXP 	New trial (rep=0, index=22): OrderedDict([('Condition', 'LgPun'), ('FixationDur', 1500)])
176.7958 	EXP 	feedbackMsg: autoDraw = False
176.7958 	EXP 	feedbackMsg: autoDraw = False
176.7958 	EXP 	cueImage: image = 'images/LoseBig.bmp'
176.7958 	EXP 	cueImage: autoDraw = True
177.4981 	DATA 	Keypress: 5
178.2827 	DATA 	Keypress: 5
178.8198 	EXP 	cueImage: autoDraw = False
178.8198 	EXP 	cueImage: autoDraw = False
178.8198 	EXP 	fixation: autoDraw = True
179.0640 	DATA 	Keypress: 5
179.8315 	DATA 	Keypress: 5
180.3621 	EXP 	fixation: autoDraw = False
180.3621 	EXP 	fixation: autoDraw = False
180.3621 	EXP 	Target: image = 'images/LoseProbe.bmp'
180.3621 	EXP 	Target: autoDraw = True
180.6165 	DATA 	Keypress: 5
180.6732 	DATA 	Keypress: 1
180.6792 	EXP 	Target: autoDraw = False
180.6792 	EXP 	Target: autoDraw = False
180.6792 	EXP 	feedbackMsg: text = 'You pressed too slow!\n\nYou lost $5.00!'
180.6792 	EXP 	feedbackMsg: autoDraw = True
181.4003 	DATA 	Keypress: 5
182.1646 	DATA 	Keypress: 5
182.3811 	EXP 	New trial (rep=0, index=23): OrderedDict([('Condition', 'Triangle'), ('FixationDur', 3000)])
182.3956 	EXP 	feedbackMsg: autoDraw = False
182.3956 	EXP 	feedbackMsg: autoDraw = False
182.3956 	EXP 	cueImage: image = 'images/Neutral.bmp'
182.3956 	EXP 	cueImage: autoDraw = True
182.9497 	DATA 	Keypress: 5
183.7323 	DATA 	Keypress: 5
184.4210 	EXP 	cueImage: autoDraw = False
184.4210 	EXP 	cueImage: autoDraw = False
184.4210 	EXP 	fixation: autoDraw = True
184.4988 	DATA 	Keypress: 5
185.2834 	DATA 	Keypress: 5
186.0672 	DATA 	Keypress: 5
186.8325 	DATA 	Keypress: 5
187.4625 	EXP 	fixation: autoDraw = False
187.4625 	EXP 	fixation: autoDraw = False
187.4625 	EXP 	Target: image = 'images/NeutralProbe.bmp'
187.4625 	EXP 	Target: autoDraw = True
187.6159 	DATA 	Keypress: 5
187.8133 	EXP 	Target: autoDraw = False
187.8133 	EXP 	Target: autoDraw = False
187.8133 	EXP 	feedbackMsg: text = 'You pressed too slow!\n\nYou did not win or lose anything!'
187.8133 	EXP 	feedbackMsg: autoDraw = True
188.3998 	DATA 	Keypress: 5
189.1652 	DATA 	Keypress: 5
189.4813 	EXP 	New trial (rep=0, index=24): OrderedDict([('Condition', 'Triangle'), ('FixationDur', 1500)])
189.4961 	EXP 	feedbackMsg: autoDraw = False
189.4961 	EXP 	feedbackMsg: autoDraw = False
189.4961 	EXP 	cueImage: image = 'images/Neutral.bmp'
189.4961 	EXP 	cueImage: autoDraw = True
189.9483 	DATA 	Keypress: 5
190.7336 	DATA 	Keypress: 5
191.5191 	DATA 	Keypress: 5
191.5302 	EXP 	cueImage: autoDraw = False
191.5302 	EXP 	cueImage: autoDraw = False
191.5302 	EXP 	fixation: autoDraw = True
192.2841 	DATA 	Keypress: 5
193.0545 	DATA 	Keypress: 5
193.0632 	EXP 	fixation: autoDraw = False
193.0632 	EXP 	fixation: autoDraw = False
193.0632 	EXP 	Target: image = 'images/NeutralProbe.bmp'
193.0632 	EXP 	Target: autoDraw = True
193.4058 	EXP 	Target: autoDraw = False
193.4058 	EXP 	Target: autoDraw = False
193.4058 	EXP 	feedbackMsg: text = 'You pressed too slow!\n\nYou did not win or lose anything!'
193.4058 	EXP 	feedbackMsg: autoDraw = True
193.8332 	DATA 	Keypress: 5
194.6154 	DATA 	Keypress: 5
195.0806 	EXP 	New trial (rep=0, index=25): OrderedDict([('Condition', 'SmallPun'), ('FixationDur', 3000)])
195.0967 	EXP 	feedbackMsg: autoDraw = False
195.0967 	EXP 	feedbackMsg: autoDraw = False
195.0967 	EXP 	cueImage: image = 'images/LoseSmall.bmp'
195.0967 	EXP 	cueImage: autoDraw = True
195.3995 	DATA 	Keypress: 5
196.1662 	DATA 	Keypress: 5
196.9493 	DATA 	Keypress: 5
197.1222 	EXP 	cueImage: autoDraw = False
197.1222 	EXP 	fixation: autoDraw = True
197.7344 	DATA 	Keypress: 5
198.5004 	DATA 	Keypress: 5
199.2826 	DATA 	Keypress: 5
200.0681 	DATA 	Keypress: 5
200.1578 	EXP 	fixation: autoDraw = False
200.1578 	EXP 	fixation: autoDraw = False
200.1578 	EXP 	Target: image = 'images/LoseProbe.bmp'
200.1578 	EXP 	Target: autoDraw = True
200.4341 	DATA 	Keypress: 1
200.5133 	EXP 	Target: autoDraw = False
200.5133 	EXP 	Target: autoDraw = False
200.5133 	EXP 	feedbackMsg: text = 'Correct Response!\n\nYou did not lose $0.20!'
200.5133 	EXP 	feedbackMsg: autoDraw = True
200.8508 	DATA 	Keypress: 5
201.6165 	DATA 	Keypress: 5
202.1824 	EXP 	New trial (rep=0, index=26): OrderedDict([('Condition', 'SmallReward'), ('FixationDur', 2000)])
202.2133 	EXP 	feedbackMsg: autoDraw = False
202.2133 	EXP 	feedbackMsg: autoDraw = False
202.2133 	EXP 	cueImage: image = 'images/WinSmall.bmp'
202.2133 	EXP 	cueImage: autoDraw = True
202.4006 	DATA 	Keypress: 5
203.1838 	DATA 	Keypress: 5
203.9502 	DATA 	Keypress: 5
204.2408 	EXP 	cueImage: autoDraw = False
204.2408 	EXP 	fixation: autoDraw = True
204.7350 	DATA 	Keypress: 5
205.5165 	DATA 	Keypress: 5
206.2848 	DATA 	Keypress: 5
206.2907 	EXP 	fixation: autoDraw = False
206.2907 	EXP 	fixation: autoDraw = False
206.2907 	EXP 	Target: image = 'images/WinProbe.bmp'
206.2907 	EXP 	Target: autoDraw = True
206.5513 	DATA 	Keypress: 1
206.6476 	EXP 	Target: autoDraw = False
206.6476 	EXP 	Target: autoDraw = False
206.6476 	EXP 	feedbackMsg: text = 'Correct Response!\n\nYou won $0.20!'
206.6476 	EXP 	feedbackMsg: autoDraw = True
207.0680 	DATA 	Keypress: 5
207.8509 	DATA 	Keypress: 5
208.3157 	EXP 	New trial (rep=0, index=27): OrderedDict([('Condition', 'SmallPun'), ('FixationDur', 4000)])
208.3307 	EXP 	feedbackMsg: autoDraw = False
208.3307 	EXP 	feedbackMsg: autoDraw = False
208.3307 	EXP 	cueImage: image = 'images/LoseSmall.bmp'
208.3307 	EXP 	cueImage: autoDraw = True
208.6170 	DATA 	Keypress: 5
209.3993 	DATA 	Keypress: 5
210.1850 	DATA 	Keypress: 5
210.3580 	EXP 	cueImage: autoDraw = False
210.3580 	EXP 	cueImage: autoDraw = False
210.3580 	EXP 	fixation: autoDraw = True
210.9508 	DATA 	Keypress: 5
211.7345 	DATA 	Keypress: 5
212.5182 	DATA 	Keypress: 5
213.2846 	DATA 	Keypress: 5
214.0679 	DATA 	Keypress: 5
214.3919 	EXP 	fixation: autoDraw = False
214.3919 	EXP 	fixation: autoDraw = False
214.3919 	EXP 	Target: image = 'images/LoseProbe.bmp'
214.3919 	EXP 	Target: autoDraw = True
214.6689 	DATA 	Keypress: 1
214.7482 	EXP 	Target: autoDraw = False
214.7482 	EXP 	Target: autoDraw = False
214.7482 	EXP 	feedbackMsg: text = 'Correct Response!\n\nYou did not lose $0.20!'
214.7482 	EXP 	feedbackMsg: autoDraw = True
214.8516 	DATA 	Keypress: 5
215.6182 	DATA 	Keypress: 5
216.4008 	DATA 	Keypress: 5
216.4156 	EXP 	New trial (rep=0, index=28): OrderedDict([('Condition', 'LgReward'), ('FixationDur', 2000)])
216.4421 	EXP 	feedbackMsg: autoDraw = False
216.4421 	EXP 	feedbackMsg: autoDraw = False
216.4421 	EXP 	cueImage: image = 'images/WinBig.bmp'
216.4421 	EXP 	cueImage: autoDraw = True
217.1844 	DATA 	Keypress: 5
217.9511 	DATA 	Keypress: 5
218.4749 	EXP 	cueImage: autoDraw = False
218.4749 	EXP 	fixation: autoDraw = True
218.7352 	DATA 	Keypress: 5
219.5170 	DATA 	Keypress: 5
220.2853 	DATA 	Keypress: 5
220.5255 	EXP 	fixation: autoDraw = False
220.5255 	EXP 	fixation: autoDraw = False
220.5255 	EXP 	Target: image = 'images/WinProbe.bmp'
220.5255 	EXP 	Target: autoDraw = True
220.7847 	DATA 	Keypress: 1
220.8983 	EXP 	Target: autoDraw = False
220.8983 	EXP 	Target: autoDraw = False
220.8983 	EXP 	feedbackMsg: text = 'Correct Response!\n\nYou won $5.00!'
220.8983 	EXP 	feedbackMsg: autoDraw = True
221.0681 	DATA 	Keypress: 5
221.8533 	DATA 	Keypress: 5
222.5505 	EXP 	New trial (rep=0, index=29): OrderedDict([('Condition', 'SmallReward'), ('FixationDur', 1500)])
222.5760 	EXP 	feedbackMsg: autoDraw = False
222.5760 	EXP 	feedbackMsg: autoDraw = False
222.5760 	EXP 	cueImage: image = 'images/WinSmall.bmp'
222.5760 	EXP 	cueImage: autoDraw = True
222.6358 	DATA 	Keypress: 5
223.4010 	DATA 	Keypress: 5
224.1856 	DATA 	Keypress: 5
224.6103 	EXP 	cueImage: autoDraw = False
224.6103 	EXP 	fixation: autoDraw = True
224.9699 	DATA 	Keypress: 5
225.7359 	DATA 	Keypress: 5
226.1600 	EXP 	fixation: autoDraw = False
226.1600 	EXP 	fixation: autoDraw = False
226.1600 	EXP 	Target: image = 'images/WinProbe.bmp'
226.1600 	EXP 	Target: autoDraw = True
226.4360 	DATA 	Keypress: 1
226.5304 	DATA 	Keypress: 5
226.5427 	EXP 	Target: autoDraw = False
226.5427 	EXP 	Target: autoDraw = False
226.5427 	EXP 	feedbackMsg: text = 'Correct Response!\n\nYou won $0.20!'
226.5427 	EXP 	feedbackMsg: autoDraw = True
227.3032 	DATA 	Keypress: 5
228.0674 	DATA 	Keypress: 5
228.1842 	EXP 	New trial (rep=0, index=30): OrderedDict([('Condition', 'LgReward'), ('FixationDur', 1500)])
228.2095 	EXP 	feedbackMsg: autoDraw = False
228.2095 	EXP 	feedbackMsg: autoDraw = False
228.2095 	EXP 	cueImage: image = 'images/WinBig.bmp'
228.2095 	EXP 	cueImage: autoDraw = True
228.8506 	DATA 	Keypress: 5
229.6355 	DATA 	Keypress: 5
230.2440 	EXP 	cueImage: autoDraw = False
230.2440 	EXP 	fixation: autoDraw = True
230.4017 	DATA 	Keypress: 5
231.1866 	DATA 	Keypress: 5
231.7934 	EXP 	fixation: autoDraw = False
231.7934 	EXP 	fixation: autoDraw = False
231.7934 	EXP 	Target: image = 'images/WinProbe.bmp'
231.7934 	EXP 	Target: autoDraw = True
231.9698 	DATA 	Keypress: 5
232.0534 	DATA 	Keypress: 1
232.1653 	EXP 	Target: autoDraw = False
232.1653 	EXP 	Target: autoDraw = False
232.1653 	EXP 	feedbackMsg: text = 'Correct Response!\n\nYou won $5.00!'
232.1653 	EXP 	feedbackMsg: autoDraw = True
232.7361 	DATA 	Keypress: 5
233.5197 	DATA 	Keypress: 5
233.8177 	EXP 	New trial (rep=0, index=31): OrderedDict([('Condition', 'SmallReward'), ('FixationDur', 2000)])
233.8432 	EXP 	feedbackMsg: autoDraw = False
233.8432 	EXP 	feedbackMsg: autoDraw = False
233.8432 	EXP 	cueImage: image = 'images/WinSmall.bmp'
233.8432 	EXP 	cueImage: autoDraw = True
234.3028 	DATA 	Keypress: 5
235.0687 	DATA 	Keypress: 5
235.8698 	DATA 	Keypress: 5
235.8779 	EXP 	cueImage: autoDraw = False
235.8779 	EXP 	fixation: autoDraw = True
236.6372 	DATA 	Keypress: 5
237.4026 	DATA 	Keypress: 5
237.9274 	EXP 	fixation: autoDraw = False
237.9274 	EXP 	fixation: autoDraw = False
237.9274 	EXP 	Target: image = 'images/WinProbe.bmp'
237.9274 	EXP 	Target: autoDraw = True
238.1859 	DATA 	Keypress: 1
238.1880 	DATA 	Keypress: 5
238.2494 	EXP 	Target: autoDraw = False
238.2494 	EXP 	Target: autoDraw = False
238.2494 	EXP 	feedbackMsg: text = 'Correct Response!\n\nYou won $0.20!'
238.2494 	EXP 	feedbackMsg: autoDraw = True
238.9700 	DATA 	Keypress: 5
239.7367 	DATA 	Keypress: 5
239.9501 	EXP 	New trial (rep=0, index=32): OrderedDict([('Condition', 'LgPun'), ('FixationDur', 3000)])
239.9653 	EXP 	feedbackMsg: autoDraw = False
239.9653 	EXP 	feedbackMsg: autoDraw = False
239.9653 	EXP 	cueImage: image = 'images/LoseBig.bmp'
239.9653 	EXP 	cueImage: autoDraw = True
240.5178 	DATA 	Keypress: 5
241.3034 	DATA 	Keypress: 5
241.9955 	EXP 	cueImage: autoDraw = False
241.9955 	EXP 	fixation: autoDraw = True
242.0880 	DATA 	Keypress: 5
242.8525 	DATA 	Keypress: 5
243.6364 	DATA 	Keypress: 5
244.4039 	DATA 	Keypress: 5
245.0284 	EXP 	fixation: autoDraw = False
245.0284 	EXP 	fixation: autoDraw = False
245.0284 	EXP 	Target: image = 'images/LoseProbe.bmp'
245.0284 	EXP 	Target: autoDraw = True
245.1820 	DATA 	Keypress: 5
245.2824 	DATA 	Keypress: 1
245.3785 	EXP 	Target: autoDraw = False
245.3785 	EXP 	Target: autoDraw = False
245.3785 	EXP 	feedbackMsg: text = 'Correct Response!\n\nYou did not lose $5.00!'
245.3785 	EXP 	feedbackMsg: autoDraw = True
245.9711 	DATA 	Keypress: 5
246.7539 	DATA 	Keypress: 5
247.0686 	EXP 	New trial (rep=0, index=33): OrderedDict([('Condition', 'SmallPun'), ('FixationDur', 2000)])
247.0827 	EXP 	feedbackMsg: autoDraw = False
247.0827 	EXP 	feedbackMsg: autoDraw = False
247.0827 	EXP 	cueImage: image = 'images/LoseSmall.bmp'
247.0827 	EXP 	cueImage: autoDraw = True
247.5185 	DATA 	Keypress: 5
248.3022 	DATA 	Keypress: 5
249.1054 	DATA 	Keypress: 5
249.1125 	EXP 	cueImage: autoDraw = False
249.1125 	EXP 	cueImage: autoDraw = False
249.1125 	EXP 	fixation: autoDraw = True
249.8670 	DATA 	Keypress: 5
250.6380 	DATA 	Keypress: 5
251.1456 	EXP 	fixation: autoDraw = False
251.1456 	EXP 	fixation: autoDraw = False
251.1456 	EXP 	Target: image = 'images/LoseProbe.bmp'
251.1456 	EXP 	Target: autoDraw = True
251.4591 	DATA 	Keypress: 5
251.4606 	DATA 	Keypress: 1
251.4664 	EXP 	Target: autoDraw = False
251.4664 	EXP 	Target: autoDraw = False
251.4664 	EXP 	feedbackMsg: text = 'You pressed too slow!\n\nYou lost $0.20!'
251.4664 	EXP 	feedbackMsg: autoDraw = True
252.1870 	DATA 	Keypress: 5
252.9699 	DATA 	Keypress: 5
253.1668 	EXP 	New trial (rep=0, index=34): OrderedDict([('Condition', 'Triangle'), ('FixationDur', 2500)])
253.1832 	EXP 	feedbackMsg: autoDraw = False
253.1832 	EXP 	feedbackMsg: autoDraw = False
253.1832 	EXP 	cueImage: image = 'images/Neutral.bmp'
253.1832 	EXP 	cueImage: autoDraw = True
253.7536 	DATA 	Keypress: 5
254.5189 	DATA 	Keypress: 5
255.2127 	EXP 	cueImage: autoDraw = False
255.2127 	EXP 	cueImage: autoDraw = False
255.2127 	EXP 	fixation: autoDraw = True
255.3023 	DATA 	Keypress: 5
256.0863 	DATA 	Keypress: 5
256.8531 	DATA 	Keypress: 5
257.6355 	DATA 	Keypress: 5
257.7470 	EXP 	fixation: autoDraw = False
257.7470 	EXP 	fixation: autoDraw = False
257.7470 	EXP 	Target: image = 'images/NeutralProbe.bmp'
257.7470 	EXP 	Target: autoDraw = True
258.0468 	EXP 	Target: autoDraw = False
258.0468 	EXP 	Target: autoDraw = False
258.0468 	EXP 	feedbackMsg: text = 'You pressed too slow!\n\nYou did not win or lose anything!'
258.0468 	EXP 	feedbackMsg: autoDraw = True
258.4181 	DATA 	Keypress: 5
259.2004 	DATA 	Keypress: 5
259.7824 	EXP 	New trial (rep=0, index=35): OrderedDict([('Condition', 'Triangle'), ('FixationDur', 2000)])
259.7970 	EXP 	feedbackMsg: autoDraw = False
259.7970 	EXP 	feedbackMsg: autoDraw = False
259.7970 	EXP 	cueImage: image = 'images/Neutral.bmp'
259.7970 	EXP 	cueImage: autoDraw = True
259.9668 	DATA 	Keypress: 5
260.7540 	DATA 	Keypress: 5
261.5382 	DATA 	Keypress: 5
261.8306 	EXP 	cueImage: autoDraw = False
261.8306 	EXP 	fixation: autoDraw = True
262.3005 	DATA 	Keypress: 5
263.0851 	DATA 	Keypress: 5
263.8554 	DATA 	Keypress: 5
263.8644 	EXP 	fixation: autoDraw = False
263.8644 	EXP 	fixation: autoDraw = False
263.8644 	EXP 	Target: image = 'images/NeutralProbe.bmp'
263.8644 	EXP 	Target: autoDraw = True
264.1644 	EXP 	Target: autoDraw = False
264.1644 	EXP 	Target: autoDraw = False
264.1644 	EXP 	feedbackMsg: text = 'You pressed too slow!\n\nYou did not win or lose anything!'
264.1644 	EXP 	feedbackMsg: autoDraw = True
264.6348 	DATA 	Keypress: 5
265.4176 	DATA 	Keypress: 5
265.8827 	EXP 	New trial (rep=0, index=36): OrderedDict([('Condition', 'SmallPun'), ('FixationDur', 2500)])
265.8985 	EXP 	feedbackMsg: autoDraw = False
265.8985 	EXP 	feedbackMsg: autoDraw = False
265.8985 	EXP 	cueImage: image = 'images/LoseSmall.bmp'
265.8985 	EXP 	cueImage: autoDraw = True
266.2019 	DATA 	Keypress: 5
266.9674 	DATA 	Keypress: 5
267.7514 	DATA 	Keypress: 5
267.9319 	EXP 	cueImage: autoDraw = False
267.9319 	EXP 	cueImage: autoDraw = False
267.9319 	EXP 	fixation: autoDraw = True
268.5359 	DATA 	Keypress: 5
269.3038 	DATA 	Keypress: 5
270.0882 	DATA 	Keypress: 5
270.4656 	EXP 	fixation: autoDraw = False
270.4656 	EXP 	fixation: autoDraw = False
270.4656 	EXP 	Target: image = 'images/LoseProbe.bmp'
270.4656 	EXP 	Target: autoDraw = True
270.7468 	DATA 	Keypress: 1
270.7511 	EXP 	Target: autoDraw = False
270.7511 	EXP 	Target: autoDraw = False
270.7511 	EXP 	feedbackMsg: text = 'You pressed too slow!\n\nYou lost $0.20!'
270.7511 	EXP 	feedbackMsg: autoDraw = True
270.8728 	DATA 	Keypress: 5
271.6372 	DATA 	Keypress: 5
272.4209 	DATA 	Keypress: 5
272.4870 	EXP 	New trial (rep=0, index=37): OrderedDict([('Condition', 'SmallReward'), ('FixationDur', 3000)])
272.5320 	EXP 	feedbackMsg: autoDraw = False
272.5320 	EXP 	feedbackMsg: autoDraw = False
272.5320 	EXP 	cueImage: image = 'images/WinSmall.bmp'
272.5320 	EXP 	cueImage: autoDraw = True
273.2046 	DATA 	Keypress: 5
273.9712 	DATA 	Keypress: 5
274.5494 	EXP 	cueImage: autoDraw = False
274.5494 	EXP 	fixation: autoDraw = True
274.7553 	DATA 	Keypress: 5
275.5400 	DATA 	Keypress: 5
276.3051 	DATA 	Keypress: 5
277.0889 	DATA 	Keypress: 5
277.5999 	EXP 	fixation: autoDraw = False
277.5999 	EXP 	fixation: autoDraw = False
277.5999 	EXP 	Target: image = 'images/WinProbe.bmp'
277.5999 	EXP 	Target: autoDraw = True
277.9078 	DATA 	Keypress: 5
277.9095 	DATA 	Keypress: 1
277.9167 	EXP 	Target: autoDraw = False
277.9167 	EXP 	Target: autoDraw = False
277.9167 	EXP 	feedbackMsg: text = 'You pressed too slow!\n\nYou did not win $0.20!'
277.9167 	EXP 	feedbackMsg: autoDraw = True
278.6391 	DATA 	Keypress: 5
279.4219 	DATA 	Keypress: 5
279.6374 	EXP 	New trial (rep=0, index=38): OrderedDict([('Condition', 'LgPun'), ('FixationDur', 2000)])
279.6517 	EXP 	feedbackMsg: autoDraw = False
279.6517 	EXP 	feedbackMsg: autoDraw = False
279.6517 	EXP 	cueImage: image = 'images/LoseBig.bmp'
279.6517 	EXP 	cueImage: autoDraw = True
280.2057 	DATA 	Keypress: 5
280.9882 	DATA 	Keypress: 5
281.6841 	EXP 	cueImage: autoDraw = False
281.6841 	EXP 	cueImage: autoDraw = False
281.6841 	EXP 	fixation: autoDraw = True
281.7554 	DATA 	Keypress: 5
282.5404 	DATA 	Keypress: 5
283.3061 	DATA 	Keypress: 5
283.7168 	EXP 	fixation: autoDraw = False
283.7168 	EXP 	fixation: autoDraw = False
283.7168 	EXP 	Target: image = 'images/LoseProbe.bmp'
283.7168 	EXP 	Target: autoDraw = True
284.0173 	DATA 	Keypress: 1
284.0335 	EXP 	Target: autoDraw = False
284.0335 	EXP 	Target: autoDraw = False
284.0335 	EXP 	feedbackMsg: text = 'You pressed too slow!\n\nYou lost $5.00!'
284.0335 	EXP 	feedbackMsg: autoDraw = True
284.0882 	DATA 	Keypress: 5
284.8736 	DATA 	Keypress: 5
285.6568 	DATA 	Keypress: 5
285.7548 	EXP 	New trial (rep=0, index=39): OrderedDict([('Condition', 'LgPun'), ('FixationDur', 3500)])
285.7689 	EXP 	feedbackMsg: autoDraw = False
285.7689 	EXP 	feedbackMsg: autoDraw = False
285.7689 	EXP 	cueImage: image = 'images/LoseBig.bmp'
285.7689 	EXP 	cueImage: autoDraw = True
286.4221 	DATA 	Keypress: 5
287.2051 	DATA 	Keypress: 5
287.8015 	EXP 	cueImage: autoDraw = False
287.8015 	EXP 	cueImage: autoDraw = False
287.8015 	EXP 	fixation: autoDraw = True
287.9903 	DATA 	Keypress: 5
288.7551 	DATA 	Keypress: 5
289.5393 	DATA 	Keypress: 5
290.3235 	DATA 	Keypress: 5
291.0881 	DATA 	Keypress: 5
291.3350 	EXP 	fixation: autoDraw = False
291.3350 	EXP 	fixation: autoDraw = False
291.3350 	EXP 	Target: image = 'images/LoseProbe.bmp'
291.3350 	EXP 	Target: autoDraw = True
291.6575 	DATA 	Keypress: 1
291.6686 	EXP 	Target: autoDraw = False
291.6686 	EXP 	Target: autoDraw = False
291.6686 	EXP 	feedbackMsg: text = 'You pressed too slow!\n\nYou lost $5.00!'
291.6686 	EXP 	feedbackMsg: autoDraw = True
291.8730 	DATA 	Keypress: 5
292.6570 	DATA 	Keypress: 5
293.3545 	EXP 	New trial (rep=0, index=40): OrderedDict([('Condition', 'LgReward'), ('FixationDur', 2000)])
293.3850 	EXP 	feedbackMsg: autoDraw = False
293.3850 	EXP 	feedbackMsg: autoDraw = False
293.3850 	EXP 	cueImage: image = 'images/WinBig.bmp'
293.3850 	EXP 	cueImage: autoDraw = True
293.4218 	DATA 	Keypress: 5
294.2063 	DATA 	Keypress: 5
294.9903 	DATA 	Keypress: 5
295.4188 	EXP 	cueImage: autoDraw = False
295.4188 	EXP 	fixation: autoDraw = True
295.7564 	DATA 	Keypress: 5
296.5404 	DATA 	Keypress: 5
297.3237 	DATA 	Keypress: 5
297.4690 	EXP 	fixation: autoDraw = False
297.4690 	EXP 	fixation: autoDraw = False
297.4690 	EXP 	Target: image = 'images/WinProbe.bmp'
297.4690 	EXP 	Target: autoDraw = True
297.7394 	DATA 	Keypress: 1
297.8018 	EXP 	Target: autoDraw = False
297.8018 	EXP 	Target: autoDraw = False
297.8018 	EXP 	feedbackMsg: text = 'Correct Response!\n\nYou won $5.00!'
297.8018 	EXP 	feedbackMsg: autoDraw = True
298.0898 	DATA 	Keypress: 5
298.8729 	DATA 	Keypress: 5
299.4886 	EXP 	New trial (rep=0, index=41): OrderedDict([('Condition', 'LgReward'), ('FixationDur', 2500)])
299.5364 	EXP 	feedbackMsg: autoDraw = False
299.5364 	EXP 	feedbackMsg: autoDraw = False
299.5364 	EXP 	cueImage: image = 'images/WinBig.bmp'
299.5364 	EXP 	cueImage: autoDraw = True
299.6575 	DATA 	Keypress: 5
300.4230 	DATA 	Keypress: 5
301.2059 	DATA 	Keypress: 5
301.5536 	EXP 	cueImage: autoDraw = False
301.5536 	EXP 	fixation: autoDraw = True
301.8577 	DATA 	Keypress: 1
301.9910 	DATA 	Keypress: 5
302.7559 	DATA 	Keypress: 5
303.5396 	DATA 	Keypress: 5
304.1366 	EXP 	fixation: autoDraw = False
304.1366 	EXP 	fixation: autoDraw = False
304.1366 	EXP 	Target: image = 'images/WinProbe.bmp'
304.1366 	EXP 	Target: autoDraw = True
304.3239 	DATA 	Keypress: 5
304.4700 	EXP 	Target: autoDraw = False
304.4700 	EXP 	Target: autoDraw = False
304.4700 	EXP 	feedbackMsg: text = 'You pressed too soon!\n\nYou did not win $5.00!'
304.4700 	EXP 	feedbackMsg: autoDraw = True
305.0907 	DATA 	Keypress: 5
305.8738 	DATA 	Keypress: 5
306.1558 	EXP 	New trial (rep=0, index=42): OrderedDict([('Condition', 'Triangle'), ('FixationDur', 2000)])
306.1706 	EXP 	feedbackMsg: autoDraw = False
306.1706 	EXP 	feedbackMsg: autoDraw = False
306.1706 	EXP 	cueImage: image = 'images/Neutral.bmp'
306.1706 	EXP 	cueImage: autoDraw = True
306.6571 	DATA 	Keypress: 5
307.4411 	DATA 	Keypress: 5
308.2032 	EXP 	cueImage: autoDraw = False
308.2032 	EXP 	cueImage: autoDraw = False
308.2032 	EXP 	fixation: autoDraw = True
308.2067 	DATA 	Keypress: 5
308.9917 	DATA 	Keypress: 5
309.7751 	DATA 	Keypress: 5
310.2371 	EXP 	fixation: autoDraw = False
310.2371 	EXP 	fixation: autoDraw = False
310.2371 	EXP 	Target: image = 'images/NeutralProbe.bmp'
310.2371 	EXP 	Target: autoDraw = True
310.5396 	DATA 	Keypress: 5
310.6209 	EXP 	Target: autoDraw = False
310.6209 	EXP 	Target: autoDraw = False
310.6209 	EXP 	feedbackMsg: text = 'You pressed too slow!\n\nYou did not win or lose anything!'
310.6209 	EXP 	feedbackMsg: autoDraw = True
311.3239 	DATA 	Keypress: 5
312.1085 	DATA 	Keypress: 5
312.2559 	EXP 	New trial (rep=0, index=43): OrderedDict([('Condition', 'Triangle'), ('FixationDur', 1500)])
312.2706 	EXP 	feedbackMsg: autoDraw = False
312.2706 	EXP 	feedbackMsg: autoDraw = False
312.2706 	EXP 	cueImage: image = 'images/Neutral.bmp'
312.2706 	EXP 	cueImage: autoDraw = True
312.8731 	DATA 	Keypress: 5
313.6581 	DATA 	Keypress: 5
314.3045 	EXP 	cueImage: autoDraw = False
314.3045 	EXP 	cueImage: autoDraw = False
314.3045 	EXP 	fixation: autoDraw = True
314.4411 	DATA 	Keypress: 5
315.2075 	DATA 	Keypress: 5
315.8377 	EXP 	fixation: autoDraw = False
315.8377 	EXP 	fixation: autoDraw = False
315.8377 	EXP 	Target: image = 'images/NeutralProbe.bmp'
315.8377 	EXP 	Target: autoDraw = True
315.9914 	DATA 	Keypress: 5
316.2212 	EXP 	Target: autoDraw = False
316.2212 	EXP 	Target: autoDraw = False
316.2212 	EXP 	feedbackMsg: text = 'You pressed too slow!\n\nYou did not win or lose anything!'
316.2212 	EXP 	feedbackMsg: autoDraw = True
316.7760 	DATA 	Keypress: 5
317.5410 	DATA 	Keypress: 5
317.8562 	EXP 	New trial (rep=0, index=44): OrderedDict([('Condition', 'LgPun'), ('FixationDur', 2000)])
317.8713 	EXP 	feedbackMsg: autoDraw = False
317.8713 	EXP 	feedbackMsg: autoDraw = False
317.8713 	EXP 	cueImage: image = 'images/LoseBig.bmp'
317.8713 	EXP 	cueImage: autoDraw = True
318.3244 	DATA 	Keypress: 5
319.1081 	DATA 	Keypress: 5
319.8919 	DATA 	Keypress: 5
319.9046 	EXP 	cueImage: autoDraw = False
319.9046 	EXP 	cueImage: autoDraw = False
319.9046 	EXP 	fixation: autoDraw = True
320.6577 	DATA 	Keypress: 5
321.4413 	DATA 	Keypress: 5
321.9385 	EXP 	fixation: autoDraw = False
321.9385 	EXP 	fixation: autoDraw = False
321.9385 	EXP 	Target: image = 'images/LoseProbe.bmp'
321.9385 	EXP 	Target: autoDraw = True
322.2067 	DATA 	Keypress: 1
322.2085 	DATA 	Keypress: 5
322.3213 	EXP 	Target: autoDraw = False
322.3213 	EXP 	Target: autoDraw = False
322.3213 	EXP 	feedbackMsg: text = 'Correct Response!\n\nYou did not lose $5.00!'
322.3213 	EXP 	feedbackMsg: autoDraw = True
322.9911 	DATA 	Keypress: 5
323.7759 	DATA 	Keypress: 5
323.9558 	EXP 	New trial (rep=0, index=45): OrderedDict([('Condition', 'Triangle'), ('FixationDur', 4000)])
323.9722 	EXP 	feedbackMsg: autoDraw = False
323.9722 	EXP 	feedbackMsg: autoDraw = False
323.9722 	EXP 	cueImage: image = 'images/Neutral.bmp'
323.9722 	EXP 	cueImage: autoDraw = True
324.5410 	DATA 	Keypress: 5
325.3240 	DATA 	Keypress: 5
326.0052 	EXP 	cueImage: autoDraw = False
326.0052 	EXP 	cueImage: autoDraw = False
326.0052 	EXP 	fixation: autoDraw = True
326.1100 	DATA 	Keypress: 5
326.8756 	DATA 	Keypress: 5
327.6588 	DATA 	Keypress: 5
328.4433 	DATA 	Keypress: 5
329.2093 	DATA 	Keypress: 5
330.0271 	DATA 	Keypress: 5
330.0385 	EXP 	fixation: autoDraw = False
330.0385 	EXP 	fixation: autoDraw = False
330.0385 	EXP 	Target: image = 'images/NeutralProbe.bmp'
330.0385 	EXP 	Target: autoDraw = True
330.4213 	EXP 	Target: autoDraw = False
330.4213 	EXP 	Target: autoDraw = False
330.4213 	EXP 	feedbackMsg: text = 'You pressed too slow!\n\nYou did not win or lose anything!'
330.4213 	EXP 	feedbackMsg: autoDraw = True
330.7752 	DATA 	Keypress: 5
331.5580 	DATA 	Keypress: 5
332.0571 	EXP 	New trial (rep=0, index=46): OrderedDict([('Condition', 'Triangle'), ('FixationDur', 1500)])
332.0718 	EXP 	feedbackMsg: autoDraw = False
332.0718 	EXP 	feedbackMsg: autoDraw = False
332.0718 	EXP 	cueImage: image = 'images/Neutral.bmp'
332.0718 	EXP 	cueImage: autoDraw = True
332.3239 	DATA 	Keypress: 5
333.1088 	DATA 	Keypress: 5
333.8925 	DATA 	Keypress: 5
334.1056 	EXP 	cueImage: autoDraw = False
334.1056 	EXP 	cueImage: autoDraw = False
334.1056 	EXP 	fixation: autoDraw = True
334.6580 	DATA 	Keypress: 5
335.4424 	DATA 	Keypress: 5
335.6381 	EXP 	fixation: autoDraw = False
335.6381 	EXP 	fixation: autoDraw = False
335.6381 	EXP 	Target: image = 'images/NeutralProbe.bmp'
335.6381 	EXP 	Target: autoDraw = True
336.0227 	EXP 	Target: autoDraw = False
336.0227 	EXP 	Target: autoDraw = False
336.0227 	EXP 	feedbackMsg: text = 'You pressed too slow!\n\nYou did not win or lose anything!'
336.0227 	EXP 	feedbackMsg: autoDraw = True
336.2263 	DATA 	Keypress: 5
336.9918 	DATA 	Keypress: 5
337.6577 	EXP 	New trial (rep=0, index=47): OrderedDict([('Condition', 'LgPun'), ('FixationDur', 4000)])
337.6719 	EXP 	feedbackMsg: autoDraw = False
337.6719 	EXP 	feedbackMsg: autoDraw = False
337.6719 	EXP 	cueImage: image = 'images/LoseBig.bmp'
337.6719 	EXP 	cueImage: autoDraw = True
337.7758 	DATA 	Keypress: 5
338.5588 	DATA 	Keypress: 5
339.3251 	DATA 	Keypress: 5
339.7059 	EXP 	cueImage: autoDraw = False
339.7059 	EXP 	cueImage: autoDraw = False
339.7059 	EXP 	fixation: autoDraw = True
340.1094 	DATA 	Keypress: 5
340.8934 	DATA 	Keypress: 5
341.6582 	DATA 	Keypress: 5
342.4425 	DATA 	Keypress: 5
343.2264 	DATA 	Keypress: 5
343.7390 	EXP 	fixation: autoDraw = False
343.7390 	EXP 	fixation: autoDraw = False
343.7390 	EXP 	Target: image = 'images/LoseProbe.bmp'
343.7390 	EXP 	Target: autoDraw = True
343.9927 	DATA 	Keypress: 5
344.0262 	DATA 	Keypress: 1
344.1254 	EXP 	Target: autoDraw = False
344.1254 	EXP 	Target: autoDraw = False
344.1254 	EXP 	feedbackMsg: text = 'Correct Response!\n\nYou did not lose $5.00!'
344.1254 	EXP 	feedbackMsg: autoDraw = True
344.7751 	DATA 	Keypress: 5
345.5600 	DATA 	Keypress: 5
345.7735 	EXP 	New trial (rep=0, index=48): OrderedDict([('Condition', 'SmallReward'), ('FixationDur', 1500)])
345.8226 	EXP 	feedbackMsg: autoDraw = False
345.8226 	EXP 	feedbackMsg: autoDraw = False
345.8226 	EXP 	cueImage: image = 'images/WinSmall.bmp'
345.8226 	EXP 	cueImage: autoDraw = True
346.3260 	DATA 	Keypress: 5
347.1092 	DATA 	Keypress: 5
347.8398 	EXP 	cueImage: autoDraw = False
347.8398 	EXP 	fixation: autoDraw = True
347.8939 	DATA 	Keypress: 5
348.6601 	DATA 	Keypress: 5
349.3896 	EXP 	fixation: autoDraw = False
349.3896 	EXP 	fixation: autoDraw = False
349.3896 	EXP 	Target: image = 'images/WinProbe.bmp'
349.3896 	EXP 	Target: autoDraw = True
349.4423 	DATA 	Keypress: 5
349.6928 	DATA 	Keypress: 1
349.7727 	EXP 	Target: autoDraw = False
349.7727 	EXP 	Target: autoDraw = False
349.7727 	EXP 	feedbackMsg: text = 'Correct Response!\n\nYou won $0.20!'
349.7727 	EXP 	feedbackMsg: autoDraw = True
350.2277 	DATA 	Keypress: 5
351.0111 	DATA 	Keypress: 5
351.4075 	EXP 	New trial (rep=0, index=49): OrderedDict([('Condition', 'SmallReward'), ('FixationDur', 2500)])
351.4564 	EXP 	feedbackMsg: autoDraw = False
351.4564 	EXP 	feedbackMsg: autoDraw = False
351.4564 	EXP 	cueImage: image = 'images/WinSmall.bmp'
351.4564 	EXP 	cueImage: autoDraw = True
351.7760 	DATA 	Keypress: 5
352.5594 	DATA 	Keypress: 5
353.3426 	DATA 	Keypress: 5
353.4729 	EXP 	cueImage: autoDraw = False
353.4729 	EXP 	fixation: autoDraw = True
354.1091 	DATA 	Keypress: 5
354.8945 	DATA 	Keypress: 5
355.6778 	DATA 	Keypress: 5
356.0236 	EXP 	fixation: autoDraw = False
356.0236 	EXP 	fixation: autoDraw = False
356.0236 	EXP 	Target: image = 'images/WinProbe.bmp'
356.0236 	EXP 	Target: autoDraw = True
356.3267 	DATA 	Keypress: 1
356.3909 	EXP 	Target: autoDraw = False
356.3909 	EXP 	Target: autoDraw = False
356.3909 	EXP 	feedbackMsg: text = 'Correct Response!\n\nYou won $0.20!'
356.3909 	EXP 	feedbackMsg: autoDraw = True
356.4435 	DATA 	Keypress: 5
357.2268 	DATA 	Keypress: 5
358.0111 	DATA 	Keypress: 5
358.0568 	EXP 	feedbackMsg: autoDraw = False
358.0568 	EXP 	feedbackMsg: autoDraw = False
358.0568 	EXP 	polygon: autoDraw = True
358.7767 	DATA 	Keypress: 5
359.5594 	DATA 	Keypress: 5
360.3447 	DATA 	Keypress: 5
361.1104 	DATA 	Keypress: 5
363.0604 	EXP 	polygon: autoDraw = False
363.0604 	EXP 	polygon: autoDraw = False
363.0604 	EXP 	text: text = 'All done!\n\nYou earned a total of: $5.80!'
363.0604 	EXP 	text: autoDraw = True
366.1081 	EXP 	text: autoDraw = False
366.1081 	EXP 	text: autoDraw = False
366.1081 	EXP 	polygon2: autoDraw = True
368.3449 	DATA 	Keypress: escape
368.6736 	EXP 	window1: mouseVisible = True
