11.6128 	EXP 	Created window1 = Window(allowGUI=False, allowStencil=False, args=UNKNOWN, autoLog=True, bitsMode=UNKNOWN, blendMode='avg', color=array([0., 0., 0.]), colorSpace='rgb', fullscr=<method-wrapper '__getattribute__' of attributeSetter object at 0x13363bba8>, gamma=None, kwargs=UNKNOWN, lms=UNKNOWN, monitor=<psychopy.monitors.calibTools.Monitor object at 0x1340d6e10>, multiSample=False, name='window1', numSamples=2, pos=[0.0, 0.0], screen=0, size=array([1920, 1080]), stereo=False, units='height', useFBO=True, useRetina=False, viewOri=0.0, viewPos=None, viewScale=None, waitBlanking=True, winType='pyglet')
11.6129 	EXP 	window1: recordFrameIntervals = False
11.7799 	EXP 	window1: recordFrameIntervals = True
11.9631 	EXP 	window1: recordFrameIntervals = False
11.9632 	EXP 	window1: recordFrameIntervals = False
12.1294 	EXP 	window1: recordFrameIntervals = True
12.3132 	EXP 	window1: recordFrameIntervals = False
12.7657 	EXP 	Created preinstruct_text = TextStim(__class__=<class 'psychopy.visual.text.TextStim'>, alignHoriz='center', alignVert='center', antialias=True, autoLog=True, bold=False, color='white', colorSpace='named', contrast=1.0, depth=0.0, flipHoriz=False, flipVert=False, font='Arial', fontFiles=[], height=0.05, italic=False, languageStyle='LTR', name='preinstruct_text', opacity=1.0, ori=0, pos=array([0., 0.]), rgb=array([255., 255., 255.]), text='Money Task - Scanner 1', units='height', win=Window(...), wrapWidth=1)
12.8121 	EXP 	Created instructFig = ImageStim(__class__=<class 'psychopy.visual.image.ImageStim'>, autoLog=True, color=array([1., 1., 1.]), colorSpace='rgb', contrast=1.0, depth=0.0, flipHoriz=False, flipVert=False, image='images/MID_instructions.bmp', interpolate=True, mask=None, maskParams=None, name='instructFig', opacity=1.0, ori=0.0, pos=array([0., 0.]), size=array([1.3, 1. ]), texRes=128, units='height', win=Window(...))
12.8137 	EXP 	Created PrepFixation = ShapeStim(__class__=<class 'psychopy.visual.shape.ShapeStim'>, autoDraw=False, autoLog=True, closeShape=True, contrast=1.0, depth=0.0, fillColor=array([1., 1., 1.]), fillColorSpace='rgb', interpolate=True, lineColor=array([1., 1., 1.]), lineColorSpace='rgb', lineWidth=1, name='PrepFixation', opacity=1.0, ori=array(0.), pos=array([0., 0.]), size=array([0.05, 0.05]), units='height', vertices=ndarray(...), win=Window(...), windingRule=None)
12.8153 	EXP 	Created cueImage = ImageStim(__class__=<class 'psychopy.visual.image.ImageStim'>, autoLog=True, color=array([1., 1., 1.]), colorSpace='rgb', contrast=1.0, depth=0.0, flipHoriz=False, flipVert=False, image='sin', interpolate=True, mask=None, maskParams=None, name='cueImage', opacity=1.0, ori=0.0, pos=array([0., 0.]), size=array([1.3, 1. ]), texRes=128, units='height', win=Window(...))
12.8169 	EXP 	Created fixation = ShapeStim(__class__=<class 'psychopy.visual.shape.ShapeStim'>, autoDraw=False, autoLog=True, closeShape=True, contrast=1.0, depth=-1.0, fillColor=array([1., 1., 1.]), fillColorSpace='rgb', interpolate=True, lineColor=array([1., 1., 1.]), lineColorSpace='rgb', lineWidth=1, name='fixation', opacity=1.0, ori=array(0.), pos=array([0., 0.]), size=array([0.05, 0.05]), units='height', vertices=ndarray(...), win=Window(...), windingRule=None)
12.8185 	EXP 	Created Target = ImageStim(__class__=<class 'psychopy.visual.image.ImageStim'>, autoLog=True, color=array([1., 1., 1.]), colorSpace='rgb', contrast=1.0, depth=-1.0, flipHoriz=False, flipVert=False, image='sin', interpolate=True, mask=None, maskParams=None, name='Target', opacity=1.0, ori=0.0, pos=array([0., 0.]), size=array([1.3, 1. ]), texRes=128, units='height', win=Window(...))
12.8278 	EXP 	Created feedbackMsg = TextStim(__class__=<class 'psychopy.visual.text.TextStim'>, alignHoriz='center', alignVert='center', antialias=True, autoLog=True, bold=False, color='white', colorSpace='named', contrast=1.0, depth=-2.0, flipHoriz=False, flipVert=False, font='Arial', fontFiles=[], height=0.05, italic=False, languageStyle='LTR', name='feedbackMsg', opacity=1.0, ori=0, pos=array([0., 0.]), rgb=array([255., 255., 255.]), text='default text', units='height', win=Window(...), wrapWidth=2)
12.8294 	EXP 	Created polygon = ShapeStim(__class__=<class 'psychopy.visual.shape.ShapeStim'>, autoDraw=False, autoLog=True, closeShape=True, contrast=1.0, depth=0.0, fillColor=array([1., 1., 1.]), fillColorSpace='rgb', interpolate=True, lineColor=array([1., 1., 1.]), lineColorSpace='rgb', lineWidth=1, name='polygon', opacity=1.0, ori=array(0.), pos=array([0., 0.]), size=array([0.05, 0.05]), units='height', vertices=ndarray(...), win=Window(...), windingRule=None)
12.8368 	EXP 	Created text = TextStim(__class__=<class 'psychopy.visual.text.TextStim'>, alignHoriz='center', alignVert='center', antialias=True, autoLog=True, bold=False, color='white', colorSpace='named', contrast=1.0, depth=-1.0, flipHoriz=False, flipVert=False, font='Arial', fontFiles=[], height=0.07, italic=False, languageStyle='LTR', name='text', opacity=1.0, ori=0, pos=array([0., 0.]), rgb=array([255., 255., 255.]), text='default text', units='height', win=Window(...), wrapWidth=1)
12.8384 	EXP 	Created polygon2 = ShapeStim(__class__=<class 'psychopy.visual.shape.ShapeStim'>, autoDraw=False, autoLog=True, closeShape=True, contrast=1.0, depth=0.0, fillColor=array([1., 1., 1.]), fillColorSpace='rgb', interpolate=True, lineColor=array([1., 1., 1.]), lineColorSpace='rgb', lineWidth=1, name='polygon2', opacity=1.0, ori=array(0.), pos=array([0., 0.]), size=array([0.05, 0.05]), units='height', vertices=ndarray(...), win=Window(...), windingRule=None)
12.8461 	EXP 	preinstruct_text: autoDraw = True
14.8960 	EXP 	preinstruct_text: autoDraw = False
14.8960 	EXP 	instructFig: autoDraw = True
40.6275 	DATA 	Keypress: 5
40.6378 	EXP 	instructFig: autoDraw = False
40.6378 	EXP 	PrepFixation: autoDraw = True
41.3994 	DATA 	Keypress: 5
42.1832 	DATA 	Keypress: 5
42.6223 	EXP 	Imported TimeVersion9.csv as conditions, 50 conditions, 2 params
42.6226 	EXP 	Created sequence: sequential, trialTypes=50, nReps=1, seed=None
42.6229 	EXP 	New trial (rep=0, index=0): OrderedDict([('Condition', 'Triangle'), ('FixationDur', 2000)])
42.6376 	EXP 	PrepFixation: autoDraw = False
42.6376 	EXP 	PrepFixation: autoDraw = False
42.6376 	EXP 	cueImage: image = 'images/Neutral.bmp'
42.6376 	EXP 	cueImage: autoDraw = True
42.9493 	DATA 	Keypress: 5
43.7323 	DATA 	Keypress: 5
44.5167 	DATA 	Keypress: 5
44.6713 	EXP 	cueImage: autoDraw = False
44.6713 	EXP 	fixation: autoDraw = True
45.2840 	DATA 	Keypress: 5
46.0689 	DATA 	Keypress: 5
46.7142 	EXP 	fixation: autoDraw = False
46.7142 	EXP 	fixation: autoDraw = False
46.7142 	EXP 	Target: image = 'images/NeutralProbe.bmp'
46.7142 	EXP 	Target: autoDraw = True
46.8524 	DATA 	Keypress: 5
47.0574 	DATA 	Keypress: 1
47.0645 	EXP 	Target: autoDraw = False
47.0645 	EXP 	Target: autoDraw = False
47.0645 	EXP 	feedbackMsg: text = 'You pressed too slow!\n\nYou did not win or lose anything!'
47.0645 	EXP 	feedbackMsg: autoDraw = True
47.6175 	DATA 	Keypress: 5
48.4014 	DATA 	Keypress: 5
48.7670 	EXP 	New trial (rep=0, index=1): OrderedDict([('Condition', 'Triangle'), ('FixationDur', 1500)])
48.7814 	EXP 	feedbackMsg: autoDraw = False
48.7814 	EXP 	feedbackMsg: autoDraw = False
48.7814 	EXP 	cueImage: image = 'images/Neutral.bmp'
48.7814 	EXP 	cueImage: autoDraw = True
49.1859 	DATA 	Keypress: 5
49.9501 	DATA 	Keypress: 5
50.7351 	DATA 	Keypress: 5
50.8063 	EXP 	cueImage: autoDraw = False
50.8063 	EXP 	cueImage: autoDraw = False
50.8063 	EXP 	fixation: autoDraw = True
51.5177 	DATA 	Keypress: 5
52.2841 	DATA 	Keypress: 5
52.3479 	EXP 	fixation: autoDraw = False
52.3479 	EXP 	fixation: autoDraw = False
52.3479 	EXP 	Target: image = 'images/NeutralProbe.bmp'
52.3479 	EXP 	Target: autoDraw = True
52.6570 	EXP 	Target: autoDraw = False
52.6570 	EXP 	Target: autoDraw = False
52.6570 	EXP 	feedbackMsg: text = 'You pressed too slow!\n\nYou did not win or lose anything!'
52.6570 	EXP 	feedbackMsg: autoDraw = True
52.6840 	DATA 	Keypress: 1
53.0694 	DATA 	Keypress: 5
53.8531 	DATA 	Keypress: 5
54.3505 	EXP 	New trial (rep=0, index=2): OrderedDict([('Condition', 'LgPun'), ('FixationDur', 2500)])
54.3650 	EXP 	feedbackMsg: autoDraw = False
54.3650 	EXP 	feedbackMsg: autoDraw = False
54.3650 	EXP 	cueImage: image = 'images/LoseBig.bmp'
54.3650 	EXP 	cueImage: autoDraw = True
54.6177 	DATA 	Keypress: 5
55.4016 	DATA 	Keypress: 5
56.1861 	DATA 	Keypress: 5
56.3900 	EXP 	cueImage: autoDraw = False
56.3900 	EXP 	cueImage: autoDraw = False
56.3900 	EXP 	fixation: autoDraw = True
56.7366 	DATA 	Keypress: 1
56.9518 	DATA 	Keypress: 5
57.7342 	DATA 	Keypress: 5
58.5192 	DATA 	Keypress: 5
58.9316 	EXP 	fixation: autoDraw = False
58.9316 	EXP 	fixation: autoDraw = False
58.9316 	EXP 	Target: image = 'images/LoseProbe.bmp'
58.9316 	EXP 	Target: autoDraw = True
59.2489 	EXP 	Target: autoDraw = False
59.2489 	EXP 	Target: autoDraw = False
59.2489 	EXP 	feedbackMsg: text = 'You pressed too soon!\n\nYou lost $5.00!'
59.2489 	EXP 	feedbackMsg: autoDraw = True
59.2860 	DATA 	Keypress: 5
60.0675 	DATA 	Keypress: 5
60.8534 	DATA 	Keypress: 5
60.9513 	EXP 	New trial (rep=0, index=3): OrderedDict([('Condition', 'Triangle'), ('FixationDur', 1500)])
60.9652 	EXP 	feedbackMsg: autoDraw = False
60.9652 	EXP 	feedbackMsg: autoDraw = False
60.9652 	EXP 	cueImage: image = 'images/Neutral.bmp'
60.9652 	EXP 	cueImage: autoDraw = True
61.6185 	DATA 	Keypress: 5
62.4017 	DATA 	Keypress: 5
62.9912 	EXP 	cueImage: autoDraw = False
62.9912 	EXP 	cueImage: autoDraw = False
62.9912 	EXP 	fixation: autoDraw = True
63.1872 	DATA 	Keypress: 5
63.9528 	DATA 	Keypress: 5
64.5318 	EXP 	fixation: autoDraw = False
64.5318 	EXP 	fixation: autoDraw = False
64.5318 	EXP 	Target: image = 'images/NeutralProbe.bmp'
64.5318 	EXP 	Target: autoDraw = True
64.7350 	DATA 	Keypress: 5
64.8626 	DATA 	Keypress: 1
64.8740 	EXP 	Target: autoDraw = False
64.8740 	EXP 	Target: autoDraw = False
64.8740 	EXP 	feedbackMsg: text = 'You pressed too slow!\n\nYou did not win or lose anything!'
64.8740 	EXP 	feedbackMsg: autoDraw = True
65.5202 	DATA 	Keypress: 5
66.2868 	DATA 	Keypress: 5
66.5668 	EXP 	New trial (rep=0, index=4): OrderedDict([('Condition', 'LgReward'), ('FixationDur', 1500)])
66.5914 	EXP 	feedbackMsg: autoDraw = False
66.5914 	EXP 	feedbackMsg: autoDraw = False
66.5914 	EXP 	cueImage: image = 'images/WinBig.bmp'
66.5914 	EXP 	cueImage: autoDraw = True
67.0686 	DATA 	Keypress: 5
67.8528 	DATA 	Keypress: 5
68.6248 	EXP 	cueImage: autoDraw = False
68.6248 	EXP 	fixation: autoDraw = True
68.6281 	DATA 	Keypress: 5
69.4018 	DATA 	Keypress: 5
70.1831 	EXP 	fixation: autoDraw = False
70.1831 	EXP 	fixation: autoDraw = False
70.1831 	EXP 	Target: image = 'images/WinProbe.bmp'
70.1831 	EXP 	Target: autoDraw = True
70.1872 	DATA 	Keypress: 5
70.4538 	DATA 	Keypress: 1
70.5253 	EXP 	Target: autoDraw = False
70.5253 	EXP 	Target: autoDraw = False
70.5253 	EXP 	feedbackMsg: text = 'Correct Response!\n\nYou won $5.00!'
70.5253 	EXP 	feedbackMsg: autoDraw = True
70.9700 	DATA 	Keypress: 5
71.7353 	DATA 	Keypress: 5
72.2186 	EXP 	New trial (rep=0, index=5): OrderedDict([('Condition', 'SmallPun'), ('FixationDur', 1500)])
72.2329 	EXP 	feedbackMsg: autoDraw = False
72.2329 	EXP 	feedbackMsg: autoDraw = False
72.2329 	EXP 	cueImage: image = 'images/LoseSmall.bmp'
72.2329 	EXP 	cueImage: autoDraw = True
72.5198 	DATA 	Keypress: 5
73.3038 	DATA 	Keypress: 5
74.0683 	DATA 	Keypress: 5
74.2590 	EXP 	cueImage: autoDraw = False
74.2590 	EXP 	cueImage: autoDraw = False
74.2590 	EXP 	fixation: autoDraw = True
74.8543 	DATA 	Keypress: 5
75.6382 	DATA 	Keypress: 5
75.7996 	EXP 	fixation: autoDraw = False
75.7996 	EXP 	fixation: autoDraw = False
75.7996 	EXP 	Target: image = 'images/LoseProbe.bmp'
75.7996 	EXP 	Target: autoDraw = True
76.1261 	EXP 	Target: autoDraw = False
76.1261 	EXP 	Target: autoDraw = False
76.1261 	EXP 	feedbackMsg: text = 'You pressed too slow!\n\nYou lost $0.20!'
76.1261 	EXP 	feedbackMsg: autoDraw = True
76.3361 	DATA 	Keypress: 1
76.4025 	DATA 	Keypress: 5
77.1863 	DATA 	Keypress: 5
77.8188 	EXP 	New trial (rep=0, index=6): OrderedDict([('Condition', 'LgPun'), ('FixationDur', 4000)])
77.8336 	EXP 	feedbackMsg: autoDraw = False
77.8336 	EXP 	feedbackMsg: autoDraw = False
77.8336 	EXP 	cueImage: image = 'images/LoseBig.bmp'
77.8336 	EXP 	cueImage: autoDraw = True
77.9709 	DATA 	Keypress: 5
78.7359 	DATA 	Keypress: 5
79.5206 	DATA 	Keypress: 5
79.8599 	EXP 	cueImage: autoDraw = False
79.8599 	EXP 	cueImage: autoDraw = False
79.8599 	EXP 	fixation: autoDraw = True
80.3054 	DATA 	Keypress: 5
81.0703 	DATA 	Keypress: 5
81.8540 	DATA 	Keypress: 5
82.6382 	DATA 	Keypress: 5
83.4036 	DATA 	Keypress: 5
83.8944 	EXP 	fixation: autoDraw = False
83.8944 	EXP 	fixation: autoDraw = False
83.8944 	EXP 	Target: image = 'images/LoseProbe.bmp'
83.8944 	EXP 	Target: autoDraw = True
84.1706 	DATA 	Keypress: 1
84.1870 	DATA 	Keypress: 5
84.2669 	EXP 	Target: autoDraw = False
84.2669 	EXP 	Target: autoDraw = False
84.2669 	EXP 	feedbackMsg: text = 'Correct Response!\n\nYou did not lose $5.00!'
84.2669 	EXP 	feedbackMsg: autoDraw = True
84.9703 	DATA 	Keypress: 5
85.7373 	DATA 	Keypress: 5
85.9358 	EXP 	New trial (rep=0, index=7): OrderedDict([('Condition', 'Triangle'), ('FixationDur', 3500)])
85.9502 	EXP 	feedbackMsg: autoDraw = False
85.9502 	EXP 	feedbackMsg: autoDraw = False
85.9502 	EXP 	cueImage: image = 'images/Neutral.bmp'
85.9502 	EXP 	cueImage: autoDraw = True
86.5194 	DATA 	Keypress: 5
87.3041 	DATA 	Keypress: 5
87.9775 	EXP 	cueImage: autoDraw = False
87.9775 	EXP 	cueImage: autoDraw = False
87.9775 	EXP 	fixation: autoDraw = True
88.0715 	DATA 	Keypress: 5
88.8524 	DATA 	Keypress: 5
89.6387 	DATA 	Keypress: 5
90.4227 	DATA 	Keypress: 5
91.1866 	DATA 	Keypress: 5
91.5119 	EXP 	fixation: autoDraw = False
91.5119 	EXP 	fixation: autoDraw = False
91.5119 	EXP 	Target: image = 'images/NeutralProbe.bmp'
91.5119 	EXP 	Target: autoDraw = True
91.8056 	DATA 	Keypress: 1
91.8846 	EXP 	Target: autoDraw = False
91.8846 	EXP 	Target: autoDraw = False
91.8846 	EXP 	feedbackMsg: text = 'Correct Response!\n\nYou did not win or lose anything!'
91.8846 	EXP 	feedbackMsg: autoDraw = True
91.9727 	DATA 	Keypress: 5
92.7554 	DATA 	Keypress: 5
93.5202 	DATA 	Keypress: 5
93.5530 	EXP 	New trial (rep=0, index=8): OrderedDict([('Condition', 'SmallReward'), ('FixationDur', 2500)])
93.5842 	EXP 	feedbackMsg: autoDraw = False
93.5842 	EXP 	feedbackMsg: autoDraw = False
93.5842 	EXP 	cueImage: image = 'images/WinSmall.bmp'
93.5842 	EXP 	cueImage: autoDraw = True
94.3041 	DATA 	Keypress: 5
95.0886 	DATA 	Keypress: 5
95.6116 	EXP 	cueImage: autoDraw = False
95.6116 	EXP 	fixation: autoDraw = True
95.8538 	DATA 	Keypress: 5
96.6389 	DATA 	Keypress: 5
97.4225 	DATA 	Keypress: 5
98.1620 	EXP 	fixation: autoDraw = False
98.1620 	EXP 	fixation: autoDraw = False
98.1620 	EXP 	Target: image = 'images/WinProbe.bmp'
98.1620 	EXP 	Target: autoDraw = True
98.1874 	DATA 	Keypress: 5
98.4392 	DATA 	Keypress: 1
98.5462 	EXP 	Target: autoDraw = False
98.5462 	EXP 	Target: autoDraw = False
98.5462 	EXP 	feedbackMsg: text = 'Correct Response!\n\nYou won $0.20!'
98.5462 	EXP 	feedbackMsg: autoDraw = True
98.9703 	DATA 	Keypress: 5
99.7563 	DATA 	Keypress: 5
100.2035 	EXP 	New trial (rep=0, index=9): OrderedDict([('Condition', 'LgPun'), ('FixationDur', 2000)])
100.2180 	EXP 	feedbackMsg: autoDraw = False
100.2180 	EXP 	feedbackMsg: autoDraw = False
100.2180 	EXP 	cueImage: image = 'images/LoseBig.bmp'
100.2180 	EXP 	cueImage: autoDraw = True
100.5209 	DATA 	Keypress: 5
101.3049 	DATA 	Keypress: 5
102.0890 	DATA 	Keypress: 5
102.2459 	EXP 	cueImage: autoDraw = False
102.2459 	EXP 	cueImage: autoDraw = False
102.2459 	EXP 	fixation: autoDraw = True
102.8556 	DATA 	Keypress: 5
103.6384 	DATA 	Keypress: 5
104.2796 	EXP 	fixation: autoDraw = False
104.2796 	EXP 	fixation: autoDraw = False
104.2796 	EXP 	Target: image = 'images/LoseProbe.bmp'
104.2796 	EXP 	Target: autoDraw = True
104.4224 	DATA 	Keypress: 5
104.5549 	DATA 	Keypress: 1
104.6523 	EXP 	Target: autoDraw = False
104.6523 	EXP 	Target: autoDraw = False
104.6523 	EXP 	feedbackMsg: text = 'Correct Response!\n\nYou did not lose $5.00!'
104.6523 	EXP 	feedbackMsg: autoDraw = True
105.1883 	DATA 	Keypress: 5
105.9714 	DATA 	Keypress: 5
106.3043 	EXP 	New trial (rep=0, index=10): OrderedDict([('Condition', 'SmallPun'), ('FixationDur', 1500)])
106.3186 	EXP 	feedbackMsg: autoDraw = False
106.3186 	EXP 	feedbackMsg: autoDraw = False
106.3186 	EXP 	cueImage: image = 'images/LoseSmall.bmp'
106.3186 	EXP 	cueImage: autoDraw = True
106.7553 	DATA 	Keypress: 5
107.5215 	DATA 	Keypress: 5
108.3372 	DATA 	Keypress: 5
108.3478 	EXP 	cueImage: autoDraw = False
108.3478 	EXP 	cueImage: autoDraw = False
108.3478 	EXP 	fixation: autoDraw = True
109.0876 	DATA 	Keypress: 5
109.8769 	DATA 	Keypress: 5
109.8849 	EXP 	fixation: autoDraw = False
109.8849 	EXP 	fixation: autoDraw = False
109.8849 	EXP 	Target: image = 'images/LoseProbe.bmp'
109.8849 	EXP 	Target: autoDraw = True
110.2316 	DATA 	Keypress: 1
110.2471 	EXP 	Target: autoDraw = False
110.2471 	EXP 	Target: autoDraw = False
110.2471 	EXP 	feedbackMsg: text = 'You pressed too slow!\n\nYou lost $0.20!'
110.2471 	EXP 	feedbackMsg: autoDraw = True
110.6381 	DATA 	Keypress: 5
111.4229 	DATA 	Keypress: 5
111.9203 	EXP 	New trial (rep=0, index=11): OrderedDict([('Condition', 'SmallReward'), ('FixationDur', 3000)])
111.9479 	EXP 	feedbackMsg: autoDraw = False
111.9479 	EXP 	feedbackMsg: autoDraw = False
111.9479 	EXP 	cueImage: image = 'images/WinSmall.bmp'
111.9479 	EXP 	cueImage: autoDraw = True
112.2062 	DATA 	Keypress: 5
112.9710 	DATA 	Keypress: 5
113.7556 	DATA 	Keypress: 5
113.9811 	EXP 	cueImage: autoDraw = False
113.9811 	EXP 	fixation: autoDraw = True
114.5404 	DATA 	Keypress: 5
115.3051 	DATA 	Keypress: 5
116.0892 	DATA 	Keypress: 5
116.8741 	DATA 	Keypress: 5
117.0309 	EXP 	fixation: autoDraw = False
117.0309 	EXP 	fixation: autoDraw = False
117.0309 	EXP 	Target: image = 'images/WinProbe.bmp'
117.0309 	EXP 	Target: autoDraw = True
117.2889 	DATA 	Keypress: 1
117.3855 	EXP 	Target: autoDraw = False
117.3855 	EXP 	Target: autoDraw = False
117.3855 	EXP 	feedbackMsg: text = 'Correct Response!\n\nYou won $0.20!'
117.3855 	EXP 	feedbackMsg: autoDraw = True
117.6389 	DATA 	Keypress: 5
118.4232 	DATA 	Keypress: 5
119.0712 	EXP 	New trial (rep=0, index=12): OrderedDict([('Condition', 'LgPun'), ('FixationDur', 1500)])
119.0855 	EXP 	feedbackMsg: autoDraw = False
119.0855 	EXP 	feedbackMsg: autoDraw = False
119.0855 	EXP 	cueImage: image = 'images/LoseBig.bmp'
119.0855 	EXP 	cueImage: autoDraw = True
119.2063 	DATA 	Keypress: 5
119.9723 	DATA 	Keypress: 5
120.7566 	DATA 	Keypress: 5
121.1156 	EXP 	cueImage: autoDraw = False
121.1156 	EXP 	cueImage: autoDraw = False
121.1156 	EXP 	fixation: autoDraw = True
121.5352 	DATA 	Keypress: 5
122.3197 	DATA 	Keypress: 5
122.6492 	EXP 	fixation: autoDraw = False
122.6492 	EXP 	fixation: autoDraw = False
122.6492 	EXP 	Target: image = 'images/LoseProbe.bmp'
122.6492 	EXP 	Target: autoDraw = True
122.9195 	DATA 	Keypress: 1
122.9996 	EXP 	Target: autoDraw = False
122.9996 	EXP 	Target: autoDraw = False
122.9996 	EXP 	feedbackMsg: text = 'Correct Response!\n\nYou did not lose $5.00!'
122.9996 	EXP 	feedbackMsg: autoDraw = True
123.0903 	DATA 	Keypress: 5
123.8741 	DATA 	Keypress: 5
124.6391 	DATA 	Keypress: 5
124.6878 	EXP 	New trial (rep=0, index=13): OrderedDict([('Condition', 'SmallReward'), ('FixationDur', 1500)])
124.7149 	EXP 	feedbackMsg: autoDraw = False
124.7149 	EXP 	feedbackMsg: autoDraw = False
124.7149 	EXP 	cueImage: image = 'images/WinSmall.bmp'
124.7149 	EXP 	cueImage: autoDraw = True
125.4239 	DATA 	Keypress: 5
126.2059 	DATA 	Keypress: 5
126.7494 	EXP 	cueImage: autoDraw = False
126.7494 	EXP 	fixation: autoDraw = True
126.9871 	DATA 	Keypress: 5
127.7523 	DATA 	Keypress: 5
128.2999 	EXP 	fixation: autoDraw = False
128.2999 	EXP 	fixation: autoDraw = False
128.2999 	EXP 	Target: image = 'images/WinProbe.bmp'
128.2999 	EXP 	Target: autoDraw = True
128.5371 	DATA 	Keypress: 5
128.6161 	DATA 	Keypress: 1
128.6327 	EXP 	Target: autoDraw = False
128.6327 	EXP 	Target: autoDraw = False
128.6327 	EXP 	feedbackMsg: text = 'You pressed too slow!\n\nYou did not win $0.20!'
128.6327 	EXP 	feedbackMsg: autoDraw = True
129.3071 	DATA 	Keypress: 5
130.0902 	DATA 	Keypress: 5
130.3222 	EXP 	New trial (rep=0, index=14): OrderedDict([('Condition', 'SmallReward'), ('FixationDur', 2000)])
130.3512 	EXP 	feedbackMsg: autoDraw = False
130.3512 	EXP 	feedbackMsg: autoDraw = False
130.3512 	EXP 	cueImage: image = 'images/WinSmall.bmp'
130.3512 	EXP 	cueImage: autoDraw = True
130.8734 	DATA 	Keypress: 5
131.6564 	DATA 	Keypress: 5
132.3836 	EXP 	cueImage: autoDraw = False
132.3836 	EXP 	fixation: autoDraw = True
132.4194 	DATA 	Keypress: 5
133.2044 	DATA 	Keypress: 5
133.9875 	DATA 	Keypress: 5
134.4330 	EXP 	fixation: autoDraw = False
134.4330 	EXP 	fixation: autoDraw = False
134.4330 	EXP 	Target: image = 'images/WinProbe.bmp'
134.4330 	EXP 	Target: autoDraw = True
134.6869 	DATA 	Keypress: 1
134.7508 	EXP 	Target: autoDraw = False
134.7508 	EXP 	Target: autoDraw = False
134.7508 	EXP 	feedbackMsg: text = 'Correct Response!\n\nYou won $0.20!'
134.7508 	EXP 	feedbackMsg: autoDraw = True
134.7543 	DATA 	Keypress: 5
135.5371 	DATA 	Keypress: 5
136.3213 	DATA 	Keypress: 5
136.4521 	EXP 	New trial (rep=0, index=15): OrderedDict([('Condition', 'LgPun'), ('FixationDur', 2000)])
136.4677 	EXP 	feedbackMsg: autoDraw = False
136.4677 	EXP 	feedbackMsg: autoDraw = False
136.4677 	EXP 	cueImage: image = 'images/LoseBig.bmp'
136.4677 	EXP 	cueImage: autoDraw = True
137.1040 	DATA 	Keypress: 5
137.8696 	DATA 	Keypress: 5
138.5007 	EXP 	cueImage: autoDraw = False
138.5007 	EXP 	cueImage: autoDraw = False
138.5007 	EXP 	fixation: autoDraw = True
138.6547 	DATA 	Keypress: 5
139.4382 	DATA 	Keypress: 5
140.2083 	DATA 	Keypress: 5
140.5347 	EXP 	fixation: autoDraw = False
140.5347 	EXP 	fixation: autoDraw = False
140.5347 	EXP 	Target: image = 'images/LoseProbe.bmp'
140.5347 	EXP 	Target: autoDraw = True
140.7706 	DATA 	Keypress: 1
140.8508 	EXP 	Target: autoDraw = False
140.8508 	EXP 	Target: autoDraw = False
140.8508 	EXP 	feedbackMsg: text = 'Correct Response!\n\nYou did not lose $5.00!'
140.8508 	EXP 	feedbackMsg: autoDraw = True
140.9885 	DATA 	Keypress: 5
141.7712 	DATA 	Keypress: 5
142.5381 	DATA 	Keypress: 5
142.5697 	EXP 	New trial (rep=0, index=16): OrderedDict([('Condition', 'Triangle'), ('FixationDur', 2500)])
142.5843 	EXP 	feedbackMsg: autoDraw = False
142.5843 	EXP 	feedbackMsg: autoDraw = False
142.5843 	EXP 	cueImage: image = 'images/Neutral.bmp'
142.5843 	EXP 	cueImage: autoDraw = True
143.3217 	DATA 	Keypress: 5
144.1050 	DATA 	Keypress: 5
144.6187 	EXP 	cueImage: autoDraw = False
144.6187 	EXP 	cueImage: autoDraw = False
144.6187 	EXP 	fixation: autoDraw = True
144.8708 	DATA 	Keypress: 5
145.6556 	DATA 	Keypress: 5
146.4390 	DATA 	Keypress: 5
147.1515 	EXP 	fixation: autoDraw = False
147.1515 	EXP 	fixation: autoDraw = False
147.1515 	EXP 	Target: image = 'images/NeutralProbe.bmp'
147.1515 	EXP 	Target: autoDraw = True
147.2042 	DATA 	Keypress: 5
147.3877 	DATA 	Keypress: 1
147.4517 	EXP 	Target: autoDraw = False
147.4517 	EXP 	Target: autoDraw = False
147.4517 	EXP 	feedbackMsg: text = 'Correct Response!\n\nYou did not win or lose anything!'
147.4517 	EXP 	feedbackMsg: autoDraw = True
147.9889 	DATA 	Keypress: 5
148.7581 	DATA 	Keypress: 5
149.1901 	EXP 	New trial (rep=0, index=17): OrderedDict([('Condition', 'LgPun'), ('FixationDur', 1500)])
149.2044 	EXP 	feedbackMsg: autoDraw = False
149.2044 	EXP 	feedbackMsg: autoDraw = False
149.2044 	EXP 	cueImage: image = 'images/LoseBig.bmp'
149.2044 	EXP 	cueImage: autoDraw = True
149.5406 	DATA 	Keypress: 5
150.3249 	DATA 	Keypress: 5
151.0912 	DATA 	Keypress: 5
151.2363 	EXP 	cueImage: autoDraw = False
151.2363 	EXP 	cueImage: autoDraw = False
151.2363 	EXP 	fixation: autoDraw = True
151.8741 	DATA 	Keypress: 5
152.6595 	DATA 	Keypress: 5
152.7690 	EXP 	fixation: autoDraw = False
152.7690 	EXP 	fixation: autoDraw = False
152.7690 	EXP 	Target: image = 'images/LoseProbe.bmp'
152.7690 	EXP 	Target: autoDraw = True
153.0700 	EXP 	Target: autoDraw = False
153.0700 	EXP 	Target: autoDraw = False
153.0700 	EXP 	feedbackMsg: text = 'You pressed too slow!\n\nYou lost $5.00!'
153.0700 	EXP 	feedbackMsg: autoDraw = True
153.0917 	DATA 	Keypress: 1
153.4256 	DATA 	Keypress: 5
154.2078 	DATA 	Keypress: 5
154.8070 	EXP 	New trial (rep=0, index=18): OrderedDict([('Condition', 'LgReward'), ('FixationDur', 3500)])
154.8360 	EXP 	feedbackMsg: autoDraw = False
154.8360 	EXP 	feedbackMsg: autoDraw = False
154.8360 	EXP 	cueImage: image = 'images/WinBig.bmp'
154.8360 	EXP 	cueImage: autoDraw = True
154.9920 	DATA 	Keypress: 5
155.7741 	DATA 	Keypress: 5
156.5414 	DATA 	Keypress: 5
156.8699 	EXP 	cueImage: autoDraw = False
156.8699 	EXP 	fixation: autoDraw = True
157.3242 	DATA 	Keypress: 5
158.1097 	DATA 	Keypress: 5
158.8744 	DATA 	Keypress: 5
159.6598 	DATA 	Keypress: 5
160.4197 	EXP 	fixation: autoDraw = False
160.4197 	EXP 	fixation: autoDraw = False
160.4197 	EXP 	Target: image = 'images/WinProbe.bmp'
160.4197 	EXP 	Target: autoDraw = True
160.4433 	DATA 	Keypress: 5
160.7037 	EXP 	Target: autoDraw = False
160.7037 	EXP 	Target: autoDraw = False
160.7037 	EXP 	feedbackMsg: text = 'You pressed too slow!\n\nYou did not win $5.00!'
160.7037 	EXP 	feedbackMsg: autoDraw = True
160.7068 	DATA 	Keypress: 1
161.2076 	DATA 	Keypress: 5
161.9922 	DATA 	Keypress: 5
162.4396 	EXP 	New trial (rep=0, index=19): OrderedDict([('Condition', 'LgReward'), ('FixationDur', 1500)])
162.4704 	EXP 	feedbackMsg: autoDraw = False
162.4704 	EXP 	feedbackMsg: autoDraw = False
162.4704 	EXP 	cueImage: image = 'images/WinBig.bmp'
162.4704 	EXP 	cueImage: autoDraw = True
162.7760 	DATA 	Keypress: 5
163.5430 	DATA 	Keypress: 5
164.3250 	DATA 	Keypress: 5
164.5046 	EXP 	cueImage: autoDraw = False
164.5046 	EXP 	fixation: autoDraw = True
165.1080 	DATA 	Keypress: 5
165.8754 	DATA 	Keypress: 5
166.0540 	EXP 	fixation: autoDraw = False
166.0540 	EXP 	fixation: autoDraw = False
166.0540 	EXP 	Target: image = 'images/WinProbe.bmp'
166.0540 	EXP 	Target: autoDraw = True
166.3467 	DATA 	Keypress: 1
166.3541 	EXP 	Target: autoDraw = False
166.3541 	EXP 	Target: autoDraw = False
166.3541 	EXP 	feedbackMsg: text = 'You pressed too slow!\n\nYou did not win $5.00!'
166.3541 	EXP 	feedbackMsg: autoDraw = True
166.6586 	DATA 	Keypress: 5
167.4437 	DATA 	Keypress: 5
168.0743 	EXP 	New trial (rep=0, index=20): OrderedDict([('Condition', 'LgPun'), ('FixationDur', 3000)])
168.0891 	EXP 	feedbackMsg: autoDraw = False
168.0891 	EXP 	feedbackMsg: autoDraw = False
168.0891 	EXP 	cueImage: image = 'images/LoseBig.bmp'
168.0891 	EXP 	cueImage: autoDraw = True
168.2087 	DATA 	Keypress: 5
168.9916 	DATA 	Keypress: 5
169.7763 	DATA 	Keypress: 5
170.1208 	EXP 	cueImage: autoDraw = False
170.1208 	EXP 	cueImage: autoDraw = False
170.1208 	EXP 	fixation: autoDraw = True
170.5424 	DATA 	Keypress: 5
171.3266 	DATA 	Keypress: 5
172.1107 	DATA 	Keypress: 5
172.8766 	DATA 	Keypress: 5
173.1550 	EXP 	fixation: autoDraw = False
173.1550 	EXP 	fixation: autoDraw = False
173.1550 	EXP 	Target: image = 'images/LoseProbe.bmp'
173.1550 	EXP 	Target: autoDraw = True
173.4254 	DATA 	Keypress: 1
173.4887 	EXP 	Target: autoDraw = False
173.4887 	EXP 	Target: autoDraw = False
173.4887 	EXP 	feedbackMsg: text = 'Correct Response!\n\nYou did not lose $5.00!'
173.4887 	EXP 	feedbackMsg: autoDraw = True
173.6589 	DATA 	Keypress: 5
174.4445 	DATA 	Keypress: 5
175.1751 	EXP 	New trial (rep=0, index=21): OrderedDict([('Condition', 'SmallPun'), ('FixationDur', 2000)])
175.1896 	EXP 	feedbackMsg: autoDraw = False
175.1896 	EXP 	feedbackMsg: autoDraw = False
175.1896 	EXP 	cueImage: image = 'images/LoseSmall.bmp'
175.1896 	EXP 	cueImage: autoDraw = True
175.2261 	DATA 	Keypress: 5
175.9927 	DATA 	Keypress: 5
176.7771 	DATA 	Keypress: 5
177.2226 	EXP 	cueImage: autoDraw = False
177.2226 	EXP 	cueImage: autoDraw = False
177.2226 	EXP 	fixation: autoDraw = True
177.5608 	DATA 	Keypress: 5
178.3256 	DATA 	Keypress: 5
179.1114 	DATA 	Keypress: 5
179.2561 	EXP 	fixation: autoDraw = False
179.2561 	EXP 	fixation: autoDraw = False
179.2561 	EXP 	Target: image = 'images/LoseProbe.bmp'
179.2561 	EXP 	Target: autoDraw = True
179.5833 	DATA 	Keypress: 1
179.5890 	EXP 	Target: autoDraw = False
179.5890 	EXP 	Target: autoDraw = False
179.5890 	EXP 	feedbackMsg: text = 'You pressed too slow!\n\nYou lost $0.20!'
179.5890 	EXP 	feedbackMsg: autoDraw = True
179.8937 	DATA 	Keypress: 5
180.6591 	DATA 	Keypress: 5
181.2752 	EXP 	New trial (rep=0, index=22): OrderedDict([('Condition', 'SmallReward'), ('FixationDur', 3500)])
181.3065 	EXP 	feedbackMsg: autoDraw = False
181.3065 	EXP 	feedbackMsg: autoDraw = False
181.3065 	EXP 	cueImage: image = 'images/WinSmall.bmp'
181.3065 	EXP 	cueImage: autoDraw = True
181.4440 	DATA 	Keypress: 5
182.2274 	DATA 	Keypress: 5
182.9925 	DATA 	Keypress: 5
183.3402 	EXP 	cueImage: autoDraw = False
183.3402 	EXP 	fixation: autoDraw = True
183.7770 	DATA 	Keypress: 5
184.5613 	DATA 	Keypress: 5
185.3269 	DATA 	Keypress: 5
186.1103 	DATA 	Keypress: 5
186.8906 	EXP 	fixation: autoDraw = False
186.8906 	EXP 	fixation: autoDraw = False
186.8906 	EXP 	Target: image = 'images/WinProbe.bmp'
186.8906 	EXP 	Target: autoDraw = True
186.8947 	DATA 	Keypress: 5
187.2199 	DATA 	Keypress: 1
187.2403 	EXP 	Target: autoDraw = False
187.2403 	EXP 	Target: autoDraw = False
187.2403 	EXP 	feedbackMsg: text = 'You pressed too slow!\n\nYou did not win $0.20!'
187.2403 	EXP 	feedbackMsg: autoDraw = True
187.6606 	DATA 	Keypress: 5
188.4429 	DATA 	Keypress: 5
188.9081 	EXP 	New trial (rep=0, index=23): OrderedDict([('Condition', 'LgReward'), ('FixationDur', 2500)])
188.9396 	EXP 	feedbackMsg: autoDraw = False
188.9396 	EXP 	feedbackMsg: autoDraw = False
188.9396 	EXP 	cueImage: image = 'images/WinBig.bmp'
188.9396 	EXP 	cueImage: autoDraw = True
189.2274 	DATA 	Keypress: 5
190.0108 	DATA 	Keypress: 5
190.7758 	DATA 	Keypress: 5
190.9739 	EXP 	cueImage: autoDraw = False
190.9739 	EXP 	fixation: autoDraw = True
191.5617 	DATA 	Keypress: 5
192.3276 	DATA 	Keypress: 5
193.1111 	DATA 	Keypress: 5
193.5239 	EXP 	fixation: autoDraw = False
193.5239 	EXP 	fixation: autoDraw = False
193.5239 	EXP 	Target: image = 'images/WinProbe.bmp'
193.5239 	EXP 	Target: autoDraw = True
193.9054 	DATA 	Keypress: 1
193.9072 	DATA 	Keypress: 5
193.9247 	EXP 	Target: autoDraw = False
193.9247 	EXP 	Target: autoDraw = False
193.9247 	EXP 	feedbackMsg: text = 'You pressed too slow!\n\nYou did not win $5.00!'
193.9247 	EXP 	feedbackMsg: autoDraw = True
194.6615 	DATA 	Keypress: 5
195.4440 	DATA 	Keypress: 5
195.5432 	EXP 	New trial (rep=0, index=24): OrderedDict([('Condition', 'SmallReward'), ('FixationDur', 4000)])
195.5745 	EXP 	feedbackMsg: autoDraw = False
195.5745 	EXP 	feedbackMsg: autoDraw = False
195.5745 	EXP 	cueImage: image = 'images/WinSmall.bmp'
195.5745 	EXP 	cueImage: autoDraw = True
196.2277 	DATA 	Keypress: 5
197.0118 	DATA 	Keypress: 5
197.6077 	EXP 	cueImage: autoDraw = False
197.6077 	EXP 	fixation: autoDraw = True
197.7780 	DATA 	Keypress: 5
198.5621 	DATA 	Keypress: 5
199.3458 	DATA 	Keypress: 5
200.1104 	DATA 	Keypress: 5
200.8952 	DATA 	Keypress: 5
201.6570 	EXP 	fixation: autoDraw = False
201.6570 	EXP 	fixation: autoDraw = False
201.6570 	EXP 	Target: image = 'images/WinProbe.bmp'
201.6570 	EXP 	Target: autoDraw = True
201.6777 	DATA 	Keypress: 5
201.9459 	DATA 	Keypress: 1
202.0414 	EXP 	Target: autoDraw = False
202.0414 	EXP 	Target: autoDraw = False
202.0414 	EXP 	feedbackMsg: text = 'Correct Response!\n\nYou won $0.20!'
202.0414 	EXP 	feedbackMsg: autoDraw = True
202.4439 	DATA 	Keypress: 5
203.2296 	DATA 	Keypress: 5
203.6770 	EXP 	New trial (rep=0, index=25): OrderedDict([('Condition', 'SmallPun'), ('FixationDur', 4000)])
203.6918 	EXP 	feedbackMsg: autoDraw = False
203.6918 	EXP 	feedbackMsg: autoDraw = False
203.6918 	EXP 	cueImage: image = 'images/LoseSmall.bmp'
203.6918 	EXP 	cueImage: autoDraw = True
204.0117 	DATA 	Keypress: 5
204.7777 	DATA 	Keypress: 5
205.5612 	DATA 	Keypress: 5
205.7254 	EXP 	cueImage: autoDraw = False
205.7254 	EXP 	cueImage: autoDraw = False
205.7254 	EXP 	fixation: autoDraw = True
206.3463 	DATA 	Keypress: 5
207.1115 	DATA 	Keypress: 5
207.8961 	DATA 	Keypress: 5
208.6799 	DATA 	Keypress: 5
209.4457 	DATA 	Keypress: 5
209.7586 	EXP 	fixation: autoDraw = False
209.7586 	EXP 	fixation: autoDraw = False
209.7586 	EXP 	Target: image = 'images/LoseProbe.bmp'
209.7586 	EXP 	Target: autoDraw = True
210.0286 	DATA 	Keypress: 1
210.1423 	EXP 	Target: autoDraw = False
210.1423 	EXP 	Target: autoDraw = False
210.1423 	EXP 	feedbackMsg: text = 'Correct Response!\n\nYou did not lose $0.20!'
210.1423 	EXP 	feedbackMsg: autoDraw = True
210.2275 	DATA 	Keypress: 5
211.0125 	DATA 	Keypress: 5
211.7770 	EXP 	New trial (rep=0, index=26): OrderedDict([('Condition', 'LgReward'), ('FixationDur', 2000)])
211.7992 	DATA 	Keypress: 5
211.8080 	EXP 	feedbackMsg: autoDraw = False
211.8080 	EXP 	feedbackMsg: autoDraw = False
211.8080 	EXP 	cueImage: image = 'images/WinBig.bmp'
211.8080 	EXP 	cueImage: autoDraw = True
212.5617 	DATA 	Keypress: 5
213.3449 	DATA 	Keypress: 5
213.8426 	EXP 	cueImage: autoDraw = False
213.8426 	EXP 	fixation: autoDraw = True
214.1126 	DATA 	Keypress: 5
214.8949 	DATA 	Keypress: 5
215.6803 	DATA 	Keypress: 5
215.9084 	EXP 	fixation: autoDraw = False
215.9084 	EXP 	fixation: autoDraw = False
215.9084 	EXP 	Target: image = 'images/WinProbe.bmp'
215.9084 	EXP 	Target: autoDraw = True
216.2108 	DATA 	Keypress: 1
216.3087 	EXP 	Target: autoDraw = False
216.3087 	EXP 	Target: autoDraw = False
216.3087 	EXP 	feedbackMsg: text = 'Correct Response!\n\nYou won $5.00!'
216.3087 	EXP 	feedbackMsg: autoDraw = True
216.4639 	DATA 	Keypress: 5
217.2291 	DATA 	Keypress: 5
217.9273 	EXP 	New trial (rep=0, index=27): OrderedDict([('Condition', 'LgReward'), ('FixationDur', 3000)])
217.9595 	EXP 	feedbackMsg: autoDraw = False
217.9595 	EXP 	feedbackMsg: autoDraw = False
217.9595 	EXP 	cueImage: image = 'images/WinBig.bmp'
217.9595 	EXP 	cueImage: autoDraw = True
218.0125 	DATA 	Keypress: 5
218.7966 	DATA 	Keypress: 5
219.5614 	DATA 	Keypress: 5
219.9925 	EXP 	cueImage: autoDraw = False
219.9925 	EXP 	fixation: autoDraw = True
220.3464 	DATA 	Keypress: 5
221.1286 	DATA 	Keypress: 5
221.8951 	DATA 	Keypress: 5
222.6807 	DATA 	Keypress: 5
223.0429 	EXP 	fixation: autoDraw = False
223.0429 	EXP 	fixation: autoDraw = False
223.0429 	EXP 	Target: image = 'images/WinProbe.bmp'
223.0429 	EXP 	Target: autoDraw = True
223.3138 	DATA 	Keypress: 1
223.4432 	EXP 	Target: autoDraw = False
223.4432 	EXP 	Target: autoDraw = False
223.4432 	EXP 	feedbackMsg: text = 'Correct Response!\n\nYou won $5.00!'
223.4432 	EXP 	feedbackMsg: autoDraw = True
223.4632 	DATA 	Keypress: 5
224.2289 	DATA 	Keypress: 5
225.0129 	DATA 	Keypress: 5
225.0614 	EXP 	New trial (rep=0, index=28): OrderedDict([('Condition', 'Triangle'), ('FixationDur', 4000)])
225.0764 	EXP 	feedbackMsg: autoDraw = False
225.0764 	EXP 	feedbackMsg: autoDraw = False
225.0764 	EXP 	cueImage: image = 'images/Neutral.bmp'
225.0764 	EXP 	cueImage: autoDraw = True
225.7965 	DATA 	Keypress: 5
226.5626 	DATA 	Keypress: 5
227.1103 	EXP 	cueImage: autoDraw = False
227.1103 	EXP 	cueImage: autoDraw = False
227.1103 	EXP 	fixation: autoDraw = True
227.3475 	DATA 	Keypress: 5
228.1311 	DATA 	Keypress: 5
228.8964 	DATA 	Keypress: 5
229.6808 	DATA 	Keypress: 5
230.4646 	DATA 	Keypress: 5
231.1425 	EXP 	fixation: autoDraw = False
231.1425 	EXP 	fixation: autoDraw = False
231.1425 	EXP 	Target: image = 'images/NeutralProbe.bmp'
231.1425 	EXP 	Target: autoDraw = True
231.2283 	DATA 	Keypress: 5
231.5463 	EXP 	Target: autoDraw = False
231.5463 	EXP 	Target: autoDraw = False
231.5463 	EXP 	feedbackMsg: text = 'You pressed too slow!\n\nYou did not win or lose anything!'
231.5463 	EXP 	feedbackMsg: autoDraw = True
231.5970 	DATA 	Keypress: 1
232.0138 	DATA 	Keypress: 5
232.7980 	DATA 	Keypress: 5
233.1622 	EXP 	New trial (rep=0, index=29): OrderedDict([('Condition', 'LgPun'), ('FixationDur', 1500)])
233.1768 	EXP 	feedbackMsg: autoDraw = False
233.1768 	EXP 	feedbackMsg: autoDraw = False
233.1768 	EXP 	cueImage: image = 'images/LoseBig.bmp'
233.1768 	EXP 	cueImage: autoDraw = True
233.5632 	DATA 	Keypress: 5
234.3460 	DATA 	Keypress: 5
235.1309 	DATA 	Keypress: 5
235.2100 	EXP 	cueImage: autoDraw = False
235.2100 	EXP 	cueImage: autoDraw = False
235.2100 	EXP 	fixation: autoDraw = True
235.8974 	DATA 	Keypress: 5
236.6800 	DATA 	Keypress: 5
236.7434 	EXP 	fixation: autoDraw = False
236.7434 	EXP 	fixation: autoDraw = False
236.7434 	EXP 	Target: image = 'images/LoseProbe.bmp'
236.7434 	EXP 	Target: autoDraw = True
236.9807 	DATA 	Keypress: 1
237.1432 	EXP 	Target: autoDraw = False
237.1432 	EXP 	Target: autoDraw = False
237.1432 	EXP 	feedbackMsg: text = 'Correct Response!\n\nYou did not lose $5.00!'
237.1432 	EXP 	feedbackMsg: autoDraw = True
237.4640 	DATA 	Keypress: 5
238.2488 	DATA 	Keypress: 5
238.7624 	EXP 	New trial (rep=0, index=30): OrderedDict([('Condition', 'SmallReward'), ('FixationDur', 1500)])
238.7941 	EXP 	feedbackMsg: autoDraw = False
238.7941 	EXP 	feedbackMsg: autoDraw = False
238.7941 	EXP 	cueImage: image = 'images/WinSmall.bmp'
238.7941 	EXP 	cueImage: autoDraw = True
239.0134 	DATA 	Keypress: 5
239.7974 	DATA 	Keypress: 5
240.5814 	DATA 	Keypress: 5
240.8274 	EXP 	cueImage: autoDraw = False
240.8274 	EXP 	fixation: autoDraw = True
241.3452 	DATA 	Keypress: 5
242.1322 	DATA 	Keypress: 5
242.3776 	EXP 	fixation: autoDraw = False
242.3776 	EXP 	fixation: autoDraw = False
242.3776 	EXP 	Target: image = 'images/WinProbe.bmp'
242.3776 	EXP 	Target: autoDraw = True
242.7445 	EXP 	Target: autoDraw = False
242.7445 	EXP 	Target: autoDraw = False
242.7445 	EXP 	feedbackMsg: text = 'You pressed too slow!\n\nYou did not win $0.20!'
242.7445 	EXP 	feedbackMsg: autoDraw = True
242.9157 	DATA 	Keypress: 5
242.9993 	DATA 	Keypress: 1
243.6800 	DATA 	Keypress: 5
244.3964 	EXP 	New trial (rep=0, index=31): OrderedDict([('Condition', 'LgReward'), ('FixationDur', 1500)])
244.4272 	EXP 	feedbackMsg: autoDraw = False
244.4272 	EXP 	feedbackMsg: autoDraw = False
244.4272 	EXP 	cueImage: image = 'images/WinBig.bmp'
244.4272 	EXP 	cueImage: autoDraw = True
244.4652 	DATA 	Keypress: 5
245.2472 	DATA 	Keypress: 5
246.0143 	DATA 	Keypress: 5
246.4615 	EXP 	cueImage: autoDraw = False
246.4615 	EXP 	fixation: autoDraw = True
246.7662 	DATA 	Keypress: 1
246.7988 	DATA 	Keypress: 5
247.5829 	DATA 	Keypress: 5
248.0151 	EXP 	fixation: autoDraw = False
248.0151 	EXP 	fixation: autoDraw = False
248.0151 	EXP 	Target: image = 'images/WinProbe.bmp'
248.0151 	EXP 	Target: autoDraw = True
248.3904 	DATA 	Keypress: 5
248.3986 	EXP 	Target: autoDraw = False
248.3986 	EXP 	Target: autoDraw = False
248.3986 	EXP 	feedbackMsg: text = 'You pressed too soon!\n\nYou did not win $5.00!'
248.3986 	EXP 	feedbackMsg: autoDraw = True
249.1322 	DATA 	Keypress: 5
249.9162 	DATA 	Keypress: 5
250.0467 	EXP 	New trial (rep=0, index=32): OrderedDict([('Condition', 'LgReward'), ('FixationDur', 4000)])
250.0781 	EXP 	feedbackMsg: autoDraw = False
250.0781 	EXP 	feedbackMsg: autoDraw = False
250.0781 	EXP 	cueImage: image = 'images/WinBig.bmp'
250.0781 	EXP 	cueImage: autoDraw = True
250.6811 	DATA 	Keypress: 5
251.4625 	DATA 	Keypress: 5
252.1113 	EXP 	cueImage: autoDraw = False
252.1113 	EXP 	fixation: autoDraw = True
252.2497 	DATA 	Keypress: 5
253.0146 	DATA 	Keypress: 5
253.7982 	DATA 	Keypress: 5
254.5834 	DATA 	Keypress: 5
255.3482 	DATA 	Keypress: 5
256.1576 	DATA 	Keypress: 5
256.1654 	EXP 	fixation: autoDraw = False
256.1654 	EXP 	fixation: autoDraw = False
256.1654 	EXP 	Target: image = 'images/WinProbe.bmp'
256.1654 	EXP 	Target: autoDraw = True
256.4644 	DATA 	Keypress: 1
256.5446 	EXP 	Target: autoDraw = False
256.5446 	EXP 	Target: autoDraw = False
256.5446 	EXP 	feedbackMsg: text = 'Correct Response!\n\nYou won $5.00!'
256.5446 	EXP 	feedbackMsg: autoDraw = True
256.9160 	DATA 	Keypress: 5
257.6822 	DATA 	Keypress: 5
258.1972 	EXP 	New trial (rep=0, index=33): OrderedDict([('Condition', 'SmallPun'), ('FixationDur', 3500)])
258.2118 	EXP 	feedbackMsg: autoDraw = False
258.2118 	EXP 	feedbackMsg: autoDraw = False
258.2118 	EXP 	cueImage: image = 'images/LoseSmall.bmp'
258.2118 	EXP 	cueImage: autoDraw = True
258.4649 	DATA 	Keypress: 5
259.2486 	DATA 	Keypress: 5
260.0329 	DATA 	Keypress: 5
260.2458 	EXP 	cueImage: autoDraw = False
260.2458 	EXP 	cueImage: autoDraw = False
260.2458 	EXP 	fixation: autoDraw = True
260.7978 	DATA 	Keypress: 5
261.5841 	DATA 	Keypress: 5
262.3672 	DATA 	Keypress: 5
263.1313 	DATA 	Keypress: 5
263.7792 	EXP 	fixation: autoDraw = False
263.7792 	EXP 	fixation: autoDraw = False
263.7792 	EXP 	Target: image = 'images/LoseProbe.bmp'
263.7792 	EXP 	Target: autoDraw = True
263.9170 	DATA 	Keypress: 5
264.1247 	DATA 	Keypress: 1
264.1338 	EXP 	Target: autoDraw = False
264.1338 	EXP 	Target: autoDraw = False
264.1338 	EXP 	feedbackMsg: text = 'You pressed too slow!\n\nYou lost $0.20!'
264.1338 	EXP 	feedbackMsg: autoDraw = True
264.7008 	DATA 	Keypress: 5
265.4651 	DATA 	Keypress: 5
265.7961 	EXP 	New trial (rep=0, index=34): OrderedDict([('Condition', 'Triangle'), ('FixationDur', 1500)])
265.8125 	EXP 	feedbackMsg: autoDraw = False
265.8125 	EXP 	feedbackMsg: autoDraw = False
265.8125 	EXP 	cueImage: image = 'images/Neutral.bmp'
265.8125 	EXP 	cueImage: autoDraw = True
266.2494 	DATA 	Keypress: 5
267.0327 	DATA 	Keypress: 5
267.8312 	DATA 	Keypress: 5
267.8454 	EXP 	cueImage: autoDraw = False
267.8454 	EXP 	cueImage: autoDraw = False
267.8454 	EXP 	fixation: autoDraw = True
268.5833 	DATA 	Keypress: 5
269.3719 	DATA 	Keypress: 5
269.3786 	EXP 	fixation: autoDraw = False
269.3786 	EXP 	fixation: autoDraw = False
269.3786 	EXP 	Target: image = 'images/NeutralProbe.bmp'
269.3786 	EXP 	Target: autoDraw = True
269.7351 	EXP 	Target: autoDraw = False
269.7351 	EXP 	Target: autoDraw = False
269.7351 	EXP 	feedbackMsg: text = 'You pressed too slow!\n\nYou did not win or lose anything!'
269.7351 	EXP 	feedbackMsg: autoDraw = True
270.1329 	DATA 	Keypress: 5
270.9162 	DATA 	Keypress: 5
271.3979 	EXP 	New trial (rep=0, index=35): OrderedDict([('Condition', 'Triangle'), ('FixationDur', 2000)])
271.4122 	EXP 	feedbackMsg: autoDraw = False
271.4122 	EXP 	feedbackMsg: autoDraw = False
271.4122 	EXP 	cueImage: image = 'images/Neutral.bmp'
271.4122 	EXP 	cueImage: autoDraw = True
271.6997 	DATA 	Keypress: 5
272.4659 	DATA 	Keypress: 5
273.2489 	DATA 	Keypress: 5
273.4352 	EXP 	cueImage: autoDraw = False
273.4352 	EXP 	cueImage: autoDraw = False
273.4352 	EXP 	fixation: autoDraw = True
274.0343 	DATA 	Keypress: 5
274.7991 	DATA 	Keypress: 5
275.4795 	EXP 	fixation: autoDraw = False
275.4795 	EXP 	fixation: autoDraw = False
275.4795 	EXP 	Target: image = 'images/NeutralProbe.bmp'
275.4795 	EXP 	Target: autoDraw = True
275.5830 	DATA 	Keypress: 5
275.8296 	EXP 	Target: autoDraw = False
275.8296 	EXP 	Target: autoDraw = False
275.8296 	EXP 	feedbackMsg: text = 'You pressed too slow!\n\nYou did not win or lose anything!'
275.8296 	EXP 	feedbackMsg: autoDraw = True
276.3676 	DATA 	Keypress: 5
277.1331 	DATA 	Keypress: 5
277.4982 	EXP 	New trial (rep=0, index=36): OrderedDict([('Condition', 'SmallPun'), ('FixationDur', 2000)])
277.5132 	EXP 	feedbackMsg: autoDraw = False
277.5132 	EXP 	feedbackMsg: autoDraw = False
277.5132 	EXP 	cueImage: image = 'images/LoseSmall.bmp'
277.5132 	EXP 	cueImage: autoDraw = True
277.9156 	DATA 	Keypress: 5
278.7005 	DATA 	Keypress: 5
279.4662 	DATA 	Keypress: 5
279.5471 	EXP 	cueImage: autoDraw = False
279.5471 	EXP 	cueImage: autoDraw = False
279.5471 	EXP 	fixation: autoDraw = True
280.2491 	DATA 	Keypress: 5
281.0342 	DATA 	Keypress: 5
281.5795 	EXP 	fixation: autoDraw = False
281.5795 	EXP 	fixation: autoDraw = False
281.5795 	EXP 	Target: image = 'images/LoseProbe.bmp'
281.5795 	EXP 	Target: autoDraw = True
281.8004 	DATA 	Keypress: 5
281.8500 	DATA 	Keypress: 1
281.9295 	EXP 	Target: autoDraw = False
281.9295 	EXP 	Target: autoDraw = False
281.9295 	EXP 	feedbackMsg: text = 'Correct Response!\n\nYou did not lose $0.20!'
281.9295 	EXP 	feedbackMsg: autoDraw = True
282.5829 	DATA 	Keypress: 5
283.3678 	DATA 	Keypress: 5
283.5987 	EXP 	New trial (rep=0, index=37): OrderedDict([('Condition', 'LgPun'), ('FixationDur', 1500)])
283.6132 	EXP 	feedbackMsg: autoDraw = False
283.6132 	EXP 	feedbackMsg: autoDraw = False
283.6132 	EXP 	cueImage: image = 'images/LoseBig.bmp'
283.6132 	EXP 	cueImage: autoDraw = True
284.1504 	DATA 	Keypress: 5
284.9167 	DATA 	Keypress: 5
285.6364 	EXP 	cueImage: autoDraw = False
285.6364 	EXP 	cueImage: autoDraw = False
285.6364 	EXP 	fixation: autoDraw = True
285.7017 	DATA 	Keypress: 5
286.4850 	DATA 	Keypress: 5
287.1803 	EXP 	fixation: autoDraw = False
287.1803 	EXP 	fixation: autoDraw = False
287.1803 	EXP 	Target: image = 'images/LoseProbe.bmp'
287.1803 	EXP 	Target: autoDraw = True
287.2497 	DATA 	Keypress: 5
287.4683 	DATA 	Keypress: 1
287.5305 	EXP 	Target: autoDraw = False
287.5305 	EXP 	Target: autoDraw = False
287.5305 	EXP 	feedbackMsg: text = 'Correct Response!\n\nYou did not lose $5.00!'
287.5305 	EXP 	feedbackMsg: autoDraw = True
288.0346 	DATA 	Keypress: 5
288.8179 	DATA 	Keypress: 5
289.1992 	EXP 	New trial (rep=0, index=38): OrderedDict([('Condition', 'LgPun'), ('FixationDur', 3500)])
289.2138 	EXP 	feedbackMsg: autoDraw = False
289.2138 	EXP 	feedbackMsg: autoDraw = False
289.2138 	EXP 	cueImage: image = 'images/LoseBig.bmp'
289.2138 	EXP 	cueImage: autoDraw = True
289.5835 	DATA 	Keypress: 5
290.3665 	DATA 	Keypress: 5
291.1515 	DATA 	Keypress: 5
291.2379 	EXP 	cueImage: autoDraw = False
291.2379 	EXP 	cueImage: autoDraw = False
291.2379 	EXP 	fixation: autoDraw = True
291.9173 	DATA 	Keypress: 5
292.7011 	DATA 	Keypress: 5
293.4854 	DATA 	Keypress: 5
294.2513 	DATA 	Keypress: 5
294.7813 	EXP 	fixation: autoDraw = False
294.7813 	EXP 	fixation: autoDraw = False
294.7813 	EXP 	Target: image = 'images/LoseProbe.bmp'
294.7813 	EXP 	Target: autoDraw = True
295.0342 	DATA 	Keypress: 5
295.0666 	DATA 	Keypress: 1
295.1381 	EXP 	Target: autoDraw = False
295.1381 	EXP 	Target: autoDraw = False
295.1381 	EXP 	feedbackMsg: text = 'Correct Response!\n\nYou did not lose $5.00!'
295.1381 	EXP 	feedbackMsg: autoDraw = True
295.8193 	DATA 	Keypress: 5
296.5837 	DATA 	Keypress: 5
296.7832 	EXP 	New trial (rep=0, index=39): OrderedDict([('Condition', 'SmallPun'), ('FixationDur', 3000)])
296.7978 	EXP 	feedbackMsg: autoDraw = False
296.7978 	EXP 	feedbackMsg: autoDraw = False
296.7978 	EXP 	cueImage: image = 'images/LoseSmall.bmp'
296.7978 	EXP 	cueImage: autoDraw = True
297.3668 	DATA 	Keypress: 5
298.1511 	DATA 	Keypress: 5
298.8225 	EXP 	cueImage: autoDraw = False
298.8225 	EXP 	cueImage: autoDraw = False
298.8225 	EXP 	fixation: autoDraw = True
298.9178 	DATA 	Keypress: 5
299.7012 	DATA 	Keypress: 5
300.4858 	DATA 	Keypress: 5
301.2516 	DATA 	Keypress: 5
301.8644 	EXP 	fixation: autoDraw = False
301.8644 	EXP 	fixation: autoDraw = False
301.8644 	EXP 	Target: image = 'images/LoseProbe.bmp'
301.8644 	EXP 	Target: autoDraw = True
302.0337 	DATA 	Keypress: 5
302.1517 	DATA 	Keypress: 1
302.2316 	EXP 	Target: autoDraw = False
302.2316 	EXP 	Target: autoDraw = False
302.2316 	EXP 	feedbackMsg: text = 'Correct Response!\n\nYou did not lose $0.20!'
302.2316 	EXP 	feedbackMsg: autoDraw = True
302.8175 	DATA 	Keypress: 5
303.5852 	DATA 	Keypress: 5
303.8834 	EXP 	New trial (rep=0, index=40): OrderedDict([('Condition', 'LgReward'), ('FixationDur', 2000)])
303.8984 	EXP 	feedbackMsg: autoDraw = False
303.8984 	EXP 	feedbackMsg: autoDraw = False
303.8984 	EXP 	cueImage: image = 'images/WinBig.bmp'
303.8984 	EXP 	cueImage: autoDraw = True
304.3674 	DATA 	Keypress: 5
305.1521 	DATA 	Keypress: 5
305.9190 	DATA 	Keypress: 5
305.9321 	EXP 	cueImage: autoDraw = False
305.9321 	EXP 	cueImage: autoDraw = False
305.9321 	EXP 	fixation: autoDraw = True
306.7004 	DATA 	Keypress: 5
307.4862 	DATA 	Keypress: 5
307.9732 	EXP 	fixation: autoDraw = False
307.9732 	EXP 	fixation: autoDraw = False
307.9732 	EXP 	Target: image = 'images/WinProbe.bmp'
307.9732 	EXP 	Target: autoDraw = True
308.2361 	DATA 	Keypress: 1
308.2693 	DATA 	Keypress: 5
308.3481 	EXP 	Target: autoDraw = False
308.3481 	EXP 	Target: autoDraw = False
308.3481 	EXP 	feedbackMsg: text = 'Correct Response!\n\nYou won $5.00!'
308.3481 	EXP 	feedbackMsg: autoDraw = True
309.0340 	DATA 	Keypress: 5
309.8200 	DATA 	Keypress: 5
310.0004 	EXP 	New trial (rep=0, index=41): OrderedDict([('Condition', 'SmallPun'), ('FixationDur', 1500)])
310.0155 	EXP 	feedbackMsg: autoDraw = False
310.0155 	EXP 	feedbackMsg: autoDraw = False
310.0155 	EXP 	cueImage: image = 'images/LoseSmall.bmp'
310.0155 	EXP 	cueImage: autoDraw = True
310.6024 	DATA 	Keypress: 5
311.3682 	DATA 	Keypress: 5
312.0403 	EXP 	cueImage: autoDraw = False
312.0403 	EXP 	cueImage: autoDraw = False
312.0403 	EXP 	fixation: autoDraw = True
312.1521 	DATA 	Keypress: 5
312.9350 	DATA 	Keypress: 5
313.5823 	EXP 	fixation: autoDraw = False
313.5823 	EXP 	fixation: autoDraw = False
313.5823 	EXP 	Target: image = 'images/LoseProbe.bmp'
313.5823 	EXP 	Target: autoDraw = True
313.7018 	DATA 	Keypress: 5
313.8531 	DATA 	Keypress: 1
313.9319 	EXP 	Target: autoDraw = False
313.9319 	EXP 	Target: autoDraw = False
313.9319 	EXP 	feedbackMsg: text = 'Correct Response!\n\nYou did not lose $0.20!'
313.9319 	EXP 	feedbackMsg: autoDraw = True
314.4863 	DATA 	Keypress: 5
315.2697 	DATA 	Keypress: 5
315.6175 	EXP 	New trial (rep=0, index=42): OrderedDict([('Condition', 'SmallReward'), ('FixationDur', 1500)])
315.6488 	EXP 	feedbackMsg: autoDraw = False
315.6488 	EXP 	feedbackMsg: autoDraw = False
315.6488 	EXP 	cueImage: image = 'images/WinSmall.bmp'
315.6488 	EXP 	cueImage: autoDraw = True
316.0350 	DATA 	Keypress: 5
316.8173 	DATA 	Keypress: 5
317.6027 	DATA 	Keypress: 5
317.6741 	EXP 	cueImage: autoDraw = False
317.6741 	EXP 	fixation: autoDraw = True
318.3690 	DATA 	Keypress: 5
319.1521 	DATA 	Keypress: 5
319.2258 	EXP 	fixation: autoDraw = False
319.2258 	EXP 	fixation: autoDraw = False
319.2258 	EXP 	Target: image = 'images/WinProbe.bmp'
319.2258 	EXP 	Target: autoDraw = True
319.5023 	DATA 	Keypress: 1
319.5825 	EXP 	Target: autoDraw = False
319.5825 	EXP 	Target: autoDraw = False
319.5825 	EXP 	feedbackMsg: text = 'Correct Response!\n\nYou won $0.20!'
319.5825 	EXP 	feedbackMsg: autoDraw = True
319.9360 	DATA 	Keypress: 5
320.7209 	DATA 	Keypress: 5
321.2666 	EXP 	New trial (rep=0, index=43): OrderedDict([('Condition', 'SmallReward'), ('FixationDur', 1500)])
321.2911 	EXP 	feedbackMsg: autoDraw = False
321.2911 	EXP 	feedbackMsg: autoDraw = False
321.2911 	EXP 	cueImage: image = 'images/WinSmall.bmp'
321.2911 	EXP 	cueImage: autoDraw = True
321.4846 	DATA 	Keypress: 5
322.2687 	DATA 	Keypress: 5
323.0518 	DATA 	Keypress: 5
323.3081 	EXP 	cueImage: autoDraw = False
323.3081 	EXP 	fixation: autoDraw = True
323.8190 	DATA 	Keypress: 5
324.6035 	DATA 	Keypress: 5
324.8587 	EXP 	fixation: autoDraw = False
324.8587 	EXP 	fixation: autoDraw = False
324.8587 	EXP 	Target: image = 'images/WinProbe.bmp'
324.8587 	EXP 	Target: autoDraw = True
325.1196 	DATA 	Keypress: 1
325.1923 	EXP 	Target: autoDraw = False
325.1923 	EXP 	Target: autoDraw = False
325.1923 	EXP 	feedbackMsg: text = 'Correct Response!\n\nYou won $0.20!'
325.1923 	EXP 	feedbackMsg: autoDraw = True
325.3864 	DATA 	Keypress: 5
326.1533 	DATA 	Keypress: 5
326.8685 	EXP 	New trial (rep=0, index=44): OrderedDict([('Condition', 'LgReward'), ('FixationDur', 1500)])
326.8924 	EXP 	feedbackMsg: autoDraw = False
326.8924 	EXP 	feedbackMsg: autoDraw = False
326.8924 	EXP 	cueImage: image = 'images/WinBig.bmp'
326.8924 	EXP 	cueImage: autoDraw = True
326.9363 	DATA 	Keypress: 5
327.7204 	DATA 	Keypress: 5
328.4851 	DATA 	Keypress: 5
328.9258 	EXP 	cueImage: autoDraw = False
328.9258 	EXP 	fixation: autoDraw = True
329.2706 	DATA 	Keypress: 5
330.0544 	DATA 	Keypress: 5
330.4772 	EXP 	fixation: autoDraw = False
330.4772 	EXP 	fixation: autoDraw = False
330.4772 	EXP 	Target: image = 'images/WinProbe.bmp'
330.4772 	EXP 	Target: autoDraw = True
330.7780 	DATA 	Keypress: 1
330.7827 	EXP 	Target: autoDraw = False
330.7827 	EXP 	Target: autoDraw = False
330.7827 	EXP 	feedbackMsg: text = 'You pressed too slow!\n\nYou did not win $5.00!'
330.7827 	EXP 	feedbackMsg: autoDraw = True
330.8186 	DATA 	Keypress: 5
331.6037 	DATA 	Keypress: 5
332.3866 	DATA 	Keypress: 5
332.5187 	EXP 	New trial (rep=0, index=45): OrderedDict([('Condition', 'Triangle'), ('FixationDur', 1500)])
332.5332 	EXP 	feedbackMsg: autoDraw = False
332.5332 	EXP 	feedbackMsg: autoDraw = False
332.5332 	EXP 	cueImage: image = 'images/Neutral.bmp'
332.5332 	EXP 	cueImage: autoDraw = True
333.1524 	DATA 	Keypress: 5
333.9370 	DATA 	Keypress: 5
334.5595 	EXP 	cueImage: autoDraw = False
334.5595 	EXP 	cueImage: autoDraw = False
334.5595 	EXP 	fixation: autoDraw = True
334.7215 	DATA 	Keypress: 5
335.4869 	DATA 	Keypress: 5
336.0945 	EXP 	fixation: autoDraw = False
336.0945 	EXP 	fixation: autoDraw = False
336.0945 	EXP 	Target: image = 'images/NeutralProbe.bmp'
336.0945 	EXP 	Target: autoDraw = True
336.2700 	DATA 	Keypress: 5
336.4003 	EXP 	Target: autoDraw = False
336.4003 	EXP 	Target: autoDraw = False
336.4003 	EXP 	feedbackMsg: text = 'You pressed too slow!\n\nYou did not win or lose anything!'
336.4003 	EXP 	feedbackMsg: autoDraw = True
337.0550 	DATA 	Keypress: 5
337.8203 	DATA 	Keypress: 5
338.1355 	EXP 	New trial (rep=0, index=46): OrderedDict([('Condition', 'SmallPun'), ('FixationDur', 1500)])
338.1502 	EXP 	feedbackMsg: autoDraw = False
338.1502 	EXP 	feedbackMsg: autoDraw = False
338.1502 	EXP 	cueImage: image = 'images/LoseSmall.bmp'
338.1502 	EXP 	cueImage: autoDraw = True
338.6028 	DATA 	Keypress: 5
339.3867 	DATA 	Keypress: 5
340.1713 	DATA 	Keypress: 5
340.1772 	EXP 	cueImage: autoDraw = False
340.1772 	EXP 	cueImage: autoDraw = False
340.1772 	EXP 	fixation: autoDraw = True
340.9373 	DATA 	Keypress: 5
341.7112 	EXP 	fixation: autoDraw = False
341.7112 	EXP 	fixation: autoDraw = False
341.7112 	EXP 	Target: image = 'images/LoseProbe.bmp'
341.7112 	EXP 	Target: autoDraw = True
341.7142 	DATA 	Keypress: 5
342.0120 	DATA 	Keypress: 1
342.0167 	EXP 	Target: autoDraw = False
342.0167 	EXP 	Target: autoDraw = False
342.0167 	EXP 	feedbackMsg: text = 'You pressed too slow!\n\nYou lost $0.20!'
342.0167 	EXP 	feedbackMsg: autoDraw = True
342.5045 	DATA 	Keypress: 5
343.2709 	DATA 	Keypress: 5
343.7519 	EXP 	New trial (rep=0, index=47): OrderedDict([('Condition', 'SmallPun'), ('FixationDur', 2500)])
343.7673 	EXP 	feedbackMsg: autoDraw = False
343.7673 	EXP 	feedbackMsg: autoDraw = False
343.7673 	EXP 	cueImage: image = 'images/LoseSmall.bmp'
343.7673 	EXP 	cueImage: autoDraw = True
344.0537 	DATA 	Keypress: 5
344.8382 	DATA 	Keypress: 5
345.6036 	DATA 	Keypress: 5
345.7945 	EXP 	cueImage: autoDraw = False
345.7945 	EXP 	cueImage: autoDraw = False
345.7945 	EXP 	fixation: autoDraw = True
346.3887 	DATA 	Keypress: 5
347.1727 	DATA 	Keypress: 5
347.9368 	DATA 	Keypress: 5
348.3283 	EXP 	fixation: autoDraw = False
348.3283 	EXP 	fixation: autoDraw = False
348.3283 	EXP 	Target: image = 'images/LoseProbe.bmp'
348.3283 	EXP 	Target: autoDraw = True
348.6247 	DATA 	Keypress: 1
348.6349 	EXP 	Target: autoDraw = False
348.6349 	EXP 	Target: autoDraw = False
348.6349 	EXP 	feedbackMsg: text = 'You pressed too slow!\n\nYou lost $0.20!'
348.6349 	EXP 	feedbackMsg: autoDraw = True
348.7223 	DATA 	Keypress: 5
349.5056 	DATA 	Keypress: 5
350.2698 	DATA 	Keypress: 5
350.3532 	EXP 	New trial (rep=0, index=48): OrderedDict([('Condition', 'Triangle'), ('FixationDur', 3000)])
350.3679 	EXP 	feedbackMsg: autoDraw = False
350.3679 	EXP 	feedbackMsg: autoDraw = False
350.3679 	EXP 	cueImage: image = 'images/Neutral.bmp'
350.3679 	EXP 	cueImage: autoDraw = True
351.0552 	DATA 	Keypress: 5
351.8383 	DATA 	Keypress: 5
352.3954 	EXP 	cueImage: autoDraw = False
352.3954 	EXP 	cueImage: autoDraw = False
352.3954 	EXP 	fixation: autoDraw = True
352.6045 	DATA 	Keypress: 5
353.3875 	DATA 	Keypress: 5
354.1725 	DATA 	Keypress: 5
354.9375 	DATA 	Keypress: 5
355.4289 	EXP 	fixation: autoDraw = False
355.4289 	EXP 	fixation: autoDraw = False
355.4289 	EXP 	Target: image = 'images/NeutralProbe.bmp'
355.4289 	EXP 	Target: autoDraw = True
355.7480 	DATA 	Keypress: 5
355.7622 	EXP 	Target: autoDraw = False
355.7622 	EXP 	Target: autoDraw = False
355.7622 	EXP 	feedbackMsg: text = 'You pressed too slow!\n\nYou did not win or lose anything!'
355.7622 	EXP 	feedbackMsg: autoDraw = True
356.5053 	DATA 	Keypress: 5
357.2720 	DATA 	Keypress: 5
357.4690 	EXP 	New trial (rep=0, index=49): OrderedDict([('Condition', 'SmallReward'), ('FixationDur', 2000)])
357.4962 	EXP 	feedbackMsg: autoDraw = False
357.4962 	EXP 	feedbackMsg: autoDraw = False
357.4962 	EXP 	cueImage: image = 'images/WinSmall.bmp'
357.4962 	EXP 	cueImage: autoDraw = True
358.0553 	DATA 	Keypress: 5
358.8393 	DATA 	Keypress: 5
359.5129 	EXP 	cueImage: autoDraw = False
359.5129 	EXP 	fixation: autoDraw = True
359.6051 	DATA 	Keypress: 5
360.3884 	DATA 	Keypress: 5
361.1730 	DATA 	Keypress: 5
361.5629 	EXP 	fixation: autoDraw = False
361.5629 	EXP 	fixation: autoDraw = False
361.5629 	EXP 	Target: image = 'images/WinProbe.bmp'
361.5629 	EXP 	Target: autoDraw = True
361.8219 	DATA 	Keypress: 1
361.8963 	EXP 	Target: autoDraw = False
361.8963 	EXP 	Target: autoDraw = False
361.8963 	EXP 	feedbackMsg: text = 'Correct Response!\n\nYou won $0.20!'
361.8963 	EXP 	feedbackMsg: autoDraw = True
361.9382 	DATA 	Keypress: 5
362.7208 	DATA 	Keypress: 5
363.5053 	DATA 	Keypress: 5
363.6182 	EXP 	feedbackMsg: autoDraw = False
363.6182 	EXP 	feedbackMsg: autoDraw = False
363.6182 	EXP 	polygon: autoDraw = True
364.2726 	DATA 	Keypress: 5
365.0542 	DATA 	Keypress: 5
365.8387 	DATA 	Keypress: 5
366.6235 	DATA 	Keypress: 5
368.6310 	EXP 	polygon: autoDraw = False
368.6310 	EXP 	polygon: autoDraw = False
368.6310 	EXP 	text: text = 'All done!\n\nYou earned a total of: $15.20!'
368.6310 	EXP 	text: autoDraw = True
371.6645 	EXP 	text: autoDraw = False
371.6645 	EXP 	text: autoDraw = False
371.6645 	EXP 	polygon2: autoDraw = True
378.0068 	DATA 	Keypress: 5
378.7890 	DATA 	Keypress: 5
379.5734 	DATA 	Keypress: 5
380.3405 	DATA 	Keypress: 5
385.0578 	DATA 	Keypress: escape
385.3728 	EXP 	window1: mouseVisible = True
