18.2746 	WARNING 	User requested fullscreen with size [1440  900], but screen is actually [1920, 1080]. Using actual size
19.3466 	EXP 	Created window1 = Window(allowGUI=False, allowStencil=False, args=UNKNOWN, autoLog=True, bitsMode=UNKNOWN, blendMode='avg', color=array([0., 0., 0.]), colorSpace='rgb', fullscr=<method-wrapper '__getattribute__' of attributeSetter object at 0x13404fa20>, gamma=None, kwargs=UNKNOWN, lms=UNKNOWN, monitor=<psychopy.monitors.calibTools.Monitor object at 0x134ed5b00>, multiSample=False, name='window1', numSamples=2, pos=[0.0, 0.0], screen=0, size=array([3840, 2160]), stereo=False, units='height', useFBO=True, useRetina=True, viewOri=0.0, viewPos=None, viewScale=None, waitBlanking=True, winType='pyglet')
19.3467 	EXP 	window1: recordFrameIntervals = False
19.7631 	EXP 	window1: recordFrameIntervals = True
20.2209 	EXP 	window1: recordFrameIntervals = False
20.6887 	EXP 	Created preinstruct_text = TextStim(__class__=<class 'psychopy.visual.text.TextStim'>, alignHoriz='center', alignVert='center', antialias=True, autoLog=True, bold=False, color='white', colorSpace='named', contrast=1.0, depth=0.0, flipHoriz=False, flipVert=False, font='Arial', fontFiles=[], height=0.05, italic=False, languageStyle='LTR', name='preinstruct_text', opacity=1.0, ori=0, pos=array([0., 0.]), rgb=array([255., 255., 255.]), text='Money Task - Scanner 2', units='height', win=Window(...), wrapWidth=1)
20.7352 	EXP 	Created instructFig = ImageStim(__class__=<class 'psychopy.visual.image.ImageStim'>, autoLog=True, color=array([1., 1., 1.]), colorSpace='rgb', contrast=1.0, depth=0.0, flipHoriz=False, flipVert=False, image='images/MID_instructions.bmp', interpolate=True, mask=None, maskParams=None, name='instructFig', opacity=1.0, ori=0.0, pos=array([0., 0.]), size=array([1.3, 1. ]), texRes=128, units='height', win=Window(...))
20.7370 	EXP 	Created PrepFixation = ShapeStim(__class__=<class 'psychopy.visual.shape.ShapeStim'>, autoDraw=False, autoLog=True, closeShape=True, contrast=1.0, depth=0.0, fillColor=array([1., 1., 1.]), fillColorSpace='rgb', interpolate=True, lineColor=array([1., 1., 1.]), lineColorSpace='rgb', lineWidth=1, name='PrepFixation', opacity=1.0, ori=array(0.), pos=array([0., 0.]), size=array([0.05, 0.05]), units='height', vertices=ndarray(...), win=Window(...), windingRule=None)
20.7387 	EXP 	Created cueImage = ImageStim(__class__=<class 'psychopy.visual.image.ImageStim'>, autoLog=True, color=array([1., 1., 1.]), colorSpace='rgb', contrast=1.0, depth=0.0, flipHoriz=False, flipVert=False, image='sin', interpolate=True, mask=None, maskParams=None, name='cueImage', opacity=1.0, ori=0.0, pos=array([0., 0.]), size=array([1.3, 1. ]), texRes=128, units='height', win=Window(...))
20.7402 	EXP 	Created fixation = ShapeStim(__class__=<class 'psychopy.visual.shape.ShapeStim'>, autoDraw=False, autoLog=True, closeShape=True, contrast=1.0, depth=-1.0, fillColor=array([1., 1., 1.]), fillColorSpace='rgb', interpolate=True, lineColor=array([1., 1., 1.]), lineColorSpace='rgb', lineWidth=1, name='fixation', opacity=1.0, ori=array(0.), pos=array([0., 0.]), size=array([0.05, 0.05]), units='height', vertices=ndarray(...), win=Window(...), windingRule=None)
20.7418 	EXP 	Created Target = ImageStim(__class__=<class 'psychopy.visual.image.ImageStim'>, autoLog=True, color=array([1., 1., 1.]), colorSpace='rgb', contrast=1.0, depth=-1.0, flipHoriz=False, flipVert=False, image='sin', interpolate=True, mask=None, maskParams=None, name='Target', opacity=1.0, ori=0.0, pos=array([0., 0.]), size=array([1.3, 1. ]), texRes=128, units='height', win=Window(...))
20.7523 	EXP 	Created feedbackMsg = TextStim(__class__=<class 'psychopy.visual.text.TextStim'>, alignHoriz='center', alignVert='center', antialias=True, autoLog=True, bold=False, color='white', colorSpace='named', contrast=1.0, depth=-2.0, flipHoriz=False, flipVert=False, font='Arial', fontFiles=[], height=0.05, italic=False, languageStyle='LTR', name='feedbackMsg', opacity=1.0, ori=0, pos=array([0., 0.]), rgb=array([255., 255., 255.]), text='default text', units='height', win=Window(...), wrapWidth=2)
20.7540 	EXP 	Created polygon = ShapeStim(__class__=<class 'psychopy.visual.shape.ShapeStim'>, autoDraw=False, autoLog=True, closeShape=True, contrast=1.0, depth=0.0, fillColor=array([1., 1., 1.]), fillColorSpace='rgb', interpolate=True, lineColor=array([1., 1., 1.]), lineColorSpace='rgb', lineWidth=1, name='polygon', opacity=1.0, ori=array(0.), pos=array([0., 0.]), size=array([0.05, 0.05]), units='height', vertices=ndarray(...), win=Window(...), windingRule=None)
20.7612 	EXP 	Created text = TextStim(__class__=<class 'psychopy.visual.text.TextStim'>, alignHoriz='center', alignVert='center', antialias=True, autoLog=True, bold=False, color='white', colorSpace='named', contrast=1.0, depth=-1.0, flipHoriz=False, flipVert=False, font='Arial', fontFiles=[], height=0.07, italic=False, languageStyle='LTR', name='text', opacity=1.0, ori=0, pos=array([0., 0.]), rgb=array([255., 255., 255.]), text='default text', units='height', win=Window(...), wrapWidth=1)
20.7728 	EXP 	preinstruct_text: autoDraw = True
22.8246 	EXP 	preinstruct_text: autoDraw = False
22.8246 	EXP 	instructFig: autoDraw = True
26.2261 	DATA 	Keypress: 1
32.5309 	DATA 	Keypress: 5
32.5563 	EXP 	instructFig: autoDraw = False
32.5563 	EXP 	PrepFixation: autoDraw = True
33.2696 	DATA 	Keypress: 5
34.0618 	DATA 	Keypress: 5
34.5251 	EXP 	Imported TimeVersion9.csv as conditions, 50 conditions, 2 params
34.5255 	EXP 	Created sequence: sequential, trialTypes=50, nReps=1, seed=None
34.5258 	EXP 	New trial (rep=0, index=0): OrderedDict([('Condition', 'Triangle'), ('FixationDur', 2000)])
34.5555 	EXP 	PrepFixation: autoDraw = False
34.5555 	EXP 	cueImage: image = 'images/Neutral.bmp'
34.5555 	EXP 	cueImage: autoDraw = True
34.8506 	DATA 	Keypress: 5
35.6011 	DATA 	Keypress: 5
36.3911 	DATA 	Keypress: 5
36.5585 	EXP 	cueImage: autoDraw = False
36.5585 	EXP 	cueImage: autoDraw = False
36.5585 	EXP 	fixation: autoDraw = True
37.1842 	DATA 	Keypress: 5
37.9355 	DATA 	Keypress: 5
38.5788 	EXP 	fixation: autoDraw = False
38.5788 	EXP 	fixation: autoDraw = False
38.5788 	EXP 	Target: image = 'images/NeutralProbe.bmp'
38.5788 	EXP 	Target: autoDraw = True
38.7251 	DATA 	Keypress: 5
38.8886 	EXP 	Target: autoDraw = False
38.8886 	EXP 	Target: autoDraw = False
38.8886 	EXP 	feedbackMsg: text = 'You pressed too slow!\n\nYou did not win or lose anything!'
38.8886 	EXP 	feedbackMsg: autoDraw = True
39.1001 	DATA 	Keypress: 1
39.5183 	DATA 	Keypress: 5
40.2667 	DATA 	Keypress: 5
40.4729 	EXP 	New trial (rep=0, index=1): OrderedDict([('Condition', 'Triangle'), ('FixationDur', 1500)])
40.5141 	EXP 	feedbackMsg: autoDraw = False
40.5141 	EXP 	feedbackMsg: autoDraw = False
40.5141 	EXP 	cueImage: image = 'images/Neutral.bmp'
40.5141 	EXP 	cueImage: autoDraw = True
41.0587 	DATA 	Keypress: 5
41.8521 	DATA 	Keypress: 5
42.5273 	EXP 	cueImage: autoDraw = False
42.5273 	EXP 	fixation: autoDraw = True
42.6025 	DATA 	Keypress: 5
43.3971 	DATA 	Keypress: 5
44.0312 	EXP 	fixation: autoDraw = False
44.0312 	EXP 	fixation: autoDraw = False
44.0312 	EXP 	Target: image = 'images/NeutralProbe.bmp'
44.0312 	EXP 	Target: autoDraw = True
44.1842 	DATA 	Keypress: 5
44.3476 	EXP 	Target: autoDraw = False
44.3476 	EXP 	Target: autoDraw = False
44.3476 	EXP 	feedbackMsg: text = 'You pressed too slow!\n\nYou did not win or lose anything!'
44.3476 	EXP 	feedbackMsg: autoDraw = True
44.3516 	DATA 	Keypress: 1
44.9387 	DATA 	Keypress: 5
45.7285 	DATA 	Keypress: 5
45.9358 	EXP 	New trial (rep=0, index=2): OrderedDict([('Condition', 'LgPun'), ('FixationDur', 2500)])
45.9729 	EXP 	feedbackMsg: autoDraw = False
45.9729 	EXP 	feedbackMsg: autoDraw = False
45.9729 	EXP 	cueImage: image = 'images/LoseBig.bmp'
45.9729 	EXP 	cueImage: autoDraw = True
46.5196 	DATA 	Keypress: 5
47.2676 	DATA 	Keypress: 5
47.9806 	EXP 	cueImage: autoDraw = False
47.9806 	EXP 	cueImage: autoDraw = False
47.9806 	EXP 	fixation: autoDraw = True
48.0630 	DATA 	Keypress: 5
48.8538 	DATA 	Keypress: 5
49.6037 	DATA 	Keypress: 5
50.3947 	DATA 	Keypress: 5
50.4954 	EXP 	fixation: autoDraw = False
50.4954 	EXP 	fixation: autoDraw = False
50.4954 	EXP 	Target: image = 'images/LoseProbe.bmp'
50.4954 	EXP 	Target: autoDraw = True
50.8060 	EXP 	Target: autoDraw = False
50.8060 	EXP 	Target: autoDraw = False
50.8060 	EXP 	feedbackMsg: text = 'You pressed too slow!\n\nYou lost $5.00!'
50.8060 	EXP 	feedbackMsg: autoDraw = True
50.8101 	DATA 	Keypress: 1
51.1848 	DATA 	Keypress: 5
51.9342 	DATA 	Keypress: 5
52.1014 	DATA 	Keypress: 1
52.3903 	EXP 	New trial (rep=0, index=3): OrderedDict([('Condition', 'Triangle'), ('FixationDur', 1500)])
52.4311 	EXP 	feedbackMsg: autoDraw = False
52.4311 	EXP 	feedbackMsg: autoDraw = False
52.4311 	EXP 	cueImage: image = 'images/Neutral.bmp'
52.4311 	EXP 	cueImage: autoDraw = True
52.4347 	DATA 	Keypress: 1
52.7259 	DATA 	Keypress: 5
52.7660 	DATA 	Keypress: 1
53.5179 	DATA 	Keypress: 5
54.2702 	DATA 	Keypress: 5
54.4457 	EXP 	cueImage: autoDraw = False
54.4457 	EXP 	fixation: autoDraw = True
55.0630 	DATA 	Keypress: 5
55.8555 	DATA 	Keypress: 5
55.9502 	EXP 	fixation: autoDraw = False
55.9502 	EXP 	fixation: autoDraw = False
55.9502 	EXP 	Target: image = 'images/NeutralProbe.bmp'
55.9502 	EXP 	Target: autoDraw = True
56.2649 	EXP 	Target: autoDraw = False
56.2649 	EXP 	Target: autoDraw = False
56.2649 	EXP 	feedbackMsg: text = 'You pressed too slow!\n\nYou did not win or lose anything!'
56.2649 	EXP 	feedbackMsg: autoDraw = True
56.3105 	DATA 	Keypress: 1
56.6014 	DATA 	Keypress: 5
57.3938 	DATA 	Keypress: 5
57.8496 	EXP 	New trial (rep=0, index=4): OrderedDict([('Condition', 'LgReward'), ('FixationDur', 1500)])
57.8901 	EXP 	feedbackMsg: autoDraw = False
57.8901 	EXP 	feedbackMsg: autoDraw = False
57.8901 	EXP 	cueImage: image = 'images/WinBig.bmp'
57.8901 	EXP 	cueImage: autoDraw = True
58.1842 	DATA 	Keypress: 5
58.4358 	DATA 	Keypress: 1
58.9346 	DATA 	Keypress: 5
59.7287 	DATA 	Keypress: 5
59.9000 	EXP 	cueImage: autoDraw = False
59.9000 	EXP 	fixation: autoDraw = True
60.5231 	DATA 	Keypress: 5
61.2736 	DATA 	Keypress: 5
61.4207 	EXP 	fixation: autoDraw = False
61.4207 	EXP 	fixation: autoDraw = False
61.4207 	EXP 	Target: image = 'images/WinProbe.bmp'
61.4207 	EXP 	Target: autoDraw = True
61.7272 	EXP 	Target: autoDraw = False
61.7272 	EXP 	Target: autoDraw = False
61.7272 	EXP 	feedbackMsg: text = 'You pressed too slow!\n\nYou did not win $5.00!'
61.7272 	EXP 	feedbackMsg: autoDraw = True
61.7718 	DATA 	Keypress: 1
62.0621 	DATA 	Keypress: 5
62.8563 	DATA 	Keypress: 5
63.3090 	EXP 	New trial (rep=0, index=5): OrderedDict([('Condition', 'SmallPun'), ('FixationDur', 1500)])
63.3481 	EXP 	feedbackMsg: autoDraw = False
63.3481 	EXP 	feedbackMsg: autoDraw = False
63.3481 	EXP 	cueImage: image = 'images/LoseSmall.bmp'
63.3481 	EXP 	cueImage: autoDraw = True
63.6010 	DATA 	Keypress: 5
64.3956 	DATA 	Keypress: 5
65.1870 	DATA 	Keypress: 5
65.3641 	EXP 	cueImage: autoDraw = False
65.3641 	EXP 	fixation: autoDraw = True
65.9365 	DATA 	Keypress: 5
66.7311 	DATA 	Keypress: 5
66.8653 	EXP 	fixation: autoDraw = False
66.8653 	EXP 	fixation: autoDraw = False
66.8653 	EXP 	Target: image = 'images/LoseProbe.bmp'
66.8653 	EXP 	Target: autoDraw = True
67.1839 	EXP 	Target: autoDraw = False
67.1839 	EXP 	Target: autoDraw = False
67.1839 	EXP 	feedbackMsg: text = 'You pressed too slow!\n\nYou lost $0.20!'
67.1839 	EXP 	feedbackMsg: autoDraw = True
67.4381 	DATA 	Keypress: 1
67.5226 	DATA 	Keypress: 5
68.2738 	DATA 	Keypress: 5
68.7686 	EXP 	New trial (rep=0, index=6): OrderedDict([('Condition', 'LgPun'), ('FixationDur', 4000)])
68.8070 	EXP 	feedbackMsg: autoDraw = False
68.8070 	EXP 	feedbackMsg: autoDraw = False
68.8070 	EXP 	cueImage: image = 'images/LoseBig.bmp'
68.8070 	EXP 	cueImage: autoDraw = True
69.0628 	DATA 	Keypress: 5
69.8517 	DATA 	Keypress: 5
70.6019 	DATA 	Keypress: 5
70.8143 	EXP 	cueImage: autoDraw = False
70.8143 	EXP 	cueImage: autoDraw = False
70.8143 	EXP 	fixation: autoDraw = True
71.3978 	DATA 	Keypress: 5
72.1886 	DATA 	Keypress: 5
72.9382 	DATA 	Keypress: 5
73.7289 	DATA 	Keypress: 5
74.5235 	DATA 	Keypress: 5
74.8335 	EXP 	fixation: autoDraw = False
74.8335 	EXP 	fixation: autoDraw = False
74.8335 	EXP 	Target: image = 'images/LoseProbe.bmp'
74.8335 	EXP 	Target: autoDraw = True
75.2027 	DATA 	Keypress: 1
75.2257 	EXP 	Target: autoDraw = False
75.2257 	EXP 	Target: autoDraw = False
75.2257 	EXP 	feedbackMsg: text = 'You pressed too slow!\n\nYou lost $5.00!'
75.2257 	EXP 	feedbackMsg: autoDraw = True
75.2721 	DATA 	Keypress: 5
76.0647 	DATA 	Keypress: 5
76.7267 	EXP 	New trial (rep=0, index=7): OrderedDict([('Condition', 'Triangle'), ('FixationDur', 3500)])
76.7647 	EXP 	feedbackMsg: autoDraw = False
76.7647 	EXP 	feedbackMsg: autoDraw = False
76.7647 	EXP 	cueImage: image = 'images/Neutral.bmp'
76.7647 	EXP 	cueImage: autoDraw = True
76.8551 	DATA 	Keypress: 5
77.6038 	DATA 	Keypress: 5
78.3955 	DATA 	Keypress: 5
78.7815 	EXP 	cueImage: autoDraw = False
78.7815 	EXP 	cueImage: autoDraw = False
78.7815 	EXP 	fixation: autoDraw = True
79.1852 	DATA 	Keypress: 5
79.9782 	DATA 	Keypress: 5
80.7281 	DATA 	Keypress: 5
81.5197 	DATA 	Keypress: 5
82.2837 	EXP 	fixation: autoDraw = False
82.2837 	EXP 	fixation: autoDraw = False
82.2837 	EXP 	Target: image = 'images/NeutralProbe.bmp'
82.2837 	EXP 	Target: autoDraw = True
82.2880 	DATA 	Keypress: 5
82.6032 	DATA 	Keypress: 1
82.6828 	EXP 	Target: autoDraw = False
82.6828 	EXP 	Target: autoDraw = False
82.6828 	EXP 	feedbackMsg: text = 'Correct Response!\n\nYou did not win or lose anything!'
82.6828 	EXP 	feedbackMsg: autoDraw = True
83.0612 	DATA 	Keypress: 5
83.8521 	DATA 	Keypress: 5
84.1844 	EXP 	New trial (rep=0, index=8): OrderedDict([('Condition', 'SmallReward'), ('FixationDur', 2500)])
84.2243 	EXP 	feedbackMsg: autoDraw = False
84.2243 	EXP 	feedbackMsg: autoDraw = False
84.2243 	EXP 	cueImage: image = 'images/WinSmall.bmp'
84.2243 	EXP 	cueImage: autoDraw = True
84.6455 	DATA 	Keypress: 5
85.3964 	DATA 	Keypress: 5
86.2217 	DATA 	Keypress: 5
86.2348 	EXP 	cueImage: autoDraw = False
86.2348 	EXP 	fixation: autoDraw = True
86.9827 	DATA 	Keypress: 5
87.7316 	DATA 	Keypress: 5
88.5221 	DATA 	Keypress: 5
88.7555 	EXP 	fixation: autoDraw = False
88.7555 	EXP 	fixation: autoDraw = False
88.7555 	EXP 	Target: image = 'images/WinProbe.bmp'
88.7555 	EXP 	Target: autoDraw = True
89.0638 	DATA 	Keypress: 1
89.1427 	EXP 	Target: autoDraw = False
89.1427 	EXP 	Target: autoDraw = False
89.1427 	EXP 	feedbackMsg: text = 'Correct Response!\n\nYou won $0.20!'
89.1427 	EXP 	feedbackMsg: autoDraw = True
89.3155 	DATA 	Keypress: 5
90.0655 	DATA 	Keypress: 5
90.6448 	EXP 	New trial (rep=0, index=9): OrderedDict([('Condition', 'LgPun'), ('FixationDur', 2000)])
90.6831 	EXP 	feedbackMsg: autoDraw = False
90.6831 	EXP 	feedbackMsg: autoDraw = False
90.6831 	EXP 	cueImage: image = 'images/LoseBig.bmp'
90.6831 	EXP 	cueImage: autoDraw = True
90.8527 	DATA 	Keypress: 5
91.6459 	DATA 	Keypress: 5
92.3954 	DATA 	Keypress: 5
92.7003 	EXP 	cueImage: autoDraw = False
92.7003 	EXP 	cueImage: autoDraw = False
92.7003 	EXP 	fixation: autoDraw = True
93.1903 	DATA 	Keypress: 5
93.9803 	DATA 	Keypress: 5
94.7018 	EXP 	fixation: autoDraw = False
94.7018 	EXP 	fixation: autoDraw = False
94.7018 	EXP 	Target: image = 'images/LoseProbe.bmp'
94.7018 	EXP 	Target: autoDraw = True
94.7294 	DATA 	Keypress: 5
95.0209 	DATA 	Keypress: 1
95.1001 	EXP 	Target: autoDraw = False
95.1001 	EXP 	Target: autoDraw = False
95.1001 	EXP 	feedbackMsg: text = 'Correct Response!\n\nYou did not lose $5.00!'
95.1001 	EXP 	feedbackMsg: autoDraw = True
95.5199 	DATA 	Keypress: 5
96.3120 	DATA 	Keypress: 5
96.6017 	EXP 	New trial (rep=0, index=10): OrderedDict([('Condition', 'SmallPun'), ('FixationDur', 1500)])
96.6416 	EXP 	feedbackMsg: autoDraw = False
96.6416 	EXP 	feedbackMsg: autoDraw = False
96.6416 	EXP 	cueImage: image = 'images/LoseSmall.bmp'
96.6416 	EXP 	cueImage: autoDraw = True
97.0608 	DATA 	Keypress: 5
97.8545 	DATA 	Keypress: 5
98.6402 	DATA 	Keypress: 5
98.6532 	EXP 	cueImage: autoDraw = False
98.6532 	EXP 	fixation: autoDraw = True
99.3982 	DATA 	Keypress: 5
100.1600 	EXP 	fixation: autoDraw = False
100.1600 	EXP 	fixation: autoDraw = False
100.1600 	EXP 	Target: image = 'images/LoseProbe.bmp'
100.1600 	EXP 	Target: autoDraw = True
100.1861 	DATA 	Keypress: 5
100.4779 	DATA 	Keypress: 1
100.5999 	EXP 	Target: autoDraw = False
100.5999 	EXP 	Target: autoDraw = False
100.5999 	EXP 	feedbackMsg: text = 'Correct Response!\n\nYou did not lose $0.20!'
100.5999 	EXP 	feedbackMsg: autoDraw = True
100.9798 	DATA 	Keypress: 5
101.7288 	DATA 	Keypress: 5
102.1006 	EXP 	New trial (rep=0, index=11): OrderedDict([('Condition', 'SmallReward'), ('FixationDur', 3000)])
102.1419 	EXP 	feedbackMsg: autoDraw = False
102.1419 	EXP 	feedbackMsg: autoDraw = False
102.1419 	EXP 	cueImage: image = 'images/WinSmall.bmp'
102.1419 	EXP 	cueImage: autoDraw = True
102.5201 	DATA 	Keypress: 5
103.3145 	DATA 	Keypress: 5
104.0628 	DATA 	Keypress: 5
104.1519 	EXP 	cueImage: autoDraw = False
104.1519 	EXP 	cueImage: autoDraw = False
104.1519 	EXP 	fixation: autoDraw = True
104.8576 	DATA 	Keypress: 5
105.6498 	DATA 	Keypress: 5
106.3991 	DATA 	Keypress: 5
107.1745 	EXP 	fixation: autoDraw = False
107.1745 	EXP 	fixation: autoDraw = False
107.1745 	EXP 	Target: image = 'images/WinProbe.bmp'
107.1745 	EXP 	Target: autoDraw = True
107.1784 	DATA 	Keypress: 5
107.4791 	DATA 	Keypress: 1
107.5997 	EXP 	Target: autoDraw = False
107.5997 	EXP 	Target: autoDraw = False
107.5997 	EXP 	feedbackMsg: text = 'Correct Response!\n\nYou won $0.20!'
107.5997 	EXP 	feedbackMsg: autoDraw = True
107.9793 	DATA 	Keypress: 5
108.7295 	DATA 	Keypress: 5
109.0606 	EXP 	New trial (rep=0, index=12): OrderedDict([('Condition', 'LgPun'), ('FixationDur', 1500)])
109.1004 	EXP 	feedbackMsg: autoDraw = False
109.1004 	EXP 	feedbackMsg: autoDraw = False
109.1004 	EXP 	cueImage: image = 'images/LoseBig.bmp'
109.1004 	EXP 	cueImage: autoDraw = True
109.5214 	DATA 	Keypress: 5
110.3128 	DATA 	Keypress: 5
111.0993 	DATA 	Keypress: 5
111.1205 	EXP 	cueImage: autoDraw = False
111.1205 	EXP 	fixation: autoDraw = True
111.8553 	DATA 	Keypress: 5
112.6195 	EXP 	fixation: autoDraw = False
112.6195 	EXP 	fixation: autoDraw = False
112.6195 	EXP 	Target: image = 'images/LoseProbe.bmp'
112.6195 	EXP 	Target: autoDraw = True
112.6228 	DATA 	Keypress: 5
113.0317 	DATA 	Keypress: 1
113.0592 	EXP 	Target: autoDraw = False
113.0592 	EXP 	Target: autoDraw = False
113.0592 	EXP 	feedbackMsg: text = 'You pressed too slow!\n\nYou lost $5.00!'
113.0592 	EXP 	feedbackMsg: autoDraw = True
113.3951 	DATA 	Keypress: 5
114.1888 	DATA 	Keypress: 5
114.5190 	EXP 	New trial (rep=0, index=13): OrderedDict([('Condition', 'SmallReward'), ('FixationDur', 1500)])
114.5587 	EXP 	feedbackMsg: autoDraw = False
114.5587 	EXP 	feedbackMsg: autoDraw = False
114.5587 	EXP 	cueImage: image = 'images/WinSmall.bmp'
114.5587 	EXP 	cueImage: autoDraw = True
114.9790 	DATA 	Keypress: 5
115.7319 	DATA 	Keypress: 5
116.5572 	DATA 	Keypress: 5
116.5706 	EXP 	cueImage: autoDraw = False
116.5706 	EXP 	fixation: autoDraw = True
117.3164 	DATA 	Keypress: 5
118.0743 	DATA 	Keypress: 5
118.0914 	EXP 	fixation: autoDraw = False
118.0914 	EXP 	fixation: autoDraw = False
118.0914 	EXP 	Target: image = 'images/WinProbe.bmp'
118.0914 	EXP 	Target: autoDraw = True
118.3974 	DATA 	Keypress: 1
118.5193 	EXP 	Target: autoDraw = False
118.5193 	EXP 	Target: autoDraw = False
118.5193 	EXP 	feedbackMsg: text = 'Correct Response!\n\nYou won $0.20!'
118.5193 	EXP 	feedbackMsg: autoDraw = True
118.8566 	DATA 	Keypress: 5
119.6469 	DATA 	Keypress: 5
120.0211 	EXP 	New trial (rep=0, index=14): OrderedDict([('Condition', 'SmallReward'), ('FixationDur', 2000)])
120.0595 	EXP 	feedbackMsg: autoDraw = False
120.0595 	EXP 	feedbackMsg: autoDraw = False
120.0595 	EXP 	cueImage: image = 'images/WinSmall.bmp'
120.0595 	EXP 	cueImage: autoDraw = True
120.3973 	DATA 	Keypress: 5
121.1888 	DATA 	Keypress: 5
121.9808 	DATA 	Keypress: 5
122.0715 	EXP 	cueImage: autoDraw = False
122.0715 	EXP 	cueImage: autoDraw = False
122.0715 	EXP 	fixation: autoDraw = True
122.7331 	DATA 	Keypress: 5
123.5227 	DATA 	Keypress: 5
124.0896 	EXP 	fixation: autoDraw = False
124.0896 	EXP 	fixation: autoDraw = False
124.0896 	EXP 	Target: image = 'images/WinProbe.bmp'
124.0896 	EXP 	Target: autoDraw = True
124.3161 	DATA 	Keypress: 5
124.3989 	DATA 	Keypress: 1
124.5180 	EXP 	Target: autoDraw = False
124.5180 	EXP 	Target: autoDraw = False
124.5180 	EXP 	feedbackMsg: text = 'Correct Response!\n\nYou won $0.20!'
124.5180 	EXP 	feedbackMsg: autoDraw = True
125.0640 	DATA 	Keypress: 5
125.8581 	DATA 	Keypress: 5
126.0223 	EXP 	New trial (rep=0, index=15): OrderedDict([('Condition', 'LgPun'), ('FixationDur', 2000)])
126.0616 	EXP 	feedbackMsg: autoDraw = False
126.0616 	EXP 	feedbackMsg: autoDraw = False
126.0616 	EXP 	cueImage: image = 'images/LoseBig.bmp'
126.0616 	EXP 	cueImage: autoDraw = True
126.6450 	DATA 	Keypress: 5
127.4403 	DATA 	Keypress: 5
128.0719 	EXP 	cueImage: autoDraw = False
128.0719 	EXP 	cueImage: autoDraw = False
128.0719 	EXP 	fixation: autoDraw = True
128.1914 	DATA 	Keypress: 5
128.9826 	DATA 	Keypress: 5
129.7325 	DATA 	Keypress: 5
130.0782 	EXP 	fixation: autoDraw = False
130.0782 	EXP 	fixation: autoDraw = False
130.0782 	EXP 	Target: image = 'images/LoseProbe.bmp'
130.0782 	EXP 	Target: autoDraw = True
130.3977 	DATA 	Keypress: 1
130.5177 	EXP 	Target: autoDraw = False
130.5177 	EXP 	Target: autoDraw = False
130.5177 	EXP 	feedbackMsg: text = 'Correct Response!\n\nYou did not lose $5.00!'
130.5177 	EXP 	feedbackMsg: autoDraw = True
130.5216 	DATA 	Keypress: 5
131.3130 	DATA 	Keypress: 5
132.0188 	EXP 	New trial (rep=0, index=16): OrderedDict([('Condition', 'Triangle'), ('FixationDur', 2500)])
132.0592 	EXP 	feedbackMsg: autoDraw = False
132.0592 	EXP 	feedbackMsg: autoDraw = False
132.0592 	EXP 	cueImage: image = 'images/Neutral.bmp'
132.0592 	EXP 	cueImage: autoDraw = True
132.1039 	DATA 	Keypress: 5
132.8532 	DATA 	Keypress: 5
133.6466 	DATA 	Keypress: 5
134.0720 	EXP 	cueImage: autoDraw = False
134.0720 	EXP 	cueImage: autoDraw = False
134.0720 	EXP 	fixation: autoDraw = True
134.4403 	DATA 	Keypress: 5
135.1918 	DATA 	Keypress: 5
135.9814 	DATA 	Keypress: 5
136.5758 	EXP 	fixation: autoDraw = False
136.5758 	EXP 	fixation: autoDraw = False
136.5758 	EXP 	Target: image = 'images/NeutralProbe.bmp'
136.5758 	EXP 	Target: autoDraw = True
136.7708 	DATA 	Keypress: 5
136.8969 	DATA 	Keypress: 1
136.9756 	EXP 	Target: autoDraw = False
136.9756 	EXP 	Target: autoDraw = False
136.9756 	EXP 	feedbackMsg: text = 'Correct Response!\n\nYou did not win or lose anything!'
136.9756 	EXP 	feedbackMsg: autoDraw = True
137.5206 	DATA 	Keypress: 5
138.3130 	DATA 	Keypress: 5
138.5204 	EXP 	New trial (rep=0, index=17): OrderedDict([('Condition', 'LgPun'), ('FixationDur', 1500)])
138.5591 	EXP 	feedbackMsg: autoDraw = False
138.5591 	EXP 	feedbackMsg: autoDraw = False
138.5591 	EXP 	cueImage: image = 'images/LoseBig.bmp'
138.5591 	EXP 	cueImage: autoDraw = True
139.1048 	DATA 	Keypress: 5
139.8553 	DATA 	Keypress: 5
140.5723 	EXP 	cueImage: autoDraw = False
140.5723 	EXP 	fixation: autoDraw = True
140.6474 	DATA 	Keypress: 5
141.4425 	DATA 	Keypress: 5
142.0802 	EXP 	fixation: autoDraw = False
142.0802 	EXP 	fixation: autoDraw = False
142.0802 	EXP 	Target: image = 'images/LoseProbe.bmp'
142.0802 	EXP 	Target: autoDraw = True
142.1878 	DATA 	Keypress: 5
142.4495 	DATA 	Keypress: 1
142.4772 	EXP 	Target: autoDraw = False
142.4772 	EXP 	Target: autoDraw = False
142.4772 	EXP 	feedbackMsg: text = 'You pressed too slow!\n\nYou lost $5.00!'
142.4772 	EXP 	feedbackMsg: autoDraw = True
142.9803 	DATA 	Keypress: 5
143.7720 	DATA 	Keypress: 5
144.0204 	EXP 	New trial (rep=0, index=18): OrderedDict([('Condition', 'LgReward'), ('FixationDur', 3500)])
144.0886 	EXP 	feedbackMsg: autoDraw = False
144.0886 	EXP 	feedbackMsg: autoDraw = False
144.0886 	EXP 	cueImage: image = 'images/WinBig.bmp'
144.0886 	EXP 	cueImage: autoDraw = True
144.5221 	DATA 	Keypress: 5
145.3135 	DATA 	Keypress: 5
146.0744 	EXP 	cueImage: autoDraw = False
146.0744 	EXP 	cueImage: autoDraw = False
146.0744 	EXP 	fixation: autoDraw = True
146.0784 	DATA 	Keypress: 5
146.8585 	DATA 	Keypress: 5
147.6489 	DATA 	Keypress: 5
148.4442 	DATA 	Keypress: 5
149.1924 	DATA 	Keypress: 5
149.5921 	EXP 	fixation: autoDraw = False
149.5921 	EXP 	fixation: autoDraw = False
149.5921 	EXP 	Target: image = 'images/WinProbe.bmp'
149.5921 	EXP 	Target: autoDraw = True
149.8983 	DATA 	Keypress: 1
149.9795 	EXP 	Target: autoDraw = False
149.9795 	EXP 	Target: autoDraw = False
149.9795 	EXP 	feedbackMsg: text = 'Correct Response!\n\nYou won $5.00!'
149.9795 	EXP 	feedbackMsg: autoDraw = True
149.9827 	DATA 	Keypress: 5
150.7769 	DATA 	Keypress: 5
151.5242 	EXP 	New trial (rep=0, index=19): OrderedDict([('Condition', 'LgReward'), ('FixationDur', 1500)])
151.5440 	DATA 	Keypress: 5
151.5640 	EXP 	feedbackMsg: autoDraw = False
151.5640 	EXP 	feedbackMsg: autoDraw = False
151.5640 	EXP 	cueImage: image = 'images/WinBig.bmp'
151.5640 	EXP 	cueImage: autoDraw = True
152.3147 	DATA 	Keypress: 5
153.1084 	DATA 	Keypress: 5
153.5754 	EXP 	cueImage: autoDraw = False
153.5754 	EXP 	cueImage: autoDraw = False
153.5754 	EXP 	fixation: autoDraw = True
153.8576 	DATA 	Keypress: 5
154.6523 	DATA 	Keypress: 5
155.0928 	EXP 	fixation: autoDraw = False
155.0928 	EXP 	fixation: autoDraw = False
155.0928 	EXP 	Target: image = 'images/WinProbe.bmp'
155.0928 	EXP 	Target: autoDraw = True
155.3992 	DATA 	Keypress: 1
155.4436 	DATA 	Keypress: 5
155.4797 	EXP 	Target: autoDraw = False
155.4797 	EXP 	Target: autoDraw = False
155.4797 	EXP 	feedbackMsg: text = 'Correct Response!\n\nYou won $5.00!'
155.4797 	EXP 	feedbackMsg: autoDraw = True
156.1929 	DATA 	Keypress: 5
156.9831 	DATA 	Keypress: 5
157.0236 	EXP 	New trial (rep=0, index=20): OrderedDict([('Condition', 'LgPun'), ('FixationDur', 3000)])
157.0607 	EXP 	feedbackMsg: autoDraw = False
157.0607 	EXP 	feedbackMsg: autoDraw = False
157.0607 	EXP 	cueImage: image = 'images/LoseBig.bmp'
157.0607 	EXP 	cueImage: autoDraw = True
157.7751 	DATA 	Keypress: 5
158.5243 	DATA 	Keypress: 5
159.0763 	EXP 	cueImage: autoDraw = False
159.0763 	EXP 	cueImage: autoDraw = False
159.0763 	EXP 	fixation: autoDraw = True
159.3182 	DATA 	Keypress: 5
160.1085 	DATA 	Keypress: 5
160.8600 	DATA 	Keypress: 5
161.6496 	DATA 	Keypress: 5
162.0794 	EXP 	fixation: autoDraw = False
162.0794 	EXP 	fixation: autoDraw = False
162.0794 	EXP 	Target: image = 'images/LoseProbe.bmp'
162.0794 	EXP 	Target: autoDraw = True
162.4097 	DATA 	Keypress: 1
162.4115 	DATA 	Keypress: 5
162.4360 	EXP 	Target: autoDraw = False
162.4360 	EXP 	Target: autoDraw = False
162.4360 	EXP 	feedbackMsg: text = 'You pressed too slow!\n\nYou lost $5.00!'
162.4360 	EXP 	feedbackMsg: autoDraw = True
163.1895 	DATA 	Keypress: 5
163.9798 	EXP 	New trial (rep=0, index=21): OrderedDict([('Condition', 'SmallPun'), ('FixationDur', 2000)])
163.9881 	DATA 	Keypress: 5
164.0196 	EXP 	feedbackMsg: autoDraw = False
164.0196 	EXP 	feedbackMsg: autoDraw = False
164.0196 	EXP 	cueImage: image = 'images/LoseSmall.bmp'
164.0196 	EXP 	cueImage: autoDraw = True
164.7719 	DATA 	Keypress: 5
165.5219 	DATA 	Keypress: 5
166.0298 	EXP 	cueImage: autoDraw = False
166.0298 	EXP 	fixation: autoDraw = True
166.3177 	DATA 	Keypress: 5
167.1092 	DATA 	Keypress: 5
167.8587 	DATA 	Keypress: 5
168.0438 	EXP 	fixation: autoDraw = False
168.0438 	EXP 	fixation: autoDraw = False
168.0438 	EXP 	Target: image = 'images/LoseProbe.bmp'
168.0438 	EXP 	Target: autoDraw = True
168.3658 	DATA 	Keypress: 1
168.3948 	EXP 	Target: autoDraw = False
168.3948 	EXP 	Target: autoDraw = False
168.3948 	EXP 	feedbackMsg: text = 'You pressed too slow!\n\nYou lost $0.20!'
168.3948 	EXP 	feedbackMsg: autoDraw = True
168.6492 	DATA 	Keypress: 5
169.4392 	DATA 	Keypress: 5
169.9380 	EXP 	New trial (rep=0, index=22): OrderedDict([('Condition', 'SmallReward'), ('FixationDur', 3500)])
169.9780 	EXP 	feedbackMsg: autoDraw = False
169.9780 	EXP 	feedbackMsg: autoDraw = False
169.9780 	EXP 	cueImage: image = 'images/WinSmall.bmp'
169.9780 	EXP 	cueImage: autoDraw = True
170.1895 	DATA 	Keypress: 5
170.9824 	DATA 	Keypress: 5
171.7743 	DATA 	Keypress: 5
171.9947 	EXP 	cueImage: autoDraw = False
171.9947 	EXP 	fixation: autoDraw = True
172.5252 	DATA 	Keypress: 5
173.3178 	DATA 	Keypress: 5
174.1072 	DATA 	Keypress: 5
174.8586 	DATA 	Keypress: 1
174.8608 	DATA 	Keypress: 5
175.4937 	DATA 	Keypress: 1
175.5114 	EXP 	fixation: autoDraw = False
175.5114 	EXP 	fixation: autoDraw = False
175.5114 	EXP 	Target: image = 'images/WinProbe.bmp'
175.5114 	EXP 	Target: autoDraw = True
175.6495 	DATA 	Keypress: 5
175.8568 	EXP 	Target: autoDraw = False
175.8568 	EXP 	Target: autoDraw = False
175.8568 	EXP 	feedbackMsg: text = 'You pressed too soon!\n\nYou did not win $0.20!'
175.8568 	EXP 	feedbackMsg: autoDraw = True
175.8610 	DATA 	Keypress: 1
176.4413 	DATA 	Keypress: 5
177.1918 	DATA 	Keypress: 5
177.3995 	EXP 	New trial (rep=0, index=23): OrderedDict([('Condition', 'LgReward'), ('FixationDur', 2500)])
177.4387 	EXP 	feedbackMsg: autoDraw = False
177.4387 	EXP 	feedbackMsg: autoDraw = False
177.4387 	EXP 	cueImage: image = 'images/WinBig.bmp'
177.4387 	EXP 	cueImage: autoDraw = True
177.9844 	DATA 	Keypress: 5
178.7736 	DATA 	Keypress: 5
179.4461 	EXP 	cueImage: autoDraw = False
179.4461 	EXP 	cueImage: autoDraw = False
179.4461 	EXP 	fixation: autoDraw = True
179.5269 	DATA 	Keypress: 5
180.3186 	DATA 	Keypress: 5
181.1089 	DATA 	Keypress: 5
181.9524 	DATA 	Keypress: 5
181.9700 	EXP 	fixation: autoDraw = False
181.9700 	EXP 	fixation: autoDraw = False
181.9700 	EXP 	Target: image = 'images/WinProbe.bmp'
181.9700 	EXP 	Target: autoDraw = True
182.3281 	DATA 	Keypress: 1
182.3553 	EXP 	Target: autoDraw = False
182.3553 	EXP 	Target: autoDraw = False
182.3553 	EXP 	feedbackMsg: text = 'You pressed too slow!\n\nYou did not win $5.00!'
182.3553 	EXP 	feedbackMsg: autoDraw = True
182.6526 	DATA 	Keypress: 5
183.4436 	DATA 	Keypress: 5
183.8572 	EXP 	New trial (rep=0, index=24): OrderedDict([('Condition', 'SmallReward'), ('FixationDur', 4000)])
183.8960 	EXP 	feedbackMsg: autoDraw = False
183.8960 	EXP 	feedbackMsg: autoDraw = False
183.8960 	EXP 	cueImage: image = 'images/WinSmall.bmp'
183.8960 	EXP 	cueImage: autoDraw = True
184.2343 	DATA 	Keypress: 5
184.9844 	DATA 	Keypress: 5
185.7748 	DATA 	Keypress: 5
185.9116 	EXP 	cueImage: autoDraw = False
185.9116 	EXP 	cueImage: autoDraw = False
185.9116 	EXP 	fixation: autoDraw = True
186.5645 	DATA 	Keypress: 5
187.3154 	DATA 	Keypress: 5
188.1072 	DATA 	Keypress: 5
188.8994 	DATA 	Keypress: 5
189.6509 	DATA 	Keypress: 5
189.9304 	EXP 	fixation: autoDraw = False
189.9304 	EXP 	fixation: autoDraw = False
189.9304 	EXP 	Target: image = 'images/WinProbe.bmp'
189.9304 	EXP 	Target: autoDraw = True
190.2338 	DATA 	Keypress: 1
190.3124 	EXP 	Target: autoDraw = False
190.3124 	EXP 	Target: autoDraw = False
190.3124 	EXP 	feedbackMsg: text = 'Correct Response!\n\nYou won $0.20!'
190.3124 	EXP 	feedbackMsg: autoDraw = True
190.4399 	DATA 	Keypress: 5
191.2337 	DATA 	Keypress: 5
191.8135 	EXP 	New trial (rep=0, index=25): OrderedDict([('Condition', 'SmallPun'), ('FixationDur', 4000)])
191.8542 	EXP 	feedbackMsg: autoDraw = False
191.8542 	EXP 	feedbackMsg: autoDraw = False
191.8542 	EXP 	cueImage: image = 'images/LoseSmall.bmp'
191.8542 	EXP 	cueImage: autoDraw = True
191.9818 	DATA 	Keypress: 5
192.7728 	DATA 	Keypress: 5
193.5684 	DATA 	Keypress: 5
193.8635 	EXP 	cueImage: autoDraw = False
193.8635 	EXP 	fixation: autoDraw = True
194.3198 	DATA 	Keypress: 5
195.1104 	DATA 	Keypress: 5
195.9013 	DATA 	Keypress: 5
196.6501 	DATA 	Keypress: 5
197.4438 	DATA 	Keypress: 5
197.8802 	EXP 	fixation: autoDraw = False
197.8802 	EXP 	fixation: autoDraw = False
197.8802 	EXP 	Target: image = 'images/LoseProbe.bmp'
197.8802 	EXP 	Target: autoDraw = True
198.1916 	DATA 	Keypress: 1
198.2445 	DATA 	Keypress: 5
198.2714 	EXP 	Target: autoDraw = False
198.2714 	EXP 	Target: autoDraw = False
198.2714 	EXP 	feedbackMsg: text = 'Correct Response!\n\nYou did not lose $0.20!'
198.2714 	EXP 	feedbackMsg: autoDraw = True
198.9830 	DATA 	Keypress: 5
199.7726 	EXP 	New trial (rep=0, index=26): OrderedDict([('Condition', 'LgReward'), ('FixationDur', 2000)])
199.7932 	DATA 	Keypress: 5
199.8121 	EXP 	feedbackMsg: autoDraw = False
199.8121 	EXP 	feedbackMsg: autoDraw = False
199.8121 	EXP 	cueImage: image = 'images/WinBig.bmp'
199.8121 	EXP 	cueImage: autoDraw = True
200.5654 	DATA 	Keypress: 5
201.3161 	DATA 	Keypress: 5
201.8315 	EXP 	cueImage: autoDraw = False
201.8315 	EXP 	fixation: autoDraw = True
202.1097 	DATA 	Keypress: 5
202.9029 	DATA 	Keypress: 5
203.6530 	DATA 	Keypress: 5
203.8481 	EXP 	fixation: autoDraw = False
203.8481 	EXP 	fixation: autoDraw = False
203.8481 	EXP 	Target: image = 'images/WinProbe.bmp'
203.8481 	EXP 	Target: autoDraw = True
204.1904 	DATA 	Keypress: 1
204.2717 	EXP 	Target: autoDraw = False
204.2717 	EXP 	Target: autoDraw = False
204.2717 	EXP 	feedbackMsg: text = 'Correct Response!\n\nYou won $5.00!'
204.2717 	EXP 	feedbackMsg: autoDraw = True
204.4421 	DATA 	Keypress: 5
205.2344 	DATA 	Keypress: 5
205.7731 	EXP 	New trial (rep=0, index=27): OrderedDict([('Condition', 'LgReward'), ('FixationDur', 3000)])
205.8133 	EXP 	feedbackMsg: autoDraw = False
205.8133 	EXP 	feedbackMsg: autoDraw = False
205.8133 	EXP 	cueImage: image = 'images/WinBig.bmp'
205.8133 	EXP 	cueImage: autoDraw = True
205.9831 	DATA 	Keypress: 5
206.7756 	DATA 	Keypress: 5
207.5669 	DATA 	Keypress: 5
207.8329 	EXP 	cueImage: autoDraw = False
207.8329 	EXP 	fixation: autoDraw = True
208.3210 	DATA 	Keypress: 5
209.1112 	DATA 	Keypress: 5
209.9021 	DATA 	Keypress: 5
210.6122 	DATA 	Keypress: 1
210.6531 	DATA 	Keypress: 5
210.8514 	EXP 	fixation: autoDraw = False
210.8514 	EXP 	fixation: autoDraw = False
210.8514 	EXP 	Target: image = 'images/WinProbe.bmp'
210.8514 	EXP 	Target: autoDraw = True
211.1931 	DATA 	Keypress: 1
211.2756 	EXP 	Target: autoDraw = False
211.2756 	EXP 	Target: autoDraw = False
211.2756 	EXP 	feedbackMsg: text = 'You pressed too soon!\n\nYou did not win $5.00!'
211.2756 	EXP 	feedbackMsg: autoDraw = True
211.4441 	DATA 	Keypress: 5
212.2363 	DATA 	Keypress: 5
212.7345 	EXP 	New trial (rep=0, index=28): OrderedDict([('Condition', 'Triangle'), ('FixationDur', 4000)])
212.7739 	EXP 	feedbackMsg: autoDraw = False
212.7739 	EXP 	feedbackMsg: autoDraw = False
212.7739 	EXP 	cueImage: image = 'images/Neutral.bmp'
212.7739 	EXP 	cueImage: autoDraw = True
212.9830 	DATA 	Keypress: 5
213.7779 	DATA 	Keypress: 5
214.5689 	DATA 	Keypress: 5
214.7835 	EXP 	cueImage: autoDraw = False
214.7835 	EXP 	cueImage: autoDraw = False
214.7835 	EXP 	fixation: autoDraw = True
215.3196 	DATA 	Keypress: 5
216.1101 	DATA 	Keypress: 5
216.9048 	DATA 	Keypress: 5
217.6543 	DATA 	Keypress: 5
218.4455 	DATA 	Keypress: 5
218.7906 	EXP 	fixation: autoDraw = False
218.7906 	EXP 	fixation: autoDraw = False
218.7906 	EXP 	Target: image = 'images/NeutralProbe.bmp'
218.7906 	EXP 	Target: autoDraw = True
219.1496 	DATA 	Keypress: 1
219.2297 	EXP 	Target: autoDraw = False
219.2297 	EXP 	Target: autoDraw = False
219.2297 	EXP 	feedbackMsg: text = 'Correct Response!\n\nYou did not win or lose anything!'
219.2297 	EXP 	feedbackMsg: autoDraw = True
219.2336 	DATA 	Keypress: 5
219.9838 	DATA 	Keypress: 5
220.6907 	EXP 	New trial (rep=0, index=29): OrderedDict([('Condition', 'LgPun'), ('FixationDur', 1500)])
220.7308 	EXP 	feedbackMsg: autoDraw = False
220.7308 	EXP 	feedbackMsg: autoDraw = False
220.7308 	EXP 	cueImage: image = 'images/LoseBig.bmp'
220.7308 	EXP 	cueImage: autoDraw = True
220.7764 	DATA 	Keypress: 5
221.5672 	DATA 	Keypress: 5
222.3188 	DATA 	Keypress: 5
222.7514 	EXP 	cueImage: autoDraw = False
222.7514 	EXP 	fixation: autoDraw = True
223.1103 	DATA 	Keypress: 5
223.9040 	DATA 	Keypress: 5
224.2510 	EXP 	fixation: autoDraw = False
224.2510 	EXP 	fixation: autoDraw = False
224.2510 	EXP 	Target: image = 'images/LoseProbe.bmp'
224.2510 	EXP 	Target: autoDraw = True
224.6106 	DATA 	Keypress: 1
224.6618 	DATA 	Keypress: 5
224.6887 	EXP 	Target: autoDraw = False
224.6887 	EXP 	Target: autoDraw = False
224.6887 	EXP 	feedbackMsg: text = 'Correct Response!\n\nYou did not lose $5.00!'
224.6887 	EXP 	feedbackMsg: autoDraw = True
225.4436 	DATA 	Keypress: 5
226.1909 	EXP 	New trial (rep=0, index=30): OrderedDict([('Condition', 'SmallReward'), ('FixationDur', 1500)])
226.2119 	DATA 	Keypress: 5
226.2297 	EXP 	feedbackMsg: autoDraw = False
226.2297 	EXP 	feedbackMsg: autoDraw = False
226.2297 	EXP 	cueImage: image = 'images/WinSmall.bmp'
226.2297 	EXP 	cueImage: autoDraw = True
227.0258 	DATA 	Keypress: 5
227.7783 	DATA 	Keypress: 5
228.2382 	EXP 	cueImage: autoDraw = False
228.2382 	EXP 	cueImage: autoDraw = False
228.2382 	EXP 	fixation: autoDraw = True
228.5710 	DATA 	Keypress: 5
229.3216 	DATA 	Keypress: 5
229.7681 	EXP 	fixation: autoDraw = False
229.7681 	EXP 	fixation: autoDraw = False
229.7681 	EXP 	Target: image = 'images/WinProbe.bmp'
229.7681 	EXP 	Target: autoDraw = True
230.1099 	DATA 	Keypress: 1
230.1125 	DATA 	Keypress: 5
230.1892 	EXP 	Target: autoDraw = False
230.1892 	EXP 	Target: autoDraw = False
230.1892 	EXP 	feedbackMsg: text = 'Correct Response!\n\nYou won $0.20!'
230.1892 	EXP 	feedbackMsg: autoDraw = True
230.9016 	DATA 	Keypress: 5
231.6903 	EXP 	New trial (rep=0, index=31): OrderedDict([('Condition', 'LgReward'), ('FixationDur', 1500)])
231.7096 	DATA 	Keypress: 5
231.7307 	EXP 	feedbackMsg: autoDraw = False
231.7307 	EXP 	feedbackMsg: autoDraw = False
231.7307 	EXP 	cueImage: image = 'images/WinBig.bmp'
231.7307 	EXP 	cueImage: autoDraw = True
232.4419 	DATA 	Keypress: 5
233.2344 	DATA 	Keypress: 5
233.7527 	EXP 	cueImage: autoDraw = False
233.7527 	EXP 	fixation: autoDraw = True
234.0305 	DATA 	Keypress: 5
234.7805 	DATA 	Keypress: 5
235.2677 	EXP 	fixation: autoDraw = False
235.2677 	EXP 	fixation: autoDraw = False
235.2677 	EXP 	Target: image = 'images/WinProbe.bmp'
235.2677 	EXP 	Target: autoDraw = True
235.5685 	DATA 	Keypress: 1
235.5707 	DATA 	Keypress: 5
235.6891 	EXP 	Target: autoDraw = False
235.6891 	EXP 	Target: autoDraw = False
235.6891 	EXP 	feedbackMsg: text = 'Correct Response!\n\nYou won $5.00!'
235.6891 	EXP 	feedbackMsg: autoDraw = True
236.3597 	DATA 	Keypress: 5
237.1090 	DATA 	Keypress: 5
237.1913 	EXP 	New trial (rep=0, index=32): OrderedDict([('Condition', 'LgReward'), ('FixationDur', 4000)])
237.2314 	EXP 	feedbackMsg: autoDraw = False
237.2314 	EXP 	feedbackMsg: autoDraw = False
237.2314 	EXP 	cueImage: image = 'images/WinBig.bmp'
237.2314 	EXP 	cueImage: autoDraw = True
237.9005 	DATA 	Keypress: 5
238.6958 	DATA 	Keypress: 5
239.2535 	EXP 	cueImage: autoDraw = False
239.2535 	EXP 	fixation: autoDraw = True
239.4454 	DATA 	Keypress: 5
240.2376 	DATA 	Keypress: 5
241.0320 	DATA 	Keypress: 5
241.7811 	DATA 	Keypress: 5
242.5710 	DATA 	Keypress: 5
243.2700 	EXP 	fixation: autoDraw = False
243.2700 	EXP 	fixation: autoDraw = False
243.2700 	EXP 	Target: image = 'images/WinProbe.bmp'
243.2700 	EXP 	Target: autoDraw = True
243.3611 	DATA 	Keypress: 5
243.5695 	DATA 	Keypress: 1
243.6900 	EXP 	Target: autoDraw = False
243.6900 	EXP 	Target: autoDraw = False
243.6900 	EXP 	feedbackMsg: text = 'Correct Response!\n\nYou won $5.00!'
243.6900 	EXP 	feedbackMsg: autoDraw = True
244.1090 	DATA 	Keypress: 5
244.9019 	DATA 	Keypress: 5
245.1917 	EXP 	New trial (rep=0, index=33): OrderedDict([('Condition', 'SmallPun'), ('FixationDur', 3500)])
245.2318 	EXP 	feedbackMsg: autoDraw = False
245.2318 	EXP 	feedbackMsg: autoDraw = False
245.2318 	EXP 	cueImage: image = 'images/LoseSmall.bmp'
245.2318 	EXP 	cueImage: autoDraw = True
245.6929 	DATA 	Keypress: 5
246.4444 	DATA 	Keypress: 5
247.2291 	DATA 	Keypress: 5
247.2545 	EXP 	cueImage: autoDraw = False
247.2545 	EXP 	cueImage: autoDraw = False
247.2545 	EXP 	fixation: autoDraw = True
248.0312 	DATA 	Keypress: 5
248.7792 	DATA 	Keypress: 5
249.5706 	DATA 	Keypress: 5
250.3645 	DATA 	Keypress: 5
250.7546 	EXP 	fixation: autoDraw = False
250.7546 	EXP 	fixation: autoDraw = False
250.7546 	EXP 	Target: image = 'images/LoseProbe.bmp'
250.7546 	EXP 	Target: autoDraw = True
251.1205 	DATA 	Keypress: 1
251.1225 	DATA 	Keypress: 5
251.1480 	EXP 	Target: autoDraw = False
251.1480 	EXP 	Target: autoDraw = False
251.1480 	EXP 	feedbackMsg: text = 'You pressed too slow!\n\nYou lost $0.20!'
251.1480 	EXP 	feedbackMsg: autoDraw = True
251.9015 	DATA 	Keypress: 5
252.6920 	EXP 	New trial (rep=0, index=34): OrderedDict([('Condition', 'Triangle'), ('FixationDur', 1500)])
252.7000 	DATA 	Keypress: 5
252.7319 	EXP 	feedbackMsg: autoDraw = False
252.7319 	EXP 	feedbackMsg: autoDraw = False
252.7319 	EXP 	cueImage: image = 'images/Neutral.bmp'
252.7319 	EXP 	cueImage: autoDraw = True
253.4433 	DATA 	Keypress: 5
254.2364 	DATA 	Keypress: 5
254.7405 	EXP 	cueImage: autoDraw = False
254.7405 	EXP 	cueImage: autoDraw = False
254.7405 	EXP 	fixation: autoDraw = True
255.0302 	DATA 	Keypress: 5
255.7810 	DATA 	Keypress: 5
256.2555 	EXP 	fixation: autoDraw = False
256.2555 	EXP 	fixation: autoDraw = False
256.2555 	EXP 	Target: image = 'images/NeutralProbe.bmp'
256.2555 	EXP 	Target: autoDraw = True
256.5684 	DATA 	Keypress: 5
256.5701 	DATA 	Keypress: 1
256.6487 	EXP 	Target: autoDraw = False
256.6487 	EXP 	Target: autoDraw = False
256.6487 	EXP 	feedbackMsg: text = 'Correct Response!\n\nYou did not win or lose anything!'
256.6487 	EXP 	feedbackMsg: autoDraw = True
257.3594 	DATA 	Keypress: 5
258.1102 	DATA 	Keypress: 5
258.1916 	EXP 	New trial (rep=0, index=35): OrderedDict([('Condition', 'Triangle'), ('FixationDur', 2000)])
258.2323 	EXP 	feedbackMsg: autoDraw = False
258.2323 	EXP 	feedbackMsg: autoDraw = False
258.2323 	EXP 	cueImage: image = 'images/Neutral.bmp'
258.2323 	EXP 	cueImage: autoDraw = True
258.9028 	DATA 	Keypress: 5
259.6935 	DATA 	Keypress: 5
260.2407 	EXP 	cueImage: autoDraw = False
260.2407 	EXP 	cueImage: autoDraw = False
260.2407 	EXP 	fixation: autoDraw = True
260.4496 	DATA 	Keypress: 5
261.2390 	DATA 	Keypress: 5
262.0303 	DATA 	Keypress: 5
262.2565 	EXP 	fixation: autoDraw = False
262.2565 	EXP 	fixation: autoDraw = False
262.2565 	EXP 	Target: image = 'images/NeutralProbe.bmp'
262.2565 	EXP 	Target: autoDraw = True
262.5686 	DATA 	Keypress: 1
262.6487 	EXP 	Target: autoDraw = False
262.6487 	EXP 	Target: autoDraw = False
262.6487 	EXP 	feedbackMsg: text = 'Correct Response!\n\nYou did not win or lose anything!'
262.6487 	EXP 	feedbackMsg: autoDraw = True
262.7774 	DATA 	Keypress: 5
263.5704 	DATA 	Keypress: 5
264.1913 	EXP 	New trial (rep=0, index=36): OrderedDict([('Condition', 'SmallPun'), ('FixationDur', 2000)])
264.2314 	EXP 	feedbackMsg: autoDraw = False
264.2314 	EXP 	feedbackMsg: autoDraw = False
264.2314 	EXP 	cueImage: image = 'images/LoseSmall.bmp'
264.2314 	EXP 	cueImage: autoDraw = True
264.3596 	DATA 	Keypress: 5
265.1105 	DATA 	Keypress: 5
265.9033 	DATA 	Keypress: 5
266.2405 	EXP 	cueImage: autoDraw = False
266.2405 	EXP 	fixation: autoDraw = True
266.6989 	DATA 	Keypress: 5
267.4479 	DATA 	Keypress: 5
268.2388 	DATA 	Keypress: 5
268.2574 	EXP 	fixation: autoDraw = False
268.2574 	EXP 	fixation: autoDraw = False
268.2574 	EXP 	Target: image = 'images/LoseProbe.bmp'
268.2574 	EXP 	Target: autoDraw = True
268.5705 	DATA 	Keypress: 1
268.6490 	EXP 	Target: autoDraw = False
268.6490 	EXP 	Target: autoDraw = False
268.6490 	EXP 	feedbackMsg: text = 'Correct Response!\n\nYou did not lose $0.20!'
268.6490 	EXP 	feedbackMsg: autoDraw = True
269.0273 	DATA 	Keypress: 5
269.7772 	DATA 	Keypress: 5
270.1921 	EXP 	New trial (rep=0, index=37): OrderedDict([('Condition', 'LgPun'), ('FixationDur', 1500)])
270.2327 	EXP 	feedbackMsg: autoDraw = False
270.2327 	EXP 	feedbackMsg: autoDraw = False
270.2327 	EXP 	cueImage: image = 'images/LoseBig.bmp'
270.2327 	EXP 	cueImage: autoDraw = True
270.5692 	DATA 	Keypress: 5
271.3617 	DATA 	Keypress: 5
272.1117 	DATA 	Keypress: 5
272.2468 	EXP 	cueImage: autoDraw = False
272.2468 	EXP 	cueImage: autoDraw = False
272.2468 	EXP 	fixation: autoDraw = True
272.9035 	DATA 	Keypress: 5
273.7372 	DATA 	Keypress: 5
273.7580 	EXP 	fixation: autoDraw = False
273.7580 	EXP 	fixation: autoDraw = False
273.7580 	EXP 	Target: image = 'images/LoseProbe.bmp'
273.7580 	EXP 	Target: autoDraw = True
274.0695 	DATA 	Keypress: 1
274.1496 	EXP 	Target: autoDraw = False
274.1496 	EXP 	Target: autoDraw = False
274.1496 	EXP 	feedbackMsg: text = 'Correct Response!\n\nYou did not lose $5.00!'
274.1496 	EXP 	feedbackMsg: autoDraw = True
274.4859 	DATA 	Keypress: 5
275.2375 	DATA 	Keypress: 5
275.6929 	EXP 	New trial (rep=0, index=38): OrderedDict([('Condition', 'LgPun'), ('FixationDur', 3500)])
275.7330 	EXP 	feedbackMsg: autoDraw = False
275.7330 	EXP 	feedbackMsg: autoDraw = False
275.7330 	EXP 	cueImage: image = 'images/LoseBig.bmp'
275.7330 	EXP 	cueImage: autoDraw = True
276.0277 	DATA 	Keypress: 5
276.8190 	DATA 	Keypress: 5
277.5699 	DATA 	Keypress: 5
277.7384 	EXP 	cueImage: autoDraw = False
277.7384 	EXP 	cueImage: autoDraw = False
277.7384 	EXP 	fixation: autoDraw = True
278.3638 	DATA 	Keypress: 5
279.1138 	DATA 	Keypress: 5
279.9049 	DATA 	Keypress: 5
280.6990 	DATA 	Keypress: 5
281.2585 	EXP 	fixation: autoDraw = False
281.2585 	EXP 	fixation: autoDraw = False
281.2585 	EXP 	Target: image = 'images/LoseProbe.bmp'
281.2585 	EXP 	Target: autoDraw = True
281.4862 	DATA 	Keypress: 5
281.5830 	DATA 	Keypress: 1
281.6079 	EXP 	Target: autoDraw = False
281.6079 	EXP 	Target: autoDraw = False
281.6079 	EXP 	feedbackMsg: text = 'You pressed too slow!\n\nYou lost $5.00!'
281.6079 	EXP 	feedbackMsg: autoDraw = True
282.2373 	DATA 	Keypress: 5
283.0289 	DATA 	Keypress: 5
283.1509 	EXP 	New trial (rep=0, index=39): OrderedDict([('Condition', 'SmallPun'), ('FixationDur', 3000)])
283.1917 	EXP 	feedbackMsg: autoDraw = False
283.1917 	EXP 	feedbackMsg: autoDraw = False
283.1917 	EXP 	cueImage: image = 'images/LoseSmall.bmp'
283.1917 	EXP 	cueImage: autoDraw = True
283.8200 	DATA 	Keypress: 5
284.5689 	DATA 	Keypress: 5
285.2095 	EXP 	cueImage: autoDraw = False
285.2095 	EXP 	fixation: autoDraw = True
285.3644 	DATA 	Keypress: 5
286.1545 	DATA 	Keypress: 5
286.9056 	DATA 	Keypress: 5
287.6992 	DATA 	Keypress: 5
288.2086 	EXP 	fixation: autoDraw = False
288.2086 	EXP 	fixation: autoDraw = False
288.2086 	EXP 	Target: image = 'images/LoseProbe.bmp'
288.2086 	EXP 	Target: autoDraw = True
288.4873 	DATA 	Keypress: 5
288.5705 	EXP 	Target: autoDraw = False
288.5705 	EXP 	Target: autoDraw = False
288.5705 	EXP 	feedbackMsg: text = 'You pressed too slow!\n\nYou lost $0.20!'
288.5705 	EXP 	feedbackMsg: autoDraw = True
288.5739 	DATA 	Keypress: 1
289.2387 	DATA 	Keypress: 5
290.0304 	DATA 	Keypress: 5
290.1140 	EXP 	New trial (rep=0, index=40): OrderedDict([('Condition', 'LgReward'), ('FixationDur', 2000)])
290.1524 	EXP 	feedbackMsg: autoDraw = False
290.1524 	EXP 	feedbackMsg: autoDraw = False
290.1524 	EXP 	cueImage: image = 'images/WinBig.bmp'
290.1524 	EXP 	cueImage: autoDraw = True
290.8209 	DATA 	Keypress: 5
291.5714 	DATA 	Keypress: 5
292.1602 	EXP 	cueImage: autoDraw = False
292.1602 	EXP 	cueImage: autoDraw = False
292.1602 	EXP 	fixation: autoDraw = True
292.3656 	DATA 	Keypress: 5
293.1567 	DATA 	Keypress: 5
293.9055 	DATA 	Keypress: 5
294.1807 	EXP 	fixation: autoDraw = False
294.1807 	EXP 	fixation: autoDraw = False
294.1807 	EXP 	Target: image = 'images/WinProbe.bmp'
294.1807 	EXP 	Target: autoDraw = True
294.5269 	EXP 	Target: autoDraw = False
294.5269 	EXP 	Target: autoDraw = False
294.5269 	EXP 	feedbackMsg: text = 'You pressed too slow!\n\nYou did not win $5.00!'
294.5269 	EXP 	feedbackMsg: autoDraw = True
294.5302 	DATA 	Keypress: 1
294.6994 	DATA 	Keypress: 5
295.4906 	DATA 	Keypress: 5
296.0726 	EXP 	New trial (rep=0, index=41): OrderedDict([('Condition', 'SmallPun'), ('FixationDur', 1500)])
296.1090 	EXP 	feedbackMsg: autoDraw = False
296.1090 	EXP 	feedbackMsg: autoDraw = False
296.1090 	EXP 	cueImage: image = 'images/LoseSmall.bmp'
296.1090 	EXP 	cueImage: autoDraw = True
296.2362 	DATA 	Keypress: 5
297.0299 	DATA 	Keypress: 5
297.8222 	DATA 	Keypress: 5
298.1271 	EXP 	cueImage: autoDraw = False
298.1271 	EXP 	cueImage: autoDraw = False
298.1271 	EXP 	fixation: autoDraw = True
298.5729 	DATA 	Keypress: 5
299.3648 	DATA 	Keypress: 5
299.6279 	EXP 	fixation: autoDraw = False
299.6279 	EXP 	fixation: autoDraw = False
299.6279 	EXP 	Target: image = 'images/LoseProbe.bmp'
299.6279 	EXP 	Target: autoDraw = True
299.9980 	DATA 	Keypress: 1
300.0259 	EXP 	Target: autoDraw = False
300.0259 	EXP 	Target: autoDraw = False
300.0259 	EXP 	feedbackMsg: text = 'You pressed too slow!\n\nYou lost $0.20!'
300.0259 	EXP 	feedbackMsg: autoDraw = True
300.1549 	DATA 	Keypress: 5
300.9050 	DATA 	Keypress: 5
301.5275 	EXP 	New trial (rep=0, index=42): OrderedDict([('Condition', 'SmallReward'), ('FixationDur', 1500)])
301.5674 	EXP 	feedbackMsg: autoDraw = False
301.5674 	EXP 	feedbackMsg: autoDraw = False
301.5674 	EXP 	cueImage: image = 'images/WinSmall.bmp'
301.5674 	EXP 	cueImage: autoDraw = True
301.6957 	DATA 	Keypress: 5
302.4887 	DATA 	Keypress: 5
303.2391 	DATA 	Keypress: 5
303.5791 	EXP 	cueImage: autoDraw = False
303.5791 	EXP 	fixation: autoDraw = True
304.0308 	DATA 	Keypress: 5
304.8254 	DATA 	Keypress: 5
305.0975 	EXP 	fixation: autoDraw = False
305.0975 	EXP 	fixation: autoDraw = False
305.0975 	EXP 	Target: image = 'images/WinProbe.bmp'
305.0975 	EXP 	Target: autoDraw = True
305.4563 	DATA 	Keypress: 1
305.4882 	EXP 	Target: autoDraw = False
305.4882 	EXP 	Target: autoDraw = False
305.4882 	EXP 	feedbackMsg: text = 'You pressed too slow!\n\nYou did not win $0.20!'
305.4882 	EXP 	feedbackMsg: autoDraw = True
305.5735 	DATA 	Keypress: 5
306.3666 	DATA 	Keypress: 5
306.9898 	EXP 	New trial (rep=0, index=43): OrderedDict([('Condition', 'SmallReward'), ('FixationDur', 1500)])
307.0283 	EXP 	feedbackMsg: autoDraw = False
307.0283 	EXP 	feedbackMsg: autoDraw = False
307.0283 	EXP 	cueImage: image = 'images/WinSmall.bmp'
307.0283 	EXP 	cueImage: autoDraw = True
307.1566 	DATA 	Keypress: 5
307.9061 	DATA 	Keypress: 5
308.6980 	DATA 	Keypress: 5
309.0457 	EXP 	cueImage: autoDraw = False
309.0457 	EXP 	cueImage: autoDraw = False
309.0457 	EXP 	fixation: autoDraw = True
309.4904 	DATA 	Keypress: 5
310.2407 	DATA 	Keypress: 5
310.5615 	EXP 	fixation: autoDraw = False
310.5615 	EXP 	fixation: autoDraw = False
310.5615 	EXP 	Target: image = 'images/WinProbe.bmp'
310.5615 	EXP 	Target: autoDraw = True
310.9426 	EXP 	Target: autoDraw = False
310.9426 	EXP 	Target: autoDraw = False
310.9426 	EXP 	feedbackMsg: text = 'You pressed too slow!\n\nYou did not win $0.20!'
310.9426 	EXP 	feedbackMsg: autoDraw = True
310.9470 	DATA 	Keypress: 1
311.0303 	DATA 	Keypress: 5
311.8223 	DATA 	Keypress: 5
312.4434 	EXP 	New trial (rep=0, index=44): OrderedDict([('Condition', 'LgReward'), ('FixationDur', 1500)])
312.4849 	EXP 	feedbackMsg: autoDraw = False
312.4849 	EXP 	feedbackMsg: autoDraw = False
312.4849 	EXP 	cueImage: image = 'images/WinBig.bmp'
312.4849 	EXP 	cueImage: autoDraw = True
312.5708 	DATA 	Keypress: 5
313.3639 	DATA 	Keypress: 5
314.1536 	DATA 	Keypress: 5
314.4963 	EXP 	cueImage: autoDraw = False
314.4963 	EXP 	fixation: autoDraw = True
314.9075 	DATA 	Keypress: 5
315.6985 	DATA 	Keypress: 5
316.0143 	EXP 	fixation: autoDraw = False
316.0143 	EXP 	fixation: autoDraw = False
316.0143 	EXP 	Target: image = 'images/WinProbe.bmp'
316.0143 	EXP 	Target: autoDraw = True
316.3240 	DATA 	Keypress: 1
316.4863 	EXP 	Target: autoDraw = False
316.4863 	EXP 	Target: autoDraw = False
316.4863 	EXP 	feedbackMsg: text = 'Correct Response!\n\nYou won $5.00!'
316.4863 	EXP 	feedbackMsg: autoDraw = True
316.4896 	DATA 	Keypress: 5
317.2400 	DATA 	Keypress: 5
317.9478 	EXP 	New trial (rep=0, index=45): OrderedDict([('Condition', 'Triangle'), ('FixationDur', 1500)])
317.9870 	EXP 	feedbackMsg: autoDraw = False
317.9870 	EXP 	feedbackMsg: autoDraw = False
317.9870 	EXP 	cueImage: image = 'images/Neutral.bmp'
317.9870 	EXP 	cueImage: autoDraw = True
318.0323 	DATA 	Keypress: 5
318.8207 	DATA 	Keypress: 5
319.5714 	DATA 	Keypress: 5
319.9976 	EXP 	cueImage: autoDraw = False
319.9976 	EXP 	cueImage: autoDraw = False
319.9976 	EXP 	fixation: autoDraw = True
320.3666 	DATA 	Keypress: 5
321.1582 	DATA 	Keypress: 5
321.5035 	EXP 	fixation: autoDraw = False
321.5035 	EXP 	fixation: autoDraw = False
321.5035 	EXP 	Target: image = 'images/NeutralProbe.bmp'
321.5035 	EXP 	Target: autoDraw = True
321.9057 	DATA 	Keypress: 5
321.9852 	EXP 	Target: autoDraw = False
321.9852 	EXP 	Target: autoDraw = False
321.9852 	EXP 	feedbackMsg: text = 'You pressed too slow!\n\nYou did not win or lose anything!'
321.9852 	EXP 	feedbackMsg: autoDraw = True
322.1140 	DATA 	Keypress: 1
322.6978 	DATA 	Keypress: 5
323.4452 	EXP 	New trial (rep=0, index=46): OrderedDict([('Condition', 'SmallPun'), ('FixationDur', 1500)])
323.4839 	EXP 	feedbackMsg: autoDraw = False
323.4839 	EXP 	feedbackMsg: autoDraw = False
323.4839 	EXP 	cueImage: image = 'images/LoseSmall.bmp'
323.4839 	EXP 	cueImage: autoDraw = True
323.4870 	DATA 	Keypress: 5
324.2811 	DATA 	Keypress: 5
325.0318 	DATA 	Keypress: 5
325.4981 	EXP 	cueImage: autoDraw = False
325.4981 	EXP 	cueImage: autoDraw = False
325.4981 	EXP 	fixation: autoDraw = True
325.8266 	DATA 	Keypress: 5
326.5763 	DATA 	Keypress: 5
327.0045 	EXP 	fixation: autoDraw = False
327.0045 	EXP 	fixation: autoDraw = False
327.0045 	EXP 	Target: image = 'images/LoseProbe.bmp'
327.0045 	EXP 	Target: autoDraw = True
327.3648 	DATA 	Keypress: 1
327.3672 	DATA 	Keypress: 5
327.4853 	EXP 	Target: autoDraw = False
327.4853 	EXP 	Target: autoDraw = False
327.4853 	EXP 	feedbackMsg: text = 'Correct Response!\n\nYou did not lose $0.20!'
327.4853 	EXP 	feedbackMsg: autoDraw = True
328.1549 	DATA 	Keypress: 5
328.9452 	EXP 	New trial (rep=0, index=47): OrderedDict([('Condition', 'SmallPun'), ('FixationDur', 2500)])
328.9534 	DATA 	Keypress: 5
328.9853 	EXP 	feedbackMsg: autoDraw = False
328.9853 	EXP 	feedbackMsg: autoDraw = False
328.9853 	EXP 	cueImage: image = 'images/LoseSmall.bmp'
328.9853 	EXP 	cueImage: autoDraw = True
329.6970 	DATA 	Keypress: 5
330.4909 	DATA 	Keypress: 5
330.9986 	EXP 	cueImage: autoDraw = False
330.9986 	EXP 	cueImage: autoDraw = False
330.9986 	EXP 	fixation: autoDraw = True
331.2837 	DATA 	Keypress: 5
332.0343 	DATA 	Keypress: 5
332.8253 	DATA 	Keypress: 5
333.5042 	EXP 	fixation: autoDraw = False
333.5042 	EXP 	fixation: autoDraw = False
333.5042 	EXP 	Target: image = 'images/LoseProbe.bmp'
333.5042 	EXP 	Target: autoDraw = True
333.6150 	DATA 	Keypress: 5
333.8238 	DATA 	Keypress: 1
333.9855 	EXP 	Target: autoDraw = False
333.9855 	EXP 	Target: autoDraw = False
333.9855 	EXP 	feedbackMsg: text = 'Correct Response!\n\nYou did not lose $0.20!'
333.9855 	EXP 	feedbackMsg: autoDraw = True
334.3634 	DATA 	Keypress: 5
335.1548 	DATA 	Keypress: 5
335.4454 	EXP 	New trial (rep=0, index=48): OrderedDict([('Condition', 'Triangle'), ('FixationDur', 3000)])
335.4854 	EXP 	feedbackMsg: autoDraw = False
335.4854 	EXP 	feedbackMsg: autoDraw = False
335.4854 	EXP 	cueImage: image = 'images/Neutral.bmp'
335.4854 	EXP 	cueImage: autoDraw = True
335.9463 	DATA 	Keypress: 5
336.6977 	DATA 	Keypress: 5
337.4832 	DATA 	Keypress: 5
337.4988 	EXP 	cueImage: autoDraw = False
337.4988 	EXP 	cueImage: autoDraw = False
337.4988 	EXP 	fixation: autoDraw = True
338.2840 	DATA 	Keypress: 5
339.0321 	DATA 	Keypress: 5
339.8250 	DATA 	Keypress: 5
340.5036 	EXP 	fixation: autoDraw = False
340.5036 	EXP 	fixation: autoDraw = False
340.5036 	EXP 	Target: image = 'images/NeutralProbe.bmp'
340.5036 	EXP 	Target: autoDraw = True
340.6136 	DATA 	Keypress: 5
340.8216 	DATA 	Keypress: 1
340.9853 	EXP 	Target: autoDraw = False
340.9853 	EXP 	Target: autoDraw = False
340.9853 	EXP 	feedbackMsg: text = 'Correct Response!\n\nYou did not win or lose anything!'
340.9853 	EXP 	feedbackMsg: autoDraw = True
341.3640 	DATA 	Keypress: 5
342.1551 	DATA 	Keypress: 5
342.4454 	EXP 	New trial (rep=0, index=49): OrderedDict([('Condition', 'SmallReward'), ('FixationDur', 2000)])
342.4852 	EXP 	feedbackMsg: autoDraw = False
342.4852 	EXP 	feedbackMsg: autoDraw = False
342.4852 	EXP 	cueImage: image = 'images/WinSmall.bmp'
342.4852 	EXP 	cueImage: autoDraw = True
342.9486 	DATA 	Keypress: 5
343.6963 	DATA 	Keypress: 5
344.4842 	DATA 	Keypress: 5
344.4995 	EXP 	cueImage: autoDraw = False
344.4995 	EXP 	cueImage: autoDraw = False
344.4995 	EXP 	fixation: autoDraw = True
345.2840 	DATA 	Keypress: 5
346.0341 	DATA 	Keypress: 5
346.5171 	EXP 	fixation: autoDraw = False
346.5171 	EXP 	fixation: autoDraw = False
346.5171 	EXP 	Target: image = 'images/WinProbe.bmp'
346.5171 	EXP 	Target: autoDraw = True
346.8243 	DATA 	Keypress: 5
346.8261 	DATA 	Keypress: 1
346.9880 	EXP 	Target: autoDraw = False
346.9880 	EXP 	Target: autoDraw = False
346.9880 	EXP 	feedbackMsg: text = 'Correct Response!\n\nYou won $0.20!'
346.9880 	EXP 	feedbackMsg: autoDraw = True
347.6175 	DATA 	Keypress: 5
348.3668 	DATA 	Keypress: 5
348.4890 	EXP 	feedbackMsg: autoDraw = False
348.4890 	EXP 	feedbackMsg: autoDraw = False
348.4890 	EXP 	polygon: autoDraw = True
349.1572 	DATA 	Keypress: 5
349.9503 	DATA 	Keypress: 5
350.7018 	DATA 	Keypress: 5
351.4924 	DATA 	Keypress: 5
352.2841 	DATA 	Keypress: 5
353.0338 	DATA 	Keypress: 5
353.4901 	EXP 	polygon: autoDraw = False
353.4901 	EXP 	polygon: autoDraw = False
353.4901 	EXP 	text: text = 'All done!\n\nYou earned a total of: $1.00'
353.4901 	EXP 	text: autoDraw = True
353.8251 	DATA 	Keypress: 5
353.9106 	DATA 	Keypress: 1
354.6187 	DATA 	Keypress: 5
355.3699 	DATA 	Keypress: 5
356.1590 	DATA 	Keypress: 5
356.4905 	EXP 	text: autoDraw = False
356.4905 	EXP 	text: autoDraw = False
356.7863 	EXP 	window1: mouseVisible = True
