12.6085 	EXP 	Created window1 = Window(allowGUI=False, allowStencil=False, args=UNKNOWN, autoLog=True, bitsMode=UNKNOWN, blendMode='avg', color=array([0., 0., 0.]), colorSpace='rgb', fullscr=<method-wrapper '__getattribute__' of attributeSetter object at 0x1344bbbe0>, gamma=None, kwargs=UNKNOWN, lms=UNKNOWN, monitor=<psychopy.monitors.calibTools.Monitor object at 0x134856e80>, multiSample=False, name='window1', numSamples=2, pos=[0.0, 0.0], screen=0, size=array([1920, 1080]), stereo=False, units='height', useFBO=True, useRetina=False, viewOri=0.0, viewPos=None, viewScale=None, waitBlanking=True, winType='pyglet')
12.6086 	EXP 	window1: recordFrameIntervals = False
12.7760 	EXP 	window1: recordFrameIntervals = True
12.9593 	EXP 	window1: recordFrameIntervals = False
12.9594 	EXP 	window1: recordFrameIntervals = False
13.1243 	EXP 	window1: recordFrameIntervals = True
13.3079 	EXP 	window1: recordFrameIntervals = False
13.7630 	EXP 	Created preinstruct_text = TextStim(__class__=<class 'psychopy.visual.text.TextStim'>, alignHoriz='center', alignVert='center', antialias=True, autoLog=True, bold=False, color='white', colorSpace='named', contrast=1.0, depth=0.0, flipHoriz=False, flipVert=False, font='Arial', fontFiles=[], height=0.05, italic=False, languageStyle='LTR', name='preinstruct_text', opacity=1.0, ori=0, pos=array([0., 0.]), rgb=array([255., 255., 255.]), text='Money Task - Scanner 2', units='height', win=Window(...), wrapWidth=1)
13.8070 	EXP 	Created instructFig = ImageStim(__class__=<class 'psychopy.visual.image.ImageStim'>, autoLog=True, color=array([1., 1., 1.]), colorSpace='rgb', contrast=1.0, depth=0.0, flipHoriz=False, flipVert=False, image='images/MID_instructions.bmp', interpolate=True, mask=None, maskParams=None, name='instructFig', opacity=1.0, ori=0.0, pos=array([0., 0.]), size=array([1.3, 1. ]), texRes=128, units='height', win=Window(...))
13.8086 	EXP 	Created PrepFixation = ShapeStim(__class__=<class 'psychopy.visual.shape.ShapeStim'>, autoDraw=False, autoLog=True, closeShape=True, contrast=1.0, depth=0.0, fillColor=array([1., 1., 1.]), fillColorSpace='rgb', interpolate=True, lineColor=array([1., 1., 1.]), lineColorSpace='rgb', lineWidth=1, name='PrepFixation', opacity=1.0, ori=array(0.), pos=array([0., 0.]), size=array([0.05, 0.05]), units='height', vertices=ndarray(...), win=Window(...), windingRule=None)
13.8102 	EXP 	Created cueImage = ImageStim(__class__=<class 'psychopy.visual.image.ImageStim'>, autoLog=True, color=array([1., 1., 1.]), colorSpace='rgb', contrast=1.0, depth=0.0, flipHoriz=False, flipVert=False, image='sin', interpolate=True, mask=None, maskParams=None, name='cueImage', opacity=1.0, ori=0.0, pos=array([0., 0.]), size=array([1.3, 1. ]), texRes=128, units='height', win=Window(...))
13.8117 	EXP 	Created fixation = ShapeStim(__class__=<class 'psychopy.visual.shape.ShapeStim'>, autoDraw=False, autoLog=True, closeShape=True, contrast=1.0, depth=-1.0, fillColor=array([1., 1., 1.]), fillColorSpace='rgb', interpolate=True, lineColor=array([1., 1., 1.]), lineColorSpace='rgb', lineWidth=1, name='fixation', opacity=1.0, ori=array(0.), pos=array([0., 0.]), size=array([0.05, 0.05]), units='height', vertices=ndarray(...), win=Window(...), windingRule=None)
13.8133 	EXP 	Created Target = ImageStim(__class__=<class 'psychopy.visual.image.ImageStim'>, autoLog=True, color=array([1., 1., 1.]), colorSpace='rgb', contrast=1.0, depth=-1.0, flipHoriz=False, flipVert=False, image='sin', interpolate=True, mask=None, maskParams=None, name='Target', opacity=1.0, ori=0.0, pos=array([0., 0.]), size=array([1.3, 1. ]), texRes=128, units='height', win=Window(...))
13.8227 	EXP 	Created feedbackMsg = TextStim(__class__=<class 'psychopy.visual.text.TextStim'>, alignHoriz='center', alignVert='center', antialias=True, autoLog=True, bold=False, color='white', colorSpace='named', contrast=1.0, depth=-2.0, flipHoriz=False, flipVert=False, font='Arial', fontFiles=[], height=0.05, italic=False, languageStyle='LTR', name='feedbackMsg', opacity=1.0, ori=0, pos=array([0., 0.]), rgb=array([255., 255., 255.]), text='default text', units='height', win=Window(...), wrapWidth=2)
13.8241 	EXP 	Created polygon = ShapeStim(__class__=<class 'psychopy.visual.shape.ShapeStim'>, autoDraw=False, autoLog=True, closeShape=True, contrast=1.0, depth=0.0, fillColor=array([1., 1., 1.]), fillColorSpace='rgb', interpolate=True, lineColor=array([1., 1., 1.]), lineColorSpace='rgb', lineWidth=1, name='polygon', opacity=1.0, ori=array(0.), pos=array([0., 0.]), size=array([0.05, 0.05]), units='height', vertices=ndarray(...), win=Window(...), windingRule=None)
13.8308 	EXP 	Created text = TextStim(__class__=<class 'psychopy.visual.text.TextStim'>, alignHoriz='center', alignVert='center', antialias=True, autoLog=True, bold=False, color='white', colorSpace='named', contrast=1.0, depth=-1.0, flipHoriz=False, flipVert=False, font='Arial', fontFiles=[], height=0.07, italic=False, languageStyle='LTR', name='text', opacity=1.0, ori=0, pos=array([0., 0.]), rgb=array([255., 255., 255.]), text='default text', units='height', win=Window(...), wrapWidth=1)
13.8322 	EXP 	Created polygon2 = ShapeStim(__class__=<class 'psychopy.visual.shape.ShapeStim'>, autoDraw=False, autoLog=True, closeShape=True, contrast=1.0, depth=0.0, fillColor=array([1., 1., 1.]), fillColorSpace='rgb', interpolate=True, lineColor=array([1., 1., 1.]), lineColorSpace='rgb', lineWidth=1, name='polygon2', opacity=1.0, ori=array(0.), pos=array([0., 0.]), size=array([0.05, 0.05]), units='height', vertices=ndarray(...), win=Window(...), windingRule=None)
13.8422 	EXP 	preinstruct_text: autoDraw = True
15.8844 	EXP 	preinstruct_text: autoDraw = False
15.8844 	EXP 	instructFig: autoDraw = True
34.6891 	DATA 	Keypress: 5
34.6935 	EXP 	instructFig: autoDraw = False
34.6935 	EXP 	PrepFixation: autoDraw = True
35.4647 	DATA 	Keypress: 5
36.2465 	DATA 	Keypress: 5
36.6886 	EXP 	Imported TimeVersion2.csv as conditions, 50 conditions, 2 params
36.6890 	EXP 	Created sequence: sequential, trialTypes=50, nReps=1, seed=None
36.6893 	EXP 	New trial (rep=0, index=0): OrderedDict([('Condition', 'SmallReward'), ('FixationDur', 4000)])
36.7210 	EXP 	PrepFixation: autoDraw = False
36.7210 	EXP 	cueImage: image = 'images/WinSmall.bmp'
36.7210 	EXP 	cueImage: autoDraw = True
37.0124 	DATA 	Keypress: 5
37.7968 	DATA 	Keypress: 5
38.5808 	DATA 	Keypress: 5
38.7215 	EXP 	cueImage: autoDraw = False
38.7215 	EXP 	fixation: autoDraw = True
39.3467 	DATA 	Keypress: 5
40.1315 	DATA 	Keypress: 5
40.9147 	DATA 	Keypress: 5
41.6798 	DATA 	Keypress: 5
42.4647 	DATA 	Keypress: 5
42.7773 	EXP 	fixation: autoDraw = False
42.7773 	EXP 	fixation: autoDraw = False
42.7773 	EXP 	Target: image = 'images/WinProbe.bmp'
42.7773 	EXP 	Target: autoDraw = True
43.1388 	EXP 	Target: autoDraw = False
43.1388 	EXP 	Target: autoDraw = False
43.1388 	EXP 	feedbackMsg: text = 'You pressed too slow!\n\nYou did not win $0.20!'
43.1388 	EXP 	feedbackMsg: autoDraw = True
43.1806 	DATA 	Keypress: 1
43.2487 	DATA 	Keypress: 5
44.0126 	DATA 	Keypress: 5
44.7984 	DATA 	Keypress: 5
44.8122 	EXP 	New trial (rep=0, index=1): OrderedDict([('Condition', 'Triangle'), ('FixationDur', 1500)])
44.8272 	EXP 	feedbackMsg: autoDraw = False
44.8272 	EXP 	feedbackMsg: autoDraw = False
44.8272 	EXP 	cueImage: image = 'images/Neutral.bmp'
44.8272 	EXP 	cueImage: autoDraw = True
45.5811 	DATA 	Keypress: 5
46.3457 	DATA 	Keypress: 5
46.8561 	EXP 	cueImage: autoDraw = False
46.8561 	EXP 	cueImage: autoDraw = False
46.8561 	EXP 	fixation: autoDraw = True
47.1311 	DATA 	Keypress: 5
47.9151 	DATA 	Keypress: 5
48.3898 	EXP 	fixation: autoDraw = False
48.3898 	EXP 	fixation: autoDraw = False
48.3898 	EXP 	Target: image = 'images/NeutralProbe.bmp'
48.3898 	EXP 	Target: autoDraw = True
48.6806 	DATA 	Keypress: 5
48.7565 	EXP 	Target: autoDraw = False
48.7565 	EXP 	Target: autoDraw = False
48.7565 	EXP 	feedbackMsg: text = 'You pressed too slow!\n\nYou did not win or lose anything!'
48.7565 	EXP 	feedbackMsg: autoDraw = True
49.4649 	DATA 	Keypress: 5
50.2481 	DATA 	Keypress: 5
50.4299 	EXP 	New trial (rep=0, index=2): OrderedDict([('Condition', 'SmallReward'), ('FixationDur', 3000)])
50.4608 	EXP 	feedbackMsg: autoDraw = False
50.4608 	EXP 	feedbackMsg: autoDraw = False
50.4608 	EXP 	cueImage: image = 'images/WinSmall.bmp'
50.4608 	EXP 	cueImage: autoDraw = True
51.0138 	DATA 	Keypress: 5
51.7972 	DATA 	Keypress: 5
52.4903 	EXP 	cueImage: autoDraw = False
52.4903 	EXP 	fixation: autoDraw = True
52.5818 	DATA 	Keypress: 5
53.3477 	DATA 	Keypress: 5
54.1308 	DATA 	Keypress: 5
54.9155 	DATA 	Keypress: 5
55.5395 	EXP 	fixation: autoDraw = False
55.5395 	EXP 	fixation: autoDraw = False
55.5395 	EXP 	Target: image = 'images/WinProbe.bmp'
55.5395 	EXP 	Target: autoDraw = True
55.6814 	DATA 	Keypress: 5
55.8132 	DATA 	Keypress: 1
55.8775 	EXP 	Target: autoDraw = False
55.8775 	EXP 	Target: autoDraw = False
55.8775 	EXP 	feedbackMsg: text = 'Correct Response!\n\nYou won $0.20!'
55.8775 	EXP 	feedbackMsg: autoDraw = True
56.4642 	DATA 	Keypress: 5
57.2494 	DATA 	Keypress: 5
57.5633 	EXP 	New trial (rep=0, index=3): OrderedDict([('Condition', 'SmallPun'), ('FixationDur', 1500)])
57.5780 	EXP 	feedbackMsg: autoDraw = False
57.5780 	EXP 	feedbackMsg: autoDraw = False
57.5780 	EXP 	cueImage: image = 'images/LoseSmall.bmp'
57.5780 	EXP 	cueImage: autoDraw = True
58.0313 	DATA 	Keypress: 5
58.7972 	DATA 	Keypress: 5
59.5996 	DATA 	Keypress: 5
59.6078 	EXP 	cueImage: autoDraw = False
59.6078 	EXP 	cueImage: autoDraw = False
59.6078 	EXP 	fixation: autoDraw = True
60.3623 	DATA 	Keypress: 5
61.1326 	DATA 	Keypress: 5
61.1416 	EXP 	fixation: autoDraw = False
61.1416 	EXP 	fixation: autoDraw = False
61.1416 	EXP 	Target: image = 'images/LoseProbe.bmp'
61.1416 	EXP 	Target: autoDraw = True
61.4778 	EXP 	Target: autoDraw = False
61.4778 	EXP 	Target: autoDraw = False
61.4778 	EXP 	feedbackMsg: text = 'You pressed too slow!\n\nYou lost $0.20!'
61.4778 	EXP 	feedbackMsg: autoDraw = True
61.7145 	DATA 	Keypress: 1
61.9161 	DATA 	Keypress: 5
62.6991 	DATA 	Keypress: 5
63.1637 	EXP 	New trial (rep=0, index=4): OrderedDict([('Condition', 'LgPun'), ('FixationDur', 1500)])
63.1785 	EXP 	feedbackMsg: autoDraw = False
63.1785 	EXP 	feedbackMsg: autoDraw = False
63.1785 	EXP 	cueImage: image = 'images/LoseBig.bmp'
63.1785 	EXP 	cueImage: autoDraw = True
63.4636 	DATA 	Keypress: 5
64.2479 	DATA 	Keypress: 5
65.0325 	DATA 	Keypress: 5
65.2085 	EXP 	cueImage: autoDraw = False
65.2085 	EXP 	cueImage: autoDraw = False
65.2085 	EXP 	fixation: autoDraw = True
65.7950 	DATA 	Keypress: 5
66.5807 	DATA 	Keypress: 5
66.7411 	EXP 	fixation: autoDraw = False
66.7411 	EXP 	fixation: autoDraw = False
66.7411 	EXP 	Target: image = 'images/LoseProbe.bmp'
66.7411 	EXP 	Target: autoDraw = True
67.0649 	DATA 	Keypress: 1
67.1286 	EXP 	Target: autoDraw = False
67.1286 	EXP 	Target: autoDraw = False
67.1286 	EXP 	feedbackMsg: text = 'Correct Response!\n\nYou did not lose $5.00!'
67.1286 	EXP 	feedbackMsg: autoDraw = True
67.3666 	DATA 	Keypress: 5
68.1326 	DATA 	Keypress: 5
68.7640 	EXP 	New trial (rep=0, index=5): OrderedDict([('Condition', 'Triangle'), ('FixationDur', 1500)])
68.7786 	EXP 	feedbackMsg: autoDraw = False
68.7786 	EXP 	feedbackMsg: autoDraw = False
68.7786 	EXP 	cueImage: image = 'images/Neutral.bmp'
68.7786 	EXP 	cueImage: autoDraw = True
68.9144 	DATA 	Keypress: 5
69.6994 	DATA 	Keypress: 5
70.4652 	DATA 	Keypress: 5
70.8096 	EXP 	cueImage: autoDraw = False
70.8096 	EXP 	cueImage: autoDraw = False
70.8096 	EXP 	fixation: autoDraw = True
71.2506 	DATA 	Keypress: 5
72.0333 	DATA 	Keypress: 5
72.3418 	EXP 	fixation: autoDraw = False
72.3418 	EXP 	fixation: autoDraw = False
72.3418 	EXP 	Target: image = 'images/NeutralProbe.bmp'
72.3418 	EXP 	Target: autoDraw = True
72.7259 	EXP 	Target: autoDraw = False
72.7259 	EXP 	Target: autoDraw = False
72.7259 	EXP 	feedbackMsg: text = 'You pressed too slow!\n\nYou did not win or lose anything!'
72.7259 	EXP 	feedbackMsg: autoDraw = True
72.8126 	DATA 	Keypress: 5
72.8462 	DATA 	Keypress: 1
73.5787 	DATA 	Keypress: 5
74.3620 	EXP 	New trial (rep=0, index=6): OrderedDict([('Condition', 'SmallPun'), ('FixationDur', 1500)])
74.3700 	DATA 	Keypress: 5
74.3758 	EXP 	feedbackMsg: autoDraw = False
74.3758 	EXP 	feedbackMsg: autoDraw = False
74.3758 	EXP 	cueImage: image = 'images/LoseSmall.bmp'
74.3758 	EXP 	cueImage: autoDraw = True
75.1456 	DATA 	Keypress: 5
75.9153 	DATA 	Keypress: 5
76.4100 	EXP 	cueImage: autoDraw = False
76.4100 	EXP 	fixation: autoDraw = True
76.6945 	DATA 	Keypress: 5
77.4795 	DATA 	Keypress: 5
77.9428 	EXP 	fixation: autoDraw = False
77.9428 	EXP 	fixation: autoDraw = False
77.9428 	EXP 	Target: image = 'images/LoseProbe.bmp'
77.9428 	EXP 	Target: autoDraw = True
78.2490 	DATA 	Keypress: 1
78.2512 	DATA 	Keypress: 5
78.3259 	EXP 	Target: autoDraw = False
78.3259 	EXP 	Target: autoDraw = False
78.3259 	EXP 	feedbackMsg: text = 'Correct Response!\n\nYou did not lose $0.20!'
78.3259 	EXP 	feedbackMsg: autoDraw = True
79.0334 	DATA 	Keypress: 5
79.8002 	DATA 	Keypress: 5
79.9648 	EXP 	New trial (rep=0, index=7): OrderedDict([('Condition', 'Triangle'), ('FixationDur', 2000)])
79.9793 	EXP 	feedbackMsg: autoDraw = False
79.9793 	EXP 	feedbackMsg: autoDraw = False
79.9793 	EXP 	cueImage: image = 'images/Neutral.bmp'
79.9793 	EXP 	cueImage: autoDraw = True
80.5822 	DATA 	Keypress: 5
81.3655 	DATA 	Keypress: 5
82.0100 	EXP 	cueImage: autoDraw = False
82.0100 	EXP 	cueImage: autoDraw = False
82.0100 	EXP 	fixation: autoDraw = True
82.1475 	DATA 	Keypress: 5
82.9159 	DATA 	Keypress: 5
83.7006 	DATA 	Keypress: 5
84.0441 	EXP 	fixation: autoDraw = False
84.0441 	EXP 	fixation: autoDraw = False
84.0441 	EXP 	Target: image = 'images/NeutralProbe.bmp'
84.0441 	EXP 	Target: autoDraw = True
84.4301 	EXP 	Target: autoDraw = False
84.4301 	EXP 	Target: autoDraw = False
84.4301 	EXP 	feedbackMsg: text = 'You pressed too slow!\n\nYou did not win or lose anything!'
84.4301 	EXP 	feedbackMsg: autoDraw = True
84.4669 	DATA 	Keypress: 1
84.4694 	DATA 	Keypress: 5
85.2490 	DATA 	Keypress: 5
86.0335 	DATA 	Keypress: 5
86.0655 	EXP 	New trial (rep=0, index=8): OrderedDict([('Condition', 'LgReward'), ('FixationDur', 2500)])
86.0944 	EXP 	feedbackMsg: autoDraw = False
86.0944 	EXP 	feedbackMsg: autoDraw = False
86.0944 	EXP 	cueImage: image = 'images/WinBig.bmp'
86.0944 	EXP 	cueImage: autoDraw = True
86.8172 	DATA 	Keypress: 5
87.5822 	DATA 	Keypress: 5
88.1279 	EXP 	cueImage: autoDraw = False
88.1279 	EXP 	fixation: autoDraw = True
88.3667 	DATA 	Keypress: 5
89.1512 	DATA 	Keypress: 5
89.9169 	DATA 	Keypress: 5
90.6778 	EXP 	fixation: autoDraw = False
90.6778 	EXP 	fixation: autoDraw = False
90.6778 	EXP 	Target: image = 'images/WinProbe.bmp'
90.6778 	EXP 	Target: autoDraw = True
90.6975 	DATA 	Keypress: 5
91.0572 	DATA 	Keypress: 1
91.0618 	EXP 	Target: autoDraw = False
91.0618 	EXP 	Target: autoDraw = False
91.0618 	EXP 	feedbackMsg: text = 'You pressed too slow!\n\nYou did not win $5.00!'
91.0618 	EXP 	feedbackMsg: autoDraw = True
91.4841 	DATA 	Keypress: 5
92.2505 	DATA 	Keypress: 5
92.6978 	EXP 	New trial (rep=0, index=9): OrderedDict([('Condition', 'LgPun'), ('FixationDur', 2500)])
92.7132 	EXP 	feedbackMsg: autoDraw = False
92.7132 	EXP 	feedbackMsg: autoDraw = False
92.7132 	EXP 	cueImage: image = 'images/LoseBig.bmp'
92.7132 	EXP 	cueImage: autoDraw = True
93.0321 	DATA 	Keypress: 5
93.8170 	DATA 	Keypress: 5
94.5832 	DATA 	Keypress: 5
94.7456 	EXP 	cueImage: autoDraw = False
94.7456 	EXP 	cueImage: autoDraw = False
94.7456 	EXP 	fixation: autoDraw = True
95.3670 	DATA 	Keypress: 5
96.1511 	DATA 	Keypress: 5
96.9173 	DATA 	Keypress: 5
97.2791 	EXP 	fixation: autoDraw = False
97.2791 	EXP 	fixation: autoDraw = False
97.2791 	EXP 	Target: image = 'images/LoseProbe.bmp'
97.2791 	EXP 	Target: autoDraw = True
97.6791 	DATA 	Keypress: 1
97.6951 	EXP 	Target: autoDraw = False
97.6951 	EXP 	Target: autoDraw = False
97.6951 	EXP 	feedbackMsg: text = 'You pressed too slow!\n\nYou lost $5.00!'
97.6951 	EXP 	feedbackMsg: autoDraw = True
97.6984 	DATA 	Keypress: 5
98.4839 	DATA 	Keypress: 5
99.2511 	DATA 	Keypress: 5
99.2993 	EXP 	New trial (rep=0, index=10): OrderedDict([('Condition', 'SmallPun'), ('FixationDur', 3000)])
99.3139 	EXP 	feedbackMsg: autoDraw = False
99.3139 	EXP 	feedbackMsg: autoDraw = False
99.3139 	EXP 	cueImage: image = 'images/LoseSmall.bmp'
99.3139 	EXP 	cueImage: autoDraw = True
100.0329 	DATA 	Keypress: 5
100.8179 	DATA 	Keypress: 5
101.3464 	EXP 	cueImage: autoDraw = False
101.3464 	EXP 	cueImage: autoDraw = False
101.3464 	EXP 	fixation: autoDraw = True
101.6022 	DATA 	Keypress: 5
102.3677 	DATA 	Keypress: 5
103.1520 	DATA 	Keypress: 5
103.9357 	DATA 	Keypress: 5
104.3800 	EXP 	fixation: autoDraw = False
104.3800 	EXP 	fixation: autoDraw = False
104.3800 	EXP 	Target: image = 'images/LoseProbe.bmp'
104.3800 	EXP 	Target: autoDraw = True
104.6995 	DATA 	Keypress: 5
104.7799 	EXP 	Target: autoDraw = False
104.7799 	EXP 	Target: autoDraw = False
104.7799 	EXP 	feedbackMsg: text = 'You pressed too slow!\n\nYou lost $0.20!'
104.7799 	EXP 	feedbackMsg: autoDraw = True
104.8852 	DATA 	Keypress: 1
105.4847 	DATA 	Keypress: 5
106.2674 	DATA 	Keypress: 5
106.3998 	EXP 	New trial (rep=0, index=11): OrderedDict([('Condition', 'SmallReward'), ('FixationDur', 2000)])
106.4297 	EXP 	feedbackMsg: autoDraw = False
106.4297 	EXP 	feedbackMsg: autoDraw = False
106.4297 	EXP 	cueImage: image = 'images/WinSmall.bmp'
106.4297 	EXP 	cueImage: autoDraw = True
107.0333 	DATA 	Keypress: 5
107.8166 	DATA 	Keypress: 5
108.4805 	EXP 	cueImage: autoDraw = False
108.4805 	EXP 	fixation: autoDraw = True
108.6013 	DATA 	Keypress: 5
109.3676 	DATA 	Keypress: 5
110.1519 	DATA 	Keypress: 5
110.5308 	EXP 	fixation: autoDraw = False
110.5308 	EXP 	fixation: autoDraw = False
110.5308 	EXP 	Target: image = 'images/WinProbe.bmp'
110.5308 	EXP 	Target: autoDraw = True
110.9306 	DATA 	Keypress: 5
110.9469 	EXP 	Target: autoDraw = False
110.9469 	EXP 	Target: autoDraw = False
110.9469 	EXP 	feedbackMsg: text = 'You pressed too slow!\n\nYou did not win $0.20!'
110.9469 	EXP 	feedbackMsg: autoDraw = True
111.0336 	DATA 	Keypress: 1
111.7017 	DATA 	Keypress: 5
112.4853 	DATA 	Keypress: 5
112.5504 	EXP 	New trial (rep=0, index=12): OrderedDict([('Condition', 'Triangle'), ('FixationDur', 4000)])
112.5648 	EXP 	feedbackMsg: autoDraw = False
112.5648 	EXP 	feedbackMsg: autoDraw = False
112.5648 	EXP 	cueImage: image = 'images/Neutral.bmp'
112.5648 	EXP 	cueImage: autoDraw = True
113.2679 	DATA 	Keypress: 5
114.0338 	DATA 	Keypress: 5
114.5985 	EXP 	cueImage: autoDraw = False
114.5985 	EXP 	cueImage: autoDraw = False
114.5985 	EXP 	fixation: autoDraw = True
114.8180 	DATA 	Keypress: 5
115.6028 	DATA 	Keypress: 5
116.3687 	DATA 	Keypress: 5
117.1520 	DATA 	Keypress: 5
117.9357 	DATA 	Keypress: 5
118.6323 	EXP 	fixation: autoDraw = False
118.6323 	EXP 	fixation: autoDraw = False
118.6323 	EXP 	Target: image = 'images/NeutralProbe.bmp'
118.6323 	EXP 	Target: autoDraw = True
118.7189 	DATA 	Keypress: 5
118.9530 	DATA 	Keypress: 1
119.0823 	EXP 	Target: autoDraw = False
119.0823 	EXP 	Target: autoDraw = False
119.0823 	EXP 	feedbackMsg: text = 'Correct Response!\n\nYou did not win or lose anything!'
119.0823 	EXP 	feedbackMsg: autoDraw = True
119.4853 	DATA 	Keypress: 5
120.2698 	DATA 	Keypress: 5
120.6671 	EXP 	New trial (rep=0, index=13): OrderedDict([('Condition', 'LgReward'), ('FixationDur', 2000)])
120.6990 	EXP 	feedbackMsg: autoDraw = False
120.6990 	EXP 	feedbackMsg: autoDraw = False
120.6990 	EXP 	cueImage: image = 'images/WinBig.bmp'
120.6990 	EXP 	cueImage: autoDraw = True
121.0528 	DATA 	Keypress: 5
121.8180 	DATA 	Keypress: 5
122.6029 	DATA 	Keypress: 5
122.7326 	EXP 	cueImage: autoDraw = False
122.7326 	EXP 	fixation: autoDraw = True
123.3867 	DATA 	Keypress: 5
124.1510 	DATA 	Keypress: 5
124.7825 	EXP 	fixation: autoDraw = False
124.7825 	EXP 	fixation: autoDraw = False
124.7825 	EXP 	Target: image = 'images/WinProbe.bmp'
124.7825 	EXP 	Target: autoDraw = True
124.9358 	DATA 	Keypress: 5
125.1183 	DATA 	Keypress: 1
125.2165 	EXP 	Target: autoDraw = False
125.2165 	EXP 	Target: autoDraw = False
125.2165 	EXP 	feedbackMsg: text = 'Correct Response!\n\nYou won $5.00!'
125.2165 	EXP 	feedbackMsg: autoDraw = True
125.7211 	DATA 	Keypress: 5
126.4848 	DATA 	Keypress: 5
126.8010 	EXP 	New trial (rep=0, index=14): OrderedDict([('Condition', 'LgReward'), ('FixationDur', 3000)])
126.8319 	EXP 	feedbackMsg: autoDraw = False
126.8319 	EXP 	feedbackMsg: autoDraw = False
126.8319 	EXP 	cueImage: image = 'images/WinBig.bmp'
126.8319 	EXP 	cueImage: autoDraw = True
127.2697 	DATA 	Keypress: 5
128.0530 	DATA 	Keypress: 5
128.8521 	DATA 	Keypress: 5
128.8656 	EXP 	cueImage: autoDraw = False
128.8656 	EXP 	fixation: autoDraw = True
129.6040 	DATA 	Keypress: 5
130.3875 	DATA 	Keypress: 5
131.1522 	DATA 	Keypress: 5
131.9163 	EXP 	fixation: autoDraw = False
131.9163 	EXP 	fixation: autoDraw = False
131.9163 	EXP 	Target: image = 'images/WinProbe.bmp'
131.9163 	EXP 	Target: autoDraw = True
131.9373 	DATA 	Keypress: 5
132.2194 	DATA 	Keypress: 1
132.3492 	EXP 	Target: autoDraw = False
132.3492 	EXP 	Target: autoDraw = False
132.3492 	EXP 	feedbackMsg: text = 'Correct Response!\n\nYou won $5.00!'
132.3492 	EXP 	feedbackMsg: autoDraw = True
132.7195 	DATA 	Keypress: 5
133.4865 	DATA 	Keypress: 5
133.9183 	EXP 	New trial (rep=0, index=15): OrderedDict([('Condition', 'SmallPun'), ('FixationDur', 1500)])
133.9325 	EXP 	feedbackMsg: autoDraw = False
133.9325 	EXP 	feedbackMsg: autoDraw = False
133.9325 	EXP 	cueImage: image = 'images/LoseSmall.bmp'
133.9325 	EXP 	cueImage: autoDraw = True
134.2690 	DATA 	Keypress: 5
135.0539 	DATA 	Keypress: 5
135.8186 	DATA 	Keypress: 5
135.9662 	EXP 	cueImage: autoDraw = False
135.9662 	EXP 	cueImage: autoDraw = False
135.9662 	EXP 	fixation: autoDraw = True
136.6042 	DATA 	Keypress: 5
137.3874 	DATA 	Keypress: 5
137.5004 	EXP 	fixation: autoDraw = False
137.5004 	EXP 	fixation: autoDraw = False
137.5004 	EXP 	Target: image = 'images/LoseProbe.bmp'
137.5004 	EXP 	Target: autoDraw = True
137.9495 	EXP 	Target: autoDraw = False
137.9495 	EXP 	Target: autoDraw = False
137.9495 	EXP 	feedbackMsg: text = 'You pressed too slow!\n\nYou lost $0.20!'
137.9495 	EXP 	feedbackMsg: autoDraw = True
138.0693 	DATA 	Keypress: 1
138.1527 	DATA 	Keypress: 5
138.9354 	DATA 	Keypress: 5
139.5354 	EXP 	New trial (rep=0, index=16): OrderedDict([('Condition', 'SmallReward'), ('FixationDur', 1500)])
139.5665 	EXP 	feedbackMsg: autoDraw = False
139.5665 	EXP 	feedbackMsg: autoDraw = False
139.5665 	EXP 	cueImage: image = 'images/WinSmall.bmp'
139.5665 	EXP 	cueImage: autoDraw = True
139.7206 	DATA 	Keypress: 5
140.4864 	DATA 	Keypress: 5
141.2692 	DATA 	Keypress: 5
141.6006 	EXP 	cueImage: autoDraw = False
141.6006 	EXP 	fixation: autoDraw = True
142.0545 	DATA 	Keypress: 5
142.8383 	DATA 	Keypress: 5
143.1497 	EXP 	fixation: autoDraw = False
143.1497 	EXP 	fixation: autoDraw = False
143.1497 	EXP 	Target: image = 'images/WinProbe.bmp'
143.1497 	EXP 	Target: autoDraw = True
143.5202 	DATA 	Keypress: 1
143.6297 	DATA 	Keypress: 5
143.6355 	EXP 	Target: autoDraw = False
143.6355 	EXP 	Target: autoDraw = False
143.6355 	EXP 	feedbackMsg: text = 'Correct Response!\n\nYou won $0.20!'
143.6355 	EXP 	feedbackMsg: autoDraw = True
144.3886 	DATA 	Keypress: 5
145.1689 	EXP 	New trial (rep=0, index=17): OrderedDict([('Condition', 'LgReward'), ('FixationDur', 1500)])
145.1993 	DATA 	Keypress: 5
145.2172 	EXP 	feedbackMsg: autoDraw = False
145.2172 	EXP 	feedbackMsg: autoDraw = False
145.2172 	EXP 	cueImage: image = 'images/WinBig.bmp'
145.2172 	EXP 	cueImage: autoDraw = True
145.9358 	DATA 	Keypress: 5
146.7197 	DATA 	Keypress: 5
147.2339 	EXP 	cueImage: autoDraw = False
147.2339 	EXP 	fixation: autoDraw = True
147.5050 	DATA 	Keypress: 5
148.2693 	DATA 	Keypress: 5
148.7837 	EXP 	fixation: autoDraw = False
148.7837 	EXP 	fixation: autoDraw = False
148.7837 	EXP 	Target: image = 'images/WinProbe.bmp'
148.7837 	EXP 	Target: autoDraw = True
149.0552 	DATA 	Keypress: 5
149.0880 	DATA 	Keypress: 1
149.2667 	EXP 	Target: autoDraw = False
149.2667 	EXP 	Target: autoDraw = False
149.2667 	EXP 	feedbackMsg: text = 'Correct Response!\n\nYou won $5.00!'
149.2667 	EXP 	feedbackMsg: autoDraw = True
149.8379 	DATA 	Keypress: 5
150.6034 	DATA 	Keypress: 5
150.8027 	EXP 	New trial (rep=0, index=18): OrderedDict([('Condition', 'SmallPun'), ('FixationDur', 2000)])
150.8169 	EXP 	feedbackMsg: autoDraw = False
150.8169 	EXP 	feedbackMsg: autoDraw = False
150.8169 	EXP 	cueImage: image = 'images/LoseSmall.bmp'
150.8169 	EXP 	cueImage: autoDraw = True
151.3862 	DATA 	Keypress: 5
152.1716 	DATA 	Keypress: 5
152.8508 	EXP 	cueImage: autoDraw = False
152.8508 	EXP 	cueImage: autoDraw = False
152.8508 	EXP 	fixation: autoDraw = True
152.9374 	DATA 	Keypress: 5
153.7218 	DATA 	Keypress: 5
154.5054 	DATA 	Keypress: 5
154.8841 	EXP 	fixation: autoDraw = False
154.8841 	EXP 	fixation: autoDraw = False
154.8841 	EXP 	Target: image = 'images/LoseProbe.bmp'
154.8841 	EXP 	Target: autoDraw = True
155.2222 	DATA 	Keypress: 1
155.2709 	DATA 	Keypress: 5
155.3674 	EXP 	Target: autoDraw = False
155.3674 	EXP 	Target: autoDraw = False
155.3674 	EXP 	feedbackMsg: text = 'Correct Response!\n\nYou did not lose $0.20!'
155.3674 	EXP 	feedbackMsg: autoDraw = True
156.0538 	DATA 	Keypress: 5
156.8389 	DATA 	Keypress: 5
156.9032 	EXP 	New trial (rep=0, index=19): OrderedDict([('Condition', 'SmallReward'), ('FixationDur', 1500)])
156.9340 	EXP 	feedbackMsg: autoDraw = False
156.9340 	EXP 	feedbackMsg: autoDraw = False
156.9340 	EXP 	cueImage: image = 'images/WinSmall.bmp'
156.9340 	EXP 	cueImage: autoDraw = True
157.6040 	DATA 	Keypress: 5
158.3875 	DATA 	Keypress: 5
158.9682 	EXP 	cueImage: autoDraw = False
158.9682 	EXP 	fixation: autoDraw = True
159.1717 	DATA 	Keypress: 5
159.9385 	DATA 	Keypress: 5
160.5175 	EXP 	fixation: autoDraw = False
160.5175 	EXP 	fixation: autoDraw = False
160.5175 	EXP 	Target: image = 'images/WinProbe.bmp'
160.5175 	EXP 	Target: autoDraw = True
160.7204 	DATA 	Keypress: 5
160.9849 	EXP 	Target: autoDraw = False
160.9849 	EXP 	Target: autoDraw = False
160.9849 	EXP 	feedbackMsg: text = 'You pressed too slow!\n\nYou did not win $0.20!'
160.9849 	EXP 	feedbackMsg: autoDraw = True
161.5061 	DATA 	Keypress: 5
162.2719 	DATA 	Keypress: 5
162.5367 	EXP 	New trial (rep=0, index=20): OrderedDict([('Condition', 'LgPun'), ('FixationDur', 1500)])
162.5519 	EXP 	feedbackMsg: autoDraw = False
162.5519 	EXP 	feedbackMsg: autoDraw = False
162.5519 	EXP 	cueImage: image = 'images/LoseBig.bmp'
162.5519 	EXP 	cueImage: autoDraw = True
163.0545 	DATA 	Keypress: 5
163.8383 	DATA 	Keypress: 5
164.5854 	EXP 	cueImage: autoDraw = False
164.5854 	EXP 	cueImage: autoDraw = False
164.5854 	EXP 	fixation: autoDraw = True
164.6053 	DATA 	Keypress: 5
165.3877 	DATA 	Keypress: 5
166.1185 	EXP 	fixation: autoDraw = False
166.1185 	EXP 	fixation: autoDraw = False
166.1185 	EXP 	Target: image = 'images/LoseProbe.bmp'
166.1185 	EXP 	Target: autoDraw = True
166.1719 	DATA 	Keypress: 5
166.5688 	EXP 	Target: autoDraw = False
166.5688 	EXP 	Target: autoDraw = False
166.5688 	EXP 	feedbackMsg: text = 'You pressed too slow!\n\nYou lost $5.00!'
166.5688 	EXP 	feedbackMsg: autoDraw = True
166.6210 	DATA 	Keypress: 1
166.9554 	DATA 	Keypress: 5
167.7211 	DATA 	Keypress: 5
168.1374 	EXP 	New trial (rep=0, index=21): OrderedDict([('Condition', 'LgReward'), ('FixationDur', 3500)])
168.1686 	EXP 	feedbackMsg: autoDraw = False
168.1686 	EXP 	feedbackMsg: autoDraw = False
168.1686 	EXP 	cueImage: image = 'images/WinBig.bmp'
168.1686 	EXP 	cueImage: autoDraw = True
168.5049 	DATA 	Keypress: 5
169.2887 	DATA 	Keypress: 5
170.0545 	DATA 	Keypress: 5
170.2019 	EXP 	cueImage: autoDraw = False
170.2019 	EXP 	fixation: autoDraw = True
170.8398 	DATA 	Keypress: 5
171.6235 	DATA 	Keypress: 5
172.3884 	DATA 	Keypress: 5
173.1725 	DATA 	Keypress: 5
173.7517 	EXP 	fixation: autoDraw = False
173.7517 	EXP 	fixation: autoDraw = False
173.7517 	EXP 	Target: image = 'images/WinProbe.bmp'
173.7517 	EXP 	Target: autoDraw = True
173.9567 	DATA 	Keypress: 5
174.0569 	DATA 	Keypress: 1
174.2022 	EXP 	Target: autoDraw = False
174.2022 	EXP 	Target: autoDraw = False
174.2022 	EXP 	feedbackMsg: text = 'Correct Response!\n\nYou won $5.00!'
174.2022 	EXP 	feedbackMsg: autoDraw = True
174.7223 	DATA 	Keypress: 5
175.5056 	DATA 	Keypress: 5
175.7713 	EXP 	New trial (rep=0, index=22): OrderedDict([('Condition', 'LgPun'), ('FixationDur', 3500)])
175.7853 	EXP 	feedbackMsg: autoDraw = False
175.7853 	EXP 	feedbackMsg: autoDraw = False
175.7853 	EXP 	cueImage: image = 'images/LoseBig.bmp'
175.7853 	EXP 	cueImage: autoDraw = True
176.2900 	DATA 	Keypress: 5
177.0553 	DATA 	Keypress: 5
177.8197 	EXP 	cueImage: autoDraw = False
177.8197 	EXP 	cueImage: autoDraw = False
177.8197 	EXP 	fixation: autoDraw = True
177.8402 	DATA 	Keypress: 5
178.6220 	DATA 	Keypress: 5
179.3893 	DATA 	Keypress: 5
180.1720 	DATA 	Keypress: 5
180.9574 	DATA 	Keypress: 5
181.3525 	EXP 	fixation: autoDraw = False
181.3525 	EXP 	fixation: autoDraw = False
181.3525 	EXP 	Target: image = 'images/LoseProbe.bmp'
181.3525 	EXP 	Target: autoDraw = True
181.6566 	DATA 	Keypress: 1
181.7227 	DATA 	Keypress: 5
181.7864 	EXP 	Target: autoDraw = False
181.7864 	EXP 	Target: autoDraw = False
181.7864 	EXP 	feedbackMsg: text = 'Correct Response!\n\nYou did not lose $5.00!'
181.7864 	EXP 	feedbackMsg: autoDraw = True
182.5061 	DATA 	Keypress: 5
183.2904 	DATA 	Keypress: 5
183.3716 	EXP 	New trial (rep=0, index=23): OrderedDict([('Condition', 'LgReward'), ('FixationDur', 1500)])
183.4027 	EXP 	feedbackMsg: autoDraw = False
183.4027 	EXP 	feedbackMsg: autoDraw = False
183.4027 	EXP 	cueImage: image = 'images/WinBig.bmp'
183.4027 	EXP 	cueImage: autoDraw = True
184.0560 	DATA 	Keypress: 5
184.8378 	DATA 	Keypress: 5
185.4367 	EXP 	cueImage: autoDraw = False
185.4367 	EXP 	fixation: autoDraw = True
185.6246 	DATA 	Keypress: 5
186.3901 	DATA 	Keypress: 5
186.9866 	EXP 	fixation: autoDraw = False
186.9866 	EXP 	fixation: autoDraw = False
186.9866 	EXP 	Target: image = 'images/WinProbe.bmp'
186.9866 	EXP 	Target: autoDraw = True
187.1725 	DATA 	Keypress: 5
187.4172 	DATA 	Keypress: 1
187.4248 	EXP 	Target: autoDraw = False
187.4248 	EXP 	Target: autoDraw = False
187.4248 	EXP 	feedbackMsg: text = 'You pressed too slow!\n\nYou did not win $5.00!'
187.4248 	EXP 	feedbackMsg: autoDraw = True
187.9574 	DATA 	Keypress: 5
188.7397 	DATA 	Keypress: 5
189.0046 	EXP 	New trial (rep=0, index=24): OrderedDict([('Condition', 'Triangle'), ('FixationDur', 2000)])
189.0203 	EXP 	feedbackMsg: autoDraw = False
189.0203 	EXP 	feedbackMsg: autoDraw = False
189.0203 	EXP 	cueImage: image = 'images/Neutral.bmp'
189.0203 	EXP 	cueImage: autoDraw = True
189.5061 	DATA 	Keypress: 5
190.2900 	DATA 	Keypress: 5
191.0537 	EXP 	cueImage: autoDraw = False
191.0537 	EXP 	cueImage: autoDraw = False
191.0537 	EXP 	fixation: autoDraw = True
191.0750 	DATA 	Keypress: 5
191.8399 	DATA 	Keypress: 5
192.6244 	DATA 	Keypress: 5
193.0871 	EXP 	fixation: autoDraw = False
193.0871 	EXP 	fixation: autoDraw = False
193.0871 	EXP 	Target: image = 'images/NeutralProbe.bmp'
193.0871 	EXP 	Target: autoDraw = True
193.4084 	DATA 	Keypress: 5
193.5201 	EXP 	Target: autoDraw = False
193.5201 	EXP 	Target: autoDraw = False
193.5201 	EXP 	feedbackMsg: text = 'You pressed too slow!\n\nYou did not win or lose anything!'
193.5201 	EXP 	feedbackMsg: autoDraw = True
194.1733 	DATA 	Keypress: 5
194.9580 	DATA 	Keypress: 5
195.1062 	EXP 	New trial (rep=0, index=25): OrderedDict([('Condition', 'Triangle'), ('FixationDur', 2500)])
195.1200 	EXP 	feedbackMsg: autoDraw = False
195.1200 	EXP 	feedbackMsg: autoDraw = False
195.1200 	EXP 	cueImage: image = 'images/Neutral.bmp'
195.1200 	EXP 	cueImage: autoDraw = True
195.7396 	DATA 	Keypress: 5
196.5069 	DATA 	Keypress: 5
197.1544 	EXP 	cueImage: autoDraw = False
197.1544 	EXP 	cueImage: autoDraw = False
197.1544 	EXP 	fixation: autoDraw = True
197.2908 	DATA 	Keypress: 5
198.0757 	DATA 	Keypress: 5
198.8399 	DATA 	Keypress: 5
199.6254 	DATA 	Keypress: 5
199.6869 	EXP 	fixation: autoDraw = False
199.6869 	EXP 	fixation: autoDraw = False
199.6869 	EXP 	Target: image = 'images/NeutralProbe.bmp'
199.6869 	EXP 	Target: autoDraw = True
200.0090 	DATA 	Keypress: 1
200.1258 	EXP 	Target: autoDraw = False
200.1258 	EXP 	Target: autoDraw = False
200.1258 	EXP 	feedbackMsg: text = 'Correct Response!\n\nYou did not win or lose anything!'
200.1258 	EXP 	feedbackMsg: autoDraw = True
200.4076 	DATA 	Keypress: 5
201.1745 	DATA 	Keypress: 5
201.7063 	EXP 	New trial (rep=0, index=26): OrderedDict([('Condition', 'SmallPun'), ('FixationDur', 2500)])
201.7207 	EXP 	feedbackMsg: autoDraw = False
201.7207 	EXP 	feedbackMsg: autoDraw = False
201.7207 	EXP 	cueImage: image = 'images/LoseSmall.bmp'
201.7207 	EXP 	cueImage: autoDraw = True
201.9570 	DATA 	Keypress: 5
202.7414 	DATA 	Keypress: 5
203.5072 	DATA 	Keypress: 5
203.7548 	EXP 	cueImage: autoDraw = False
203.7548 	EXP 	cueImage: autoDraw = False
203.7548 	EXP 	fixation: autoDraw = True
204.2908 	DATA 	Keypress: 5
205.0755 	DATA 	Keypress: 5
205.8416 	DATA 	Keypress: 5
206.2876 	EXP 	fixation: autoDraw = False
206.2876 	EXP 	fixation: autoDraw = False
206.2876 	EXP 	Target: image = 'images/LoseProbe.bmp'
206.2876 	EXP 	Target: autoDraw = True
206.6246 	DATA 	Keypress: 5
206.6264 	DATA 	Keypress: 1
206.7218 	EXP 	Target: autoDraw = False
206.7218 	EXP 	Target: autoDraw = False
206.7218 	EXP 	feedbackMsg: text = 'Correct Response!\n\nYou did not lose $0.20!'
206.7218 	EXP 	feedbackMsg: autoDraw = True
207.4088 	DATA 	Keypress: 5
208.1929 	DATA 	Keypress: 5
208.3068 	EXP 	New trial (rep=0, index=27): OrderedDict([('Condition', 'SmallReward'), ('FixationDur', 1500)])
208.3380 	EXP 	feedbackMsg: autoDraw = False
208.3380 	EXP 	feedbackMsg: autoDraw = False
208.3380 	EXP 	cueImage: image = 'images/WinSmall.bmp'
208.3380 	EXP 	cueImage: autoDraw = True
208.9560 	DATA 	Keypress: 5
209.7421 	DATA 	Keypress: 5
210.3719 	EXP 	cueImage: autoDraw = False
210.3719 	EXP 	fixation: autoDraw = True
210.5262 	DATA 	Keypress: 5
211.2918 	DATA 	Keypress: 5
211.9216 	EXP 	fixation: autoDraw = False
211.9216 	EXP 	fixation: autoDraw = False
211.9216 	EXP 	Target: image = 'images/WinProbe.bmp'
211.9216 	EXP 	Target: autoDraw = True
212.0763 	DATA 	Keypress: 5
212.2764 	DATA 	Keypress: 1
212.3717 	EXP 	Target: autoDraw = False
212.3717 	EXP 	Target: autoDraw = False
212.3717 	EXP 	feedbackMsg: text = 'Correct Response!\n\nYou won $0.20!'
212.3717 	EXP 	feedbackMsg: autoDraw = True
212.8591 	DATA 	Keypress: 5
213.6238 	DATA 	Keypress: 5
213.9407 	EXP 	New trial (rep=0, index=28): OrderedDict([('Condition', 'LgPun'), ('FixationDur', 3000)])
213.9551 	EXP 	feedbackMsg: autoDraw = False
213.9551 	EXP 	feedbackMsg: autoDraw = False
213.9551 	EXP 	cueImage: image = 'images/LoseBig.bmp'
213.9551 	EXP 	cueImage: autoDraw = True
214.4085 	DATA 	Keypress: 5
215.1916 	DATA 	Keypress: 5
215.9759 	DATA 	Keypress: 5
215.9886 	EXP 	cueImage: autoDraw = False
215.9886 	EXP 	cueImage: autoDraw = False
215.9886 	EXP 	fixation: autoDraw = True
216.7405 	DATA 	Keypress: 5
217.5264 	DATA 	Keypress: 5
218.2918 	DATA 	Keypress: 5
219.0213 	EXP 	fixation: autoDraw = False
219.0213 	EXP 	fixation: autoDraw = False
219.0213 	EXP 	Target: image = 'images/LoseProbe.bmp'
219.0213 	EXP 	Target: autoDraw = True
219.0744 	DATA 	Keypress: 5
219.3407 	DATA 	Keypress: 1
219.4718 	EXP 	Target: autoDraw = False
219.4718 	EXP 	Target: autoDraw = False
219.4718 	EXP 	feedbackMsg: text = 'Correct Response!\n\nYou did not lose $5.00!'
219.4718 	EXP 	feedbackMsg: autoDraw = True
219.8592 	DATA 	Keypress: 5
220.6255 	DATA 	Keypress: 5
221.0407 	EXP 	New trial (rep=0, index=29): OrderedDict([('Condition', 'LgReward'), ('FixationDur', 2000)])
221.0621 	EXP 	feedbackMsg: autoDraw = False
221.0621 	EXP 	feedbackMsg: autoDraw = False
221.0621 	EXP 	cueImage: image = 'images/WinBig.bmp'
221.0621 	EXP 	cueImage: autoDraw = True
221.4084 	DATA 	Keypress: 5
222.1929 	DATA 	Keypress: 5
222.9584 	DATA 	Keypress: 5
223.0960 	EXP 	cueImage: autoDraw = False
223.0960 	EXP 	fixation: autoDraw = True
223.7418 	DATA 	Keypress: 5
224.5269 	DATA 	Keypress: 5
225.1464 	EXP 	fixation: autoDraw = False
225.1464 	EXP 	fixation: autoDraw = False
225.1464 	EXP 	Target: image = 'images/WinProbe.bmp'
225.1464 	EXP 	Target: autoDraw = True
225.2925 	DATA 	Keypress: 5
225.6057 	EXP 	Target: autoDraw = False
225.6057 	EXP 	Target: autoDraw = False
225.6057 	EXP 	feedbackMsg: text = 'You pressed too slow!\n\nYou did not win $5.00!'
225.6057 	EXP 	feedbackMsg: autoDraw = True
225.7249 	DATA 	Keypress: 1
226.0760 	DATA 	Keypress: 5
226.8606 	DATA 	Keypress: 5
227.1737 	EXP 	New trial (rep=0, index=30): OrderedDict([('Condition', 'SmallReward'), ('FixationDur', 1500)])
227.2059 	EXP 	feedbackMsg: autoDraw = False
227.2059 	EXP 	feedbackMsg: autoDraw = False
227.2059 	EXP 	cueImage: image = 'images/WinSmall.bmp'
227.2059 	EXP 	cueImage: autoDraw = True
227.6421 	DATA 	Keypress: 5
228.4090 	DATA 	Keypress: 5
229.2283 	DATA 	Keypress: 5
229.2388 	EXP 	cueImage: autoDraw = False
229.2388 	EXP 	fixation: autoDraw = True
229.9776 	DATA 	Keypress: 5
230.7742 	DATA 	Keypress: 5
230.7801 	EXP 	fixation: autoDraw = False
230.7801 	EXP 	fixation: autoDraw = False
230.7801 	EXP 	Target: image = 'images/WinProbe.bmp'
230.7801 	EXP 	Target: autoDraw = True
231.2298 	EXP 	Target: autoDraw = False
231.2298 	EXP 	Target: autoDraw = False
231.2298 	EXP 	feedbackMsg: text = 'You pressed too slow!\n\nYou did not win $0.20!'
231.2298 	EXP 	feedbackMsg: autoDraw = True
231.5259 	DATA 	Keypress: 5
232.3105 	DATA 	Keypress: 5
232.8081 	EXP 	New trial (rep=0, index=31): OrderedDict([('Condition', 'LgReward'), ('FixationDur', 4000)])
232.8306 	EXP 	feedbackMsg: autoDraw = False
232.8306 	EXP 	feedbackMsg: autoDraw = False
232.8306 	EXP 	cueImage: image = 'images/WinBig.bmp'
232.8306 	EXP 	cueImage: autoDraw = True
233.0747 	DATA 	Keypress: 5
233.8599 	DATA 	Keypress: 5
234.6436 	DATA 	Keypress: 5
234.8633 	EXP 	cueImage: autoDraw = False
234.8633 	EXP 	fixation: autoDraw = True
235.4086 	DATA 	Keypress: 5
236.1942 	DATA 	Keypress: 5
236.9779 	DATA 	Keypress: 5
237.7424 	DATA 	Keypress: 5
238.5276 	DATA 	Keypress: 5
238.9146 	EXP 	fixation: autoDraw = False
238.9146 	EXP 	fixation: autoDraw = False
238.9146 	EXP 	Target: image = 'images/WinProbe.bmp'
238.9146 	EXP 	Target: autoDraw = True
239.2433 	DATA 	Keypress: 1
239.3514 	DATA 	Keypress: 5
239.3560 	EXP 	Target: autoDraw = False
239.3560 	EXP 	Target: autoDraw = False
239.3560 	EXP 	feedbackMsg: text = 'Correct Response!\n\nYou won $5.00!'
239.3560 	EXP 	feedbackMsg: autoDraw = True
240.0771 	DATA 	Keypress: 5
240.8597 	DATA 	Keypress: 5
240.9420 	EXP 	New trial (rep=0, index=32): OrderedDict([('Condition', 'LgPun'), ('FixationDur', 1500)])
240.9565 	EXP 	feedbackMsg: autoDraw = False
240.9565 	EXP 	feedbackMsg: autoDraw = False
240.9565 	EXP 	cueImage: image = 'images/LoseBig.bmp'
240.9565 	EXP 	cueImage: autoDraw = True
241.6442 	DATA 	Keypress: 5
242.4097 	DATA 	Keypress: 5
242.9816 	EXP 	cueImage: autoDraw = False
242.9816 	EXP 	cueImage: autoDraw = False
242.9816 	EXP 	fixation: autoDraw = True
243.1928 	DATA 	Keypress: 5
243.9780 	DATA 	Keypress: 5
244.5230 	EXP 	fixation: autoDraw = False
244.5230 	EXP 	fixation: autoDraw = False
244.5230 	EXP 	Target: image = 'images/LoseProbe.bmp'
244.5230 	EXP 	Target: autoDraw = True
244.7435 	DATA 	Keypress: 5
244.9572 	EXP 	Target: autoDraw = False
244.9572 	EXP 	Target: autoDraw = False
244.9572 	EXP 	feedbackMsg: text = 'You pressed too slow!\n\nYou lost $5.00!'
244.9572 	EXP 	feedbackMsg: autoDraw = True
245.3269 	DATA 	Keypress: 1
245.5270 	DATA 	Keypress: 5
246.3110 	DATA 	Keypress: 5
246.5426 	EXP 	New trial (rep=0, index=33): OrderedDict([('Condition', 'LgPun'), ('FixationDur', 4000)])
246.5570 	EXP 	feedbackMsg: autoDraw = False
246.5570 	EXP 	feedbackMsg: autoDraw = False
246.5570 	EXP 	cueImage: image = 'images/LoseBig.bmp'
246.5570 	EXP 	cueImage: autoDraw = True
247.0770 	DATA 	Keypress: 5
247.8599 	DATA 	Keypress: 5
248.5819 	EXP 	cueImage: autoDraw = False
248.5819 	EXP 	cueImage: autoDraw = False
248.5819 	EXP 	fixation: autoDraw = True
248.6450 	DATA 	Keypress: 5
249.4111 	DATA 	Keypress: 5
250.1936 	DATA 	Keypress: 5
250.9783 	DATA 	Keypress: 5
251.7623 	DATA 	Keypress: 5
252.5278 	DATA 	Keypress: 5
252.6239 	EXP 	fixation: autoDraw = False
252.6239 	EXP 	fixation: autoDraw = False
252.6239 	EXP 	Target: image = 'images/LoseProbe.bmp'
252.6239 	EXP 	Target: autoDraw = True
252.9930 	DATA 	Keypress: 1
253.0742 	EXP 	Target: autoDraw = False
253.0742 	EXP 	Target: autoDraw = False
253.0742 	EXP 	feedbackMsg: text = 'Correct Response!\n\nYou did not lose $5.00!'
253.0742 	EXP 	feedbackMsg: autoDraw = True
253.3113 	DATA 	Keypress: 5
254.0953 	DATA 	Keypress: 5
254.6428 	EXP 	New trial (rep=0, index=34): OrderedDict([('Condition', 'SmallPun'), ('FixationDur', 1500)])
254.6580 	EXP 	feedbackMsg: autoDraw = False
254.6580 	EXP 	feedbackMsg: autoDraw = False
254.6580 	EXP 	cueImage: image = 'images/LoseSmall.bmp'
254.6580 	EXP 	cueImage: autoDraw = True
254.8595 	DATA 	Keypress: 5
255.6449 	DATA 	Keypress: 5
256.4282 	DATA 	Keypress: 5
256.6829 	EXP 	cueImage: autoDraw = False
256.6829 	EXP 	cueImage: autoDraw = False
256.6829 	EXP 	fixation: autoDraw = True
257.1933 	DATA 	Keypress: 5
257.9794 	DATA 	Keypress: 5
258.2248 	EXP 	fixation: autoDraw = False
258.2248 	EXP 	fixation: autoDraw = False
258.2248 	EXP 	Target: image = 'images/LoseProbe.bmp'
258.2248 	EXP 	Target: autoDraw = True
258.6751 	EXP 	Target: autoDraw = False
258.6751 	EXP 	Target: autoDraw = False
258.6751 	EXP 	feedbackMsg: text = 'You pressed too slow!\n\nYou lost $0.20!'
258.6751 	EXP 	feedbackMsg: autoDraw = True
258.7614 	DATA 	Keypress: 5
258.9783 	DATA 	Keypress: 1
259.5279 	DATA 	Keypress: 5
260.2423 	EXP 	New trial (rep=0, index=35): OrderedDict([('Condition', 'LgPun'), ('FixationDur', 2000)])
260.2581 	EXP 	feedbackMsg: autoDraw = False
260.2581 	EXP 	feedbackMsg: autoDraw = False
260.2581 	EXP 	cueImage: image = 'images/LoseBig.bmp'
260.2581 	EXP 	cueImage: autoDraw = True
260.3104 	DATA 	Keypress: 5
261.0955 	DATA 	Keypress: 5
261.8609 	DATA 	Keypress: 5
262.2839 	EXP 	cueImage: autoDraw = False
262.2839 	EXP 	cueImage: autoDraw = False
262.2839 	EXP 	fixation: autoDraw = True
262.6458 	DATA 	Keypress: 5
263.4295 	DATA 	Keypress: 5
264.1951 	DATA 	Keypress: 5
264.3241 	EXP 	fixation: autoDraw = False
264.3241 	EXP 	fixation: autoDraw = False
264.3241 	EXP 	Target: image = 'images/LoseProbe.bmp'
264.3241 	EXP 	Target: autoDraw = True
264.7748 	DATA 	Keypress: 1
264.7840 	EXP 	Target: autoDraw = False
264.7840 	EXP 	Target: autoDraw = False
264.7840 	EXP 	feedbackMsg: text = 'You pressed too slow!\n\nYou lost $5.00!'
264.7840 	EXP 	feedbackMsg: autoDraw = True
264.9771 	DATA 	Keypress: 5
265.7613 	DATA 	Keypress: 5
266.3438 	EXP 	New trial (rep=0, index=36): OrderedDict([('Condition', 'Triangle'), ('FixationDur', 3000)])
266.3583 	EXP 	feedbackMsg: autoDraw = False
266.3583 	EXP 	feedbackMsg: autoDraw = False
266.3583 	EXP 	cueImage: image = 'images/Neutral.bmp'
266.3583 	EXP 	cueImage: autoDraw = True
266.5281 	DATA 	Keypress: 5
267.3113 	DATA 	Keypress: 5
268.0959 	DATA 	Keypress: 5
268.3849 	EXP 	cueImage: autoDraw = False
268.3849 	EXP 	cueImage: autoDraw = False
268.3849 	EXP 	fixation: autoDraw = True
268.8622 	DATA 	Keypress: 5
269.6445 	DATA 	Keypress: 5
270.4300 	DATA 	Keypress: 5
271.2131 	DATA 	Keypress: 5
271.4198 	EXP 	fixation: autoDraw = False
271.4198 	EXP 	fixation: autoDraw = False
271.4198 	EXP 	Target: image = 'images/NeutralProbe.bmp'
271.4198 	EXP 	Target: autoDraw = True
271.7286 	DATA 	Keypress: 1
271.9254 	EXP 	Target: autoDraw = False
271.9254 	EXP 	Target: autoDraw = False
271.9254 	EXP 	feedbackMsg: text = 'Correct Response!\n\nYou did not win or lose anything!'
271.9254 	EXP 	feedbackMsg: autoDraw = True
271.9780 	DATA 	Keypress: 5
272.7627 	DATA 	Keypress: 5
273.4608 	EXP 	New trial (rep=0, index=37): OrderedDict([('Condition', 'Triangle'), ('FixationDur', 1500)])
273.4752 	EXP 	feedbackMsg: autoDraw = False
273.4752 	EXP 	feedbackMsg: autoDraw = False
273.4752 	EXP 	cueImage: image = 'images/Neutral.bmp'
273.4752 	EXP 	cueImage: autoDraw = True
273.5461 	DATA 	Keypress: 5
274.3106 	DATA 	Keypress: 5
275.0958 	DATA 	Keypress: 5
275.5026 	EXP 	cueImage: autoDraw = False
275.5026 	EXP 	cueImage: autoDraw = False
275.5026 	EXP 	fixation: autoDraw = True
275.8804 	DATA 	Keypress: 5
276.6448 	DATA 	Keypress: 5
277.0423 	EXP 	fixation: autoDraw = False
277.0423 	EXP 	fixation: autoDraw = False
277.0423 	EXP 	Target: image = 'images/NeutralProbe.bmp'
277.0423 	EXP 	Target: autoDraw = True
277.3780 	DATA 	Keypress: 1
277.4288 	DATA 	Keypress: 5
277.5358 	EXP 	Target: autoDraw = False
277.5358 	EXP 	Target: autoDraw = False
277.5358 	EXP 	feedbackMsg: text = 'Correct Response!\n\nYou did not win or lose anything!'
277.5358 	EXP 	feedbackMsg: autoDraw = True
278.2138 	DATA 	Keypress: 5
278.9784 	DATA 	Keypress: 5
279.0612 	EXP 	New trial (rep=0, index=38): OrderedDict([('Condition', 'SmallReward'), ('FixationDur', 2500)])
279.0857 	EXP 	feedbackMsg: autoDraw = False
279.0857 	EXP 	feedbackMsg: autoDraw = False
279.0857 	EXP 	cueImage: image = 'images/WinSmall.bmp'
279.0857 	EXP 	cueImage: autoDraw = True
279.7621 	DATA 	Keypress: 5
280.5458 	DATA 	Keypress: 5
281.1195 	EXP 	cueImage: autoDraw = False
281.1195 	EXP 	fixation: autoDraw = True
281.3126 	DATA 	Keypress: 5
282.0961 	DATA 	Keypress: 5
282.8806 	DATA 	Keypress: 5
283.6584 	DATA 	Keypress: 5
283.6700 	EXP 	fixation: autoDraw = False
283.6700 	EXP 	fixation: autoDraw = False
283.6700 	EXP 	Target: image = 'images/WinProbe.bmp'
283.6700 	EXP 	Target: autoDraw = True
284.1596 	EXP 	Target: autoDraw = False
284.1596 	EXP 	Target: autoDraw = False
284.1596 	EXP 	feedbackMsg: text = 'You pressed too slow!\n\nYou did not win $0.20!'
284.1596 	EXP 	feedbackMsg: autoDraw = True
284.3631 	DATA 	Keypress: 1
284.4300 	DATA 	Keypress: 5
285.2121 	DATA 	Keypress: 5
285.6937 	EXP 	New trial (rep=0, index=39): OrderedDict([('Condition', 'Triangle'), ('FixationDur', 1500)])
285.7094 	EXP 	feedbackMsg: autoDraw = False
285.7094 	EXP 	feedbackMsg: autoDraw = False
285.7094 	EXP 	cueImage: image = 'images/Neutral.bmp'
285.7094 	EXP 	cueImage: autoDraw = True
285.9783 	DATA 	Keypress: 5
286.7612 	DATA 	Keypress: 5
287.5449 	DATA 	Keypress: 5
287.7367 	EXP 	cueImage: autoDraw = False
287.7367 	EXP 	cueImage: autoDraw = False
287.7367 	EXP 	fixation: autoDraw = True
288.3122 	DATA 	Keypress: 5
289.0964 	DATA 	Keypress: 5
289.2757 	EXP 	fixation: autoDraw = False
289.2757 	EXP 	fixation: autoDraw = False
289.2757 	EXP 	Target: image = 'images/NeutralProbe.bmp'
289.2757 	EXP 	Target: autoDraw = True
289.7768 	EXP 	Target: autoDraw = False
289.7768 	EXP 	Target: autoDraw = False
289.7768 	EXP 	feedbackMsg: text = 'You pressed too slow!\n\nYou did not win or lose anything!'
289.7768 	EXP 	feedbackMsg: autoDraw = True
289.8790 	DATA 	Keypress: 5
290.6638 	DATA 	Keypress: 5
291.3121 	EXP 	New trial (rep=0, index=40): OrderedDict([('Condition', 'Triangle'), ('FixationDur', 3500)])
291.3269 	EXP 	feedbackMsg: autoDraw = False
291.3269 	EXP 	feedbackMsg: autoDraw = False
291.3269 	EXP 	cueImage: image = 'images/Neutral.bmp'
291.3269 	EXP 	cueImage: autoDraw = True
291.4289 	DATA 	Keypress: 5
292.2140 	DATA 	Keypress: 5
292.9975 	DATA 	Keypress: 5
293.3547 	EXP 	cueImage: autoDraw = False
293.3547 	EXP 	cueImage: autoDraw = False
293.3547 	EXP 	fixation: autoDraw = True
293.7624 	DATA 	Keypress: 5
294.5472 	DATA 	Keypress: 5
295.3314 	DATA 	Keypress: 5
296.0961 	DATA 	Keypress: 5
296.8851 	DATA 	Keypress: 5
296.8935 	EXP 	fixation: autoDraw = False
296.8935 	EXP 	fixation: autoDraw = False
296.8935 	EXP 	Target: image = 'images/NeutralProbe.bmp'
296.8935 	EXP 	Target: autoDraw = True
297.2134 	DATA 	Keypress: 1
297.3934 	EXP 	Target: autoDraw = False
297.3934 	EXP 	Target: autoDraw = False
297.3934 	EXP 	feedbackMsg: text = 'Correct Response!\n\nYou did not win or lose anything!'
297.3934 	EXP 	feedbackMsg: autoDraw = True
297.6640 	DATA 	Keypress: 5
298.4294 	DATA 	Keypress: 5
298.9290 	EXP 	New trial (rep=0, index=41): OrderedDict([('Condition', 'LgPun'), ('FixationDur', 1500)])
298.9435 	EXP 	feedbackMsg: autoDraw = False
298.9435 	EXP 	feedbackMsg: autoDraw = False
298.9435 	EXP 	cueImage: image = 'images/LoseBig.bmp'
298.9435 	EXP 	cueImage: autoDraw = True
299.2146 	DATA 	Keypress: 5
299.9972 	DATA 	Keypress: 5
300.7622 	DATA 	Keypress: 5
300.9726 	EXP 	cueImage: autoDraw = False
300.9726 	EXP 	cueImage: autoDraw = False
300.9726 	EXP 	fixation: autoDraw = True
301.5488 	DATA 	Keypress: 5
302.3322 	DATA 	Keypress: 5
302.5058 	EXP 	fixation: autoDraw = False
302.5058 	EXP 	fixation: autoDraw = False
302.5058 	EXP 	Target: image = 'images/LoseProbe.bmp'
302.5058 	EXP 	Target: autoDraw = True
303.0103 	EXP 	Target: autoDraw = False
303.0103 	EXP 	Target: autoDraw = False
303.0103 	EXP 	feedbackMsg: text = 'You pressed too slow!\n\nYou lost $5.00!'
303.0103 	EXP 	feedbackMsg: autoDraw = True
303.0976 	DATA 	Keypress: 5
303.8817 	DATA 	Keypress: 5
304.5464 	EXP 	New trial (rep=0, index=42): OrderedDict([('Condition', 'SmallPun'), ('FixationDur', 3500)])
304.5608 	EXP 	feedbackMsg: autoDraw = False
304.5608 	EXP 	feedbackMsg: autoDraw = False
304.5608 	EXP 	cueImage: image = 'images/LoseSmall.bmp'
304.5608 	EXP 	cueImage: autoDraw = True
304.6642 	DATA 	Keypress: 5
305.4305 	DATA 	Keypress: 5
306.2136 	DATA 	Keypress: 5
306.5901 	EXP 	cueImage: autoDraw = False
306.5901 	EXP 	cueImage: autoDraw = False
306.5901 	EXP 	fixation: autoDraw = True
306.9988 	DATA 	Keypress: 5
307.7642 	DATA 	Keypress: 5
308.5479 	DATA 	Keypress: 5
309.3321 	DATA 	Keypress: 5
310.1194 	DATA 	Keypress: 5
310.1274 	EXP 	fixation: autoDraw = False
310.1274 	EXP 	fixation: autoDraw = False
310.1274 	EXP 	Target: image = 'images/LoseProbe.bmp'
310.1274 	EXP 	Target: autoDraw = True
310.5319 	DATA 	Keypress: 1
310.6277 	EXP 	Target: autoDraw = False
310.6277 	EXP 	Target: autoDraw = False
310.6277 	EXP 	feedbackMsg: text = 'Correct Response!\n\nYou did not lose $0.20!'
310.6277 	EXP 	feedbackMsg: autoDraw = True
310.8805 	DATA 	Keypress: 5
311.6658 	DATA 	Keypress: 5
312.1632 	EXP 	New trial (rep=0, index=43): OrderedDict([('Condition', 'LgReward'), ('FixationDur', 1500)])
312.1904 	EXP 	feedbackMsg: autoDraw = False
312.1904 	EXP 	feedbackMsg: autoDraw = False
312.1904 	EXP 	cueImage: image = 'images/WinBig.bmp'
312.1904 	EXP 	cueImage: autoDraw = True
312.4444 	DATA 	Keypress: 5
313.2130 	DATA 	Keypress: 5
313.9985 	DATA 	Keypress: 5
314.2241 	EXP 	cueImage: autoDraw = False
314.2241 	EXP 	fixation: autoDraw = True
314.7782 	DATA 	Keypress: 5
315.5441 	DATA 	Keypress: 5
315.7739 	EXP 	fixation: autoDraw = False
315.7739 	EXP 	fixation: autoDraw = False
315.7739 	EXP 	Target: image = 'images/WinProbe.bmp'
315.7739 	EXP 	Target: autoDraw = True
316.1813 	DATA 	Keypress: 1
316.3123 	EXP 	Target: autoDraw = False
316.3123 	EXP 	Target: autoDraw = False
316.3123 	EXP 	feedbackMsg: text = 'Correct Response!\n\nYou won $5.00!'
316.3123 	EXP 	feedbackMsg: autoDraw = True
316.3324 	DATA 	Keypress: 5
317.1162 	DATA 	Keypress: 5
317.7969 	EXP 	New trial (rep=0, index=44): OrderedDict([('Condition', 'SmallReward'), ('FixationDur', 2000)])
317.8240 	EXP 	feedbackMsg: autoDraw = False
317.8240 	EXP 	feedbackMsg: autoDraw = False
317.8240 	EXP 	cueImage: image = 'images/WinSmall.bmp'
317.8240 	EXP 	cueImage: autoDraw = True
317.8944 	DATA 	Keypress: 5
318.6603 	DATA 	Keypress: 5
319.4451 	DATA 	Keypress: 5
319.8585 	EXP 	cueImage: autoDraw = False
319.8585 	EXP 	fixation: autoDraw = True
320.2120 	DATA 	Keypress: 5
320.9982 	DATA 	Keypress: 5
321.7838 	DATA 	Keypress: 5
321.9085 	EXP 	fixation: autoDraw = False
321.9085 	EXP 	fixation: autoDraw = False
321.9085 	EXP 	Target: image = 'images/WinProbe.bmp'
321.9085 	EXP 	Target: autoDraw = True
322.2789 	DATA 	Keypress: 1
322.4420 	EXP 	Target: autoDraw = False
322.4420 	EXP 	Target: autoDraw = False
322.4420 	EXP 	feedbackMsg: text = 'Correct Response!\n\nYou won $0.20!'
322.4420 	EXP 	feedbackMsg: autoDraw = True
322.5619 	DATA 	Keypress: 5
323.3287 	DATA 	Keypress: 5
323.9263 	EXP 	New trial (rep=0, index=45): OrderedDict([('Condition', 'LgPun'), ('FixationDur', 2000)])
323.9416 	EXP 	feedbackMsg: autoDraw = False
323.9416 	EXP 	feedbackMsg: autoDraw = False
323.9416 	EXP 	cueImage: image = 'images/LoseBig.bmp'
323.9416 	EXP 	cueImage: autoDraw = True
324.1121 	DATA 	Keypress: 5
324.8957 	DATA 	Keypress: 5
325.6609 	DATA 	Keypress: 5
325.9748 	EXP 	cueImage: autoDraw = False
325.9748 	EXP 	cueImage: autoDraw = False
325.9748 	EXP 	fixation: autoDraw = True
326.4461 	DATA 	Keypress: 5
327.2298 	DATA 	Keypress: 5
327.9995 	DATA 	Keypress: 5
328.0093 	EXP 	fixation: autoDraw = False
328.0093 	EXP 	fixation: autoDraw = False
328.0093 	EXP 	Target: image = 'images/LoseProbe.bmp'
328.0093 	EXP 	Target: autoDraw = True
328.3130 	DATA 	Keypress: 1
328.5425 	EXP 	Target: autoDraw = False
328.5425 	EXP 	Target: autoDraw = False
328.5425 	EXP 	feedbackMsg: text = 'Correct Response!\n\nYou did not lose $5.00!'
328.5425 	EXP 	feedbackMsg: autoDraw = True
328.7790 	DATA 	Keypress: 5
329.5633 	DATA 	Keypress: 5
330.0272 	EXP 	New trial (rep=0, index=46): OrderedDict([('Condition', 'SmallReward'), ('FixationDur', 3500)])
330.0592 	EXP 	feedbackMsg: autoDraw = False
330.0592 	EXP 	feedbackMsg: autoDraw = False
330.0592 	EXP 	cueImage: image = 'images/WinSmall.bmp'
330.0592 	EXP 	cueImage: autoDraw = True
330.3279 	DATA 	Keypress: 5
331.1154 	DATA 	Keypress: 5
331.8822 	DATA 	Keypress: 5
332.0763 	EXP 	cueImage: autoDraw = False
332.0763 	EXP 	fixation: autoDraw = True
332.6626 	DATA 	Keypress: 5
333.4462 	DATA 	Keypress: 5
334.2305 	DATA 	Keypress: 5
334.9962 	DATA 	Keypress: 5
335.6262 	EXP 	fixation: autoDraw = False
335.6262 	EXP 	fixation: autoDraw = False
335.6262 	EXP 	Target: image = 'images/WinProbe.bmp'
335.6262 	EXP 	Target: autoDraw = True
335.7809 	DATA 	Keypress: 5
336.1432 	EXP 	Target: autoDraw = False
336.1432 	EXP 	Target: autoDraw = False
336.1432 	EXP 	feedbackMsg: text = 'You pressed too slow!\n\nYou did not win $0.20!'
336.1432 	EXP 	feedbackMsg: autoDraw = True
336.3312 	DATA 	Keypress: 1
336.5665 	DATA 	Keypress: 5
337.3326 	DATA 	Keypress: 5
337.6484 	EXP 	New trial (rep=0, index=47): OrderedDict([('Condition', 'SmallPun'), ('FixationDur', 2000)])
337.6626 	EXP 	feedbackMsg: autoDraw = False
337.6626 	EXP 	feedbackMsg: autoDraw = False
337.6626 	EXP 	cueImage: image = 'images/LoseSmall.bmp'
337.6626 	EXP 	cueImage: autoDraw = True
338.1154 	DATA 	Keypress: 5
338.9004 	DATA 	Keypress: 5
339.6848 	DATA 	Keypress: 5
339.6939 	EXP 	cueImage: autoDraw = False
339.6939 	EXP 	cueImage: autoDraw = False
339.6939 	EXP 	fixation: autoDraw = True
340.4499 	DATA 	Keypress: 5
341.2328 	DATA 	Keypress: 5
341.7275 	EXP 	fixation: autoDraw = False
341.7275 	EXP 	fixation: autoDraw = False
341.7275 	EXP 	Target: image = 'images/LoseProbe.bmp'
341.7275 	EXP 	Target: autoDraw = True
341.9994 	DATA 	Keypress: 5
342.2443 	EXP 	Target: autoDraw = False
342.2443 	EXP 	Target: autoDraw = False
342.2443 	EXP 	feedbackMsg: text = 'You pressed too slow!\n\nYou lost $0.20!'
342.2443 	EXP 	feedbackMsg: autoDraw = True
342.2637 	DATA 	Keypress: 1
342.7828 	DATA 	Keypress: 5
343.5678 	DATA 	Keypress: 5
343.7487 	EXP 	New trial (rep=0, index=48): OrderedDict([('Condition', 'LgReward'), ('FixationDur', 1500)])
343.7776 	EXP 	feedbackMsg: autoDraw = False
343.7776 	EXP 	feedbackMsg: autoDraw = False
343.7776 	EXP 	cueImage: image = 'images/WinBig.bmp'
343.7776 	EXP 	cueImage: autoDraw = True
344.3328 	DATA 	Keypress: 5
345.1164 	DATA 	Keypress: 5
345.8119 	EXP 	cueImage: autoDraw = False
345.8119 	EXP 	fixation: autoDraw = True
345.9010 	DATA 	Keypress: 5
346.6673 	DATA 	Keypress: 5
347.3619 	EXP 	fixation: autoDraw = False
347.3619 	EXP 	fixation: autoDraw = False
347.3619 	EXP 	Target: image = 'images/WinProbe.bmp'
347.3619 	EXP 	Target: autoDraw = True
347.4499 	DATA 	Keypress: 5
347.7501 	DATA 	Keypress: 1
347.8785 	EXP 	Target: autoDraw = False
347.8785 	EXP 	Target: autoDraw = False
347.8785 	EXP 	feedbackMsg: text = 'Correct Response!\n\nYou won $5.00!'
347.8785 	EXP 	feedbackMsg: autoDraw = True
348.2329 	DATA 	Keypress: 5
348.9995 	DATA 	Keypress: 5
349.3824 	EXP 	New trial (rep=0, index=49): OrderedDict([('Condition', 'SmallPun'), ('FixationDur', 4000)])
349.3966 	EXP 	feedbackMsg: autoDraw = False
349.3966 	EXP 	feedbackMsg: autoDraw = False
349.3966 	EXP 	cueImage: image = 'images/LoseSmall.bmp'
349.3966 	EXP 	cueImage: autoDraw = True
349.7834 	DATA 	Keypress: 5
350.5664 	DATA 	Keypress: 5
351.3487 	DATA 	Keypress: 5
351.4289 	EXP 	cueImage: autoDraw = False
351.4289 	EXP 	cueImage: autoDraw = False
351.4289 	EXP 	fixation: autoDraw = True
352.1169 	DATA 	Keypress: 5
352.9016 	DATA 	Keypress: 5
353.6676 	DATA 	Keypress: 5
354.4509 	DATA 	Keypress: 5
355.2351 	DATA 	Keypress: 5
355.4628 	EXP 	fixation: autoDraw = False
355.4628 	EXP 	fixation: autoDraw = False
355.4628 	EXP 	Target: image = 'images/LoseProbe.bmp'
355.4628 	EXP 	Target: autoDraw = True
355.8175 	DATA 	Keypress: 1
355.9629 	EXP 	Target: autoDraw = False
355.9629 	EXP 	Target: autoDraw = False
355.9629 	EXP 	feedbackMsg: text = 'Correct Response!\n\nYou did not lose $0.20!'
355.9629 	EXP 	feedbackMsg: autoDraw = True
356.0185 	DATA 	Keypress: 5
356.7835 	DATA 	Keypress: 5
357.5144 	EXP 	feedbackMsg: autoDraw = False
357.5144 	EXP 	feedbackMsg: autoDraw = False
357.5144 	EXP 	polygon: autoDraw = True
357.5681 	DATA 	Keypress: 5
358.3509 	DATA 	Keypress: 5
359.1174 	DATA 	Keypress: 5
359.9008 	DATA 	Keypress: 5
360.6855 	DATA 	Keypress: 5
362.5303 	EXP 	polygon: autoDraw = False
362.5303 	EXP 	polygon: autoDraw = False
362.5303 	EXP 	text: text = 'All done!\n\nYou earned a total of: $9.80!'
362.5303 	EXP 	text: autoDraw = True
365.5481 	EXP 	text: autoDraw = False
365.5481 	EXP 	text: autoDraw = False
365.5481 	EXP 	polygon2: autoDraw = True
369.9677 	DATA 	Keypress: escape
370.2987 	EXP 	window1: mouseVisible = True
