13.6874 	EXP 	Created window1 = Window(allowGUI=False, allowStencil=False, args=UNKNOWN, autoLog=True, bitsMode=UNKNOWN, blendMode='avg', color=array([0., 0., 0.]), colorSpace='rgb', fullscr=<method-wrapper '__getattribute__' of attributeSetter object at 0x1353babe0>, gamma=None, kwargs=UNKNOWN, lms=UNKNOWN, monitor=<psychopy.monitors.calibTools.Monitor object at 0x135755e80>, multiSample=False, name='window1', numSamples=2, pos=[0.0, 0.0], screen=0, size=array([1920, 1080]), stereo=False, units='height', useFBO=True, useRetina=False, viewOri=0.0, viewPos=None, viewScale=None, waitBlanking=True, winType='pyglet')
13.6875 	EXP 	window1: recordFrameIntervals = False
13.8539 	EXP 	window1: recordFrameIntervals = True
14.0365 	EXP 	window1: recordFrameIntervals = False
14.0365 	EXP 	window1: recordFrameIntervals = False
14.2028 	EXP 	window1: recordFrameIntervals = True
14.3861 	EXP 	window1: recordFrameIntervals = False
14.8394 	EXP 	Created preinstruct_text = TextStim(__class__=<class 'psychopy.visual.text.TextStim'>, alignHoriz='center', alignVert='center', antialias=True, autoLog=True, bold=False, color='white', colorSpace='named', contrast=1.0, depth=0.0, flipHoriz=False, flipVert=False, font='Arial', fontFiles=[], height=0.05, italic=False, languageStyle='LTR', name='preinstruct_text', opacity=1.0, ori=0, pos=array([0., 0.]), rgb=array([255., 255., 255.]), text='Money Task - Scanner 2', units='height', win=Window(...), wrapWidth=1)
14.8834 	EXP 	Created instructFig = ImageStim(__class__=<class 'psychopy.visual.image.ImageStim'>, autoLog=True, color=array([1., 1., 1.]), colorSpace='rgb', contrast=1.0, depth=0.0, flipHoriz=False, flipVert=False, image='images/MID_instructions.bmp', interpolate=True, mask=None, maskParams=None, name='instructFig', opacity=1.0, ori=0.0, pos=array([0., 0.]), size=array([1.3, 1. ]), texRes=128, units='height', win=Window(...))
14.8850 	EXP 	Created PrepFixation = ShapeStim(__class__=<class 'psychopy.visual.shape.ShapeStim'>, autoDraw=False, autoLog=True, closeShape=True, contrast=1.0, depth=0.0, fillColor=array([1., 1., 1.]), fillColorSpace='rgb', interpolate=True, lineColor=array([1., 1., 1.]), lineColorSpace='rgb', lineWidth=1, name='PrepFixation', opacity=1.0, ori=array(0.), pos=array([0., 0.]), size=array([0.05, 0.05]), units='height', vertices=ndarray(...), win=Window(...), windingRule=None)
14.8865 	EXP 	Created cueImage = ImageStim(__class__=<class 'psychopy.visual.image.ImageStim'>, autoLog=True, color=array([1., 1., 1.]), colorSpace='rgb', contrast=1.0, depth=0.0, flipHoriz=False, flipVert=False, image='sin', interpolate=True, mask=None, maskParams=None, name='cueImage', opacity=1.0, ori=0.0, pos=array([0., 0.]), size=array([1.3, 1. ]), texRes=128, units='height', win=Window(...))
14.8880 	EXP 	Created fixation = ShapeStim(__class__=<class 'psychopy.visual.shape.ShapeStim'>, autoDraw=False, autoLog=True, closeShape=True, contrast=1.0, depth=-1.0, fillColor=array([1., 1., 1.]), fillColorSpace='rgb', interpolate=True, lineColor=array([1., 1., 1.]), lineColorSpace='rgb', lineWidth=1, name='fixation', opacity=1.0, ori=array(0.), pos=array([0., 0.]), size=array([0.05, 0.05]), units='height', vertices=ndarray(...), win=Window(...), windingRule=None)
14.8897 	EXP 	Created Target = ImageStim(__class__=<class 'psychopy.visual.image.ImageStim'>, autoLog=True, color=array([1., 1., 1.]), colorSpace='rgb', contrast=1.0, depth=-1.0, flipHoriz=False, flipVert=False, image='sin', interpolate=True, mask=None, maskParams=None, name='Target', opacity=1.0, ori=0.0, pos=array([0., 0.]), size=array([1.3, 1. ]), texRes=128, units='height', win=Window(...))
14.8995 	EXP 	Created feedbackMsg = TextStim(__class__=<class 'psychopy.visual.text.TextStim'>, alignHoriz='center', alignVert='center', antialias=True, autoLog=True, bold=False, color='white', colorSpace='named', contrast=1.0, depth=-2.0, flipHoriz=False, flipVert=False, font='Arial', fontFiles=[], height=0.05, italic=False, languageStyle='LTR', name='feedbackMsg', opacity=1.0, ori=0, pos=array([0., 0.]), rgb=array([255., 255., 255.]), text='default text', units='height', win=Window(...), wrapWidth=2)
14.9011 	EXP 	Created polygon = ShapeStim(__class__=<class 'psychopy.visual.shape.ShapeStim'>, autoDraw=False, autoLog=True, closeShape=True, contrast=1.0, depth=0.0, fillColor=array([1., 1., 1.]), fillColorSpace='rgb', interpolate=True, lineColor=array([1., 1., 1.]), lineColorSpace='rgb', lineWidth=1, name='polygon', opacity=1.0, ori=array(0.), pos=array([0., 0.]), size=array([0.05, 0.05]), units='height', vertices=ndarray(...), win=Window(...), windingRule=None)
14.9087 	EXP 	Created text = TextStim(__class__=<class 'psychopy.visual.text.TextStim'>, alignHoriz='center', alignVert='center', antialias=True, autoLog=True, bold=False, color='white', colorSpace='named', contrast=1.0, depth=-1.0, flipHoriz=False, flipVert=False, font='Arial', fontFiles=[], height=0.07, italic=False, languageStyle='LTR', name='text', opacity=1.0, ori=0, pos=array([0., 0.]), rgb=array([255., 255., 255.]), text='default text', units='height', win=Window(...), wrapWidth=1)
14.9103 	EXP 	Created polygon2 = ShapeStim(__class__=<class 'psychopy.visual.shape.ShapeStim'>, autoDraw=False, autoLog=True, closeShape=True, contrast=1.0, depth=0.0, fillColor=array([1., 1., 1.]), fillColorSpace='rgb', interpolate=True, lineColor=array([1., 1., 1.]), lineColorSpace='rgb', lineWidth=1, name='polygon2', opacity=1.0, ori=array(0.), pos=array([0., 0.]), size=array([0.05, 0.05]), units='height', vertices=ndarray(...), win=Window(...), windingRule=None)
14.9189 	EXP 	preinstruct_text: autoDraw = True
16.9692 	EXP 	preinstruct_text: autoDraw = False
16.9692 	EXP 	instructFig: autoDraw = True
20.9248 	DATA 	Keypress: 1
30.2666 	DATA 	Keypress: 5
30.2789 	EXP 	instructFig: autoDraw = False
30.2789 	EXP 	PrepFixation: autoDraw = True
31.0401 	DATA 	Keypress: 5
31.8235 	DATA 	Keypress: 5
32.2647 	EXP 	Imported TimeVersion16.csv as conditions, 50 conditions, 2 params
32.2651 	EXP 	Created sequence: sequential, trialTypes=50, nReps=1, seed=None
32.2654 	EXP 	New trial (rep=0, index=0): OrderedDict([('Condition', 'SmallPun'), ('FixationDur', 3500)])
32.2868 	EXP 	PrepFixation: autoDraw = False
32.2868 	EXP 	PrepFixation: autoDraw = False
32.2868 	EXP 	cueImage: image = 'images/LoseSmall.bmp'
32.2868 	EXP 	cueImage: autoDraw = True
32.5901 	DATA 	Keypress: 5
32.8741 	DATA 	Keypress: 1
33.3723 	DATA 	Keypress: 5
34.1577 	DATA 	Keypress: 5
34.3125 	EXP 	cueImage: autoDraw = False
34.3125 	EXP 	fixation: autoDraw = True
34.9241 	DATA 	Keypress: 5
35.7068 	DATA 	Keypress: 5
36.4912 	DATA 	Keypress: 5
37.2752 	DATA 	Keypress: 5
37.8537 	EXP 	fixation: autoDraw = False
37.8537 	EXP 	fixation: autoDraw = False
37.8537 	EXP 	Target: image = 'images/LoseProbe.bmp'
37.8537 	EXP 	Target: autoDraw = True
38.0393 	DATA 	Keypress: 5
38.2459 	EXP 	Target: autoDraw = False
38.2459 	EXP 	Target: autoDraw = False
38.2459 	EXP 	feedbackMsg: text = 'You pressed too slow!\n\nYou lost $0.20!'
38.2459 	EXP 	feedbackMsg: autoDraw = True
38.2558 	DATA 	Keypress: 1
38.8258 	DATA 	Keypress: 5
39.6085 	DATA 	Keypress: 5
39.8897 	EXP 	New trial (rep=0, index=1): OrderedDict([('Condition', 'Triangle'), ('FixationDur', 3000)])
39.9039 	EXP 	feedbackMsg: autoDraw = False
39.9039 	EXP 	feedbackMsg: autoDraw = False
39.9039 	EXP 	cueImage: image = 'images/Neutral.bmp'
39.9039 	EXP 	cueImage: autoDraw = True
40.3732 	DATA 	Keypress: 5
41.1566 	DATA 	Keypress: 5
41.9304 	EXP 	cueImage: autoDraw = False
41.9304 	EXP 	cueImage: autoDraw = False
41.9304 	EXP 	fixation: autoDraw = True
41.9332 	DATA 	Keypress: 5
42.7075 	DATA 	Keypress: 5
43.4910 	DATA 	Keypress: 5
44.2739 	DATA 	Keypress: 5
44.9708 	EXP 	fixation: autoDraw = False
44.9708 	EXP 	fixation: autoDraw = False
44.9708 	EXP 	Target: image = 'images/NeutralProbe.bmp'
44.9708 	EXP 	Target: autoDraw = True
45.0410 	DATA 	Keypress: 5
45.2579 	DATA 	Keypress: 1
45.3640 	EXP 	Target: autoDraw = False
45.3640 	EXP 	Target: autoDraw = False
45.3640 	EXP 	feedbackMsg: text = 'Correct Response!\n\nYou did not win or lose anything!'
45.3640 	EXP 	feedbackMsg: autoDraw = True
45.8242 	DATA 	Keypress: 5
46.6091 	DATA 	Keypress: 5
47.0052 	EXP 	New trial (rep=0, index=2): OrderedDict([('Condition', 'SmallPun'), ('FixationDur', 2000)])
47.0216 	EXP 	feedbackMsg: autoDraw = False
47.0216 	EXP 	feedbackMsg: autoDraw = False
47.0216 	EXP 	cueImage: image = 'images/LoseSmall.bmp'
47.0216 	EXP 	cueImage: autoDraw = True
47.3739 	DATA 	Keypress: 5
48.1582 	DATA 	Keypress: 5
48.9407 	DATA 	Keypress: 5
49.0486 	EXP 	cueImage: autoDraw = False
49.0486 	EXP 	fixation: autoDraw = True
49.7079 	DATA 	Keypress: 5
50.4910 	DATA 	Keypress: 5
51.0829 	EXP 	fixation: autoDraw = False
51.0829 	EXP 	fixation: autoDraw = False
51.0829 	EXP 	Target: image = 'images/LoseProbe.bmp'
51.0829 	EXP 	Target: autoDraw = True
51.2758 	DATA 	Keypress: 5
51.4469 	DATA 	Keypress: 1
51.4549 	EXP 	Target: autoDraw = False
51.4549 	EXP 	Target: autoDraw = False
51.4549 	EXP 	feedbackMsg: text = 'You pressed too slow!\n\nYou lost $0.20!'
51.4549 	EXP 	feedbackMsg: autoDraw = True
52.0571 	DATA 	Keypress: 5
52.8249 	DATA 	Keypress: 5
53.1068 	EXP 	New trial (rep=0, index=3): OrderedDict([('Condition', 'SmallReward'), ('FixationDur', 1500)])
53.1324 	EXP 	feedbackMsg: autoDraw = False
53.1324 	EXP 	feedbackMsg: autoDraw = False
53.1324 	EXP 	cueImage: image = 'images/WinSmall.bmp'
53.1324 	EXP 	cueImage: autoDraw = True
53.6083 	DATA 	Keypress: 5
54.3748 	DATA 	Keypress: 5
55.1579 	DATA 	Keypress: 5
55.1655 	EXP 	cueImage: autoDraw = False
55.1655 	EXP 	fixation: autoDraw = True
55.9429 	DATA 	Keypress: 5
56.7148 	EXP 	fixation: autoDraw = False
56.7148 	EXP 	fixation: autoDraw = False
56.7148 	EXP 	Target: image = 'images/WinProbe.bmp'
56.7148 	EXP 	Target: autoDraw = True
56.7189 	DATA 	Keypress: 5
57.0853 	DATA 	Keypress: 1
57.0991 	EXP 	Target: autoDraw = False
57.0991 	EXP 	Target: autoDraw = False
57.0991 	EXP 	feedbackMsg: text = 'You pressed too slow!\n\nYou did not win $0.20!'
57.0991 	EXP 	feedbackMsg: autoDraw = True
57.4911 	DATA 	Keypress: 5
58.2759 	DATA 	Keypress: 5
58.7395 	EXP 	New trial (rep=0, index=4): OrderedDict([('Condition', 'LgReward'), ('FixationDur', 1500)])
58.7660 	EXP 	feedbackMsg: autoDraw = False
58.7660 	EXP 	feedbackMsg: autoDraw = False
58.7660 	EXP 	cueImage: image = 'images/WinBig.bmp'
58.7660 	EXP 	cueImage: autoDraw = True
59.0593 	DATA 	Keypress: 5
59.8237 	DATA 	Keypress: 5
60.6086 	DATA 	Keypress: 5
60.7996 	EXP 	cueImage: autoDraw = False
60.7996 	EXP 	fixation: autoDraw = True
61.3933 	DATA 	Keypress: 5
62.1574 	DATA 	Keypress: 5
62.3492 	EXP 	fixation: autoDraw = False
62.3492 	EXP 	fixation: autoDraw = False
62.3492 	EXP 	Target: image = 'images/WinProbe.bmp'
62.3492 	EXP 	Target: autoDraw = True
62.7890 	EXP 	Target: autoDraw = False
62.7890 	EXP 	Target: autoDraw = False
62.7890 	EXP 	feedbackMsg: text = 'You pressed too slow!\n\nYou did not win $5.00!'
62.7890 	EXP 	feedbackMsg: autoDraw = True
62.8092 	DATA 	Keypress: 1
62.9432 	DATA 	Keypress: 5
63.7259 	DATA 	Keypress: 5
64.3743 	EXP 	New trial (rep=0, index=5): OrderedDict([('Condition', 'SmallReward'), ('FixationDur', 1500)])
64.4003 	EXP 	feedbackMsg: autoDraw = False
64.4003 	EXP 	feedbackMsg: autoDraw = False
64.4003 	EXP 	cueImage: image = 'images/WinSmall.bmp'
64.4003 	EXP 	cueImage: autoDraw = True
64.4913 	DATA 	Keypress: 5
65.2751 	DATA 	Keypress: 5
66.0598 	DATA 	Keypress: 5
66.4342 	EXP 	cueImage: autoDraw = False
66.4342 	EXP 	fixation: autoDraw = True
66.8252 	DATA 	Keypress: 5
67.6093 	DATA 	Keypress: 5
67.9672 	EXP 	fixation: autoDraw = False
67.9672 	EXP 	fixation: autoDraw = False
67.9672 	EXP 	Target: image = 'images/WinProbe.bmp'
67.9672 	EXP 	Target: autoDraw = True
68.2584 	DATA 	Keypress: 1
68.4170 	DATA 	Keypress: 5
68.4228 	EXP 	Target: autoDraw = False
68.4228 	EXP 	Target: autoDraw = False
68.4228 	EXP 	feedbackMsg: text = 'Correct Response!\n\nYou won $0.20!'
68.4228 	EXP 	feedbackMsg: autoDraw = True
69.1593 	DATA 	Keypress: 5
69.9429 	DATA 	Keypress: 5
70.0082 	EXP 	New trial (rep=0, index=6): OrderedDict([('Condition', 'Triangle'), ('FixationDur', 1500)])
70.0227 	EXP 	feedbackMsg: autoDraw = False
70.0227 	EXP 	feedbackMsg: autoDraw = False
70.0227 	EXP 	cueImage: image = 'images/Neutral.bmp'
70.0227 	EXP 	cueImage: autoDraw = True
70.7254 	DATA 	Keypress: 5
71.4923 	DATA 	Keypress: 5
72.0512 	EXP 	cueImage: autoDraw = False
72.0512 	EXP 	cueImage: autoDraw = False
72.0512 	EXP 	fixation: autoDraw = True
72.2761 	DATA 	Keypress: 5
73.0602 	DATA 	Keypress: 5
73.5841 	EXP 	fixation: autoDraw = False
73.5841 	EXP 	fixation: autoDraw = False
73.5841 	EXP 	Target: image = 'images/NeutralProbe.bmp'
73.5841 	EXP 	Target: autoDraw = True
73.8265 	DATA 	Keypress: 5
74.0400 	EXP 	Target: autoDraw = False
74.0400 	EXP 	Target: autoDraw = False
74.0400 	EXP 	feedbackMsg: text = 'You pressed too slow!\n\nYou did not win or lose anything!'
74.0400 	EXP 	feedbackMsg: autoDraw = True
74.6093 	DATA 	Keypress: 5
75.3923 	DATA 	Keypress: 5
75.6248 	EXP 	New trial (rep=0, index=7): OrderedDict([('Condition', 'LgPun'), ('FixationDur', 2500)])
75.6397 	EXP 	feedbackMsg: autoDraw = False
75.6397 	EXP 	feedbackMsg: autoDraw = False
75.6397 	EXP 	cueImage: image = 'images/LoseBig.bmp'
75.6397 	EXP 	cueImage: autoDraw = True
76.1761 	DATA 	Keypress: 5
76.9421 	DATA 	Keypress: 5
77.6683 	EXP 	cueImage: autoDraw = False
77.6683 	EXP 	cueImage: autoDraw = False
77.6683 	EXP 	fixation: autoDraw = True
77.7272 	DATA 	Keypress: 5
78.5117 	DATA 	Keypress: 5
79.2753 	DATA 	Keypress: 5
80.0610 	DATA 	Keypress: 5
80.2014 	EXP 	fixation: autoDraw = False
80.2014 	EXP 	fixation: autoDraw = False
80.2014 	EXP 	Target: image = 'images/LoseProbe.bmp'
80.2014 	EXP 	Target: autoDraw = True
80.5098 	DATA 	Keypress: 1
80.6566 	EXP 	Target: autoDraw = False
80.6566 	EXP 	Target: autoDraw = False
80.6566 	EXP 	feedbackMsg: text = 'Correct Response!\n\nYou did not lose $5.00!'
80.6566 	EXP 	feedbackMsg: autoDraw = True
80.8443 	DATA 	Keypress: 5
81.6090 	DATA 	Keypress: 5
82.2420 	EXP 	New trial (rep=0, index=8): OrderedDict([('Condition', 'SmallReward'), ('FixationDur', 3500)])
82.2687 	EXP 	feedbackMsg: autoDraw = False
82.2687 	EXP 	feedbackMsg: autoDraw = False
82.2687 	EXP 	cueImage: image = 'images/WinSmall.bmp'
82.2687 	EXP 	cueImage: autoDraw = True
82.3940 	DATA 	Keypress: 5
83.1769 	DATA 	Keypress: 5
83.9425 	DATA 	Keypress: 5
84.3029 	EXP 	cueImage: autoDraw = False
84.3029 	EXP 	fixation: autoDraw = True
84.7215 	DATA 	Keypress: 5
85.5074 	DATA 	Keypress: 5
86.2765 	DATA 	Keypress: 5
87.0610 	DATA 	Keypress: 5
87.8449 	DATA 	Keypress: 5
87.8523 	EXP 	fixation: autoDraw = False
87.8523 	EXP 	fixation: autoDraw = False
87.8523 	EXP 	Target: image = 'images/WinProbe.bmp'
87.8523 	EXP 	Target: autoDraw = True
88.1930 	DATA 	Keypress: 1
88.3408 	EXP 	Target: autoDraw = False
88.3408 	EXP 	Target: autoDraw = False
88.3408 	EXP 	feedbackMsg: text = 'Correct Response!\n\nYou won $0.20!'
88.3408 	EXP 	feedbackMsg: autoDraw = True
88.6104 	DATA 	Keypress: 5
89.3937 	DATA 	Keypress: 5
89.8760 	EXP 	New trial (rep=0, index=9): OrderedDict([('Condition', 'SmallReward'), ('FixationDur', 2000)])
89.9028 	EXP 	feedbackMsg: autoDraw = False
89.9028 	EXP 	feedbackMsg: autoDraw = False
89.9028 	EXP 	cueImage: image = 'images/WinSmall.bmp'
89.9028 	EXP 	cueImage: autoDraw = True
90.1742 	DATA 	Keypress: 5
90.9565 	DATA 	Keypress: 5
91.7221 	DATA 	Keypress: 5
91.9369 	EXP 	cueImage: autoDraw = False
91.9369 	EXP 	fixation: autoDraw = True
92.5062 	DATA 	Keypress: 5
93.2776 	DATA 	Keypress: 5
93.9865 	EXP 	fixation: autoDraw = False
93.9865 	EXP 	fixation: autoDraw = False
93.9865 	EXP 	Target: image = 'images/WinProbe.bmp'
93.9865 	EXP 	Target: autoDraw = True
94.0565 	DATA 	Keypress: 5
94.4707 	EXP 	Target: autoDraw = False
94.4707 	EXP 	Target: autoDraw = False
94.4707 	EXP 	feedbackMsg: text = 'You pressed too slow!\n\nYou did not win $0.20!'
94.4707 	EXP 	feedbackMsg: autoDraw = True
94.5400 	DATA 	Keypress: 1
94.8439 	DATA 	Keypress: 5
95.6114 	DATA 	Keypress: 5
96.0102 	EXP 	New trial (rep=0, index=10): OrderedDict([('Condition', 'Triangle'), ('FixationDur', 4000)])
96.0243 	EXP 	feedbackMsg: autoDraw = False
96.0243 	EXP 	feedbackMsg: autoDraw = False
96.0243 	EXP 	cueImage: image = 'images/Neutral.bmp'
96.0243 	EXP 	cueImage: autoDraw = True
96.3932 	DATA 	Keypress: 5
97.1768 	DATA 	Keypress: 5
97.9619 	DATA 	Keypress: 5
98.0547 	EXP 	cueImage: autoDraw = False
98.0547 	EXP 	cueImage: autoDraw = False
98.0547 	EXP 	fixation: autoDraw = True
98.7240 	DATA 	Keypress: 5
99.5078 	DATA 	Keypress: 5
100.2923 	DATA 	Keypress: 5
101.0577 	DATA 	Keypress: 5
101.8410 	DATA 	Keypress: 5
102.0880 	EXP 	fixation: autoDraw = False
102.0880 	EXP 	fixation: autoDraw = False
102.0880 	EXP 	Target: image = 'images/NeutralProbe.bmp'
102.0880 	EXP 	Target: autoDraw = True
102.5714 	EXP 	Target: autoDraw = False
102.5714 	EXP 	Target: autoDraw = False
102.5714 	EXP 	feedbackMsg: text = 'You pressed too slow!\n\nYou did not win or lose anything!'
102.5714 	EXP 	feedbackMsg: autoDraw = True
102.6247 	DATA 	Keypress: 5
102.6917 	DATA 	Keypress: 1
103.3914 	DATA 	Keypress: 5
104.1067 	EXP 	New trial (rep=0, index=11): OrderedDict([('Condition', 'SmallPun'), ('FixationDur', 1500)])
104.1219 	EXP 	feedbackMsg: autoDraw = False
104.1219 	EXP 	feedbackMsg: autoDraw = False
104.1219 	EXP 	cueImage: image = 'images/LoseSmall.bmp'
104.1219 	EXP 	cueImage: autoDraw = True
104.1744 	DATA 	Keypress: 5
104.9587 	DATA 	Keypress: 5
105.7422 	DATA 	Keypress: 5
106.1557 	EXP 	cueImage: autoDraw = False
106.1557 	EXP 	cueImage: autoDraw = False
106.1557 	EXP 	fixation: autoDraw = True
106.5089 	DATA 	Keypress: 5
107.2960 	DATA 	Keypress: 5
107.6916 	EXP 	fixation: autoDraw = False
107.6916 	EXP 	fixation: autoDraw = False
107.6916 	EXP 	Target: image = 'images/LoseProbe.bmp'
107.6916 	EXP 	Target: autoDraw = True
108.0613 	DATA 	Keypress: 5
108.1692 	DATA 	Keypress: 1
108.1746 	EXP 	Target: autoDraw = False
108.1746 	EXP 	Target: autoDraw = False
108.1746 	EXP 	feedbackMsg: text = 'You pressed too slow!\n\nYou lost $0.20!'
108.1746 	EXP 	feedbackMsg: autoDraw = True
108.8451 	DATA 	Keypress: 5
109.6297 	DATA 	Keypress: 5
109.7110 	EXP 	New trial (rep=0, index=12): OrderedDict([('Condition', 'LgReward'), ('FixationDur', 2500)])
109.7393 	EXP 	feedbackMsg: autoDraw = False
109.7393 	EXP 	feedbackMsg: autoDraw = False
109.7393 	EXP 	cueImage: image = 'images/WinBig.bmp'
109.7393 	EXP 	cueImage: autoDraw = True
110.4091 	DATA 	Keypress: 5
111.1750 	DATA 	Keypress: 5
111.7730 	EXP 	cueImage: autoDraw = False
111.7730 	EXP 	fixation: autoDraw = True
111.9600 	DATA 	Keypress: 5
112.7290 	DATA 	Keypress: 5
112.7949 	DATA 	Keypress: 1
113.5122 	DATA 	Keypress: 5
114.3135 	DATA 	Keypress: 5
114.3232 	EXP 	fixation: autoDraw = False
114.3232 	EXP 	fixation: autoDraw = False
114.3232 	EXP 	Target: image = 'images/WinProbe.bmp'
114.3232 	EXP 	Target: autoDraw = True
114.8230 	DATA 	Keypress: 1
114.8399 	EXP 	Target: autoDraw = False
114.8399 	EXP 	Target: autoDraw = False
114.8399 	EXP 	feedbackMsg: text = 'You pressed too soon!\n\nYou did not win $5.00!'
114.8399 	EXP 	feedbackMsg: autoDraw = True
115.0764 	DATA 	Keypress: 5
115.8446 	DATA 	Keypress: 5
116.3443 	EXP 	New trial (rep=0, index=13): OrderedDict([('Condition', 'SmallReward'), ('FixationDur', 3000)])
116.3736 	EXP 	feedbackMsg: autoDraw = False
116.3736 	EXP 	feedbackMsg: autoDraw = False
116.3736 	EXP 	cueImage: image = 'images/WinSmall.bmp'
116.3736 	EXP 	cueImage: autoDraw = True
116.6296 	DATA 	Keypress: 5
117.4121 	DATA 	Keypress: 5
118.1782 	DATA 	Keypress: 5
118.4070 	EXP 	cueImage: autoDraw = False
118.4070 	EXP 	fixation: autoDraw = True
118.9635 	DATA 	Keypress: 5
119.7470 	DATA 	Keypress: 5
120.5130 	DATA 	Keypress: 5
121.2968 	DATA 	Keypress: 5
121.4737 	EXP 	fixation: autoDraw = False
121.4737 	EXP 	fixation: autoDraw = False
121.4737 	EXP 	Target: image = 'images/WinProbe.bmp'
121.4737 	EXP 	Target: autoDraw = True
121.7801 	DATA 	Keypress: 1
121.9736 	EXP 	Target: autoDraw = False
121.9736 	EXP 	Target: autoDraw = False
121.9736 	EXP 	feedbackMsg: text = 'Correct Response!\n\nYou won $0.20!'
121.9736 	EXP 	feedbackMsg: autoDraw = True
122.0794 	DATA 	Keypress: 5
122.8451 	DATA 	Keypress: 5
123.4938 	EXP 	New trial (rep=0, index=14): OrderedDict([('Condition', 'SmallPun'), ('FixationDur', 1500)])
123.5091 	EXP 	feedbackMsg: autoDraw = False
123.5091 	EXP 	feedbackMsg: autoDraw = False
123.5091 	EXP 	cueImage: image = 'images/LoseSmall.bmp'
123.5091 	EXP 	cueImage: autoDraw = True
123.6285 	DATA 	Keypress: 5
124.4133 	DATA 	Keypress: 5
125.1780 	DATA 	Keypress: 5
125.5412 	EXP 	cueImage: autoDraw = False
125.5412 	EXP 	cueImage: autoDraw = False
125.5412 	EXP 	fixation: autoDraw = True
125.9639 	DATA 	Keypress: 5
126.7476 	DATA 	Keypress: 5
127.0744 	EXP 	fixation: autoDraw = False
127.0744 	EXP 	fixation: autoDraw = False
127.0744 	EXP 	Target: image = 'images/LoseProbe.bmp'
127.0744 	EXP 	Target: autoDraw = True
127.4463 	DATA 	Keypress: 1
127.5127 	DATA 	Keypress: 5
127.5750 	EXP 	Target: autoDraw = False
127.5750 	EXP 	Target: autoDraw = False
127.5750 	EXP 	feedbackMsg: text = 'Correct Response!\n\nYou did not lose $0.20!'
127.5750 	EXP 	feedbackMsg: autoDraw = True
128.2963 	DATA 	Keypress: 5
129.0811 	DATA 	Keypress: 5
129.0943 	EXP 	New trial (rep=0, index=15): OrderedDict([('Condition', 'Triangle'), ('FixationDur', 2500)])
129.1097 	EXP 	feedbackMsg: autoDraw = False
129.1097 	EXP 	feedbackMsg: autoDraw = False
129.1097 	EXP 	cueImage: image = 'images/Neutral.bmp'
129.1097 	EXP 	cueImage: autoDraw = True
129.8460 	DATA 	Keypress: 5
130.6295 	DATA 	Keypress: 5
131.1422 	EXP 	cueImage: autoDraw = False
131.1422 	EXP 	cueImage: autoDraw = False
131.1422 	EXP 	fixation: autoDraw = True
131.4145 	DATA 	Keypress: 5
132.1800 	DATA 	Keypress: 5
132.9630 	DATA 	Keypress: 5
133.6756 	EXP 	fixation: autoDraw = False
133.6756 	EXP 	fixation: autoDraw = False
133.6756 	EXP 	Target: image = 'images/NeutralProbe.bmp'
133.6756 	EXP 	Target: autoDraw = True
133.7465 	DATA 	Keypress: 5
134.1919 	EXP 	Target: autoDraw = False
134.1919 	EXP 	Target: autoDraw = False
134.1919 	EXP 	feedbackMsg: text = 'You pressed too slow!\n\nYou did not win or lose anything!'
134.1919 	EXP 	feedbackMsg: autoDraw = True
134.5131 	DATA 	Keypress: 5
135.2969 	DATA 	Keypress: 5
135.6953 	EXP 	New trial (rep=0, index=16): OrderedDict([('Condition', 'Triangle'), ('FixationDur', 1500)])
135.7101 	EXP 	feedbackMsg: autoDraw = False
135.7101 	EXP 	feedbackMsg: autoDraw = False
135.7101 	EXP 	cueImage: image = 'images/Neutral.bmp'
135.7101 	EXP 	cueImage: autoDraw = True
136.0799 	DATA 	Keypress: 5
136.8463 	DATA 	Keypress: 5
137.6295 	DATA 	Keypress: 5
137.7432 	EXP 	cueImage: autoDraw = False
137.7432 	EXP 	cueImage: autoDraw = False
137.7432 	EXP 	fixation: autoDraw = True
138.4138 	DATA 	Keypress: 5
139.1808 	DATA 	Keypress: 5
139.2760 	EXP 	fixation: autoDraw = False
139.2760 	EXP 	fixation: autoDraw = False
139.2760 	EXP 	Target: image = 'images/NeutralProbe.bmp'
139.2760 	EXP 	Target: autoDraw = True
139.7932 	EXP 	Target: autoDraw = False
139.7932 	EXP 	Target: autoDraw = False
139.7932 	EXP 	feedbackMsg: text = 'You pressed too slow!\n\nYou did not win or lose anything!'
139.7932 	EXP 	feedbackMsg: autoDraw = True
139.9631 	DATA 	Keypress: 5
140.7478 	DATA 	Keypress: 5
141.2793 	EXP 	New trial (rep=0, index=17): OrderedDict([('Condition', 'SmallPun'), ('FixationDur', 4000)])
141.2935 	EXP 	feedbackMsg: autoDraw = False
141.2935 	EXP 	feedbackMsg: autoDraw = False
141.2935 	EXP 	cueImage: image = 'images/LoseSmall.bmp'
141.2935 	EXP 	cueImage: autoDraw = True
141.5140 	DATA 	Keypress: 5
142.2958 	DATA 	Keypress: 5
143.0810 	DATA 	Keypress: 5
143.3269 	EXP 	cueImage: autoDraw = False
143.3269 	EXP 	cueImage: autoDraw = False
143.3269 	EXP 	fixation: autoDraw = True
143.8643 	DATA 	Keypress: 5
144.6298 	DATA 	Keypress: 5
145.4154 	DATA 	Keypress: 5
146.1995 	DATA 	Keypress: 5
146.9635 	DATA 	Keypress: 5
147.3607 	EXP 	fixation: autoDraw = False
147.3607 	EXP 	fixation: autoDraw = False
147.3607 	EXP 	Target: image = 'images/LoseProbe.bmp'
147.3607 	EXP 	Target: autoDraw = True
147.7305 	DATA 	Keypress: 1
147.7474 	DATA 	Keypress: 5
147.8944 	EXP 	Target: autoDraw = False
147.8944 	EXP 	Target: autoDraw = False
147.8944 	EXP 	feedbackMsg: text = 'Correct Response!\n\nYou did not lose $0.20!'
147.8944 	EXP 	feedbackMsg: autoDraw = True
148.5313 	DATA 	Keypress: 5
149.2973 	DATA 	Keypress: 5
149.3795 	EXP 	New trial (rep=0, index=18): OrderedDict([('Condition', 'LgPun'), ('FixationDur', 3500)])
149.3945 	EXP 	feedbackMsg: autoDraw = False
149.3945 	EXP 	feedbackMsg: autoDraw = False
149.3945 	EXP 	cueImage: image = 'images/LoseBig.bmp'
149.3945 	EXP 	cueImage: autoDraw = True
150.0810 	DATA 	Keypress: 5
150.8648 	DATA 	Keypress: 5
151.4277 	EXP 	cueImage: autoDraw = False
151.4277 	EXP 	cueImage: autoDraw = False
151.4277 	EXP 	fixation: autoDraw = True
151.6313 	DATA 	Keypress: 5
152.4155 	DATA 	Keypress: 5
153.1982 	DATA 	Keypress: 5
153.9644 	DATA 	Keypress: 5
154.7479 	DATA 	Keypress: 5
154.9612 	EXP 	fixation: autoDraw = False
154.9612 	EXP 	fixation: autoDraw = False
154.9612 	EXP 	Target: image = 'images/LoseProbe.bmp'
154.9612 	EXP 	Target: autoDraw = True
155.3825 	DATA 	Keypress: 1
155.4782 	EXP 	Target: autoDraw = False
155.4782 	EXP 	Target: autoDraw = False
155.4782 	EXP 	feedbackMsg: text = 'Correct Response!\n\nYou did not lose $5.00!'
155.4782 	EXP 	feedbackMsg: autoDraw = True
155.5314 	DATA 	Keypress: 5
156.2971 	DATA 	Keypress: 5
156.9783 	EXP 	New trial (rep=0, index=19): OrderedDict([('Condition', 'LgReward'), ('FixationDur', 4000)])
157.0112 	EXP 	feedbackMsg: autoDraw = False
157.0112 	EXP 	feedbackMsg: autoDraw = False
157.0112 	EXP 	cueImage: image = 'images/WinBig.bmp'
157.0112 	EXP 	cueImage: autoDraw = True
157.0810 	DATA 	Keypress: 5
157.8634 	DATA 	Keypress: 5
158.6471 	DATA 	Keypress: 5
159.0449 	EXP 	cueImage: autoDraw = False
159.0449 	EXP 	fixation: autoDraw = True
159.4147 	DATA 	Keypress: 5
160.1980 	DATA 	Keypress: 5
160.9801 	DATA 	Keypress: 5
161.7479 	DATA 	Keypress: 5
162.5330 	DATA 	Keypress: 5
163.0954 	EXP 	fixation: autoDraw = False
163.0954 	EXP 	fixation: autoDraw = False
163.0954 	EXP 	Target: image = 'images/WinProbe.bmp'
163.0954 	EXP 	Target: autoDraw = True
163.3161 	DATA 	Keypress: 5
163.6114 	EXP 	Target: autoDraw = False
163.6114 	EXP 	Target: autoDraw = False
163.6114 	EXP 	feedbackMsg: text = 'You pressed too slow!\n\nYou did not win $5.00!'
163.6114 	EXP 	feedbackMsg: autoDraw = True
163.7143 	DATA 	Keypress: 1
164.0817 	DATA 	Keypress: 5
164.8675 	DATA 	Keypress: 5
165.1145 	EXP 	New trial (rep=0, index=20): OrderedDict([('Condition', 'LgPun'), ('FixationDur', 1500)])
165.1290 	EXP 	feedbackMsg: autoDraw = False
165.1290 	EXP 	feedbackMsg: autoDraw = False
165.1290 	EXP 	cueImage: image = 'images/LoseBig.bmp'
165.1290 	EXP 	cueImage: autoDraw = True
165.6496 	DATA 	Keypress: 5
166.4139 	DATA 	Keypress: 5
167.1621 	EXP 	cueImage: autoDraw = False
167.1621 	EXP 	cueImage: autoDraw = False
167.1621 	EXP 	fixation: autoDraw = True
167.2001 	DATA 	Keypress: 5
167.9831 	DATA 	Keypress: 5
168.6949 	EXP 	fixation: autoDraw = False
168.6949 	EXP 	fixation: autoDraw = False
168.6949 	EXP 	Target: image = 'images/LoseProbe.bmp'
168.6949 	EXP 	Target: autoDraw = True
168.7487 	DATA 	Keypress: 5
169.0818 	DATA 	Keypress: 1
169.1950 	EXP 	Target: autoDraw = False
169.1950 	EXP 	Target: autoDraw = False
169.1950 	EXP 	feedbackMsg: text = 'Correct Response!\n\nYou did not lose $5.00!'
169.1950 	EXP 	feedbackMsg: autoDraw = True
169.5325 	DATA 	Keypress: 5
170.3158 	DATA 	Keypress: 5
170.7147 	EXP 	New trial (rep=0, index=21): OrderedDict([('Condition', 'SmallPun'), ('FixationDur', 2000)])
170.7291 	EXP 	feedbackMsg: autoDraw = False
170.7291 	EXP 	feedbackMsg: autoDraw = False
170.7291 	EXP 	cueImage: image = 'images/LoseSmall.bmp'
170.7291 	EXP 	cueImage: autoDraw = True
171.0820 	DATA 	Keypress: 5
171.8645 	DATA 	Keypress: 5
172.5310 	DATA 	Keypress: 1
172.6501 	DATA 	Keypress: 5
172.7632 	EXP 	cueImage: autoDraw = False
172.7632 	EXP 	cueImage: autoDraw = False
172.7632 	EXP 	fixation: autoDraw = True
173.4157 	DATA 	Keypress: 5
174.1984 	DATA 	Keypress: 5
174.7963 	EXP 	fixation: autoDraw = False
174.7963 	EXP 	fixation: autoDraw = False
174.7963 	EXP 	Target: image = 'images/LoseProbe.bmp'
174.7963 	EXP 	Target: autoDraw = True
174.9838 	DATA 	Keypress: 5
175.2964 	EXP 	Target: autoDraw = False
175.2964 	EXP 	Target: autoDraw = False
175.2964 	EXP 	feedbackMsg: text = 'You pressed too slow!\n\nYou lost $0.20!'
175.2964 	EXP 	feedbackMsg: autoDraw = True
175.3327 	DATA 	Keypress: 1
175.7494 	DATA 	Keypress: 5
176.5332 	DATA 	Keypress: 5
176.8154 	EXP 	New trial (rep=0, index=22): OrderedDict([('Condition', 'LgPun'), ('FixationDur', 1500)])
176.8296 	EXP 	feedbackMsg: autoDraw = False
176.8296 	EXP 	feedbackMsg: autoDraw = False
176.8296 	EXP 	cueImage: image = 'images/LoseBig.bmp'
176.8296 	EXP 	cueImage: autoDraw = True
177.3169 	DATA 	Keypress: 5
178.0826 	DATA 	Keypress: 5
178.8630 	EXP 	cueImage: autoDraw = False
178.8630 	EXP 	cueImage: autoDraw = False
178.8630 	EXP 	fixation: autoDraw = True
178.8662 	DATA 	Keypress: 5
179.6510 	DATA 	Keypress: 5
180.3958 	EXP 	fixation: autoDraw = False
180.3958 	EXP 	fixation: autoDraw = False
180.3958 	EXP 	Target: image = 'images/LoseProbe.bmp'
180.3958 	EXP 	Target: autoDraw = True
180.4164 	DATA 	Keypress: 5
180.8010 	DATA 	Keypress: 1
180.8967 	EXP 	Target: autoDraw = False
180.8967 	EXP 	Target: autoDraw = False
180.8967 	EXP 	feedbackMsg: text = 'Correct Response!\n\nYou did not lose $5.00!'
180.8967 	EXP 	feedbackMsg: autoDraw = True
181.1993 	DATA 	Keypress: 5
181.9832 	DATA 	Keypress: 5
182.4155 	EXP 	New trial (rep=0, index=23): OrderedDict([('Condition', 'SmallReward'), ('FixationDur', 2500)])
182.4460 	EXP 	feedbackMsg: autoDraw = False
182.4460 	EXP 	feedbackMsg: autoDraw = False
182.4460 	EXP 	cueImage: image = 'images/WinSmall.bmp'
182.4460 	EXP 	cueImage: autoDraw = True
182.7664 	DATA 	Keypress: 5
183.5319 	DATA 	Keypress: 5
184.3153 	DATA 	Keypress: 5
184.4802 	EXP 	cueImage: autoDraw = False
184.4802 	EXP 	fixation: autoDraw = True
185.1016 	DATA 	Keypress: 5
185.8666 	DATA 	Keypress: 5
186.6497 	DATA 	Keypress: 5
187.0296 	EXP 	fixation: autoDraw = False
187.0296 	EXP 	fixation: autoDraw = False
187.0296 	EXP 	Target: image = 'images/WinProbe.bmp'
187.0296 	EXP 	Target: autoDraw = True
187.3679 	DATA 	Keypress: 1
187.4333 	DATA 	Keypress: 5
187.5140 	EXP 	Target: autoDraw = False
187.5140 	EXP 	Target: autoDraw = False
187.5140 	EXP 	feedbackMsg: text = 'Correct Response!\n\nYou won $0.20!'
187.5140 	EXP 	feedbackMsg: autoDraw = True
188.1989 	DATA 	Keypress: 5
188.9851 	DATA 	Keypress: 5
189.0489 	EXP 	New trial (rep=0, index=24): OrderedDict([('Condition', 'Triangle'), ('FixationDur', 2000)])
189.0627 	EXP 	feedbackMsg: autoDraw = False
189.0627 	EXP 	feedbackMsg: autoDraw = False
189.0627 	EXP 	cueImage: image = 'images/Neutral.bmp'
189.0627 	EXP 	cueImage: autoDraw = True
189.7667 	DATA 	Keypress: 5
190.5325 	DATA 	Keypress: 5
191.0972 	EXP 	cueImage: autoDraw = False
191.0972 	EXP 	cueImage: autoDraw = False
191.0972 	EXP 	fixation: autoDraw = True
191.3181 	DATA 	Keypress: 5
192.1014 	DATA 	Keypress: 5
192.8671 	DATA 	Keypress: 5
193.1305 	EXP 	fixation: autoDraw = False
193.1305 	EXP 	fixation: autoDraw = False
193.1305 	EXP 	Target: image = 'images/NeutralProbe.bmp'
193.1305 	EXP 	Target: autoDraw = True
193.6133 	EXP 	Target: autoDraw = False
193.6133 	EXP 	Target: autoDraw = False
193.6133 	EXP 	feedbackMsg: text = 'You pressed too slow!\n\nYou did not win or lose anything!'
193.6133 	EXP 	feedbackMsg: autoDraw = True
193.6513 	DATA 	Keypress: 5
193.7333 	DATA 	Keypress: 1
194.4331 	DATA 	Keypress: 5
195.1496 	EXP 	New trial (rep=0, index=25): OrderedDict([('Condition', 'LgPun'), ('FixationDur', 2000)])
195.1643 	EXP 	feedbackMsg: autoDraw = False
195.1643 	EXP 	feedbackMsg: autoDraw = False
195.1643 	EXP 	cueImage: image = 'images/LoseBig.bmp'
195.1643 	EXP 	cueImage: autoDraw = True
195.2005 	DATA 	Keypress: 5
195.9839 	DATA 	Keypress: 5
196.7681 	DATA 	Keypress: 5
197.1979 	EXP 	cueImage: autoDraw = False
197.1979 	EXP 	cueImage: autoDraw = False
197.1979 	EXP 	fixation: autoDraw = True
197.5331 	DATA 	Keypress: 5
198.3170 	DATA 	Keypress: 5
199.1022 	DATA 	Keypress: 5
199.2312 	EXP 	fixation: autoDraw = False
199.2312 	EXP 	fixation: autoDraw = False
199.2312 	EXP 	Target: image = 'images/LoseProbe.bmp'
199.2312 	EXP 	Target: autoDraw = True
199.7144 	EXP 	Target: autoDraw = False
199.7144 	EXP 	Target: autoDraw = False
199.7144 	EXP 	feedbackMsg: text = 'You pressed too slow!\n\nYou lost $5.00!'
199.7144 	EXP 	feedbackMsg: autoDraw = True
199.8675 	DATA 	Keypress: 5
200.6507 	DATA 	Keypress: 5
201.2489 	EXP 	New trial (rep=0, index=26): OrderedDict([('Condition', 'LgReward'), ('FixationDur', 1500)])
201.2811 	EXP 	feedbackMsg: autoDraw = False
201.2811 	EXP 	feedbackMsg: autoDraw = False
201.2811 	EXP 	cueImage: image = 'images/WinBig.bmp'
201.2811 	EXP 	cueImage: autoDraw = True
201.4353 	DATA 	Keypress: 5
202.2014 	DATA 	Keypress: 5
202.9834 	DATA 	Keypress: 5
203.3146 	EXP 	cueImage: autoDraw = False
203.3146 	EXP 	fixation: autoDraw = True
203.7693 	DATA 	Keypress: 5
204.5354 	DATA 	Keypress: 5
204.8509 	EXP 	fixation: autoDraw = False
204.8509 	EXP 	fixation: autoDraw = False
204.8509 	EXP 	Target: image = 'images/WinProbe.bmp'
204.8509 	EXP 	Target: autoDraw = True
205.1524 	DATA 	Keypress: 1
205.3430 	DATA 	Keypress: 5
205.3475 	EXP 	Target: autoDraw = False
205.3475 	EXP 	Target: autoDraw = False
205.3475 	EXP 	feedbackMsg: text = 'Correct Response!\n\nYou won $5.00!'
205.3475 	EXP 	feedbackMsg: autoDraw = True
206.1028 	DATA 	Keypress: 5
206.8830 	EXP 	New trial (rep=0, index=27): OrderedDict([('Condition', 'LgPun'), ('FixationDur', 4000)])
206.8911 	DATA 	Keypress: 5
206.8982 	EXP 	feedbackMsg: autoDraw = False
206.8982 	EXP 	feedbackMsg: autoDraw = False
206.8982 	EXP 	cueImage: image = 'images/LoseBig.bmp'
206.8982 	EXP 	cueImage: autoDraw = True
207.6504 	DATA 	Keypress: 5
208.4359 	DATA 	Keypress: 5
208.9320 	EXP 	cueImage: autoDraw = False
208.9320 	EXP 	cueImage: autoDraw = False
208.9320 	EXP 	fixation: autoDraw = True
209.2201 	DATA 	Keypress: 5
209.9844 	DATA 	Keypress: 5
210.7698 	DATA 	Keypress: 5
211.5533 	DATA 	Keypress: 5
212.3178 	DATA 	Keypress: 5
212.9651 	EXP 	fixation: autoDraw = False
212.9651 	EXP 	fixation: autoDraw = False
212.9651 	EXP 	Target: image = 'images/LoseProbe.bmp'
212.9651 	EXP 	Target: autoDraw = True
213.1034 	DATA 	Keypress: 5
213.2517 	DATA 	Keypress: 1
213.4320 	EXP 	Target: autoDraw = False
213.4320 	EXP 	Target: autoDraw = False
213.4320 	EXP 	feedbackMsg: text = 'Correct Response!\n\nYou did not lose $5.00!'
213.4320 	EXP 	feedbackMsg: autoDraw = True
213.8871 	DATA 	Keypress: 5
214.6518 	DATA 	Keypress: 5
214.9997 	EXP 	New trial (rep=0, index=28): OrderedDict([('Condition', 'LgReward'), ('FixationDur', 3500)])
215.0310 	EXP 	feedbackMsg: autoDraw = False
215.0310 	EXP 	feedbackMsg: autoDraw = False
215.0310 	EXP 	cueImage: image = 'images/WinBig.bmp'
215.0310 	EXP 	cueImage: autoDraw = True
215.4361 	DATA 	Keypress: 5
216.2199 	DATA 	Keypress: 5
216.9851 	DATA 	Keypress: 5
217.0493 	EXP 	cueImage: autoDraw = False
217.0493 	EXP 	fixation: autoDraw = True
217.7689 	DATA 	Keypress: 5
218.5522 	DATA 	Keypress: 5
219.3181 	DATA 	Keypress: 5
220.1023 	DATA 	Keypress: 5
220.5986 	EXP 	fixation: autoDraw = False
220.5986 	EXP 	fixation: autoDraw = False
220.5986 	EXP 	Target: image = 'images/WinProbe.bmp'
220.5986 	EXP 	Target: autoDraw = True
220.8867 	DATA 	Keypress: 5
220.9537 	DATA 	Keypress: 1
221.0660 	EXP 	Target: autoDraw = False
221.0660 	EXP 	Target: autoDraw = False
221.0660 	EXP 	feedbackMsg: text = 'Correct Response!\n\nYou won $5.00!'
221.0660 	EXP 	feedbackMsg: autoDraw = True
221.6531 	DATA 	Keypress: 5
222.4355 	DATA 	Keypress: 5
222.6181 	EXP 	New trial (rep=0, index=29): OrderedDict([('Condition', 'LgReward'), ('FixationDur', 1500)])
222.6492 	EXP 	feedbackMsg: autoDraw = False
222.6492 	EXP 	feedbackMsg: autoDraw = False
222.6492 	EXP 	cueImage: image = 'images/WinBig.bmp'
222.6492 	EXP 	cueImage: autoDraw = True
223.2187 	DATA 	Keypress: 5
224.0035 	DATA 	Keypress: 5
224.6987 	EXP 	cueImage: autoDraw = False
224.6987 	EXP 	fixation: autoDraw = True
224.7686 	DATA 	Keypress: 5
225.5541 	DATA 	Keypress: 5
226.2494 	EXP 	fixation: autoDraw = False
226.2494 	EXP 	fixation: autoDraw = False
226.2494 	EXP 	Target: image = 'images/WinProbe.bmp'
226.2494 	EXP 	Target: autoDraw = True
226.3374 	DATA 	Keypress: 5
226.5852 	DATA 	Keypress: 1
226.7167 	EXP 	Target: autoDraw = False
226.7167 	EXP 	Target: autoDraw = False
226.7167 	EXP 	feedbackMsg: text = 'Correct Response!\n\nYou won $5.00!'
226.7167 	EXP 	feedbackMsg: autoDraw = True
227.1023 	DATA 	Keypress: 5
227.8879 	DATA 	Keypress: 5
228.2669 	EXP 	New trial (rep=0, index=30): OrderedDict([('Condition', 'SmallPun'), ('FixationDur', 1500)])
228.2824 	EXP 	feedbackMsg: autoDraw = False
228.2824 	EXP 	feedbackMsg: autoDraw = False
228.2824 	EXP 	cueImage: image = 'images/LoseSmall.bmp'
228.2824 	EXP 	cueImage: autoDraw = True
228.6701 	DATA 	Keypress: 5
229.4348 	DATA 	Keypress: 5
230.2202 	DATA 	Keypress: 5
230.3170 	EXP 	cueImage: autoDraw = False
230.3170 	EXP 	cueImage: autoDraw = False
230.3170 	EXP 	fixation: autoDraw = True
231.0048 	DATA 	Keypress: 5
231.7685 	DATA 	Keypress: 5
231.8494 	EXP 	fixation: autoDraw = False
231.8494 	EXP 	fixation: autoDraw = False
231.8494 	EXP 	Target: image = 'images/LoseProbe.bmp'
231.8494 	EXP 	Target: autoDraw = True
232.2831 	EXP 	Target: autoDraw = False
232.2831 	EXP 	Target: autoDraw = False
232.2831 	EXP 	feedbackMsg: text = 'You pressed too slow!\n\nYou lost $0.20!'
232.2831 	EXP 	feedbackMsg: autoDraw = True
232.5368 	DATA 	Keypress: 1
232.5533 	DATA 	Keypress: 5
233.3375 	DATA 	Keypress: 5
233.8686 	EXP 	New trial (rep=0, index=31): OrderedDict([('Condition', 'SmallReward'), ('FixationDur', 1500)])
233.9000 	EXP 	feedbackMsg: autoDraw = False
233.9000 	EXP 	feedbackMsg: autoDraw = False
233.9000 	EXP 	cueImage: image = 'images/WinSmall.bmp'
233.9000 	EXP 	cueImage: autoDraw = True
234.1026 	DATA 	Keypress: 5
234.8867 	DATA 	Keypress: 5
235.6708 	DATA 	Keypress: 5
235.9339 	EXP 	cueImage: autoDraw = False
235.9339 	EXP 	fixation: autoDraw = True
236.4363 	DATA 	Keypress: 5
236.8375 	DATA 	Keypress: 1
237.2219 	DATA 	Keypress: 5
237.4715 	EXP 	fixation: autoDraw = False
237.4715 	EXP 	fixation: autoDraw = False
237.4715 	EXP 	Target: image = 'images/WinProbe.bmp'
237.4715 	EXP 	Target: autoDraw = True
237.9164 	EXP 	Target: autoDraw = False
237.9164 	EXP 	Target: autoDraw = False
237.9164 	EXP 	feedbackMsg: text = 'You pressed too soon!\n\nYou did not win $0.20!'
237.9164 	EXP 	feedbackMsg: autoDraw = True
238.0046 	DATA 	Keypress: 5
238.7704 	DATA 	Keypress: 5
239.5020 	EXP 	New trial (rep=0, index=32): OrderedDict([('Condition', 'Triangle'), ('FixationDur', 2000)])
239.5171 	EXP 	feedbackMsg: autoDraw = False
239.5171 	EXP 	feedbackMsg: autoDraw = False
239.5171 	EXP 	cueImage: image = 'images/Neutral.bmp'
239.5171 	EXP 	cueImage: autoDraw = True
239.5525 	DATA 	Keypress: 5
240.3381 	DATA 	Keypress: 5
241.1032 	DATA 	Keypress: 5
241.5505 	EXP 	cueImage: autoDraw = False
241.5505 	EXP 	cueImage: autoDraw = False
241.5505 	EXP 	fixation: autoDraw = True
241.8870 	DATA 	Keypress: 5
242.6727 	DATA 	Keypress: 5
243.4376 	DATA 	Keypress: 5
243.5837 	EXP 	fixation: autoDraw = False
243.5837 	EXP 	fixation: autoDraw = False
243.5837 	EXP 	Target: image = 'images/NeutralProbe.bmp'
243.5837 	EXP 	Target: autoDraw = True
244.0236 	EXP 	Target: autoDraw = False
244.0236 	EXP 	Target: autoDraw = False
244.0236 	EXP 	feedbackMsg: text = 'You pressed too slow!\n\nYou did not win or lose anything!'
244.0236 	EXP 	feedbackMsg: autoDraw = True
244.1532 	DATA 	Keypress: 1
244.2205 	DATA 	Keypress: 5
245.0052 	DATA 	Keypress: 5
245.6185 	EXP 	New trial (rep=0, index=33): OrderedDict([('Condition', 'LgPun'), ('FixationDur', 1500)])
245.6338 	EXP 	feedbackMsg: autoDraw = False
245.6338 	EXP 	feedbackMsg: autoDraw = False
245.6338 	EXP 	cueImage: image = 'images/LoseBig.bmp'
245.6338 	EXP 	cueImage: autoDraw = True
245.7879 	DATA 	Keypress: 5
246.5534 	DATA 	Keypress: 5
247.3383 	DATA 	Keypress: 5
247.6571 	EXP 	cueImage: autoDraw = False
247.6571 	EXP 	cueImage: autoDraw = False
247.6571 	EXP 	fixation: autoDraw = True
248.1222 	DATA 	Keypress: 5
248.8877 	DATA 	Keypress: 5
249.2010 	EXP 	fixation: autoDraw = False
249.2010 	EXP 	fixation: autoDraw = False
249.2010 	EXP 	Target: image = 'images/LoseProbe.bmp'
249.2010 	EXP 	Target: autoDraw = True
249.5542 	DATA 	Keypress: 1
249.6348 	EXP 	Target: autoDraw = False
249.6348 	EXP 	Target: autoDraw = False
249.6348 	EXP 	feedbackMsg: text = 'Correct Response!\n\nYou did not lose $5.00!'
249.6348 	EXP 	feedbackMsg: autoDraw = True
249.6716 	DATA 	Keypress: 5
250.4549 	DATA 	Keypress: 5
251.2181 	EXP 	New trial (rep=0, index=34): OrderedDict([('Condition', 'Triangle'), ('FixationDur', 1500)])
251.2251 	DATA 	Keypress: 5
251.2343 	EXP 	feedbackMsg: autoDraw = False
251.2343 	EXP 	feedbackMsg: autoDraw = False
251.2343 	EXP 	cueImage: image = 'images/Neutral.bmp'
251.2343 	EXP 	cueImage: autoDraw = True
252.0042 	DATA 	Keypress: 5
252.7889 	DATA 	Keypress: 5
253.2577 	EXP 	cueImage: autoDraw = False
253.2577 	EXP 	cueImage: autoDraw = False
253.2577 	EXP 	fixation: autoDraw = True
253.5535 	DATA 	Keypress: 5
254.3392 	DATA 	Keypress: 5
254.8012 	EXP 	fixation: autoDraw = False
254.8012 	EXP 	fixation: autoDraw = False
254.8012 	EXP 	Target: image = 'images/NeutralProbe.bmp'
254.8012 	EXP 	Target: autoDraw = True
255.1228 	DATA 	Keypress: 5
255.2183 	EXP 	Target: autoDraw = False
255.2183 	EXP 	Target: autoDraw = False
255.2183 	EXP 	feedbackMsg: text = 'You pressed too slow!\n\nYou did not win or lose anything!'
255.2183 	EXP 	feedbackMsg: autoDraw = True
255.2539 	DATA 	Keypress: 1
255.8879 	DATA 	Keypress: 5
256.6712 	DATA 	Keypress: 5
256.8202 	EXP 	New trial (rep=0, index=35): OrderedDict([('Condition', 'LgReward'), ('FixationDur', 3000)])
256.8514 	EXP 	feedbackMsg: autoDraw = False
256.8514 	EXP 	feedbackMsg: autoDraw = False
256.8514 	EXP 	cueImage: image = 'images/WinBig.bmp'
256.8514 	EXP 	cueImage: autoDraw = True
257.4554 	DATA 	Keypress: 5
258.2209 	DATA 	Keypress: 5
258.8750 	EXP 	cueImage: autoDraw = False
258.8750 	EXP 	fixation: autoDraw = True
259.0059 	DATA 	Keypress: 5
259.7900 	DATA 	Keypress: 5
260.5552 	DATA 	Keypress: 5
261.3390 	DATA 	Keypress: 5
261.9262 	EXP 	fixation: autoDraw = False
261.9262 	EXP 	fixation: autoDraw = False
261.9262 	EXP 	Target: image = 'images/WinProbe.bmp'
261.9262 	EXP 	Target: autoDraw = True
262.1229 	DATA 	Keypress: 5
262.2229 	DATA 	Keypress: 1
262.3516 	EXP 	Target: autoDraw = False
262.3516 	EXP 	Target: autoDraw = False
262.3516 	EXP 	feedbackMsg: text = 'Correct Response!\n\nYou won $5.00!'
262.3516 	EXP 	feedbackMsg: autoDraw = True
262.8882 	DATA 	Keypress: 5
263.6734 	DATA 	Keypress: 5
263.9539 	EXP 	New trial (rep=0, index=36): OrderedDict([('Condition', 'LgPun'), ('FixationDur', 3000)])
263.9691 	EXP 	feedbackMsg: autoDraw = False
263.9691 	EXP 	feedbackMsg: autoDraw = False
263.9691 	EXP 	cueImage: image = 'images/LoseBig.bmp'
263.9691 	EXP 	cueImage: autoDraw = True
264.4554 	DATA 	Keypress: 5
265.2218 	DATA 	Keypress: 5
266.0021 	EXP 	cueImage: autoDraw = False
266.0021 	EXP 	cueImage: autoDraw = False
266.0021 	EXP 	fixation: autoDraw = True
266.0055 	DATA 	Keypress: 5
266.7902 	DATA 	Keypress: 5
267.5564 	DATA 	Keypress: 5
268.3388 	DATA 	Keypress: 5
269.0355 	EXP 	fixation: autoDraw = False
269.0355 	EXP 	fixation: autoDraw = False
269.0355 	EXP 	Target: image = 'images/LoseProbe.bmp'
269.0355 	EXP 	Target: autoDraw = True
269.1235 	DATA 	Keypress: 5
269.4525 	EXP 	Target: autoDraw = False
269.4525 	EXP 	Target: autoDraw = False
269.4525 	EXP 	feedbackMsg: text = 'You pressed too slow!\n\nYou lost $5.00!'
269.4525 	EXP 	feedbackMsg: autoDraw = True
269.7062 	DATA 	Keypress: 1
269.9075 	DATA 	Keypress: 5
270.6717 	DATA 	Keypress: 5
271.0544 	EXP 	New trial (rep=0, index=37): OrderedDict([('Condition', 'SmallReward'), ('FixationDur', 4000)])
271.0857 	EXP 	feedbackMsg: autoDraw = False
271.0857 	EXP 	feedbackMsg: autoDraw = False
271.0857 	EXP 	cueImage: image = 'images/WinSmall.bmp'
271.0857 	EXP 	cueImage: autoDraw = True
271.4565 	DATA 	Keypress: 5
272.2388 	DATA 	Keypress: 5
273.0044 	DATA 	Keypress: 5
273.1110 	EXP 	cueImage: autoDraw = False
273.1110 	EXP 	fixation: autoDraw = True
273.7904 	DATA 	Keypress: 5
274.5742 	DATA 	Keypress: 5
275.3387 	DATA 	Keypress: 5
276.1231 	DATA 	Keypress: 5
276.9068 	DATA 	Keypress: 5
277.1626 	EXP 	fixation: autoDraw = False
277.1626 	EXP 	fixation: autoDraw = False
277.1626 	EXP 	Target: image = 'images/WinProbe.bmp'
277.1626 	EXP 	Target: autoDraw = True
277.4738 	DATA 	Keypress: 1
277.5865 	EXP 	Target: autoDraw = False
277.5865 	EXP 	Target: autoDraw = False
277.5865 	EXP 	feedbackMsg: text = 'Correct Response!\n\nYou won $0.20!'
277.5865 	EXP 	feedbackMsg: autoDraw = True
277.6725 	DATA 	Keypress: 5
278.4559 	DATA 	Keypress: 5
279.1882 	EXP 	New trial (rep=0, index=38): OrderedDict([('Condition', 'Triangle'), ('FixationDur', 1500)])
279.2030 	EXP 	feedbackMsg: autoDraw = False
279.2030 	EXP 	feedbackMsg: autoDraw = False
279.2030 	EXP 	cueImage: image = 'images/Neutral.bmp'
279.2030 	EXP 	cueImage: autoDraw = True
279.2402 	DATA 	Keypress: 5
280.0057 	DATA 	Keypress: 5
280.7892 	DATA 	Keypress: 5
281.2282 	EXP 	cueImage: autoDraw = False
281.2282 	EXP 	cueImage: autoDraw = False
281.2282 	EXP 	fixation: autoDraw = True
281.5740 	DATA 	Keypress: 5
282.3404 	DATA 	Keypress: 5
282.7688 	EXP 	fixation: autoDraw = False
282.7688 	EXP 	fixation: autoDraw = False
282.7688 	EXP 	Target: image = 'images/NeutralProbe.bmp'
282.7688 	EXP 	Target: autoDraw = True
283.1230 	DATA 	Keypress: 5
283.2034 	EXP 	Target: autoDraw = False
283.2034 	EXP 	Target: autoDraw = False
283.2034 	EXP 	feedbackMsg: text = 'You pressed too slow!\n\nYou did not win or lose anything!'
283.2034 	EXP 	feedbackMsg: autoDraw = True
283.9078 	DATA 	Keypress: 5
284.6733 	DATA 	Keypress: 5
284.7872 	EXP 	New trial (rep=0, index=39): OrderedDict([('Condition', 'SmallReward'), ('FixationDur', 2000)])
284.8117 	EXP 	feedbackMsg: autoDraw = False
284.8117 	EXP 	feedbackMsg: autoDraw = False
284.8117 	EXP 	cueImage: image = 'images/WinSmall.bmp'
284.8117 	EXP 	cueImage: autoDraw = True
285.4560 	DATA 	Keypress: 5
286.2401 	DATA 	Keypress: 5
286.8461 	EXP 	cueImage: autoDraw = False
286.8461 	EXP 	fixation: autoDraw = True
287.0068 	DATA 	Keypress: 5
287.7899 	DATA 	Keypress: 5
288.5752 	DATA 	Keypress: 5
288.8957 	EXP 	fixation: autoDraw = False
288.8957 	EXP 	fixation: autoDraw = False
288.8957 	EXP 	Target: image = 'images/WinProbe.bmp'
288.8957 	EXP 	Target: autoDraw = True
289.3373 	EXP 	Target: autoDraw = False
289.3373 	EXP 	Target: autoDraw = False
289.3373 	EXP 	feedbackMsg: text = 'You pressed too slow!\n\nYou did not win $0.20!'
289.3373 	EXP 	feedbackMsg: autoDraw = True
289.3408 	DATA 	Keypress: 5
289.3894 	DATA 	Keypress: 1
290.1237 	DATA 	Keypress: 5
290.9083 	DATA 	Keypress: 5
290.9216 	EXP 	New trial (rep=0, index=40): OrderedDict([('Condition', 'SmallPun'), ('FixationDur', 1500)])
290.9376 	EXP 	feedbackMsg: autoDraw = False
290.9376 	EXP 	feedbackMsg: autoDraw = False
290.9376 	EXP 	cueImage: image = 'images/LoseSmall.bmp'
290.9376 	EXP 	cueImage: autoDraw = True
291.6913 	DATA 	Keypress: 5
292.4556 	DATA 	Keypress: 5
292.9632 	EXP 	cueImage: autoDraw = False
292.9632 	EXP 	cueImage: autoDraw = False
292.9632 	EXP 	fixation: autoDraw = True
293.2410 	DATA 	Keypress: 5
294.0255 	DATA 	Keypress: 5
294.5033 	EXP 	fixation: autoDraw = False
294.5033 	EXP 	fixation: autoDraw = False
294.5033 	EXP 	Target: image = 'images/LoseProbe.bmp'
294.5033 	EXP 	Target: autoDraw = True
294.7897 	DATA 	Keypress: 5
294.9368 	EXP 	Target: autoDraw = False
294.9368 	EXP 	Target: autoDraw = False
294.9368 	EXP 	feedbackMsg: text = 'You pressed too slow!\n\nYou lost $0.20!'
294.9368 	EXP 	feedbackMsg: autoDraw = True
295.0733 	DATA 	Keypress: 1
295.5747 	DATA 	Keypress: 5
296.3568 	DATA 	Keypress: 5
296.5221 	EXP 	New trial (rep=0, index=41): OrderedDict([('Condition', 'Triangle'), ('FixationDur', 3500)])
296.5369 	EXP 	feedbackMsg: autoDraw = False
296.5369 	EXP 	feedbackMsg: autoDraw = False
296.5369 	EXP 	cueImage: image = 'images/Neutral.bmp'
296.5369 	EXP 	cueImage: autoDraw = True
297.1233 	DATA 	Keypress: 5
297.9080 	DATA 	Keypress: 5
298.5634 	EXP 	cueImage: autoDraw = False
298.5634 	EXP 	cueImage: autoDraw = False
298.5634 	EXP 	fixation: autoDraw = True
298.6923 	DATA 	Keypress: 5
299.4578 	DATA 	Keypress: 5
300.2415 	DATA 	Keypress: 5
301.0258 	DATA 	Keypress: 5
301.7909 	DATA 	Keypress: 5
302.1048 	EXP 	fixation: autoDraw = False
302.1048 	EXP 	fixation: autoDraw = False
302.1048 	EXP 	Target: image = 'images/NeutralProbe.bmp'
302.1048 	EXP 	Target: autoDraw = True
302.4256 	DATA 	Keypress: 1
302.5380 	EXP 	Target: autoDraw = False
302.5380 	EXP 	Target: autoDraw = False
302.5380 	EXP 	feedbackMsg: text = 'Correct Response!\n\nYou did not win or lose anything!'
302.5380 	EXP 	feedbackMsg: autoDraw = True
302.5752 	DATA 	Keypress: 5
303.3589 	DATA 	Keypress: 5
304.1227 	EXP 	New trial (rep=0, index=42): OrderedDict([('Condition', 'SmallPun'), ('FixationDur', 2500)])
304.1297 	DATA 	Keypress: 5
304.1376 	EXP 	feedbackMsg: autoDraw = False
304.1376 	EXP 	feedbackMsg: autoDraw = False
304.1376 	EXP 	cueImage: image = 'images/LoseSmall.bmp'
304.1376 	EXP 	cueImage: autoDraw = True
304.9071 	DATA 	Keypress: 5
305.6919 	DATA 	Keypress: 5
306.1653 	EXP 	cueImage: autoDraw = False
306.1653 	EXP 	cueImage: autoDraw = False
306.1653 	EXP 	fixation: autoDraw = True
306.4582 	DATA 	Keypress: 5
307.2411 	DATA 	Keypress: 5
308.0266 	DATA 	Keypress: 5
308.7001 	EXP 	fixation: autoDraw = False
308.7001 	EXP 	fixation: autoDraw = False
308.7001 	EXP 	Target: image = 'images/LoseProbe.bmp'
308.7001 	EXP 	Target: autoDraw = True
308.7914 	DATA 	Keypress: 5
308.9759 	DATA 	Keypress: 1
309.1384 	EXP 	Target: autoDraw = False
309.1384 	EXP 	Target: autoDraw = False
309.1384 	EXP 	feedbackMsg: text = 'Correct Response!\n\nYou did not lose $0.20!'
309.1384 	EXP 	feedbackMsg: autoDraw = True
309.5746 	DATA 	Keypress: 5
310.3595 	DATA 	Keypress: 5
310.7235 	EXP 	New trial (rep=0, index=43): OrderedDict([('Condition', 'LgReward'), ('FixationDur', 2000)])
310.7479 	EXP 	feedbackMsg: autoDraw = False
310.7479 	EXP 	feedbackMsg: autoDraw = False
310.7479 	EXP 	cueImage: image = 'images/WinBig.bmp'
310.7479 	EXP 	cueImage: autoDraw = True
311.1412 	DATA 	Keypress: 5
311.9072 	DATA 	Keypress: 5
312.6919 	DATA 	Keypress: 5
312.7830 	EXP 	cueImage: autoDraw = False
312.7830 	EXP 	fixation: autoDraw = True
313.4764 	DATA 	Keypress: 5
314.2425 	DATA 	Keypress: 5
314.8324 	EXP 	fixation: autoDraw = False
314.8324 	EXP 	fixation: autoDraw = False
314.8324 	EXP 	Target: image = 'images/WinProbe.bmp'
314.8324 	EXP 	Target: autoDraw = True
315.0263 	DATA 	Keypress: 5
315.1763 	DATA 	Keypress: 1
315.2891 	EXP 	Target: autoDraw = False
315.2891 	EXP 	Target: autoDraw = False
315.2891 	EXP 	feedbackMsg: text = 'Correct Response!\n\nYou won $5.00!'
315.2891 	EXP 	feedbackMsg: autoDraw = True
315.8094 	DATA 	Keypress: 5
316.5737 	DATA 	Keypress: 5
316.8566 	EXP 	New trial (rep=0, index=44): OrderedDict([('Condition', 'LgPun'), ('FixationDur', 2000)])
316.8721 	EXP 	feedbackMsg: autoDraw = False
316.8721 	EXP 	feedbackMsg: autoDraw = False
316.8721 	EXP 	cueImage: image = 'images/LoseBig.bmp'
316.8721 	EXP 	cueImage: autoDraw = True
317.3581 	DATA 	Keypress: 5
318.1421 	DATA 	Keypress: 5
318.8998 	EXP 	cueImage: autoDraw = False
318.8998 	EXP 	cueImage: autoDraw = False
318.8998 	EXP 	fixation: autoDraw = True
318.9082 	DATA 	Keypress: 5
319.6928 	DATA 	Keypress: 5
320.4775 	DATA 	Keypress: 5
320.9349 	EXP 	fixation: autoDraw = False
320.9349 	EXP 	fixation: autoDraw = False
320.9349 	EXP 	Target: image = 'images/LoseProbe.bmp'
320.9349 	EXP 	Target: autoDraw = True
321.1935 	DATA 	Keypress: 1
321.2422 	DATA 	Keypress: 5
321.3891 	EXP 	Target: autoDraw = False
321.3891 	EXP 	Target: autoDraw = False
321.3891 	EXP 	feedbackMsg: text = 'Correct Response!\n\nYou did not lose $5.00!'
321.3891 	EXP 	feedbackMsg: autoDraw = True
322.0257 	DATA 	Keypress: 5
322.8107 	DATA 	Keypress: 5
322.9578 	EXP 	New trial (rep=0, index=45): OrderedDict([('Condition', 'SmallReward'), ('FixationDur', 1500)])
322.9888 	EXP 	feedbackMsg: autoDraw = False
322.9888 	EXP 	feedbackMsg: autoDraw = False
322.9888 	EXP 	cueImage: image = 'images/WinSmall.bmp'
322.9888 	EXP 	cueImage: autoDraw = True
323.5754 	DATA 	Keypress: 5
324.3593 	DATA 	Keypress: 5
325.0172 	EXP 	cueImage: autoDraw = False
325.0172 	EXP 	fixation: autoDraw = True
325.1428 	DATA 	Keypress: 5
325.9100 	DATA 	Keypress: 5
326.5671 	EXP 	fixation: autoDraw = False
326.5671 	EXP 	fixation: autoDraw = False
326.5671 	EXP 	Target: image = 'images/WinProbe.bmp'
326.5671 	EXP 	Target: autoDraw = True
326.6913 	DATA 	Keypress: 5
326.8746 	DATA 	Keypress: 1
327.0228 	EXP 	Target: autoDraw = False
327.0228 	EXP 	Target: autoDraw = False
327.0228 	EXP 	feedbackMsg: text = 'Correct Response!\n\nYou won $0.20!'
327.0228 	EXP 	feedbackMsg: autoDraw = True
327.4761 	DATA 	Keypress: 5
328.2428 	DATA 	Keypress: 5
328.5914 	EXP 	New trial (rep=0, index=46): OrderedDict([('Condition', 'SmallPun'), ('FixationDur', 3000)])
328.6060 	EXP 	feedbackMsg: autoDraw = False
328.6060 	EXP 	feedbackMsg: autoDraw = False
328.6060 	EXP 	cueImage: image = 'images/LoseSmall.bmp'
328.6060 	EXP 	cueImage: autoDraw = True
329.0257 	DATA 	Keypress: 5
329.8094 	DATA 	Keypress: 5
330.5761 	DATA 	Keypress: 5
330.6350 	EXP 	cueImage: autoDraw = False
330.6350 	EXP 	cueImage: autoDraw = False
330.6350 	EXP 	fixation: autoDraw = True
331.3588 	DATA 	Keypress: 5
332.1436 	DATA 	Keypress: 5
332.9105 	DATA 	Keypress: 5
333.6681 	EXP 	fixation: autoDraw = False
333.6681 	EXP 	fixation: autoDraw = False
333.6681 	EXP 	Target: image = 'images/LoseProbe.bmp'
333.6681 	EXP 	Target: autoDraw = True
333.6923 	DATA 	Keypress: 5
334.1012 	DATA 	Keypress: 1
334.1058 	EXP 	Target: autoDraw = False
334.1058 	EXP 	Target: autoDraw = False
334.1058 	EXP 	feedbackMsg: text = 'You pressed too slow!\n\nYou lost $0.20!'
334.1058 	EXP 	feedbackMsg: autoDraw = True
334.4769 	DATA 	Keypress: 5
335.2438 	DATA 	Keypress: 5
335.6922 	EXP 	New trial (rep=0, index=47): OrderedDict([('Condition', 'LgPun'), ('FixationDur', 1500)])
335.7065 	EXP 	feedbackMsg: autoDraw = False
335.7065 	EXP 	feedbackMsg: autoDraw = False
335.7065 	EXP 	cueImage: image = 'images/LoseBig.bmp'
335.7065 	EXP 	cueImage: autoDraw = True
336.0261 	DATA 	Keypress: 5
336.8082 	DATA 	Keypress: 5
337.5937 	DATA 	Keypress: 5
337.7355 	EXP 	cueImage: autoDraw = False
337.7355 	EXP 	cueImage: autoDraw = False
337.7355 	EXP 	fixation: autoDraw = True
338.3732 	DATA 	Keypress: 5
339.1393 	DATA 	Keypress: 5
339.2684 	EXP 	fixation: autoDraw = False
339.2684 	EXP 	fixation: autoDraw = False
339.2684 	EXP 	Target: image = 'images/LoseProbe.bmp'
339.2684 	EXP 	Target: autoDraw = True
339.7013 	DATA 	Keypress: 1
339.7066 	EXP 	Target: autoDraw = False
339.7066 	EXP 	Target: autoDraw = False
339.7066 	EXP 	feedbackMsg: text = 'You pressed too slow!\n\nYou lost $5.00!'
339.7066 	EXP 	feedbackMsg: autoDraw = True
339.9268 	DATA 	Keypress: 5
340.6927 	DATA 	Keypress: 5
341.2914 	EXP 	New trial (rep=0, index=48): OrderedDict([('Condition', 'LgReward'), ('FixationDur', 2000)])
341.3189 	EXP 	feedbackMsg: autoDraw = False
341.3189 	EXP 	feedbackMsg: autoDraw = False
341.3189 	EXP 	cueImage: image = 'images/WinBig.bmp'
341.3189 	EXP 	cueImage: autoDraw = True
341.4767 	DATA 	Keypress: 5
342.2611 	DATA 	Keypress: 5
343.0267 	DATA 	Keypress: 5
343.3531 	EXP 	cueImage: autoDraw = False
343.3531 	EXP 	fixation: autoDraw = True
343.8116 	DATA 	Keypress: 5
344.5953 	DATA 	Keypress: 5
345.3918 	DATA 	Keypress: 5
345.4032 	EXP 	fixation: autoDraw = False
345.4032 	EXP 	fixation: autoDraw = False
345.4032 	EXP 	Target: image = 'images/WinProbe.bmp'
345.4032 	EXP 	Target: autoDraw = True
345.8406 	EXP 	Target: autoDraw = False
345.8406 	EXP 	Target: autoDraw = False
345.8406 	EXP 	feedbackMsg: text = 'You pressed too slow!\n\nYou did not win $5.00!'
345.8406 	EXP 	feedbackMsg: autoDraw = True
345.9266 	DATA 	Keypress: 1
346.1432 	DATA 	Keypress: 5
346.9281 	DATA 	Keypress: 5
347.4254 	EXP 	New trial (rep=0, index=49): OrderedDict([('Condition', 'LgReward'), ('FixationDur', 1500)])
347.4529 	EXP 	feedbackMsg: autoDraw = False
347.4529 	EXP 	feedbackMsg: autoDraw = False
347.4529 	EXP 	cueImage: image = 'images/WinBig.bmp'
347.4529 	EXP 	cueImage: autoDraw = True
347.7061 	DATA 	Keypress: 5
348.4731 	DATA 	Keypress: 5
349.2614 	DATA 	Keypress: 5
349.4871 	EXP 	cueImage: autoDraw = False
349.4871 	EXP 	fixation: autoDraw = True
350.0412 	DATA 	Keypress: 5
350.8067 	DATA 	Keypress: 5
351.0374 	EXP 	fixation: autoDraw = False
351.0374 	EXP 	fixation: autoDraw = False
351.0374 	EXP 	Target: image = 'images/WinProbe.bmp'
351.0374 	EXP 	Target: autoDraw = True
351.4873 	EXP 	Target: autoDraw = False
351.4873 	EXP 	Target: autoDraw = False
351.4873 	EXP 	feedbackMsg: text = 'You pressed too slow!\n\nYou did not win $5.00!'
351.4873 	EXP 	feedbackMsg: autoDraw = True
351.4911 	DATA 	Keypress: 1
351.5910 	DATA 	Keypress: 5
352.3743 	DATA 	Keypress: 5
353.0705 	EXP 	feedbackMsg: autoDraw = False
353.0705 	EXP 	feedbackMsg: autoDraw = False
353.0705 	EXP 	polygon: autoDraw = True
353.1412 	DATA 	Keypress: 5
353.9271 	DATA 	Keypress: 5
354.6951 	DATA 	Keypress: 5
355.4772 	DATA 	Keypress: 5
356.2622 	DATA 	Keypress: 5
358.0884 	EXP 	polygon: autoDraw = False
358.0884 	EXP 	text: text = 'All done!\n\nYou earned a total of: $9.80!'
358.0884 	EXP 	text: autoDraw = True
361.1223 	EXP 	text: autoDraw = False
361.1223 	EXP 	text: autoDraw = False
361.1223 	EXP 	polygon2: autoDraw = True
366.9793 	DATA 	Keypress: escape
367.3090 	EXP 	window1: mouseVisible = True
