14.7147 	EXP 	Created window1 = Window(allowGUI=False, allowStencil=False, args=UNKNOWN, autoLog=True, bitsMode=UNKNOWN, blendMode='avg', color=array([0., 0., 0.]), colorSpace='rgb', fullscr=<method-wrapper '__getattribute__' of attributeSetter object at 0x133d65be0>, gamma=None, kwargs=UNKNOWN, lms=UNKNOWN, monitor=<psychopy.monitors.calibTools.Monitor object at 0x1340b13c8>, multiSample=False, name='window1', numSamples=2, pos=[0.0, 0.0], screen=0, size=array([1920, 1080]), stereo=False, units='height', useFBO=True, useRetina=False, viewOri=0.0, viewPos=None, viewScale=None, waitBlanking=True, winType='pyglet')
14.7148 	EXP 	window1: recordFrameIntervals = False
14.8817 	EXP 	window1: recordFrameIntervals = True
15.0654 	EXP 	window1: recordFrameIntervals = False
15.0654 	EXP 	window1: recordFrameIntervals = False
15.2313 	EXP 	window1: recordFrameIntervals = True
15.4139 	EXP 	window1: recordFrameIntervals = False
15.8748 	EXP 	Created preinstruct_text = TextStim(__class__=<class 'psychopy.visual.text.TextStim'>, alignHoriz='center', alignVert='center', antialias=True, autoLog=True, bold=False, color='white', colorSpace='named', contrast=1.0, depth=0.0, flipHoriz=False, flipVert=False, font='Arial', fontFiles=[], height=0.05, italic=False, languageStyle='LTR', name='preinstruct_text', opacity=1.0, ori=0, pos=array([0., 0.]), rgb=array([255., 255., 255.]), text='Money Task - Scanner 1', units='height', win=Window(...), wrapWidth=1)
15.9193 	EXP 	Created instructFig = ImageStim(__class__=<class 'psychopy.visual.image.ImageStim'>, autoLog=True, color=array([1., 1., 1.]), colorSpace='rgb', contrast=1.0, depth=0.0, flipHoriz=False, flipVert=False, image='images/MID_instructions.bmp', interpolate=True, mask=None, maskParams=None, name='instructFig', opacity=1.0, ori=0.0, pos=array([0., 0.]), size=array([1.3, 1. ]), texRes=128, units='height', win=Window(...))
15.9209 	EXP 	Created PrepFixation = ShapeStim(__class__=<class 'psychopy.visual.shape.ShapeStim'>, autoDraw=False, autoLog=True, closeShape=True, contrast=1.0, depth=0.0, fillColor=array([1., 1., 1.]), fillColorSpace='rgb', interpolate=True, lineColor=array([1., 1., 1.]), lineColorSpace='rgb', lineWidth=1, name='PrepFixation', opacity=1.0, ori=array(0.), pos=array([0., 0.]), size=array([0.05, 0.05]), units='height', vertices=ndarray(...), win=Window(...), windingRule=None)
15.9225 	EXP 	Created cueImage = ImageStim(__class__=<class 'psychopy.visual.image.ImageStim'>, autoLog=True, color=array([1., 1., 1.]), colorSpace='rgb', contrast=1.0, depth=0.0, flipHoriz=False, flipVert=False, image='sin', interpolate=True, mask=None, maskParams=None, name='cueImage', opacity=1.0, ori=0.0, pos=array([0., 0.]), size=array([1.3, 1. ]), texRes=128, units='height', win=Window(...))
15.9240 	EXP 	Created fixation = ShapeStim(__class__=<class 'psychopy.visual.shape.ShapeStim'>, autoDraw=False, autoLog=True, closeShape=True, contrast=1.0, depth=-1.0, fillColor=array([1., 1., 1.]), fillColorSpace='rgb', interpolate=True, lineColor=array([1., 1., 1.]), lineColorSpace='rgb', lineWidth=1, name='fixation', opacity=1.0, ori=array(0.), pos=array([0., 0.]), size=array([0.05, 0.05]), units='height', vertices=ndarray(...), win=Window(...), windingRule=None)
15.9256 	EXP 	Created Target = ImageStim(__class__=<class 'psychopy.visual.image.ImageStim'>, autoLog=True, color=array([1., 1., 1.]), colorSpace='rgb', contrast=1.0, depth=-1.0, flipHoriz=False, flipVert=False, image='sin', interpolate=True, mask=None, maskParams=None, name='Target', opacity=1.0, ori=0.0, pos=array([0., 0.]), size=array([1.3, 1. ]), texRes=128, units='height', win=Window(...))
15.9348 	EXP 	Created feedbackMsg = TextStim(__class__=<class 'psychopy.visual.text.TextStim'>, alignHoriz='center', alignVert='center', antialias=True, autoLog=True, bold=False, color='white', colorSpace='named', contrast=1.0, depth=-2.0, flipHoriz=False, flipVert=False, font='Arial', fontFiles=[], height=0.05, italic=False, languageStyle='LTR', name='feedbackMsg', opacity=1.0, ori=0, pos=array([0., 0.]), rgb=array([255., 255., 255.]), text='default text', units='height', win=Window(...), wrapWidth=2)
15.9363 	EXP 	Created polygon = ShapeStim(__class__=<class 'psychopy.visual.shape.ShapeStim'>, autoDraw=False, autoLog=True, closeShape=True, contrast=1.0, depth=0.0, fillColor=array([1., 1., 1.]), fillColorSpace='rgb', interpolate=True, lineColor=array([1., 1., 1.]), lineColorSpace='rgb', lineWidth=1, name='polygon', opacity=1.0, ori=array(0.), pos=array([0., 0.]), size=array([0.05, 0.05]), units='height', vertices=ndarray(...), win=Window(...), windingRule=None)
15.9430 	EXP 	Created text = TextStim(__class__=<class 'psychopy.visual.text.TextStim'>, alignHoriz='center', alignVert='center', antialias=True, autoLog=True, bold=False, color='white', colorSpace='named', contrast=1.0, depth=-1.0, flipHoriz=False, flipVert=False, font='Arial', fontFiles=[], height=0.07, italic=False, languageStyle='LTR', name='text', opacity=1.0, ori=0, pos=array([0., 0.]), rgb=array([255., 255., 255.]), text='default text', units='height', win=Window(...), wrapWidth=1)
15.9445 	EXP 	Created polygon2 = ShapeStim(__class__=<class 'psychopy.visual.shape.ShapeStim'>, autoDraw=False, autoLog=True, closeShape=True, contrast=1.0, depth=0.0, fillColor=array([1., 1., 1.]), fillColorSpace='rgb', interpolate=True, lineColor=array([1., 1., 1.]), lineColorSpace='rgb', lineWidth=1, name='polygon2', opacity=1.0, ori=array(0.), pos=array([0., 0.]), size=array([0.05, 0.05]), units='height', vertices=ndarray(...), win=Window(...), windingRule=None)
15.9646 	EXP 	preinstruct_text: autoDraw = True
17.9981 	EXP 	preinstruct_text: autoDraw = False
17.9981 	EXP 	instructFig: autoDraw = True
34.7494 	DATA 	Keypress: 5
34.7666 	EXP 	instructFig: autoDraw = False
34.7666 	EXP 	PrepFixation: autoDraw = True
35.5029 	DATA 	Keypress: 5
36.2863 	DATA 	Keypress: 5
36.7443 	EXP 	Imported TimeVersion10.csv as conditions, 50 conditions, 2 params
36.7447 	EXP 	Created sequence: sequential, trialTypes=50, nReps=1, seed=None
36.7451 	EXP 	New trial (rep=0, index=0): OrderedDict([('Condition', 'LgPun'), ('FixationDur', 1500)])
36.7662 	EXP 	PrepFixation: autoDraw = False
36.7662 	EXP 	PrepFixation: autoDraw = False
36.7662 	EXP 	cueImage: image = 'images/LoseBig.bmp'
36.7662 	EXP 	cueImage: autoDraw = True
37.0704 	DATA 	Keypress: 5
37.8359 	DATA 	Keypress: 5
38.6198 	DATA 	Keypress: 5
38.8000 	EXP 	cueImage: autoDraw = False
38.8000 	EXP 	fixation: autoDraw = True
39.4045 	DATA 	Keypress: 5
40.1698 	DATA 	Keypress: 5
40.3330 	EXP 	fixation: autoDraw = False
40.3330 	EXP 	fixation: autoDraw = False
40.3330 	EXP 	Target: image = 'images/LoseProbe.bmp'
40.3330 	EXP 	Target: autoDraw = True
40.6183 	DATA 	Keypress: 1
40.7494 	EXP 	Target: autoDraw = False
40.7494 	EXP 	Target: autoDraw = False
40.7494 	EXP 	feedbackMsg: text = 'Correct Response!\n\nYou did not lose $5.00!'
40.7494 	EXP 	feedbackMsg: autoDraw = True
40.9517 	DATA 	Keypress: 5
41.7379 	DATA 	Keypress: 5
42.3689 	EXP 	New trial (rep=0, index=1): OrderedDict([('Condition', 'LgPun'), ('FixationDur', 2500)])
42.3829 	EXP 	feedbackMsg: autoDraw = False
42.3829 	EXP 	feedbackMsg: autoDraw = False
42.3829 	EXP 	cueImage: image = 'images/LoseBig.bmp'
42.3829 	EXP 	cueImage: autoDraw = True
42.5030 	DATA 	Keypress: 5
43.2857 	DATA 	Keypress: 5
44.0707 	DATA 	Keypress: 5
44.4163 	EXP 	cueImage: autoDraw = False
44.4163 	EXP 	cueImage: autoDraw = False
44.4163 	EXP 	fixation: autoDraw = True
44.8374 	DATA 	Keypress: 5
45.6192 	DATA 	Keypress: 5
46.4033 	DATA 	Keypress: 5
46.9493 	EXP 	fixation: autoDraw = False
46.9493 	EXP 	fixation: autoDraw = False
46.9493 	EXP 	Target: image = 'images/LoseProbe.bmp'
46.9493 	EXP 	Target: autoDraw = True
47.1868 	DATA 	Keypress: 5
47.2531 	DATA 	Keypress: 1
47.3499 	EXP 	Target: autoDraw = False
47.3499 	EXP 	Target: autoDraw = False
47.3499 	EXP 	feedbackMsg: text = 'Correct Response!\n\nYou did not lose $5.00!'
47.3499 	EXP 	feedbackMsg: autoDraw = True
47.9536 	DATA 	Keypress: 5
48.7384 	DATA 	Keypress: 5
48.9689 	EXP 	New trial (rep=0, index=2): OrderedDict([('Condition', 'Triangle'), ('FixationDur', 2000)])
48.9833 	EXP 	feedbackMsg: autoDraw = False
48.9833 	EXP 	feedbackMsg: autoDraw = False
48.9833 	EXP 	cueImage: image = 'images/Neutral.bmp'
48.9833 	EXP 	cueImage: autoDraw = True
49.5211 	DATA 	Keypress: 5
50.2855 	DATA 	Keypress: 5
51.0171 	EXP 	cueImage: autoDraw = False
51.0171 	EXP 	cueImage: autoDraw = False
51.0171 	EXP 	fixation: autoDraw = True
51.0712 	DATA 	Keypress: 5
51.8538 	DATA 	Keypress: 5
52.6204 	DATA 	Keypress: 5
53.0505 	EXP 	fixation: autoDraw = False
53.0505 	EXP 	fixation: autoDraw = False
53.0505 	EXP 	Target: image = 'images/NeutralProbe.bmp'
53.0505 	EXP 	Target: autoDraw = True
53.3716 	DATA 	Keypress: 1
53.4487 	DATA 	Keypress: 5
53.4671 	EXP 	Target: autoDraw = False
53.4671 	EXP 	Target: autoDraw = False
53.4671 	EXP 	feedbackMsg: text = 'Correct Response!\n\nYou did not win or lose anything!'
53.4671 	EXP 	feedbackMsg: autoDraw = True
54.1872 	DATA 	Keypress: 5
54.9541 	DATA 	Keypress: 5
55.0861 	EXP 	New trial (rep=0, index=3): OrderedDict([('Condition', 'SmallPun'), ('FixationDur', 2500)])
55.1007 	EXP 	feedbackMsg: autoDraw = False
55.1007 	EXP 	feedbackMsg: autoDraw = False
55.1007 	EXP 	cueImage: image = 'images/LoseSmall.bmp'
55.1007 	EXP 	cueImage: autoDraw = True
55.7365 	DATA 	Keypress: 5
56.5215 	DATA 	Keypress: 5
57.1341 	EXP 	cueImage: autoDraw = False
57.1341 	EXP 	cueImage: autoDraw = False
57.1341 	EXP 	fixation: autoDraw = True
57.2875 	DATA 	Keypress: 5
58.0714 	DATA 	Keypress: 5
58.8558 	DATA 	Keypress: 5
59.6558 	DATA 	Keypress: 5
59.6672 	EXP 	fixation: autoDraw = False
59.6672 	EXP 	fixation: autoDraw = False
59.6672 	EXP 	Target: image = 'images/LoseProbe.bmp'
59.6672 	EXP 	Target: autoDraw = True
59.9876 	DATA 	Keypress: 1
60.0509 	EXP 	Target: autoDraw = False
60.0509 	EXP 	Target: autoDraw = False
60.0509 	EXP 	feedbackMsg: text = 'Correct Response!\n\nYou did not lose $0.20!'
60.0509 	EXP 	feedbackMsg: autoDraw = True
60.4031 	DATA 	Keypress: 5
61.1880 	DATA 	Keypress: 5
61.6862 	EXP 	New trial (rep=0, index=4): OrderedDict([('Condition', 'LgReward'), ('FixationDur', 2000)])
61.7179 	EXP 	feedbackMsg: autoDraw = False
61.7179 	EXP 	feedbackMsg: autoDraw = False
61.7179 	EXP 	cueImage: image = 'images/WinBig.bmp'
61.7179 	EXP 	cueImage: autoDraw = True
61.9542 	DATA 	Keypress: 5
62.7369 	DATA 	Keypress: 5
63.5217 	DATA 	Keypress: 5
63.7516 	EXP 	cueImage: autoDraw = False
63.7516 	EXP 	fixation: autoDraw = True
64.3061 	DATA 	Keypress: 5
65.0707 	DATA 	Keypress: 5
65.8016 	EXP 	fixation: autoDraw = False
65.8016 	EXP 	fixation: autoDraw = False
65.8016 	EXP 	Target: image = 'images/WinProbe.bmp'
65.8016 	EXP 	Target: autoDraw = True
65.8559 	DATA 	Keypress: 5
66.1346 	EXP 	Target: autoDraw = False
66.1346 	EXP 	Target: autoDraw = False
66.1346 	EXP 	feedbackMsg: text = 'You pressed too slow!\n\nYou did not win $5.00!'
66.1346 	EXP 	feedbackMsg: autoDraw = True
66.1375 	DATA 	Keypress: 1
66.6390 	DATA 	Keypress: 5
67.4042 	DATA 	Keypress: 5
67.8204 	EXP 	New trial (rep=0, index=5): OrderedDict([('Condition', 'Triangle'), ('FixationDur', 1500)])
67.8346 	EXP 	feedbackMsg: autoDraw = False
67.8346 	EXP 	feedbackMsg: autoDraw = False
67.8346 	EXP 	cueImage: image = 'images/Neutral.bmp'
67.8346 	EXP 	cueImage: autoDraw = True
68.1888 	DATA 	Keypress: 5
68.9713 	DATA 	Keypress: 5
69.7367 	DATA 	Keypress: 5
69.8688 	EXP 	cueImage: autoDraw = False
69.8688 	EXP 	cueImage: autoDraw = False
69.8688 	EXP 	fixation: autoDraw = True
70.5228 	DATA 	Keypress: 5
71.3061 	DATA 	Keypress: 5
71.4023 	EXP 	fixation: autoDraw = False
71.4023 	EXP 	fixation: autoDraw = False
71.4023 	EXP 	Target: image = 'images/NeutralProbe.bmp'
71.4023 	EXP 	Target: autoDraw = True
71.6893 	DATA 	Keypress: 1
71.7520 	EXP 	Target: autoDraw = False
71.7520 	EXP 	Target: autoDraw = False
71.7520 	EXP 	feedbackMsg: text = 'Correct Response!\n\nYou did not win or lose anything!'
71.7520 	EXP 	feedbackMsg: autoDraw = True
72.0705 	DATA 	Keypress: 5
72.8561 	DATA 	Keypress: 5
73.4370 	EXP 	New trial (rep=0, index=6): OrderedDict([('Condition', 'SmallPun'), ('FixationDur', 1500)])
73.4515 	EXP 	feedbackMsg: autoDraw = False
73.4515 	EXP 	feedbackMsg: autoDraw = False
73.4515 	EXP 	cueImage: image = 'images/LoseSmall.bmp'
73.4515 	EXP 	cueImage: autoDraw = True
73.6393 	DATA 	Keypress: 5
74.4038 	DATA 	Keypress: 5
75.1895 	DATA 	Keypress: 5
75.4859 	EXP 	cueImage: autoDraw = False
75.4859 	EXP 	cueImage: autoDraw = False
75.4859 	EXP 	fixation: autoDraw = True
75.9733 	DATA 	Keypress: 5
76.7388 	DATA 	Keypress: 5
77.0180 	EXP 	fixation: autoDraw = False
77.0180 	EXP 	fixation: autoDraw = False
77.0180 	EXP 	Target: image = 'images/LoseProbe.bmp'
77.0180 	EXP 	Target: autoDraw = True
77.3067 	DATA 	Keypress: 1
77.3687 	EXP 	Target: autoDraw = False
77.3687 	EXP 	Target: autoDraw = False
77.3687 	EXP 	feedbackMsg: text = 'Correct Response!\n\nYou did not lose $0.20!'
77.3687 	EXP 	feedbackMsg: autoDraw = True
77.5211 	DATA 	Keypress: 5
78.3072 	DATA 	Keypress: 5
79.0542 	EXP 	New trial (rep=0, index=7): OrderedDict([('Condition', 'Triangle'), ('FixationDur', 2500)])
79.0686 	EXP 	feedbackMsg: autoDraw = False
79.0686 	EXP 	feedbackMsg: autoDraw = False
79.0686 	EXP 	cueImage: image = 'images/Neutral.bmp'
79.0686 	EXP 	cueImage: autoDraw = True
79.0715 	DATA 	Keypress: 5
79.8564 	DATA 	Keypress: 5
80.6389 	DATA 	Keypress: 5
81.1029 	EXP 	cueImage: autoDraw = False
81.1029 	EXP 	cueImage: autoDraw = False
81.1029 	EXP 	fixation: autoDraw = True
81.4056 	DATA 	Keypress: 5
82.1889 	DATA 	Keypress: 5
82.9740 	DATA 	Keypress: 5
83.6359 	EXP 	fixation: autoDraw = False
83.6359 	EXP 	fixation: autoDraw = False
83.6359 	EXP 	Target: image = 'images/NeutralProbe.bmp'
83.6359 	EXP 	Target: autoDraw = True
83.7397 	DATA 	Keypress: 5
83.9833 	DATA 	Keypress: 1
83.9902 	EXP 	Target: autoDraw = False
83.9902 	EXP 	Target: autoDraw = False
83.9902 	EXP 	feedbackMsg: text = 'You pressed too slow!\n\nYou did not win or lose anything!'
83.9902 	EXP 	feedbackMsg: autoDraw = True
84.5227 	DATA 	Keypress: 5
85.3078 	DATA 	Keypress: 5
85.6717 	EXP 	New trial (rep=0, index=8): OrderedDict([('Condition', 'Triangle'), ('FixationDur', 3000)])
85.6862 	EXP 	feedbackMsg: autoDraw = False
85.6862 	EXP 	feedbackMsg: autoDraw = False
85.6862 	EXP 	cueImage: image = 'images/Neutral.bmp'
85.6862 	EXP 	cueImage: autoDraw = True
86.0728 	DATA 	Keypress: 5
86.8545 	DATA 	Keypress: 5
87.6392 	DATA 	Keypress: 5
87.7199 	EXP 	cueImage: autoDraw = False
87.7199 	EXP 	cueImage: autoDraw = False
87.7199 	EXP 	fixation: autoDraw = True
88.4069 	DATA 	Keypress: 5
89.1893 	DATA 	Keypress: 5
89.9746 	DATA 	Keypress: 5
90.7431 	DATA 	Keypress: 5
90.7532 	EXP 	fixation: autoDraw = False
90.7532 	EXP 	fixation: autoDraw = False
90.7532 	EXP 	Target: image = 'images/NeutralProbe.bmp'
90.7532 	EXP 	Target: autoDraw = True
91.0915 	DATA 	Keypress: 1
91.1027 	EXP 	Target: autoDraw = False
91.1027 	EXP 	Target: autoDraw = False
91.1027 	EXP 	feedbackMsg: text = 'You pressed too slow!\n\nYou did not win or lose anything!'
91.1027 	EXP 	feedbackMsg: autoDraw = True
91.5220 	DATA 	Keypress: 5
92.3082 	DATA 	Keypress: 5
92.7719 	EXP 	New trial (rep=0, index=9): OrderedDict([('Condition', 'SmallReward'), ('FixationDur', 3500)])
92.8027 	EXP 	feedbackMsg: autoDraw = False
92.8027 	EXP 	feedbackMsg: autoDraw = False
92.8027 	EXP 	cueImage: image = 'images/WinSmall.bmp'
92.8027 	EXP 	cueImage: autoDraw = True
93.0895 	DATA 	Keypress: 5
93.8552 	DATA 	Keypress: 5
94.6408 	DATA 	Keypress: 5
94.8370 	EXP 	cueImage: autoDraw = False
94.8370 	EXP 	fixation: autoDraw = True
95.4252 	DATA 	Keypress: 5
96.1889 	DATA 	Keypress: 5
96.9737 	DATA 	Keypress: 5
97.7586 	DATA 	Keypress: 5
98.3863 	EXP 	fixation: autoDraw = False
98.3863 	EXP 	fixation: autoDraw = False
98.3863 	EXP 	Target: image = 'images/WinProbe.bmp'
98.3863 	EXP 	Target: autoDraw = True
98.5232 	DATA 	Keypress: 5
98.6576 	DATA 	Keypress: 1
98.7422 	EXP 	Target: autoDraw = False
98.7422 	EXP 	Target: autoDraw = False
98.7422 	EXP 	feedbackMsg: text = 'Correct Response!\n\nYou won $0.20!'
98.7422 	EXP 	feedbackMsg: autoDraw = True
99.3058 	DATA 	Keypress: 5
100.0918 	DATA 	Keypress: 5
100.4224 	EXP 	New trial (rep=0, index=10): OrderedDict([('Condition', 'SmallReward'), ('FixationDur', 2500)])
100.4531 	EXP 	feedbackMsg: autoDraw = False
100.4531 	EXP 	feedbackMsg: autoDraw = False
100.4531 	EXP 	cueImage: image = 'images/WinSmall.bmp'
100.4531 	EXP 	cueImage: autoDraw = True
100.8565 	DATA 	Keypress: 5
101.6392 	DATA 	Keypress: 5
102.4244 	DATA 	Keypress: 5
102.4877 	EXP 	cueImage: autoDraw = False
102.4877 	EXP 	fixation: autoDraw = True
103.1905 	DATA 	Keypress: 5
103.9738 	DATA 	Keypress: 5
104.7583 	DATA 	Keypress: 5
105.0270 	EXP 	fixation: autoDraw = False
105.0270 	EXP 	fixation: autoDraw = False
105.0270 	EXP 	Target: image = 'images/WinProbe.bmp'
105.0270 	EXP 	Target: autoDraw = True
105.2910 	DATA 	Keypress: 1
105.3545 	EXP 	Target: autoDraw = False
105.3545 	EXP 	Target: autoDraw = False
105.3545 	EXP 	feedbackMsg: text = 'Correct Response!\n\nYou won $0.20!'
105.3545 	EXP 	feedbackMsg: autoDraw = True
105.5244 	DATA 	Keypress: 5
106.3064 	DATA 	Keypress: 5
107.0556 	EXP 	New trial (rep=0, index=11): OrderedDict([('Condition', 'LgReward'), ('FixationDur', 1500)])
107.0864 	EXP 	feedbackMsg: autoDraw = False
107.0864 	EXP 	feedbackMsg: autoDraw = False
107.0864 	EXP 	cueImage: image = 'images/WinBig.bmp'
107.0864 	EXP 	cueImage: autoDraw = True
107.0902 	DATA 	Keypress: 5
107.8748 	DATA 	Keypress: 5
108.6399 	DATA 	Keypress: 5
109.1207 	EXP 	cueImage: autoDraw = False
109.1207 	EXP 	fixation: autoDraw = True
109.4254 	DATA 	Keypress: 5
110.2091 	DATA 	Keypress: 5
110.6711 	EXP 	fixation: autoDraw = False
110.6711 	EXP 	fixation: autoDraw = False
110.6711 	EXP 	Target: image = 'images/WinProbe.bmp'
110.6711 	EXP 	Target: autoDraw = True
110.9847 	DATA 	Keypress: 1
110.9864 	DATA 	Keypress: 5
110.9929 	EXP 	Target: autoDraw = False
110.9929 	EXP 	Target: autoDraw = False
110.9929 	EXP 	feedbackMsg: text = 'You pressed too slow!\n\nYou did not win $5.00!'
110.9929 	EXP 	feedbackMsg: autoDraw = True
111.7587 	DATA 	Keypress: 5
112.5421 	DATA 	Keypress: 5
112.7065 	EXP 	New trial (rep=0, index=12): OrderedDict([('Condition', 'Triangle'), ('FixationDur', 1500)])
112.7209 	EXP 	feedbackMsg: autoDraw = False
112.7209 	EXP 	feedbackMsg: autoDraw = False
112.7209 	EXP 	cueImage: image = 'images/Neutral.bmp'
112.7209 	EXP 	cueImage: autoDraw = True
113.3062 	DATA 	Keypress: 5
114.0916 	DATA 	Keypress: 5
114.7552 	EXP 	cueImage: autoDraw = False
114.7552 	EXP 	cueImage: autoDraw = False
114.7552 	EXP 	fixation: autoDraw = True
114.8761 	DATA 	Keypress: 5
115.6406 	DATA 	Keypress: 5
116.2873 	EXP 	fixation: autoDraw = False
116.2873 	EXP 	fixation: autoDraw = False
116.2873 	EXP 	Target: image = 'images/NeutralProbe.bmp'
116.2873 	EXP 	Target: autoDraw = True
116.4255 	DATA 	Keypress: 5
116.6027 	DATA 	Keypress: 1
116.6110 	EXP 	Target: autoDraw = False
116.6110 	EXP 	Target: autoDraw = False
116.6110 	EXP 	feedbackMsg: text = 'You pressed too slow!\n\nYou did not win or lose anything!'
116.6110 	EXP 	feedbackMsg: autoDraw = True
117.2080 	DATA 	Keypress: 5
117.9739 	DATA 	Keypress: 5
118.3238 	EXP 	New trial (rep=0, index=13): OrderedDict([('Condition', 'SmallReward'), ('FixationDur', 1500)])
118.3549 	EXP 	feedbackMsg: autoDraw = False
118.3549 	EXP 	feedbackMsg: autoDraw = False
118.3549 	EXP 	cueImage: image = 'images/WinSmall.bmp'
118.3549 	EXP 	cueImage: autoDraw = True
118.7587 	DATA 	Keypress: 5
119.5418 	DATA 	Keypress: 5
120.3078 	DATA 	Keypress: 5
120.3786 	EXP 	cueImage: autoDraw = False
120.3786 	EXP 	fixation: autoDraw = True
121.0925 	DATA 	Keypress: 5
121.9233 	DATA 	Keypress: 5
121.9295 	EXP 	fixation: autoDraw = False
121.9295 	EXP 	fixation: autoDraw = False
121.9295 	EXP 	Target: image = 'images/WinProbe.bmp'
121.9295 	EXP 	Target: autoDraw = True
122.1908 	DATA 	Keypress: 1
122.2554 	EXP 	Target: autoDraw = False
122.2554 	EXP 	Target: autoDraw = False
122.2554 	EXP 	feedbackMsg: text = 'Correct Response!\n\nYou won $0.20!'
122.2554 	EXP 	feedbackMsg: autoDraw = True
122.6414 	DATA 	Keypress: 5
123.4255 	DATA 	Keypress: 5
123.9570 	EXP 	New trial (rep=0, index=14): OrderedDict([('Condition', 'SmallReward'), ('FixationDur', 4000)])
123.9885 	EXP 	feedbackMsg: autoDraw = False
123.9885 	EXP 	feedbackMsg: autoDraw = False
123.9885 	EXP 	cueImage: image = 'images/WinSmall.bmp'
123.9885 	EXP 	cueImage: autoDraw = True
124.2093 	DATA 	Keypress: 5
124.9746 	DATA 	Keypress: 5
125.7589 	DATA 	Keypress: 5
126.0120 	EXP 	cueImage: autoDraw = False
126.0120 	EXP 	fixation: autoDraw = True
126.5432 	DATA 	Keypress: 5
127.3094 	DATA 	Keypress: 5
128.0914 	DATA 	Keypress: 5
128.8768 	DATA 	Keypress: 5
129.6429 	DATA 	Keypress: 5
130.0724 	EXP 	fixation: autoDraw = False
130.0724 	EXP 	fixation: autoDraw = False
130.0724 	EXP 	Target: image = 'images/WinProbe.bmp'
130.0724 	EXP 	Target: autoDraw = True
130.3688 	DATA 	Keypress: 1
130.3795 	EXP 	Target: autoDraw = False
130.3795 	EXP 	Target: autoDraw = False
130.3795 	EXP 	feedbackMsg: text = 'You pressed too slow!\n\nYou did not win $0.20!'
130.3795 	EXP 	feedbackMsg: autoDraw = True
130.4247 	DATA 	Keypress: 5
131.2096 	DATA 	Keypress: 5
131.9936 	DATA 	Keypress: 5
132.1075 	EXP 	New trial (rep=0, index=15): OrderedDict([('Condition', 'LgReward'), ('FixationDur', 1500)])
132.1309 	EXP 	feedbackMsg: autoDraw = False
132.1309 	EXP 	feedbackMsg: autoDraw = False
132.1309 	EXP 	cueImage: image = 'images/WinBig.bmp'
132.1309 	EXP 	cueImage: autoDraw = True
132.7575 	DATA 	Keypress: 5
133.5432 	DATA 	Keypress: 5
134.1628 	EXP 	cueImage: autoDraw = False
134.1628 	EXP 	fixation: autoDraw = True
134.3269 	DATA 	Keypress: 5
135.0918 	DATA 	Keypress: 5
135.7135 	EXP 	fixation: autoDraw = False
135.7135 	EXP 	fixation: autoDraw = False
135.7135 	EXP 	Target: image = 'images/WinProbe.bmp'
135.7135 	EXP 	Target: autoDraw = True
135.8764 	DATA 	Keypress: 5
136.0020 	DATA 	Keypress: 1
136.0136 	EXP 	Target: autoDraw = False
136.0136 	EXP 	Target: autoDraw = False
136.0136 	EXP 	feedbackMsg: text = 'You pressed too slow!\n\nYou did not win $5.00!'
136.0136 	EXP 	feedbackMsg: autoDraw = True
136.6609 	DATA 	Keypress: 5
137.4244 	DATA 	Keypress: 5
137.7418 	EXP 	New trial (rep=0, index=16): OrderedDict([('Condition', 'LgReward'), ('FixationDur', 3000)])
137.7727 	EXP 	feedbackMsg: autoDraw = False
137.7727 	EXP 	feedbackMsg: autoDraw = False
137.7727 	EXP 	cueImage: image = 'images/WinBig.bmp'
137.7727 	EXP 	cueImage: autoDraw = True
138.2100 	DATA 	Keypress: 5
138.9927 	DATA 	Keypress: 5
139.7905 	DATA 	Keypress: 5
139.7974 	EXP 	cueImage: autoDraw = False
139.7974 	EXP 	fixation: autoDraw = True
140.5443 	DATA 	Keypress: 5
141.3277 	DATA 	Keypress: 5
142.0928 	DATA 	Keypress: 5
142.8734 	DATA 	Keypress: 5
142.8808 	EXP 	fixation: autoDraw = False
142.8808 	EXP 	fixation: autoDraw = False
142.8808 	EXP 	Target: image = 'images/WinProbe.bmp'
142.8808 	EXP 	Target: autoDraw = True
143.1101 	DATA 	Keypress: 1
143.1729 	EXP 	Target: autoDraw = False
143.1729 	EXP 	Target: autoDraw = False
143.1729 	EXP 	feedbackMsg: text = 'Correct Response!\n\nYou won $5.00!'
143.1729 	EXP 	feedbackMsg: autoDraw = True
143.6602 	DATA 	Keypress: 5
144.4268 	DATA 	Keypress: 5
144.9085 	EXP 	New trial (rep=0, index=17): OrderedDict([('Condition', 'SmallReward'), ('FixationDur', 1500)])
144.9320 	EXP 	feedbackMsg: autoDraw = False
144.9320 	EXP 	feedbackMsg: autoDraw = False
144.9320 	EXP 	cueImage: image = 'images/WinSmall.bmp'
144.9320 	EXP 	cueImage: autoDraw = True
145.2097 	DATA 	Keypress: 5
145.9940 	DATA 	Keypress: 5
146.7595 	DATA 	Keypress: 5
146.9653 	EXP 	cueImage: autoDraw = False
146.9653 	EXP 	fixation: autoDraw = True
147.5424 	DATA 	Keypress: 5
148.3280 	DATA 	Keypress: 5
148.5151 	EXP 	fixation: autoDraw = False
148.5151 	EXP 	fixation: autoDraw = False
148.5151 	EXP 	Target: image = 'images/WinProbe.bmp'
148.5151 	EXP 	Target: autoDraw = True
148.8376 	DATA 	Keypress: 1
148.8491 	EXP 	Target: autoDraw = False
148.8491 	EXP 	Target: autoDraw = False
148.8491 	EXP 	feedbackMsg: text = 'You pressed too slow!\n\nYou did not win $0.20!'
148.8491 	EXP 	feedbackMsg: autoDraw = True
149.0930 	DATA 	Keypress: 5
149.8765 	DATA 	Keypress: 5
150.5590 	EXP 	New trial (rep=0, index=18): OrderedDict([('Condition', 'LgPun'), ('FixationDur', 1500)])
150.5736 	EXP 	feedbackMsg: autoDraw = False
150.5736 	EXP 	feedbackMsg: autoDraw = False
150.5736 	EXP 	cueImage: image = 'images/LoseBig.bmp'
150.5736 	EXP 	cueImage: autoDraw = True
150.6606 	DATA 	Keypress: 5
151.4268 	DATA 	Keypress: 5
152.2099 	DATA 	Keypress: 5
152.5994 	EXP 	cueImage: autoDraw = False
152.5994 	EXP 	cueImage: autoDraw = False
152.5994 	EXP 	fixation: autoDraw = True
152.9949 	DATA 	Keypress: 5
153.7780 	DATA 	Keypress: 5
154.1399 	EXP 	fixation: autoDraw = False
154.1399 	EXP 	fixation: autoDraw = False
154.1399 	EXP 	Target: image = 'images/LoseProbe.bmp'
154.1399 	EXP 	Target: autoDraw = True
154.4563 	EXP 	Target: autoDraw = False
154.4563 	EXP 	Target: autoDraw = False
154.4563 	EXP 	feedbackMsg: text = 'You pressed too slow!\n\nYou lost $5.00!'
154.4563 	EXP 	feedbackMsg: autoDraw = True
154.4595 	DATA 	Keypress: 1
154.5425 	DATA 	Keypress: 5
155.3281 	DATA 	Keypress: 5
156.1114 	DATA 	Keypress: 5
156.1763 	EXP 	New trial (rep=0, index=19): OrderedDict([('Condition', 'SmallReward'), ('FixationDur', 2000)])
156.1993 	EXP 	feedbackMsg: autoDraw = False
156.1993 	EXP 	feedbackMsg: autoDraw = False
156.1993 	EXP 	cueImage: image = 'images/WinSmall.bmp'
156.1993 	EXP 	cueImage: autoDraw = True
156.8761 	DATA 	Keypress: 5
157.6593 	DATA 	Keypress: 5
158.2340 	EXP 	cueImage: autoDraw = False
158.2340 	EXP 	fixation: autoDraw = True
158.4451 	DATA 	Keypress: 5
159.2102 	DATA 	Keypress: 5
159.9949 	DATA 	Keypress: 5
160.2839 	EXP 	fixation: autoDraw = False
160.2839 	EXP 	fixation: autoDraw = False
160.2839 	EXP 	Target: image = 'images/WinProbe.bmp'
160.2839 	EXP 	Target: autoDraw = True
160.5098 	DATA 	Keypress: 1
160.6168 	EXP 	Target: autoDraw = False
160.6168 	EXP 	Target: autoDraw = False
160.6168 	EXP 	feedbackMsg: text = 'Correct Response!\n\nYou won $0.20!'
160.6168 	EXP 	feedbackMsg: autoDraw = True
160.7780 	DATA 	Keypress: 5
161.5444 	DATA 	Keypress: 5
162.3252 	EXP 	New trial (rep=0, index=20): OrderedDict([('Condition', 'SmallPun'), ('FixationDur', 3000)])
162.3325 	DATA 	Keypress: 5
162.3405 	EXP 	feedbackMsg: autoDraw = False
162.3405 	EXP 	feedbackMsg: autoDraw = False
162.3405 	EXP 	cueImage: image = 'images/LoseSmall.bmp'
162.3405 	EXP 	cueImage: autoDraw = True
163.1112 	DATA 	Keypress: 5
163.8771 	DATA 	Keypress: 5
164.3669 	EXP 	cueImage: autoDraw = False
164.3669 	EXP 	cueImage: autoDraw = False
164.3669 	EXP 	fixation: autoDraw = True
164.6613 	DATA 	Keypress: 5
165.4458 	DATA 	Keypress: 5
166.2113 	DATA 	Keypress: 5
166.9947 	DATA 	Keypress: 5
167.4076 	EXP 	fixation: autoDraw = False
167.4076 	EXP 	fixation: autoDraw = False
167.4076 	EXP 	Target: image = 'images/LoseProbe.bmp'
167.4076 	EXP 	Target: autoDraw = True
167.6792 	DATA 	Keypress: 1
167.7671 	EXP 	Target: autoDraw = False
167.7671 	EXP 	Target: autoDraw = False
167.7671 	EXP 	feedbackMsg: text = 'Correct Response!\n\nYou did not lose $0.20!'
167.7671 	EXP 	feedbackMsg: autoDraw = True
167.7702 	DATA 	Keypress: 5
168.5446 	DATA 	Keypress: 5
169.3278 	DATA 	Keypress: 5
169.4267 	EXP 	New trial (rep=0, index=21): OrderedDict([('Condition', 'LgReward'), ('FixationDur', 3500)])
169.4517 	EXP 	feedbackMsg: autoDraw = False
169.4517 	EXP 	feedbackMsg: autoDraw = False
169.4517 	EXP 	cueImage: image = 'images/WinBig.bmp'
169.4517 	EXP 	cueImage: autoDraw = True
170.1110 	DATA 	Keypress: 5
170.8780 	DATA 	Keypress: 5
171.4854 	EXP 	cueImage: autoDraw = False
171.4854 	EXP 	fixation: autoDraw = True
171.6624 	DATA 	Keypress: 5
172.4466 	DATA 	Keypress: 5
173.2124 	DATA 	Keypress: 5
173.9946 	DATA 	Keypress: 5
174.7800 	DATA 	Keypress: 5
175.0353 	EXP 	fixation: autoDraw = False
175.0353 	EXP 	fixation: autoDraw = False
175.0353 	EXP 	Target: image = 'images/WinProbe.bmp'
175.0353 	EXP 	Target: autoDraw = True
175.2952 	DATA 	Keypress: 1
175.3919 	EXP 	Target: autoDraw = False
175.3919 	EXP 	Target: autoDraw = False
175.3919 	EXP 	feedbackMsg: text = 'Correct Response!\n\nYou won $5.00!'
175.3919 	EXP 	feedbackMsg: autoDraw = True
175.5623 	DATA 	Keypress: 5
176.3285 	DATA 	Keypress: 5
177.0606 	EXP 	New trial (rep=0, index=22): OrderedDict([('Condition', 'LgPun'), ('FixationDur', 4000)])
177.0750 	EXP 	feedbackMsg: autoDraw = False
177.0750 	EXP 	feedbackMsg: autoDraw = False
177.0750 	EXP 	cueImage: image = 'images/LoseBig.bmp'
177.0750 	EXP 	cueImage: autoDraw = True
177.1120 	DATA 	Keypress: 5
177.8951 	DATA 	Keypress: 5
178.6612 	DATA 	Keypress: 5
179.1024 	EXP 	cueImage: autoDraw = False
179.1024 	EXP 	cueImage: autoDraw = False
179.1024 	EXP 	fixation: autoDraw = True
179.4456 	DATA 	Keypress: 5
180.2300 	DATA 	Keypress: 5
180.9950 	DATA 	Keypress: 5
181.7797 	DATA 	Keypress: 5
182.5637 	DATA 	Keypress: 5
183.1371 	EXP 	fixation: autoDraw = False
183.1371 	EXP 	fixation: autoDraw = False
183.1371 	EXP 	Target: image = 'images/LoseProbe.bmp'
183.1371 	EXP 	Target: autoDraw = True
183.3289 	DATA 	Keypress: 5
183.3968 	DATA 	Keypress: 1
183.4923 	EXP 	Target: autoDraw = False
183.4923 	EXP 	Target: autoDraw = False
183.4923 	EXP 	feedbackMsg: text = 'Correct Response!\n\nYou did not lose $5.00!'
183.4923 	EXP 	feedbackMsg: autoDraw = True
184.1116 	DATA 	Keypress: 5
184.8970 	DATA 	Keypress: 5
185.1614 	EXP 	New trial (rep=0, index=23): OrderedDict([('Condition', 'Triangle'), ('FixationDur', 2000)])
185.1760 	EXP 	feedbackMsg: autoDraw = False
185.1760 	EXP 	feedbackMsg: autoDraw = False
185.1760 	EXP 	cueImage: image = 'images/Neutral.bmp'
185.1760 	EXP 	cueImage: autoDraw = True
185.6621 	DATA 	Keypress: 5
186.4461 	DATA 	Keypress: 5
187.2039 	EXP 	cueImage: autoDraw = False
187.2039 	EXP 	cueImage: autoDraw = False
187.2039 	EXP 	fixation: autoDraw = True
187.2307 	DATA 	Keypress: 5
187.9967 	DATA 	Keypress: 5
188.7788 	DATA 	Keypress: 5
189.2371 	EXP 	fixation: autoDraw = False
189.2371 	EXP 	fixation: autoDraw = False
189.2371 	EXP 	Target: image = 'images/NeutralProbe.bmp'
189.2371 	EXP 	Target: autoDraw = True
189.5735 	DATA 	Keypress: 5
189.5869 	EXP 	Target: autoDraw = False
189.5869 	EXP 	Target: autoDraw = False
189.5869 	EXP 	feedbackMsg: text = 'You pressed too slow!\n\nYou did not win or lose anything!'
189.5869 	EXP 	feedbackMsg: autoDraw = True
190.3296 	DATA 	Keypress: 5
191.1128 	DATA 	Keypress: 5
191.2618 	EXP 	New trial (rep=0, index=24): OrderedDict([('Condition', 'LgReward'), ('FixationDur', 4000)])
191.2871 	EXP 	feedbackMsg: autoDraw = False
191.2871 	EXP 	feedbackMsg: autoDraw = False
191.2871 	EXP 	cueImage: image = 'images/WinBig.bmp'
191.2871 	EXP 	cueImage: autoDraw = True
191.8957 	DATA 	Keypress: 5
192.6628 	DATA 	Keypress: 5
193.3213 	EXP 	cueImage: autoDraw = False
193.3213 	EXP 	fixation: autoDraw = True
193.4454 	DATA 	Keypress: 5
194.2302 	DATA 	Keypress: 5
194.9971 	DATA 	Keypress: 5
195.7793 	DATA 	Keypress: 5
196.5646 	DATA 	Keypress: 5
197.3636 	DATA 	Keypress: 5
197.3715 	EXP 	fixation: autoDraw = False
197.3715 	EXP 	fixation: autoDraw = False
197.3715 	EXP 	Target: image = 'images/WinProbe.bmp'
197.3715 	EXP 	Target: autoDraw = True
197.6310 	DATA 	Keypress: 1
197.7215 	EXP 	Target: autoDraw = False
197.7215 	EXP 	Target: autoDraw = False
197.7215 	EXP 	feedbackMsg: text = 'Correct Response!\n\nYou won $5.00!'
197.7215 	EXP 	feedbackMsg: autoDraw = True
198.1133 	DATA 	Keypress: 5
198.8979 	DATA 	Keypress: 5
199.3953 	EXP 	New trial (rep=0, index=25): OrderedDict([('Condition', 'LgPun'), ('FixationDur', 3000)])
199.4103 	EXP 	feedbackMsg: autoDraw = False
199.4103 	EXP 	feedbackMsg: autoDraw = False
199.4103 	EXP 	cueImage: image = 'images/LoseBig.bmp'
199.4103 	EXP 	cueImage: autoDraw = True
199.6801 	DATA 	Keypress: 5
200.4455 	DATA 	Keypress: 5
201.2308 	DATA 	Keypress: 5
201.4385 	EXP 	cueImage: autoDraw = False
201.4385 	EXP 	cueImage: autoDraw = False
201.4385 	EXP 	fixation: autoDraw = True
202.0153 	DATA 	Keypress: 5
202.7800 	DATA 	Keypress: 5
203.5646 	DATA 	Keypress: 5
204.3481 	DATA 	Keypress: 5
204.4716 	EXP 	fixation: autoDraw = False
204.4716 	EXP 	fixation: autoDraw = False
204.4716 	EXP 	Target: image = 'images/LoseProbe.bmp'
204.4716 	EXP 	Target: autoDraw = True
204.7312 	DATA 	Keypress: 1
204.8108 	EXP 	Target: autoDraw = False
204.8108 	EXP 	Target: autoDraw = False
204.8108 	EXP 	feedbackMsg: text = 'Correct Response!\n\nYou did not lose $5.00!'
204.8108 	EXP 	feedbackMsg: autoDraw = True
205.1134 	DATA 	Keypress: 5
205.8966 	DATA 	Keypress: 5
206.4957 	EXP 	New trial (rep=0, index=26): OrderedDict([('Condition', 'Triangle'), ('FixationDur', 1500)])
206.5105 	EXP 	feedbackMsg: autoDraw = False
206.5105 	EXP 	feedbackMsg: autoDraw = False
206.5105 	EXP 	cueImage: image = 'images/Neutral.bmp'
206.5105 	EXP 	cueImage: autoDraw = True
206.6812 	DATA 	Keypress: 5
207.4466 	DATA 	Keypress: 5
208.2310 	DATA 	Keypress: 5
208.5392 	EXP 	cueImage: autoDraw = False
208.5392 	EXP 	cueImage: autoDraw = False
208.5392 	EXP 	fixation: autoDraw = True
209.0150 	DATA 	Keypress: 5
209.7801 	DATA 	Keypress: 5
210.0732 	EXP 	fixation: autoDraw = False
210.0732 	EXP 	fixation: autoDraw = False
210.0732 	EXP 	Target: image = 'images/NeutralProbe.bmp'
210.0732 	EXP 	Target: autoDraw = True
210.4060 	EXP 	Target: autoDraw = False
210.4060 	EXP 	Target: autoDraw = False
210.4060 	EXP 	feedbackMsg: text = 'You pressed too slow!\n\nYou did not win or lose anything!'
210.4060 	EXP 	feedbackMsg: autoDraw = True
210.4310 	DATA 	Keypress: 1
210.5629 	DATA 	Keypress: 5
211.3489 	DATA 	Keypress: 5
212.0966 	EXP 	New trial (rep=0, index=27): OrderedDict([('Condition', 'LgPun'), ('FixationDur', 1500)])
212.1109 	EXP 	feedbackMsg: autoDraw = False
212.1109 	EXP 	feedbackMsg: autoDraw = False
212.1109 	EXP 	cueImage: image = 'images/LoseBig.bmp'
212.1109 	EXP 	cueImage: autoDraw = True
212.1138 	DATA 	Keypress: 5
212.8972 	DATA 	Keypress: 5
213.6814 	DATA 	Keypress: 5
214.1405 	EXP 	cueImage: autoDraw = False
214.1405 	EXP 	cueImage: autoDraw = False
214.1405 	EXP 	fixation: autoDraw = True
214.4611 	DATA 	Keypress: 5
215.2304 	DATA 	Keypress: 5
215.6740 	EXP 	fixation: autoDraw = False
215.6740 	EXP 	fixation: autoDraw = False
215.6740 	EXP 	Target: image = 'images/LoseProbe.bmp'
215.6740 	EXP 	Target: autoDraw = True
216.0030 	DATA 	Keypress: 1
216.0047 	DATA 	Keypress: 5
216.0112 	EXP 	Target: autoDraw = False
216.0112 	EXP 	Target: autoDraw = False
216.0112 	EXP 	feedbackMsg: text = 'You pressed too slow!\n\nYou lost $5.00!'
216.0112 	EXP 	feedbackMsg: autoDraw = True
216.7817 	DATA 	Keypress: 5
217.5645 	DATA 	Keypress: 5
217.6965 	EXP 	New trial (rep=0, index=28): OrderedDict([('Condition', 'SmallReward'), ('FixationDur', 2000)])
217.7240 	EXP 	feedbackMsg: autoDraw = False
217.7240 	EXP 	feedbackMsg: autoDraw = False
217.7240 	EXP 	cueImage: image = 'images/WinSmall.bmp'
217.7240 	EXP 	cueImage: autoDraw = True
218.3428 	DATA 	Keypress: 5
219.1318 	DATA 	Keypress: 5
219.7580 	EXP 	cueImage: autoDraw = False
219.7580 	EXP 	fixation: autoDraw = True
219.8943 	DATA 	Keypress: 5
220.6777 	DATA 	Keypress: 5
221.4662 	DATA 	Keypress: 5
221.8080 	EXP 	fixation: autoDraw = False
221.8080 	EXP 	fixation: autoDraw = False
221.8080 	EXP 	Target: image = 'images/WinProbe.bmp'
221.8080 	EXP 	Target: autoDraw = True
222.1119 	EXP 	Target: autoDraw = False
222.1119 	EXP 	Target: autoDraw = False
222.1119 	EXP 	feedbackMsg: text = 'You pressed too slow!\n\nYou did not win $0.20!'
222.1119 	EXP 	feedbackMsg: autoDraw = True
222.2305 	DATA 	Keypress: 1
222.2327 	DATA 	Keypress: 5
223.0153 	DATA 	Keypress: 5
223.7994 	DATA 	Keypress: 5
223.8303 	EXP 	New trial (rep=0, index=29): OrderedDict([('Condition', 'LgPun'), ('FixationDur', 1500)])
223.8446 	EXP 	feedbackMsg: autoDraw = False
223.8446 	EXP 	feedbackMsg: autoDraw = False
223.8446 	EXP 	cueImage: image = 'images/LoseBig.bmp'
223.8446 	EXP 	cueImage: autoDraw = True
224.5636 	DATA 	Keypress: 5
225.3488 	DATA 	Keypress: 5
225.8752 	EXP 	cueImage: autoDraw = False
225.8752 	EXP 	cueImage: autoDraw = False
225.8752 	EXP 	fixation: autoDraw = True
226.1293 	DATA 	Keypress: 5
226.9130 	DATA 	Keypress: 5
227.4085 	EXP 	fixation: autoDraw = False
227.4085 	EXP 	fixation: autoDraw = False
227.4085 	EXP 	Target: image = 'images/LoseProbe.bmp'
227.4085 	EXP 	Target: autoDraw = True
227.7065 	DATA 	Keypress: 5
227.7083 	DATA 	Keypress: 1
227.7253 	EXP 	Target: autoDraw = False
227.7253 	EXP 	Target: autoDraw = False
227.7253 	EXP 	feedbackMsg: text = 'You pressed too slow!\n\nYou lost $5.00!'
227.7253 	EXP 	feedbackMsg: autoDraw = True
228.4628 	DATA 	Keypress: 5
229.2315 	DATA 	Keypress: 5
229.4312 	EXP 	New trial (rep=0, index=30): OrderedDict([('Condition', 'SmallReward'), ('FixationDur', 1500)])
229.4587 	EXP 	feedbackMsg: autoDraw = False
229.4587 	EXP 	feedbackMsg: autoDraw = False
229.4587 	EXP 	cueImage: image = 'images/WinSmall.bmp'
229.4587 	EXP 	cueImage: autoDraw = True
230.0110 	DATA 	Keypress: 5
230.7943 	DATA 	Keypress: 5
231.4927 	EXP 	cueImage: autoDraw = False
231.4927 	EXP 	fixation: autoDraw = True
231.5798 	DATA 	Keypress: 5
232.3450 	DATA 	Keypress: 5
233.0423 	EXP 	fixation: autoDraw = False
233.0423 	EXP 	fixation: autoDraw = False
233.0423 	EXP 	Target: image = 'images/WinProbe.bmp'
233.0423 	EXP 	Target: autoDraw = True
233.1304 	DATA 	Keypress: 5
233.3441 	DATA 	Keypress: 1
233.3595 	EXP 	Target: autoDraw = False
233.3595 	EXP 	Target: autoDraw = False
233.3595 	EXP 	feedbackMsg: text = 'You pressed too slow!\n\nYou did not win $0.20!'
233.3595 	EXP 	feedbackMsg: autoDraw = True
233.9125 	DATA 	Keypress: 5
234.6790 	DATA 	Keypress: 5
235.0611 	EXP 	New trial (rep=0, index=31): OrderedDict([('Condition', 'SmallPun'), ('FixationDur', 3500)])
235.0765 	EXP 	feedbackMsg: autoDraw = False
235.0765 	EXP 	feedbackMsg: autoDraw = False
235.0765 	EXP 	cueImage: image = 'images/LoseSmall.bmp'
235.0765 	EXP 	cueImage: autoDraw = True
235.4622 	DATA 	Keypress: 5
236.2497 	DATA 	Keypress: 5
237.0149 	DATA 	Keypress: 5
237.1103 	EXP 	cueImage: autoDraw = False
237.1103 	EXP 	fixation: autoDraw = True
237.7980 	DATA 	Keypress: 5
238.5836 	DATA 	Keypress: 5
239.3494 	DATA 	Keypress: 5
240.1336 	DATA 	Keypress: 5
240.6438 	EXP 	fixation: autoDraw = False
240.6438 	EXP 	fixation: autoDraw = False
240.6438 	EXP 	Target: image = 'images/LoseProbe.bmp'
240.6438 	EXP 	Target: autoDraw = True
240.8993 	DATA 	Keypress: 1
240.9014 	DATA 	Keypress: 5
240.9933 	EXP 	Target: autoDraw = False
240.9933 	EXP 	Target: autoDraw = False
240.9933 	EXP 	feedbackMsg: text = 'Correct Response!\n\nYou did not lose $0.20!'
240.9933 	EXP 	feedbackMsg: autoDraw = True
241.6817 	DATA 	Keypress: 5
242.4661 	DATA 	Keypress: 5
242.6818 	EXP 	New trial (rep=0, index=32): OrderedDict([('Condition', 'Triangle'), ('FixationDur', 4000)])
242.6964 	EXP 	feedbackMsg: autoDraw = False
242.6964 	EXP 	feedbackMsg: autoDraw = False
242.6964 	EXP 	cueImage: image = 'images/Neutral.bmp'
242.6964 	EXP 	cueImage: autoDraw = True
243.2496 	DATA 	Keypress: 5
244.0150 	DATA 	Keypress: 5
244.7280 	EXP 	cueImage: autoDraw = False
244.7280 	EXP 	cueImage: autoDraw = False
244.7280 	EXP 	fixation: autoDraw = True
244.7997 	DATA 	Keypress: 5
245.5841 	DATA 	Keypress: 5
246.3493 	DATA 	Keypress: 5
247.1324 	DATA 	Keypress: 5
247.9175 	DATA 	Keypress: 5
248.6833 	DATA 	Keypress: 5
248.7620 	EXP 	fixation: autoDraw = False
248.7620 	EXP 	fixation: autoDraw = False
248.7620 	EXP 	Target: image = 'images/NeutralProbe.bmp'
248.7620 	EXP 	Target: autoDraw = True
249.0332 	DATA 	Keypress: 1
249.1139 	EXP 	Target: autoDraw = False
249.1139 	EXP 	Target: autoDraw = False
249.1139 	EXP 	feedbackMsg: text = 'Correct Response!\n\nYou did not win or lose anything!'
249.1139 	EXP 	feedbackMsg: autoDraw = True
249.4668 	DATA 	Keypress: 5
250.2511 	DATA 	Keypress: 5
250.7989 	EXP 	New trial (rep=0, index=33): OrderedDict([('Condition', 'SmallPun'), ('FixationDur', 2000)])
250.8131 	EXP 	feedbackMsg: autoDraw = False
250.8131 	EXP 	feedbackMsg: autoDraw = False
250.8131 	EXP 	cueImage: image = 'images/LoseSmall.bmp'
250.8131 	EXP 	cueImage: autoDraw = True
251.0163 	DATA 	Keypress: 5
251.7990 	DATA 	Keypress: 5
252.5841 	DATA 	Keypress: 5
252.8454 	EXP 	cueImage: autoDraw = False
252.8454 	EXP 	cueImage: autoDraw = False
252.8454 	EXP 	fixation: autoDraw = True
253.3505 	DATA 	Keypress: 5
254.1336 	DATA 	Keypress: 5
254.8793 	EXP 	fixation: autoDraw = False
254.8793 	EXP 	fixation: autoDraw = False
254.8793 	EXP 	Target: image = 'images/LoseProbe.bmp'
254.8793 	EXP 	Target: autoDraw = True
254.9178 	DATA 	Keypress: 5
255.2247 	DATA 	Keypress: 1
255.2306 	EXP 	Target: autoDraw = False
255.2306 	EXP 	Target: autoDraw = False
255.2306 	EXP 	feedbackMsg: text = 'You pressed too slow!\n\nYou lost $0.20!'
255.2306 	EXP 	feedbackMsg: autoDraw = True
255.6838 	DATA 	Keypress: 5
256.4662 	DATA 	Keypress: 5
256.9158 	EXP 	New trial (rep=0, index=34): OrderedDict([('Condition', 'LgReward'), ('FixationDur', 1500)])
256.9456 	EXP 	feedbackMsg: autoDraw = False
256.9456 	EXP 	feedbackMsg: autoDraw = False
256.9456 	EXP 	cueImage: image = 'images/WinBig.bmp'
256.9456 	EXP 	cueImage: autoDraw = True
257.2515 	DATA 	Keypress: 5
258.0338 	DATA 	Keypress: 5
258.8000 	DATA 	Keypress: 5
258.9795 	EXP 	cueImage: autoDraw = False
258.9795 	EXP 	fixation: autoDraw = True
259.5825 	DATA 	Keypress: 5
260.3685 	DATA 	Keypress: 5
260.5291 	EXP 	fixation: autoDraw = False
260.5291 	EXP 	fixation: autoDraw = False
260.5291 	EXP 	Target: image = 'images/WinProbe.bmp'
260.5291 	EXP 	Target: autoDraw = True
260.8000 	DATA 	Keypress: 1
260.8796 	EXP 	Target: autoDraw = False
260.8796 	EXP 	Target: autoDraw = False
260.8796 	EXP 	feedbackMsg: text = 'Correct Response!\n\nYou won $5.00!'
260.8796 	EXP 	feedbackMsg: autoDraw = True
261.1325 	DATA 	Keypress: 5
261.9181 	DATA 	Keypress: 5
262.5496 	EXP 	New trial (rep=0, index=35): OrderedDict([('Condition', 'SmallPun'), ('FixationDur', 1500)])
262.5638 	EXP 	feedbackMsg: autoDraw = False
262.5638 	EXP 	feedbackMsg: autoDraw = False
262.5638 	EXP 	cueImage: image = 'images/LoseSmall.bmp'
262.5638 	EXP 	cueImage: autoDraw = True
262.7014 	DATA 	Keypress: 5
263.4659 	DATA 	Keypress: 5
264.2513 	DATA 	Keypress: 5
264.5966 	EXP 	cueImage: autoDraw = False
264.5966 	EXP 	cueImage: autoDraw = False
264.5966 	EXP 	fixation: autoDraw = True
265.0356 	DATA 	Keypress: 5
265.8005 	DATA 	Keypress: 5
266.1301 	EXP 	fixation: autoDraw = False
266.1301 	EXP 	fixation: autoDraw = False
266.1301 	EXP 	Target: image = 'images/LoseProbe.bmp'
266.1301 	EXP 	Target: autoDraw = True
266.5105 	DATA 	Keypress: 1
266.5304 	EXP 	Target: autoDraw = False
266.5304 	EXP 	Target: autoDraw = False
266.5304 	EXP 	feedbackMsg: text = 'You pressed too slow!\n\nYou lost $0.20!'
266.5304 	EXP 	feedbackMsg: autoDraw = True
266.5848 	DATA 	Keypress: 5
267.3692 	DATA 	Keypress: 5
268.1341 	DATA 	Keypress: 5
268.1499 	EXP 	New trial (rep=0, index=36): OrderedDict([('Condition', 'LgReward'), ('FixationDur', 2000)])
268.1808 	EXP 	feedbackMsg: autoDraw = False
268.1808 	EXP 	feedbackMsg: autoDraw = False
268.1808 	EXP 	cueImage: image = 'images/WinBig.bmp'
268.1808 	EXP 	cueImage: autoDraw = True
268.9183 	DATA 	Keypress: 5
269.7013 	DATA 	Keypress: 5
270.2140 	EXP 	cueImage: autoDraw = False
270.2140 	EXP 	fixation: autoDraw = True
270.4683 	DATA 	Keypress: 5
271.2515 	DATA 	Keypress: 5
272.0363 	DATA 	Keypress: 5
272.2642 	EXP 	fixation: autoDraw = False
272.2642 	EXP 	fixation: autoDraw = False
272.2642 	EXP 	Target: image = 'images/WinProbe.bmp'
272.2642 	EXP 	Target: autoDraw = True
272.5350 	DATA 	Keypress: 1
272.6480 	EXP 	Target: autoDraw = False
272.6480 	EXP 	Target: autoDraw = False
272.6480 	EXP 	feedbackMsg: text = 'Correct Response!\n\nYou won $5.00!'
272.6480 	EXP 	feedbackMsg: autoDraw = True
272.8019 	DATA 	Keypress: 5
273.5854 	DATA 	Keypress: 5
274.2835 	EXP 	New trial (rep=0, index=37): OrderedDict([('Condition', 'LgReward'), ('FixationDur', 1500)])
274.3150 	EXP 	feedbackMsg: autoDraw = False
274.3150 	EXP 	feedbackMsg: autoDraw = False
274.3150 	EXP 	cueImage: image = 'images/WinBig.bmp'
274.3150 	EXP 	cueImage: autoDraw = True
274.3682 	DATA 	Keypress: 5
275.1345 	DATA 	Keypress: 5
275.9173 	DATA 	Keypress: 5
276.3486 	EXP 	cueImage: autoDraw = False
276.3486 	EXP 	fixation: autoDraw = True
276.7030 	DATA 	Keypress: 5
277.4690 	DATA 	Keypress: 5
277.8982 	EXP 	fixation: autoDraw = False
277.8982 	EXP 	fixation: autoDraw = False
277.8982 	EXP 	Target: image = 'images/WinProbe.bmp'
277.8982 	EXP 	Target: autoDraw = True
278.1679 	DATA 	Keypress: 1
278.2745 	DATA 	Keypress: 5
278.2820 	EXP 	Target: autoDraw = False
278.2820 	EXP 	Target: autoDraw = False
278.2820 	EXP 	feedbackMsg: text = 'Correct Response!\n\nYou won $5.00!'
278.2820 	EXP 	feedbackMsg: autoDraw = True
279.0358 	DATA 	Keypress: 5
279.8168 	DATA 	Keypress: 5
279.9168 	EXP 	New trial (rep=0, index=38): OrderedDict([('Condition', 'SmallPun'), ('FixationDur', 4000)])
279.9315 	EXP 	feedbackMsg: autoDraw = False
279.9315 	EXP 	feedbackMsg: autoDraw = False
279.9315 	EXP 	cueImage: image = 'images/LoseSmall.bmp'
279.9315 	EXP 	cueImage: autoDraw = True
280.5838 	DATA 	Keypress: 5
281.3698 	DATA 	Keypress: 5
281.9656 	EXP 	cueImage: autoDraw = False
281.9656 	EXP 	cueImage: autoDraw = False
281.9656 	EXP 	fixation: autoDraw = True
282.1533 	DATA 	Keypress: 5
282.9177 	DATA 	Keypress: 5
283.7031 	DATA 	Keypress: 5
284.4867 	DATA 	Keypress: 5
285.2512 	DATA 	Keypress: 5
285.9992 	EXP 	fixation: autoDraw = False
285.9992 	EXP 	fixation: autoDraw = False
285.9992 	EXP 	Target: image = 'images/LoseProbe.bmp'
285.9992 	EXP 	Target: autoDraw = True
286.0364 	DATA 	Keypress: 5
286.2698 	DATA 	Keypress: 1
286.3655 	EXP 	Target: autoDraw = False
286.3655 	EXP 	Target: autoDraw = False
286.3655 	EXP 	feedbackMsg: text = 'Correct Response!\n\nYou did not lose $0.20!'
286.3655 	EXP 	feedbackMsg: autoDraw = True
286.8188 	DATA 	Keypress: 5
287.5850 	DATA 	Keypress: 5
288.0179 	EXP 	New trial (rep=0, index=39): OrderedDict([('Condition', 'LgPun'), ('FixationDur', 2000)])
288.0319 	EXP 	feedbackMsg: autoDraw = False
288.0319 	EXP 	feedbackMsg: autoDraw = False
288.0319 	EXP 	cueImage: image = 'images/LoseBig.bmp'
288.0319 	EXP 	cueImage: autoDraw = True
288.3682 	DATA 	Keypress: 5
289.1533 	DATA 	Keypress: 5
289.9170 	DATA 	Keypress: 5
290.0651 	EXP 	cueImage: autoDraw = False
290.0651 	EXP 	cueImage: autoDraw = False
290.0651 	EXP 	fixation: autoDraw = True
290.7038 	DATA 	Keypress: 5
291.4870 	DATA 	Keypress: 5
292.0995 	EXP 	fixation: autoDraw = False
292.0995 	EXP 	fixation: autoDraw = False
292.0995 	EXP 	Target: image = 'images/LoseProbe.bmp'
292.0995 	EXP 	Target: autoDraw = True
292.2528 	DATA 	Keypress: 5
292.3704 	DATA 	Keypress: 1
292.4667 	EXP 	Target: autoDraw = False
292.4667 	EXP 	Target: autoDraw = False
292.4667 	EXP 	feedbackMsg: text = 'Correct Response!\n\nYou did not lose $5.00!'
292.4667 	EXP 	feedbackMsg: autoDraw = True
293.0356 	DATA 	Keypress: 5
293.8211 	DATA 	Keypress: 5
294.1179 	EXP 	New trial (rep=0, index=40): OrderedDict([('Condition', 'Triangle'), ('FixationDur', 3500)])
294.1331 	EXP 	feedbackMsg: autoDraw = False
294.1331 	EXP 	feedbackMsg: autoDraw = False
294.1331 	EXP 	cueImage: image = 'images/Neutral.bmp'
294.1331 	EXP 	cueImage: autoDraw = True
294.5857 	DATA 	Keypress: 5
295.3700 	DATA 	Keypress: 5
296.1522 	DATA 	Keypress: 5
296.1671 	EXP 	cueImage: autoDraw = False
296.1671 	EXP 	cueImage: autoDraw = False
296.1671 	EXP 	fixation: autoDraw = True
296.9186 	DATA 	Keypress: 5
297.7027 	DATA 	Keypress: 5
298.4877 	DATA 	Keypress: 5
299.2533 	DATA 	Keypress: 5
299.7000 	EXP 	fixation: autoDraw = False
299.7000 	EXP 	fixation: autoDraw = False
299.7000 	EXP 	Target: image = 'images/NeutralProbe.bmp'
299.7000 	EXP 	Target: autoDraw = True
300.0600 	DATA 	Keypress: 5
300.0664 	EXP 	Target: autoDraw = False
300.0664 	EXP 	Target: autoDraw = False
300.0664 	EXP 	feedbackMsg: text = 'You pressed too slow!\n\nYou did not win or lose anything!'
300.0664 	EXP 	feedbackMsg: autoDraw = True
300.1361 	DATA 	Keypress: 1
300.8204 	DATA 	Keypress: 5
301.6050 	DATA 	Keypress: 5
301.7188 	EXP 	New trial (rep=0, index=41): OrderedDict([('Condition', 'SmallReward'), ('FixationDur', 1500)])
301.7495 	EXP 	feedbackMsg: autoDraw = False
301.7495 	EXP 	feedbackMsg: autoDraw = False
301.7495 	EXP 	cueImage: image = 'images/WinSmall.bmp'
301.7495 	EXP 	cueImage: autoDraw = True
302.3685 	DATA 	Keypress: 5
303.1543 	DATA 	Keypress: 5
303.7841 	EXP 	cueImage: autoDraw = False
303.7841 	EXP 	fixation: autoDraw = True
303.9381 	DATA 	Keypress: 5
304.7027 	DATA 	Keypress: 5
305.3334 	EXP 	fixation: autoDraw = False
305.3334 	EXP 	fixation: autoDraw = False
305.3334 	EXP 	Target: image = 'images/WinProbe.bmp'
305.3334 	EXP 	Target: autoDraw = True
305.4875 	DATA 	Keypress: 5
305.6195 	DATA 	Keypress: 1
305.7018 	EXP 	Target: autoDraw = False
305.7018 	EXP 	Target: autoDraw = False
305.7018 	EXP 	feedbackMsg: text = 'Correct Response!\n\nYou won $0.20!'
305.7018 	EXP 	feedbackMsg: autoDraw = True
306.2716 	DATA 	Keypress: 5
307.0365 	DATA 	Keypress: 5
307.3691 	EXP 	New trial (rep=0, index=42): OrderedDict([('Condition', 'SmallPun'), ('FixationDur', 2000)])
307.3835 	EXP 	feedbackMsg: autoDraw = False
307.3835 	EXP 	feedbackMsg: autoDraw = False
307.3835 	EXP 	cueImage: image = 'images/LoseSmall.bmp'
307.3835 	EXP 	cueImage: autoDraw = True
307.8210 	DATA 	Keypress: 5
308.6034 	DATA 	Keypress: 5
309.4022 	DATA 	Keypress: 5
309.4178 	EXP 	cueImage: autoDraw = False
309.4178 	EXP 	cueImage: autoDraw = False
309.4178 	EXP 	fixation: autoDraw = True
310.1546 	DATA 	Keypress: 5
310.9387 	DATA 	Keypress: 5
311.4503 	EXP 	fixation: autoDraw = False
311.4503 	EXP 	fixation: autoDraw = False
311.4503 	EXP 	Target: image = 'images/LoseProbe.bmp'
311.4503 	EXP 	Target: autoDraw = True
311.7036 	DATA 	Keypress: 5
311.7766 	DATA 	Keypress: 1
311.7834 	EXP 	Target: autoDraw = False
311.7834 	EXP 	Target: autoDraw = False
311.7834 	EXP 	feedbackMsg: text = 'You pressed too slow!\n\nYou lost $0.20!'
311.7834 	EXP 	feedbackMsg: autoDraw = True
312.4882 	DATA 	Keypress: 5
313.2710 	DATA 	Keypress: 5
313.4695 	EXP 	New trial (rep=0, index=43): OrderedDict([('Condition', 'SmallReward'), ('FixationDur', 3000)])
313.5007 	EXP 	feedbackMsg: autoDraw = False
313.5007 	EXP 	feedbackMsg: autoDraw = False
313.5007 	EXP 	cueImage: image = 'images/WinSmall.bmp'
313.5007 	EXP 	cueImage: autoDraw = True
314.0372 	DATA 	Keypress: 5
314.8205 	DATA 	Keypress: 5
315.5346 	EXP 	cueImage: autoDraw = False
315.5346 	EXP 	fixation: autoDraw = True
315.6049 	DATA 	Keypress: 5
316.3711 	DATA 	Keypress: 5
317.1546 	DATA 	Keypress: 5
317.9378 	DATA 	Keypress: 5
318.5847 	EXP 	fixation: autoDraw = False
318.5847 	EXP 	fixation: autoDraw = False
318.5847 	EXP 	Target: image = 'images/WinProbe.bmp'
318.5847 	EXP 	Target: autoDraw = True
318.7045 	DATA 	Keypress: 5
318.8554 	DATA 	Keypress: 1
318.9209 	EXP 	Target: autoDraw = False
318.9209 	EXP 	Target: autoDraw = False
318.9209 	EXP 	feedbackMsg: text = 'Correct Response!\n\nYou won $0.20!'
318.9209 	EXP 	feedbackMsg: autoDraw = True
319.4873 	DATA 	Keypress: 5
320.2723 	DATA 	Keypress: 5
320.6021 	EXP 	New trial (rep=0, index=44): OrderedDict([('Condition', 'SmallPun'), ('FixationDur', 1500)])
320.6175 	EXP 	feedbackMsg: autoDraw = False
320.6175 	EXP 	feedbackMsg: autoDraw = False
320.6175 	EXP 	cueImage: image = 'images/LoseSmall.bmp'
320.6175 	EXP 	cueImage: autoDraw = True
321.0378 	DATA 	Keypress: 5
321.8201 	DATA 	Keypress: 5
322.6387 	DATA 	Keypress: 5
322.6514 	EXP 	cueImage: autoDraw = False
322.6514 	EXP 	cueImage: autoDraw = False
322.6514 	EXP 	fixation: autoDraw = True
323.3721 	DATA 	Keypress: 5
324.1749 	DATA 	Keypress: 5
324.1853 	EXP 	fixation: autoDraw = False
324.1853 	EXP 	fixation: autoDraw = False
324.1853 	EXP 	Target: image = 'images/LoseProbe.bmp'
324.1853 	EXP 	Target: autoDraw = True
324.5182 	EXP 	Target: autoDraw = False
324.5182 	EXP 	Target: autoDraw = False
324.5182 	EXP 	feedbackMsg: text = 'You pressed too slow!\n\nYou lost $0.20!'
324.5182 	EXP 	feedbackMsg: autoDraw = True
324.9396 	DATA 	Keypress: 5
325.7227 	DATA 	Keypress: 5
326.2039 	EXP 	New trial (rep=0, index=45): OrderedDict([('Condition', 'LgPun'), ('FixationDur', 3500)])
326.2185 	EXP 	feedbackMsg: autoDraw = False
326.2185 	EXP 	feedbackMsg: autoDraw = False
326.2185 	EXP 	cueImage: image = 'images/LoseBig.bmp'
326.2185 	EXP 	cueImage: autoDraw = True
326.4878 	DATA 	Keypress: 5
327.2720 	DATA 	Keypress: 5
328.0560 	DATA 	Keypress: 5
328.2518 	EXP 	cueImage: autoDraw = False
328.2518 	EXP 	cueImage: autoDraw = False
328.2518 	EXP 	fixation: autoDraw = True
328.8210 	DATA 	Keypress: 5
329.6059 	DATA 	Keypress: 5
330.3902 	DATA 	Keypress: 5
331.1554 	DATA 	Keypress: 5
331.7847 	EXP 	fixation: autoDraw = False
331.7847 	EXP 	fixation: autoDraw = False
331.7847 	EXP 	Target: image = 'images/LoseProbe.bmp'
331.7847 	EXP 	Target: autoDraw = True
331.9387 	DATA 	Keypress: 5
332.0952 	DATA 	Keypress: 1
332.1021 	EXP 	Target: autoDraw = False
332.1021 	EXP 	Target: autoDraw = False
332.1021 	EXP 	feedbackMsg: text = 'You pressed too slow!\n\nYou lost $5.00!'
332.1021 	EXP 	feedbackMsg: autoDraw = True
332.7234 	DATA 	Keypress: 5
333.4887 	DATA 	Keypress: 5
333.8041 	EXP 	New trial (rep=0, index=46): OrderedDict([('Condition', 'Triangle'), ('FixationDur', 1500)])
333.8193 	EXP 	feedbackMsg: autoDraw = False
333.8193 	EXP 	feedbackMsg: autoDraw = False
333.8193 	EXP 	cueImage: image = 'images/Neutral.bmp'
333.8193 	EXP 	cueImage: autoDraw = True
334.2727 	DATA 	Keypress: 5
335.0558 	DATA 	Keypress: 5
335.8405 	DATA 	Keypress: 5
335.8521 	EXP 	cueImage: autoDraw = False
335.8521 	EXP 	cueImage: autoDraw = False
335.8521 	EXP 	fixation: autoDraw = True
336.6059 	DATA 	Keypress: 5
337.3777 	DATA 	Keypress: 5
337.3854 	EXP 	fixation: autoDraw = False
337.3854 	EXP 	fixation: autoDraw = False
337.3854 	EXP 	Target: image = 'images/NeutralProbe.bmp'
337.3854 	EXP 	Target: autoDraw = True
337.7029 	EXP 	Target: autoDraw = False
337.7029 	EXP 	Target: autoDraw = False
337.7029 	EXP 	feedbackMsg: text = 'You pressed too slow!\n\nYou did not win or lose anything!'
337.7029 	EXP 	feedbackMsg: autoDraw = True
337.8213 	DATA 	Keypress: 1
338.1558 	DATA 	Keypress: 5
338.9385 	DATA 	Keypress: 5
339.4215 	EXP 	New trial (rep=0, index=47): OrderedDict([('Condition', 'LgReward'), ('FixationDur', 2500)])
339.4524 	EXP 	feedbackMsg: autoDraw = False
339.4524 	EXP 	feedbackMsg: autoDraw = False
339.4524 	EXP 	cueImage: image = 'images/WinBig.bmp'
339.4524 	EXP 	cueImage: autoDraw = True
339.7236 	DATA 	Keypress: 5
340.4891 	DATA 	Keypress: 5
341.2723 	DATA 	Keypress: 5
341.4868 	EXP 	cueImage: autoDraw = False
341.4868 	EXP 	fixation: autoDraw = True
342.0578 	DATA 	Keypress: 5
342.8232 	DATA 	Keypress: 5
343.6055 	DATA 	Keypress: 5
344.0362 	EXP 	fixation: autoDraw = False
344.0362 	EXP 	fixation: autoDraw = False
344.0362 	EXP 	Target: image = 'images/WinProbe.bmp'
344.0362 	EXP 	Target: autoDraw = True
344.3549 	DATA 	Keypress: 1
344.3696 	EXP 	Target: autoDraw = False
344.3696 	EXP 	Target: autoDraw = False
344.3696 	EXP 	feedbackMsg: text = 'You pressed too slow!\n\nYou did not win $5.00!'
344.3696 	EXP 	feedbackMsg: autoDraw = True
344.3897 	DATA 	Keypress: 5
345.1570 	DATA 	Keypress: 5
345.9396 	DATA 	Keypress: 5
346.0719 	EXP 	New trial (rep=0, index=48): OrderedDict([('Condition', 'LgPun'), ('FixationDur', 2000)])
346.0860 	EXP 	feedbackMsg: autoDraw = False
346.0860 	EXP 	feedbackMsg: autoDraw = False
346.0860 	EXP 	cueImage: image = 'images/LoseBig.bmp'
346.0860 	EXP 	cueImage: autoDraw = True
346.7229 	DATA 	Keypress: 5
347.5073 	DATA 	Keypress: 5
348.1204 	EXP 	cueImage: autoDraw = False
348.1204 	EXP 	cueImage: autoDraw = False
348.1204 	EXP 	fixation: autoDraw = True
348.2721 	DATA 	Keypress: 5
349.0584 	DATA 	Keypress: 5
349.8419 	DATA 	Keypress: 5
350.1528 	EXP 	fixation: autoDraw = False
350.1528 	EXP 	fixation: autoDraw = False
350.1528 	EXP 	Target: image = 'images/LoseProbe.bmp'
350.1528 	EXP 	Target: autoDraw = True
350.4082 	DATA 	Keypress: 1
350.4700 	EXP 	Target: autoDraw = False
350.4700 	EXP 	Target: autoDraw = False
350.4700 	EXP 	feedbackMsg: text = 'Correct Response!\n\nYou did not lose $5.00!'
350.4700 	EXP 	feedbackMsg: autoDraw = True
350.6056 	DATA 	Keypress: 5
351.3898 	DATA 	Keypress: 5
352.1734 	DATA 	Keypress: 5
352.1890 	EXP 	New trial (rep=0, index=49): OrderedDict([('Condition', 'SmallPun'), ('FixationDur', 1500)])
352.2034 	EXP 	feedbackMsg: autoDraw = False
352.2034 	EXP 	feedbackMsg: autoDraw = False
352.2034 	EXP 	cueImage: image = 'images/LoseSmall.bmp'
352.2034 	EXP 	cueImage: autoDraw = True
352.9395 	DATA 	Keypress: 5
353.7244 	DATA 	Keypress: 5
354.2372 	EXP 	cueImage: autoDraw = False
354.2372 	EXP 	cueImage: autoDraw = False
354.2372 	EXP 	fixation: autoDraw = True
354.5085 	DATA 	Keypress: 5
355.2738 	DATA 	Keypress: 5
355.7700 	EXP 	fixation: autoDraw = False
355.7700 	EXP 	fixation: autoDraw = False
355.7700 	EXP 	Target: image = 'images/LoseProbe.bmp'
355.7700 	EXP 	Target: autoDraw = True
356.0569 	DATA 	Keypress: 5
356.1205 	EXP 	Target: autoDraw = False
356.1205 	EXP 	Target: autoDraw = False
356.1205 	EXP 	feedbackMsg: text = 'You pressed too slow!\n\nYou lost $0.20!'
356.1205 	EXP 	feedbackMsg: autoDraw = True
356.1741 	DATA 	Keypress: 1
356.8407 	DATA 	Keypress: 5
357.6077 	DATA 	Keypress: 5
357.8038 	EXP 	feedbackMsg: autoDraw = False
357.8038 	EXP 	feedbackMsg: autoDraw = False
357.8038 	EXP 	polygon: autoDraw = True
358.3893 	DATA 	Keypress: 5
359.1746 	DATA 	Keypress: 5
359.9400 	DATA 	Keypress: 5
360.7230 	DATA 	Keypress: 5
362.8212 	EXP 	polygon: autoDraw = False
362.8212 	EXP 	polygon: autoDraw = False
362.8212 	EXP 	text: text = 'All done!\n\nYou earned a total of: $10.20!'
362.8212 	EXP 	text: autoDraw = True
365.8546 	EXP 	text: autoDraw = False
365.8546 	EXP 	text: autoDraw = False
365.8546 	EXP 	polygon2: autoDraw = True
372.3908 	DATA 	Keypress: 5
373.1584 	DATA 	Keypress: 5
373.9427 	DATA 	Keypress: 5
374.7255 	DATA 	Keypress: 5
379.6418 	DATA 	Keypress: escape
379.9917 	EXP 	window1: mouseVisible = True
