10.4723 	EXP 	Created window1 = Window(allowGUI=False, allowStencil=False, args=UNKNOWN, autoLog=True, bitsMode=UNKNOWN, blendMode='avg', color=array([0., 0., 0.]), colorSpace='rgb', fullscr=<method-wrapper '__getattribute__' of attributeSetter object at 0x1341e8be0>, gamma=None, kwargs=UNKNOWN, lms=UNKNOWN, monitor=<psychopy.monitors.calibTools.Monitor object at 0x134483e80>, multiSample=False, name='window1', numSamples=2, pos=[0.0, 0.0], screen=0, size=array([1920, 1080]), stereo=False, units='height', useFBO=True, useRetina=False, viewOri=0.0, viewPos=None, viewScale=None, waitBlanking=True, winType='pyglet')
10.4724 	EXP 	window1: recordFrameIntervals = False
10.6396 	EXP 	window1: recordFrameIntervals = True
10.8229 	EXP 	window1: recordFrameIntervals = False
10.8230 	EXP 	window1: recordFrameIntervals = False
10.9895 	EXP 	window1: recordFrameIntervals = True
11.1729 	EXP 	window1: recordFrameIntervals = False
11.6292 	EXP 	Created preinstruct_text = TextStim(__class__=<class 'psychopy.visual.text.TextStim'>, alignHoriz='center', alignVert='center', antialias=True, autoLog=True, bold=False, color='white', colorSpace='named', contrast=1.0, depth=0.0, flipHoriz=False, flipVert=False, font='Arial', fontFiles=[], height=0.05, italic=False, languageStyle='LTR', name='preinstruct_text', opacity=1.0, ori=0, pos=array([0., 0.]), rgb=array([255., 255., 255.]), text='Money Task - Scanner 1', units='height', win=Window(...), wrapWidth=1)
11.6750 	EXP 	Created instructFig = ImageStim(__class__=<class 'psychopy.visual.image.ImageStim'>, autoLog=True, color=array([1., 1., 1.]), colorSpace='rgb', contrast=1.0, depth=0.0, flipHoriz=False, flipVert=False, image='images/MID_instructions.bmp', interpolate=True, mask=None, maskParams=None, name='instructFig', opacity=1.0, ori=0.0, pos=array([0., 0.]), size=array([1.3, 1. ]), texRes=128, units='height', win=Window(...))
11.6767 	EXP 	Created PrepFixation = ShapeStim(__class__=<class 'psychopy.visual.shape.ShapeStim'>, autoDraw=False, autoLog=True, closeShape=True, contrast=1.0, depth=0.0, fillColor=array([1., 1., 1.]), fillColorSpace='rgb', interpolate=True, lineColor=array([1., 1., 1.]), lineColorSpace='rgb', lineWidth=1, name='PrepFixation', opacity=1.0, ori=array(0.), pos=array([0., 0.]), size=array([0.05, 0.05]), units='height', vertices=ndarray(...), win=Window(...), windingRule=None)
11.6786 	EXP 	Created cueImage = ImageStim(__class__=<class 'psychopy.visual.image.ImageStim'>, autoLog=True, color=array([1., 1., 1.]), colorSpace='rgb', contrast=1.0, depth=0.0, flipHoriz=False, flipVert=False, image='sin', interpolate=True, mask=None, maskParams=None, name='cueImage', opacity=1.0, ori=0.0, pos=array([0., 0.]), size=array([1.3, 1. ]), texRes=128, units='height', win=Window(...))
11.6804 	EXP 	Created fixation = ShapeStim(__class__=<class 'psychopy.visual.shape.ShapeStim'>, autoDraw=False, autoLog=True, closeShape=True, contrast=1.0, depth=-1.0, fillColor=array([1., 1., 1.]), fillColorSpace='rgb', interpolate=True, lineColor=array([1., 1., 1.]), lineColorSpace='rgb', lineWidth=1, name='fixation', opacity=1.0, ori=array(0.), pos=array([0., 0.]), size=array([0.05, 0.05]), units='height', vertices=ndarray(...), win=Window(...), windingRule=None)
11.6821 	EXP 	Created Target = ImageStim(__class__=<class 'psychopy.visual.image.ImageStim'>, autoLog=True, color=array([1., 1., 1.]), colorSpace='rgb', contrast=1.0, depth=-1.0, flipHoriz=False, flipVert=False, image='sin', interpolate=True, mask=None, maskParams=None, name='Target', opacity=1.0, ori=0.0, pos=array([0., 0.]), size=array([1.3, 1. ]), texRes=128, units='height', win=Window(...))
11.6917 	EXP 	Created feedbackMsg = TextStim(__class__=<class 'psychopy.visual.text.TextStim'>, alignHoriz='center', alignVert='center', antialias=True, autoLog=True, bold=False, color='white', colorSpace='named', contrast=1.0, depth=-2.0, flipHoriz=False, flipVert=False, font='Arial', fontFiles=[], height=0.05, italic=False, languageStyle='LTR', name='feedbackMsg', opacity=1.0, ori=0, pos=array([0., 0.]), rgb=array([255., 255., 255.]), text='default text', units='height', win=Window(...), wrapWidth=2)
11.6932 	EXP 	Created polygon = ShapeStim(__class__=<class 'psychopy.visual.shape.ShapeStim'>, autoDraw=False, autoLog=True, closeShape=True, contrast=1.0, depth=0.0, fillColor=array([1., 1., 1.]), fillColorSpace='rgb', interpolate=True, lineColor=array([1., 1., 1.]), lineColorSpace='rgb', lineWidth=1, name='polygon', opacity=1.0, ori=array(0.), pos=array([0., 0.]), size=array([0.05, 0.05]), units='height', vertices=ndarray(...), win=Window(...), windingRule=None)
11.6999 	EXP 	Created text = TextStim(__class__=<class 'psychopy.visual.text.TextStim'>, alignHoriz='center', alignVert='center', antialias=True, autoLog=True, bold=False, color='white', colorSpace='named', contrast=1.0, depth=-1.0, flipHoriz=False, flipVert=False, font='Arial', fontFiles=[], height=0.07, italic=False, languageStyle='LTR', name='text', opacity=1.0, ori=0, pos=array([0., 0.]), rgb=array([255., 255., 255.]), text='default text', units='height', win=Window(...), wrapWidth=1)
11.7013 	EXP 	Created polygon2 = ShapeStim(__class__=<class 'psychopy.visual.shape.ShapeStim'>, autoDraw=False, autoLog=True, closeShape=True, contrast=1.0, depth=0.0, fillColor=array([1., 1., 1.]), fillColorSpace='rgb', interpolate=True, lineColor=array([1., 1., 1.]), lineColorSpace='rgb', lineWidth=1, name='polygon2', opacity=1.0, ori=array(0.), pos=array([0., 0.]), size=array([0.05, 0.05]), units='height', vertices=ndarray(...), win=Window(...), windingRule=None)
11.7179 	EXP 	preinstruct_text: autoDraw = True
13.7513 	EXP 	preinstruct_text: autoDraw = False
13.7513 	EXP 	instructFig: autoDraw = True
28.7046 	DATA 	Keypress: 5
28.7201 	EXP 	instructFig: autoDraw = False
28.7201 	EXP 	PrepFixation: autoDraw = True
29.4733 	DATA 	Keypress: 5
30.2575 	DATA 	Keypress: 5
30.6959 	EXP 	Imported TimeVersion9.csv as conditions, 50 conditions, 2 params
30.6963 	EXP 	Created sequence: sequential, trialTypes=50, nReps=1, seed=None
30.6966 	EXP 	New trial (rep=0, index=0): OrderedDict([('Condition', 'Triangle'), ('FixationDur', 2000)])
30.7201 	EXP 	PrepFixation: autoDraw = False
30.7201 	EXP 	PrepFixation: autoDraw = False
30.7201 	EXP 	cueImage: image = 'images/Neutral.bmp'
30.7201 	EXP 	cueImage: autoDraw = True
31.0409 	DATA 	Keypress: 5
31.8102 	DATA 	Keypress: 5
32.5945 	DATA 	Keypress: 5
32.7374 	EXP 	cueImage: autoDraw = False
32.7374 	EXP 	cueImage: autoDraw = False
32.7374 	EXP 	fixation: autoDraw = True
33.3749 	DATA 	Keypress: 5
34.1410 	DATA 	Keypress: 5
34.7705 	EXP 	fixation: autoDraw = False
34.7705 	EXP 	fixation: autoDraw = False
34.7705 	EXP 	Target: image = 'images/NeutralProbe.bmp'
34.7705 	EXP 	Target: autoDraw = True
34.9254 	DATA 	Keypress: 5
35.0070 	DATA 	Keypress: 1
35.1211 	EXP 	Target: autoDraw = False
35.1211 	EXP 	Target: autoDraw = False
35.1211 	EXP 	feedbackMsg: text = 'Correct Response!\n\nYou did not win or lose anything!'
35.1211 	EXP 	feedbackMsg: autoDraw = True
35.7090 	DATA 	Keypress: 5
36.4776 	DATA 	Keypress: 5
36.8096 	EXP 	New trial (rep=0, index=1): OrderedDict([('Condition', 'Triangle'), ('FixationDur', 1500)])
36.8242 	EXP 	feedbackMsg: autoDraw = False
36.8242 	EXP 	feedbackMsg: autoDraw = False
36.8242 	EXP 	cueImage: image = 'images/Neutral.bmp'
36.8242 	EXP 	cueImage: autoDraw = True
37.2609 	DATA 	Keypress: 5
38.0450 	DATA 	Keypress: 5
38.8436 	DATA 	Keypress: 5
38.8550 	EXP 	cueImage: autoDraw = False
38.8550 	EXP 	cueImage: autoDraw = False
38.8550 	EXP 	fixation: autoDraw = True
39.5922 	DATA 	Keypress: 5
40.3799 	DATA 	Keypress: 5
40.3889 	EXP 	fixation: autoDraw = False
40.3889 	EXP 	fixation: autoDraw = False
40.3889 	EXP 	Target: image = 'images/NeutralProbe.bmp'
40.3889 	EXP 	Target: autoDraw = True
40.7082 	EXP 	Target: autoDraw = False
40.7082 	EXP 	Target: autoDraw = False
40.7082 	EXP 	feedbackMsg: text = 'You pressed too slow!\n\nYou did not win or lose anything!'
40.7082 	EXP 	feedbackMsg: autoDraw = True
40.8115 	DATA 	Keypress: 1
41.1436 	DATA 	Keypress: 5
41.9288 	DATA 	Keypress: 5
42.4100 	EXP 	New trial (rep=0, index=2): OrderedDict([('Condition', 'LgPun'), ('FixationDur', 2500)])
42.4244 	EXP 	feedbackMsg: autoDraw = False
42.4244 	EXP 	feedbackMsg: autoDraw = False
42.4244 	EXP 	cueImage: image = 'images/LoseBig.bmp'
42.4244 	EXP 	cueImage: autoDraw = True
42.7114 	DATA 	Keypress: 5
43.4769 	DATA 	Keypress: 5
44.2601 	DATA 	Keypress: 5
44.4564 	EXP 	cueImage: autoDraw = False
44.4564 	EXP 	cueImage: autoDraw = False
44.4564 	EXP 	fixation: autoDraw = True
45.0459 	DATA 	Keypress: 5
45.8109 	DATA 	Keypress: 5
46.5948 	DATA 	Keypress: 5
46.9891 	EXP 	fixation: autoDraw = False
46.9891 	EXP 	fixation: autoDraw = False
46.9891 	EXP 	Target: image = 'images/LoseProbe.bmp'
46.9891 	EXP 	Target: autoDraw = True
47.2284 	DATA 	Keypress: 1
47.3224 	EXP 	Target: autoDraw = False
47.3224 	EXP 	Target: autoDraw = False
47.3224 	EXP 	feedbackMsg: text = 'Correct Response!\n\nYou did not lose $5.00!'
47.3224 	EXP 	feedbackMsg: autoDraw = True
47.3752 	DATA 	Keypress: 5
48.1448 	DATA 	Keypress: 5
48.9279 	DATA 	Keypress: 5
49.0104 	EXP 	New trial (rep=0, index=3): OrderedDict([('Condition', 'Triangle'), ('FixationDur', 1500)])
49.0246 	EXP 	feedbackMsg: autoDraw = False
49.0246 	EXP 	feedbackMsg: autoDraw = False
49.0246 	EXP 	cueImage: image = 'images/Neutral.bmp'
49.0246 	EXP 	cueImage: autoDraw = True
49.7108 	DATA 	Keypress: 5
50.4959 	DATA 	Keypress: 5
51.0570 	EXP 	cueImage: autoDraw = False
51.0570 	EXP 	cueImage: autoDraw = False
51.0570 	EXP 	fixation: autoDraw = True
51.2617 	DATA 	Keypress: 5
52.0465 	DATA 	Keypress: 5
52.5896 	EXP 	fixation: autoDraw = False
52.5896 	EXP 	fixation: autoDraw = False
52.5896 	EXP 	Target: image = 'images/NeutralProbe.bmp'
52.5896 	EXP 	Target: autoDraw = True
52.8120 	DATA 	Keypress: 5
52.9253 	EXP 	Target: autoDraw = False
52.9253 	EXP 	Target: autoDraw = False
52.9253 	EXP 	feedbackMsg: text = 'You pressed too slow!\n\nYou did not win or lose anything!'
52.9253 	EXP 	feedbackMsg: autoDraw = True
53.5952 	DATA 	Keypress: 5
54.3795 	DATA 	Keypress: 5
54.6275 	EXP 	New trial (rep=0, index=4): OrderedDict([('Condition', 'LgReward'), ('FixationDur', 1500)])
54.6566 	EXP 	feedbackMsg: autoDraw = False
54.6566 	EXP 	feedbackMsg: autoDraw = False
54.6566 	EXP 	cueImage: image = 'images/WinBig.bmp'
54.6566 	EXP 	cueImage: autoDraw = True
55.1629 	DATA 	Keypress: 5
55.9273 	DATA 	Keypress: 5
56.6906 	EXP 	cueImage: autoDraw = False
56.6906 	EXP 	fixation: autoDraw = True
56.7127 	DATA 	Keypress: 5
57.4798 	DATA 	Keypress: 5
58.2409 	EXP 	fixation: autoDraw = False
58.2409 	EXP 	fixation: autoDraw = False
58.2409 	EXP 	Target: image = 'images/WinProbe.bmp'
58.2409 	EXP 	Target: autoDraw = True
58.2629 	DATA 	Keypress: 5
58.4788 	DATA 	Keypress: 1
58.5581 	EXP 	Target: autoDraw = False
58.5581 	EXP 	Target: autoDraw = False
58.5581 	EXP 	feedbackMsg: text = 'Correct Response!\n\nYou won $5.00!'
58.5581 	EXP 	feedbackMsg: autoDraw = True
59.0456 	DATA 	Keypress: 5
59.8302 	DATA 	Keypress: 5
60.2605 	EXP 	New trial (rep=0, index=5): OrderedDict([('Condition', 'SmallPun'), ('FixationDur', 1500)])
60.2753 	EXP 	feedbackMsg: autoDraw = False
60.2753 	EXP 	feedbackMsg: autoDraw = False
60.2753 	EXP 	cueImage: image = 'images/LoseSmall.bmp'
60.2753 	EXP 	cueImage: autoDraw = True
60.5941 	DATA 	Keypress: 5
61.3796 	DATA 	Keypress: 5
62.1631 	DATA 	Keypress: 5
62.3081 	EXP 	cueImage: autoDraw = False
62.3081 	EXP 	cueImage: autoDraw = False
62.3081 	EXP 	fixation: autoDraw = True
62.9285 	DATA 	Keypress: 5
63.7134 	DATA 	Keypress: 5
63.8412 	EXP 	fixation: autoDraw = False
63.8412 	EXP 	fixation: autoDraw = False
63.8412 	EXP 	Target: image = 'images/LoseProbe.bmp'
63.8412 	EXP 	Target: autoDraw = True
64.0800 	DATA 	Keypress: 1
64.1591 	EXP 	Target: autoDraw = False
64.1591 	EXP 	Target: autoDraw = False
64.1591 	EXP 	feedbackMsg: text = 'Correct Response!\n\nYou did not lose $0.20!'
64.1591 	EXP 	feedbackMsg: autoDraw = True
64.4961 	DATA 	Keypress: 5
65.2622 	DATA 	Keypress: 5
65.8600 	EXP 	New trial (rep=0, index=6): OrderedDict([('Condition', 'LgPun'), ('FixationDur', 4000)])
65.8755 	EXP 	feedbackMsg: autoDraw = False
65.8755 	EXP 	feedbackMsg: autoDraw = False
65.8755 	EXP 	cueImage: image = 'images/LoseBig.bmp'
65.8755 	EXP 	cueImage: autoDraw = True
66.0457 	DATA 	Keypress: 5
66.8296 	DATA 	Keypress: 5
67.5958 	DATA 	Keypress: 5
67.9096 	EXP 	cueImage: autoDraw = False
67.9096 	EXP 	cueImage: autoDraw = False
67.9096 	EXP 	fixation: autoDraw = True
68.3804 	DATA 	Keypress: 5
69.1647 	DATA 	Keypress: 5
69.9295 	DATA 	Keypress: 5
70.7132 	DATA 	Keypress: 5
71.4977 	DATA 	Keypress: 5
71.9421 	EXP 	fixation: autoDraw = False
71.9421 	EXP 	fixation: autoDraw = False
71.9421 	EXP 	Target: image = 'images/LoseProbe.bmp'
71.9421 	EXP 	Target: autoDraw = True
72.2088 	EXP 	Target: autoDraw = False
72.2088 	EXP 	Target: autoDraw = False
72.2088 	EXP 	feedbackMsg: text = 'You pressed too slow!\n\nYou lost $5.00!'
72.2088 	EXP 	feedbackMsg: autoDraw = True
72.2120 	DATA 	Keypress: 1
72.2634 	DATA 	Keypress: 5
73.0463 	DATA 	Keypress: 5
73.8313 	DATA 	Keypress: 5
73.9621 	EXP 	New trial (rep=0, index=7): OrderedDict([('Condition', 'Triangle'), ('FixationDur', 3500)])
73.9768 	EXP 	feedbackMsg: autoDraw = False
73.9768 	EXP 	feedbackMsg: autoDraw = False
73.9768 	EXP 	cueImage: image = 'images/Neutral.bmp'
73.9768 	EXP 	cueImage: autoDraw = True
74.6136 	DATA 	Keypress: 5
75.3787 	DATA 	Keypress: 5
76.0096 	EXP 	cueImage: autoDraw = False
76.0096 	EXP 	cueImage: autoDraw = False
76.0096 	EXP 	fixation: autoDraw = True
76.1624 	DATA 	Keypress: 5
76.9480 	DATA 	Keypress: 5
77.7139 	DATA 	Keypress: 5
78.4979 	DATA 	Keypress: 5
79.2815 	DATA 	Keypress: 5
79.5433 	EXP 	fixation: autoDraw = False
79.5433 	EXP 	fixation: autoDraw = False
79.5433 	EXP 	Target: image = 'images/NeutralProbe.bmp'
79.5433 	EXP 	Target: autoDraw = True
79.8273 	EXP 	Target: autoDraw = False
79.8273 	EXP 	Target: autoDraw = False
79.8273 	EXP 	feedbackMsg: text = 'You pressed too slow!\n\nYou did not win or lose anything!'
79.8273 	EXP 	feedbackMsg: autoDraw = True
80.0468 	DATA 	Keypress: 5
80.8312 	DATA 	Keypress: 5
81.5786 	EXP 	New trial (rep=0, index=8): OrderedDict([('Condition', 'SmallReward'), ('FixationDur', 2500)])
81.6055 	DATA 	Keypress: 5
81.6113 	EXP 	feedbackMsg: autoDraw = False
81.6113 	EXP 	feedbackMsg: autoDraw = False
81.6113 	EXP 	cueImage: image = 'images/WinSmall.bmp'
81.6113 	EXP 	cueImage: autoDraw = True
82.3790 	DATA 	Keypress: 5
83.1645 	DATA 	Keypress: 5
83.6446 	EXP 	cueImage: autoDraw = False
83.6446 	EXP 	fixation: autoDraw = True
83.9453 	DATA 	Keypress: 5
84.7139 	DATA 	Keypress: 5
85.4971 	DATA 	Keypress: 5
86.1936 	EXP 	fixation: autoDraw = False
86.1936 	EXP 	fixation: autoDraw = False
86.1936 	EXP 	Target: image = 'images/WinProbe.bmp'
86.1936 	EXP 	Target: autoDraw = True
86.2791 	DATA 	Keypress: 5
86.4569 	DATA 	Keypress: 1
86.4774 	EXP 	Target: autoDraw = False
86.4774 	EXP 	Target: autoDraw = False
86.4774 	EXP 	feedbackMsg: text = 'You pressed too slow!\n\nYou did not win $0.20!'
86.4774 	EXP 	feedbackMsg: autoDraw = True
87.0470 	DATA 	Keypress: 5
87.8317 	DATA 	Keypress: 5
88.2131 	EXP 	New trial (rep=0, index=9): OrderedDict([('Condition', 'LgPun'), ('FixationDur', 2000)])
88.2278 	EXP 	feedbackMsg: autoDraw = False
88.2278 	EXP 	feedbackMsg: autoDraw = False
88.2278 	EXP 	cueImage: image = 'images/LoseBig.bmp'
88.2278 	EXP 	cueImage: autoDraw = True
88.6143 	DATA 	Keypress: 5
89.3795 	DATA 	Keypress: 5
90.1634 	DATA 	Keypress: 5
90.2608 	EXP 	cueImage: autoDraw = False
90.2608 	EXP 	cueImage: autoDraw = False
90.2608 	EXP 	fixation: autoDraw = True
90.9495 	DATA 	Keypress: 5
91.7143 	DATA 	Keypress: 5
92.2940 	EXP 	fixation: autoDraw = False
92.2940 	EXP 	fixation: autoDraw = False
92.2940 	EXP 	Target: image = 'images/LoseProbe.bmp'
92.2940 	EXP 	Target: autoDraw = True
92.4989 	DATA 	Keypress: 5
92.5727 	DATA 	Keypress: 1
92.5784 	EXP 	Target: autoDraw = False
92.5784 	EXP 	Target: autoDraw = False
92.5784 	EXP 	feedbackMsg: text = 'You pressed too slow!\n\nYou lost $5.00!'
92.5784 	EXP 	feedbackMsg: autoDraw = True
93.2811 	DATA 	Keypress: 5
94.0486 	DATA 	Keypress: 5
94.3301 	EXP 	New trial (rep=0, index=10): OrderedDict([('Condition', 'SmallPun'), ('FixationDur', 1500)])
94.3448 	EXP 	feedbackMsg: autoDraw = False
94.3448 	EXP 	feedbackMsg: autoDraw = False
94.3448 	EXP 	cueImage: image = 'images/LoseSmall.bmp'
94.3448 	EXP 	cueImage: autoDraw = True
94.8298 	DATA 	Keypress: 5
95.6155 	DATA 	Keypress: 5
96.3775 	EXP 	cueImage: autoDraw = False
96.3775 	EXP 	cueImage: autoDraw = False
96.3775 	EXP 	fixation: autoDraw = True
96.3805 	DATA 	Keypress: 5
97.1643 	DATA 	Keypress: 5
97.9118 	EXP 	fixation: autoDraw = False
97.9118 	EXP 	fixation: autoDraw = False
97.9118 	EXP 	Target: image = 'images/LoseProbe.bmp'
97.9118 	EXP 	Target: autoDraw = True
97.9488 	DATA 	Keypress: 5
98.1473 	DATA 	Keypress: 1
98.2124 	EXP 	Target: autoDraw = False
98.2124 	EXP 	Target: autoDraw = False
98.2124 	EXP 	feedbackMsg: text = 'Correct Response!\n\nYou did not lose $0.20!'
98.2124 	EXP 	feedbackMsg: autoDraw = True
98.7330 	DATA 	Keypress: 5
99.4982 	DATA 	Keypress: 5
99.9467 	EXP 	New trial (rep=0, index=11): OrderedDict([('Condition', 'SmallReward'), ('FixationDur', 3000)])
99.9786 	EXP 	feedbackMsg: autoDraw = False
99.9786 	EXP 	feedbackMsg: autoDraw = False
99.9786 	EXP 	cueImage: image = 'images/WinSmall.bmp'
99.9786 	EXP 	cueImage: autoDraw = True
100.2822 	DATA 	Keypress: 5
101.0651 	DATA 	Keypress: 5
101.8303 	DATA 	Keypress: 5
102.0117 	EXP 	cueImage: autoDraw = False
102.0117 	EXP 	fixation: autoDraw = True
102.6157 	DATA 	Keypress: 5
103.3997 	DATA 	Keypress: 5
104.1641 	DATA 	Keypress: 5
104.9500 	DATA 	Keypress: 5
105.0613 	EXP 	fixation: autoDraw = False
105.0613 	EXP 	fixation: autoDraw = False
105.0613 	EXP 	Target: image = 'images/WinProbe.bmp'
105.0613 	EXP 	Target: autoDraw = True
105.3417 	DATA 	Keypress: 1
105.3476 	EXP 	Target: autoDraw = False
105.3476 	EXP 	Target: autoDraw = False
105.3476 	EXP 	feedbackMsg: text = 'You pressed too slow!\n\nYou did not win $0.20!'
105.3476 	EXP 	feedbackMsg: autoDraw = True
105.7319 	DATA 	Keypress: 5
106.4981 	DATA 	Keypress: 5
107.0813 	EXP 	New trial (rep=0, index=12): OrderedDict([('Condition', 'LgPun'), ('FixationDur', 1500)])
107.0956 	EXP 	feedbackMsg: autoDraw = False
107.0956 	EXP 	feedbackMsg: autoDraw = False
107.0956 	EXP 	cueImage: image = 'images/LoseBig.bmp'
107.0956 	EXP 	cueImage: autoDraw = True
107.2830 	DATA 	Keypress: 5
108.0657 	DATA 	Keypress: 5
108.8320 	DATA 	Keypress: 5
109.1295 	EXP 	cueImage: autoDraw = False
109.1295 	EXP 	cueImage: autoDraw = False
109.1295 	EXP 	fixation: autoDraw = True
109.6157 	DATA 	Keypress: 5
110.4003 	DATA 	Keypress: 5
110.6625 	EXP 	fixation: autoDraw = False
110.6625 	EXP 	fixation: autoDraw = False
110.6625 	EXP 	Target: image = 'images/LoseProbe.bmp'
110.6625 	EXP 	Target: autoDraw = True
110.9661 	DATA 	Keypress: 1
110.9785 	EXP 	Target: autoDraw = False
110.9785 	EXP 	Target: autoDraw = False
110.9785 	EXP 	feedbackMsg: text = 'You pressed too slow!\n\nYou lost $5.00!'
110.9785 	EXP 	feedbackMsg: autoDraw = True
111.1652 	DATA 	Keypress: 5
111.9489 	DATA 	Keypress: 5
112.6977 	EXP 	New trial (rep=0, index=13): OrderedDict([('Condition', 'SmallReward'), ('FixationDur', 1500)])
112.7196 	DATA 	Keypress: 5
112.7291 	EXP 	feedbackMsg: autoDraw = False
112.7291 	EXP 	feedbackMsg: autoDraw = False
112.7291 	EXP 	cueImage: image = 'images/WinSmall.bmp'
112.7291 	EXP 	cueImage: autoDraw = True
113.4993 	DATA 	Keypress: 5
114.2823 	DATA 	Keypress: 5
114.7627 	EXP 	cueImage: autoDraw = False
114.7627 	EXP 	fixation: autoDraw = True
115.0676 	DATA 	Keypress: 5
115.8326 	DATA 	Keypress: 5
116.3124 	EXP 	fixation: autoDraw = False
116.3124 	EXP 	fixation: autoDraw = False
116.3124 	EXP 	Target: image = 'images/WinProbe.bmp'
116.3124 	EXP 	Target: autoDraw = True
116.5496 	DATA 	Keypress: 1
116.6425 	DATA 	Keypress: 5
116.6483 	EXP 	Target: autoDraw = False
116.6483 	EXP 	Target: autoDraw = False
116.6483 	EXP 	feedbackMsg: text = 'Correct Response!\n\nYou won $0.20!'
116.6483 	EXP 	feedbackMsg: autoDraw = True
117.3997 	DATA 	Keypress: 5
118.1663 	DATA 	Keypress: 5
118.3320 	EXP 	New trial (rep=0, index=14): OrderedDict([('Condition', 'SmallReward'), ('FixationDur', 2000)])
118.3623 	EXP 	feedbackMsg: autoDraw = False
118.3623 	EXP 	feedbackMsg: autoDraw = False
118.3623 	EXP 	cueImage: image = 'images/WinSmall.bmp'
118.3623 	EXP 	cueImage: autoDraw = True
118.9486 	DATA 	Keypress: 5
119.7338 	DATA 	Keypress: 5
120.3968 	EXP 	cueImage: autoDraw = False
120.3968 	EXP 	fixation: autoDraw = True
120.5000 	DATA 	Keypress: 5
121.2822 	DATA 	Keypress: 5
122.0675 	DATA 	Keypress: 5
122.4458 	EXP 	fixation: autoDraw = False
122.4458 	EXP 	fixation: autoDraw = False
122.4458 	EXP 	Target: image = 'images/WinProbe.bmp'
122.4458 	EXP 	Target: autoDraw = True
122.7007 	DATA 	Keypress: 1
122.7802 	EXP 	Target: autoDraw = False
122.7802 	EXP 	Target: autoDraw = False
122.7802 	EXP 	feedbackMsg: text = 'Correct Response!\n\nYou won $0.20!'
122.7802 	EXP 	feedbackMsg: autoDraw = True
122.8509 	DATA 	Keypress: 5
123.6154 	DATA 	Keypress: 5
124.4009 	DATA 	Keypress: 5
124.4486 	EXP 	New trial (rep=0, index=15): OrderedDict([('Condition', 'LgPun'), ('FixationDur', 2000)])
124.4636 	EXP 	feedbackMsg: autoDraw = False
124.4636 	EXP 	feedbackMsg: autoDraw = False
124.4636 	EXP 	cueImage: image = 'images/LoseBig.bmp'
124.4636 	EXP 	cueImage: autoDraw = True
125.1835 	DATA 	Keypress: 5
125.9492 	DATA 	Keypress: 5
126.4975 	EXP 	cueImage: autoDraw = False
126.4975 	EXP 	cueImage: autoDraw = False
126.4975 	EXP 	fixation: autoDraw = True
126.7344 	DATA 	Keypress: 5
127.5183 	DATA 	Keypress: 5
128.2830 	DATA 	Keypress: 5
128.5304 	EXP 	fixation: autoDraw = False
128.5304 	EXP 	fixation: autoDraw = False
128.5304 	EXP 	Target: image = 'images/LoseProbe.bmp'
128.5304 	EXP 	Target: autoDraw = True
128.7671 	DATA 	Keypress: 1
128.8799 	EXP 	Target: autoDraw = False
128.8799 	EXP 	Target: autoDraw = False
128.8799 	EXP 	feedbackMsg: text = 'Correct Response!\n\nYou did not lose $5.00!'
128.8799 	EXP 	feedbackMsg: autoDraw = True
129.0660 	DATA 	Keypress: 5
129.8514 	DATA 	Keypress: 5
130.5656 	EXP 	New trial (rep=0, index=16): OrderedDict([('Condition', 'Triangle'), ('FixationDur', 2500)])
130.5800 	EXP 	feedbackMsg: autoDraw = False
130.5800 	EXP 	feedbackMsg: autoDraw = False
130.5800 	EXP 	cueImage: image = 'images/Neutral.bmp'
130.5800 	EXP 	cueImage: autoDraw = True
130.6152 	DATA 	Keypress: 5
131.3997 	DATA 	Keypress: 5
132.1847 	DATA 	Keypress: 5
132.6143 	EXP 	cueImage: autoDraw = False
132.6143 	EXP 	cueImage: autoDraw = False
132.6143 	EXP 	fixation: autoDraw = True
132.9503 	DATA 	Keypress: 5
133.7335 	DATA 	Keypress: 5
134.5189 	DATA 	Keypress: 5
135.1470 	EXP 	fixation: autoDraw = False
135.1470 	EXP 	fixation: autoDraw = False
135.1470 	EXP 	Target: image = 'images/NeutralProbe.bmp'
135.1470 	EXP 	Target: autoDraw = True
135.2837 	DATA 	Keypress: 5
135.4645 	EXP 	Target: autoDraw = False
135.4645 	EXP 	Target: autoDraw = False
135.4645 	EXP 	feedbackMsg: text = 'You pressed too slow!\n\nYou did not win or lose anything!'
135.4645 	EXP 	feedbackMsg: autoDraw = True
136.0676 	DATA 	Keypress: 5
136.8519 	DATA 	Keypress: 5
137.1651 	EXP 	New trial (rep=0, index=17): OrderedDict([('Condition', 'LgPun'), ('FixationDur', 1500)])
137.1801 	EXP 	feedbackMsg: autoDraw = False
137.1801 	EXP 	feedbackMsg: autoDraw = False
137.1801 	EXP 	cueImage: image = 'images/LoseBig.bmp'
137.1801 	EXP 	cueImage: autoDraw = True
137.6171 	DATA 	Keypress: 5
138.4001 	DATA 	Keypress: 5
139.2029 	DATA 	Keypress: 5
139.2145 	EXP 	cueImage: autoDraw = False
139.2145 	EXP 	cueImage: autoDraw = False
139.2145 	EXP 	fixation: autoDraw = True
139.9512 	DATA 	Keypress: 5
140.7398 	DATA 	Keypress: 5
140.7475 	EXP 	fixation: autoDraw = False
140.7475 	EXP 	fixation: autoDraw = False
140.7475 	EXP 	Target: image = 'images/LoseProbe.bmp'
140.7475 	EXP 	Target: autoDraw = True
141.0022 	DATA 	Keypress: 1
141.0814 	EXP 	Target: autoDraw = False
141.0814 	EXP 	Target: autoDraw = False
141.0814 	EXP 	feedbackMsg: text = 'Correct Response!\n\nYou did not lose $5.00!'
141.0814 	EXP 	feedbackMsg: autoDraw = True
141.5193 	DATA 	Keypress: 5
142.2852 	DATA 	Keypress: 5
142.7832 	EXP 	New trial (rep=0, index=18): OrderedDict([('Condition', 'LgReward'), ('FixationDur', 3500)])
142.8142 	EXP 	feedbackMsg: autoDraw = False
142.8142 	EXP 	feedbackMsg: autoDraw = False
142.8142 	EXP 	cueImage: image = 'images/WinBig.bmp'
142.8142 	EXP 	cueImage: autoDraw = True
143.0670 	DATA 	Keypress: 5
143.8513 	DATA 	Keypress: 5
144.6352 	DATA 	Keypress: 5
144.8486 	EXP 	cueImage: autoDraw = False
144.8486 	EXP 	fixation: autoDraw = True
145.3997 	DATA 	Keypress: 5
146.1864 	DATA 	Keypress: 5
146.9699 	DATA 	Keypress: 5
147.7345 	DATA 	Keypress: 5
148.3982 	EXP 	fixation: autoDraw = False
148.3982 	EXP 	fixation: autoDraw = False
148.3982 	EXP 	Target: image = 'images/WinProbe.bmp'
148.3982 	EXP 	Target: autoDraw = True
148.5188 	DATA 	Keypress: 5
148.6184 	DATA 	Keypress: 1
148.7146 	EXP 	Target: autoDraw = False
148.7146 	EXP 	Target: autoDraw = False
148.7146 	EXP 	feedbackMsg: text = 'Correct Response!\n\nYou won $5.00!'
148.7146 	EXP 	feedbackMsg: autoDraw = True
149.3032 	DATA 	Keypress: 5
150.0682 	DATA 	Keypress: 5
150.4171 	EXP 	New trial (rep=0, index=19): OrderedDict([('Condition', 'LgReward'), ('FixationDur', 1500)])
150.4483 	EXP 	feedbackMsg: autoDraw = False
150.4483 	EXP 	feedbackMsg: autoDraw = False
150.4483 	EXP 	cueImage: image = 'images/WinBig.bmp'
150.4483 	EXP 	cueImage: autoDraw = True
150.8526 	DATA 	Keypress: 5
151.6359 	DATA 	Keypress: 5
152.4016 	DATA 	Keypress: 5
152.4824 	EXP 	cueImage: autoDraw = False
152.4824 	EXP 	fixation: autoDraw = True
153.1851 	DATA 	Keypress: 5
154.0198 	DATA 	Keypress: 5
154.0312 	EXP 	fixation: autoDraw = False
154.0312 	EXP 	fixation: autoDraw = False
154.0312 	EXP 	Target: image = 'images/WinProbe.bmp'
154.0312 	EXP 	Target: autoDraw = True
154.3453 	DATA 	Keypress: 1
154.3534 	EXP 	Target: autoDraw = False
154.3534 	EXP 	Target: autoDraw = False
154.3534 	EXP 	feedbackMsg: text = 'You pressed too slow!\n\nYou did not win $5.00!'
154.3534 	EXP 	feedbackMsg: autoDraw = True
154.7350 	DATA 	Keypress: 5
155.5193 	DATA 	Keypress: 5
156.0494 	EXP 	New trial (rep=0, index=20): OrderedDict([('Condition', 'LgPun'), ('FixationDur', 3000)])
156.0656 	EXP 	feedbackMsg: autoDraw = False
156.0656 	EXP 	feedbackMsg: autoDraw = False
156.0656 	EXP 	cueImage: image = 'images/LoseBig.bmp'
156.0656 	EXP 	cueImage: autoDraw = True
156.3031 	DATA 	Keypress: 5
157.0685 	DATA 	Keypress: 5
157.8510 	DATA 	Keypress: 5
158.0996 	EXP 	cueImage: autoDraw = False
158.0996 	EXP 	fixation: autoDraw = True
158.6370 	DATA 	Keypress: 5
159.4024 	DATA 	Keypress: 5
160.1856 	DATA 	Keypress: 5
160.9709 	DATA 	Keypress: 5
161.1325 	EXP 	fixation: autoDraw = False
161.1325 	EXP 	fixation: autoDraw = False
161.1325 	EXP 	Target: image = 'images/LoseProbe.bmp'
161.1325 	EXP 	Target: autoDraw = True
161.3692 	DATA 	Keypress: 1
161.4323 	EXP 	Target: autoDraw = False
161.4323 	EXP 	Target: autoDraw = False
161.4323 	EXP 	feedbackMsg: text = 'Correct Response!\n\nYou did not lose $5.00!'
161.4323 	EXP 	feedbackMsg: autoDraw = True
161.7531 	DATA 	Keypress: 5
162.5194 	DATA 	Keypress: 5
163.1678 	EXP 	New trial (rep=0, index=21): OrderedDict([('Condition', 'SmallPun'), ('FixationDur', 2000)])
163.1826 	EXP 	feedbackMsg: autoDraw = False
163.1826 	EXP 	feedbackMsg: autoDraw = False
163.1826 	EXP 	cueImage: image = 'images/LoseSmall.bmp'
163.1826 	EXP 	cueImage: autoDraw = True
163.3035 	DATA 	Keypress: 5
164.0867 	DATA 	Keypress: 5
164.8521 	DATA 	Keypress: 5
165.2166 	EXP 	cueImage: autoDraw = False
165.2166 	EXP 	cueImage: autoDraw = False
165.2166 	EXP 	fixation: autoDraw = True
165.6371 	DATA 	Keypress: 5
166.4203 	DATA 	Keypress: 5
167.1865 	DATA 	Keypress: 5
167.2490 	EXP 	fixation: autoDraw = False
167.2490 	EXP 	fixation: autoDraw = False
167.2490 	EXP 	Target: image = 'images/LoseProbe.bmp'
167.2490 	EXP 	Target: autoDraw = True
167.5463 	DATA 	Keypress: 1
167.5548 	EXP 	Target: autoDraw = False
167.5548 	EXP 	Target: autoDraw = False
167.5548 	EXP 	feedbackMsg: text = 'You pressed too slow!\n\nYou lost $0.20!'
167.5548 	EXP 	feedbackMsg: autoDraw = True
167.9704 	DATA 	Keypress: 5
168.7539 	DATA 	Keypress: 5
169.2855 	EXP 	New trial (rep=0, index=22): OrderedDict([('Condition', 'SmallReward'), ('FixationDur', 3500)])
169.3157 	EXP 	feedbackMsg: autoDraw = False
169.3157 	EXP 	feedbackMsg: autoDraw = False
169.3157 	EXP 	cueImage: image = 'images/WinSmall.bmp'
169.3157 	EXP 	cueImage: autoDraw = True
169.5182 	DATA 	Keypress: 5
170.3022 	DATA 	Keypress: 5
171.0872 	DATA 	Keypress: 5
171.3505 	EXP 	cueImage: autoDraw = False
171.3505 	EXP 	fixation: autoDraw = True
171.8529 	DATA 	Keypress: 5
172.6377 	DATA 	Keypress: 5
173.4208 	DATA 	Keypress: 5
174.1866 	DATA 	Keypress: 5
174.8905 	EXP 	fixation: autoDraw = False
174.8905 	EXP 	fixation: autoDraw = False
174.8905 	EXP 	Target: image = 'images/WinProbe.bmp'
174.8905 	EXP 	Target: autoDraw = True
174.9707 	DATA 	Keypress: 5
175.1199 	DATA 	Keypress: 1
175.1898 	EXP 	Target: autoDraw = False
175.1898 	EXP 	Target: autoDraw = False
175.1898 	EXP 	feedbackMsg: text = 'Correct Response!\n\nYou won $0.20!'
175.1898 	EXP 	feedbackMsg: autoDraw = True
175.7551 	DATA 	Keypress: 5
176.5206 	DATA 	Keypress: 5
176.9188 	EXP 	New trial (rep=0, index=23): OrderedDict([('Condition', 'LgReward'), ('FixationDur', 2500)])
176.9503 	EXP 	feedbackMsg: autoDraw = False
176.9503 	EXP 	feedbackMsg: autoDraw = False
176.9503 	EXP 	cueImage: image = 'images/WinBig.bmp'
176.9503 	EXP 	cueImage: autoDraw = True
177.3032 	DATA 	Keypress: 5
178.0867 	DATA 	Keypress: 5
178.8530 	DATA 	Keypress: 5
178.9730 	EXP 	cueImage: autoDraw = False
178.9730 	EXP 	fixation: autoDraw = True
179.6367 	DATA 	Keypress: 5
180.4218 	DATA 	Keypress: 5
181.2041 	DATA 	Keypress: 5
181.5243 	EXP 	fixation: autoDraw = False
181.5243 	EXP 	fixation: autoDraw = False
181.5243 	EXP 	Target: image = 'images/WinProbe.bmp'
181.5243 	EXP 	Target: autoDraw = True
181.7969 	DATA 	Keypress: 1
181.8070 	EXP 	Target: autoDraw = False
181.8070 	EXP 	Target: autoDraw = False
181.8070 	EXP 	feedbackMsg: text = 'You pressed too slow!\n\nYou did not win $5.00!'
181.8070 	EXP 	feedbackMsg: autoDraw = True
181.9707 	DATA 	Keypress: 5
182.7542 	DATA 	Keypress: 5
183.5210 	DATA 	Keypress: 5
183.5524 	EXP 	New trial (rep=0, index=24): OrderedDict([('Condition', 'SmallReward'), ('FixationDur', 4000)])
183.5744 	EXP 	feedbackMsg: autoDraw = False
183.5744 	EXP 	feedbackMsg: autoDraw = False
183.5744 	EXP 	cueImage: image = 'images/WinSmall.bmp'
183.5744 	EXP 	cueImage: autoDraw = True
184.3027 	DATA 	Keypress: 5
185.0876 	DATA 	Keypress: 5
185.6072 	EXP 	cueImage: autoDraw = False
185.6072 	EXP 	fixation: autoDraw = True
185.8720 	DATA 	Keypress: 5
186.0547 	DATA 	Keypress: 1
186.6374 	DATA 	Keypress: 5
187.4221 	DATA 	Keypress: 5
188.2043 	DATA 	Keypress: 5
188.9700 	DATA 	Keypress: 5
189.6905 	EXP 	fixation: autoDraw = False
189.6905 	EXP 	fixation: autoDraw = False
189.6905 	EXP 	Target: image = 'images/WinProbe.bmp'
189.6905 	EXP 	Target: autoDraw = True
189.7544 	DATA 	Keypress: 5
189.9677 	EXP 	Target: autoDraw = False
189.9677 	EXP 	Target: autoDraw = False
189.9677 	EXP 	feedbackMsg: text = 'You pressed too soon!\n\nYou did not win $0.20!'
189.9677 	EXP 	feedbackMsg: autoDraw = True
190.1711 	DATA 	Keypress: 1
190.5390 	DATA 	Keypress: 5
191.3035 	DATA 	Keypress: 5
191.7198 	EXP 	New trial (rep=0, index=25): OrderedDict([('Condition', 'SmallPun'), ('FixationDur', 4000)])
191.7346 	EXP 	feedbackMsg: autoDraw = False
191.7346 	EXP 	feedbackMsg: autoDraw = False
191.7346 	EXP 	cueImage: image = 'images/LoseSmall.bmp'
191.7346 	EXP 	cueImage: autoDraw = True
192.0883 	DATA 	Keypress: 5
192.8718 	DATA 	Keypress: 5
193.6371 	DATA 	Keypress: 5
193.7588 	EXP 	cueImage: autoDraw = False
193.7588 	EXP 	cueImage: autoDraw = False
193.7588 	EXP 	fixation: autoDraw = True
194.4210 	DATA 	Keypress: 5
195.2059 	DATA 	Keypress: 5
195.9710 	DATA 	Keypress: 5
196.7555 	DATA 	Keypress: 5
197.5396 	DATA 	Keypress: 5
197.8018 	EXP 	fixation: autoDraw = False
197.8018 	EXP 	fixation: autoDraw = False
197.8018 	EXP 	Target: image = 'images/LoseProbe.bmp'
197.8018 	EXP 	Target: autoDraw = True
198.0829 	DATA 	Keypress: 1
198.0929 	EXP 	Target: autoDraw = False
198.0929 	EXP 	Target: autoDraw = False
198.0929 	EXP 	feedbackMsg: text = 'You pressed too slow!\n\nYou lost $0.20!'
198.0929 	EXP 	feedbackMsg: autoDraw = True
198.3050 	DATA 	Keypress: 5
199.0874 	DATA 	Keypress: 5
199.8372 	EXP 	New trial (rep=0, index=26): OrderedDict([('Condition', 'LgReward'), ('FixationDur', 2000)])
199.8605 	EXP 	feedbackMsg: autoDraw = False
199.8605 	EXP 	feedbackMsg: autoDraw = False
199.8605 	EXP 	cueImage: image = 'images/WinBig.bmp'
199.8605 	EXP 	cueImage: autoDraw = True
199.8636 	DATA 	Keypress: 5
200.6379 	DATA 	Keypress: 5
201.4212 	DATA 	Keypress: 5
201.8927 	EXP 	cueImage: autoDraw = False
201.8927 	EXP 	fixation: autoDraw = True
202.2059 	DATA 	Keypress: 5
202.9722 	DATA 	Keypress: 5
203.7546 	DATA 	Keypress: 5
203.9432 	EXP 	fixation: autoDraw = False
203.9432 	EXP 	fixation: autoDraw = False
203.9432 	EXP 	Target: image = 'images/WinProbe.bmp'
203.9432 	EXP 	Target: autoDraw = True
204.2060 	DATA 	Keypress: 1
204.2691 	EXP 	Target: autoDraw = False
204.2691 	EXP 	Target: autoDraw = False
204.2691 	EXP 	feedbackMsg: text = 'Correct Response!\n\nYou won $5.00!'
204.2691 	EXP 	feedbackMsg: autoDraw = True
204.5391 	DATA 	Keypress: 5
205.3229 	DATA 	Keypress: 5
205.9706 	EXP 	New trial (rep=0, index=27): OrderedDict([('Condition', 'LgReward'), ('FixationDur', 3000)])
205.9937 	EXP 	feedbackMsg: autoDraw = False
205.9937 	EXP 	feedbackMsg: autoDraw = False
205.9937 	EXP 	cueImage: image = 'images/WinBig.bmp'
205.9937 	EXP 	cueImage: autoDraw = True
206.0880 	DATA 	Keypress: 5
206.8722 	DATA 	Keypress: 5
207.6540 	DATA 	Keypress: 5
208.0272 	EXP 	cueImage: autoDraw = False
208.0272 	EXP 	fixation: autoDraw = True
208.4208 	DATA 	Keypress: 5
209.2070 	DATA 	Keypress: 5
209.9901 	DATA 	Keypress: 5
210.7545 	DATA 	Keypress: 5
211.0782 	EXP 	fixation: autoDraw = False
211.0782 	EXP 	fixation: autoDraw = False
211.0782 	EXP 	Target: image = 'images/WinProbe.bmp'
211.0782 	EXP 	Target: autoDraw = True
211.3051 	DATA 	Keypress: 1
211.4109 	EXP 	Target: autoDraw = False
211.4109 	EXP 	Target: autoDraw = False
211.4109 	EXP 	feedbackMsg: text = 'Correct Response!\n\nYou won $5.00!'
211.4109 	EXP 	feedbackMsg: autoDraw = True
211.5387 	DATA 	Keypress: 5
212.3235 	DATA 	Keypress: 5
213.0884 	DATA 	Keypress: 5
213.1203 	EXP 	New trial (rep=0, index=28): OrderedDict([('Condition', 'Triangle'), ('FixationDur', 4000)])
213.1351 	EXP 	feedbackMsg: autoDraw = False
213.1351 	EXP 	feedbackMsg: autoDraw = False
213.1351 	EXP 	cueImage: image = 'images/Neutral.bmp'
213.1351 	EXP 	cueImage: autoDraw = True
213.8733 	DATA 	Keypress: 5
214.6564 	DATA 	Keypress: 5
215.1617 	EXP 	cueImage: autoDraw = False
215.1617 	EXP 	cueImage: autoDraw = False
215.1617 	EXP 	fixation: autoDraw = True
215.4231 	DATA 	Keypress: 5
216.2059 	DATA 	Keypress: 5
216.9906 	DATA 	Keypress: 5
217.7564 	DATA 	Keypress: 5
218.5386 	DATA 	Keypress: 5
219.2025 	EXP 	fixation: autoDraw = False
219.2025 	EXP 	fixation: autoDraw = False
219.2025 	EXP 	Target: image = 'images/NeutralProbe.bmp'
219.2025 	EXP 	Target: autoDraw = True
219.3227 	DATA 	Keypress: 5
219.5192 	DATA 	Keypress: 1
219.5290 	EXP 	Target: autoDraw = False
219.5290 	EXP 	Target: autoDraw = False
219.5290 	EXP 	feedbackMsg: text = 'You pressed too slow!\n\nYou did not win or lose anything!'
219.5290 	EXP 	feedbackMsg: autoDraw = True
220.0889 	DATA 	Keypress: 5
220.8729 	DATA 	Keypress: 5
221.2382 	EXP 	New trial (rep=0, index=29): OrderedDict([('Condition', 'LgPun'), ('FixationDur', 1500)])
221.2533 	EXP 	feedbackMsg: autoDraw = False
221.2533 	EXP 	feedbackMsg: autoDraw = False
221.2533 	EXP 	cueImage: image = 'images/LoseBig.bmp'
221.2533 	EXP 	cueImage: autoDraw = True
221.6572 	DATA 	Keypress: 5
222.4229 	DATA 	Keypress: 5
223.2062 	DATA 	Keypress: 5
223.2796 	EXP 	cueImage: autoDraw = False
223.2796 	EXP 	cueImage: autoDraw = False
223.2796 	EXP 	fixation: autoDraw = True
223.9913 	DATA 	Keypress: 5
224.8102 	DATA 	Keypress: 5
224.8194 	EXP 	fixation: autoDraw = False
224.8194 	EXP 	fixation: autoDraw = False
224.8194 	EXP 	Target: image = 'images/LoseProbe.bmp'
224.8194 	EXP 	Target: autoDraw = True
225.1328 	DATA 	Keypress: 1
225.1464 	EXP 	Target: autoDraw = False
225.1464 	EXP 	Target: autoDraw = False
225.1464 	EXP 	feedbackMsg: text = 'You pressed too slow!\n\nYou lost $5.00!'
225.1464 	EXP 	feedbackMsg: autoDraw = True
225.5395 	DATA 	Keypress: 5
226.3244 	DATA 	Keypress: 5
226.8557 	EXP 	New trial (rep=0, index=30): OrderedDict([('Condition', 'SmallReward'), ('FixationDur', 1500)])
226.8811 	EXP 	feedbackMsg: autoDraw = False
226.8811 	EXP 	feedbackMsg: autoDraw = False
226.8811 	EXP 	cueImage: image = 'images/WinSmall.bmp'
226.8811 	EXP 	cueImage: autoDraw = True
227.1074 	DATA 	Keypress: 5
227.8728 	DATA 	Keypress: 5
228.6551 	DATA 	Keypress: 5
228.9129 	EXP 	cueImage: autoDraw = False
228.9129 	EXP 	fixation: autoDraw = True
229.4412 	DATA 	Keypress: 5
230.2057 	DATA 	Keypress: 5
230.4629 	EXP 	fixation: autoDraw = False
230.4629 	EXP 	fixation: autoDraw = False
230.4629 	EXP 	Target: image = 'images/WinProbe.bmp'
230.4629 	EXP 	Target: autoDraw = True
230.7080 	DATA 	Keypress: 1
230.8200 	EXP 	Target: autoDraw = False
230.8200 	EXP 	Target: autoDraw = False
230.8200 	EXP 	feedbackMsg: text = 'Correct Response!\n\nYou won $0.20!'
230.8200 	EXP 	feedbackMsg: autoDraw = True
230.9903 	DATA 	Keypress: 5
231.7751 	DATA 	Keypress: 5
232.4892 	EXP 	New trial (rep=0, index=31): OrderedDict([('Condition', 'LgReward'), ('FixationDur', 1500)])
232.5133 	EXP 	feedbackMsg: autoDraw = False
232.5133 	EXP 	feedbackMsg: autoDraw = False
232.5133 	EXP 	cueImage: image = 'images/WinBig.bmp'
232.5133 	EXP 	cueImage: autoDraw = True
232.5385 	DATA 	Keypress: 5
233.3240 	DATA 	Keypress: 5
234.1078 	DATA 	Keypress: 5
234.5469 	EXP 	cueImage: autoDraw = False
234.5469 	EXP 	fixation: autoDraw = True
234.8732 	DATA 	Keypress: 5
235.6580 	DATA 	Keypress: 5
236.0975 	EXP 	fixation: autoDraw = False
236.0975 	EXP 	fixation: autoDraw = False
236.0975 	EXP 	Target: image = 'images/WinProbe.bmp'
236.0975 	EXP 	Target: autoDraw = True
236.3750 	DATA 	Keypress: 1
236.4499 	DATA 	Keypress: 5
236.4645 	EXP 	Target: autoDraw = False
236.4645 	EXP 	Target: autoDraw = False
236.4645 	EXP 	feedbackMsg: text = 'Correct Response!\n\nYou won $5.00!'
236.4645 	EXP 	feedbackMsg: autoDraw = True
237.2071 	DATA 	Keypress: 5
237.9914 	DATA 	Keypress: 5
238.1226 	EXP 	New trial (rep=0, index=32): OrderedDict([('Condition', 'LgReward'), ('FixationDur', 4000)])
238.1477 	EXP 	feedbackMsg: autoDraw = False
238.1477 	EXP 	feedbackMsg: autoDraw = False
238.1477 	EXP 	cueImage: image = 'images/WinBig.bmp'
238.1477 	EXP 	cueImage: autoDraw = True
238.7721 	DATA 	Keypress: 5
239.5405 	DATA 	Keypress: 5
240.1810 	EXP 	cueImage: autoDraw = False
240.1810 	EXP 	fixation: autoDraw = True
240.3246 	DATA 	Keypress: 5
241.1088 	DATA 	Keypress: 5
241.8744 	DATA 	Keypress: 5
242.6579 	DATA 	Keypress: 5
243.4422 	DATA 	Keypress: 5
244.2254 	DATA 	Keypress: 5
244.2315 	EXP 	fixation: autoDraw = False
244.2315 	EXP 	fixation: autoDraw = False
244.2315 	EXP 	Target: image = 'images/WinProbe.bmp'
244.2315 	EXP 	Target: autoDraw = True
244.4755 	DATA 	Keypress: 1
244.5820 	EXP 	Target: autoDraw = False
244.5820 	EXP 	Target: autoDraw = False
244.5820 	EXP 	feedbackMsg: text = 'Correct Response!\n\nYou won $5.00!'
244.5820 	EXP 	feedbackMsg: autoDraw = True
244.9900 	DATA 	Keypress: 5
245.7756 	DATA 	Keypress: 5
246.2565 	EXP 	New trial (rep=0, index=33): OrderedDict([('Condition', 'SmallPun'), ('FixationDur', 3500)])
246.2709 	EXP 	feedbackMsg: autoDraw = False
246.2709 	EXP 	feedbackMsg: autoDraw = False
246.2709 	EXP 	cueImage: image = 'images/LoseSmall.bmp'
246.2709 	EXP 	cueImage: autoDraw = True
246.5581 	DATA 	Keypress: 5
247.3239 	DATA 	Keypress: 5
248.1075 	DATA 	Keypress: 5
248.2993 	EXP 	cueImage: autoDraw = False
248.2993 	EXP 	cueImage: autoDraw = False
248.2993 	EXP 	fixation: autoDraw = True
248.8932 	DATA 	Keypress: 5
249.6568 	DATA 	Keypress: 5
250.4428 	DATA 	Keypress: 5
251.2251 	DATA 	Keypress: 5
251.8328 	EXP 	fixation: autoDraw = False
251.8328 	EXP 	fixation: autoDraw = False
251.8328 	EXP 	Target: image = 'images/LoseProbe.bmp'
251.8328 	EXP 	Target: autoDraw = True
251.9909 	DATA 	Keypress: 5
252.0593 	DATA 	Keypress: 1
252.1554 	EXP 	Target: autoDraw = False
252.1554 	EXP 	Target: autoDraw = False
252.1554 	EXP 	feedbackMsg: text = 'Correct Response!\n\nYou did not lose $0.20!'
252.1554 	EXP 	feedbackMsg: autoDraw = True
252.7751 	DATA 	Keypress: 5
253.5597 	DATA 	Keypress: 5
253.8570 	EXP 	New trial (rep=0, index=34): OrderedDict([('Condition', 'Triangle'), ('FixationDur', 1500)])
253.8719 	EXP 	feedbackMsg: autoDraw = False
253.8719 	EXP 	feedbackMsg: autoDraw = False
253.8719 	EXP 	cueImage: image = 'images/Neutral.bmp'
253.8719 	EXP 	cueImage: autoDraw = True
254.3237 	DATA 	Keypress: 5
255.1093 	DATA 	Keypress: 5
255.8931 	DATA 	Keypress: 5
255.9004 	EXP 	cueImage: autoDraw = False
255.9004 	EXP 	cueImage: autoDraw = False
255.9004 	EXP 	fixation: autoDraw = True
256.6588 	DATA 	Keypress: 5
257.4343 	DATA 	Keypress: 5
257.4404 	EXP 	fixation: autoDraw = False
257.4404 	EXP 	fixation: autoDraw = False
257.4404 	EXP 	Target: image = 'images/NeutralProbe.bmp'
257.4404 	EXP 	Target: autoDraw = True
257.7719 	EXP 	Target: autoDraw = False
257.7719 	EXP 	Target: autoDraw = False
257.7719 	EXP 	feedbackMsg: text = 'You pressed too slow!\n\nYou did not win or lose anything!'
257.7719 	EXP 	feedbackMsg: autoDraw = True
258.2268 	DATA 	Keypress: 5
258.9923 	DATA 	Keypress: 5
259.4730 	EXP 	New trial (rep=0, index=35): OrderedDict([('Condition', 'Triangle'), ('FixationDur', 2000)])
259.4888 	EXP 	feedbackMsg: autoDraw = False
259.4888 	EXP 	feedbackMsg: autoDraw = False
259.4888 	EXP 	cueImage: image = 'images/Neutral.bmp'
259.4888 	EXP 	cueImage: autoDraw = True
259.7758 	DATA 	Keypress: 5
260.5589 	DATA 	Keypress: 5
261.3253 	DATA 	Keypress: 5
261.5174 	EXP 	cueImage: autoDraw = False
261.5174 	EXP 	cueImage: autoDraw = False
261.5174 	EXP 	fixation: autoDraw = True
262.1096 	DATA 	Keypress: 5
262.8936 	DATA 	Keypress: 5
263.5506 	EXP 	fixation: autoDraw = False
263.5506 	EXP 	fixation: autoDraw = False
263.5506 	EXP 	Target: image = 'images/NeutralProbe.bmp'
263.5506 	EXP 	Target: autoDraw = True
263.6589 	DATA 	Keypress: 5
263.8680 	EXP 	Target: autoDraw = False
263.8680 	EXP 	Target: autoDraw = False
263.8680 	EXP 	feedbackMsg: text = 'You pressed too slow!\n\nYou did not win or lose anything!'
263.8680 	EXP 	feedbackMsg: autoDraw = True
264.4432 	DATA 	Keypress: 5
265.2264 	DATA 	Keypress: 5
265.5579 	EXP 	New trial (rep=0, index=36): OrderedDict([('Condition', 'SmallPun'), ('FixationDur', 2000)])
265.5725 	EXP 	feedbackMsg: autoDraw = False
265.5725 	EXP 	feedbackMsg: autoDraw = False
265.5725 	EXP 	cueImage: image = 'images/LoseSmall.bmp'
265.5725 	EXP 	cueImage: autoDraw = True
265.9920 	DATA 	Keypress: 5
266.7749 	DATA 	Keypress: 5
267.5933 	DATA 	Keypress: 5
267.6015 	EXP 	cueImage: autoDraw = False
267.6015 	EXP 	cueImage: autoDraw = False
267.6015 	EXP 	fixation: autoDraw = True
268.3443 	DATA 	Keypress: 5
269.1095 	DATA 	Keypress: 5
269.6386 	EXP 	fixation: autoDraw = False
269.6386 	EXP 	fixation: autoDraw = False
269.6386 	EXP 	Target: image = 'images/LoseProbe.bmp'
269.6386 	EXP 	Target: autoDraw = True
269.8769 	DATA 	Keypress: 1
269.8936 	DATA 	Keypress: 5
269.9733 	EXP 	Target: autoDraw = False
269.9733 	EXP 	Target: autoDraw = False
269.9733 	EXP 	feedbackMsg: text = 'Correct Response!\n\nYou did not lose $0.20!'
269.9733 	EXP 	feedbackMsg: autoDraw = True
270.6764 	DATA 	Keypress: 5
271.4419 	DATA 	Keypress: 5
271.6747 	EXP 	New trial (rep=0, index=37): OrderedDict([('Condition', 'LgPun'), ('FixationDur', 1500)])
271.6895 	EXP 	feedbackMsg: autoDraw = False
271.6895 	EXP 	feedbackMsg: autoDraw = False
271.6895 	EXP 	cueImage: image = 'images/LoseBig.bmp'
271.6895 	EXP 	cueImage: autoDraw = True
272.2274 	DATA 	Keypress: 5
273.0096 	DATA 	Keypress: 5
273.7190 	EXP 	cueImage: autoDraw = False
273.7190 	EXP 	cueImage: autoDraw = False
273.7190 	EXP 	fixation: autoDraw = True
273.7725 	DATA 	Keypress: 5
274.5555 	DATA 	Keypress: 5
275.2524 	EXP 	fixation: autoDraw = False
275.2524 	EXP 	fixation: autoDraw = False
275.2524 	EXP 	Target: image = 'images/LoseProbe.bmp'
275.2524 	EXP 	Target: autoDraw = True
275.3395 	DATA 	Keypress: 5
275.5210 	DATA 	Keypress: 1
275.5894 	EXP 	Target: autoDraw = False
275.5894 	EXP 	Target: autoDraw = False
275.5894 	EXP 	feedbackMsg: text = 'Correct Response!\n\nYou did not lose $5.00!'
275.5894 	EXP 	feedbackMsg: autoDraw = True
276.1093 	DATA 	Keypress: 5
276.8936 	DATA 	Keypress: 5
277.2920 	EXP 	New trial (rep=0, index=38): OrderedDict([('Condition', 'LgPun'), ('FixationDur', 3500)])
277.3061 	EXP 	feedbackMsg: autoDraw = False
277.3061 	EXP 	feedbackMsg: autoDraw = False
277.3061 	EXP 	cueImage: image = 'images/LoseBig.bmp'
277.3061 	EXP 	cueImage: autoDraw = True
277.6769 	DATA 	Keypress: 5
278.4428 	DATA 	Keypress: 5
279.2264 	DATA 	Keypress: 5
279.3365 	EXP 	cueImage: autoDraw = False
279.3365 	EXP 	cueImage: autoDraw = False
279.3365 	EXP 	fixation: autoDraw = True
280.0114 	DATA 	Keypress: 5
280.7768 	DATA 	Keypress: 5
281.5618 	DATA 	Keypress: 5
282.3449 	DATA 	Keypress: 5
282.8702 	EXP 	fixation: autoDraw = False
282.8702 	EXP 	fixation: autoDraw = False
282.8702 	EXP 	Target: image = 'images/LoseProbe.bmp'
282.8702 	EXP 	Target: autoDraw = True
283.0908 	DATA 	Keypress: 1
283.1429 	DATA 	Keypress: 5
283.1535 	EXP 	Target: autoDraw = False
283.1535 	EXP 	Target: autoDraw = False
283.1535 	EXP 	feedbackMsg: text = 'Correct Response!\n\nYou did not lose $5.00!'
283.1535 	EXP 	feedbackMsg: autoDraw = True
283.8893 	DATA 	Keypress: 5
284.6747 	DATA 	Keypress: 5
284.9052 	EXP 	New trial (rep=0, index=39): OrderedDict([('Condition', 'SmallPun'), ('FixationDur', 3000)])
284.9199 	EXP 	feedbackMsg: autoDraw = False
284.9199 	EXP 	feedbackMsg: autoDraw = False
284.9199 	EXP 	cueImage: image = 'images/LoseSmall.bmp'
284.9199 	EXP 	cueImage: autoDraw = True
285.4571 	DATA 	Keypress: 5
286.2230 	DATA 	Keypress: 5
286.9540 	EXP 	cueImage: autoDraw = False
286.9540 	EXP 	cueImage: autoDraw = False
286.9540 	EXP 	fixation: autoDraw = True
287.0069 	DATA 	Keypress: 5
287.7916 	DATA 	Keypress: 5
288.5566 	DATA 	Keypress: 5
289.3411 	DATA 	Keypress: 5
289.9870 	EXP 	fixation: autoDraw = False
289.9870 	EXP 	fixation: autoDraw = False
289.9870 	EXP 	Target: image = 'images/LoseProbe.bmp'
289.9870 	EXP 	Target: autoDraw = True
290.1248 	DATA 	Keypress: 5
290.2639 	DATA 	Keypress: 1
290.2716 	EXP 	Target: autoDraw = False
290.2716 	EXP 	Target: autoDraw = False
290.2716 	EXP 	feedbackMsg: text = 'You pressed too slow!\n\nYou lost $0.20!'
290.2716 	EXP 	feedbackMsg: autoDraw = True
290.8903 	DATA 	Keypress: 5
291.6757 	DATA 	Keypress: 5
292.0225 	EXP 	New trial (rep=0, index=40): OrderedDict([('Condition', 'LgReward'), ('FixationDur', 2000)])
292.0549 	EXP 	feedbackMsg: autoDraw = False
292.0549 	EXP 	feedbackMsg: autoDraw = False
292.0549 	EXP 	cueImage: image = 'images/WinBig.bmp'
292.0549 	EXP 	cueImage: autoDraw = True
292.4581 	DATA 	Keypress: 5
293.2266 	DATA 	Keypress: 5
294.0115 	DATA 	Keypress: 5
294.0717 	EXP 	cueImage: autoDraw = False
294.0717 	EXP 	fixation: autoDraw = True
294.7927 	DATA 	Keypress: 5
295.5603 	DATA 	Keypress: 5
296.1214 	EXP 	fixation: autoDraw = False
296.1214 	EXP 	fixation: autoDraw = False
296.1214 	EXP 	Target: image = 'images/WinProbe.bmp'
296.1214 	EXP 	Target: autoDraw = True
296.3411 	DATA 	Keypress: 5
296.3428 	DATA 	Keypress: 1
296.4049 	EXP 	Target: autoDraw = False
296.4049 	EXP 	Target: autoDraw = False
296.4049 	EXP 	feedbackMsg: text = 'You pressed too slow!\n\nYou did not win $5.00!'
296.4049 	EXP 	feedbackMsg: autoDraw = True
297.1290 	DATA 	Keypress: 5
297.8939 	DATA 	Keypress: 5
298.1600 	EXP 	New trial (rep=0, index=41): OrderedDict([('Condition', 'SmallPun'), ('FixationDur', 1500)])
298.1746 	EXP 	feedbackMsg: autoDraw = False
298.1746 	EXP 	feedbackMsg: autoDraw = False
298.1746 	EXP 	cueImage: image = 'images/LoseSmall.bmp'
298.1746 	EXP 	cueImage: autoDraw = True
298.6775 	DATA 	Keypress: 5
299.4603 	DATA 	Keypress: 5
300.2060 	EXP 	cueImage: autoDraw = False
300.2060 	EXP 	cueImage: autoDraw = False
300.2060 	EXP 	fixation: autoDraw = True
300.2280 	DATA 	Keypress: 5
301.0116 	DATA 	Keypress: 5
301.7387 	EXP 	fixation: autoDraw = False
301.7387 	EXP 	fixation: autoDraw = False
301.7387 	EXP 	Target: image = 'images/LoseProbe.bmp'
301.7387 	EXP 	Target: autoDraw = True
301.7938 	DATA 	Keypress: 5
301.9881 	DATA 	Keypress: 1
302.0056 	EXP 	Target: autoDraw = False
302.0056 	EXP 	Target: autoDraw = False
302.0056 	EXP 	feedbackMsg: text = 'You pressed too slow!\n\nYou lost $0.20!'
302.0056 	EXP 	feedbackMsg: autoDraw = True
302.5616 	DATA 	Keypress: 5
303.3450 	DATA 	Keypress: 5
303.7603 	EXP 	New trial (rep=0, index=42): OrderedDict([('Condition', 'SmallReward'), ('FixationDur', 1500)])
303.7894 	EXP 	feedbackMsg: autoDraw = False
303.7894 	EXP 	feedbackMsg: autoDraw = False
303.7894 	EXP 	cueImage: image = 'images/WinSmall.bmp'
303.7894 	EXP 	cueImage: autoDraw = True
304.1284 	DATA 	Keypress: 5
304.8950 	DATA 	Keypress: 5
305.6781 	DATA 	Keypress: 5
305.8236 	EXP 	cueImage: autoDraw = False
305.8236 	EXP 	fixation: autoDraw = True
306.4616 	DATA 	Keypress: 5
307.2283 	DATA 	Keypress: 5
307.3729 	EXP 	fixation: autoDraw = False
307.3729 	EXP 	fixation: autoDraw = False
307.3729 	EXP 	Target: image = 'images/WinProbe.bmp'
307.3729 	EXP 	Target: autoDraw = True
307.6216 	DATA 	Keypress: 1
307.6400 	EXP 	Target: autoDraw = False
307.6400 	EXP 	Target: autoDraw = False
307.6400 	EXP 	feedbackMsg: text = 'You pressed too slow!\n\nYou did not win $0.20!'
307.6400 	EXP 	feedbackMsg: autoDraw = True
308.0111 	DATA 	Keypress: 5
308.7959 	DATA 	Keypress: 5
309.3940 	EXP 	New trial (rep=0, index=43): OrderedDict([('Condition', 'SmallReward'), ('FixationDur', 1500)])
309.4402 	EXP 	feedbackMsg: autoDraw = False
309.4402 	EXP 	feedbackMsg: autoDraw = False
309.4402 	EXP 	cueImage: image = 'images/WinSmall.bmp'
309.4402 	EXP 	cueImage: autoDraw = True
309.5617 	DATA 	Keypress: 5
310.3445 	DATA 	Keypress: 5
311.1285 	DATA 	Keypress: 5
311.4568 	EXP 	cueImage: autoDraw = False
311.4568 	EXP 	fixation: autoDraw = True
311.9124 	DATA 	Keypress: 5
312.6782 	DATA 	Keypress: 5
313.0070 	EXP 	fixation: autoDraw = False
313.0070 	EXP 	fixation: autoDraw = False
313.0070 	EXP 	Target: image = 'images/WinProbe.bmp'
313.0070 	EXP 	Target: autoDraw = True
313.2577 	EXP 	Target: autoDraw = False
313.2577 	EXP 	Target: autoDraw = False
313.2577 	EXP 	feedbackMsg: text = 'You pressed too slow!\n\nYou did not win $0.20!'
313.2577 	EXP 	feedbackMsg: autoDraw = True
313.2612 	DATA 	Keypress: 1
313.4628 	DATA 	Keypress: 5
314.2296 	DATA 	Keypress: 5
315.0113 	DATA 	Keypress: 5
315.0269 	EXP 	New trial (rep=0, index=44): OrderedDict([('Condition', 'LgReward'), ('FixationDur', 1500)])
315.0577 	EXP 	feedbackMsg: autoDraw = False
315.0577 	EXP 	feedbackMsg: autoDraw = False
315.0577 	EXP 	cueImage: image = 'images/WinBig.bmp'
315.0577 	EXP 	cueImage: autoDraw = True
315.7964 	DATA 	Keypress: 5
316.5791 	DATA 	Keypress: 5
317.0907 	EXP 	cueImage: autoDraw = False
317.0907 	EXP 	fixation: autoDraw = True
317.3449 	DATA 	Keypress: 5
318.1288 	DATA 	Keypress: 5
318.6408 	EXP 	fixation: autoDraw = False
318.6408 	EXP 	fixation: autoDraw = False
318.6408 	EXP 	Target: image = 'images/WinProbe.bmp'
318.6408 	EXP 	Target: autoDraw = True
318.8782 	DATA 	Keypress: 1
318.9406 	DATA 	Keypress: 5
318.9581 	EXP 	Target: autoDraw = False
318.9581 	EXP 	Target: autoDraw = False
318.9581 	EXP 	feedbackMsg: text = 'Correct Response!\n\nYou won $5.00!'
318.9581 	EXP 	feedbackMsg: autoDraw = True
319.6782 	DATA 	Keypress: 5
320.4617 	DATA 	Keypress: 5
320.6605 	EXP 	New trial (rep=0, index=45): OrderedDict([('Condition', 'Triangle'), ('FixationDur', 1500)])
320.6759 	EXP 	feedbackMsg: autoDraw = False
320.6759 	EXP 	feedbackMsg: autoDraw = False
320.6759 	EXP 	cueImage: image = 'images/Neutral.bmp'
320.6759 	EXP 	cueImage: autoDraw = True
321.2460 	DATA 	Keypress: 5
322.0125 	DATA 	Keypress: 5
322.7087 	EXP 	cueImage: autoDraw = False
322.7087 	EXP 	cueImage: autoDraw = False
322.7087 	EXP 	fixation: autoDraw = True
322.7957 	DATA 	Keypress: 5
323.5807 	DATA 	Keypress: 5
324.2419 	EXP 	fixation: autoDraw = False
324.2419 	EXP 	fixation: autoDraw = False
324.2419 	EXP 	Target: image = 'images/NeutralProbe.bmp'
324.2419 	EXP 	Target: autoDraw = True
324.3458 	DATA 	Keypress: 5
324.4793 	DATA 	Keypress: 1
324.5424 	EXP 	Target: autoDraw = False
324.5424 	EXP 	Target: autoDraw = False
324.5424 	EXP 	feedbackMsg: text = 'Correct Response!\n\nYou did not win or lose anything!'
324.5424 	EXP 	feedbackMsg: autoDraw = True
325.1293 	DATA 	Keypress: 5
325.9142 	DATA 	Keypress: 5
326.2621 	EXP 	New trial (rep=0, index=46): OrderedDict([('Condition', 'SmallPun'), ('FixationDur', 1500)])
326.2764 	EXP 	feedbackMsg: autoDraw = False
326.2764 	EXP 	feedbackMsg: autoDraw = False
326.2764 	EXP 	cueImage: image = 'images/LoseSmall.bmp'
326.2764 	EXP 	cueImage: autoDraw = True
326.6792 	DATA 	Keypress: 5
327.4621 	DATA 	Keypress: 5
328.2474 	DATA 	Keypress: 5
328.3092 	EXP 	cueImage: autoDraw = False
328.3092 	EXP 	cueImage: autoDraw = False
328.3092 	EXP 	fixation: autoDraw = True
329.0135 	DATA 	Keypress: 5
329.8328 	DATA 	Keypress: 5
329.8429 	EXP 	fixation: autoDraw = False
329.8429 	EXP 	fixation: autoDraw = False
329.8429 	EXP 	Target: image = 'images/LoseProbe.bmp'
329.8429 	EXP 	Target: autoDraw = True
329.9812 	DATA 	Keypress: 1
330.1431 	EXP 	Target: autoDraw = False
330.1431 	EXP 	Target: autoDraw = False
330.1431 	EXP 	feedbackMsg: text = 'Correct Response!\n\nYou did not lose $0.20!'
330.1431 	EXP 	feedbackMsg: autoDraw = True
330.5805 	DATA 	Keypress: 5
331.3465 	DATA 	Keypress: 5
331.8623 	EXP 	New trial (rep=0, index=47): OrderedDict([('Condition', 'SmallPun'), ('FixationDur', 2500)])
331.8774 	EXP 	feedbackMsg: autoDraw = False
331.8774 	EXP 	feedbackMsg: autoDraw = False
331.8774 	EXP 	cueImage: image = 'images/LoseSmall.bmp'
331.8774 	EXP 	cueImage: autoDraw = True
332.1298 	DATA 	Keypress: 5
332.9146 	DATA 	Keypress: 5
333.6976 	DATA 	Keypress: 5
333.9101 	EXP 	cueImage: autoDraw = False
333.9101 	EXP 	cueImage: autoDraw = False
333.9101 	EXP 	fixation: autoDraw = True
334.4633 	DATA 	Keypress: 5
335.2476 	DATA 	Keypress: 5
336.0317 	DATA 	Keypress: 5
336.4436 	EXP 	fixation: autoDraw = False
336.4436 	EXP 	fixation: autoDraw = False
336.4436 	EXP 	Target: image = 'images/LoseProbe.bmp'
336.4436 	EXP 	Target: autoDraw = True
336.7432 	EXP 	Target: autoDraw = False
336.7432 	EXP 	Target: autoDraw = False
336.7432 	EXP 	feedbackMsg: text = 'You pressed too slow!\n\nYou lost $0.20!'
336.7432 	EXP 	feedbackMsg: autoDraw = True
336.7799 	DATA 	Keypress: 1
336.7972 	DATA 	Keypress: 5
337.5816 	DATA 	Keypress: 5
338.3651 	DATA 	Keypress: 5
338.4608 	EXP 	New trial (rep=0, index=48): OrderedDict([('Condition', 'Triangle'), ('FixationDur', 3000)])
338.4764 	EXP 	feedbackMsg: autoDraw = False
338.4764 	EXP 	feedbackMsg: autoDraw = False
338.4764 	EXP 	cueImage: image = 'images/Neutral.bmp'
338.4764 	EXP 	cueImage: autoDraw = True
339.1284 	DATA 	Keypress: 5
339.9120 	DATA 	Keypress: 5
340.5100 	EXP 	cueImage: autoDraw = False
340.5100 	EXP 	cueImage: autoDraw = False
340.5100 	EXP 	fixation: autoDraw = True
340.6970 	DATA 	Keypress: 5
341.4622 	DATA 	Keypress: 5
342.2466 	DATA 	Keypress: 5
343.0301 	DATA 	Keypress: 5
343.5437 	EXP 	fixation: autoDraw = False
343.5437 	EXP 	fixation: autoDraw = False
343.5437 	EXP 	Target: image = 'images/NeutralProbe.bmp'
343.5437 	EXP 	Target: autoDraw = True
343.7972 	DATA 	Keypress: 5
343.8942 	EXP 	Target: autoDraw = False
343.8942 	EXP 	Target: autoDraw = False
343.8942 	EXP 	feedbackMsg: text = 'You pressed too slow!\n\nYou did not win or lose anything!'
343.8942 	EXP 	feedbackMsg: autoDraw = True
344.5808 	DATA 	Keypress: 5
345.3641 	DATA 	Keypress: 5
345.5785 	EXP 	New trial (rep=0, index=49): OrderedDict([('Condition', 'SmallReward'), ('FixationDur', 2000)])
345.6111 	EXP 	feedbackMsg: autoDraw = False
345.6111 	EXP 	feedbackMsg: autoDraw = False
345.6111 	EXP 	cueImage: image = 'images/WinSmall.bmp'
345.6111 	EXP 	cueImage: autoDraw = True
346.1305 	DATA 	Keypress: 5
346.9141 	DATA 	Keypress: 5
347.6443 	EXP 	cueImage: autoDraw = False
347.6443 	EXP 	fixation: autoDraw = True
347.6986 	DATA 	Keypress: 5
348.4646 	DATA 	Keypress: 5
349.2477 	DATA 	Keypress: 5
349.6949 	EXP 	fixation: autoDraw = False
349.6949 	EXP 	fixation: autoDraw = False
349.6949 	EXP 	Target: image = 'images/WinProbe.bmp'
349.6949 	EXP 	Target: autoDraw = True
349.9302 	DATA 	Keypress: 1
350.0410 	DATA 	Keypress: 5
350.0617 	EXP 	Target: autoDraw = False
350.0617 	EXP 	Target: autoDraw = False
350.0617 	EXP 	feedbackMsg: text = 'Correct Response!\n\nYou won $0.20!'
350.0617 	EXP 	feedbackMsg: autoDraw = True
350.8142 	DATA 	Keypress: 5
351.5817 	DATA 	Keypress: 5
351.7449 	EXP 	feedbackMsg: autoDraw = False
351.7449 	EXP 	feedbackMsg: autoDraw = False
351.7449 	EXP 	polygon: autoDraw = True
352.3651 	DATA 	Keypress: 5
353.1316 	DATA 	Keypress: 5
353.9137 	DATA 	Keypress: 5
354.6991 	DATA 	Keypress: 5
356.7620 	EXP 	polygon: autoDraw = False
356.7620 	EXP 	polygon: autoDraw = False
356.7620 	EXP 	text: text = 'All done!\n\nYou earned a total of: $15.00!'
356.7620 	EXP 	text: autoDraw = True
359.7953 	EXP 	text: autoDraw = False
359.7953 	EXP 	text: autoDraw = False
359.7953 	EXP 	polygon2: autoDraw = True
366.2477 	DATA 	Keypress: 5
367.0312 	DATA 	Keypress: 5
367.8143 	DATA 	Keypress: 5
368.5830 	DATA 	Keypress: 5
373.3007 	DATA 	Keypress: escape
373.6321 	EXP 	window1: mouseVisible = True
