10.0010 	EXP 	Created window1 = Window(allowGUI=False, allowStencil=False, args=UNKNOWN, autoLog=True, bitsMode=UNKNOWN, blendMode='avg', color=array([0., 0., 0.]), colorSpace='rgb', fullscr=<method-wrapper '__getattribute__' of attributeSetter object at 0x1355fbbe0>, gamma=None, kwargs=UNKNOWN, lms=UNKNOWN, monitor=<psychopy.monitors.calibTools.Monitor object at 0x135896e80>, multiSample=False, name='window1', numSamples=2, pos=[0.0, 0.0], screen=0, size=array([1920, 1080]), stereo=False, units='height', useFBO=True, useRetina=False, viewOri=0.0, viewPos=None, viewScale=None, waitBlanking=True, winType='pyglet')
10.0011 	EXP 	window1: recordFrameIntervals = False
10.1653 	EXP 	window1: recordFrameIntervals = True
10.3502 	EXP 	window1: recordFrameIntervals = False
10.3503 	EXP 	window1: recordFrameIntervals = False
10.5165 	EXP 	window1: recordFrameIntervals = True
10.7000 	EXP 	window1: recordFrameIntervals = False
11.1557 	EXP 	Created preinstruct_text = TextStim(__class__=<class 'psychopy.visual.text.TextStim'>, alignHoriz='center', alignVert='center', antialias=True, autoLog=True, bold=False, color='white', colorSpace='named', contrast=1.0, depth=0.0, flipHoriz=False, flipVert=False, font='Arial', fontFiles=[], height=0.05, italic=False, languageStyle='LTR', name='preinstruct_text', opacity=1.0, ori=0, pos=array([0., 0.]), rgb=array([255., 255., 255.]), text='Money Task - Scanner 2', units='height', win=Window(...), wrapWidth=1)
11.2010 	EXP 	Created instructFig = ImageStim(__class__=<class 'psychopy.visual.image.ImageStim'>, autoLog=True, color=array([1., 1., 1.]), colorSpace='rgb', contrast=1.0, depth=0.0, flipHoriz=False, flipVert=False, image='images/MID_instructions.bmp', interpolate=True, mask=None, maskParams=None, name='instructFig', opacity=1.0, ori=0.0, pos=array([0., 0.]), size=array([1.3, 1. ]), texRes=128, units='height', win=Window(...))
11.2026 	EXP 	Created PrepFixation = ShapeStim(__class__=<class 'psychopy.visual.shape.ShapeStim'>, autoDraw=False, autoLog=True, closeShape=True, contrast=1.0, depth=0.0, fillColor=array([1., 1., 1.]), fillColorSpace='rgb', interpolate=True, lineColor=array([1., 1., 1.]), lineColorSpace='rgb', lineWidth=1, name='PrepFixation', opacity=1.0, ori=array(0.), pos=array([0., 0.]), size=array([0.05, 0.05]), units='height', vertices=ndarray(...), win=Window(...), windingRule=None)
11.2042 	EXP 	Created cueImage = ImageStim(__class__=<class 'psychopy.visual.image.ImageStim'>, autoLog=True, color=array([1., 1., 1.]), colorSpace='rgb', contrast=1.0, depth=0.0, flipHoriz=False, flipVert=False, image='sin', interpolate=True, mask=None, maskParams=None, name='cueImage', opacity=1.0, ori=0.0, pos=array([0., 0.]), size=array([1.3, 1. ]), texRes=128, units='height', win=Window(...))
11.2056 	EXP 	Created fixation = ShapeStim(__class__=<class 'psychopy.visual.shape.ShapeStim'>, autoDraw=False, autoLog=True, closeShape=True, contrast=1.0, depth=-1.0, fillColor=array([1., 1., 1.]), fillColorSpace='rgb', interpolate=True, lineColor=array([1., 1., 1.]), lineColorSpace='rgb', lineWidth=1, name='fixation', opacity=1.0, ori=array(0.), pos=array([0., 0.]), size=array([0.05, 0.05]), units='height', vertices=ndarray(...), win=Window(...), windingRule=None)
11.2072 	EXP 	Created Target = ImageStim(__class__=<class 'psychopy.visual.image.ImageStim'>, autoLog=True, color=array([1., 1., 1.]), colorSpace='rgb', contrast=1.0, depth=-1.0, flipHoriz=False, flipVert=False, image='sin', interpolate=True, mask=None, maskParams=None, name='Target', opacity=1.0, ori=0.0, pos=array([0., 0.]), size=array([1.3, 1. ]), texRes=128, units='height', win=Window(...))
11.2166 	EXP 	Created feedbackMsg = TextStim(__class__=<class 'psychopy.visual.text.TextStim'>, alignHoriz='center', alignVert='center', antialias=True, autoLog=True, bold=False, color='white', colorSpace='named', contrast=1.0, depth=-2.0, flipHoriz=False, flipVert=False, font='Arial', fontFiles=[], height=0.05, italic=False, languageStyle='LTR', name='feedbackMsg', opacity=1.0, ori=0, pos=array([0., 0.]), rgb=array([255., 255., 255.]), text='default text', units='height', win=Window(...), wrapWidth=2)
11.2182 	EXP 	Created polygon = ShapeStim(__class__=<class 'psychopy.visual.shape.ShapeStim'>, autoDraw=False, autoLog=True, closeShape=True, contrast=1.0, depth=0.0, fillColor=array([1., 1., 1.]), fillColorSpace='rgb', interpolate=True, lineColor=array([1., 1., 1.]), lineColorSpace='rgb', lineWidth=1, name='polygon', opacity=1.0, ori=array(0.), pos=array([0., 0.]), size=array([0.05, 0.05]), units='height', vertices=ndarray(...), win=Window(...), windingRule=None)
11.2248 	EXP 	Created text = TextStim(__class__=<class 'psychopy.visual.text.TextStim'>, alignHoriz='center', alignVert='center', antialias=True, autoLog=True, bold=False, color='white', colorSpace='named', contrast=1.0, depth=-1.0, flipHoriz=False, flipVert=False, font='Arial', fontFiles=[], height=0.07, italic=False, languageStyle='LTR', name='text', opacity=1.0, ori=0, pos=array([0., 0.]), rgb=array([255., 255., 255.]), text='default text', units='height', win=Window(...), wrapWidth=1)
11.2262 	EXP 	Created polygon2 = ShapeStim(__class__=<class 'psychopy.visual.shape.ShapeStim'>, autoDraw=False, autoLog=True, closeShape=True, contrast=1.0, depth=0.0, fillColor=array([1., 1., 1.]), fillColorSpace='rgb', interpolate=True, lineColor=array([1., 1., 1.]), lineColorSpace='rgb', lineWidth=1, name='polygon2', opacity=1.0, ori=array(0.), pos=array([0., 0.]), size=array([0.05, 0.05]), units='height', vertices=ndarray(...), win=Window(...), windingRule=None)
11.2356 	EXP 	preinstruct_text: autoDraw = True
13.2825 	EXP 	preinstruct_text: autoDraw = False
13.2825 	EXP 	instructFig: autoDraw = True
29.7304 	DATA 	Keypress: 5
29.7393 	EXP 	instructFig: autoDraw = False
29.7393 	EXP 	PrepFixation: autoDraw = True
30.5055 	DATA 	Keypress: 5
31.2888 	DATA 	Keypress: 5
31.7273 	EXP 	Imported TimeVersion14.csv as conditions, 50 conditions, 2 params
31.7276 	EXP 	Created sequence: sequential, trialTypes=50, nReps=1, seed=None
31.7280 	EXP 	New trial (rep=0, index=0): OrderedDict([('Condition', 'SmallReward'), ('FixationDur', 1500)])
31.7559 	EXP 	PrepFixation: autoDraw = False
31.7559 	EXP 	cueImage: image = 'images/WinSmall.bmp'
31.7559 	EXP 	cueImage: autoDraw = True
32.0536 	DATA 	Keypress: 5
32.8386 	DATA 	Keypress: 5
33.6207 	DATA 	Keypress: 5
33.7674 	EXP 	cueImage: autoDraw = False
33.7674 	EXP 	fixation: autoDraw = True
34.3869 	DATA 	Keypress: 5
35.1728 	DATA 	Keypress: 5
35.3179 	EXP 	fixation: autoDraw = False
35.3179 	EXP 	fixation: autoDraw = False
35.3179 	EXP 	Target: image = 'images/WinProbe.bmp'
35.3179 	EXP 	Target: autoDraw = True
35.5724 	DATA 	Keypress: 1
35.6563 	EXP 	Target: autoDraw = False
35.6563 	EXP 	Target: autoDraw = False
35.6563 	EXP 	feedbackMsg: text = 'Correct Response!\n\nYou won $0.20!'
35.6563 	EXP 	feedbackMsg: autoDraw = True
35.9397 	DATA 	Keypress: 5
36.7202 	DATA 	Keypress: 5
37.3539 	EXP 	New trial (rep=0, index=1): OrderedDict([('Condition', 'LgReward'), ('FixationDur', 1500)])
37.3840 	EXP 	feedbackMsg: autoDraw = False
37.3840 	EXP 	feedbackMsg: autoDraw = False
37.3840 	EXP 	cueImage: image = 'images/WinBig.bmp'
37.3840 	EXP 	cueImage: autoDraw = True
37.5041 	DATA 	Keypress: 5
38.2874 	DATA 	Keypress: 5
39.0544 	DATA 	Keypress: 5
39.4182 	EXP 	cueImage: autoDraw = False
39.4182 	EXP 	fixation: autoDraw = True
39.8377 	DATA 	Keypress: 5
40.6231 	DATA 	Keypress: 5
40.9680 	EXP 	fixation: autoDraw = False
40.9680 	EXP 	fixation: autoDraw = False
40.9680 	EXP 	Target: image = 'images/WinProbe.bmp'
40.9680 	EXP 	Target: autoDraw = True
41.2059 	DATA 	Keypress: 1
41.2897 	EXP 	Target: autoDraw = False
41.2897 	EXP 	Target: autoDraw = False
41.2897 	EXP 	feedbackMsg: text = 'Correct Response!\n\nYou won $5.00!'
41.2897 	EXP 	feedbackMsg: autoDraw = True
41.3872 	DATA 	Keypress: 5
42.1720 	DATA 	Keypress: 5
42.9561 	DATA 	Keypress: 5
42.9869 	EXP 	New trial (rep=0, index=2): OrderedDict([('Condition', 'LgReward'), ('FixationDur', 1500)])
43.0010 	EXP 	feedbackMsg: autoDraw = False
43.0010 	EXP 	feedbackMsg: autoDraw = False
43.0010 	EXP 	cueImage: image = 'images/WinBig.bmp'
43.0010 	EXP 	cueImage: autoDraw = True
43.7204 	DATA 	Keypress: 5
44.5047 	DATA 	Keypress: 5
45.0354 	EXP 	cueImage: autoDraw = False
45.0354 	EXP 	cueImage: autoDraw = False
45.0354 	EXP 	fixation: autoDraw = True
45.2896 	DATA 	Keypress: 5
46.0551 	DATA 	Keypress: 5
46.5846 	EXP 	fixation: autoDraw = False
46.5846 	EXP 	fixation: autoDraw = False
46.5846 	EXP 	Target: image = 'images/WinProbe.bmp'
46.5846 	EXP 	Target: autoDraw = True
46.8218 	DATA 	Keypress: 1
46.8378 	DATA 	Keypress: 5
46.9010 	EXP 	Target: autoDraw = False
46.9010 	EXP 	Target: autoDraw = False
46.9010 	EXP 	feedbackMsg: text = 'Correct Response!\n\nYou won $5.00!'
46.9010 	EXP 	feedbackMsg: autoDraw = True
47.6236 	DATA 	Keypress: 5
48.4068 	DATA 	Keypress: 5
48.6037 	EXP 	New trial (rep=0, index=3): OrderedDict([('Condition', 'SmallReward'), ('FixationDur', 4000)])
48.6350 	EXP 	feedbackMsg: autoDraw = False
48.6350 	EXP 	feedbackMsg: autoDraw = False
48.6350 	EXP 	cueImage: image = 'images/WinSmall.bmp'
48.6350 	EXP 	cueImage: autoDraw = True
49.1715 	DATA 	Keypress: 5
49.9561 	DATA 	Keypress: 5
50.6582 	EXP 	cueImage: autoDraw = False
50.6582 	EXP 	fixation: autoDraw = True
50.7226 	DATA 	Keypress: 5
51.5048 	DATA 	Keypress: 5
52.2901 	DATA 	Keypress: 5
53.0560 	DATA 	Keypress: 5
53.8401 	DATA 	Keypress: 5
54.6239 	DATA 	Keypress: 5
54.7187 	EXP 	fixation: autoDraw = False
54.7187 	EXP 	fixation: autoDraw = False
54.7187 	EXP 	Target: image = 'images/WinProbe.bmp'
54.7187 	EXP 	Target: autoDraw = True
54.9836 	DATA 	Keypress: 1
54.9918 	EXP 	Target: autoDraw = False
54.9918 	EXP 	Target: autoDraw = False
54.9918 	EXP 	feedbackMsg: text = 'You pressed too slow!\n\nYou did not win $0.20!'
54.9918 	EXP 	feedbackMsg: autoDraw = True
55.4060 	DATA 	Keypress: 5
56.1711 	DATA 	Keypress: 5
56.7382 	EXP 	New trial (rep=0, index=4): OrderedDict([('Condition', 'LgPun'), ('FixationDur', 1500)])
56.7523 	EXP 	feedbackMsg: autoDraw = False
56.7523 	EXP 	feedbackMsg: autoDraw = False
56.7523 	EXP 	cueImage: image = 'images/LoseBig.bmp'
56.7523 	EXP 	cueImage: autoDraw = True
56.9563 	DATA 	Keypress: 5
57.7400 	DATA 	Keypress: 5
58.5041 	DATA 	Keypress: 5
58.7859 	EXP 	cueImage: autoDraw = False
58.7859 	EXP 	cueImage: autoDraw = False
58.7859 	EXP 	fixation: autoDraw = True
59.2908 	DATA 	Keypress: 5
60.0733 	DATA 	Keypress: 5
60.3198 	EXP 	fixation: autoDraw = False
60.3198 	EXP 	fixation: autoDraw = False
60.3198 	EXP 	Target: image = 'images/LoseProbe.bmp'
60.3198 	EXP 	Target: autoDraw = True
60.5945 	DATA 	Keypress: 1
60.6025 	EXP 	Target: autoDraw = False
60.6025 	EXP 	Target: autoDraw = False
60.6025 	EXP 	feedbackMsg: text = 'You pressed too slow!\n\nYou lost $5.00!'
60.6025 	EXP 	feedbackMsg: autoDraw = True
60.8388 	DATA 	Keypress: 5
61.6229 	DATA 	Keypress: 5
62.3546 	EXP 	New trial (rep=0, index=5): OrderedDict([('Condition', 'LgPun'), ('FixationDur', 1500)])
62.3694 	EXP 	feedbackMsg: autoDraw = False
62.3694 	EXP 	feedbackMsg: autoDraw = False
62.3694 	EXP 	cueImage: image = 'images/LoseBig.bmp'
62.3694 	EXP 	cueImage: autoDraw = True
62.4063 	DATA 	Keypress: 5
63.1727 	DATA 	Keypress: 5
63.9550 	DATA 	Keypress: 5
64.4037 	EXP 	cueImage: autoDraw = False
64.4037 	EXP 	cueImage: autoDraw = False
64.4037 	EXP 	fixation: autoDraw = True
64.7408 	DATA 	Keypress: 5
65.5063 	DATA 	Keypress: 5
65.9365 	EXP 	fixation: autoDraw = False
65.9365 	EXP 	fixation: autoDraw = False
65.9365 	EXP 	Target: image = 'images/LoseProbe.bmp'
65.9365 	EXP 	Target: autoDraw = True
66.2084 	DATA 	Keypress: 1
66.2201 	EXP 	Target: autoDraw = False
66.2201 	EXP 	Target: autoDraw = False
66.2201 	EXP 	feedbackMsg: text = 'You pressed too slow!\n\nYou lost $5.00!'
66.2201 	EXP 	feedbackMsg: autoDraw = True
66.2890 	DATA 	Keypress: 5
67.0737 	DATA 	Keypress: 5
67.8398 	DATA 	Keypress: 5
67.9552 	EXP 	New trial (rep=0, index=6): OrderedDict([('Condition', 'LgReward'), ('FixationDur', 1500)])
67.9863 	EXP 	feedbackMsg: autoDraw = False
67.9863 	EXP 	feedbackMsg: autoDraw = False
67.9863 	EXP 	cueImage: image = 'images/WinBig.bmp'
67.9863 	EXP 	cueImage: autoDraw = True
68.6224 	DATA 	Keypress: 5
69.4070 	DATA 	Keypress: 5
70.0206 	EXP 	cueImage: autoDraw = False
70.0206 	EXP 	fixation: autoDraw = True
70.1737 	DATA 	Keypress: 5
70.9559 	DATA 	Keypress: 5
71.5607 	EXP 	fixation: autoDraw = False
71.5607 	EXP 	fixation: autoDraw = False
71.5607 	EXP 	Target: image = 'images/WinProbe.bmp'
71.5607 	EXP 	Target: autoDraw = True
71.7409 	DATA 	Keypress: 5
71.8508 	DATA 	Keypress: 1
71.8608 	EXP 	Target: autoDraw = False
71.8608 	EXP 	Target: autoDraw = False
71.8608 	EXP 	feedbackMsg: text = 'You pressed too slow!\n\nYou did not win $5.00!'
71.8608 	EXP 	feedbackMsg: autoDraw = True
72.5071 	DATA 	Keypress: 5
73.2903 	DATA 	Keypress: 5
73.5892 	EXP 	New trial (rep=0, index=7): OrderedDict([('Condition', 'SmallPun'), ('FixationDur', 3500)])
73.6038 	EXP 	feedbackMsg: autoDraw = False
73.6038 	EXP 	feedbackMsg: autoDraw = False
73.6038 	EXP 	cueImage: image = 'images/LoseSmall.bmp'
73.6038 	EXP 	cueImage: autoDraw = True
74.0729 	DATA 	Keypress: 5
74.8571 	DATA 	Keypress: 5
75.6244 	DATA 	Keypress: 5
75.6378 	EXP 	cueImage: autoDraw = False
75.6378 	EXP 	cueImage: autoDraw = False
75.6378 	EXP 	fixation: autoDraw = True
76.4076 	DATA 	Keypress: 5
77.1915 	DATA 	Keypress: 5
77.9558 	DATA 	Keypress: 5
78.7415 	DATA 	Keypress: 5
79.1707 	EXP 	fixation: autoDraw = False
79.1707 	EXP 	fixation: autoDraw = False
79.1707 	EXP 	Target: image = 'images/LoseProbe.bmp'
79.1707 	EXP 	Target: autoDraw = True
79.4066 	DATA 	Keypress: 1
79.4712 	EXP 	Target: autoDraw = False
79.4712 	EXP 	Target: autoDraw = False
79.4712 	EXP 	feedbackMsg: text = 'Correct Response!\n\nYou did not lose $0.20!'
79.4712 	EXP 	feedbackMsg: autoDraw = True
79.5244 	DATA 	Keypress: 5
80.2901 	DATA 	Keypress: 5
81.0745 	DATA 	Keypress: 5
81.2052 	EXP 	New trial (rep=0, index=8): OrderedDict([('Condition', 'LgReward'), ('FixationDur', 4000)])
81.2458 	EXP 	feedbackMsg: autoDraw = False
81.2458 	EXP 	feedbackMsg: autoDraw = False
81.2458 	EXP 	cueImage: image = 'images/WinBig.bmp'
81.2458 	EXP 	cueImage: autoDraw = True
81.8581 	DATA 	Keypress: 5
82.6232 	DATA 	Keypress: 5
83.2620 	EXP 	cueImage: autoDraw = False
83.2620 	EXP 	fixation: autoDraw = True
83.4073 	DATA 	Keypress: 5
84.1920 	DATA 	Keypress: 5
84.9580 	DATA 	Keypress: 5
85.7409 	DATA 	Keypress: 5
86.5261 	DATA 	Keypress: 5
87.3088 	DATA 	Keypress: 5
87.3213 	EXP 	fixation: autoDraw = False
87.3213 	EXP 	fixation: autoDraw = False
87.3213 	EXP 	Target: image = 'images/WinProbe.bmp'
87.3213 	EXP 	Target: autoDraw = True
87.5560 	DATA 	Keypress: 1
87.6212 	EXP 	Target: autoDraw = False
87.6212 	EXP 	Target: autoDraw = False
87.6212 	EXP 	feedbackMsg: text = 'Correct Response!\n\nYou won $5.00!'
87.6212 	EXP 	feedbackMsg: autoDraw = True
88.0739 	DATA 	Keypress: 5
88.8585 	DATA 	Keypress: 5
89.3566 	EXP 	New trial (rep=0, index=9): OrderedDict([('Condition', 'LgPun'), ('FixationDur', 2500)])
89.3716 	EXP 	feedbackMsg: autoDraw = False
89.3716 	EXP 	feedbackMsg: autoDraw = False
89.3716 	EXP 	cueImage: image = 'images/LoseBig.bmp'
89.3716 	EXP 	cueImage: autoDraw = True
89.6244 	DATA 	Keypress: 5
90.4074 	DATA 	Keypress: 5
91.1922 	DATA 	Keypress: 5
91.3968 	EXP 	cueImage: autoDraw = False
91.3968 	EXP 	cueImage: autoDraw = False
91.3968 	EXP 	fixation: autoDraw = True
91.9585 	DATA 	Keypress: 5
92.7409 	DATA 	Keypress: 5
93.5248 	DATA 	Keypress: 5
93.9380 	EXP 	fixation: autoDraw = False
93.9380 	EXP 	fixation: autoDraw = False
93.9380 	EXP 	Target: image = 'images/LoseProbe.bmp'
93.9380 	EXP 	Target: autoDraw = True
94.1903 	DATA 	Keypress: 1
94.2721 	EXP 	Target: autoDraw = False
94.2721 	EXP 	Target: autoDraw = False
94.2721 	EXP 	feedbackMsg: text = 'Correct Response!\n\nYou did not lose $5.00!'
94.2721 	EXP 	feedbackMsg: autoDraw = True
94.2922 	DATA 	Keypress: 5
95.0747 	DATA 	Keypress: 5
95.8585 	DATA 	Keypress: 5
95.9570 	EXP 	New trial (rep=0, index=10): OrderedDict([('Condition', 'SmallPun'), ('FixationDur', 1500)])
95.9717 	EXP 	feedbackMsg: autoDraw = False
95.9717 	EXP 	feedbackMsg: autoDraw = False
95.9717 	EXP 	cueImage: image = 'images/LoseSmall.bmp'
95.9717 	EXP 	cueImage: autoDraw = True
96.6423 	DATA 	Keypress: 5
97.4069 	DATA 	Keypress: 5
97.9971 	EXP 	cueImage: autoDraw = False
97.9971 	EXP 	cueImage: autoDraw = False
97.9971 	EXP 	fixation: autoDraw = True
98.1930 	DATA 	Keypress: 5
98.9761 	DATA 	Keypress: 5
99.5389 	EXP 	fixation: autoDraw = False
99.5389 	EXP 	fixation: autoDraw = False
99.5389 	EXP 	Target: image = 'images/LoseProbe.bmp'
99.5389 	EXP 	Target: autoDraw = True
99.7407 	DATA 	Keypress: 5
99.8086 	DATA 	Keypress: 1
99.8714 	EXP 	Target: autoDraw = False
99.8714 	EXP 	Target: autoDraw = False
99.8714 	EXP 	feedbackMsg: text = 'Correct Response!\n\nYou did not lose $0.20!'
99.8714 	EXP 	feedbackMsg: autoDraw = True
100.5267 	DATA 	Keypress: 5
101.3094 	DATA 	Keypress: 5
101.5574 	EXP 	New trial (rep=0, index=11): OrderedDict([('Condition', 'SmallPun'), ('FixationDur', 1500)])
101.5718 	EXP 	feedbackMsg: autoDraw = False
101.5718 	EXP 	feedbackMsg: autoDraw = False
101.5718 	EXP 	cueImage: image = 'images/LoseSmall.bmp'
101.5718 	EXP 	cueImage: autoDraw = True
102.0746 	DATA 	Keypress: 5
102.8584 	DATA 	Keypress: 5
103.5980 	EXP 	cueImage: autoDraw = False
103.5980 	EXP 	cueImage: autoDraw = False
103.5980 	EXP 	fixation: autoDraw = True
103.6431 	DATA 	Keypress: 5
104.4073 	DATA 	Keypress: 5
105.1389 	EXP 	fixation: autoDraw = False
105.1389 	EXP 	fixation: autoDraw = False
105.1389 	EXP 	Target: image = 'images/LoseProbe.bmp'
105.1389 	EXP 	Target: autoDraw = True
105.1930 	DATA 	Keypress: 5
105.3924 	DATA 	Keypress: 1
105.4650 	EXP 	Target: autoDraw = False
105.4650 	EXP 	Target: autoDraw = False
105.4650 	EXP 	feedbackMsg: text = 'Correct Response!\n\nYou did not lose $0.20!'
105.4650 	EXP 	feedbackMsg: autoDraw = True
105.9761 	DATA 	Keypress: 5
106.7426 	DATA 	Keypress: 5
107.1578 	EXP 	New trial (rep=0, index=12): OrderedDict([('Condition', 'LgPun'), ('FixationDur', 1500)])
107.1725 	EXP 	feedbackMsg: autoDraw = False
107.1725 	EXP 	feedbackMsg: autoDraw = False
107.1725 	EXP 	cueImage: image = 'images/LoseBig.bmp'
107.1725 	EXP 	cueImage: autoDraw = True
107.5245 	DATA 	Keypress: 5
108.3101 	DATA 	Keypress: 5
109.0754 	DATA 	Keypress: 5
109.1992 	EXP 	cueImage: autoDraw = False
109.1992 	EXP 	cueImage: autoDraw = False
109.1992 	EXP 	fixation: autoDraw = True
109.8600 	DATA 	Keypress: 5
110.6433 	DATA 	Keypress: 5
110.7395 	EXP 	fixation: autoDraw = False
110.7395 	EXP 	fixation: autoDraw = False
110.7395 	EXP 	Target: image = 'images/LoseProbe.bmp'
110.7395 	EXP 	Target: autoDraw = True
110.9753 	DATA 	Keypress: 1
111.0402 	EXP 	Target: autoDraw = False
111.0402 	EXP 	Target: autoDraw = False
111.0402 	EXP 	feedbackMsg: text = 'Correct Response!\n\nYou did not lose $5.00!'
111.0402 	EXP 	feedbackMsg: autoDraw = True
111.4088 	DATA 	Keypress: 5
112.1920 	DATA 	Keypress: 5
112.7579 	EXP 	New trial (rep=0, index=13): OrderedDict([('Condition', 'Triangle'), ('FixationDur', 1500)])
112.7726 	EXP 	feedbackMsg: autoDraw = False
112.7726 	EXP 	feedbackMsg: autoDraw = False
112.7726 	EXP 	cueImage: image = 'images/Neutral.bmp'
112.7726 	EXP 	cueImage: autoDraw = True
112.9768 	DATA 	Keypress: 5
113.7600 	DATA 	Keypress: 5
114.5253 	DATA 	Keypress: 5
114.7993 	EXP 	cueImage: autoDraw = False
114.7993 	EXP 	cueImage: autoDraw = False
114.7993 	EXP 	fixation: autoDraw = True
115.3111 	DATA 	Keypress: 5
116.0946 	DATA 	Keypress: 5
116.3346 	EXP 	fixation: autoDraw = False
116.3346 	EXP 	fixation: autoDraw = False
116.3346 	EXP 	Target: image = 'images/NeutralProbe.bmp'
116.3346 	EXP 	Target: autoDraw = True
116.6498 	EXP 	Target: autoDraw = False
116.6498 	EXP 	Target: autoDraw = False
116.6498 	EXP 	feedbackMsg: text = 'You pressed too slow!\n\nYou did not win or lose anything!'
116.6498 	EXP 	feedbackMsg: autoDraw = True
116.8597 	DATA 	Keypress: 5
117.6444 	DATA 	Keypress: 5
118.3589 	EXP 	New trial (rep=0, index=14): OrderedDict([('Condition', 'SmallPun'), ('FixationDur', 1500)])
118.3730 	EXP 	feedbackMsg: autoDraw = False
118.3730 	EXP 	feedbackMsg: autoDraw = False
118.3730 	EXP 	cueImage: image = 'images/LoseSmall.bmp'
118.3730 	EXP 	cueImage: autoDraw = True
118.4258 	DATA 	Keypress: 5
119.1919 	DATA 	Keypress: 5
119.9763 	DATA 	Keypress: 5
120.4003 	EXP 	cueImage: autoDraw = False
120.4003 	EXP 	cueImage: autoDraw = False
120.4003 	EXP 	fixation: autoDraw = True
120.7612 	DATA 	Keypress: 5
121.5256 	DATA 	Keypress: 5
121.9401 	EXP 	fixation: autoDraw = False
121.9401 	EXP 	fixation: autoDraw = False
121.9401 	EXP 	Target: image = 'images/LoseProbe.bmp'
121.9401 	EXP 	Target: autoDraw = True
122.2403 	EXP 	Target: autoDraw = False
122.2403 	EXP 	Target: autoDraw = False
122.2403 	EXP 	feedbackMsg: text = 'You pressed too slow!\n\nYou lost $0.20!'
122.2403 	EXP 	feedbackMsg: autoDraw = True
122.3107 	DATA 	Keypress: 5
123.0940 	DATA 	Keypress: 5
123.8600 	DATA 	Keypress: 5
123.9590 	EXP 	New trial (rep=0, index=15): OrderedDict([('Condition', 'SmallPun'), ('FixationDur', 2000)])
123.9730 	EXP 	feedbackMsg: autoDraw = False
123.9730 	EXP 	feedbackMsg: autoDraw = False
123.9730 	EXP 	cueImage: image = 'images/LoseSmall.bmp'
123.9730 	EXP 	cueImage: autoDraw = True
124.6427 	DATA 	Keypress: 5
125.4278 	DATA 	Keypress: 5
126.0013 	EXP 	cueImage: autoDraw = False
126.0013 	EXP 	cueImage: autoDraw = False
126.0013 	EXP 	fixation: autoDraw = True
126.1936 	DATA 	Keypress: 5
126.9771 	DATA 	Keypress: 5
127.7619 	DATA 	Keypress: 5
128.0360 	EXP 	fixation: autoDraw = False
128.0360 	EXP 	fixation: autoDraw = False
128.0360 	EXP 	Target: image = 'images/LoseProbe.bmp'
128.0360 	EXP 	Target: autoDraw = True
128.2769 	DATA 	Keypress: 1
128.3408 	EXP 	Target: autoDraw = False
128.3408 	EXP 	Target: autoDraw = False
128.3408 	EXP 	feedbackMsg: text = 'Correct Response!\n\nYou did not lose $0.20!'
128.3408 	EXP 	feedbackMsg: autoDraw = True
128.5268 	DATA 	Keypress: 5
129.3101 	DATA 	Keypress: 5
130.0592 	EXP 	New trial (rep=0, index=16): OrderedDict([('Condition', 'LgReward'), ('FixationDur', 3500)])
130.0854 	EXP 	feedbackMsg: autoDraw = False
130.0854 	EXP 	feedbackMsg: autoDraw = False
130.0854 	EXP 	cueImage: image = 'images/WinBig.bmp'
130.0854 	EXP 	cueImage: autoDraw = True
130.0898 	DATA 	Keypress: 5
130.8600 	DATA 	Keypress: 5
131.6444 	DATA 	Keypress: 5
132.1188 	EXP 	cueImage: autoDraw = False
132.1188 	EXP 	fixation: autoDraw = True
132.4292 	DATA 	Keypress: 5
133.1941 	DATA 	Keypress: 5
133.9769 	DATA 	Keypress: 5
134.7622 	DATA 	Keypress: 5
135.5278 	DATA 	Keypress: 5
135.6739 	EXP 	fixation: autoDraw = False
135.6739 	EXP 	fixation: autoDraw = False
135.6739 	EXP 	Target: image = 'images/WinProbe.bmp'
135.6739 	EXP 	Target: autoDraw = True
135.9511 	DATA 	Keypress: 1
135.9581 	EXP 	Target: autoDraw = False
135.9581 	EXP 	Target: autoDraw = False
135.9581 	EXP 	feedbackMsg: text = 'You pressed too slow!\n\nYou did not win $5.00!'
135.9581 	EXP 	feedbackMsg: autoDraw = True
136.3110 	DATA 	Keypress: 5
137.0948 	DATA 	Keypress: 5
137.7099 	EXP 	New trial (rep=0, index=17): OrderedDict([('Condition', 'LgReward'), ('FixationDur', 3000)])
137.7370 	EXP 	feedbackMsg: autoDraw = False
137.7370 	EXP 	feedbackMsg: autoDraw = False
137.7370 	EXP 	cueImage: image = 'images/WinBig.bmp'
137.7370 	EXP 	cueImage: autoDraw = True
137.8780 	DATA 	Keypress: 5
138.6428 	DATA 	Keypress: 5
139.4286 	DATA 	Keypress: 5
139.7701 	EXP 	cueImage: autoDraw = False
139.7701 	EXP 	fixation: autoDraw = True
140.2113 	DATA 	Keypress: 5
140.9771 	DATA 	Keypress: 5
141.7614 	DATA 	Keypress: 5
142.5458 	DATA 	Keypress: 5
142.8201 	EXP 	fixation: autoDraw = False
142.8201 	EXP 	fixation: autoDraw = False
142.8201 	EXP 	Target: image = 'images/WinProbe.bmp'
142.8201 	EXP 	Target: autoDraw = True
143.0871 	DATA 	Keypress: 1
143.1032 	EXP 	Target: autoDraw = False
143.1032 	EXP 	Target: autoDraw = False
143.1032 	EXP 	feedbackMsg: text = 'You pressed too slow!\n\nYou did not win $5.00!'
143.1032 	EXP 	feedbackMsg: autoDraw = True
143.3105 	DATA 	Keypress: 5
144.0960 	DATA 	Keypress: 5
144.8436 	EXP 	New trial (rep=0, index=18): OrderedDict([('Condition', 'SmallReward'), ('FixationDur', 3500)])
144.8581 	EXP 	feedbackMsg: autoDraw = False
144.8581 	EXP 	feedbackMsg: autoDraw = False
144.8581 	EXP 	cueImage: image = 'images/WinSmall.bmp'
144.8581 	EXP 	cueImage: autoDraw = True
144.8776 	DATA 	Keypress: 5
145.6433 	DATA 	Keypress: 5
146.4279 	DATA 	Keypress: 5
146.8882 	EXP 	cueImage: autoDraw = False
146.8882 	EXP 	cueImage: autoDraw = False
146.8882 	EXP 	fixation: autoDraw = True
147.2087 	DATA 	Keypress: 5
147.9783 	DATA 	Keypress: 5
148.7615 	DATA 	Keypress: 5
149.5464 	DATA 	Keypress: 5
150.3122 	DATA 	Keypress: 5
150.4383 	EXP 	fixation: autoDraw = False
150.4383 	EXP 	fixation: autoDraw = False
150.4383 	EXP 	Target: image = 'images/WinProbe.bmp'
150.4383 	EXP 	Target: autoDraw = True
150.7171 	DATA 	Keypress: 1
150.7253 	EXP 	Target: autoDraw = False
150.7253 	EXP 	Target: autoDraw = False
150.7253 	EXP 	feedbackMsg: text = 'You pressed too slow!\n\nYou did not win $0.20!'
150.7253 	EXP 	feedbackMsg: autoDraw = True
151.0955 	DATA 	Keypress: 5
151.8798 	DATA 	Keypress: 5
152.4764 	EXP 	New trial (rep=0, index=19): OrderedDict([('Condition', 'Triangle'), ('FixationDur', 3500)])
152.4920 	EXP 	feedbackMsg: autoDraw = False
152.4920 	EXP 	feedbackMsg: autoDraw = False
152.4920 	EXP 	cueImage: image = 'images/Neutral.bmp'
152.4920 	EXP 	cueImage: autoDraw = True
152.6449 	DATA 	Keypress: 5
153.4272 	DATA 	Keypress: 5
154.2127 	DATA 	Keypress: 5
154.5221 	EXP 	cueImage: autoDraw = False
154.5221 	EXP 	cueImage: autoDraw = False
154.5221 	EXP 	fixation: autoDraw = True
154.9924 	DATA 	Keypress: 5
155.7614 	DATA 	Keypress: 5
156.5468 	DATA 	Keypress: 5
157.3127 	DATA 	Keypress: 5
158.0552 	EXP 	fixation: autoDraw = False
158.0552 	EXP 	fixation: autoDraw = False
158.0552 	EXP 	Target: image = 'images/NeutralProbe.bmp'
158.0552 	EXP 	Target: autoDraw = True
158.0911 	DATA 	Keypress: 5
158.2761 	DATA 	Keypress: 1
158.3725 	EXP 	Target: autoDraw = False
158.3725 	EXP 	Target: autoDraw = False
158.3725 	EXP 	feedbackMsg: text = 'Correct Response!\n\nYou did not win or lose anything!'
158.3725 	EXP 	feedbackMsg: autoDraw = True
158.8804 	DATA 	Keypress: 5
159.6466 	DATA 	Keypress: 5
160.0778 	EXP 	New trial (rep=0, index=20): OrderedDict([('Condition', 'SmallPun'), ('FixationDur', 1500)])
160.0925 	EXP 	feedbackMsg: autoDraw = False
160.0925 	EXP 	feedbackMsg: autoDraw = False
160.0925 	EXP 	cueImage: image = 'images/LoseSmall.bmp'
160.0925 	EXP 	cueImage: autoDraw = True
160.4285 	DATA 	Keypress: 5
161.2119 	DATA 	Keypress: 5
161.9968 	DATA 	Keypress: 5
162.1227 	EXP 	cueImage: autoDraw = False
162.1227 	EXP 	cueImage: autoDraw = False
162.1227 	EXP 	fixation: autoDraw = True
162.7594 	DATA 	Keypress: 5
163.5435 	DATA 	Keypress: 5
163.6560 	EXP 	fixation: autoDraw = False
163.6560 	EXP 	fixation: autoDraw = False
163.6560 	EXP 	Target: image = 'images/LoseProbe.bmp'
163.6560 	EXP 	Target: autoDraw = True
163.9730 	EXP 	Target: autoDraw = False
163.9730 	EXP 	Target: autoDraw = False
163.9730 	EXP 	feedbackMsg: text = 'You pressed too slow!\n\nYou lost $0.20!'
163.9730 	EXP 	feedbackMsg: autoDraw = True
164.1096 	DATA 	Keypress: 1
164.3265 	DATA 	Keypress: 5
165.0931 	DATA 	Keypress: 5
165.6768 	EXP 	New trial (rep=0, index=21): OrderedDict([('Condition', 'SmallReward'), ('FixationDur', 1500)])
165.7060 	EXP 	feedbackMsg: autoDraw = False
165.7060 	EXP 	feedbackMsg: autoDraw = False
165.7060 	EXP 	cueImage: image = 'images/WinSmall.bmp'
165.7060 	EXP 	cueImage: autoDraw = True
165.8761 	DATA 	Keypress: 5
166.6601 	DATA 	Keypress: 5
167.4433 	DATA 	Keypress: 5
167.7406 	EXP 	cueImage: autoDraw = False
167.7406 	EXP 	fixation: autoDraw = True
168.2098 	DATA 	Keypress: 5
168.9944 	DATA 	Keypress: 5
169.2898 	EXP 	fixation: autoDraw = False
169.2898 	EXP 	fixation: autoDraw = False
169.2898 	EXP 	Target: image = 'images/WinProbe.bmp'
169.2898 	EXP 	Target: autoDraw = True
169.5098 	DATA 	Keypress: 1
169.6067 	EXP 	Target: autoDraw = False
169.6067 	EXP 	Target: autoDraw = False
169.6067 	EXP 	feedbackMsg: text = 'Correct Response!\n\nYou won $0.20!'
169.6067 	EXP 	feedbackMsg: autoDraw = True
169.7768 	DATA 	Keypress: 5
170.5428 	DATA 	Keypress: 5
171.3251 	EXP 	New trial (rep=0, index=22): OrderedDict([('Condition', 'LgPun'), ('FixationDur', 1500)])
171.3326 	DATA 	Keypress: 5
171.3402 	EXP 	feedbackMsg: autoDraw = False
171.3402 	EXP 	feedbackMsg: autoDraw = False
171.3402 	EXP 	cueImage: image = 'images/LoseBig.bmp'
171.3402 	EXP 	cueImage: autoDraw = True
172.1104 	DATA 	Keypress: 5
172.8805 	DATA 	Keypress: 5
173.3741 	EXP 	cueImage: autoDraw = False
173.3741 	EXP 	fixation: autoDraw = True
173.6613 	DATA 	Keypress: 5
174.4299 	DATA 	Keypress: 5
174.9078 	EXP 	fixation: autoDraw = False
174.9078 	EXP 	fixation: autoDraw = False
174.9078 	EXP 	Target: image = 'images/LoseProbe.bmp'
174.9078 	EXP 	Target: autoDraw = True
175.1447 	DATA 	Keypress: 1
175.2189 	DATA 	Keypress: 5
175.2243 	EXP 	Target: autoDraw = False
175.2243 	EXP 	Target: autoDraw = False
175.2243 	EXP 	feedbackMsg: text = 'Correct Response!\n\nYou did not lose $5.00!'
175.2243 	EXP 	feedbackMsg: autoDraw = True
175.9979 	DATA 	Keypress: 5
176.7639 	DATA 	Keypress: 5
176.9288 	EXP 	New trial (rep=0, index=23): OrderedDict([('Condition', 'Triangle'), ('FixationDur', 3000)])
176.9435 	EXP 	feedbackMsg: autoDraw = False
176.9435 	EXP 	feedbackMsg: autoDraw = False
176.9435 	EXP 	cueImage: image = 'images/Neutral.bmp'
176.9435 	EXP 	cueImage: autoDraw = True
177.5465 	DATA 	Keypress: 5
178.3304 	DATA 	Keypress: 5
178.9746 	EXP 	cueImage: autoDraw = False
178.9746 	EXP 	cueImage: autoDraw = False
178.9746 	EXP 	fixation: autoDraw = True
179.0973 	DATA 	Keypress: 5
179.8796 	DATA 	Keypress: 5
180.6650 	DATA 	Keypress: 5
181.4483 	DATA 	Keypress: 5
182.0085 	EXP 	fixation: autoDraw = False
182.0085 	EXP 	fixation: autoDraw = False
182.0085 	EXP 	Target: image = 'images/NeutralProbe.bmp'
182.0085 	EXP 	Target: autoDraw = True
182.2135 	DATA 	Keypress: 5
182.3603 	EXP 	Target: autoDraw = False
182.3603 	EXP 	Target: autoDraw = False
182.3603 	EXP 	feedbackMsg: text = 'You pressed too slow!\n\nYou did not win or lose anything!'
182.3603 	EXP 	feedbackMsg: autoDraw = True
182.9971 	DATA 	Keypress: 5
183.7821 	DATA 	Keypress: 5
184.0295 	EXP 	New trial (rep=0, index=24): OrderedDict([('Condition', 'Triangle'), ('FixationDur', 1500)])
184.0440 	EXP 	feedbackMsg: autoDraw = False
184.0440 	EXP 	feedbackMsg: autoDraw = False
184.0440 	EXP 	cueImage: image = 'images/Neutral.bmp'
184.0440 	EXP 	cueImage: autoDraw = True
184.5459 	DATA 	Keypress: 5
185.3314 	DATA 	Keypress: 5
186.0754 	EXP 	cueImage: autoDraw = False
186.0754 	EXP 	cueImage: autoDraw = False
186.0754 	EXP 	fixation: autoDraw = True
186.1145 	DATA 	Keypress: 5
186.8800 	DATA 	Keypress: 5
187.6093 	EXP 	fixation: autoDraw = False
187.6093 	EXP 	fixation: autoDraw = False
187.6093 	EXP 	Target: image = 'images/NeutralProbe.bmp'
187.6093 	EXP 	Target: autoDraw = True
187.6643 	DATA 	Keypress: 5
187.8974 	DATA 	Keypress: 1
187.9608 	EXP 	Target: autoDraw = False
187.9608 	EXP 	Target: autoDraw = False
187.9608 	EXP 	feedbackMsg: text = 'Correct Response!\n\nYou did not win or lose anything!'
187.9608 	EXP 	feedbackMsg: autoDraw = True
188.4487 	DATA 	Keypress: 5
189.2146 	DATA 	Keypress: 5
189.6298 	EXP 	New trial (rep=0, index=25): OrderedDict([('Condition', 'SmallPun'), ('FixationDur', 3000)])
189.6443 	EXP 	feedbackMsg: autoDraw = False
189.6443 	EXP 	feedbackMsg: autoDraw = False
189.6443 	EXP 	cueImage: image = 'images/LoseSmall.bmp'
189.6443 	EXP 	cueImage: autoDraw = True
189.9968 	DATA 	Keypress: 5
190.7805 	DATA 	Keypress: 5
191.5479 	DATA 	Keypress: 5
191.6763 	EXP 	cueImage: autoDraw = False
191.6763 	EXP 	cueImage: autoDraw = False
191.6763 	EXP 	fixation: autoDraw = True
192.3312 	DATA 	Keypress: 5
193.1161 	DATA 	Keypress: 5
193.8813 	DATA 	Keypress: 5
194.7018 	DATA 	Keypress: 5
194.7099 	EXP 	fixation: autoDraw = False
194.7099 	EXP 	fixation: autoDraw = False
194.7099 	EXP 	Target: image = 'images/LoseProbe.bmp'
194.7099 	EXP 	Target: autoDraw = True
194.9822 	DATA 	Keypress: 1
195.0600 	EXP 	Target: autoDraw = False
195.0600 	EXP 	Target: autoDraw = False
195.0600 	EXP 	feedbackMsg: text = 'Correct Response!\n\nYou did not lose $0.20!'
195.0600 	EXP 	feedbackMsg: autoDraw = True
195.4487 	DATA 	Keypress: 5
196.2144 	DATA 	Keypress: 5
196.7300 	EXP 	New trial (rep=0, index=26): OrderedDict([('Condition', 'SmallReward'), ('FixationDur', 2000)])
196.7599 	EXP 	feedbackMsg: autoDraw = False
196.7599 	EXP 	feedbackMsg: autoDraw = False
196.7599 	EXP 	cueImage: image = 'images/WinSmall.bmp'
196.7599 	EXP 	cueImage: autoDraw = True
196.9975 	DATA 	Keypress: 5
197.7821 	DATA 	Keypress: 5
198.5481 	DATA 	Keypress: 5
198.7943 	EXP 	cueImage: autoDraw = False
198.7943 	EXP 	fixation: autoDraw = True
199.0831 	DATA 	Keypress: 1
199.3307 	DATA 	Keypress: 5
200.1161 	DATA 	Keypress: 5
200.8277 	EXP 	fixation: autoDraw = False
200.8277 	EXP 	fixation: autoDraw = False
200.8277 	EXP 	Target: image = 'images/WinProbe.bmp'
200.8277 	EXP 	Target: autoDraw = True
200.8996 	DATA 	Keypress: 5
201.1780 	EXP 	Target: autoDraw = False
201.1780 	EXP 	Target: autoDraw = False
201.1780 	EXP 	feedbackMsg: text = 'You pressed too soon!\n\nYou did not win $0.20!'
201.1780 	EXP 	feedbackMsg: autoDraw = True
201.6650 	DATA 	Keypress: 5
202.4493 	DATA 	Keypress: 5
202.8460 	EXP 	New trial (rep=0, index=27): OrderedDict([('Condition', 'SmallPun'), ('FixationDur', 4000)])
202.8621 	EXP 	feedbackMsg: autoDraw = False
202.8621 	EXP 	feedbackMsg: autoDraw = False
202.8621 	EXP 	cueImage: image = 'images/LoseSmall.bmp'
202.8621 	EXP 	cueImage: autoDraw = True
203.2320 	DATA 	Keypress: 5
203.9971 	DATA 	Keypress: 5
204.7817 	DATA 	Keypress: 5
204.8952 	EXP 	cueImage: autoDraw = False
204.8952 	EXP 	fixation: autoDraw = True
205.5673 	DATA 	Keypress: 5
206.3309 	DATA 	Keypress: 5
207.1169 	DATA 	Keypress: 5
207.9007 	DATA 	Keypress: 5
208.6650 	DATA 	Keypress: 5
208.9282 	EXP 	fixation: autoDraw = False
208.9282 	EXP 	fixation: autoDraw = False
208.9282 	EXP 	Target: image = 'images/LoseProbe.bmp'
208.9282 	EXP 	Target: autoDraw = True
209.1826 	DATA 	Keypress: 1
209.2954 	EXP 	Target: autoDraw = False
209.2954 	EXP 	Target: autoDraw = False
209.2954 	EXP 	feedbackMsg: text = 'Correct Response!\n\nYou did not lose $0.20!'
209.2954 	EXP 	feedbackMsg: autoDraw = True
209.4494 	DATA 	Keypress: 5
210.2326 	DATA 	Keypress: 5
210.9483 	EXP 	New trial (rep=0, index=28): OrderedDict([('Condition', 'LgReward'), ('FixationDur', 2000)])
210.9787 	EXP 	feedbackMsg: autoDraw = False
210.9787 	EXP 	feedbackMsg: autoDraw = False
210.9787 	EXP 	cueImage: image = 'images/WinBig.bmp'
210.9787 	EXP 	cueImage: autoDraw = True
210.9983 	DATA 	Keypress: 5
211.7824 	DATA 	Keypress: 5
212.5661 	DATA 	Keypress: 5
213.0126 	EXP 	cueImage: autoDraw = False
213.0126 	EXP 	fixation: autoDraw = True
213.3317 	DATA 	Keypress: 5
214.1162 	DATA 	Keypress: 5
214.9008 	DATA 	Keypress: 5
215.0627 	EXP 	fixation: autoDraw = False
215.0627 	EXP 	fixation: autoDraw = False
215.0627 	EXP 	Target: image = 'images/WinProbe.bmp'
215.0627 	EXP 	Target: autoDraw = True
215.2995 	DATA 	Keypress: 1
215.3956 	EXP 	Target: autoDraw = False
215.3956 	EXP 	Target: autoDraw = False
215.3956 	EXP 	feedbackMsg: text = 'Correct Response!\n\nYou won $5.00!'
215.3956 	EXP 	feedbackMsg: autoDraw = True
215.6660 	DATA 	Keypress: 5
216.4487 	DATA 	Keypress: 5
217.0803 	EXP 	New trial (rep=0, index=29): OrderedDict([('Condition', 'SmallReward'), ('FixationDur', 1500)])
217.1131 	EXP 	feedbackMsg: autoDraw = False
217.1131 	EXP 	feedbackMsg: autoDraw = False
217.1131 	EXP 	cueImage: image = 'images/WinSmall.bmp'
217.1131 	EXP 	cueImage: autoDraw = True
217.2336 	DATA 	Keypress: 5
217.9993 	DATA 	Keypress: 5
218.7824 	DATA 	Keypress: 5
219.1466 	EXP 	cueImage: autoDraw = False
219.1466 	EXP 	fixation: autoDraw = True
219.5677 	DATA 	Keypress: 5
220.3333 	DATA 	Keypress: 5
220.6965 	EXP 	fixation: autoDraw = False
220.6965 	EXP 	fixation: autoDraw = False
220.6965 	EXP 	Target: image = 'images/WinProbe.bmp'
220.6965 	EXP 	Target: autoDraw = True
221.0283 	DATA 	Keypress: 1
221.0466 	EXP 	Target: autoDraw = False
221.0466 	EXP 	Target: autoDraw = False
221.0466 	EXP 	feedbackMsg: text = 'You pressed too slow!\n\nYou did not win $0.20!'
221.0466 	EXP 	feedbackMsg: autoDraw = True
221.1166 	DATA 	Keypress: 5
221.9009 	DATA 	Keypress: 5
222.6844 	DATA 	Keypress: 5
222.7152 	EXP 	New trial (rep=0, index=30): OrderedDict([('Condition', 'LgReward'), ('FixationDur', 1500)])
222.7459 	EXP 	feedbackMsg: autoDraw = False
222.7459 	EXP 	feedbackMsg: autoDraw = False
222.7459 	EXP 	cueImage: image = 'images/WinBig.bmp'
222.7459 	EXP 	cueImage: autoDraw = True
223.4496 	DATA 	Keypress: 5
224.2337 	DATA 	Keypress: 5
224.7806 	EXP 	cueImage: autoDraw = False
224.7806 	EXP 	fixation: autoDraw = True
225.0183 	DATA 	Keypress: 5
225.7826 	DATA 	Keypress: 5
226.3301 	EXP 	fixation: autoDraw = False
226.3301 	EXP 	fixation: autoDraw = False
226.3301 	EXP 	Target: image = 'images/WinProbe.bmp'
226.3301 	EXP 	Target: autoDraw = True
226.5658 	DATA 	Keypress: 5
226.5825 	DATA 	Keypress: 1
226.6628 	EXP 	Target: autoDraw = False
226.6628 	EXP 	Target: autoDraw = False
226.6628 	EXP 	feedbackMsg: text = 'Correct Response!\n\nYou won $5.00!'
226.6628 	EXP 	feedbackMsg: autoDraw = True
227.3508 	DATA 	Keypress: 5
228.1163 	DATA 	Keypress: 5
228.3489 	EXP 	New trial (rep=0, index=31): OrderedDict([('Condition', 'SmallReward'), ('FixationDur', 2000)])
228.3798 	EXP 	feedbackMsg: autoDraw = False
228.3798 	EXP 	feedbackMsg: autoDraw = False
228.3798 	EXP 	cueImage: image = 'images/WinSmall.bmp'
228.3798 	EXP 	cueImage: autoDraw = True
228.9004 	DATA 	Keypress: 5
229.6844 	DATA 	Keypress: 5
230.4138 	EXP 	cueImage: autoDraw = False
230.4138 	EXP 	fixation: autoDraw = True
230.4497 	DATA 	Keypress: 5
231.2349 	DATA 	Keypress: 5
232.0188 	DATA 	Keypress: 5
232.4805 	EXP 	fixation: autoDraw = False
232.4805 	EXP 	fixation: autoDraw = False
232.4805 	EXP 	Target: image = 'images/WinProbe.bmp'
232.4805 	EXP 	Target: autoDraw = True
232.7348 	DATA 	Keypress: 1
232.7935 	DATA 	Keypress: 5
232.7988 	EXP 	Target: autoDraw = False
232.7988 	EXP 	Target: autoDraw = False
232.7988 	EXP 	feedbackMsg: text = 'Correct Response!\n\nYou won $0.20!'
232.7988 	EXP 	feedbackMsg: autoDraw = True
233.5669 	DATA 	Keypress: 5
234.3523 	DATA 	Keypress: 5
234.5160 	EXP 	New trial (rep=0, index=32): OrderedDict([('Condition', 'LgPun'), ('FixationDur', 3000)])
234.5307 	EXP 	feedbackMsg: autoDraw = False
234.5307 	EXP 	feedbackMsg: autoDraw = False
234.5307 	EXP 	cueImage: image = 'images/LoseBig.bmp'
234.5307 	EXP 	cueImage: autoDraw = True
235.1170 	DATA 	Keypress: 5
235.8996 	DATA 	Keypress: 5
236.5639 	EXP 	cueImage: autoDraw = False
236.5639 	EXP 	cueImage: autoDraw = False
236.5639 	EXP 	fixation: autoDraw = True
236.6827 	DATA 	Keypress: 5
237.4509 	DATA 	Keypress: 5
238.2340 	DATA 	Keypress: 5
239.0188 	DATA 	Keypress: 5
239.5979 	EXP 	fixation: autoDraw = False
239.5979 	EXP 	fixation: autoDraw = False
239.5979 	EXP 	Target: image = 'images/LoseProbe.bmp'
239.5979 	EXP 	Target: autoDraw = True
239.8021 	DATA 	Keypress: 5
239.8509 	DATA 	Keypress: 1
239.9311 	EXP 	Target: autoDraw = False
239.9311 	EXP 	Target: autoDraw = False
239.9311 	EXP 	feedbackMsg: text = 'Correct Response!\n\nYou did not lose $5.00!'
239.9311 	EXP 	feedbackMsg: autoDraw = True
240.5672 	DATA 	Keypress: 5
241.3515 	DATA 	Keypress: 5
241.6319 	EXP 	New trial (rep=0, index=33): OrderedDict([('Condition', 'SmallPun'), ('FixationDur', 2000)])
241.6485 	EXP 	feedbackMsg: autoDraw = False
241.6485 	EXP 	feedbackMsg: autoDraw = False
241.6485 	EXP 	cueImage: image = 'images/LoseSmall.bmp'
241.6485 	EXP 	cueImage: autoDraw = True
242.1340 	DATA 	Keypress: 5
242.9001 	DATA 	Keypress: 5
243.6811 	EXP 	cueImage: autoDraw = False
243.6811 	EXP 	cueImage: autoDraw = False
243.6811 	EXP 	fixation: autoDraw = True
243.6854 	DATA 	Keypress: 5
244.4696 	DATA 	Keypress: 5
245.2350 	DATA 	Keypress: 5
245.7142 	EXP 	fixation: autoDraw = False
245.7142 	EXP 	fixation: autoDraw = False
245.7142 	EXP 	Target: image = 'images/LoseProbe.bmp'
245.7142 	EXP 	Target: autoDraw = True
245.9684 	DATA 	Keypress: 1
246.0297 	DATA 	Keypress: 5
246.0483 	EXP 	Target: autoDraw = False
246.0483 	EXP 	Target: autoDraw = False
246.0483 	EXP 	feedbackMsg: text = 'Correct Response!\n\nYou did not lose $0.20!'
246.0483 	EXP 	feedbackMsg: autoDraw = True
246.8003 	DATA 	Keypress: 5
247.5670 	DATA 	Keypress: 5
247.7498 	EXP 	New trial (rep=0, index=34): OrderedDict([('Condition', 'Triangle'), ('FixationDur', 2500)])
247.7648 	EXP 	feedbackMsg: autoDraw = False
247.7648 	EXP 	feedbackMsg: autoDraw = False
247.7648 	EXP 	cueImage: image = 'images/Neutral.bmp'
247.7648 	EXP 	cueImage: autoDraw = True
248.3509 	DATA 	Keypress: 5
249.1348 	DATA 	Keypress: 5
249.7988 	EXP 	cueImage: autoDraw = False
249.7988 	EXP 	cueImage: autoDraw = False
249.7988 	EXP 	fixation: autoDraw = True
249.9010 	DATA 	Keypress: 5
250.6859 	DATA 	Keypress: 5
251.4699 	DATA 	Keypress: 5
252.2343 	DATA 	Keypress: 5
252.3317 	EXP 	fixation: autoDraw = False
252.3317 	EXP 	fixation: autoDraw = False
252.3317 	EXP 	Target: image = 'images/NeutralProbe.bmp'
252.3317 	EXP 	Target: autoDraw = True
252.6154 	EXP 	Target: autoDraw = False
252.6154 	EXP 	Target: autoDraw = False
252.6154 	EXP 	feedbackMsg: text = 'You pressed too slow!\n\nYou did not win or lose anything!'
252.6154 	EXP 	feedbackMsg: autoDraw = True
253.0192 	DATA 	Keypress: 5
253.8025 	DATA 	Keypress: 5
254.3507 	EXP 	New trial (rep=0, index=35): OrderedDict([('Condition', 'Triangle'), ('FixationDur', 2000)])
254.3652 	EXP 	feedbackMsg: autoDraw = False
254.3652 	EXP 	feedbackMsg: autoDraw = False
254.3652 	EXP 	cueImage: image = 'images/Neutral.bmp'
254.3652 	EXP 	cueImage: autoDraw = True
254.5683 	DATA 	Keypress: 5
255.3522 	DATA 	Keypress: 5
256.1355 	DATA 	Keypress: 5
256.3995 	EXP 	cueImage: autoDraw = False
256.3995 	EXP 	cueImage: autoDraw = False
256.3995 	EXP 	fixation: autoDraw = True
256.9019 	DATA 	Keypress: 5
257.6858 	DATA 	Keypress: 5
258.4318 	EXP 	fixation: autoDraw = False
258.4318 	EXP 	fixation: autoDraw = False
258.4318 	EXP 	Target: image = 'images/NeutralProbe.bmp'
258.4318 	EXP 	Target: autoDraw = True
258.4700 	DATA 	Keypress: 5
258.7156 	EXP 	Target: autoDraw = False
258.7156 	EXP 	Target: autoDraw = False
258.7156 	EXP 	feedbackMsg: text = 'You pressed too slow!\n\nYou did not win or lose anything!'
258.7156 	EXP 	feedbackMsg: autoDraw = True
258.7199 	DATA 	Keypress: 1
259.2353 	DATA 	Keypress: 5
260.0191 	DATA 	Keypress: 5
260.4511 	EXP 	New trial (rep=0, index=36): OrderedDict([('Condition', 'SmallPun'), ('FixationDur', 2500)])
260.4653 	EXP 	feedbackMsg: autoDraw = False
260.4653 	EXP 	feedbackMsg: autoDraw = False
260.4653 	EXP 	cueImage: image = 'images/LoseSmall.bmp'
260.4653 	EXP 	cueImage: autoDraw = True
260.8033 	DATA 	Keypress: 5
261.5691 	DATA 	Keypress: 5
262.3516 	DATA 	Keypress: 5
262.4998 	EXP 	cueImage: autoDraw = False
262.4998 	EXP 	cueImage: autoDraw = False
262.4998 	EXP 	fixation: autoDraw = True
263.1372 	DATA 	Keypress: 5
263.9032 	DATA 	Keypress: 5
264.6858 	DATA 	Keypress: 5
265.0329 	EXP 	fixation: autoDraw = False
265.0329 	EXP 	fixation: autoDraw = False
265.0329 	EXP 	Target: image = 'images/LoseProbe.bmp'
265.0329 	EXP 	Target: autoDraw = True
265.3136 	DATA 	Keypress: 1
265.3193 	EXP 	Target: autoDraw = False
265.3193 	EXP 	Target: autoDraw = False
265.3193 	EXP 	feedbackMsg: text = 'You pressed too slow!\n\nYou lost $0.20!'
265.3193 	EXP 	feedbackMsg: autoDraw = True
265.4702 	DATA 	Keypress: 5
266.2540 	DATA 	Keypress: 5
267.0185 	DATA 	Keypress: 5
267.0515 	EXP 	New trial (rep=0, index=37): OrderedDict([('Condition', 'SmallReward'), ('FixationDur', 3000)])
267.0825 	EXP 	feedbackMsg: autoDraw = False
267.0825 	EXP 	feedbackMsg: autoDraw = False
267.0825 	EXP 	cueImage: image = 'images/WinSmall.bmp'
267.0825 	EXP 	cueImage: autoDraw = True
267.8014 	DATA 	Keypress: 5
268.5871 	DATA 	Keypress: 5
269.1168 	EXP 	cueImage: autoDraw = False
269.1168 	EXP 	fixation: autoDraw = True
269.3520 	DATA 	Keypress: 5
270.1366 	DATA 	Keypress: 5
270.9212 	DATA 	Keypress: 5
271.6860 	DATA 	Keypress: 5
272.1665 	EXP 	fixation: autoDraw = False
272.1665 	EXP 	fixation: autoDraw = False
272.1665 	EXP 	Target: image = 'images/WinProbe.bmp'
272.1665 	EXP 	Target: autoDraw = True
272.4513 	DATA 	Keypress: 1
272.4661 	EXP 	Target: autoDraw = False
272.4661 	EXP 	Target: autoDraw = False
272.4661 	EXP 	feedbackMsg: text = 'You pressed too slow!\n\nYou did not win $0.20!'
272.4661 	EXP 	feedbackMsg: autoDraw = True
272.4705 	DATA 	Keypress: 5
273.2545 	DATA 	Keypress: 5
274.0197 	DATA 	Keypress: 5
274.2022 	EXP 	New trial (rep=0, index=38): OrderedDict([('Condition', 'LgPun'), ('FixationDur', 2000)])
274.2168 	EXP 	feedbackMsg: autoDraw = False
274.2168 	EXP 	feedbackMsg: autoDraw = False
274.2168 	EXP 	cueImage: image = 'images/LoseBig.bmp'
274.2168 	EXP 	cueImage: autoDraw = True
274.8043 	DATA 	Keypress: 5
275.5870 	DATA 	Keypress: 5
276.2507 	EXP 	cueImage: autoDraw = False
276.2507 	EXP 	cueImage: autoDraw = False
276.2507 	EXP 	fixation: autoDraw = True
276.3538 	DATA 	Keypress: 5
277.1367 	DATA 	Keypress: 5
277.9219 	DATA 	Keypress: 5
278.2835 	EXP 	fixation: autoDraw = False
278.2835 	EXP 	fixation: autoDraw = False
278.2835 	EXP 	Target: image = 'images/LoseProbe.bmp'
278.2835 	EXP 	Target: autoDraw = True
278.5673 	EXP 	Target: autoDraw = False
278.5673 	EXP 	Target: autoDraw = False
278.5673 	EXP 	feedbackMsg: text = 'You pressed too slow!\n\nYou lost $5.00!'
278.5673 	EXP 	feedbackMsg: autoDraw = True
278.6871 	DATA 	Keypress: 5
278.7533 	DATA 	Keypress: 1
279.4718 	DATA 	Keypress: 5
280.2550 	DATA 	Keypress: 5
280.3027 	EXP 	New trial (rep=0, index=39): OrderedDict([('Condition', 'LgPun'), ('FixationDur', 3500)])
280.3165 	EXP 	feedbackMsg: autoDraw = False
280.3165 	EXP 	feedbackMsg: autoDraw = False
280.3165 	EXP 	cueImage: image = 'images/LoseBig.bmp'
280.3165 	EXP 	cueImage: autoDraw = True
281.0203 	DATA 	Keypress: 5
281.8025 	DATA 	Keypress: 5
282.3505 	EXP 	cueImage: autoDraw = False
282.3505 	EXP 	cueImage: autoDraw = False
282.3505 	EXP 	fixation: autoDraw = True
282.5891 	DATA 	Keypress: 5
283.3541 	DATA 	Keypress: 5
284.1375 	DATA 	Keypress: 5
284.9216 	DATA 	Keypress: 5
285.6880 	DATA 	Keypress: 5
285.8843 	EXP 	fixation: autoDraw = False
285.8843 	EXP 	fixation: autoDraw = False
285.8843 	EXP 	Target: image = 'images/LoseProbe.bmp'
285.8843 	EXP 	Target: autoDraw = True
286.1712 	DATA 	Keypress: 1
286.1838 	EXP 	Target: autoDraw = False
286.1838 	EXP 	Target: autoDraw = False
286.1838 	EXP 	feedbackMsg: text = 'You pressed too slow!\n\nYou lost $5.00!'
286.1838 	EXP 	feedbackMsg: autoDraw = True
286.4705 	DATA 	Keypress: 5
287.2559 	DATA 	Keypress: 5
287.9019 	EXP 	New trial (rep=0, index=40): OrderedDict([('Condition', 'LgReward'), ('FixationDur', 2000)])
287.9342 	EXP 	feedbackMsg: autoDraw = False
287.9342 	EXP 	feedbackMsg: autoDraw = False
287.9342 	EXP 	cueImage: image = 'images/WinBig.bmp'
287.9342 	EXP 	cueImage: autoDraw = True
288.0386 	DATA 	Keypress: 5
288.8026 	DATA 	Keypress: 5
289.5883 	DATA 	Keypress: 5
289.9683 	EXP 	cueImage: autoDraw = False
289.9683 	EXP 	fixation: autoDraw = True
290.3725 	DATA 	Keypress: 5
291.1371 	DATA 	Keypress: 5
291.9228 	DATA 	Keypress: 5
292.0178 	EXP 	fixation: autoDraw = False
292.0178 	EXP 	fixation: autoDraw = False
292.0178 	EXP 	Target: image = 'images/WinProbe.bmp'
292.0178 	EXP 	Target: autoDraw = True
292.3149 	DATA 	Keypress: 1
292.3230 	EXP 	Target: autoDraw = False
292.3230 	EXP 	Target: autoDraw = False
292.3230 	EXP 	feedbackMsg: text = 'You pressed too slow!\n\nYou did not win $5.00!'
292.3230 	EXP 	feedbackMsg: autoDraw = True
292.7050 	DATA 	Keypress: 5
293.4712 	DATA 	Keypress: 5
294.0367 	EXP 	New trial (rep=0, index=41): OrderedDict([('Condition', 'LgReward'), ('FixationDur', 2500)])
294.0680 	EXP 	feedbackMsg: autoDraw = False
294.0680 	EXP 	feedbackMsg: autoDraw = False
294.0680 	EXP 	cueImage: image = 'images/WinBig.bmp'
294.0680 	EXP 	cueImage: autoDraw = True
294.2547 	DATA 	Keypress: 5
295.0378 	DATA 	Keypress: 5
295.8040 	DATA 	Keypress: 5
296.1021 	EXP 	cueImage: autoDraw = False
296.1021 	EXP 	fixation: autoDraw = True
296.5883 	DATA 	Keypress: 5
297.3723 	DATA 	Keypress: 5
298.1384 	DATA 	Keypress: 5
298.6517 	EXP 	fixation: autoDraw = False
298.6517 	EXP 	fixation: autoDraw = False
298.6517 	EXP 	Target: image = 'images/WinProbe.bmp'
298.6517 	EXP 	Target: autoDraw = True
298.8890 	DATA 	Keypress: 1
298.9492 	DATA 	Keypress: 5
298.9573 	EXP 	Target: autoDraw = False
298.9573 	EXP 	Target: autoDraw = False
298.9573 	EXP 	feedbackMsg: text = 'Correct Response!\n\nYou won $5.00!'
298.9573 	EXP 	feedbackMsg: autoDraw = True
299.7054 	DATA 	Keypress: 5
300.4722 	DATA 	Keypress: 5
300.6702 	EXP 	New trial (rep=0, index=42): OrderedDict([('Condition', 'Triangle'), ('FixationDur', 2000)])
300.6848 	EXP 	feedbackMsg: autoDraw = False
300.6848 	EXP 	feedbackMsg: autoDraw = False
300.6848 	EXP 	cueImage: image = 'images/Neutral.bmp'
300.6848 	EXP 	cueImage: autoDraw = True
301.2543 	DATA 	Keypress: 5
302.0393 	DATA 	Keypress: 5
302.7071 	EXP 	cueImage: autoDraw = False
302.7071 	EXP 	cueImage: autoDraw = False
302.7071 	EXP 	fixation: autoDraw = True
302.8052 	DATA 	Keypress: 5
303.5880 	DATA 	Keypress: 5
304.3722 	DATA 	Keypress: 5
304.7522 	EXP 	fixation: autoDraw = False
304.7522 	EXP 	fixation: autoDraw = False
304.7522 	EXP 	Target: image = 'images/NeutralProbe.bmp'
304.7522 	EXP 	Target: autoDraw = True
305.1079 	EXP 	Target: autoDraw = False
305.1079 	EXP 	Target: autoDraw = False
305.1079 	EXP 	feedbackMsg: text = 'You pressed too slow!\n\nYou did not win or lose anything!'
305.1079 	EXP 	feedbackMsg: autoDraw = True
305.1390 	DATA 	Keypress: 5
305.9218 	DATA 	Keypress: 5
306.7067 	DATA 	Keypress: 5
306.7708 	EXP 	New trial (rep=0, index=43): OrderedDict([('Condition', 'Triangle'), ('FixationDur', 1500)])
306.7848 	EXP 	feedbackMsg: autoDraw = False
306.7848 	EXP 	feedbackMsg: autoDraw = False
306.7848 	EXP 	cueImage: image = 'images/Neutral.bmp'
306.7848 	EXP 	cueImage: autoDraw = True
307.4722 	DATA 	Keypress: 5
308.2539 	DATA 	Keypress: 5
308.8188 	EXP 	cueImage: autoDraw = False
308.8188 	EXP 	cueImage: autoDraw = False
308.8188 	EXP 	fixation: autoDraw = True
309.0415 	DATA 	Keypress: 5
309.8064 	DATA 	Keypress: 5
310.3528 	EXP 	fixation: autoDraw = False
310.3528 	EXP 	fixation: autoDraw = False
310.3528 	EXP 	Target: image = 'images/NeutralProbe.bmp'
310.3528 	EXP 	Target: autoDraw = True
310.5889 	DATA 	Keypress: 5
310.7023 	EXP 	Target: autoDraw = False
310.7023 	EXP 	Target: autoDraw = False
310.7023 	EXP 	feedbackMsg: text = 'You pressed too slow!\n\nYou did not win or lose anything!'
310.7023 	EXP 	feedbackMsg: autoDraw = True
311.3738 	DATA 	Keypress: 5
312.1556 	DATA 	Keypress: 5
312.3713 	EXP 	New trial (rep=0, index=44): OrderedDict([('Condition', 'LgPun'), ('FixationDur', 2000)])
312.3856 	EXP 	feedbackMsg: autoDraw = False
312.3856 	EXP 	feedbackMsg: autoDraw = False
312.3856 	EXP 	cueImage: image = 'images/LoseBig.bmp'
312.3856 	EXP 	cueImage: autoDraw = True
312.9216 	DATA 	Keypress: 5
313.7052 	DATA 	Keypress: 5
314.4198 	EXP 	cueImage: autoDraw = False
314.4198 	EXP 	cueImage: autoDraw = False
314.4198 	EXP 	fixation: autoDraw = True
314.4906 	DATA 	Keypress: 5
315.2557 	DATA 	Keypress: 5
316.0408 	DATA 	Keypress: 5
316.4531 	EXP 	fixation: autoDraw = False
316.4531 	EXP 	fixation: autoDraw = False
316.4531 	EXP 	Target: image = 'images/LoseProbe.bmp'
316.4531 	EXP 	Target: autoDraw = True
316.6906 	DATA 	Keypress: 1
316.8024 	EXP 	Target: autoDraw = False
316.8024 	EXP 	Target: autoDraw = False
316.8024 	EXP 	feedbackMsg: text = 'Correct Response!\n\nYou did not lose $5.00!'
316.8024 	EXP 	feedbackMsg: autoDraw = True
316.8241 	DATA 	Keypress: 5
317.5899 	DATA 	Keypress: 5
318.3726 	DATA 	Keypress: 5
318.4708 	EXP 	New trial (rep=0, index=45): OrderedDict([('Condition', 'Triangle'), ('FixationDur', 4000)])
318.4864 	EXP 	feedbackMsg: autoDraw = False
318.4864 	EXP 	feedbackMsg: autoDraw = False
318.4864 	EXP 	cueImage: image = 'images/Neutral.bmp'
318.4864 	EXP 	cueImage: autoDraw = True
319.1558 	DATA 	Keypress: 5
319.9224 	DATA 	Keypress: 5
320.5097 	EXP 	cueImage: autoDraw = False
320.5097 	EXP 	cueImage: autoDraw = False
320.5097 	EXP 	fixation: autoDraw = True
320.7069 	DATA 	Keypress: 5
321.4899 	DATA 	Keypress: 5
322.2565 	DATA 	Keypress: 5
323.0396 	DATA 	Keypress: 5
323.8248 	DATA 	Keypress: 5
324.5532 	EXP 	fixation: autoDraw = False
324.5532 	EXP 	fixation: autoDraw = False
324.5532 	EXP 	Target: image = 'images/NeutralProbe.bmp'
324.5532 	EXP 	Target: autoDraw = True
324.5899 	DATA 	Keypress: 5
324.7901 	DATA 	Keypress: 1
324.9031 	EXP 	Target: autoDraw = False
324.9031 	EXP 	Target: autoDraw = False
324.9031 	EXP 	feedbackMsg: text = 'Correct Response!\n\nYou did not win or lose anything!'
324.9031 	EXP 	feedbackMsg: autoDraw = True
325.3734 	DATA 	Keypress: 5
326.1574 	DATA 	Keypress: 5
326.5721 	EXP 	New trial (rep=0, index=46): OrderedDict([('Condition', 'Triangle'), ('FixationDur', 1500)])
326.5868 	EXP 	feedbackMsg: autoDraw = False
326.5868 	EXP 	feedbackMsg: autoDraw = False
326.5868 	EXP 	cueImage: image = 'images/Neutral.bmp'
326.5868 	EXP 	cueImage: autoDraw = True
326.9232 	DATA 	Keypress: 5
327.7055 	DATA 	Keypress: 5
328.4909 	DATA 	Keypress: 5
328.6207 	EXP 	cueImage: autoDraw = False
328.6207 	EXP 	cueImage: autoDraw = False
328.6207 	EXP 	fixation: autoDraw = True
329.2571 	DATA 	Keypress: 5
330.0398 	DATA 	Keypress: 5
330.1540 	EXP 	fixation: autoDraw = False
330.1540 	EXP 	fixation: autoDraw = False
330.1540 	EXP 	Target: image = 'images/NeutralProbe.bmp'
330.1540 	EXP 	Target: autoDraw = True
330.5113 	EXP 	Target: autoDraw = False
330.5113 	EXP 	Target: autoDraw = False
330.5113 	EXP 	feedbackMsg: text = 'You pressed too slow!\n\nYou did not win or lose anything!'
330.5113 	EXP 	feedbackMsg: autoDraw = True
330.8237 	DATA 	Keypress: 5
331.6084 	DATA 	Keypress: 5
332.1724 	EXP 	New trial (rep=0, index=47): OrderedDict([('Condition', 'LgPun'), ('FixationDur', 4000)])
332.1872 	EXP 	feedbackMsg: autoDraw = False
332.1872 	EXP 	feedbackMsg: autoDraw = False
332.1872 	EXP 	cueImage: image = 'images/LoseBig.bmp'
332.1872 	EXP 	cueImage: autoDraw = True
332.3733 	DATA 	Keypress: 5
333.1580 	DATA 	Keypress: 5
333.9411 	DATA 	Keypress: 5
334.2113 	EXP 	cueImage: autoDraw = False
334.2113 	EXP 	cueImage: autoDraw = False
334.2113 	EXP 	fixation: autoDraw = True
334.7064 	DATA 	Keypress: 5
335.4918 	DATA 	Keypress: 5
336.2753 	DATA 	Keypress: 5
337.0406 	DATA 	Keypress: 5
337.8242 	DATA 	Keypress: 5
338.2541 	EXP 	fixation: autoDraw = False
338.2541 	EXP 	fixation: autoDraw = False
338.2541 	EXP 	Target: image = 'images/LoseProbe.bmp'
338.2541 	EXP 	Target: autoDraw = True
338.5061 	DATA 	Keypress: 1
338.5999 	DATA 	Keypress: 5
338.6037 	EXP 	Target: autoDraw = False
338.6037 	EXP 	Target: autoDraw = False
338.6037 	EXP 	feedbackMsg: text = 'Correct Response!\n\nYou did not lose $5.00!'
338.6037 	EXP 	feedbackMsg: autoDraw = True
339.3744 	DATA 	Keypress: 5
340.1581 	DATA 	Keypress: 5
340.2730 	EXP 	New trial (rep=0, index=48): OrderedDict([('Condition', 'SmallReward'), ('FixationDur', 1500)])
340.2968 	EXP 	feedbackMsg: autoDraw = False
340.2968 	EXP 	feedbackMsg: autoDraw = False
340.2968 	EXP 	cueImage: image = 'images/WinSmall.bmp'
340.2968 	EXP 	cueImage: autoDraw = True
340.9418 	DATA 	Keypress: 5
341.7073 	DATA 	Keypress: 5
342.3289 	EXP 	cueImage: autoDraw = False
342.3289 	EXP 	fixation: autoDraw = True
342.4921 	DATA 	Keypress: 5
343.2758 	DATA 	Keypress: 5
343.8801 	EXP 	fixation: autoDraw = False
343.8801 	EXP 	fixation: autoDraw = False
343.8801 	EXP 	Target: image = 'images/WinProbe.bmp'
343.8801 	EXP 	Target: autoDraw = True
344.0409 	DATA 	Keypress: 5
344.2373 	DATA 	Keypress: 1
344.2464 	EXP 	Target: autoDraw = False
344.2464 	EXP 	Target: autoDraw = False
344.2464 	EXP 	feedbackMsg: text = 'You pressed too slow!\n\nYou did not win $0.20!'
344.2464 	EXP 	feedbackMsg: autoDraw = True
344.8238 	DATA 	Keypress: 5
345.6092 	DATA 	Keypress: 5
345.9068 	EXP 	New trial (rep=0, index=49): OrderedDict([('Condition', 'SmallReward'), ('FixationDur', 2500)])
345.9379 	EXP 	feedbackMsg: autoDraw = False
345.9379 	EXP 	feedbackMsg: autoDraw = False
345.9379 	EXP 	cueImage: image = 'images/WinSmall.bmp'
345.9379 	EXP 	cueImage: autoDraw = True
346.3746 	DATA 	Keypress: 5
347.1578 	DATA 	Keypress: 5
347.9595 	DATA 	Keypress: 5
347.9720 	EXP 	cueImage: autoDraw = False
347.9720 	EXP 	fixation: autoDraw = True
348.7253 	DATA 	Keypress: 5
349.4908 	DATA 	Keypress: 5
350.2764 	DATA 	Keypress: 5
350.5142 	EXP 	fixation: autoDraw = False
350.5142 	EXP 	fixation: autoDraw = False
350.5142 	EXP 	Target: image = 'images/WinProbe.bmp'
350.5142 	EXP 	Target: autoDraw = True
350.7926 	DATA 	Keypress: 1
350.8887 	EXP 	Target: autoDraw = False
350.8887 	EXP 	Target: autoDraw = False
350.8887 	EXP 	feedbackMsg: text = 'Correct Response!\n\nYou won $0.20!'
350.8887 	EXP 	feedbackMsg: autoDraw = True
351.0424 	DATA 	Keypress: 5
351.8248 	DATA 	Keypress: 5
352.5551 	EXP 	feedbackMsg: autoDraw = False
352.5551 	EXP 	feedbackMsg: autoDraw = False
352.5551 	EXP 	polygon: autoDraw = True
352.6082 	DATA 	Keypress: 5
353.3931 	DATA 	Keypress: 5
354.1574 	DATA 	Keypress: 5
354.9432 	DATA 	Keypress: 5
355.7262 	DATA 	Keypress: 5
357.5649 	EXP 	polygon: autoDraw = False
357.5649 	EXP 	polygon: autoDraw = False
357.5649 	EXP 	text: text = 'All done!\n\nYou earned a total of: $10.20!'
357.5649 	EXP 	text: autoDraw = True
360.5981 	EXP 	text: autoDraw = False
360.5981 	EXP 	text: autoDraw = False
360.5981 	EXP 	polygon2: autoDraw = True
367.0434 	DATA 	Keypress: escape
367.3756 	EXP 	window1: mouseVisible = True
