12.2216 	EXP 	Created window1 = Window(allowGUI=False, allowStencil=False, args=UNKNOWN, autoLog=True, bitsMode=UNKNOWN, blendMode='avg', color=array([0., 0., 0.]), colorSpace='rgb', fullscr=<method-wrapper '__getattribute__' of attributeSetter object at 0x134647be0>, gamma=None, kwargs=UNKNOWN, lms=UNKNOWN, monitor=<psychopy.monitors.calibTools.Monitor object at 0x1348cbe80>, multiSample=False, name='window1', numSamples=2, pos=[0.0, 0.0], screen=0, size=array([1920, 1080]), stereo=False, units='height', useFBO=True, useRetina=False, viewOri=0.0, viewPos=None, viewScale=None, waitBlanking=True, winType='pyglet')
12.2217 	EXP 	window1: recordFrameIntervals = False
12.3870 	EXP 	window1: recordFrameIntervals = True
12.5710 	EXP 	window1: recordFrameIntervals = False
12.5710 	EXP 	window1: recordFrameIntervals = False
12.7371 	EXP 	window1: recordFrameIntervals = True
12.9210 	EXP 	window1: recordFrameIntervals = False
13.3755 	EXP 	Created preinstruct_text = TextStim(__class__=<class 'psychopy.visual.text.TextStim'>, alignHoriz='center', alignVert='center', antialias=True, autoLog=True, bold=False, color='white', colorSpace='named', contrast=1.0, depth=0.0, flipHoriz=False, flipVert=False, font='Arial', fontFiles=[], height=0.05, italic=False, languageStyle='LTR', name='preinstruct_text', opacity=1.0, ori=0, pos=array([0., 0.]), rgb=array([255., 255., 255.]), text='Money Task - Scanner 1', units='height', win=Window(...), wrapWidth=1)
13.4190 	EXP 	Created instructFig = ImageStim(__class__=<class 'psychopy.visual.image.ImageStim'>, autoLog=True, color=array([1., 1., 1.]), colorSpace='rgb', contrast=1.0, depth=0.0, flipHoriz=False, flipVert=False, image='images/MID_instructions.bmp', interpolate=True, mask=None, maskParams=None, name='instructFig', opacity=1.0, ori=0.0, pos=array([0., 0.]), size=array([1.3, 1. ]), texRes=128, units='height', win=Window(...))
13.4206 	EXP 	Created PrepFixation = ShapeStim(__class__=<class 'psychopy.visual.shape.ShapeStim'>, autoDraw=False, autoLog=True, closeShape=True, contrast=1.0, depth=0.0, fillColor=array([1., 1., 1.]), fillColorSpace='rgb', interpolate=True, lineColor=array([1., 1., 1.]), lineColorSpace='rgb', lineWidth=1, name='PrepFixation', opacity=1.0, ori=array(0.), pos=array([0., 0.]), size=array([0.05, 0.05]), units='height', vertices=ndarray(...), win=Window(...), windingRule=None)
13.4222 	EXP 	Created cueImage = ImageStim(__class__=<class 'psychopy.visual.image.ImageStim'>, autoLog=True, color=array([1., 1., 1.]), colorSpace='rgb', contrast=1.0, depth=0.0, flipHoriz=False, flipVert=False, image='sin', interpolate=True, mask=None, maskParams=None, name='cueImage', opacity=1.0, ori=0.0, pos=array([0., 0.]), size=array([1.3, 1. ]), texRes=128, units='height', win=Window(...))
13.4236 	EXP 	Created fixation = ShapeStim(__class__=<class 'psychopy.visual.shape.ShapeStim'>, autoDraw=False, autoLog=True, closeShape=True, contrast=1.0, depth=-1.0, fillColor=array([1., 1., 1.]), fillColorSpace='rgb', interpolate=True, lineColor=array([1., 1., 1.]), lineColorSpace='rgb', lineWidth=1, name='fixation', opacity=1.0, ori=array(0.), pos=array([0., 0.]), size=array([0.05, 0.05]), units='height', vertices=ndarray(...), win=Window(...), windingRule=None)
13.4252 	EXP 	Created Target = ImageStim(__class__=<class 'psychopy.visual.image.ImageStim'>, autoLog=True, color=array([1., 1., 1.]), colorSpace='rgb', contrast=1.0, depth=-1.0, flipHoriz=False, flipVert=False, image='sin', interpolate=True, mask=None, maskParams=None, name='Target', opacity=1.0, ori=0.0, pos=array([0., 0.]), size=array([1.3, 1. ]), texRes=128, units='height', win=Window(...))
13.4346 	EXP 	Created feedbackMsg = TextStim(__class__=<class 'psychopy.visual.text.TextStim'>, alignHoriz='center', alignVert='center', antialias=True, autoLog=True, bold=False, color='white', colorSpace='named', contrast=1.0, depth=-2.0, flipHoriz=False, flipVert=False, font='Arial', fontFiles=[], height=0.05, italic=False, languageStyle='LTR', name='feedbackMsg', opacity=1.0, ori=0, pos=array([0., 0.]), rgb=array([255., 255., 255.]), text='default text', units='height', win=Window(...), wrapWidth=2)
13.4361 	EXP 	Created polygon = ShapeStim(__class__=<class 'psychopy.visual.shape.ShapeStim'>, autoDraw=False, autoLog=True, closeShape=True, contrast=1.0, depth=0.0, fillColor=array([1., 1., 1.]), fillColorSpace='rgb', interpolate=True, lineColor=array([1., 1., 1.]), lineColorSpace='rgb', lineWidth=1, name='polygon', opacity=1.0, ori=array(0.), pos=array([0., 0.]), size=array([0.05, 0.05]), units='height', vertices=ndarray(...), win=Window(...), windingRule=None)
13.4438 	EXP 	Created text = TextStim(__class__=<class 'psychopy.visual.text.TextStim'>, alignHoriz='center', alignVert='center', antialias=True, autoLog=True, bold=False, color='white', colorSpace='named', contrast=1.0, depth=-1.0, flipHoriz=False, flipVert=False, font='Arial', fontFiles=[], height=0.07, italic=False, languageStyle='LTR', name='text', opacity=1.0, ori=0, pos=array([0., 0.]), rgb=array([255., 255., 255.]), text='default text', units='height', win=Window(...), wrapWidth=1)
13.4455 	EXP 	Created polygon2 = ShapeStim(__class__=<class 'psychopy.visual.shape.ShapeStim'>, autoDraw=False, autoLog=True, closeShape=True, contrast=1.0, depth=0.0, fillColor=array([1., 1., 1.]), fillColorSpace='rgb', interpolate=True, lineColor=array([1., 1., 1.]), lineColorSpace='rgb', lineWidth=1, name='polygon2', opacity=1.0, ori=array(0.), pos=array([0., 0.]), size=array([0.05, 0.05]), units='height', vertices=ndarray(...), win=Window(...), windingRule=None)
13.4534 	EXP 	preinstruct_text: autoDraw = True
15.4998 	EXP 	preinstruct_text: autoDraw = False
15.4998 	EXP 	instructFig: autoDraw = True
33.8364 	DATA 	Keypress: 5
33.8530 	EXP 	instructFig: autoDraw = False
33.8530 	EXP 	PrepFixation: autoDraw = True
34.6065 	DATA 	Keypress: 5
35.3928 	DATA 	Keypress: 5
35.8333 	EXP 	Imported TimeVersion15.csv as conditions, 50 conditions, 2 params
35.8337 	EXP 	Created sequence: sequential, trialTypes=50, nReps=1, seed=None
35.8341 	EXP 	New trial (rep=0, index=0): OrderedDict([('Condition', 'SmallReward'), ('FixationDur', 4000)])
35.8696 	EXP 	PrepFixation: autoDraw = False
35.8696 	EXP 	PrepFixation: autoDraw = False
35.8696 	EXP 	cueImage: image = 'images/WinSmall.bmp'
35.8696 	EXP 	cueImage: autoDraw = True
36.1586 	DATA 	Keypress: 5
36.9409 	DATA 	Keypress: 5
37.7259 	DATA 	Keypress: 5
37.8870 	EXP 	cueImage: autoDraw = False
37.8870 	EXP 	fixation: autoDraw = True
38.5100 	DATA 	Keypress: 5
39.2753 	DATA 	Keypress: 5
40.0589 	DATA 	Keypress: 5
40.8437 	DATA 	Keypress: 5
41.6092 	DATA 	Keypress: 5
41.9372 	EXP 	fixation: autoDraw = False
41.9372 	EXP 	fixation: autoDraw = False
41.9372 	EXP 	Target: image = 'images/WinProbe.bmp'
41.9372 	EXP 	Target: autoDraw = True
42.2918 	DATA 	Keypress: 1
42.3878 	EXP 	Target: autoDraw = False
42.3878 	EXP 	Target: autoDraw = False
42.3878 	EXP 	feedbackMsg: text = 'Correct Response!\n\nYou won $0.20!'
42.3878 	EXP 	feedbackMsg: autoDraw = True
42.3922 	DATA 	Keypress: 5
43.1769 	DATA 	Keypress: 5
43.9424 	DATA 	Keypress: 5
43.9739 	EXP 	New trial (rep=0, index=1): OrderedDict([('Condition', 'SmallPun'), ('FixationDur', 3500)])
43.9888 	EXP 	feedbackMsg: autoDraw = False
43.9888 	EXP 	feedbackMsg: autoDraw = False
43.9888 	EXP 	cueImage: image = 'images/LoseSmall.bmp'
43.9888 	EXP 	cueImage: autoDraw = True
44.7237 	DATA 	Keypress: 5
45.5100 	DATA 	Keypress: 5
46.0217 	EXP 	cueImage: autoDraw = False
46.0217 	EXP 	cueImage: autoDraw = False
46.0217 	EXP 	fixation: autoDraw = True
46.2758 	DATA 	Keypress: 5
47.0592 	DATA 	Keypress: 5
47.8437 	DATA 	Keypress: 5
48.6093 	DATA 	Keypress: 5
49.3920 	DATA 	Keypress: 5
49.5548 	EXP 	fixation: autoDraw = False
49.5548 	EXP 	fixation: autoDraw = False
49.5548 	EXP 	Target: image = 'images/LoseProbe.bmp'
49.5548 	EXP 	Target: autoDraw = True
49.9249 	DATA 	Keypress: 1
49.9894 	EXP 	Target: autoDraw = False
49.9894 	EXP 	Target: autoDraw = False
49.9894 	EXP 	feedbackMsg: text = 'Correct Response!\n\nYou did not lose $0.20!'
49.9894 	EXP 	feedbackMsg: autoDraw = True
50.1767 	DATA 	Keypress: 5
50.9425 	DATA 	Keypress: 5
51.5918 	EXP 	New trial (rep=0, index=2): OrderedDict([('Condition', 'Triangle'), ('FixationDur', 2500)])
51.6061 	EXP 	feedbackMsg: autoDraw = False
51.6061 	EXP 	feedbackMsg: autoDraw = False
51.6061 	EXP 	cueImage: image = 'images/Neutral.bmp'
51.6061 	EXP 	cueImage: autoDraw = True
51.7251 	DATA 	Keypress: 5
52.5105 	DATA 	Keypress: 5
53.2759 	DATA 	Keypress: 5
53.6398 	EXP 	cueImage: autoDraw = False
53.6398 	EXP 	cueImage: autoDraw = False
53.6398 	EXP 	fixation: autoDraw = True
54.0596 	DATA 	Keypress: 5
54.8433 	DATA 	Keypress: 5
55.6101 	DATA 	Keypress: 5
56.1724 	EXP 	fixation: autoDraw = False
56.1724 	EXP 	fixation: autoDraw = False
56.1724 	EXP 	Target: image = 'images/NeutralProbe.bmp'
56.1724 	EXP 	Target: autoDraw = True
56.3931 	DATA 	Keypress: 5
56.6226 	EXP 	Target: autoDraw = False
56.6226 	EXP 	Target: autoDraw = False
56.6226 	EXP 	feedbackMsg: text = 'You pressed too slow!\n\nYou did not win or lose anything!'
56.6226 	EXP 	feedbackMsg: autoDraw = True
56.6597 	DATA 	Keypress: 1
57.1776 	DATA 	Keypress: 5
57.9617 	DATA 	Keypress: 5
58.2092 	EXP 	New trial (rep=0, index=3): OrderedDict([('Condition', 'SmallReward'), ('FixationDur', 2000)])
58.2388 	EXP 	feedbackMsg: autoDraw = False
58.2388 	EXP 	feedbackMsg: autoDraw = False
58.2388 	EXP 	cueImage: image = 'images/WinSmall.bmp'
58.2388 	EXP 	cueImage: autoDraw = True
58.7255 	DATA 	Keypress: 5
59.5111 	DATA 	Keypress: 5
60.2740 	EXP 	cueImage: autoDraw = False
60.2740 	EXP 	fixation: autoDraw = True
60.2776 	DATA 	Keypress: 5
61.0601 	DATA 	Keypress: 5
61.8447 	DATA 	Keypress: 5
62.3238 	EXP 	fixation: autoDraw = False
62.3238 	EXP 	fixation: autoDraw = False
62.3238 	EXP 	Target: image = 'images/WinProbe.bmp'
62.3238 	EXP 	Target: autoDraw = True
62.6097 	DATA 	Keypress: 1
62.6118 	DATA 	Keypress: 5
62.7573 	EXP 	Target: autoDraw = False
62.7573 	EXP 	Target: autoDraw = False
62.7573 	EXP 	feedbackMsg: text = 'Correct Response!\n\nYou won $0.20!'
62.7573 	EXP 	feedbackMsg: autoDraw = True
63.3928 	DATA 	Keypress: 5
64.1783 	DATA 	Keypress: 5
64.3421 	EXP 	New trial (rep=0, index=4): OrderedDict([('Condition', 'SmallPun'), ('FixationDur', 4000)])
64.3568 	EXP 	feedbackMsg: autoDraw = False
64.3568 	EXP 	feedbackMsg: autoDraw = False
64.3568 	EXP 	cueImage: image = 'images/LoseSmall.bmp'
64.3568 	EXP 	cueImage: autoDraw = True
64.9603 	DATA 	Keypress: 5
65.7259 	DATA 	Keypress: 5
66.3907 	EXP 	cueImage: autoDraw = False
66.3907 	EXP 	cueImage: autoDraw = False
66.3907 	EXP 	fixation: autoDraw = True
66.5116 	DATA 	Keypress: 5
67.2954 	DATA 	Keypress: 5
68.0593 	DATA 	Keypress: 5
68.8444 	DATA 	Keypress: 5
69.6287 	DATA 	Keypress: 5
70.4152 	DATA 	Keypress: 5
70.4239 	EXP 	fixation: autoDraw = False
70.4239 	EXP 	fixation: autoDraw = False
70.4239 	EXP 	Target: image = 'images/LoseProbe.bmp'
70.4239 	EXP 	Target: autoDraw = True
70.8074 	EXP 	Target: autoDraw = False
70.8074 	EXP 	Target: autoDraw = False
70.8074 	EXP 	feedbackMsg: text = 'You pressed too slow!\n\nYou lost $0.20!'
70.8074 	EXP 	feedbackMsg: autoDraw = True
70.8288 	DATA 	Keypress: 1
71.1769 	DATA 	Keypress: 5
71.9618 	DATA 	Keypress: 5
72.4430 	EXP 	New trial (rep=0, index=5): OrderedDict([('Condition', 'LgPun'), ('FixationDur', 2000)])
72.4574 	EXP 	feedbackMsg: autoDraw = False
72.4574 	EXP 	feedbackMsg: autoDraw = False
72.4574 	EXP 	cueImage: image = 'images/LoseBig.bmp'
72.4574 	EXP 	cueImage: autoDraw = True
72.7270 	DATA 	Keypress: 5
73.5100 	DATA 	Keypress: 5
74.2951 	DATA 	Keypress: 5
74.4912 	EXP 	cueImage: autoDraw = False
74.4912 	EXP 	cueImage: autoDraw = False
74.4912 	EXP 	fixation: autoDraw = True
75.0610 	DATA 	Keypress: 5
75.8445 	DATA 	Keypress: 5
76.5241 	EXP 	fixation: autoDraw = False
76.5241 	EXP 	fixation: autoDraw = False
76.5241 	EXP 	Target: image = 'images/LoseProbe.bmp'
76.5241 	EXP 	Target: autoDraw = True
76.6288 	DATA 	Keypress: 5
76.9082 	EXP 	Target: autoDraw = False
76.9082 	EXP 	Target: autoDraw = False
76.9082 	EXP 	feedbackMsg: text = 'You pressed too slow!\n\nYou lost $5.00!'
76.9082 	EXP 	feedbackMsg: autoDraw = True
76.9277 	DATA 	Keypress: 1
77.3949 	DATA 	Keypress: 5
78.1772 	DATA 	Keypress: 5
78.5439 	EXP 	New trial (rep=0, index=6): OrderedDict([('Condition', 'SmallPun'), ('FixationDur', 1500)])
78.5577 	EXP 	feedbackMsg: autoDraw = False
78.5577 	EXP 	feedbackMsg: autoDraw = False
78.5577 	EXP 	cueImage: image = 'images/LoseSmall.bmp'
78.5577 	EXP 	cueImage: autoDraw = True
78.9621 	DATA 	Keypress: 5
79.7444 	DATA 	Keypress: 5
80.5106 	DATA 	Keypress: 5
80.5916 	EXP 	cueImage: autoDraw = False
80.5916 	EXP 	cueImage: autoDraw = False
80.5916 	EXP 	fixation: autoDraw = True
81.2954 	DATA 	Keypress: 5
82.1122 	DATA 	Keypress: 5
82.1247 	EXP 	fixation: autoDraw = False
82.1247 	EXP 	fixation: autoDraw = False
82.1247 	EXP 	Target: image = 'images/LoseProbe.bmp'
82.1247 	EXP 	Target: autoDraw = True
82.5076 	DATA 	Keypress: 1
82.5251 	EXP 	Target: autoDraw = False
82.5251 	EXP 	Target: autoDraw = False
82.5251 	EXP 	feedbackMsg: text = 'You pressed too slow!\n\nYou lost $0.20!'
82.5251 	EXP 	feedbackMsg: autoDraw = True
82.8444 	DATA 	Keypress: 5
83.6295 	DATA 	Keypress: 5
84.1433 	EXP 	New trial (rep=0, index=7): OrderedDict([('Condition', 'SmallReward'), ('FixationDur', 1500)])
84.1744 	EXP 	feedbackMsg: autoDraw = False
84.1744 	EXP 	feedbackMsg: autoDraw = False
84.1744 	EXP 	cueImage: image = 'images/WinSmall.bmp'
84.1744 	EXP 	cueImage: autoDraw = True
84.4122 	DATA 	Keypress: 5
85.1768 	DATA 	Keypress: 5
85.9624 	DATA 	Keypress: 5
86.2090 	EXP 	cueImage: autoDraw = False
86.2090 	EXP 	fixation: autoDraw = True
86.7463 	DATA 	Keypress: 5
87.5114 	DATA 	Keypress: 5
87.7416 	EXP 	fixation: autoDraw = False
87.7416 	EXP 	fixation: autoDraw = False
87.7416 	EXP 	Target: image = 'images/WinProbe.bmp'
87.7416 	EXP 	Target: autoDraw = True
87.9792 	DATA 	Keypress: 1
88.1423 	EXP 	Target: autoDraw = False
88.1423 	EXP 	Target: autoDraw = False
88.1423 	EXP 	feedbackMsg: text = 'Correct Response!\n\nYou won $0.20!'
88.1423 	EXP 	feedbackMsg: autoDraw = True
88.2957 	DATA 	Keypress: 5
89.0800 	DATA 	Keypress: 5
89.7594 	EXP 	New trial (rep=0, index=8): OrderedDict([('Condition', 'Triangle'), ('FixationDur', 2000)])
89.7755 	EXP 	feedbackMsg: autoDraw = False
89.7755 	EXP 	feedbackMsg: autoDraw = False
89.7755 	EXP 	cueImage: image = 'images/Neutral.bmp'
89.7755 	EXP 	cueImage: autoDraw = True
89.8448 	DATA 	Keypress: 5
90.6279 	DATA 	Keypress: 5
91.4131 	DATA 	Keypress: 5
91.8096 	EXP 	cueImage: autoDraw = False
91.8096 	EXP 	fixation: autoDraw = True
92.1788 	DATA 	Keypress: 5
92.9634 	DATA 	Keypress: 5
93.7471 	DATA 	Keypress: 5
93.8419 	EXP 	fixation: autoDraw = False
93.8419 	EXP 	fixation: autoDraw = False
93.8419 	EXP 	Target: image = 'images/NeutralProbe.bmp'
93.8419 	EXP 	Target: autoDraw = True
94.1466 	DATA 	Keypress: 1
94.2417 	EXP 	Target: autoDraw = False
94.2417 	EXP 	Target: autoDraw = False
94.2417 	EXP 	feedbackMsg: text = 'Correct Response!\n\nYou did not win or lose anything!'
94.2417 	EXP 	feedbackMsg: autoDraw = True
94.5119 	DATA 	Keypress: 5
95.2950 	DATA 	Keypress: 5
95.8601 	EXP 	New trial (rep=0, index=9): OrderedDict([('Condition', 'SmallReward'), ('FixationDur', 1500)])
95.8919 	EXP 	feedbackMsg: autoDraw = False
95.8919 	EXP 	feedbackMsg: autoDraw = False
95.8919 	EXP 	cueImage: image = 'images/WinSmall.bmp'
95.8919 	EXP 	cueImage: autoDraw = True
96.0800 	DATA 	Keypress: 5
96.8454 	DATA 	Keypress: 5
97.6290 	DATA 	Keypress: 5
97.9263 	EXP 	cueImage: autoDraw = False
97.9263 	EXP 	fixation: autoDraw = True
98.4136 	DATA 	Keypress: 5
99.1799 	DATA 	Keypress: 5
99.4754 	EXP 	fixation: autoDraw = False
99.4754 	EXP 	fixation: autoDraw = False
99.4754 	EXP 	Target: image = 'images/WinProbe.bmp'
99.4754 	EXP 	Target: autoDraw = True
99.8781 	EXP 	Target: autoDraw = False
99.8781 	EXP 	Target: autoDraw = False
99.8781 	EXP 	feedbackMsg: text = 'You pressed too slow!\n\nYou did not win $0.20!'
99.8781 	EXP 	feedbackMsg: autoDraw = True
99.9289 	DATA 	Keypress: 1
99.9615 	DATA 	Keypress: 5
100.7471 	DATA 	Keypress: 5
101.4946 	EXP 	New trial (rep=0, index=10): OrderedDict([('Condition', 'Triangle'), ('FixationDur', 1500)])
101.5097 	EXP 	feedbackMsg: autoDraw = False
101.5097 	EXP 	feedbackMsg: autoDraw = False
101.5097 	EXP 	cueImage: image = 'images/Neutral.bmp'
101.5097 	EXP 	cueImage: autoDraw = True
101.5288 	DATA 	Keypress: 5
102.2957 	DATA 	Keypress: 5
103.0804 	DATA 	Keypress: 5
103.5436 	EXP 	cueImage: autoDraw = False
103.5436 	EXP 	cueImage: autoDraw = False
103.5436 	EXP 	fixation: autoDraw = True
103.8643 	DATA 	Keypress: 5
104.6287 	DATA 	Keypress: 5
105.0759 	EXP 	fixation: autoDraw = False
105.0759 	EXP 	fixation: autoDraw = False
105.0759 	EXP 	Target: image = 'images/NeutralProbe.bmp'
105.0759 	EXP 	Target: autoDraw = True
105.4129 	DATA 	Keypress: 5
105.4765 	EXP 	Target: autoDraw = False
105.4765 	EXP 	Target: autoDraw = False
105.4765 	EXP 	feedbackMsg: text = 'You pressed too slow!\n\nYou did not win or lose anything!'
105.4765 	EXP 	feedbackMsg: autoDraw = True
105.5299 	DATA 	Keypress: 1
106.1976 	DATA 	Keypress: 5
106.9626 	DATA 	Keypress: 5
107.0952 	EXP 	New trial (rep=0, index=11): OrderedDict([('Condition', 'SmallReward'), ('FixationDur', 3500)])
107.1285 	EXP 	feedbackMsg: autoDraw = False
107.1285 	EXP 	feedbackMsg: autoDraw = False
107.1285 	EXP 	cueImage: image = 'images/WinSmall.bmp'
107.1285 	EXP 	cueImage: autoDraw = True
107.7468 	DATA 	Keypress: 5
108.5306 	DATA 	Keypress: 5
109.1602 	EXP 	cueImage: autoDraw = False
109.1602 	EXP 	fixation: autoDraw = True
109.2960 	DATA 	Keypress: 5
110.0810 	DATA 	Keypress: 5
110.8649 	DATA 	Keypress: 5
111.6299 	DATA 	Keypress: 5
112.4147 	DATA 	Keypress: 5
112.7104 	EXP 	fixation: autoDraw = False
112.7104 	EXP 	fixation: autoDraw = False
112.7104 	EXP 	Target: image = 'images/WinProbe.bmp'
112.7104 	EXP 	Target: autoDraw = True
113.1128 	EXP 	Target: autoDraw = False
113.1128 	EXP 	Target: autoDraw = False
113.1128 	EXP 	feedbackMsg: text = 'You pressed too slow!\n\nYou did not win $0.20!'
113.1128 	EXP 	feedbackMsg: autoDraw = True
113.1970 	DATA 	Keypress: 5
113.3128 	DATA 	Keypress: 1
113.9636 	DATA 	Keypress: 5
114.7291 	EXP 	New trial (rep=0, index=12): OrderedDict([('Condition', 'LgPun'), ('FixationDur', 3000)])
114.7435 	EXP 	feedbackMsg: autoDraw = False
114.7435 	EXP 	feedbackMsg: autoDraw = False
114.7435 	EXP 	cueImage: image = 'images/LoseBig.bmp'
114.7435 	EXP 	cueImage: autoDraw = True
114.7466 	DATA 	Keypress: 5
115.5303 	DATA 	Keypress: 5
116.2968 	DATA 	Keypress: 5
116.7770 	EXP 	cueImage: autoDraw = False
116.7770 	EXP 	cueImage: autoDraw = False
116.7770 	EXP 	fixation: autoDraw = True
117.0804 	DATA 	Keypress: 5
117.8653 	DATA 	Keypress: 5
118.6309 	DATA 	Keypress: 5
119.4133 	DATA 	Keypress: 5
119.8108 	EXP 	fixation: autoDraw = False
119.8108 	EXP 	fixation: autoDraw = False
119.8108 	EXP 	Target: image = 'images/LoseProbe.bmp'
119.8108 	EXP 	Target: autoDraw = True
120.1651 	DATA 	Keypress: 1
120.1982 	DATA 	Keypress: 5
120.2608 	EXP 	Target: autoDraw = False
120.2608 	EXP 	Target: autoDraw = False
120.2608 	EXP 	feedbackMsg: text = 'Correct Response!\n\nYou did not lose $5.00!'
120.2608 	EXP 	feedbackMsg: autoDraw = True
120.9646 	DATA 	Keypress: 5
121.7472 	DATA 	Keypress: 5
121.8295 	EXP 	New trial (rep=0, index=13): OrderedDict([('Condition', 'LgReward'), ('FixationDur', 1500)])
121.8608 	EXP 	feedbackMsg: autoDraw = False
121.8608 	EXP 	feedbackMsg: autoDraw = False
121.8608 	EXP 	cueImage: image = 'images/WinBig.bmp'
121.8608 	EXP 	cueImage: autoDraw = True
122.5318 	DATA 	Keypress: 5
123.3128 	DATA 	Keypress: 5
123.8935 	EXP 	cueImage: autoDraw = False
123.8935 	EXP 	fixation: autoDraw = True
124.0799 	DATA 	Keypress: 5
124.2125 	DATA 	Keypress: 1
124.8632 	DATA 	Keypress: 5
125.4438 	EXP 	fixation: autoDraw = False
125.4438 	EXP 	fixation: autoDraw = False
125.4438 	EXP 	Target: image = 'images/WinProbe.bmp'
125.4438 	EXP 	Target: autoDraw = True
125.6491 	DATA 	Keypress: 5
125.7133 	DATA 	Keypress: 1
125.8947 	EXP 	Target: autoDraw = False
125.8947 	EXP 	Target: autoDraw = False
125.8947 	EXP 	feedbackMsg: text = 'You pressed too soon!\n\nYou won $5.00!'
125.8947 	EXP 	feedbackMsg: autoDraw = True
126.4134 	DATA 	Keypress: 5
127.1989 	DATA 	Keypress: 5
127.4633 	EXP 	New trial (rep=0, index=14): OrderedDict([('Condition', 'SmallPun'), ('FixationDur', 2000)])
127.4781 	EXP 	feedbackMsg: autoDraw = False
127.4781 	EXP 	feedbackMsg: autoDraw = False
127.4781 	EXP 	cueImage: image = 'images/LoseSmall.bmp'
127.4781 	EXP 	cueImage: autoDraw = True
127.9814 	DATA 	Keypress: 5
128.7469 	DATA 	Keypress: 5
129.5111 	EXP 	cueImage: autoDraw = False
129.5111 	EXP 	cueImage: autoDraw = False
129.5111 	EXP 	fixation: autoDraw = True
129.5337 	DATA 	Keypress: 5
130.3161 	DATA 	Keypress: 5
131.0810 	DATA 	Keypress: 5
131.5454 	EXP 	fixation: autoDraw = False
131.5454 	EXP 	fixation: autoDraw = False
131.5454 	EXP 	Target: image = 'images/LoseProbe.bmp'
131.5454 	EXP 	Target: autoDraw = True
131.8655 	DATA 	Keypress: 5
131.9998 	EXP 	Target: autoDraw = False
131.9998 	EXP 	Target: autoDraw = False
131.9998 	EXP 	feedbackMsg: text = 'You pressed too slow!\n\nYou lost $0.20!'
131.9998 	EXP 	feedbackMsg: autoDraw = True
132.0477 	DATA 	Keypress: 1
132.6483 	DATA 	Keypress: 5
133.4153 	DATA 	Keypress: 5
133.5619 	EXP 	New trial (rep=0, index=15): OrderedDict([('Condition', 'Triangle'), ('FixationDur', 3000)])
133.5774 	EXP 	feedbackMsg: autoDraw = False
133.5774 	EXP 	feedbackMsg: autoDraw = False
133.5774 	EXP 	cueImage: image = 'images/Neutral.bmp'
133.5774 	EXP 	cueImage: autoDraw = True
134.1968 	DATA 	Keypress: 5
134.9828 	DATA 	Keypress: 5
135.6122 	EXP 	cueImage: autoDraw = False
135.6122 	EXP 	fixation: autoDraw = True
135.7479 	DATA 	Keypress: 5
136.5304 	DATA 	Keypress: 5
137.3170 	DATA 	Keypress: 5
138.0823 	DATA 	Keypress: 5
138.6454 	EXP 	fixation: autoDraw = False
138.6454 	EXP 	fixation: autoDraw = False
138.6454 	EXP 	Target: image = 'images/NeutralProbe.bmp'
138.6454 	EXP 	Target: autoDraw = True
138.8644 	DATA 	Keypress: 5
138.9648 	DATA 	Keypress: 1
139.1171 	EXP 	Target: autoDraw = False
139.1171 	EXP 	Target: autoDraw = False
139.1171 	EXP 	feedbackMsg: text = 'Correct Response!\n\nYou did not win or lose anything!'
139.1171 	EXP 	feedbackMsg: autoDraw = True
139.6502 	DATA 	Keypress: 5
140.4154 	DATA 	Keypress: 5
140.6628 	EXP 	New trial (rep=0, index=16): OrderedDict([('Condition', 'LgReward'), ('FixationDur', 4000)])
140.6949 	EXP 	feedbackMsg: autoDraw = False
140.6949 	EXP 	feedbackMsg: autoDraw = False
140.6949 	EXP 	cueImage: image = 'images/WinBig.bmp'
140.6949 	EXP 	cueImage: autoDraw = True
141.1981 	DATA 	Keypress: 5
141.9824 	DATA 	Keypress: 5
142.7294 	EXP 	cueImage: autoDraw = False
142.7294 	EXP 	fixation: autoDraw = True
142.7494 	DATA 	Keypress: 5
143.5323 	DATA 	Keypress: 5
144.3159 	DATA 	Keypress: 5
145.0992 	DATA 	Keypress: 5
145.8649 	DATA 	Keypress: 5
146.6494 	DATA 	Keypress: 5
146.7788 	EXP 	fixation: autoDraw = False
146.7788 	EXP 	fixation: autoDraw = False
146.7788 	EXP 	Target: image = 'images/WinProbe.bmp'
146.7788 	EXP 	Target: autoDraw = True
147.1508 	DATA 	Keypress: 1
147.2465 	EXP 	Target: autoDraw = False
147.2465 	EXP 	Target: autoDraw = False
147.2465 	EXP 	feedbackMsg: text = 'Correct Response!\n\nYou won $5.00!'
147.2465 	EXP 	feedbackMsg: autoDraw = True
147.4330 	DATA 	Keypress: 5
148.1983 	DATA 	Keypress: 5
148.7980 	EXP 	New trial (rep=0, index=17): OrderedDict([('Condition', 'Triangle'), ('FixationDur', 4000)])
148.8123 	EXP 	feedbackMsg: autoDraw = False
148.8123 	EXP 	feedbackMsg: autoDraw = False
148.8123 	EXP 	cueImage: image = 'images/Neutral.bmp'
148.8123 	EXP 	cueImage: autoDraw = True
148.9834 	DATA 	Keypress: 5
149.7662 	DATA 	Keypress: 5
150.5321 	DATA 	Keypress: 5
150.8466 	EXP 	cueImage: autoDraw = False
150.8466 	EXP 	cueImage: autoDraw = False
150.8466 	EXP 	fixation: autoDraw = True
151.3158 	DATA 	Keypress: 5
152.1009 	DATA 	Keypress: 5
152.8653 	DATA 	Keypress: 5
153.6507 	DATA 	Keypress: 5
154.4350 	DATA 	Keypress: 5
154.8789 	EXP 	fixation: autoDraw = False
154.8789 	EXP 	fixation: autoDraw = False
154.8789 	EXP 	Target: image = 'images/NeutralProbe.bmp'
154.8789 	EXP 	Target: autoDraw = True
155.1997 	DATA 	Keypress: 5
155.2493 	DATA 	Keypress: 1
155.3697 	EXP 	Target: autoDraw = False
155.3697 	EXP 	Target: autoDraw = False
155.3697 	EXP 	feedbackMsg: text = 'Correct Response!\n\nYou did not win or lose anything!'
155.3697 	EXP 	feedbackMsg: autoDraw = True
155.9824 	DATA 	Keypress: 5
156.7672 	DATA 	Keypress: 5
156.9136 	EXP 	New trial (rep=0, index=18): OrderedDict([('Condition', 'SmallReward'), ('FixationDur', 2000)])
156.9466 	EXP 	feedbackMsg: autoDraw = False
156.9466 	EXP 	feedbackMsg: autoDraw = False
156.9466 	EXP 	cueImage: image = 'images/WinSmall.bmp'
156.9466 	EXP 	cueImage: autoDraw = True
157.5328 	DATA 	Keypress: 5
158.3169 	DATA 	Keypress: 5
158.9804 	EXP 	cueImage: autoDraw = False
158.9804 	EXP 	fixation: autoDraw = True
159.1012 	DATA 	Keypress: 5
159.8672 	DATA 	Keypress: 5
160.6497 	DATA 	Keypress: 5
161.0204 	EXP 	fixation: autoDraw = False
161.0204 	EXP 	fixation: autoDraw = False
161.0204 	EXP 	Target: image = 'images/WinProbe.bmp'
161.0204 	EXP 	Target: autoDraw = True
161.4345 	DATA 	Keypress: 5
161.4964 	EXP 	Target: autoDraw = False
161.4964 	EXP 	Target: autoDraw = False
161.4964 	EXP 	feedbackMsg: text = 'You pressed too slow!\n\nYou did not win $0.20!'
161.4964 	EXP 	feedbackMsg: autoDraw = True
161.5173 	DATA 	Keypress: 1
162.2004 	DATA 	Keypress: 5
162.9835 	DATA 	Keypress: 5
163.0490 	EXP 	New trial (rep=0, index=19): OrderedDict([('Condition', 'LgPun'), ('FixationDur', 1500)])
163.0633 	EXP 	feedbackMsg: autoDraw = False
163.0633 	EXP 	feedbackMsg: autoDraw = False
163.0633 	EXP 	cueImage: image = 'images/LoseBig.bmp'
163.0633 	EXP 	cueImage: autoDraw = True
163.7670 	DATA 	Keypress: 5
164.5334 	DATA 	Keypress: 5
165.0973 	EXP 	cueImage: autoDraw = False
165.0973 	EXP 	cueImage: autoDraw = False
165.0973 	EXP 	fixation: autoDraw = True
165.3161 	DATA 	Keypress: 5
165.3828 	DATA 	Keypress: 1
166.1017 	DATA 	Keypress: 5
166.6297 	EXP 	fixation: autoDraw = False
166.6297 	EXP 	fixation: autoDraw = False
166.6297 	EXP 	Target: image = 'images/LoseProbe.bmp'
166.6297 	EXP 	Target: autoDraw = True
166.8832 	DATA 	Keypress: 5
167.1044 	EXP 	Target: autoDraw = False
167.1044 	EXP 	Target: autoDraw = False
167.1044 	EXP 	feedbackMsg: text = 'You pressed too soon!\n\nYou lost $5.00!'
167.1044 	EXP 	feedbackMsg: autoDraw = True
167.6503 	DATA 	Keypress: 5
168.4346 	DATA 	Keypress: 5
168.6479 	EXP 	New trial (rep=0, index=20): OrderedDict([('Condition', 'Triangle'), ('FixationDur', 2000)])
168.6635 	EXP 	feedbackMsg: autoDraw = False
168.6635 	EXP 	feedbackMsg: autoDraw = False
168.6635 	EXP 	cueImage: image = 'images/Neutral.bmp'
168.6635 	EXP 	cueImage: autoDraw = True
169.2181 	DATA 	Keypress: 5
169.9827 	DATA 	Keypress: 5
170.6874 	EXP 	cueImage: autoDraw = False
170.6874 	EXP 	cueImage: autoDraw = False
170.6874 	EXP 	fixation: autoDraw = True
170.7674 	DATA 	Keypress: 5
171.5523 	DATA 	Keypress: 5
172.3173 	DATA 	Keypress: 5
172.7303 	EXP 	fixation: autoDraw = False
172.7303 	EXP 	fixation: autoDraw = False
172.7303 	EXP 	Target: image = 'images/NeutralProbe.bmp'
172.7303 	EXP 	Target: autoDraw = True
173.0853 	DATA 	Keypress: 1
173.1014 	DATA 	Keypress: 5
173.2312 	EXP 	Target: autoDraw = False
173.2312 	EXP 	Target: autoDraw = False
173.2312 	EXP 	feedbackMsg: text = 'Correct Response!\n\nYou did not win or lose anything!'
173.2312 	EXP 	feedbackMsg: autoDraw = True
173.8859 	DATA 	Keypress: 5
174.6506 	DATA 	Keypress: 5
174.7662 	EXP 	New trial (rep=0, index=21): OrderedDict([('Condition', 'LgReward'), ('FixationDur', 2000)])
174.7897 	EXP 	feedbackMsg: autoDraw = False
174.7897 	EXP 	feedbackMsg: autoDraw = False
174.7897 	EXP 	cueImage: image = 'images/WinBig.bmp'
174.7897 	EXP 	cueImage: autoDraw = True
175.4326 	DATA 	Keypress: 5
176.2174 	DATA 	Keypress: 5
176.8311 	EXP 	cueImage: autoDraw = False
176.8311 	EXP 	fixation: autoDraw = True
176.9840 	DATA 	Keypress: 5
177.7675 	DATA 	Keypress: 5
178.5526 	DATA 	Keypress: 5
178.8810 	EXP 	fixation: autoDraw = False
178.8810 	EXP 	fixation: autoDraw = False
178.8810 	EXP 	Target: image = 'images/WinProbe.bmp'
178.8810 	EXP 	Target: autoDraw = True
179.1852 	DATA 	Keypress: 1
179.3176 	DATA 	Keypress: 5
179.3815 	EXP 	Target: autoDraw = False
179.3815 	EXP 	Target: autoDraw = False
179.3815 	EXP 	feedbackMsg: text = 'Correct Response!\n\nYou won $5.00!'
179.3815 	EXP 	feedbackMsg: autoDraw = True
180.1014 	DATA 	Keypress: 5
180.8853 	DATA 	Keypress: 5
180.9169 	EXP 	New trial (rep=0, index=22): OrderedDict([('Condition', 'LgPun'), ('FixationDur', 2000)])
180.9313 	EXP 	feedbackMsg: autoDraw = False
180.9313 	EXP 	feedbackMsg: autoDraw = False
180.9313 	EXP 	cueImage: image = 'images/LoseBig.bmp'
180.9313 	EXP 	cueImage: autoDraw = True
181.6509 	DATA 	Keypress: 5
182.4342 	DATA 	Keypress: 5
182.9553 	EXP 	cueImage: autoDraw = False
182.9553 	EXP 	cueImage: autoDraw = False
182.9553 	EXP 	fixation: autoDraw = True
183.2194 	DATA 	Keypress: 5
183.3018 	DATA 	Keypress: 1
183.9851 	DATA 	Keypress: 5
184.7684 	DATA 	Keypress: 5
184.9983 	EXP 	fixation: autoDraw = False
184.9983 	EXP 	fixation: autoDraw = False
184.9983 	EXP 	Target: image = 'images/LoseProbe.bmp'
184.9983 	EXP 	Target: autoDraw = True
185.4979 	EXP 	Target: autoDraw = False
185.4979 	EXP 	Target: autoDraw = False
185.4979 	EXP 	feedbackMsg: text = 'You pressed too soon!\n\nYou lost $5.00!'
185.4979 	EXP 	feedbackMsg: autoDraw = True
185.5527 	DATA 	Keypress: 5
186.3188 	DATA 	Keypress: 5
187.0321 	EXP 	New trial (rep=0, index=23): OrderedDict([('Condition', 'SmallReward'), ('FixationDur', 1500)])
187.0556 	EXP 	feedbackMsg: autoDraw = False
187.0556 	EXP 	feedbackMsg: autoDraw = False
187.0556 	EXP 	cueImage: image = 'images/WinSmall.bmp'
187.0556 	EXP 	cueImage: autoDraw = True
187.1006 	DATA 	Keypress: 5
187.8846 	DATA 	Keypress: 5
188.6692 	DATA 	Keypress: 5
189.0735 	EXP 	cueImage: autoDraw = False
189.0735 	EXP 	fixation: autoDraw = True
189.4353 	DATA 	Keypress: 5
190.2188 	DATA 	Keypress: 5
190.6243 	EXP 	fixation: autoDraw = False
190.6243 	EXP 	fixation: autoDraw = False
190.6243 	EXP 	Target: image = 'images/WinProbe.bmp'
190.6243 	EXP 	Target: autoDraw = True
191.0030 	DATA 	Keypress: 5
191.0529 	DATA 	Keypress: 1
191.1157 	EXP 	Target: autoDraw = False
191.1157 	EXP 	Target: autoDraw = False
191.1157 	EXP 	feedbackMsg: text = 'Correct Response!\n\nYou won $0.20!'
191.1157 	EXP 	feedbackMsg: autoDraw = True
191.7676 	DATA 	Keypress: 5
192.5538 	DATA 	Keypress: 5
192.6509 	EXP 	New trial (rep=0, index=24): OrderedDict([('Condition', 'LgPun'), ('FixationDur', 1500)])
192.6653 	EXP 	feedbackMsg: autoDraw = False
192.6653 	EXP 	feedbackMsg: autoDraw = False
192.6653 	EXP 	cueImage: image = 'images/LoseBig.bmp'
192.6653 	EXP 	cueImage: autoDraw = True
193.3356 	DATA 	Keypress: 5
194.1018 	DATA 	Keypress: 5
194.6901 	EXP 	cueImage: autoDraw = False
194.6901 	EXP 	cueImage: autoDraw = False
194.6901 	EXP 	fixation: autoDraw = True
194.8867 	DATA 	Keypress: 5
195.6701 	DATA 	Keypress: 5
196.2325 	EXP 	fixation: autoDraw = False
196.2325 	EXP 	fixation: autoDraw = False
196.2325 	EXP 	Target: image = 'images/LoseProbe.bmp'
196.2325 	EXP 	Target: autoDraw = True
196.4352 	DATA 	Keypress: 5
196.7493 	EXP 	Target: autoDraw = False
196.7493 	EXP 	Target: autoDraw = False
196.7493 	EXP 	feedbackMsg: text = 'You pressed too slow!\n\nYou lost $5.00!'
196.7493 	EXP 	feedbackMsg: autoDraw = True
196.7690 	DATA 	Keypress: 1
197.2178 	DATA 	Keypress: 5
198.0038 	DATA 	Keypress: 5
198.2512 	EXP 	New trial (rep=0, index=25): OrderedDict([('Condition', 'LgReward'), ('FixationDur', 1500)])
198.2743 	EXP 	feedbackMsg: autoDraw = False
198.2743 	EXP 	feedbackMsg: autoDraw = False
198.2743 	EXP 	cueImage: image = 'images/WinBig.bmp'
198.2743 	EXP 	cueImage: autoDraw = True
198.7690 	DATA 	Keypress: 5
199.5517 	DATA 	Keypress: 5
200.3085 	EXP 	cueImage: autoDraw = False
200.3085 	EXP 	fixation: autoDraw = True
200.3375 	DATA 	Keypress: 5
201.1025 	DATA 	Keypress: 5
201.8582 	EXP 	fixation: autoDraw = False
201.8582 	EXP 	fixation: autoDraw = False
201.8582 	EXP 	Target: image = 'images/WinProbe.bmp'
201.8582 	EXP 	Target: autoDraw = True
201.8847 	DATA 	Keypress: 5
202.3832 	EXP 	Target: autoDraw = False
202.3832 	EXP 	Target: autoDraw = False
202.3832 	EXP 	feedbackMsg: text = 'You pressed too slow!\n\nYou did not win $5.00!'
202.3832 	EXP 	feedbackMsg: autoDraw = True
202.6699 	DATA 	Keypress: 5
203.4362 	DATA 	Keypress: 5
203.9014 	EXP 	New trial (rep=0, index=26): OrderedDict([('Condition', 'Triangle'), ('FixationDur', 1500)])
203.9157 	EXP 	feedbackMsg: autoDraw = False
203.9157 	EXP 	feedbackMsg: autoDraw = False
203.9157 	EXP 	cueImage: image = 'images/Neutral.bmp'
203.9157 	EXP 	cueImage: autoDraw = True
204.2187 	DATA 	Keypress: 5
205.0031 	DATA 	Keypress: 5
205.7694 	DATA 	Keypress: 5
205.9423 	EXP 	cueImage: autoDraw = False
205.9423 	EXP 	cueImage: autoDraw = False
205.9423 	EXP 	fixation: autoDraw = True
206.5522 	DATA 	Keypress: 5
207.3352 	DATA 	Keypress: 5
207.4827 	EXP 	fixation: autoDraw = False
207.4827 	EXP 	fixation: autoDraw = False
207.4827 	EXP 	Target: image = 'images/NeutralProbe.bmp'
207.4827 	EXP 	Target: autoDraw = True
207.8374 	DATA 	Keypress: 1
208.0094 	EXP 	Target: autoDraw = False
208.0094 	EXP 	Target: autoDraw = False
208.0094 	EXP 	feedbackMsg: text = 'Correct Response!\n\nYou did not win or lose anything!'
208.0094 	EXP 	feedbackMsg: autoDraw = True
208.1039 	DATA 	Keypress: 5
208.8861 	DATA 	Keypress: 5
209.5183 	EXP 	New trial (rep=0, index=27): OrderedDict([('Condition', 'SmallReward'), ('FixationDur', 2500)])
209.5423 	EXP 	feedbackMsg: autoDraw = False
209.5423 	EXP 	feedbackMsg: autoDraw = False
209.5423 	EXP 	cueImage: image = 'images/WinSmall.bmp'
209.5423 	EXP 	cueImage: autoDraw = True
209.6707 	DATA 	Keypress: 5
210.4532 	DATA 	Keypress: 5
211.2204 	DATA 	Keypress: 5
211.5766 	EXP 	cueImage: autoDraw = False
211.5766 	EXP 	fixation: autoDraw = True
212.0046 	DATA 	Keypress: 5
212.7880 	DATA 	Keypress: 5
213.5525 	DATA 	Keypress: 5
214.1350 	EXP 	fixation: autoDraw = False
214.1350 	EXP 	fixation: autoDraw = False
214.1350 	EXP 	Target: image = 'images/WinProbe.bmp'
214.1350 	EXP 	Target: autoDraw = True
214.3373 	DATA 	Keypress: 5
214.4539 	DATA 	Keypress: 1
214.6499 	EXP 	Target: autoDraw = False
214.6499 	EXP 	Target: autoDraw = False
214.6499 	EXP 	feedbackMsg: text = 'Correct Response!\n\nYou won $0.20!'
214.6499 	EXP 	feedbackMsg: autoDraw = True
215.1199 	DATA 	Keypress: 5
215.8863 	DATA 	Keypress: 5
216.1689 	EXP 	New trial (rep=0, index=28): OrderedDict([('Condition', 'SmallPun'), ('FixationDur', 1500)])
216.1832 	EXP 	feedbackMsg: autoDraw = False
216.1832 	EXP 	feedbackMsg: autoDraw = False
216.1832 	EXP 	cueImage: image = 'images/LoseSmall.bmp'
216.1832 	EXP 	cueImage: autoDraw = True
216.6702 	DATA 	Keypress: 5
217.4517 	DATA 	Keypress: 5
218.2100 	EXP 	cueImage: autoDraw = False
218.2100 	EXP 	cueImage: autoDraw = False
218.2100 	EXP 	fixation: autoDraw = True
218.2199 	DATA 	Keypress: 5
219.0042 	DATA 	Keypress: 5
219.7452 	EXP 	fixation: autoDraw = False
219.7452 	EXP 	fixation: autoDraw = False
219.7452 	EXP 	Target: image = 'images/LoseProbe.bmp'
219.7452 	EXP 	Target: autoDraw = True
219.7883 	DATA 	Keypress: 5
220.2836 	EXP 	Target: autoDraw = False
220.2836 	EXP 	Target: autoDraw = False
220.2836 	EXP 	feedbackMsg: text = 'You pressed too slow!\n\nYou lost $0.20!'
220.2836 	EXP 	feedbackMsg: autoDraw = True
220.5541 	DATA 	Keypress: 5
220.8043 	DATA 	Keypress: 1
221.3371 	DATA 	Keypress: 5
221.7695 	EXP 	New trial (rep=0, index=29): OrderedDict([('Condition', 'LgReward'), ('FixationDur', 2500)])
221.7939 	EXP 	feedbackMsg: autoDraw = False
221.7939 	EXP 	feedbackMsg: autoDraw = False
221.7939 	EXP 	cueImage: image = 'images/WinBig.bmp'
221.7939 	EXP 	cueImage: autoDraw = True
222.1215 	DATA 	Keypress: 5
222.8870 	DATA 	Keypress: 5
223.6700 	DATA 	Keypress: 5
223.8285 	EXP 	cueImage: autoDraw = False
223.8285 	EXP 	fixation: autoDraw = True
224.4549 	DATA 	Keypress: 5
225.2213 	DATA 	Keypress: 5
226.0051 	DATA 	Keypress: 5
226.3783 	EXP 	fixation: autoDraw = False
226.3783 	EXP 	fixation: autoDraw = False
226.3783 	EXP 	Target: image = 'images/WinProbe.bmp'
226.3783 	EXP 	Target: autoDraw = True
226.7881 	DATA 	Keypress: 5
226.7898 	DATA 	Keypress: 1
226.9182 	EXP 	Target: autoDraw = False
226.9182 	EXP 	Target: autoDraw = False
226.9182 	EXP 	feedbackMsg: text = 'Correct Response!\n\nYou won $5.00!'
226.9182 	EXP 	feedbackMsg: autoDraw = True
227.5554 	DATA 	Keypress: 5
228.3370 	DATA 	Keypress: 5
228.4031 	EXP 	New trial (rep=0, index=30): OrderedDict([('Condition', 'LgPun'), ('FixationDur', 1500)])
228.4174 	EXP 	feedbackMsg: autoDraw = False
228.4174 	EXP 	feedbackMsg: autoDraw = False
228.4174 	EXP 	cueImage: image = 'images/LoseBig.bmp'
228.4174 	EXP 	cueImage: autoDraw = True
229.1201 	DATA 	Keypress: 5
229.9053 	DATA 	Keypress: 5
230.4453 	EXP 	cueImage: autoDraw = False
230.4453 	EXP 	cueImage: autoDraw = False
230.4453 	EXP 	fixation: autoDraw = True
230.6711 	DATA 	Keypress: 5
231.4559 	DATA 	Keypress: 5
231.9797 	EXP 	fixation: autoDraw = False
231.9797 	EXP 	fixation: autoDraw = False
231.9797 	EXP 	Target: image = 'images/LoseProbe.bmp'
231.9797 	EXP 	Target: autoDraw = True
232.2385 	DATA 	Keypress: 5
232.2401 	DATA 	Keypress: 1
232.5185 	EXP 	Target: autoDraw = False
232.5185 	EXP 	Target: autoDraw = False
232.5185 	EXP 	feedbackMsg: text = 'Correct Response!\n\nYou did not lose $5.00!'
232.5185 	EXP 	feedbackMsg: autoDraw = True
233.0037 	DATA 	Keypress: 5
233.7885 	DATA 	Keypress: 5
234.0036 	EXP 	New trial (rep=0, index=31): OrderedDict([('Condition', 'LgPun'), ('FixationDur', 1500)])
234.0181 	EXP 	feedbackMsg: autoDraw = False
234.0181 	EXP 	feedbackMsg: autoDraw = False
234.0181 	EXP 	cueImage: image = 'images/LoseBig.bmp'
234.0181 	EXP 	cueImage: autoDraw = True
234.5701 	DATA 	Keypress: 5
235.3364 	DATA 	Keypress: 5
236.0461 	EXP 	cueImage: autoDraw = False
236.0461 	EXP 	cueImage: autoDraw = False
236.0461 	EXP 	fixation: autoDraw = True
236.1227 	DATA 	Keypress: 5
236.9062 	DATA 	Keypress: 5
237.5810 	EXP 	fixation: autoDraw = False
237.5810 	EXP 	fixation: autoDraw = False
237.5810 	EXP 	Target: image = 'images/LoseProbe.bmp'
237.5810 	EXP 	Target: autoDraw = True
237.6711 	DATA 	Keypress: 5
237.9044 	DATA 	Keypress: 1
238.1178 	EXP 	Target: autoDraw = False
238.1178 	EXP 	Target: autoDraw = False
238.1178 	EXP 	feedbackMsg: text = 'Correct Response!\n\nYou did not lose $5.00!'
238.1178 	EXP 	feedbackMsg: autoDraw = True
238.4550 	DATA 	Keypress: 5
239.2390 	DATA 	Keypress: 5
239.6039 	EXP 	New trial (rep=0, index=32): OrderedDict([('Condition', 'SmallPun'), ('FixationDur', 2500)])
239.6184 	EXP 	feedbackMsg: autoDraw = False
239.6184 	EXP 	feedbackMsg: autoDraw = False
239.6184 	EXP 	cueImage: image = 'images/LoseSmall.bmp'
239.6184 	EXP 	cueImage: autoDraw = True
240.0044 	DATA 	Keypress: 5
240.7887 	DATA 	Keypress: 5
241.5728 	DATA 	Keypress: 5
241.6472 	EXP 	cueImage: autoDraw = False
241.6472 	EXP 	cueImage: autoDraw = False
241.6472 	EXP 	fixation: autoDraw = True
242.3388 	DATA 	Keypress: 5
243.1214 	DATA 	Keypress: 5
243.9068 	DATA 	Keypress: 5
244.1811 	EXP 	fixation: autoDraw = False
244.1811 	EXP 	fixation: autoDraw = False
244.1811 	EXP 	Target: image = 'images/LoseProbe.bmp'
244.1811 	EXP 	Target: autoDraw = True
244.3053 	DATA 	Keypress: 1
244.7123 	DATA 	Keypress: 5
244.7194 	EXP 	Target: autoDraw = False
244.7194 	EXP 	Target: autoDraw = False
244.7194 	EXP 	feedbackMsg: text = 'Correct Response!\n\nYou did not lose $0.20!'
244.7194 	EXP 	feedbackMsg: autoDraw = True
245.4551 	DATA 	Keypress: 5
246.2041 	EXP 	New trial (rep=0, index=33): OrderedDict([('Condition', 'SmallReward'), ('FixationDur', 1500)])
246.2306 	EXP 	feedbackMsg: autoDraw = False
246.2306 	EXP 	feedbackMsg: autoDraw = False
246.2306 	EXP 	cueImage: image = 'images/WinSmall.bmp'
246.2306 	EXP 	cueImage: autoDraw = True
246.2340 	DATA 	Keypress: 5
247.0057 	DATA 	Keypress: 5
247.7878 	DATA 	Keypress: 5
248.2686 	EXP 	cueImage: autoDraw = False
248.2686 	EXP 	fixation: autoDraw = True
248.5736 	DATA 	Keypress: 5
249.3394 	DATA 	Keypress: 5
249.8148 	EXP 	fixation: autoDraw = False
249.8148 	EXP 	fixation: autoDraw = False
249.8148 	EXP 	Target: image = 'images/WinProbe.bmp'
249.8148 	EXP 	Target: autoDraw = True
250.1220 	DATA 	Keypress: 5
250.2054 	DATA 	Keypress: 1
250.3526 	EXP 	Target: autoDraw = False
250.3526 	EXP 	Target: autoDraw = False
250.3526 	EXP 	feedbackMsg: text = 'Correct Response!\n\nYou won $0.20!'
250.3526 	EXP 	feedbackMsg: autoDraw = True
250.9069 	DATA 	Keypress: 5
251.6898 	DATA 	Keypress: 5
251.8379 	EXP 	New trial (rep=0, index=34): OrderedDict([('Condition', 'LgReward'), ('FixationDur', 1500)])
251.8654 	EXP 	feedbackMsg: autoDraw = False
251.8654 	EXP 	feedbackMsg: autoDraw = False
251.8654 	EXP 	cueImage: image = 'images/WinBig.bmp'
251.8654 	EXP 	cueImage: autoDraw = True
252.4559 	DATA 	Keypress: 5
252.5395 	DATA 	Keypress: 1
253.2388 	DATA 	Keypress: 5
253.8986 	EXP 	cueImage: autoDraw = False
253.8986 	EXP 	fixation: autoDraw = True
254.0196 	DATA 	Keypress: 5
254.7883 	DATA 	Keypress: 5
255.4485 	EXP 	fixation: autoDraw = False
255.4485 	EXP 	fixation: autoDraw = False
255.4485 	EXP 	Target: image = 'images/WinProbe.bmp'
255.4485 	EXP 	Target: autoDraw = True
255.5736 	DATA 	Keypress: 5
255.8387 	DATA 	Keypress: 1
255.9653 	EXP 	Target: autoDraw = False
255.9653 	EXP 	Target: autoDraw = False
255.9653 	EXP 	feedbackMsg: text = 'Correct Response!\n\nYou won $5.00!'
255.9653 	EXP 	feedbackMsg: autoDraw = True
256.3570 	DATA 	Keypress: 5
257.1220 	DATA 	Keypress: 5
257.4716 	EXP 	New trial (rep=0, index=35): OrderedDict([('Condition', 'SmallPun'), ('FixationDur', 1500)])
257.4859 	EXP 	feedbackMsg: autoDraw = False
257.4859 	EXP 	feedbackMsg: autoDraw = False
257.4859 	EXP 	cueImage: image = 'images/LoseSmall.bmp'
257.4859 	EXP 	cueImage: autoDraw = True
257.9057 	DATA 	Keypress: 5
258.6906 	DATA 	Keypress: 5
259.4555 	DATA 	Keypress: 5
259.5156 	EXP 	cueImage: autoDraw = False
259.5156 	EXP 	cueImage: autoDraw = False
259.5156 	EXP 	fixation: autoDraw = True
260.2362 	DATA 	Keypress: 5
261.0402 	DATA 	Keypress: 5
261.0493 	EXP 	fixation: autoDraw = False
261.0493 	EXP 	fixation: autoDraw = False
261.0493 	EXP 	Target: image = 'images/LoseProbe.bmp'
261.0493 	EXP 	Target: autoDraw = True
261.5529 	EXP 	Target: autoDraw = False
261.5529 	EXP 	Target: autoDraw = False
261.5529 	EXP 	feedbackMsg: text = 'You pressed too slow!\n\nYou lost $0.20!'
261.5529 	EXP 	feedbackMsg: autoDraw = True
261.5742 	DATA 	Keypress: 1
261.7894 	DATA 	Keypress: 5
262.5724 	DATA 	Keypress: 5
263.0720 	EXP 	New trial (rep=0, index=36): OrderedDict([('Condition', 'SmallPun'), ('FixationDur', 3000)])
263.0862 	EXP 	feedbackMsg: autoDraw = False
263.0862 	EXP 	feedbackMsg: autoDraw = False
263.0862 	EXP 	cueImage: image = 'images/LoseSmall.bmp'
263.0862 	EXP 	cueImage: autoDraw = True
263.3573 	DATA 	Keypress: 5
264.1229 	DATA 	Keypress: 5
264.9069 	DATA 	Keypress: 5
265.1172 	EXP 	cueImage: autoDraw = False
265.1172 	EXP 	cueImage: autoDraw = False
265.1172 	EXP 	fixation: autoDraw = True
265.6877 	DATA 	Keypress: 5
266.4573 	DATA 	Keypress: 5
267.2406 	DATA 	Keypress: 5
268.0248 	DATA 	Keypress: 5
268.1498 	EXP 	fixation: autoDraw = False
268.1498 	EXP 	fixation: autoDraw = False
268.1498 	EXP 	Target: image = 'images/LoseProbe.bmp'
268.1498 	EXP 	Target: autoDraw = True
268.4893 	DATA 	Keypress: 1
268.6541 	EXP 	Target: autoDraw = False
268.6541 	EXP 	Target: autoDraw = False
268.6541 	EXP 	feedbackMsg: text = 'Correct Response!\n\nYou did not lose $0.20!'
268.6541 	EXP 	feedbackMsg: autoDraw = True
268.8080 	DATA 	Keypress: 5
269.5732 	DATA 	Keypress: 5
270.1722 	EXP 	New trial (rep=0, index=37): OrderedDict([('Condition', 'SmallReward'), ('FixationDur', 3000)])
270.2005 	EXP 	feedbackMsg: autoDraw = False
270.2005 	EXP 	feedbackMsg: autoDraw = False
270.2005 	EXP 	cueImage: image = 'images/WinSmall.bmp'
270.2005 	EXP 	cueImage: autoDraw = True
270.3537 	DATA 	Keypress: 5
271.1373 	DATA 	Keypress: 5
271.9068 	DATA 	Keypress: 5
272.2340 	EXP 	cueImage: autoDraw = False
272.2340 	EXP 	fixation: autoDraw = True
272.6874 	DATA 	Keypress: 5
273.4717 	DATA 	Keypress: 5
274.2375 	DATA 	Keypress: 5
275.0215 	DATA 	Keypress: 5
275.2842 	EXP 	fixation: autoDraw = False
275.2842 	EXP 	fixation: autoDraw = False
275.2842 	EXP 	Target: image = 'images/WinProbe.bmp'
275.2842 	EXP 	Target: autoDraw = True
275.7485 	DATA 	Keypress: 1
275.7543 	EXP 	Target: autoDraw = False
275.7543 	EXP 	Target: autoDraw = False
275.7543 	EXP 	feedbackMsg: text = 'You pressed too slow!\n\nYou did not win $0.20!'
275.7543 	EXP 	feedbackMsg: autoDraw = True
275.8080 	DATA 	Keypress: 5
276.5734 	DATA 	Keypress: 5
277.3061 	EXP 	New trial (rep=0, index=38): OrderedDict([('Condition', 'SmallPun'), ('FixationDur', 1500)])
277.3209 	EXP 	feedbackMsg: autoDraw = False
277.3209 	EXP 	feedbackMsg: autoDraw = False
277.3209 	EXP 	cueImage: image = 'images/LoseSmall.bmp'
277.3209 	EXP 	cueImage: autoDraw = True
277.3580 	DATA 	Keypress: 5
278.1413 	DATA 	Keypress: 5
278.9067 	DATA 	Keypress: 5
279.3521 	EXP 	cueImage: autoDraw = False
279.3521 	EXP 	cueImage: autoDraw = False
279.3521 	EXP 	fixation: autoDraw = True
279.6881 	DATA 	Keypress: 5
280.4753 	DATA 	Keypress: 5
280.8850 	EXP 	fixation: autoDraw = False
280.8850 	EXP 	fixation: autoDraw = False
280.8850 	EXP 	Target: image = 'images/LoseProbe.bmp'
280.8850 	EXP 	Target: autoDraw = True
281.1226 	DATA 	Keypress: 1
281.2559 	DATA 	Keypress: 5
281.3691 	EXP 	Target: autoDraw = False
281.3691 	EXP 	Target: autoDraw = False
281.3691 	EXP 	feedbackMsg: text = 'Correct Response!\n\nYou did not lose $0.20!'
281.3691 	EXP 	feedbackMsg: autoDraw = True
282.0222 	DATA 	Keypress: 5
282.8061 	DATA 	Keypress: 5
282.9232 	EXP 	New trial (rep=0, index=39): OrderedDict([('Condition', 'LgReward'), ('FixationDur', 2000)])
282.9522 	EXP 	feedbackMsg: autoDraw = False
282.9522 	EXP 	feedbackMsg: autoDraw = False
282.9522 	EXP 	cueImage: image = 'images/WinBig.bmp'
282.9522 	EXP 	cueImage: autoDraw = True
283.5888 	DATA 	Keypress: 5
284.3573 	DATA 	Keypress: 5
284.9858 	EXP 	cueImage: autoDraw = False
284.9858 	EXP 	fixation: autoDraw = True
285.1428 	DATA 	Keypress: 5
285.9084 	DATA 	Keypress: 5
286.6917 	DATA 	Keypress: 5
287.0363 	EXP 	fixation: autoDraw = False
287.0363 	EXP 	fixation: autoDraw = False
287.0363 	EXP 	Target: image = 'images/WinProbe.bmp'
287.0363 	EXP 	Target: autoDraw = True
287.5020 	DATA 	Keypress: 5
287.5193 	EXP 	Target: autoDraw = False
287.5193 	EXP 	Target: autoDraw = False
287.5193 	EXP 	feedbackMsg: text = 'You pressed too slow!\n\nYou did not win $5.00!'
287.5193 	EXP 	feedbackMsg: autoDraw = True
288.2416 	DATA 	Keypress: 5
289.0252 	DATA 	Keypress: 5
289.0570 	EXP 	New trial (rep=0, index=40): OrderedDict([('Condition', 'LgPun'), ('FixationDur', 2500)])
289.0714 	EXP 	feedbackMsg: autoDraw = False
289.0714 	EXP 	feedbackMsg: autoDraw = False
289.0714 	EXP 	cueImage: image = 'images/LoseBig.bmp'
289.0714 	EXP 	cueImage: autoDraw = True
289.8083 	DATA 	Keypress: 5
290.5747 	DATA 	Keypress: 5
291.1033 	EXP 	cueImage: autoDraw = False
291.1033 	EXP 	cueImage: autoDraw = False
291.1033 	EXP 	fixation: autoDraw = True
291.3585 	DATA 	Keypress: 5
292.1432 	DATA 	Keypress: 5
292.9264 	DATA 	Keypress: 5
293.6363 	EXP 	fixation: autoDraw = False
293.6363 	EXP 	fixation: autoDraw = False
293.6363 	EXP 	Target: image = 'images/LoseProbe.bmp'
293.6363 	EXP 	Target: autoDraw = True
293.6919 	DATA 	Keypress: 5
293.9748 	DATA 	Keypress: 1
294.1381 	EXP 	Target: autoDraw = False
294.1381 	EXP 	Target: autoDraw = False
294.1381 	EXP 	feedbackMsg: text = 'Correct Response!\n\nYou did not lose $5.00!'
294.1381 	EXP 	feedbackMsg: autoDraw = True
294.4754 	DATA 	Keypress: 5
295.2600 	DATA 	Keypress: 5
295.6742 	EXP 	New trial (rep=0, index=41): OrderedDict([('Condition', 'Triangle'), ('FixationDur', 3500)])
295.6880 	EXP 	feedbackMsg: autoDraw = False
295.6880 	EXP 	feedbackMsg: autoDraw = False
295.6880 	EXP 	cueImage: image = 'images/Neutral.bmp'
295.6880 	EXP 	cueImage: autoDraw = True
296.0240 	DATA 	Keypress: 5
296.8090 	DATA 	Keypress: 5
297.5928 	DATA 	Keypress: 5
297.7209 	EXP 	cueImage: autoDraw = False
297.7209 	EXP 	cueImage: autoDraw = False
297.7209 	EXP 	fixation: autoDraw = True
298.3590 	DATA 	Keypress: 5
299.1424 	DATA 	Keypress: 5
299.9263 	DATA 	Keypress: 5
300.6921 	DATA 	Keypress: 5
301.2541 	EXP 	fixation: autoDraw = False
301.2541 	EXP 	fixation: autoDraw = False
301.2541 	EXP 	Target: image = 'images/NeutralProbe.bmp'
301.2541 	EXP 	Target: autoDraw = True
301.4765 	DATA 	Keypress: 5
301.5931 	DATA 	Keypress: 1
301.7553 	EXP 	Target: autoDraw = False
301.7553 	EXP 	Target: autoDraw = False
301.7553 	EXP 	feedbackMsg: text = 'Correct Response!\n\nYou did not win or lose anything!'
301.7553 	EXP 	feedbackMsg: autoDraw = True
302.2584 	DATA 	Keypress: 5
303.0259 	DATA 	Keypress: 5
303.2910 	EXP 	New trial (rep=0, index=42): OrderedDict([('Condition', 'SmallPun'), ('FixationDur', 2000)])
303.3053 	EXP 	feedbackMsg: autoDraw = False
303.3053 	EXP 	feedbackMsg: autoDraw = False
303.3053 	EXP 	cueImage: image = 'images/LoseSmall.bmp'
303.3053 	EXP 	cueImage: autoDraw = True
303.8088 	DATA 	Keypress: 5
304.5932 	DATA 	Keypress: 5
305.3387 	EXP 	cueImage: autoDraw = False
305.3387 	EXP 	cueImage: autoDraw = False
305.3387 	EXP 	fixation: autoDraw = True
305.3594 	DATA 	Keypress: 5
306.1426 	DATA 	Keypress: 5
306.9272 	DATA 	Keypress: 5
307.3100 	DATA 	Keypress: 1
307.3716 	EXP 	fixation: autoDraw = False
307.3716 	EXP 	fixation: autoDraw = False
307.3716 	EXP 	Target: image = 'images/LoseProbe.bmp'
307.3716 	EXP 	Target: autoDraw = True
307.6927 	DATA 	Keypress: 5
307.8886 	EXP 	Target: autoDraw = False
307.8886 	EXP 	Target: autoDraw = False
307.8886 	EXP 	feedbackMsg: text = 'You pressed too soon!\n\nYou lost $0.20!'
307.8886 	EXP 	feedbackMsg: autoDraw = True
308.4753 	DATA 	Keypress: 5
309.2601 	DATA 	Keypress: 5
309.4086 	EXP 	New trial (rep=0, index=43): OrderedDict([('Condition', 'LgPun'), ('FixationDur', 4000)])
309.4227 	EXP 	feedbackMsg: autoDraw = False
309.4227 	EXP 	feedbackMsg: autoDraw = False
309.4227 	EXP 	cueImage: image = 'images/LoseBig.bmp'
309.4227 	EXP 	cueImage: autoDraw = True
310.0261 	DATA 	Keypress: 5
310.8089 	DATA 	Keypress: 5
311.4566 	EXP 	cueImage: autoDraw = False
311.4566 	EXP 	cueImage: autoDraw = False
311.4566 	EXP 	fixation: autoDraw = True
311.5946 	DATA 	Keypress: 5
312.3600 	DATA 	Keypress: 5
313.1433 	DATA 	Keypress: 5
313.9274 	DATA 	Keypress: 5
314.6939 	DATA 	Keypress: 5
315.4803 	DATA 	Keypress: 5
315.4890 	EXP 	fixation: autoDraw = False
315.4890 	EXP 	fixation: autoDraw = False
315.4890 	EXP 	Target: image = 'images/LoseProbe.bmp'
315.4890 	EXP 	Target: autoDraw = True
315.9902 	EXP 	Target: autoDraw = False
315.9902 	EXP 	Target: autoDraw = False
315.9902 	EXP 	feedbackMsg: text = 'You pressed too slow!\n\nYou lost $5.00!'
315.9902 	EXP 	feedbackMsg: autoDraw = True
316.0270 	DATA 	Keypress: 1
316.2603 	DATA 	Keypress: 5
317.0443 	DATA 	Keypress: 5
317.5257 	EXP 	New trial (rep=0, index=44): OrderedDict([('Condition', 'Triangle'), ('FixationDur', 1500)])
317.5393 	EXP 	feedbackMsg: autoDraw = False
317.5393 	EXP 	feedbackMsg: autoDraw = False
317.5393 	EXP 	cueImage: image = 'images/Neutral.bmp'
317.5393 	EXP 	cueImage: autoDraw = True
317.8087 	DATA 	Keypress: 5
318.5945 	DATA 	Keypress: 5
319.3765 	DATA 	Keypress: 5
319.5736 	EXP 	cueImage: autoDraw = False
319.5736 	EXP 	cueImage: autoDraw = False
319.5736 	EXP 	fixation: autoDraw = True
320.1434 	DATA 	Keypress: 5
320.9271 	DATA 	Keypress: 5
321.1070 	EXP 	fixation: autoDraw = False
321.1070 	EXP 	fixation: autoDraw = False
321.1070 	EXP 	Target: image = 'images/NeutralProbe.bmp'
321.1070 	EXP 	Target: autoDraw = True
321.4785 	DATA 	Keypress: 1
321.6401 	EXP 	Target: autoDraw = False
321.6401 	EXP 	Target: autoDraw = False
321.6401 	EXP 	feedbackMsg: text = 'Correct Response!\n\nYou did not win or lose anything!'
321.6401 	EXP 	feedbackMsg: autoDraw = True
321.7111 	DATA 	Keypress: 5
322.4766 	DATA 	Keypress: 5
323.1258 	EXP 	New trial (rep=0, index=45): OrderedDict([('Condition', 'LgReward'), ('FixationDur', 3500)])
323.1570 	EXP 	feedbackMsg: autoDraw = False
323.1570 	EXP 	feedbackMsg: autoDraw = False
323.1570 	EXP 	cueImage: image = 'images/WinBig.bmp'
323.1570 	EXP 	cueImage: autoDraw = True
323.2610 	DATA 	Keypress: 5
324.0442 	DATA 	Keypress: 5
324.8102 	DATA 	Keypress: 5
325.1912 	EXP 	cueImage: autoDraw = False
325.1912 	EXP 	fixation: autoDraw = True
325.5940 	DATA 	Keypress: 5
325.5957 	DATA 	Keypress: 1
326.3792 	DATA 	Keypress: 5
327.1440 	DATA 	Keypress: 5
327.9283 	DATA 	Keypress: 5
328.7287 	DATA 	Keypress: 5
328.7411 	EXP 	fixation: autoDraw = False
328.7411 	EXP 	fixation: autoDraw = False
328.7411 	EXP 	Target: image = 'images/WinProbe.bmp'
328.7411 	EXP 	Target: autoDraw = True
329.2709 	DATA 	Keypress: 1
329.2912 	EXP 	Target: autoDraw = False
329.2912 	EXP 	Target: autoDraw = False
329.2912 	EXP 	feedbackMsg: text = 'You pressed too soon!\n\nYou did not win $5.00!'
329.2912 	EXP 	feedbackMsg: autoDraw = True
329.4769 	DATA 	Keypress: 5
330.2599 	DATA 	Keypress: 5
330.7596 	EXP 	New trial (rep=0, index=46): OrderedDict([('Condition', 'Triangle'), ('FixationDur', 1500)])
330.7743 	EXP 	feedbackMsg: autoDraw = False
330.7743 	EXP 	feedbackMsg: autoDraw = False
330.7743 	EXP 	cueImage: image = 'images/Neutral.bmp'
330.7743 	EXP 	cueImage: autoDraw = True
331.0454 	DATA 	Keypress: 5
331.8110 	DATA 	Keypress: 5
332.5940 	DATA 	Keypress: 5
332.8079 	EXP 	cueImage: autoDraw = False
332.8079 	EXP 	cueImage: autoDraw = False
332.8079 	EXP 	fixation: autoDraw = True
333.3791 	DATA 	Keypress: 5
334.1443 	DATA 	Keypress: 5
334.3411 	EXP 	fixation: autoDraw = False
334.3411 	EXP 	fixation: autoDraw = False
334.3411 	EXP 	Target: image = 'images/NeutralProbe.bmp'
334.3411 	EXP 	Target: autoDraw = True
334.7459 	DATA 	Keypress: 1
334.8745 	EXP 	Target: autoDraw = False
334.8745 	EXP 	Target: autoDraw = False
334.8745 	EXP 	feedbackMsg: text = 'Correct Response!\n\nYou did not win or lose anything!'
334.8745 	EXP 	feedbackMsg: autoDraw = True
334.9272 	DATA 	Keypress: 5
335.7114 	DATA 	Keypress: 5
336.3603 	EXP 	New trial (rep=0, index=47): OrderedDict([('Condition', 'LgReward'), ('FixationDur', 3000)])
336.3914 	EXP 	feedbackMsg: autoDraw = False
336.3914 	EXP 	feedbackMsg: autoDraw = False
336.3914 	EXP 	cueImage: image = 'images/WinBig.bmp'
336.3914 	EXP 	cueImage: autoDraw = True
336.4948 	DATA 	Keypress: 5
337.2607 	DATA 	Keypress: 5
338.0453 	DATA 	Keypress: 5
338.4253 	EXP 	cueImage: autoDraw = False
338.4253 	EXP 	fixation: autoDraw = True
338.8292 	DATA 	Keypress: 5
339.5947 	DATA 	Keypress: 5
340.3803 	DATA 	Keypress: 5
341.1631 	DATA 	Keypress: 5
341.4747 	EXP 	fixation: autoDraw = False
341.4747 	EXP 	fixation: autoDraw = False
341.4747 	EXP 	Target: image = 'images/WinProbe.bmp'
341.4747 	EXP 	Target: autoDraw = True
341.7616 	DATA 	Keypress: 1
341.9280 	DATA 	Keypress: 5
342.0081 	EXP 	Target: autoDraw = False
342.0081 	EXP 	Target: autoDraw = False
342.0081 	EXP 	feedbackMsg: text = 'Correct Response!\n\nYou won $5.00!'
342.0081 	EXP 	feedbackMsg: autoDraw = True
342.7124 	DATA 	Keypress: 5
343.4936 	EXP 	New trial (rep=0, index=48): OrderedDict([('Condition', 'LgPun'), ('FixationDur', 3500)])
343.5008 	DATA 	Keypress: 5
343.5086 	EXP 	feedbackMsg: autoDraw = False
343.5086 	EXP 	feedbackMsg: autoDraw = False
343.5086 	EXP 	cueImage: image = 'images/LoseBig.bmp'
343.5086 	EXP 	cueImage: autoDraw = True
344.2614 	DATA 	Keypress: 5
345.0458 	DATA 	Keypress: 5
345.5418 	EXP 	cueImage: autoDraw = False
345.5418 	EXP 	cueImage: autoDraw = False
345.5418 	EXP 	fixation: autoDraw = True
345.8299 	DATA 	Keypress: 5
346.5958 	DATA 	Keypress: 5
347.3796 	DATA 	Keypress: 5
348.1635 	DATA 	Keypress: 5
348.9293 	DATA 	Keypress: 5
349.0755 	EXP 	fixation: autoDraw = False
349.0755 	EXP 	fixation: autoDraw = False
349.0755 	EXP 	Target: image = 'images/LoseProbe.bmp'
349.0755 	EXP 	Target: autoDraw = True
349.5125 	DATA 	Keypress: 1
349.6082 	EXP 	Target: autoDraw = False
349.6082 	EXP 	Target: autoDraw = False
349.6082 	EXP 	feedbackMsg: text = 'Correct Response!\n\nYou did not lose $5.00!'
349.6082 	EXP 	feedbackMsg: autoDraw = True
349.7115 	DATA 	Keypress: 5
350.4957 	DATA 	Keypress: 5
351.0943 	EXP 	New trial (rep=0, index=49): OrderedDict([('Condition', 'LgReward'), ('FixationDur', 1500)])
351.1259 	EXP 	feedbackMsg: autoDraw = False
351.1259 	EXP 	feedbackMsg: autoDraw = False
351.1259 	EXP 	cueImage: image = 'images/WinBig.bmp'
351.1259 	EXP 	cueImage: autoDraw = True
351.2796 	DATA 	Keypress: 5
352.0447 	DATA 	Keypress: 5
352.8300 	DATA 	Keypress: 5
353.1596 	EXP 	cueImage: autoDraw = False
353.1596 	EXP 	fixation: autoDraw = True
353.5961 	DATA 	Keypress: 5
354.3795 	DATA 	Keypress: 5
354.7090 	EXP 	fixation: autoDraw = False
354.7090 	EXP 	fixation: autoDraw = False
354.7090 	EXP 	Target: image = 'images/WinProbe.bmp'
354.7090 	EXP 	Target: autoDraw = True
355.1637 	DATA 	Keypress: 5
355.2424 	EXP 	Target: autoDraw = False
355.2424 	EXP 	Target: autoDraw = False
355.2424 	EXP 	feedbackMsg: text = 'You pressed too slow!\n\nYou did not win $5.00!'
355.2424 	EXP 	feedbackMsg: autoDraw = True
355.8454 	DATA 	Keypress: 1
355.9296 	DATA 	Keypress: 5
356.7123 	DATA 	Keypress: 5
356.7426 	EXP 	feedbackMsg: autoDraw = False
356.7426 	EXP 	feedbackMsg: autoDraw = False
356.7426 	EXP 	polygon: autoDraw = True
357.4964 	DATA 	Keypress: 5
358.2804 	DATA 	Keypress: 5
359.0454 	DATA 	Keypress: 5
359.8285 	DATA 	Keypress: 5
361.7606 	EXP 	polygon: autoDraw = False
361.7606 	EXP 	polygon: autoDraw = False
361.7606 	EXP 	text: text = 'All done!\n\nYou earned a total of: $5.00!'
361.7606 	EXP 	text: autoDraw = True
364.7933 	EXP 	text: autoDraw = False
364.7933 	EXP 	text: autoDraw = False
364.7933 	EXP 	polygon2: autoDraw = True
372.0652 	DATA 	Keypress: 5
372.8486 	DATA 	Keypress: 5
373.6130 	DATA 	Keypress: 5
374.3983 	DATA 	Keypress: 5
376.8643 	DATA 	Keypress: escape
377.1820 	EXP 	window1: mouseVisible = True
