12.5249 	EXP 	Created window1 = Window(allowGUI=False, allowStencil=False, args=UNKNOWN, autoLog=True, bitsMode=UNKNOWN, blendMode='avg', color=array([0., 0., 0.]), colorSpace='rgb', fullscr=<method-wrapper '__getattribute__' of attributeSetter object at 0x134841ba8>, gamma=None, kwargs=UNKNOWN, lms=UNKNOWN, monitor=<psychopy.monitors.calibTools.Monitor object at 0x134856e10>, multiSample=False, name='window1', numSamples=2, pos=[0.0, 0.0], screen=0, size=array([1920, 1080]), stereo=False, units='height', useFBO=True, useRetina=False, viewOri=0.0, viewPos=None, viewScale=None, waitBlanking=True, winType='pyglet')
12.5250 	EXP 	window1: recordFrameIntervals = False
12.6903 	EXP 	window1: recordFrameIntervals = True
12.8739 	EXP 	window1: recordFrameIntervals = False
12.8740 	EXP 	window1: recordFrameIntervals = False
13.0403 	EXP 	window1: recordFrameIntervals = True
13.2244 	EXP 	window1: recordFrameIntervals = False
13.6794 	EXP 	Created preinstruct_text = TextStim(__class__=<class 'psychopy.visual.text.TextStim'>, alignHoriz='center', alignVert='center', antialias=True, autoLog=True, bold=False, color='white', colorSpace='named', contrast=1.0, depth=0.0, flipHoriz=False, flipVert=False, font='Arial', fontFiles=[], height=0.05, italic=False, languageStyle='LTR', name='preinstruct_text', opacity=1.0, ori=0, pos=array([0., 0.]), rgb=array([255., 255., 255.]), text='Money Task - Scanner 2', units='height', win=Window(...), wrapWidth=1)
13.7250 	EXP 	Created instructFig = ImageStim(__class__=<class 'psychopy.visual.image.ImageStim'>, autoLog=True, color=array([1., 1., 1.]), colorSpace='rgb', contrast=1.0, depth=0.0, flipHoriz=False, flipVert=False, image='images/MID_instructions.bmp', interpolate=True, mask=None, maskParams=None, name='instructFig', opacity=1.0, ori=0.0, pos=array([0., 0.]), size=array([1.3, 1. ]), texRes=128, units='height', win=Window(...))
13.7267 	EXP 	Created PrepFixation = ShapeStim(__class__=<class 'psychopy.visual.shape.ShapeStim'>, autoDraw=False, autoLog=True, closeShape=True, contrast=1.0, depth=0.0, fillColor=array([1., 1., 1.]), fillColorSpace='rgb', interpolate=True, lineColor=array([1., 1., 1.]), lineColorSpace='rgb', lineWidth=1, name='PrepFixation', opacity=1.0, ori=array(0.), pos=array([0., 0.]), size=array([0.05, 0.05]), units='height', vertices=ndarray(...), win=Window(...), windingRule=None)
13.7282 	EXP 	Created cueImage = ImageStim(__class__=<class 'psychopy.visual.image.ImageStim'>, autoLog=True, color=array([1., 1., 1.]), colorSpace='rgb', contrast=1.0, depth=0.0, flipHoriz=False, flipVert=False, image='sin', interpolate=True, mask=None, maskParams=None, name='cueImage', opacity=1.0, ori=0.0, pos=array([0., 0.]), size=array([1.3, 1. ]), texRes=128, units='height', win=Window(...))
13.7297 	EXP 	Created fixation = ShapeStim(__class__=<class 'psychopy.visual.shape.ShapeStim'>, autoDraw=False, autoLog=True, closeShape=True, contrast=1.0, depth=-1.0, fillColor=array([1., 1., 1.]), fillColorSpace='rgb', interpolate=True, lineColor=array([1., 1., 1.]), lineColorSpace='rgb', lineWidth=1, name='fixation', opacity=1.0, ori=array(0.), pos=array([0., 0.]), size=array([0.05, 0.05]), units='height', vertices=ndarray(...), win=Window(...), windingRule=None)
13.7315 	EXP 	Created Target = ImageStim(__class__=<class 'psychopy.visual.image.ImageStim'>, autoLog=True, color=array([1., 1., 1.]), colorSpace='rgb', contrast=1.0, depth=-1.0, flipHoriz=False, flipVert=False, image='sin', interpolate=True, mask=None, maskParams=None, name='Target', opacity=1.0, ori=0.0, pos=array([0., 0.]), size=array([1.3, 1. ]), texRes=128, units='height', win=Window(...))
13.7422 	EXP 	Created feedbackMsg = TextStim(__class__=<class 'psychopy.visual.text.TextStim'>, alignHoriz='center', alignVert='center', antialias=True, autoLog=True, bold=False, color='white', colorSpace='named', contrast=1.0, depth=-2.0, flipHoriz=False, flipVert=False, font='Arial', fontFiles=[], height=0.05, italic=False, languageStyle='LTR', name='feedbackMsg', opacity=1.0, ori=0, pos=array([0., 0.]), rgb=array([255., 255., 255.]), text='default text', units='height', win=Window(...), wrapWidth=2)
13.7439 	EXP 	Created polygon = ShapeStim(__class__=<class 'psychopy.visual.shape.ShapeStim'>, autoDraw=False, autoLog=True, closeShape=True, contrast=1.0, depth=0.0, fillColor=array([1., 1., 1.]), fillColorSpace='rgb', interpolate=True, lineColor=array([1., 1., 1.]), lineColorSpace='rgb', lineWidth=1, name='polygon', opacity=1.0, ori=array(0.), pos=array([0., 0.]), size=array([0.05, 0.05]), units='height', vertices=ndarray(...), win=Window(...), windingRule=None)
13.7508 	EXP 	Created text = TextStim(__class__=<class 'psychopy.visual.text.TextStim'>, alignHoriz='center', alignVert='center', antialias=True, autoLog=True, bold=False, color='white', colorSpace='named', contrast=1.0, depth=-1.0, flipHoriz=False, flipVert=False, font='Arial', fontFiles=[], height=0.07, italic=False, languageStyle='LTR', name='text', opacity=1.0, ori=0, pos=array([0., 0.]), rgb=array([255., 255., 255.]), text='default text', units='height', win=Window(...), wrapWidth=1)
13.7522 	EXP 	Created polygon2 = ShapeStim(__class__=<class 'psychopy.visual.shape.ShapeStim'>, autoDraw=False, autoLog=True, closeShape=True, contrast=1.0, depth=0.0, fillColor=array([1., 1., 1.]), fillColorSpace='rgb', interpolate=True, lineColor=array([1., 1., 1.]), lineColorSpace='rgb', lineWidth=1, name='polygon2', opacity=1.0, ori=array(0.), pos=array([0., 0.]), size=array([0.05, 0.05]), units='height', vertices=ndarray(...), win=Window(...), windingRule=None)
13.7621 	EXP 	preinstruct_text: autoDraw = True
15.8071 	EXP 	preinstruct_text: autoDraw = False
15.8071 	EXP 	instructFig: autoDraw = True
32.6396 	DATA 	Keypress: 5
32.6470 	EXP 	instructFig: autoDraw = False
32.6470 	EXP 	PrepFixation: autoDraw = True
33.4112 	DATA 	Keypress: 5
34.1957 	DATA 	Keypress: 5
34.6382 	EXP 	Imported TimeVersion12.csv as conditions, 50 conditions, 2 params
34.6386 	EXP 	Created sequence: sequential, trialTypes=50, nReps=1, seed=None
34.6389 	EXP 	New trial (rep=0, index=0): OrderedDict([('Condition', 'SmallPun'), ('FixationDur', 1500)])
34.6580 	EXP 	PrepFixation: autoDraw = False
34.6580 	EXP 	PrepFixation: autoDraw = False
34.6580 	EXP 	cueImage: image = 'images/LoseSmall.bmp'
34.6580 	EXP 	cueImage: autoDraw = True
34.9616 	DATA 	Keypress: 5
35.7435 	DATA 	Keypress: 5
36.5294 	DATA 	Keypress: 5
36.6816 	EXP 	cueImage: autoDraw = False
36.6816 	EXP 	fixation: autoDraw = True
37.2956 	DATA 	Keypress: 5
38.0781 	DATA 	Keypress: 5
38.2247 	EXP 	fixation: autoDraw = False
38.2247 	EXP 	fixation: autoDraw = False
38.2247 	EXP 	Target: image = 'images/LoseProbe.bmp'
38.2247 	EXP 	Target: autoDraw = True
38.6641 	EXP 	Target: autoDraw = False
38.6641 	EXP 	Target: autoDraw = False
38.6641 	EXP 	feedbackMsg: text = 'You pressed too slow!\n\nYou lost $0.20!'
38.6641 	EXP 	feedbackMsg: autoDraw = True
38.6675 	DATA 	Keypress: 1
38.8611 	DATA 	Keypress: 5
39.6465 	DATA 	Keypress: 5
40.2607 	EXP 	New trial (rep=0, index=1): OrderedDict([('Condition', 'LgPun'), ('FixationDur', 3500)])
40.2754 	EXP 	feedbackMsg: autoDraw = False
40.2754 	EXP 	feedbackMsg: autoDraw = False
40.2754 	EXP 	cueImage: image = 'images/LoseBig.bmp'
40.2754 	EXP 	cueImage: autoDraw = True
40.4101 	DATA 	Keypress: 5
41.1960 	DATA 	Keypress: 5
41.9794 	DATA 	Keypress: 5
42.2981 	EXP 	cueImage: autoDraw = False
42.2981 	EXP 	cueImage: autoDraw = False
42.2981 	EXP 	fixation: autoDraw = True
42.6132 	DATA 	Keypress: 1
42.7443 	DATA 	Keypress: 5
43.5299 	DATA 	Keypress: 5
44.3133 	DATA 	Keypress: 5
45.0776 	DATA 	Keypress: 5
45.8426 	EXP 	fixation: autoDraw = False
45.8426 	EXP 	fixation: autoDraw = False
45.8426 	EXP 	Target: image = 'images/LoseProbe.bmp'
45.8426 	EXP 	Target: autoDraw = True
45.8634 	DATA 	Keypress: 5
46.2758 	EXP 	Target: autoDraw = False
46.2758 	EXP 	Target: autoDraw = False
46.2758 	EXP 	feedbackMsg: text = 'You pressed too soon!\n\nYou lost $5.00!'
46.2758 	EXP 	feedbackMsg: autoDraw = True
46.3115 	DATA 	Keypress: 1
46.6458 	DATA 	Keypress: 5
47.4119 	DATA 	Keypress: 5
47.8612 	EXP 	New trial (rep=0, index=2): OrderedDict([('Condition', 'Triangle'), ('FixationDur', 2500)])
47.8752 	EXP 	feedbackMsg: autoDraw = False
47.8752 	EXP 	feedbackMsg: autoDraw = False
47.8752 	EXP 	cueImage: image = 'images/Neutral.bmp'
47.8752 	EXP 	cueImage: autoDraw = True
48.1957 	DATA 	Keypress: 5
48.9792 	DATA 	Keypress: 5
49.7451 	DATA 	Keypress: 5
49.8995 	EXP 	cueImage: autoDraw = False
49.8995 	EXP 	cueImage: autoDraw = False
49.8995 	EXP 	fixation: autoDraw = True
50.5293 	DATA 	Keypress: 5
51.3141 	DATA 	Keypress: 5
52.0790 	DATA 	Keypress: 5
52.4421 	EXP 	fixation: autoDraw = False
52.4421 	EXP 	fixation: autoDraw = False
52.4421 	EXP 	Target: image = 'images/NeutralProbe.bmp'
52.4421 	EXP 	Target: autoDraw = True
52.7637 	DATA 	Keypress: 1
52.8792 	DATA 	Keypress: 5
52.8929 	EXP 	Target: autoDraw = False
52.8929 	EXP 	Target: autoDraw = False
52.8929 	EXP 	feedbackMsg: text = 'Correct Response!\n\nYou did not win or lose anything!'
52.8929 	EXP 	feedbackMsg: autoDraw = True
53.6462 	DATA 	Keypress: 5
54.4126 	DATA 	Keypress: 5
54.4779 	EXP 	New trial (rep=0, index=3): OrderedDict([('Condition', 'LgPun'), ('FixationDur', 3000)])
54.4928 	EXP 	feedbackMsg: autoDraw = False
54.4928 	EXP 	feedbackMsg: autoDraw = False
54.4928 	EXP 	cueImage: image = 'images/LoseBig.bmp'
54.4928 	EXP 	cueImage: autoDraw = True
55.1956 	DATA 	Keypress: 5
55.9800 	DATA 	Keypress: 5
56.5169 	EXP 	cueImage: autoDraw = False
56.5169 	EXP 	cueImage: autoDraw = False
56.5169 	EXP 	fixation: autoDraw = True
56.7464 	DATA 	Keypress: 5
57.5289 	DATA 	Keypress: 5
58.3144 	DATA 	Keypress: 5
59.0976 	DATA 	Keypress: 5
59.5595 	EXP 	fixation: autoDraw = False
59.5595 	EXP 	fixation: autoDraw = False
59.5595 	EXP 	Target: image = 'images/LoseProbe.bmp'
59.5595 	EXP 	Target: autoDraw = True
59.8626 	DATA 	Keypress: 5
59.9144 	DATA 	Keypress: 1
59.9927 	EXP 	Target: autoDraw = False
59.9927 	EXP 	Target: autoDraw = False
59.9927 	EXP 	feedbackMsg: text = 'Correct Response!\n\nYou did not lose $5.00!'
59.9927 	EXP 	feedbackMsg: autoDraw = True
60.6485 	DATA 	Keypress: 5
61.4304 	DATA 	Keypress: 5
61.5786 	EXP 	New trial (rep=0, index=4): OrderedDict([('Condition', 'SmallReward'), ('FixationDur', 4000)])
61.6015 	EXP 	feedbackMsg: autoDraw = False
61.6015 	EXP 	feedbackMsg: autoDraw = False
61.6015 	EXP 	cueImage: image = 'images/WinSmall.bmp'
61.6015 	EXP 	cueImage: autoDraw = True
62.1952 	DATA 	Keypress: 5
62.9795 	DATA 	Keypress: 5
63.6350 	EXP 	cueImage: autoDraw = False
63.6350 	EXP 	fixation: autoDraw = True
63.7652 	DATA 	Keypress: 5
64.5290 	DATA 	Keypress: 5
65.3146 	DATA 	Keypress: 5
66.0981 	DATA 	Keypress: 5
66.8629 	DATA 	Keypress: 5
67.6779 	DATA 	Keypress: 5
67.6845 	EXP 	fixation: autoDraw = False
67.6845 	EXP 	fixation: autoDraw = False
67.6845 	EXP 	Target: image = 'images/WinProbe.bmp'
67.6845 	EXP 	Target: autoDraw = True
68.0453 	DATA 	Keypress: 1
68.1599 	EXP 	Target: autoDraw = False
68.1599 	EXP 	Target: autoDraw = False
68.1599 	EXP 	feedbackMsg: text = 'Correct Response!\n\nYou won $0.20!'
68.1599 	EXP 	feedbackMsg: autoDraw = True
68.4306 	DATA 	Keypress: 5
69.1968 	DATA 	Keypress: 5
69.7126 	EXP 	New trial (rep=0, index=5): OrderedDict([('Condition', 'LgReward'), ('FixationDur', 1500)])
69.7360 	EXP 	feedbackMsg: autoDraw = False
69.7360 	EXP 	feedbackMsg: autoDraw = False
69.7360 	EXP 	cueImage: image = 'images/WinBig.bmp'
69.7360 	EXP 	cueImage: autoDraw = True
69.9807 	DATA 	Keypress: 5
70.7642 	DATA 	Keypress: 5
71.5303 	DATA 	Keypress: 5
71.7694 	EXP 	cueImage: autoDraw = False
71.7694 	EXP 	fixation: autoDraw = True
72.3153 	DATA 	Keypress: 5
73.0984 	DATA 	Keypress: 5
73.3268 	EXP 	fixation: autoDraw = False
73.3268 	EXP 	fixation: autoDraw = False
73.3268 	EXP 	Target: image = 'images/WinProbe.bmp'
73.3268 	EXP 	Target: autoDraw = True
73.6972 	DATA 	Keypress: 1
73.8027 	EXP 	Target: autoDraw = False
73.8027 	EXP 	Target: autoDraw = False
73.8027 	EXP 	feedbackMsg: text = 'Correct Response!\n\nYou won $5.00!'
73.8027 	EXP 	feedbackMsg: autoDraw = True
73.8638 	DATA 	Keypress: 5
74.6479 	DATA 	Keypress: 5
75.3461 	EXP 	New trial (rep=0, index=6): OrderedDict([('Condition', 'SmallPun'), ('FixationDur', 4000)])
75.3607 	EXP 	feedbackMsg: autoDraw = False
75.3607 	EXP 	feedbackMsg: autoDraw = False
75.3607 	EXP 	cueImage: image = 'images/LoseSmall.bmp'
75.3607 	EXP 	cueImage: autoDraw = True
75.4303 	DATA 	Keypress: 5
76.1970 	DATA 	Keypress: 5
76.9798 	DATA 	Keypress: 5
77.3864 	EXP 	cueImage: autoDraw = False
77.3864 	EXP 	cueImage: autoDraw = False
77.3864 	EXP 	fixation: autoDraw = True
77.7656 	DATA 	Keypress: 5
78.5311 	DATA 	Keypress: 5
79.3148 	DATA 	Keypress: 5
80.0985 	DATA 	Keypress: 5
80.8824 	DATA 	Keypress: 5
81.4273 	EXP 	fixation: autoDraw = False
81.4273 	EXP 	fixation: autoDraw = False
81.4273 	EXP 	Target: image = 'images/LoseProbe.bmp'
81.4273 	EXP 	Target: autoDraw = True
81.6479 	DATA 	Keypress: 5
81.7324 	DATA 	Keypress: 1
81.8947 	EXP 	Target: autoDraw = False
81.8947 	EXP 	Target: autoDraw = False
81.8947 	EXP 	feedbackMsg: text = 'Correct Response!\n\nYou did not lose $0.20!'
81.8947 	EXP 	feedbackMsg: autoDraw = True
82.4324 	DATA 	Keypress: 5
83.2153 	DATA 	Keypress: 5
83.4467 	EXP 	New trial (rep=0, index=7): OrderedDict([('Condition', 'SmallReward'), ('FixationDur', 2000)])
83.4711 	EXP 	feedbackMsg: autoDraw = False
83.4711 	EXP 	feedbackMsg: autoDraw = False
83.4711 	EXP 	cueImage: image = 'images/WinSmall.bmp'
83.4711 	EXP 	cueImage: autoDraw = True
83.9798 	DATA 	Keypress: 5
84.7640 	DATA 	Keypress: 5
85.5043 	EXP 	cueImage: autoDraw = False
85.5043 	EXP 	fixation: autoDraw = True
85.5482 	DATA 	Keypress: 5
86.3136 	DATA 	Keypress: 5
87.0995 	DATA 	Keypress: 5
87.5537 	EXP 	fixation: autoDraw = False
87.5537 	EXP 	fixation: autoDraw = False
87.5537 	EXP 	Target: image = 'images/WinProbe.bmp'
87.5537 	EXP 	Target: autoDraw = True
87.8827 	DATA 	Keypress: 5
88.0111 	EXP 	Target: autoDraw = False
88.0111 	EXP 	Target: autoDraw = False
88.0111 	EXP 	feedbackMsg: text = 'You pressed too slow!\n\nYou did not win $0.20!'
88.0111 	EXP 	feedbackMsg: autoDraw = True
88.6482 	DATA 	Keypress: 5
89.4314 	DATA 	Keypress: 5
89.5803 	EXP 	New trial (rep=0, index=8): OrderedDict([('Condition', 'SmallPun'), ('FixationDur', 1500)])
89.5942 	EXP 	feedbackMsg: autoDraw = False
89.5942 	EXP 	feedbackMsg: autoDraw = False
89.5942 	EXP 	cueImage: image = 'images/LoseSmall.bmp'
89.5942 	EXP 	cueImage: autoDraw = True
90.2157 	DATA 	Keypress: 5
90.9810 	DATA 	Keypress: 5
91.6221 	EXP 	cueImage: autoDraw = False
91.6221 	EXP 	cueImage: autoDraw = False
91.6221 	EXP 	fixation: autoDraw = True
91.7658 	DATA 	Keypress: 5
92.5501 	DATA 	Keypress: 5
93.1568 	EXP 	fixation: autoDraw = False
93.1568 	EXP 	fixation: autoDraw = False
93.1568 	EXP 	Target: image = 'images/LoseProbe.bmp'
93.1568 	EXP 	Target: autoDraw = True
93.3152 	DATA 	Keypress: 5
93.6123 	EXP 	Target: autoDraw = False
93.6123 	EXP 	Target: autoDraw = False
93.6123 	EXP 	feedbackMsg: text = 'You pressed too slow!\n\nYou lost $0.20!'
93.6123 	EXP 	feedbackMsg: autoDraw = True
93.7325 	DATA 	Keypress: 1
94.0990 	DATA 	Keypress: 5
94.8820 	DATA 	Keypress: 5
95.1810 	EXP 	New trial (rep=0, index=9): OrderedDict([('Condition', 'SmallPun'), ('FixationDur', 3000)])
95.1953 	EXP 	feedbackMsg: autoDraw = False
95.1953 	EXP 	feedbackMsg: autoDraw = False
95.1953 	EXP 	cueImage: image = 'images/LoseSmall.bmp'
95.1953 	EXP 	cueImage: autoDraw = True
95.6485 	DATA 	Keypress: 5
96.4319 	DATA 	Keypress: 5
97.2165 	DATA 	Keypress: 5
97.2219 	EXP 	cueImage: autoDraw = False
97.2219 	EXP 	cueImage: autoDraw = False
97.2219 	EXP 	fixation: autoDraw = True
97.9822 	DATA 	Keypress: 5
98.7649 	DATA 	Keypress: 5
99.5504 	DATA 	Keypress: 5
100.2563 	EXP 	fixation: autoDraw = False
100.2563 	EXP 	fixation: autoDraw = False
100.2563 	EXP 	Target: image = 'images/LoseProbe.bmp'
100.2563 	EXP 	Target: autoDraw = True
100.3159 	DATA 	Keypress: 5
100.5663 	DATA 	Keypress: 1
100.7124 	EXP 	Target: autoDraw = False
100.7124 	EXP 	Target: autoDraw = False
100.7124 	EXP 	feedbackMsg: text = 'Correct Response!\n\nYou did not lose $0.20!'
100.7124 	EXP 	feedbackMsg: autoDraw = True
101.0988 	DATA 	Keypress: 5
101.8837 	DATA 	Keypress: 5
102.2812 	EXP 	New trial (rep=0, index=10): OrderedDict([('Condition', 'LgReward'), ('FixationDur', 4000)])
102.3067 	EXP 	feedbackMsg: autoDraw = False
102.3067 	EXP 	feedbackMsg: autoDraw = False
102.3067 	EXP 	cueImage: image = 'images/WinBig.bmp'
102.3067 	EXP 	cueImage: autoDraw = True
102.6658 	DATA 	Keypress: 5
103.4316 	DATA 	Keypress: 5
104.2167 	DATA 	Keypress: 5
104.3410 	EXP 	cueImage: autoDraw = False
104.3410 	EXP 	fixation: autoDraw = True
105.0008 	DATA 	Keypress: 5
105.7648 	DATA 	Keypress: 5
106.5510 	DATA 	Keypress: 5
107.3340 	DATA 	Keypress: 5
108.0987 	DATA 	Keypress: 5
108.3903 	EXP 	fixation: autoDraw = False
108.3903 	EXP 	fixation: autoDraw = False
108.3903 	EXP 	Target: image = 'images/WinProbe.bmp'
108.3903 	EXP 	Target: autoDraw = True
108.7155 	DATA 	Keypress: 1
108.8294 	EXP 	Target: autoDraw = False
108.8294 	EXP 	Target: autoDraw = False
108.8294 	EXP 	feedbackMsg: text = 'Correct Response!\n\nYou won $5.00!'
108.8294 	EXP 	feedbackMsg: autoDraw = True
108.8836 	DATA 	Keypress: 5
109.6676 	DATA 	Keypress: 5
110.4148 	EXP 	New trial (rep=0, index=11): OrderedDict([('Condition', 'LgReward'), ('FixationDur', 2500)])
110.4340 	DATA 	Keypress: 5
110.4403 	EXP 	feedbackMsg: autoDraw = False
110.4403 	EXP 	feedbackMsg: autoDraw = False
110.4403 	EXP 	cueImage: image = 'images/WinBig.bmp'
110.4403 	EXP 	cueImage: autoDraw = True
111.2148 	DATA 	Keypress: 5
112.0002 	DATA 	Keypress: 5
112.4742 	EXP 	cueImage: autoDraw = False
112.4742 	EXP 	fixation: autoDraw = True
112.7666 	DATA 	Keypress: 5
113.5494 	DATA 	Keypress: 5
114.3348 	DATA 	Keypress: 5
115.0249 	EXP 	fixation: autoDraw = False
115.0249 	EXP 	fixation: autoDraw = False
115.0249 	EXP 	Target: image = 'images/WinProbe.bmp'
115.0249 	EXP 	Target: autoDraw = True
115.0999 	DATA 	Keypress: 5
115.4743 	EXP 	Target: autoDraw = False
115.4743 	EXP 	Target: autoDraw = False
115.4743 	EXP 	feedbackMsg: text = 'You pressed too slow!\n\nYou did not win $5.00!'
115.4743 	EXP 	feedbackMsg: autoDraw = True
115.5002 	DATA 	Keypress: 1
115.8840 	DATA 	Keypress: 5
116.6677 	DATA 	Keypress: 5
117.0656 	EXP 	New trial (rep=0, index=12): OrderedDict([('Condition', 'Triangle'), ('FixationDur', 1500)])
117.0796 	EXP 	feedbackMsg: autoDraw = False
117.0796 	EXP 	feedbackMsg: autoDraw = False
117.0796 	EXP 	cueImage: image = 'images/Neutral.bmp'
117.0796 	EXP 	cueImage: autoDraw = True
117.4330 	DATA 	Keypress: 5
118.2153 	DATA 	Keypress: 5
119.0012 	DATA 	Keypress: 5
119.1089 	EXP 	cueImage: autoDraw = False
119.1089 	EXP 	cueImage: autoDraw = False
119.1089 	EXP 	fixation: autoDraw = True
119.7672 	DATA 	Keypress: 5
120.5504 	DATA 	Keypress: 5
120.6423 	EXP 	fixation: autoDraw = False
120.6423 	EXP 	fixation: autoDraw = False
120.6423 	EXP 	Target: image = 'images/NeutralProbe.bmp'
120.6423 	EXP 	Target: autoDraw = True
120.9824 	DATA 	Keypress: 1
121.0804 	EXP 	Target: autoDraw = False
121.0804 	EXP 	Target: autoDraw = False
121.0804 	EXP 	feedbackMsg: text = 'Correct Response!\n\nYou did not win or lose anything!'
121.0804 	EXP 	feedbackMsg: autoDraw = True
121.3332 	DATA 	Keypress: 5
122.1160 	DATA 	Keypress: 5
122.6648 	EXP 	New trial (rep=0, index=13): OrderedDict([('Condition', 'LgReward'), ('FixationDur', 1500)])
122.6799 	EXP 	feedbackMsg: autoDraw = False
122.6799 	EXP 	feedbackMsg: autoDraw = False
122.6799 	EXP 	cueImage: image = 'images/WinBig.bmp'
122.6799 	EXP 	cueImage: autoDraw = True
122.8829 	DATA 	Keypress: 5
123.6658 	DATA 	Keypress: 5
124.4492 	DATA 	Keypress: 5
124.7093 	EXP 	cueImage: autoDraw = False
124.7093 	EXP 	cueImage: autoDraw = False
124.7093 	EXP 	fixation: autoDraw = True
125.2157 	DATA 	Keypress: 5
125.4157 	DATA 	Keypress: 1
126.0017 	DATA 	Keypress: 5
126.2639 	EXP 	fixation: autoDraw = False
126.2639 	EXP 	fixation: autoDraw = False
126.2639 	EXP 	Target: image = 'images/WinProbe.bmp'
126.2639 	EXP 	Target: autoDraw = True
126.7095 	EXP 	Target: autoDraw = False
126.7095 	EXP 	Target: autoDraw = False
126.7095 	EXP 	feedbackMsg: text = 'You pressed too soon!\n\nYou did not win $5.00!'
126.7095 	EXP 	feedbackMsg: autoDraw = True
126.7800 	DATA 	Keypress: 5
127.5497 	DATA 	Keypress: 5
128.2828 	EXP 	New trial (rep=0, index=14): OrderedDict([('Condition', 'SmallReward'), ('FixationDur', 1500)])
128.3099 	EXP 	feedbackMsg: autoDraw = False
128.3099 	EXP 	feedbackMsg: autoDraw = False
128.3099 	EXP 	cueImage: image = 'images/WinSmall.bmp'
128.3099 	EXP 	cueImage: autoDraw = True
128.3332 	DATA 	Keypress: 5
129.1181 	DATA 	Keypress: 5
129.8833 	DATA 	Keypress: 5
130.3431 	EXP 	cueImage: autoDraw = False
130.3431 	EXP 	fixation: autoDraw = True
130.6631 	DATA 	Keypress: 5
131.4515 	DATA 	Keypress: 5
131.8929 	EXP 	fixation: autoDraw = False
131.8929 	EXP 	fixation: autoDraw = False
131.8929 	EXP 	Target: image = 'images/WinProbe.bmp'
131.8929 	EXP 	Target: autoDraw = True
132.2177 	DATA 	Keypress: 5
132.3640 	EXP 	Target: autoDraw = False
132.3640 	EXP 	Target: autoDraw = False
132.3640 	EXP 	feedbackMsg: text = 'You pressed too slow!\n\nYou did not win $0.20!'
132.3640 	EXP 	feedbackMsg: autoDraw = True
132.4019 	DATA 	Keypress: 1
133.0010 	DATA 	Keypress: 5
133.7857 	DATA 	Keypress: 5
133.9166 	EXP 	New trial (rep=0, index=15): OrderedDict([('Condition', 'LgPun'), ('FixationDur', 1500)])
133.9313 	EXP 	feedbackMsg: autoDraw = False
133.9313 	EXP 	feedbackMsg: autoDraw = False
133.9313 	EXP 	cueImage: image = 'images/LoseBig.bmp'
133.9313 	EXP 	cueImage: autoDraw = True
134.5508 	DATA 	Keypress: 5
135.3345 	DATA 	Keypress: 5
135.9608 	EXP 	cueImage: autoDraw = False
135.9608 	EXP 	cueImage: autoDraw = False
135.9608 	EXP 	fixation: autoDraw = True
136.1146 	DATA 	Keypress: 5
136.8987 	DATA 	Keypress: 5
137.4937 	EXP 	fixation: autoDraw = False
137.4937 	EXP 	fixation: autoDraw = False
137.4937 	EXP 	Target: image = 'images/LoseProbe.bmp'
137.4937 	EXP 	Target: autoDraw = True
137.6637 	DATA 	Keypress: 5
137.9607 	EXP 	Target: autoDraw = False
137.9607 	EXP 	Target: autoDraw = False
137.9607 	EXP 	feedbackMsg: text = 'You pressed too slow!\n\nYou lost $5.00!'
137.9607 	EXP 	feedbackMsg: autoDraw = True
138.0318 	DATA 	Keypress: 1
138.4485 	DATA 	Keypress: 5
139.2310 	DATA 	Keypress: 5
139.5130 	EXP 	New trial (rep=0, index=16): OrderedDict([('Condition', 'SmallReward'), ('FixationDur', 2500)])
139.5442 	EXP 	feedbackMsg: autoDraw = False
139.5442 	EXP 	feedbackMsg: autoDraw = False
139.5442 	EXP 	cueImage: image = 'images/WinSmall.bmp'
139.5442 	EXP 	cueImage: autoDraw = True
140.0008 	DATA 	Keypress: 5
140.7847 	DATA 	Keypress: 5
141.5619 	EXP 	cueImage: autoDraw = False
141.5619 	EXP 	fixation: autoDraw = True
141.5660 	DATA 	Keypress: 5
142.3350 	DATA 	Keypress: 5
143.1198 	DATA 	Keypress: 5
143.8856 	DATA 	Keypress: 5
144.1119 	EXP 	fixation: autoDraw = False
144.1119 	EXP 	fixation: autoDraw = False
144.1119 	EXP 	Target: image = 'images/WinProbe.bmp'
144.1119 	EXP 	Target: autoDraw = True
144.4353 	DATA 	Keypress: 1
144.5825 	EXP 	Target: autoDraw = False
144.5825 	EXP 	Target: autoDraw = False
144.5825 	EXP 	feedbackMsg: text = 'Correct Response!\n\nYou won $0.20!'
144.5825 	EXP 	feedbackMsg: autoDraw = True
144.6676 	DATA 	Keypress: 5
145.4521 	DATA 	Keypress: 5
146.1342 	EXP 	New trial (rep=0, index=17): OrderedDict([('Condition', 'SmallReward'), ('FixationDur', 3000)])
146.1621 	EXP 	feedbackMsg: autoDraw = False
146.1621 	EXP 	feedbackMsg: autoDraw = False
146.1621 	EXP 	cueImage: image = 'images/WinSmall.bmp'
146.1621 	EXP 	cueImage: autoDraw = True
146.2324 	DATA 	Keypress: 5
146.9979 	DATA 	Keypress: 5
147.7824 	DATA 	Keypress: 5
148.1955 	EXP 	cueImage: autoDraw = False
148.1955 	EXP 	fixation: autoDraw = True
148.5665 	DATA 	Keypress: 5
149.3320 	DATA 	Keypress: 5
150.1162 	DATA 	Keypress: 5
150.1496 	DATA 	Keypress: 1
150.8998 	DATA 	Keypress: 5
151.2465 	EXP 	fixation: autoDraw = False
151.2465 	EXP 	fixation: autoDraw = False
151.2465 	EXP 	Target: image = 'images/WinProbe.bmp'
151.2465 	EXP 	Target: autoDraw = True
151.6679 	DATA 	Keypress: 5
151.7460 	EXP 	Target: autoDraw = False
151.7460 	EXP 	Target: autoDraw = False
151.7460 	EXP 	feedbackMsg: text = 'You pressed too soon!\n\nYou did not win $0.20!'
151.7460 	EXP 	feedbackMsg: autoDraw = True
152.4492 	DATA 	Keypress: 5
153.2328 	DATA 	Keypress: 5
153.2640 	EXP 	New trial (rep=0, index=18): OrderedDict([('Condition', 'Triangle'), ('FixationDur', 2000)])
153.2791 	EXP 	feedbackMsg: autoDraw = False
153.2791 	EXP 	feedbackMsg: autoDraw = False
153.2791 	EXP 	cueImage: image = 'images/Neutral.bmp'
153.2791 	EXP 	cueImage: autoDraw = True
154.0008 	DATA 	Keypress: 5
154.7847 	DATA 	Keypress: 5
155.3137 	EXP 	cueImage: autoDraw = False
155.3137 	EXP 	fixation: autoDraw = True
155.5707 	DATA 	Keypress: 5
156.3360 	DATA 	Keypress: 5
157.1193 	DATA 	Keypress: 5
157.3467 	EXP 	fixation: autoDraw = False
157.3467 	EXP 	fixation: autoDraw = False
157.3467 	EXP 	Target: image = 'images/NeutralProbe.bmp'
157.3467 	EXP 	Target: autoDraw = True
157.8628 	DATA 	Keypress: 1
157.8802 	EXP 	Target: autoDraw = False
157.8802 	EXP 	Target: autoDraw = False
157.8802 	EXP 	feedbackMsg: text = 'You pressed too slow!\n\nYou did not win or lose anything!'
157.8802 	EXP 	feedbackMsg: autoDraw = True
157.9006 	DATA 	Keypress: 5
158.6694 	DATA 	Keypress: 5
159.3849 	EXP 	New trial (rep=0, index=19): OrderedDict([('Condition', 'SmallReward'), ('FixationDur', 3500)])
159.4137 	EXP 	feedbackMsg: autoDraw = False
159.4137 	EXP 	feedbackMsg: autoDraw = False
159.4137 	EXP 	cueImage: image = 'images/WinSmall.bmp'
159.4137 	EXP 	cueImage: autoDraw = True
159.4491 	DATA 	Keypress: 5
160.2369 	DATA 	Keypress: 5
161.0026 	DATA 	Keypress: 5
161.4478 	EXP 	cueImage: autoDraw = False
161.4478 	EXP 	fixation: autoDraw = True
161.7855 	DATA 	Keypress: 5
162.5704 	DATA 	Keypress: 5
163.3371 	DATA 	Keypress: 5
164.1190 	DATA 	Keypress: 5
164.9043 	DATA 	Keypress: 5
164.9977 	EXP 	fixation: autoDraw = False
164.9977 	EXP 	fixation: autoDraw = False
164.9977 	EXP 	Target: image = 'images/WinProbe.bmp'
164.9977 	EXP 	Target: autoDraw = True
165.3042 	DATA 	Keypress: 1
165.5147 	EXP 	Target: autoDraw = False
165.5147 	EXP 	Target: autoDraw = False
165.5147 	EXP 	feedbackMsg: text = 'Correct Response!\n\nYou won $0.20!'
165.5147 	EXP 	feedbackMsg: autoDraw = True
165.6871 	DATA 	Keypress: 5
166.4530 	DATA 	Keypress: 5
167.0187 	EXP 	New trial (rep=0, index=20): OrderedDict([('Condition', 'LgPun'), ('FixationDur', 2000)])
167.0329 	EXP 	feedbackMsg: autoDraw = False
167.0329 	EXP 	feedbackMsg: autoDraw = False
167.0329 	EXP 	cueImage: image = 'images/LoseBig.bmp'
167.0329 	EXP 	cueImage: autoDraw = True
167.2373 	DATA 	Keypress: 5
168.0198 	DATA 	Keypress: 5
168.7865 	DATA 	Keypress: 5
169.0655 	EXP 	cueImage: autoDraw = False
169.0655 	EXP 	cueImage: autoDraw = False
169.0655 	EXP 	fixation: autoDraw = True
169.5703 	DATA 	Keypress: 5
170.3550 	DATA 	Keypress: 5
171.0983 	EXP 	fixation: autoDraw = False
171.0983 	EXP 	fixation: autoDraw = False
171.0983 	EXP 	Target: image = 'images/LoseProbe.bmp'
171.0983 	EXP 	Target: autoDraw = True
171.1195 	DATA 	Keypress: 5
171.6156 	EXP 	Target: autoDraw = False
171.6156 	EXP 	Target: autoDraw = False
171.6156 	EXP 	feedbackMsg: text = 'You pressed too slow!\n\nYou lost $5.00!'
171.6156 	EXP 	feedbackMsg: autoDraw = True
171.9027 	DATA 	Keypress: 5
172.1697 	DATA 	Keypress: 1
172.6878 	DATA 	Keypress: 5
173.1192 	EXP 	New trial (rep=0, index=21): OrderedDict([('Condition', 'LgReward'), ('FixationDur', 3000)])
173.1489 	EXP 	feedbackMsg: autoDraw = False
173.1489 	EXP 	feedbackMsg: autoDraw = False
173.1489 	EXP 	cueImage: image = 'images/WinBig.bmp'
173.1489 	EXP 	cueImage: autoDraw = True
173.4526 	DATA 	Keypress: 5
174.2359 	DATA 	Keypress: 5
175.0206 	DATA 	Keypress: 5
175.1833 	EXP 	cueImage: autoDraw = False
175.1833 	EXP 	fixation: autoDraw = True
175.7868 	DATA 	Keypress: 5
176.5720 	DATA 	Keypress: 5
177.2872 	DATA 	Keypress: 1
177.3550 	DATA 	Keypress: 5
178.1204 	DATA 	Keypress: 5
178.2354 	EXP 	fixation: autoDraw = False
178.2354 	EXP 	fixation: autoDraw = False
178.2354 	EXP 	Target: image = 'images/WinProbe.bmp'
178.2354 	EXP 	Target: autoDraw = True
178.7669 	EXP 	Target: autoDraw = False
178.7669 	EXP 	Target: autoDraw = False
178.7669 	EXP 	feedbackMsg: text = 'You pressed too soon!\n\nYou did not win $5.00!'
178.7669 	EXP 	feedbackMsg: autoDraw = True
178.9041 	DATA 	Keypress: 5
179.6885 	DATA 	Keypress: 5
180.2516 	EXP 	New trial (rep=0, index=22): OrderedDict([('Condition', 'LgReward'), ('FixationDur', 2000)])
180.2830 	EXP 	feedbackMsg: autoDraw = False
180.2830 	EXP 	feedbackMsg: autoDraw = False
180.2830 	EXP 	cueImage: image = 'images/WinBig.bmp'
180.2830 	EXP 	cueImage: autoDraw = True
180.4540 	DATA 	Keypress: 5
181.2368 	DATA 	Keypress: 5
182.0192 	DATA 	Keypress: 5
182.3166 	EXP 	cueImage: autoDraw = False
182.3166 	EXP 	fixation: autoDraw = True
182.7878 	DATA 	Keypress: 5
183.5711 	DATA 	Keypress: 5
184.3572 	DATA 	Keypress: 5
184.3669 	EXP 	fixation: autoDraw = False
184.3669 	EXP 	fixation: autoDraw = False
184.3669 	EXP 	Target: image = 'images/WinProbe.bmp'
184.3669 	EXP 	Target: autoDraw = True
184.9007 	EXP 	Target: autoDraw = False
184.9007 	EXP 	Target: autoDraw = False
184.9007 	EXP 	feedbackMsg: text = 'You pressed too slow!\n\nYou did not win $5.00!'
184.9007 	EXP 	feedbackMsg: autoDraw = True
185.1219 	DATA 	Keypress: 5
185.9040 	DATA 	Keypress: 5
186.3868 	EXP 	New trial (rep=0, index=23): OrderedDict([('Condition', 'Triangle'), ('FixationDur', 3000)])
186.4011 	EXP 	feedbackMsg: autoDraw = False
186.4011 	EXP 	feedbackMsg: autoDraw = False
186.4011 	EXP 	cueImage: image = 'images/Neutral.bmp'
186.4011 	EXP 	cueImage: autoDraw = True
186.6879 	DATA 	Keypress: 5
187.4720 	DATA 	Keypress: 5
188.2377 	DATA 	Keypress: 5
188.4348 	EXP 	cueImage: autoDraw = False
188.4348 	EXP 	cueImage: autoDraw = False
188.4348 	EXP 	fixation: autoDraw = True
189.0229 	DATA 	Keypress: 5
189.8061 	DATA 	Keypress: 5
190.5706 	DATA 	Keypress: 5
191.3563 	DATA 	Keypress: 5
191.4686 	EXP 	fixation: autoDraw = False
191.4686 	EXP 	fixation: autoDraw = False
191.4686 	EXP 	Target: image = 'images/NeutralProbe.bmp'
191.4686 	EXP 	Target: autoDraw = True
191.8049 	DATA 	Keypress: 1
192.0013 	EXP 	Target: autoDraw = False
192.0013 	EXP 	Target: autoDraw = False
192.0013 	EXP 	feedbackMsg: text = 'Correct Response!\n\nYou did not win or lose anything!'
192.0013 	EXP 	feedbackMsg: autoDraw = True
192.1379 	DATA 	Keypress: 5
192.9040 	DATA 	Keypress: 5
193.4871 	EXP 	New trial (rep=0, index=24): OrderedDict([('Condition', 'LgPun'), ('FixationDur', 2500)])
193.5012 	EXP 	feedbackMsg: autoDraw = False
193.5012 	EXP 	feedbackMsg: autoDraw = False
193.5012 	EXP 	cueImage: image = 'images/LoseBig.bmp'
193.5012 	EXP 	cueImage: autoDraw = True
193.6891 	DATA 	Keypress: 5
194.4717 	DATA 	Keypress: 5
195.2377 	DATA 	Keypress: 5
195.5356 	EXP 	cueImage: autoDraw = False
195.5356 	EXP 	cueImage: autoDraw = False
195.5356 	EXP 	fixation: autoDraw = True
196.0225 	DATA 	Keypress: 5
196.8065 	DATA 	Keypress: 5
197.5716 	DATA 	Keypress: 5
198.0685 	EXP 	fixation: autoDraw = False
198.0685 	EXP 	fixation: autoDraw = False
198.0685 	EXP 	Target: image = 'images/LoseProbe.bmp'
198.0685 	EXP 	Target: autoDraw = True
198.3561 	DATA 	Keypress: 5
198.4899 	DATA 	Keypress: 1
198.6026 	EXP 	Target: autoDraw = False
198.6026 	EXP 	Target: autoDraw = False
198.6026 	EXP 	feedbackMsg: text = 'Correct Response!\n\nYou did not lose $5.00!'
198.6026 	EXP 	feedbackMsg: autoDraw = True
199.1392 	DATA 	Keypress: 5
199.9051 	DATA 	Keypress: 5
200.0877 	EXP 	New trial (rep=0, index=25): OrderedDict([('Condition', 'SmallReward'), ('FixationDur', 1500)])
200.1184 	EXP 	feedbackMsg: autoDraw = False
200.1184 	EXP 	feedbackMsg: autoDraw = False
200.1184 	EXP 	cueImage: image = 'images/WinSmall.bmp'
200.1184 	EXP 	cueImage: autoDraw = True
200.6873 	DATA 	Keypress: 5
201.4729 	DATA 	Keypress: 5
202.1520 	EXP 	cueImage: autoDraw = False
202.1520 	EXP 	fixation: autoDraw = True
202.2389 	DATA 	Keypress: 5
203.0231 	DATA 	Keypress: 5
203.6879 	DATA 	Keypress: 1
203.7024 	EXP 	fixation: autoDraw = False
203.7024 	EXP 	fixation: autoDraw = False
203.7024 	EXP 	Target: image = 'images/WinProbe.bmp'
203.7024 	EXP 	Target: autoDraw = True
203.8049 	DATA 	Keypress: 5
204.2353 	EXP 	Target: autoDraw = False
204.2353 	EXP 	Target: autoDraw = False
204.2353 	EXP 	feedbackMsg: text = 'Correct Response!\n\nYou won $0.20!'
204.2353 	EXP 	feedbackMsg: autoDraw = True
204.5717 	DATA 	Keypress: 5
205.3547 	DATA 	Keypress: 5
205.7213 	EXP 	New trial (rep=0, index=26): OrderedDict([('Condition', 'Triangle'), ('FixationDur', 4000)])
205.7357 	EXP 	feedbackMsg: autoDraw = False
205.7357 	EXP 	feedbackMsg: autoDraw = False
205.7357 	EXP 	cueImage: image = 'images/Neutral.bmp'
205.7357 	EXP 	cueImage: autoDraw = True
206.1400 	DATA 	Keypress: 5
206.9225 	DATA 	Keypress: 5
207.6885 	DATA 	Keypress: 5
207.7693 	EXP 	cueImage: autoDraw = False
207.7693 	EXP 	cueImage: autoDraw = False
207.7693 	EXP 	fixation: autoDraw = True
208.4735 	DATA 	Keypress: 5
209.2571 	DATA 	Keypress: 5
210.0231 	DATA 	Keypress: 5
210.8077 	DATA 	Keypress: 5
211.5910 	DATA 	Keypress: 5
211.8034 	EXP 	fixation: autoDraw = False
211.8034 	EXP 	fixation: autoDraw = False
211.8034 	EXP 	Target: image = 'images/NeutralProbe.bmp'
211.8034 	EXP 	Target: autoDraw = True
212.2736 	DATA 	Keypress: 1
212.3371 	EXP 	Target: autoDraw = False
212.3371 	EXP 	Target: autoDraw = False
212.3371 	EXP 	feedbackMsg: text = 'Correct Response!\n\nYou did not win or lose anything!'
212.3371 	EXP 	feedbackMsg: autoDraw = True
212.3553 	DATA 	Keypress: 5
213.1395 	DATA 	Keypress: 5
213.8209 	EXP 	New trial (rep=0, index=27): OrderedDict([('Condition', 'SmallPun'), ('FixationDur', 2000)])
213.8352 	EXP 	feedbackMsg: autoDraw = False
213.8352 	EXP 	feedbackMsg: autoDraw = False
213.8352 	EXP 	cueImage: image = 'images/LoseSmall.bmp'
213.8352 	EXP 	cueImage: autoDraw = True
213.9212 	DATA 	Keypress: 5
214.6884 	DATA 	Keypress: 5
215.4740 	DATA 	Keypress: 5
215.8700 	EXP 	cueImage: autoDraw = False
215.8700 	EXP 	cueImage: autoDraw = False
215.8700 	EXP 	fixation: autoDraw = True
216.2580 	DATA 	Keypress: 5
217.0231 	DATA 	Keypress: 5
217.8078 	DATA 	Keypress: 5
217.9026 	EXP 	fixation: autoDraw = False
217.9026 	EXP 	fixation: autoDraw = False
217.9026 	EXP 	Target: image = 'images/LoseProbe.bmp'
217.9026 	EXP 	Target: autoDraw = True
218.4318 	DATA 	Keypress: 1
218.4363 	EXP 	Target: autoDraw = False
218.4363 	EXP 	Target: autoDraw = False
218.4363 	EXP 	feedbackMsg: text = 'You pressed too slow!\n\nYou lost $0.20!'
218.4363 	EXP 	feedbackMsg: autoDraw = True
218.5894 	DATA 	Keypress: 5
219.3565 	DATA 	Keypress: 5
219.9222 	EXP 	New trial (rep=0, index=28): OrderedDict([('Condition', 'Triangle'), ('FixationDur', 1500)])
219.9363 	EXP 	feedbackMsg: autoDraw = False
219.9363 	EXP 	feedbackMsg: autoDraw = False
219.9363 	EXP 	cueImage: image = 'images/Neutral.bmp'
219.9363 	EXP 	cueImage: autoDraw = True
220.1407 	DATA 	Keypress: 5
220.9237 	DATA 	Keypress: 5
221.6903 	DATA 	Keypress: 5
221.9711 	EXP 	cueImage: autoDraw = False
221.9711 	EXP 	cueImage: autoDraw = False
221.9711 	EXP 	fixation: autoDraw = True
222.4740 	DATA 	Keypress: 5
223.2587 	DATA 	Keypress: 5
223.5030 	EXP 	fixation: autoDraw = False
223.5030 	EXP 	fixation: autoDraw = False
223.5030 	EXP 	Target: image = 'images/NeutralProbe.bmp'
223.5030 	EXP 	Target: autoDraw = True
224.0360 	DATA 	Keypress: 5
224.0538 	EXP 	Target: autoDraw = False
224.0538 	EXP 	Target: autoDraw = False
224.0538 	EXP 	feedbackMsg: text = 'You pressed too slow!\n\nYou did not win or lose anything!'
224.0538 	EXP 	feedbackMsg: autoDraw = True
224.8081 	DATA 	Keypress: 5
225.5224 	EXP 	New trial (rep=0, index=29): OrderedDict([('Condition', 'SmallPun'), ('FixationDur', 3500)])
225.5366 	EXP 	feedbackMsg: autoDraw = False
225.5366 	EXP 	feedbackMsg: autoDraw = False
225.5366 	EXP 	cueImage: image = 'images/LoseSmall.bmp'
225.5366 	EXP 	cueImage: autoDraw = True
225.5910 	DATA 	Keypress: 5
226.3568 	DATA 	Keypress: 5
227.1398 	DATA 	Keypress: 5
227.5706 	EXP 	cueImage: autoDraw = False
227.5706 	EXP 	cueImage: autoDraw = False
227.5706 	EXP 	fixation: autoDraw = True
227.9252 	DATA 	Keypress: 5
228.6909 	DATA 	Keypress: 5
229.4738 	DATA 	Keypress: 5
230.2587 	DATA 	Keypress: 5
231.0423 	DATA 	Keypress: 5
231.1034 	EXP 	fixation: autoDraw = False
231.1034 	EXP 	fixation: autoDraw = False
231.1034 	EXP 	Target: image = 'images/LoseProbe.bmp'
231.1034 	EXP 	Target: autoDraw = True
231.4740 	DATA 	Keypress: 1
231.6382 	EXP 	Target: autoDraw = False
231.6382 	EXP 	Target: autoDraw = False
231.6382 	EXP 	feedbackMsg: text = 'Correct Response!\n\nYou did not lose $0.20!'
231.6382 	EXP 	feedbackMsg: autoDraw = True
231.8082 	DATA 	Keypress: 5
232.5917 	DATA 	Keypress: 5
233.1221 	EXP 	New trial (rep=0, index=30): OrderedDict([('Condition', 'Triangle'), ('FixationDur', 2000)])
233.1374 	EXP 	feedbackMsg: autoDraw = False
233.1374 	EXP 	feedbackMsg: autoDraw = False
233.1374 	EXP 	cueImage: image = 'images/Neutral.bmp'
233.1374 	EXP 	cueImage: autoDraw = True
233.3752 	DATA 	Keypress: 5
234.1398 	DATA 	Keypress: 5
234.9250 	DATA 	Keypress: 5
235.1712 	EXP 	cueImage: autoDraw = False
235.1712 	EXP 	cueImage: autoDraw = False
235.1712 	EXP 	fixation: autoDraw = True
235.7088 	DATA 	Keypress: 5
236.4740 	DATA 	Keypress: 5
237.2040 	EXP 	fixation: autoDraw = False
237.2040 	EXP 	fixation: autoDraw = False
237.2040 	EXP 	Target: image = 'images/NeutralProbe.bmp'
237.2040 	EXP 	Target: autoDraw = True
237.2583 	DATA 	Keypress: 5
237.5903 	DATA 	Keypress: 1
237.7382 	EXP 	Target: autoDraw = False
237.7382 	EXP 	Target: autoDraw = False
237.7382 	EXP 	feedbackMsg: text = 'Correct Response!\n\nYou did not win or lose anything!'
237.7382 	EXP 	feedbackMsg: autoDraw = True
238.0420 	DATA 	Keypress: 5
238.8077 	DATA 	Keypress: 5
239.2234 	EXP 	New trial (rep=0, index=31): OrderedDict([('Condition', 'SmallPun'), ('FixationDur', 1500)])
239.2379 	EXP 	feedbackMsg: autoDraw = False
239.2379 	EXP 	feedbackMsg: autoDraw = False
239.2379 	EXP 	cueImage: image = 'images/LoseSmall.bmp'
239.2379 	EXP 	cueImage: autoDraw = True
239.5917 	DATA 	Keypress: 5
240.3748 	DATA 	Keypress: 5
241.1414 	DATA 	Keypress: 5
241.2720 	EXP 	cueImage: autoDraw = False
241.2720 	EXP 	cueImage: autoDraw = False
241.2720 	EXP 	fixation: autoDraw = True
241.9245 	DATA 	Keypress: 5
242.7096 	DATA 	Keypress: 5
242.8053 	EXP 	fixation: autoDraw = False
242.8053 	EXP 	fixation: autoDraw = False
242.8053 	EXP 	Target: image = 'images/LoseProbe.bmp'
242.8053 	EXP 	Target: autoDraw = True
243.3381 	EXP 	Target: autoDraw = False
243.3381 	EXP 	Target: autoDraw = False
243.3381 	EXP 	feedbackMsg: text = 'You pressed too slow!\n\nYou lost $0.20!'
243.3381 	EXP 	feedbackMsg: autoDraw = True
243.4746 	DATA 	Keypress: 5
244.2578 	DATA 	Keypress: 5
244.8237 	EXP 	New trial (rep=0, index=32): OrderedDict([('Condition', 'Triangle'), ('FixationDur', 3500)])
244.8382 	EXP 	feedbackMsg: autoDraw = False
244.8382 	EXP 	feedbackMsg: autoDraw = False
244.8382 	EXP 	cueImage: image = 'images/Neutral.bmp'
244.8382 	EXP 	cueImage: autoDraw = True
245.0417 	DATA 	Keypress: 5
245.8071 	DATA 	Keypress: 5
246.5908 	DATA 	Keypress: 5
246.8726 	EXP 	cueImage: autoDraw = False
246.8726 	EXP 	cueImage: autoDraw = False
246.8726 	EXP 	fixation: autoDraw = True
247.3767 	DATA 	Keypress: 5
248.1422 	DATA 	Keypress: 5
248.9252 	DATA 	Keypress: 5
249.7101 	DATA 	Keypress: 5
250.4055 	EXP 	fixation: autoDraw = False
250.4055 	EXP 	fixation: autoDraw = False
250.4055 	EXP 	Target: image = 'images/NeutralProbe.bmp'
250.4055 	EXP 	Target: autoDraw = True
250.4755 	DATA 	Keypress: 5
250.9369 	DATA 	Keypress: 2
250.9427 	EXP 	Target: autoDraw = False
250.9427 	EXP 	Target: autoDraw = False
250.9427 	EXP 	feedbackMsg: text = 'You pressed too slow!\n\nYou did not win or lose anything!'
250.9427 	EXP 	feedbackMsg: autoDraw = True
251.2590 	DATA 	Keypress: 5
252.0435 	DATA 	Keypress: 5
252.4244 	EXP 	New trial (rep=0, index=33): OrderedDict([('Condition', 'LgReward'), ('FixationDur', 3500)])
252.4552 	EXP 	feedbackMsg: autoDraw = False
252.4552 	EXP 	feedbackMsg: autoDraw = False
252.4552 	EXP 	cueImage: image = 'images/WinBig.bmp'
252.4552 	EXP 	cueImage: autoDraw = True
252.8266 	DATA 	Keypress: 5
253.5914 	DATA 	Keypress: 5
254.3766 	DATA 	Keypress: 5
254.4895 	EXP 	cueImage: autoDraw = False
254.4895 	EXP 	fixation: autoDraw = True
255.1604 	DATA 	Keypress: 5
255.9251 	DATA 	Keypress: 5
256.7109 	DATA 	Keypress: 5
257.4942 	DATA 	Keypress: 5
258.0395 	EXP 	fixation: autoDraw = False
258.0395 	EXP 	fixation: autoDraw = False
258.0395 	EXP 	Target: image = 'images/WinProbe.bmp'
258.0395 	EXP 	Target: autoDraw = True
258.2585 	DATA 	Keypress: 5
258.5699 	DATA 	Keypress: 1
258.5766 	EXP 	Target: autoDraw = False
258.5766 	EXP 	Target: autoDraw = False
258.5766 	EXP 	feedbackMsg: text = 'You pressed too slow!\n\nYou did not win $5.00!'
258.5766 	EXP 	feedbackMsg: autoDraw = True
259.0423 	DATA 	Keypress: 5
259.8275 	DATA 	Keypress: 5
260.0583 	EXP 	New trial (rep=0, index=34): OrderedDict([('Condition', 'SmallReward'), ('FixationDur', 2000)])
260.0893 	EXP 	feedbackMsg: autoDraw = False
260.0893 	EXP 	feedbackMsg: autoDraw = False
260.0893 	EXP 	cueImage: image = 'images/WinSmall.bmp'
260.0893 	EXP 	cueImage: autoDraw = True
260.5926 	DATA 	Keypress: 5
261.3756 	DATA 	Keypress: 5
262.1236 	EXP 	cueImage: autoDraw = False
262.1236 	EXP 	fixation: autoDraw = True
262.1612 	DATA 	Keypress: 5
262.9261 	DATA 	Keypress: 5
263.7096 	DATA 	Keypress: 5
264.1725 	EXP 	fixation: autoDraw = False
264.1725 	EXP 	fixation: autoDraw = False
264.1725 	EXP 	Target: image = 'images/WinProbe.bmp'
264.1725 	EXP 	Target: autoDraw = True
264.4944 	DATA 	Keypress: 5
264.5258 	DATA 	Keypress: 1
264.7062 	EXP 	Target: autoDraw = False
264.7062 	EXP 	Target: autoDraw = False
264.7062 	EXP 	feedbackMsg: text = 'Correct Response!\n\nYou won $0.20!'
264.7062 	EXP 	feedbackMsg: autoDraw = True
265.2593 	DATA 	Keypress: 5
266.0430 	DATA 	Keypress: 5
266.1920 	EXP 	New trial (rep=0, index=35): OrderedDict([('Condition', 'Triangle'), ('FixationDur', 1500)])
266.2067 	EXP 	feedbackMsg: autoDraw = False
266.2067 	EXP 	feedbackMsg: autoDraw = False
266.2067 	EXP 	cueImage: image = 'images/Neutral.bmp'
266.2067 	EXP 	cueImage: autoDraw = True
266.8266 	DATA 	Keypress: 5
267.5928 	DATA 	Keypress: 5
268.2406 	EXP 	cueImage: autoDraw = False
268.2406 	EXP 	cueImage: autoDraw = False
268.2406 	EXP 	fixation: autoDraw = True
268.3760 	DATA 	Keypress: 5
269.1616 	DATA 	Keypress: 5
269.7730 	EXP 	fixation: autoDraw = False
269.7730 	EXP 	fixation: autoDraw = False
269.7730 	EXP 	Target: image = 'images/NeutralProbe.bmp'
269.7730 	EXP 	Target: autoDraw = True
269.9269 	DATA 	Keypress: 5
270.1937 	DATA 	Keypress: 1
270.3116 	EXP 	Target: autoDraw = False
270.3116 	EXP 	Target: autoDraw = False
270.3116 	EXP 	feedbackMsg: text = 'Correct Response!\n\nYou did not win or lose anything!'
270.3116 	EXP 	feedbackMsg: autoDraw = True
270.7104 	DATA 	Keypress: 5
271.4955 	DATA 	Keypress: 5
271.7924 	EXP 	New trial (rep=0, index=36): OrderedDict([('Condition', 'LgPun'), ('FixationDur', 2000)])
271.8064 	EXP 	feedbackMsg: autoDraw = False
271.8064 	EXP 	feedbackMsg: autoDraw = False
271.8064 	EXP 	cueImage: image = 'images/LoseBig.bmp'
271.8064 	EXP 	cueImage: autoDraw = True
272.2603 	DATA 	Keypress: 5
273.0427 	DATA 	Keypress: 5
273.8275 	DATA 	Keypress: 5
273.8403 	EXP 	cueImage: autoDraw = False
273.8403 	EXP 	cueImage: autoDraw = False
273.8403 	EXP 	fixation: autoDraw = True
274.5949 	DATA 	Keypress: 5
275.3770 	DATA 	Keypress: 5
275.8735 	EXP 	fixation: autoDraw = False
275.8735 	EXP 	fixation: autoDraw = False
275.8735 	EXP 	Target: image = 'images/LoseProbe.bmp'
275.8735 	EXP 	Target: autoDraw = True
276.1620 	DATA 	Keypress: 5
276.1773 	DATA 	Keypress: 1
276.4067 	EXP 	Target: autoDraw = False
276.4067 	EXP 	Target: autoDraw = False
276.4067 	EXP 	feedbackMsg: text = 'Correct Response!\n\nYou did not lose $5.00!'
276.4067 	EXP 	feedbackMsg: autoDraw = True
276.9443 	DATA 	Keypress: 5
277.7096 	DATA 	Keypress: 5
277.8926 	EXP 	New trial (rep=0, index=37): OrderedDict([('Condition', 'LgReward'), ('FixationDur', 1500)])
277.9237 	EXP 	feedbackMsg: autoDraw = False
277.9237 	EXP 	feedbackMsg: autoDraw = False
277.9237 	EXP 	cueImage: image = 'images/WinBig.bmp'
277.9237 	EXP 	cueImage: autoDraw = True
278.4939 	DATA 	Keypress: 5
279.2782 	DATA 	Keypress: 5
279.9579 	EXP 	cueImage: autoDraw = False
279.9579 	EXP 	fixation: autoDraw = True
280.0436 	DATA 	Keypress: 5
280.8284 	DATA 	Keypress: 5
281.5076 	EXP 	fixation: autoDraw = False
281.5076 	EXP 	fixation: autoDraw = False
281.5076 	EXP 	Target: image = 'images/WinProbe.bmp'
281.5076 	EXP 	Target: autoDraw = True
281.6118 	DATA 	Keypress: 5
282.0462 	EXP 	Target: autoDraw = False
282.0462 	EXP 	Target: autoDraw = False
282.0462 	EXP 	feedbackMsg: text = 'You pressed too slow!\n\nYou did not win $5.00!'
282.0462 	EXP 	feedbackMsg: autoDraw = True
282.0780 	DATA 	Keypress: 1
282.3773 	DATA 	Keypress: 5
283.1599 	DATA 	Keypress: 5
283.5266 	EXP 	New trial (rep=0, index=38): OrderedDict([('Condition', 'LgPun'), ('FixationDur', 1500)])
283.5407 	EXP 	feedbackMsg: autoDraw = False
283.5407 	EXP 	feedbackMsg: autoDraw = False
283.5407 	EXP 	cueImage: image = 'images/LoseBig.bmp'
283.5407 	EXP 	cueImage: autoDraw = True
283.9442 	DATA 	Keypress: 5
284.7105 	DATA 	Keypress: 5
285.4946 	DATA 	Keypress: 5
285.5744 	EXP 	cueImage: autoDraw = False
285.5744 	EXP 	cueImage: autoDraw = False
285.5744 	EXP 	fixation: autoDraw = True
286.2780 	DATA 	Keypress: 5
287.0450 	DATA 	Keypress: 5
287.1082 	EXP 	fixation: autoDraw = False
287.1082 	EXP 	fixation: autoDraw = False
287.1082 	EXP 	Target: image = 'images/LoseProbe.bmp'
287.1082 	EXP 	Target: autoDraw = True
287.3945 	DATA 	Keypress: 1
287.6416 	EXP 	Target: autoDraw = False
287.6416 	EXP 	Target: autoDraw = False
287.6416 	EXP 	feedbackMsg: text = 'Correct Response!\n\nYou did not lose $5.00!'
287.6416 	EXP 	feedbackMsg: autoDraw = True
287.8277 	DATA 	Keypress: 5
288.6126 	DATA 	Keypress: 5
289.1267 	EXP 	New trial (rep=0, index=39): OrderedDict([('Condition', 'Triangle'), ('FixationDur', 1500)])
289.1413 	EXP 	feedbackMsg: autoDraw = False
289.1413 	EXP 	feedbackMsg: autoDraw = False
289.1413 	EXP 	cueImage: image = 'images/Neutral.bmp'
289.1413 	EXP 	cueImage: autoDraw = True
289.3775 	DATA 	Keypress: 5
290.1604 	DATA 	Keypress: 5
290.9451 	DATA 	Keypress: 5
291.1644 	EXP 	cueImage: autoDraw = False
291.1644 	EXP 	cueImage: autoDraw = False
291.1644 	EXP 	fixation: autoDraw = True
291.7121 	DATA 	Keypress: 5
292.4953 	DATA 	Keypress: 5
292.7087 	EXP 	fixation: autoDraw = False
292.7087 	EXP 	fixation: autoDraw = False
292.7087 	EXP 	Target: image = 'images/NeutralProbe.bmp'
292.7087 	EXP 	Target: autoDraw = True
293.2414 	DATA 	Keypress: 1
293.2484 	EXP 	Target: autoDraw = False
293.2484 	EXP 	Target: autoDraw = False
293.2484 	EXP 	feedbackMsg: text = 'You pressed too slow!\n\nYou did not win or lose anything!'
293.2484 	EXP 	feedbackMsg: autoDraw = True
293.2786 	DATA 	Keypress: 5
294.0622 	DATA 	Keypress: 5
294.7427 	EXP 	New trial (rep=0, index=40): OrderedDict([('Condition', 'LgReward'), ('FixationDur', 2000)])
294.7804 	EXP 	feedbackMsg: autoDraw = False
294.7804 	EXP 	feedbackMsg: autoDraw = False
294.7804 	EXP 	cueImage: image = 'images/WinBig.bmp'
294.7804 	EXP 	cueImage: autoDraw = True
294.8274 	DATA 	Keypress: 5
295.6120 	DATA 	Keypress: 5
296.3959 	DATA 	Keypress: 5
296.7987 	EXP 	cueImage: autoDraw = False
296.7987 	EXP 	fixation: autoDraw = True
297.1622 	DATA 	Keypress: 5
297.9465 	DATA 	Keypress: 5
298.7289 	DATA 	Keypress: 5
298.8500 	EXP 	fixation: autoDraw = False
298.8500 	EXP 	fixation: autoDraw = False
298.8500 	EXP 	Target: image = 'images/WinProbe.bmp'
298.8500 	EXP 	Target: autoDraw = True
299.3295 	DATA 	Keypress: 1
299.3925 	EXP 	Target: autoDraw = False
299.3925 	EXP 	Target: autoDraw = False
299.3925 	EXP 	feedbackMsg: text = 'Correct Response!\n\nYou won $5.00!'
299.3925 	EXP 	feedbackMsg: autoDraw = True
299.4941 	DATA 	Keypress: 5
300.2796 	DATA 	Keypress: 5
300.8775 	EXP 	New trial (rep=0, index=41): OrderedDict([('Condition', 'LgPun'), ('FixationDur', 1500)])
300.8919 	EXP 	feedbackMsg: autoDraw = False
300.8919 	EXP 	feedbackMsg: autoDraw = False
300.8919 	EXP 	cueImage: image = 'images/LoseBig.bmp'
300.8919 	EXP 	cueImage: autoDraw = True
301.0615 	DATA 	Keypress: 5
301.8277 	DATA 	Keypress: 5
302.6130 	DATA 	Keypress: 5
302.9165 	EXP 	cueImage: autoDraw = False
302.9165 	EXP 	cueImage: autoDraw = False
302.9165 	EXP 	fixation: autoDraw = True
303.3968 	DATA 	Keypress: 5
304.1617 	DATA 	Keypress: 5
304.4593 	EXP 	fixation: autoDraw = False
304.4593 	EXP 	fixation: autoDraw = False
304.4593 	EXP 	Target: image = 'images/LoseProbe.bmp'
304.4593 	EXP 	Target: autoDraw = True
304.9881 	DATA 	Keypress: 5
305.0002 	EXP 	Target: autoDraw = False
305.0002 	EXP 	Target: autoDraw = False
305.0002 	EXP 	feedbackMsg: text = 'You pressed too slow!\n\nYou lost $5.00!'
305.0002 	EXP 	feedbackMsg: autoDraw = True
305.0951 	DATA 	Keypress: 1
305.7289 	DATA 	Keypress: 5
306.4781 	EXP 	New trial (rep=0, index=42): OrderedDict([('Condition', 'SmallReward'), ('FixationDur', 1500)])
306.4981 	DATA 	Keypress: 5
306.5090 	EXP 	feedbackMsg: autoDraw = False
306.5090 	EXP 	feedbackMsg: autoDraw = False
306.5090 	EXP 	cueImage: image = 'images/WinSmall.bmp'
306.5090 	EXP 	cueImage: autoDraw = True
307.2784 	DATA 	Keypress: 5
308.0633 	DATA 	Keypress: 5
308.5339 	EXP 	cueImage: autoDraw = False
308.5339 	EXP 	fixation: autoDraw = True
308.8294 	DATA 	Keypress: 5
309.0127 	DATA 	Keypress: 1
309.6118 	DATA 	Keypress: 5
310.0847 	EXP 	fixation: autoDraw = False
310.0847 	EXP 	fixation: autoDraw = False
310.0847 	EXP 	Target: image = 'images/WinProbe.bmp'
310.0847 	EXP 	Target: autoDraw = True
310.3969 	DATA 	Keypress: 5
310.6265 	EXP 	Target: autoDraw = False
310.6265 	EXP 	Target: autoDraw = False
310.6265 	EXP 	feedbackMsg: text = 'You pressed too soon!\n\nYou did not win $0.20!'
310.6265 	EXP 	feedbackMsg: autoDraw = True
311.1630 	DATA 	Keypress: 5
311.9463 	DATA 	Keypress: 5
312.1115 	EXP 	New trial (rep=0, index=43): OrderedDict([('Condition', 'SmallPun'), ('FixationDur', 1500)])
312.1261 	EXP 	feedbackMsg: autoDraw = False
312.1261 	EXP 	feedbackMsg: autoDraw = False
312.1261 	EXP 	cueImage: image = 'images/LoseSmall.bmp'
312.1261 	EXP 	cueImage: autoDraw = True
312.7300 	DATA 	Keypress: 5
313.4962 	DATA 	Keypress: 5
314.1505 	EXP 	cueImage: autoDraw = False
314.1505 	EXP 	cueImage: autoDraw = False
314.1505 	EXP 	fixation: autoDraw = True
314.2791 	DATA 	Keypress: 5
315.0643 	DATA 	Keypress: 5
315.6931 	EXP 	fixation: autoDraw = False
315.6931 	EXP 	fixation: autoDraw = False
315.6931 	EXP 	Target: image = 'images/LoseProbe.bmp'
315.6931 	EXP 	Target: autoDraw = True
315.8476 	DATA 	Keypress: 5
316.2261 	EXP 	Target: autoDraw = False
316.2261 	EXP 	Target: autoDraw = False
316.2261 	EXP 	feedbackMsg: text = 'You pressed too slow!\n\nYou lost $0.20!'
316.2261 	EXP 	feedbackMsg: autoDraw = True
316.6129 	DATA 	Keypress: 5
316.6974 	DATA 	Keypress: 1
317.3980 	DATA 	Keypress: 5
317.7121 	EXP 	New trial (rep=0, index=44): OrderedDict([('Condition', 'SmallPun'), ('FixationDur', 2500)])
317.7266 	EXP 	feedbackMsg: autoDraw = False
317.7266 	EXP 	feedbackMsg: autoDraw = False
317.7266 	EXP 	cueImage: image = 'images/LoseSmall.bmp'
317.7266 	EXP 	cueImage: autoDraw = True
318.1799 	DATA 	Keypress: 5
318.9451 	DATA 	Keypress: 5
319.7487 	DATA 	Keypress: 5
319.7602 	EXP 	cueImage: autoDraw = False
319.7602 	EXP 	cueImage: autoDraw = False
319.7602 	EXP 	fixation: autoDraw = True
320.5139 	DATA 	Keypress: 5
321.2793 	DATA 	Keypress: 5
322.0648 	DATA 	Keypress: 5
322.2939 	EXP 	fixation: autoDraw = False
322.2939 	EXP 	fixation: autoDraw = False
322.2939 	EXP 	Target: image = 'images/LoseProbe.bmp'
322.2939 	EXP 	Target: autoDraw = True
322.6477 	DATA 	Keypress: 1
322.8272 	EXP 	Target: autoDraw = False
322.8272 	EXP 	Target: autoDraw = False
322.8272 	EXP 	feedbackMsg: text = 'Correct Response!\n\nYou did not lose $0.20!'
322.8272 	EXP 	feedbackMsg: autoDraw = True
322.8474 	DATA 	Keypress: 5
323.6129 	DATA 	Keypress: 5
324.3109 	EXP 	New trial (rep=0, index=45): OrderedDict([('Condition', 'LgPun'), ('FixationDur', 1500)])
324.3257 	EXP 	feedbackMsg: autoDraw = False
324.3257 	EXP 	feedbackMsg: autoDraw = False
324.3257 	EXP 	cueImage: image = 'images/LoseBig.bmp'
324.3257 	EXP 	cueImage: autoDraw = True
324.3964 	DATA 	Keypress: 5
325.1812 	DATA 	Keypress: 5
325.9461 	DATA 	Keypress: 5
326.3530 	EXP 	cueImage: autoDraw = False
326.3530 	EXP 	fixation: autoDraw = True
326.7314 	DATA 	Keypress: 5
327.5142 	DATA 	Keypress: 5
327.8941 	EXP 	fixation: autoDraw = False
327.8941 	EXP 	fixation: autoDraw = False
327.8941 	EXP 	Target: image = 'images/LoseProbe.bmp'
327.8941 	EXP 	Target: autoDraw = True
328.2147 	DATA 	Keypress: 1
328.2805 	DATA 	Keypress: 5
328.4274 	EXP 	Target: autoDraw = False
328.4274 	EXP 	Target: autoDraw = False
328.4274 	EXP 	feedbackMsg: text = 'Correct Response!\n\nYou did not lose $5.00!'
328.4274 	EXP 	feedbackMsg: autoDraw = True
329.0641 	DATA 	Keypress: 5
329.8489 	DATA 	Keypress: 5
329.9127 	EXP 	New trial (rep=0, index=46): OrderedDict([('Condition', 'LgReward'), ('FixationDur', 1500)])
329.9364 	EXP 	feedbackMsg: autoDraw = False
329.9364 	EXP 	feedbackMsg: autoDraw = False
329.9364 	EXP 	cueImage: image = 'images/WinBig.bmp'
329.9364 	EXP 	cueImage: autoDraw = True
330.6137 	DATA 	Keypress: 5
331.3967 	DATA 	Keypress: 5
331.9701 	EXP 	cueImage: autoDraw = False
331.9701 	EXP 	fixation: autoDraw = True
332.1823 	DATA 	Keypress: 5
332.9478 	DATA 	Keypress: 5
333.5194 	EXP 	fixation: autoDraw = False
333.5194 	EXP 	fixation: autoDraw = False
333.5194 	EXP 	Target: image = 'images/WinProbe.bmp'
333.5194 	EXP 	Target: autoDraw = True
333.7296 	DATA 	Keypress: 5
334.0606 	EXP 	Target: autoDraw = False
334.0606 	EXP 	Target: autoDraw = False
334.0606 	EXP 	feedbackMsg: text = 'You pressed too slow!\n\nYou did not win $5.00!'
334.0606 	EXP 	feedbackMsg: autoDraw = True
334.5139 	DATA 	Keypress: 5
335.2816 	DATA 	Keypress: 5
335.5465 	EXP 	New trial (rep=0, index=47): OrderedDict([('Condition', 'SmallReward'), ('FixationDur', 1500)])
335.5776 	EXP 	feedbackMsg: autoDraw = False
335.5776 	EXP 	feedbackMsg: autoDraw = False
335.5776 	EXP 	cueImage: image = 'images/WinSmall.bmp'
335.5776 	EXP 	cueImage: autoDraw = True
336.0635 	DATA 	Keypress: 5
336.8476 	DATA 	Keypress: 5
337.6035 	EXP 	cueImage: autoDraw = False
337.6035 	EXP 	fixation: autoDraw = True
337.6332 	DATA 	Keypress: 5
337.9659 	DATA 	Keypress: 1
338.3980 	DATA 	Keypress: 5
339.1544 	EXP 	fixation: autoDraw = False
339.1544 	EXP 	fixation: autoDraw = False
339.1544 	EXP 	Target: image = 'images/WinProbe.bmp'
339.1544 	EXP 	Target: autoDraw = True
339.1822 	DATA 	Keypress: 5
339.6945 	EXP 	Target: autoDraw = False
339.6945 	EXP 	Target: autoDraw = False
339.6945 	EXP 	feedbackMsg: text = 'You pressed too soon!\n\nYou did not win $0.20!'
339.6945 	EXP 	feedbackMsg: autoDraw = True
339.9652 	DATA 	Keypress: 5
340.7304 	DATA 	Keypress: 5
341.1800 	EXP 	New trial (rep=0, index=48): OrderedDict([('Condition', 'SmallPun'), ('FixationDur', 2000)])
341.1941 	EXP 	feedbackMsg: autoDraw = False
341.1941 	EXP 	feedbackMsg: autoDraw = False
341.1941 	EXP 	cueImage: image = 'images/LoseSmall.bmp'
341.1941 	EXP 	cueImage: autoDraw = True
341.5145 	DATA 	Keypress: 5
342.2981 	DATA 	Keypress: 5
343.0637 	DATA 	Keypress: 5
343.2214 	EXP 	cueImage: autoDraw = False
343.2214 	EXP 	cueImage: autoDraw = False
343.2214 	EXP 	fixation: autoDraw = True
343.8496 	DATA 	Keypress: 5
344.6306 	DATA 	Keypress: 5
345.2619 	EXP 	fixation: autoDraw = False
345.2619 	EXP 	fixation: autoDraw = False
345.2619 	EXP 	Target: image = 'images/LoseProbe.bmp'
345.2619 	EXP 	Target: autoDraw = True
345.3977 	DATA 	Keypress: 5
345.7945 	EXP 	Target: autoDraw = False
345.7945 	EXP 	Target: autoDraw = False
345.7945 	EXP 	feedbackMsg: text = 'You pressed too slow!\n\nYou lost $0.20!'
345.7945 	EXP 	feedbackMsg: autoDraw = True
346.1825 	DATA 	Keypress: 5
346.3308 	DATA 	Keypress: 1
346.9655 	DATA 	Keypress: 5
347.2806 	EXP 	New trial (rep=0, index=49): OrderedDict([('Condition', 'LgPun'), ('FixationDur', 4000)])
347.2950 	EXP 	feedbackMsg: autoDraw = False
347.2950 	EXP 	feedbackMsg: autoDraw = False
347.2950 	EXP 	cueImage: image = 'images/LoseBig.bmp'
347.2950 	EXP 	cueImage: autoDraw = True
347.7315 	DATA 	Keypress: 5
348.5145 	DATA 	Keypress: 5
349.3162 	DATA 	Keypress: 5
349.3216 	EXP 	cueImage: autoDraw = False
349.3216 	EXP 	cueImage: autoDraw = False
349.3216 	EXP 	fixation: autoDraw = True
350.0653 	DATA 	Keypress: 5
350.8490 	DATA 	Keypress: 5
351.6334 	DATA 	Keypress: 5
352.3991 	DATA 	Keypress: 5
353.1823 	DATA 	Keypress: 5
353.3560 	EXP 	fixation: autoDraw = False
353.3560 	EXP 	fixation: autoDraw = False
353.3560 	EXP 	Target: image = 'images/LoseProbe.bmp'
353.3560 	EXP 	Target: autoDraw = True
353.8959 	EXP 	Target: autoDraw = False
353.8959 	EXP 	Target: autoDraw = False
353.8959 	EXP 	feedbackMsg: text = 'You pressed too slow!\n\nYou lost $5.00!'
353.8959 	EXP 	feedbackMsg: autoDraw = True
353.9661 	DATA 	Keypress: 5
354.7480 	DATA 	Keypress: 5
355.3954 	EXP 	feedbackMsg: autoDraw = False
355.3954 	EXP 	feedbackMsg: autoDraw = False
355.3954 	EXP 	polygon: autoDraw = True
355.5152 	DATA 	Keypress: 5
356.2990 	DATA 	Keypress: 5
357.0836 	DATA 	Keypress: 5
357.8484 	DATA 	Keypress: 5
358.6333 	DATA 	Keypress: 5
360.4076 	EXP 	polygon: autoDraw = False
360.4076 	EXP 	polygon: autoDraw = False
360.4076 	EXP 	text: text = 'All done!\n\nYou earned a total of: $1.00'
360.4076 	EXP 	text: autoDraw = True
363.4408 	EXP 	text: autoDraw = False
363.4408 	EXP 	text: autoDraw = False
363.4408 	EXP 	polygon2: autoDraw = True
365.8499 	DATA 	Keypress: escape
366.1833 	EXP 	window1: mouseVisible = True
