8.6854 	EXP 	Created window1 = Window(allowGUI=False, allowStencil=False, args=UNKNOWN, autoLog=True, bitsMode=UNKNOWN, blendMode='avg', color=array([0., 0., 0.]), colorSpace='rgb', fullscr=<method-wrapper '__getattribute__' of attributeSetter object at 0x134e7bbe0>, gamma=None, kwargs=UNKNOWN, lms=UNKNOWN, monitor=<psychopy.monitors.calibTools.Monitor object at 0x134eb13c8>, multiSample=False, name='window1', numSamples=2, pos=[0.0, 0.0], screen=0, size=array([1920, 1080]), stereo=False, units='height', useFBO=True, useRetina=False, viewOri=0.0, viewPos=None, viewScale=None, waitBlanking=True, winType='pyglet')
8.6855 	EXP 	window1: recordFrameIntervals = False
8.8510 	EXP 	window1: recordFrameIntervals = True
9.0350 	EXP 	window1: recordFrameIntervals = False
9.0351 	EXP 	window1: recordFrameIntervals = False
9.2024 	EXP 	window1: recordFrameIntervals = True
9.3860 	EXP 	window1: recordFrameIntervals = False
9.8474 	EXP 	Created preinstruct_text = TextStim(__class__=<class 'psychopy.visual.text.TextStim'>, alignHoriz='center', alignVert='center', antialias=True, autoLog=True, bold=False, color='white', colorSpace='named', contrast=1.0, depth=0.0, flipHoriz=False, flipVert=False, font='Arial', fontFiles=[], height=0.05, italic=False, languageStyle='LTR', name='preinstruct_text', opacity=1.0, ori=0, pos=array([0., 0.]), rgb=array([255., 255., 255.]), text='Money Task - Scanner 1', units='height', win=Window(...), wrapWidth=1)
9.8925 	EXP 	Created instructFig = ImageStim(__class__=<class 'psychopy.visual.image.ImageStim'>, autoLog=True, color=array([1., 1., 1.]), colorSpace='rgb', contrast=1.0, depth=0.0, flipHoriz=False, flipVert=False, image='images/MID_instructions.bmp', interpolate=True, mask=None, maskParams=None, name='instructFig', opacity=1.0, ori=0.0, pos=array([0., 0.]), size=array([1.3, 1. ]), texRes=128, units='height', win=Window(...))
9.8942 	EXP 	Created PrepFixation = ShapeStim(__class__=<class 'psychopy.visual.shape.ShapeStim'>, autoDraw=False, autoLog=True, closeShape=True, contrast=1.0, depth=0.0, fillColor=array([1., 1., 1.]), fillColorSpace='rgb', interpolate=True, lineColor=array([1., 1., 1.]), lineColorSpace='rgb', lineWidth=1, name='PrepFixation', opacity=1.0, ori=array(0.), pos=array([0., 0.]), size=array([0.05, 0.05]), units='height', vertices=ndarray(...), win=Window(...), windingRule=None)
9.8958 	EXP 	Created cueImage = ImageStim(__class__=<class 'psychopy.visual.image.ImageStim'>, autoLog=True, color=array([1., 1., 1.]), colorSpace='rgb', contrast=1.0, depth=0.0, flipHoriz=False, flipVert=False, image='sin', interpolate=True, mask=None, maskParams=None, name='cueImage', opacity=1.0, ori=0.0, pos=array([0., 0.]), size=array([1.3, 1. ]), texRes=128, units='height', win=Window(...))
9.8973 	EXP 	Created fixation = ShapeStim(__class__=<class 'psychopy.visual.shape.ShapeStim'>, autoDraw=False, autoLog=True, closeShape=True, contrast=1.0, depth=-1.0, fillColor=array([1., 1., 1.]), fillColorSpace='rgb', interpolate=True, lineColor=array([1., 1., 1.]), lineColorSpace='rgb', lineWidth=1, name='fixation', opacity=1.0, ori=array(0.), pos=array([0., 0.]), size=array([0.05, 0.05]), units='height', vertices=ndarray(...), win=Window(...), windingRule=None)
9.8989 	EXP 	Created Target = ImageStim(__class__=<class 'psychopy.visual.image.ImageStim'>, autoLog=True, color=array([1., 1., 1.]), colorSpace='rgb', contrast=1.0, depth=-1.0, flipHoriz=False, flipVert=False, image='sin', interpolate=True, mask=None, maskParams=None, name='Target', opacity=1.0, ori=0.0, pos=array([0., 0.]), size=array([1.3, 1. ]), texRes=128, units='height', win=Window(...))
9.9086 	EXP 	Created feedbackMsg = TextStim(__class__=<class 'psychopy.visual.text.TextStim'>, alignHoriz='center', alignVert='center', antialias=True, autoLog=True, bold=False, color='white', colorSpace='named', contrast=1.0, depth=-2.0, flipHoriz=False, flipVert=False, font='Arial', fontFiles=[], height=0.05, italic=False, languageStyle='LTR', name='feedbackMsg', opacity=1.0, ori=0, pos=array([0., 0.]), rgb=array([255., 255., 255.]), text='default text', units='height', win=Window(...), wrapWidth=2)
9.9102 	EXP 	Created polygon = ShapeStim(__class__=<class 'psychopy.visual.shape.ShapeStim'>, autoDraw=False, autoLog=True, closeShape=True, contrast=1.0, depth=0.0, fillColor=array([1., 1., 1.]), fillColorSpace='rgb', interpolate=True, lineColor=array([1., 1., 1.]), lineColorSpace='rgb', lineWidth=1, name='polygon', opacity=1.0, ori=array(0.), pos=array([0., 0.]), size=array([0.05, 0.05]), units='height', vertices=ndarray(...), win=Window(...), windingRule=None)
9.9175 	EXP 	Created text = TextStim(__class__=<class 'psychopy.visual.text.TextStim'>, alignHoriz='center', alignVert='center', antialias=True, autoLog=True, bold=False, color='white', colorSpace='named', contrast=1.0, depth=-1.0, flipHoriz=False, flipVert=False, font='Arial', fontFiles=[], height=0.07, italic=False, languageStyle='LTR', name='text', opacity=1.0, ori=0, pos=array([0., 0.]), rgb=array([255., 255., 255.]), text='default text', units='height', win=Window(...), wrapWidth=1)
9.9191 	EXP 	Created polygon2 = ShapeStim(__class__=<class 'psychopy.visual.shape.ShapeStim'>, autoDraw=False, autoLog=True, closeShape=True, contrast=1.0, depth=0.0, fillColor=array([1., 1., 1.]), fillColorSpace='rgb', interpolate=True, lineColor=array([1., 1., 1.]), lineColorSpace='rgb', lineWidth=1, name='polygon2', opacity=1.0, ori=array(0.), pos=array([0., 0.]), size=array([0.05, 0.05]), units='height', vertices=ndarray(...), win=Window(...), windingRule=None)
9.9319 	EXP 	preinstruct_text: autoDraw = True
11.9822 	EXP 	preinstruct_text: autoDraw = False
11.9822 	EXP 	instructFig: autoDraw = True
23.4690 	DATA 	Keypress: 5
23.4843 	EXP 	instructFig: autoDraw = False
23.4843 	EXP 	PrepFixation: autoDraw = True
24.2219 	DATA 	Keypress: 5
25.0060 	DATA 	Keypress: 5
25.4642 	EXP 	Imported TimeVersion3.csv as conditions, 50 conditions, 2 params
25.4646 	EXP 	Created sequence: sequential, trialTypes=50, nReps=1, seed=None
25.4650 	EXP 	New trial (rep=0, index=0): OrderedDict([('Condition', 'LgReward'), ('FixationDur', 1500)])
25.5010 	EXP 	PrepFixation: autoDraw = False
25.5010 	EXP 	PrepFixation: autoDraw = False
25.5010 	EXP 	cueImage: image = 'images/WinBig.bmp'
25.5010 	EXP 	cueImage: autoDraw = True
25.7895 	DATA 	Keypress: 5
26.5557 	DATA 	Keypress: 5
27.3393 	DATA 	Keypress: 5
27.5185 	EXP 	cueImage: autoDraw = False
27.5185 	EXP 	fixation: autoDraw = True
28.1232 	DATA 	Keypress: 5
28.8899 	DATA 	Keypress: 5
29.0674 	EXP 	fixation: autoDraw = False
29.0674 	EXP 	fixation: autoDraw = False
29.0674 	EXP 	Target: image = 'images/WinProbe.bmp'
29.0674 	EXP 	Target: autoDraw = True
29.4238 	DATA 	Keypress: 1
29.5850 	EXP 	Target: autoDraw = False
29.5850 	EXP 	Target: autoDraw = False
29.5850 	EXP 	feedbackMsg: text = 'Correct Response!\n\nYou won $5.00!'
29.5850 	EXP 	feedbackMsg: autoDraw = True
29.6735 	DATA 	Keypress: 5
30.4579 	DATA 	Keypress: 5
31.1055 	EXP 	New trial (rep=0, index=1): OrderedDict([('Condition', 'Triangle'), ('FixationDur', 2500)])
31.1195 	EXP 	feedbackMsg: autoDraw = False
31.1195 	EXP 	feedbackMsg: autoDraw = False
31.1195 	EXP 	cueImage: image = 'images/Neutral.bmp'
31.1195 	EXP 	cueImage: autoDraw = True
31.2227 	DATA 	Keypress: 5
32.0059 	DATA 	Keypress: 5
32.7901 	DATA 	Keypress: 5
33.1518 	EXP 	cueImage: autoDraw = False
33.1518 	EXP 	cueImage: autoDraw = False
33.1518 	EXP 	fixation: autoDraw = True
33.5570 	DATA 	Keypress: 5
34.3404 	DATA 	Keypress: 5
35.1248 	DATA 	Keypress: 5
35.6849 	EXP 	fixation: autoDraw = False
35.6849 	EXP 	fixation: autoDraw = False
35.6849 	EXP 	Target: image = 'images/NeutralProbe.bmp'
35.6849 	EXP 	Target: autoDraw = True
35.8901 	DATA 	Keypress: 5
36.2020 	EXP 	Target: autoDraw = False
36.2020 	EXP 	Target: autoDraw = False
36.2020 	EXP 	feedbackMsg: text = 'You pressed too slow!\n\nYou did not win or lose anything!'
36.2020 	EXP 	feedbackMsg: autoDraw = True
36.6733 	DATA 	Keypress: 5
37.4584 	DATA 	Keypress: 5
37.7225 	EXP 	New trial (rep=0, index=2): OrderedDict([('Condition', 'SmallPun'), ('FixationDur', 1500)])
37.7368 	EXP 	feedbackMsg: autoDraw = False
37.7368 	EXP 	feedbackMsg: autoDraw = False
37.7368 	EXP 	cueImage: image = 'images/LoseSmall.bmp'
37.7368 	EXP 	cueImage: autoDraw = True
38.2232 	DATA 	Keypress: 5
39.0069 	DATA 	Keypress: 5
39.7699 	EXP 	cueImage: autoDraw = False
39.7699 	EXP 	cueImage: autoDraw = False
39.7699 	EXP 	fixation: autoDraw = True
39.7906 	DATA 	Keypress: 5
40.5749 	DATA 	Keypress: 5
41.3027 	EXP 	fixation: autoDraw = False
41.3027 	EXP 	fixation: autoDraw = False
41.3027 	EXP 	Target: image = 'images/LoseProbe.bmp'
41.3027 	EXP 	Target: autoDraw = True
41.3396 	DATA 	Keypress: 5
41.6583 	DATA 	Keypress: 2
41.8191 	EXP 	Target: autoDraw = False
41.8191 	EXP 	Target: autoDraw = False
41.8191 	EXP 	feedbackMsg: text = 'You pressed too slow!\n\nYou lost $0.20!'
41.8191 	EXP 	feedbackMsg: autoDraw = True
42.1238 	DATA 	Keypress: 5
42.9083 	DATA 	Keypress: 5
43.3395 	EXP 	New trial (rep=0, index=3): OrderedDict([('Condition', 'LgPun'), ('FixationDur', 2500)])
43.3536 	EXP 	feedbackMsg: autoDraw = False
43.3536 	EXP 	feedbackMsg: autoDraw = False
43.3536 	EXP 	cueImage: image = 'images/LoseBig.bmp'
43.3536 	EXP 	cueImage: autoDraw = True
43.6728 	DATA 	Keypress: 5
44.4579 	DATA 	Keypress: 5
45.2418 	DATA 	Keypress: 5
45.3867 	EXP 	cueImage: autoDraw = False
45.3867 	EXP 	cueImage: autoDraw = False
45.3867 	EXP 	fixation: autoDraw = True
46.0073 	DATA 	Keypress: 5
46.7908 	DATA 	Keypress: 5
47.5760 	DATA 	Keypress: 5
47.9204 	EXP 	fixation: autoDraw = False
47.9204 	EXP 	fixation: autoDraw = False
47.9204 	EXP 	Target: image = 'images/LoseProbe.bmp'
47.9204 	EXP 	Target: autoDraw = True
48.2254 	DATA 	Keypress: 2
48.3407 	DATA 	Keypress: 5
48.4200 	EXP 	Target: autoDraw = False
48.4200 	EXP 	Target: autoDraw = False
48.4200 	EXP 	feedbackMsg: text = 'You pressed too slow!\n\nYou lost $5.00!'
48.4200 	EXP 	feedbackMsg: autoDraw = True
49.1257 	DATA 	Keypress: 5
49.9095 	DATA 	Keypress: 5
49.9398 	EXP 	New trial (rep=0, index=4): OrderedDict([('Condition', 'Triangle'), ('FixationDur', 1500)])
49.9545 	EXP 	feedbackMsg: autoDraw = False
49.9545 	EXP 	feedbackMsg: autoDraw = False
49.9545 	EXP 	cueImage: image = 'images/Neutral.bmp'
49.9545 	EXP 	cueImage: autoDraw = True
50.6737 	DATA 	Keypress: 5
51.4571 	DATA 	Keypress: 5
51.9880 	EXP 	cueImage: autoDraw = False
51.9880 	EXP 	cueImage: autoDraw = False
51.9880 	EXP 	fixation: autoDraw = True
52.2425 	DATA 	Keypress: 5
53.0083 	DATA 	Keypress: 5
53.5203 	EXP 	fixation: autoDraw = False
53.5203 	EXP 	fixation: autoDraw = False
53.5203 	EXP 	Target: image = 'images/NeutralProbe.bmp'
53.5203 	EXP 	Target: autoDraw = True
53.7915 	DATA 	Keypress: 5
54.0709 	EXP 	Target: autoDraw = False
54.0709 	EXP 	Target: autoDraw = False
54.0709 	EXP 	feedbackMsg: text = 'You pressed too slow!\n\nYou did not win or lose anything!'
54.0709 	EXP 	feedbackMsg: autoDraw = True
54.5768 	DATA 	Keypress: 5
55.3424 	DATA 	Keypress: 5
55.5405 	EXP 	New trial (rep=0, index=5): OrderedDict([('Condition', 'SmallReward'), ('FixationDur', 2000)])
55.5710 	EXP 	feedbackMsg: autoDraw = False
55.5710 	EXP 	feedbackMsg: autoDraw = False
55.5710 	EXP 	cueImage: image = 'images/WinSmall.bmp'
55.5710 	EXP 	cueImage: autoDraw = True
56.1239 	DATA 	Keypress: 5
56.9088 	DATA 	Keypress: 5
57.6054 	EXP 	cueImage: autoDraw = False
57.6054 	EXP 	fixation: autoDraw = True
57.6753 	DATA 	Keypress: 5
58.4583 	DATA 	Keypress: 5
59.2423 	DATA 	Keypress: 5
59.6548 	EXP 	fixation: autoDraw = False
59.6548 	EXP 	fixation: autoDraw = False
59.6548 	EXP 	Target: image = 'images/WinProbe.bmp'
59.6548 	EXP 	Target: autoDraw = True
60.0085 	DATA 	Keypress: 5
60.0103 	DATA 	Keypress: 1
60.1891 	EXP 	Target: autoDraw = False
60.1891 	EXP 	Target: autoDraw = False
60.1891 	EXP 	feedbackMsg: text = 'Correct Response!\n\nYou won $0.20!'
60.1891 	EXP 	feedbackMsg: autoDraw = True
60.7916 	DATA 	Keypress: 5
61.5761 	DATA 	Keypress: 5
61.6741 	EXP 	New trial (rep=0, index=6): OrderedDict([('Condition', 'SmallPun'), ('FixationDur', 3500)])
61.6884 	EXP 	feedbackMsg: autoDraw = False
61.6884 	EXP 	feedbackMsg: autoDraw = False
61.6884 	EXP 	cueImage: image = 'images/LoseSmall.bmp'
61.6884 	EXP 	cueImage: autoDraw = True
62.3594 	DATA 	Keypress: 5
63.1244 	DATA 	Keypress: 5
63.7229 	EXP 	cueImage: autoDraw = False
63.7229 	EXP 	cueImage: autoDraw = False
63.7229 	EXP 	fixation: autoDraw = True
63.9095 	DATA 	Keypress: 5
64.6936 	DATA 	Keypress: 5
65.4582 	DATA 	Keypress: 5
66.2433 	DATA 	Keypress: 5
67.0274 	DATA 	Keypress: 5
67.2558 	EXP 	fixation: autoDraw = False
67.2558 	EXP 	fixation: autoDraw = False
67.2558 	EXP 	Target: image = 'images/LoseProbe.bmp'
67.2558 	EXP 	Target: autoDraw = True
67.5428 	DATA 	Keypress: 2
67.7884 	EXP 	Target: autoDraw = False
67.7884 	EXP 	Target: autoDraw = False
67.7884 	EXP 	feedbackMsg: text = 'You pressed too slow!\n\nYou lost $0.20!'
67.7884 	EXP 	feedbackMsg: autoDraw = True
67.7921 	DATA 	Keypress: 5
68.5764 	DATA 	Keypress: 5
69.2735 	EXP 	New trial (rep=0, index=7): OrderedDict([('Condition', 'Triangle'), ('FixationDur', 1500)])
69.2893 	EXP 	feedbackMsg: autoDraw = False
69.2893 	EXP 	feedbackMsg: autoDraw = False
69.2893 	EXP 	cueImage: image = 'images/Neutral.bmp'
69.2893 	EXP 	cueImage: autoDraw = True
69.3597 	DATA 	Keypress: 5
70.1256 	DATA 	Keypress: 5
70.9089 	DATA 	Keypress: 5
71.3232 	EXP 	cueImage: autoDraw = False
71.3232 	EXP 	cueImage: autoDraw = False
71.3232 	EXP 	fixation: autoDraw = True
71.6939 	DATA 	Keypress: 5
72.4594 	DATA 	Keypress: 5
72.8554 	EXP 	fixation: autoDraw = False
72.8554 	EXP 	fixation: autoDraw = False
72.8554 	EXP 	Target: image = 'images/NeutralProbe.bmp'
72.8554 	EXP 	Target: autoDraw = True
73.2428 	DATA 	Keypress: 5
73.3888 	EXP 	Target: autoDraw = False
73.3888 	EXP 	Target: autoDraw = False
73.3888 	EXP 	feedbackMsg: text = 'You pressed too slow!\n\nYou did not win or lose anything!'
73.3888 	EXP 	feedbackMsg: autoDraw = True
74.0272 	DATA 	Keypress: 5
74.7936 	DATA 	Keypress: 5
74.8747 	EXP 	New trial (rep=0, index=8): OrderedDict([('Condition', 'SmallReward'), ('FixationDur', 1500)])
74.9060 	EXP 	feedbackMsg: autoDraw = False
74.9060 	EXP 	feedbackMsg: autoDraw = False
74.9060 	EXP 	cueImage: image = 'images/WinSmall.bmp'
74.9060 	EXP 	cueImage: autoDraw = True
75.5755 	DATA 	Keypress: 5
76.3606 	DATA 	Keypress: 5
76.9404 	EXP 	cueImage: autoDraw = False
76.9404 	EXP 	fixation: autoDraw = True
77.1262 	DATA 	Keypress: 5
77.9092 	DATA 	Keypress: 5
78.4889 	EXP 	fixation: autoDraw = False
78.4889 	EXP 	fixation: autoDraw = False
78.4889 	EXP 	Target: image = 'images/WinProbe.bmp'
78.4889 	EXP 	Target: autoDraw = True
78.6930 	DATA 	Keypress: 5
78.7930 	DATA 	Keypress: 1
79.0235 	EXP 	Target: autoDraw = False
79.0235 	EXP 	Target: autoDraw = False
79.0235 	EXP 	feedbackMsg: text = 'Correct Response!\n\nYou won $0.20!'
79.0235 	EXP 	feedbackMsg: autoDraw = True
79.4603 	DATA 	Keypress: 5
80.2429 	DATA 	Keypress: 5
80.5085 	EXP 	New trial (rep=0, index=9): OrderedDict([('Condition', 'LgReward'), ('FixationDur', 2000)])
80.5398 	EXP 	feedbackMsg: autoDraw = False
80.5398 	EXP 	feedbackMsg: autoDraw = False
80.5398 	EXP 	cueImage: image = 'images/WinBig.bmp'
80.5398 	EXP 	cueImage: autoDraw = True
81.0271 	DATA 	Keypress: 5
81.7933 	DATA 	Keypress: 5
82.5730 	EXP 	cueImage: autoDraw = False
82.5730 	EXP 	fixation: autoDraw = True
82.5764 	DATA 	Keypress: 5
83.3613 	DATA 	Keypress: 5
84.1276 	DATA 	Keypress: 5
84.6237 	EXP 	fixation: autoDraw = False
84.6237 	EXP 	fixation: autoDraw = False
84.6237 	EXP 	Target: image = 'images/WinProbe.bmp'
84.6237 	EXP 	Target: autoDraw = True
84.9098 	DATA 	Keypress: 5
84.9947 	DATA 	Keypress: 1
85.1568 	EXP 	Target: autoDraw = False
85.1568 	EXP 	Target: autoDraw = False
85.1568 	EXP 	feedbackMsg: text = 'Correct Response!\n\nYou won $5.00!'
85.1568 	EXP 	feedbackMsg: autoDraw = True
85.6947 	DATA 	Keypress: 5
86.4614 	DATA 	Keypress: 5
86.6420 	EXP 	New trial (rep=0, index=10): OrderedDict([('Condition', 'Triangle'), ('FixationDur', 2000)])
86.6570 	EXP 	feedbackMsg: autoDraw = False
86.6570 	EXP 	feedbackMsg: autoDraw = False
86.6570 	EXP 	cueImage: image = 'images/Neutral.bmp'
86.6570 	EXP 	cueImage: autoDraw = True
87.2422 	DATA 	Keypress: 5
88.0274 	DATA 	Keypress: 5
88.6907 	EXP 	cueImage: autoDraw = False
88.6907 	EXP 	cueImage: autoDraw = False
88.6907 	EXP 	fixation: autoDraw = True
88.8119 	DATA 	Keypress: 5
89.5759 	DATA 	Keypress: 5
90.3603 	DATA 	Keypress: 5
90.7245 	EXP 	fixation: autoDraw = False
90.7245 	EXP 	fixation: autoDraw = False
90.7245 	EXP 	Target: image = 'images/NeutralProbe.bmp'
90.7245 	EXP 	Target: autoDraw = True
91.1449 	DATA 	Keypress: 5
91.2580 	EXP 	Target: autoDraw = False
91.2580 	EXP 	Target: autoDraw = False
91.2580 	EXP 	feedbackMsg: text = 'You pressed too slow!\n\nYou did not win or lose anything!'
91.2580 	EXP 	feedbackMsg: autoDraw = True
91.9109 	DATA 	Keypress: 5
92.6945 	DATA 	Keypress: 5
92.7430 	EXP 	New trial (rep=0, index=11): OrderedDict([('Condition', 'SmallReward'), ('FixationDur', 1500)])
92.7741 	EXP 	feedbackMsg: autoDraw = False
92.7741 	EXP 	feedbackMsg: autoDraw = False
92.7741 	EXP 	cueImage: image = 'images/WinSmall.bmp'
92.7741 	EXP 	cueImage: autoDraw = True
93.4781 	DATA 	Keypress: 5
94.2440 	DATA 	Keypress: 5
94.8081 	EXP 	cueImage: autoDraw = False
94.8081 	EXP 	fixation: autoDraw = True
95.0283 	DATA 	Keypress: 5
95.8124 	DATA 	Keypress: 5
96.3579 	EXP 	fixation: autoDraw = False
96.3579 	EXP 	fixation: autoDraw = False
96.3579 	EXP 	Target: image = 'images/WinProbe.bmp'
96.3579 	EXP 	Target: autoDraw = True
96.5776 	DATA 	Keypress: 5
96.7107 	DATA 	Keypress: 1
96.8908 	EXP 	Target: autoDraw = False
96.8908 	EXP 	Target: autoDraw = False
96.8908 	EXP 	feedbackMsg: text = 'Correct Response!\n\nYou won $0.20!'
96.8908 	EXP 	feedbackMsg: autoDraw = True
97.3620 	DATA 	Keypress: 5
98.1454 	DATA 	Keypress: 5
98.3761 	EXP 	New trial (rep=0, index=12): OrderedDict([('Condition', 'SmallPun'), ('FixationDur', 4000)])
98.3912 	EXP 	feedbackMsg: autoDraw = False
98.3912 	EXP 	feedbackMsg: autoDraw = False
98.3912 	EXP 	cueImage: image = 'images/LoseSmall.bmp'
98.3912 	EXP 	cueImage: autoDraw = True
98.9107 	DATA 	Keypress: 5
99.6936 	DATA 	Keypress: 5
100.4242 	EXP 	cueImage: autoDraw = False
100.4242 	EXP 	cueImage: autoDraw = False
100.4242 	EXP 	fixation: autoDraw = True
100.4784 	DATA 	Keypress: 5
101.2449 	DATA 	Keypress: 5
102.0282 	DATA 	Keypress: 5
102.8125 	DATA 	Keypress: 5
103.5785 	DATA 	Keypress: 5
104.3610 	DATA 	Keypress: 5
104.4585 	EXP 	fixation: autoDraw = False
104.4585 	EXP 	fixation: autoDraw = False
104.4585 	EXP 	Target: image = 'images/LoseProbe.bmp'
104.4585 	EXP 	Target: autoDraw = True
104.7462 	DATA 	Keypress: 2
104.9916 	EXP 	Target: autoDraw = False
104.9916 	EXP 	Target: autoDraw = False
104.9916 	EXP 	feedbackMsg: text = 'You pressed too slow!\n\nYou lost $0.20!'
104.9916 	EXP 	feedbackMsg: autoDraw = True
105.1460 	DATA 	Keypress: 5
105.9291 	DATA 	Keypress: 5
106.4760 	EXP 	New trial (rep=0, index=13): OrderedDict([('Condition', 'Triangle'), ('FixationDur', 1500)])
106.4917 	EXP 	feedbackMsg: autoDraw = False
106.4917 	EXP 	feedbackMsg: autoDraw = False
106.4917 	EXP 	cueImage: image = 'images/Neutral.bmp'
106.4917 	EXP 	cueImage: autoDraw = True
106.6947 	DATA 	Keypress: 5
107.4789 	DATA 	Keypress: 5
108.2626 	DATA 	Keypress: 5
108.5256 	EXP 	cueImage: autoDraw = False
108.5256 	EXP 	cueImage: autoDraw = False
108.5256 	EXP 	fixation: autoDraw = True
109.0281 	DATA 	Keypress: 5
109.8129 	DATA 	Keypress: 5
110.0586 	EXP 	fixation: autoDraw = False
110.0586 	EXP 	fixation: autoDraw = False
110.0586 	EXP 	Target: image = 'images/NeutralProbe.bmp'
110.0586 	EXP 	Target: autoDraw = True
110.5755 	EXP 	Target: autoDraw = False
110.5755 	EXP 	Target: autoDraw = False
110.5755 	EXP 	feedbackMsg: text = 'You pressed too slow!\n\nYou did not win or lose anything!'
110.5755 	EXP 	feedbackMsg: autoDraw = True
110.5954 	DATA 	Keypress: 5
111.3612 	DATA 	Keypress: 5
112.0941 	EXP 	New trial (rep=0, index=14): OrderedDict([('Condition', 'LgPun'), ('FixationDur', 1500)])
112.1086 	EXP 	feedbackMsg: autoDraw = False
112.1086 	EXP 	feedbackMsg: autoDraw = False
112.1086 	EXP 	cueImage: image = 'images/LoseBig.bmp'
112.1086 	EXP 	cueImage: autoDraw = True
112.1457 	DATA 	Keypress: 5
112.9296 	DATA 	Keypress: 5
113.6946 	DATA 	Keypress: 5
114.1430 	EXP 	cueImage: autoDraw = False
114.1430 	EXP 	cueImage: autoDraw = False
114.1430 	EXP 	fixation: autoDraw = True
114.4794 	DATA 	Keypress: 5
115.2636 	DATA 	Keypress: 5
115.6757 	EXP 	fixation: autoDraw = False
115.6757 	EXP 	fixation: autoDraw = False
115.6757 	EXP 	Target: image = 'images/LoseProbe.bmp'
115.6757 	EXP 	Target: autoDraw = True
115.9799 	DATA 	Keypress: 2
116.0289 	DATA 	Keypress: 5
116.1921 	EXP 	Target: autoDraw = False
116.1921 	EXP 	Target: autoDraw = False
116.1921 	EXP 	feedbackMsg: text = 'You pressed too slow!\n\nYou lost $5.00!'
116.1921 	EXP 	feedbackMsg: autoDraw = True
116.8121 	DATA 	Keypress: 5
117.5970 	DATA 	Keypress: 5
117.6943 	EXP 	New trial (rep=0, index=15): OrderedDict([('Condition', 'SmallReward'), ('FixationDur', 3500)])
117.7257 	EXP 	feedbackMsg: autoDraw = False
117.7257 	EXP 	feedbackMsg: autoDraw = False
117.7257 	EXP 	cueImage: image = 'images/WinSmall.bmp'
117.7257 	EXP 	cueImage: autoDraw = True
118.3622 	DATA 	Keypress: 5
119.1452 	DATA 	Keypress: 5
119.7593 	EXP 	cueImage: autoDraw = False
119.7593 	EXP 	fixation: autoDraw = True
119.9287 	DATA 	Keypress: 5
120.6962 	DATA 	Keypress: 5
121.4795 	DATA 	Keypress: 5
122.2644 	DATA 	Keypress: 5
123.0298 	DATA 	Keypress: 5
123.3091 	EXP 	fixation: autoDraw = False
123.3091 	EXP 	fixation: autoDraw = False
123.3091 	EXP 	Target: image = 'images/WinProbe.bmp'
123.3091 	EXP 	Target: autoDraw = True
123.6142 	DATA 	Keypress: 1
123.8235 	DATA 	Keypress: 5
123.8299 	EXP 	Target: autoDraw = False
123.8299 	EXP 	Target: autoDraw = False
123.8299 	EXP 	feedbackMsg: text = 'Correct Response!\n\nYou won $0.20!'
123.8299 	EXP 	feedbackMsg: autoDraw = True
124.5965 	DATA 	Keypress: 5
125.3449 	EXP 	New trial (rep=0, index=16): OrderedDict([('Condition', 'LgPun'), ('FixationDur', 3000)])
125.3603 	EXP 	feedbackMsg: autoDraw = False
125.3603 	EXP 	feedbackMsg: autoDraw = False
125.3603 	EXP 	cueImage: image = 'images/LoseBig.bmp'
125.3603 	EXP 	cueImage: autoDraw = True
125.3633 	DATA 	Keypress: 5
126.1454 	DATA 	Keypress: 5
126.9303 	DATA 	Keypress: 5
127.3931 	EXP 	cueImage: autoDraw = False
127.3931 	EXP 	cueImage: autoDraw = False
127.3931 	EXP 	fixation: autoDraw = True
127.7146 	DATA 	Keypress: 5
128.4788 	DATA 	Keypress: 5
129.2650 	DATA 	Keypress: 5
130.0484 	DATA 	Keypress: 5
130.4263 	EXP 	fixation: autoDraw = False
130.4263 	EXP 	fixation: autoDraw = False
130.4263 	EXP 	Target: image = 'images/LoseProbe.bmp'
130.4263 	EXP 	Target: autoDraw = True
130.7462 	DATA 	Keypress: 2
130.8118 	DATA 	Keypress: 5
130.9424 	EXP 	Target: autoDraw = False
130.9424 	EXP 	Target: autoDraw = False
130.9424 	EXP 	feedbackMsg: text = 'You pressed too slow!\n\nYou lost $5.00!'
130.9424 	EXP 	feedbackMsg: autoDraw = True
131.5986 	DATA 	Keypress: 5
132.3803 	DATA 	Keypress: 5
132.4626 	EXP 	New trial (rep=0, index=17): OrderedDict([('Condition', 'Triangle'), ('FixationDur', 1500)])
132.4765 	EXP 	feedbackMsg: autoDraw = False
132.4765 	EXP 	feedbackMsg: autoDraw = False
132.4765 	EXP 	cueImage: image = 'images/Neutral.bmp'
132.4765 	EXP 	cueImage: autoDraw = True
133.1458 	DATA 	Keypress: 5
133.9313 	DATA 	Keypress: 5
134.5108 	EXP 	cueImage: autoDraw = False
134.5108 	EXP 	cueImage: autoDraw = False
134.5108 	EXP 	fixation: autoDraw = True
134.7151 	DATA 	Keypress: 5
135.4798 	DATA 	Keypress: 5
136.0437 	EXP 	fixation: autoDraw = False
136.0437 	EXP 	fixation: autoDraw = False
136.0437 	EXP 	Target: image = 'images/NeutralProbe.bmp'
136.0437 	EXP 	Target: autoDraw = True
136.2649 	DATA 	Keypress: 5
136.4630 	DATA 	Keypress: 1
136.5819 	EXP 	Target: autoDraw = False
136.5819 	EXP 	Target: autoDraw = False
136.5819 	EXP 	feedbackMsg: text = 'Correct Response!\n\nYou did not win or lose anything!'
136.5819 	EXP 	feedbackMsg: autoDraw = True
137.0481 	DATA 	Keypress: 5
137.8139 	DATA 	Keypress: 5
138.0628 	EXP 	New trial (rep=0, index=18): OrderedDict([('Condition', 'LgReward'), ('FixationDur', 3500)])
138.0769 	EXP 	feedbackMsg: autoDraw = False
138.0769 	EXP 	feedbackMsg: autoDraw = False
138.0769 	EXP 	cueImage: image = 'images/WinBig.bmp'
138.0769 	EXP 	cueImage: autoDraw = True
138.5972 	DATA 	Keypress: 5
139.3811 	DATA 	Keypress: 5
140.1106 	EXP 	cueImage: autoDraw = False
140.1106 	EXP 	cueImage: autoDraw = False
140.1106 	EXP 	fixation: autoDraw = True
140.1475 	DATA 	Keypress: 5
140.9296 	DATA 	Keypress: 5
141.7139 	DATA 	Keypress: 5
142.4808 	DATA 	Keypress: 5
143.2641 	DATA 	Keypress: 5
143.6600 	EXP 	fixation: autoDraw = False
143.6600 	EXP 	fixation: autoDraw = False
143.6600 	EXP 	Target: image = 'images/WinProbe.bmp'
143.6600 	EXP 	Target: autoDraw = True
144.0491 	DATA 	Keypress: 5
144.1155 	DATA 	Keypress: 1
144.1938 	EXP 	Target: autoDraw = False
144.1938 	EXP 	Target: autoDraw = False
144.1938 	EXP 	feedbackMsg: text = 'Correct Response!\n\nYou won $5.00!'
144.1938 	EXP 	feedbackMsg: autoDraw = True
144.8149 	DATA 	Keypress: 5
145.5969 	DATA 	Keypress: 5
145.6796 	EXP 	New trial (rep=0, index=19): OrderedDict([('Condition', 'LgPun'), ('FixationDur', 1500)])
145.6938 	EXP 	feedbackMsg: autoDraw = False
145.6938 	EXP 	feedbackMsg: autoDraw = False
145.6938 	EXP 	cueImage: image = 'images/LoseBig.bmp'
145.6938 	EXP 	cueImage: autoDraw = True
146.3815 	DATA 	Keypress: 5
147.1651 	DATA 	Keypress: 5
147.7281 	EXP 	cueImage: autoDraw = False
147.7281 	EXP 	cueImage: autoDraw = False
147.7281 	EXP 	fixation: autoDraw = True
147.9311 	DATA 	Keypress: 5
148.7162 	DATA 	Keypress: 5
149.2608 	EXP 	fixation: autoDraw = False
149.2608 	EXP 	fixation: autoDraw = False
149.2608 	EXP 	Target: image = 'images/LoseProbe.bmp'
149.2608 	EXP 	Target: autoDraw = True
149.4988 	DATA 	Keypress: 5
149.5151 	DATA 	Keypress: 2
149.8005 	EXP 	Target: autoDraw = False
149.8005 	EXP 	Target: autoDraw = False
149.8005 	EXP 	feedbackMsg: text = 'You pressed too slow!\n\nYou lost $5.00!'
149.8005 	EXP 	feedbackMsg: autoDraw = True
150.2646 	DATA 	Keypress: 5
151.0471 	DATA 	Keypress: 5
151.2792 	EXP 	New trial (rep=0, index=20): OrderedDict([('Condition', 'SmallReward'), ('FixationDur', 1500)])
151.3109 	EXP 	feedbackMsg: autoDraw = False
151.3109 	EXP 	feedbackMsg: autoDraw = False
151.3109 	EXP 	cueImage: image = 'images/WinSmall.bmp'
151.3109 	EXP 	cueImage: autoDraw = True
151.8322 	DATA 	Keypress: 5
152.5966 	DATA 	Keypress: 5
153.3446 	EXP 	cueImage: autoDraw = False
153.3446 	EXP 	fixation: autoDraw = True
153.3826 	DATA 	Keypress: 5
154.1656 	DATA 	Keypress: 5
154.8945 	EXP 	fixation: autoDraw = False
154.8945 	EXP 	fixation: autoDraw = False
154.8945 	EXP 	Target: image = 'images/WinProbe.bmp'
154.8945 	EXP 	Target: autoDraw = True
154.9301 	DATA 	Keypress: 5
155.3329 	DATA 	Keypress: 1
155.4281 	EXP 	Target: autoDraw = False
155.4281 	EXP 	Target: autoDraw = False
155.4281 	EXP 	feedbackMsg: text = 'Correct Response!\n\nYou won $0.20!'
155.4281 	EXP 	feedbackMsg: autoDraw = True
155.7148 	DATA 	Keypress: 5
156.4994 	DATA 	Keypress: 5
156.9137 	EXP 	New trial (rep=0, index=21): OrderedDict([('Condition', 'SmallReward'), ('FixationDur', 2000)])
156.9451 	EXP 	feedbackMsg: autoDraw = False
156.9451 	EXP 	feedbackMsg: autoDraw = False
156.9451 	EXP 	cueImage: image = 'images/WinSmall.bmp'
156.9451 	EXP 	cueImage: autoDraw = True
157.2646 	DATA 	Keypress: 5
158.0482 	DATA 	Keypress: 5
158.8327 	DATA 	Keypress: 5
158.9679 	EXP 	cueImage: autoDraw = False
158.9679 	EXP 	fixation: autoDraw = True
159.5987 	DATA 	Keypress: 5
160.3820 	DATA 	Keypress: 5
161.0301 	EXP 	fixation: autoDraw = False
161.0301 	EXP 	fixation: autoDraw = False
161.0301 	EXP 	Target: image = 'images/WinProbe.bmp'
161.0301 	EXP 	Target: autoDraw = True
161.1638 	DATA 	Keypress: 5
161.3142 	DATA 	Keypress: 1
161.5623 	EXP 	Target: autoDraw = False
161.5623 	EXP 	Target: autoDraw = False
161.5623 	EXP 	feedbackMsg: text = 'Correct Response!\n\nYou won $0.20!'
161.5623 	EXP 	feedbackMsg: autoDraw = True
161.9317 	DATA 	Keypress: 5
162.7151 	DATA 	Keypress: 5
163.0472 	EXP 	New trial (rep=0, index=22): OrderedDict([('Condition', 'LgPun'), ('FixationDur', 2000)])
163.0616 	EXP 	feedbackMsg: autoDraw = False
163.0616 	EXP 	feedbackMsg: autoDraw = False
163.0616 	EXP 	cueImage: image = 'images/LoseBig.bmp'
163.0616 	EXP 	cueImage: autoDraw = True
163.5000 	DATA 	Keypress: 5
164.2654 	DATA 	Keypress: 5
165.0806 	DATA 	Keypress: 5
165.0853 	EXP 	cueImage: autoDraw = False
165.0853 	EXP 	cueImage: autoDraw = False
165.0853 	EXP 	fixation: autoDraw = True
165.8337 	DATA 	Keypress: 5
166.5994 	DATA 	Keypress: 5
167.1283 	EXP 	fixation: autoDraw = False
167.1283 	EXP 	fixation: autoDraw = False
167.1283 	EXP 	Target: image = 'images/LoseProbe.bmp'
167.1283 	EXP 	Target: autoDraw = True
167.3820 	DATA 	Keypress: 5
167.4501 	DATA 	Keypress: 2
167.6630 	EXP 	Target: autoDraw = False
167.6630 	EXP 	Target: autoDraw = False
167.6630 	EXP 	feedbackMsg: text = 'You pressed too slow!\n\nYou lost $5.00!'
167.6630 	EXP 	feedbackMsg: autoDraw = True
168.1670 	DATA 	Keypress: 5
168.9505 	DATA 	Keypress: 5
169.1466 	EXP 	New trial (rep=0, index=23): OrderedDict([('Condition', 'SmallPun'), ('FixationDur', 1500)])
169.1625 	EXP 	feedbackMsg: autoDraw = False
169.1625 	EXP 	feedbackMsg: autoDraw = False
169.1625 	EXP 	cueImage: image = 'images/LoseSmall.bmp'
169.1625 	EXP 	cueImage: autoDraw = True
169.7158 	DATA 	Keypress: 5
170.4988 	DATA 	Keypress: 5
171.1963 	EXP 	cueImage: autoDraw = False
171.1963 	EXP 	cueImage: autoDraw = False
171.1963 	EXP 	fixation: autoDraw = True
171.2815 	DATA 	Keypress: 5
172.0481 	DATA 	Keypress: 5
172.7288 	EXP 	fixation: autoDraw = False
172.7288 	EXP 	fixation: autoDraw = False
172.7288 	EXP 	Target: image = 'images/LoseProbe.bmp'
172.7288 	EXP 	Target: autoDraw = True
172.8337 	DATA 	Keypress: 5
173.0487 	DATA 	Keypress: 2
173.2629 	EXP 	Target: autoDraw = False
173.2629 	EXP 	Target: autoDraw = False
173.2629 	EXP 	feedbackMsg: text = 'You pressed too slow!\n\nYou lost $0.20!'
173.2629 	EXP 	feedbackMsg: autoDraw = True
173.6162 	DATA 	Keypress: 5
174.3822 	DATA 	Keypress: 5
174.7480 	EXP 	New trial (rep=0, index=24): OrderedDict([('Condition', 'LgReward'), ('FixationDur', 4000)])
174.7715 	EXP 	feedbackMsg: autoDraw = False
174.7715 	EXP 	feedbackMsg: autoDraw = False
174.7715 	EXP 	cueImage: image = 'images/WinBig.bmp'
174.7715 	EXP 	cueImage: autoDraw = True
175.1667 	DATA 	Keypress: 5
175.9505 	DATA 	Keypress: 5
176.7153 	DATA 	Keypress: 5
176.8045 	EXP 	cueImage: autoDraw = False
176.8045 	EXP 	fixation: autoDraw = True
177.5005 	DATA 	Keypress: 5
178.2838 	DATA 	Keypress: 5
179.0498 	DATA 	Keypress: 5
179.8333 	DATA 	Keypress: 5
180.6176 	DATA 	Keypress: 5
180.8559 	EXP 	fixation: autoDraw = False
180.8559 	EXP 	fixation: autoDraw = False
180.8559 	EXP 	Target: image = 'images/WinProbe.bmp'
180.8559 	EXP 	Target: autoDraw = True
181.1666 	DATA 	Keypress: 1
181.3928 	DATA 	Keypress: 5
181.4037 	EXP 	Target: autoDraw = False
181.4037 	EXP 	Target: autoDraw = False
181.4037 	EXP 	feedbackMsg: text = 'Correct Response!\n\nYou won $5.00!'
181.4037 	EXP 	feedbackMsg: autoDraw = True
182.1670 	DATA 	Keypress: 5
182.8819 	EXP 	New trial (rep=0, index=25): OrderedDict([('Condition', 'SmallReward'), ('FixationDur', 2500)])
182.9135 	EXP 	feedbackMsg: autoDraw = False
182.9135 	EXP 	feedbackMsg: autoDraw = False
182.9135 	EXP 	cueImage: image = 'images/WinSmall.bmp'
182.9135 	EXP 	cueImage: autoDraw = True
182.9503 	DATA 	Keypress: 5
183.7164 	DATA 	Keypress: 5
184.4998 	DATA 	Keypress: 5
184.9389 	EXP 	cueImage: autoDraw = False
184.9389 	EXP 	fixation: autoDraw = True
185.2845 	DATA 	Keypress: 5
186.0502 	DATA 	Keypress: 5
186.8333 	DATA 	Keypress: 5
187.4882 	EXP 	fixation: autoDraw = False
187.4882 	EXP 	fixation: autoDraw = False
187.4882 	EXP 	Target: image = 'images/WinProbe.bmp'
187.4882 	EXP 	Target: autoDraw = True
187.6177 	DATA 	Keypress: 5
187.8005 	DATA 	Keypress: 1
188.0298 	EXP 	Target: autoDraw = False
188.0298 	EXP 	Target: autoDraw = False
188.0298 	EXP 	feedbackMsg: text = 'Correct Response!\n\nYou won $0.20!'
188.0298 	EXP 	feedbackMsg: autoDraw = True
188.3836 	DATA 	Keypress: 5
189.1673 	DATA 	Keypress: 5
189.5157 	EXP 	New trial (rep=0, index=26): OrderedDict([('Condition', 'Triangle'), ('FixationDur', 4000)])
189.5308 	EXP 	feedbackMsg: autoDraw = False
189.5308 	EXP 	feedbackMsg: autoDraw = False
189.5308 	EXP 	cueImage: image = 'images/Neutral.bmp'
189.5308 	EXP 	cueImage: autoDraw = True
189.9510 	DATA 	Keypress: 5
190.7335 	DATA 	Keypress: 5
191.4992 	DATA 	Keypress: 5
191.5566 	EXP 	cueImage: autoDraw = False
191.5566 	EXP 	cueImage: autoDraw = False
191.5566 	EXP 	fixation: autoDraw = True
192.2849 	DATA 	Keypress: 5
193.0687 	DATA 	Keypress: 5
193.8329 	DATA 	Keypress: 5
194.6190 	DATA 	Keypress: 5
195.4018 	DATA 	Keypress: 5
195.5977 	EXP 	fixation: autoDraw = False
195.5977 	EXP 	fixation: autoDraw = False
195.5977 	EXP 	Target: image = 'images/NeutralProbe.bmp'
195.5977 	EXP 	Target: autoDraw = True
196.0175 	DATA 	Keypress: 1
196.1316 	EXP 	Target: autoDraw = False
196.1316 	EXP 	Target: autoDraw = False
196.1316 	EXP 	feedbackMsg: text = 'Correct Response!\n\nYou did not win or lose anything!'
196.1316 	EXP 	feedbackMsg: autoDraw = True
196.1667 	DATA 	Keypress: 5
196.9503 	DATA 	Keypress: 5
197.6161 	EXP 	New trial (rep=0, index=27): OrderedDict([('Condition', 'SmallPun'), ('FixationDur', 2000)])
197.6305 	EXP 	feedbackMsg: autoDraw = False
197.6305 	EXP 	feedbackMsg: autoDraw = False
197.6305 	EXP 	cueImage: image = 'images/LoseSmall.bmp'
197.6305 	EXP 	cueImage: autoDraw = True
197.7350 	DATA 	Keypress: 5
198.5003 	DATA 	Keypress: 5
199.2850 	DATA 	Keypress: 5
199.6566 	EXP 	cueImage: autoDraw = False
199.6566 	EXP 	cueImage: autoDraw = False
199.6566 	EXP 	fixation: autoDraw = True
200.0684 	DATA 	Keypress: 5
200.8347 	DATA 	Keypress: 5
201.6180 	DATA 	Keypress: 5
201.6979 	EXP 	fixation: autoDraw = False
201.6979 	EXP 	fixation: autoDraw = False
201.6979 	EXP 	Target: image = 'images/LoseProbe.bmp'
201.6979 	EXP 	Target: autoDraw = True
202.0836 	DATA 	Keypress: 2
202.2314 	EXP 	Target: autoDraw = False
202.2314 	EXP 	Target: autoDraw = False
202.2314 	EXP 	feedbackMsg: text = 'You pressed too slow!\n\nYou lost $0.20!'
202.2314 	EXP 	feedbackMsg: autoDraw = True
202.4027 	DATA 	Keypress: 5
203.1684 	DATA 	Keypress: 5
203.7165 	EXP 	New trial (rep=0, index=28): OrderedDict([('Condition', 'SmallReward'), ('FixationDur', 3000)])
203.7412 	EXP 	feedbackMsg: autoDraw = False
203.7412 	EXP 	feedbackMsg: autoDraw = False
203.7412 	EXP 	cueImage: image = 'images/WinSmall.bmp'
203.7412 	EXP 	cueImage: autoDraw = True
203.9517 	DATA 	Keypress: 5
204.7352 	DATA 	Keypress: 5
205.5010 	DATA 	Keypress: 5
205.7749 	EXP 	cueImage: autoDraw = False
205.7749 	EXP 	fixation: autoDraw = True
206.2843 	DATA 	Keypress: 5
207.0698 	DATA 	Keypress: 5
207.8351 	DATA 	Keypress: 5
208.6184 	DATA 	Keypress: 5
208.8241 	EXP 	fixation: autoDraw = False
208.8241 	EXP 	fixation: autoDraw = False
208.8241 	EXP 	Target: image = 'images/WinProbe.bmp'
208.8241 	EXP 	Target: autoDraw = True
209.1185 	DATA 	Keypress: 1
209.3744 	EXP 	Target: autoDraw = False
209.3744 	EXP 	Target: autoDraw = False
209.3744 	EXP 	feedbackMsg: text = 'Correct Response!\n\nYou won $0.20!'
209.3744 	EXP 	feedbackMsg: autoDraw = True
209.4025 	DATA 	Keypress: 5
210.1679 	DATA 	Keypress: 5
210.8505 	EXP 	New trial (rep=0, index=29): OrderedDict([('Condition', 'LgReward'), ('FixationDur', 1500)])
210.8767 	EXP 	feedbackMsg: autoDraw = False
210.8767 	EXP 	feedbackMsg: autoDraw = False
210.8767 	EXP 	cueImage: image = 'images/WinBig.bmp'
210.8767 	EXP 	cueImage: autoDraw = True
210.9505 	DATA 	Keypress: 5
211.7359 	DATA 	Keypress: 5
212.5194 	DATA 	Keypress: 5
212.9083 	EXP 	cueImage: autoDraw = False
212.9083 	EXP 	fixation: autoDraw = True
213.2851 	DATA 	Keypress: 5
214.0694 	DATA 	Keypress: 5
214.4598 	EXP 	fixation: autoDraw = False
214.4598 	EXP 	fixation: autoDraw = False
214.4598 	EXP 	Target: image = 'images/WinProbe.bmp'
214.4598 	EXP 	Target: autoDraw = True
214.7847 	DATA 	Keypress: 1
214.8530 	DATA 	Keypress: 5
214.9990 	EXP 	Target: autoDraw = False
214.9990 	EXP 	Target: autoDraw = False
214.9990 	EXP 	feedbackMsg: text = 'Correct Response!\n\nYou won $5.00!'
214.9990 	EXP 	feedbackMsg: autoDraw = True
215.6170 	DATA 	Keypress: 5
216.4032 	DATA 	Keypress: 5
216.4841 	EXP 	New trial (rep=0, index=30): OrderedDict([('Condition', 'SmallPun'), ('FixationDur', 2000)])
216.4985 	EXP 	feedbackMsg: autoDraw = False
216.4985 	EXP 	feedbackMsg: autoDraw = False
216.4985 	EXP 	cueImage: image = 'images/LoseSmall.bmp'
216.4985 	EXP 	cueImage: autoDraw = True
217.1854 	DATA 	Keypress: 5
217.9516 	DATA 	Keypress: 5
218.5263 	EXP 	cueImage: autoDraw = False
218.5263 	EXP 	cueImage: autoDraw = False
218.5263 	EXP 	fixation: autoDraw = True
218.7353 	DATA 	Keypress: 5
219.5206 	DATA 	Keypress: 5
220.2856 	DATA 	Keypress: 5
220.5604 	EXP 	fixation: autoDraw = False
220.5604 	EXP 	fixation: autoDraw = False
220.5604 	EXP 	Target: image = 'images/LoseProbe.bmp'
220.5604 	EXP 	Target: autoDraw = True
220.9016 	DATA 	Keypress: 2
221.0956 	DATA 	Keypress: 5
221.1101 	EXP 	Target: autoDraw = False
221.1101 	EXP 	Target: autoDraw = False
221.1101 	EXP 	feedbackMsg: text = 'You pressed too slow!\n\nYou lost $0.20!'
221.1101 	EXP 	feedbackMsg: autoDraw = True
221.8535 	DATA 	Keypress: 5
222.5844 	EXP 	New trial (rep=0, index=31): OrderedDict([('Condition', 'LgPun'), ('FixationDur', 2000)])
222.5993 	EXP 	feedbackMsg: autoDraw = False
222.5993 	EXP 	feedbackMsg: autoDraw = False
222.5993 	EXP 	cueImage: image = 'images/LoseBig.bmp'
222.5993 	EXP 	cueImage: autoDraw = True
222.6184 	DATA 	Keypress: 5
223.4017 	DATA 	Keypress: 5
224.1868 	DATA 	Keypress: 5
224.6272 	EXP 	cueImage: autoDraw = False
224.6272 	EXP 	cueImage: autoDraw = False
224.6272 	EXP 	fixation: autoDraw = True
224.9527 	DATA 	Keypress: 5
225.7369 	DATA 	Keypress: 5
226.5211 	DATA 	Keypress: 5
226.6605 	EXP 	fixation: autoDraw = False
226.6605 	EXP 	fixation: autoDraw = False
226.6605 	EXP 	Target: image = 'images/LoseProbe.bmp'
226.6605 	EXP 	Target: autoDraw = True
227.0873 	DATA 	Keypress: 2
227.1826 	EXP 	Target: autoDraw = False
227.1826 	EXP 	Target: autoDraw = False
227.1826 	EXP 	feedbackMsg: text = 'You pressed too slow!\n\nYou lost $5.00!'
227.1826 	EXP 	feedbackMsg: autoDraw = True
227.2868 	DATA 	Keypress: 5
228.0694 	DATA 	Keypress: 5
228.6850 	EXP 	New trial (rep=0, index=32): OrderedDict([('Condition', 'LgReward'), ('FixationDur', 3000)])
228.7103 	EXP 	feedbackMsg: autoDraw = False
228.7103 	EXP 	feedbackMsg: autoDraw = False
228.7103 	EXP 	cueImage: image = 'images/WinBig.bmp'
228.7103 	EXP 	cueImage: autoDraw = True
228.8538 	DATA 	Keypress: 5
229.6197 	DATA 	Keypress: 5
230.4028 	DATA 	Keypress: 5
230.7436 	EXP 	cueImage: autoDraw = False
230.7436 	EXP 	fixation: autoDraw = True
231.1869 	DATA 	Keypress: 5
231.9537 	DATA 	Keypress: 5
232.7359 	DATA 	Keypress: 5
233.5213 	DATA 	Keypress: 5
233.8003 	EXP 	fixation: autoDraw = False
233.8003 	EXP 	fixation: autoDraw = False
233.8003 	EXP 	Target: image = 'images/WinProbe.bmp'
233.8003 	EXP 	Target: autoDraw = True
234.0867 	DATA 	Keypress: 1
234.3130 	DATA 	Keypress: 5
234.3280 	EXP 	Target: autoDraw = False
234.3280 	EXP 	Target: autoDraw = False
234.3280 	EXP 	feedbackMsg: text = 'Correct Response!\n\nYou won $5.00!'
234.3280 	EXP 	feedbackMsg: autoDraw = True
235.0702 	DATA 	Keypress: 5
235.8356 	EXP 	New trial (rep=0, index=33): OrderedDict([('Condition', 'Triangle'), ('FixationDur', 3500)])
235.8437 	DATA 	Keypress: 5
235.8495 	EXP 	feedbackMsg: autoDraw = False
235.8495 	EXP 	feedbackMsg: autoDraw = False
235.8495 	EXP 	cueImage: image = 'images/Neutral.bmp'
235.8495 	EXP 	cueImage: autoDraw = True
236.6376 	DATA 	Keypress: 5
237.4023 	DATA 	Keypress: 5
237.8788 	EXP 	cueImage: autoDraw = False
237.8788 	EXP 	cueImage: autoDraw = False
237.8788 	EXP 	fixation: autoDraw = True
238.1876 	DATA 	Keypress: 5
238.9716 	DATA 	Keypress: 5
239.7367 	DATA 	Keypress: 5
240.5213 	DATA 	Keypress: 5
241.3052 	DATA 	Keypress: 5
241.4120 	EXP 	fixation: autoDraw = False
241.4120 	EXP 	fixation: autoDraw = False
241.4120 	EXP 	Target: image = 'images/NeutralProbe.bmp'
241.4120 	EXP 	Target: autoDraw = True
241.8214 	DATA 	Keypress: 2
241.9460 	EXP 	Target: autoDraw = False
241.9460 	EXP 	Target: autoDraw = False
241.9460 	EXP 	feedbackMsg: text = 'You pressed too slow!\n\nYou did not win or lose anything!'
241.9460 	EXP 	feedbackMsg: autoDraw = True
242.0694 	DATA 	Keypress: 5
242.8553 	DATA 	Keypress: 5
243.4523 	EXP 	New trial (rep=0, index=34): OrderedDict([('Condition', 'Triangle'), ('FixationDur', 3000)])
243.4672 	EXP 	feedbackMsg: autoDraw = False
243.4672 	EXP 	feedbackMsg: autoDraw = False
243.4672 	EXP 	cueImage: image = 'images/Neutral.bmp'
243.4672 	EXP 	cueImage: autoDraw = True
243.6367 	DATA 	Keypress: 5
244.4040 	DATA 	Keypress: 5
245.1870 	DATA 	Keypress: 5
245.4961 	EXP 	cueImage: autoDraw = False
245.4961 	EXP 	cueImage: autoDraw = False
245.4961 	EXP 	fixation: autoDraw = True
245.9719 	DATA 	Keypress: 5
246.7374 	DATA 	Keypress: 5
247.5223 	DATA 	Keypress: 5
248.3052 	DATA 	Keypress: 5
248.5293 	EXP 	fixation: autoDraw = False
248.5293 	EXP 	fixation: autoDraw = False
248.5293 	EXP 	Target: image = 'images/NeutralProbe.bmp'
248.5293 	EXP 	Target: autoDraw = True
248.8358 	DATA 	Keypress: 2
249.0470 	EXP 	Target: autoDraw = False
249.0470 	EXP 	Target: autoDraw = False
249.0470 	EXP 	feedbackMsg: text = 'You pressed too slow!\n\nYou did not win or lose anything!'
249.0470 	EXP 	feedbackMsg: autoDraw = True
249.0830 	DATA 	Keypress: 5
249.8540 	DATA 	Keypress: 5
250.5531 	EXP 	New trial (rep=0, index=35): OrderedDict([('Condition', 'LgPun'), ('FixationDur', 1500)])
250.5675 	EXP 	feedbackMsg: autoDraw = False
250.5675 	EXP 	feedbackMsg: autoDraw = False
250.5675 	EXP 	cueImage: image = 'images/LoseBig.bmp'
250.5675 	EXP 	cueImage: autoDraw = True
250.6379 	DATA 	Keypress: 5
251.4045 	DATA 	Keypress: 5
252.1867 	DATA 	Keypress: 5
252.5969 	EXP 	cueImage: autoDraw = False
252.5969 	EXP 	cueImage: autoDraw = False
252.5969 	EXP 	fixation: autoDraw = True
252.9723 	DATA 	Keypress: 5
253.7383 	DATA 	Keypress: 5
254.1305 	EXP 	fixation: autoDraw = False
254.1305 	EXP 	fixation: autoDraw = False
254.1305 	EXP 	Target: image = 'images/LoseProbe.bmp'
254.1305 	EXP 	Target: autoDraw = True
254.4680 	DATA 	Keypress: 2
254.5167 	DATA 	Keypress: 5
254.6480 	EXP 	Target: autoDraw = False
254.6480 	EXP 	Target: autoDraw = False
254.6480 	EXP 	feedbackMsg: text = 'You pressed too slow!\n\nYou lost $5.00!'
254.6480 	EXP 	feedbackMsg: autoDraw = True
255.3055 	DATA 	Keypress: 5
256.0884 	DATA 	Keypress: 5
256.1528 	EXP 	New trial (rep=0, index=36): OrderedDict([('Condition', 'LgReward'), ('FixationDur', 1500)])
256.1808 	EXP 	feedbackMsg: autoDraw = False
256.1808 	EXP 	feedbackMsg: autoDraw = False
256.1808 	EXP 	cueImage: image = 'images/WinBig.bmp'
256.1808 	EXP 	cueImage: autoDraw = True
256.8503 	DATA 	Keypress: 5
257.6332 	DATA 	Keypress: 5
258.2144 	EXP 	cueImage: autoDraw = False
258.2144 	EXP 	fixation: autoDraw = True
258.4186 	DATA 	Keypress: 5
259.1846 	DATA 	Keypress: 5
259.7643 	EXP 	fixation: autoDraw = False
259.7643 	EXP 	fixation: autoDraw = False
259.7643 	EXP 	Target: image = 'images/WinProbe.bmp'
259.7643 	EXP 	Target: autoDraw = True
259.9682 	DATA 	Keypress: 5
260.1171 	DATA 	Keypress: 1
260.2983 	EXP 	Target: autoDraw = False
260.2983 	EXP 	Target: autoDraw = False
260.2983 	EXP 	feedbackMsg: text = 'Correct Response!\n\nYou won $5.00!'
260.2983 	EXP 	feedbackMsg: autoDraw = True
260.7519 	DATA 	Keypress: 5
261.5184 	DATA 	Keypress: 5
261.7831 	EXP 	New trial (rep=0, index=37): OrderedDict([('Condition', 'LgPun'), ('FixationDur', 3500)])
261.7978 	EXP 	feedbackMsg: autoDraw = False
261.7978 	EXP 	feedbackMsg: autoDraw = False
261.7978 	EXP 	cueImage: image = 'images/LoseBig.bmp'
261.7978 	EXP 	cueImage: autoDraw = True
262.3042 	DATA 	Keypress: 5
263.0884 	DATA 	Keypress: 5
263.8327 	EXP 	cueImage: autoDraw = False
263.8327 	EXP 	fixation: autoDraw = True
263.8696 	DATA 	Keypress: 5
264.6346 	DATA 	Keypress: 5
265.4202 	DATA 	Keypress: 5
266.2031 	DATA 	Keypress: 5
266.9677 	DATA 	Keypress: 5
267.3658 	EXP 	fixation: autoDraw = False
267.3658 	EXP 	fixation: autoDraw = False
267.3658 	EXP 	Target: image = 'images/LoseProbe.bmp'
267.3658 	EXP 	Target: autoDraw = True
267.6841 	DATA 	Keypress: 2
267.7532 	DATA 	Keypress: 5
267.8988 	EXP 	Target: autoDraw = False
267.8988 	EXP 	Target: autoDraw = False
267.8988 	EXP 	feedbackMsg: text = 'You pressed too slow!\n\nYou lost $5.00!'
267.8988 	EXP 	feedbackMsg: autoDraw = True
268.5359 	DATA 	Keypress: 5
269.3023 	DATA 	Keypress: 5
269.3840 	EXP 	New trial (rep=0, index=38): OrderedDict([('Condition', 'LgPun'), ('FixationDur', 1500)])
269.3985 	EXP 	feedbackMsg: autoDraw = False
269.3985 	EXP 	feedbackMsg: autoDraw = False
269.3985 	EXP 	cueImage: image = 'images/LoseBig.bmp'
269.3985 	EXP 	cueImage: autoDraw = True
270.0855 	DATA 	Keypress: 5
270.8698 	DATA 	Keypress: 5
271.4334 	EXP 	cueImage: autoDraw = False
271.4334 	EXP 	cueImage: autoDraw = False
271.4334 	EXP 	fixation: autoDraw = True
271.6355 	DATA 	Keypress: 5
272.4237 	DATA 	Keypress: 5
272.9654 	EXP 	fixation: autoDraw = False
272.9654 	EXP 	fixation: autoDraw = False
272.9654 	EXP 	Target: image = 'images/LoseProbe.bmp'
272.9654 	EXP 	Target: autoDraw = True
273.2063 	DATA 	Keypress: 5
273.2084 	DATA 	Keypress: 2
273.4996 	EXP 	Target: autoDraw = False
273.4996 	EXP 	Target: autoDraw = False
273.4996 	EXP 	feedbackMsg: text = 'You pressed too slow!\n\nYou lost $5.00!'
273.4996 	EXP 	feedbackMsg: autoDraw = True
273.9713 	DATA 	Keypress: 5
274.7564 	DATA 	Keypress: 5
274.9878 	EXP 	New trial (rep=0, index=39): OrderedDict([('Condition', 'SmallPun'), ('FixationDur', 2500)])
275.0023 	EXP 	feedbackMsg: autoDraw = False
275.0023 	EXP 	feedbackMsg: autoDraw = False
275.0023 	EXP 	cueImage: image = 'images/LoseSmall.bmp'
275.0023 	EXP 	cueImage: autoDraw = True
275.5399 	DATA 	Keypress: 5
276.3054 	DATA 	Keypress: 5
277.0335 	EXP 	cueImage: autoDraw = False
277.0335 	EXP 	cueImage: autoDraw = False
277.0335 	EXP 	fixation: autoDraw = True
277.0886 	DATA 	Keypress: 5
277.8728 	DATA 	Keypress: 5
278.6387 	DATA 	Keypress: 5
279.4234 	DATA 	Keypress: 5
279.5664 	EXP 	fixation: autoDraw = False
279.5664 	EXP 	fixation: autoDraw = False
279.5664 	EXP 	Target: image = 'images/LoseProbe.bmp'
279.5664 	EXP 	Target: autoDraw = True
279.8893 	DATA 	Keypress: 2
280.1007 	EXP 	Target: autoDraw = False
280.1007 	EXP 	Target: autoDraw = False
280.1007 	EXP 	feedbackMsg: text = 'You pressed too slow!\n\nYou lost $0.20!'
280.1007 	EXP 	feedbackMsg: autoDraw = True
280.2076 	DATA 	Keypress: 5
280.9719 	DATA 	Keypress: 5
281.5883 	EXP 	New trial (rep=0, index=40): OrderedDict([('Condition', 'LgReward'), ('FixationDur', 1500)])
281.6178 	EXP 	feedbackMsg: autoDraw = False
281.6178 	EXP 	feedbackMsg: autoDraw = False
281.6178 	EXP 	cueImage: image = 'images/WinBig.bmp'
281.6178 	EXP 	cueImage: autoDraw = True
281.7559 	DATA 	Keypress: 5
282.5401 	DATA 	Keypress: 5
283.3060 	DATA 	Keypress: 5
283.6510 	EXP 	cueImage: autoDraw = False
283.6510 	EXP 	fixation: autoDraw = True
284.0896 	DATA 	Keypress: 5
284.8746 	DATA 	Keypress: 5
285.2012 	EXP 	fixation: autoDraw = False
285.2012 	EXP 	fixation: autoDraw = False
285.2012 	EXP 	Target: image = 'images/WinProbe.bmp'
285.2012 	EXP 	Target: autoDraw = True
285.6229 	DATA 	Keypress: 1
285.6396 	DATA 	Keypress: 5
285.7340 	EXP 	Target: autoDraw = False
285.7340 	EXP 	Target: autoDraw = False
285.7340 	EXP 	feedbackMsg: text = 'Correct Response!\n\nYou won $5.00!'
285.7340 	EXP 	feedbackMsg: autoDraw = True
286.4235 	DATA 	Keypress: 5
287.2076 	DATA 	Keypress: 5
287.2221 	EXP 	New trial (rep=0, index=41): OrderedDict([('Condition', 'SmallPun'), ('FixationDur', 1500)])
287.2366 	EXP 	feedbackMsg: autoDraw = False
287.2366 	EXP 	feedbackMsg: autoDraw = False
287.2366 	EXP 	cueImage: image = 'images/LoseSmall.bmp'
287.2366 	EXP 	cueImage: autoDraw = True
287.9730 	DATA 	Keypress: 5
288.7558 	DATA 	Keypress: 5
289.2689 	EXP 	cueImage: autoDraw = False
289.2689 	EXP 	cueImage: autoDraw = False
289.2689 	EXP 	fixation: autoDraw = True
289.5420 	DATA 	Keypress: 5
290.3069 	DATA 	Keypress: 5
290.8022 	EXP 	fixation: autoDraw = False
290.8022 	EXP 	fixation: autoDraw = False
290.8022 	EXP 	Target: image = 'images/LoseProbe.bmp'
290.8022 	EXP 	Target: autoDraw = True
291.0581 	DATA 	Keypress: 2
291.0898 	DATA 	Keypress: 5
291.3353 	EXP 	Target: autoDraw = False
291.3353 	EXP 	Target: autoDraw = False
291.3353 	EXP 	feedbackMsg: text = 'You pressed too slow!\n\nYou lost $0.20!'
291.3353 	EXP 	feedbackMsg: autoDraw = True
291.8741 	DATA 	Keypress: 5
292.6407 	DATA 	Keypress: 5
292.8225 	EXP 	New trial (rep=0, index=42): OrderedDict([('Condition', 'Triangle'), ('FixationDur', 2000)])
292.8369 	EXP 	feedbackMsg: autoDraw = False
292.8369 	EXP 	feedbackMsg: autoDraw = False
292.8369 	EXP 	cueImage: image = 'images/Neutral.bmp'
292.8369 	EXP 	cueImage: autoDraw = True
293.4222 	DATA 	Keypress: 5
294.2078 	DATA 	Keypress: 5
294.8690 	EXP 	cueImage: autoDraw = False
294.8690 	EXP 	cueImage: autoDraw = False
294.8690 	EXP 	fixation: autoDraw = True
294.9917 	DATA 	Keypress: 5
295.7572 	DATA 	Keypress: 5
296.5412 	DATA 	Keypress: 5
296.9022 	EXP 	fixation: autoDraw = False
296.9022 	EXP 	fixation: autoDraw = False
296.9022 	EXP 	Target: image = 'images/NeutralProbe.bmp'
296.9022 	EXP 	Target: autoDraw = True
297.1735 	DATA 	Keypress: 2
297.3250 	DATA 	Keypress: 5
297.4379 	EXP 	Target: autoDraw = False
297.4379 	EXP 	Target: autoDraw = False
297.4379 	EXP 	feedbackMsg: text = 'You pressed too slow!\n\nYou did not win or lose anything!'
297.4379 	EXP 	feedbackMsg: autoDraw = True
298.0898 	DATA 	Keypress: 5
298.8752 	DATA 	Keypress: 5
298.9226 	EXP 	New trial (rep=0, index=43): OrderedDict([('Condition', 'LgPun'), ('FixationDur', 4000)])
298.9368 	EXP 	feedbackMsg: autoDraw = False
298.9368 	EXP 	feedbackMsg: autoDraw = False
298.9368 	EXP 	cueImage: image = 'images/LoseBig.bmp'
298.9368 	EXP 	cueImage: autoDraw = True
299.6574 	DATA 	Keypress: 5
300.4229 	DATA 	Keypress: 5
300.9699 	EXP 	cueImage: autoDraw = False
300.9699 	EXP 	cueImage: autoDraw = False
300.9699 	EXP 	fixation: autoDraw = True
301.2074 	DATA 	Keypress: 5
301.9921 	DATA 	Keypress: 5
302.7565 	DATA 	Keypress: 5
303.5405 	DATA 	Keypress: 5
304.3259 	DATA 	Keypress: 5
305.0034 	EXP 	fixation: autoDraw = False
305.0034 	EXP 	fixation: autoDraw = False
305.0034 	EXP 	Target: image = 'images/LoseProbe.bmp'
305.0034 	EXP 	Target: autoDraw = True
305.0910 	DATA 	Keypress: 5
305.2907 	DATA 	Keypress: 2
305.5368 	EXP 	Target: autoDraw = False
305.5368 	EXP 	Target: autoDraw = False
305.5368 	EXP 	feedbackMsg: text = 'You pressed too slow!\n\nYou lost $5.00!'
305.5368 	EXP 	feedbackMsg: autoDraw = True
305.8747 	DATA 	Keypress: 5
306.6595 	DATA 	Keypress: 5
307.0234 	EXP 	New trial (rep=0, index=44): OrderedDict([('Condition', 'SmallReward'), ('FixationDur', 1500)])
307.0541 	EXP 	feedbackMsg: autoDraw = False
307.0541 	EXP 	feedbackMsg: autoDraw = False
307.0541 	EXP 	cueImage: image = 'images/WinSmall.bmp'
307.0541 	EXP 	cueImage: autoDraw = True
307.4241 	DATA 	Keypress: 5
308.2085 	DATA 	Keypress: 5
308.9922 	DATA 	Keypress: 5
309.0881 	EXP 	cueImage: autoDraw = False
309.0881 	EXP 	fixation: autoDraw = True
309.7584 	DATA 	Keypress: 5
310.5406 	DATA 	Keypress: 5
310.6378 	EXP 	fixation: autoDraw = False
310.6378 	EXP 	fixation: autoDraw = False
310.6378 	EXP 	Target: image = 'images/WinProbe.bmp'
310.6378 	EXP 	Target: autoDraw = True
311.0427 	DATA 	Keypress: 1
311.1715 	EXP 	Target: autoDraw = False
311.1715 	EXP 	Target: autoDraw = False
311.1715 	EXP 	feedbackMsg: text = 'Correct Response!\n\nYou won $0.20!'
311.1715 	EXP 	feedbackMsg: autoDraw = True
311.3254 	DATA 	Keypress: 5
312.0922 	DATA 	Keypress: 5
312.6574 	EXP 	New trial (rep=0, index=45): OrderedDict([('Condition', 'LgReward'), ('FixationDur', 2500)])
312.6882 	EXP 	feedbackMsg: autoDraw = False
312.6882 	EXP 	feedbackMsg: autoDraw = False
312.6882 	EXP 	cueImage: image = 'images/WinBig.bmp'
312.6882 	EXP 	cueImage: autoDraw = True
312.8748 	DATA 	Keypress: 5
313.6581 	DATA 	Keypress: 5
314.4428 	DATA 	Keypress: 5
314.7225 	EXP 	cueImage: autoDraw = False
314.7225 	EXP 	fixation: autoDraw = True
315.2079 	DATA 	Keypress: 5
315.9925 	DATA 	Keypress: 5
316.7770 	DATA 	Keypress: 5
317.2722 	EXP 	fixation: autoDraw = False
317.2722 	EXP 	fixation: autoDraw = False
317.2722 	EXP 	Target: image = 'images/WinProbe.bmp'
317.2722 	EXP 	Target: autoDraw = True
317.5418 	DATA 	Keypress: 5
317.5590 	DATA 	Keypress: 1
317.8048 	EXP 	Target: autoDraw = False
317.8048 	EXP 	Target: autoDraw = False
317.8048 	EXP 	feedbackMsg: text = 'Correct Response!\n\nYou won $5.00!'
317.8048 	EXP 	feedbackMsg: autoDraw = True
318.3260 	DATA 	Keypress: 5
319.1103 	DATA 	Keypress: 5
319.2906 	EXP 	New trial (rep=0, index=46): OrderedDict([('Condition', 'SmallPun'), ('FixationDur', 3000)])
319.3055 	EXP 	feedbackMsg: autoDraw = False
319.3055 	EXP 	feedbackMsg: autoDraw = False
319.3055 	EXP 	cueImage: image = 'images/LoseSmall.bmp'
319.3055 	EXP 	cueImage: autoDraw = True
319.8742 	DATA 	Keypress: 5
320.6583 	DATA 	Keypress: 5
321.3393 	EXP 	cueImage: autoDraw = False
321.3393 	EXP 	cueImage: autoDraw = False
321.3393 	EXP 	fixation: autoDraw = True
321.4434 	DATA 	Keypress: 5
322.2082 	DATA 	Keypress: 5
322.9938 	DATA 	Keypress: 5
323.7749 	DATA 	Keypress: 5
324.3722 	EXP 	fixation: autoDraw = False
324.3722 	EXP 	fixation: autoDraw = False
324.3722 	EXP 	Target: image = 'images/LoseProbe.bmp'
324.3722 	EXP 	Target: autoDraw = True
324.5413 	DATA 	Keypress: 5
324.6920 	DATA 	Keypress: 2
324.9063 	EXP 	Target: autoDraw = False
324.9063 	EXP 	Target: autoDraw = False
324.9063 	EXP 	feedbackMsg: text = 'You pressed too slow!\n\nYou lost $0.20!'
324.9063 	EXP 	feedbackMsg: autoDraw = True
325.3272 	DATA 	Keypress: 5
326.1107 	DATA 	Keypress: 5
326.3917 	EXP 	New trial (rep=0, index=47): OrderedDict([('Condition', 'LgReward'), ('FixationDur', 2000)])
326.4226 	EXP 	feedbackMsg: autoDraw = False
326.4226 	EXP 	feedbackMsg: autoDraw = False
326.4226 	EXP 	cueImage: image = 'images/WinBig.bmp'
326.4226 	EXP 	cueImage: autoDraw = True
326.8758 	DATA 	Keypress: 5
327.6591 	DATA 	Keypress: 5
328.4445 	DATA 	Keypress: 5
328.4558 	EXP 	cueImage: autoDraw = False
328.4558 	EXP 	fixation: autoDraw = True
329.2095 	DATA 	Keypress: 5
329.9944 	DATA 	Keypress: 5
330.5056 	EXP 	fixation: autoDraw = False
330.5056 	EXP 	fixation: autoDraw = False
330.5056 	EXP 	Target: image = 'images/WinProbe.bmp'
330.5056 	EXP 	Target: autoDraw = True
330.7762 	DATA 	Keypress: 5
330.8425 	DATA 	Keypress: 1
331.0400 	EXP 	Target: autoDraw = False
331.0400 	EXP 	Target: autoDraw = False
331.0400 	EXP 	feedbackMsg: text = 'Correct Response!\n\nYou won $5.00!'
331.0400 	EXP 	feedbackMsg: autoDraw = True
331.5420 	DATA 	Keypress: 5
332.3264 	DATA 	Keypress: 5
332.5237 	EXP 	New trial (rep=0, index=48): OrderedDict([('Condition', 'SmallReward'), ('FixationDur', 4000)])
332.5562 	EXP 	feedbackMsg: autoDraw = False
332.5562 	EXP 	feedbackMsg: autoDraw = False
332.5562 	EXP 	cueImage: image = 'images/WinSmall.bmp'
332.5562 	EXP 	cueImage: autoDraw = True
333.1107 	DATA 	Keypress: 5
333.8750 	DATA 	Keypress: 5
334.5905 	EXP 	cueImage: autoDraw = False
334.5905 	EXP 	fixation: autoDraw = True
334.6591 	DATA 	Keypress: 5
335.4443 	DATA 	Keypress: 5
336.2101 	DATA 	Keypress: 5
336.9932 	DATA 	Keypress: 5
337.7784 	DATA 	Keypress: 5
338.5438 	DATA 	Keypress: 5
338.6391 	EXP 	fixation: autoDraw = False
338.6391 	EXP 	fixation: autoDraw = False
338.6391 	EXP 	Target: image = 'images/WinProbe.bmp'
338.6391 	EXP 	Target: autoDraw = True
338.9278 	DATA 	Keypress: 1
339.1737 	EXP 	Target: autoDraw = False
339.1737 	EXP 	Target: autoDraw = False
339.1737 	EXP 	feedbackMsg: text = 'Correct Response!\n\nYou won $0.20!'
339.1737 	EXP 	feedbackMsg: autoDraw = True
339.3264 	DATA 	Keypress: 5
340.1108 	DATA 	Keypress: 5
340.6592 	EXP 	New trial (rep=0, index=49): OrderedDict([('Condition', 'SmallPun'), ('FixationDur', 1500)])
340.6734 	EXP 	feedbackMsg: autoDraw = False
340.6734 	EXP 	feedbackMsg: autoDraw = False
340.6734 	EXP 	cueImage: image = 'images/LoseSmall.bmp'
340.6734 	EXP 	cueImage: autoDraw = True
340.8934 	DATA 	Keypress: 5
341.6586 	DATA 	Keypress: 5
342.4441 	DATA 	Keypress: 5
342.7077 	EXP 	cueImage: autoDraw = False
342.7077 	EXP 	cueImage: autoDraw = False
342.7077 	EXP 	fixation: autoDraw = True
343.2281 	DATA 	Keypress: 5
343.9931 	DATA 	Keypress: 5
344.2401 	EXP 	fixation: autoDraw = False
344.2401 	EXP 	fixation: autoDraw = False
344.2401 	EXP 	Target: image = 'images/LoseProbe.bmp'
344.2401 	EXP 	Target: autoDraw = True
344.5440 	DATA 	Keypress: 2
344.7576 	EXP 	Target: autoDraw = False
344.7576 	EXP 	Target: autoDraw = False
344.7576 	EXP 	feedbackMsg: text = 'You pressed too slow!\n\nYou lost $0.20!'
344.7576 	EXP 	feedbackMsg: autoDraw = True
344.7782 	DATA 	Keypress: 5
345.5622 	DATA 	Keypress: 5
346.2739 	EXP 	feedbackMsg: autoDraw = False
346.2739 	EXP 	feedbackMsg: autoDraw = False
346.2739 	EXP 	polygon: autoDraw = True
346.3267 	DATA 	Keypress: 5
347.1109 	DATA 	Keypress: 5
347.8948 	DATA 	Keypress: 5
348.6607 	DATA 	Keypress: 5
349.4438 	DATA 	Keypress: 5
351.2907 	EXP 	polygon: autoDraw = False
351.2907 	EXP 	polygon: autoDraw = False
351.2907 	EXP 	text: text = 'All done!\n\nYou earned a total of: $1.00'
351.2907 	EXP 	text: autoDraw = True
354.3239 	EXP 	text: autoDraw = False
354.3239 	EXP 	text: autoDraw = False
354.3239 	EXP 	polygon2: autoDraw = True
361.5623 	DATA 	Keypress: 5
362.3286 	DATA 	Keypress: 5
363.1112 	DATA 	Keypress: 5
363.8961 	DATA 	Keypress: 5
365.2136 	DATA 	Keypress: escape
365.5928 	EXP 	window1: mouseVisible = True
