10.8622 	EXP 	Created window1 = Window(allowGUI=False, allowStencil=False, args=UNKNOWN, autoLog=True, bitsMode=UNKNOWN, blendMode='avg', color=array([0., 0., 0.]), colorSpace='rgb', fullscr=<method-wrapper '__getattribute__' of attributeSetter object at 0x134f7bbe0>, gamma=None, kwargs=UNKNOWN, lms=UNKNOWN, monitor=<psychopy.monitors.calibTools.Monitor object at 0x1350cbe80>, multiSample=False, name='window1', numSamples=2, pos=[0.0, 0.0], screen=0, size=array([1920, 1080]), stereo=False, units='height', useFBO=True, useRetina=False, viewOri=0.0, viewPos=None, viewScale=None, waitBlanking=True, winType='pyglet')
10.8623 	EXP 	window1: recordFrameIntervals = False
11.0281 	EXP 	window1: recordFrameIntervals = True
11.2113 	EXP 	window1: recordFrameIntervals = False
11.2114 	EXP 	window1: recordFrameIntervals = False
11.3775 	EXP 	window1: recordFrameIntervals = True
11.5616 	EXP 	window1: recordFrameIntervals = False
12.0214 	EXP 	Created preinstruct_text = TextStim(__class__=<class 'psychopy.visual.text.TextStim'>, alignHoriz='center', alignVert='center', antialias=True, autoLog=True, bold=False, color='white', colorSpace='named', contrast=1.0, depth=0.0, flipHoriz=False, flipVert=False, font='Arial', fontFiles=[], height=0.05, italic=False, languageStyle='LTR', name='preinstruct_text', opacity=1.0, ori=0, pos=array([0., 0.]), rgb=array([255., 255., 255.]), text='Money Task - Scanner 2', units='height', win=Window(...), wrapWidth=1)
12.0666 	EXP 	Created instructFig = ImageStim(__class__=<class 'psychopy.visual.image.ImageStim'>, autoLog=True, color=array([1., 1., 1.]), colorSpace='rgb', contrast=1.0, depth=0.0, flipHoriz=False, flipVert=False, image='images/MID_instructions.bmp', interpolate=True, mask=None, maskParams=None, name='instructFig', opacity=1.0, ori=0.0, pos=array([0., 0.]), size=array([1.3, 1. ]), texRes=128, units='height', win=Window(...))
12.0683 	EXP 	Created PrepFixation = ShapeStim(__class__=<class 'psychopy.visual.shape.ShapeStim'>, autoDraw=False, autoLog=True, closeShape=True, contrast=1.0, depth=0.0, fillColor=array([1., 1., 1.]), fillColorSpace='rgb', interpolate=True, lineColor=array([1., 1., 1.]), lineColorSpace='rgb', lineWidth=1, name='PrepFixation', opacity=1.0, ori=array(0.), pos=array([0., 0.]), size=array([0.05, 0.05]), units='height', vertices=ndarray(...), win=Window(...), windingRule=None)
12.0699 	EXP 	Created cueImage = ImageStim(__class__=<class 'psychopy.visual.image.ImageStim'>, autoLog=True, color=array([1., 1., 1.]), colorSpace='rgb', contrast=1.0, depth=0.0, flipHoriz=False, flipVert=False, image='sin', interpolate=True, mask=None, maskParams=None, name='cueImage', opacity=1.0, ori=0.0, pos=array([0., 0.]), size=array([1.3, 1. ]), texRes=128, units='height', win=Window(...))
12.0713 	EXP 	Created fixation = ShapeStim(__class__=<class 'psychopy.visual.shape.ShapeStim'>, autoDraw=False, autoLog=True, closeShape=True, contrast=1.0, depth=-1.0, fillColor=array([1., 1., 1.]), fillColorSpace='rgb', interpolate=True, lineColor=array([1., 1., 1.]), lineColorSpace='rgb', lineWidth=1, name='fixation', opacity=1.0, ori=array(0.), pos=array([0., 0.]), size=array([0.05, 0.05]), units='height', vertices=ndarray(...), win=Window(...), windingRule=None)
12.0730 	EXP 	Created Target = ImageStim(__class__=<class 'psychopy.visual.image.ImageStim'>, autoLog=True, color=array([1., 1., 1.]), colorSpace='rgb', contrast=1.0, depth=-1.0, flipHoriz=False, flipVert=False, image='sin', interpolate=True, mask=None, maskParams=None, name='Target', opacity=1.0, ori=0.0, pos=array([0., 0.]), size=array([1.3, 1. ]), texRes=128, units='height', win=Window(...))
12.0844 	EXP 	Created feedbackMsg = TextStim(__class__=<class 'psychopy.visual.text.TextStim'>, alignHoriz='center', alignVert='center', antialias=True, autoLog=True, bold=False, color='white', colorSpace='named', contrast=1.0, depth=-2.0, flipHoriz=False, flipVert=False, font='Arial', fontFiles=[], height=0.05, italic=False, languageStyle='LTR', name='feedbackMsg', opacity=1.0, ori=0, pos=array([0., 0.]), rgb=array([255., 255., 255.]), text='default text', units='height', win=Window(...), wrapWidth=2)
12.0864 	EXP 	Created polygon = ShapeStim(__class__=<class 'psychopy.visual.shape.ShapeStim'>, autoDraw=False, autoLog=True, closeShape=True, contrast=1.0, depth=0.0, fillColor=array([1., 1., 1.]), fillColorSpace='rgb', interpolate=True, lineColor=array([1., 1., 1.]), lineColorSpace='rgb', lineWidth=1, name='polygon', opacity=1.0, ori=array(0.), pos=array([0., 0.]), size=array([0.05, 0.05]), units='height', vertices=ndarray(...), win=Window(...), windingRule=None)
12.0940 	EXP 	Created text = TextStim(__class__=<class 'psychopy.visual.text.TextStim'>, alignHoriz='center', alignVert='center', antialias=True, autoLog=True, bold=False, color='white', colorSpace='named', contrast=1.0, depth=-1.0, flipHoriz=False, flipVert=False, font='Arial', fontFiles=[], height=0.07, italic=False, languageStyle='LTR', name='text', opacity=1.0, ori=0, pos=array([0., 0.]), rgb=array([255., 255., 255.]), text='default text', units='height', win=Window(...), wrapWidth=1)
12.0956 	EXP 	Created polygon2 = ShapeStim(__class__=<class 'psychopy.visual.shape.ShapeStim'>, autoDraw=False, autoLog=True, closeShape=True, contrast=1.0, depth=0.0, fillColor=array([1., 1., 1.]), fillColorSpace='rgb', interpolate=True, lineColor=array([1., 1., 1.]), lineColorSpace='rgb', lineWidth=1, name='polygon2', opacity=1.0, ori=array(0.), pos=array([0., 0.]), size=array([0.05, 0.05]), units='height', vertices=ndarray(...), win=Window(...), windingRule=None)
12.1104 	EXP 	preinstruct_text: autoDraw = True
14.1610 	EXP 	preinstruct_text: autoDraw = False
14.1610 	EXP 	instructFig: autoDraw = True
23.4272 	DATA 	Keypress: 5
23.4328 	EXP 	instructFig: autoDraw = False
23.4328 	EXP 	PrepFixation: autoDraw = True
24.1982 	DATA 	Keypress: 5
24.9824 	DATA 	Keypress: 5
25.4244 	EXP 	Imported TimeVersion8.csv as conditions, 50 conditions, 2 params
25.4249 	EXP 	Created sequence: sequential, trialTypes=50, nReps=1, seed=None
25.4253 	EXP 	New trial (rep=0, index=0): OrderedDict([('Condition', 'Triangle'), ('FixationDur', 2000)])
25.4448 	EXP 	PrepFixation: autoDraw = False
25.4448 	EXP 	PrepFixation: autoDraw = False
25.4448 	EXP 	cueImage: image = 'images/Neutral.bmp'
25.4448 	EXP 	cueImage: autoDraw = True
25.7485 	DATA 	Keypress: 5
26.5307 	DATA 	Keypress: 5
27.3160 	DATA 	Keypress: 5
27.4789 	EXP 	cueImage: autoDraw = False
27.4789 	EXP 	fixation: autoDraw = True
28.0999 	DATA 	Keypress: 5
28.8649 	DATA 	Keypress: 5
29.5176 	EXP 	fixation: autoDraw = False
29.5176 	EXP 	fixation: autoDraw = False
29.5176 	EXP 	Target: image = 'images/NeutralProbe.bmp'
29.5176 	EXP 	Target: autoDraw = True
29.6475 	DATA 	Keypress: 5
29.9314 	DATA 	Keypress: 1
30.0457 	EXP 	Target: autoDraw = False
30.0457 	EXP 	Target: autoDraw = False
30.0457 	EXP 	feedbackMsg: text = 'Correct Response!\n\nYou did not win or lose anything!'
30.0457 	EXP 	feedbackMsg: autoDraw = True
30.4337 	DATA 	Keypress: 5
31.1977 	DATA 	Keypress: 5
31.5642 	EXP 	New trial (rep=0, index=1): OrderedDict([('Condition', 'SmallReward'), ('FixationDur', 3500)])
31.5951 	EXP 	feedbackMsg: autoDraw = False
31.5951 	EXP 	feedbackMsg: autoDraw = False
31.5951 	EXP 	cueImage: image = 'images/WinSmall.bmp'
31.5951 	EXP 	cueImage: autoDraw = True
31.9827 	DATA 	Keypress: 5
32.7663 	DATA 	Keypress: 5
33.5310 	DATA 	Keypress: 5
33.6294 	EXP 	cueImage: autoDraw = False
33.6294 	EXP 	fixation: autoDraw = True
34.3156 	DATA 	Keypress: 5
35.1005 	DATA 	Keypress: 5
35.8663 	DATA 	Keypress: 5
36.6500 	DATA 	Keypress: 5
37.1786 	EXP 	fixation: autoDraw = False
37.1786 	EXP 	fixation: autoDraw = False
37.1786 	EXP 	Target: image = 'images/WinProbe.bmp'
37.1786 	EXP 	Target: autoDraw = True
37.4332 	DATA 	Keypress: 5
37.4824 	DATA 	Keypress: 1
37.6850 	EXP 	Target: autoDraw = False
37.6850 	EXP 	Target: autoDraw = False
37.6850 	EXP 	feedbackMsg: text = 'Correct Response!\n\nYou won $0.20!'
37.6850 	EXP 	feedbackMsg: autoDraw = True
38.1997 	DATA 	Keypress: 5
38.9836 	DATA 	Keypress: 5
39.1977 	EXP 	New trial (rep=0, index=2): OrderedDict([('Condition', 'LgPun'), ('FixationDur', 2000)])
39.2124 	EXP 	feedbackMsg: autoDraw = False
39.2124 	EXP 	feedbackMsg: autoDraw = False
39.2124 	EXP 	cueImage: image = 'images/LoseBig.bmp'
39.2124 	EXP 	cueImage: autoDraw = True
39.7664 	DATA 	Keypress: 5
40.5320 	DATA 	Keypress: 5
41.2462 	EXP 	cueImage: autoDraw = False
41.2462 	EXP 	cueImage: autoDraw = False
41.2462 	EXP 	fixation: autoDraw = True
41.3165 	DATA 	Keypress: 5
42.1011 	DATA 	Keypress: 5
42.8659 	DATA 	Keypress: 5
43.2797 	EXP 	fixation: autoDraw = False
43.2797 	EXP 	fixation: autoDraw = False
43.2797 	EXP 	Target: image = 'images/LoseProbe.bmp'
43.2797 	EXP 	Target: autoDraw = True
43.5997 	DATA 	Keypress: 1
43.6491 	DATA 	Keypress: 5
43.7858 	EXP 	Target: autoDraw = False
43.7858 	EXP 	Target: autoDraw = False
43.7858 	EXP 	feedbackMsg: text = 'Correct Response!\n\nYou did not lose $5.00!'
43.7858 	EXP 	feedbackMsg: autoDraw = True
44.4336 	DATA 	Keypress: 5
45.2000 	DATA 	Keypress: 5
45.2983 	EXP 	New trial (rep=0, index=3): OrderedDict([('Condition', 'SmallReward'), ('FixationDur', 1500)])
45.3292 	EXP 	feedbackMsg: autoDraw = False
45.3292 	EXP 	feedbackMsg: autoDraw = False
45.3292 	EXP 	cueImage: image = 'images/WinSmall.bmp'
45.3292 	EXP 	cueImage: autoDraw = True
45.9828 	DATA 	Keypress: 5
46.7672 	DATA 	Keypress: 5
47.3526 	EXP 	cueImage: autoDraw = False
47.3526 	EXP 	fixation: autoDraw = True
47.5516 	DATA 	Keypress: 5
48.3160 	DATA 	Keypress: 5
48.9132 	EXP 	fixation: autoDraw = False
48.9132 	EXP 	fixation: autoDraw = False
48.9132 	EXP 	Target: image = 'images/WinProbe.bmp'
48.9132 	EXP 	Target: autoDraw = True
49.1005 	DATA 	Keypress: 5
49.2341 	DATA 	Keypress: 1
49.4201 	EXP 	Target: autoDraw = False
49.4201 	EXP 	Target: autoDraw = False
49.4201 	EXP 	feedbackMsg: text = 'Correct Response!\n\nYou won $0.20!'
49.4201 	EXP 	feedbackMsg: autoDraw = True
49.8835 	DATA 	Keypress: 5
50.6506 	DATA 	Keypress: 5
50.9491 	EXP 	New trial (rep=0, index=4): OrderedDict([('Condition', 'LgReward'), ('FixationDur', 4000)])
50.9714 	EXP 	feedbackMsg: autoDraw = False
50.9714 	EXP 	feedbackMsg: autoDraw = False
50.9714 	EXP 	cueImage: image = 'images/WinBig.bmp'
50.9714 	EXP 	cueImage: autoDraw = True
51.4341 	DATA 	Keypress: 5
52.2175 	DATA 	Keypress: 5
53.0012 	DATA 	Keypress: 5
53.0139 	EXP 	cueImage: autoDraw = False
53.0139 	EXP 	fixation: autoDraw = True
53.7677 	DATA 	Keypress: 5
54.5517 	DATA 	Keypress: 5
55.3161 	DATA 	Keypress: 5
56.1011 	DATA 	Keypress: 5
56.8851 	DATA 	Keypress: 5
57.0646 	EXP 	fixation: autoDraw = False
57.0646 	EXP 	fixation: autoDraw = False
57.0646 	EXP 	Target: image = 'images/WinProbe.bmp'
57.0646 	EXP 	Target: autoDraw = True
57.3664 	DATA 	Keypress: 1
57.5310 	EXP 	Target: autoDraw = False
57.5310 	EXP 	Target: autoDraw = False
57.5310 	EXP 	feedbackMsg: text = 'Correct Response!\n\nYou won $5.00!'
57.5310 	EXP 	feedbackMsg: autoDraw = True
57.6501 	DATA 	Keypress: 5
58.4343 	DATA 	Keypress: 5
59.0994 	EXP 	New trial (rep=0, index=5): OrderedDict([('Condition', 'LgPun'), ('FixationDur', 1500)])
59.1139 	EXP 	feedbackMsg: autoDraw = False
59.1139 	EXP 	feedbackMsg: autoDraw = False
59.1139 	EXP 	cueImage: image = 'images/LoseBig.bmp'
59.1139 	EXP 	cueImage: autoDraw = True
59.2173 	DATA 	Keypress: 5
59.9836 	DATA 	Keypress: 5
60.7677 	DATA 	Keypress: 5
61.1377 	EXP 	cueImage: autoDraw = False
61.1377 	EXP 	cueImage: autoDraw = False
61.1377 	EXP 	fixation: autoDraw = True
61.5524 	DATA 	Keypress: 5
62.3172 	DATA 	Keypress: 5
62.6813 	EXP 	fixation: autoDraw = False
62.6813 	EXP 	fixation: autoDraw = False
62.6813 	EXP 	Target: image = 'images/LoseProbe.bmp'
62.6813 	EXP 	Target: autoDraw = True
63.0180 	DATA 	Keypress: 1
63.1285 	DATA 	Keypress: 5
63.1388 	EXP 	Target: autoDraw = False
63.1388 	EXP 	Target: autoDraw = False
63.1388 	EXP 	feedbackMsg: text = 'Correct Response!\n\nYou did not lose $5.00!'
63.1388 	EXP 	feedbackMsg: autoDraw = True
63.8849 	DATA 	Keypress: 5
64.6512 	DATA 	Keypress: 5
64.6995 	EXP 	New trial (rep=0, index=6): OrderedDict([('Condition', 'Triangle'), ('FixationDur', 3500)])
64.7141 	EXP 	feedbackMsg: autoDraw = False
64.7141 	EXP 	feedbackMsg: autoDraw = False
64.7141 	EXP 	cueImage: image = 'images/Neutral.bmp'
64.7141 	EXP 	cueImage: autoDraw = True
65.4335 	DATA 	Keypress: 5
66.2184 	DATA 	Keypress: 5
66.7391 	EXP 	cueImage: autoDraw = False
66.7391 	EXP 	cueImage: autoDraw = False
66.7391 	EXP 	fixation: autoDraw = True
66.9848 	DATA 	Keypress: 5
67.0509 	DATA 	Keypress: 1
67.7684 	DATA 	Keypress: 5
68.5524 	DATA 	Keypress: 5
69.3184 	DATA 	Keypress: 5
70.1011 	DATA 	Keypress: 5
70.2812 	EXP 	fixation: autoDraw = False
70.2812 	EXP 	fixation: autoDraw = False
70.2812 	EXP 	Target: image = 'images/NeutralProbe.bmp'
70.2812 	EXP 	Target: autoDraw = True
70.7309 	EXP 	Target: autoDraw = False
70.7309 	EXP 	Target: autoDraw = False
70.7309 	EXP 	feedbackMsg: text = 'You pressed too soon!\n\nYou did not win or lose anything!'
70.7309 	EXP 	feedbackMsg: autoDraw = True
70.8850 	DATA 	Keypress: 5
71.0173 	DATA 	Keypress: 1
71.6687 	DATA 	Keypress: 5
72.3003 	EXP 	New trial (rep=0, index=7): OrderedDict([('Condition', 'LgPun'), ('FixationDur', 1500)])
72.3144 	EXP 	feedbackMsg: autoDraw = False
72.3144 	EXP 	feedbackMsg: autoDraw = False
72.3144 	EXP 	cueImage: image = 'images/LoseBig.bmp'
72.3144 	EXP 	cueImage: autoDraw = True
72.4341 	DATA 	Keypress: 5
73.2178 	DATA 	Keypress: 5
74.0012 	DATA 	Keypress: 5
74.3394 	EXP 	cueImage: autoDraw = False
74.3394 	EXP 	cueImage: autoDraw = False
74.3394 	EXP 	fixation: autoDraw = True
74.7677 	DATA 	Keypress: 5
75.5529 	DATA 	Keypress: 5
75.8815 	EXP 	fixation: autoDraw = False
75.8815 	EXP 	fixation: autoDraw = False
75.8815 	EXP 	Target: image = 'images/LoseProbe.bmp'
75.8815 	EXP 	Target: autoDraw = True
76.2009 	DATA 	Keypress: 1
76.3317 	DATA 	Keypress: 5
76.3398 	EXP 	Target: autoDraw = False
76.3398 	EXP 	Target: autoDraw = False
76.3398 	EXP 	feedbackMsg: text = 'Correct Response!\n\nYou did not lose $5.00!'
76.3398 	EXP 	feedbackMsg: autoDraw = True
77.1006 	DATA 	Keypress: 5
77.8856 	DATA 	Keypress: 5
77.8996 	EXP 	New trial (rep=0, index=8): OrderedDict([('Condition', 'SmallReward'), ('FixationDur', 1500)])
77.9310 	EXP 	feedbackMsg: autoDraw = False
77.9310 	EXP 	feedbackMsg: autoDraw = False
77.9310 	EXP 	cueImage: image = 'images/WinSmall.bmp'
77.9310 	EXP 	cueImage: autoDraw = True
78.6694 	DATA 	Keypress: 5
79.4343 	DATA 	Keypress: 5
79.9573 	EXP 	cueImage: autoDraw = False
79.9573 	EXP 	fixation: autoDraw = True
80.2192 	DATA 	Keypress: 5
81.0030 	DATA 	Keypress: 5
81.5080 	EXP 	fixation: autoDraw = False
81.5080 	EXP 	fixation: autoDraw = False
81.5080 	EXP 	Target: image = 'images/WinProbe.bmp'
81.5080 	EXP 	Target: autoDraw = True
81.7687 	DATA 	Keypress: 5
81.8525 	DATA 	Keypress: 1
81.9153 	EXP 	Target: autoDraw = False
81.9153 	EXP 	Target: autoDraw = False
81.9153 	EXP 	feedbackMsg: text = 'Correct Response!\n\nYou won $0.20!'
81.9153 	EXP 	feedbackMsg: autoDraw = True
82.5523 	DATA 	Keypress: 5
83.3371 	DATA 	Keypress: 5
83.5339 	EXP 	New trial (rep=0, index=9): OrderedDict([('Condition', 'SmallPun'), ('FixationDur', 2500)])
83.5487 	EXP 	feedbackMsg: autoDraw = False
83.5487 	EXP 	feedbackMsg: autoDraw = False
83.5487 	EXP 	cueImage: image = 'images/LoseSmall.bmp'
83.5487 	EXP 	cueImage: autoDraw = True
84.1017 	DATA 	Keypress: 5
84.8847 	DATA 	Keypress: 5
85.5749 	EXP 	cueImage: autoDraw = False
85.5749 	EXP 	cueImage: autoDraw = False
85.5749 	EXP 	fixation: autoDraw = True
85.6699 	DATA 	Keypress: 5
86.4357 	DATA 	Keypress: 5
87.2193 	DATA 	Keypress: 5
88.0039 	DATA 	Keypress: 5
88.1156 	EXP 	fixation: autoDraw = False
88.1156 	EXP 	fixation: autoDraw = False
88.1156 	EXP 	Target: image = 'images/LoseProbe.bmp'
88.1156 	EXP 	Target: autoDraw = True
88.4347 	DATA 	Keypress: 1
88.5248 	EXP 	Target: autoDraw = False
88.5248 	EXP 	Target: autoDraw = False
88.5248 	EXP 	feedbackMsg: text = 'Correct Response!\n\nYou did not lose $0.20!'
88.5248 	EXP 	feedbackMsg: autoDraw = True
88.7692 	DATA 	Keypress: 5
89.5523 	DATA 	Keypress: 5
90.1342 	EXP 	New trial (rep=0, index=10): OrderedDict([('Condition', 'SmallPun'), ('FixationDur', 1500)])
90.1489 	EXP 	feedbackMsg: autoDraw = False
90.1489 	EXP 	feedbackMsg: autoDraw = False
90.1489 	EXP 	cueImage: image = 'images/LoseSmall.bmp'
90.1489 	EXP 	cueImage: autoDraw = True
90.3366 	DATA 	Keypress: 5
91.1195 	DATA 	Keypress: 5
91.8854 	DATA 	Keypress: 5
92.1751 	EXP 	cueImage: autoDraw = False
92.1751 	EXP 	cueImage: autoDraw = False
92.1751 	EXP 	fixation: autoDraw = True
92.6704 	DATA 	Keypress: 5
93.4539 	DATA 	Keypress: 5
93.7155 	EXP 	fixation: autoDraw = False
93.7155 	EXP 	fixation: autoDraw = False
93.7155 	EXP 	Target: image = 'images/LoseProbe.bmp'
93.7155 	EXP 	Target: autoDraw = True
94.1150 	DATA 	Keypress: 1
94.1250 	EXP 	Target: autoDraw = False
94.1250 	EXP 	Target: autoDraw = False
94.1250 	EXP 	feedbackMsg: text = 'You pressed too slow!\n\nYou lost $0.20!'
94.1250 	EXP 	feedbackMsg: autoDraw = True
94.2192 	DATA 	Keypress: 5
95.0042 	DATA 	Keypress: 5
95.7348 	EXP 	New trial (rep=0, index=11): OrderedDict([('Condition', 'LgReward'), ('FixationDur', 3500)])
95.7820 	DATA 	Keypress: 5
95.7919 	EXP 	feedbackMsg: autoDraw = False
95.7919 	EXP 	feedbackMsg: autoDraw = False
95.7919 	EXP 	cueImage: image = 'images/WinBig.bmp'
95.7919 	EXP 	cueImage: autoDraw = True
96.5516 	DATA 	Keypress: 5
97.3359 	DATA 	Keypress: 5
97.7927 	EXP 	cueImage: autoDraw = False
97.7927 	EXP 	fixation: autoDraw = True
98.1201 	DATA 	Keypress: 5
98.8862 	DATA 	Keypress: 5
99.6712 	DATA 	Keypress: 5
100.4526 	DATA 	Keypress: 5
101.2049 	DATA 	Keypress: 1
101.2198 	DATA 	Keypress: 5
101.3433 	EXP 	fixation: autoDraw = False
101.3433 	EXP 	fixation: autoDraw = False
101.3433 	EXP 	Target: image = 'images/WinProbe.bmp'
101.3433 	EXP 	Target: autoDraw = True
101.7160 	EXP 	Target: autoDraw = False
101.7160 	EXP 	Target: autoDraw = False
101.7160 	EXP 	feedbackMsg: text = 'You pressed too soon!\n\nYou did not win $5.00!'
101.7160 	EXP 	feedbackMsg: autoDraw = True
101.7874 	DATA 	Keypress: 1
102.0024 	DATA 	Keypress: 5
102.7875 	DATA 	Keypress: 5
103.3690 	EXP 	New trial (rep=0, index=12): OrderedDict([('Condition', 'LgPun'), ('FixationDur', 1500)])
103.3831 	EXP 	feedbackMsg: autoDraw = False
103.3831 	EXP 	feedbackMsg: autoDraw = False
103.3831 	EXP 	cueImage: image = 'images/LoseBig.bmp'
103.3831 	EXP 	cueImage: autoDraw = True
103.5528 	DATA 	Keypress: 5
104.3370 	DATA 	Keypress: 5
105.1209 	DATA 	Keypress: 5
105.4105 	EXP 	cueImage: autoDraw = False
105.4105 	EXP 	cueImage: autoDraw = False
105.4105 	EXP 	fixation: autoDraw = True
105.8874 	DATA 	Keypress: 5
106.6704 	DATA 	Keypress: 5
106.9455 	EXP 	fixation: autoDraw = False
106.9455 	EXP 	fixation: autoDraw = False
106.9455 	EXP 	Target: image = 'images/LoseProbe.bmp'
106.9455 	EXP 	Target: autoDraw = True
107.2528 	DATA 	Keypress: 1
107.3173 	EXP 	Target: autoDraw = False
107.3173 	EXP 	Target: autoDraw = False
107.3173 	EXP 	feedbackMsg: text = 'Correct Response!\n\nYou did not lose $5.00!'
107.3173 	EXP 	feedbackMsg: autoDraw = True
107.4536 	DATA 	Keypress: 5
108.2202 	DATA 	Keypress: 5
108.9681 	EXP 	New trial (rep=0, index=13): OrderedDict([('Condition', 'SmallPun'), ('FixationDur', 2000)])
108.9831 	EXP 	feedbackMsg: autoDraw = False
108.9831 	EXP 	feedbackMsg: autoDraw = False
108.9831 	EXP 	cueImage: image = 'images/LoseSmall.bmp'
108.9831 	EXP 	cueImage: autoDraw = True
109.0028 	DATA 	Keypress: 5
109.7859 	DATA 	Keypress: 5
110.5694 	DATA 	Keypress: 5
111.0107 	EXP 	cueImage: autoDraw = False
111.0107 	EXP 	cueImage: autoDraw = False
111.0107 	EXP 	fixation: autoDraw = True
111.3359 	DATA 	Keypress: 5
112.1197 	DATA 	Keypress: 5
112.9029 	DATA 	Keypress: 5
113.0441 	EXP 	fixation: autoDraw = False
113.0441 	EXP 	fixation: autoDraw = False
113.0441 	EXP 	Target: image = 'images/LoseProbe.bmp'
113.0441 	EXP 	Target: autoDraw = True
113.4172 	DATA 	Keypress: 1
113.4284 	EXP 	Target: autoDraw = False
113.4284 	EXP 	Target: autoDraw = False
113.4284 	EXP 	feedbackMsg: text = 'You pressed too slow!\n\nYou lost $0.20!'
113.4284 	EXP 	feedbackMsg: autoDraw = True
113.6698 	DATA 	Keypress: 5
114.4540 	DATA 	Keypress: 5
115.0694 	EXP 	New trial (rep=0, index=14): OrderedDict([('Condition', 'LgReward'), ('FixationDur', 1500)])
115.0948 	EXP 	feedbackMsg: autoDraw = False
115.0948 	EXP 	feedbackMsg: autoDraw = False
115.0948 	EXP 	cueImage: image = 'images/WinBig.bmp'
115.0948 	EXP 	cueImage: autoDraw = True
115.2384 	DATA 	Keypress: 5
116.0025 	DATA 	Keypress: 5
116.7881 	DATA 	Keypress: 5
117.1289 	EXP 	cueImage: autoDraw = False
117.1289 	EXP 	fixation: autoDraw = True
117.5725 	DATA 	Keypress: 5
118.3368 	DATA 	Keypress: 5
118.6785 	EXP 	fixation: autoDraw = False
118.6785 	EXP 	fixation: autoDraw = False
118.6785 	EXP 	Target: image = 'images/WinProbe.bmp'
118.6785 	EXP 	Target: autoDraw = True
118.9710 	DATA 	Keypress: 1
119.0678 	EXP 	Target: autoDraw = False
119.0678 	EXP 	Target: autoDraw = False
119.0678 	EXP 	feedbackMsg: text = 'Correct Response!\n\nYou won $5.00!'
119.0678 	EXP 	feedbackMsg: autoDraw = True
119.1215 	DATA 	Keypress: 5
119.9054 	DATA 	Keypress: 5
120.6709 	DATA 	Keypress: 5
120.7023 	EXP 	New trial (rep=0, index=15): OrderedDict([('Condition', 'LgReward'), ('FixationDur', 1500)])
120.7342 	EXP 	feedbackMsg: autoDraw = False
120.7342 	EXP 	feedbackMsg: autoDraw = False
120.7342 	EXP 	cueImage: image = 'images/WinBig.bmp'
120.7342 	EXP 	cueImage: autoDraw = True
121.4545 	DATA 	Keypress: 5
122.2374 	DATA 	Keypress: 5
122.7628 	EXP 	cueImage: autoDraw = False
122.7628 	EXP 	fixation: autoDraw = True
123.0052 	DATA 	Keypress: 5
123.7883 	DATA 	Keypress: 5
124.3131 	EXP 	fixation: autoDraw = False
124.3131 	EXP 	fixation: autoDraw = False
124.3131 	EXP 	Target: image = 'images/WinProbe.bmp'
124.3131 	EXP 	Target: autoDraw = True
124.5725 	DATA 	Keypress: 5
124.6055 	DATA 	Keypress: 1
124.6973 	EXP 	Target: autoDraw = False
124.6973 	EXP 	Target: autoDraw = False
124.6973 	EXP 	feedbackMsg: text = 'Correct Response!\n\nYou won $5.00!'
124.6973 	EXP 	feedbackMsg: autoDraw = True
125.3377 	DATA 	Keypress: 5
126.1220 	DATA 	Keypress: 5
126.3190 	EXP 	New trial (rep=0, index=16): OrderedDict([('Condition', 'SmallReward'), ('FixationDur', 2000)])
126.3464 	EXP 	feedbackMsg: autoDraw = False
126.3464 	EXP 	feedbackMsg: autoDraw = False
126.3464 	EXP 	cueImage: image = 'images/WinSmall.bmp'
126.3464 	EXP 	cueImage: autoDraw = True
126.9051 	DATA 	Keypress: 5
127.6713 	DATA 	Keypress: 5
128.3809 	EXP 	cueImage: autoDraw = False
128.3809 	EXP 	fixation: autoDraw = True
128.4544 	DATA 	Keypress: 5
129.2400 	DATA 	Keypress: 5
130.0051 	DATA 	Keypress: 5
130.4309 	EXP 	fixation: autoDraw = False
130.4309 	EXP 	fixation: autoDraw = False
130.4309 	EXP 	Target: image = 'images/WinProbe.bmp'
130.4309 	EXP 	Target: autoDraw = True
130.7221 	DATA 	Keypress: 1
130.8284 	DATA 	Keypress: 5
130.8356 	EXP 	Target: autoDraw = False
130.8356 	EXP 	Target: autoDraw = False
130.8356 	EXP 	feedbackMsg: text = 'Correct Response!\n\nYou won $0.20!'
130.8356 	EXP 	feedbackMsg: autoDraw = True
131.5719 	DATA 	Keypress: 5
132.3388 	DATA 	Keypress: 5
132.4695 	EXP 	New trial (rep=0, index=17): OrderedDict([('Condition', 'LgReward'), ('FixationDur', 2500)])
132.4967 	EXP 	feedbackMsg: autoDraw = False
132.4967 	EXP 	feedbackMsg: autoDraw = False
132.4967 	EXP 	cueImage: image = 'images/WinBig.bmp'
132.4967 	EXP 	cueImage: autoDraw = True
133.1216 	DATA 	Keypress: 5
133.9060 	DATA 	Keypress: 5
134.5313 	EXP 	cueImage: autoDraw = False
134.5313 	EXP 	fixation: autoDraw = True
134.6856 	DATA 	Keypress: 5
135.4689 	DATA 	Keypress: 5
136.2343 	DATA 	Keypress: 5
137.0729 	DATA 	Keypress: 5
137.0808 	EXP 	fixation: autoDraw = False
137.0808 	EXP 	fixation: autoDraw = False
137.0808 	EXP 	Target: image = 'images/WinProbe.bmp'
137.0808 	EXP 	Target: autoDraw = True
137.3899 	DATA 	Keypress: 1
137.4522 	EXP 	Target: autoDraw = False
137.4522 	EXP 	Target: autoDraw = False
137.4522 	EXP 	feedbackMsg: text = 'Correct Response!\n\nYou won $5.00!'
137.4522 	EXP 	feedbackMsg: autoDraw = True
137.7878 	DATA 	Keypress: 5
138.5729 	DATA 	Keypress: 5
139.1042 	EXP 	New trial (rep=0, index=18): OrderedDict([('Condition', 'LgReward'), ('FixationDur', 2000)])
139.1323 	EXP 	feedbackMsg: autoDraw = False
139.1323 	EXP 	feedbackMsg: autoDraw = False
139.1323 	EXP 	cueImage: image = 'images/WinBig.bmp'
139.1323 	EXP 	cueImage: autoDraw = True
139.3522 	DATA 	Keypress: 5
140.1353 	DATA 	Keypress: 5
140.9058 	DATA 	Keypress: 5
141.1650 	EXP 	cueImage: autoDraw = False
141.1650 	EXP 	fixation: autoDraw = True
141.6907 	DATA 	Keypress: 5
142.4557 	DATA 	Keypress: 5
143.2148 	EXP 	fixation: autoDraw = False
143.2148 	EXP 	fixation: autoDraw = False
143.2148 	EXP 	Target: image = 'images/WinProbe.bmp'
143.2148 	EXP 	Target: autoDraw = True
143.2352 	DATA 	Keypress: 5
143.5346 	DATA 	Keypress: 1
143.5991 	EXP 	Target: autoDraw = False
143.5991 	EXP 	Target: autoDraw = False
143.5991 	EXP 	feedbackMsg: text = 'Correct Response!\n\nYou won $5.00!'
143.5991 	EXP 	feedbackMsg: autoDraw = True
144.0235 	DATA 	Keypress: 5
144.7891 	DATA 	Keypress: 5
145.2376 	EXP 	New trial (rep=0, index=19): OrderedDict([('Condition', 'SmallPun'), ('FixationDur', 1500)])
145.2527 	EXP 	feedbackMsg: autoDraw = False
145.2527 	EXP 	feedbackMsg: autoDraw = False
145.2527 	EXP 	cueImage: image = 'images/LoseSmall.bmp'
145.2527 	EXP 	cueImage: autoDraw = True
145.5733 	DATA 	Keypress: 5
146.3560 	DATA 	Keypress: 5
147.1227 	DATA 	Keypress: 5
147.2834 	EXP 	cueImage: autoDraw = False
147.2834 	EXP 	cueImage: autoDraw = False
147.2834 	EXP 	fixation: autoDraw = True
147.9021 	DATA 	Keypress: 5
148.6906 	DATA 	Keypress: 5
148.8186 	EXP 	fixation: autoDraw = False
148.8186 	EXP 	fixation: autoDraw = False
148.8186 	EXP 	Target: image = 'images/LoseProbe.bmp'
148.8186 	EXP 	Target: autoDraw = True
149.0892 	DATA 	Keypress: 1
149.2033 	EXP 	Target: autoDraw = False
149.2033 	EXP 	Target: autoDraw = False
149.2033 	EXP 	feedbackMsg: text = 'Correct Response!\n\nYou did not lose $0.20!'
149.2033 	EXP 	feedbackMsg: autoDraw = True
149.4568 	DATA 	Keypress: 5
150.2394 	DATA 	Keypress: 5
150.8553 	EXP 	New trial (rep=0, index=20): OrderedDict([('Condition', 'SmallReward'), ('FixationDur', 3000)])
150.8843 	EXP 	feedbackMsg: autoDraw = False
150.8843 	EXP 	feedbackMsg: autoDraw = False
150.8843 	EXP 	cueImage: image = 'images/WinSmall.bmp'
150.8843 	EXP 	cueImage: autoDraw = True
151.0200 	DATA 	Keypress: 5
151.7895 	DATA 	Keypress: 5
152.5726 	DATA 	Keypress: 5
152.9166 	EXP 	cueImage: autoDraw = False
152.9166 	EXP 	fixation: autoDraw = True
153.3535 	DATA 	Keypress: 5
154.1377 	DATA 	Keypress: 5
154.9029 	DATA 	Keypress: 5
155.6877 	DATA 	Keypress: 5
155.9669 	EXP 	fixation: autoDraw = False
155.9669 	EXP 	fixation: autoDraw = False
155.9669 	EXP 	Target: image = 'images/WinProbe.bmp'
155.9669 	EXP 	Target: autoDraw = True
156.2869 	EXP 	Target: autoDraw = False
156.2869 	EXP 	Target: autoDraw = False
156.2869 	EXP 	feedbackMsg: text = 'You pressed too slow!\n\nYou did not win $0.20!'
156.2869 	EXP 	feedbackMsg: autoDraw = True
156.3059 	DATA 	Keypress: 1
156.4737 	DATA 	Keypress: 5
157.2399 	DATA 	Keypress: 5
157.9892 	EXP 	New trial (rep=0, index=21): OrderedDict([('Condition', 'Triangle'), ('FixationDur', 4000)])
158.0034 	EXP 	feedbackMsg: autoDraw = False
158.0034 	EXP 	feedbackMsg: autoDraw = False
158.0034 	EXP 	cueImage: image = 'images/Neutral.bmp'
158.0034 	EXP 	cueImage: autoDraw = True
158.0230 	DATA 	Keypress: 5
158.8066 	DATA 	Keypress: 5
159.5722 	DATA 	Keypress: 5
160.0343 	EXP 	cueImage: autoDraw = False
160.0343 	EXP 	cueImage: autoDraw = False
160.0343 	EXP 	fixation: autoDraw = True
160.3538 	DATA 	Keypress: 5
161.1381 	DATA 	Keypress: 5
161.9045 	DATA 	Keypress: 5
162.6869 	DATA 	Keypress: 5
163.4722 	DATA 	Keypress: 5
164.0673 	EXP 	fixation: autoDraw = False
164.0673 	EXP 	fixation: autoDraw = False
164.0673 	EXP 	Target: image = 'images/NeutralProbe.bmp'
164.0673 	EXP 	Target: autoDraw = True
164.2553 	DATA 	Keypress: 5
164.3825 	DATA 	Keypress: 1
164.3871 	EXP 	Target: autoDraw = False
164.3871 	EXP 	Target: autoDraw = False
164.3871 	EXP 	feedbackMsg: text = 'You pressed too slow!\n\nYou did not win or lose anything!'
164.3871 	EXP 	feedbackMsg: autoDraw = True
165.0242 	DATA 	Keypress: 5
165.8082 	DATA 	Keypress: 5
166.0892 	EXP 	New trial (rep=0, index=22): OrderedDict([('Condition', 'LgPun'), ('FixationDur', 2500)])
166.1037 	EXP 	feedbackMsg: autoDraw = False
166.1037 	EXP 	feedbackMsg: autoDraw = False
166.1037 	EXP 	cueImage: image = 'images/LoseBig.bmp'
166.1037 	EXP 	cueImage: autoDraw = True
166.5740 	DATA 	Keypress: 5
167.3566 	DATA 	Keypress: 5
168.1353 	EXP 	cueImage: autoDraw = False
168.1353 	EXP 	cueImage: autoDraw = False
168.1353 	EXP 	fixation: autoDraw = True
168.1397 	DATA 	Keypress: 5
168.9067 	DATA 	Keypress: 5
169.6914 	DATA 	Keypress: 5
170.4755 	DATA 	Keypress: 5
170.6685 	EXP 	fixation: autoDraw = False
170.6685 	EXP 	fixation: autoDraw = False
170.6685 	EXP 	Target: image = 'images/LoseProbe.bmp'
170.6685 	EXP 	Target: autoDraw = True
170.9246 	DATA 	Keypress: 1
170.9851 	EXP 	Target: autoDraw = False
170.9851 	EXP 	Target: autoDraw = False
170.9851 	EXP 	feedbackMsg: text = 'Correct Response!\n\nYou did not lose $5.00!'
170.9851 	EXP 	feedbackMsg: autoDraw = True
171.2401 	DATA 	Keypress: 5
172.0239 	DATA 	Keypress: 5
172.6890 	EXP 	New trial (rep=0, index=23): OrderedDict([('Condition', 'LgPun'), ('FixationDur', 2000)])
172.7045 	EXP 	feedbackMsg: autoDraw = False
172.7045 	EXP 	feedbackMsg: autoDraw = False
172.7045 	EXP 	cueImage: image = 'images/LoseBig.bmp'
172.7045 	EXP 	cueImage: autoDraw = True
172.8088 	DATA 	Keypress: 5
173.5745 	DATA 	Keypress: 5
174.3577 	DATA 	Keypress: 5
174.7365 	EXP 	cueImage: autoDraw = False
174.7365 	EXP 	cueImage: autoDraw = False
174.7365 	EXP 	fixation: autoDraw = True
175.1425 	DATA 	Keypress: 5
175.9086 	DATA 	Keypress: 5
176.6910 	DATA 	Keypress: 5
176.7692 	EXP 	fixation: autoDraw = False
176.7692 	EXP 	fixation: autoDraw = False
176.7692 	EXP 	Target: image = 'images/LoseProbe.bmp'
176.7692 	EXP 	Target: autoDraw = True
177.0847 	DATA 	Keypress: 1
177.1033 	EXP 	Target: autoDraw = False
177.1033 	EXP 	Target: autoDraw = False
177.1033 	EXP 	feedbackMsg: text = 'You pressed too slow!\n\nYou lost $5.00!'
177.1033 	EXP 	feedbackMsg: autoDraw = True
177.4764 	DATA 	Keypress: 5
178.2421 	DATA 	Keypress: 5
178.7904 	EXP 	New trial (rep=0, index=24): OrderedDict([('Condition', 'Triangle'), ('FixationDur', 1500)])
178.8045 	EXP 	feedbackMsg: autoDraw = False
178.8045 	EXP 	feedbackMsg: autoDraw = False
178.8045 	EXP 	cueImage: image = 'images/Neutral.bmp'
178.8045 	EXP 	cueImage: autoDraw = True
179.0231 	DATA 	Keypress: 5
179.8077 	DATA 	Keypress: 5
180.5924 	DATA 	Keypress: 5
180.8371 	EXP 	cueImage: autoDraw = False
180.8371 	EXP 	cueImage: autoDraw = False
180.8371 	EXP 	fixation: autoDraw = True
181.3575 	DATA 	Keypress: 5
182.1427 	DATA 	Keypress: 5
182.3703 	EXP 	fixation: autoDraw = False
182.3703 	EXP 	fixation: autoDraw = False
182.3703 	EXP 	Target: image = 'images/NeutralProbe.bmp'
182.3703 	EXP 	Target: autoDraw = True
182.6722 	EXP 	Target: autoDraw = False
182.6722 	EXP 	Target: autoDraw = False
182.6722 	EXP 	feedbackMsg: text = 'You pressed too slow!\n\nYou did not win or lose anything!'
182.6722 	EXP 	feedbackMsg: autoDraw = True
182.7244 	DATA 	Keypress: 1
182.9253 	DATA 	Keypress: 5
183.6918 	DATA 	Keypress: 5
184.3904 	EXP 	New trial (rep=0, index=25): OrderedDict([('Condition', 'LgPun'), ('FixationDur', 3000)])
184.4051 	EXP 	feedbackMsg: autoDraw = False
184.4051 	EXP 	feedbackMsg: autoDraw = False
184.4051 	EXP 	cueImage: image = 'images/LoseBig.bmp'
184.4051 	EXP 	cueImage: autoDraw = True
184.4746 	DATA 	Keypress: 5
185.2595 	DATA 	Keypress: 5
186.0246 	DATA 	Keypress: 5
186.4379 	EXP 	cueImage: autoDraw = False
186.4379 	EXP 	cueImage: autoDraw = False
186.4379 	EXP 	fixation: autoDraw = True
186.8081 	DATA 	Keypress: 5
187.5908 	DATA 	Keypress: 5
188.3584 	DATA 	Keypress: 5
189.1407 	DATA 	Keypress: 5
189.4707 	EXP 	fixation: autoDraw = False
189.4707 	EXP 	fixation: autoDraw = False
189.4707 	EXP 	Target: image = 'images/LoseProbe.bmp'
189.4707 	EXP 	Target: autoDraw = True
189.7687 	DATA 	Keypress: 1
189.7883 	EXP 	Target: autoDraw = False
189.7883 	EXP 	Target: autoDraw = False
189.7883 	EXP 	feedbackMsg: text = 'You pressed too slow!\n\nYou lost $5.00!'
189.7883 	EXP 	feedbackMsg: autoDraw = True
189.9265 	DATA 	Keypress: 5
190.6921 	DATA 	Keypress: 5
191.4751 	DATA 	Keypress: 5
191.4900 	EXP 	New trial (rep=0, index=26): OrderedDict([('Condition', 'SmallPun'), ('FixationDur', 4000)])
191.5057 	EXP 	feedbackMsg: autoDraw = False
191.5057 	EXP 	feedbackMsg: autoDraw = False
191.5057 	EXP 	cueImage: image = 'images/LoseSmall.bmp'
191.5057 	EXP 	cueImage: autoDraw = True
192.2594 	DATA 	Keypress: 5
193.0255 	DATA 	Keypress: 5
193.5390 	EXP 	cueImage: autoDraw = False
193.5390 	EXP 	cueImage: autoDraw = False
193.5390 	EXP 	fixation: autoDraw = True
193.8092 	DATA 	Keypress: 5
194.5938 	DATA 	Keypress: 5
195.3598 	DATA 	Keypress: 5
196.1419 	DATA 	Keypress: 5
196.9277 	DATA 	Keypress: 5
197.5727 	EXP 	fixation: autoDraw = False
197.5727 	EXP 	fixation: autoDraw = False
197.5727 	EXP 	Target: image = 'images/LoseProbe.bmp'
197.5727 	EXP 	Target: autoDraw = True
197.6931 	DATA 	Keypress: 5
197.8692 	DATA 	Keypress: 1
197.8888 	EXP 	Target: autoDraw = False
197.8888 	EXP 	Target: autoDraw = False
197.8888 	EXP 	feedbackMsg: text = 'You pressed too slow!\n\nYou lost $0.20!'
197.8888 	EXP 	feedbackMsg: autoDraw = True
198.4762 	DATA 	Keypress: 5
199.2589 	DATA 	Keypress: 5
199.5904 	EXP 	New trial (rep=0, index=27): OrderedDict([('Condition', 'Triangle'), ('FixationDur', 2000)])
199.6053 	EXP 	feedbackMsg: autoDraw = False
199.6053 	EXP 	feedbackMsg: autoDraw = False
199.6053 	EXP 	cueImage: image = 'images/Neutral.bmp'
199.6053 	EXP 	cueImage: autoDraw = True
200.0434 	DATA 	Keypress: 5
200.8096 	DATA 	Keypress: 5
201.6272 	DATA 	Keypress: 5
201.6401 	EXP 	cueImage: autoDraw = False
201.6401 	EXP 	cueImage: autoDraw = False
201.6401 	EXP 	fixation: autoDraw = True
202.3772 	DATA 	Keypress: 5
203.1421 	DATA 	Keypress: 5
203.6729 	EXP 	fixation: autoDraw = False
203.6729 	EXP 	fixation: autoDraw = False
203.6729 	EXP 	Target: image = 'images/NeutralProbe.bmp'
203.6729 	EXP 	Target: autoDraw = True
203.9704 	DATA 	Keypress: 5
203.9901 	EXP 	Target: autoDraw = False
203.9901 	EXP 	Target: autoDraw = False
203.9901 	EXP 	feedbackMsg: text = 'You pressed too slow!\n\nYou did not win or lose anything!'
203.9901 	EXP 	feedbackMsg: autoDraw = True
204.0585 	DATA 	Keypress: 1
204.7099 	DATA 	Keypress: 5
205.4763 	DATA 	Keypress: 5
205.6923 	EXP 	New trial (rep=0, index=28): OrderedDict([('Condition', 'SmallPun'), ('FixationDur', 1500)])
205.7067 	EXP 	feedbackMsg: autoDraw = False
205.7067 	EXP 	feedbackMsg: autoDraw = False
205.7067 	EXP 	cueImage: image = 'images/LoseSmall.bmp'
205.7067 	EXP 	cueImage: autoDraw = True
206.2587 	DATA 	Keypress: 5
207.0437 	DATA 	Keypress: 5
207.7403 	EXP 	cueImage: autoDraw = False
207.7403 	EXP 	cueImage: autoDraw = False
207.7403 	EXP 	fixation: autoDraw = True
207.8101 	DATA 	Keypress: 5
208.5930 	DATA 	Keypress: 5
209.2737 	EXP 	fixation: autoDraw = False
209.2737 	EXP 	fixation: autoDraw = False
209.2737 	EXP 	Target: image = 'images/LoseProbe.bmp'
209.2737 	EXP 	Target: autoDraw = True
209.3781 	DATA 	Keypress: 5
209.5732 	EXP 	Target: autoDraw = False
209.5732 	EXP 	Target: autoDraw = False
209.5732 	EXP 	feedbackMsg: text = 'You pressed too slow!\n\nYou lost $0.20!'
209.5732 	EXP 	feedbackMsg: autoDraw = True
209.6597 	DATA 	Keypress: 1
210.1438 	DATA 	Keypress: 5
210.9267 	DATA 	Keypress: 5
211.2927 	EXP 	New trial (rep=0, index=29): OrderedDict([('Condition', 'SmallPun'), ('FixationDur', 2000)])
211.3070 	EXP 	feedbackMsg: autoDraw = False
211.3070 	EXP 	feedbackMsg: autoDraw = False
211.3070 	EXP 	cueImage: image = 'images/LoseSmall.bmp'
211.3070 	EXP 	cueImage: autoDraw = True
211.7093 	DATA 	Keypress: 5
212.4762 	DATA 	Keypress: 5
213.2596 	DATA 	Keypress: 5
213.3403 	EXP 	cueImage: autoDraw = False
213.3403 	EXP 	cueImage: autoDraw = False
213.3403 	EXP 	fixation: autoDraw = True
214.0443 	DATA 	Keypress: 5
214.8111 	DATA 	Keypress: 5
215.3735 	EXP 	fixation: autoDraw = False
215.3735 	EXP 	fixation: autoDraw = False
215.3735 	EXP 	Target: image = 'images/LoseProbe.bmp'
215.3735 	EXP 	Target: autoDraw = True
215.5939 	DATA 	Keypress: 5
215.7102 	DATA 	Keypress: 1
215.7237 	EXP 	Target: autoDraw = False
215.7237 	EXP 	Target: autoDraw = False
215.7237 	EXP 	feedbackMsg: text = 'You pressed too slow!\n\nYou lost $0.20!'
215.7237 	EXP 	feedbackMsg: autoDraw = True
216.3793 	DATA 	Keypress: 5
217.1448 	DATA 	Keypress: 5
217.3927 	EXP 	New trial (rep=0, index=30): OrderedDict([('Condition', 'LgReward'), ('FixationDur', 1500)])
217.4069 	EXP 	feedbackMsg: autoDraw = False
217.4069 	EXP 	feedbackMsg: autoDraw = False
217.4069 	EXP 	cueImage: image = 'images/WinBig.bmp'
217.4069 	EXP 	cueImage: autoDraw = True
217.9265 	DATA 	Keypress: 5
218.7108 	DATA 	Keypress: 5
219.4413 	EXP 	cueImage: autoDraw = False
219.4413 	EXP 	cueImage: autoDraw = False
219.4413 	EXP 	fixation: autoDraw = True
219.4782 	DATA 	Keypress: 5
220.2613 	DATA 	Keypress: 5
220.9914 	EXP 	fixation: autoDraw = False
220.9914 	EXP 	fixation: autoDraw = False
220.9914 	EXP 	Target: image = 'images/WinProbe.bmp'
220.9914 	EXP 	Target: autoDraw = True
221.0453 	DATA 	Keypress: 5
221.2789 	DATA 	Keypress: 1
221.3410 	EXP 	Target: autoDraw = False
221.3410 	EXP 	Target: autoDraw = False
221.3410 	EXP 	feedbackMsg: text = 'Correct Response!\n\nYou won $5.00!'
221.3410 	EXP 	feedbackMsg: autoDraw = True
221.8283 	DATA 	Keypress: 5
222.5934 	DATA 	Keypress: 5
223.0089 	EXP 	New trial (rep=0, index=31): OrderedDict([('Condition', 'SmallReward'), ('FixationDur', 2500)])
223.0415 	EXP 	feedbackMsg: autoDraw = False
223.0415 	EXP 	feedbackMsg: autoDraw = False
223.0415 	EXP 	cueImage: image = 'images/WinSmall.bmp'
223.0415 	EXP 	cueImage: autoDraw = True
223.3774 	DATA 	Keypress: 5
224.1622 	DATA 	Keypress: 5
224.9262 	DATA 	Keypress: 5
225.0748 	EXP 	cueImage: autoDraw = False
225.0748 	EXP 	fixation: autoDraw = True
225.7124 	DATA 	Keypress: 5
226.4963 	DATA 	Keypress: 5
227.2611 	DATA 	Keypress: 5
227.6251 	EXP 	fixation: autoDraw = False
227.6251 	EXP 	fixation: autoDraw = False
227.6251 	EXP 	Target: image = 'images/WinProbe.bmp'
227.6251 	EXP 	Target: autoDraw = True
227.8958 	DATA 	Keypress: 1
227.9752 	EXP 	Target: autoDraw = False
227.9752 	EXP 	Target: autoDraw = False
227.9752 	EXP 	feedbackMsg: text = 'Correct Response!\n\nYou won $0.20!'
227.9752 	EXP 	feedbackMsg: autoDraw = True
228.0454 	DATA 	Keypress: 5
228.8298 	DATA 	Keypress: 5
229.5945 	DATA 	Keypress: 5
229.6427 	EXP 	New trial (rep=0, index=32): OrderedDict([('Condition', 'Triangle'), ('FixationDur', 1500)])
229.6579 	EXP 	feedbackMsg: autoDraw = False
229.6579 	EXP 	feedbackMsg: autoDraw = False
229.6579 	EXP 	cueImage: image = 'images/Neutral.bmp'
229.6579 	EXP 	cueImage: autoDraw = True
230.3787 	DATA 	Keypress: 5
231.1621 	DATA 	Keypress: 5
231.6919 	EXP 	cueImage: autoDraw = False
231.6919 	EXP 	cueImage: autoDraw = False
231.6919 	EXP 	fixation: autoDraw = True
231.9287 	DATA 	Keypress: 5
232.7119 	DATA 	Keypress: 5
233.2255 	EXP 	fixation: autoDraw = False
233.2255 	EXP 	fixation: autoDraw = False
233.2255 	EXP 	Target: image = 'images/NeutralProbe.bmp'
233.2255 	EXP 	Target: autoDraw = True
233.4962 	DATA 	Keypress: 5
233.6273 	EXP 	Target: autoDraw = False
233.6273 	EXP 	Target: autoDraw = False
233.6273 	EXP 	feedbackMsg: text = 'You pressed too slow!\n\nYou did not win or lose anything!'
233.6273 	EXP 	feedbackMsg: autoDraw = True
233.6306 	DATA 	Keypress: 1
234.2625 	DATA 	Keypress: 5
235.0448 	DATA 	Keypress: 5
235.2608 	EXP 	New trial (rep=0, index=33): OrderedDict([('Condition', 'SmallReward'), ('FixationDur', 1500)])
235.2912 	EXP 	feedbackMsg: autoDraw = False
235.2912 	EXP 	feedbackMsg: autoDraw = False
235.2912 	EXP 	cueImage: image = 'images/WinSmall.bmp'
235.2912 	EXP 	cueImage: autoDraw = True
235.8289 	DATA 	Keypress: 5
236.5953 	DATA 	Keypress: 5
237.3261 	EXP 	cueImage: autoDraw = False
237.3261 	EXP 	fixation: autoDraw = True
237.3783 	DATA 	Keypress: 5
238.1634 	DATA 	Keypress: 5
238.8919 	EXP 	fixation: autoDraw = False
238.8919 	EXP 	fixation: autoDraw = False
238.8919 	EXP 	Target: image = 'images/WinProbe.bmp'
238.8919 	EXP 	Target: autoDraw = True
238.9292 	DATA 	Keypress: 5
239.1795 	DATA 	Keypress: 1
239.2758 	EXP 	Target: autoDraw = False
239.2758 	EXP 	Target: autoDraw = False
239.2758 	EXP 	feedbackMsg: text = 'Correct Response!\n\nYou won $0.20!'
239.2758 	EXP 	feedbackMsg: autoDraw = True
239.7119 	DATA 	Keypress: 5
240.4960 	DATA 	Keypress: 5
240.9109 	EXP 	New trial (rep=0, index=34): OrderedDict([('Condition', 'LgReward'), ('FixationDur', 2000)])
240.9417 	EXP 	feedbackMsg: autoDraw = False
240.9417 	EXP 	feedbackMsg: autoDraw = False
240.9417 	EXP 	cueImage: image = 'images/WinBig.bmp'
240.9417 	EXP 	cueImage: autoDraw = True
241.2798 	DATA 	Keypress: 5
242.0441 	DATA 	Keypress: 5
242.8298 	DATA 	Keypress: 5
242.9764 	EXP 	cueImage: autoDraw = False
242.9764 	EXP 	fixation: autoDraw = True
243.3125 	DATA 	Keypress: 1
243.6135 	DATA 	Keypress: 5
244.3786 	DATA 	Keypress: 5
245.0256 	EXP 	fixation: autoDraw = False
245.0256 	EXP 	fixation: autoDraw = False
245.0256 	EXP 	Target: image = 'images/WinProbe.bmp'
245.0256 	EXP 	Target: autoDraw = True
245.1635 	DATA 	Keypress: 5
245.4261 	EXP 	Target: autoDraw = False
245.4261 	EXP 	Target: autoDraw = False
245.4261 	EXP 	feedbackMsg: text = 'You pressed too soon!\n\nYou did not win $5.00!'
245.4261 	EXP 	feedbackMsg: autoDraw = True
245.9471 	DATA 	Keypress: 5
246.7117 	DATA 	Keypress: 5
247.0448 	EXP 	New trial (rep=0, index=35): OrderedDict([('Condition', 'Triangle'), ('FixationDur', 1500)])
247.0588 	EXP 	feedbackMsg: autoDraw = False
247.0588 	EXP 	feedbackMsg: autoDraw = False
247.0588 	EXP 	cueImage: image = 'images/Neutral.bmp'
247.0588 	EXP 	cueImage: autoDraw = True
247.4958 	DATA 	Keypress: 5
248.2800 	DATA 	Keypress: 5
249.0784 	DATA 	Keypress: 5
249.0931 	EXP 	cueImage: autoDraw = False
249.0931 	EXP 	cueImage: autoDraw = False
249.0931 	EXP 	fixation: autoDraw = True
249.8308 	DATA 	Keypress: 5
250.6186 	DATA 	Keypress: 5
250.6265 	EXP 	fixation: autoDraw = False
250.6265 	EXP 	fixation: autoDraw = False
250.6265 	EXP 	Target: image = 'images/NeutralProbe.bmp'
250.6265 	EXP 	Target: autoDraw = True
251.0262 	EXP 	Target: autoDraw = False
251.0262 	EXP 	Target: autoDraw = False
251.0262 	EXP 	feedbackMsg: text = 'You pressed too slow!\n\nYou did not win or lose anything!'
251.0262 	EXP 	feedbackMsg: autoDraw = True
251.2461 	DATA 	Keypress: 1
251.3798 	DATA 	Keypress: 5
252.1645 	DATA 	Keypress: 5
252.6622 	EXP 	New trial (rep=0, index=36): OrderedDict([('Condition', 'LgPun'), ('FixationDur', 4000)])
252.6761 	EXP 	feedbackMsg: autoDraw = False
252.6761 	EXP 	feedbackMsg: autoDraw = False
252.6761 	EXP 	cueImage: image = 'images/LoseBig.bmp'
252.6761 	EXP 	cueImage: autoDraw = True
252.9468 	DATA 	Keypress: 5
253.7130 	DATA 	Keypress: 5
254.4961 	DATA 	Keypress: 5
254.7105 	EXP 	cueImage: autoDraw = False
254.7105 	EXP 	cueImage: autoDraw = False
254.7105 	EXP 	fixation: autoDraw = True
255.2814 	DATA 	Keypress: 5
256.0467 	DATA 	Keypress: 5
256.8311 	DATA 	Keypress: 5
257.6150 	DATA 	Keypress: 5
258.3804 	DATA 	Keypress: 5
258.7431 	EXP 	fixation: autoDraw = False
258.7431 	EXP 	fixation: autoDraw = False
258.7431 	EXP 	Target: image = 'images/LoseProbe.bmp'
258.7431 	EXP 	Target: autoDraw = True
259.1405 	DATA 	Keypress: 1
259.1477 	EXP 	Target: autoDraw = False
259.1477 	EXP 	Target: autoDraw = False
259.1477 	EXP 	feedbackMsg: text = 'You pressed too slow!\n\nYou lost $5.00!'
259.1477 	EXP 	feedbackMsg: autoDraw = True
259.1636 	DATA 	Keypress: 5
259.9483 	DATA 	Keypress: 5
260.7142 	DATA 	Keypress: 5
260.7785 	EXP 	New trial (rep=0, index=37): OrderedDict([('Condition', 'Triangle'), ('FixationDur', 1500)])
260.7932 	EXP 	feedbackMsg: autoDraw = False
260.7932 	EXP 	feedbackMsg: autoDraw = False
260.7932 	EXP 	cueImage: image = 'images/Neutral.bmp'
260.7932 	EXP 	cueImage: autoDraw = True
261.4967 	DATA 	Keypress: 5
262.2802 	DATA 	Keypress: 5
262.8274 	EXP 	cueImage: autoDraw = False
262.8274 	EXP 	cueImage: autoDraw = False
262.8274 	EXP 	fixation: autoDraw = True
263.0652 	DATA 	Keypress: 5
263.8297 	DATA 	Keypress: 5
264.3600 	EXP 	fixation: autoDraw = False
264.3600 	EXP 	fixation: autoDraw = False
264.3600 	EXP 	Target: image = 'images/NeutralProbe.bmp'
264.3600 	EXP 	Target: autoDraw = True
264.6151 	DATA 	Keypress: 5
264.7752 	DATA 	Keypress: 1
264.7810 	EXP 	Target: autoDraw = False
264.7810 	EXP 	Target: autoDraw = False
264.7810 	EXP 	feedbackMsg: text = 'You pressed too slow!\n\nYou did not win or lose anything!'
264.7810 	EXP 	feedbackMsg: autoDraw = True
265.3976 	DATA 	Keypress: 5
266.1631 	DATA 	Keypress: 5
266.3961 	EXP 	New trial (rep=0, index=38): OrderedDict([('Condition', 'Triangle'), ('FixationDur', 3000)])
266.4103 	EXP 	feedbackMsg: autoDraw = False
266.4103 	EXP 	feedbackMsg: autoDraw = False
266.4103 	EXP 	cueImage: image = 'images/Neutral.bmp'
266.4103 	EXP 	cueImage: autoDraw = True
266.9479 	DATA 	Keypress: 5
267.7316 	DATA 	Keypress: 5
268.4444 	EXP 	cueImage: autoDraw = False
268.4444 	EXP 	cueImage: autoDraw = False
268.4444 	EXP 	fixation: autoDraw = True
268.4967 	DATA 	Keypress: 5
269.2827 	DATA 	Keypress: 5
270.0660 	DATA 	Keypress: 5
270.8299 	DATA 	Keypress: 5
271.4776 	EXP 	fixation: autoDraw = False
271.4776 	EXP 	fixation: autoDraw = False
271.4776 	EXP 	Target: image = 'images/NeutralProbe.bmp'
271.4776 	EXP 	Target: autoDraw = True
271.6151 	DATA 	Keypress: 5
271.8842 	DATA 	Keypress: 1
271.8948 	EXP 	Target: autoDraw = False
271.8948 	EXP 	Target: autoDraw = False
271.8948 	EXP 	feedbackMsg: text = 'You pressed too slow!\n\nYou did not win or lose anything!'
271.8948 	EXP 	feedbackMsg: autoDraw = True
272.3982 	DATA 	Keypress: 5
273.1647 	DATA 	Keypress: 5
273.4972 	EXP 	New trial (rep=0, index=39): OrderedDict([('Condition', 'SmallPun'), ('FixationDur', 1500)])
273.5110 	EXP 	feedbackMsg: autoDraw = False
273.5110 	EXP 	feedbackMsg: autoDraw = False
273.5110 	EXP 	cueImage: image = 'images/LoseSmall.bmp'
273.5110 	EXP 	cueImage: autoDraw = True
273.9491 	DATA 	Keypress: 5
274.7311 	DATA 	Keypress: 5
275.5297 	DATA 	Keypress: 5
275.5446 	EXP 	cueImage: autoDraw = False
275.5446 	EXP 	cueImage: autoDraw = False
275.5446 	EXP 	fixation: autoDraw = True
276.2815 	DATA 	Keypress: 5
277.0686 	DATA 	Keypress: 5
277.0782 	EXP 	fixation: autoDraw = False
277.0782 	EXP 	fixation: autoDraw = False
277.0782 	EXP 	Target: image = 'images/LoseProbe.bmp'
277.0782 	EXP 	Target: autoDraw = True
277.3482 	DATA 	Keypress: 1
277.4999 	EXP 	Target: autoDraw = False
277.4999 	EXP 	Target: autoDraw = False
277.4999 	EXP 	feedbackMsg: text = 'Correct Response!\n\nYou did not lose $0.20!'
277.4999 	EXP 	feedbackMsg: autoDraw = True
277.8311 	DATA 	Keypress: 5
278.6143 	DATA 	Keypress: 5
279.1136 	EXP 	New trial (rep=0, index=40): OrderedDict([('Condition', 'LgReward'), ('FixationDur', 3000)])
279.1449 	EXP 	feedbackMsg: autoDraw = False
279.1449 	EXP 	feedbackMsg: autoDraw = False
279.1449 	EXP 	cueImage: image = 'images/WinBig.bmp'
279.1449 	EXP 	cueImage: autoDraw = True
279.3980 	DATA 	Keypress: 5
280.1644 	DATA 	Keypress: 5
280.9475 	DATA 	Keypress: 5
281.1789 	EXP 	cueImage: autoDraw = False
281.1789 	EXP 	fixation: autoDraw = True
281.5156 	DATA 	Keypress: 1
281.7332 	DATA 	Keypress: 5
282.5152 	DATA 	Keypress: 5
283.2820 	DATA 	Keypress: 5
284.0670 	DATA 	Keypress: 5
284.2281 	EXP 	fixation: autoDraw = False
284.2281 	EXP 	fixation: autoDraw = False
284.2281 	EXP 	Target: image = 'images/WinProbe.bmp'
284.2281 	EXP 	Target: autoDraw = True
284.6452 	EXP 	Target: autoDraw = False
284.6452 	EXP 	Target: autoDraw = False
284.6452 	EXP 	feedbackMsg: text = 'You pressed too soon!\n\nYou did not win $5.00!'
284.6452 	EXP 	feedbackMsg: autoDraw = True
284.8476 	DATA 	Keypress: 5
285.6142 	DATA 	Keypress: 5
286.2473 	EXP 	New trial (rep=0, index=41): OrderedDict([('Condition', 'LgPun'), ('FixationDur', 3500)])
286.2615 	EXP 	feedbackMsg: autoDraw = False
286.2615 	EXP 	feedbackMsg: autoDraw = False
286.2615 	EXP 	cueImage: image = 'images/LoseBig.bmp'
286.2615 	EXP 	cueImage: autoDraw = True
286.3992 	DATA 	Keypress: 5
287.1820 	DATA 	Keypress: 5
287.9472 	DATA 	Keypress: 5
288.2961 	EXP 	cueImage: autoDraw = False
288.2961 	EXP 	cueImage: autoDraw = False
288.2961 	EXP 	fixation: autoDraw = True
288.7334 	DATA 	Keypress: 5
289.5170 	DATA 	Keypress: 5
290.2818 	DATA 	Keypress: 5
291.0653 	DATA 	Keypress: 5
291.8285 	EXP 	fixation: autoDraw = False
291.8285 	EXP 	fixation: autoDraw = False
291.8285 	EXP 	Target: image = 'images/LoseProbe.bmp'
291.8285 	EXP 	Target: autoDraw = True
291.8498 	DATA 	Keypress: 5
292.1338 	DATA 	Keypress: 1
292.2517 	EXP 	Target: autoDraw = False
292.2517 	EXP 	Target: autoDraw = False
292.2517 	EXP 	feedbackMsg: text = 'Correct Response!\n\nYou did not lose $5.00!'
292.2517 	EXP 	feedbackMsg: autoDraw = True
292.6154 	DATA 	Keypress: 5
293.4000 	DATA 	Keypress: 5
293.8644 	EXP 	New trial (rep=0, index=42): OrderedDict([('Condition', 'Triangle'), ('FixationDur', 2500)])
293.8790 	EXP 	feedbackMsg: autoDraw = False
293.8790 	EXP 	feedbackMsg: autoDraw = False
293.8790 	EXP 	cueImage: image = 'images/Neutral.bmp'
293.8790 	EXP 	cueImage: autoDraw = True
294.1831 	DATA 	Keypress: 5
294.9490 	DATA 	Keypress: 5
295.7330 	DATA 	Keypress: 5
295.9127 	EXP 	cueImage: autoDraw = False
295.9127 	EXP 	cueImage: autoDraw = False
295.9127 	EXP 	fixation: autoDraw = True
296.5174 	DATA 	Keypress: 5
297.2824 	DATA 	Keypress: 5
298.0663 	DATA 	Keypress: 5
298.4462 	EXP 	fixation: autoDraw = False
298.4462 	EXP 	fixation: autoDraw = False
298.4462 	EXP 	Target: image = 'images/NeutralProbe.bmp'
298.4462 	EXP 	Target: autoDraw = True
298.8768 	DATA 	Keypress: 5
298.8859 	EXP 	Target: autoDraw = False
298.8859 	EXP 	Target: autoDraw = False
298.8859 	EXP 	feedbackMsg: text = 'You pressed too slow!\n\nYou did not win or lose anything!'
298.8859 	EXP 	feedbackMsg: autoDraw = True
299.6162 	DATA 	Keypress: 5
300.3992 	DATA 	Keypress: 5
300.4647 	EXP 	New trial (rep=0, index=43): OrderedDict([('Condition', 'SmallReward'), ('FixationDur', 1500)])
300.4965 	EXP 	feedbackMsg: autoDraw = False
300.4965 	EXP 	feedbackMsg: autoDraw = False
300.4965 	EXP 	cueImage: image = 'images/WinSmall.bmp'
300.4965 	EXP 	cueImage: autoDraw = True
301.1830 	DATA 	Keypress: 5
301.9493 	DATA 	Keypress: 5
302.5200 	EXP 	cueImage: autoDraw = False
302.5200 	EXP 	fixation: autoDraw = True
302.7330 	DATA 	Keypress: 5
303.5178 	DATA 	Keypress: 5
304.0711 	EXP 	fixation: autoDraw = False
304.0711 	EXP 	fixation: autoDraw = False
304.0711 	EXP 	Target: image = 'images/WinProbe.bmp'
304.0711 	EXP 	Target: autoDraw = True
304.3011 	DATA 	Keypress: 5
304.3660 	DATA 	Keypress: 1
304.5135 	EXP 	Target: autoDraw = False
304.5135 	EXP 	Target: autoDraw = False
304.5135 	EXP 	feedbackMsg: text = 'Correct Response!\n\nYou won $0.20!'
304.5135 	EXP 	feedbackMsg: autoDraw = True
305.0660 	DATA 	Keypress: 5
305.8501 	DATA 	Keypress: 5
306.0989 	EXP 	New trial (rep=0, index=44): OrderedDict([('Condition', 'LgPun'), ('FixationDur', 1500)])
306.1133 	EXP 	feedbackMsg: autoDraw = False
306.1133 	EXP 	feedbackMsg: autoDraw = False
306.1133 	EXP 	cueImage: image = 'images/LoseBig.bmp'
306.1133 	EXP 	cueImage: autoDraw = True
306.6330 	DATA 	Keypress: 5
307.3994 	DATA 	Keypress: 5
308.1365 	EXP 	cueImage: autoDraw = False
308.1365 	EXP 	cueImage: autoDraw = False
308.1365 	EXP 	fixation: autoDraw = True
308.1847 	DATA 	Keypress: 5
308.9684 	DATA 	Keypress: 5
309.6795 	EXP 	fixation: autoDraw = False
309.6795 	EXP 	fixation: autoDraw = False
309.6795 	EXP 	Target: image = 'images/LoseProbe.bmp'
309.6795 	EXP 	Target: autoDraw = True
309.7330 	DATA 	Keypress: 5
310.0348 	DATA 	Keypress: 1
310.1132 	EXP 	Target: autoDraw = False
310.1132 	EXP 	Target: autoDraw = False
310.1132 	EXP 	feedbackMsg: text = 'Correct Response!\n\nYou did not lose $5.00!'
310.1132 	EXP 	feedbackMsg: autoDraw = True
310.5167 	DATA 	Keypress: 5
311.3004 	DATA 	Keypress: 5
311.6977 	EXP 	New trial (rep=0, index=45): OrderedDict([('Condition', 'SmallReward'), ('FixationDur', 4000)])
311.7220 	EXP 	feedbackMsg: autoDraw = False
311.7220 	EXP 	feedbackMsg: autoDraw = False
311.7220 	EXP 	cueImage: image = 'images/WinSmall.bmp'
311.7220 	EXP 	cueImage: autoDraw = True
312.0663 	DATA 	Keypress: 5
312.8511 	DATA 	Keypress: 5
313.6336 	DATA 	Keypress: 5
313.7376 	EXP 	cueImage: autoDraw = False
313.7376 	EXP 	fixation: autoDraw = True
314.4009 	DATA 	Keypress: 5
315.1834 	DATA 	Keypress: 5
315.9690 	DATA 	Keypress: 5
316.7328 	DATA 	Keypress: 5
317.5185 	DATA 	Keypress: 5
317.7879 	EXP 	fixation: autoDraw = False
317.7879 	EXP 	fixation: autoDraw = False
317.7879 	EXP 	Target: image = 'images/WinProbe.bmp'
317.7879 	EXP 	Target: autoDraw = True
318.1674 	DATA 	Keypress: 1
318.2305 	EXP 	Target: autoDraw = False
318.2305 	EXP 	Target: autoDraw = False
318.2305 	EXP 	feedbackMsg: text = 'Correct Response!\n\nYou won $0.20!'
318.2305 	EXP 	feedbackMsg: autoDraw = True
318.3012 	DATA 	Keypress: 5
319.0676 	DATA 	Keypress: 5
319.8162 	EXP 	New trial (rep=0, index=46): OrderedDict([('Condition', 'SmallPun'), ('FixationDur', 3500)])
319.8307 	EXP 	feedbackMsg: autoDraw = False
319.8307 	EXP 	feedbackMsg: autoDraw = False
319.8307 	EXP 	cueImage: image = 'images/LoseSmall.bmp'
319.8307 	EXP 	cueImage: autoDraw = True
319.8491 	DATA 	Keypress: 5
320.6350 	DATA 	Keypress: 5
321.3996 	DATA 	Keypress: 5
321.8560 	EXP 	cueImage: autoDraw = False
321.8560 	EXP 	cueImage: autoDraw = False
321.8560 	EXP 	fixation: autoDraw = True
322.1842 	DATA 	Keypress: 5
322.9684 	DATA 	Keypress: 5
323.7349 	DATA 	Keypress: 5
324.5170 	DATA 	Keypress: 5
325.3027 	DATA 	Keypress: 5
325.3980 	EXP 	fixation: autoDraw = False
325.3980 	EXP 	fixation: autoDraw = False
325.3980 	EXP 	Target: image = 'images/LoseProbe.bmp'
325.3980 	EXP 	Target: autoDraw = True
325.7186 	DATA 	Keypress: 1
325.7985 	EXP 	Target: autoDraw = False
325.7985 	EXP 	Target: autoDraw = False
325.7985 	EXP 	feedbackMsg: text = 'Correct Response!\n\nYou did not lose $0.20!'
325.7985 	EXP 	feedbackMsg: autoDraw = True
326.0855 	DATA 	Keypress: 5
326.8509 	DATA 	Keypress: 5
327.4166 	EXP 	New trial (rep=0, index=47): OrderedDict([('Condition', 'SmallPun'), ('FixationDur', 3000)])
327.4312 	EXP 	feedbackMsg: autoDraw = False
327.4312 	EXP 	feedbackMsg: autoDraw = False
327.4312 	EXP 	cueImage: image = 'images/LoseSmall.bmp'
327.4312 	EXP 	cueImage: autoDraw = True
327.6350 	DATA 	Keypress: 5
328.4186 	DATA 	Keypress: 5
329.1844 	DATA 	Keypress: 5
329.4567 	EXP 	cueImage: autoDraw = False
329.4567 	EXP 	cueImage: autoDraw = False
329.4567 	EXP 	fixation: autoDraw = True
329.9670 	DATA 	Keypress: 5
330.7514 	DATA 	Keypress: 5
331.5164 	DATA 	Keypress: 5
332.3026 	DATA 	Keypress: 5
332.4980 	EXP 	fixation: autoDraw = False
332.4980 	EXP 	fixation: autoDraw = False
332.4980 	EXP 	Target: image = 'images/LoseProbe.bmp'
332.4980 	EXP 	Target: autoDraw = True
332.8942 	DATA 	Keypress: 1
332.9067 	EXP 	Target: autoDraw = False
332.9067 	EXP 	Target: autoDraw = False
332.9067 	EXP 	feedbackMsg: text = 'You pressed too slow!\n\nYou lost $0.20!'
332.9067 	EXP 	feedbackMsg: autoDraw = True
333.0860 	DATA 	Keypress: 5
333.8519 	DATA 	Keypress: 5
334.5174 	EXP 	New trial (rep=0, index=48): OrderedDict([('Condition', 'LgReward'), ('FixationDur', 1500)])
334.5482 	EXP 	feedbackMsg: autoDraw = False
334.5482 	EXP 	feedbackMsg: autoDraw = False
334.5482 	EXP 	cueImage: image = 'images/WinBig.bmp'
334.5482 	EXP 	cueImage: autoDraw = True
334.6336 	DATA 	Keypress: 5
335.4193 	DATA 	Keypress: 5
336.1848 	DATA 	Keypress: 5
336.5738 	EXP 	cueImage: autoDraw = False
336.5738 	EXP 	fixation: autoDraw = True
336.9691 	DATA 	Keypress: 5
337.7536 	DATA 	Keypress: 5
338.1240 	EXP 	fixation: autoDraw = False
338.1240 	EXP 	fixation: autoDraw = False
338.1240 	EXP 	Target: image = 'images/WinProbe.bmp'
338.1240 	EXP 	Target: autoDraw = True
338.5329 	DATA 	Keypress: 1
338.5350 	DATA 	Keypress: 5
338.5408 	EXP 	Target: autoDraw = False
338.5408 	EXP 	Target: autoDraw = False
338.5408 	EXP 	feedbackMsg: text = 'You pressed too slow!\n\nYou did not win $5.00!'
338.5408 	EXP 	feedbackMsg: autoDraw = True
339.3029 	DATA 	Keypress: 5
340.0869 	DATA 	Keypress: 5
340.1508 	EXP 	New trial (rep=0, index=49): OrderedDict([('Condition', 'SmallReward'), ('FixationDur', 2000)])
340.1751 	EXP 	feedbackMsg: autoDraw = False
340.1751 	EXP 	feedbackMsg: autoDraw = False
340.1751 	EXP 	cueImage: image = 'images/WinSmall.bmp'
340.1751 	EXP 	cueImage: autoDraw = True
340.5690 	DATA 	Keypress: 1
340.8516 	DATA 	Keypress: 5
341.6344 	DATA 	Keypress: 5
342.2085 	EXP 	cueImage: autoDraw = False
342.2085 	EXP 	fixation: autoDraw = True
342.4185 	DATA 	Keypress: 5
343.1859 	DATA 	Keypress: 5
343.9691 	DATA 	Keypress: 5
344.2581 	EXP 	fixation: autoDraw = False
344.2581 	EXP 	fixation: autoDraw = False
344.2581 	EXP 	Target: image = 'images/WinProbe.bmp'
344.2581 	EXP 	Target: autoDraw = True
344.6494 	EXP 	Target: autoDraw = False
344.6494 	EXP 	Target: autoDraw = False
344.6494 	EXP 	feedbackMsg: text = 'You pressed too slow!\n\nYou did not win $0.20!'
344.6494 	EXP 	feedbackMsg: autoDraw = True
344.7531 	DATA 	Keypress: 5
344.8366 	DATA 	Keypress: 1
345.5196 	DATA 	Keypress: 5
346.2986 	EXP 	feedbackMsg: autoDraw = False
346.2986 	EXP 	feedbackMsg: autoDraw = False
346.2986 	EXP 	polygon: autoDraw = True
346.3017 	DATA 	Keypress: 5
347.0860 	DATA 	Keypress: 5
347.8703 	DATA 	Keypress: 5
348.6353 	DATA 	Keypress: 5
349.4201 	DATA 	Keypress: 5
351.3093 	EXP 	polygon: autoDraw = False
351.3093 	EXP 	polygon: autoDraw = False
351.3093 	EXP 	text: text = 'All done!\n\nYou earned a total of: $15.40!'
351.3093 	EXP 	text: autoDraw = True
354.3435 	EXP 	text: autoDraw = False
354.3435 	EXP 	text: autoDraw = False
354.3435 	EXP 	polygon2: autoDraw = True
355.4880 	DATA 	Keypress: escape
355.8214 	EXP 	window1: mouseVisible = True
