10.9721 	EXP 	Created window1 = Window(allowGUI=False, allowStencil=False, args=UNKNOWN, autoLog=True, bitsMode=UNKNOWN, blendMode='avg', color=array([0., 0., 0.]), colorSpace='rgb', fullscr=<method-wrapper '__getattribute__' of attributeSetter object at 0x1342f1be0>, gamma=None, kwargs=UNKNOWN, lms=UNKNOWN, monitor=<psychopy.monitors.calibTools.Monitor object at 0x1346313c8>, multiSample=False, name='window1', numSamples=2, pos=[0.0, 0.0], screen=0, size=array([1920, 1080]), stereo=False, units='height', useFBO=True, useRetina=False, viewOri=0.0, viewPos=None, viewScale=None, waitBlanking=True, winType='pyglet')
10.9722 	EXP 	window1: recordFrameIntervals = False
11.1381 	EXP 	window1: recordFrameIntervals = True
11.3214 	EXP 	window1: recordFrameIntervals = False
11.3214 	EXP 	window1: recordFrameIntervals = False
11.4876 	EXP 	window1: recordFrameIntervals = True
11.6702 	EXP 	window1: recordFrameIntervals = False
12.1324 	EXP 	Created preinstruct_text = TextStim(__class__=<class 'psychopy.visual.text.TextStim'>, alignHoriz='center', alignVert='center', antialias=True, autoLog=True, bold=False, color='white', colorSpace='named', contrast=1.0, depth=0.0, flipHoriz=False, flipVert=False, font='Arial', fontFiles=[], height=0.05, italic=False, languageStyle='LTR', name='preinstruct_text', opacity=1.0, ori=0, pos=array([0., 0.]), rgb=array([255., 255., 255.]), text='Money Task - Scanner 2', units='height', win=Window(...), wrapWidth=1)
12.1778 	EXP 	Created instructFig = ImageStim(__class__=<class 'psychopy.visual.image.ImageStim'>, autoLog=True, color=array([1., 1., 1.]), colorSpace='rgb', contrast=1.0, depth=0.0, flipHoriz=False, flipVert=False, image='images/MID_instructions.bmp', interpolate=True, mask=None, maskParams=None, name='instructFig', opacity=1.0, ori=0.0, pos=array([0., 0.]), size=array([1.3, 1. ]), texRes=128, units='height', win=Window(...))
12.1794 	EXP 	Created PrepFixation = ShapeStim(__class__=<class 'psychopy.visual.shape.ShapeStim'>, autoDraw=False, autoLog=True, closeShape=True, contrast=1.0, depth=0.0, fillColor=array([1., 1., 1.]), fillColorSpace='rgb', interpolate=True, lineColor=array([1., 1., 1.]), lineColorSpace='rgb', lineWidth=1, name='PrepFixation', opacity=1.0, ori=array(0.), pos=array([0., 0.]), size=array([0.05, 0.05]), units='height', vertices=ndarray(...), win=Window(...), windingRule=None)
12.1810 	EXP 	Created cueImage = ImageStim(__class__=<class 'psychopy.visual.image.ImageStim'>, autoLog=True, color=array([1., 1., 1.]), colorSpace='rgb', contrast=1.0, depth=0.0, flipHoriz=False, flipVert=False, image='sin', interpolate=True, mask=None, maskParams=None, name='cueImage', opacity=1.0, ori=0.0, pos=array([0., 0.]), size=array([1.3, 1. ]), texRes=128, units='height', win=Window(...))
12.1826 	EXP 	Created fixation = ShapeStim(__class__=<class 'psychopy.visual.shape.ShapeStim'>, autoDraw=False, autoLog=True, closeShape=True, contrast=1.0, depth=-1.0, fillColor=array([1., 1., 1.]), fillColorSpace='rgb', interpolate=True, lineColor=array([1., 1., 1.]), lineColorSpace='rgb', lineWidth=1, name='fixation', opacity=1.0, ori=array(0.), pos=array([0., 0.]), size=array([0.05, 0.05]), units='height', vertices=ndarray(...), win=Window(...), windingRule=None)
12.1842 	EXP 	Created Target = ImageStim(__class__=<class 'psychopy.visual.image.ImageStim'>, autoLog=True, color=array([1., 1., 1.]), colorSpace='rgb', contrast=1.0, depth=-1.0, flipHoriz=False, flipVert=False, image='sin', interpolate=True, mask=None, maskParams=None, name='Target', opacity=1.0, ori=0.0, pos=array([0., 0.]), size=array([1.3, 1. ]), texRes=128, units='height', win=Window(...))
12.1934 	EXP 	Created feedbackMsg = TextStim(__class__=<class 'psychopy.visual.text.TextStim'>, alignHoriz='center', alignVert='center', antialias=True, autoLog=True, bold=False, color='white', colorSpace='named', contrast=1.0, depth=-2.0, flipHoriz=False, flipVert=False, font='Arial', fontFiles=[], height=0.05, italic=False, languageStyle='LTR', name='feedbackMsg', opacity=1.0, ori=0, pos=array([0., 0.]), rgb=array([255., 255., 255.]), text='default text', units='height', win=Window(...), wrapWidth=2)
12.1949 	EXP 	Created polygon = ShapeStim(__class__=<class 'psychopy.visual.shape.ShapeStim'>, autoDraw=False, autoLog=True, closeShape=True, contrast=1.0, depth=0.0, fillColor=array([1., 1., 1.]), fillColorSpace='rgb', interpolate=True, lineColor=array([1., 1., 1.]), lineColorSpace='rgb', lineWidth=1, name='polygon', opacity=1.0, ori=array(0.), pos=array([0., 0.]), size=array([0.05, 0.05]), units='height', vertices=ndarray(...), win=Window(...), windingRule=None)
12.2017 	EXP 	Created text = TextStim(__class__=<class 'psychopy.visual.text.TextStim'>, alignHoriz='center', alignVert='center', antialias=True, autoLog=True, bold=False, color='white', colorSpace='named', contrast=1.0, depth=-1.0, flipHoriz=False, flipVert=False, font='Arial', fontFiles=[], height=0.07, italic=False, languageStyle='LTR', name='text', opacity=1.0, ori=0, pos=array([0., 0.]), rgb=array([255., 255., 255.]), text='default text', units='height', win=Window(...), wrapWidth=1)
12.2032 	EXP 	Created polygon2 = ShapeStim(__class__=<class 'psychopy.visual.shape.ShapeStim'>, autoDraw=False, autoLog=True, closeShape=True, contrast=1.0, depth=0.0, fillColor=array([1., 1., 1.]), fillColorSpace='rgb', interpolate=True, lineColor=array([1., 1., 1.]), lineColorSpace='rgb', lineWidth=1, name='polygon2', opacity=1.0, ori=array(0.), pos=array([0., 0.]), size=array([0.05, 0.05]), units='height', vertices=ndarray(...), win=Window(...), windingRule=None)
12.2215 	EXP 	preinstruct_text: autoDraw = True
14.2541 	EXP 	preinstruct_text: autoDraw = False
14.2541 	EXP 	instructFig: autoDraw = True
34.5534 	DATA 	Keypress: 5
34.5627 	EXP 	instructFig: autoDraw = False
34.5627 	EXP 	PrepFixation: autoDraw = True
35.3265 	DATA 	Keypress: 5
36.0921 	DATA 	Keypress: 5
36.5485 	EXP 	Imported TimeVersion9.csv as conditions, 50 conditions, 2 params
36.5489 	EXP 	Created sequence: sequential, trialTypes=50, nReps=1, seed=None
36.5493 	EXP 	New trial (rep=0, index=0): OrderedDict([('Condition', 'Triangle'), ('FixationDur', 2000)])
36.5643 	EXP 	PrepFixation: autoDraw = False
36.5643 	EXP 	PrepFixation: autoDraw = False
36.5643 	EXP 	cueImage: image = 'images/Neutral.bmp'
36.5643 	EXP 	cueImage: autoDraw = True
36.8763 	DATA 	Keypress: 5
37.6597 	DATA 	Keypress: 5
38.4255 	DATA 	Keypress: 5
38.5893 	EXP 	cueImage: autoDraw = False
38.5893 	EXP 	fixation: autoDraw = True
39.2086 	DATA 	Keypress: 5
39.9937 	DATA 	Keypress: 5
40.6299 	EXP 	fixation: autoDraw = False
40.6299 	EXP 	fixation: autoDraw = False
40.6299 	EXP 	Target: image = 'images/NeutralProbe.bmp'
40.6299 	EXP 	Target: autoDraw = True
40.7586 	DATA 	Keypress: 5
40.9589 	DATA 	Keypress: 1
41.0897 	EXP 	Target: autoDraw = False
41.0897 	EXP 	Target: autoDraw = False
41.0897 	EXP 	feedbackMsg: text = 'Correct Response!\n\nYou did not win or lose anything!'
41.0897 	EXP 	feedbackMsg: autoDraw = True
41.5426 	DATA 	Keypress: 5
42.3277 	DATA 	Keypress: 5
42.6750 	EXP 	New trial (rep=0, index=1): OrderedDict([('Condition', 'Triangle'), ('FixationDur', 1500)])
42.6888 	EXP 	feedbackMsg: autoDraw = False
42.6888 	EXP 	feedbackMsg: autoDraw = False
42.6888 	EXP 	cueImage: image = 'images/Neutral.bmp'
42.6888 	EXP 	cueImage: autoDraw = True
43.1082 	DATA 	Keypress: 5
43.8762 	DATA 	Keypress: 5
44.6603 	DATA 	Keypress: 5
44.7142 	EXP 	cueImage: autoDraw = False
44.7142 	EXP 	cueImage: autoDraw = False
44.7142 	EXP 	fixation: autoDraw = True
45.4451 	DATA 	Keypress: 5
46.2461 	DATA 	Keypress: 5
46.2559 	EXP 	fixation: autoDraw = False
46.2559 	EXP 	fixation: autoDraw = False
46.2559 	EXP 	Target: image = 'images/NeutralProbe.bmp'
46.2559 	EXP 	Target: autoDraw = True
46.5939 	DATA 	Keypress: 1
46.6894 	EXP 	Target: autoDraw = False
46.6894 	EXP 	Target: autoDraw = False
46.6894 	EXP 	feedbackMsg: text = 'Correct Response!\n\nYou did not win or lose anything!'
46.6894 	EXP 	feedbackMsg: autoDraw = True
46.9946 	DATA 	Keypress: 5
47.7778 	DATA 	Keypress: 5
48.2751 	EXP 	New trial (rep=0, index=2): OrderedDict([('Condition', 'LgPun'), ('FixationDur', 2500)])
48.2893 	EXP 	feedbackMsg: autoDraw = False
48.2893 	EXP 	feedbackMsg: autoDraw = False
48.2893 	EXP 	cueImage: image = 'images/LoseBig.bmp'
48.2893 	EXP 	cueImage: autoDraw = True
48.5429 	DATA 	Keypress: 5
49.3273 	DATA 	Keypress: 5
50.1107 	DATA 	Keypress: 5
50.3241 	EXP 	cueImage: autoDraw = False
50.3241 	EXP 	cueImage: autoDraw = False
50.3241 	EXP 	fixation: autoDraw = True
50.8759 	DATA 	Keypress: 5
51.6605 	DATA 	Keypress: 5
52.4445 	DATA 	Keypress: 5
52.8574 	EXP 	fixation: autoDraw = False
52.8574 	EXP 	fixation: autoDraw = False
52.8574 	EXP 	Target: image = 'images/LoseProbe.bmp'
52.8574 	EXP 	Target: autoDraw = True
53.2096 	DATA 	Keypress: 1
53.2117 	DATA 	Keypress: 5
53.2986 	EXP 	Target: autoDraw = False
53.2986 	EXP 	Target: autoDraw = False
53.2986 	EXP 	feedbackMsg: text = 'Correct Response!\n\nYou did not lose $5.00!'
53.2986 	EXP 	feedbackMsg: autoDraw = True
53.9949 	DATA 	Keypress: 5
54.7783 	DATA 	Keypress: 5
54.8922 	EXP 	New trial (rep=0, index=3): OrderedDict([('Condition', 'Triangle'), ('FixationDur', 1500)])
54.9068 	EXP 	feedbackMsg: autoDraw = False
54.9068 	EXP 	feedbackMsg: autoDraw = False
54.9068 	EXP 	cueImage: image = 'images/Neutral.bmp'
54.9068 	EXP 	cueImage: autoDraw = True
55.5428 	DATA 	Keypress: 5
56.3270 	DATA 	Keypress: 5
56.9321 	EXP 	cueImage: autoDraw = False
56.9321 	EXP 	cueImage: autoDraw = False
56.9321 	EXP 	fixation: autoDraw = True
57.1116 	DATA 	Keypress: 5
57.8774 	DATA 	Keypress: 5
58.4735 	EXP 	fixation: autoDraw = False
58.4735 	EXP 	fixation: autoDraw = False
58.4735 	EXP 	Target: image = 'images/NeutralProbe.bmp'
58.4735 	EXP 	Target: autoDraw = True
58.6605 	DATA 	Keypress: 5
58.7447 	DATA 	Keypress: 1
58.9160 	EXP 	Target: autoDraw = False
58.9160 	EXP 	Target: autoDraw = False
58.9160 	EXP 	feedbackMsg: text = 'Correct Response!\n\nYou did not win or lose anything!'
58.9160 	EXP 	feedbackMsg: autoDraw = True
59.4451 	DATA 	Keypress: 5
60.2107 	DATA 	Keypress: 5
60.4927 	EXP 	New trial (rep=0, index=4): OrderedDict([('Condition', 'LgReward'), ('FixationDur', 1500)])
60.5172 	EXP 	feedbackMsg: autoDraw = False
60.5172 	EXP 	feedbackMsg: autoDraw = False
60.5172 	EXP 	cueImage: image = 'images/WinBig.bmp'
60.5172 	EXP 	cueImage: autoDraw = True
60.9938 	DATA 	Keypress: 5
61.7781 	DATA 	Keypress: 5
62.5455 	DATA 	Keypress: 5
62.5496 	EXP 	cueImage: autoDraw = False
62.5496 	EXP 	fixation: autoDraw = True
63.3287 	DATA 	Keypress: 5
64.0999 	EXP 	fixation: autoDraw = False
64.0999 	EXP 	fixation: autoDraw = False
64.0999 	EXP 	Target: image = 'images/WinProbe.bmp'
64.0999 	EXP 	Target: autoDraw = True
64.1034 	DATA 	Keypress: 5
64.3937 	DATA 	Keypress: 1
64.5414 	EXP 	Target: autoDraw = False
64.5414 	EXP 	Target: autoDraw = False
64.5414 	EXP 	feedbackMsg: text = 'Correct Response!\n\nYou won $5.00!'
64.5414 	EXP 	feedbackMsg: autoDraw = True
64.8777 	DATA 	Keypress: 5
65.6606 	DATA 	Keypress: 5
66.1251 	EXP 	New trial (rep=0, index=5): OrderedDict([('Condition', 'SmallPun'), ('FixationDur', 1500)])
66.1411 	EXP 	feedbackMsg: autoDraw = False
66.1411 	EXP 	feedbackMsg: autoDraw = False
66.1411 	EXP 	cueImage: image = 'images/LoseSmall.bmp'
66.1411 	EXP 	cueImage: autoDraw = True
66.4435 	DATA 	Keypress: 5
67.2286 	DATA 	Keypress: 5
67.9939 	DATA 	Keypress: 5
68.1667 	EXP 	cueImage: autoDraw = False
68.1667 	EXP 	fixation: autoDraw = True
68.7787 	DATA 	Keypress: 5
69.5627 	DATA 	Keypress: 5
69.7081 	EXP 	fixation: autoDraw = False
69.7081 	EXP 	fixation: autoDraw = False
69.7081 	EXP 	Target: image = 'images/LoseProbe.bmp'
69.7081 	EXP 	Target: autoDraw = True
70.0124 	DATA 	Keypress: 1
70.1419 	EXP 	Target: autoDraw = False
70.1419 	EXP 	Target: autoDraw = False
70.1419 	EXP 	feedbackMsg: text = 'Correct Response!\n\nYou did not lose $0.20!'
70.1419 	EXP 	feedbackMsg: autoDraw = True
70.3274 	DATA 	Keypress: 5
71.1129 	DATA 	Keypress: 5
71.7267 	EXP 	New trial (rep=0, index=6): OrderedDict([('Condition', 'LgPun'), ('FixationDur', 4000)])
71.7414 	EXP 	feedbackMsg: autoDraw = False
71.7414 	EXP 	feedbackMsg: autoDraw = False
71.7414 	EXP 	cueImage: image = 'images/LoseBig.bmp'
71.7414 	EXP 	cueImage: autoDraw = True
71.8956 	DATA 	Keypress: 5
72.6602 	DATA 	Keypress: 5
73.4427 	DATA 	Keypress: 5
73.7672 	EXP 	cueImage: autoDraw = False
73.7672 	EXP 	cueImage: autoDraw = False
73.7672 	EXP 	fixation: autoDraw = True
74.2269 	DATA 	Keypress: 5
74.9932 	DATA 	Keypress: 5
75.7773 	DATA 	Keypress: 5
76.5599 	DATA 	Keypress: 5
77.3277 	DATA 	Keypress: 5
77.8015 	EXP 	fixation: autoDraw = False
77.8015 	EXP 	fixation: autoDraw = False
77.8015 	EXP 	Target: image = 'images/LoseProbe.bmp'
77.8015 	EXP 	Target: autoDraw = True
78.1102 	DATA 	Keypress: 5
78.1914 	EXP 	Target: autoDraw = False
78.1914 	EXP 	Target: autoDraw = False
78.1914 	EXP 	feedbackMsg: text = 'You pressed too slow!\n\nYou lost $5.00!'
78.1914 	EXP 	feedbackMsg: autoDraw = True
78.3301 	DATA 	Keypress: 1
78.8948 	DATA 	Keypress: 5
79.6606 	DATA 	Keypress: 5
79.8274 	EXP 	New trial (rep=0, index=7): OrderedDict([('Condition', 'Triangle'), ('FixationDur', 3500)])
79.8420 	EXP 	feedbackMsg: autoDraw = False
79.8420 	EXP 	feedbackMsg: autoDraw = False
79.8420 	EXP 	cueImage: image = 'images/Neutral.bmp'
79.8420 	EXP 	cueImage: autoDraw = True
80.4440 	DATA 	Keypress: 5
81.2282 	DATA 	Keypress: 5
81.8681 	EXP 	cueImage: autoDraw = False
81.8681 	EXP 	cueImage: autoDraw = False
81.8681 	EXP 	fixation: autoDraw = True
81.9951 	DATA 	Keypress: 5
82.7794 	DATA 	Keypress: 5
83.5623 	DATA 	Keypress: 5
84.3289 	DATA 	Keypress: 5
85.1115 	DATA 	Keypress: 5
85.4037 	EXP 	fixation: autoDraw = False
85.4037 	EXP 	fixation: autoDraw = False
85.4037 	EXP 	Target: image = 'images/NeutralProbe.bmp'
85.4037 	EXP 	Target: autoDraw = True
85.7290 	DATA 	Keypress: 1
85.7929 	EXP 	Target: autoDraw = False
85.7929 	EXP 	Target: autoDraw = False
85.7929 	EXP 	feedbackMsg: text = 'Correct Response!\n\nYou did not win or lose anything!'
85.7929 	EXP 	feedbackMsg: autoDraw = True
85.8967 	DATA 	Keypress: 5
86.6627 	DATA 	Keypress: 5
87.4275 	EXP 	New trial (rep=0, index=8): OrderedDict([('Condition', 'SmallReward'), ('FixationDur', 2500)])
87.4544 	DATA 	Keypress: 5
87.4601 	EXP 	feedbackMsg: autoDraw = False
87.4601 	EXP 	feedbackMsg: autoDraw = False
87.4601 	EXP 	cueImage: image = 'images/WinSmall.bmp'
87.4601 	EXP 	cueImage: autoDraw = True
88.2283 	DATA 	Keypress: 5
88.9958 	DATA 	Keypress: 5
89.4870 	EXP 	cueImage: autoDraw = False
89.4870 	EXP 	fixation: autoDraw = True
89.7785 	DATA 	Keypress: 5
90.5639 	DATA 	Keypress: 5
91.3470 	DATA 	Keypress: 5
92.0366 	EXP 	fixation: autoDraw = False
92.0366 	EXP 	fixation: autoDraw = False
92.0366 	EXP 	Target: image = 'images/WinProbe.bmp'
92.0366 	EXP 	Target: autoDraw = True
92.1117 	DATA 	Keypress: 5
92.2959 	DATA 	Keypress: 1
92.4268 	EXP 	Target: autoDraw = False
92.4268 	EXP 	Target: autoDraw = False
92.4268 	EXP 	feedbackMsg: text = 'Correct Response!\n\nYou won $0.20!'
92.4268 	EXP 	feedbackMsg: autoDraw = True
92.8964 	DATA 	Keypress: 5
93.6808 	DATA 	Keypress: 5
94.0614 	EXP 	New trial (rep=0, index=9): OrderedDict([('Condition', 'LgPun'), ('FixationDur', 2000)])
94.0768 	EXP 	feedbackMsg: autoDraw = False
94.0768 	EXP 	feedbackMsg: autoDraw = False
94.0768 	EXP 	cueImage: image = 'images/LoseBig.bmp'
94.0768 	EXP 	cueImage: autoDraw = True
94.4444 	DATA 	Keypress: 5
95.2302 	DATA 	Keypress: 5
96.0137 	DATA 	Keypress: 5
96.1037 	EXP 	cueImage: autoDraw = False
96.1037 	EXP 	cueImage: autoDraw = False
96.1037 	EXP 	fixation: autoDraw = True
96.7799 	DATA 	Keypress: 5
97.5637 	DATA 	Keypress: 5
98.1385 	EXP 	fixation: autoDraw = False
98.1385 	EXP 	fixation: autoDraw = False
98.1385 	EXP 	Target: image = 'images/LoseProbe.bmp'
98.1385 	EXP 	Target: autoDraw = True
98.3476 	DATA 	Keypress: 5
98.4139 	DATA 	Keypress: 1
98.5261 	EXP 	Target: autoDraw = False
98.5261 	EXP 	Target: autoDraw = False
98.5261 	EXP 	feedbackMsg: text = 'Correct Response!\n\nYou did not lose $5.00!'
98.5261 	EXP 	feedbackMsg: autoDraw = True
99.1132 	DATA 	Keypress: 5
99.8975 	DATA 	Keypress: 5
100.1620 	EXP 	New trial (rep=0, index=10): OrderedDict([('Condition', 'SmallPun'), ('FixationDur', 1500)])
100.1766 	EXP 	feedbackMsg: autoDraw = False
100.1766 	EXP 	feedbackMsg: autoDraw = False
100.1766 	EXP 	cueImage: image = 'images/LoseSmall.bmp'
100.1766 	EXP 	cueImage: autoDraw = True
100.6804 	DATA 	Keypress: 5
101.4464 	DATA 	Keypress: 5
102.2046 	EXP 	cueImage: autoDraw = False
102.2046 	EXP 	cueImage: autoDraw = False
102.2046 	EXP 	fixation: autoDraw = True
102.2305 	DATA 	Keypress: 5
103.0147 	DATA 	Keypress: 5
103.7385 	EXP 	fixation: autoDraw = False
103.7385 	EXP 	fixation: autoDraw = False
103.7385 	EXP 	Target: image = 'images/LoseProbe.bmp'
103.7385 	EXP 	Target: autoDraw = True
103.7797 	DATA 	Keypress: 5
104.0312 	DATA 	Keypress: 1
104.0931 	EXP 	Target: autoDraw = False
104.0931 	EXP 	Target: autoDraw = False
104.0931 	EXP 	feedbackMsg: text = 'Correct Response!\n\nYou did not lose $0.20!'
104.0931 	EXP 	feedbackMsg: autoDraw = True
104.5644 	DATA 	Keypress: 5
105.3470 	DATA 	Keypress: 5
105.7622 	EXP 	New trial (rep=0, index=11): OrderedDict([('Condition', 'SmallReward'), ('FixationDur', 3000)])
105.7885 	EXP 	feedbackMsg: autoDraw = False
105.7885 	EXP 	feedbackMsg: autoDraw = False
105.7885 	EXP 	cueImage: image = 'images/WinSmall.bmp'
105.7885 	EXP 	cueImage: autoDraw = True
106.1131 	DATA 	Keypress: 5
106.8959 	DATA 	Keypress: 5
107.6812 	DATA 	Keypress: 5
107.8220 	EXP 	cueImage: autoDraw = False
107.8220 	EXP 	fixation: autoDraw = True
108.4473 	DATA 	Keypress: 5
109.2307 	DATA 	Keypress: 5
110.0154 	DATA 	Keypress: 5
110.7812 	DATA 	Keypress: 5
110.8726 	EXP 	fixation: autoDraw = False
110.8726 	EXP 	fixation: autoDraw = False
110.8726 	EXP 	Target: image = 'images/WinProbe.bmp'
110.8726 	EXP 	Target: autoDraw = True
111.2255 	DATA 	Keypress: 1
111.2394 	EXP 	Target: autoDraw = False
111.2394 	EXP 	Target: autoDraw = False
111.2394 	EXP 	feedbackMsg: text = 'You pressed too slow!\n\nYou did not win $0.20!'
111.2394 	EXP 	feedbackMsg: autoDraw = True
111.5633 	DATA 	Keypress: 5
112.3480 	DATA 	Keypress: 5
112.8962 	EXP 	New trial (rep=0, index=12): OrderedDict([('Condition', 'LgPun'), ('FixationDur', 1500)])
112.9102 	EXP 	feedbackMsg: autoDraw = False
112.9102 	EXP 	feedbackMsg: autoDraw = False
112.9102 	EXP 	cueImage: image = 'images/LoseBig.bmp'
112.9102 	EXP 	cueImage: autoDraw = True
113.1316 	DATA 	Keypress: 5
113.8968 	DATA 	Keypress: 5
114.6813 	DATA 	Keypress: 5
114.9402 	EXP 	cueImage: autoDraw = False
114.9402 	EXP 	cueImage: autoDraw = False
114.9402 	EXP 	fixation: autoDraw = True
115.4655 	DATA 	Keypress: 5
116.2307 	DATA 	Keypress: 5
116.4732 	EXP 	fixation: autoDraw = False
116.4732 	EXP 	fixation: autoDraw = False
116.4732 	EXP 	Target: image = 'images/LoseProbe.bmp'
116.4732 	EXP 	Target: autoDraw = True
116.8237 	DATA 	Keypress: 1
116.8401 	EXP 	Target: autoDraw = False
116.8401 	EXP 	Target: autoDraw = False
116.8401 	EXP 	feedbackMsg: text = 'You pressed too slow!\n\nYou lost $5.00!'
116.8401 	EXP 	feedbackMsg: autoDraw = True
117.0153 	DATA 	Keypress: 5
117.7988 	DATA 	Keypress: 5
118.4957 	EXP 	New trial (rep=0, index=13): OrderedDict([('Condition', 'SmallReward'), ('FixationDur', 1500)])
118.5230 	EXP 	feedbackMsg: autoDraw = False
118.5230 	EXP 	feedbackMsg: autoDraw = False
118.5230 	EXP 	cueImage: image = 'images/WinSmall.bmp'
118.5230 	EXP 	cueImage: autoDraw = True
118.5637 	DATA 	Keypress: 5
119.3482 	DATA 	Keypress: 5
120.1321 	DATA 	Keypress: 5
120.5574 	EXP 	cueImage: autoDraw = False
120.5574 	EXP 	fixation: autoDraw = True
120.8979 	DATA 	Keypress: 5
121.6812 	DATA 	Keypress: 5
122.1065 	EXP 	fixation: autoDraw = False
122.1065 	EXP 	fixation: autoDraw = False
122.1065 	EXP 	Target: image = 'images/WinProbe.bmp'
122.1065 	EXP 	Target: autoDraw = True
122.3984 	DATA 	Keypress: 1
122.4777 	DATA 	Keypress: 5
122.4911 	EXP 	Target: autoDraw = False
122.4911 	EXP 	Target: autoDraw = False
122.4911 	EXP 	feedbackMsg: text = 'Correct Response!\n\nYou won $0.20!'
122.4911 	EXP 	feedbackMsg: autoDraw = True
123.2436 	DATA 	Keypress: 5
124.0105 	DATA 	Keypress: 5
124.1257 	EXP 	New trial (rep=0, index=14): OrderedDict([('Condition', 'SmallReward'), ('FixationDur', 2000)])
124.1576 	EXP 	feedbackMsg: autoDraw = False
124.1576 	EXP 	feedbackMsg: autoDraw = False
124.1576 	EXP 	cueImage: image = 'images/WinSmall.bmp'
124.1576 	EXP 	cueImage: autoDraw = True
124.7975 	DATA 	Keypress: 5
125.5644 	DATA 	Keypress: 5
126.1748 	EXP 	cueImage: autoDraw = False
126.1748 	EXP 	fixation: autoDraw = True
126.3440 	DATA 	Keypress: 5
127.1327 	DATA 	Keypress: 5
127.8986 	DATA 	Keypress: 5
128.2129 	EXP 	fixation: autoDraw = False
128.2129 	EXP 	fixation: autoDraw = False
128.2129 	EXP 	Target: image = 'images/WinProbe.bmp'
128.2129 	EXP 	Target: autoDraw = True
128.5917 	DATA 	Keypress: 1
128.6083 	EXP 	Target: autoDraw = False
128.6083 	EXP 	Target: autoDraw = False
128.6083 	EXP 	feedbackMsg: text = 'You pressed too slow!\n\nYou did not win $0.20!'
128.6083 	EXP 	feedbackMsg: autoDraw = True
128.6782 	DATA 	Keypress: 5
129.4617 	DATA 	Keypress: 5
130.2436 	EXP 	New trial (rep=0, index=15): OrderedDict([('Condition', 'LgPun'), ('FixationDur', 2000)])
130.2516 	DATA 	Keypress: 5
130.2579 	EXP 	feedbackMsg: autoDraw = False
130.2579 	EXP 	feedbackMsg: autoDraw = False
130.2579 	EXP 	cueImage: image = 'images/LoseBig.bmp'
130.2579 	EXP 	cueImage: autoDraw = True
131.0147 	DATA 	Keypress: 5
131.7983 	DATA 	Keypress: 5
132.2916 	EXP 	cueImage: autoDraw = False
132.2916 	EXP 	fixation: autoDraw = True
132.5659 	DATA 	Keypress: 5
133.3481 	DATA 	Keypress: 5
134.1330 	DATA 	Keypress: 5
134.3257 	EXP 	fixation: autoDraw = False
134.3257 	EXP 	fixation: autoDraw = False
134.3257 	EXP 	Target: image = 'images/LoseProbe.bmp'
134.3257 	EXP 	Target: autoDraw = True
134.6133 	DATA 	Keypress: 1
134.7090 	EXP 	Target: autoDraw = False
134.7090 	EXP 	Target: autoDraw = False
134.7090 	EXP 	feedbackMsg: text = 'Correct Response!\n\nYou did not lose $5.00!'
134.7090 	EXP 	feedbackMsg: autoDraw = True
134.9129 	DATA 	Keypress: 5
135.6787 	DATA 	Keypress: 5
136.3603 	EXP 	New trial (rep=0, index=16): OrderedDict([('Condition', 'Triangle'), ('FixationDur', 2500)])
136.3752 	EXP 	feedbackMsg: autoDraw = False
136.3752 	EXP 	feedbackMsg: autoDraw = False
136.3752 	EXP 	cueImage: image = 'images/Neutral.bmp'
136.3752 	EXP 	cueImage: autoDraw = True
136.4621 	DATA 	Keypress: 5
137.2457 	DATA 	Keypress: 5
138.0135 	DATA 	Keypress: 5
138.4088 	EXP 	cueImage: autoDraw = False
138.4088 	EXP 	fixation: autoDraw = True
138.7955 	DATA 	Keypress: 5
139.5782 	DATA 	Keypress: 5
140.3462 	DATA 	Keypress: 5
140.9421 	EXP 	fixation: autoDraw = False
140.9421 	EXP 	fixation: autoDraw = False
140.9421 	EXP 	Target: image = 'images/NeutralProbe.bmp'
140.9421 	EXP 	Target: autoDraw = True
141.1310 	DATA 	Keypress: 5
141.2642 	DATA 	Keypress: 1
141.3286 	EXP 	Target: autoDraw = False
141.3286 	EXP 	Target: autoDraw = False
141.3286 	EXP 	feedbackMsg: text = 'Correct Response!\n\nYou did not win or lose anything!'
141.3286 	EXP 	feedbackMsg: autoDraw = True
141.9143 	DATA 	Keypress: 5
142.6813 	DATA 	Keypress: 5
142.9625 	EXP 	New trial (rep=0, index=17): OrderedDict([('Condition', 'LgPun'), ('FixationDur', 1500)])
142.9789 	EXP 	feedbackMsg: autoDraw = False
142.9789 	EXP 	feedbackMsg: autoDraw = False
142.9789 	EXP 	cueImage: image = 'images/LoseBig.bmp'
142.9789 	EXP 	cueImage: autoDraw = True
143.4648 	DATA 	Keypress: 5
144.2489 	DATA 	Keypress: 5
145.0105 	EXP 	cueImage: autoDraw = False
145.0105 	EXP 	fixation: autoDraw = True
145.0306 	DATA 	Keypress: 5
145.7999 	DATA 	Keypress: 5
146.5441 	EXP 	fixation: autoDraw = False
146.5441 	EXP 	fixation: autoDraw = False
146.5441 	EXP 	Target: image = 'images/LoseProbe.bmp'
146.5441 	EXP 	Target: autoDraw = True
146.5839 	DATA 	Keypress: 5
146.8660 	DATA 	Keypress: 1
146.9466 	EXP 	Target: autoDraw = False
146.9466 	EXP 	Target: autoDraw = False
146.9466 	EXP 	feedbackMsg: text = 'Correct Response!\n\nYou did not lose $5.00!'
146.9466 	EXP 	feedbackMsg: autoDraw = True
147.3496 	DATA 	Keypress: 5
148.1330 	DATA 	Keypress: 5
148.5817 	EXP 	New trial (rep=0, index=18): OrderedDict([('Condition', 'LgReward'), ('FixationDur', 3500)])
148.6109 	EXP 	feedbackMsg: autoDraw = False
148.6109 	EXP 	feedbackMsg: autoDraw = False
148.6109 	EXP 	cueImage: image = 'images/WinBig.bmp'
148.6109 	EXP 	cueImage: autoDraw = True
148.9160 	DATA 	Keypress: 5
149.6829 	DATA 	Keypress: 5
150.4657 	DATA 	Keypress: 5
150.6442 	EXP 	cueImage: autoDraw = False
150.6442 	EXP 	fixation: autoDraw = True
151.2511 	DATA 	Keypress: 5
152.0170 	DATA 	Keypress: 5
152.7995 	DATA 	Keypress: 5
153.5846 	DATA 	Keypress: 5
154.1946 	EXP 	fixation: autoDraw = False
154.1946 	EXP 	fixation: autoDraw = False
154.1946 	EXP 	Target: image = 'images/WinProbe.bmp'
154.1946 	EXP 	Target: autoDraw = True
154.3677 	DATA 	Keypress: 5
154.5742 	DATA 	Keypress: 1
154.5798 	EXP 	Target: autoDraw = False
154.5798 	EXP 	Target: autoDraw = False
154.5798 	EXP 	feedbackMsg: text = 'You pressed too slow!\n\nYou did not win $5.00!'
154.5798 	EXP 	feedbackMsg: autoDraw = True
155.1331 	DATA 	Keypress: 5
155.9181 	DATA 	Keypress: 5
156.2159 	EXP 	New trial (rep=0, index=19): OrderedDict([('Condition', 'LgReward'), ('FixationDur', 1500)])
156.2447 	EXP 	feedbackMsg: autoDraw = False
156.2447 	EXP 	feedbackMsg: autoDraw = False
156.2447 	EXP 	cueImage: image = 'images/WinBig.bmp'
156.2447 	EXP 	cueImage: autoDraw = True
156.7001 	DATA 	Keypress: 5
157.4676 	DATA 	Keypress: 5
158.2676 	DATA 	Keypress: 5
158.2789 	EXP 	cueImage: autoDraw = False
158.2789 	EXP 	fixation: autoDraw = True
159.0351 	DATA 	Keypress: 5
159.8221 	DATA 	Keypress: 5
159.8285 	EXP 	fixation: autoDraw = False
159.8285 	EXP 	fixation: autoDraw = False
159.8285 	EXP 	Target: image = 'images/WinProbe.bmp'
159.8285 	EXP 	Target: autoDraw = True
160.1514 	DATA 	Keypress: 1
160.2286 	EXP 	Target: autoDraw = False
160.2286 	EXP 	Target: autoDraw = False
160.2286 	EXP 	feedbackMsg: text = 'Correct Response!\n\nYou won $5.00!'
160.2286 	EXP 	feedbackMsg: autoDraw = True
160.5848 	DATA 	Keypress: 5
161.3674 	DATA 	Keypress: 5
161.8657 	EXP 	New trial (rep=0, index=20): OrderedDict([('Condition', 'LgPun'), ('FixationDur', 3000)])
161.8805 	EXP 	feedbackMsg: autoDraw = False
161.8805 	EXP 	feedbackMsg: autoDraw = False
161.8805 	EXP 	cueImage: image = 'images/LoseBig.bmp'
161.8805 	EXP 	cueImage: autoDraw = True
162.1330 	DATA 	Keypress: 5
162.9169 	DATA 	Keypress: 5
163.7008 	DATA 	Keypress: 5
163.9126 	EXP 	cueImage: autoDraw = False
163.9126 	EXP 	cueImage: autoDraw = False
163.9126 	EXP 	fixation: autoDraw = True
164.4676 	DATA 	Keypress: 5
165.2505 	DATA 	Keypress: 5
166.0354 	DATA 	Keypress: 5
166.8011 	DATA 	Keypress: 5
166.9463 	EXP 	fixation: autoDraw = False
166.9463 	EXP 	fixation: autoDraw = False
166.9463 	EXP 	Target: image = 'images/LoseProbe.bmp'
166.9463 	EXP 	Target: autoDraw = True
167.3128 	EXP 	Target: autoDraw = False
167.3128 	EXP 	Target: autoDraw = False
167.3128 	EXP 	feedbackMsg: text = 'You pressed too slow!\n\nYou lost $5.00!'
167.3128 	EXP 	feedbackMsg: autoDraw = True
167.3162 	DATA 	Keypress: 1
167.5846 	DATA 	Keypress: 5
168.3684 	DATA 	Keypress: 5
168.9665 	EXP 	New trial (rep=0, index=21): OrderedDict([('Condition', 'SmallPun'), ('FixationDur', 2000)])
168.9812 	EXP 	feedbackMsg: autoDraw = False
168.9812 	EXP 	feedbackMsg: autoDraw = False
168.9812 	EXP 	cueImage: image = 'images/LoseSmall.bmp'
168.9812 	EXP 	cueImage: autoDraw = True
169.1341 	DATA 	Keypress: 5
169.9169 	DATA 	Keypress: 5
170.7017 	DATA 	Keypress: 5
171.0137 	EXP 	cueImage: autoDraw = False
171.0137 	EXP 	cueImage: autoDraw = False
171.0137 	EXP 	fixation: autoDraw = True
171.4682 	DATA 	Keypress: 5
172.2516 	DATA 	Keypress: 5
173.0380 	DATA 	Keypress: 5
173.0471 	EXP 	fixation: autoDraw = False
173.0471 	EXP 	fixation: autoDraw = False
173.0471 	EXP 	Target: image = 'images/LoseProbe.bmp'
173.0471 	EXP 	Target: autoDraw = True
173.4106 	DATA 	Keypress: 1
173.4305 	EXP 	Target: autoDraw = False
173.4305 	EXP 	Target: autoDraw = False
173.4305 	EXP 	feedbackMsg: text = 'You pressed too slow!\n\nYou lost $0.20!'
173.4305 	EXP 	feedbackMsg: autoDraw = True
173.8194 	DATA 	Keypress: 5
174.5845 	DATA 	Keypress: 5
175.0671 	EXP 	New trial (rep=0, index=22): OrderedDict([('Condition', 'SmallReward'), ('FixationDur', 3500)])
175.0976 	EXP 	feedbackMsg: autoDraw = False
175.0976 	EXP 	feedbackMsg: autoDraw = False
175.0976 	EXP 	cueImage: image = 'images/WinSmall.bmp'
175.0976 	EXP 	cueImage: autoDraw = True
175.3690 	DATA 	Keypress: 5
176.1514 	DATA 	Keypress: 5
176.9167 	DATA 	Keypress: 5
177.1314 	EXP 	cueImage: autoDraw = False
177.1314 	EXP 	fixation: autoDraw = True
177.7028 	DATA 	Keypress: 5
178.4866 	DATA 	Keypress: 5
179.2509 	DATA 	Keypress: 5
180.0353 	DATA 	Keypress: 5
180.6812 	EXP 	fixation: autoDraw = False
180.6812 	EXP 	fixation: autoDraw = False
180.6812 	EXP 	Target: image = 'images/WinProbe.bmp'
180.6812 	EXP 	Target: autoDraw = True
180.8194 	DATA 	Keypress: 5
181.0479 	EXP 	Target: autoDraw = False
181.0479 	EXP 	Target: autoDraw = False
181.0479 	EXP 	feedbackMsg: text = 'You pressed too slow!\n\nYou did not win $0.20!'
181.0479 	EXP 	feedbackMsg: autoDraw = True
181.1365 	DATA 	Keypress: 1
181.5844 	DATA 	Keypress: 5
182.3698 	DATA 	Keypress: 5
182.7002 	EXP 	New trial (rep=0, index=23): OrderedDict([('Condition', 'LgReward'), ('FixationDur', 2500)])
182.7319 	EXP 	feedbackMsg: autoDraw = False
182.7319 	EXP 	feedbackMsg: autoDraw = False
182.7319 	EXP 	cueImage: image = 'images/WinBig.bmp'
182.7319 	EXP 	cueImage: autoDraw = True
183.1496 	DATA 	Keypress: 5
183.9178 	DATA 	Keypress: 5
184.7016 	DATA 	Keypress: 5
184.7655 	EXP 	cueImage: autoDraw = False
184.7655 	EXP 	fixation: autoDraw = True
185.4866 	DATA 	Keypress: 5
186.2525 	DATA 	Keypress: 5
187.0362 	DATA 	Keypress: 5
187.3158 	EXP 	fixation: autoDraw = False
187.3158 	EXP 	fixation: autoDraw = False
187.3158 	EXP 	Target: image = 'images/WinProbe.bmp'
187.3158 	EXP 	Target: autoDraw = True
187.7324 	EXP 	Target: autoDraw = False
187.7324 	EXP 	Target: autoDraw = False
187.7324 	EXP 	feedbackMsg: text = 'You pressed too slow!\n\nYou did not win $5.00!'
187.7324 	EXP 	feedbackMsg: autoDraw = True
187.7357 	DATA 	Keypress: 1
187.8203 	DATA 	Keypress: 5
188.5854 	DATA 	Keypress: 5
189.3509 	EXP 	New trial (rep=0, index=24): OrderedDict([('Condition', 'SmallReward'), ('FixationDur', 4000)])
189.3853 	DATA 	Keypress: 5
189.3989 	EXP 	feedbackMsg: autoDraw = False
189.3989 	EXP 	feedbackMsg: autoDraw = False
189.3989 	EXP 	cueImage: image = 'images/WinSmall.bmp'
189.3989 	EXP 	cueImage: autoDraw = True
190.1520 	DATA 	Keypress: 5
190.9349 	DATA 	Keypress: 5
191.4162 	EXP 	cueImage: autoDraw = False
191.4162 	EXP 	fixation: autoDraw = True
191.7026 	DATA 	Keypress: 5
192.4869 	DATA 	Keypress: 5
193.2680 	DATA 	Keypress: 5
194.0352 	DATA 	Keypress: 5
194.8192 	DATA 	Keypress: 5
195.4655 	EXP 	fixation: autoDraw = False
195.4655 	EXP 	fixation: autoDraw = False
195.4655 	EXP 	Target: image = 'images/WinProbe.bmp'
195.4655 	EXP 	Target: autoDraw = True
195.6017 	DATA 	Keypress: 5
195.8823 	EXP 	Target: autoDraw = False
195.8823 	EXP 	Target: autoDraw = False
195.8823 	EXP 	feedbackMsg: text = 'You pressed too slow!\n\nYou did not win $0.20!'
195.8823 	EXP 	feedbackMsg: autoDraw = True
195.9199 	DATA 	Keypress: 1
196.3692 	DATA 	Keypress: 5
197.1542 	DATA 	Keypress: 5
197.5016 	EXP 	New trial (rep=0, index=25): OrderedDict([('Condition', 'SmallPun'), ('FixationDur', 4000)])
197.5169 	EXP 	feedbackMsg: autoDraw = False
197.5169 	EXP 	feedbackMsg: autoDraw = False
197.5169 	EXP 	cueImage: image = 'images/LoseSmall.bmp'
197.5169 	EXP 	cueImage: autoDraw = True
197.9370 	DATA 	Keypress: 5
198.7013 	DATA 	Keypress: 5
199.4872 	DATA 	Keypress: 5
199.5502 	EXP 	cueImage: autoDraw = False
199.5502 	EXP 	cueImage: autoDraw = False
199.5502 	EXP 	fixation: autoDraw = True
200.2711 	DATA 	Keypress: 5
201.0353 	DATA 	Keypress: 5
201.8205 	DATA 	Keypress: 5
202.6045 	DATA 	Keypress: 5
203.3691 	DATA 	Keypress: 5
203.5831 	EXP 	fixation: autoDraw = False
203.5831 	EXP 	fixation: autoDraw = False
203.5831 	EXP 	Target: image = 'images/LoseProbe.bmp'
203.5831 	EXP 	Target: autoDraw = True
203.9207 	DATA 	Keypress: 1
204.0002 	EXP 	Target: autoDraw = False
204.0002 	EXP 	Target: autoDraw = False
204.0002 	EXP 	feedbackMsg: text = 'Correct Response!\n\nYou did not lose $0.20!'
204.0002 	EXP 	feedbackMsg: autoDraw = True
204.1546 	DATA 	Keypress: 5
204.9370 	DATA 	Keypress: 5
205.6188 	EXP 	New trial (rep=0, index=26): OrderedDict([('Condition', 'LgReward'), ('FixationDur', 2000)])
205.6668 	EXP 	feedbackMsg: autoDraw = False
205.6668 	EXP 	feedbackMsg: autoDraw = False
205.6668 	EXP 	cueImage: image = 'images/WinBig.bmp'
205.6668 	EXP 	cueImage: autoDraw = True
205.7016 	DATA 	Keypress: 5
206.4860 	DATA 	Keypress: 5
207.2697 	DATA 	Keypress: 5
207.6835 	EXP 	cueImage: autoDraw = False
207.6835 	EXP 	fixation: autoDraw = True
208.0366 	DATA 	Keypress: 5
208.8215 	DATA 	Keypress: 5
209.6052 	DATA 	Keypress: 5
209.7338 	EXP 	fixation: autoDraw = False
209.7338 	EXP 	fixation: autoDraw = False
209.7338 	EXP 	Target: image = 'images/WinProbe.bmp'
209.7338 	EXP 	Target: autoDraw = True
210.0856 	DATA 	Keypress: 1
210.2000 	EXP 	Target: autoDraw = False
210.2000 	EXP 	Target: autoDraw = False
210.2000 	EXP 	feedbackMsg: text = 'Correct Response!\n\nYou won $5.00!'
210.2000 	EXP 	feedbackMsg: autoDraw = True
210.3709 	DATA 	Keypress: 5
211.1537 	DATA 	Keypress: 5
211.7524 	EXP 	New trial (rep=0, index=27): OrderedDict([('Condition', 'LgReward'), ('FixationDur', 3000)])
211.7831 	EXP 	feedbackMsg: autoDraw = False
211.7831 	EXP 	feedbackMsg: autoDraw = False
211.7831 	EXP 	cueImage: image = 'images/WinBig.bmp'
211.7831 	EXP 	cueImage: autoDraw = True
211.9367 	DATA 	Keypress: 5
212.7033 	DATA 	Keypress: 5
213.4869 	DATA 	Keypress: 5
213.8166 	EXP 	cueImage: autoDraw = False
213.8166 	EXP 	fixation: autoDraw = True
214.2723 	DATA 	Keypress: 5
215.0375 	DATA 	Keypress: 5
215.8205 	DATA 	Keypress: 5
216.6053 	DATA 	Keypress: 5
216.8501 	EXP 	fixation: autoDraw = False
216.8501 	EXP 	fixation: autoDraw = False
216.8501 	EXP 	Target: image = 'images/WinProbe.bmp'
216.8501 	EXP 	Target: autoDraw = True
217.1698 	DATA 	Keypress: 1
217.3180 	EXP 	Target: autoDraw = False
217.3180 	EXP 	Target: autoDraw = False
217.3180 	EXP 	feedbackMsg: text = 'Correct Response!\n\nYou won $5.00!'
217.3180 	EXP 	feedbackMsg: autoDraw = True
217.3889 	DATA 	Keypress: 5
218.1542 	DATA 	Keypress: 5
218.8697 	EXP 	New trial (rep=0, index=28): OrderedDict([('Condition', 'Triangle'), ('FixationDur', 4000)])
218.8841 	EXP 	feedbackMsg: autoDraw = False
218.8841 	EXP 	feedbackMsg: autoDraw = False
218.8841 	EXP 	cueImage: image = 'images/Neutral.bmp'
218.8841 	EXP 	cueImage: autoDraw = True
218.9376 	DATA 	Keypress: 5
219.7213 	DATA 	Keypress: 5
220.4862 	DATA 	Keypress: 5
220.9177 	EXP 	cueImage: autoDraw = False
220.9177 	EXP 	cueImage: autoDraw = False
220.9177 	EXP 	fixation: autoDraw = True
221.2724 	DATA 	Keypress: 5
222.0560 	DATA 	Keypress: 5
222.8204 	DATA 	Keypress: 5
223.6033 	DATA 	Keypress: 5
224.3893 	DATA 	Keypress: 5
224.9516 	EXP 	fixation: autoDraw = False
224.9516 	EXP 	fixation: autoDraw = False
224.9516 	EXP 	Target: image = 'images/NeutralProbe.bmp'
224.9516 	EXP 	Target: autoDraw = True
225.1538 	DATA 	Keypress: 5
225.3058 	DATA 	Keypress: 1
225.4183 	EXP 	Target: autoDraw = False
225.4183 	EXP 	Target: autoDraw = False
225.4183 	EXP 	feedbackMsg: text = 'Correct Response!\n\nYou did not win or lose anything!'
225.4183 	EXP 	feedbackMsg: autoDraw = True
225.9386 	DATA 	Keypress: 5
226.7210 	DATA 	Keypress: 5
226.9867 	EXP 	New trial (rep=0, index=29): OrderedDict([('Condition', 'LgPun'), ('FixationDur', 1500)])
227.0018 	EXP 	feedbackMsg: autoDraw = False
227.0018 	EXP 	feedbackMsg: autoDraw = False
227.0018 	EXP 	cueImage: image = 'images/LoseBig.bmp'
227.0018 	EXP 	cueImage: autoDraw = True
227.4879 	DATA 	Keypress: 5
228.2708 	DATA 	Keypress: 5
229.0355 	EXP 	cueImage: autoDraw = False
229.0355 	EXP 	cueImage: autoDraw = False
229.0355 	EXP 	fixation: autoDraw = True
229.0554 	DATA 	Keypress: 5
229.8219 	DATA 	Keypress: 5
230.5676 	EXP 	fixation: autoDraw = False
230.5676 	EXP 	fixation: autoDraw = False
230.5676 	EXP 	Target: image = 'images/LoseProbe.bmp'
230.5676 	EXP 	Target: autoDraw = True
230.6054 	DATA 	Keypress: 5
230.9561 	DATA 	Keypress: 1
231.0348 	EXP 	Target: autoDraw = False
231.0348 	EXP 	Target: autoDraw = False
231.0348 	EXP 	feedbackMsg: text = 'Correct Response!\n\nYou did not lose $5.00!'
231.0348 	EXP 	feedbackMsg: autoDraw = True
231.3897 	DATA 	Keypress: 5
232.1551 	DATA 	Keypress: 5
232.6038 	EXP 	New trial (rep=0, index=30): OrderedDict([('Condition', 'SmallReward'), ('FixationDur', 1500)])
232.6353 	EXP 	feedbackMsg: autoDraw = False
232.6353 	EXP 	feedbackMsg: autoDraw = False
232.6353 	EXP 	cueImage: image = 'images/WinSmall.bmp'
232.6353 	EXP 	cueImage: autoDraw = True
232.9380 	DATA 	Keypress: 5
233.7217 	DATA 	Keypress: 5
234.4883 	DATA 	Keypress: 5
234.6689 	EXP 	cueImage: autoDraw = False
234.6689 	EXP 	fixation: autoDraw = True
235.2710 	DATA 	Keypress: 5
236.0566 	DATA 	Keypress: 5
236.2224 	EXP 	fixation: autoDraw = False
236.2224 	EXP 	fixation: autoDraw = False
236.2224 	EXP 	Target: image = 'images/WinProbe.bmp'
236.2224 	EXP 	Target: autoDraw = True
236.6668 	DATA 	Keypress: 1
236.6725 	EXP 	Target: autoDraw = False
236.6725 	EXP 	Target: autoDraw = False
236.6725 	EXP 	feedbackMsg: text = 'You pressed too slow!\n\nYou did not win $0.20!'
236.6725 	EXP 	feedbackMsg: autoDraw = True
236.8224 	DATA 	Keypress: 5
237.6046 	DATA 	Keypress: 5
238.2543 	EXP 	New trial (rep=0, index=31): OrderedDict([('Condition', 'LgReward'), ('FixationDur', 1500)])
238.2852 	EXP 	feedbackMsg: autoDraw = False
238.2852 	EXP 	feedbackMsg: autoDraw = False
238.2852 	EXP 	cueImage: image = 'images/WinBig.bmp'
238.2852 	EXP 	cueImage: autoDraw = True
238.3894 	DATA 	Keypress: 5
239.1731 	DATA 	Keypress: 5
239.9376 	DATA 	Keypress: 5
240.3194 	EXP 	cueImage: autoDraw = False
240.3194 	EXP 	fixation: autoDraw = True
240.7239 	DATA 	Keypress: 5
241.5074 	DATA 	Keypress: 5
241.8689 	EXP 	fixation: autoDraw = False
241.8689 	EXP 	fixation: autoDraw = False
241.8689 	EXP 	Target: image = 'images/WinProbe.bmp'
241.8689 	EXP 	Target: autoDraw = True
242.2054 	DATA 	Keypress: 1
242.3109 	DATA 	Keypress: 5
242.3195 	EXP 	Target: autoDraw = False
242.3195 	EXP 	Target: autoDraw = False
242.3195 	EXP 	feedbackMsg: text = 'Correct Response!\n\nYou won $5.00!'
242.3195 	EXP 	feedbackMsg: autoDraw = True
243.0562 	DATA 	Keypress: 5
243.8409 	DATA 	Keypress: 5
243.8882 	EXP 	New trial (rep=0, index=32): OrderedDict([('Condition', 'LgReward'), ('FixationDur', 4000)])
243.9194 	EXP 	feedbackMsg: autoDraw = False
243.9194 	EXP 	feedbackMsg: autoDraw = False
243.9194 	EXP 	cueImage: image = 'images/WinBig.bmp'
243.9194 	EXP 	cueImage: autoDraw = True
244.6044 	DATA 	Keypress: 5
245.3905 	DATA 	Keypress: 5
245.9533 	EXP 	cueImage: autoDraw = False
245.9533 	EXP 	fixation: autoDraw = True
246.1744 	DATA 	Keypress: 5
246.9394 	DATA 	Keypress: 5
247.7230 	DATA 	Keypress: 5
248.5082 	DATA 	Keypress: 5
249.2728 	DATA 	Keypress: 5
250.0031 	EXP 	fixation: autoDraw = False
250.0031 	EXP 	fixation: autoDraw = False
250.0031 	EXP 	Target: image = 'images/WinProbe.bmp'
250.0031 	EXP 	Target: autoDraw = True
250.0571 	DATA 	Keypress: 5
250.3060 	DATA 	Keypress: 1
250.4368 	EXP 	Target: autoDraw = False
250.4368 	EXP 	Target: autoDraw = False
250.4368 	EXP 	feedbackMsg: text = 'Correct Response!\n\nYou won $5.00!'
250.4368 	EXP 	feedbackMsg: autoDraw = True
250.8405 	DATA 	Keypress: 5
251.6074 	DATA 	Keypress: 5
252.0052 	EXP 	New trial (rep=0, index=33): OrderedDict([('Condition', 'SmallPun'), ('FixationDur', 3500)])
252.0199 	EXP 	feedbackMsg: autoDraw = False
252.0199 	EXP 	feedbackMsg: autoDraw = False
252.0199 	EXP 	cueImage: image = 'images/LoseSmall.bmp'
252.0199 	EXP 	cueImage: autoDraw = True
252.3886 	DATA 	Keypress: 5
253.1743 	DATA 	Keypress: 5
253.9394 	DATA 	Keypress: 5
254.0538 	EXP 	cueImage: autoDraw = False
254.0538 	EXP 	cueImage: autoDraw = False
254.0538 	EXP 	fixation: autoDraw = True
254.7234 	DATA 	Keypress: 5
255.5069 	DATA 	Keypress: 5
256.2733 	DATA 	Keypress: 5
257.0564 	DATA 	Keypress: 5
257.5867 	EXP 	fixation: autoDraw = False
257.5867 	EXP 	fixation: autoDraw = False
257.5867 	EXP 	Target: image = 'images/LoseProbe.bmp'
257.5867 	EXP 	Target: autoDraw = True
257.8416 	DATA 	Keypress: 5
257.9417 	DATA 	Keypress: 1
258.0038 	EXP 	Target: autoDraw = False
258.0038 	EXP 	Target: autoDraw = False
258.0038 	EXP 	feedbackMsg: text = 'Correct Response!\n\nYou did not lose $0.20!'
258.0038 	EXP 	feedbackMsg: autoDraw = True
258.6076 	DATA 	Keypress: 5
259.3905 	DATA 	Keypress: 5
259.6222 	EXP 	New trial (rep=0, index=34): OrderedDict([('Condition', 'Triangle'), ('FixationDur', 1500)])
259.6370 	EXP 	feedbackMsg: autoDraw = False
259.6370 	EXP 	feedbackMsg: autoDraw = False
259.6370 	EXP 	cueImage: image = 'images/Neutral.bmp'
259.6370 	EXP 	cueImage: autoDraw = True
260.1734 	DATA 	Keypress: 5
260.9580 	DATA 	Keypress: 5
261.6704 	EXP 	cueImage: autoDraw = False
261.6704 	EXP 	cueImage: autoDraw = False
261.6704 	EXP 	fixation: autoDraw = True
261.7233 	DATA 	Keypress: 5
262.5089 	DATA 	Keypress: 5
263.2034 	EXP 	fixation: autoDraw = False
263.2034 	EXP 	fixation: autoDraw = False
263.2034 	EXP 	Target: image = 'images/NeutralProbe.bmp'
263.2034 	EXP 	Target: autoDraw = True
263.2919 	DATA 	Keypress: 5
263.5564 	DATA 	Keypress: 1
263.6256 	EXP 	Target: autoDraw = False
263.6256 	EXP 	Target: autoDraw = False
263.6256 	EXP 	feedbackMsg: text = 'Correct Response!\n\nYou did not win or lose anything!'
263.6256 	EXP 	feedbackMsg: autoDraw = True
264.0575 	DATA 	Keypress: 5
264.8406 	DATA 	Keypress: 5
265.2394 	EXP 	New trial (rep=0, index=35): OrderedDict([('Condition', 'Triangle'), ('FixationDur', 2000)])
265.2541 	EXP 	feedbackMsg: autoDraw = False
265.2541 	EXP 	feedbackMsg: autoDraw = False
265.2541 	EXP 	cueImage: image = 'images/Neutral.bmp'
265.2541 	EXP 	cueImage: autoDraw = True
265.6249 	DATA 	Keypress: 5
266.3897 	DATA 	Keypress: 5
267.1740 	DATA 	Keypress: 5
267.2872 	EXP 	cueImage: autoDraw = False
267.2872 	EXP 	cueImage: autoDraw = False
267.2872 	EXP 	fixation: autoDraw = True
267.9586 	DATA 	Keypress: 5
268.7243 	DATA 	Keypress: 5
269.3205 	EXP 	fixation: autoDraw = False
269.3205 	EXP 	fixation: autoDraw = False
269.3205 	EXP 	Target: image = 'images/NeutralProbe.bmp'
269.3205 	EXP 	Target: autoDraw = True
269.5075 	DATA 	Keypress: 5
269.7324 	DATA 	Keypress: 1
269.7379 	EXP 	Target: autoDraw = False
269.7379 	EXP 	Target: autoDraw = False
269.7379 	EXP 	feedbackMsg: text = 'You pressed too slow!\n\nYou did not win or lose anything!'
269.7379 	EXP 	feedbackMsg: autoDraw = True
270.2913 	DATA 	Keypress: 5
271.0578 	DATA 	Keypress: 5
271.3398 	EXP 	New trial (rep=0, index=36): OrderedDict([('Condition', 'SmallPun'), ('FixationDur', 2000)])
271.3538 	EXP 	feedbackMsg: autoDraw = False
271.3538 	EXP 	feedbackMsg: autoDraw = False
271.3538 	EXP 	cueImage: image = 'images/LoseSmall.bmp'
271.3538 	EXP 	cueImage: autoDraw = True
271.8402 	DATA 	Keypress: 5
272.6250 	DATA 	Keypress: 5
273.3887 	EXP 	cueImage: autoDraw = False
273.3887 	EXP 	cueImage: autoDraw = False
273.3887 	EXP 	fixation: autoDraw = True
273.3920 	DATA 	Keypress: 5
274.1749 	DATA 	Keypress: 5
274.9585 	DATA 	Keypress: 5
275.4215 	EXP 	fixation: autoDraw = False
275.4215 	EXP 	fixation: autoDraw = False
275.4215 	EXP 	Target: image = 'images/LoseProbe.bmp'
275.4215 	EXP 	Target: autoDraw = True
275.7245 	DATA 	Keypress: 5
275.7264 	DATA 	Keypress: 1
275.8378 	EXP 	Target: autoDraw = False
275.8378 	EXP 	Target: autoDraw = False
275.8378 	EXP 	feedbackMsg: text = 'Correct Response!\n\nYou did not lose $0.20!'
275.8378 	EXP 	feedbackMsg: autoDraw = True
276.5070 	DATA 	Keypress: 5
277.2918 	DATA 	Keypress: 5
277.4572 	EXP 	New trial (rep=0, index=37): OrderedDict([('Condition', 'LgPun'), ('FixationDur', 1500)])
277.4713 	EXP 	feedbackMsg: autoDraw = False
277.4713 	EXP 	feedbackMsg: autoDraw = False
277.4713 	EXP 	cueImage: image = 'images/LoseBig.bmp'
277.4713 	EXP 	cueImage: autoDraw = True
278.0579 	DATA 	Keypress: 5
278.8408 	DATA 	Keypress: 5
279.4942 	EXP 	cueImage: autoDraw = False
279.4942 	EXP 	cueImage: autoDraw = False
279.4942 	EXP 	fixation: autoDraw = True
279.6262 	DATA 	Keypress: 5
280.3921 	DATA 	Keypress: 5
281.0383 	EXP 	fixation: autoDraw = False
281.0383 	EXP 	fixation: autoDraw = False
281.0383 	EXP 	Target: image = 'images/LoseProbe.bmp'
281.0383 	EXP 	Target: autoDraw = True
281.1741 	DATA 	Keypress: 5
281.3258 	DATA 	Keypress: 1
281.4554 	EXP 	Target: autoDraw = False
281.4554 	EXP 	Target: autoDraw = False
281.4554 	EXP 	feedbackMsg: text = 'Correct Response!\n\nYou did not lose $5.00!'
281.4554 	EXP 	feedbackMsg: autoDraw = True
281.9591 	DATA 	Keypress: 5
282.7261 	DATA 	Keypress: 5
283.0571 	EXP 	New trial (rep=0, index=38): OrderedDict([('Condition', 'LgPun'), ('FixationDur', 3500)])
283.0721 	EXP 	feedbackMsg: autoDraw = False
283.0721 	EXP 	feedbackMsg: autoDraw = False
283.0721 	EXP 	cueImage: image = 'images/LoseBig.bmp'
283.0721 	EXP 	cueImage: autoDraw = True
283.5076 	DATA 	Keypress: 5
284.2914 	DATA 	Keypress: 5
285.0930 	DATA 	Keypress: 5
285.1053 	EXP 	cueImage: autoDraw = False
285.1053 	EXP 	cueImage: autoDraw = False
285.1053 	EXP 	fixation: autoDraw = True
285.8409 	DATA 	Keypress: 5
286.6268 	DATA 	Keypress: 5
287.4103 	DATA 	Keypress: 5
288.1742 	DATA 	Keypress: 5
288.6389 	EXP 	fixation: autoDraw = False
288.6389 	EXP 	fixation: autoDraw = False
288.6389 	EXP 	Target: image = 'images/LoseProbe.bmp'
288.6389 	EXP 	Target: autoDraw = True
288.9598 	DATA 	Keypress: 5
289.0165 	DATA 	Keypress: 1
289.0221 	EXP 	Target: autoDraw = False
289.0221 	EXP 	Target: autoDraw = False
289.0221 	EXP 	feedbackMsg: text = 'You pressed too slow!\n\nYou lost $5.00!'
289.0221 	EXP 	feedbackMsg: autoDraw = True
289.7424 	DATA 	Keypress: 5
290.5092 	DATA 	Keypress: 5
290.6578 	EXP 	New trial (rep=0, index=39): OrderedDict([('Condition', 'SmallPun'), ('FixationDur', 3000)])
290.6726 	EXP 	feedbackMsg: autoDraw = False
290.6726 	EXP 	feedbackMsg: autoDraw = False
290.6726 	EXP 	cueImage: image = 'images/LoseSmall.bmp'
290.6726 	EXP 	cueImage: autoDraw = True
291.2911 	DATA 	Keypress: 5
292.0764 	DATA 	Keypress: 5
292.6956 	EXP 	cueImage: autoDraw = False
292.6956 	EXP 	cueImage: autoDraw = False
292.6956 	EXP 	fixation: autoDraw = True
292.8423 	DATA 	Keypress: 5
293.6259 	DATA 	Keypress: 5
294.4108 	DATA 	Keypress: 5
295.1756 	DATA 	Keypress: 5
295.7398 	EXP 	fixation: autoDraw = False
295.7398 	EXP 	fixation: autoDraw = False
295.7398 	EXP 	Target: image = 'images/LoseProbe.bmp'
295.7398 	EXP 	Target: autoDraw = True
295.9593 	DATA 	Keypress: 5
296.0603 	DATA 	Keypress: 1
296.1230 	EXP 	Target: autoDraw = False
296.1230 	EXP 	Target: autoDraw = False
296.1230 	EXP 	feedbackMsg: text = 'Correct Response!\n\nYou did not lose $0.20!'
296.1230 	EXP 	feedbackMsg: autoDraw = True
296.7439 	DATA 	Keypress: 5
297.5099 	DATA 	Keypress: 5
297.7581 	EXP 	New trial (rep=0, index=40): OrderedDict([('Condition', 'LgReward'), ('FixationDur', 2000)])
297.7886 	EXP 	feedbackMsg: autoDraw = False
297.7886 	EXP 	feedbackMsg: autoDraw = False
297.7886 	EXP 	cueImage: image = 'images/WinBig.bmp'
297.7886 	EXP 	cueImage: autoDraw = True
298.2921 	DATA 	Keypress: 5
299.0766 	DATA 	Keypress: 5
299.8137 	EXP 	cueImage: autoDraw = False
299.8137 	EXP 	fixation: autoDraw = True
299.8432 	DATA 	Keypress: 5
300.6268 	DATA 	Keypress: 5
301.4111 	DATA 	Keypress: 5
301.8732 	EXP 	fixation: autoDraw = False
301.8732 	EXP 	fixation: autoDraw = False
301.8732 	EXP 	Target: image = 'images/WinProbe.bmp'
301.8732 	EXP 	Target: autoDraw = True
302.1767 	DATA 	Keypress: 5
302.2540 	DATA 	Keypress: 1
302.2643 	EXP 	Target: autoDraw = False
302.2643 	EXP 	Target: autoDraw = False
302.2643 	EXP 	feedbackMsg: text = 'You pressed too slow!\n\nYou did not win $5.00!'
302.2643 	EXP 	feedbackMsg: autoDraw = True
302.9593 	DATA 	Keypress: 5
303.7442 	DATA 	Keypress: 5
303.8923 	EXP 	New trial (rep=0, index=41): OrderedDict([('Condition', 'SmallPun'), ('FixationDur', 1500)])
303.9063 	EXP 	feedbackMsg: autoDraw = False
303.9063 	EXP 	feedbackMsg: autoDraw = False
303.9063 	EXP 	cueImage: image = 'images/LoseSmall.bmp'
303.9063 	EXP 	cueImage: autoDraw = True
304.5273 	DATA 	Keypress: 5
305.2921 	DATA 	Keypress: 5
305.9306 	EXP 	cueImage: autoDraw = False
305.9306 	EXP 	cueImage: autoDraw = False
305.9306 	EXP 	fixation: autoDraw = True
306.0780 	DATA 	Keypress: 5
306.8613 	DATA 	Keypress: 5
307.4726 	EXP 	fixation: autoDraw = False
307.4726 	EXP 	fixation: autoDraw = False
307.4726 	EXP 	Target: image = 'images/LoseProbe.bmp'
307.4726 	EXP 	Target: autoDraw = True
307.6254 	DATA 	Keypress: 5
307.7611 	DATA 	Keypress: 1
307.8399 	EXP 	Target: autoDraw = False
307.8399 	EXP 	Target: autoDraw = False
307.8399 	EXP 	feedbackMsg: text = 'Correct Response!\n\nYou did not lose $0.20!'
307.8399 	EXP 	feedbackMsg: autoDraw = True
308.4089 	DATA 	Keypress: 5
309.1947 	DATA 	Keypress: 5
309.5089 	EXP 	New trial (rep=0, index=42): OrderedDict([('Condition', 'SmallReward'), ('FixationDur', 1500)])
309.5329 	EXP 	feedbackMsg: autoDraw = False
309.5329 	EXP 	feedbackMsg: autoDraw = False
309.5329 	EXP 	cueImage: image = 'images/WinSmall.bmp'
309.5329 	EXP 	cueImage: autoDraw = True
309.9588 	DATA 	Keypress: 5
310.7442 	DATA 	Keypress: 5
311.5612 	DATA 	Keypress: 5
311.5737 	EXP 	cueImage: autoDraw = False
311.5737 	EXP 	fixation: autoDraw = True
312.2934 	DATA 	Keypress: 5
313.1100 	DATA 	Keypress: 5
313.1160 	EXP 	fixation: autoDraw = False
313.1160 	EXP 	fixation: autoDraw = False
313.1160 	EXP 	Target: image = 'images/WinProbe.bmp'
313.1160 	EXP 	Target: autoDraw = True
313.4903 	EXP 	Target: autoDraw = False
313.4903 	EXP 	Target: autoDraw = False
313.4903 	EXP 	feedbackMsg: text = 'You pressed too slow!\n\nYou did not win $0.20!'
313.4903 	EXP 	feedbackMsg: autoDraw = True
313.5788 	DATA 	Keypress: 1
313.8617 	DATA 	Keypress: 5
314.6269 	DATA 	Keypress: 5
315.1593 	EXP 	New trial (rep=0, index=43): OrderedDict([('Condition', 'SmallReward'), ('FixationDur', 1500)])
315.1831 	EXP 	feedbackMsg: autoDraw = False
315.1831 	EXP 	feedbackMsg: autoDraw = False
315.1831 	EXP 	cueImage: image = 'images/WinSmall.bmp'
315.1831 	EXP 	cueImage: autoDraw = True
315.4093 	DATA 	Keypress: 5
316.1938 	DATA 	Keypress: 5
316.9601 	DATA 	Keypress: 5
317.2166 	EXP 	cueImage: autoDraw = False
317.2166 	EXP 	fixation: autoDraw = True
317.7436 	DATA 	Keypress: 5
318.5287 	DATA 	Keypress: 5
318.7742 	EXP 	fixation: autoDraw = False
318.7742 	EXP 	fixation: autoDraw = False
318.7742 	EXP 	Target: image = 'images/WinProbe.bmp'
318.7742 	EXP 	Target: autoDraw = True
319.1283 	DATA 	Keypress: 1
319.1326 	EXP 	Target: autoDraw = False
319.1326 	EXP 	Target: autoDraw = False
319.1326 	EXP 	feedbackMsg: text = 'You pressed too slow!\n\nYou did not win $0.20!'
319.1326 	EXP 	feedbackMsg: autoDraw = True
319.2943 	DATA 	Keypress: 5
320.0777 	DATA 	Keypress: 5
320.7928 	EXP 	New trial (rep=0, index=44): OrderedDict([('Condition', 'LgReward'), ('FixationDur', 1500)])
320.8236 	EXP 	feedbackMsg: autoDraw = False
320.8236 	EXP 	feedbackMsg: autoDraw = False
320.8236 	EXP 	cueImage: image = 'images/WinBig.bmp'
320.8236 	EXP 	cueImage: autoDraw = True
320.8609 	DATA 	Keypress: 5
321.6451 	DATA 	Keypress: 5
322.4098 	DATA 	Keypress: 5
322.8507 	EXP 	cueImage: autoDraw = False
322.8507 	EXP 	fixation: autoDraw = True
323.1958 	DATA 	Keypress: 5
323.9795 	DATA 	Keypress: 5
324.4006 	EXP 	fixation: autoDraw = False
324.4006 	EXP 	fixation: autoDraw = False
324.4006 	EXP 	Target: image = 'images/WinProbe.bmp'
324.4006 	EXP 	Target: autoDraw = True
324.6942 	DATA 	Keypress: 1
324.7441 	DATA 	Keypress: 5
324.8079 	EXP 	Target: autoDraw = False
324.8079 	EXP 	Target: autoDraw = False
324.8079 	EXP 	feedbackMsg: text = 'Correct Response!\n\nYou won $5.00!'
324.8079 	EXP 	feedbackMsg: autoDraw = True
325.5267 	DATA 	Keypress: 5
326.3124 	DATA 	Keypress: 5
326.4268 	EXP 	New trial (rep=0, index=45): OrderedDict([('Condition', 'Triangle'), ('FixationDur', 1500)])
326.4409 	EXP 	feedbackMsg: autoDraw = False
326.4409 	EXP 	feedbackMsg: autoDraw = False
326.4409 	EXP 	cueImage: image = 'images/Neutral.bmp'
326.4409 	EXP 	cueImage: autoDraw = True
327.0764 	DATA 	Keypress: 5
327.8621 	DATA 	Keypress: 5
328.4676 	EXP 	cueImage: autoDraw = False
328.4676 	EXP 	cueImage: autoDraw = False
328.4676 	EXP 	fixation: autoDraw = True
328.6458 	DATA 	Keypress: 5
329.4105 	DATA 	Keypress: 5
330.0080 	EXP 	fixation: autoDraw = False
330.0080 	EXP 	fixation: autoDraw = False
330.0080 	EXP 	Target: image = 'images/NeutralProbe.bmp'
330.0080 	EXP 	Target: autoDraw = True
330.1955 	DATA 	Keypress: 5
330.4058 	DATA 	Keypress: 1
330.4176 	EXP 	Target: autoDraw = False
330.4176 	EXP 	Target: autoDraw = False
330.4176 	EXP 	feedbackMsg: text = 'You pressed too slow!\n\nYou did not win or lose anything!'
330.4176 	EXP 	feedbackMsg: autoDraw = True
330.9796 	DATA 	Keypress: 5
331.7441 	DATA 	Keypress: 5
332.0273 	EXP 	New trial (rep=0, index=46): OrderedDict([('Condition', 'SmallPun'), ('FixationDur', 1500)])
332.0417 	EXP 	feedbackMsg: autoDraw = False
332.0417 	EXP 	feedbackMsg: autoDraw = False
332.0417 	EXP 	cueImage: image = 'images/LoseSmall.bmp'
332.0417 	EXP 	cueImage: autoDraw = True
332.5291 	DATA 	Keypress: 5
333.3113 	DATA 	Keypress: 5
334.0684 	EXP 	cueImage: autoDraw = False
334.0684 	EXP 	cueImage: autoDraw = False
334.0684 	EXP 	fixation: autoDraw = True
334.0780 	DATA 	Keypress: 5
334.8603 	DATA 	Keypress: 5
335.6010 	EXP 	fixation: autoDraw = False
335.6010 	EXP 	fixation: autoDraw = False
335.6010 	EXP 	Target: image = 'images/LoseProbe.bmp'
335.6010 	EXP 	Target: autoDraw = True
335.6442 	DATA 	Keypress: 5
335.8438 	DATA 	Keypress: 1
336.0086 	EXP 	Target: autoDraw = False
336.0086 	EXP 	Target: autoDraw = False
336.0086 	EXP 	feedbackMsg: text = 'Correct Response!\n\nYou did not lose $0.20!'
336.0086 	EXP 	feedbackMsg: autoDraw = True
336.4120 	DATA 	Keypress: 5
337.1967 	DATA 	Keypress: 5
337.6273 	EXP 	New trial (rep=0, index=47): OrderedDict([('Condition', 'SmallPun'), ('FixationDur', 2500)])
337.6427 	EXP 	feedbackMsg: autoDraw = False
337.6427 	EXP 	feedbackMsg: autoDraw = False
337.6427 	EXP 	cueImage: image = 'images/LoseSmall.bmp'
337.6427 	EXP 	cueImage: autoDraw = True
337.9790 	DATA 	Keypress: 5
338.7452 	DATA 	Keypress: 5
339.5282 	DATA 	Keypress: 5
339.6688 	EXP 	cueImage: autoDraw = False
339.6688 	EXP 	cueImage: autoDraw = False
339.6688 	EXP 	fixation: autoDraw = True
340.3134 	DATA 	Keypress: 5
341.0795 	DATA 	Keypress: 5
341.8626 	DATA 	Keypress: 5
342.2038 	EXP 	fixation: autoDraw = False
342.2038 	EXP 	fixation: autoDraw = False
342.2038 	EXP 	Target: image = 'images/LoseProbe.bmp'
342.2038 	EXP 	Target: autoDraw = True
342.5457 	DATA 	Keypress: 1
342.6023 	EXP 	Target: autoDraw = False
342.6023 	EXP 	Target: autoDraw = False
342.6023 	EXP 	feedbackMsg: text = 'Correct Response!\n\nYou did not lose $0.20!'
342.6023 	EXP 	feedbackMsg: autoDraw = True
342.6474 	DATA 	Keypress: 5
343.4127 	DATA 	Keypress: 5
344.1952 	DATA 	Keypress: 5
344.2276 	EXP 	New trial (rep=0, index=48): OrderedDict([('Condition', 'Triangle'), ('FixationDur', 3000)])
344.2429 	EXP 	feedbackMsg: autoDraw = False
344.2429 	EXP 	feedbackMsg: autoDraw = False
344.2429 	EXP 	cueImage: image = 'images/Neutral.bmp'
344.2429 	EXP 	cueImage: autoDraw = True
344.9792 	DATA 	Keypress: 5
345.7604 	DATA 	Keypress: 5
346.2694 	EXP 	cueImage: autoDraw = False
346.2694 	EXP 	cueImage: autoDraw = False
346.2694 	EXP 	fixation: autoDraw = True
346.5294 	DATA 	Keypress: 5
346.9302 	DATA 	Keypress: 1
347.3144 	DATA 	Keypress: 5
348.0973 	DATA 	Keypress: 5
348.8619 	DATA 	Keypress: 5
349.3035 	EXP 	fixation: autoDraw = False
349.3035 	EXP 	fixation: autoDraw = False
349.3035 	EXP 	Target: image = 'images/NeutralProbe.bmp'
349.3035 	EXP 	Target: autoDraw = True
349.6903 	DATA 	Keypress: 5
349.7035 	EXP 	Target: autoDraw = False
349.7035 	EXP 	Target: autoDraw = False
349.7035 	EXP 	feedbackMsg: text = 'You pressed too soon!\n\nYou did not win or lose anything!'
349.7035 	EXP 	feedbackMsg: autoDraw = True
349.7642 	DATA 	Keypress: 1
350.4309 	DATA 	Keypress: 5
351.1950 	DATA 	Keypress: 5
351.3275 	EXP 	New trial (rep=0, index=49): OrderedDict([('Condition', 'SmallReward'), ('FixationDur', 2000)])
351.3544 	EXP 	feedbackMsg: autoDraw = False
351.3544 	EXP 	feedbackMsg: autoDraw = False
351.3544 	EXP 	cueImage: image = 'images/WinSmall.bmp'
351.3544 	EXP 	cueImage: autoDraw = True
351.9803 	DATA 	Keypress: 5
352.7629 	DATA 	Keypress: 5
353.3872 	EXP 	cueImage: autoDraw = False
353.3872 	EXP 	fixation: autoDraw = True
353.5293 	DATA 	Keypress: 5
354.3137 	DATA 	Keypress: 5
355.0978 	DATA 	Keypress: 5
355.4373 	EXP 	fixation: autoDraw = False
355.4373 	EXP 	fixation: autoDraw = False
355.4373 	EXP 	Target: image = 'images/WinProbe.bmp'
355.4373 	EXP 	Target: autoDraw = True
355.8209 	DATA 	Keypress: 1
355.8265 	EXP 	Target: autoDraw = False
355.8265 	EXP 	Target: autoDraw = False
355.8265 	EXP 	feedbackMsg: text = 'You pressed too slow!\n\nYou did not win $0.20!'
355.8265 	EXP 	feedbackMsg: autoDraw = True
355.8633 	DATA 	Keypress: 5
356.6476 	DATA 	Keypress: 5
357.4310 	DATA 	Keypress: 5
357.4772 	EXP 	feedbackMsg: autoDraw = False
357.4772 	EXP 	feedbackMsg: autoDraw = False
357.4772 	EXP 	polygon: autoDraw = True
358.1973 	DATA 	Keypress: 5
358.9798 	DATA 	Keypress: 5
359.7642 	DATA 	Keypress: 5
360.5298 	DATA 	Keypress: 5
362.4891 	EXP 	polygon: autoDraw = False
362.4891 	EXP 	polygon: autoDraw = False
362.4891 	EXP 	text: text = 'All done!\n\nYou earned a total of: $15.20!'
362.4891 	EXP 	text: autoDraw = True
365.5228 	EXP 	text: autoDraw = False
365.5228 	EXP 	text: autoDraw = False
365.5228 	EXP 	polygon2: autoDraw = True
369.0643 	DATA 	Keypress: escape
369.4133 	EXP 	window1: mouseVisible = True
