10.5290 	EXP 	Created window1 = Window(allowGUI=False, allowStencil=False, args=UNKNOWN, autoLog=True, bitsMode=UNKNOWN, blendMode='avg', color=array([0., 0., 0.]), colorSpace='rgb', fullscr=<method-wrapper '__getattribute__' of attributeSetter object at 0x1350bbba8>, gamma=None, kwargs=UNKNOWN, lms=UNKNOWN, monitor=<psychopy.monitors.calibTools.Monitor object at 0x1350f0358>, multiSample=False, name='window1', numSamples=2, pos=[0.0, 0.0], screen=0, size=array([1920, 1080]), stereo=False, units='height', useFBO=True, useRetina=False, viewOri=0.0, viewPos=None, viewScale=None, waitBlanking=True, winType='pyglet')
10.5291 	EXP 	window1: recordFrameIntervals = False
10.6949 	EXP 	window1: recordFrameIntervals = True
10.8785 	EXP 	window1: recordFrameIntervals = False
10.8786 	EXP 	window1: recordFrameIntervals = False
11.0448 	EXP 	window1: recordFrameIntervals = True
11.2285 	EXP 	window1: recordFrameIntervals = False
11.6840 	EXP 	Created preinstruct_text = TextStim(__class__=<class 'psychopy.visual.text.TextStim'>, alignHoriz='center', alignVert='center', antialias=True, autoLog=True, bold=False, color='white', colorSpace='named', contrast=1.0, depth=0.0, flipHoriz=False, flipVert=False, font='Arial', fontFiles=[], height=0.05, italic=False, languageStyle='LTR', name='preinstruct_text', opacity=1.0, ori=0, pos=array([0., 0.]), rgb=array([255., 255., 255.]), text='Money Task - Scanner 1', units='height', win=Window(...), wrapWidth=1)
11.7287 	EXP 	Created instructFig = ImageStim(__class__=<class 'psychopy.visual.image.ImageStim'>, autoLog=True, color=array([1., 1., 1.]), colorSpace='rgb', contrast=1.0, depth=0.0, flipHoriz=False, flipVert=False, image='images/MID_instructions.bmp', interpolate=True, mask=None, maskParams=None, name='instructFig', opacity=1.0, ori=0.0, pos=array([0., 0.]), size=array([1.3, 1. ]), texRes=128, units='height', win=Window(...))
11.7303 	EXP 	Created PrepFixation = ShapeStim(__class__=<class 'psychopy.visual.shape.ShapeStim'>, autoDraw=False, autoLog=True, closeShape=True, contrast=1.0, depth=0.0, fillColor=array([1., 1., 1.]), fillColorSpace='rgb', interpolate=True, lineColor=array([1., 1., 1.]), lineColorSpace='rgb', lineWidth=1, name='PrepFixation', opacity=1.0, ori=array(0.), pos=array([0., 0.]), size=array([0.05, 0.05]), units='height', vertices=ndarray(...), win=Window(...), windingRule=None)
11.7320 	EXP 	Created cueImage = ImageStim(__class__=<class 'psychopy.visual.image.ImageStim'>, autoLog=True, color=array([1., 1., 1.]), colorSpace='rgb', contrast=1.0, depth=0.0, flipHoriz=False, flipVert=False, image='sin', interpolate=True, mask=None, maskParams=None, name='cueImage', opacity=1.0, ori=0.0, pos=array([0., 0.]), size=array([1.3, 1. ]), texRes=128, units='height', win=Window(...))
11.7334 	EXP 	Created fixation = ShapeStim(__class__=<class 'psychopy.visual.shape.ShapeStim'>, autoDraw=False, autoLog=True, closeShape=True, contrast=1.0, depth=-1.0, fillColor=array([1., 1., 1.]), fillColorSpace='rgb', interpolate=True, lineColor=array([1., 1., 1.]), lineColorSpace='rgb', lineWidth=1, name='fixation', opacity=1.0, ori=array(0.), pos=array([0., 0.]), size=array([0.05, 0.05]), units='height', vertices=ndarray(...), win=Window(...), windingRule=None)
11.7350 	EXP 	Created Target = ImageStim(__class__=<class 'psychopy.visual.image.ImageStim'>, autoLog=True, color=array([1., 1., 1.]), colorSpace='rgb', contrast=1.0, depth=-1.0, flipHoriz=False, flipVert=False, image='sin', interpolate=True, mask=None, maskParams=None, name='Target', opacity=1.0, ori=0.0, pos=array([0., 0.]), size=array([1.3, 1. ]), texRes=128, units='height', win=Window(...))
11.7443 	EXP 	Created feedbackMsg = TextStim(__class__=<class 'psychopy.visual.text.TextStim'>, alignHoriz='center', alignVert='center', antialias=True, autoLog=True, bold=False, color='white', colorSpace='named', contrast=1.0, depth=-2.0, flipHoriz=False, flipVert=False, font='Arial', fontFiles=[], height=0.05, italic=False, languageStyle='LTR', name='feedbackMsg', opacity=1.0, ori=0, pos=array([0., 0.]), rgb=array([255., 255., 255.]), text='default text', units='height', win=Window(...), wrapWidth=2)
11.7459 	EXP 	Created polygon = ShapeStim(__class__=<class 'psychopy.visual.shape.ShapeStim'>, autoDraw=False, autoLog=True, closeShape=True, contrast=1.0, depth=0.0, fillColor=array([1., 1., 1.]), fillColorSpace='rgb', interpolate=True, lineColor=array([1., 1., 1.]), lineColorSpace='rgb', lineWidth=1, name='polygon', opacity=1.0, ori=array(0.), pos=array([0., 0.]), size=array([0.05, 0.05]), units='height', vertices=ndarray(...), win=Window(...), windingRule=None)
11.7538 	EXP 	Created text = TextStim(__class__=<class 'psychopy.visual.text.TextStim'>, alignHoriz='center', alignVert='center', antialias=True, autoLog=True, bold=False, color='white', colorSpace='named', contrast=1.0, depth=-1.0, flipHoriz=False, flipVert=False, font='Arial', fontFiles=[], height=0.07, italic=False, languageStyle='LTR', name='text', opacity=1.0, ori=0, pos=array([0., 0.]), rgb=array([255., 255., 255.]), text='default text', units='height', win=Window(...), wrapWidth=1)
11.7553 	EXP 	Created polygon2 = ShapeStim(__class__=<class 'psychopy.visual.shape.ShapeStim'>, autoDraw=False, autoLog=True, closeShape=True, contrast=1.0, depth=0.0, fillColor=array([1., 1., 1.]), fillColorSpace='rgb', interpolate=True, lineColor=array([1., 1., 1.]), lineColorSpace='rgb', lineWidth=1, name='polygon2', opacity=1.0, ori=array(0.), pos=array([0., 0.]), size=array([0.05, 0.05]), units='height', vertices=ndarray(...), win=Window(...), windingRule=None)
11.7722 	EXP 	preinstruct_text: autoDraw = True
13.8051 	EXP 	preinstruct_text: autoDraw = False
13.8051 	EXP 	instructFig: autoDraw = True
32.0126 	DATA 	Keypress: 5
32.0248 	EXP 	instructFig: autoDraw = False
32.0248 	EXP 	PrepFixation: autoDraw = True
32.7659 	DATA 	Keypress: 5
33.5499 	DATA 	Keypress: 5
34.0074 	EXP 	Imported TimeVersion7.csv as conditions, 50 conditions, 2 params
34.0078 	EXP 	Created sequence: sequential, trialTypes=50, nReps=1, seed=None
34.0081 	EXP 	New trial (rep=0, index=0): OrderedDict([('Condition', 'LgReward'), ('FixationDur', 1500)])
34.0430 	EXP 	PrepFixation: autoDraw = False
34.0430 	EXP 	PrepFixation: autoDraw = False
34.0430 	EXP 	cueImage: image = 'images/WinBig.bmp'
34.0430 	EXP 	cueImage: autoDraw = True
34.3337 	DATA 	Keypress: 5
35.0990 	DATA 	Keypress: 5
35.8819 	DATA 	Keypress: 5
36.0579 	EXP 	cueImage: autoDraw = False
36.0579 	EXP 	fixation: autoDraw = True
36.6676 	DATA 	Keypress: 5
37.4332 	DATA 	Keypress: 5
37.6133 	EXP 	fixation: autoDraw = False
37.6133 	EXP 	fixation: autoDraw = False
37.6133 	EXP 	Target: image = 'images/WinProbe.bmp'
37.6133 	EXP 	Target: autoDraw = True
37.9166 	DATA 	Keypress: 1
37.9840 	DATA 	Keypress: 4
38.1422 	EXP 	Target: autoDraw = False
38.1422 	EXP 	Target: autoDraw = False
38.1422 	EXP 	feedbackMsg: text = 'Correct Response!\n\nYou won $5.00!'
38.1422 	EXP 	feedbackMsg: autoDraw = True
38.2162 	DATA 	Keypress: 5
38.3346 	DATA 	Keypress: 1
38.9988 	DATA 	Keypress: 5
39.6488 	EXP 	New trial (rep=0, index=1): OrderedDict([('Condition', 'LgReward'), ('FixationDur', 4000)])
39.6794 	EXP 	feedbackMsg: autoDraw = False
39.6794 	EXP 	feedbackMsg: autoDraw = False
39.6794 	EXP 	cueImage: image = 'images/WinBig.bmp'
39.6794 	EXP 	cueImage: autoDraw = True
39.7841 	DATA 	Keypress: 5
40.5498 	DATA 	Keypress: 5
41.3330 	DATA 	Keypress: 5
41.7100 	EXP 	cueImage: autoDraw = False
41.7100 	EXP 	fixation: autoDraw = True
42.1134 	DATA 	Keypress: 5
42.8791 	DATA 	Keypress: 5
43.6625 	DATA 	Keypress: 5
44.4473 	DATA 	Keypress: 5
45.2130 	DATA 	Keypress: 5
45.7595 	EXP 	fixation: autoDraw = False
45.7595 	EXP 	fixation: autoDraw = False
45.7595 	EXP 	Target: image = 'images/WinProbe.bmp'
45.7595 	EXP 	Target: autoDraw = True
45.9964 	DATA 	Keypress: 5
46.0807 	DATA 	Keypress: 1
46.2771 	EXP 	Target: autoDraw = False
46.2771 	EXP 	Target: autoDraw = False
46.2771 	EXP 	feedbackMsg: text = 'Correct Response!\n\nYou won $5.00!'
46.2771 	EXP 	feedbackMsg: autoDraw = True
46.4808 	DATA 	Keypress: 1
46.7809 	DATA 	Keypress: 5
47.5467 	DATA 	Keypress: 5
47.7784 	EXP 	New trial (rep=0, index=2): OrderedDict([('Condition', 'SmallReward'), ('FixationDur', 2500)])
47.8094 	EXP 	feedbackMsg: autoDraw = False
47.8094 	EXP 	feedbackMsg: autoDraw = False
47.8094 	EXP 	cueImage: image = 'images/WinSmall.bmp'
47.8094 	EXP 	cueImage: autoDraw = True
48.3342 	DATA 	Keypress: 5
49.1158 	DATA 	Keypress: 5
49.8272 	EXP 	cueImage: autoDraw = False
49.8272 	EXP 	fixation: autoDraw = True
49.8803 	DATA 	Keypress: 5
50.6633 	DATA 	Keypress: 5
51.4480 	DATA 	Keypress: 5
52.2316 	DATA 	Keypress: 5
52.3774 	EXP 	fixation: autoDraw = False
52.3774 	EXP 	fixation: autoDraw = False
52.3774 	EXP 	Target: image = 'images/WinProbe.bmp'
52.3774 	EXP 	Target: autoDraw = True
52.6968 	DATA 	Keypress: 1
52.8949 	EXP 	Target: autoDraw = False
52.8949 	EXP 	Target: autoDraw = False
52.8949 	EXP 	feedbackMsg: text = 'Correct Response!\n\nYou won $0.20!'
52.8949 	EXP 	feedbackMsg: autoDraw = True
52.9965 	DATA 	Keypress: 5
53.7821 	DATA 	Keypress: 5
54.3954 	EXP 	New trial (rep=0, index=3): OrderedDict([('Condition', 'SmallReward'), ('FixationDur', 4000)])
54.4276 	EXP 	feedbackMsg: autoDraw = False
54.4276 	EXP 	feedbackMsg: autoDraw = False
54.4276 	EXP 	cueImage: image = 'images/WinSmall.bmp'
54.4276 	EXP 	cueImage: autoDraw = True
54.5646 	DATA 	Keypress: 5
55.3305 	DATA 	Keypress: 5
56.1181 	DATA 	Keypress: 5
56.4451 	EXP 	cueImage: autoDraw = False
56.4451 	EXP 	fixation: autoDraw = True
56.8987 	DATA 	Keypress: 5
57.6639 	DATA 	Keypress: 5
58.4489 	DATA 	Keypress: 5
59.2307 	DATA 	Keypress: 5
59.9980 	DATA 	Keypress: 5
60.4951 	EXP 	fixation: autoDraw = False
60.4951 	EXP 	fixation: autoDraw = False
60.4951 	EXP 	Target: image = 'images/WinProbe.bmp'
60.4951 	EXP 	Target: autoDraw = True
60.7648 	DATA 	Keypress: 1
60.7819 	DATA 	Keypress: 5
60.9615 	EXP 	Target: autoDraw = False
60.9615 	EXP 	Target: autoDraw = False
60.9615 	EXP 	feedbackMsg: text = 'Correct Response!\n\nYou won $0.20!'
60.9615 	EXP 	feedbackMsg: autoDraw = True
61.5517 	DATA 	Keypress: 5
62.3340 	DATA 	Keypress: 5
62.5164 	EXP 	New trial (rep=0, index=4): OrderedDict([('Condition', 'LgReward'), ('FixationDur', 2000)])
62.5453 	EXP 	feedbackMsg: autoDraw = False
62.5453 	EXP 	feedbackMsg: autoDraw = False
62.5453 	EXP 	cueImage: image = 'images/WinBig.bmp'
62.5453 	EXP 	cueImage: autoDraw = True
63.1170 	DATA 	Keypress: 5
63.9020 	DATA 	Keypress: 5
64.5788 	EXP 	cueImage: autoDraw = False
64.5788 	EXP 	fixation: autoDraw = True
64.6688 	DATA 	Keypress: 5
65.4524 	DATA 	Keypress: 5
66.2362 	DATA 	Keypress: 5
66.6292 	EXP 	fixation: autoDraw = False
66.6292 	EXP 	fixation: autoDraw = False
66.6292 	EXP 	Target: image = 'images/WinProbe.bmp'
66.6292 	EXP 	Target: autoDraw = True
66.9984 	DATA 	Keypress: 5
67.1122 	EXP 	Target: autoDraw = False
67.1122 	EXP 	Target: autoDraw = False
67.1122 	EXP 	feedbackMsg: text = 'You pressed too slow!\n\nYou did not win $5.00!'
67.1122 	EXP 	feedbackMsg: autoDraw = True
67.7847 	DATA 	Keypress: 5
68.5694 	DATA 	Keypress: 5
68.6668 	EXP 	New trial (rep=0, index=5): OrderedDict([('Condition', 'Triangle'), ('FixationDur', 3000)])
68.6816 	EXP 	feedbackMsg: autoDraw = False
68.6816 	EXP 	feedbackMsg: autoDraw = False
68.6816 	EXP 	cueImage: image = 'images/Neutral.bmp'
68.6816 	EXP 	cueImage: autoDraw = True
69.3332 	DATA 	Keypress: 5
70.1194 	DATA 	Keypress: 5
70.7134 	EXP 	cueImage: autoDraw = False
70.7134 	EXP 	cueImage: autoDraw = False
70.7134 	EXP 	fixation: autoDraw = True
70.9028 	DATA 	Keypress: 5
71.6685 	DATA 	Keypress: 5
72.4515 	DATA 	Keypress: 5
73.2365 	DATA 	Keypress: 5
73.7463 	EXP 	fixation: autoDraw = False
73.7463 	EXP 	fixation: autoDraw = False
73.7463 	EXP 	Target: image = 'images/NeutralProbe.bmp'
73.7463 	EXP 	Target: autoDraw = True
74.0015 	DATA 	Keypress: 5
74.0358 	DATA 	Keypress: 1
74.2159 	EXP 	Target: autoDraw = False
74.2159 	EXP 	Target: autoDraw = False
74.2159 	EXP 	feedbackMsg: text = 'Correct Response!\n\nYou did not win or lose anything!'
74.2159 	EXP 	feedbackMsg: autoDraw = True
74.7855 	DATA 	Keypress: 5
75.5690 	DATA 	Keypress: 5
75.7841 	EXP 	New trial (rep=0, index=6): OrderedDict([('Condition', 'SmallPun'), ('FixationDur', 1500)])
75.7989 	EXP 	feedbackMsg: autoDraw = False
75.7989 	EXP 	feedbackMsg: autoDraw = False
75.7989 	EXP 	cueImage: image = 'images/LoseSmall.bmp'
75.7989 	EXP 	cueImage: autoDraw = True
76.3352 	DATA 	Keypress: 5
77.1182 	DATA 	Keypress: 5
77.8311 	EXP 	cueImage: autoDraw = False
77.8311 	EXP 	cueImage: autoDraw = False
77.8311 	EXP 	fixation: autoDraw = True
77.9033 	DATA 	Keypress: 5
78.6688 	DATA 	Keypress: 5
79.3637 	EXP 	fixation: autoDraw = False
79.3637 	EXP 	fixation: autoDraw = False
79.3637 	EXP 	Target: image = 'images/LoseProbe.bmp'
79.3637 	EXP 	Target: autoDraw = True
79.4523 	DATA 	Keypress: 5
79.7020 	DATA 	Keypress: 1
79.8472 	EXP 	Target: autoDraw = False
79.8472 	EXP 	Target: autoDraw = False
79.8472 	EXP 	feedbackMsg: text = 'Correct Response!\n\nYou did not lose $0.20!'
79.8472 	EXP 	feedbackMsg: autoDraw = True
80.2360 	DATA 	Keypress: 5
81.0025 	DATA 	Keypress: 5
81.4010 	EXP 	New trial (rep=0, index=7): OrderedDict([('Condition', 'LgPun'), ('FixationDur', 2000)])
81.4152 	EXP 	feedbackMsg: autoDraw = False
81.4152 	EXP 	feedbackMsg: autoDraw = False
81.4152 	EXP 	cueImage: image = 'images/LoseBig.bmp'
81.4152 	EXP 	cueImage: autoDraw = True
81.7848 	DATA 	Keypress: 5
82.5699 	DATA 	Keypress: 5
83.3355 	DATA 	Keypress: 5
83.4482 	EXP 	cueImage: autoDraw = False
83.4482 	EXP 	cueImage: autoDraw = False
83.4482 	EXP 	fixation: autoDraw = True
84.1205 	DATA 	Keypress: 5
84.9037 	DATA 	Keypress: 5
85.4813 	EXP 	fixation: autoDraw = False
85.4813 	EXP 	fixation: autoDraw = False
85.4813 	EXP 	Target: image = 'images/LoseProbe.bmp'
85.4813 	EXP 	Target: autoDraw = True
85.6870 	DATA 	Keypress: 5
85.9148 	EXP 	Target: autoDraw = False
85.9148 	EXP 	Target: autoDraw = False
85.9148 	EXP 	feedbackMsg: text = 'You pressed too slow!\n\nYou lost $5.00!'
85.9148 	EXP 	feedbackMsg: autoDraw = True
86.1021 	DATA 	Keypress: 1
86.4519 	DATA 	Keypress: 5
87.2375 	DATA 	Keypress: 5
87.5014 	EXP 	New trial (rep=0, index=8): OrderedDict([('Condition', 'LgReward'), ('FixationDur', 3000)])
87.5317 	EXP 	feedbackMsg: autoDraw = False
87.5317 	EXP 	feedbackMsg: autoDraw = False
87.5317 	EXP 	cueImage: image = 'images/WinBig.bmp'
87.5317 	EXP 	cueImage: autoDraw = True
88.0202 	DATA 	Keypress: 5
88.7846 	DATA 	Keypress: 5
89.5653 	EXP 	cueImage: autoDraw = False
89.5653 	EXP 	fixation: autoDraw = True
89.5697 	DATA 	Keypress: 5
90.3531 	DATA 	Keypress: 5
91.1192 	DATA 	Keypress: 5
91.9028 	DATA 	Keypress: 5
92.6155 	EXP 	fixation: autoDraw = False
92.6155 	EXP 	fixation: autoDraw = False
92.6155 	EXP 	Target: image = 'images/WinProbe.bmp'
92.6155 	EXP 	Target: autoDraw = True
92.6879 	DATA 	Keypress: 5
92.9042 	DATA 	Keypress: 1
93.0491 	EXP 	Target: autoDraw = False
93.0491 	EXP 	Target: autoDraw = False
93.0491 	EXP 	feedbackMsg: text = 'Correct Response!\n\nYou won $5.00!'
93.0491 	EXP 	feedbackMsg: autoDraw = True
93.4528 	DATA 	Keypress: 5
94.2378 	DATA 	Keypress: 5
94.6353 	EXP 	New trial (rep=0, index=9): OrderedDict([('Condition', 'LgPun'), ('FixationDur', 2000)])
94.6492 	EXP 	feedbackMsg: autoDraw = False
94.6492 	EXP 	feedbackMsg: autoDraw = False
94.6492 	EXP 	cueImage: image = 'images/LoseBig.bmp'
94.6492 	EXP 	cueImage: autoDraw = True
95.0202 	DATA 	Keypress: 5
95.7864 	DATA 	Keypress: 5
96.5707 	DATA 	Keypress: 5
96.6837 	EXP 	cueImage: autoDraw = False
96.6837 	EXP 	cueImage: autoDraw = False
96.6837 	EXP 	fixation: autoDraw = True
97.3547 	DATA 	Keypress: 5
98.1202 	DATA 	Keypress: 5
98.7164 	EXP 	fixation: autoDraw = False
98.7164 	EXP 	fixation: autoDraw = False
98.7164 	EXP 	Target: image = 'images/LoseProbe.bmp'
98.7164 	EXP 	Target: autoDraw = True
98.9041 	DATA 	Keypress: 5
99.0213 	DATA 	Keypress: 1
99.1508 	EXP 	Target: autoDraw = False
99.1508 	EXP 	Target: autoDraw = False
99.1508 	EXP 	feedbackMsg: text = 'Correct Response!\n\nYou did not lose $5.00!'
99.1508 	EXP 	feedbackMsg: autoDraw = True
99.3219 	DATA 	Keypress: 1
99.6868 	DATA 	Keypress: 5
100.4539 	DATA 	Keypress: 5
100.7355 	EXP 	New trial (rep=0, index=10): OrderedDict([('Condition', 'Triangle'), ('FixationDur', 4000)])
100.7503 	EXP 	feedbackMsg: autoDraw = False
100.7503 	EXP 	feedbackMsg: autoDraw = False
100.7503 	EXP 	cueImage: image = 'images/Neutral.bmp'
100.7503 	EXP 	cueImage: autoDraw = True
101.2360 	DATA 	Keypress: 5
102.0202 	DATA 	Keypress: 5
102.7844 	EXP 	cueImage: autoDraw = False
102.7844 	EXP 	cueImage: autoDraw = False
102.7844 	EXP 	fixation: autoDraw = True
102.7876 	DATA 	Keypress: 5
103.5702 	DATA 	Keypress: 5
104.3550 	DATA 	Keypress: 5
105.1382 	DATA 	Keypress: 5
105.9038 	DATA 	Keypress: 5
106.6886 	DATA 	Keypress: 5
106.8176 	EXP 	fixation: autoDraw = False
106.8176 	EXP 	fixation: autoDraw = False
106.8176 	EXP 	Target: image = 'images/NeutralProbe.bmp'
106.8176 	EXP 	Target: autoDraw = True
107.1049 	DATA 	Keypress: 1
107.2342 	EXP 	Target: autoDraw = False
107.2342 	EXP 	Target: autoDraw = False
107.2342 	EXP 	feedbackMsg: text = 'Correct Response!\n\nYou did not win or lose anything!'
107.2342 	EXP 	feedbackMsg: autoDraw = True
107.4711 	DATA 	Keypress: 5
108.2372 	DATA 	Keypress: 5
108.8528 	EXP 	New trial (rep=0, index=11): OrderedDict([('Condition', 'SmallPun'), ('FixationDur', 3500)])
108.8671 	EXP 	feedbackMsg: autoDraw = False
108.8671 	EXP 	feedbackMsg: autoDraw = False
108.8671 	EXP 	cueImage: image = 'images/LoseSmall.bmp'
108.8671 	EXP 	cueImage: autoDraw = True
109.0212 	DATA 	Keypress: 5
109.8045 	DATA 	Keypress: 5
110.5698 	DATA 	Keypress: 5
110.9017 	EXP 	cueImage: autoDraw = False
110.9017 	EXP 	cueImage: autoDraw = False
110.9017 	EXP 	fixation: autoDraw = True
111.3557 	DATA 	Keypress: 5
112.1390 	DATA 	Keypress: 5
112.9038 	DATA 	Keypress: 5
113.6884 	DATA 	Keypress: 5
114.4348 	EXP 	fixation: autoDraw = False
114.4348 	EXP 	fixation: autoDraw = False
114.4348 	EXP 	Target: image = 'images/LoseProbe.bmp'
114.4348 	EXP 	Target: autoDraw = True
114.4724 	DATA 	Keypress: 5
114.7547 	DATA 	Keypress: 1
114.8518 	EXP 	Target: autoDraw = False
114.8518 	EXP 	Target: autoDraw = False
114.8518 	EXP 	feedbackMsg: text = 'Correct Response!\n\nYou did not lose $0.20!'
114.8518 	EXP 	feedbackMsg: autoDraw = True
115.2381 	DATA 	Keypress: 5
116.0212 	DATA 	Keypress: 5
116.4535 	EXP 	New trial (rep=0, index=12): OrderedDict([('Condition', 'SmallPun'), ('FixationDur', 1500)])
116.4676 	EXP 	feedbackMsg: autoDraw = False
116.4676 	EXP 	feedbackMsg: autoDraw = False
116.4676 	EXP 	cueImage: image = 'images/LoseSmall.bmp'
116.4676 	EXP 	cueImage: autoDraw = True
116.8056 	DATA 	Keypress: 5
117.5715 	DATA 	Keypress: 5
118.3548 	DATA 	Keypress: 5
118.5016 	EXP 	cueImage: autoDraw = False
118.5016 	EXP 	cueImage: autoDraw = False
118.5016 	EXP 	fixation: autoDraw = True
119.1396 	DATA 	Keypress: 5
119.9052 	DATA 	Keypress: 5
120.0351 	EXP 	fixation: autoDraw = False
120.0351 	EXP 	fixation: autoDraw = False
120.0351 	EXP 	Target: image = 'images/LoseProbe.bmp'
120.0351 	EXP 	Target: autoDraw = True
120.4517 	EXP 	Target: autoDraw = False
120.4517 	EXP 	Target: autoDraw = False
120.4517 	EXP 	feedbackMsg: text = 'You pressed too slow!\n\nYou lost $0.20!'
120.4517 	EXP 	feedbackMsg: autoDraw = True
120.4897 	DATA 	Keypress: 1
120.6894 	DATA 	Keypress: 5
121.4730 	DATA 	Keypress: 5
122.0544 	EXP 	New trial (rep=0, index=13): OrderedDict([('Condition', 'LgPun'), ('FixationDur', 1500)])
122.0683 	EXP 	feedbackMsg: autoDraw = False
122.0683 	EXP 	feedbackMsg: autoDraw = False
122.0683 	EXP 	cueImage: image = 'images/LoseBig.bmp'
122.0683 	EXP 	cueImage: autoDraw = True
122.2380 	DATA 	Keypress: 5
123.0209 	DATA 	Keypress: 5
123.8060 	DATA 	Keypress: 5
124.1023 	EXP 	cueImage: autoDraw = False
124.1023 	EXP 	cueImage: autoDraw = False
124.1023 	EXP 	fixation: autoDraw = True
124.5721 	DATA 	Keypress: 5
125.3553 	DATA 	Keypress: 5
125.6355 	EXP 	fixation: autoDraw = False
125.6355 	EXP 	fixation: autoDraw = False
125.6355 	EXP 	Target: image = 'images/LoseProbe.bmp'
125.6355 	EXP 	Target: autoDraw = True
125.9232 	DATA 	Keypress: 1
126.0518 	EXP 	Target: autoDraw = False
126.0518 	EXP 	Target: autoDraw = False
126.0518 	EXP 	feedbackMsg: text = 'Correct Response!\n\nYou did not lose $5.00!'
126.0518 	EXP 	feedbackMsg: autoDraw = True
126.1384 	DATA 	Keypress: 5
126.9059 	DATA 	Keypress: 5
127.6707 	EXP 	New trial (rep=0, index=14): OrderedDict([('Condition', 'SmallReward'), ('FixationDur', 2000)])
127.6924 	DATA 	Keypress: 5
127.7021 	EXP 	feedbackMsg: autoDraw = False
127.7021 	EXP 	feedbackMsg: autoDraw = False
127.7021 	EXP 	cueImage: image = 'images/WinSmall.bmp'
127.7021 	EXP 	cueImage: autoDraw = True
128.4713 	DATA 	Keypress: 5
129.2564 	DATA 	Keypress: 5
129.7362 	EXP 	cueImage: autoDraw = False
129.7362 	EXP 	fixation: autoDraw = True
130.0219 	DATA 	Keypress: 5
130.8060 	DATA 	Keypress: 5
131.5896 	DATA 	Keypress: 5
131.7860 	EXP 	fixation: autoDraw = False
131.7860 	EXP 	fixation: autoDraw = False
131.7860 	EXP 	Target: image = 'images/WinProbe.bmp'
131.7860 	EXP 	Target: autoDraw = True
132.1650 	DATA 	Keypress: 1
132.1704 	EXP 	Target: autoDraw = False
132.1704 	EXP 	Target: autoDraw = False
132.1704 	EXP 	feedbackMsg: text = 'You pressed too slow!\n\nYou did not win $0.20!'
132.1704 	EXP 	feedbackMsg: autoDraw = True
132.3550 	DATA 	Keypress: 5
132.5218 	DATA 	Keypress: 1
133.1384 	DATA 	Keypress: 5
133.8036 	EXP 	New trial (rep=0, index=15): OrderedDict([('Condition', 'SmallPun'), ('FixationDur', 2000)])
133.8181 	EXP 	feedbackMsg: autoDraw = False
133.8181 	EXP 	feedbackMsg: autoDraw = False
133.8181 	EXP 	cueImage: image = 'images/LoseSmall.bmp'
133.8181 	EXP 	cueImage: autoDraw = True
133.9217 	DATA 	Keypress: 5
134.6878 	DATA 	Keypress: 5
135.4706 	DATA 	Keypress: 5
135.8521 	EXP 	cueImage: autoDraw = False
135.8521 	EXP 	cueImage: autoDraw = False
135.8521 	EXP 	fixation: autoDraw = True
136.2564 	DATA 	Keypress: 5
137.0215 	DATA 	Keypress: 5
137.8057 	DATA 	Keypress: 5
137.8862 	EXP 	fixation: autoDraw = False
137.8862 	EXP 	fixation: autoDraw = False
137.8862 	EXP 	Target: image = 'images/LoseProbe.bmp'
137.8862 	EXP 	Target: autoDraw = True
138.1405 	DATA 	Keypress: 1
138.2868 	EXP 	Target: autoDraw = False
138.2868 	EXP 	Target: autoDraw = False
138.2868 	EXP 	feedbackMsg: text = 'Correct Response!\n\nYou did not lose $0.20!'
138.2868 	EXP 	feedbackMsg: autoDraw = True
138.5896 	DATA 	Keypress: 5
139.3554 	DATA 	Keypress: 5
139.9215 	EXP 	New trial (rep=0, index=16): OrderedDict([('Condition', 'LgPun'), ('FixationDur', 1500)])
139.9361 	EXP 	feedbackMsg: autoDraw = False
139.9361 	EXP 	feedbackMsg: autoDraw = False
139.9361 	EXP 	cueImage: image = 'images/LoseBig.bmp'
139.9361 	EXP 	cueImage: autoDraw = True
140.1402 	DATA 	Keypress: 5
140.9229 	DATA 	Keypress: 5
141.6894 	DATA 	Keypress: 5
141.9693 	EXP 	cueImage: autoDraw = False
141.9693 	EXP 	cueImage: autoDraw = False
141.9693 	EXP 	fixation: autoDraw = True
142.4735 	DATA 	Keypress: 5
143.2581 	DATA 	Keypress: 5
143.5034 	EXP 	fixation: autoDraw = False
143.5034 	EXP 	fixation: autoDraw = False
143.5034 	EXP 	Target: image = 'images/LoseProbe.bmp'
143.5034 	EXP 	Target: autoDraw = True
143.8067 	DATA 	Keypress: 1
143.9039 	EXP 	Target: autoDraw = False
143.9039 	EXP 	Target: autoDraw = False
143.9039 	EXP 	feedbackMsg: text = 'Correct Response!\n\nYou did not lose $5.00!'
143.9039 	EXP 	feedbackMsg: autoDraw = True
144.0229 	DATA 	Keypress: 5
144.8064 	DATA 	Keypress: 5
145.5386 	EXP 	New trial (rep=0, index=17): OrderedDict([('Condition', 'LgReward'), ('FixationDur', 3500)])
145.5700 	EXP 	feedbackMsg: autoDraw = False
145.5700 	EXP 	feedbackMsg: autoDraw = False
145.5700 	EXP 	cueImage: image = 'images/WinBig.bmp'
145.5700 	EXP 	cueImage: autoDraw = True
145.5902 	DATA 	Keypress: 5
146.3566 	DATA 	Keypress: 5
147.1389 	DATA 	Keypress: 5
147.6039 	EXP 	cueImage: autoDraw = False
147.6039 	EXP 	fixation: autoDraw = True
147.9247 	DATA 	Keypress: 5
148.6908 	DATA 	Keypress: 5
149.4733 	DATA 	Keypress: 5
150.2583 	DATA 	Keypress: 5
151.0415 	DATA 	Keypress: 5
151.1533 	EXP 	fixation: autoDraw = False
151.1533 	EXP 	fixation: autoDraw = False
151.1533 	EXP 	Target: image = 'images/WinProbe.bmp'
151.1533 	EXP 	Target: autoDraw = True
151.5153 	DATA 	Keypress: 1
151.5200 	EXP 	Target: autoDraw = False
151.5200 	EXP 	Target: autoDraw = False
151.5200 	EXP 	feedbackMsg: text = 'You pressed too slow!\n\nYou did not win $5.00!'
151.5200 	EXP 	feedbackMsg: autoDraw = True
151.8071 	DATA 	Keypress: 5
152.5920 	DATA 	Keypress: 5
153.1727 	EXP 	New trial (rep=0, index=18): OrderedDict([('Condition', 'Triangle'), ('FixationDur', 1500)])
153.1870 	EXP 	feedbackMsg: autoDraw = False
153.1870 	EXP 	feedbackMsg: autoDraw = False
153.1870 	EXP 	cueImage: image = 'images/Neutral.bmp'
153.1870 	EXP 	cueImage: autoDraw = True
153.3733 	DATA 	Keypress: 5
154.1393 	DATA 	Keypress: 5
154.9233 	DATA 	Keypress: 5
155.2213 	EXP 	cueImage: autoDraw = False
155.2213 	EXP 	cueImage: autoDraw = False
155.2213 	EXP 	fixation: autoDraw = True
155.7078 	DATA 	Keypress: 5
156.4732 	DATA 	Keypress: 5
156.7545 	EXP 	fixation: autoDraw = False
156.7545 	EXP 	fixation: autoDraw = False
156.7545 	EXP 	Target: image = 'images/NeutralProbe.bmp'
156.7545 	EXP 	Target: autoDraw = True
157.1192 	DATA 	Keypress: 1
157.1239 	EXP 	Target: autoDraw = False
157.1239 	EXP 	Target: autoDraw = False
157.1239 	EXP 	feedbackMsg: text = 'You pressed too slow!\n\nYou did not win or lose anything!'
157.1239 	EXP 	feedbackMsg: autoDraw = True
157.2575 	DATA 	Keypress: 5
158.0421 	DATA 	Keypress: 5
158.7730 	EXP 	New trial (rep=0, index=19): OrderedDict([('Condition', 'SmallPun'), ('FixationDur', 2000)])
158.7876 	EXP 	feedbackMsg: autoDraw = False
158.7876 	EXP 	feedbackMsg: autoDraw = False
158.7876 	EXP 	cueImage: image = 'images/LoseSmall.bmp'
158.7876 	EXP 	cueImage: autoDraw = True
158.8065 	DATA 	Keypress: 5
159.5908 	DATA 	Keypress: 5
160.3754 	DATA 	Keypress: 5
160.8073 	EXP 	cueImage: autoDraw = False
160.8073 	EXP 	cueImage: autoDraw = False
160.8073 	EXP 	fixation: autoDraw = True
161.1413 	DATA 	Keypress: 5
161.9244 	DATA 	Keypress: 5
162.7095 	DATA 	Keypress: 5
162.8537 	EXP 	fixation: autoDraw = False
162.8537 	EXP 	fixation: autoDraw = False
162.8537 	EXP 	Target: image = 'images/LoseProbe.bmp'
162.8537 	EXP 	Target: autoDraw = True
163.1237 	DATA 	Keypress: 1
163.2372 	EXP 	Target: autoDraw = False
163.2372 	EXP 	Target: autoDraw = False
163.2372 	EXP 	feedbackMsg: text = 'Correct Response!\n\nYou did not lose $0.20!'
163.2372 	EXP 	feedbackMsg: autoDraw = True
163.4740 	DATA 	Keypress: 5
164.2575 	DATA 	Keypress: 5
164.8901 	EXP 	New trial (rep=0, index=20): OrderedDict([('Condition', 'Triangle'), ('FixationDur', 2000)])
164.9037 	EXP 	feedbackMsg: autoDraw = False
164.9037 	EXP 	feedbackMsg: autoDraw = False
164.9037 	EXP 	cueImage: image = 'images/Neutral.bmp'
164.9037 	EXP 	cueImage: autoDraw = True
165.0421 	DATA 	Keypress: 5
165.8076 	DATA 	Keypress: 5
166.5912 	DATA 	Keypress: 5
166.9387 	EXP 	cueImage: autoDraw = False
166.9387 	EXP 	cueImage: autoDraw = False
166.9387 	EXP 	fixation: autoDraw = True
167.3760 	DATA 	Keypress: 5
168.1420 	DATA 	Keypress: 5
168.9587 	DATA 	Keypress: 5
168.9717 	EXP 	fixation: autoDraw = False
168.9717 	EXP 	fixation: autoDraw = False
168.9717 	EXP 	Target: image = 'images/NeutralProbe.bmp'
168.9717 	EXP 	Target: autoDraw = True
169.3327 	DATA 	Keypress: 1
169.3386 	EXP 	Target: autoDraw = False
169.3386 	EXP 	Target: autoDraw = False
169.3386 	EXP 	feedbackMsg: text = 'You pressed too slow!\n\nYou did not win or lose anything!'
169.3386 	EXP 	feedbackMsg: autoDraw = True
169.7089 	DATA 	Keypress: 5
170.4755 	DATA 	Keypress: 5
170.9887 	EXP 	New trial (rep=0, index=21): OrderedDict([('Condition', 'SmallReward'), ('FixationDur', 1500)])
171.0211 	EXP 	feedbackMsg: autoDraw = False
171.0211 	EXP 	feedbackMsg: autoDraw = False
171.0211 	EXP 	cueImage: image = 'images/WinSmall.bmp'
171.0211 	EXP 	cueImage: autoDraw = True
171.2569 	DATA 	Keypress: 5
172.0417 	DATA 	Keypress: 5
172.8264 	DATA 	Keypress: 5
173.0392 	EXP 	cueImage: autoDraw = False
173.0392 	EXP 	fixation: autoDraw = True
173.5910 	DATA 	Keypress: 5
174.3769 	DATA 	Keypress: 5
174.5888 	EXP 	fixation: autoDraw = False
174.5888 	EXP 	fixation: autoDraw = False
174.5888 	EXP 	Target: image = 'images/WinProbe.bmp'
174.5888 	EXP 	Target: autoDraw = True
174.8432 	DATA 	Keypress: 1
174.9603 	EXP 	Target: autoDraw = False
174.9603 	EXP 	Target: autoDraw = False
174.9603 	EXP 	feedbackMsg: text = 'Correct Response!\n\nYou won $0.20!'
174.9603 	EXP 	feedbackMsg: autoDraw = True
175.1580 	DATA 	Keypress: 5
175.9246 	DATA 	Keypress: 5
176.6077 	EXP 	New trial (rep=0, index=22): OrderedDict([('Condition', 'Triangle'), ('FixationDur', 1500)])
176.6219 	EXP 	feedbackMsg: autoDraw = False
176.6219 	EXP 	feedbackMsg: autoDraw = False
176.6219 	EXP 	cueImage: image = 'images/Neutral.bmp'
176.6219 	EXP 	cueImage: autoDraw = True
176.7093 	DATA 	Keypress: 5
177.4923 	DATA 	Keypress: 5
178.2581 	DATA 	Keypress: 5
178.6554 	EXP 	cueImage: autoDraw = False
178.6554 	EXP 	cueImage: autoDraw = False
178.6554 	EXP 	fixation: autoDraw = True
179.0440 	DATA 	Keypress: 5
179.8274 	DATA 	Keypress: 5
180.1889 	EXP 	fixation: autoDraw = False
180.1889 	EXP 	fixation: autoDraw = False
180.1889 	EXP 	Target: image = 'images/NeutralProbe.bmp'
180.1889 	EXP 	Target: autoDraw = True
180.5438 	EXP 	Target: autoDraw = False
180.5438 	EXP 	Target: autoDraw = False
180.5438 	EXP 	feedbackMsg: text = 'You pressed too slow!\n\nYou did not win or lose anything!'
180.5438 	EXP 	feedbackMsg: autoDraw = True
180.5922 	DATA 	Keypress: 5
181.3758 	DATA 	Keypress: 5
182.1609 	DATA 	Keypress: 5
182.2080 	EXP 	New trial (rep=0, index=23): OrderedDict([('Condition', 'SmallReward'), ('FixationDur', 3000)])
182.2386 	EXP 	feedbackMsg: autoDraw = False
182.2386 	EXP 	feedbackMsg: autoDraw = False
182.2386 	EXP 	cueImage: image = 'images/WinSmall.bmp'
182.2386 	EXP 	cueImage: autoDraw = True
182.9254 	DATA 	Keypress: 5
183.7080 	DATA 	Keypress: 5
184.2731 	EXP 	cueImage: autoDraw = False
184.2731 	EXP 	fixation: autoDraw = True
184.4946 	DATA 	Keypress: 5
185.2588 	DATA 	Keypress: 5
186.0420 	DATA 	Keypress: 5
186.6606 	DATA 	Keypress: 1
186.8269 	DATA 	Keypress: 5
187.3126 	EXP 	fixation: autoDraw = False
187.3126 	EXP 	fixation: autoDraw = False
187.3126 	EXP 	Target: image = 'images/WinProbe.bmp'
187.3126 	EXP 	Target: autoDraw = True
187.5929 	DATA 	Keypress: 5
187.6685 	DATA 	Keypress: 1
187.6790 	EXP 	Target: autoDraw = False
187.6790 	EXP 	Target: autoDraw = False
187.6790 	EXP 	feedbackMsg: text = 'You pressed too soon!\n\nYou did not win $0.20!'
187.6790 	EXP 	feedbackMsg: autoDraw = True
188.3764 	DATA 	Keypress: 5
189.1612 	DATA 	Keypress: 5
189.3419 	EXP 	New trial (rep=0, index=24): OrderedDict([('Condition', 'LgReward'), ('FixationDur', 1500)])
189.3727 	EXP 	feedbackMsg: autoDraw = False
189.3727 	EXP 	feedbackMsg: autoDraw = False
189.3727 	EXP 	cueImage: image = 'images/WinBig.bmp'
189.3727 	EXP 	cueImage: autoDraw = True
189.9418 	DATA 	Keypress: 5
190.7088 	DATA 	Keypress: 5
191.3947 	EXP 	cueImage: autoDraw = False
191.3947 	EXP 	fixation: autoDraw = True
191.4939 	DATA 	Keypress: 5
192.2768 	DATA 	Keypress: 5
192.9569 	EXP 	fixation: autoDraw = False
192.9569 	EXP 	fixation: autoDraw = False
192.9569 	EXP 	Target: image = 'images/WinProbe.bmp'
192.9569 	EXP 	Target: autoDraw = True
193.0430 	DATA 	Keypress: 5
193.3065 	EXP 	Target: autoDraw = False
193.3065 	EXP 	Target: autoDraw = False
193.3065 	EXP 	feedbackMsg: text = 'You pressed too slow!\n\nYou did not win $5.00!'
193.3065 	EXP 	feedbackMsg: autoDraw = True
193.3774 	DATA 	Keypress: 1
193.8274 	DATA 	Keypress: 5
194.6117 	DATA 	Keypress: 5
194.9744 	EXP 	New trial (rep=0, index=25): OrderedDict([('Condition', 'Triangle'), ('FixationDur', 2000)])
194.9896 	EXP 	feedbackMsg: autoDraw = False
194.9896 	EXP 	feedbackMsg: autoDraw = False
194.9896 	EXP 	cueImage: image = 'images/Neutral.bmp'
194.9896 	EXP 	cueImage: autoDraw = True
195.3752 	DATA 	Keypress: 5
196.1597 	DATA 	Keypress: 5
196.9442 	DATA 	Keypress: 5
197.0133 	EXP 	cueImage: autoDraw = False
197.0133 	EXP 	cueImage: autoDraw = False
197.0133 	EXP 	fixation: autoDraw = True
197.7086 	DATA 	Keypress: 5
198.4943 	DATA 	Keypress: 5
199.0570 	EXP 	fixation: autoDraw = False
199.0570 	EXP 	fixation: autoDraw = False
199.0570 	EXP 	Target: image = 'images/NeutralProbe.bmp'
199.0570 	EXP 	Target: autoDraw = True
199.2780 	DATA 	Keypress: 5
199.3091 	DATA 	Keypress: 1
199.4065 	EXP 	Target: autoDraw = False
199.4065 	EXP 	Target: autoDraw = False
199.4065 	EXP 	feedbackMsg: text = 'Correct Response!\n\nYou did not win or lose anything!'
199.4065 	EXP 	feedbackMsg: autoDraw = True
200.0432 	DATA 	Keypress: 5
200.8266 	DATA 	Keypress: 5
201.0757 	EXP 	New trial (rep=0, index=26): OrderedDict([('Condition', 'SmallReward'), ('FixationDur', 2000)])
201.1074 	EXP 	feedbackMsg: autoDraw = False
201.1074 	EXP 	feedbackMsg: autoDraw = False
201.1074 	EXP 	cueImage: image = 'images/WinSmall.bmp'
201.1074 	EXP 	cueImage: autoDraw = True
201.6101 	DATA 	Keypress: 5
202.3773 	DATA 	Keypress: 5
203.1306 	EXP 	cueImage: autoDraw = False
203.1306 	EXP 	fixation: autoDraw = True
203.1620 	DATA 	Keypress: 5
203.9451 	DATA 	Keypress: 5
204.7107 	DATA 	Keypress: 5
205.1907 	EXP 	fixation: autoDraw = False
205.1907 	EXP 	fixation: autoDraw = False
205.1907 	EXP 	Target: image = 'images/WinProbe.bmp'
205.1907 	EXP 	Target: autoDraw = True
205.4269 	DATA 	Keypress: 1
205.5348 	DATA 	Keypress: 5
205.5406 	EXP 	Target: autoDraw = False
205.5406 	EXP 	Target: autoDraw = False
205.5406 	EXP 	feedbackMsg: text = 'Correct Response!\n\nYou won $0.20!'
205.5406 	EXP 	feedbackMsg: autoDraw = True
206.2782 	DATA 	Keypress: 5
207.0443 	DATA 	Keypress: 5
207.2094 	EXP 	New trial (rep=0, index=27): OrderedDict([('Condition', 'SmallPun'), ('FixationDur', 1500)])
207.2238 	EXP 	feedbackMsg: autoDraw = False
207.2238 	EXP 	feedbackMsg: autoDraw = False
207.2238 	EXP 	cueImage: image = 'images/LoseSmall.bmp'
207.2238 	EXP 	cueImage: autoDraw = True
207.8278 	DATA 	Keypress: 5
208.6111 	DATA 	Keypress: 5
209.2484 	EXP 	cueImage: autoDraw = False
209.2484 	EXP 	cueImage: autoDraw = False
209.2484 	EXP 	fixation: autoDraw = True
209.3779 	DATA 	Keypress: 5
210.1602 	DATA 	Keypress: 5
210.7903 	EXP 	fixation: autoDraw = False
210.7903 	EXP 	fixation: autoDraw = False
210.7903 	EXP 	Target: image = 'images/LoseProbe.bmp'
210.7903 	EXP 	Target: autoDraw = True
210.9441 	DATA 	Keypress: 5
211.0788 	DATA 	Keypress: 1
211.1650 	EXP 	Target: autoDraw = False
211.1650 	EXP 	Target: autoDraw = False
211.1650 	EXP 	feedbackMsg: text = 'Correct Response!\n\nYou did not lose $0.20!'
211.1650 	EXP 	feedbackMsg: autoDraw = True
211.7270 	DATA 	Keypress: 5
212.4940 	DATA 	Keypress: 5
212.8098 	EXP 	New trial (rep=0, index=28): OrderedDict([('Condition', 'SmallPun'), ('FixationDur', 3000)])
212.8244 	EXP 	feedbackMsg: autoDraw = False
212.8244 	EXP 	feedbackMsg: autoDraw = False
212.8244 	EXP 	cueImage: image = 'images/LoseSmall.bmp'
212.8244 	EXP 	cueImage: autoDraw = True
213.2784 	DATA 	Keypress: 5
214.0622 	DATA 	Keypress: 5
214.8451 	DATA 	Keypress: 5
214.8578 	EXP 	cueImage: autoDraw = False
214.8578 	EXP 	cueImage: autoDraw = False
214.8578 	EXP 	fixation: autoDraw = True
215.6114 	DATA 	Keypress: 5
216.3952 	DATA 	Keypress: 5
217.1605 	DATA 	Keypress: 5
217.8916 	EXP 	fixation: autoDraw = False
217.8916 	EXP 	fixation: autoDraw = False
217.8916 	EXP 	Target: image = 'images/LoseProbe.bmp'
217.8916 	EXP 	Target: autoDraw = True
217.9443 	DATA 	Keypress: 5
218.1793 	DATA 	Keypress: 1
218.2489 	EXP 	Target: autoDraw = False
218.2489 	EXP 	Target: autoDraw = False
218.2489 	EXP 	feedbackMsg: text = 'Correct Response!\n\nYou did not lose $0.20!'
218.2489 	EXP 	feedbackMsg: autoDraw = True
218.7300 	DATA 	Keypress: 5
219.4941 	DATA 	Keypress: 5
219.8926 	EXP 	New trial (rep=0, index=29): OrderedDict([('Condition', 'Triangle'), ('FixationDur', 1500)])
219.9082 	EXP 	feedbackMsg: autoDraw = False
219.9082 	EXP 	feedbackMsg: autoDraw = False
219.9082 	EXP 	cueImage: image = 'images/Neutral.bmp'
219.9082 	EXP 	cueImage: autoDraw = True
220.2788 	DATA 	Keypress: 5
221.0623 	DATA 	Keypress: 5
221.8264 	DATA 	Keypress: 5
221.9328 	EXP 	cueImage: autoDraw = False
221.9328 	EXP 	cueImage: autoDraw = False
221.9328 	EXP 	fixation: autoDraw = True
222.6114 	DATA 	Keypress: 5
223.3963 	DATA 	Keypress: 5
223.4747 	EXP 	fixation: autoDraw = False
223.4747 	EXP 	fixation: autoDraw = False
223.4747 	EXP 	Target: image = 'images/NeutralProbe.bmp'
223.4747 	EXP 	Target: autoDraw = True
223.8414 	EXP 	Target: autoDraw = False
223.8414 	EXP 	Target: autoDraw = False
223.8414 	EXP 	feedbackMsg: text = 'You pressed too slow!\n\nYou did not win or lose anything!'
223.8414 	EXP 	feedbackMsg: autoDraw = True
224.0618 	DATA 	Keypress: 1
224.1617 	DATA 	Keypress: 5
224.9461 	DATA 	Keypress: 5
225.4941 	EXP 	New trial (rep=0, index=30): OrderedDict([('Condition', 'SmallReward'), ('FixationDur', 1500)])
225.5252 	EXP 	feedbackMsg: autoDraw = False
225.5252 	EXP 	feedbackMsg: autoDraw = False
225.5252 	EXP 	cueImage: image = 'images/WinSmall.bmp'
225.5252 	EXP 	cueImage: autoDraw = True
225.7291 	DATA 	Keypress: 5
226.4950 	DATA 	Keypress: 5
227.2782 	DATA 	Keypress: 5
227.5502 	EXP 	cueImage: autoDraw = False
227.5502 	EXP 	fixation: autoDraw = True
228.0634 	DATA 	Keypress: 5
228.8288 	DATA 	Keypress: 5
229.0997 	EXP 	fixation: autoDraw = False
229.0997 	EXP 	fixation: autoDraw = False
229.0997 	EXP 	Target: image = 'images/WinProbe.bmp'
229.0997 	EXP 	Target: autoDraw = True
229.4710 	DATA 	Keypress: 1
229.4835 	EXP 	Target: autoDraw = False
229.4835 	EXP 	Target: autoDraw = False
229.4835 	EXP 	feedbackMsg: text = 'You pressed too slow!\n\nYou did not win $0.20!'
229.4835 	EXP 	feedbackMsg: autoDraw = True
229.6124 	DATA 	Keypress: 5
230.3960 	DATA 	Keypress: 5
231.1275 	EXP 	New trial (rep=0, index=31): OrderedDict([('Condition', 'SmallReward'), ('FixationDur', 3500)])
231.1517 	EXP 	feedbackMsg: autoDraw = False
231.1517 	EXP 	feedbackMsg: autoDraw = False
231.1517 	EXP 	cueImage: image = 'images/WinSmall.bmp'
231.1517 	EXP 	cueImage: autoDraw = True
231.1616 	DATA 	Keypress: 5
231.9436 	DATA 	Keypress: 5
232.7299 	DATA 	Keypress: 5
233.1849 	EXP 	cueImage: autoDraw = False
233.1849 	EXP 	fixation: autoDraw = True
233.5137 	DATA 	Keypress: 5
234.2794 	DATA 	Keypress: 5
235.0636 	DATA 	Keypress: 5
235.8471 	DATA 	Keypress: 5
236.6119 	DATA 	Keypress: 5
236.7339 	EXP 	fixation: autoDraw = False
236.7339 	EXP 	fixation: autoDraw = False
236.7339 	EXP 	Target: image = 'images/WinProbe.bmp'
236.7339 	EXP 	Target: autoDraw = True
237.0288 	DATA 	Keypress: 1
237.1258 	EXP 	Target: autoDraw = False
237.1258 	EXP 	Target: autoDraw = False
237.1258 	EXP 	feedbackMsg: text = 'Correct Response!\n\nYou won $0.20!'
237.1258 	EXP 	feedbackMsg: autoDraw = True
237.3969 	DATA 	Keypress: 5
238.1806 	DATA 	Keypress: 5
238.7616 	EXP 	New trial (rep=0, index=32): OrderedDict([('Condition', 'LgReward'), ('FixationDur', 1500)])
238.7852 	EXP 	feedbackMsg: autoDraw = False
238.7852 	EXP 	feedbackMsg: autoDraw = False
238.7852 	EXP 	cueImage: image = 'images/WinBig.bmp'
238.7852 	EXP 	cueImage: autoDraw = True
238.9447 	DATA 	Keypress: 5
239.7302 	DATA 	Keypress: 5
240.5137 	DATA 	Keypress: 5
240.8190 	EXP 	cueImage: autoDraw = False
240.8190 	EXP 	fixation: autoDraw = True
241.2792 	DATA 	Keypress: 5
242.0622 	DATA 	Keypress: 5
242.3680 	EXP 	fixation: autoDraw = False
242.3680 	EXP 	fixation: autoDraw = False
242.3680 	EXP 	Target: image = 'images/WinProbe.bmp'
242.3680 	EXP 	Target: autoDraw = True
242.6451 	DATA 	Keypress: 1
242.7605 	EXP 	Target: autoDraw = False
242.7605 	EXP 	Target: autoDraw = False
242.7605 	EXP 	feedbackMsg: text = 'Correct Response!\n\nYou won $5.00!'
242.7605 	EXP 	feedbackMsg: autoDraw = True
242.8476 	DATA 	Keypress: 5
243.6131 	DATA 	Keypress: 5
244.3941 	EXP 	New trial (rep=0, index=33): OrderedDict([('Condition', 'LgReward'), ('FixationDur', 2500)])
244.4125 	DATA 	Keypress: 5
244.4193 	EXP 	feedbackMsg: autoDraw = False
244.4193 	EXP 	feedbackMsg: autoDraw = False
244.4193 	EXP 	cueImage: image = 'images/WinBig.bmp'
244.4193 	EXP 	cueImage: autoDraw = True
245.1805 	DATA 	Keypress: 5
245.9461 	DATA 	Keypress: 5
246.4530 	EXP 	cueImage: autoDraw = False
246.4530 	EXP 	fixation: autoDraw = True
246.7300 	DATA 	Keypress: 5
247.5147 	DATA 	Keypress: 5
248.2803 	DATA 	Keypress: 5
249.0032 	EXP 	fixation: autoDraw = False
249.0032 	EXP 	fixation: autoDraw = False
249.0032 	EXP 	Target: image = 'images/WinProbe.bmp'
249.0032 	EXP 	Target: autoDraw = True
249.0631 	DATA 	Keypress: 5
249.3938 	EXP 	Target: autoDraw = False
249.3938 	EXP 	Target: autoDraw = False
249.3938 	EXP 	feedbackMsg: text = 'You pressed too slow!\n\nYou did not win $5.00!'
249.3938 	EXP 	feedbackMsg: autoDraw = True
249.5969 	DATA 	Keypress: 1
249.8478 	DATA 	Keypress: 5
250.6135 	DATA 	Keypress: 5
251.0289 	EXP 	New trial (rep=0, index=34): OrderedDict([('Condition', 'SmallPun'), ('FixationDur', 2500)])
251.0435 	EXP 	feedbackMsg: autoDraw = False
251.0435 	EXP 	feedbackMsg: autoDraw = False
251.0435 	EXP 	cueImage: image = 'images/LoseSmall.bmp'
251.0435 	EXP 	cueImage: autoDraw = True
251.3960 	DATA 	Keypress: 5
252.1808 	DATA 	Keypress: 5
252.9466 	DATA 	Keypress: 5
253.0704 	EXP 	cueImage: autoDraw = False
253.0704 	EXP 	cueImage: autoDraw = False
253.0704 	EXP 	fixation: autoDraw = True
253.7304 	DATA 	Keypress: 5
254.5129 	DATA 	Keypress: 5
255.2814 	DATA 	Keypress: 5
255.6051 	EXP 	fixation: autoDraw = False
255.6051 	EXP 	fixation: autoDraw = False
255.6051 	EXP 	Target: image = 'images/LoseProbe.bmp'
255.6051 	EXP 	Target: autoDraw = True
255.8310 	DATA 	Keypress: 1
255.9776 	EXP 	Target: autoDraw = False
255.9776 	EXP 	Target: autoDraw = False
255.9776 	EXP 	feedbackMsg: text = 'Correct Response!\n\nYou did not lose $0.20!'
255.9776 	EXP 	feedbackMsg: autoDraw = True
256.0636 	DATA 	Keypress: 5
256.8467 	DATA 	Keypress: 5
257.6149 	DATA 	Keypress: 5
257.6293 	EXP 	New trial (rep=0, index=35): OrderedDict([('Condition', 'SmallPun'), ('FixationDur', 4000)])
257.6439 	EXP 	feedbackMsg: autoDraw = False
257.6439 	EXP 	feedbackMsg: autoDraw = False
257.6439 	EXP 	cueImage: image = 'images/LoseSmall.bmp'
257.6439 	EXP 	cueImage: autoDraw = True
258.3965 	DATA 	Keypress: 5
259.1804 	DATA 	Keypress: 5
259.6720 	EXP 	cueImage: autoDraw = False
259.6720 	EXP 	cueImage: autoDraw = False
259.6720 	EXP 	fixation: autoDraw = True
259.9659 	DATA 	Keypress: 5
260.7303 	DATA 	Keypress: 5
261.5157 	DATA 	Keypress: 5
262.2980 	DATA 	Keypress: 5
263.0643 	DATA 	Keypress: 5
263.7052 	EXP 	fixation: autoDraw = False
263.7052 	EXP 	fixation: autoDraw = False
263.7052 	EXP 	Target: image = 'images/LoseProbe.bmp'
263.7052 	EXP 	Target: autoDraw = True
263.8484 	DATA 	Keypress: 5
263.9821 	DATA 	Keypress: 1
264.0719 	EXP 	Target: autoDraw = False
264.0719 	EXP 	Target: autoDraw = False
264.0719 	EXP 	feedbackMsg: text = 'Correct Response!\n\nYou did not lose $0.20!'
264.0719 	EXP 	feedbackMsg: autoDraw = True
264.6316 	DATA 	Keypress: 5
265.3985 	DATA 	Keypress: 5
265.7129 	EXP 	New trial (rep=0, index=36): OrderedDict([('Condition', 'SmallReward'), ('FixationDur', 1500)])
265.7391 	EXP 	feedbackMsg: autoDraw = False
265.7391 	EXP 	feedbackMsg: autoDraw = False
265.7391 	EXP 	cueImage: image = 'images/WinSmall.bmp'
265.7391 	EXP 	cueImage: autoDraw = True
266.1815 	DATA 	Keypress: 5
266.9654 	DATA 	Keypress: 5
267.7623 	DATA 	Keypress: 5
267.7726 	EXP 	cueImage: autoDraw = False
267.7726 	EXP 	fixation: autoDraw = True
268.5162 	DATA 	Keypress: 5
269.3149 	DATA 	Keypress: 5
269.3215 	EXP 	fixation: autoDraw = False
269.3215 	EXP 	fixation: autoDraw = False
269.3215 	EXP 	Target: image = 'images/WinProbe.bmp'
269.3215 	EXP 	Target: autoDraw = True
269.5804 	DATA 	Keypress: 1
269.6953 	EXP 	Target: autoDraw = False
269.6953 	EXP 	Target: autoDraw = False
269.6953 	EXP 	feedbackMsg: text = 'Correct Response!\n\nYou won $0.20!'
269.6953 	EXP 	feedbackMsg: autoDraw = True
270.0644 	DATA 	Keypress: 5
270.8474 	DATA 	Keypress: 5
271.3470 	EXP 	New trial (rep=0, index=37): OrderedDict([('Condition', 'SmallPun'), ('FixationDur', 1500)])
271.3613 	EXP 	feedbackMsg: autoDraw = False
271.3613 	EXP 	feedbackMsg: autoDraw = False
271.3613 	EXP 	cueImage: image = 'images/LoseSmall.bmp'
271.3613 	EXP 	cueImage: autoDraw = True
271.6322 	DATA 	Keypress: 5
272.3980 	DATA 	Keypress: 5
273.1810 	DATA 	Keypress: 5
273.3904 	EXP 	cueImage: autoDraw = False
273.3904 	EXP 	cueImage: autoDraw = False
273.3904 	EXP 	fixation: autoDraw = True
273.9656 	DATA 	Keypress: 5
274.7321 	DATA 	Keypress: 5
274.9231 	EXP 	fixation: autoDraw = False
274.9231 	EXP 	fixation: autoDraw = False
274.9231 	EXP 	Target: image = 'images/LoseProbe.bmp'
274.9231 	EXP 	Target: autoDraw = True
275.1986 	DATA 	Keypress: 1
275.2790 	EXP 	Target: autoDraw = False
275.2790 	EXP 	Target: autoDraw = False
275.2790 	EXP 	feedbackMsg: text = 'Correct Response!\n\nYou did not lose $0.20!'
275.2790 	EXP 	feedbackMsg: autoDraw = True
275.5149 	DATA 	Keypress: 5
276.2990 	DATA 	Keypress: 5
276.9639 	EXP 	New trial (rep=0, index=38): OrderedDict([('Condition', 'LgPun'), ('FixationDur', 1500)])
276.9785 	EXP 	feedbackMsg: autoDraw = False
276.9785 	EXP 	feedbackMsg: autoDraw = False
276.9785 	EXP 	cueImage: image = 'images/LoseBig.bmp'
276.9785 	EXP 	cueImage: autoDraw = True
277.0828 	DATA 	Keypress: 5
277.8476 	DATA 	Keypress: 5
278.6328 	DATA 	Keypress: 5
279.0071 	EXP 	cueImage: autoDraw = False
279.0071 	EXP 	cueImage: autoDraw = False
279.0071 	EXP 	fixation: autoDraw = True
279.4167 	DATA 	Keypress: 5
280.1823 	DATA 	Keypress: 5
280.5410 	EXP 	fixation: autoDraw = False
280.5410 	EXP 	fixation: autoDraw = False
280.5410 	EXP 	Target: image = 'images/LoseProbe.bmp'
280.5410 	EXP 	Target: autoDraw = True
280.8331 	DATA 	Keypress: 1
280.8955 	EXP 	Target: autoDraw = False
280.8955 	EXP 	Target: autoDraw = False
280.8955 	EXP 	feedbackMsg: text = 'Correct Response!\n\nYou did not lose $5.00!'
280.8955 	EXP 	feedbackMsg: autoDraw = True
280.9668 	DATA 	Keypress: 5
281.7498 	DATA 	Keypress: 5
282.5146 	DATA 	Keypress: 5
282.5813 	EXP 	New trial (rep=0, index=39): OrderedDict([('Condition', 'Triangle'), ('FixationDur', 1500)])
282.5956 	EXP 	feedbackMsg: autoDraw = False
282.5956 	EXP 	feedbackMsg: autoDraw = False
282.5956 	EXP 	cueImage: image = 'images/Neutral.bmp'
282.5956 	EXP 	cueImage: autoDraw = True
283.2987 	DATA 	Keypress: 5
284.0827 	DATA 	Keypress: 5
284.6242 	EXP 	cueImage: autoDraw = False
284.6242 	EXP 	cueImage: autoDraw = False
284.6242 	EXP 	fixation: autoDraw = True
284.8489 	DATA 	Keypress: 5
285.6335 	DATA 	Keypress: 5
286.1574 	EXP 	fixation: autoDraw = False
286.1574 	EXP 	fixation: autoDraw = False
286.1574 	EXP 	Target: image = 'images/NeutralProbe.bmp'
286.1574 	EXP 	Target: autoDraw = True
286.4173 	DATA 	Keypress: 5
286.5130 	EXP 	Target: autoDraw = False
286.5130 	EXP 	Target: autoDraw = False
286.5130 	EXP 	feedbackMsg: text = 'You pressed too slow!\n\nYou did not win or lose anything!'
286.5130 	EXP 	feedbackMsg: autoDraw = True
286.5167 	DATA 	Keypress: 1
287.1825 	DATA 	Keypress: 5
287.9671 	DATA 	Keypress: 5
288.1980 	EXP 	New trial (rep=0, index=40): OrderedDict([('Condition', 'Triangle'), ('FixationDur', 2500)])
288.2122 	EXP 	feedbackMsg: autoDraw = False
288.2122 	EXP 	feedbackMsg: autoDraw = False
288.2122 	EXP 	cueImage: image = 'images/Neutral.bmp'
288.2122 	EXP 	cueImage: autoDraw = True
288.7492 	DATA 	Keypress: 5
289.5157 	DATA 	Keypress: 5
290.2417 	EXP 	cueImage: autoDraw = False
290.2417 	EXP 	cueImage: autoDraw = False
290.2417 	EXP 	fixation: autoDraw = True
290.2941 	DATA 	Keypress: 5
291.0839 	DATA 	Keypress: 5
291.8502 	DATA 	Keypress: 5
292.6324 	DATA 	Keypress: 5
292.7746 	EXP 	fixation: autoDraw = False
292.7746 	EXP 	fixation: autoDraw = False
292.7746 	EXP 	Target: image = 'images/NeutralProbe.bmp'
292.7746 	EXP 	Target: autoDraw = True
293.0493 	DATA 	Keypress: 1
293.1291 	EXP 	Target: autoDraw = False
293.1291 	EXP 	Target: autoDraw = False
293.1291 	EXP 	feedbackMsg: text = 'Correct Response!\n\nYou did not win or lose anything!'
293.1291 	EXP 	feedbackMsg: autoDraw = True
293.4164 	DATA 	Keypress: 5
294.1831 	DATA 	Keypress: 5
294.8139 	EXP 	New trial (rep=0, index=41): OrderedDict([('Condition', 'LgPun'), ('FixationDur', 1500)])
294.8295 	EXP 	feedbackMsg: autoDraw = False
294.8295 	EXP 	feedbackMsg: autoDraw = False
294.8295 	EXP 	cueImage: image = 'images/LoseBig.bmp'
294.8295 	EXP 	cueImage: autoDraw = True
294.9660 	DATA 	Keypress: 5
295.7500 	DATA 	Keypress: 5
296.5165 	DATA 	Keypress: 5
296.8596 	EXP 	cueImage: autoDraw = False
296.8596 	EXP 	fixation: autoDraw = True
297.2955 	DATA 	Keypress: 5
298.0802 	DATA 	Keypress: 5
298.3928 	EXP 	fixation: autoDraw = False
298.3928 	EXP 	fixation: autoDraw = False
298.3928 	EXP 	Target: image = 'images/LoseProbe.bmp'
298.3928 	EXP 	Target: autoDraw = True
298.6450 	DATA 	Keypress: 1
298.7432 	EXP 	Target: autoDraw = False
298.7432 	EXP 	Target: autoDraw = False
298.7432 	EXP 	feedbackMsg: text = 'Correct Response!\n\nYou did not lose $5.00!'
298.7432 	EXP 	feedbackMsg: autoDraw = True
298.8628 	DATA 	Keypress: 5
299.6332 	DATA 	Keypress: 5
300.4152 	EXP 	New trial (rep=0, index=42): OrderedDict([('Condition', 'LgPun'), ('FixationDur', 4000)])
300.4232 	DATA 	Keypress: 5
300.4293 	EXP 	feedbackMsg: autoDraw = False
300.4293 	EXP 	feedbackMsg: autoDraw = False
300.4293 	EXP 	cueImage: image = 'images/LoseBig.bmp'
300.4293 	EXP 	cueImage: autoDraw = True
301.2011 	DATA 	Keypress: 5
301.9668 	DATA 	Keypress: 5
302.4599 	EXP 	cueImage: autoDraw = False
302.4599 	EXP 	cueImage: autoDraw = False
302.4599 	EXP 	fixation: autoDraw = True
302.7462 	DATA 	Keypress: 5
303.5332 	DATA 	Keypress: 5
304.2995 	DATA 	Keypress: 5
305.0842 	DATA 	Keypress: 5
305.8684 	DATA 	Keypress: 5
306.4942 	EXP 	fixation: autoDraw = False
306.4942 	EXP 	fixation: autoDraw = False
306.4942 	EXP 	Target: image = 'images/LoseProbe.bmp'
306.4942 	EXP 	Target: autoDraw = True
306.6478 	DATA 	Keypress: 5
306.7859 	DATA 	Keypress: 1
306.7939 	EXP 	Target: autoDraw = False
306.7939 	EXP 	Target: autoDraw = False
306.7939 	EXP 	feedbackMsg: text = 'You pressed too slow!\n\nYou lost $5.00!'
306.7939 	EXP 	feedbackMsg: autoDraw = True
307.4132 	DATA 	Keypress: 5
308.1977 	DATA 	Keypress: 5
308.5122 	EXP 	New trial (rep=0, index=43): OrderedDict([('Condition', 'Triangle'), ('FixationDur', 3500)])
308.5272 	EXP 	feedbackMsg: autoDraw = False
308.5272 	EXP 	feedbackMsg: autoDraw = False
308.5272 	EXP 	cueImage: image = 'images/Neutral.bmp'
308.5272 	EXP 	cueImage: autoDraw = True
308.9811 	DATA 	Keypress: 5
309.7462 	DATA 	Keypress: 5
310.5478 	DATA 	Keypress: 5
310.5609 	EXP 	cueImage: autoDraw = False
310.5609 	EXP 	cueImage: autoDraw = False
310.5609 	EXP 	fixation: autoDraw = True
311.3158 	DATA 	Keypress: 5
312.0803 	DATA 	Keypress: 5
312.8657 	DATA 	Keypress: 5
313.6337 	DATA 	Keypress: 5
314.0952 	EXP 	fixation: autoDraw = False
314.0952 	EXP 	fixation: autoDraw = False
314.0952 	EXP 	Target: image = 'images/NeutralProbe.bmp'
314.0952 	EXP 	Target: autoDraw = True
314.3932 	DATA 	Keypress: 1
314.4111 	EXP 	Target: autoDraw = False
314.4111 	EXP 	Target: autoDraw = False
314.4111 	EXP 	feedbackMsg: text = 'You pressed too slow!\n\nYou did not win or lose anything!'
314.4111 	EXP 	feedbackMsg: autoDraw = True
314.4146 	DATA 	Keypress: 5
315.1988 	DATA 	Keypress: 5
315.9682 	DATA 	Keypress: 5
316.1329 	EXP 	New trial (rep=0, index=44): OrderedDict([('Condition', 'SmallReward'), ('FixationDur', 1500)])
316.1612 	EXP 	feedbackMsg: autoDraw = False
316.1612 	EXP 	feedbackMsg: autoDraw = False
316.1612 	EXP 	cueImage: image = 'images/WinSmall.bmp'
316.1612 	EXP 	cueImage: autoDraw = True
316.7475 	DATA 	Keypress: 5
317.5318 	DATA 	Keypress: 5
318.1956 	EXP 	cueImage: autoDraw = False
318.1956 	EXP 	fixation: autoDraw = True
318.3162 	DATA 	Keypress: 5
319.0839 	DATA 	Keypress: 5
319.7622 	EXP 	fixation: autoDraw = False
319.7622 	EXP 	fixation: autoDraw = False
319.7622 	EXP 	Target: image = 'images/WinProbe.bmp'
319.7622 	EXP 	Target: autoDraw = True
319.8661 	DATA 	Keypress: 5
320.0440 	DATA 	Keypress: 1
320.0619 	EXP 	Target: autoDraw = False
320.0619 	EXP 	Target: autoDraw = False
320.0619 	EXP 	feedbackMsg: text = 'You pressed too slow!\n\nYou did not win $0.20!'
320.0619 	EXP 	feedbackMsg: autoDraw = True
320.6520 	DATA 	Keypress: 5
321.4182 	DATA 	Keypress: 5
321.7836 	EXP 	New trial (rep=0, index=45): OrderedDict([('Condition', 'LgReward'), ('FixationDur', 2000)])
321.8117 	EXP 	feedbackMsg: autoDraw = False
321.8117 	EXP 	feedbackMsg: autoDraw = False
321.8117 	EXP 	cueImage: image = 'images/WinBig.bmp'
321.8117 	EXP 	cueImage: autoDraw = True
322.2018 	DATA 	Keypress: 5
322.9856 	DATA 	Keypress: 5
323.7501 	DATA 	Keypress: 5
323.8461 	EXP 	cueImage: autoDraw = False
323.8461 	EXP 	fixation: autoDraw = True
324.5361 	DATA 	Keypress: 5
325.3198 	DATA 	Keypress: 5
325.8961 	EXP 	fixation: autoDraw = False
325.8961 	EXP 	fixation: autoDraw = False
325.8961 	EXP 	Target: image = 'images/WinProbe.bmp'
325.8961 	EXP 	Target: autoDraw = True
326.0840 	DATA 	Keypress: 5
326.1350 	DATA 	Keypress: 1
326.1961 	EXP 	Target: autoDraw = False
326.1961 	EXP 	Target: autoDraw = False
326.1961 	EXP 	feedbackMsg: text = 'Correct Response!\n\nYou won $5.00!'
326.1961 	EXP 	feedbackMsg: autoDraw = True
326.8684 	DATA 	Keypress: 5
327.6532 	DATA 	Keypress: 5
327.9338 	EXP 	New trial (rep=0, index=46): OrderedDict([('Condition', 'LgReward'), ('FixationDur', 1500)])
327.9668 	EXP 	feedbackMsg: autoDraw = False
327.9668 	EXP 	feedbackMsg: autoDraw = False
327.9668 	EXP 	cueImage: image = 'images/WinBig.bmp'
327.9668 	EXP 	cueImage: autoDraw = True
328.4175 	DATA 	Keypress: 5
329.2018 	DATA 	Keypress: 5
329.9870 	DATA 	Keypress: 5
329.9973 	EXP 	cueImage: autoDraw = False
329.9973 	EXP 	fixation: autoDraw = True
330.7524 	DATA 	Keypress: 5
331.5384 	DATA 	Keypress: 5
331.5462 	EXP 	fixation: autoDraw = False
331.5462 	EXP 	fixation: autoDraw = False
331.5462 	EXP 	Target: image = 'images/WinProbe.bmp'
331.5462 	EXP 	Target: autoDraw = True
331.8102 	DATA 	Keypress: 1
331.8158 	EXP 	Target: autoDraw = False
331.8158 	EXP 	Target: autoDraw = False
331.8158 	EXP 	feedbackMsg: text = 'You pressed too slow!\n\nYou did not win $5.00!'
331.8158 	EXP 	feedbackMsg: autoDraw = True
332.3201 	DATA 	Keypress: 5
333.0854 	DATA 	Keypress: 5
333.5657 	EXP 	New trial (rep=0, index=47): OrderedDict([('Condition', 'LgPun'), ('FixationDur', 3000)])
333.5821 	EXP 	feedbackMsg: autoDraw = False
333.5821 	EXP 	feedbackMsg: autoDraw = False
333.5821 	EXP 	cueImage: image = 'images/LoseBig.bmp'
333.5821 	EXP 	cueImage: autoDraw = True
333.8686 	DATA 	Keypress: 5
334.6522 	DATA 	Keypress: 5
335.4185 	DATA 	Keypress: 5
335.6148 	EXP 	cueImage: autoDraw = False
335.6148 	EXP 	fixation: autoDraw = True
336.2025 	DATA 	Keypress: 5
336.9872 	DATA 	Keypress: 5
337.7529 	DATA 	Keypress: 5
338.5351 	DATA 	Keypress: 5
338.6477 	EXP 	fixation: autoDraw = False
338.6477 	EXP 	fixation: autoDraw = False
338.6477 	EXP 	Target: image = 'images/LoseProbe.bmp'
338.6477 	EXP 	Target: autoDraw = True
338.9104 	DATA 	Keypress: 1
338.9163 	EXP 	Target: autoDraw = False
338.9163 	EXP 	Target: autoDraw = False
338.9163 	EXP 	feedbackMsg: text = 'You pressed too slow!\n\nYou lost $5.00!'
338.9163 	EXP 	feedbackMsg: autoDraw = True
339.3191 	DATA 	Keypress: 5
340.1034 	DATA 	Keypress: 5
340.6680 	EXP 	New trial (rep=0, index=48): OrderedDict([('Condition', 'LgPun'), ('FixationDur', 3500)])
340.6823 	EXP 	feedbackMsg: autoDraw = False
340.6823 	EXP 	feedbackMsg: autoDraw = False
340.6823 	EXP 	cueImage: image = 'images/LoseBig.bmp'
340.6823 	EXP 	cueImage: autoDraw = True
340.8686 	DATA 	Keypress: 5
341.6521 	DATA 	Keypress: 5
342.4367 	DATA 	Keypress: 5
342.7152 	EXP 	cueImage: autoDraw = False
342.7152 	EXP 	cueImage: autoDraw = False
342.7152 	EXP 	fixation: autoDraw = True
343.2019 	DATA 	Keypress: 5
343.9876 	DATA 	Keypress: 5
344.7699 	DATA 	Keypress: 5
345.5353 	DATA 	Keypress: 5
346.2486 	EXP 	fixation: autoDraw = False
346.2486 	EXP 	fixation: autoDraw = False
346.2486 	EXP 	Target: image = 'images/LoseProbe.bmp'
346.2486 	EXP 	Target: autoDraw = True
346.3197 	DATA 	Keypress: 5
346.5049 	DATA 	Keypress: 1
346.5153 	EXP 	Target: autoDraw = False
346.5153 	EXP 	Target: autoDraw = False
346.5153 	EXP 	feedbackMsg: text = 'You pressed too slow!\n\nYou lost $5.00!'
346.5153 	EXP 	feedbackMsg: autoDraw = True
347.1044 	DATA 	Keypress: 5
347.8689 	DATA 	Keypress: 5
348.2522 	EXP 	New trial (rep=0, index=49): OrderedDict([('Condition', 'LgPun'), ('FixationDur', 2500)])
348.2663 	EXP 	feedbackMsg: autoDraw = False
348.2663 	EXP 	feedbackMsg: autoDraw = False
348.2663 	EXP 	cueImage: image = 'images/LoseBig.bmp'
348.2663 	EXP 	cueImage: autoDraw = True
348.6540 	DATA 	Keypress: 5
349.4365 	DATA 	Keypress: 5
350.2030 	DATA 	Keypress: 5
350.3004 	EXP 	cueImage: autoDraw = False
350.3004 	EXP 	cueImage: autoDraw = False
350.3004 	EXP 	fixation: autoDraw = True
350.9876 	DATA 	Keypress: 5
351.7713 	DATA 	Keypress: 5
352.5369 	DATA 	Keypress: 5
352.8331 	EXP 	fixation: autoDraw = False
352.8331 	EXP 	fixation: autoDraw = False
352.8331 	EXP 	Target: image = 'images/LoseProbe.bmp'
352.8331 	EXP 	Target: autoDraw = True
353.1500 	EXP 	Target: autoDraw = False
353.1500 	EXP 	Target: autoDraw = False
353.1500 	EXP 	feedbackMsg: text = 'You pressed too slow!\n\nYou lost $5.00!'
353.1500 	EXP 	feedbackMsg: autoDraw = True
353.2049 	DATA 	Keypress: 1
353.3200 	DATA 	Keypress: 5
354.1032 	DATA 	Keypress: 5
354.8672 	EXP 	feedbackMsg: autoDraw = False
354.8672 	EXP 	feedbackMsg: autoDraw = False
354.8672 	EXP 	polygon: autoDraw = True
354.8703 	DATA 	Keypress: 5
355.6528 	DATA 	Keypress: 5
356.4379 	DATA 	Keypress: 5
357.2031 	DATA 	Keypress: 5
357.9870 	DATA 	Keypress: 5
359.8842 	EXP 	polygon: autoDraw = False
359.8842 	EXP 	polygon: autoDraw = False
359.8842 	EXP 	text: text = 'All done!\n\nYou earned a total of: $1.00'
359.8842 	EXP 	text: autoDraw = True
362.9177 	EXP 	text: autoDraw = False
362.9177 	EXP 	text: autoDraw = False
362.9177 	EXP 	polygon2: autoDraw = True
369.7377 	DATA 	Keypress: 5
370.5222 	DATA 	Keypress: 5
371.3054 	DATA 	Keypress: 5
372.0717 	DATA 	Keypress: 5
375.4049 	DATA 	Keypress: escape
375.7858 	EXP 	window1: mouseVisible = True
