8.7937 	EXP 	Created window1 = Window(allowGUI=False, allowStencil=False, args=UNKNOWN, autoLog=True, bitsMode=UNKNOWN, blendMode='avg', color=array([0., 0., 0.]), colorSpace='rgb', fullscr=<method-wrapper '__getattribute__' of attributeSetter object at 0x134f81be0>, gamma=None, kwargs=UNKNOWN, lms=UNKNOWN, monitor=<psychopy.monitors.calibTools.Monitor object at 0x13520be80>, multiSample=False, name='window1', numSamples=2, pos=[0.0, 0.0], screen=0, size=array([1920, 1080]), stereo=False, units='height', useFBO=True, useRetina=False, viewOri=0.0, viewPos=None, viewScale=None, waitBlanking=True, winType='pyglet')
8.7938 	EXP 	window1: recordFrameIntervals = False
8.9598 	EXP 	window1: recordFrameIntervals = True
9.1441 	EXP 	window1: recordFrameIntervals = False
9.1441 	EXP 	window1: recordFrameIntervals = False
9.3092 	EXP 	window1: recordFrameIntervals = True
9.4936 	EXP 	window1: recordFrameIntervals = False
9.9504 	EXP 	Created preinstruct_text = TextStim(__class__=<class 'psychopy.visual.text.TextStim'>, alignHoriz='center', alignVert='center', antialias=True, autoLog=True, bold=False, color='white', colorSpace='named', contrast=1.0, depth=0.0, flipHoriz=False, flipVert=False, font='Arial', fontFiles=[], height=0.05, italic=False, languageStyle='LTR', name='preinstruct_text', opacity=1.0, ori=0, pos=array([0., 0.]), rgb=array([255., 255., 255.]), text='Money Task - Scanner 2', units='height', win=Window(...), wrapWidth=1)
9.9958 	EXP 	Created instructFig = ImageStim(__class__=<class 'psychopy.visual.image.ImageStim'>, autoLog=True, color=array([1., 1., 1.]), colorSpace='rgb', contrast=1.0, depth=0.0, flipHoriz=False, flipVert=False, image='images/MID_instructions.bmp', interpolate=True, mask=None, maskParams=None, name='instructFig', opacity=1.0, ori=0.0, pos=array([0., 0.]), size=array([1.3, 1. ]), texRes=128, units='height', win=Window(...))
9.9975 	EXP 	Created PrepFixation = ShapeStim(__class__=<class 'psychopy.visual.shape.ShapeStim'>, autoDraw=False, autoLog=True, closeShape=True, contrast=1.0, depth=0.0, fillColor=array([1., 1., 1.]), fillColorSpace='rgb', interpolate=True, lineColor=array([1., 1., 1.]), lineColorSpace='rgb', lineWidth=1, name='PrepFixation', opacity=1.0, ori=array(0.), pos=array([0., 0.]), size=array([0.05, 0.05]), units='height', vertices=ndarray(...), win=Window(...), windingRule=None)
9.9992 	EXP 	Created cueImage = ImageStim(__class__=<class 'psychopy.visual.image.ImageStim'>, autoLog=True, color=array([1., 1., 1.]), colorSpace='rgb', contrast=1.0, depth=0.0, flipHoriz=False, flipVert=False, image='sin', interpolate=True, mask=None, maskParams=None, name='cueImage', opacity=1.0, ori=0.0, pos=array([0., 0.]), size=array([1.3, 1. ]), texRes=128, units='height', win=Window(...))
10.0007 	EXP 	Created fixation = ShapeStim(__class__=<class 'psychopy.visual.shape.ShapeStim'>, autoDraw=False, autoLog=True, closeShape=True, contrast=1.0, depth=-1.0, fillColor=array([1., 1., 1.]), fillColorSpace='rgb', interpolate=True, lineColor=array([1., 1., 1.]), lineColorSpace='rgb', lineWidth=1, name='fixation', opacity=1.0, ori=array(0.), pos=array([0., 0.]), size=array([0.05, 0.05]), units='height', vertices=ndarray(...), win=Window(...), windingRule=None)
10.0023 	EXP 	Created Target = ImageStim(__class__=<class 'psychopy.visual.image.ImageStim'>, autoLog=True, color=array([1., 1., 1.]), colorSpace='rgb', contrast=1.0, depth=-1.0, flipHoriz=False, flipVert=False, image='sin', interpolate=True, mask=None, maskParams=None, name='Target', opacity=1.0, ori=0.0, pos=array([0., 0.]), size=array([1.3, 1. ]), texRes=128, units='height', win=Window(...))
10.0119 	EXP 	Created feedbackMsg = TextStim(__class__=<class 'psychopy.visual.text.TextStim'>, alignHoriz='center', alignVert='center', antialias=True, autoLog=True, bold=False, color='white', colorSpace='named', contrast=1.0, depth=-2.0, flipHoriz=False, flipVert=False, font='Arial', fontFiles=[], height=0.05, italic=False, languageStyle='LTR', name='feedbackMsg', opacity=1.0, ori=0, pos=array([0., 0.]), rgb=array([255., 255., 255.]), text='default text', units='height', win=Window(...), wrapWidth=2)
10.0134 	EXP 	Created polygon = ShapeStim(__class__=<class 'psychopy.visual.shape.ShapeStim'>, autoDraw=False, autoLog=True, closeShape=True, contrast=1.0, depth=0.0, fillColor=array([1., 1., 1.]), fillColorSpace='rgb', interpolate=True, lineColor=array([1., 1., 1.]), lineColorSpace='rgb', lineWidth=1, name='polygon', opacity=1.0, ori=array(0.), pos=array([0., 0.]), size=array([0.05, 0.05]), units='height', vertices=ndarray(...), win=Window(...), windingRule=None)
10.0204 	EXP 	Created text = TextStim(__class__=<class 'psychopy.visual.text.TextStim'>, alignHoriz='center', alignVert='center', antialias=True, autoLog=True, bold=False, color='white', colorSpace='named', contrast=1.0, depth=-1.0, flipHoriz=False, flipVert=False, font='Arial', fontFiles=[], height=0.07, italic=False, languageStyle='LTR', name='text', opacity=1.0, ori=0, pos=array([0., 0.]), rgb=array([255., 255., 255.]), text='default text', units='height', win=Window(...), wrapWidth=1)
10.0219 	EXP 	Created polygon2 = ShapeStim(__class__=<class 'psychopy.visual.shape.ShapeStim'>, autoDraw=False, autoLog=True, closeShape=True, contrast=1.0, depth=0.0, fillColor=array([1., 1., 1.]), fillColorSpace='rgb', interpolate=True, lineColor=array([1., 1., 1.]), lineColorSpace='rgb', lineWidth=1, name='polygon2', opacity=1.0, ori=array(0.), pos=array([0., 0.]), size=array([0.05, 0.05]), units='height', vertices=ndarray(...), win=Window(...), windingRule=None)
10.0430 	EXP 	preinstruct_text: autoDraw = True
12.0770 	EXP 	preinstruct_text: autoDraw = False
12.0770 	EXP 	instructFig: autoDraw = True
21.2091 	DATA 	Keypress: 5
21.2272 	EXP 	instructFig: autoDraw = False
21.2272 	EXP 	PrepFixation: autoDraw = True
21.9798 	DATA 	Keypress: 5
22.7637 	DATA 	Keypress: 5
23.2030 	EXP 	Imported TimeVersion1.csv as conditions, 50 conditions, 2 params
23.2034 	EXP 	Created sequence: sequential, trialTypes=50, nReps=1, seed=None
23.2037 	EXP 	New trial (rep=0, index=0): OrderedDict([('Condition', 'LgReward'), ('FixationDur', 1500)])
23.2442 	EXP 	PrepFixation: autoDraw = False
23.2442 	EXP 	PrepFixation: autoDraw = False
23.2442 	EXP 	cueImage: image = 'images/WinBig.bmp'
23.2442 	EXP 	cueImage: autoDraw = True
23.5484 	DATA 	Keypress: 5
23.6482 	DATA 	Keypress: 1
24.3131 	DATA 	Keypress: 5
25.0981 	DATA 	Keypress: 5
25.2612 	EXP 	cueImage: autoDraw = False
25.2612 	EXP 	fixation: autoDraw = True
25.8821 	DATA 	Keypress: 5
26.6475 	DATA 	Keypress: 5
26.8114 	EXP 	fixation: autoDraw = False
26.8114 	EXP 	fixation: autoDraw = False
26.8114 	EXP 	Target: image = 'images/WinProbe.bmp'
26.8114 	EXP 	Target: autoDraw = True
27.2117 	EXP 	Target: autoDraw = False
27.2117 	EXP 	Target: autoDraw = False
27.2117 	EXP 	feedbackMsg: text = 'You pressed too slow!\n\nYou did not win $5.00!'
27.2117 	EXP 	feedbackMsg: autoDraw = True
27.3149 	DATA 	Keypress: 1
27.4316 	DATA 	Keypress: 5
28.2145 	DATA 	Keypress: 5
28.8468 	EXP 	New trial (rep=0, index=1): OrderedDict([('Condition', 'Triangle'), ('FixationDur', 3500)])
28.8613 	EXP 	feedbackMsg: autoDraw = False
28.8613 	EXP 	feedbackMsg: autoDraw = False
28.8613 	EXP 	cueImage: image = 'images/Neutral.bmp'
28.8613 	EXP 	cueImage: autoDraw = True
28.9805 	DATA 	Keypress: 5
29.7639 	DATA 	Keypress: 5
30.5488 	DATA 	Keypress: 5
30.8950 	EXP 	cueImage: autoDraw = False
30.8950 	EXP 	cueImage: autoDraw = False
30.8950 	EXP 	fixation: autoDraw = True
31.3149 	DATA 	Keypress: 5
32.0985 	DATA 	Keypress: 5
32.8814 	DATA 	Keypress: 5
33.6474 	DATA 	Keypress: 5
34.4282 	EXP 	fixation: autoDraw = False
34.4282 	EXP 	fixation: autoDraw = False
34.4282 	EXP 	Target: image = 'images/NeutralProbe.bmp'
34.4282 	EXP 	Target: autoDraw = True
34.4313 	DATA 	Keypress: 5
34.8289 	EXP 	Target: autoDraw = False
34.8289 	EXP 	Target: autoDraw = False
34.8289 	EXP 	feedbackMsg: text = 'You pressed too slow!\n\nYou did not win or lose anything!'
34.8289 	EXP 	feedbackMsg: autoDraw = True
35.2160 	DATA 	Keypress: 5
35.9815 	DATA 	Keypress: 5
36.4640 	EXP 	New trial (rep=0, index=2): OrderedDict([('Condition', 'LgPun'), ('FixationDur', 1500)])
36.4779 	EXP 	feedbackMsg: autoDraw = False
36.4779 	EXP 	feedbackMsg: autoDraw = False
36.4779 	EXP 	cueImage: image = 'images/LoseBig.bmp'
36.4779 	EXP 	cueImage: autoDraw = True
36.7648 	DATA 	Keypress: 5
37.5491 	DATA 	Keypress: 5
38.3148 	DATA 	Keypress: 5
38.5119 	EXP 	cueImage: autoDraw = False
38.5119 	EXP 	cueImage: autoDraw = False
38.5119 	EXP 	fixation: autoDraw = True
39.0989 	DATA 	Keypress: 5
39.8832 	DATA 	Keypress: 5
40.0448 	EXP 	fixation: autoDraw = False
40.0448 	EXP 	fixation: autoDraw = False
40.0448 	EXP 	Target: image = 'images/LoseProbe.bmp'
40.0448 	EXP 	Target: autoDraw = True
40.3162 	DATA 	Keypress: 1
40.4305 	EXP 	Target: autoDraw = False
40.4305 	EXP 	Target: autoDraw = False
40.4305 	EXP 	feedbackMsg: text = 'Correct Response!\n\nYou did not lose $5.00!'
40.4305 	EXP 	feedbackMsg: autoDraw = True
40.6489 	DATA 	Keypress: 5
41.4323 	DATA 	Keypress: 5
42.0641 	EXP 	New trial (rep=0, index=3): OrderedDict([('Condition', 'SmallReward'), ('FixationDur', 3500)])
42.0955 	EXP 	feedbackMsg: autoDraw = False
42.0955 	EXP 	feedbackMsg: autoDraw = False
42.0955 	EXP 	cueImage: image = 'images/WinSmall.bmp'
42.0955 	EXP 	cueImage: autoDraw = True
42.2166 	DATA 	Keypress: 5
42.9979 	DATA 	Keypress: 5
43.7645 	DATA 	Keypress: 5
44.1293 	EXP 	cueImage: autoDraw = False
44.1293 	EXP 	fixation: autoDraw = True
44.5502 	DATA 	Keypress: 5
45.3166 	DATA 	Keypress: 5
46.0989 	DATA 	Keypress: 5
46.8839 	DATA 	Keypress: 5
47.6706 	DATA 	Keypress: 5
47.6793 	EXP 	fixation: autoDraw = False
47.6793 	EXP 	fixation: autoDraw = False
47.6793 	EXP 	Target: image = 'images/WinProbe.bmp'
47.6793 	EXP 	Target: autoDraw = True
48.0625 	EXP 	Target: autoDraw = False
48.0625 	EXP 	Target: autoDraw = False
48.0625 	EXP 	feedbackMsg: text = 'You pressed too slow!\n\nYou did not win $0.20!'
48.0625 	EXP 	feedbackMsg: autoDraw = True
48.1487 	DATA 	Keypress: 1
48.4318 	DATA 	Keypress: 5
49.2159 	DATA 	Keypress: 5
49.6973 	EXP 	New trial (rep=0, index=4): OrderedDict([('Condition', 'LgReward'), ('FixationDur', 1500)])
49.7291 	EXP 	feedbackMsg: autoDraw = False
49.7291 	EXP 	feedbackMsg: autoDraw = False
49.7291 	EXP 	cueImage: image = 'images/WinBig.bmp'
49.7291 	EXP 	cueImage: autoDraw = True
49.9996 	DATA 	Keypress: 5
50.7652 	DATA 	Keypress: 5
51.5498 	DATA 	Keypress: 5
51.7626 	EXP 	cueImage: autoDraw = False
51.7626 	EXP 	fixation: autoDraw = True
52.3340 	DATA 	Keypress: 5
53.0988 	DATA 	Keypress: 5
53.3130 	EXP 	fixation: autoDraw = False
53.3130 	EXP 	fixation: autoDraw = False
53.3130 	EXP 	Target: image = 'images/WinProbe.bmp'
53.3130 	EXP 	Target: autoDraw = True
53.5995 	DATA 	Keypress: 1
53.7300 	EXP 	Target: autoDraw = False
53.7300 	EXP 	Target: autoDraw = False
53.7300 	EXP 	feedbackMsg: text = 'Correct Response!\n\nYou won $5.00!'
53.7300 	EXP 	feedbackMsg: autoDraw = True
53.8838 	DATA 	Keypress: 5
54.6674 	DATA 	Keypress: 5
55.3322 	EXP 	New trial (rep=0, index=5): OrderedDict([('Condition', 'LgPun'), ('FixationDur', 2500)])
55.3462 	EXP 	feedbackMsg: autoDraw = False
55.3462 	EXP 	feedbackMsg: autoDraw = False
55.3462 	EXP 	cueImage: image = 'images/LoseBig.bmp'
55.3462 	EXP 	cueImage: autoDraw = True
55.4327 	DATA 	Keypress: 5
56.2167 	DATA 	Keypress: 5
57.0003 	DATA 	Keypress: 5
57.3793 	EXP 	cueImage: autoDraw = False
57.3793 	EXP 	cueImage: autoDraw = False
57.3793 	EXP 	fixation: autoDraw = True
57.7669 	DATA 	Keypress: 5
58.5491 	DATA 	Keypress: 5
59.3347 	DATA 	Keypress: 5
59.9134 	EXP 	fixation: autoDraw = False
59.9134 	EXP 	fixation: autoDraw = False
59.9134 	EXP 	Target: image = 'images/LoseProbe.bmp'
59.9134 	EXP 	Target: autoDraw = True
60.0997 	DATA 	Keypress: 5
60.1509 	DATA 	Keypress: 1
60.3298 	EXP 	Target: autoDraw = False
60.3298 	EXP 	Target: autoDraw = False
60.3298 	EXP 	feedbackMsg: text = 'Correct Response!\n\nYou did not lose $5.00!'
60.3298 	EXP 	feedbackMsg: autoDraw = True
60.8826 	DATA 	Keypress: 5
61.6674 	DATA 	Keypress: 5
61.9320 	EXP 	New trial (rep=0, index=6): OrderedDict([('Condition', 'LgReward'), ('FixationDur', 3500)])
61.9631 	EXP 	feedbackMsg: autoDraw = False
61.9631 	EXP 	feedbackMsg: autoDraw = False
61.9631 	EXP 	cueImage: image = 'images/WinBig.bmp'
61.9631 	EXP 	cueImage: autoDraw = True
62.4333 	DATA 	Keypress: 5
63.2157 	DATA 	Keypress: 5
63.9974 	EXP 	cueImage: autoDraw = False
63.9974 	EXP 	fixation: autoDraw = True
64.0015 	DATA 	Keypress: 5
64.7678 	DATA 	Keypress: 5
65.5500 	DATA 	Keypress: 5
66.3349 	DATA 	Keypress: 5
67.1014 	DATA 	Keypress: 5
67.5466 	EXP 	fixation: autoDraw = False
67.5466 	EXP 	fixation: autoDraw = False
67.5466 	EXP 	Target: image = 'images/WinProbe.bmp'
67.5466 	EXP 	Target: autoDraw = True
67.7837 	DATA 	Keypress: 1
67.8825 	DATA 	Keypress: 5
67.9642 	EXP 	Target: autoDraw = False
67.9642 	EXP 	Target: autoDraw = False
67.9642 	EXP 	feedbackMsg: text = 'Correct Response!\n\nYou won $5.00!'
67.9642 	EXP 	feedbackMsg: autoDraw = True
68.6671 	DATA 	Keypress: 5
69.4521 	DATA 	Keypress: 5
69.5660 	EXP 	New trial (rep=0, index=7): OrderedDict([('Condition', 'LgPun'), ('FixationDur', 2000)])
69.5805 	EXP 	feedbackMsg: autoDraw = False
69.5805 	EXP 	feedbackMsg: autoDraw = False
69.5805 	EXP 	cueImage: image = 'images/LoseBig.bmp'
69.5805 	EXP 	cueImage: autoDraw = True
70.2160 	DATA 	Keypress: 5
71.0013 	DATA 	Keypress: 5
71.6147 	EXP 	cueImage: autoDraw = False
71.6147 	EXP 	cueImage: autoDraw = False
71.6147 	EXP 	fixation: autoDraw = True
71.7857 	DATA 	Keypress: 5
72.5516 	DATA 	Keypress: 5
73.3333 	DATA 	Keypress: 5
73.6473 	EXP 	fixation: autoDraw = False
73.6473 	EXP 	fixation: autoDraw = False
73.6473 	EXP 	Target: image = 'images/LoseProbe.bmp'
73.6473 	EXP 	Target: autoDraw = True
74.0453 	DATA 	Keypress: 1
74.0509 	EXP 	Target: autoDraw = False
74.0509 	EXP 	Target: autoDraw = False
74.0509 	EXP 	feedbackMsg: text = 'You pressed too slow!\n\nYou lost $5.00!'
74.0509 	EXP 	feedbackMsg: autoDraw = True
74.1186 	DATA 	Keypress: 5
74.8846 	DATA 	Keypress: 5
75.6656 	EXP 	New trial (rep=0, index=8): OrderedDict([('Condition', 'Triangle'), ('FixationDur', 1500)])
75.6726 	DATA 	Keypress: 5
75.6801 	EXP 	feedbackMsg: autoDraw = False
75.6801 	EXP 	feedbackMsg: autoDraw = False
75.6801 	EXP 	cueImage: image = 'images/Neutral.bmp'
75.6801 	EXP 	cueImage: autoDraw = True
76.4521 	DATA 	Keypress: 5
77.2174 	DATA 	Keypress: 5
77.7148 	EXP 	cueImage: autoDraw = False
77.7148 	EXP 	cueImage: autoDraw = False
77.7148 	EXP 	fixation: autoDraw = True
78.0024 	DATA 	Keypress: 5
78.7862 	DATA 	Keypress: 5
79.2475 	EXP 	fixation: autoDraw = False
79.2475 	EXP 	fixation: autoDraw = False
79.2475 	EXP 	Target: image = 'images/NeutralProbe.bmp'
79.2475 	EXP 	Target: autoDraw = True
79.5347 	DATA 	Keypress: 1
79.5518 	DATA 	Keypress: 5
79.6479 	EXP 	Target: autoDraw = False
79.6479 	EXP 	Target: autoDraw = False
79.6479 	EXP 	feedbackMsg: text = 'Correct Response!\n\nYou did not win or lose anything!'
79.6479 	EXP 	feedbackMsg: autoDraw = True
80.3344 	DATA 	Keypress: 5
81.1198 	DATA 	Keypress: 5
81.2668 	EXP 	New trial (rep=0, index=9): OrderedDict([('Condition', 'SmallPun'), ('FixationDur', 4000)])
81.2817 	EXP 	feedbackMsg: autoDraw = False
81.2817 	EXP 	feedbackMsg: autoDraw = False
81.2817 	EXP 	cueImage: image = 'images/LoseSmall.bmp'
81.2817 	EXP 	cueImage: autoDraw = True
81.8847 	DATA 	Keypress: 5
82.6679 	DATA 	Keypress: 5
83.3149 	EXP 	cueImage: autoDraw = False
83.3149 	EXP 	cueImage: autoDraw = False
83.3149 	EXP 	fixation: autoDraw = True
83.4512 	DATA 	Keypress: 5
84.2367 	DATA 	Keypress: 5
85.0009 	DATA 	Keypress: 5
85.7869 	DATA 	Keypress: 5
86.5524 	DATA 	Keypress: 5
87.3402 	DATA 	Keypress: 5
87.3480 	EXP 	fixation: autoDraw = False
87.3480 	EXP 	fixation: autoDraw = False
87.3480 	EXP 	Target: image = 'images/LoseProbe.bmp'
87.3480 	EXP 	Target: autoDraw = True
87.6018 	DATA 	Keypress: 1
87.7487 	EXP 	Target: autoDraw = False
87.7487 	EXP 	Target: autoDraw = False
87.7487 	EXP 	feedbackMsg: text = 'Correct Response!\n\nYou did not lose $0.20!'
87.7487 	EXP 	feedbackMsg: autoDraw = True
88.1190 	DATA 	Keypress: 5
88.9038 	DATA 	Keypress: 5
89.3674 	EXP 	New trial (rep=0, index=10): OrderedDict([('Condition', 'Triangle'), ('FixationDur', 2000)])
89.3819 	EXP 	feedbackMsg: autoDraw = False
89.3819 	EXP 	feedbackMsg: autoDraw = False
89.3819 	EXP 	cueImage: image = 'images/Neutral.bmp'
89.3819 	EXP 	cueImage: autoDraw = True
89.6673 	DATA 	Keypress: 5
90.4532 	DATA 	Keypress: 5
91.2360 	DATA 	Keypress: 5
91.4161 	EXP 	cueImage: autoDraw = False
91.4161 	EXP 	cueImage: autoDraw = False
91.4161 	EXP 	fixation: autoDraw = True
92.0015 	DATA 	Keypress: 5
92.7866 	DATA 	Keypress: 5
93.4490 	EXP 	fixation: autoDraw = False
93.4490 	EXP 	fixation: autoDraw = False
93.4490 	EXP 	Target: image = 'images/NeutralProbe.bmp'
93.4490 	EXP 	Target: autoDraw = True
93.5705 	DATA 	Keypress: 5
93.6844 	DATA 	Keypress: 1
93.8535 	EXP 	Target: autoDraw = False
93.8535 	EXP 	Target: autoDraw = False
93.8535 	EXP 	feedbackMsg: text = 'Correct Response!\n\nYou did not win or lose anything!'
93.8535 	EXP 	feedbackMsg: autoDraw = True
94.3350 	DATA 	Keypress: 5
95.1205 	DATA 	Keypress: 5
95.4674 	EXP 	New trial (rep=0, index=11): OrderedDict([('Condition', 'Triangle'), ('FixationDur', 3000)])
95.4821 	EXP 	feedbackMsg: autoDraw = False
95.4821 	EXP 	feedbackMsg: autoDraw = False
95.4821 	EXP 	cueImage: image = 'images/Neutral.bmp'
95.4821 	EXP 	cueImage: autoDraw = True
95.9035 	DATA 	Keypress: 5
96.6685 	DATA 	Keypress: 5
97.4521 	DATA 	Keypress: 5
97.5165 	EXP 	cueImage: autoDraw = False
97.5165 	EXP 	cueImage: autoDraw = False
97.5165 	EXP 	fixation: autoDraw = True
98.2376 	DATA 	Keypress: 5
99.0027 	DATA 	Keypress: 5
99.3694 	DATA 	Keypress: 1
99.7861 	DATA 	Keypress: 5
100.4546 	DATA 	Keypress: 1
100.5493 	EXP 	fixation: autoDraw = False
100.5493 	EXP 	fixation: autoDraw = False
100.5493 	EXP 	Target: image = 'images/NeutralProbe.bmp'
100.5493 	EXP 	Target: autoDraw = True
100.5709 	DATA 	Keypress: 5
100.9547 	EXP 	Target: autoDraw = False
100.9547 	EXP 	Target: autoDraw = False
100.9547 	EXP 	feedbackMsg: text = 'You pressed too soon!\n\nYou did not win or lose anything!'
100.9547 	EXP 	feedbackMsg: autoDraw = True
101.0549 	DATA 	Keypress: 1
101.3355 	DATA 	Keypress: 5
102.1196 	DATA 	Keypress: 5
102.5681 	EXP 	New trial (rep=0, index=12): OrderedDict([('Condition', 'SmallReward'), ('FixationDur', 3000)])
102.5989 	EXP 	feedbackMsg: autoDraw = False
102.5989 	EXP 	feedbackMsg: autoDraw = False
102.5989 	EXP 	cueImage: image = 'images/WinSmall.bmp'
102.5989 	EXP 	cueImage: autoDraw = True
102.9034 	DATA 	Keypress: 5
103.6695 	DATA 	Keypress: 5
104.4529 	DATA 	Keypress: 5
104.6333 	EXP 	cueImage: autoDraw = False
104.6333 	EXP 	fixation: autoDraw = True
105.2379 	DATA 	Keypress: 5
106.0037 	DATA 	Keypress: 5
106.7862 	DATA 	Keypress: 5
107.5707 	DATA 	Keypress: 5
107.6834 	EXP 	fixation: autoDraw = False
107.6834 	EXP 	fixation: autoDraw = False
107.6834 	EXP 	Target: image = 'images/WinProbe.bmp'
107.6834 	EXP 	Target: autoDraw = True
107.9210 	DATA 	Keypress: 1
108.0835 	EXP 	Target: autoDraw = False
108.0835 	EXP 	Target: autoDraw = False
108.0835 	EXP 	feedbackMsg: text = 'Correct Response!\n\nYou won $0.20!'
108.0835 	EXP 	feedbackMsg: autoDraw = True
108.3547 	DATA 	Keypress: 5
109.1201 	DATA 	Keypress: 5
109.7015 	EXP 	New trial (rep=0, index=13): OrderedDict([('Condition', 'SmallPun'), ('FixationDur', 3000)])
109.7169 	EXP 	feedbackMsg: autoDraw = False
109.7169 	EXP 	feedbackMsg: autoDraw = False
109.7169 	EXP 	cueImage: image = 'images/LoseSmall.bmp'
109.7169 	EXP 	cueImage: autoDraw = True
109.9043 	DATA 	Keypress: 5
110.6872 	DATA 	Keypress: 5
111.4522 	DATA 	Keypress: 5
111.7389 	EXP 	cueImage: autoDraw = False
111.7389 	EXP 	cueImage: autoDraw = False
111.7389 	EXP 	fixation: autoDraw = True
112.2368 	DATA 	Keypress: 5
113.0214 	DATA 	Keypress: 5
113.7858 	DATA 	Keypress: 5
114.5705 	DATA 	Keypress: 5
114.7828 	EXP 	fixation: autoDraw = False
114.7828 	EXP 	fixation: autoDraw = False
114.7828 	EXP 	Target: image = 'images/LoseProbe.bmp'
114.7828 	EXP 	Target: autoDraw = True
115.1673 	EXP 	Target: autoDraw = False
115.1673 	EXP 	Target: autoDraw = False
115.1673 	EXP 	feedbackMsg: text = 'You pressed too slow!\n\nYou lost $0.20!'
115.1673 	EXP 	feedbackMsg: autoDraw = True
115.2717 	DATA 	Keypress: 1
115.3553 	DATA 	Keypress: 5
116.1200 	DATA 	Keypress: 5
116.8193 	EXP 	New trial (rep=0, index=14): OrderedDict([('Condition', 'LgReward'), ('FixationDur', 2000)])
116.8504 	EXP 	feedbackMsg: autoDraw = False
116.8504 	EXP 	feedbackMsg: autoDraw = False
116.8504 	EXP 	cueImage: image = 'images/WinBig.bmp'
116.8504 	EXP 	cueImage: autoDraw = True
116.9040 	DATA 	Keypress: 5
117.6880 	DATA 	Keypress: 5
118.4534 	DATA 	Keypress: 5
118.8736 	EXP 	cueImage: autoDraw = False
118.8736 	EXP 	fixation: autoDraw = True
119.2382 	DATA 	Keypress: 5
120.0223 	DATA 	Keypress: 5
120.7875 	DATA 	Keypress: 5
120.9344 	EXP 	fixation: autoDraw = False
120.9344 	EXP 	fixation: autoDraw = False
120.9344 	EXP 	Target: image = 'images/WinProbe.bmp'
120.9344 	EXP 	Target: autoDraw = True
121.1708 	DATA 	Keypress: 1
121.3010 	EXP 	Target: autoDraw = False
121.3010 	EXP 	Target: autoDraw = False
121.3010 	EXP 	feedbackMsg: text = 'Correct Response!\n\nYou won $5.00!'
121.3010 	EXP 	feedbackMsg: autoDraw = True
121.5696 	DATA 	Keypress: 5
122.3558 	DATA 	Keypress: 5
122.9528 	EXP 	New trial (rep=0, index=15): OrderedDict([('Condition', 'SmallPun'), ('FixationDur', 2000)])
122.9675 	EXP 	feedbackMsg: autoDraw = False
122.9675 	EXP 	feedbackMsg: autoDraw = False
122.9675 	EXP 	cueImage: image = 'images/LoseSmall.bmp'
122.9675 	EXP 	cueImage: autoDraw = True
123.1204 	DATA 	Keypress: 5
123.9039 	DATA 	Keypress: 5
124.6875 	DATA 	Keypress: 5
124.9908 	EXP 	cueImage: autoDraw = False
124.9908 	EXP 	cueImage: autoDraw = False
124.9908 	EXP 	fixation: autoDraw = True
125.4547 	DATA 	Keypress: 5
126.2370 	DATA 	Keypress: 5
127.0255 	DATA 	Keypress: 5
127.0332 	EXP 	fixation: autoDraw = False
127.0332 	EXP 	fixation: autoDraw = False
127.0332 	EXP 	Target: image = 'images/LoseProbe.bmp'
127.0332 	EXP 	Target: autoDraw = True
127.2722 	DATA 	Keypress: 1
127.4014 	EXP 	Target: autoDraw = False
127.4014 	EXP 	Target: autoDraw = False
127.4014 	EXP 	feedbackMsg: text = 'Correct Response!\n\nYou did not lose $0.20!'
127.4014 	EXP 	feedbackMsg: autoDraw = True
127.8056 	DATA 	Keypress: 5
128.5709 	DATA 	Keypress: 5
129.0532 	EXP 	New trial (rep=0, index=16): OrderedDict([('Condition', 'LgPun'), ('FixationDur', 3000)])
129.0677 	EXP 	feedbackMsg: autoDraw = False
129.0677 	EXP 	feedbackMsg: autoDraw = False
129.0677 	EXP 	cueImage: image = 'images/LoseBig.bmp'
129.0677 	EXP 	cueImage: autoDraw = True
129.3553 	DATA 	Keypress: 5
130.1373 	DATA 	Keypress: 5
130.9035 	DATA 	Keypress: 5
131.0921 	EXP 	cueImage: autoDraw = False
131.0921 	EXP 	cueImage: autoDraw = False
131.0921 	EXP 	fixation: autoDraw = True
131.6893 	DATA 	Keypress: 5
132.4725 	DATA 	Keypress: 5
133.2369 	DATA 	Keypress: 5
134.0224 	DATA 	Keypress: 5
134.1348 	EXP 	fixation: autoDraw = False
134.1348 	EXP 	fixation: autoDraw = False
134.1348 	EXP 	Target: image = 'images/LoseProbe.bmp'
134.1348 	EXP 	Target: autoDraw = True
134.3887 	DATA 	Keypress: 1
134.4847 	EXP 	Target: autoDraw = False
134.4847 	EXP 	Target: autoDraw = False
134.4847 	EXP 	feedbackMsg: text = 'Correct Response!\n\nYou did not lose $5.00!'
134.4847 	EXP 	feedbackMsg: autoDraw = True
134.8062 	DATA 	Keypress: 5
135.5711 	DATA 	Keypress: 5
136.1537 	EXP 	New trial (rep=0, index=17): OrderedDict([('Condition', 'SmallPun'), ('FixationDur', 1500)])
136.1680 	EXP 	feedbackMsg: autoDraw = False
136.1680 	EXP 	feedbackMsg: autoDraw = False
136.1680 	EXP 	cueImage: image = 'images/LoseSmall.bmp'
136.1680 	EXP 	cueImage: autoDraw = True
136.3559 	DATA 	Keypress: 5
137.1374 	DATA 	Keypress: 5
137.9045 	DATA 	Keypress: 5
138.1931 	EXP 	cueImage: autoDraw = False
138.1931 	EXP 	cueImage: autoDraw = False
138.1931 	EXP 	fixation: autoDraw = True
138.6894 	DATA 	Keypress: 5
139.4732 	DATA 	Keypress: 5
139.7350 	EXP 	fixation: autoDraw = False
139.7350 	EXP 	fixation: autoDraw = False
139.7350 	EXP 	Target: image = 'images/LoseProbe.bmp'
139.7350 	EXP 	Target: autoDraw = True
140.0231 	DATA 	Keypress: 1
140.0851 	EXP 	Target: autoDraw = False
140.0851 	EXP 	Target: autoDraw = False
140.0851 	EXP 	feedbackMsg: text = 'Correct Response!\n\nYou did not lose $0.20!'
140.0851 	EXP 	feedbackMsg: autoDraw = True
140.2383 	DATA 	Keypress: 5
141.0233 	DATA 	Keypress: 5
141.7542 	EXP 	New trial (rep=0, index=18): OrderedDict([('Condition', 'LgReward'), ('FixationDur', 3000)])
141.7847 	EXP 	feedbackMsg: autoDraw = False
141.7847 	EXP 	feedbackMsg: autoDraw = False
141.7847 	EXP 	cueImage: image = 'images/WinBig.bmp'
141.7847 	EXP 	cueImage: autoDraw = True
141.8061 	DATA 	Keypress: 5
142.5719 	DATA 	Keypress: 5
143.3553 	DATA 	Keypress: 5
143.8105 	EXP 	cueImage: autoDraw = False
143.8105 	EXP 	fixation: autoDraw = True
144.1390 	DATA 	Keypress: 5
144.9054 	DATA 	Keypress: 5
145.6892 	DATA 	Keypress: 5
146.4735 	DATA 	Keypress: 5
146.6070 	DATA 	Keypress: 1
146.8606 	EXP 	fixation: autoDraw = False
146.8606 	EXP 	fixation: autoDraw = False
146.8606 	EXP 	Target: image = 'images/WinProbe.bmp'
146.8606 	EXP 	Target: autoDraw = True
147.2195 	EXP 	Target: autoDraw = False
147.2195 	EXP 	Target: autoDraw = False
147.2195 	EXP 	feedbackMsg: text = 'You pressed too soon!\n\nYou did not win $5.00!'
147.2195 	EXP 	feedbackMsg: autoDraw = True
147.2391 	DATA 	Keypress: 5
147.2885 	DATA 	Keypress: 1
148.0219 	DATA 	Keypress: 5
148.8059 	DATA 	Keypress: 5
148.8878 	EXP 	New trial (rep=0, index=19): OrderedDict([('Condition', 'LgPun'), ('FixationDur', 4000)])
148.9024 	EXP 	feedbackMsg: autoDraw = False
148.9024 	EXP 	feedbackMsg: autoDraw = False
148.9024 	EXP 	cueImage: image = 'images/LoseBig.bmp'
148.9024 	EXP 	cueImage: autoDraw = True
149.5891 	DATA 	Keypress: 5
150.3558 	DATA 	Keypress: 5
150.9278 	EXP 	cueImage: autoDraw = False
150.9278 	EXP 	cueImage: autoDraw = False
150.9278 	EXP 	fixation: autoDraw = True
151.1410 	DATA 	Keypress: 5
151.9240 	DATA 	Keypress: 5
152.6882 	DATA 	Keypress: 5
153.4737 	DATA 	Keypress: 5
154.2572 	DATA 	Keypress: 5
154.9693 	EXP 	fixation: autoDraw = False
154.9693 	EXP 	fixation: autoDraw = False
154.9693 	EXP 	Target: image = 'images/LoseProbe.bmp'
154.9693 	EXP 	Target: autoDraw = True
155.0218 	DATA 	Keypress: 5
155.2216 	DATA 	Keypress: 1
155.3121 	EXP 	Target: autoDraw = False
155.3121 	EXP 	Target: autoDraw = False
155.3121 	EXP 	feedbackMsg: text = 'Correct Response!\n\nYou did not lose $5.00!'
155.3121 	EXP 	feedbackMsg: autoDraw = True
155.8074 	DATA 	Keypress: 5
156.5903 	DATA 	Keypress: 5
156.9886 	EXP 	New trial (rep=0, index=20): OrderedDict([('Condition', 'SmallReward'), ('FixationDur', 2500)])
157.0194 	EXP 	feedbackMsg: autoDraw = False
157.0194 	EXP 	feedbackMsg: autoDraw = False
157.0194 	EXP 	cueImage: image = 'images/WinSmall.bmp'
157.0194 	EXP 	cueImage: autoDraw = True
157.3554 	DATA 	Keypress: 5
158.1402 	DATA 	Keypress: 5
158.9239 	DATA 	Keypress: 5
159.0459 	EXP 	cueImage: autoDraw = False
159.0459 	EXP 	fixation: autoDraw = True
159.6899 	DATA 	Keypress: 5
160.4734 	DATA 	Keypress: 5
161.2578 	DATA 	Keypress: 5
161.5962 	EXP 	fixation: autoDraw = False
161.5962 	EXP 	fixation: autoDraw = False
161.5962 	EXP 	Target: image = 'images/WinProbe.bmp'
161.5962 	EXP 	Target: autoDraw = True
161.9348 	DATA 	Keypress: 1
161.9460 	EXP 	Target: autoDraw = False
161.9460 	EXP 	Target: autoDraw = False
161.9460 	EXP 	feedbackMsg: text = 'You pressed too slow!\n\nYou did not win $0.20!'
161.9460 	EXP 	feedbackMsg: autoDraw = True
162.0232 	DATA 	Keypress: 5
162.8071 	DATA 	Keypress: 5
163.5891 	DATA 	Keypress: 5
163.6210 	EXP 	New trial (rep=0, index=21): OrderedDict([('Condition', 'LgPun'), ('FixationDur', 3500)])
163.6368 	EXP 	feedbackMsg: autoDraw = False
163.6368 	EXP 	feedbackMsg: autoDraw = False
163.6368 	EXP 	cueImage: image = 'images/LoseBig.bmp'
163.6368 	EXP 	cueImage: autoDraw = True
164.3567 	DATA 	Keypress: 5
165.1392 	DATA 	Keypress: 5
165.6634 	EXP 	cueImage: autoDraw = False
165.6634 	EXP 	cueImage: autoDraw = False
165.6634 	EXP 	fixation: autoDraw = True
165.9248 	DATA 	Keypress: 5
166.6901 	DATA 	Keypress: 5
167.4731 	DATA 	Keypress: 5
168.2582 	DATA 	Keypress: 5
169.0239 	DATA 	Keypress: 5
169.2034 	EXP 	fixation: autoDraw = False
169.2034 	EXP 	fixation: autoDraw = False
169.2034 	EXP 	Target: image = 'images/LoseProbe.bmp'
169.2034 	EXP 	Target: autoDraw = True
169.5318 	DATA 	Keypress: 1
169.5378 	EXP 	Target: autoDraw = False
169.5378 	EXP 	Target: autoDraw = False
169.5378 	EXP 	feedbackMsg: text = 'You pressed too slow!\n\nYou lost $5.00!'
169.5378 	EXP 	feedbackMsg: autoDraw = True
169.8069 	DATA 	Keypress: 5
170.5918 	DATA 	Keypress: 5
171.2225 	EXP 	New trial (rep=0, index=22): OrderedDict([('Condition', 'Triangle'), ('FixationDur', 1500)])
171.2370 	EXP 	feedbackMsg: autoDraw = False
171.2370 	EXP 	feedbackMsg: autoDraw = False
171.2370 	EXP 	cueImage: image = 'images/Neutral.bmp'
171.2370 	EXP 	cueImage: autoDraw = True
171.3748 	DATA 	Keypress: 5
172.1391 	DATA 	Keypress: 5
172.9248 	DATA 	Keypress: 5
173.2642 	EXP 	cueImage: autoDraw = False
173.2642 	EXP 	cueImage: autoDraw = False
173.2642 	EXP 	fixation: autoDraw = True
173.7081 	DATA 	Keypress: 5
174.4732 	DATA 	Keypress: 5
174.8041 	EXP 	fixation: autoDraw = False
174.8041 	EXP 	fixation: autoDraw = False
174.8041 	EXP 	Target: image = 'images/NeutralProbe.bmp'
174.8041 	EXP 	Target: autoDraw = True
175.1540 	EXP 	Target: autoDraw = False
175.1540 	EXP 	Target: autoDraw = False
175.1540 	EXP 	feedbackMsg: text = 'You pressed too slow!\n\nYou did not win or lose anything!'
175.1540 	EXP 	feedbackMsg: autoDraw = True
175.2582 	DATA 	Keypress: 5
175.3232 	DATA 	Keypress: 1
176.0427 	DATA 	Keypress: 5
176.8062 	DATA 	Keypress: 5
176.8229 	EXP 	New trial (rep=0, index=23): OrderedDict([('Condition', 'LgReward'), ('FixationDur', 2500)])
176.8484 	EXP 	feedbackMsg: autoDraw = False
176.8484 	EXP 	feedbackMsg: autoDraw = False
176.8484 	EXP 	cueImage: image = 'images/WinBig.bmp'
176.8484 	EXP 	cueImage: autoDraw = True
177.5919 	DATA 	Keypress: 5
178.3742 	DATA 	Keypress: 5
178.8817 	EXP 	cueImage: autoDraw = False
178.8817 	EXP 	fixation: autoDraw = True
179.1416 	DATA 	Keypress: 5
179.9245 	DATA 	Keypress: 5
180.7094 	DATA 	Keypress: 5
181.4320 	EXP 	fixation: autoDraw = False
181.4320 	EXP 	fixation: autoDraw = False
181.4320 	EXP 	Target: image = 'images/WinProbe.bmp'
181.4320 	EXP 	Target: autoDraw = True
181.4740 	DATA 	Keypress: 5
181.6754 	DATA 	Keypress: 1
181.7879 	EXP 	Target: autoDraw = False
181.7879 	EXP 	Target: autoDraw = False
181.7879 	EXP 	feedbackMsg: text = 'Correct Response!\n\nYou won $5.00!'
181.7879 	EXP 	feedbackMsg: autoDraw = True
182.2590 	DATA 	Keypress: 5
183.0421 	DATA 	Keypress: 5
183.4566 	EXP 	New trial (rep=0, index=24): OrderedDict([('Condition', 'Triangle'), ('FixationDur', 1500)])
183.4713 	EXP 	feedbackMsg: autoDraw = False
183.4713 	EXP 	feedbackMsg: autoDraw = False
183.4713 	EXP 	cueImage: image = 'images/Neutral.bmp'
183.4713 	EXP 	cueImage: autoDraw = True
183.8079 	DATA 	Keypress: 5
184.5915 	DATA 	Keypress: 5
185.3729 	DATA 	Keypress: 5
185.4995 	EXP 	cueImage: autoDraw = False
185.4995 	EXP 	cueImage: autoDraw = False
185.4995 	EXP 	fixation: autoDraw = True
186.1415 	DATA 	Keypress: 5
186.9259 	DATA 	Keypress: 5
187.0342 	EXP 	fixation: autoDraw = False
187.0342 	EXP 	fixation: autoDraw = False
187.0342 	EXP 	Target: image = 'images/NeutralProbe.bmp'
187.0342 	EXP 	Target: autoDraw = True
187.3880 	EXP 	Target: autoDraw = False
187.3880 	EXP 	Target: autoDraw = False
187.3880 	EXP 	feedbackMsg: text = 'You pressed too slow!\n\nYou did not win or lose anything!'
187.3880 	EXP 	feedbackMsg: autoDraw = True
187.4914 	DATA 	Keypress: 1
187.7081 	DATA 	Keypress: 5
188.4750 	DATA 	Keypress: 5
189.0571 	EXP 	New trial (rep=0, index=25): OrderedDict([('Condition', 'Triangle'), ('FixationDur', 2000)])
189.0717 	EXP 	feedbackMsg: autoDraw = False
189.0717 	EXP 	feedbackMsg: autoDraw = False
189.0717 	EXP 	cueImage: image = 'images/Neutral.bmp'
189.0717 	EXP 	cueImage: autoDraw = True
189.2576 	DATA 	Keypress: 5
190.0428 	DATA 	Keypress: 5
190.8085 	DATA 	Keypress: 5
191.1004 	EXP 	cueImage: autoDraw = False
191.1004 	EXP 	cueImage: autoDraw = False
191.1004 	EXP 	fixation: autoDraw = True
191.5918 	DATA 	Keypress: 5
192.3755 	DATA 	Keypress: 5
193.1328 	EXP 	fixation: autoDraw = False
193.1328 	EXP 	fixation: autoDraw = False
193.1328 	EXP 	Target: image = 'images/NeutralProbe.bmp'
193.1328 	EXP 	Target: autoDraw = True
193.1585 	DATA 	Keypress: 5
193.4836 	EXP 	Target: autoDraw = False
193.4836 	EXP 	Target: autoDraw = False
193.4836 	EXP 	feedbackMsg: text = 'You pressed too slow!\n\nYou did not win or lose anything!'
193.4836 	EXP 	feedbackMsg: autoDraw = True
193.9248 	DATA 	Keypress: 5
194.7091 	DATA 	Keypress: 5
195.1575 	EXP 	New trial (rep=0, index=26): OrderedDict([('Condition', 'LgReward'), ('FixationDur', 4000)])
195.1836 	EXP 	feedbackMsg: autoDraw = False
195.1836 	EXP 	feedbackMsg: autoDraw = False
195.1836 	EXP 	cueImage: image = 'images/WinBig.bmp'
195.1836 	EXP 	cueImage: autoDraw = True
195.4907 	DATA 	Keypress: 5
196.2587 	DATA 	Keypress: 5
197.0431 	DATA 	Keypress: 5
197.2177 	EXP 	cueImage: autoDraw = False
197.2177 	EXP 	fixation: autoDraw = True
197.8264 	DATA 	Keypress: 5
198.5920 	DATA 	Keypress: 5
199.3760 	DATA 	Keypress: 5
200.1584 	DATA 	Keypress: 5
200.9261 	DATA 	Keypress: 5
201.2674 	EXP 	fixation: autoDraw = False
201.2674 	EXP 	fixation: autoDraw = False
201.2674 	EXP 	Target: image = 'images/WinProbe.bmp'
201.2674 	EXP 	Target: autoDraw = True
201.5422 	DATA 	Keypress: 1
201.6218 	EXP 	Target: autoDraw = False
201.6218 	EXP 	Target: autoDraw = False
201.6218 	EXP 	feedbackMsg: text = 'Correct Response!\n\nYou won $5.00!'
201.6218 	EXP 	feedbackMsg: autoDraw = True
201.6250 	DATA 	Keypress: 1
201.7088 	DATA 	Keypress: 5
202.4937 	DATA 	Keypress: 5
203.2593 	DATA 	Keypress: 5
203.2906 	EXP 	New trial (rep=0, index=27): OrderedDict([('Condition', 'Triangle'), ('FixationDur', 2500)])
203.3063 	EXP 	feedbackMsg: autoDraw = False
203.3063 	EXP 	feedbackMsg: autoDraw = False
203.3063 	EXP 	cueImage: image = 'images/Neutral.bmp'
203.3063 	EXP 	cueImage: autoDraw = True
204.0429 	DATA 	Keypress: 5
204.8255 	DATA 	Keypress: 5
205.3351 	EXP 	cueImage: autoDraw = False
205.3351 	EXP 	cueImage: autoDraw = False
205.3351 	EXP 	fixation: autoDraw = True
205.5913 	DATA 	Keypress: 5
206.3764 	DATA 	Keypress: 5
207.1609 	DATA 	Keypress: 5
207.8683 	EXP 	fixation: autoDraw = False
207.8683 	EXP 	fixation: autoDraw = False
207.8683 	EXP 	Target: image = 'images/NeutralProbe.bmp'
207.8683 	EXP 	Target: autoDraw = True
207.9261 	DATA 	Keypress: 5
208.1606 	DATA 	Keypress: 1
208.2230 	EXP 	Target: autoDraw = False
208.2230 	EXP 	Target: autoDraw = False
208.2230 	EXP 	feedbackMsg: text = 'Correct Response!\n\nYou did not win or lose anything!'
208.2230 	EXP 	feedbackMsg: autoDraw = True
208.7093 	DATA 	Keypress: 5
209.4942 	DATA 	Keypress: 5
209.8918 	EXP 	New trial (rep=0, index=28): OrderedDict([('Condition', 'SmallPun'), ('FixationDur', 2500)])
209.9061 	EXP 	feedbackMsg: autoDraw = False
209.9061 	EXP 	feedbackMsg: autoDraw = False
209.9061 	EXP 	cueImage: image = 'images/LoseSmall.bmp'
209.9061 	EXP 	cueImage: autoDraw = True
210.2593 	DATA 	Keypress: 5
211.0432 	DATA 	Keypress: 5
211.8272 	DATA 	Keypress: 5
211.9360 	EXP 	cueImage: autoDraw = False
211.9360 	EXP 	cueImage: autoDraw = False
211.9360 	EXP 	fixation: autoDraw = True
212.5940 	DATA 	Keypress: 5
213.3758 	DATA 	Keypress: 5
214.1611 	DATA 	Keypress: 5
214.4696 	EXP 	fixation: autoDraw = False
214.4696 	EXP 	fixation: autoDraw = False
214.4696 	EXP 	Target: image = 'images/LoseProbe.bmp'
214.4696 	EXP 	Target: autoDraw = True
214.7058 	DATA 	Keypress: 1
214.8362 	EXP 	Target: autoDraw = False
214.8362 	EXP 	Target: autoDraw = False
214.8362 	EXP 	feedbackMsg: text = 'Correct Response!\n\nYou did not lose $0.20!'
214.8362 	EXP 	feedbackMsg: autoDraw = True
214.9395 	DATA 	Keypress: 5
215.7092 	DATA 	Keypress: 5
216.4946 	DATA 	Keypress: 5
216.5088 	EXP 	New trial (rep=0, index=29): OrderedDict([('Condition', 'SmallReward'), ('FixationDur', 2000)])
216.5360 	EXP 	feedbackMsg: autoDraw = False
216.5360 	EXP 	feedbackMsg: autoDraw = False
216.5360 	EXP 	cueImage: image = 'images/WinSmall.bmp'
216.5360 	EXP 	cueImage: autoDraw = True
217.2727 	DATA 	Keypress: 5
218.0422 	DATA 	Keypress: 5
218.5708 	EXP 	cueImage: autoDraw = False
218.5708 	EXP 	fixation: autoDraw = True
218.8233 	DATA 	Keypress: 5
219.6079 	DATA 	Keypress: 5
220.3742 	DATA 	Keypress: 5
220.6199 	EXP 	fixation: autoDraw = False
220.6199 	EXP 	fixation: autoDraw = False
220.6199 	EXP 	Target: image = 'images/WinProbe.bmp'
220.6199 	EXP 	Target: autoDraw = True
220.8582 	DATA 	Keypress: 1
220.9538 	EXP 	Target: autoDraw = False
220.9538 	EXP 	Target: autoDraw = False
220.9538 	EXP 	feedbackMsg: text = 'Correct Response!\n\nYou won $0.20!'
220.9538 	EXP 	feedbackMsg: autoDraw = True
221.1567 	DATA 	Keypress: 5
221.9408 	DATA 	Keypress: 5
222.6390 	EXP 	New trial (rep=0, index=30): OrderedDict([('Condition', 'LgReward'), ('FixationDur', 2000)])
222.6708 	EXP 	feedbackMsg: autoDraw = False
222.6708 	EXP 	feedbackMsg: autoDraw = False
222.6708 	EXP 	cueImage: image = 'images/WinBig.bmp'
222.6708 	EXP 	cueImage: autoDraw = True
222.7243 	DATA 	Keypress: 5
223.4904 	DATA 	Keypress: 5
224.2744 	DATA 	Keypress: 5
224.6878 	EXP 	cueImage: autoDraw = False
224.6878 	EXP 	fixation: autoDraw = True
225.0582 	DATA 	Keypress: 5
225.8237 	DATA 	Keypress: 5
226.6118 	DATA 	Keypress: 5
226.7378 	EXP 	fixation: autoDraw = False
226.7378 	EXP 	fixation: autoDraw = False
226.7378 	EXP 	Target: image = 'images/WinProbe.bmp'
226.7378 	EXP 	Target: autoDraw = True
226.9750 	DATA 	Keypress: 1
227.0709 	EXP 	Target: autoDraw = False
227.0709 	EXP 	Target: autoDraw = False
227.0709 	EXP 	feedbackMsg: text = 'Correct Response!\n\nYou won $5.00!'
227.0709 	EXP 	feedbackMsg: autoDraw = True
227.3928 	DATA 	Keypress: 5
228.1571 	DATA 	Keypress: 5
228.7568 	EXP 	New trial (rep=0, index=31): OrderedDict([('Condition', 'SmallPun'), ('FixationDur', 2000)])
228.7744 	EXP 	feedbackMsg: autoDraw = False
228.7744 	EXP 	feedbackMsg: autoDraw = False
228.7744 	EXP 	cueImage: image = 'images/LoseSmall.bmp'
228.7744 	EXP 	cueImage: autoDraw = True
228.9450 	DATA 	Keypress: 5
229.7107 	DATA 	Keypress: 5
230.4938 	DATA 	Keypress: 5
230.8047 	EXP 	cueImage: autoDraw = False
230.8047 	EXP 	fixation: autoDraw = True
231.2745 	DATA 	Keypress: 5
232.0447 	DATA 	Keypress: 5
232.8326 	DATA 	Keypress: 5
232.8385 	EXP 	fixation: autoDraw = False
232.8385 	EXP 	fixation: autoDraw = False
232.8385 	EXP 	Target: image = 'images/LoseProbe.bmp'
232.8385 	EXP 	Target: autoDraw = True
233.1727 	EXP 	Target: autoDraw = False
233.1727 	EXP 	Target: autoDraw = False
233.1727 	EXP 	feedbackMsg: text = 'You pressed too slow!\n\nYou lost $0.20!'
233.1727 	EXP 	feedbackMsg: autoDraw = True
233.2454 	DATA 	Keypress: 1
233.6123 	DATA 	Keypress: 5
234.3788 	DATA 	Keypress: 5
234.8592 	EXP 	New trial (rep=0, index=32): OrderedDict([('Condition', 'SmallPun'), ('FixationDur', 1500)])
234.8743 	EXP 	feedbackMsg: autoDraw = False
234.8743 	EXP 	feedbackMsg: autoDraw = False
234.8743 	EXP 	cueImage: image = 'images/LoseSmall.bmp'
234.8743 	EXP 	cueImage: autoDraw = True
235.1604 	DATA 	Keypress: 5
235.9449 	DATA 	Keypress: 5
236.7288 	DATA 	Keypress: 5
236.9063 	EXP 	cueImage: autoDraw = False
236.9063 	EXP 	cueImage: autoDraw = False
236.9063 	EXP 	fixation: autoDraw = True
237.4948 	DATA 	Keypress: 5
238.2794 	DATA 	Keypress: 5
238.4388 	EXP 	fixation: autoDraw = False
238.4388 	EXP 	fixation: autoDraw = False
238.4388 	EXP 	Target: image = 'images/LoseProbe.bmp'
238.4388 	EXP 	Target: autoDraw = True
238.7397 	EXP 	Target: autoDraw = False
238.7397 	EXP 	Target: autoDraw = False
238.7397 	EXP 	feedbackMsg: text = 'You pressed too slow!\n\nYou lost $0.20!'
238.7397 	EXP 	feedbackMsg: autoDraw = True
238.8774 	DATA 	Keypress: 1
239.0621 	DATA 	Keypress: 5
239.8280 	DATA 	Keypress: 5
240.4604 	EXP 	New trial (rep=0, index=33): OrderedDict([('Condition', 'SmallReward'), ('FixationDur', 1500)])
240.4889 	EXP 	feedbackMsg: autoDraw = False
240.4889 	EXP 	feedbackMsg: autoDraw = False
240.4889 	EXP 	cueImage: image = 'images/WinSmall.bmp'
240.4889 	EXP 	cueImage: autoDraw = True
240.6118 	DATA 	Keypress: 5
241.3954 	DATA 	Keypress: 5
242.1604 	DATA 	Keypress: 5
242.5234 	EXP 	cueImage: autoDraw = False
242.5234 	EXP 	fixation: autoDraw = True
242.9462 	DATA 	Keypress: 5
243.7297 	DATA 	Keypress: 5
244.0727 	EXP 	fixation: autoDraw = False
244.0727 	EXP 	fixation: autoDraw = False
244.0727 	EXP 	Target: image = 'images/WinProbe.bmp'
244.0727 	EXP 	Target: autoDraw = True
244.3725 	DATA 	Keypress: 1
244.3898 	EXP 	Target: autoDraw = False
244.3898 	EXP 	Target: autoDraw = False
244.3898 	EXP 	feedbackMsg: text = 'You pressed too slow!\n\nYou did not win $0.20!'
244.3898 	EXP 	feedbackMsg: autoDraw = True
244.4947 	DATA 	Keypress: 5
245.2787 	DATA 	Keypress: 5
246.0635 	DATA 	Keypress: 5
246.0943 	EXP 	New trial (rep=0, index=34): OrderedDict([('Condition', 'SmallReward'), ('FixationDur', 1500)])
246.1231 	EXP 	feedbackMsg: autoDraw = False
246.1231 	EXP 	feedbackMsg: autoDraw = False
246.1231 	EXP 	cueImage: image = 'images/WinSmall.bmp'
246.1231 	EXP 	cueImage: autoDraw = True
246.8282 	DATA 	Keypress: 5
247.6120 	DATA 	Keypress: 5
248.1574 	EXP 	cueImage: autoDraw = False
248.1574 	EXP 	fixation: autoDraw = True
248.3967 	DATA 	Keypress: 5
249.1621 	DATA 	Keypress: 5
249.7072 	EXP 	fixation: autoDraw = False
249.7072 	EXP 	fixation: autoDraw = False
249.7072 	EXP 	Target: image = 'images/WinProbe.bmp'
249.7072 	EXP 	Target: autoDraw = True
249.9444 	DATA 	Keypress: 1
249.9462 	DATA 	Keypress: 5
250.0073 	EXP 	Target: autoDraw = False
250.0073 	EXP 	Target: autoDraw = False
250.0073 	EXP 	feedbackMsg: text = 'Correct Response!\n\nYou won $0.20!'
250.0073 	EXP 	feedbackMsg: autoDraw = True
250.7302 	DATA 	Keypress: 5
251.4958 	DATA 	Keypress: 5
251.7278 	EXP 	New trial (rep=0, index=35): OrderedDict([('Condition', 'LgPun'), ('FixationDur', 1500)])
251.7421 	EXP 	feedbackMsg: autoDraw = False
251.7421 	EXP 	feedbackMsg: autoDraw = False
251.7421 	EXP 	cueImage: image = 'images/LoseBig.bmp'
251.7421 	EXP 	cueImage: autoDraw = True
252.2789 	DATA 	Keypress: 5
253.0625 	DATA 	Keypress: 5
253.7751 	EXP 	cueImage: autoDraw = False
253.7751 	EXP 	cueImage: autoDraw = False
253.7751 	EXP 	fixation: autoDraw = True
253.8292 	DATA 	Keypress: 5
254.6122 	DATA 	Keypress: 5
255.3079 	EXP 	fixation: autoDraw = False
255.3079 	EXP 	fixation: autoDraw = False
255.3079 	EXP 	Target: image = 'images/LoseProbe.bmp'
255.3079 	EXP 	Target: autoDraw = True
255.3969 	DATA 	Keypress: 5
255.6206 	DATA 	Keypress: 1
255.6263 	EXP 	Target: autoDraw = False
255.6263 	EXP 	Target: autoDraw = False
255.6263 	EXP 	feedbackMsg: text = 'You pressed too slow!\n\nYou lost $5.00!'
255.6263 	EXP 	feedbackMsg: autoDraw = True
256.1806 	DATA 	Keypress: 5
256.9458 	DATA 	Keypress: 5
257.3282 	EXP 	New trial (rep=0, index=36): OrderedDict([('Condition', 'SmallReward'), ('FixationDur', 4000)])
257.3581 	EXP 	feedbackMsg: autoDraw = False
257.3581 	EXP 	feedbackMsg: autoDraw = False
257.3581 	EXP 	cueImage: image = 'images/WinSmall.bmp'
257.3581 	EXP 	cueImage: autoDraw = True
257.7292 	DATA 	Keypress: 5
258.5137 	DATA 	Keypress: 5
259.2783 	DATA 	Keypress: 5
259.3921 	EXP 	cueImage: autoDraw = False
259.3921 	EXP 	fixation: autoDraw = True
260.0639 	DATA 	Keypress: 5
260.8473 	DATA 	Keypress: 5
261.6124 	DATA 	Keypress: 5
262.3980 	DATA 	Keypress: 5
263.1816 	DATA 	Keypress: 5
263.4308 	DATA 	Keypress: 1
263.4423 	EXP 	fixation: autoDraw = False
263.4423 	EXP 	fixation: autoDraw = False
263.4423 	EXP 	Target: image = 'images/WinProbe.bmp'
263.4423 	EXP 	Target: autoDraw = True
263.7598 	EXP 	Target: autoDraw = False
263.7598 	EXP 	Target: autoDraw = False
263.7598 	EXP 	feedbackMsg: text = 'Correct Response!\n\nYou won $0.20!'
263.7598 	EXP 	feedbackMsg: autoDraw = True
263.9458 	DATA 	Keypress: 1
263.9478 	DATA 	Keypress: 5
264.7311 	DATA 	Keypress: 5
265.4622 	EXP 	New trial (rep=0, index=37): OrderedDict([('Condition', 'SmallPun'), ('FixationDur', 1500)])
265.4767 	EXP 	feedbackMsg: autoDraw = False
265.4767 	EXP 	feedbackMsg: autoDraw = False
265.4767 	EXP 	cueImage: image = 'images/LoseSmall.bmp'
265.4767 	EXP 	cueImage: autoDraw = True
265.5133 	DATA 	Keypress: 5
266.2797 	DATA 	Keypress: 5
267.0637 	DATA 	Keypress: 5
267.5103 	EXP 	cueImage: autoDraw = False
267.5103 	EXP 	cueImage: autoDraw = False
267.5103 	EXP 	fixation: autoDraw = True
267.8463 	DATA 	Keypress: 5
268.6134 	DATA 	Keypress: 5
269.0434 	EXP 	fixation: autoDraw = False
269.0434 	EXP 	fixation: autoDraw = False
269.0434 	EXP 	Target: image = 'images/LoseProbe.bmp'
269.0434 	EXP 	Target: autoDraw = True
269.3557 	DATA 	Keypress: 1
269.3604 	EXP 	Target: autoDraw = False
269.3604 	EXP 	Target: autoDraw = False
269.3604 	EXP 	feedbackMsg: text = 'You pressed too slow!\n\nYou lost $0.20!'
269.3604 	EXP 	feedbackMsg: autoDraw = True
269.3968 	DATA 	Keypress: 5
270.1806 	DATA 	Keypress: 5
270.9477 	DATA 	Keypress: 5
271.0620 	EXP 	New trial (rep=0, index=38): OrderedDict([('Condition', 'SmallReward'), ('FixationDur', 2000)])
271.0941 	EXP 	feedbackMsg: autoDraw = False
271.0941 	EXP 	feedbackMsg: autoDraw = False
271.0941 	EXP 	cueImage: image = 'images/WinSmall.bmp'
271.0941 	EXP 	cueImage: autoDraw = True
271.7294 	DATA 	Keypress: 5
272.5139 	DATA 	Keypress: 5
273.1274 	EXP 	cueImage: autoDraw = False
273.1274 	EXP 	fixation: autoDraw = True
273.2809 	DATA 	Keypress: 5
274.0640 	DATA 	Keypress: 5
274.8485 	DATA 	Keypress: 5
275.1776 	EXP 	fixation: autoDraw = False
275.1776 	EXP 	fixation: autoDraw = False
275.1776 	EXP 	Target: image = 'images/WinProbe.bmp'
275.1776 	EXP 	Target: autoDraw = True
275.5608 	EXP 	Target: autoDraw = False
275.5608 	EXP 	Target: autoDraw = False
275.5608 	EXP 	feedbackMsg: text = 'You pressed too slow!\n\nYou did not win $0.20!'
275.5608 	EXP 	feedbackMsg: autoDraw = True
275.5976 	DATA 	Keypress: 1
275.6142 	DATA 	Keypress: 5
276.3973 	DATA 	Keypress: 5
277.1814 	DATA 	Keypress: 5
277.2122 	EXP 	New trial (rep=0, index=39): OrderedDict([('Condition', 'SmallPun'), ('FixationDur', 3500)])
277.2271 	EXP 	feedbackMsg: autoDraw = False
277.2271 	EXP 	feedbackMsg: autoDraw = False
277.2271 	EXP 	cueImage: image = 'images/LoseSmall.bmp'
277.2271 	EXP 	cueImage: autoDraw = True
277.9635 	DATA 	Keypress: 5
278.7305 	DATA 	Keypress: 5
279.2615 	EXP 	cueImage: autoDraw = False
279.2615 	EXP 	cueImage: autoDraw = False
279.2615 	EXP 	fixation: autoDraw = True
279.5148 	DATA 	Keypress: 5
280.2991 	DATA 	Keypress: 5
281.0635 	DATA 	Keypress: 5
281.8487 	DATA 	Keypress: 5
282.6328 	DATA 	Keypress: 5
282.7946 	EXP 	fixation: autoDraw = False
282.7946 	EXP 	fixation: autoDraw = False
282.7946 	EXP 	Target: image = 'images/LoseProbe.bmp'
282.7946 	EXP 	Target: autoDraw = True
283.0495 	DATA 	Keypress: 1
283.1617 	EXP 	Target: autoDraw = False
283.1617 	EXP 	Target: autoDraw = False
283.1617 	EXP 	feedbackMsg: text = 'Correct Response!\n\nYou did not lose $0.20!'
283.1617 	EXP 	feedbackMsg: autoDraw = True
283.3971 	DATA 	Keypress: 5
284.1821 	DATA 	Keypress: 5
284.8135 	EXP 	New trial (rep=0, index=40): OrderedDict([('Condition', 'Triangle'), ('FixationDur', 1500)])
284.8272 	EXP 	feedbackMsg: autoDraw = False
284.8272 	EXP 	feedbackMsg: autoDraw = False
284.8272 	EXP 	cueImage: image = 'images/Neutral.bmp'
284.8272 	EXP 	cueImage: autoDraw = True
284.9648 	DATA 	Keypress: 5
285.7305 	DATA 	Keypress: 5
286.5146 	DATA 	Keypress: 5
286.8609 	EXP 	cueImage: autoDraw = False
286.8609 	EXP 	cueImage: autoDraw = False
286.8609 	EXP 	fixation: autoDraw = True
287.2992 	DATA 	Keypress: 5
288.0652 	DATA 	Keypress: 5
288.3952 	EXP 	fixation: autoDraw = False
288.3952 	EXP 	fixation: autoDraw = False
288.3952 	EXP 	Target: image = 'images/NeutralProbe.bmp'
288.3952 	EXP 	Target: autoDraw = True
288.7614 	EXP 	Target: autoDraw = False
288.7614 	EXP 	Target: autoDraw = False
288.7614 	EXP 	feedbackMsg: text = 'You pressed too slow!\n\nYou did not win or lose anything!'
288.7614 	EXP 	feedbackMsg: autoDraw = True
288.8484 	DATA 	Keypress: 5
288.8977 	DATA 	Keypress: 1
289.6331 	DATA 	Keypress: 5
290.3979 	DATA 	Keypress: 5
290.4308 	EXP 	New trial (rep=0, index=41): OrderedDict([('Condition', 'SmallPun'), ('FixationDur', 1500)])
290.4449 	EXP 	feedbackMsg: autoDraw = False
290.4449 	EXP 	feedbackMsg: autoDraw = False
290.4449 	EXP 	cueImage: image = 'images/LoseSmall.bmp'
290.4449 	EXP 	cueImage: autoDraw = True
291.1815 	DATA 	Keypress: 5
291.9647 	DATA 	Keypress: 5
292.4794 	EXP 	cueImage: autoDraw = False
292.4794 	EXP 	cueImage: autoDraw = False
292.4794 	EXP 	fixation: autoDraw = True
292.7321 	DATA 	Keypress: 5
293.5155 	DATA 	Keypress: 5
294.0118 	EXP 	fixation: autoDraw = False
294.0118 	EXP 	fixation: autoDraw = False
294.0118 	EXP 	Target: image = 'images/LoseProbe.bmp'
294.0118 	EXP 	Target: autoDraw = True
294.2664 	DATA 	Keypress: 1
294.2996 	DATA 	Keypress: 5
294.3789 	EXP 	Target: autoDraw = False
294.3789 	EXP 	Target: autoDraw = False
294.3789 	EXP 	feedbackMsg: text = 'Correct Response!\n\nYou did not lose $0.20!'
294.3789 	EXP 	feedbackMsg: autoDraw = True
295.0653 	DATA 	Keypress: 5
295.8483 	DATA 	Keypress: 5
296.0310 	EXP 	New trial (rep=0, index=42): OrderedDict([('Condition', 'LgPun'), ('FixationDur', 2000)])
296.0457 	EXP 	feedbackMsg: autoDraw = False
296.0457 	EXP 	feedbackMsg: autoDraw = False
296.0457 	EXP 	cueImage: image = 'images/LoseBig.bmp'
296.0457 	EXP 	cueImage: autoDraw = True
296.6317 	DATA 	Keypress: 5
297.4154 	DATA 	Keypress: 5
298.0794 	EXP 	cueImage: autoDraw = False
298.0794 	EXP 	cueImage: autoDraw = False
298.0794 	EXP 	fixation: autoDraw = True
298.1819 	DATA 	Keypress: 5
298.9672 	DATA 	Keypress: 5
299.7507 	DATA 	Keypress: 5
300.1118 	EXP 	fixation: autoDraw = False
300.1118 	EXP 	fixation: autoDraw = False
300.1118 	EXP 	Target: image = 'images/LoseProbe.bmp'
300.1118 	EXP 	Target: autoDraw = True
300.3668 	DATA 	Keypress: 1
300.4960 	EXP 	Target: autoDraw = False
300.4960 	EXP 	Target: autoDraw = False
300.4960 	EXP 	feedbackMsg: text = 'Correct Response!\n\nYou did not lose $5.00!'
300.4960 	EXP 	feedbackMsg: autoDraw = True
300.5155 	DATA 	Keypress: 5
301.3007 	DATA 	Keypress: 5
302.0840 	DATA 	Keypress: 5
302.1312 	EXP 	New trial (rep=0, index=43): OrderedDict([('Condition', 'LgPun'), ('FixationDur', 1500)])
302.1455 	EXP 	feedbackMsg: autoDraw = False
302.1455 	EXP 	feedbackMsg: autoDraw = False
302.1455 	EXP 	cueImage: image = 'images/LoseBig.bmp'
302.1455 	EXP 	cueImage: autoDraw = True
302.8479 	DATA 	Keypress: 5
303.6332 	DATA 	Keypress: 5
304.1795 	EXP 	cueImage: autoDraw = False
304.1795 	EXP 	cueImage: autoDraw = False
304.1795 	EXP 	fixation: autoDraw = True
304.4177 	DATA 	Keypress: 5
305.1820 	DATA 	Keypress: 5
305.7122 	EXP 	fixation: autoDraw = False
305.7122 	EXP 	fixation: autoDraw = False
305.7122 	EXP 	Target: image = 'images/LoseProbe.bmp'
305.7122 	EXP 	Target: autoDraw = True
305.9498 	DATA 	Keypress: 1
305.9674 	DATA 	Keypress: 5
306.0968 	EXP 	Target: autoDraw = False
306.0968 	EXP 	Target: autoDraw = False
306.0968 	EXP 	feedbackMsg: text = 'Correct Response!\n\nYou did not lose $5.00!'
306.0968 	EXP 	feedbackMsg: autoDraw = True
306.7505 	DATA 	Keypress: 5
307.5158 	DATA 	Keypress: 5
307.7308 	EXP 	New trial (rep=0, index=44): OrderedDict([('Condition', 'SmallReward'), ('FixationDur', 1500)])
307.7622 	EXP 	feedbackMsg: autoDraw = False
307.7622 	EXP 	feedbackMsg: autoDraw = False
307.7622 	EXP 	cueImage: image = 'images/WinSmall.bmp'
307.7622 	EXP 	cueImage: autoDraw = True
308.2988 	DATA 	Keypress: 5
309.0829 	DATA 	Keypress: 5
309.7965 	EXP 	cueImage: autoDraw = False
309.7965 	EXP 	fixation: autoDraw = True
309.8502 	DATA 	Keypress: 5
310.6340 	DATA 	Keypress: 5
311.3463 	EXP 	fixation: autoDraw = False
311.3463 	EXP 	fixation: autoDraw = False
311.3463 	EXP 	Target: image = 'images/WinProbe.bmp'
311.3463 	EXP 	Target: autoDraw = True
311.4176 	DATA 	Keypress: 5
311.6488 	DATA 	Keypress: 1
311.7300 	EXP 	Target: autoDraw = False
311.7300 	EXP 	Target: autoDraw = False
311.7300 	EXP 	feedbackMsg: text = 'Correct Response!\n\nYou won $0.20!'
311.7300 	EXP 	feedbackMsg: autoDraw = True
312.1831 	DATA 	Keypress: 5
312.9664 	DATA 	Keypress: 5
313.3650 	EXP 	New trial (rep=0, index=45): OrderedDict([('Condition', 'Triangle'), ('FixationDur', 4000)])
313.3795 	EXP 	feedbackMsg: autoDraw = False
313.3795 	EXP 	feedbackMsg: autoDraw = False
313.3795 	EXP 	cueImage: image = 'images/Neutral.bmp'
313.3795 	EXP 	cueImage: autoDraw = True
313.7506 	DATA 	Keypress: 5
314.5164 	DATA 	Keypress: 5
315.2997 	DATA 	Keypress: 5
315.4138 	EXP 	cueImage: autoDraw = False
315.4138 	EXP 	cueImage: autoDraw = False
315.4138 	EXP 	fixation: autoDraw = True
316.0845 	DATA 	Keypress: 5
316.8506 	DATA 	Keypress: 5
317.1660 	DATA 	Keypress: 1
317.6323 	DATA 	Keypress: 5
318.0336 	DATA 	Keypress: 1
318.4178 	DATA 	Keypress: 5
318.4510 	DATA 	Keypress: 1
318.7514 	DATA 	Keypress: 1
319.0015 	DATA 	Keypress: 1
319.1837 	DATA 	Keypress: 5
319.2682 	DATA 	Keypress: 1
319.4472 	EXP 	fixation: autoDraw = False
319.4472 	EXP 	fixation: autoDraw = False
319.4472 	EXP 	Target: image = 'images/NeutralProbe.bmp'
319.4472 	EXP 	Target: autoDraw = True
319.5168 	DATA 	Keypress: 1
319.8002 	EXP 	Target: autoDraw = False
319.8002 	EXP 	Target: autoDraw = False
319.8002 	EXP 	feedbackMsg: text = 'You pressed too soon!\n\nYou did not win or lose anything!'
319.8002 	EXP 	feedbackMsg: autoDraw = True
319.9667 	DATA 	Keypress: 5
320.7515 	DATA 	Keypress: 5
321.4657 	EXP 	New trial (rep=0, index=46): OrderedDict([('Condition', 'LgReward'), ('FixationDur', 1500)])
321.4972 	EXP 	feedbackMsg: autoDraw = False
321.4972 	EXP 	feedbackMsg: autoDraw = False
321.4972 	EXP 	cueImage: image = 'images/WinBig.bmp'
321.4972 	EXP 	cueImage: autoDraw = True
321.5172 	DATA 	Keypress: 5
322.2992 	DATA 	Keypress: 5
323.0843 	DATA 	Keypress: 5
323.5311 	EXP 	cueImage: autoDraw = False
323.5311 	EXP 	fixation: autoDraw = True
323.8684 	DATA 	Keypress: 5
324.6336 	DATA 	Keypress: 5
325.0638 	EXP 	fixation: autoDraw = False
325.0638 	EXP 	fixation: autoDraw = False
325.0638 	EXP 	Target: image = 'images/WinProbe.bmp'
325.0638 	EXP 	Target: autoDraw = True
325.3177 	DATA 	Keypress: 1
325.4097 	DATA 	Keypress: 5
325.4140 	EXP 	Target: autoDraw = False
325.4140 	EXP 	Target: autoDraw = False
325.4140 	EXP 	feedbackMsg: text = 'Correct Response!\n\nYou won $5.00!'
325.4140 	EXP 	feedbackMsg: autoDraw = True
326.2022 	DATA 	Keypress: 5
326.9667 	DATA 	Keypress: 5
327.0831 	EXP 	New trial (rep=0, index=47): OrderedDict([('Condition', 'SmallReward'), ('FixationDur', 1500)])
327.1175 	EXP 	feedbackMsg: autoDraw = False
327.1175 	EXP 	feedbackMsg: autoDraw = False
327.1175 	EXP 	cueImage: image = 'images/WinSmall.bmp'
327.1175 	EXP 	cueImage: autoDraw = True
327.7503 	DATA 	Keypress: 5
328.5351 	DATA 	Keypress: 5
329.1476 	EXP 	cueImage: autoDraw = False
329.1476 	EXP 	fixation: autoDraw = True
329.3009 	DATA 	Keypress: 5
330.0846 	DATA 	Keypress: 5
330.6978 	EXP 	fixation: autoDraw = False
330.6978 	EXP 	fixation: autoDraw = False
330.6978 	EXP 	Target: image = 'images/WinProbe.bmp'
330.6978 	EXP 	Target: autoDraw = True
330.8691 	DATA 	Keypress: 5
330.9689 	DATA 	Keypress: 1
331.0480 	EXP 	Target: autoDraw = False
331.0480 	EXP 	Target: autoDraw = False
331.0480 	EXP 	feedbackMsg: text = 'Correct Response!\n\nYou won $0.20!'
331.0480 	EXP 	feedbackMsg: autoDraw = True
331.6345 	DATA 	Keypress: 5
332.4187 	DATA 	Keypress: 5
332.7162 	EXP 	New trial (rep=0, index=48): OrderedDict([('Condition', 'LgReward'), ('FixationDur', 1500)])
332.7479 	EXP 	feedbackMsg: autoDraw = False
332.7479 	EXP 	feedbackMsg: autoDraw = False
332.7479 	EXP 	cueImage: image = 'images/WinBig.bmp'
332.7479 	EXP 	cueImage: autoDraw = True
333.2017 	DATA 	Keypress: 5
333.9672 	DATA 	Keypress: 5
334.7687 	DATA 	Keypress: 5
334.7817 	EXP 	cueImage: autoDraw = False
334.7817 	EXP 	fixation: autoDraw = True
335.5362 	DATA 	Keypress: 5
336.3317 	DATA 	Keypress: 5
336.3484 	EXP 	fixation: autoDraw = False
336.3484 	EXP 	fixation: autoDraw = False
336.3484 	EXP 	Target: image = 'images/WinProbe.bmp'
336.3484 	EXP 	Target: autoDraw = True
336.6196 	DATA 	Keypress: 1
336.6983 	EXP 	Target: autoDraw = False
336.6983 	EXP 	Target: autoDraw = False
336.6983 	EXP 	feedbackMsg: text = 'Correct Response!\n\nYou won $5.00!'
336.6983 	EXP 	feedbackMsg: autoDraw = True
337.0849 	DATA 	Keypress: 5
337.8683 	DATA 	Keypress: 5
338.3670 	EXP 	New trial (rep=0, index=49): OrderedDict([('Condition', 'LgPun'), ('FixationDur', 1500)])
338.3817 	EXP 	feedbackMsg: autoDraw = False
338.3817 	EXP 	feedbackMsg: autoDraw = False
338.3817 	EXP 	cueImage: image = 'images/LoseBig.bmp'
338.3817 	EXP 	cueImage: autoDraw = True
338.6346 	DATA 	Keypress: 5
339.4174 	DATA 	Keypress: 5
340.2023 	DATA 	Keypress: 5
340.4157 	EXP 	cueImage: autoDraw = False
340.4157 	EXP 	cueImage: autoDraw = False
340.4157 	EXP 	fixation: autoDraw = True
340.9688 	DATA 	Keypress: 5
341.7511 	DATA 	Keypress: 5
341.9489 	EXP 	fixation: autoDraw = False
341.9489 	EXP 	fixation: autoDraw = False
341.9489 	EXP 	Target: image = 'images/LoseProbe.bmp'
341.9489 	EXP 	Target: autoDraw = True
342.2461 	DATA 	Keypress: 1
342.2531 	EXP 	Target: autoDraw = False
342.2531 	EXP 	Target: autoDraw = False
342.2531 	EXP 	feedbackMsg: text = 'You pressed too slow!\n\nYou lost $5.00!'
342.2531 	EXP 	feedbackMsg: autoDraw = True
342.5355 	DATA 	Keypress: 5
343.3188 	DATA 	Keypress: 5
343.9819 	EXP 	feedbackMsg: autoDraw = False
343.9819 	EXP 	feedbackMsg: autoDraw = False
343.9819 	EXP 	polygon: autoDraw = True
344.0847 	DATA 	Keypress: 5
344.8679 	DATA 	Keypress: 5
345.6535 	DATA 	Keypress: 5
346.4183 	DATA 	Keypress: 5
347.2033 	DATA 	Keypress: 5
348.9993 	EXP 	polygon: autoDraw = False
348.9993 	EXP 	polygon: autoDraw = False
348.9993 	EXP 	text: text = 'All done!\n\nYou earned a total of: $20.40!'
348.9993 	EXP 	text: autoDraw = True
352.0331 	EXP 	text: autoDraw = False
352.0331 	EXP 	text: autoDraw = False
352.0331 	EXP 	polygon2: autoDraw = True
354.2183 	DATA 	Keypress: escape
354.5838 	EXP 	window1: mouseVisible = True
