11.0359 	EXP 	Created window1 = Window(allowGUI=False, allowStencil=False, args=UNKNOWN, autoLog=True, bitsMode=UNKNOWN, blendMode='avg', color=array([0., 0., 0.]), colorSpace='rgb', fullscr=<method-wrapper '__getattribute__' of attributeSetter object at 0x134731ba8>, gamma=None, kwargs=UNKNOWN, lms=UNKNOWN, monitor=<psychopy.monitors.calibTools.Monitor object at 0x134766358>, multiSample=False, name='window1', numSamples=2, pos=[0.0, 0.0], screen=0, size=array([1920, 1080]), stereo=False, units='height', useFBO=True, useRetina=False, viewOri=0.0, viewPos=None, viewScale=None, waitBlanking=True, winType='pyglet')
11.0360 	EXP 	window1: recordFrameIntervals = False
11.2018 	EXP 	window1: recordFrameIntervals = True
11.3855 	EXP 	window1: recordFrameIntervals = False
11.3856 	EXP 	window1: recordFrameIntervals = False
11.5524 	EXP 	window1: recordFrameIntervals = True
11.7355 	EXP 	window1: recordFrameIntervals = False
12.1899 	EXP 	Created preinstruct_text = TextStim(__class__=<class 'psychopy.visual.text.TextStim'>, alignHoriz='center', alignVert='center', antialias=True, autoLog=True, bold=False, color='white', colorSpace='named', contrast=1.0, depth=0.0, flipHoriz=False, flipVert=False, font='Arial', fontFiles=[], height=0.05, italic=False, languageStyle='LTR', name='preinstruct_text', opacity=1.0, ori=0, pos=array([0., 0.]), rgb=array([255., 255., 255.]), text='Money Task - Scanner 1', units='height', win=Window(...), wrapWidth=1)
12.2348 	EXP 	Created instructFig = ImageStim(__class__=<class 'psychopy.visual.image.ImageStim'>, autoLog=True, color=array([1., 1., 1.]), colorSpace='rgb', contrast=1.0, depth=0.0, flipHoriz=False, flipVert=False, image='images/MID_instructions.bmp', interpolate=True, mask=None, maskParams=None, name='instructFig', opacity=1.0, ori=0.0, pos=array([0., 0.]), size=array([1.3, 1. ]), texRes=128, units='height', win=Window(...))
12.2365 	EXP 	Created PrepFixation = ShapeStim(__class__=<class 'psychopy.visual.shape.ShapeStim'>, autoDraw=False, autoLog=True, closeShape=True, contrast=1.0, depth=0.0, fillColor=array([1., 1., 1.]), fillColorSpace='rgb', interpolate=True, lineColor=array([1., 1., 1.]), lineColorSpace='rgb', lineWidth=1, name='PrepFixation', opacity=1.0, ori=array(0.), pos=array([0., 0.]), size=array([0.05, 0.05]), units='height', vertices=ndarray(...), win=Window(...), windingRule=None)
12.2381 	EXP 	Created cueImage = ImageStim(__class__=<class 'psychopy.visual.image.ImageStim'>, autoLog=True, color=array([1., 1., 1.]), colorSpace='rgb', contrast=1.0, depth=0.0, flipHoriz=False, flipVert=False, image='sin', interpolate=True, mask=None, maskParams=None, name='cueImage', opacity=1.0, ori=0.0, pos=array([0., 0.]), size=array([1.3, 1. ]), texRes=128, units='height', win=Window(...))
12.2396 	EXP 	Created fixation = ShapeStim(__class__=<class 'psychopy.visual.shape.ShapeStim'>, autoDraw=False, autoLog=True, closeShape=True, contrast=1.0, depth=-1.0, fillColor=array([1., 1., 1.]), fillColorSpace='rgb', interpolate=True, lineColor=array([1., 1., 1.]), lineColorSpace='rgb', lineWidth=1, name='fixation', opacity=1.0, ori=array(0.), pos=array([0., 0.]), size=array([0.05, 0.05]), units='height', vertices=ndarray(...), win=Window(...), windingRule=None)
12.2412 	EXP 	Created Target = ImageStim(__class__=<class 'psychopy.visual.image.ImageStim'>, autoLog=True, color=array([1., 1., 1.]), colorSpace='rgb', contrast=1.0, depth=-1.0, flipHoriz=False, flipVert=False, image='sin', interpolate=True, mask=None, maskParams=None, name='Target', opacity=1.0, ori=0.0, pos=array([0., 0.]), size=array([1.3, 1. ]), texRes=128, units='height', win=Window(...))
12.2509 	EXP 	Created feedbackMsg = TextStim(__class__=<class 'psychopy.visual.text.TextStim'>, alignHoriz='center', alignVert='center', antialias=True, autoLog=True, bold=False, color='white', colorSpace='named', contrast=1.0, depth=-2.0, flipHoriz=False, flipVert=False, font='Arial', fontFiles=[], height=0.05, italic=False, languageStyle='LTR', name='feedbackMsg', opacity=1.0, ori=0, pos=array([0., 0.]), rgb=array([255., 255., 255.]), text='default text', units='height', win=Window(...), wrapWidth=2)
12.2525 	EXP 	Created polygon = ShapeStim(__class__=<class 'psychopy.visual.shape.ShapeStim'>, autoDraw=False, autoLog=True, closeShape=True, contrast=1.0, depth=0.0, fillColor=array([1., 1., 1.]), fillColorSpace='rgb', interpolate=True, lineColor=array([1., 1., 1.]), lineColorSpace='rgb', lineWidth=1, name='polygon', opacity=1.0, ori=array(0.), pos=array([0., 0.]), size=array([0.05, 0.05]), units='height', vertices=ndarray(...), win=Window(...), windingRule=None)
12.2609 	EXP 	Created text = TextStim(__class__=<class 'psychopy.visual.text.TextStim'>, alignHoriz='center', alignVert='center', antialias=True, autoLog=True, bold=False, color='white', colorSpace='named', contrast=1.0, depth=-1.0, flipHoriz=False, flipVert=False, font='Arial', fontFiles=[], height=0.07, italic=False, languageStyle='LTR', name='text', opacity=1.0, ori=0, pos=array([0., 0.]), rgb=array([255., 255., 255.]), text='default text', units='height', win=Window(...), wrapWidth=1)
12.2628 	EXP 	Created polygon2 = ShapeStim(__class__=<class 'psychopy.visual.shape.ShapeStim'>, autoDraw=False, autoLog=True, closeShape=True, contrast=1.0, depth=0.0, fillColor=array([1., 1., 1.]), fillColorSpace='rgb', interpolate=True, lineColor=array([1., 1., 1.]), lineColorSpace='rgb', lineWidth=1, name='polygon2', opacity=1.0, ori=array(0.), pos=array([0., 0.]), size=array([0.05, 0.05]), units='height', vertices=ndarray(...), win=Window(...), windingRule=None)
12.2848 	EXP 	preinstruct_text: autoDraw = True
14.3179 	EXP 	preinstruct_text: autoDraw = False
14.3179 	EXP 	instructFig: autoDraw = True
34.5194 	DATA 	Keypress: 5
34.5372 	EXP 	instructFig: autoDraw = False
34.5372 	EXP 	PrepFixation: autoDraw = True
35.2731 	DATA 	Keypress: 5
36.0567 	DATA 	Keypress: 5
36.5144 	EXP 	Imported TimeVersion2.csv as conditions, 50 conditions, 2 params
36.5148 	EXP 	Created sequence: sequential, trialTypes=50, nReps=1, seed=None
36.5152 	EXP 	New trial (rep=0, index=0): OrderedDict([('Condition', 'SmallReward'), ('FixationDur', 4000)])
36.5525 	EXP 	PrepFixation: autoDraw = False
36.5525 	EXP 	PrepFixation: autoDraw = False
36.5525 	EXP 	cueImage: image = 'images/WinSmall.bmp'
36.5525 	EXP 	cueImage: autoDraw = True
36.8399 	DATA 	Keypress: 5
37.6060 	DATA 	Keypress: 5
38.3896 	DATA 	Keypress: 5
38.5702 	EXP 	cueImage: autoDraw = False
38.5702 	EXP 	fixation: autoDraw = True
39.1751 	DATA 	Keypress: 5
39.9404 	DATA 	Keypress: 5
40.7234 	DATA 	Keypress: 5
41.5054 	DATA 	Keypress: 5
42.2738 	DATA 	Keypress: 5
42.6201 	EXP 	fixation: autoDraw = False
42.6201 	EXP 	fixation: autoDraw = False
42.6201 	EXP 	Target: image = 'images/WinProbe.bmp'
42.6201 	EXP 	Target: autoDraw = True
43.0419 	DATA 	Keypress: 1
43.0538 	EXP 	Target: autoDraw = False
43.0538 	EXP 	Target: autoDraw = False
43.0538 	EXP 	feedbackMsg: text = 'You pressed too slow!\n\nYou did not win $0.20!'
43.0538 	EXP 	feedbackMsg: autoDraw = True
43.0581 	DATA 	Keypress: 5
43.8416 	DATA 	Keypress: 5
44.6081 	DATA 	Keypress: 5
44.6557 	EXP 	New trial (rep=0, index=1): OrderedDict([('Condition', 'Triangle'), ('FixationDur', 1500)])
44.6696 	EXP 	feedbackMsg: autoDraw = False
44.6696 	EXP 	feedbackMsg: autoDraw = False
44.6696 	EXP 	cueImage: image = 'images/Neutral.bmp'
44.6696 	EXP 	cueImage: autoDraw = True
45.3901 	DATA 	Keypress: 5
46.1746 	DATA 	Keypress: 5
46.7043 	EXP 	cueImage: autoDraw = False
46.7043 	EXP 	cueImage: autoDraw = False
46.7043 	EXP 	fixation: autoDraw = True
46.9588 	DATA 	Keypress: 5
47.7240 	DATA 	Keypress: 5
48.2365 	EXP 	fixation: autoDraw = False
48.2365 	EXP 	fixation: autoDraw = False
48.2365 	EXP 	Target: image = 'images/NeutralProbe.bmp'
48.2365 	EXP 	Target: autoDraw = True
48.5087 	DATA 	Keypress: 5
48.5907 	DATA 	Keypress: 1
48.6709 	EXP 	Target: autoDraw = False
48.6709 	EXP 	Target: autoDraw = False
48.6709 	EXP 	feedbackMsg: text = 'Correct Response!\n\nYou did not win or lose anything!'
48.6709 	EXP 	feedbackMsg: autoDraw = True
49.2911 	DATA 	Keypress: 5
50.0567 	DATA 	Keypress: 5
50.2731 	EXP 	New trial (rep=0, index=2): OrderedDict([('Condition', 'SmallReward'), ('FixationDur', 3000)])
50.3066 	EXP 	feedbackMsg: autoDraw = False
50.3066 	EXP 	feedbackMsg: autoDraw = False
50.3066 	EXP 	cueImage: image = 'images/WinSmall.bmp'
50.3066 	EXP 	cueImage: autoDraw = True
50.8410 	DATA 	Keypress: 5
51.6250 	DATA 	Keypress: 5
52.3382 	EXP 	cueImage: autoDraw = False
52.3382 	EXP 	fixation: autoDraw = True
52.3898 	DATA 	Keypress: 5
53.1734 	DATA 	Keypress: 5
53.9591 	DATA 	Keypress: 5
54.7243 	DATA 	Keypress: 5
55.3873 	EXP 	fixation: autoDraw = False
55.3873 	EXP 	fixation: autoDraw = False
55.3873 	EXP 	Target: image = 'images/WinProbe.bmp'
55.3873 	EXP 	Target: autoDraw = True
55.5076 	DATA 	Keypress: 5
55.6410 	DATA 	Keypress: 1
55.8049 	EXP 	Target: autoDraw = False
55.8049 	EXP 	Target: autoDraw = False
55.8049 	EXP 	feedbackMsg: text = 'Correct Response!\n\nYou won $0.20!'
55.8049 	EXP 	feedbackMsg: autoDraw = True
56.2920 	DATA 	Keypress: 5
57.0584 	DATA 	Keypress: 5
57.4066 	EXP 	New trial (rep=0, index=3): OrderedDict([('Condition', 'SmallPun'), ('FixationDur', 1500)])
57.4214 	EXP 	feedbackMsg: autoDraw = False
57.4214 	EXP 	feedbackMsg: autoDraw = False
57.4214 	EXP 	cueImage: image = 'images/LoseSmall.bmp'
57.4214 	EXP 	cueImage: autoDraw = True
57.8419 	DATA 	Keypress: 5
58.6239 	DATA 	Keypress: 5
59.3911 	DATA 	Keypress: 5
59.4550 	EXP 	cueImage: autoDraw = False
59.4550 	EXP 	cueImage: autoDraw = False
59.4550 	EXP 	fixation: autoDraw = True
60.1745 	DATA 	Keypress: 5
60.9795 	DATA 	Keypress: 5
60.9874 	EXP 	fixation: autoDraw = False
60.9874 	EXP 	fixation: autoDraw = False
60.9874 	EXP 	Target: image = 'images/LoseProbe.bmp'
60.9874 	EXP 	Target: autoDraw = True
61.3076 	DATA 	Keypress: 1
61.4048 	EXP 	Target: autoDraw = False
61.4048 	EXP 	Target: autoDraw = False
61.4048 	EXP 	feedbackMsg: text = 'Correct Response!\n\nYou did not lose $0.20!'
61.4048 	EXP 	feedbackMsg: autoDraw = True
61.7244 	DATA 	Keypress: 5
62.5095 	DATA 	Keypress: 5
63.0235 	EXP 	New trial (rep=0, index=4): OrderedDict([('Condition', 'LgPun'), ('FixationDur', 1500)])
63.0383 	EXP 	feedbackMsg: autoDraw = False
63.0383 	EXP 	feedbackMsg: autoDraw = False
63.0383 	EXP 	cueImage: image = 'images/LoseBig.bmp'
63.0383 	EXP 	cueImage: autoDraw = True
63.2917 	DATA 	Keypress: 5
64.0754 	DATA 	Keypress: 5
64.8409 	DATA 	Keypress: 5
65.0724 	EXP 	cueImage: autoDraw = False
65.0724 	EXP 	cueImage: autoDraw = False
65.0724 	EXP 	fixation: autoDraw = True
65.6260 	DATA 	Keypress: 5
66.4098 	DATA 	Keypress: 5
66.6053 	EXP 	fixation: autoDraw = False
66.6053 	EXP 	fixation: autoDraw = False
66.6053 	EXP 	Target: image = 'images/LoseProbe.bmp'
66.6053 	EXP 	Target: autoDraw = True
66.9995 	DATA 	Keypress: 1
67.0055 	EXP 	Target: autoDraw = False
67.0055 	EXP 	Target: autoDraw = False
67.0055 	EXP 	feedbackMsg: text = 'You pressed too slow!\n\nYou lost $5.00!'
67.0055 	EXP 	feedbackMsg: autoDraw = True
67.1749 	DATA 	Keypress: 5
67.9602 	DATA 	Keypress: 5
68.6407 	EXP 	New trial (rep=0, index=5): OrderedDict([('Condition', 'Triangle'), ('FixationDur', 1500)])
68.6555 	EXP 	feedbackMsg: autoDraw = False
68.6555 	EXP 	feedbackMsg: autoDraw = False
68.6555 	EXP 	cueImage: image = 'images/Neutral.bmp'
68.6555 	EXP 	cueImage: autoDraw = True
68.7424 	DATA 	Keypress: 5
69.5075 	DATA 	Keypress: 5
70.2931 	DATA 	Keypress: 5
70.6891 	EXP 	cueImage: autoDraw = False
70.6891 	EXP 	cueImage: autoDraw = False
70.6891 	EXP 	fixation: autoDraw = True
71.0771 	DATA 	Keypress: 5
71.8412 	DATA 	Keypress: 5
72.2223 	EXP 	fixation: autoDraw = False
72.2223 	EXP 	fixation: autoDraw = False
72.2223 	EXP 	Target: image = 'images/NeutralProbe.bmp'
72.2223 	EXP 	Target: autoDraw = True
72.5087 	DATA 	Keypress: 1
72.6248 	DATA 	Keypress: 5
72.6389 	EXP 	Target: autoDraw = False
72.6389 	EXP 	Target: autoDraw = False
72.6389 	EXP 	feedbackMsg: text = 'Correct Response!\n\nYou did not win or lose anything!'
72.6389 	EXP 	feedbackMsg: autoDraw = True
73.4082 	DATA 	Keypress: 5
74.1755 	DATA 	Keypress: 5
74.2577 	EXP 	New trial (rep=0, index=6): OrderedDict([('Condition', 'SmallPun'), ('FixationDur', 1500)])
74.2727 	EXP 	feedbackMsg: autoDraw = False
74.2727 	EXP 	feedbackMsg: autoDraw = False
74.2727 	EXP 	cueImage: image = 'images/LoseSmall.bmp'
74.2727 	EXP 	cueImage: autoDraw = True
74.9581 	DATA 	Keypress: 5
75.7432 	DATA 	Keypress: 5
76.3057 	EXP 	cueImage: autoDraw = False
76.3057 	EXP 	cueImage: autoDraw = False
76.3057 	EXP 	fixation: autoDraw = True
76.5088 	DATA 	Keypress: 5
77.2938 	DATA 	Keypress: 5
77.8386 	EXP 	fixation: autoDraw = False
77.8386 	EXP 	fixation: autoDraw = False
77.8386 	EXP 	Target: image = 'images/LoseProbe.bmp'
77.8386 	EXP 	Target: autoDraw = True
78.0771 	DATA 	Keypress: 5
78.1750 	DATA 	Keypress: 1
78.2394 	EXP 	Target: autoDraw = False
78.2394 	EXP 	Target: autoDraw = False
78.2394 	EXP 	feedbackMsg: text = 'Correct Response!\n\nYou did not lose $0.20!'
78.2394 	EXP 	feedbackMsg: autoDraw = True
78.8428 	DATA 	Keypress: 5
79.6260 	DATA 	Keypress: 5
79.8749 	EXP 	New trial (rep=0, index=7): OrderedDict([('Condition', 'Triangle'), ('FixationDur', 2000)])
79.8896 	EXP 	feedbackMsg: autoDraw = False
79.8896 	EXP 	feedbackMsg: autoDraw = False
79.8896 	EXP 	cueImage: image = 'images/Neutral.bmp'
79.8896 	EXP 	cueImage: autoDraw = True
80.4105 	DATA 	Keypress: 5
81.1759 	DATA 	Keypress: 5
81.9236 	EXP 	cueImage: autoDraw = False
81.9236 	EXP 	cueImage: autoDraw = False
81.9236 	EXP 	fixation: autoDraw = True
81.9607 	DATA 	Keypress: 5
82.7447 	DATA 	Keypress: 5
83.5084 	DATA 	Keypress: 5
83.9558 	EXP 	fixation: autoDraw = False
83.9558 	EXP 	fixation: autoDraw = False
83.9558 	EXP 	Target: image = 'images/NeutralProbe.bmp'
83.9558 	EXP 	Target: autoDraw = True
84.2588 	DATA 	Keypress: 1
84.2932 	DATA 	Keypress: 5
84.3559 	EXP 	Target: autoDraw = False
84.3559 	EXP 	Target: autoDraw = False
84.3559 	EXP 	feedbackMsg: text = 'Correct Response!\n\nYou did not win or lose anything!'
84.3559 	EXP 	feedbackMsg: autoDraw = True
85.0779 	DATA 	Keypress: 5
85.8435 	DATA 	Keypress: 5
85.9921 	EXP 	New trial (rep=0, index=8): OrderedDict([('Condition', 'LgReward'), ('FixationDur', 2500)])
86.0232 	EXP 	feedbackMsg: autoDraw = False
86.0232 	EXP 	feedbackMsg: autoDraw = False
86.0232 	EXP 	cueImage: image = 'images/WinBig.bmp'
86.0232 	EXP 	cueImage: autoDraw = True
86.6260 	DATA 	Keypress: 5
87.4100 	DATA 	Keypress: 5
88.0572 	EXP 	cueImage: autoDraw = False
88.0572 	EXP 	fixation: autoDraw = True
88.1778 	DATA 	Keypress: 5
88.9596 	DATA 	Keypress: 5
89.7452 	DATA 	Keypress: 5
90.5282 	DATA 	Keypress: 5
90.6069 	EXP 	fixation: autoDraw = False
90.6069 	EXP 	fixation: autoDraw = False
90.6069 	EXP 	Target: image = 'images/WinProbe.bmp'
90.6069 	EXP 	Target: autoDraw = True
90.8951 	DATA 	Keypress: 1
91.0105 	EXP 	Target: autoDraw = False
91.0105 	EXP 	Target: autoDraw = False
91.0105 	EXP 	feedbackMsg: text = 'Correct Response!\n\nYou won $5.00!'
91.0105 	EXP 	feedbackMsg: autoDraw = True
91.2925 	DATA 	Keypress: 5
92.0773 	DATA 	Keypress: 5
92.6415 	EXP 	New trial (rep=0, index=9): OrderedDict([('Condition', 'LgPun'), ('FixationDur', 2500)])
92.6568 	EXP 	feedbackMsg: autoDraw = False
92.6568 	EXP 	feedbackMsg: autoDraw = False
92.6568 	EXP 	cueImage: image = 'images/LoseBig.bmp'
92.6568 	EXP 	cueImage: autoDraw = True
92.8615 	DATA 	Keypress: 5
93.6248 	DATA 	Keypress: 5
94.4116 	DATA 	Keypress: 5
94.6904 	EXP 	cueImage: autoDraw = False
94.6904 	EXP 	cueImage: autoDraw = False
94.6904 	EXP 	fixation: autoDraw = True
95.1946 	DATA 	Keypress: 5
95.9604 	DATA 	Keypress: 5
96.7454 	DATA 	Keypress: 5
97.2234 	EXP 	fixation: autoDraw = False
97.2234 	EXP 	fixation: autoDraw = False
97.2234 	EXP 	Target: image = 'images/LoseProbe.bmp'
97.2234 	EXP 	Target: autoDraw = True
97.4951 	DATA 	Keypress: 1
97.5287 	DATA 	Keypress: 5
97.5957 	EXP 	Target: autoDraw = False
97.5957 	EXP 	Target: autoDraw = False
97.5957 	EXP 	feedbackMsg: text = 'Correct Response!\n\nYou did not lose $5.00!'
97.5957 	EXP 	feedbackMsg: autoDraw = True
98.2939 	DATA 	Keypress: 5
99.0779 	DATA 	Keypress: 5
99.2430 	EXP 	New trial (rep=0, index=10): OrderedDict([('Condition', 'SmallPun'), ('FixationDur', 3000)])
99.2572 	EXP 	feedbackMsg: autoDraw = False
99.2572 	EXP 	feedbackMsg: autoDraw = False
99.2572 	EXP 	cueImage: image = 'images/LoseSmall.bmp'
99.2572 	EXP 	cueImage: autoDraw = True
99.8606 	DATA 	Keypress: 5
100.6275 	DATA 	Keypress: 5
101.2908 	EXP 	cueImage: autoDraw = False
101.2908 	EXP 	cueImage: autoDraw = False
101.2908 	EXP 	fixation: autoDraw = True
101.4106 	DATA 	Keypress: 5
102.1961 	DATA 	Keypress: 5
102.9608 	DATA 	Keypress: 5
103.7458 	DATA 	Keypress: 5
104.3241 	EXP 	fixation: autoDraw = False
104.3241 	EXP 	fixation: autoDraw = False
104.3241 	EXP 	Target: image = 'images/LoseProbe.bmp'
104.3241 	EXP 	Target: autoDraw = True
104.5286 	DATA 	Keypress: 5
104.6120 	DATA 	Keypress: 1
104.7074 	EXP 	Target: autoDraw = False
104.7074 	EXP 	Target: autoDraw = False
104.7074 	EXP 	feedbackMsg: text = 'Correct Response!\n\nYou did not lose $0.20!'
104.7074 	EXP 	feedbackMsg: autoDraw = True
105.2940 	DATA 	Keypress: 5
106.0773 	DATA 	Keypress: 5
106.3593 	EXP 	New trial (rep=0, index=11): OrderedDict([('Condition', 'SmallReward'), ('FixationDur', 2000)])
106.3801 	EXP 	feedbackMsg: autoDraw = False
106.3801 	EXP 	feedbackMsg: autoDraw = False
106.3801 	EXP 	cueImage: image = 'images/WinSmall.bmp'
106.3801 	EXP 	cueImage: autoDraw = True
106.8620 	DATA 	Keypress: 5
107.6277 	DATA 	Keypress: 5
108.4124 	DATA 	Keypress: 5
108.4247 	EXP 	cueImage: autoDraw = False
108.4247 	EXP 	fixation: autoDraw = True
109.1958 	DATA 	Keypress: 5
109.9797 	DATA 	Keypress: 5
110.4750 	EXP 	fixation: autoDraw = False
110.4750 	EXP 	fixation: autoDraw = False
110.4750 	EXP 	Target: image = 'images/WinProbe.bmp'
110.4750 	EXP 	Target: autoDraw = True
110.7441 	DATA 	Keypress: 5
110.8394 	DATA 	Keypress: 1
110.8476 	EXP 	Target: autoDraw = False
110.8476 	EXP 	Target: autoDraw = False
110.8476 	EXP 	feedbackMsg: text = 'You pressed too slow!\n\nYou did not win $0.20!'
110.8476 	EXP 	feedbackMsg: autoDraw = True
111.5300 	DATA 	Keypress: 5
112.3130 	DATA 	Keypress: 5
112.4936 	EXP 	New trial (rep=0, index=12): OrderedDict([('Condition', 'Triangle'), ('FixationDur', 4000)])
112.5074 	EXP 	feedbackMsg: autoDraw = False
112.5074 	EXP 	feedbackMsg: autoDraw = False
112.5074 	EXP 	cueImage: image = 'images/Neutral.bmp'
112.5074 	EXP 	cueImage: autoDraw = True
113.0769 	DATA 	Keypress: 5
113.8616 	DATA 	Keypress: 5
114.5423 	EXP 	cueImage: autoDraw = False
114.5423 	EXP 	cueImage: autoDraw = False
114.5423 	EXP 	fixation: autoDraw = True
114.6462 	DATA 	Keypress: 5
115.4111 	DATA 	Keypress: 5
116.1966 	DATA 	Keypress: 5
116.9804 	DATA 	Keypress: 5
117.7454 	DATA 	Keypress: 5
118.5704 	DATA 	Keypress: 5
118.5766 	EXP 	fixation: autoDraw = False
118.5766 	EXP 	fixation: autoDraw = False
118.5766 	EXP 	Target: image = 'images/NeutralProbe.bmp'
118.5766 	EXP 	Target: autoDraw = True
118.9269 	DATA 	Keypress: 1
118.9421 	EXP 	Target: autoDraw = False
118.9421 	EXP 	Target: autoDraw = False
118.9421 	EXP 	feedbackMsg: text = 'You pressed too slow!\n\nYou did not win or lose anything!'
118.9421 	EXP 	feedbackMsg: autoDraw = True
119.3117 	DATA 	Keypress: 5
120.0793 	DATA 	Keypress: 5
120.5942 	EXP 	New trial (rep=0, index=13): OrderedDict([('Condition', 'LgReward'), ('FixationDur', 2000)])
120.6251 	EXP 	feedbackMsg: autoDraw = False
120.6251 	EXP 	feedbackMsg: autoDraw = False
120.6251 	EXP 	cueImage: image = 'images/WinBig.bmp'
120.6251 	EXP 	cueImage: autoDraw = True
120.8618 	DATA 	Keypress: 5
121.6452 	DATA 	Keypress: 5
122.4115 	DATA 	Keypress: 5
122.6485 	EXP 	cueImage: autoDraw = False
122.6485 	EXP 	fixation: autoDraw = True
123.1961 	DATA 	Keypress: 5
123.9790 	DATA 	Keypress: 5
124.6997 	EXP 	fixation: autoDraw = False
124.6997 	EXP 	fixation: autoDraw = False
124.6997 	EXP 	Target: image = 'images/WinProbe.bmp'
124.6997 	EXP 	Target: autoDraw = True
124.7453 	DATA 	Keypress: 5
124.9803 	DATA 	Keypress: 1
125.0588 	EXP 	Target: autoDraw = False
125.0588 	EXP 	Target: autoDraw = False
125.0588 	EXP 	feedbackMsg: text = 'Correct Response!\n\nYou won $5.00!'
125.0588 	EXP 	feedbackMsg: autoDraw = True
125.5293 	DATA 	Keypress: 5
126.3125 	DATA 	Keypress: 5
126.7276 	EXP 	New trial (rep=0, index=14): OrderedDict([('Condition', 'LgReward'), ('FixationDur', 3000)])
126.7511 	EXP 	feedbackMsg: autoDraw = False
126.7511 	EXP 	feedbackMsg: autoDraw = False
126.7511 	EXP 	cueImage: image = 'images/WinBig.bmp'
126.7511 	EXP 	cueImage: autoDraw = True
127.0789 	DATA 	Keypress: 5
127.8620 	DATA 	Keypress: 5
128.6459 	DATA 	Keypress: 5
128.7821 	EXP 	cueImage: autoDraw = False
128.7821 	EXP 	fixation: autoDraw = True
129.4132 	DATA 	Keypress: 5
130.1965 	DATA 	Keypress: 5
130.9808 	DATA 	Keypress: 5
131.7466 	DATA 	Keypress: 5
131.8333 	EXP 	fixation: autoDraw = False
131.8333 	EXP 	fixation: autoDraw = False
131.8333 	EXP 	Target: image = 'images/WinProbe.bmp'
131.8333 	EXP 	Target: autoDraw = True
132.1121 	DATA 	Keypress: 1
132.1831 	EXP 	Target: autoDraw = False
132.1831 	EXP 	Target: autoDraw = False
132.1831 	EXP 	feedbackMsg: text = 'Correct Response!\n\nYou won $5.00!'
132.1831 	EXP 	feedbackMsg: autoDraw = True
132.5290 	DATA 	Keypress: 5
133.3138 	DATA 	Keypress: 5
133.8616 	EXP 	New trial (rep=0, index=15): OrderedDict([('Condition', 'SmallPun'), ('FixationDur', 1500)])
133.8759 	EXP 	feedbackMsg: autoDraw = False
133.8759 	EXP 	feedbackMsg: autoDraw = False
133.8759 	EXP 	cueImage: image = 'images/LoseSmall.bmp'
133.8759 	EXP 	cueImage: autoDraw = True
134.0971 	DATA 	Keypress: 5
134.8626 	DATA 	Keypress: 5
135.6472 	DATA 	Keypress: 5
135.9009 	EXP 	cueImage: autoDraw = False
135.9009 	EXP 	cueImage: autoDraw = False
135.9009 	EXP 	fixation: autoDraw = True
136.4312 	DATA 	Keypress: 5
137.1959 	DATA 	Keypress: 5
137.4430 	EXP 	fixation: autoDraw = False
137.4430 	EXP 	fixation: autoDraw = False
137.4430 	EXP 	Target: image = 'images/LoseProbe.bmp'
137.4430 	EXP 	Target: autoDraw = True
137.7934 	DATA 	Keypress: 1
137.8001 	EXP 	Target: autoDraw = False
137.8001 	EXP 	Target: autoDraw = False
137.8001 	EXP 	feedbackMsg: text = 'You pressed too slow!\n\nYou lost $0.20!'
137.8001 	EXP 	feedbackMsg: autoDraw = True
137.9808 	DATA 	Keypress: 5
138.7648 	DATA 	Keypress: 5
139.4619 	EXP 	New trial (rep=0, index=16): OrderedDict([('Condition', 'SmallReward'), ('FixationDur', 1500)])
139.4934 	EXP 	feedbackMsg: autoDraw = False
139.4934 	EXP 	feedbackMsg: autoDraw = False
139.4934 	EXP 	cueImage: image = 'images/WinSmall.bmp'
139.4934 	EXP 	cueImage: autoDraw = True
139.5294 	DATA 	Keypress: 5
140.3131 	DATA 	Keypress: 5
141.0977 	DATA 	Keypress: 5
141.5175 	EXP 	cueImage: autoDraw = False
141.5175 	EXP 	fixation: autoDraw = True
141.8636 	DATA 	Keypress: 5
142.6464 	DATA 	Keypress: 5
143.0763 	EXP 	fixation: autoDraw = False
143.0763 	EXP 	fixation: autoDraw = False
143.0763 	EXP 	Target: image = 'images/WinProbe.bmp'
143.0763 	EXP 	Target: autoDraw = True
143.4174 	EXP 	Target: autoDraw = False
143.4174 	EXP 	Target: autoDraw = False
143.4174 	EXP 	feedbackMsg: text = 'You pressed too slow!\n\nYou did not win $0.20!'
143.4174 	EXP 	feedbackMsg: autoDraw = True
143.4211 	DATA 	Keypress: 5
143.6140 	DATA 	Keypress: 1
144.1970 	DATA 	Keypress: 5
144.9813 	DATA 	Keypress: 5
145.0959 	EXP 	New trial (rep=0, index=17): OrderedDict([('Condition', 'LgReward'), ('FixationDur', 1500)])
145.1265 	EXP 	feedbackMsg: autoDraw = False
145.1265 	EXP 	feedbackMsg: autoDraw = False
145.1265 	EXP 	cueImage: image = 'images/WinBig.bmp'
145.1265 	EXP 	cueImage: autoDraw = True
145.7629 	DATA 	Keypress: 5
146.5300 	DATA 	Keypress: 5
147.1518 	EXP 	cueImage: autoDraw = False
147.1518 	EXP 	fixation: autoDraw = True
147.3134 	DATA 	Keypress: 5
148.0985 	DATA 	Keypress: 5
148.7021 	EXP 	fixation: autoDraw = False
148.7021 	EXP 	fixation: autoDraw = False
148.7021 	EXP 	Target: image = 'images/WinProbe.bmp'
148.7021 	EXP 	Target: autoDraw = True
148.8641 	DATA 	Keypress: 5
148.9647 	DATA 	Keypress: 1
149.0440 	EXP 	Target: autoDraw = False
149.0440 	EXP 	Target: autoDraw = False
149.0440 	EXP 	feedbackMsg: text = 'Correct Response!\n\nYou won $5.00!'
149.0440 	EXP 	feedbackMsg: autoDraw = True
149.6475 	DATA 	Keypress: 5
150.4308 	DATA 	Keypress: 5
150.7295 	EXP 	New trial (rep=0, index=18): OrderedDict([('Condition', 'SmallPun'), ('FixationDur', 2000)])
150.7440 	EXP 	feedbackMsg: autoDraw = False
150.7440 	EXP 	feedbackMsg: autoDraw = False
150.7440 	EXP 	cueImage: image = 'images/LoseSmall.bmp'
150.7440 	EXP 	cueImage: autoDraw = True
151.1975 	DATA 	Keypress: 5
151.9796 	DATA 	Keypress: 5
152.7675 	DATA 	Keypress: 5
152.7773 	EXP 	cueImage: autoDraw = False
152.7773 	EXP 	cueImage: autoDraw = False
152.7773 	EXP 	fixation: autoDraw = True
153.5322 	DATA 	Keypress: 5
154.3141 	DATA 	Keypress: 5
154.8100 	EXP 	fixation: autoDraw = False
154.8100 	EXP 	fixation: autoDraw = False
154.8100 	EXP 	Target: image = 'images/LoseProbe.bmp'
154.8100 	EXP 	Target: autoDraw = True
155.0651 	DATA 	Keypress: 1
155.1404 	DATA 	Keypress: 5
155.1531 	EXP 	Target: autoDraw = False
155.1531 	EXP 	Target: autoDraw = False
155.1531 	EXP 	feedbackMsg: text = 'Correct Response!\n\nYou did not lose $0.20!'
155.1531 	EXP 	feedbackMsg: autoDraw = True
155.8809 	DATA 	Keypress: 5
156.6467 	DATA 	Keypress: 5
156.8298 	EXP 	New trial (rep=0, index=19): OrderedDict([('Condition', 'SmallReward'), ('FixationDur', 1500)])
156.8607 	EXP 	feedbackMsg: autoDraw = False
156.8607 	EXP 	feedbackMsg: autoDraw = False
156.8607 	EXP 	cueImage: image = 'images/WinSmall.bmp'
156.8607 	EXP 	cueImage: autoDraw = True
157.4312 	DATA 	Keypress: 5
158.2158 	DATA 	Keypress: 5
158.8864 	EXP 	cueImage: autoDraw = False
158.8864 	EXP 	fixation: autoDraw = True
158.9803 	DATA 	Keypress: 5
159.7658 	DATA 	Keypress: 5
160.4361 	EXP 	fixation: autoDraw = False
160.4361 	EXP 	fixation: autoDraw = False
160.4361 	EXP 	Target: image = 'images/WinProbe.bmp'
160.4361 	EXP 	Target: autoDraw = True
160.5491 	DATA 	Keypress: 5
160.7586 	DATA 	Keypress: 1
160.7704 	EXP 	Target: autoDraw = False
160.7704 	EXP 	Target: autoDraw = False
160.7704 	EXP 	feedbackMsg: text = 'You pressed too slow!\n\nYou did not win $0.20!'
160.7704 	EXP 	feedbackMsg: autoDraw = True
161.3142 	DATA 	Keypress: 5
162.0992 	DATA 	Keypress: 5
162.4803 	EXP 	New trial (rep=0, index=20): OrderedDict([('Condition', 'LgPun'), ('FixationDur', 1500)])
162.4945 	EXP 	feedbackMsg: autoDraw = False
162.4945 	EXP 	feedbackMsg: autoDraw = False
162.4945 	EXP 	cueImage: image = 'images/LoseBig.bmp'
162.4945 	EXP 	cueImage: autoDraw = True
162.8819 	DATA 	Keypress: 5
163.6472 	DATA 	Keypress: 5
164.4312 	DATA 	Keypress: 5
164.5209 	EXP 	cueImage: autoDraw = False
164.5209 	EXP 	cueImage: autoDraw = False
164.5209 	EXP 	fixation: autoDraw = True
165.2168 	DATA 	Keypress: 5
165.9823 	DATA 	Keypress: 5
166.0609 	EXP 	fixation: autoDraw = False
166.0609 	EXP 	fixation: autoDraw = False
166.0609 	EXP 	Target: image = 'images/LoseProbe.bmp'
166.0609 	EXP 	Target: autoDraw = True
166.2979 	DATA 	Keypress: 1
166.3792 	EXP 	Target: autoDraw = False
166.3792 	EXP 	Target: autoDraw = False
166.3792 	EXP 	feedbackMsg: text = 'Correct Response!\n\nYou did not lose $5.00!'
166.3792 	EXP 	feedbackMsg: autoDraw = True
166.7655 	DATA 	Keypress: 5
167.5485 	DATA 	Keypress: 5
168.0971 	EXP 	New trial (rep=0, index=21): OrderedDict([('Condition', 'LgReward'), ('FixationDur', 3500)])
168.1222 	EXP 	feedbackMsg: autoDraw = False
168.1222 	EXP 	feedbackMsg: autoDraw = False
168.1222 	EXP 	cueImage: image = 'images/WinBig.bmp'
168.1222 	EXP 	cueImage: autoDraw = True
168.3149 	DATA 	Keypress: 5
169.0977 	DATA 	Keypress: 5
169.8815 	DATA 	Keypress: 5
170.1549 	EXP 	cueImage: autoDraw = False
170.1549 	EXP 	fixation: autoDraw = True
170.6489 	DATA 	Keypress: 5
171.4315 	DATA 	Keypress: 5
172.2168 	DATA 	Keypress: 5
172.9825 	DATA 	Keypress: 5
173.7050 	EXP 	fixation: autoDraw = False
173.7050 	EXP 	fixation: autoDraw = False
173.7050 	EXP 	Target: image = 'images/WinProbe.bmp'
173.7050 	EXP 	Target: autoDraw = True
173.7651 	DATA 	Keypress: 5
173.9480 	DATA 	Keypress: 1
174.0292 	EXP 	Target: autoDraw = False
174.0292 	EXP 	Target: autoDraw = False
174.0292 	EXP 	feedbackMsg: text = 'Correct Response!\n\nYou won $5.00!'
174.0292 	EXP 	feedbackMsg: autoDraw = True
174.5499 	DATA 	Keypress: 5
175.3330 	DATA 	Keypress: 5
175.7311 	EXP 	New trial (rep=0, index=22): OrderedDict([('Condition', 'LgPun'), ('FixationDur', 3500)])
175.7456 	EXP 	feedbackMsg: autoDraw = False
175.7456 	EXP 	feedbackMsg: autoDraw = False
175.7456 	EXP 	cueImage: image = 'images/LoseBig.bmp'
175.7456 	EXP 	cueImage: autoDraw = True
176.0988 	DATA 	Keypress: 5
176.8822 	DATA 	Keypress: 5
177.6667 	DATA 	Keypress: 5
177.7722 	EXP 	cueImage: autoDraw = False
177.7722 	EXP 	cueImage: autoDraw = False
177.7722 	EXP 	fixation: autoDraw = True
178.4317 	DATA 	Keypress: 5
179.2172 	DATA 	Keypress: 5
180.0007 	DATA 	Keypress: 5
180.7653 	DATA 	Keypress: 5
181.3075 	EXP 	fixation: autoDraw = False
181.3075 	EXP 	fixation: autoDraw = False
181.3075 	EXP 	Target: image = 'images/LoseProbe.bmp'
181.3075 	EXP 	Target: autoDraw = True
181.5485 	DATA 	Keypress: 5
181.5502 	DATA 	Keypress: 1
181.6234 	EXP 	Target: autoDraw = False
181.6234 	EXP 	Target: autoDraw = False
181.6234 	EXP 	feedbackMsg: text = 'Correct Response!\n\nYou did not lose $5.00!'
181.6234 	EXP 	feedbackMsg: autoDraw = True
182.3341 	DATA 	Keypress: 5
183.0995 	DATA 	Keypress: 5
183.3485 	EXP 	New trial (rep=0, index=23): OrderedDict([('Condition', 'LgReward'), ('FixationDur', 1500)])
183.3736 	EXP 	feedbackMsg: autoDraw = False
183.3736 	EXP 	feedbackMsg: autoDraw = False
183.3736 	EXP 	cueImage: image = 'images/WinBig.bmp'
183.3736 	EXP 	cueImage: autoDraw = True
183.8832 	DATA 	Keypress: 5
184.6659 	DATA 	Keypress: 5
185.4066 	EXP 	cueImage: autoDraw = False
185.4066 	EXP 	fixation: autoDraw = True
185.4329 	DATA 	Keypress: 5
186.2168 	DATA 	Keypress: 5
186.9572 	EXP 	fixation: autoDraw = False
186.9572 	EXP 	fixation: autoDraw = False
186.9572 	EXP 	Target: image = 'images/WinProbe.bmp'
186.9572 	EXP 	Target: autoDraw = True
187.0011 	DATA 	Keypress: 5
187.2430 	DATA 	Keypress: 1
187.2574 	EXP 	Target: autoDraw = False
187.2574 	EXP 	Target: autoDraw = False
187.2574 	EXP 	feedbackMsg: text = 'You pressed too slow!\n\nYou did not win $5.00!'
187.2574 	EXP 	feedbackMsg: autoDraw = True
187.7668 	DATA 	Keypress: 5
188.5492 	DATA 	Keypress: 5
188.9821 	EXP 	New trial (rep=0, index=24): OrderedDict([('Condition', 'Triangle'), ('FixationDur', 2000)])
188.9962 	EXP 	feedbackMsg: autoDraw = False
188.9962 	EXP 	feedbackMsg: autoDraw = False
188.9962 	EXP 	cueImage: image = 'images/Neutral.bmp'
188.9962 	EXP 	cueImage: autoDraw = True
189.3333 	DATA 	Keypress: 5
190.0997 	DATA 	Keypress: 5
190.8829 	DATA 	Keypress: 5
191.0245 	EXP 	cueImage: autoDraw = False
191.0245 	EXP 	cueImage: autoDraw = False
191.0245 	EXP 	fixation: autoDraw = True
191.6680 	DATA 	Keypress: 5
192.4341 	DATA 	Keypress: 5
193.0590 	EXP 	fixation: autoDraw = False
193.0590 	EXP 	fixation: autoDraw = False
193.0590 	EXP 	Target: image = 'images/NeutralProbe.bmp'
193.0590 	EXP 	Target: autoDraw = True
193.2160 	DATA 	Keypress: 5
193.3602 	DATA 	Keypress: 1
193.3746 	EXP 	Target: autoDraw = False
193.3746 	EXP 	Target: autoDraw = False
193.3746 	EXP 	feedbackMsg: text = 'You pressed too slow!\n\nYou did not win or lose anything!'
193.3746 	EXP 	feedbackMsg: autoDraw = True
194.0014 	DATA 	Keypress: 5
194.7850 	DATA 	Keypress: 5
195.0989 	EXP 	New trial (rep=0, index=25): OrderedDict([('Condition', 'Triangle'), ('FixationDur', 2500)])
195.1132 	EXP 	feedbackMsg: autoDraw = False
195.1132 	EXP 	feedbackMsg: autoDraw = False
195.1132 	EXP 	cueImage: image = 'images/Neutral.bmp'
195.1132 	EXP 	cueImage: autoDraw = True
195.5497 	DATA 	Keypress: 5
196.3346 	DATA 	Keypress: 5
197.1343 	DATA 	Keypress: 5
197.1412 	EXP 	cueImage: autoDraw = False
197.1412 	EXP 	cueImage: autoDraw = False
197.1412 	EXP 	fixation: autoDraw = True
197.8830 	DATA 	Keypress: 5
198.6678 	DATA 	Keypress: 5
199.4517 	DATA 	Keypress: 5
199.6758 	EXP 	fixation: autoDraw = False
199.6758 	EXP 	fixation: autoDraw = False
199.6758 	EXP 	Target: image = 'images/NeutralProbe.bmp'
199.6758 	EXP 	Target: autoDraw = True
199.9665 	DATA 	Keypress: 1
199.9758 	EXP 	Target: autoDraw = False
199.9758 	EXP 	Target: autoDraw = False
199.9758 	EXP 	feedbackMsg: text = 'You pressed too slow!\n\nYou did not win or lose anything!'
199.9758 	EXP 	feedbackMsg: autoDraw = True
200.2160 	DATA 	Keypress: 5
201.0026 	DATA 	Keypress: 5
201.6997 	EXP 	New trial (rep=0, index=26): OrderedDict([('Condition', 'SmallPun'), ('FixationDur', 2500)])
201.7140 	EXP 	feedbackMsg: autoDraw = False
201.7140 	EXP 	feedbackMsg: autoDraw = False
201.7140 	EXP 	cueImage: image = 'images/LoseSmall.bmp'
201.7140 	EXP 	cueImage: autoDraw = True
201.7833 	DATA 	Keypress: 5
202.5500 	DATA 	Keypress: 5
203.3337 	DATA 	Keypress: 5
203.7422 	EXP 	cueImage: autoDraw = False
203.7422 	EXP 	cueImage: autoDraw = False
203.7422 	EXP 	fixation: autoDraw = True
204.1190 	DATA 	Keypress: 5
204.8841 	DATA 	Keypress: 5
205.6670 	DATA 	Keypress: 5
206.2765 	EXP 	fixation: autoDraw = False
206.2765 	EXP 	fixation: autoDraw = False
206.2765 	EXP 	Target: image = 'images/LoseProbe.bmp'
206.2765 	EXP 	Target: autoDraw = True
206.4342 	DATA 	Keypress: 1
206.4518 	DATA 	Keypress: 5
206.5808 	EXP 	Target: autoDraw = False
206.5808 	EXP 	Target: autoDraw = False
206.5808 	EXP 	feedbackMsg: text = 'Correct Response!\n\nYou did not lose $0.20!'
206.5808 	EXP 	feedbackMsg: autoDraw = True
207.2179 	DATA 	Keypress: 5
208.0009 	DATA 	Keypress: 5
208.3165 	EXP 	New trial (rep=0, index=27): OrderedDict([('Condition', 'SmallReward'), ('FixationDur', 1500)])
208.3438 	EXP 	feedbackMsg: autoDraw = False
208.3438 	EXP 	feedbackMsg: autoDraw = False
208.3438 	EXP 	cueImage: image = 'images/WinSmall.bmp'
208.3438 	EXP 	cueImage: autoDraw = True
208.7852 	DATA 	Keypress: 5
209.5506 	DATA 	Keypress: 5
210.3664 	DATA 	Keypress: 5
210.3764 	EXP 	cueImage: autoDraw = False
210.3764 	EXP 	fixation: autoDraw = True
211.1190 	DATA 	Keypress: 5
211.9192 	DATA 	Keypress: 5
211.9270 	EXP 	fixation: autoDraw = False
211.9270 	EXP 	fixation: autoDraw = False
211.9270 	EXP 	Target: image = 'images/WinProbe.bmp'
211.9270 	EXP 	Target: autoDraw = True
212.1983 	EXP 	Target: autoDraw = False
212.1983 	EXP 	Target: autoDraw = False
212.1983 	EXP 	feedbackMsg: text = 'You pressed too slow!\n\nYou did not win $0.20!'
212.1983 	EXP 	feedbackMsg: autoDraw = True
212.3179 	DATA 	Keypress: 1
212.6679 	DATA 	Keypress: 5
213.4526 	DATA 	Keypress: 5
213.9503 	EXP 	New trial (rep=0, index=28): OrderedDict([('Condition', 'LgPun'), ('FixationDur', 3000)])
213.9644 	EXP 	feedbackMsg: autoDraw = False
213.9644 	EXP 	feedbackMsg: autoDraw = False
213.9644 	EXP 	cueImage: image = 'images/LoseBig.bmp'
213.9644 	EXP 	cueImage: autoDraw = True
214.2355 	DATA 	Keypress: 5
215.0004 	DATA 	Keypress: 5
215.7841 	DATA 	Keypress: 5
215.9940 	EXP 	cueImage: autoDraw = False
215.9940 	EXP 	cueImage: autoDraw = False
215.9940 	EXP 	fixation: autoDraw = True
216.5653 	DATA 	Keypress: 5
217.3310 	DATA 	Keypress: 5
218.1196 	DATA 	Keypress: 5
218.9030 	DATA 	Keypress: 5
219.0277 	EXP 	fixation: autoDraw = False
219.0277 	EXP 	fixation: autoDraw = False
219.0277 	EXP 	Target: image = 'images/LoseProbe.bmp'
219.0277 	EXP 	Target: autoDraw = True
219.3057 	DATA 	Keypress: 1
219.3116 	EXP 	Target: autoDraw = False
219.3116 	EXP 	Target: autoDraw = False
219.3116 	EXP 	feedbackMsg: text = 'You pressed too slow!\n\nYou lost $5.00!'
219.3116 	EXP 	feedbackMsg: autoDraw = True
219.6674 	DATA 	Keypress: 5
220.4529 	DATA 	Keypress: 5
221.0675 	EXP 	New trial (rep=0, index=29): OrderedDict([('Condition', 'LgReward'), ('FixationDur', 2000)])
221.0946 	EXP 	feedbackMsg: autoDraw = False
221.0946 	EXP 	feedbackMsg: autoDraw = False
221.0946 	EXP 	cueImage: image = 'images/WinBig.bmp'
221.0946 	EXP 	cueImage: autoDraw = True
221.2319 	DATA 	Keypress: 5
222.0007 	DATA 	Keypress: 5
222.7860 	DATA 	Keypress: 5
223.1286 	EXP 	cueImage: autoDraw = False
223.1286 	EXP 	fixation: autoDraw = True
223.5661 	DATA 	Keypress: 5
224.3500 	DATA 	Keypress: 5
225.1638 	DATA 	Keypress: 5
225.1782 	EXP 	fixation: autoDraw = False
225.1782 	EXP 	fixation: autoDraw = False
225.1782 	EXP 	Target: image = 'images/WinProbe.bmp'
225.1782 	EXP 	Target: autoDraw = True
225.4422 	DATA 	Keypress: 1
225.4493 	EXP 	Target: autoDraw = False
225.4493 	EXP 	Target: autoDraw = False
225.4493 	EXP 	feedbackMsg: text = 'You pressed too slow!\n\nYou did not win $5.00!'
225.4493 	EXP 	feedbackMsg: autoDraw = True
225.9020 	DATA 	Keypress: 5
226.6687 	DATA 	Keypress: 5
227.2010 	EXP 	New trial (rep=0, index=30): OrderedDict([('Condition', 'SmallReward'), ('FixationDur', 1500)])
227.2455 	EXP 	feedbackMsg: autoDraw = False
227.2455 	EXP 	feedbackMsg: autoDraw = False
227.2455 	EXP 	cueImage: image = 'images/WinSmall.bmp'
227.2455 	EXP 	cueImage: autoDraw = True
227.4487 	DATA 	Keypress: 5
228.2359 	DATA 	Keypress: 5
229.0023 	DATA 	Keypress: 5
229.2633 	EXP 	cueImage: autoDraw = False
229.2633 	EXP 	fixation: autoDraw = True
229.7815 	DATA 	Keypress: 5
230.5668 	DATA 	Keypress: 5
230.8166 	EXP 	fixation: autoDraw = False
230.8166 	EXP 	fixation: autoDraw = False
230.8166 	EXP 	Target: image = 'images/WinProbe.bmp'
230.8166 	EXP 	Target: autoDraw = True
231.0693 	DATA 	Keypress: 1
231.1323 	EXP 	Target: autoDraw = False
231.1323 	EXP 	Target: autoDraw = False
231.1323 	EXP 	feedbackMsg: text = 'Correct Response!\n\nYou won $0.20!'
231.1323 	EXP 	feedbackMsg: autoDraw = True
231.3358 	DATA 	Keypress: 5
232.1197 	DATA 	Keypress: 5
232.8346 	EXP 	New trial (rep=0, index=31): OrderedDict([('Condition', 'LgReward'), ('FixationDur', 4000)])
232.8621 	EXP 	feedbackMsg: autoDraw = False
232.8621 	EXP 	feedbackMsg: autoDraw = False
232.8621 	EXP 	cueImage: image = 'images/WinBig.bmp'
232.8621 	EXP 	cueImage: autoDraw = True
232.9002 	DATA 	Keypress: 5
233.6835 	DATA 	Keypress: 5
234.4484 	DATA 	Keypress: 5
234.8969 	EXP 	cueImage: autoDraw = False
234.8969 	EXP 	fixation: autoDraw = True
235.2340 	DATA 	Keypress: 5
236.0189 	DATA 	Keypress: 5
236.7870 	DATA 	Keypress: 5
237.5697 	DATA 	Keypress: 5
238.3546 	DATA 	Keypress: 5
238.9297 	EXP 	fixation: autoDraw = False
238.9297 	EXP 	fixation: autoDraw = False
238.9297 	EXP 	Target: image = 'images/WinProbe.bmp'
238.9297 	EXP 	Target: autoDraw = True
239.1164 	DATA 	Keypress: 5
239.1825 	DATA 	Keypress: 1
239.2466 	EXP 	Target: autoDraw = False
239.2466 	EXP 	Target: autoDraw = False
239.2466 	EXP 	feedbackMsg: text = 'Correct Response!\n\nYou won $5.00!'
239.2466 	EXP 	feedbackMsg: autoDraw = True
239.9004 	DATA 	Keypress: 5
240.6870 	DATA 	Keypress: 5
240.9517 	EXP 	New trial (rep=0, index=32): OrderedDict([('Condition', 'LgPun'), ('FixationDur', 1500)])
240.9669 	EXP 	feedbackMsg: autoDraw = False
240.9669 	EXP 	feedbackMsg: autoDraw = False
240.9669 	EXP 	cueImage: image = 'images/LoseBig.bmp'
240.9669 	EXP 	cueImage: autoDraw = True
241.4520 	DATA 	Keypress: 5
242.2361 	DATA 	Keypress: 5
242.9977 	EXP 	cueImage: autoDraw = False
242.9977 	EXP 	cueImage: autoDraw = False
242.9977 	EXP 	fixation: autoDraw = True
243.0180 	DATA 	Keypress: 5
243.7841 	DATA 	Keypress: 5
244.5303 	EXP 	fixation: autoDraw = False
244.5303 	EXP 	fixation: autoDraw = False
244.5303 	EXP 	Target: image = 'images/LoseProbe.bmp'
244.5303 	EXP 	Target: autoDraw = True
244.5672 	DATA 	Keypress: 5
244.8428 	DATA 	Keypress: 1
244.8474 	EXP 	Target: autoDraw = False
244.8474 	EXP 	Target: autoDraw = False
244.8474 	EXP 	feedbackMsg: text = 'You pressed too slow!\n\nYou lost $5.00!'
244.8474 	EXP 	feedbackMsg: autoDraw = True
245.3539 	DATA 	Keypress: 5
246.1189 	DATA 	Keypress: 5
246.5523 	EXP 	New trial (rep=0, index=33): OrderedDict([('Condition', 'LgPun'), ('FixationDur', 4000)])
246.5669 	EXP 	feedbackMsg: autoDraw = False
246.5669 	EXP 	feedbackMsg: autoDraw = False
246.5669 	EXP 	cueImage: image = 'images/LoseBig.bmp'
246.5669 	EXP 	cueImage: autoDraw = True
246.9030 	DATA 	Keypress: 5
247.6864 	DATA 	Keypress: 5
248.4530 	DATA 	Keypress: 5
248.5983 	EXP 	cueImage: autoDraw = False
248.5983 	EXP 	cueImage: autoDraw = False
248.5983 	EXP 	fixation: autoDraw = True
248.8717 	DATA 	Keypress: 1
249.2367 	DATA 	Keypress: 5
250.0220 	DATA 	Keypress: 5
250.7873 	DATA 	Keypress: 5
251.5709 	DATA 	Keypress: 5
252.3554 	DATA 	Keypress: 5
252.5527 	DATA 	Keypress: 1
252.6321 	EXP 	fixation: autoDraw = False
252.6321 	EXP 	fixation: autoDraw = False
252.6321 	EXP 	Target: image = 'images/LoseProbe.bmp'
252.6321 	EXP 	Target: autoDraw = True
252.9842 	EXP 	Target: autoDraw = False
252.9842 	EXP 	Target: autoDraw = False
252.9842 	EXP 	feedbackMsg: text = 'You pressed too soon!\n\nYou lost $5.00!'
252.9842 	EXP 	feedbackMsg: autoDraw = True
253.0866 	DATA 	Keypress: 1
253.1204 	DATA 	Keypress: 5
253.9035 	DATA 	Keypress: 5
254.6527 	EXP 	New trial (rep=0, index=34): OrderedDict([('Condition', 'SmallPun'), ('FixationDur', 1500)])
254.6674 	EXP 	feedbackMsg: autoDraw = False
254.6674 	EXP 	feedbackMsg: autoDraw = False
254.6674 	EXP 	cueImage: image = 'images/LoseSmall.bmp'
254.6674 	EXP 	cueImage: autoDraw = True
254.6875 	DATA 	Keypress: 5
255.4539 	DATA 	Keypress: 5
256.2356 	DATA 	Keypress: 5
256.7000 	EXP 	cueImage: autoDraw = False
256.7000 	EXP 	cueImage: autoDraw = False
256.7000 	EXP 	fixation: autoDraw = True
257.0219 	DATA 	Keypress: 5
257.7881 	DATA 	Keypress: 5
258.2329 	EXP 	fixation: autoDraw = False
258.2329 	EXP 	fixation: autoDraw = False
258.2329 	EXP 	Target: image = 'images/LoseProbe.bmp'
258.2329 	EXP 	Target: autoDraw = True
258.5807 	DATA 	Keypress: 5
258.5998 	EXP 	Target: autoDraw = False
258.5998 	EXP 	Target: autoDraw = False
258.5998 	EXP 	feedbackMsg: text = 'You pressed too slow!\n\nYou lost $0.20!'
258.5998 	EXP 	feedbackMsg: autoDraw = True
258.6038 	DATA 	Keypress: 1
259.3546 	DATA 	Keypress: 5
260.1216 	DATA 	Keypress: 5
260.2532 	EXP 	New trial (rep=0, index=35): OrderedDict([('Condition', 'LgPun'), ('FixationDur', 2000)])
260.2677 	EXP 	feedbackMsg: autoDraw = False
260.2677 	EXP 	feedbackMsg: autoDraw = False
260.2677 	EXP 	cueImage: image = 'images/LoseBig.bmp'
260.2677 	EXP 	cueImage: autoDraw = True
260.9035 	DATA 	Keypress: 5
261.6884 	DATA 	Keypress: 5
262.3004 	EXP 	cueImage: autoDraw = False
262.3004 	EXP 	cueImage: autoDraw = False
262.3004 	EXP 	fixation: autoDraw = True
262.4725 	DATA 	Keypress: 5
263.2372 	DATA 	Keypress: 5
264.0215 	DATA 	Keypress: 5
264.3333 	EXP 	fixation: autoDraw = False
264.3333 	EXP 	fixation: autoDraw = False
264.3333 	EXP 	Target: image = 'images/LoseProbe.bmp'
264.3333 	EXP 	Target: autoDraw = True
264.5557 	DATA 	Keypress: 1
264.6833 	EXP 	Target: autoDraw = False
264.6833 	EXP 	Target: autoDraw = False
264.6833 	EXP 	feedbackMsg: text = 'Correct Response!\n\nYou did not lose $5.00!'
264.6833 	EXP 	feedbackMsg: autoDraw = True
264.8053 	DATA 	Keypress: 5
265.5708 	DATA 	Keypress: 5
266.3518 	EXP 	New trial (rep=0, index=36): OrderedDict([('Condition', 'Triangle'), ('FixationDur', 3000)])
266.3582 	DATA 	Keypress: 5
266.3671 	EXP 	feedbackMsg: autoDraw = False
266.3671 	EXP 	feedbackMsg: autoDraw = False
266.3671 	EXP 	cueImage: image = 'images/Neutral.bmp'
266.3671 	EXP 	cueImage: autoDraw = True
267.1384 	DATA 	Keypress: 5
267.9046 	DATA 	Keypress: 5
268.4009 	EXP 	cueImage: autoDraw = False
268.4009 	EXP 	fixation: autoDraw = True
268.6883 	DATA 	Keypress: 5
269.4738 	DATA 	Keypress: 5
270.2383 	DATA 	Keypress: 5
271.0218 	DATA 	Keypress: 5
271.4344 	EXP 	fixation: autoDraw = False
271.4344 	EXP 	fixation: autoDraw = False
271.4344 	EXP 	Target: image = 'images/NeutralProbe.bmp'
271.4344 	EXP 	Target: autoDraw = True
271.6881 	DATA 	Keypress: 1
271.7988 	DATA 	Keypress: 5
271.8183 	EXP 	Target: autoDraw = False
271.8183 	EXP 	Target: autoDraw = False
271.8183 	EXP 	feedbackMsg: text = 'Correct Response!\n\nYou did not win or lose anything!'
271.8183 	EXP 	feedbackMsg: autoDraw = True
272.5724 	DATA 	Keypress: 5
273.3552 	DATA 	Keypress: 5
273.4545 	EXP 	New trial (rep=0, index=37): OrderedDict([('Condition', 'Triangle'), ('FixationDur', 1500)])
273.4686 	EXP 	feedbackMsg: autoDraw = False
273.4686 	EXP 	feedbackMsg: autoDraw = False
273.4686 	EXP 	cueImage: image = 'images/Neutral.bmp'
273.4686 	EXP 	cueImage: autoDraw = True
274.1394 	DATA 	Keypress: 5
274.9051 	DATA 	Keypress: 5
275.5015 	EXP 	cueImage: autoDraw = False
275.5015 	EXP 	cueImage: autoDraw = False
275.5015 	EXP 	fixation: autoDraw = True
275.6882 	DATA 	Keypress: 5
276.4723 	DATA 	Keypress: 5
277.0352 	EXP 	fixation: autoDraw = False
277.0352 	EXP 	fixation: autoDraw = False
277.0352 	EXP 	Target: image = 'images/NeutralProbe.bmp'
277.0352 	EXP 	Target: autoDraw = True
277.2390 	DATA 	Keypress: 5
277.4150 	DATA 	Keypress: 1
277.4358 	EXP 	Target: autoDraw = False
277.4358 	EXP 	Target: autoDraw = False
277.4358 	EXP 	feedbackMsg: text = 'You pressed too slow!\n\nYou did not win or lose anything!'
277.4358 	EXP 	feedbackMsg: autoDraw = True
278.0213 	DATA 	Keypress: 5
278.8067 	DATA 	Keypress: 5
279.0709 	EXP 	New trial (rep=0, index=38): OrderedDict([('Condition', 'SmallReward'), ('FixationDur', 2500)])
279.1020 	EXP 	feedbackMsg: autoDraw = False
279.1020 	EXP 	feedbackMsg: autoDraw = False
279.1020 	EXP 	cueImage: image = 'images/WinSmall.bmp'
279.1020 	EXP 	cueImage: autoDraw = True
279.5726 	DATA 	Keypress: 5
280.3547 	DATA 	Keypress: 5
281.1361 	EXP 	cueImage: autoDraw = False
281.1361 	EXP 	fixation: autoDraw = True
281.1390 	DATA 	Keypress: 5
281.9240 	DATA 	Keypress: 5
282.6893 	DATA 	Keypress: 5
283.4739 	DATA 	Keypress: 5
283.6863 	EXP 	fixation: autoDraw = False
283.6863 	EXP 	fixation: autoDraw = False
283.6863 	EXP 	Target: image = 'images/WinProbe.bmp'
283.6863 	EXP 	Target: autoDraw = True
284.0466 	DATA 	Keypress: 1
284.0525 	EXP 	Target: autoDraw = False
284.0525 	EXP 	Target: autoDraw = False
284.0525 	EXP 	feedbackMsg: text = 'You pressed too slow!\n\nYou did not win $0.20!'
284.0525 	EXP 	feedbackMsg: autoDraw = True
284.2567 	DATA 	Keypress: 5
285.0219 	DATA 	Keypress: 5
285.7036 	EXP 	New trial (rep=0, index=39): OrderedDict([('Condition', 'Triangle'), ('FixationDur', 1500)])
285.7194 	EXP 	feedbackMsg: autoDraw = False
285.7194 	EXP 	feedbackMsg: autoDraw = False
285.7194 	EXP 	cueImage: image = 'images/Neutral.bmp'
285.7194 	EXP 	cueImage: autoDraw = True
285.8050 	DATA 	Keypress: 5
286.5906 	DATA 	Keypress: 5
287.3548 	DATA 	Keypress: 5
287.7535 	EXP 	cueImage: autoDraw = False
287.7535 	EXP 	fixation: autoDraw = True
288.1405 	DATA 	Keypress: 5
288.9243 	DATA 	Keypress: 5
289.2864 	EXP 	fixation: autoDraw = False
289.2864 	EXP 	fixation: autoDraw = False
289.2864 	EXP 	Target: image = 'images/NeutralProbe.bmp'
289.2864 	EXP 	Target: autoDraw = True
289.5738 	DATA 	Keypress: 1
289.6703 	EXP 	Target: autoDraw = False
289.6703 	EXP 	Target: autoDraw = False
289.6703 	EXP 	feedbackMsg: text = 'Correct Response!\n\nYou did not win or lose anything!'
289.6703 	EXP 	feedbackMsg: autoDraw = True
289.6895 	DATA 	Keypress: 5
290.4720 	DATA 	Keypress: 5
291.2581 	DATA 	Keypress: 5
291.3053 	EXP 	New trial (rep=0, index=40): OrderedDict([('Condition', 'Triangle'), ('FixationDur', 3500)])
291.3198 	EXP 	feedbackMsg: autoDraw = False
291.3198 	EXP 	feedbackMsg: autoDraw = False
291.3198 	EXP 	cueImage: image = 'images/Neutral.bmp'
291.3198 	EXP 	cueImage: autoDraw = True
292.0229 	DATA 	Keypress: 5
292.8069 	DATA 	Keypress: 5
293.3532 	EXP 	cueImage: autoDraw = False
293.3532 	EXP 	cueImage: autoDraw = False
293.3532 	EXP 	fixation: autoDraw = True
293.5914 	DATA 	Keypress: 5
294.3565 	DATA 	Keypress: 5
295.1395 	DATA 	Keypress: 5
295.9244 	DATA 	Keypress: 5
296.6904 	DATA 	Keypress: 5
296.8858 	EXP 	fixation: autoDraw = False
296.8858 	EXP 	fixation: autoDraw = False
296.8858 	EXP 	Target: image = 'images/NeutralProbe.bmp'
296.8858 	EXP 	Target: autoDraw = True
297.2541 	EXP 	Target: autoDraw = False
297.2541 	EXP 	Target: autoDraw = False
297.2541 	EXP 	feedbackMsg: text = 'You pressed too slow!\n\nYou did not win or lose anything!'
297.2541 	EXP 	feedbackMsg: autoDraw = True
297.3065 	DATA 	Keypress: 1
297.4728 	DATA 	Keypress: 5
298.2577 	DATA 	Keypress: 5
298.9059 	EXP 	New trial (rep=0, index=41): OrderedDict([('Condition', 'LgPun'), ('FixationDur', 1500)])
298.9202 	EXP 	feedbackMsg: autoDraw = False
298.9202 	EXP 	feedbackMsg: autoDraw = False
298.9202 	EXP 	cueImage: image = 'images/LoseBig.bmp'
298.9202 	EXP 	cueImage: autoDraw = True
299.0237 	DATA 	Keypress: 5
299.8074 	DATA 	Keypress: 5
300.5912 	DATA 	Keypress: 5
300.9536 	EXP 	cueImage: autoDraw = False
300.9536 	EXP 	cueImage: autoDraw = False
300.9536 	EXP 	fixation: autoDraw = True
301.3751 	DATA 	Keypress: 5
302.1402 	DATA 	Keypress: 5
302.4869 	EXP 	fixation: autoDraw = False
302.4869 	EXP 	fixation: autoDraw = False
302.4869 	EXP 	Target: image = 'images/LoseProbe.bmp'
302.4869 	EXP 	Target: autoDraw = True
302.8583 	DATA 	Keypress: 1
302.8706 	EXP 	Target: autoDraw = False
302.8706 	EXP 	Target: autoDraw = False
302.8706 	EXP 	feedbackMsg: text = 'You pressed too slow!\n\nYou lost $5.00!'
302.8706 	EXP 	feedbackMsg: autoDraw = True
302.9243 	DATA 	Keypress: 5
303.7088 	DATA 	Keypress: 5
304.4741 	DATA 	Keypress: 5
304.5062 	EXP 	New trial (rep=0, index=42): OrderedDict([('Condition', 'SmallPun'), ('FixationDur', 3500)])
304.5208 	EXP 	feedbackMsg: autoDraw = False
304.5208 	EXP 	feedbackMsg: autoDraw = False
304.5208 	EXP 	cueImage: image = 'images/LoseSmall.bmp'
304.5208 	EXP 	cueImage: autoDraw = True
305.2579 	DATA 	Keypress: 5
306.0408 	DATA 	Keypress: 5
306.5541 	EXP 	cueImage: autoDraw = False
306.5541 	EXP 	cueImage: autoDraw = False
306.5541 	EXP 	fixation: autoDraw = True
306.8068 	DATA 	Keypress: 5
307.5919 	DATA 	Keypress: 5
308.3758 	DATA 	Keypress: 5
309.1399 	DATA 	Keypress: 5
309.9260 	DATA 	Keypress: 5
310.0870 	EXP 	fixation: autoDraw = False
310.0870 	EXP 	fixation: autoDraw = False
310.0870 	EXP 	Target: image = 'images/LoseProbe.bmp'
310.0870 	EXP 	Target: autoDraw = True
310.3727 	DATA 	Keypress: 1
310.4547 	EXP 	Target: autoDraw = False
310.4547 	EXP 	Target: autoDraw = False
310.4547 	EXP 	feedbackMsg: text = 'Correct Response!\n\nYou did not lose $0.20!'
310.4547 	EXP 	feedbackMsg: autoDraw = True
310.7084 	DATA 	Keypress: 5
311.4741 	DATA 	Keypress: 5
312.1056 	EXP 	New trial (rep=0, index=43): OrderedDict([('Condition', 'LgReward'), ('FixationDur', 1500)])
312.1380 	EXP 	feedbackMsg: autoDraw = False
312.1380 	EXP 	feedbackMsg: autoDraw = False
312.1380 	EXP 	cueImage: image = 'images/WinBig.bmp'
312.1380 	EXP 	cueImage: autoDraw = True
312.2577 	DATA 	Keypress: 5
313.0413 	DATA 	Keypress: 5
313.8075 	DATA 	Keypress: 5
314.1712 	EXP 	cueImage: autoDraw = False
314.1712 	EXP 	fixation: autoDraw = True
314.5912 	DATA 	Keypress: 5
315.3756 	DATA 	Keypress: 5
315.7216 	EXP 	fixation: autoDraw = False
315.7216 	EXP 	fixation: autoDraw = False
315.7216 	EXP 	Target: image = 'images/WinProbe.bmp'
315.7216 	EXP 	Target: autoDraw = True
316.0260 	DATA 	Keypress: 1
316.1380 	EXP 	Target: autoDraw = False
316.1380 	EXP 	Target: autoDraw = False
316.1380 	EXP 	feedbackMsg: text = 'Correct Response!\n\nYou won $5.00!'
316.1380 	EXP 	feedbackMsg: autoDraw = True
316.1414 	DATA 	Keypress: 5
316.9247 	DATA 	Keypress: 5
317.7095 	DATA 	Keypress: 5
317.7572 	EXP 	New trial (rep=0, index=44): OrderedDict([('Condition', 'SmallReward'), ('FixationDur', 2000)])
317.7882 	EXP 	feedbackMsg: autoDraw = False
317.7882 	EXP 	feedbackMsg: autoDraw = False
317.7882 	EXP 	cueImage: image = 'images/WinSmall.bmp'
317.7882 	EXP 	cueImage: autoDraw = True
318.4748 	DATA 	Keypress: 5
319.2576 	DATA 	Keypress: 5
319.8221 	EXP 	cueImage: autoDraw = False
319.8221 	EXP 	fixation: autoDraw = True
320.0432 	DATA 	Keypress: 5
320.8089 	DATA 	Keypress: 5
321.5913 	DATA 	Keypress: 5
321.8711 	EXP 	fixation: autoDraw = False
321.8711 	EXP 	fixation: autoDraw = False
321.8711 	EXP 	Target: image = 'images/WinProbe.bmp'
321.8711 	EXP 	Target: autoDraw = True
322.1930 	DATA 	Keypress: 1
322.2887 	EXP 	Target: autoDraw = False
322.2887 	EXP 	Target: autoDraw = False
322.2887 	EXP 	feedbackMsg: text = 'Correct Response!\n\nYou won $0.20!'
322.2887 	EXP 	feedbackMsg: autoDraw = True
322.3760 	DATA 	Keypress: 5
323.1602 	DATA 	Keypress: 5
323.8907 	EXP 	New trial (rep=0, index=45): OrderedDict([('Condition', 'LgPun'), ('FixationDur', 2000)])
323.9052 	EXP 	feedbackMsg: autoDraw = False
323.9052 	EXP 	feedbackMsg: autoDraw = False
323.9052 	EXP 	cueImage: image = 'images/LoseBig.bmp'
323.9052 	EXP 	cueImage: autoDraw = True
323.9243 	DATA 	Keypress: 5
324.7096 	DATA 	Keypress: 5
325.4929 	DATA 	Keypress: 5
325.9390 	EXP 	cueImage: autoDraw = False
325.9390 	EXP 	cueImage: autoDraw = False
325.9390 	EXP 	fixation: autoDraw = True
326.2578 	DATA 	Keypress: 5
327.0428 	DATA 	Keypress: 5
327.8268 	DATA 	Keypress: 5
327.9719 	EXP 	fixation: autoDraw = False
327.9719 	EXP 	fixation: autoDraw = False
327.9719 	EXP 	Target: image = 'images/LoseProbe.bmp'
327.9719 	EXP 	Target: autoDraw = True
328.2922 	DATA 	Keypress: 1
328.3887 	EXP 	Target: autoDraw = False
328.3887 	EXP 	Target: autoDraw = False
328.3887 	EXP 	feedbackMsg: text = 'Correct Response!\n\nYou did not lose $5.00!'
328.3887 	EXP 	feedbackMsg: autoDraw = True
328.5913 	DATA 	Keypress: 5
329.3771 	DATA 	Keypress: 5
330.0077 	EXP 	New trial (rep=0, index=46): OrderedDict([('Condition', 'SmallReward'), ('FixationDur', 3500)])
330.0389 	EXP 	feedbackMsg: autoDraw = False
330.0389 	EXP 	feedbackMsg: autoDraw = False
330.0389 	EXP 	cueImage: image = 'images/WinSmall.bmp'
330.0389 	EXP 	cueImage: autoDraw = True
330.1596 	DATA 	Keypress: 5
330.9252 	DATA 	Keypress: 5
331.7090 	DATA 	Keypress: 5
332.0732 	EXP 	cueImage: autoDraw = False
332.0732 	EXP 	fixation: autoDraw = True
332.4925 	DATA 	Keypress: 5
332.5421 	DATA 	Keypress: 1
333.2591 	DATA 	Keypress: 5
334.0439 	DATA 	Keypress: 5
334.8279 	DATA 	Keypress: 5
335.6095 	DATA 	Keypress: 5
335.6222 	EXP 	fixation: autoDraw = False
335.6222 	EXP 	fixation: autoDraw = False
335.6222 	EXP 	Target: image = 'images/WinProbe.bmp'
335.6222 	EXP 	Target: autoDraw = True
335.9089 	DATA 	Keypress: 1
336.0094 	EXP 	Target: autoDraw = False
336.0094 	EXP 	Target: autoDraw = False
336.0094 	EXP 	feedbackMsg: text = 'You pressed too soon!\n\nYou won $0.20!'
336.0094 	EXP 	feedbackMsg: autoDraw = True
336.3757 	DATA 	Keypress: 5
337.1610 	DATA 	Keypress: 5
337.6397 	EXP 	New trial (rep=0, index=47): OrderedDict([('Condition', 'SmallPun'), ('FixationDur', 2000)])
337.6558 	EXP 	feedbackMsg: autoDraw = False
337.6558 	EXP 	feedbackMsg: autoDraw = False
337.6558 	EXP 	cueImage: image = 'images/LoseSmall.bmp'
337.6558 	EXP 	cueImage: autoDraw = True
337.9436 	DATA 	Keypress: 5
338.7091 	DATA 	Keypress: 5
339.4937 	DATA 	Keypress: 5
339.6902 	EXP 	cueImage: autoDraw = False
339.6902 	EXP 	fixation: autoDraw = True
340.2601 	DATA 	Keypress: 5
341.0422 	DATA 	Keypress: 5
341.7231 	EXP 	fixation: autoDraw = False
341.7231 	EXP 	fixation: autoDraw = False
341.7231 	EXP 	Target: image = 'images/LoseProbe.bmp'
341.7231 	EXP 	Target: autoDraw = True
341.8280 	DATA 	Keypress: 5
342.1227 	EXP 	Target: autoDraw = False
342.1227 	EXP 	Target: autoDraw = False
342.1227 	EXP 	feedbackMsg: text = 'You pressed too slow!\n\nYou lost $0.20!'
342.1227 	EXP 	feedbackMsg: autoDraw = True
342.1440 	DATA 	Keypress: 1
342.5937 	DATA 	Keypress: 5
343.3764 	DATA 	Keypress: 5
343.7587 	EXP 	New trial (rep=0, index=48): OrderedDict([('Condition', 'LgReward'), ('FixationDur', 1500)])
343.7894 	EXP 	feedbackMsg: autoDraw = False
343.7894 	EXP 	feedbackMsg: autoDraw = False
343.7894 	EXP 	cueImage: image = 'images/WinBig.bmp'
343.7894 	EXP 	cueImage: autoDraw = True
344.1600 	DATA 	Keypress: 5
344.9445 	DATA 	Keypress: 5
345.7087 	DATA 	Keypress: 5
345.8229 	EXP 	cueImage: autoDraw = False
345.8229 	EXP 	fixation: autoDraw = True
346.4954 	DATA 	Keypress: 5
347.2789 	DATA 	Keypress: 5
347.3736 	EXP 	fixation: autoDraw = False
347.3736 	EXP 	fixation: autoDraw = False
347.3736 	EXP 	Target: image = 'images/WinProbe.bmp'
347.3736 	EXP 	Target: autoDraw = True
347.7084 	DATA 	Keypress: 1
347.7735 	EXP 	Target: autoDraw = False
347.7735 	EXP 	Target: autoDraw = False
347.7735 	EXP 	feedbackMsg: text = 'Correct Response!\n\nYou won $5.00!'
347.7735 	EXP 	feedbackMsg: autoDraw = True
348.0425 	DATA 	Keypress: 5
348.8279 	DATA 	Keypress: 5
349.3927 	EXP 	New trial (rep=0, index=49): OrderedDict([('Condition', 'SmallPun'), ('FixationDur', 4000)])
349.4065 	EXP 	feedbackMsg: autoDraw = False
349.4065 	EXP 	feedbackMsg: autoDraw = False
349.4065 	EXP 	cueImage: image = 'images/LoseSmall.bmp'
349.4065 	EXP 	cueImage: autoDraw = True
349.6116 	DATA 	Keypress: 5
350.3757 	DATA 	Keypress: 5
351.1616 	DATA 	Keypress: 5
351.4411 	EXP 	cueImage: autoDraw = False
351.4411 	EXP 	cueImage: autoDraw = False
351.4411 	EXP 	fixation: autoDraw = True
351.9455 	DATA 	Keypress: 5
352.7104 	DATA 	Keypress: 5
353.4939 	DATA 	Keypress: 5
354.2795 	DATA 	Keypress: 5
355.0438 	DATA 	Keypress: 5
355.4739 	EXP 	fixation: autoDraw = False
355.4739 	EXP 	fixation: autoDraw = False
355.4739 	EXP 	Target: image = 'images/LoseProbe.bmp'
355.4739 	EXP 	Target: autoDraw = True
355.8387 	DATA 	Keypress: 5
355.8458 	EXP 	Target: autoDraw = False
355.8458 	EXP 	Target: autoDraw = False
355.8458 	EXP 	feedbackMsg: text = 'You pressed too slow!\n\nYou lost $0.20!'
355.8458 	EXP 	feedbackMsg: autoDraw = True
355.8932 	DATA 	Keypress: 1
356.6115 	DATA 	Keypress: 5
357.3780 	DATA 	Keypress: 5
357.5246 	EXP 	feedbackMsg: autoDraw = False
357.5246 	EXP 	feedbackMsg: autoDraw = False
357.5246 	EXP 	polygon: autoDraw = True
358.1602 	DATA 	Keypress: 5
358.9458 	DATA 	Keypress: 5
359.7107 	DATA 	Keypress: 5
360.4960 	DATA 	Keypress: 5
362.5300 	EXP 	polygon: autoDraw = False
362.5300 	EXP 	polygon: autoDraw = False
362.5300 	EXP 	text: text = 'All done!\n\nYou earned a total of: $15.00!'
362.5300 	EXP 	text: autoDraw = True
365.5743 	EXP 	text: autoDraw = False
365.5743 	EXP 	text: autoDraw = False
365.5743 	EXP 	polygon2: autoDraw = True
372.7468 	DATA 	Keypress: 5
373.5123 	DATA 	Keypress: 5
374.2959 	DATA 	Keypress: 5
375.0802 	DATA 	Keypress: 5
379.8638 	DATA 	Keypress: escape
380.1904 	EXP 	window1: mouseVisible = True
