22.2113 	EXP 	Created window1 = Window(allowGUI=False, allowStencil=False, args=UNKNOWN, autoLog=True, bitsMode=UNKNOWN, blendMode='avg', color=array([0., 0., 0.]), colorSpace='rgb', fullscr=<method-wrapper '__getattribute__' of attributeSetter object at 0x134e81ba8>, gamma=None, kwargs=UNKNOWN, lms=UNKNOWN, monitor=<psychopy.monitors.calibTools.Monitor object at 0x13510be10>, multiSample=False, name='window1', numSamples=2, pos=[0.0, 0.0], screen=0, size=array([1920, 1080]), stereo=False, units='height', useFBO=True, useRetina=False, viewOri=0.0, viewPos=None, viewScale=None, waitBlanking=True, winType='pyglet')
22.2113 	EXP 	window1: recordFrameIntervals = False
22.3772 	EXP 	window1: recordFrameIntervals = True
22.5609 	EXP 	window1: recordFrameIntervals = False
22.5609 	EXP 	window1: recordFrameIntervals = False
22.7271 	EXP 	window1: recordFrameIntervals = True
22.9109 	EXP 	window1: recordFrameIntervals = False
23.3723 	EXP 	Created preinstruct_text = TextStim(__class__=<class 'psychopy.visual.text.TextStim'>, alignHoriz='center', alignVert='center', antialias=True, autoLog=True, bold=False, color='white', colorSpace='named', contrast=1.0, depth=0.0, flipHoriz=False, flipVert=False, font='Arial', fontFiles=[], height=0.05, italic=False, languageStyle='LTR', name='preinstruct_text', opacity=1.0, ori=0, pos=array([0., 0.]), rgb=array([255., 255., 255.]), text='Money Task - Scanner 2', units='height', win=Window(...), wrapWidth=1)
23.4168 	EXP 	Created instructFig = ImageStim(__class__=<class 'psychopy.visual.image.ImageStim'>, autoLog=True, color=array([1., 1., 1.]), colorSpace='rgb', contrast=1.0, depth=0.0, flipHoriz=False, flipVert=False, image='images/MID_instructions.bmp', interpolate=True, mask=None, maskParams=None, name='instructFig', opacity=1.0, ori=0.0, pos=array([0., 0.]), size=array([1.3, 1. ]), texRes=128, units='height', win=Window(...))
23.4185 	EXP 	Created PrepFixation = ShapeStim(__class__=<class 'psychopy.visual.shape.ShapeStim'>, autoDraw=False, autoLog=True, closeShape=True, contrast=1.0, depth=0.0, fillColor=array([1., 1., 1.]), fillColorSpace='rgb', interpolate=True, lineColor=array([1., 1., 1.]), lineColorSpace='rgb', lineWidth=1, name='PrepFixation', opacity=1.0, ori=array(0.), pos=array([0., 0.]), size=array([0.05, 0.05]), units='height', vertices=ndarray(...), win=Window(...), windingRule=None)
23.4200 	EXP 	Created cueImage = ImageStim(__class__=<class 'psychopy.visual.image.ImageStim'>, autoLog=True, color=array([1., 1., 1.]), colorSpace='rgb', contrast=1.0, depth=0.0, flipHoriz=False, flipVert=False, image='sin', interpolate=True, mask=None, maskParams=None, name='cueImage', opacity=1.0, ori=0.0, pos=array([0., 0.]), size=array([1.3, 1. ]), texRes=128, units='height', win=Window(...))
23.4215 	EXP 	Created fixation = ShapeStim(__class__=<class 'psychopy.visual.shape.ShapeStim'>, autoDraw=False, autoLog=True, closeShape=True, contrast=1.0, depth=-1.0, fillColor=array([1., 1., 1.]), fillColorSpace='rgb', interpolate=True, lineColor=array([1., 1., 1.]), lineColorSpace='rgb', lineWidth=1, name='fixation', opacity=1.0, ori=array(0.), pos=array([0., 0.]), size=array([0.05, 0.05]), units='height', vertices=ndarray(...), win=Window(...), windingRule=None)
23.4231 	EXP 	Created Target = ImageStim(__class__=<class 'psychopy.visual.image.ImageStim'>, autoLog=True, color=array([1., 1., 1.]), colorSpace='rgb', contrast=1.0, depth=-1.0, flipHoriz=False, flipVert=False, image='sin', interpolate=True, mask=None, maskParams=None, name='Target', opacity=1.0, ori=0.0, pos=array([0., 0.]), size=array([1.3, 1. ]), texRes=128, units='height', win=Window(...))
23.4328 	EXP 	Created feedbackMsg = TextStim(__class__=<class 'psychopy.visual.text.TextStim'>, alignHoriz='center', alignVert='center', antialias=True, autoLog=True, bold=False, color='white', colorSpace='named', contrast=1.0, depth=-2.0, flipHoriz=False, flipVert=False, font='Arial', fontFiles=[], height=0.05, italic=False, languageStyle='LTR', name='feedbackMsg', opacity=1.0, ori=0, pos=array([0., 0.]), rgb=array([255., 255., 255.]), text='default text', units='height', win=Window(...), wrapWidth=2)
23.4345 	EXP 	Created polygon = ShapeStim(__class__=<class 'psychopy.visual.shape.ShapeStim'>, autoDraw=False, autoLog=True, closeShape=True, contrast=1.0, depth=0.0, fillColor=array([1., 1., 1.]), fillColorSpace='rgb', interpolate=True, lineColor=array([1., 1., 1.]), lineColorSpace='rgb', lineWidth=1, name='polygon', opacity=1.0, ori=array(0.), pos=array([0., 0.]), size=array([0.05, 0.05]), units='height', vertices=ndarray(...), win=Window(...), windingRule=None)
23.4418 	EXP 	Created text = TextStim(__class__=<class 'psychopy.visual.text.TextStim'>, alignHoriz='center', alignVert='center', antialias=True, autoLog=True, bold=False, color='white', colorSpace='named', contrast=1.0, depth=-1.0, flipHoriz=False, flipVert=False, font='Arial', fontFiles=[], height=0.07, italic=False, languageStyle='LTR', name='text', opacity=1.0, ori=0, pos=array([0., 0.]), rgb=array([255., 255., 255.]), text='default text', units='height', win=Window(...), wrapWidth=1)
23.4434 	EXP 	Created polygon2 = ShapeStim(__class__=<class 'psychopy.visual.shape.ShapeStim'>, autoDraw=False, autoLog=True, closeShape=True, contrast=1.0, depth=0.0, fillColor=array([1., 1., 1.]), fillColorSpace='rgb', interpolate=True, lineColor=array([1., 1., 1.]), lineColorSpace='rgb', lineWidth=1, name='polygon2', opacity=1.0, ori=array(0.), pos=array([0., 0.]), size=array([0.05, 0.05]), units='height', vertices=ndarray(...), win=Window(...), windingRule=None)
23.4609 	EXP 	preinstruct_text: autoDraw = True
25.4939 	EXP 	preinstruct_text: autoDraw = False
25.4939 	EXP 	instructFig: autoDraw = True
32.6572 	DATA 	Keypress: 5
32.6661 	EXP 	instructFig: autoDraw = False
32.6661 	EXP 	PrepFixation: autoDraw = True
33.4326 	DATA 	Keypress: 5
34.1977 	DATA 	Keypress: 5
34.6555 	EXP 	Imported TimeVersion8.csv as conditions, 50 conditions, 2 params
34.6559 	EXP 	Created sequence: sequential, trialTypes=50, nReps=1, seed=None
34.6563 	EXP 	New trial (rep=0, index=0): OrderedDict([('Condition', 'Triangle'), ('FixationDur', 2000)])
34.6775 	EXP 	PrepFixation: autoDraw = False
34.6775 	EXP 	cueImage: image = 'images/Neutral.bmp'
34.6775 	EXP 	cueImage: autoDraw = True
34.9808 	DATA 	Keypress: 5
35.7654 	DATA 	Keypress: 5
36.5311 	DATA 	Keypress: 5
36.6944 	EXP 	cueImage: autoDraw = False
36.6944 	EXP 	fixation: autoDraw = True
37.3136 	DATA 	Keypress: 5
38.0993 	DATA 	Keypress: 5
38.7331 	EXP 	fixation: autoDraw = False
38.7331 	EXP 	fixation: autoDraw = False
38.7331 	EXP 	Target: image = 'images/NeutralProbe.bmp'
38.7331 	EXP 	Target: autoDraw = True
38.8824 	DATA 	Keypress: 5
39.0147 	DATA 	Keypress: 1
39.1616 	EXP 	Target: autoDraw = False
39.1616 	EXP 	Target: autoDraw = False
39.1616 	EXP 	feedbackMsg: text = 'Correct Response!\n\nYou did not win or lose anything!'
39.1616 	EXP 	feedbackMsg: autoDraw = True
39.6475 	DATA 	Keypress: 5
40.4325 	DATA 	Keypress: 5
40.7636 	EXP 	New trial (rep=0, index=1): OrderedDict([('Condition', 'SmallReward'), ('FixationDur', 3500)])
40.7946 	EXP 	feedbackMsg: autoDraw = False
40.7946 	EXP 	feedbackMsg: autoDraw = False
40.7946 	EXP 	cueImage: image = 'images/WinSmall.bmp'
40.7946 	EXP 	cueImage: autoDraw = True
41.2155 	DATA 	Keypress: 5
41.9802 	DATA 	Keypress: 5
42.7658 	DATA 	Keypress: 5
42.8175 	EXP 	cueImage: autoDraw = False
42.8175 	EXP 	fixation: autoDraw = True
43.5497 	DATA 	Keypress: 5
44.3146 	DATA 	Keypress: 5
45.0982 	DATA 	Keypress: 5
45.8837 	DATA 	Keypress: 5
46.3783 	EXP 	fixation: autoDraw = False
46.3783 	EXP 	fixation: autoDraw = False
46.3783 	EXP 	Target: image = 'images/WinProbe.bmp'
46.3783 	EXP 	Target: autoDraw = True
46.6482 	DATA 	Keypress: 5
46.6497 	DATA 	Keypress: 1
46.7948 	EXP 	Target: autoDraw = False
46.7948 	EXP 	Target: autoDraw = False
46.7948 	EXP 	feedbackMsg: text = 'Correct Response!\n\nYou won $0.20!'
46.7948 	EXP 	feedbackMsg: autoDraw = True
47.4333 	DATA 	Keypress: 5
48.2167 	DATA 	Keypress: 5
48.4138 	EXP 	New trial (rep=0, index=2): OrderedDict([('Condition', 'LgPun'), ('FixationDur', 2000)])
48.4282 	EXP 	feedbackMsg: autoDraw = False
48.4282 	EXP 	feedbackMsg: autoDraw = False
48.4282 	EXP 	cueImage: image = 'images/LoseBig.bmp'
48.4282 	EXP 	cueImage: autoDraw = True
48.9817 	DATA 	Keypress: 5
49.7649 	DATA 	Keypress: 5
50.4517 	EXP 	cueImage: autoDraw = False
50.4517 	EXP 	cueImage: autoDraw = False
50.4517 	EXP 	fixation: autoDraw = True
50.5503 	DATA 	Keypress: 5
51.3155 	DATA 	Keypress: 5
52.0990 	DATA 	Keypress: 5
52.4948 	EXP 	fixation: autoDraw = False
52.4948 	EXP 	fixation: autoDraw = False
52.4948 	EXP 	Target: image = 'images/LoseProbe.bmp'
52.4948 	EXP 	Target: autoDraw = True
52.9102 	DATA 	Keypress: 5
52.9122 	DATA 	Keypress: 1
52.9195 	EXP 	Target: autoDraw = False
52.9195 	EXP 	Target: autoDraw = False
52.9195 	EXP 	feedbackMsg: text = 'You pressed too slow!\n\nYou lost $5.00!'
52.9195 	EXP 	feedbackMsg: autoDraw = True
53.6490 	DATA 	Keypress: 5
54.4321 	DATA 	Keypress: 5
54.5311 	EXP 	New trial (rep=0, index=3): OrderedDict([('Condition', 'SmallReward'), ('FixationDur', 1500)])
54.5622 	EXP 	feedbackMsg: autoDraw = False
54.5622 	EXP 	feedbackMsg: autoDraw = False
54.5622 	EXP 	cueImage: image = 'images/WinSmall.bmp'
54.5622 	EXP 	cueImage: autoDraw = True
55.2167 	DATA 	Keypress: 5
55.9823 	DATA 	Keypress: 5
56.5857 	EXP 	cueImage: autoDraw = False
56.5857 	EXP 	fixation: autoDraw = True
56.7659 	DATA 	Keypress: 5
57.5503 	DATA 	Keypress: 5
58.1460 	EXP 	fixation: autoDraw = False
58.1460 	EXP 	fixation: autoDraw = False
58.1460 	EXP 	Target: image = 'images/WinProbe.bmp'
58.1460 	EXP 	Target: autoDraw = True
58.3161 	DATA 	Keypress: 5
58.4323 	DATA 	Keypress: 1
58.5704 	EXP 	Target: autoDraw = False
58.5704 	EXP 	Target: autoDraw = False
58.5704 	EXP 	feedbackMsg: text = 'Correct Response!\n\nYou won $0.20!'
58.5704 	EXP 	feedbackMsg: autoDraw = True
59.0992 	DATA 	Keypress: 5
59.8846 	DATA 	Keypress: 5
60.1813 	EXP 	New trial (rep=0, index=4): OrderedDict([('Condition', 'LgReward'), ('FixationDur', 4000)])
60.2120 	EXP 	feedbackMsg: autoDraw = False
60.2120 	EXP 	feedbackMsg: autoDraw = False
60.2120 	EXP 	cueImage: image = 'images/WinBig.bmp'
60.2120 	EXP 	cueImage: autoDraw = True
60.6655 	DATA 	Keypress: 5
61.4314 	DATA 	Keypress: 5
62.2348 	DATA 	Keypress: 5
62.2467 	EXP 	cueImage: autoDraw = False
62.2467 	EXP 	fixation: autoDraw = True
63.0002 	DATA 	Keypress: 5
63.7656 	DATA 	Keypress: 5
64.5503 	DATA 	Keypress: 5
65.3343 	DATA 	Keypress: 5
66.0995 	DATA 	Keypress: 5
66.2965 	EXP 	fixation: autoDraw = False
66.2965 	EXP 	fixation: autoDraw = False
66.2965 	EXP 	Target: image = 'images/WinProbe.bmp'
66.2965 	EXP 	Target: autoDraw = True
66.5677 	DATA 	Keypress: 1
66.6970 	EXP 	Target: autoDraw = False
66.6970 	EXP 	Target: autoDraw = False
66.6970 	EXP 	feedbackMsg: text = 'Correct Response!\n\nYou won $5.00!'
66.6970 	EXP 	feedbackMsg: autoDraw = True
66.8841 	DATA 	Keypress: 5
67.6674 	DATA 	Keypress: 5
68.3318 	EXP 	New trial (rep=0, index=5): OrderedDict([('Condition', 'LgPun'), ('FixationDur', 1500)])
68.3462 	EXP 	feedbackMsg: autoDraw = False
68.3462 	EXP 	feedbackMsg: autoDraw = False
68.3462 	EXP 	cueImage: image = 'images/LoseBig.bmp'
68.3462 	EXP 	cueImage: autoDraw = True
68.4330 	DATA 	Keypress: 5
69.2155 	DATA 	Keypress: 5
70.0007 	DATA 	Keypress: 5
70.3714 	EXP 	cueImage: autoDraw = False
70.3714 	EXP 	cueImage: autoDraw = False
70.3714 	EXP 	fixation: autoDraw = True
70.7668 	DATA 	Keypress: 5
71.5505 	DATA 	Keypress: 5
71.9137 	EXP 	fixation: autoDraw = False
71.9137 	EXP 	fixation: autoDraw = False
71.9137 	EXP 	Target: image = 'images/LoseProbe.bmp'
71.9137 	EXP 	Target: autoDraw = True
72.3141 	DATA 	Keypress: 1
72.3205 	EXP 	Target: autoDraw = False
72.3205 	EXP 	Target: autoDraw = False
72.3205 	EXP 	feedbackMsg: text = 'You pressed too slow!\n\nYou lost $5.00!'
72.3205 	EXP 	feedbackMsg: autoDraw = True
72.3239 	DATA 	Keypress: 5
73.1004 	DATA 	Keypress: 5
73.8831 	DATA 	Keypress: 5
73.9494 	EXP 	New trial (rep=0, index=6): OrderedDict([('Condition', 'Triangle'), ('FixationDur', 3500)])
73.9636 	EXP 	feedbackMsg: autoDraw = False
73.9636 	EXP 	feedbackMsg: autoDraw = False
73.9636 	EXP 	cueImage: image = 'images/Neutral.bmp'
73.9636 	EXP 	cueImage: autoDraw = True
74.6678 	DATA 	Keypress: 5
75.4331 	DATA 	Keypress: 5
75.9880 	EXP 	cueImage: autoDraw = False
75.9880 	EXP 	cueImage: autoDraw = False
75.9880 	EXP 	fixation: autoDraw = True
76.2161 	DATA 	Keypress: 5
77.0021 	DATA 	Keypress: 5
77.7676 	DATA 	Keypress: 5
78.5500 	DATA 	Keypress: 5
79.3355 	DATA 	Keypress: 5
79.5299 	EXP 	fixation: autoDraw = False
79.5299 	EXP 	fixation: autoDraw = False
79.5299 	EXP 	Target: image = 'images/NeutralProbe.bmp'
79.5299 	EXP 	Target: autoDraw = True
79.8185 	DATA 	Keypress: 1
79.9305 	EXP 	Target: autoDraw = False
79.9305 	EXP 	Target: autoDraw = False
79.9305 	EXP 	feedbackMsg: text = 'Correct Response!\n\nYou did not win or lose anything!'
79.9305 	EXP 	feedbackMsg: autoDraw = True
80.1176 	DATA 	Keypress: 5
80.8839 	DATA 	Keypress: 5
81.5662 	EXP 	New trial (rep=0, index=7): OrderedDict([('Condition', 'LgPun'), ('FixationDur', 1500)])
81.5799 	EXP 	feedbackMsg: autoDraw = False
81.5799 	EXP 	feedbackMsg: autoDraw = False
81.5799 	EXP 	cueImage: image = 'images/LoseBig.bmp'
81.5799 	EXP 	cueImage: autoDraw = True
81.6673 	DATA 	Keypress: 5
82.4515 	DATA 	Keypress: 5
83.2160 	DATA 	Keypress: 5
83.6058 	EXP 	cueImage: autoDraw = False
83.6058 	EXP 	cueImage: autoDraw = False
83.6058 	EXP 	fixation: autoDraw = True
84.0017 	DATA 	Keypress: 5
84.7860 	DATA 	Keypress: 5
85.1394 	DATA 	Keypress: 1
85.1472 	EXP 	fixation: autoDraw = False
85.1472 	EXP 	fixation: autoDraw = False
85.1472 	EXP 	Target: image = 'images/LoseProbe.bmp'
85.1472 	EXP 	Target: autoDraw = True
85.5470 	EXP 	Target: autoDraw = False
85.5470 	EXP 	Target: autoDraw = False
85.5470 	EXP 	feedbackMsg: text = 'Correct Response!\n\nYou did not lose $5.00!'
85.5470 	EXP 	feedbackMsg: autoDraw = True
85.5505 	DATA 	Keypress: 5
86.3353 	DATA 	Keypress: 5
87.1192 	DATA 	Keypress: 5
87.1830 	EXP 	New trial (rep=0, index=8): OrderedDict([('Condition', 'SmallReward'), ('FixationDur', 1500)])
87.2067 	EXP 	feedbackMsg: autoDraw = False
87.2067 	EXP 	feedbackMsg: autoDraw = False
87.2067 	EXP 	cueImage: image = 'images/WinSmall.bmp'
87.2067 	EXP 	cueImage: autoDraw = True
87.8835 	DATA 	Keypress: 5
88.6688 	DATA 	Keypress: 5
89.2407 	EXP 	cueImage: autoDraw = False
89.2407 	EXP 	fixation: autoDraw = True
89.4524 	DATA 	Keypress: 5
90.2184 	DATA 	Keypress: 5
90.7907 	EXP 	fixation: autoDraw = False
90.7907 	EXP 	fixation: autoDraw = False
90.7907 	EXP 	Target: image = 'images/WinProbe.bmp'
90.7907 	EXP 	Target: autoDraw = True
91.0010 	DATA 	Keypress: 5
91.1013 	DATA 	Keypress: 1
91.1645 	EXP 	Target: autoDraw = False
91.1645 	EXP 	Target: autoDraw = False
91.1645 	EXP 	feedbackMsg: text = 'Correct Response!\n\nYou won $0.20!'
91.1645 	EXP 	feedbackMsg: autoDraw = True
91.7864 	DATA 	Keypress: 5
92.5515 	DATA 	Keypress: 5
92.8168 	EXP 	New trial (rep=0, index=9): OrderedDict([('Condition', 'SmallPun'), ('FixationDur', 2500)])
92.8309 	EXP 	feedbackMsg: autoDraw = False
92.8309 	EXP 	feedbackMsg: autoDraw = False
92.8309 	EXP 	cueImage: image = 'images/LoseSmall.bmp'
92.8309 	EXP 	cueImage: autoDraw = True
93.3353 	DATA 	Keypress: 5
94.1178 	DATA 	Keypress: 5
94.8577 	EXP 	cueImage: autoDraw = False
94.8577 	EXP 	cueImage: autoDraw = False
94.8577 	EXP 	fixation: autoDraw = True
94.8851 	DATA 	Keypress: 5
95.6683 	DATA 	Keypress: 5
96.4521 	DATA 	Keypress: 5
97.2188 	DATA 	Keypress: 5
97.3981 	EXP 	fixation: autoDraw = False
97.3981 	EXP 	fixation: autoDraw = False
97.3981 	EXP 	Target: image = 'images/LoseProbe.bmp'
97.3981 	EXP 	Target: autoDraw = True
97.7633 	DATA 	Keypress: 1
97.7749 	EXP 	Target: autoDraw = False
97.7749 	EXP 	Target: autoDraw = False
97.7749 	EXP 	feedbackMsg: text = 'You pressed too slow!\n\nYou lost $0.20!'
97.7749 	EXP 	feedbackMsg: autoDraw = True
98.0016 	DATA 	Keypress: 5
98.7869 	DATA 	Keypress: 5
99.4175 	EXP 	New trial (rep=0, index=10): OrderedDict([('Condition', 'SmallPun'), ('FixationDur', 1500)])
99.4319 	EXP 	feedbackMsg: autoDraw = False
99.4319 	EXP 	feedbackMsg: autoDraw = False
99.4319 	EXP 	cueImage: image = 'images/LoseSmall.bmp'
99.4319 	EXP 	cueImage: autoDraw = True
99.5521 	DATA 	Keypress: 5
100.3351 	DATA 	Keypress: 5
101.1196 	DATA 	Keypress: 5
101.4585 	EXP 	cueImage: autoDraw = False
101.4585 	EXP 	cueImage: autoDraw = False
101.4585 	EXP 	fixation: autoDraw = True
101.9033 	DATA 	Keypress: 5
102.6695 	DATA 	Keypress: 5
102.9930 	EXP 	fixation: autoDraw = False
102.9930 	EXP 	fixation: autoDraw = False
102.9930 	EXP 	Target: image = 'images/LoseProbe.bmp'
102.9930 	EXP 	Target: autoDraw = True
103.2683 	DATA 	Keypress: 1
103.3654 	EXP 	Target: autoDraw = False
103.3654 	EXP 	Target: autoDraw = False
103.3654 	EXP 	feedbackMsg: text = 'Correct Response!\n\nYou did not lose $0.20!'
103.3654 	EXP 	feedbackMsg: autoDraw = True
103.4525 	DATA 	Keypress: 5
104.2370 	DATA 	Keypress: 5
105.0013 	DATA 	Keypress: 5
105.0171 	EXP 	New trial (rep=0, index=11): OrderedDict([('Condition', 'LgReward'), ('FixationDur', 3500)])
105.0420 	EXP 	feedbackMsg: autoDraw = False
105.0420 	EXP 	feedbackMsg: autoDraw = False
105.0420 	EXP 	cueImage: image = 'images/WinBig.bmp'
105.0420 	EXP 	cueImage: autoDraw = True
105.7863 	DATA 	Keypress: 5
106.5692 	DATA 	Keypress: 5
107.0757 	EXP 	cueImage: autoDraw = False
107.0757 	EXP 	fixation: autoDraw = True
107.3349 	DATA 	Keypress: 5
108.1181 	DATA 	Keypress: 5
108.9032 	DATA 	Keypress: 5
109.6685 	DATA 	Keypress: 5
110.4528 	DATA 	Keypress: 5
110.6269 	EXP 	fixation: autoDraw = False
110.6269 	EXP 	fixation: autoDraw = False
110.6269 	EXP 	Target: image = 'images/WinProbe.bmp'
110.6269 	EXP 	Target: autoDraw = True
110.8682 	DATA 	Keypress: 1
110.9824 	EXP 	Target: autoDraw = False
110.9824 	EXP 	Target: autoDraw = False
110.9824 	EXP 	feedbackMsg: text = 'Correct Response!\n\nYou won $5.00!'
110.9824 	EXP 	feedbackMsg: autoDraw = True
111.2375 	DATA 	Keypress: 5
112.0028 	DATA 	Keypress: 5
112.6517 	EXP 	New trial (rep=0, index=12): OrderedDict([('Condition', 'LgPun'), ('FixationDur', 1500)])
112.6661 	EXP 	feedbackMsg: autoDraw = False
112.6661 	EXP 	feedbackMsg: autoDraw = False
112.6661 	EXP 	cueImage: image = 'images/LoseBig.bmp'
112.6661 	EXP 	cueImage: autoDraw = True
112.7859 	DATA 	Keypress: 5
113.5704 	DATA 	Keypress: 5
114.3361 	DATA 	Keypress: 5
114.6939 	EXP 	cueImage: autoDraw = False
114.6939 	EXP 	cueImage: autoDraw = False
114.6939 	EXP 	fixation: autoDraw = True
115.1192 	DATA 	Keypress: 5
115.9042 	DATA 	Keypress: 5
116.2273 	EXP 	fixation: autoDraw = False
116.2273 	EXP 	fixation: autoDraw = False
116.2273 	EXP 	Target: image = 'images/LoseProbe.bmp'
116.2273 	EXP 	Target: autoDraw = True
116.5836 	EXP 	Target: autoDraw = False
116.5836 	EXP 	Target: autoDraw = False
116.5836 	EXP 	feedbackMsg: text = 'You pressed too slow!\n\nYou lost $5.00!'
116.5836 	EXP 	feedbackMsg: autoDraw = True
116.6699 	DATA 	Keypress: 5
116.9703 	DATA 	Keypress: 1
117.4533 	DATA 	Keypress: 5
118.2380 	DATA 	Keypress: 5
118.2512 	EXP 	New trial (rep=0, index=13): OrderedDict([('Condition', 'SmallPun'), ('FixationDur', 2000)])
118.2664 	EXP 	feedbackMsg: autoDraw = False
118.2664 	EXP 	feedbackMsg: autoDraw = False
118.2664 	EXP 	cueImage: image = 'images/LoseSmall.bmp'
118.2664 	EXP 	cueImage: autoDraw = True
119.0033 	DATA 	Keypress: 5
119.7854 	DATA 	Keypress: 5
120.2947 	EXP 	cueImage: autoDraw = False
120.2947 	EXP 	cueImage: autoDraw = False
120.2947 	EXP 	fixation: autoDraw = True
120.5714 	DATA 	Keypress: 5
121.3373 	DATA 	Keypress: 5
122.1196 	DATA 	Keypress: 5
122.3289 	EXP 	fixation: autoDraw = False
122.3289 	EXP 	fixation: autoDraw = False
122.3289 	EXP 	Target: image = 'images/LoseProbe.bmp'
122.3289 	EXP 	Target: autoDraw = True
122.6213 	DATA 	Keypress: 1
122.6836 	EXP 	Target: autoDraw = False
122.6836 	EXP 	Target: autoDraw = False
122.6836 	EXP 	feedbackMsg: text = 'Correct Response!\n\nYou did not lose $0.20!'
122.6836 	EXP 	feedbackMsg: autoDraw = True
122.9027 	DATA 	Keypress: 5
123.6881 	DATA 	Keypress: 5
124.3524 	EXP 	New trial (rep=0, index=14): OrderedDict([('Condition', 'LgReward'), ('FixationDur', 1500)])
124.3775 	EXP 	feedbackMsg: autoDraw = False
124.3775 	EXP 	feedbackMsg: autoDraw = False
124.3775 	EXP 	cueImage: image = 'images/WinBig.bmp'
124.3775 	EXP 	cueImage: autoDraw = True
124.4532 	DATA 	Keypress: 5
125.2377 	DATA 	Keypress: 5
126.0212 	DATA 	Keypress: 5
126.4118 	EXP 	cueImage: autoDraw = False
126.4118 	EXP 	fixation: autoDraw = True
126.7859 	DATA 	Keypress: 5
127.5714 	DATA 	Keypress: 5
127.9616 	EXP 	fixation: autoDraw = False
127.9616 	EXP 	fixation: autoDraw = False
127.9616 	EXP 	Target: image = 'images/WinProbe.bmp'
127.9616 	EXP 	Target: autoDraw = True
128.3117 	EXP 	Target: autoDraw = False
128.3117 	EXP 	Target: autoDraw = False
128.3117 	EXP 	feedbackMsg: text = 'You pressed too slow!\n\nYou did not win $5.00!'
128.3117 	EXP 	feedbackMsg: autoDraw = True
128.3543 	DATA 	Keypress: 5
128.4546 	DATA 	Keypress: 1
129.1198 	DATA 	Keypress: 5
129.9040 	DATA 	Keypress: 5
130.0027 	EXP 	New trial (rep=0, index=15): OrderedDict([('Condition', 'LgReward'), ('FixationDur', 1500)])
130.0286 	EXP 	feedbackMsg: autoDraw = False
130.0286 	EXP 	feedbackMsg: autoDraw = False
130.0286 	EXP 	cueImage: image = 'images/WinBig.bmp'
130.0286 	EXP 	cueImage: autoDraw = True
130.6879 	DATA 	Keypress: 5
131.4535 	DATA 	Keypress: 5
132.0624 	EXP 	cueImage: autoDraw = False
132.0624 	EXP 	fixation: autoDraw = True
132.2372 	DATA 	Keypress: 5
133.0218 	DATA 	Keypress: 5
133.6124 	EXP 	fixation: autoDraw = False
133.6124 	EXP 	fixation: autoDraw = False
133.6124 	EXP 	Target: image = 'images/WinProbe.bmp'
133.6124 	EXP 	Target: autoDraw = True
133.7871 	DATA 	Keypress: 5
133.9460 	EXP 	Target: autoDraw = False
133.9460 	EXP 	Target: autoDraw = False
133.9460 	EXP 	feedbackMsg: text = 'You pressed too slow!\n\nYou did not win $5.00!'
133.9460 	EXP 	feedbackMsg: autoDraw = True
133.9662 	DATA 	Keypress: 1
134.5707 	DATA 	Keypress: 5
135.3552 	DATA 	Keypress: 5
135.6366 	EXP 	New trial (rep=0, index=16): OrderedDict([('Condition', 'SmallReward'), ('FixationDur', 2000)])
135.6632 	EXP 	feedbackMsg: autoDraw = False
135.6632 	EXP 	feedbackMsg: autoDraw = False
135.6632 	EXP 	cueImage: image = 'images/WinSmall.bmp'
135.6632 	EXP 	cueImage: autoDraw = True
136.1208 	DATA 	Keypress: 5
136.9032 	DATA 	Keypress: 5
137.6872 	DATA 	Keypress: 5
137.6967 	EXP 	cueImage: autoDraw = False
137.6967 	EXP 	fixation: autoDraw = True
138.4546 	DATA 	Keypress: 5
139.2390 	DATA 	Keypress: 5
139.7469 	EXP 	fixation: autoDraw = False
139.7469 	EXP 	fixation: autoDraw = False
139.7469 	EXP 	Target: image = 'images/WinProbe.bmp'
139.7469 	EXP 	Target: autoDraw = True
140.0222 	DATA 	Keypress: 5
140.0807 	DATA 	Keypress: 1
140.0972 	EXP 	Target: autoDraw = False
140.0972 	EXP 	Target: autoDraw = False
140.0972 	EXP 	feedbackMsg: text = 'You pressed too slow!\n\nYou did not win $0.20!'
140.0972 	EXP 	feedbackMsg: autoDraw = True
140.7883 	DATA 	Keypress: 5
141.5707 	DATA 	Keypress: 5
141.7691 	EXP 	New trial (rep=0, index=17): OrderedDict([('Condition', 'LgReward'), ('FixationDur', 2500)])
141.7965 	EXP 	feedbackMsg: autoDraw = False
141.7965 	EXP 	feedbackMsg: autoDraw = False
141.7965 	EXP 	cueImage: image = 'images/WinBig.bmp'
141.7965 	EXP 	cueImage: autoDraw = True
142.3544 	DATA 	Keypress: 5
143.1383 	DATA 	Keypress: 5
143.8310 	EXP 	cueImage: autoDraw = False
143.8310 	EXP 	fixation: autoDraw = True
143.9006 	DATA 	Keypress: 5
144.6898 	DATA 	Keypress: 5
145.4727 	DATA 	Keypress: 5
146.2369 	DATA 	Keypress: 5
146.3807 	EXP 	fixation: autoDraw = False
146.3807 	EXP 	fixation: autoDraw = False
146.3807 	EXP 	Target: image = 'images/WinProbe.bmp'
146.3807 	EXP 	Target: autoDraw = True
146.6507 	DATA 	Keypress: 1
146.7485 	EXP 	Target: autoDraw = False
146.7485 	EXP 	Target: autoDraw = False
146.7485 	EXP 	feedbackMsg: text = 'Correct Response!\n\nYou won $5.00!'
146.7485 	EXP 	feedbackMsg: autoDraw = True
147.0215 	DATA 	Keypress: 5
147.8055 	DATA 	Keypress: 5
148.4036 	EXP 	New trial (rep=0, index=18): OrderedDict([('Condition', 'LgReward'), ('FixationDur', 2000)])
148.4310 	EXP 	feedbackMsg: autoDraw = False
148.4310 	EXP 	feedbackMsg: autoDraw = False
148.4310 	EXP 	cueImage: image = 'images/WinBig.bmp'
148.4310 	EXP 	cueImage: autoDraw = True
148.5853 	DATA 	Keypress: 5
149.3502 	DATA 	Keypress: 5
150.1354 	DATA 	Keypress: 5
150.4651 	EXP 	cueImage: autoDraw = False
150.4651 	EXP 	fixation: autoDraw = True
150.9046 	DATA 	Keypress: 5
151.6897 	DATA 	Keypress: 5
152.5092 	DATA 	Keypress: 5
152.5153 	EXP 	fixation: autoDraw = False
152.5153 	EXP 	fixation: autoDraw = False
152.5153 	EXP 	Target: image = 'images/WinProbe.bmp'
152.5153 	EXP 	Target: autoDraw = True
152.8357 	DATA 	Keypress: 1
152.8983 	EXP 	Target: autoDraw = False
152.8983 	EXP 	Target: autoDraw = False
152.8983 	EXP 	feedbackMsg: text = 'Correct Response!\n\nYou won $5.00!'
152.8983 	EXP 	feedbackMsg: autoDraw = True
153.2518 	DATA 	Keypress: 5
154.0186 	DATA 	Keypress: 5
154.5369 	EXP 	New trial (rep=0, index=19): OrderedDict([('Condition', 'SmallPun'), ('FixationDur', 1500)])
154.5522 	EXP 	feedbackMsg: autoDraw = False
154.5522 	EXP 	feedbackMsg: autoDraw = False
154.5522 	EXP 	cueImage: image = 'images/LoseSmall.bmp'
154.5522 	EXP 	cueImage: autoDraw = True
154.8064 	DATA 	Keypress: 5
155.5709 	DATA 	Keypress: 5
156.3552 	DATA 	Keypress: 5
156.5827 	EXP 	cueImage: autoDraw = False
156.5827 	EXP 	cueImage: autoDraw = False
156.5827 	EXP 	fixation: autoDraw = True
157.1395 	DATA 	Keypress: 5
157.9048 	DATA 	Keypress: 5
158.1159 	EXP 	fixation: autoDraw = False
158.1159 	EXP 	fixation: autoDraw = False
158.1159 	EXP 	Target: image = 'images/LoseProbe.bmp'
158.1159 	EXP 	Target: autoDraw = True
158.4200 	DATA 	Keypress: 1
158.4991 	EXP 	Target: autoDraw = False
158.4991 	EXP 	Target: autoDraw = False
158.4991 	EXP 	feedbackMsg: text = 'Correct Response!\n\nYou did not lose $0.20!'
158.4991 	EXP 	feedbackMsg: autoDraw = True
158.6850 	DATA 	Keypress: 5
159.4703 	DATA 	Keypress: 5
160.1514 	EXP 	New trial (rep=0, index=20): OrderedDict([('Condition', 'SmallReward'), ('FixationDur', 3000)])
160.1823 	EXP 	feedbackMsg: autoDraw = False
160.1823 	EXP 	feedbackMsg: autoDraw = False
160.1823 	EXP 	cueImage: image = 'images/WinSmall.bmp'
160.1823 	EXP 	cueImage: autoDraw = True
160.2527 	DATA 	Keypress: 5
161.0187 	DATA 	Keypress: 5
161.8025 	DATA 	Keypress: 5
162.2170 	EXP 	cueImage: autoDraw = False
162.2170 	EXP 	fixation: autoDraw = True
162.5872 	DATA 	Keypress: 5
163.3561 	DATA 	Keypress: 5
164.1408 	DATA 	Keypress: 5
164.9067 	DATA 	Keypress: 5
165.2664 	EXP 	fixation: autoDraw = False
165.2664 	EXP 	fixation: autoDraw = False
165.2664 	EXP 	Target: image = 'images/WinProbe.bmp'
165.2664 	EXP 	Target: autoDraw = True
165.5374 	DATA 	Keypress: 1
165.6677 	EXP 	Target: autoDraw = False
165.6677 	EXP 	Target: autoDraw = False
165.6677 	EXP 	feedbackMsg: text = 'Correct Response!\n\nYou won $0.20!'
165.6677 	EXP 	feedbackMsg: autoDraw = True
165.6865 	DATA 	Keypress: 5
166.4701 	DATA 	Keypress: 5
167.2525 	DATA 	Keypress: 5
167.3017 	EXP 	New trial (rep=0, index=21): OrderedDict([('Condition', 'Triangle'), ('FixationDur', 4000)])
167.3163 	EXP 	feedbackMsg: autoDraw = False
167.3163 	EXP 	feedbackMsg: autoDraw = False
167.3163 	EXP 	cueImage: image = 'images/Neutral.bmp'
167.3163 	EXP 	cueImage: autoDraw = True
168.0218 	DATA 	Keypress: 5
168.8070 	DATA 	Keypress: 5
169.3516 	EXP 	cueImage: autoDraw = False
169.3516 	EXP 	fixation: autoDraw = True
169.5908 	DATA 	Keypress: 5
170.3558 	DATA 	Keypress: 5
171.1400 	DATA 	Keypress: 5
171.9244 	DATA 	Keypress: 5
172.6894 	DATA 	Keypress: 5
173.3844 	EXP 	fixation: autoDraw = False
173.3844 	EXP 	fixation: autoDraw = False
173.3844 	EXP 	Target: image = 'images/NeutralProbe.bmp'
173.3844 	EXP 	Target: autoDraw = True
173.4732 	DATA 	Keypress: 5
173.6564 	DATA 	Keypress: 1
173.7864 	EXP 	Target: autoDraw = False
173.7864 	EXP 	Target: autoDraw = False
173.7864 	EXP 	feedbackMsg: text = 'Correct Response!\n\nYou did not win or lose anything!'
173.7864 	EXP 	feedbackMsg: autoDraw = True
174.2574 	DATA 	Keypress: 5
175.0230 	DATA 	Keypress: 5
175.4223 	EXP 	New trial (rep=0, index=22): OrderedDict([('Condition', 'LgPun'), ('FixationDur', 2500)])
175.4366 	EXP 	feedbackMsg: autoDraw = False
175.4366 	EXP 	feedbackMsg: autoDraw = False
175.4366 	EXP 	cueImage: image = 'images/LoseBig.bmp'
175.4366 	EXP 	cueImage: autoDraw = True
175.8055 	DATA 	Keypress: 5
176.5908 	DATA 	Keypress: 5
177.3552 	DATA 	Keypress: 5
177.4683 	EXP 	cueImage: autoDraw = False
177.4683 	EXP 	cueImage: autoDraw = False
177.4683 	EXP 	fixation: autoDraw = True
178.1402 	DATA 	Keypress: 5
178.9251 	DATA 	Keypress: 5
179.6909 	DATA 	Keypress: 5
180.0017 	EXP 	fixation: autoDraw = False
180.0017 	EXP 	fixation: autoDraw = False
180.0017 	EXP 	Target: image = 'images/LoseProbe.bmp'
180.0017 	EXP 	Target: autoDraw = True
180.3989 	DATA 	Keypress: 1
180.4032 	EXP 	Target: autoDraw = False
180.4032 	EXP 	Target: autoDraw = False
180.4032 	EXP 	feedbackMsg: text = 'You pressed too slow!\n\nYou lost $5.00!'
180.4032 	EXP 	feedbackMsg: autoDraw = True
180.4738 	DATA 	Keypress: 5
181.2566 	DATA 	Keypress: 5
182.0241 	DATA 	Keypress: 5
182.0387 	EXP 	New trial (rep=0, index=23): OrderedDict([('Condition', 'LgPun'), ('FixationDur', 2000)])
182.0536 	EXP 	feedbackMsg: autoDraw = False
182.0536 	EXP 	feedbackMsg: autoDraw = False
182.0536 	EXP 	cueImage: image = 'images/LoseBig.bmp'
182.0536 	EXP 	cueImage: autoDraw = True
182.8067 	DATA 	Keypress: 5
183.5908 	DATA 	Keypress: 5
184.0857 	EXP 	cueImage: autoDraw = False
184.0857 	EXP 	cueImage: autoDraw = False
184.0857 	EXP 	fixation: autoDraw = True
184.3577 	DATA 	Keypress: 5
185.1412 	DATA 	Keypress: 5
185.9247 	DATA 	Keypress: 5
186.1196 	EXP 	fixation: autoDraw = False
186.1196 	EXP 	fixation: autoDraw = False
186.1196 	EXP 	Target: image = 'images/LoseProbe.bmp'
186.1196 	EXP 	Target: autoDraw = True
186.4576 	DATA 	Keypress: 1
186.5203 	EXP 	Target: autoDraw = False
186.5203 	EXP 	Target: autoDraw = False
186.5203 	EXP 	feedbackMsg: text = 'Correct Response!\n\nYou did not lose $5.00!'
186.5203 	EXP 	feedbackMsg: autoDraw = True
186.6911 	DATA 	Keypress: 5
187.4740 	DATA 	Keypress: 5
188.1563 	EXP 	New trial (rep=0, index=24): OrderedDict([('Condition', 'Triangle'), ('FixationDur', 1500)])
188.1710 	EXP 	feedbackMsg: autoDraw = False
188.1710 	EXP 	feedbackMsg: autoDraw = False
188.1710 	EXP 	cueImage: image = 'images/Neutral.bmp'
188.1710 	EXP 	cueImage: autoDraw = True
188.2581 	DATA 	Keypress: 5
189.0415 	DATA 	Keypress: 5
189.8070 	DATA 	Keypress: 5
190.2035 	EXP 	cueImage: autoDraw = False
190.2035 	EXP 	cueImage: autoDraw = False
190.2035 	EXP 	fixation: autoDraw = True
190.5918 	DATA 	Keypress: 5
191.3761 	DATA 	Keypress: 5
191.7367 	EXP 	fixation: autoDraw = False
191.7367 	EXP 	fixation: autoDraw = False
191.7367 	EXP 	Target: image = 'images/NeutralProbe.bmp'
191.7367 	EXP 	Target: autoDraw = True
192.1040 	EXP 	Target: autoDraw = False
192.1040 	EXP 	Target: autoDraw = False
192.1040 	EXP 	feedbackMsg: text = 'You pressed too slow!\n\nYou did not win or lose anything!'
192.1040 	EXP 	feedbackMsg: autoDraw = True
192.1407 	DATA 	Keypress: 5
192.1428 	DATA 	Keypress: 1
192.9244 	DATA 	Keypress: 5
193.7096 	DATA 	Keypress: 5
193.7735 	EXP 	New trial (rep=0, index=25): OrderedDict([('Condition', 'LgPun'), ('FixationDur', 3000)])
193.7880 	EXP 	feedbackMsg: autoDraw = False
193.7880 	EXP 	feedbackMsg: autoDraw = False
193.7880 	EXP 	cueImage: image = 'images/LoseBig.bmp'
193.7880 	EXP 	cueImage: autoDraw = True
194.4740 	DATA 	Keypress: 5
195.2588 	DATA 	Keypress: 5
195.8210 	EXP 	cueImage: autoDraw = False
195.8210 	EXP 	cueImage: autoDraw = False
195.8210 	EXP 	fixation: autoDraw = True
196.0420 	DATA 	Keypress: 5
196.8088 	DATA 	Keypress: 5
197.5916 	DATA 	Keypress: 5
198.3752 	DATA 	Keypress: 5
198.8539 	EXP 	fixation: autoDraw = False
198.8539 	EXP 	fixation: autoDraw = False
198.8539 	EXP 	Target: image = 'images/LoseProbe.bmp'
198.8539 	EXP 	Target: autoDraw = True
199.1413 	DATA 	Keypress: 5
199.2164 	DATA 	Keypress: 1
199.2209 	EXP 	Target: autoDraw = False
199.2209 	EXP 	Target: autoDraw = False
199.2209 	EXP 	feedbackMsg: text = 'You pressed too slow!\n\nYou lost $5.00!'
199.2209 	EXP 	feedbackMsg: autoDraw = True
199.9252 	DATA 	Keypress: 5
200.7092 	DATA 	Keypress: 5
200.8739 	EXP 	New trial (rep=0, index=26): OrderedDict([('Condition', 'SmallPun'), ('FixationDur', 4000)])
200.8886 	EXP 	feedbackMsg: autoDraw = False
200.8886 	EXP 	feedbackMsg: autoDraw = False
200.8886 	EXP 	cueImage: image = 'images/LoseSmall.bmp'
200.8886 	EXP 	cueImage: autoDraw = True
201.4748 	DATA 	Keypress: 5
202.2572 	DATA 	Keypress: 5
202.9218 	EXP 	cueImage: autoDraw = False
202.9218 	EXP 	cueImage: autoDraw = False
202.9218 	EXP 	fixation: autoDraw = True
203.0437 	DATA 	Keypress: 5
203.8091 	DATA 	Keypress: 5
204.5921 	DATA 	Keypress: 5
205.3770 	DATA 	Keypress: 5
206.1425 	DATA 	Keypress: 5
206.9474 	DATA 	Keypress: 5
206.9553 	EXP 	fixation: autoDraw = False
206.9553 	EXP 	fixation: autoDraw = False
206.9553 	EXP 	Target: image = 'images/LoseProbe.bmp'
206.9553 	EXP 	Target: autoDraw = True
207.3168 	DATA 	Keypress: 1
207.3227 	EXP 	Target: autoDraw = False
207.3227 	EXP 	Target: autoDraw = False
207.3227 	EXP 	feedbackMsg: text = 'You pressed too slow!\n\nYou lost $0.20!'
207.3227 	EXP 	feedbackMsg: autoDraw = True
207.7088 	DATA 	Keypress: 5
208.4763 	DATA 	Keypress: 5
208.9746 	EXP 	New trial (rep=0, index=27): OrderedDict([('Condition', 'Triangle'), ('FixationDur', 2000)])
208.9887 	EXP 	feedbackMsg: autoDraw = False
208.9887 	EXP 	feedbackMsg: autoDraw = False
208.9887 	EXP 	cueImage: image = 'images/Neutral.bmp'
208.9887 	EXP 	cueImage: autoDraw = True
209.2583 	DATA 	Keypress: 5
210.0417 	DATA 	Keypress: 5
210.8265 	DATA 	Keypress: 5
211.0224 	EXP 	cueImage: autoDraw = False
211.0224 	EXP 	cueImage: autoDraw = False
211.0224 	EXP 	fixation: autoDraw = True
211.5919 	DATA 	Keypress: 5
212.3769 	DATA 	Keypress: 5
213.0559 	EXP 	fixation: autoDraw = False
213.0559 	EXP 	fixation: autoDraw = False
213.0559 	EXP 	Target: image = 'images/NeutralProbe.bmp'
213.0559 	EXP 	Target: autoDraw = True
213.1605 	DATA 	Keypress: 5
213.4229 	EXP 	Target: autoDraw = False
213.4229 	EXP 	Target: autoDraw = False
213.4229 	EXP 	feedbackMsg: text = 'You pressed too slow!\n\nYou did not win or lose anything!'
213.4229 	EXP 	feedbackMsg: autoDraw = True
213.4584 	DATA 	Keypress: 1
213.9253 	DATA 	Keypress: 5
214.7104 	DATA 	Keypress: 5
215.0918 	EXP 	New trial (rep=0, index=28): OrderedDict([('Condition', 'SmallPun'), ('FixationDur', 1500)])
215.1061 	EXP 	feedbackMsg: autoDraw = False
215.1061 	EXP 	feedbackMsg: autoDraw = False
215.1061 	EXP 	cueImage: image = 'images/LoseSmall.bmp'
215.1061 	EXP 	cueImage: autoDraw = True
215.4936 	DATA 	Keypress: 5
216.2582 	DATA 	Keypress: 5
217.0435 	DATA 	Keypress: 5
217.1403 	EXP 	cueImage: autoDraw = False
217.1403 	EXP 	cueImage: autoDraw = False
217.1403 	EXP 	fixation: autoDraw = True
217.8262 	DATA 	Keypress: 5
218.5932 	DATA 	Keypress: 5
218.6732 	EXP 	fixation: autoDraw = False
218.6732 	EXP 	fixation: autoDraw = False
218.6732 	EXP 	Target: image = 'images/LoseProbe.bmp'
218.6732 	EXP 	Target: autoDraw = True
219.0361 	DATA 	Keypress: 1
219.0408 	EXP 	Target: autoDraw = False
219.0408 	EXP 	Target: autoDraw = False
219.0408 	EXP 	feedbackMsg: text = 'You pressed too slow!\n\nYou lost $0.20!'
219.0408 	EXP 	feedbackMsg: autoDraw = True
219.3768 	DATA 	Keypress: 5
220.1615 	DATA 	Keypress: 5
220.7089 	EXP 	New trial (rep=0, index=29): OrderedDict([('Condition', 'SmallPun'), ('FixationDur', 2000)])
220.7230 	EXP 	feedbackMsg: autoDraw = False
220.7230 	EXP 	feedbackMsg: autoDraw = False
220.7230 	EXP 	cueImage: image = 'images/LoseSmall.bmp'
220.7230 	EXP 	cueImage: autoDraw = True
220.9264 	DATA 	Keypress: 5
221.7094 	DATA 	Keypress: 5
222.4942 	DATA 	Keypress: 5
222.7573 	EXP 	cueImage: autoDraw = False
222.7573 	EXP 	cueImage: autoDraw = False
222.7573 	EXP 	fixation: autoDraw = True
223.2601 	DATA 	Keypress: 5
224.0431 	DATA 	Keypress: 5
224.7895 	EXP 	fixation: autoDraw = False
224.7895 	EXP 	fixation: autoDraw = False
224.7895 	EXP 	Target: image = 'images/LoseProbe.bmp'
224.7895 	EXP 	Target: autoDraw = True
224.8272 	DATA 	Keypress: 5
225.1796 	DATA 	Keypress: 1
225.1900 	EXP 	Target: autoDraw = False
225.1900 	EXP 	Target: autoDraw = False
225.1900 	EXP 	feedbackMsg: text = 'You pressed too slow!\n\nYou lost $0.20!'
225.1900 	EXP 	feedbackMsg: autoDraw = True
225.5932 	DATA 	Keypress: 5
226.3772 	DATA 	Keypress: 5
226.8089 	EXP 	New trial (rep=0, index=30): OrderedDict([('Condition', 'LgReward'), ('FixationDur', 1500)])
226.8413 	EXP 	feedbackMsg: autoDraw = False
226.8413 	EXP 	feedbackMsg: autoDraw = False
226.8413 	EXP 	cueImage: image = 'images/WinBig.bmp'
226.8413 	EXP 	cueImage: autoDraw = True
227.1610 	DATA 	Keypress: 5
227.9434 	DATA 	Keypress: 5
228.7093 	DATA 	Keypress: 5
228.8738 	EXP 	cueImage: autoDraw = False
228.8738 	EXP 	fixation: autoDraw = True
229.4948 	DATA 	Keypress: 5
230.2788 	DATA 	Keypress: 5
230.4233 	EXP 	fixation: autoDraw = False
230.4233 	EXP 	fixation: autoDraw = False
230.4233 	EXP 	Target: image = 'images/WinProbe.bmp'
230.4233 	EXP 	Target: autoDraw = True
230.7280 	DATA 	Keypress: 1
230.8406 	EXP 	Target: autoDraw = False
230.8406 	EXP 	Target: autoDraw = False
230.8406 	EXP 	feedbackMsg: text = 'Correct Response!\n\nYou won $5.00!'
230.8406 	EXP 	feedbackMsg: autoDraw = True
231.0432 	DATA 	Keypress: 5
231.8268 	DATA 	Keypress: 5
232.4425 	EXP 	New trial (rep=0, index=31): OrderedDict([('Condition', 'SmallReward'), ('FixationDur', 2500)])
232.4576 	EXP 	feedbackMsg: autoDraw = False
232.4576 	EXP 	feedbackMsg: autoDraw = False
232.4576 	EXP 	cueImage: image = 'images/WinSmall.bmp'
232.4576 	EXP 	cueImage: autoDraw = True
232.6115 	DATA 	Keypress: 5
233.3757 	DATA 	Keypress: 5
234.1612 	DATA 	Keypress: 5
234.4906 	EXP 	cueImage: autoDraw = False
234.4906 	EXP 	cueImage: autoDraw = False
234.4906 	EXP 	fixation: autoDraw = True
234.9453 	DATA 	Keypress: 5
235.7100 	DATA 	Keypress: 5
236.4942 	DATA 	Keypress: 5
237.0406 	EXP 	fixation: autoDraw = False
237.0406 	EXP 	fixation: autoDraw = False
237.0406 	EXP 	Target: image = 'images/WinProbe.bmp'
237.0406 	EXP 	Target: autoDraw = True
237.2784 	DATA 	Keypress: 5
237.3788 	DATA 	Keypress: 1
237.4413 	EXP 	Target: autoDraw = False
237.4413 	EXP 	Target: autoDraw = False
237.4413 	EXP 	feedbackMsg: text = 'Correct Response!\n\nYou won $0.20!'
237.4413 	EXP 	feedbackMsg: autoDraw = True
238.0440 	DATA 	Keypress: 5
238.8283 	DATA 	Keypress: 5
239.0599 	EXP 	New trial (rep=0, index=32): OrderedDict([('Condition', 'Triangle'), ('FixationDur', 1500)])
239.0740 	EXP 	feedbackMsg: autoDraw = False
239.0740 	EXP 	feedbackMsg: autoDraw = False
239.0740 	EXP 	cueImage: image = 'images/Neutral.bmp'
239.0740 	EXP 	cueImage: autoDraw = True
239.6108 	DATA 	Keypress: 5
240.3771 	DATA 	Keypress: 5
241.1077 	EXP 	cueImage: autoDraw = False
241.1077 	EXP 	cueImage: autoDraw = False
241.1077 	EXP 	fixation: autoDraw = True
241.1606 	DATA 	Keypress: 5
241.6463 	DATA 	Keypress: 1
241.9456 	DATA 	Keypress: 5
242.6407 	EXP 	fixation: autoDraw = False
242.6407 	EXP 	fixation: autoDraw = False
242.6407 	EXP 	Target: image = 'images/NeutralProbe.bmp'
242.6407 	EXP 	Target: autoDraw = True
242.7111 	DATA 	Keypress: 5
243.0912 	EXP 	Target: autoDraw = False
243.0912 	EXP 	Target: autoDraw = False
243.0912 	EXP 	feedbackMsg: text = 'You pressed too soon!\n\nYou did not win or lose anything!'
243.0912 	EXP 	feedbackMsg: autoDraw = True
243.4944 	DATA 	Keypress: 5
244.2786 	DATA 	Keypress: 5
244.6764 	EXP 	New trial (rep=0, index=33): OrderedDict([('Condition', 'SmallReward'), ('FixationDur', 1500)])
244.7083 	EXP 	feedbackMsg: autoDraw = False
244.7083 	EXP 	feedbackMsg: autoDraw = False
244.7083 	EXP 	cueImage: image = 'images/WinSmall.bmp'
244.7083 	EXP 	cueImage: autoDraw = True
245.0446 	DATA 	Keypress: 5
245.8278 	DATA 	Keypress: 5
246.6122 	DATA 	Keypress: 5
246.7416 	EXP 	cueImage: autoDraw = False
246.7416 	EXP 	fixation: autoDraw = True
247.3787 	DATA 	Keypress: 5
248.1610 	DATA 	Keypress: 5
248.2919 	EXP 	fixation: autoDraw = False
248.2919 	EXP 	fixation: autoDraw = False
248.2919 	EXP 	Target: image = 'images/WinProbe.bmp'
248.2919 	EXP 	Target: autoDraw = True
248.7390 	DATA 	Keypress: 1
248.7448 	EXP 	Target: autoDraw = False
248.7448 	EXP 	Target: autoDraw = False
248.7448 	EXP 	feedbackMsg: text = 'You pressed too slow!\n\nYou did not win $0.20!'
248.7448 	EXP 	feedbackMsg: autoDraw = True
248.9463 	DATA 	Keypress: 5
249.7123 	DATA 	Keypress: 5
250.3272 	EXP 	New trial (rep=0, index=34): OrderedDict([('Condition', 'LgReward'), ('FixationDur', 2000)])
250.3579 	EXP 	feedbackMsg: autoDraw = False
250.3579 	EXP 	feedbackMsg: autoDraw = False
250.3579 	EXP 	cueImage: image = 'images/WinBig.bmp'
250.3579 	EXP 	cueImage: autoDraw = True
250.4941 	DATA 	Keypress: 5
251.2793 	DATA 	Keypress: 5
252.0627 	DATA 	Keypress: 5
252.3924 	EXP 	cueImage: autoDraw = False
252.3924 	EXP 	fixation: autoDraw = True
252.8287 	DATA 	Keypress: 5
253.6125 	DATA 	Keypress: 5
254.4309 	DATA 	Keypress: 5
254.4421 	EXP 	fixation: autoDraw = False
254.4421 	EXP 	fixation: autoDraw = False
254.4421 	EXP 	Target: image = 'images/WinProbe.bmp'
254.4421 	EXP 	Target: autoDraw = True
254.7279 	DATA 	Keypress: 1
254.8927 	EXP 	Target: autoDraw = False
254.8927 	EXP 	Target: autoDraw = False
254.8927 	EXP 	feedbackMsg: text = 'Correct Response!\n\nYou won $5.00!'
254.8927 	EXP 	feedbackMsg: autoDraw = True
255.1615 	DATA 	Keypress: 5
255.9468 	DATA 	Keypress: 5
256.4776 	EXP 	New trial (rep=0, index=35): OrderedDict([('Condition', 'Triangle'), ('FixationDur', 1500)])
256.4925 	EXP 	feedbackMsg: autoDraw = False
256.4925 	EXP 	feedbackMsg: autoDraw = False
256.4925 	EXP 	cueImage: image = 'images/Neutral.bmp'
256.4925 	EXP 	cueImage: autoDraw = True
256.7296 	DATA 	Keypress: 5
257.4940 	DATA 	Keypress: 5
258.2798 	DATA 	Keypress: 5
258.5262 	EXP 	cueImage: autoDraw = False
258.5262 	EXP 	cueImage: autoDraw = False
258.5262 	EXP 	fixation: autoDraw = True
259.0629 	DATA 	Keypress: 5
259.8290 	DATA 	Keypress: 5
260.0581 	EXP 	fixation: autoDraw = False
260.0581 	EXP 	fixation: autoDraw = False
260.0581 	EXP 	Target: image = 'images/NeutralProbe.bmp'
260.0581 	EXP 	Target: autoDraw = True
260.5079 	DATA 	Keypress: 1
260.5124 	EXP 	Target: autoDraw = False
260.5124 	EXP 	Target: autoDraw = False
260.5124 	EXP 	feedbackMsg: text = 'You pressed too slow!\n\nYou did not win or lose anything!'
260.5124 	EXP 	feedbackMsg: autoDraw = True
260.6123 	DATA 	Keypress: 5
261.3973 	DATA 	Keypress: 5
262.0946 	EXP 	New trial (rep=0, index=36): OrderedDict([('Condition', 'LgPun'), ('FixationDur', 4000)])
262.1095 	EXP 	feedbackMsg: autoDraw = False
262.1095 	EXP 	feedbackMsg: autoDraw = False
262.1095 	EXP 	cueImage: image = 'images/LoseBig.bmp'
262.1095 	EXP 	cueImage: autoDraw = True
262.1621 	DATA 	Keypress: 5
262.9469 	DATA 	Keypress: 5
263.7296 	DATA 	Keypress: 5
264.1432 	EXP 	cueImage: autoDraw = False
264.1432 	EXP 	cueImage: autoDraw = False
264.1432 	EXP 	fixation: autoDraw = True
264.4964 	DATA 	Keypress: 5
265.2798 	DATA 	Keypress: 5
266.0646 	DATA 	Keypress: 5
266.8299 	DATA 	Keypress: 5
267.6132 	DATA 	Keypress: 5
268.1767 	EXP 	fixation: autoDraw = False
268.1767 	EXP 	fixation: autoDraw = False
268.1767 	EXP 	Target: image = 'images/LoseProbe.bmp'
268.1767 	EXP 	Target: autoDraw = True
268.3977 	DATA 	Keypress: 5
268.4976 	DATA 	Keypress: 1
268.6264 	EXP 	Target: autoDraw = False
268.6264 	EXP 	Target: autoDraw = False
268.6264 	EXP 	feedbackMsg: text = 'Correct Response!\n\nYou did not lose $5.00!'
268.6264 	EXP 	feedbackMsg: autoDraw = True
269.1632 	DATA 	Keypress: 5
269.9458 	DATA 	Keypress: 5
270.2120 	EXP 	New trial (rep=0, index=37): OrderedDict([('Condition', 'Triangle'), ('FixationDur', 1500)])
270.2263 	EXP 	feedbackMsg: autoDraw = False
270.2263 	EXP 	feedbackMsg: autoDraw = False
270.2263 	EXP 	cueImage: image = 'images/Neutral.bmp'
270.2263 	EXP 	cueImage: autoDraw = True
270.7286 	DATA 	Keypress: 5
271.5118 	DATA 	Keypress: 5
272.2604 	EXP 	cueImage: autoDraw = False
272.2604 	EXP 	cueImage: autoDraw = False
272.2604 	EXP 	fixation: autoDraw = True
272.2798 	DATA 	Keypress: 5
273.0648 	DATA 	Keypress: 5
273.7934 	EXP 	fixation: autoDraw = False
273.7934 	EXP 	fixation: autoDraw = False
273.7934 	EXP 	Target: image = 'images/NeutralProbe.bmp'
273.7934 	EXP 	Target: autoDraw = True
273.8478 	DATA 	Keypress: 5
274.2087 	DATA 	Keypress: 1
274.2144 	EXP 	Target: autoDraw = False
274.2144 	EXP 	Target: autoDraw = False
274.2144 	EXP 	feedbackMsg: text = 'You pressed too slow!\n\nYou did not win or lose anything!'
274.2144 	EXP 	feedbackMsg: autoDraw = True
274.6131 	DATA 	Keypress: 5
275.3980 	DATA 	Keypress: 5
275.8128 	EXP 	New trial (rep=0, index=38): OrderedDict([('Condition', 'Triangle'), ('FixationDur', 3000)])
275.8267 	EXP 	feedbackMsg: autoDraw = False
275.8267 	EXP 	feedbackMsg: autoDraw = False
275.8267 	EXP 	cueImage: image = 'images/Neutral.bmp'
275.8267 	EXP 	cueImage: autoDraw = True
276.1811 	DATA 	Keypress: 5
276.9453 	DATA 	Keypress: 5
277.7310 	DATA 	Keypress: 5
277.8608 	EXP 	cueImage: autoDraw = False
277.8608 	EXP 	cueImage: autoDraw = False
277.8608 	EXP 	fixation: autoDraw = True
278.5138 	DATA 	Keypress: 5
279.2795 	DATA 	Keypress: 5
280.0640 	DATA 	Keypress: 5
280.8869 	DATA 	Keypress: 5
280.8936 	EXP 	fixation: autoDraw = False
280.8936 	EXP 	fixation: autoDraw = False
280.8936 	EXP 	Target: image = 'images/NeutralProbe.bmp'
280.8936 	EXP 	Target: autoDraw = True
281.2464 	DATA 	Keypress: 1
281.3322 	EXP 	Target: autoDraw = False
281.3322 	EXP 	Target: autoDraw = False
281.3322 	EXP 	feedbackMsg: text = 'Correct Response!\n\nYou did not win or lose anything!'
281.3322 	EXP 	feedbackMsg: autoDraw = True
281.6132 	DATA 	Keypress: 5
282.3988 	DATA 	Keypress: 5
282.9294 	EXP 	New trial (rep=0, index=39): OrderedDict([('Condition', 'SmallPun'), ('FixationDur', 1500)])
282.9438 	EXP 	feedbackMsg: autoDraw = False
282.9438 	EXP 	feedbackMsg: autoDraw = False
282.9438 	EXP 	cueImage: image = 'images/LoseSmall.bmp'
282.9438 	EXP 	cueImage: autoDraw = True
283.1817 	DATA 	Keypress: 5
283.9465 	DATA 	Keypress: 5
284.7313 	DATA 	Keypress: 5
284.9781 	EXP 	cueImage: autoDraw = False
284.9781 	EXP 	cueImage: autoDraw = False
284.9781 	EXP 	fixation: autoDraw = True
285.5146 	DATA 	Keypress: 5
286.2812 	DATA 	Keypress: 5
286.5113 	EXP 	fixation: autoDraw = False
286.5113 	EXP 	fixation: autoDraw = False
286.5113 	EXP 	Target: image = 'images/LoseProbe.bmp'
286.5113 	EXP 	Target: autoDraw = True
286.9436 	EXP 	Target: autoDraw = False
286.9436 	EXP 	Target: autoDraw = False
286.9436 	EXP 	feedbackMsg: text = 'You pressed too slow!\n\nYou lost $0.20!'
286.9436 	EXP 	feedbackMsg: autoDraw = True
287.0641 	DATA 	Keypress: 5
287.2143 	DATA 	Keypress: 1
287.8494 	DATA 	Keypress: 5
288.5453 	EXP 	New trial (rep=0, index=40): OrderedDict([('Condition', 'LgReward'), ('FixationDur', 3000)])
288.5776 	EXP 	feedbackMsg: autoDraw = False
288.5776 	EXP 	feedbackMsg: autoDraw = False
288.5776 	EXP 	cueImage: image = 'images/WinBig.bmp'
288.5776 	EXP 	cueImage: autoDraw = True
288.6138 	DATA 	Keypress: 5
289.3983 	DATA 	Keypress: 5
290.1821 	DATA 	Keypress: 5
290.6114 	EXP 	cueImage: autoDraw = False
290.6114 	EXP 	fixation: autoDraw = True
290.9483 	DATA 	Keypress: 5
291.7303 	DATA 	Keypress: 5
292.5157 	DATA 	Keypress: 5
293.2997 	DATA 	Keypress: 5
293.6615 	EXP 	fixation: autoDraw = False
293.6615 	EXP 	fixation: autoDraw = False
293.6615 	EXP 	Target: image = 'images/WinProbe.bmp'
293.6615 	EXP 	Target: autoDraw = True
294.0798 	DATA 	Keypress: 5
294.0950 	EXP 	Target: autoDraw = False
294.0950 	EXP 	Target: autoDraw = False
294.0950 	EXP 	feedbackMsg: text = 'You pressed too slow!\n\nYou did not win $5.00!'
294.0950 	EXP 	feedbackMsg: autoDraw = True
294.0991 	DATA 	Keypress: 1
294.8487 	DATA 	Keypress: 5
295.6324 	DATA 	Keypress: 5
295.6802 	EXP 	New trial (rep=0, index=41): OrderedDict([('Condition', 'LgPun'), ('FixationDur', 3500)])
295.6943 	EXP 	feedbackMsg: autoDraw = False
295.6943 	EXP 	feedbackMsg: autoDraw = False
295.6943 	EXP 	cueImage: image = 'images/LoseBig.bmp'
295.6943 	EXP 	cueImage: autoDraw = True
296.3967 	DATA 	Keypress: 5
297.1817 	DATA 	Keypress: 5
297.7281 	EXP 	cueImage: autoDraw = False
297.7281 	EXP 	cueImage: autoDraw = False
297.7281 	EXP 	fixation: autoDraw = True
297.9644 	DATA 	Keypress: 5
298.7299 	DATA 	Keypress: 5
299.5144 	DATA 	Keypress: 5
300.2978 	DATA 	Keypress: 5
301.0637 	DATA 	Keypress: 5
301.2610 	EXP 	fixation: autoDraw = False
301.2610 	EXP 	fixation: autoDraw = False
301.2610 	EXP 	Target: image = 'images/LoseProbe.bmp'
301.2610 	EXP 	Target: autoDraw = True
301.5652 	DATA 	Keypress: 1
301.7018 	EXP 	Target: autoDraw = False
301.7018 	EXP 	Target: autoDraw = False
301.7018 	EXP 	feedbackMsg: text = 'Correct Response!\n\nYou did not lose $5.00!'
301.7018 	EXP 	feedbackMsg: autoDraw = True
301.8485 	DATA 	Keypress: 5
302.6328 	DATA 	Keypress: 5
303.2976 	EXP 	New trial (rep=0, index=42): OrderedDict([('Condition', 'Triangle'), ('FixationDur', 2500)])
303.3109 	EXP 	feedbackMsg: autoDraw = False
303.3109 	EXP 	feedbackMsg: autoDraw = False
303.3109 	EXP 	cueImage: image = 'images/Neutral.bmp'
303.3109 	EXP 	cueImage: autoDraw = True
303.3983 	DATA 	Keypress: 5
304.1815 	DATA 	Keypress: 5
304.9664 	DATA 	Keypress: 5
305.3459 	EXP 	cueImage: autoDraw = False
305.3459 	EXP 	cueImage: autoDraw = False
305.3459 	EXP 	fixation: autoDraw = True
305.7323 	DATA 	Keypress: 5
306.5155 	DATA 	Keypress: 5
307.2993 	DATA 	Keypress: 5
307.8784 	EXP 	fixation: autoDraw = False
307.8784 	EXP 	fixation: autoDraw = False
307.8784 	EXP 	Target: image = 'images/NeutralProbe.bmp'
307.8784 	EXP 	Target: autoDraw = True
308.0657 	DATA 	Keypress: 5
308.1502 	DATA 	Keypress: 1
308.3284 	EXP 	Target: autoDraw = False
308.3284 	EXP 	Target: autoDraw = False
308.3284 	EXP 	feedbackMsg: text = 'Correct Response!\n\nYou did not win or lose anything!'
308.3284 	EXP 	feedbackMsg: autoDraw = True
308.8493 	DATA 	Keypress: 5
309.6322 	DATA 	Keypress: 5
309.9134 	EXP 	New trial (rep=0, index=43): OrderedDict([('Condition', 'SmallReward'), ('FixationDur', 1500)])
309.9454 	EXP 	feedbackMsg: autoDraw = False
309.9454 	EXP 	feedbackMsg: autoDraw = False
309.9454 	EXP 	cueImage: image = 'images/WinSmall.bmp'
309.9454 	EXP 	cueImage: autoDraw = True
310.3987 	DATA 	Keypress: 5
311.1816 	DATA 	Keypress: 5
311.9669 	DATA 	Keypress: 5
311.9793 	EXP 	cueImage: autoDraw = False
311.9793 	EXP 	fixation: autoDraw = True
312.7327 	DATA 	Keypress: 5
313.5248 	DATA 	Keypress: 5
313.5306 	EXP 	fixation: autoDraw = False
313.5306 	EXP 	fixation: autoDraw = False
313.5306 	EXP 	Target: image = 'images/WinProbe.bmp'
313.5306 	EXP 	Target: autoDraw = True
313.8154 	DATA 	Keypress: 1
313.9799 	EXP 	Target: autoDraw = False
313.9799 	EXP 	Target: autoDraw = False
313.9799 	EXP 	feedbackMsg: text = 'Correct Response!\n\nYou won $0.20!'
313.9799 	EXP 	feedbackMsg: autoDraw = True
314.3002 	DATA 	Keypress: 5
315.0667 	DATA 	Keypress: 5
315.5639 	EXP 	New trial (rep=0, index=44): OrderedDict([('Condition', 'LgPun'), ('FixationDur', 1500)])
315.5793 	EXP 	feedbackMsg: autoDraw = False
315.5793 	EXP 	feedbackMsg: autoDraw = False
315.5793 	EXP 	cueImage: image = 'images/LoseBig.bmp'
315.5793 	EXP 	cueImage: autoDraw = True
315.8492 	DATA 	Keypress: 5
316.6320 	DATA 	Keypress: 5
317.4170 	DATA 	Keypress: 5
317.6031 	EXP 	cueImage: autoDraw = False
317.6031 	EXP 	cueImage: autoDraw = False
317.6031 	EXP 	fixation: autoDraw = True
318.1828 	DATA 	Keypress: 5
318.9674 	DATA 	Keypress: 5
319.1458 	EXP 	fixation: autoDraw = False
319.1458 	EXP 	fixation: autoDraw = False
319.1458 	EXP 	Target: image = 'images/LoseProbe.bmp'
319.1458 	EXP 	Target: autoDraw = True
319.4174 	DATA 	Keypress: 1
319.5963 	EXP 	Target: autoDraw = False
319.5963 	EXP 	Target: autoDraw = False
319.5963 	EXP 	feedbackMsg: text = 'Correct Response!\n\nYou did not lose $5.00!'
319.5963 	EXP 	feedbackMsg: autoDraw = True
319.7510 	DATA 	Keypress: 5
320.5164 	DATA 	Keypress: 5
321.1820 	EXP 	New trial (rep=0, index=45): OrderedDict([('Condition', 'SmallReward'), ('FixationDur', 4000)])
321.2129 	EXP 	feedbackMsg: autoDraw = False
321.2129 	EXP 	feedbackMsg: autoDraw = False
321.2129 	EXP 	cueImage: image = 'images/WinSmall.bmp'
321.2129 	EXP 	cueImage: autoDraw = True
321.3004 	DATA 	Keypress: 5
322.0830 	DATA 	Keypress: 5
322.8494 	DATA 	Keypress: 5
323.2370 	EXP 	cueImage: autoDraw = False
323.2370 	EXP 	fixation: autoDraw = True
323.6332 	DATA 	Keypress: 5
324.4170 	DATA 	Keypress: 5
325.1834 	DATA 	Keypress: 5
325.9683 	DATA 	Keypress: 5
326.7512 	DATA 	Keypress: 5
327.2893 	EXP 	fixation: autoDraw = False
327.2893 	EXP 	fixation: autoDraw = False
327.2893 	EXP 	Target: image = 'images/WinProbe.bmp'
327.2893 	EXP 	Target: autoDraw = True
327.5169 	DATA 	Keypress: 5
327.5325 	DATA 	Keypress: 1
327.7468 	EXP 	Target: autoDraw = False
327.7468 	EXP 	Target: autoDraw = False
327.7468 	EXP 	feedbackMsg: text = 'Correct Response!\n\nYou won $0.20!'
327.7468 	EXP 	feedbackMsg: autoDraw = True
328.2999 	DATA 	Keypress: 5
329.0844 	DATA 	Keypress: 5
329.3322 	EXP 	New trial (rep=0, index=46): OrderedDict([('Condition', 'SmallPun'), ('FixationDur', 3500)])
329.3467 	EXP 	feedbackMsg: autoDraw = False
329.3467 	EXP 	feedbackMsg: autoDraw = False
329.3467 	EXP 	cueImage: image = 'images/LoseSmall.bmp'
329.3467 	EXP 	cueImage: autoDraw = True
329.8492 	DATA 	Keypress: 5
330.6335 	DATA 	Keypress: 5
331.3715 	EXP 	cueImage: autoDraw = False
331.3715 	EXP 	cueImage: autoDraw = False
331.3715 	EXP 	fixation: autoDraw = True
331.4190 	DATA 	Keypress: 5
332.1835 	DATA 	Keypress: 5
332.9658 	DATA 	Keypress: 5
333.7512 	DATA 	Keypress: 5
334.5178 	DATA 	Keypress: 5
334.9140 	EXP 	fixation: autoDraw = False
334.9140 	EXP 	fixation: autoDraw = False
334.9140 	EXP 	Target: image = 'images/LoseProbe.bmp'
334.9140 	EXP 	Target: autoDraw = True
335.2849 	DATA 	Keypress: 1
335.3428 	DATA 	Keypress: 5
335.3473 	EXP 	Target: autoDraw = False
335.3473 	EXP 	Target: autoDraw = False
335.3473 	EXP 	feedbackMsg: text = 'Correct Response!\n\nYou did not lose $0.20!'
335.3473 	EXP 	feedbackMsg: autoDraw = True
336.0854 	DATA 	Keypress: 5
336.8516 	DATA 	Keypress: 5
336.9498 	EXP 	New trial (rep=0, index=47): OrderedDict([('Condition', 'SmallPun'), ('FixationDur', 3000)])
336.9640 	EXP 	feedbackMsg: autoDraw = False
336.9640 	EXP 	feedbackMsg: autoDraw = False
336.9640 	EXP 	cueImage: image = 'images/LoseSmall.bmp'
336.9640 	EXP 	cueImage: autoDraw = True
337.6334 	DATA 	Keypress: 5
338.4181 	DATA 	Keypress: 5
338.9893 	EXP 	cueImage: autoDraw = False
338.9893 	EXP 	cueImage: autoDraw = False
338.9893 	EXP 	fixation: autoDraw = True
339.2012 	DATA 	Keypress: 5
339.9655 	DATA 	Keypress: 5
340.7512 	DATA 	Keypress: 5
341.5359 	DATA 	Keypress: 5
342.0308 	EXP 	fixation: autoDraw = False
342.0308 	EXP 	fixation: autoDraw = False
342.0308 	EXP 	Target: image = 'images/LoseProbe.bmp'
342.0308 	EXP 	Target: autoDraw = True
342.3004 	DATA 	Keypress: 5
342.4481 	EXP 	Target: autoDraw = False
342.4481 	EXP 	Target: autoDraw = False
342.4481 	EXP 	feedbackMsg: text = 'You pressed too slow!\n\nYou lost $0.20!'
342.4481 	EXP 	feedbackMsg: autoDraw = True
343.0166 	DATA 	Keypress: 1
343.0838 	DATA 	Keypress: 5
343.8681 	DATA 	Keypress: 5
344.0500 	EXP 	New trial (rep=0, index=48): OrderedDict([('Condition', 'LgReward'), ('FixationDur', 1500)])
344.0817 	EXP 	feedbackMsg: autoDraw = False
344.0817 	EXP 	feedbackMsg: autoDraw = False
344.0817 	EXP 	cueImage: image = 'images/WinBig.bmp'
344.0817 	EXP 	cueImage: autoDraw = True
344.6342 	DATA 	Keypress: 5
345.4173 	DATA 	Keypress: 5
346.1066 	EXP 	cueImage: autoDraw = False
346.1066 	EXP 	fixation: autoDraw = True
346.2020 	DATA 	Keypress: 5
346.9679 	DATA 	Keypress: 5
347.6576 	EXP 	fixation: autoDraw = False
347.6576 	EXP 	fixation: autoDraw = False
347.6576 	EXP 	Target: image = 'images/WinProbe.bmp'
347.6576 	EXP 	Target: autoDraw = True
347.7515 	DATA 	Keypress: 5
347.9523 	DATA 	Keypress: 1
348.0815 	EXP 	Target: autoDraw = False
348.0815 	EXP 	Target: autoDraw = False
348.0815 	EXP 	feedbackMsg: text = 'Correct Response!\n\nYou won $5.00!'
348.0815 	EXP 	feedbackMsg: autoDraw = True
348.5354 	DATA 	Keypress: 5
349.3018 	DATA 	Keypress: 5
349.6834 	EXP 	New trial (rep=0, index=49): OrderedDict([('Condition', 'SmallReward'), ('FixationDur', 2000)])
349.7084 	EXP 	feedbackMsg: autoDraw = False
349.7084 	EXP 	feedbackMsg: autoDraw = False
349.7084 	EXP 	cueImage: image = 'images/WinSmall.bmp'
349.7084 	EXP 	cueImage: autoDraw = True
350.0834 	DATA 	Keypress: 5
350.8692 	DATA 	Keypress: 5
351.6343 	DATA 	Keypress: 5
351.7418 	EXP 	cueImage: autoDraw = False
351.7418 	EXP 	fixation: autoDraw = True
352.4177 	DATA 	Keypress: 5
353.2023 	DATA 	Keypress: 5
353.7986 	EXP 	fixation: autoDraw = False
353.7986 	EXP 	fixation: autoDraw = False
353.7986 	EXP 	Target: image = 'images/WinProbe.bmp'
353.7986 	EXP 	Target: autoDraw = True
353.9688 	DATA 	Keypress: 5
354.2082 	EXP 	Target: autoDraw = False
354.2082 	EXP 	Target: autoDraw = False
354.2082 	EXP 	feedbackMsg: text = 'You pressed too slow!\n\nYou did not win $0.20!'
354.2082 	EXP 	feedbackMsg: autoDraw = True
354.5848 	DATA 	Keypress: 1
354.7519 	DATA 	Keypress: 5
355.5369 	DATA 	Keypress: 5
355.8485 	EXP 	feedbackMsg: autoDraw = False
355.8485 	EXP 	feedbackMsg: autoDraw = False
355.8485 	EXP 	polygon: autoDraw = True
356.3185 	DATA 	Keypress: 5
357.0846 	DATA 	Keypress: 5
357.8702 	DATA 	Keypress: 5
358.6526 	DATA 	Keypress: 5
360.3007 	DATA 	Keypress: escape
360.6497 	EXP 	window1: mouseVisible = True
