11.3094 	EXP 	Created window1 = Window(allowGUI=False, allowStencil=False, args=UNKNOWN, autoLog=True, bitsMode=UNKNOWN, blendMode='avg', color=array([0., 0., 0.]), colorSpace='rgb', fullscr=<method-wrapper '__getattribute__' of attributeSetter object at 0x134399ba8>, gamma=None, kwargs=UNKNOWN, lms=UNKNOWN, monitor=<psychopy.monitors.calibTools.Monitor object at 0x134756e10>, multiSample=False, name='window1', numSamples=2, pos=[0.0, 0.0], screen=0, size=array([1920, 1080]), stereo=False, units='height', useFBO=True, useRetina=False, viewOri=0.0, viewPos=None, viewScale=None, waitBlanking=True, winType='pyglet')
11.3094 	EXP 	window1: recordFrameIntervals = False
11.4768 	EXP 	window1: recordFrameIntervals = True
11.6606 	EXP 	window1: recordFrameIntervals = False
11.6606 	EXP 	window1: recordFrameIntervals = False
11.8261 	EXP 	window1: recordFrameIntervals = True
12.0100 	EXP 	window1: recordFrameIntervals = False
12.4634 	EXP 	Created preinstruct_text = TextStim(__class__=<class 'psychopy.visual.text.TextStim'>, alignHoriz='center', alignVert='center', antialias=True, autoLog=True, bold=False, color='white', colorSpace='named', contrast=1.0, depth=0.0, flipHoriz=False, flipVert=False, font='Arial', fontFiles=[], height=0.05, italic=False, languageStyle='LTR', name='preinstruct_text', opacity=1.0, ori=0, pos=array([0., 0.]), rgb=array([255., 255., 255.]), text='Money Task - Scanner 2', units='height', win=Window(...), wrapWidth=1)
12.5087 	EXP 	Created instructFig = ImageStim(__class__=<class 'psychopy.visual.image.ImageStim'>, autoLog=True, color=array([1., 1., 1.]), colorSpace='rgb', contrast=1.0, depth=0.0, flipHoriz=False, flipVert=False, image='images/MID_instructions.bmp', interpolate=True, mask=None, maskParams=None, name='instructFig', opacity=1.0, ori=0.0, pos=array([0., 0.]), size=array([1.3, 1. ]), texRes=128, units='height', win=Window(...))
12.5103 	EXP 	Created PrepFixation = ShapeStim(__class__=<class 'psychopy.visual.shape.ShapeStim'>, autoDraw=False, autoLog=True, closeShape=True, contrast=1.0, depth=0.0, fillColor=array([1., 1., 1.]), fillColorSpace='rgb', interpolate=True, lineColor=array([1., 1., 1.]), lineColorSpace='rgb', lineWidth=1, name='PrepFixation', opacity=1.0, ori=array(0.), pos=array([0., 0.]), size=array([0.05, 0.05]), units='height', vertices=ndarray(...), win=Window(...), windingRule=None)
12.5119 	EXP 	Created cueImage = ImageStim(__class__=<class 'psychopy.visual.image.ImageStim'>, autoLog=True, color=array([1., 1., 1.]), colorSpace='rgb', contrast=1.0, depth=0.0, flipHoriz=False, flipVert=False, image='sin', interpolate=True, mask=None, maskParams=None, name='cueImage', opacity=1.0, ori=0.0, pos=array([0., 0.]), size=array([1.3, 1. ]), texRes=128, units='height', win=Window(...))
12.5133 	EXP 	Created fixation = ShapeStim(__class__=<class 'psychopy.visual.shape.ShapeStim'>, autoDraw=False, autoLog=True, closeShape=True, contrast=1.0, depth=-1.0, fillColor=array([1., 1., 1.]), fillColorSpace='rgb', interpolate=True, lineColor=array([1., 1., 1.]), lineColorSpace='rgb', lineWidth=1, name='fixation', opacity=1.0, ori=array(0.), pos=array([0., 0.]), size=array([0.05, 0.05]), units='height', vertices=ndarray(...), win=Window(...), windingRule=None)
12.5149 	EXP 	Created Target = ImageStim(__class__=<class 'psychopy.visual.image.ImageStim'>, autoLog=True, color=array([1., 1., 1.]), colorSpace='rgb', contrast=1.0, depth=-1.0, flipHoriz=False, flipVert=False, image='sin', interpolate=True, mask=None, maskParams=None, name='Target', opacity=1.0, ori=0.0, pos=array([0., 0.]), size=array([1.3, 1. ]), texRes=128, units='height', win=Window(...))
12.5244 	EXP 	Created feedbackMsg = TextStim(__class__=<class 'psychopy.visual.text.TextStim'>, alignHoriz='center', alignVert='center', antialias=True, autoLog=True, bold=False, color='white', colorSpace='named', contrast=1.0, depth=-2.0, flipHoriz=False, flipVert=False, font='Arial', fontFiles=[], height=0.05, italic=False, languageStyle='LTR', name='feedbackMsg', opacity=1.0, ori=0, pos=array([0., 0.]), rgb=array([255., 255., 255.]), text='default text', units='height', win=Window(...), wrapWidth=2)
12.5259 	EXP 	Created polygon = ShapeStim(__class__=<class 'psychopy.visual.shape.ShapeStim'>, autoDraw=False, autoLog=True, closeShape=True, contrast=1.0, depth=0.0, fillColor=array([1., 1., 1.]), fillColorSpace='rgb', interpolate=True, lineColor=array([1., 1., 1.]), lineColorSpace='rgb', lineWidth=1, name='polygon', opacity=1.0, ori=array(0.), pos=array([0., 0.]), size=array([0.05, 0.05]), units='height', vertices=ndarray(...), win=Window(...), windingRule=None)
12.5326 	EXP 	Created text = TextStim(__class__=<class 'psychopy.visual.text.TextStim'>, alignHoriz='center', alignVert='center', antialias=True, autoLog=True, bold=False, color='white', colorSpace='named', contrast=1.0, depth=-1.0, flipHoriz=False, flipVert=False, font='Arial', fontFiles=[], height=0.07, italic=False, languageStyle='LTR', name='text', opacity=1.0, ori=0, pos=array([0., 0.]), rgb=array([255., 255., 255.]), text='default text', units='height', win=Window(...), wrapWidth=1)
12.5340 	EXP 	Created polygon2 = ShapeStim(__class__=<class 'psychopy.visual.shape.ShapeStim'>, autoDraw=False, autoLog=True, closeShape=True, contrast=1.0, depth=0.0, fillColor=array([1., 1., 1.]), fillColorSpace='rgb', interpolate=True, lineColor=array([1., 1., 1.]), lineColorSpace='rgb', lineWidth=1, name='polygon2', opacity=1.0, ori=array(0.), pos=array([0., 0.]), size=array([0.05, 0.05]), units='height', vertices=ndarray(...), win=Window(...), windingRule=None)
12.5426 	EXP 	preinstruct_text: autoDraw = True
14.5924 	EXP 	preinstruct_text: autoDraw = False
14.5924 	EXP 	instructFig: autoDraw = True
24.1933 	DATA 	Keypress: 5
24.2106 	EXP 	instructFig: autoDraw = False
24.2106 	EXP 	PrepFixation: autoDraw = True
24.9646 	DATA 	Keypress: 5
25.7298 	DATA 	Keypress: 5
26.1885 	EXP 	Imported TimeVersion11.csv as conditions, 50 conditions, 2 params
26.1889 	EXP 	Created sequence: sequential, trialTypes=50, nReps=1, seed=None
26.1893 	EXP 	New trial (rep=0, index=0): OrderedDict([('Condition', 'SmallPun'), ('FixationDur', 1500)])
26.2102 	EXP 	PrepFixation: autoDraw = False
26.2102 	EXP 	PrepFixation: autoDraw = False
26.2102 	EXP 	cueImage: image = 'images/LoseSmall.bmp'
26.2102 	EXP 	cueImage: autoDraw = True
26.5141 	DATA 	Keypress: 5
27.2980 	DATA 	Keypress: 5
28.0627 	DATA 	Keypress: 5
28.2444 	EXP 	cueImage: autoDraw = False
28.2444 	EXP 	fixation: autoDraw = True
28.8480 	DATA 	Keypress: 5
29.6319 	DATA 	Keypress: 5
29.7770 	EXP 	fixation: autoDraw = False
29.7770 	EXP 	fixation: autoDraw = False
29.7770 	EXP 	Target: image = 'images/LoseProbe.bmp'
29.7770 	EXP 	Target: autoDraw = True
30.0816 	DATA 	Keypress: 1
30.2943 	EXP 	Target: autoDraw = False
30.2943 	EXP 	Target: autoDraw = False
30.2943 	EXP 	feedbackMsg: text = 'Correct Response!\n\nYou did not lose $0.20!'
30.2943 	EXP 	feedbackMsg: autoDraw = True
30.3964 	DATA 	Keypress: 5
31.1817 	DATA 	Keypress: 5
31.8128 	EXP 	New trial (rep=0, index=1): OrderedDict([('Condition', 'LgPun'), ('FixationDur', 1500)])
31.8276 	EXP 	feedbackMsg: autoDraw = False
31.8276 	EXP 	feedbackMsg: autoDraw = False
31.8276 	EXP 	cueImage: image = 'images/LoseBig.bmp'
31.8276 	EXP 	cueImage: autoDraw = True
31.9640 	DATA 	Keypress: 5
32.7301 	DATA 	Keypress: 5
33.5144 	DATA 	Keypress: 5
33.8608 	EXP 	cueImage: autoDraw = False
33.8608 	EXP 	cueImage: autoDraw = False
33.8608 	EXP 	fixation: autoDraw = True
34.2988 	DATA 	Keypress: 5
35.0644 	DATA 	Keypress: 5
35.3932 	EXP 	fixation: autoDraw = False
35.3932 	EXP 	fixation: autoDraw = False
35.3932 	EXP 	Target: image = 'images/LoseProbe.bmp'
35.3932 	EXP 	Target: autoDraw = True
35.8920 	DATA 	Keypress: 5
35.8975 	EXP 	Target: autoDraw = False
35.8975 	EXP 	Target: autoDraw = False
35.8975 	EXP 	feedbackMsg: text = 'You pressed too slow!\n\nYou lost $5.00!'
35.8975 	EXP 	feedbackMsg: autoDraw = True
36.0133 	DATA 	Keypress: 1
36.6325 	DATA 	Keypress: 5
37.3969 	DATA 	Keypress: 5
37.4135 	EXP 	New trial (rep=0, index=2): OrderedDict([('Condition', 'Triangle'), ('FixationDur', 3500)])
37.4271 	EXP 	feedbackMsg: autoDraw = False
37.4271 	EXP 	feedbackMsg: autoDraw = False
37.4271 	EXP 	cueImage: image = 'images/Neutral.bmp'
37.4271 	EXP 	cueImage: autoDraw = True
38.1807 	DATA 	Keypress: 5
38.9656 	DATA 	Keypress: 5
39.4617 	EXP 	cueImage: autoDraw = False
39.4617 	EXP 	cueImage: autoDraw = False
39.4617 	EXP 	fixation: autoDraw = True
39.7313 	DATA 	Keypress: 5
40.5146 	DATA 	Keypress: 5
41.2996 	DATA 	Keypress: 5
42.0650 	DATA 	Keypress: 5
42.8483 	DATA 	Keypress: 5
42.9947 	EXP 	fixation: autoDraw = False
42.9947 	EXP 	fixation: autoDraw = False
42.9947 	EXP 	Target: image = 'images/NeutralProbe.bmp'
42.9947 	EXP 	Target: autoDraw = True
43.3316 	DATA 	Keypress: 1
43.4987 	EXP 	Target: autoDraw = False
43.4987 	EXP 	Target: autoDraw = False
43.4987 	EXP 	feedbackMsg: text = 'Correct Response!\n\nYou did not win or lose anything!'
43.4987 	EXP 	feedbackMsg: autoDraw = True
43.6324 	DATA 	Keypress: 5
44.3990 	DATA 	Keypress: 5
45.0136 	EXP 	New trial (rep=0, index=3): OrderedDict([('Condition', 'Triangle'), ('FixationDur', 1500)])
45.0283 	EXP 	feedbackMsg: autoDraw = False
45.0283 	EXP 	feedbackMsg: autoDraw = False
45.0283 	EXP 	cueImage: image = 'images/Neutral.bmp'
45.0283 	EXP 	cueImage: autoDraw = True
45.1807 	DATA 	Keypress: 5
45.9660 	DATA 	Keypress: 5
46.7495 	DATA 	Keypress: 5
47.0489 	EXP 	cueImage: autoDraw = False
47.0489 	EXP 	cueImage: autoDraw = False
47.0489 	EXP 	fixation: autoDraw = True
47.5144 	DATA 	Keypress: 5
48.2998 	DATA 	Keypress: 5
48.5956 	EXP 	fixation: autoDraw = False
48.5956 	EXP 	fixation: autoDraw = False
48.5956 	EXP 	Target: image = 'images/NeutralProbe.bmp'
48.5956 	EXP 	Target: autoDraw = True
49.0964 	DATA 	Keypress: 5
49.1118 	EXP 	Target: autoDraw = False
49.1118 	EXP 	Target: autoDraw = False
49.1118 	EXP 	feedbackMsg: text = 'You pressed too slow!\n\nYou did not win or lose anything!'
49.1118 	EXP 	feedbackMsg: autoDraw = True
49.1501 	DATA 	Keypress: 1
49.8484 	DATA 	Keypress: 5
50.6144 	EXP 	New trial (rep=0, index=4): OrderedDict([('Condition', 'LgReward'), ('FixationDur', 3500)])
50.6324 	DATA 	Keypress: 5
50.6441 	EXP 	feedbackMsg: autoDraw = False
50.6441 	EXP 	feedbackMsg: autoDraw = False
50.6441 	EXP 	cueImage: image = 'images/WinBig.bmp'
50.6441 	EXP 	cueImage: autoDraw = True
51.4165 	DATA 	Keypress: 5
52.1816 	DATA 	Keypress: 5
52.6791 	EXP 	cueImage: autoDraw = False
52.6791 	EXP 	fixation: autoDraw = True
52.9668 	DATA 	Keypress: 5
53.7505 	DATA 	Keypress: 5
54.5159 	DATA 	Keypress: 5
55.3009 	DATA 	Keypress: 5
56.0840 	DATA 	Keypress: 5
56.2287 	EXP 	fixation: autoDraw = False
56.2287 	EXP 	fixation: autoDraw = False
56.2287 	EXP 	Target: image = 'images/WinProbe.bmp'
56.2287 	EXP 	Target: autoDraw = True
56.5338 	DATA 	Keypress: 1
56.7293 	EXP 	Target: autoDraw = False
56.7293 	EXP 	Target: autoDraw = False
56.7293 	EXP 	feedbackMsg: text = 'Correct Response!\n\nYou won $5.00!'
56.7293 	EXP 	feedbackMsg: autoDraw = True
56.8487 	DATA 	Keypress: 5
57.6321 	DATA 	Keypress: 5
58.2481 	EXP 	New trial (rep=0, index=5): OrderedDict([('Condition', 'SmallReward'), ('FixationDur', 3000)])
58.2790 	EXP 	feedbackMsg: autoDraw = False
58.2790 	EXP 	feedbackMsg: autoDraw = False
58.2790 	EXP 	cueImage: image = 'images/WinSmall.bmp'
58.2790 	EXP 	cueImage: autoDraw = True
58.4169 	DATA 	Keypress: 5
59.1822 	DATA 	Keypress: 5
59.9656 	DATA 	Keypress: 5
60.3132 	EXP 	cueImage: autoDraw = False
60.3132 	EXP 	fixation: autoDraw = True
60.7509 	DATA 	Keypress: 5
61.5161 	DATA 	Keypress: 5
62.3003 	DATA 	Keypress: 5
63.0841 	DATA 	Keypress: 5
63.3630 	EXP 	fixation: autoDraw = False
63.3630 	EXP 	fixation: autoDraw = False
63.3630 	EXP 	Target: image = 'images/WinProbe.bmp'
63.3630 	EXP 	Target: autoDraw = True
63.7677 	DATA 	Keypress: 1
63.8461 	EXP 	Target: autoDraw = False
63.8461 	EXP 	Target: autoDraw = False
63.8461 	EXP 	feedbackMsg: text = 'Correct Response!\n\nYou won $0.20!'
63.8461 	EXP 	feedbackMsg: autoDraw = True
63.8495 	DATA 	Keypress: 5
64.6322 	DATA 	Keypress: 5
65.3817 	EXP 	New trial (rep=0, index=6): OrderedDict([('Condition', 'SmallPun'), ('FixationDur', 1500)])
65.3957 	EXP 	feedbackMsg: autoDraw = False
65.3957 	EXP 	feedbackMsg: autoDraw = False
65.3957 	EXP 	cueImage: image = 'images/LoseSmall.bmp'
65.3957 	EXP 	cueImage: autoDraw = True
65.4162 	DATA 	Keypress: 5
66.2007 	DATA 	Keypress: 5
66.9664 	DATA 	Keypress: 5
67.4173 	EXP 	cueImage: autoDraw = False
67.4173 	EXP 	cueImage: autoDraw = False
67.4173 	EXP 	fixation: autoDraw = True
67.7503 	DATA 	Keypress: 5
68.5345 	DATA 	Keypress: 5
68.9630 	EXP 	fixation: autoDraw = False
68.9630 	EXP 	fixation: autoDraw = False
68.9630 	EXP 	Target: image = 'images/LoseProbe.bmp'
68.9630 	EXP 	Target: autoDraw = True
69.3001 	DATA 	Keypress: 1
69.3022 	DATA 	Keypress: 5
69.4472 	EXP 	Target: autoDraw = False
69.4472 	EXP 	Target: autoDraw = False
69.4472 	EXP 	feedbackMsg: text = 'Correct Response!\n\nYou did not lose $0.20!'
69.4472 	EXP 	feedbackMsg: autoDraw = True
70.0841 	DATA 	Keypress: 5
70.8673 	DATA 	Keypress: 5
70.9823 	EXP 	New trial (rep=0, index=7): OrderedDict([('Condition', 'SmallReward'), ('FixationDur', 1500)])
71.0132 	EXP 	feedbackMsg: autoDraw = False
71.0132 	EXP 	feedbackMsg: autoDraw = False
71.0132 	EXP 	cueImage: image = 'images/WinSmall.bmp'
71.0132 	EXP 	cueImage: autoDraw = True
71.6317 	DATA 	Keypress: 5
72.4174 	DATA 	Keypress: 5
73.0471 	EXP 	cueImage: autoDraw = False
73.0471 	EXP 	fixation: autoDraw = True
73.2010 	DATA 	Keypress: 5
73.9661 	DATA 	Keypress: 5
74.5971 	EXP 	fixation: autoDraw = False
74.5971 	EXP 	fixation: autoDraw = False
74.5971 	EXP 	Target: image = 'images/WinProbe.bmp'
74.5971 	EXP 	Target: autoDraw = True
74.7503 	DATA 	Keypress: 5
75.0782 	DATA 	Keypress: 1
75.0859 	EXP 	Target: autoDraw = False
75.0859 	EXP 	Target: autoDraw = False
75.0859 	EXP 	feedbackMsg: text = 'You pressed too slow!\n\nYou did not win $0.20!'
75.0859 	EXP 	feedbackMsg: autoDraw = True
75.5354 	DATA 	Keypress: 5
76.3006 	DATA 	Keypress: 5
76.6157 	EXP 	New trial (rep=0, index=8): OrderedDict([('Condition', 'LgReward'), ('FixationDur', 3000)])
76.6463 	EXP 	feedbackMsg: autoDraw = False
76.6463 	EXP 	feedbackMsg: autoDraw = False
76.6463 	EXP 	cueImage: image = 'images/WinBig.bmp'
76.6463 	EXP 	cueImage: autoDraw = True
77.0837 	DATA 	Keypress: 5
77.8666 	DATA 	Keypress: 5
78.6674 	DATA 	Keypress: 5
78.6803 	EXP 	cueImage: autoDraw = False
78.6803 	EXP 	fixation: autoDraw = True
79.4175 	DATA 	Keypress: 5
80.2030 	DATA 	Keypress: 5
80.9674 	DATA 	Keypress: 5
81.7203 	EXP 	fixation: autoDraw = False
81.7203 	EXP 	fixation: autoDraw = False
81.7203 	EXP 	Target: image = 'images/WinProbe.bmp'
81.7203 	EXP 	Target: autoDraw = True
81.7499 	DATA 	Keypress: 5
81.9844 	DATA 	Keypress: 1
82.1800 	EXP 	Target: autoDraw = False
82.1800 	EXP 	Target: autoDraw = False
82.1800 	EXP 	feedbackMsg: text = 'Correct Response!\n\nYou won $5.00!'
82.1800 	EXP 	feedbackMsg: autoDraw = True
82.5338 	DATA 	Keypress: 5
83.3010 	DATA 	Keypress: 5
83.7328 	EXP 	New trial (rep=0, index=9): OrderedDict([('Condition', 'LgPun'), ('FixationDur', 1500)])
83.7474 	EXP 	feedbackMsg: autoDraw = False
83.7474 	EXP 	feedbackMsg: autoDraw = False
83.7474 	EXP 	cueImage: image = 'images/LoseBig.bmp'
83.7474 	EXP 	cueImage: autoDraw = True
84.0837 	DATA 	Keypress: 5
84.8684 	DATA 	Keypress: 5
85.6518 	DATA 	Keypress: 5
85.7704 	EXP 	cueImage: autoDraw = False
85.7704 	EXP 	cueImage: autoDraw = False
85.7704 	EXP 	fixation: autoDraw = True
86.4170 	DATA 	Keypress: 5
87.2027 	DATA 	Keypress: 5
87.3137 	EXP 	fixation: autoDraw = False
87.3137 	EXP 	fixation: autoDraw = False
87.3137 	EXP 	Target: image = 'images/LoseProbe.bmp'
87.3137 	EXP 	Target: autoDraw = True
87.6495 	DATA 	Keypress: 1
87.7879 	EXP 	Target: autoDraw = False
87.7879 	EXP 	Target: autoDraw = False
87.7879 	EXP 	feedbackMsg: text = 'Correct Response!\n\nYou did not lose $5.00!'
87.7879 	EXP 	feedbackMsg: autoDraw = True
87.9843 	DATA 	Keypress: 5
88.7509 	DATA 	Keypress: 5
89.3497 	EXP 	New trial (rep=0, index=10): OrderedDict([('Condition', 'SmallReward'), ('FixationDur', 2000)])
89.3814 	EXP 	feedbackMsg: autoDraw = False
89.3814 	EXP 	feedbackMsg: autoDraw = False
89.3814 	EXP 	cueImage: image = 'images/WinSmall.bmp'
89.3814 	EXP 	cueImage: autoDraw = True
89.5353 	DATA 	Keypress: 5
90.3178 	DATA 	Keypress: 5
91.0831 	DATA 	Keypress: 5
91.4047 	EXP 	cueImage: autoDraw = False
91.4047 	EXP 	fixation: autoDraw = True
91.8687 	DATA 	Keypress: 5
92.6527 	DATA 	Keypress: 5
93.4503 	DATA 	Keypress: 5
93.4648 	EXP 	fixation: autoDraw = False
93.4648 	EXP 	fixation: autoDraw = False
93.4648 	EXP 	Target: image = 'images/WinProbe.bmp'
93.4648 	EXP 	Target: autoDraw = True
93.7832 	DATA 	Keypress: 1
93.9317 	EXP 	Target: autoDraw = False
93.9317 	EXP 	Target: autoDraw = False
93.9317 	EXP 	feedbackMsg: text = 'Correct Response!\n\nYou won $0.20!'
93.9317 	EXP 	feedbackMsg: autoDraw = True
94.2019 	DATA 	Keypress: 5
94.9852 	DATA 	Keypress: 5
95.4836 	EXP 	New trial (rep=0, index=11): OrderedDict([('Condition', 'LgReward'), ('FixationDur', 2000)])
95.5066 	EXP 	feedbackMsg: autoDraw = False
95.5066 	EXP 	feedbackMsg: autoDraw = False
95.5066 	EXP 	cueImage: image = 'images/WinBig.bmp'
95.5066 	EXP 	cueImage: autoDraw = True
95.7510 	DATA 	Keypress: 5
96.5337 	DATA 	Keypress: 5
97.3192 	DATA 	Keypress: 5
97.5384 	EXP 	cueImage: autoDraw = False
97.5384 	EXP 	fixation: autoDraw = True
98.0844 	DATA 	Keypress: 5
98.8694 	DATA 	Keypress: 5
99.5891 	EXP 	fixation: autoDraw = False
99.5891 	EXP 	fixation: autoDraw = False
99.5891 	EXP 	Target: image = 'images/WinProbe.bmp'
99.5891 	EXP 	Target: autoDraw = True
99.6526 	DATA 	Keypress: 5
99.9182 	DATA 	Keypress: 1
100.0324 	EXP 	Target: autoDraw = False
100.0324 	EXP 	Target: autoDraw = False
100.0324 	EXP 	feedbackMsg: text = 'Correct Response!\n\nYou won $5.00!'
100.0324 	EXP 	feedbackMsg: autoDraw = True
100.4189 	DATA 	Keypress: 5
101.2011 	DATA 	Keypress: 5
101.6176 	EXP 	New trial (rep=0, index=12): OrderedDict([('Condition', 'Triangle'), ('FixationDur', 2500)])
101.6310 	EXP 	feedbackMsg: autoDraw = False
101.6310 	EXP 	feedbackMsg: autoDraw = False
101.6310 	EXP 	cueImage: image = 'images/Neutral.bmp'
101.6310 	EXP 	cueImage: autoDraw = True
101.9848 	DATA 	Keypress: 5
102.7517 	DATA 	Keypress: 5
103.5348 	DATA 	Keypress: 5
103.6560 	EXP 	cueImage: autoDraw = False
103.6560 	EXP 	cueImage: autoDraw = False
103.6560 	EXP 	fixation: autoDraw = True
104.3205 	DATA 	Keypress: 5
105.0858 	DATA 	Keypress: 5
105.8681 	DATA 	Keypress: 5
106.1987 	EXP 	fixation: autoDraw = False
106.1987 	EXP 	fixation: autoDraw = False
106.1987 	EXP 	Target: image = 'images/NeutralProbe.bmp'
106.1987 	EXP 	Target: autoDraw = True
106.4700 	DATA 	Keypress: 1
106.6398 	EXP 	Target: autoDraw = False
106.6398 	EXP 	Target: autoDraw = False
106.6398 	EXP 	feedbackMsg: text = 'Correct Response!\n\nYou did not win or lose anything!'
106.6398 	EXP 	feedbackMsg: autoDraw = True
106.6434 	DATA 	Keypress: 5
107.4365 	DATA 	Keypress: 5
108.2020 	DATA 	Keypress: 5
108.2329 	EXP 	New trial (rep=0, index=13): OrderedDict([('Condition', 'LgReward'), ('FixationDur', 1500)])
108.2563 	EXP 	feedbackMsg: autoDraw = False
108.2563 	EXP 	feedbackMsg: autoDraw = False
108.2563 	EXP 	cueImage: image = 'images/WinBig.bmp'
108.2563 	EXP 	cueImage: autoDraw = True
108.9859 	DATA 	Keypress: 5
109.7699 	DATA 	Keypress: 5
110.2902 	EXP 	cueImage: autoDraw = False
110.2902 	EXP 	fixation: autoDraw = True
110.5348 	DATA 	Keypress: 5
111.3206 	DATA 	Keypress: 5
111.8408 	EXP 	fixation: autoDraw = False
111.8408 	EXP 	fixation: autoDraw = False
111.8408 	EXP 	Target: image = 'images/WinProbe.bmp'
111.8408 	EXP 	Target: autoDraw = True
112.1036 	DATA 	Keypress: 5
112.2823 	EXP 	Target: autoDraw = False
112.2823 	EXP 	Target: autoDraw = False
112.2823 	EXP 	feedbackMsg: text = 'You pressed too slow!\n\nYou did not win $5.00!'
112.2823 	EXP 	feedbackMsg: autoDraw = True
112.3354 	DATA 	Keypress: 1
112.8686 	DATA 	Keypress: 5
113.6532 	DATA 	Keypress: 5
113.8683 	EXP 	New trial (rep=0, index=14): OrderedDict([('Condition', 'LgPun'), ('FixationDur', 2500)])
113.8830 	EXP 	feedbackMsg: autoDraw = False
113.8830 	EXP 	feedbackMsg: autoDraw = False
113.8830 	EXP 	cueImage: image = 'images/LoseBig.bmp'
113.8830 	EXP 	cueImage: autoDraw = True
114.4369 	DATA 	Keypress: 5
115.2016 	DATA 	Keypress: 5
115.9074 	EXP 	cueImage: autoDraw = False
115.9074 	EXP 	cueImage: autoDraw = False
115.9074 	EXP 	fixation: autoDraw = True
115.9874 	DATA 	Keypress: 5
116.7709 	DATA 	Keypress: 5
117.5362 	DATA 	Keypress: 5
118.3187 	DATA 	Keypress: 5
118.4503 	EXP 	fixation: autoDraw = False
118.4503 	EXP 	fixation: autoDraw = False
118.4503 	EXP 	Target: image = 'images/LoseProbe.bmp'
118.4503 	EXP 	Target: autoDraw = True
118.6700 	DATA 	Keypress: 1
118.8917 	EXP 	Target: autoDraw = False
118.8917 	EXP 	Target: autoDraw = False
118.8917 	EXP 	feedbackMsg: text = 'Correct Response!\n\nYou did not lose $5.00!'
118.8917 	EXP 	feedbackMsg: autoDraw = True
119.1037 	DATA 	Keypress: 5
119.8699 	DATA 	Keypress: 5
120.4684 	EXP 	New trial (rep=0, index=15): OrderedDict([('Condition', 'SmallReward'), ('FixationDur', 1500)])
120.4932 	EXP 	feedbackMsg: autoDraw = False
120.4932 	EXP 	feedbackMsg: autoDraw = False
120.4932 	EXP 	cueImage: image = 'images/WinSmall.bmp'
120.4932 	EXP 	cueImage: autoDraw = True
120.6537 	DATA 	Keypress: 5
121.4363 	DATA 	Keypress: 5
122.2031 	DATA 	Keypress: 5
122.5255 	EXP 	cueImage: autoDraw = False
122.5255 	EXP 	fixation: autoDraw = True
122.9865 	DATA 	Keypress: 5
123.7715 	DATA 	Keypress: 5
124.0749 	EXP 	fixation: autoDraw = False
124.0749 	EXP 	fixation: autoDraw = False
124.0749 	EXP 	Target: image = 'images/WinProbe.bmp'
124.0749 	EXP 	Target: autoDraw = True
124.3864 	DATA 	Keypress: 1
124.4835 	EXP 	Target: autoDraw = False
124.4835 	EXP 	Target: autoDraw = False
124.4835 	EXP 	feedbackMsg: text = 'Correct Response!\n\nYou won $0.20!'
124.4835 	EXP 	feedbackMsg: autoDraw = True
124.5362 	DATA 	Keypress: 5
125.3203 	DATA 	Keypress: 5
126.1017 	EXP 	New trial (rep=0, index=16): OrderedDict([('Condition', 'LgReward'), ('FixationDur', 1500)])
126.1206 	DATA 	Keypress: 5
126.1271 	EXP 	feedbackMsg: autoDraw = False
126.1271 	EXP 	feedbackMsg: autoDraw = False
126.1271 	EXP 	cueImage: image = 'images/WinBig.bmp'
126.1271 	EXP 	cueImage: autoDraw = True
126.8702 	DATA 	Keypress: 5
127.6522 	DATA 	Keypress: 5
128.1599 	EXP 	cueImage: autoDraw = False
128.1599 	EXP 	fixation: autoDraw = True
128.4354 	DATA 	Keypress: 5
129.2221 	DATA 	Keypress: 5
129.7112 	EXP 	fixation: autoDraw = False
129.7112 	EXP 	fixation: autoDraw = False
129.7112 	EXP 	Target: image = 'images/WinProbe.bmp'
129.7112 	EXP 	Target: autoDraw = True
129.9865 	DATA 	Keypress: 5
129.9880 	DATA 	Keypress: 1
130.1172 	EXP 	Target: autoDraw = False
130.1172 	EXP 	Target: autoDraw = False
130.1172 	EXP 	feedbackMsg: text = 'Correct Response!\n\nYou won $5.00!'
130.1172 	EXP 	feedbackMsg: autoDraw = True
130.7712 	DATA 	Keypress: 5
131.5556 	DATA 	Keypress: 5
131.7358 	EXP 	New trial (rep=0, index=17): OrderedDict([('Condition', 'SmallPun'), ('FixationDur', 3500)])
131.7503 	EXP 	feedbackMsg: autoDraw = False
131.7503 	EXP 	feedbackMsg: autoDraw = False
131.7503 	EXP 	cueImage: image = 'images/LoseSmall.bmp'
131.7503 	EXP 	cueImage: autoDraw = True
132.3190 	DATA 	Keypress: 5
133.1048 	DATA 	Keypress: 5
133.7772 	EXP 	cueImage: autoDraw = False
133.7772 	EXP 	cueImage: autoDraw = False
133.7772 	EXP 	fixation: autoDraw = True
133.8886 	DATA 	Keypress: 5
134.6532 	DATA 	Keypress: 5
135.4391 	DATA 	Keypress: 5
136.2224 	DATA 	Keypress: 5
136.9869 	DATA 	Keypress: 5
137.3120 	EXP 	fixation: autoDraw = False
137.3120 	EXP 	fixation: autoDraw = False
137.3120 	EXP 	Target: image = 'images/LoseProbe.bmp'
137.3120 	EXP 	Target: autoDraw = True
137.5373 	DATA 	Keypress: 1
137.7181 	EXP 	Target: autoDraw = False
137.7181 	EXP 	Target: autoDraw = False
137.7181 	EXP 	feedbackMsg: text = 'Correct Response!\n\nYou did not lose $0.20!'
137.7181 	EXP 	feedbackMsg: autoDraw = True
137.7717 	DATA 	Keypress: 5
138.5533 	DATA 	Keypress: 5
139.3217 	DATA 	Keypress: 5
139.3362 	EXP 	New trial (rep=0, index=18): OrderedDict([('Condition', 'LgPun'), ('FixationDur', 1500)])
139.3513 	EXP 	feedbackMsg: autoDraw = False
139.3513 	EXP 	feedbackMsg: autoDraw = False
139.3513 	EXP 	cueImage: image = 'images/LoseBig.bmp'
139.3513 	EXP 	cueImage: autoDraw = True
140.1037 	DATA 	Keypress: 5
140.8883 	DATA 	Keypress: 5
141.3786 	EXP 	cueImage: autoDraw = False
141.3786 	EXP 	cueImage: autoDraw = False
141.3786 	EXP 	fixation: autoDraw = True
141.6542 	DATA 	Keypress: 5
142.4382 	DATA 	Keypress: 5
142.9128 	EXP 	fixation: autoDraw = False
142.9128 	EXP 	fixation: autoDraw = False
142.9128 	EXP 	Target: image = 'images/LoseProbe.bmp'
142.9128 	EXP 	Target: autoDraw = True
143.2224 	DATA 	Keypress: 5
143.2797 	DATA 	Keypress: 1
143.2844 	EXP 	Target: autoDraw = False
143.2844 	EXP 	Target: autoDraw = False
143.2844 	EXP 	feedbackMsg: text = 'You pressed too slow!\n\nYou lost $5.00!'
143.2844 	EXP 	feedbackMsg: autoDraw = True
143.9877 	DATA 	Keypress: 5
144.7712 	DATA 	Keypress: 5
144.9368 	EXP 	New trial (rep=0, index=19): OrderedDict([('Condition', 'LgPun'), ('FixationDur', 3500)])
144.9513 	EXP 	feedbackMsg: autoDraw = False
144.9513 	EXP 	feedbackMsg: autoDraw = False
144.9513 	EXP 	cueImage: image = 'images/LoseBig.bmp'
144.9513 	EXP 	cueImage: autoDraw = True
145.5554 	DATA 	Keypress: 5
146.3211 	DATA 	Keypress: 5
146.9786 	EXP 	cueImage: autoDraw = False
146.9786 	EXP 	cueImage: autoDraw = False
146.9786 	EXP 	fixation: autoDraw = True
147.1044 	DATA 	Keypress: 5
147.8896 	DATA 	Keypress: 5
148.6541 	DATA 	Keypress: 5
149.4385 	DATA 	Keypress: 5
150.2229 	DATA 	Keypress: 5
150.5122 	EXP 	fixation: autoDraw = False
150.5122 	EXP 	fixation: autoDraw = False
150.5122 	EXP 	Target: image = 'images/LoseProbe.bmp'
150.5122 	EXP 	Target: autoDraw = True
150.7564 	DATA 	Keypress: 1
150.8954 	EXP 	Target: autoDraw = False
150.8954 	EXP 	Target: autoDraw = False
150.8954 	EXP 	feedbackMsg: text = 'Correct Response!\n\nYou did not lose $5.00!'
150.8954 	EXP 	feedbackMsg: autoDraw = True
151.0048 	DATA 	Keypress: 5
151.7722 	DATA 	Keypress: 5
152.5372 	EXP 	New trial (rep=0, index=20): OrderedDict([('Condition', 'SmallReward'), ('FixationDur', 2500)])
152.5752 	DATA 	Keypress: 5
152.5849 	EXP 	feedbackMsg: autoDraw = False
152.5849 	EXP 	feedbackMsg: autoDraw = False
152.5849 	EXP 	cueImage: image = 'images/WinSmall.bmp'
152.5849 	EXP 	cueImage: autoDraw = True
153.3393 	DATA 	Keypress: 5
154.1041 	DATA 	Keypress: 5
154.5966 	EXP 	cueImage: autoDraw = False
154.5966 	EXP 	fixation: autoDraw = True
154.8897 	DATA 	Keypress: 5
155.6734 	DATA 	Keypress: 5
156.4382 	DATA 	Keypress: 5
157.1463 	EXP 	fixation: autoDraw = False
157.1463 	EXP 	fixation: autoDraw = False
157.1463 	EXP 	Target: image = 'images/WinProbe.bmp'
157.1463 	EXP 	Target: autoDraw = True
157.2221 	DATA 	Keypress: 5
157.4055 	DATA 	Keypress: 1
157.5184 	EXP 	Target: autoDraw = False
157.5184 	EXP 	Target: autoDraw = False
157.5184 	EXP 	feedbackMsg: text = 'Correct Response!\n\nYou won $0.20!'
157.5184 	EXP 	feedbackMsg: autoDraw = True
158.0069 	DATA 	Keypress: 5
158.7721 	DATA 	Keypress: 5
159.1702 	EXP 	New trial (rep=0, index=21): OrderedDict([('Condition', 'LgPun'), ('FixationDur', 2000)])
159.1847 	EXP 	feedbackMsg: autoDraw = False
159.1847 	EXP 	feedbackMsg: autoDraw = False
159.1847 	EXP 	cueImage: image = 'images/LoseBig.bmp'
159.1847 	EXP 	cueImage: autoDraw = True
159.5557 	DATA 	Keypress: 5
160.3394 	DATA 	Keypress: 5
161.1056 	DATA 	Keypress: 5
161.2140 	EXP 	cueImage: autoDraw = False
161.2140 	EXP 	cueImage: autoDraw = False
161.2140 	EXP 	fixation: autoDraw = True
161.8897 	DATA 	Keypress: 5
162.6743 	DATA 	Keypress: 5
163.2475 	EXP 	fixation: autoDraw = False
163.2475 	EXP 	fixation: autoDraw = False
163.2475 	EXP 	Target: image = 'images/LoseProbe.bmp'
163.2475 	EXP 	Target: autoDraw = True
163.4390 	DATA 	Keypress: 5
163.5226 	DATA 	Keypress: 1
163.6023 	EXP 	Target: autoDraw = False
163.6023 	EXP 	Target: autoDraw = False
163.6023 	EXP 	feedbackMsg: text = 'Correct Response!\n\nYou did not lose $5.00!'
163.6023 	EXP 	feedbackMsg: autoDraw = True
164.2229 	DATA 	Keypress: 5
165.0066 	DATA 	Keypress: 5
165.2879 	EXP 	New trial (rep=0, index=22): OrderedDict([('Condition', 'Triangle'), ('FixationDur', 2000)])
165.3027 	EXP 	feedbackMsg: autoDraw = False
165.3027 	EXP 	feedbackMsg: autoDraw = False
165.3027 	EXP 	cueImage: image = 'images/Neutral.bmp'
165.3027 	EXP 	cueImage: autoDraw = True
165.7726 	DATA 	Keypress: 5
166.5564 	DATA 	Keypress: 5
167.3315 	EXP 	cueImage: autoDraw = False
167.3315 	EXP 	cueImage: autoDraw = False
167.3315 	EXP 	fixation: autoDraw = True
167.3363 	DATA 	Keypress: 5
168.1064 	DATA 	Keypress: 5
168.8882 	DATA 	Keypress: 5
169.3647 	EXP 	fixation: autoDraw = False
169.3647 	EXP 	fixation: autoDraw = False
169.3647 	EXP 	Target: image = 'images/NeutralProbe.bmp'
169.3647 	EXP 	Target: autoDraw = True
169.6576 	DATA 	Keypress: 1
169.7170 	DATA 	Keypress: 5
169.7318 	EXP 	Target: autoDraw = False
169.7318 	EXP 	Target: autoDraw = False
169.7318 	EXP 	feedbackMsg: text = 'Correct Response!\n\nYou did not win or lose anything!'
169.7318 	EXP 	feedbackMsg: autoDraw = True
170.4399 	DATA 	Keypress: 5
171.2229 	DATA 	Keypress: 5
171.4054 	EXP 	New trial (rep=0, index=23): OrderedDict([('Condition', 'LgPun'), ('FixationDur', 4000)])
171.4197 	EXP 	feedbackMsg: autoDraw = False
171.4197 	EXP 	feedbackMsg: autoDraw = False
171.4197 	EXP 	cueImage: image = 'images/LoseBig.bmp'
171.4197 	EXP 	cueImage: autoDraw = True
172.0070 	DATA 	Keypress: 5
172.7898 	DATA 	Keypress: 5
173.4484 	EXP 	cueImage: autoDraw = False
173.4484 	EXP 	cueImage: autoDraw = False
173.4484 	EXP 	fixation: autoDraw = True
173.5518 	DATA 	Keypress: 5
174.3406 	DATA 	Keypress: 5
175.1244 	DATA 	Keypress: 5
175.8890 	DATA 	Keypress: 5
176.6743 	DATA 	Keypress: 5
177.4781 	DATA 	Keypress: 5
177.4871 	EXP 	fixation: autoDraw = False
177.4871 	EXP 	fixation: autoDraw = False
177.4871 	EXP 	Target: image = 'images/LoseProbe.bmp'
177.4871 	EXP 	Target: autoDraw = True
177.7568 	DATA 	Keypress: 1
177.8367 	EXP 	Target: autoDraw = False
177.8367 	EXP 	Target: autoDraw = False
177.8367 	EXP 	feedbackMsg: text = 'Correct Response!\n\nYou did not lose $5.00!'
177.8367 	EXP 	feedbackMsg: autoDraw = True
178.2226 	DATA 	Keypress: 5
179.0059 	DATA 	Keypress: 5
179.5217 	EXP 	New trial (rep=0, index=24): OrderedDict([('Condition', 'LgPun'), ('FixationDur', 2000)])
179.5365 	EXP 	feedbackMsg: autoDraw = False
179.5365 	EXP 	feedbackMsg: autoDraw = False
179.5365 	EXP 	cueImage: image = 'images/LoseBig.bmp'
179.5365 	EXP 	cueImage: autoDraw = True
179.7910 	DATA 	Keypress: 5
180.5565 	DATA 	Keypress: 5
181.3409 	DATA 	Keypress: 5
181.5664 	EXP 	cueImage: autoDraw = False
181.5664 	EXP 	cueImage: autoDraw = False
181.5664 	EXP 	fixation: autoDraw = True
182.1210 	DATA 	Keypress: 5
182.9040 	DATA 	Keypress: 5
183.6000 	EXP 	fixation: autoDraw = False
183.6000 	EXP 	fixation: autoDraw = False
183.6000 	EXP 	Target: image = 'images/LoseProbe.bmp'
183.6000 	EXP 	Target: autoDraw = True
183.6683 	DATA 	Keypress: 5
183.8869 	DATA 	Keypress: 1
183.9498 	EXP 	Target: autoDraw = False
183.9498 	EXP 	Target: autoDraw = False
183.9498 	EXP 	feedbackMsg: text = 'Correct Response!\n\nYou did not lose $5.00!'
183.9498 	EXP 	feedbackMsg: autoDraw = True
184.4588 	DATA 	Keypress: 5
185.2230 	DATA 	Keypress: 5
185.6226 	EXP 	New trial (rep=0, index=25): OrderedDict([('Condition', 'SmallPun'), ('FixationDur', 1500)])
185.6371 	EXP 	feedbackMsg: autoDraw = False
185.6371 	EXP 	feedbackMsg: autoDraw = False
185.6371 	EXP 	cueImage: image = 'images/LoseSmall.bmp'
185.6371 	EXP 	cueImage: autoDraw = True
186.0078 	DATA 	Keypress: 5
186.7908 	DATA 	Keypress: 5
187.5569 	DATA 	Keypress: 5
187.6676 	EXP 	cueImage: autoDraw = False
187.6676 	EXP 	cueImage: autoDraw = False
187.6676 	EXP 	fixation: autoDraw = True
188.3366 	DATA 	Keypress: 5
189.1214 	DATA 	Keypress: 5
189.2010 	EXP 	fixation: autoDraw = False
189.2010 	EXP 	fixation: autoDraw = False
189.2010 	EXP 	Target: image = 'images/LoseProbe.bmp'
189.2010 	EXP 	Target: autoDraw = True
189.5164 	DATA 	Keypress: 1
189.5207 	EXP 	Target: autoDraw = False
189.5207 	EXP 	Target: autoDraw = False
189.5207 	EXP 	feedbackMsg: text = 'You pressed too slow!\n\nYou lost $0.20!'
189.5207 	EXP 	feedbackMsg: autoDraw = True
189.8909 	DATA 	Keypress: 5
190.6736 	DATA 	Keypress: 5
191.2226 	EXP 	New trial (rep=0, index=26): OrderedDict([('Condition', 'LgPun'), ('FixationDur', 3000)])
191.2377 	EXP 	feedbackMsg: autoDraw = False
191.2377 	EXP 	feedbackMsg: autoDraw = False
191.2377 	EXP 	cueImage: image = 'images/LoseBig.bmp'
191.2377 	EXP 	cueImage: autoDraw = True
191.4588 	DATA 	Keypress: 5
192.2243 	DATA 	Keypress: 5
193.0066 	DATA 	Keypress: 5
193.2675 	EXP 	cueImage: autoDraw = False
193.2675 	EXP 	cueImage: autoDraw = False
193.2675 	EXP 	fixation: autoDraw = True
193.7880 	DATA 	Keypress: 5
194.5724 	DATA 	Keypress: 5
195.3376 	DATA 	Keypress: 5
196.1222 	DATA 	Keypress: 5
196.3014 	EXP 	fixation: autoDraw = False
196.3014 	EXP 	fixation: autoDraw = False
196.3014 	EXP 	Target: image = 'images/LoseProbe.bmp'
196.3014 	EXP 	Target: autoDraw = True
196.5206 	DATA 	Keypress: 1
196.6189 	EXP 	Target: autoDraw = False
196.6189 	EXP 	Target: autoDraw = False
196.6189 	EXP 	feedbackMsg: text = 'Correct Response!\n\nYou did not lose $5.00!'
196.6189 	EXP 	feedbackMsg: autoDraw = True
196.9050 	DATA 	Keypress: 5
197.6711 	DATA 	Keypress: 5
198.3369 	EXP 	New trial (rep=0, index=27): OrderedDict([('Condition', 'LgReward'), ('FixationDur', 2000)])
198.3689 	EXP 	feedbackMsg: autoDraw = False
198.3689 	EXP 	feedbackMsg: autoDraw = False
198.3689 	EXP 	cueImage: image = 'images/WinBig.bmp'
198.3689 	EXP 	cueImage: autoDraw = True
198.4546 	DATA 	Keypress: 5
199.2386 	DATA 	Keypress: 5
200.0070 	DATA 	Keypress: 5
200.3852 	EXP 	cueImage: autoDraw = False
200.3852 	EXP 	fixation: autoDraw = True
200.7882 	DATA 	Keypress: 5
201.5764 	DATA 	Keypress: 5
202.3416 	DATA 	Keypress: 5
202.4351 	EXP 	fixation: autoDraw = False
202.4351 	EXP 	fixation: autoDraw = False
202.4351 	EXP 	Target: image = 'images/WinProbe.bmp'
202.4351 	EXP 	Target: autoDraw = True
202.7468 	DATA 	Keypress: 1
202.7525 	EXP 	Target: autoDraw = False
202.7525 	EXP 	Target: autoDraw = False
202.7525 	EXP 	feedbackMsg: text = 'You pressed too slow!\n\nYou did not win $5.00!'
202.7525 	EXP 	feedbackMsg: autoDraw = True
203.1215 	DATA 	Keypress: 5
203.9064 	DATA 	Keypress: 5
204.4540 	EXP 	New trial (rep=0, index=28): OrderedDict([('Condition', 'Triangle'), ('FixationDur', 1500)])
204.4698 	EXP 	feedbackMsg: autoDraw = False
204.4698 	EXP 	feedbackMsg: autoDraw = False
204.4698 	EXP 	cueImage: image = 'images/Neutral.bmp'
204.4698 	EXP 	cueImage: autoDraw = True
204.6893 	DATA 	Keypress: 5
205.4577 	DATA 	Keypress: 5
206.2427 	DATA 	Keypress: 5
206.5034 	EXP 	cueImage: autoDraw = False
206.5034 	EXP 	fixation: autoDraw = True
207.0088 	DATA 	Keypress: 5
207.7922 	DATA 	Keypress: 5
208.0362 	EXP 	fixation: autoDraw = False
208.0362 	EXP 	fixation: autoDraw = False
208.0362 	EXP 	Target: image = 'images/NeutralProbe.bmp'
208.0362 	EXP 	Target: autoDraw = True
208.3297 	DATA 	Keypress: 1
208.3366 	EXP 	Target: autoDraw = False
208.3366 	EXP 	Target: autoDraw = False
208.3366 	EXP 	feedbackMsg: text = 'You pressed too slow!\n\nYou did not win or lose anything!'
208.3366 	EXP 	feedbackMsg: autoDraw = True
208.5770 	DATA 	Keypress: 5
209.3423 	DATA 	Keypress: 5
210.0566 	EXP 	New trial (rep=0, index=29): OrderedDict([('Condition', 'Triangle'), ('FixationDur', 2000)])
210.0723 	EXP 	feedbackMsg: autoDraw = False
210.0723 	EXP 	feedbackMsg: autoDraw = False
210.0723 	EXP 	cueImage: image = 'images/Neutral.bmp'
210.0723 	EXP 	cueImage: autoDraw = True
210.1244 	DATA 	Keypress: 5
210.9098 	DATA 	Keypress: 5
211.6755 	DATA 	Keypress: 5
212.1045 	EXP 	cueImage: autoDraw = False
212.1045 	EXP 	cueImage: autoDraw = False
212.1045 	EXP 	fixation: autoDraw = True
212.4595 	DATA 	Keypress: 5
213.2428 	DATA 	Keypress: 5
214.0097 	DATA 	Keypress: 5
214.1371 	EXP 	fixation: autoDraw = False
214.1371 	EXP 	fixation: autoDraw = False
214.1371 	EXP 	Target: image = 'images/NeutralProbe.bmp'
214.1371 	EXP 	Target: autoDraw = True
214.4295 	DATA 	Keypress: 1
214.4374 	EXP 	Target: autoDraw = False
214.4374 	EXP 	Target: autoDraw = False
214.4374 	EXP 	feedbackMsg: text = 'You pressed too slow!\n\nYou did not win or lose anything!'
214.4374 	EXP 	feedbackMsg: autoDraw = True
214.7914 	DATA 	Keypress: 5
215.5778 	DATA 	Keypress: 5
216.1580 	EXP 	New trial (rep=0, index=30): OrderedDict([('Condition', 'SmallReward'), ('FixationDur', 4000)])
216.1875 	EXP 	feedbackMsg: autoDraw = False
216.1875 	EXP 	feedbackMsg: autoDraw = False
216.1875 	EXP 	cueImage: image = 'images/WinSmall.bmp'
216.1875 	EXP 	cueImage: autoDraw = True
216.3600 	DATA 	Keypress: 5
217.1254 	DATA 	Keypress: 5
217.9100 	DATA 	Keypress: 5
218.2218 	EXP 	cueImage: autoDraw = False
218.2218 	EXP 	fixation: autoDraw = True
218.6939 	DATA 	Keypress: 5
219.4586 	DATA 	Keypress: 5
220.2420 	DATA 	Keypress: 5
221.0281 	DATA 	Keypress: 5
221.7920 	DATA 	Keypress: 5
222.2715 	EXP 	fixation: autoDraw = False
222.2715 	EXP 	fixation: autoDraw = False
222.2715 	EXP 	Target: image = 'images/WinProbe.bmp'
222.2715 	EXP 	Target: autoDraw = True
222.5523 	DATA 	Keypress: 1
222.5717 	EXP 	Target: autoDraw = False
222.5717 	EXP 	Target: autoDraw = False
222.5717 	EXP 	feedbackMsg: text = 'You pressed too slow!\n\nYou did not win $0.20!'
222.5717 	EXP 	feedbackMsg: autoDraw = True
222.5760 	DATA 	Keypress: 5
223.3609 	DATA 	Keypress: 5
224.1259 	DATA 	Keypress: 5
224.2920 	EXP 	New trial (rep=0, index=31): OrderedDict([('Condition', 'Triangle'), ('FixationDur', 4000)])
224.3061 	EXP 	feedbackMsg: autoDraw = False
224.3061 	EXP 	feedbackMsg: autoDraw = False
224.3061 	EXP 	cueImage: image = 'images/Neutral.bmp'
224.3061 	EXP 	cueImage: autoDraw = True
224.9095 	DATA 	Keypress: 5
225.6940 	DATA 	Keypress: 5
226.3389 	EXP 	cueImage: autoDraw = False
226.3389 	EXP 	cueImage: autoDraw = False
226.3389 	EXP 	fixation: autoDraw = True
226.4597 	DATA 	Keypress: 5
227.2432 	DATA 	Keypress: 5
228.0277 	DATA 	Keypress: 5
228.7930 	DATA 	Keypress: 5
229.5764 	DATA 	Keypress: 5
230.3687 	DATA 	Keypress: 5
230.3889 	EXP 	fixation: autoDraw = False
230.3889 	EXP 	fixation: autoDraw = False
230.3889 	EXP 	Target: image = 'images/NeutralProbe.bmp'
230.3889 	EXP 	Target: autoDraw = True
230.6723 	EXP 	Target: autoDraw = False
230.6723 	EXP 	Target: autoDraw = False
230.6723 	EXP 	feedbackMsg: text = 'You pressed too slow!\n\nYou did not win or lose anything!'
230.6723 	EXP 	feedbackMsg: autoDraw = True
230.6946 	DATA 	Keypress: 1
231.1266 	DATA 	Keypress: 5
231.9108 	DATA 	Keypress: 5
232.4080 	EXP 	New trial (rep=0, index=32): OrderedDict([('Condition', 'SmallReward'), ('FixationDur', 3500)])
232.4396 	EXP 	feedbackMsg: autoDraw = False
232.4396 	EXP 	feedbackMsg: autoDraw = False
232.4396 	EXP 	cueImage: image = 'images/WinSmall.bmp'
232.4396 	EXP 	cueImage: autoDraw = True
232.6947 	DATA 	Keypress: 5
233.4605 	DATA 	Keypress: 5
234.2426 	DATA 	Keypress: 5
234.4739 	EXP 	cueImage: autoDraw = False
234.4739 	EXP 	fixation: autoDraw = True
235.0290 	DATA 	Keypress: 5
235.8107 	DATA 	Keypress: 5
236.5770 	DATA 	Keypress: 5
237.3614 	DATA 	Keypress: 5
238.0061 	EXP 	fixation: autoDraw = False
238.0061 	EXP 	fixation: autoDraw = False
238.0061 	EXP 	Target: image = 'images/WinProbe.bmp'
238.0061 	EXP 	Target: autoDraw = True
238.1451 	DATA 	Keypress: 5
238.3052 	DATA 	Keypress: 1
238.3242 	EXP 	Target: autoDraw = False
238.3242 	EXP 	Target: autoDraw = False
238.3242 	EXP 	feedbackMsg: text = 'You pressed too slow!\n\nYou did not win $0.20!'
238.3242 	EXP 	feedbackMsg: autoDraw = True
238.9121 	DATA 	Keypress: 5
239.6953 	DATA 	Keypress: 5
240.0431 	EXP 	New trial (rep=0, index=33): OrderedDict([('Condition', 'Triangle'), ('FixationDur', 1500)])
240.0566 	EXP 	feedbackMsg: autoDraw = False
240.0566 	EXP 	feedbackMsg: autoDraw = False
240.0566 	EXP 	cueImage: image = 'images/Neutral.bmp'
240.0566 	EXP 	cueImage: autoDraw = True
240.4779 	DATA 	Keypress: 5
241.2428 	DATA 	Keypress: 5
242.0281 	DATA 	Keypress: 5
242.0913 	EXP 	cueImage: autoDraw = False
242.0913 	EXP 	cueImage: autoDraw = False
242.0913 	EXP 	fixation: autoDraw = True
242.8123 	DATA 	Keypress: 5
243.6130 	DATA 	Keypress: 5
243.6244 	EXP 	fixation: autoDraw = False
243.6244 	EXP 	fixation: autoDraw = False
243.6244 	EXP 	Target: image = 'images/NeutralProbe.bmp'
243.6244 	EXP 	Target: autoDraw = True
243.9213 	DATA 	Keypress: 1
243.9407 	EXP 	Target: autoDraw = False
243.9407 	EXP 	Target: autoDraw = False
243.9407 	EXP 	feedbackMsg: text = 'You pressed too slow!\n\nYou did not win or lose anything!'
243.9407 	EXP 	feedbackMsg: autoDraw = True
244.3627 	DATA 	Keypress: 5
245.1457 	DATA 	Keypress: 5
245.6601 	EXP 	New trial (rep=0, index=34): OrderedDict([('Condition', 'SmallReward'), ('FixationDur', 1500)])
245.6905 	EXP 	feedbackMsg: autoDraw = False
245.6905 	EXP 	feedbackMsg: autoDraw = False
245.6905 	EXP 	cueImage: image = 'images/WinSmall.bmp'
245.6905 	EXP 	cueImage: autoDraw = True
245.9108 	DATA 	Keypress: 5
246.6935 	DATA 	Keypress: 5
247.4776 	DATA 	Keypress: 5
247.7245 	EXP 	cueImage: autoDraw = False
247.7245 	EXP 	fixation: autoDraw = True
248.2447 	DATA 	Keypress: 5
249.0290 	DATA 	Keypress: 5
249.2748 	EXP 	fixation: autoDraw = False
249.2748 	EXP 	fixation: autoDraw = False
249.2748 	EXP 	Target: image = 'images/WinProbe.bmp'
249.2748 	EXP 	Target: autoDraw = True
249.5585 	EXP 	Target: autoDraw = False
249.5585 	EXP 	Target: autoDraw = False
249.5585 	EXP 	feedbackMsg: text = 'You pressed too slow!\n\nYou did not win $0.20!'
249.5585 	EXP 	feedbackMsg: autoDraw = True
249.5950 	DATA 	Keypress: 1
249.8124 	DATA 	Keypress: 5
250.5772 	DATA 	Keypress: 5
251.2940 	EXP 	New trial (rep=0, index=35): OrderedDict([('Condition', 'SmallPun'), ('FixationDur', 4000)])
251.3083 	EXP 	feedbackMsg: autoDraw = False
251.3083 	EXP 	feedbackMsg: autoDraw = False
251.3083 	EXP 	cueImage: image = 'images/LoseSmall.bmp'
251.3083 	EXP 	cueImage: autoDraw = True
251.3606 	DATA 	Keypress: 5
252.1457 	DATA 	Keypress: 5
252.9116 	DATA 	Keypress: 5
253.3423 	EXP 	cueImage: autoDraw = False
253.3423 	EXP 	cueImage: autoDraw = False
253.3423 	EXP 	fixation: autoDraw = True
253.6953 	DATA 	Keypress: 5
254.4796 	DATA 	Keypress: 5
255.2457 	DATA 	Keypress: 5
256.0279 	DATA 	Keypress: 5
256.8139 	DATA 	Keypress: 5
257.3756 	EXP 	fixation: autoDraw = False
257.3756 	EXP 	fixation: autoDraw = False
257.3756 	EXP 	Target: image = 'images/LoseProbe.bmp'
257.3756 	EXP 	Target: autoDraw = True
257.5953 	DATA 	Keypress: 5
257.6626 	DATA 	Keypress: 1
257.7250 	EXP 	Target: autoDraw = False
257.7250 	EXP 	Target: autoDraw = False
257.7250 	EXP 	feedbackMsg: text = 'Correct Response!\n\nYou did not lose $0.20!'
257.7250 	EXP 	feedbackMsg: autoDraw = True
258.3608 	DATA 	Keypress: 5
259.1468 	DATA 	Keypress: 5
259.4110 	EXP 	New trial (rep=0, index=36): OrderedDict([('Condition', 'Triangle'), ('FixationDur', 1500)])
259.4255 	EXP 	feedbackMsg: autoDraw = False
259.4255 	EXP 	feedbackMsg: autoDraw = False
259.4255 	EXP 	cueImage: image = 'images/Neutral.bmp'
259.4255 	EXP 	cueImage: autoDraw = True
259.9296 	DATA 	Keypress: 5
260.6941 	DATA 	Keypress: 5
261.4592 	EXP 	cueImage: autoDraw = False
261.4592 	EXP 	cueImage: autoDraw = False
261.4592 	EXP 	fixation: autoDraw = True
261.4802 	DATA 	Keypress: 5
262.2637 	DATA 	Keypress: 5
262.9920 	EXP 	fixation: autoDraw = False
262.9920 	EXP 	fixation: autoDraw = False
262.9920 	EXP 	Target: image = 'images/NeutralProbe.bmp'
262.9920 	EXP 	Target: autoDraw = True
263.0280 	DATA 	Keypress: 5
263.3399 	DATA 	Keypress: 1
263.3596 	EXP 	Target: autoDraw = False
263.3596 	EXP 	Target: autoDraw = False
263.3596 	EXP 	feedbackMsg: text = 'You pressed too slow!\n\nYou did not win or lose anything!'
263.3596 	EXP 	feedbackMsg: autoDraw = True
263.8129 	DATA 	Keypress: 5
264.5969 	DATA 	Keypress: 5
265.0267 	EXP 	New trial (rep=0, index=37): OrderedDict([('Condition', 'SmallPun'), ('FixationDur', 2000)])
265.0420 	EXP 	feedbackMsg: autoDraw = False
265.0420 	EXP 	feedbackMsg: autoDraw = False
265.0420 	EXP 	cueImage: image = 'images/LoseSmall.bmp'
265.0420 	EXP 	cueImage: autoDraw = True
265.3613 	DATA 	Keypress: 5
266.1461 	DATA 	Keypress: 5
266.9289 	DATA 	Keypress: 5
267.0766 	EXP 	cueImage: autoDraw = False
267.0766 	EXP 	cueImage: autoDraw = False
267.0766 	EXP 	fixation: autoDraw = True
267.6948 	DATA 	Keypress: 5
268.4797 	DATA 	Keypress: 5
269.1098 	EXP 	fixation: autoDraw = False
269.1098 	EXP 	fixation: autoDraw = False
269.1098 	EXP 	Target: image = 'images/LoseProbe.bmp'
269.1098 	EXP 	Target: autoDraw = True
269.2638 	DATA 	Keypress: 5
269.3804 	DATA 	Keypress: 1
269.4591 	EXP 	Target: autoDraw = False
269.4591 	EXP 	Target: autoDraw = False
269.4591 	EXP 	feedbackMsg: text = 'Correct Response!\n\nYou did not lose $0.20!'
269.4591 	EXP 	feedbackMsg: autoDraw = True
270.0296 	DATA 	Keypress: 5
270.8120 	DATA 	Keypress: 5
271.1453 	EXP 	New trial (rep=0, index=38): OrderedDict([('Condition', 'LgReward'), ('FixationDur', 2500)])
271.1758 	EXP 	feedbackMsg: autoDraw = False
271.1758 	EXP 	feedbackMsg: autoDraw = False
271.1758 	EXP 	cueImage: image = 'images/WinBig.bmp'
271.1758 	EXP 	cueImage: autoDraw = True
271.5971 	DATA 	Keypress: 5
272.3625 	DATA 	Keypress: 5
273.1461 	DATA 	Keypress: 5
273.2094 	EXP 	cueImage: autoDraw = False
273.2094 	EXP 	fixation: autoDraw = True
273.9316 	DATA 	Keypress: 5
274.6964 	DATA 	Keypress: 5
275.4804 	DATA 	Keypress: 5
275.7594 	EXP 	fixation: autoDraw = False
275.7594 	EXP 	fixation: autoDraw = False
275.7594 	EXP 	Target: image = 'images/WinProbe.bmp'
275.7594 	EXP 	Target: autoDraw = True
276.0144 	DATA 	Keypress: 1
276.1098 	EXP 	Target: autoDraw = False
276.1098 	EXP 	Target: autoDraw = False
276.1098 	EXP 	feedbackMsg: text = 'Correct Response!\n\nYou won $5.00!'
276.1098 	EXP 	feedbackMsg: autoDraw = True
276.2641 	DATA 	Keypress: 5
277.0309 	DATA 	Keypress: 5
277.7952 	EXP 	New trial (rep=0, index=39): OrderedDict([('Condition', 'LgReward'), ('FixationDur', 1500)])
277.8140 	DATA 	Keypress: 5
277.8260 	EXP 	feedbackMsg: autoDraw = False
277.8260 	EXP 	feedbackMsg: autoDraw = False
277.8260 	EXP 	cueImage: image = 'images/WinBig.bmp'
277.8260 	EXP 	cueImage: autoDraw = True
278.5969 	DATA 	Keypress: 5
279.3809 	DATA 	Keypress: 5
279.8603 	EXP 	cueImage: autoDraw = False
279.8603 	EXP 	fixation: autoDraw = True
280.1458 	DATA 	Keypress: 5
280.9290 	DATA 	Keypress: 5
281.4103 	EXP 	fixation: autoDraw = False
281.4103 	EXP 	fixation: autoDraw = False
281.4103 	EXP 	Target: image = 'images/WinProbe.bmp'
281.4103 	EXP 	Target: autoDraw = True
281.7146 	DATA 	Keypress: 5
281.7766 	EXP 	Target: autoDraw = False
281.7766 	EXP 	Target: autoDraw = False
281.7766 	EXP 	feedbackMsg: text = 'You pressed too slow!\n\nYou did not win $5.00!'
281.7766 	EXP 	feedbackMsg: autoDraw = True
281.8133 	DATA 	Keypress: 1
282.4795 	DATA 	Keypress: 5
283.2643 	DATA 	Keypress: 5
283.4462 	EXP 	New trial (rep=0, index=40): OrderedDict([('Condition', 'LgPun'), ('FixationDur', 1500)])
283.4604 	EXP 	feedbackMsg: autoDraw = False
283.4604 	EXP 	feedbackMsg: autoDraw = False
283.4604 	EXP 	cueImage: image = 'images/LoseBig.bmp'
283.4604 	EXP 	cueImage: autoDraw = True
284.0478 	DATA 	Keypress: 5
284.8124 	DATA 	Keypress: 5
285.4945 	EXP 	cueImage: autoDraw = False
285.4945 	EXP 	cueImage: autoDraw = False
285.4945 	EXP 	fixation: autoDraw = True
285.5982 	DATA 	Keypress: 5
285.8155 	DATA 	Keypress: 1
286.3819 	DATA 	Keypress: 5
287.0267 	EXP 	fixation: autoDraw = False
287.0267 	EXP 	fixation: autoDraw = False
287.0267 	EXP 	Target: image = 'images/LoseProbe.bmp'
287.0267 	EXP 	Target: autoDraw = True
287.1471 	DATA 	Keypress: 5
287.2975 	DATA 	Keypress: 1
287.3941 	EXP 	Target: autoDraw = False
287.3941 	EXP 	Target: autoDraw = False
287.3941 	EXP 	feedbackMsg: text = 'You pressed too soon!\n\nYou did not lose $5.00!'
287.3941 	EXP 	feedbackMsg: autoDraw = True
287.9302 	DATA 	Keypress: 5
288.7154 	DATA 	Keypress: 5
289.0461 	EXP 	New trial (rep=0, index=41): OrderedDict([('Condition', 'SmallPun'), ('FixationDur', 2000)])
289.0610 	EXP 	feedbackMsg: autoDraw = False
289.0610 	EXP 	feedbackMsg: autoDraw = False
289.0610 	EXP 	cueImage: image = 'images/LoseSmall.bmp'
289.0610 	EXP 	cueImage: autoDraw = True
289.4804 	DATA 	Keypress: 5
290.2638 	DATA 	Keypress: 5
291.0770 	DATA 	Keypress: 5
291.0940 	EXP 	cueImage: autoDraw = False
291.0940 	EXP 	cueImage: autoDraw = False
291.0940 	EXP 	fixation: autoDraw = True
291.8145 	DATA 	Keypress: 5
292.5984 	DATA 	Keypress: 5
293.1270 	EXP 	fixation: autoDraw = False
293.1270 	EXP 	fixation: autoDraw = False
293.1270 	EXP 	Target: image = 'images/LoseProbe.bmp'
293.1270 	EXP 	Target: autoDraw = True
293.3825 	DATA 	Keypress: 5
293.3979 	DATA 	Keypress: 1
293.4950 	EXP 	Target: autoDraw = False
293.4950 	EXP 	Target: autoDraw = False
293.4950 	EXP 	feedbackMsg: text = 'Correct Response!\n\nYou did not lose $0.20!'
293.4950 	EXP 	feedbackMsg: autoDraw = True
294.1481 	DATA 	Keypress: 5
294.9319 	DATA 	Keypress: 5
295.1469 	EXP 	New trial (rep=0, index=42): OrderedDict([('Condition', 'LgReward'), ('FixationDur', 1500)])
295.1778 	EXP 	feedbackMsg: autoDraw = False
295.1778 	EXP 	feedbackMsg: autoDraw = False
295.1778 	EXP 	cueImage: image = 'images/WinBig.bmp'
295.1778 	EXP 	cueImage: autoDraw = True
295.7145 	DATA 	Keypress: 5
296.4809 	DATA 	Keypress: 5
297.2118 	EXP 	cueImage: autoDraw = False
297.2118 	EXP 	fixation: autoDraw = True
297.2647 	DATA 	Keypress: 5
298.0496 	DATA 	Keypress: 5
298.7618 	EXP 	fixation: autoDraw = False
298.7618 	EXP 	fixation: autoDraw = False
298.7618 	EXP 	Target: image = 'images/WinProbe.bmp'
298.7618 	EXP 	Target: autoDraw = True
298.8148 	DATA 	Keypress: 5
299.0943 	EXP 	Target: autoDraw = False
299.0943 	EXP 	Target: autoDraw = False
299.0943 	EXP 	feedbackMsg: text = 'You pressed too slow!\n\nYou did not win $5.00!'
299.0943 	EXP 	feedbackMsg: autoDraw = True
299.1151 	DATA 	Keypress: 1
299.5976 	DATA 	Keypress: 5
300.3821 	DATA 	Keypress: 5
300.7803 	EXP 	New trial (rep=0, index=43): OrderedDict([('Condition', 'SmallPun'), ('FixationDur', 1500)])
300.7947 	EXP 	feedbackMsg: autoDraw = False
300.7947 	EXP 	feedbackMsg: autoDraw = False
300.7947 	EXP 	cueImage: image = 'images/LoseSmall.bmp'
300.7947 	EXP 	cueImage: autoDraw = True
301.1659 	DATA 	Keypress: 5
301.9301 	DATA 	Keypress: 5
302.7161 	DATA 	Keypress: 5
302.8288 	EXP 	cueImage: autoDraw = False
302.8288 	EXP 	cueImage: autoDraw = False
302.8288 	EXP 	fixation: autoDraw = True
303.5000 	DATA 	Keypress: 5
304.2643 	DATA 	Keypress: 5
304.3620 	EXP 	fixation: autoDraw = False
304.3620 	EXP 	fixation: autoDraw = False
304.3620 	EXP 	Target: image = 'images/LoseProbe.bmp'
304.3620 	EXP 	Target: autoDraw = True
304.6918 	DATA 	Keypress: 1
304.6987 	EXP 	Target: autoDraw = False
304.6987 	EXP 	Target: autoDraw = False
304.6987 	EXP 	feedbackMsg: text = 'You pressed too slow!\n\nYou lost $0.20!'
304.6987 	EXP 	feedbackMsg: autoDraw = True
305.0487 	DATA 	Keypress: 5
305.8329 	DATA 	Keypress: 5
306.3811 	EXP 	New trial (rep=0, index=44): OrderedDict([('Condition', 'SmallReward'), ('FixationDur', 1500)])
306.4120 	EXP 	feedbackMsg: autoDraw = False
306.4120 	EXP 	feedbackMsg: autoDraw = False
306.4120 	EXP 	cueImage: image = 'images/WinSmall.bmp'
306.4120 	EXP 	cueImage: autoDraw = True
306.5981 	DATA 	Keypress: 5
307.3818 	DATA 	Keypress: 5
308.1666 	DATA 	Keypress: 5
308.4456 	EXP 	cueImage: autoDraw = False
308.4456 	EXP 	fixation: autoDraw = True
308.9318 	DATA 	Keypress: 5
309.7168 	DATA 	Keypress: 5
309.9951 	EXP 	fixation: autoDraw = False
309.9951 	EXP 	fixation: autoDraw = False
309.9951 	EXP 	Target: image = 'images/WinProbe.bmp'
309.9951 	EXP 	Target: autoDraw = True
310.3331 	EXP 	Target: autoDraw = False
310.3331 	EXP 	Target: autoDraw = False
310.3331 	EXP 	feedbackMsg: text = 'You pressed too slow!\n\nYou did not win $0.20!'
310.3331 	EXP 	feedbackMsg: autoDraw = True
310.4155 	DATA 	Keypress: 1
310.4990 	DATA 	Keypress: 5
311.2658 	DATA 	Keypress: 5
312.0312 	EXP 	New trial (rep=0, index=45): OrderedDict([('Condition', 'LgReward'), ('FixationDur', 4000)])
312.0494 	DATA 	Keypress: 5
312.0622 	EXP 	feedbackMsg: autoDraw = False
312.0622 	EXP 	feedbackMsg: autoDraw = False
312.0622 	EXP 	cueImage: image = 'images/WinBig.bmp'
312.0622 	EXP 	cueImage: autoDraw = True
312.8335 	DATA 	Keypress: 5
313.5986 	DATA 	Keypress: 5
314.0964 	EXP 	cueImage: autoDraw = False
314.0964 	EXP 	fixation: autoDraw = True
314.3835 	DATA 	Keypress: 5
315.1676 	DATA 	Keypress: 5
315.9330 	DATA 	Keypress: 5
316.7146 	DATA 	Keypress: 5
317.5011 	DATA 	Keypress: 5
318.1462 	EXP 	fixation: autoDraw = False
318.1462 	EXP 	fixation: autoDraw = False
318.1462 	EXP 	Target: image = 'images/WinProbe.bmp'
318.1462 	EXP 	Target: autoDraw = True
318.2835 	DATA 	Keypress: 5
318.3992 	DATA 	Keypress: 1
318.5121 	EXP 	Target: autoDraw = False
318.5121 	EXP 	Target: autoDraw = False
318.5121 	EXP 	feedbackMsg: text = 'Correct Response!\n\nYou won $5.00!'
318.5121 	EXP 	feedbackMsg: autoDraw = True
319.0487 	DATA 	Keypress: 5
319.8349 	DATA 	Keypress: 5
320.1648 	EXP 	New trial (rep=0, index=46): OrderedDict([('Condition', 'Triangle'), ('FixationDur', 3000)])
320.1796 	EXP 	feedbackMsg: autoDraw = False
320.1796 	EXP 	feedbackMsg: autoDraw = False
320.1796 	EXP 	cueImage: image = 'images/Neutral.bmp'
320.1796 	EXP 	cueImage: autoDraw = True
320.5993 	DATA 	Keypress: 5
321.3815 	DATA 	Keypress: 5
322.2013 	DATA 	Keypress: 5
322.2130 	EXP 	cueImage: autoDraw = False
322.2130 	EXP 	cueImage: autoDraw = False
322.2130 	EXP 	fixation: autoDraw = True
322.9336 	DATA 	Keypress: 5
323.7160 	DATA 	Keypress: 5
324.5015 	DATA 	Keypress: 5
325.2468 	EXP 	fixation: autoDraw = False
325.2468 	EXP 	fixation: autoDraw = False
325.2468 	EXP 	Target: image = 'images/NeutralProbe.bmp'
325.2468 	EXP 	Target: autoDraw = True
325.2848 	DATA 	Keypress: 5
325.5512 	DATA 	Keypress: 1
325.6348 	EXP 	Target: autoDraw = False
325.6348 	EXP 	Target: autoDraw = False
325.6348 	EXP 	feedbackMsg: text = 'Correct Response!\n\nYou did not win or lose anything!'
325.6348 	EXP 	feedbackMsg: autoDraw = True
326.0487 	DATA 	Keypress: 5
326.8323 	DATA 	Keypress: 5
327.2821 	EXP 	New trial (rep=0, index=47): OrderedDict([('Condition', 'SmallPun'), ('FixationDur', 3000)])
327.2967 	EXP 	feedbackMsg: autoDraw = False
327.2967 	EXP 	feedbackMsg: autoDraw = False
327.2967 	EXP 	cueImage: image = 'images/LoseSmall.bmp'
327.2967 	EXP 	cueImage: autoDraw = True
327.6167 	DATA 	Keypress: 5
328.3829 	DATA 	Keypress: 5
329.1672 	DATA 	Keypress: 5
329.3307 	EXP 	cueImage: autoDraw = False
329.3307 	EXP 	cueImage: autoDraw = False
329.3307 	EXP 	fixation: autoDraw = True
329.9520 	DATA 	Keypress: 5
330.7168 	DATA 	Keypress: 5
331.5012 	DATA 	Keypress: 5
332.2854 	DATA 	Keypress: 5
332.3632 	EXP 	fixation: autoDraw = False
332.3632 	EXP 	fixation: autoDraw = False
332.3632 	EXP 	Target: image = 'images/LoseProbe.bmp'
332.3632 	EXP 	Target: autoDraw = True
332.6665 	DATA 	Keypress: 1
332.7305 	EXP 	Target: autoDraw = False
332.7305 	EXP 	Target: autoDraw = False
332.7305 	EXP 	feedbackMsg: text = 'Correct Response!\n\nYou did not lose $0.20!'
332.7305 	EXP 	feedbackMsg: autoDraw = True
333.0501 	DATA 	Keypress: 5
333.8332 	DATA 	Keypress: 5
334.3824 	EXP 	New trial (rep=0, index=48): OrderedDict([('Condition', 'SmallPun'), ('FixationDur', 2500)])
334.3971 	EXP 	feedbackMsg: autoDraw = False
334.3971 	EXP 	feedbackMsg: autoDraw = False
334.3971 	EXP 	cueImage: image = 'images/LoseSmall.bmp'
334.3971 	EXP 	cueImage: autoDraw = True
334.6180 	DATA 	Keypress: 5
335.3834 	DATA 	Keypress: 5
336.1668 	DATA 	Keypress: 5
336.4310 	EXP 	cueImage: autoDraw = False
336.4310 	EXP 	cueImage: autoDraw = False
336.4310 	EXP 	fixation: autoDraw = True
336.9501 	DATA 	Keypress: 5
337.7172 	DATA 	Keypress: 5
338.5002 	DATA 	Keypress: 5
338.9634 	EXP 	fixation: autoDraw = False
338.9634 	EXP 	fixation: autoDraw = False
338.9634 	EXP 	Target: image = 'images/LoseProbe.bmp'
338.9634 	EXP 	Target: autoDraw = True
339.2851 	DATA 	Keypress: 5
339.3432 	DATA 	Keypress: 1
339.3536 	EXP 	Target: autoDraw = False
339.3536 	EXP 	Target: autoDraw = False
339.3536 	EXP 	feedbackMsg: text = 'You pressed too slow!\n\nYou lost $0.20!'
339.3536 	EXP 	feedbackMsg: autoDraw = True
340.0512 	DATA 	Keypress: 5
340.8343 	DATA 	Keypress: 5
340.9996 	EXP 	New trial (rep=0, index=49): OrderedDict([('Condition', 'SmallReward'), ('FixationDur', 2000)])
341.0309 	EXP 	feedbackMsg: autoDraw = False
341.0309 	EXP 	feedbackMsg: autoDraw = False
341.0309 	EXP 	cueImage: image = 'images/WinSmall.bmp'
341.0309 	EXP 	cueImage: autoDraw = True
341.6178 	DATA 	Keypress: 5
342.3843 	DATA 	Keypress: 5
343.0542 	EXP 	cueImage: autoDraw = False
343.0542 	EXP 	fixation: autoDraw = True
343.1671 	DATA 	Keypress: 5
343.9524 	DATA 	Keypress: 5
344.7184 	DATA 	Keypress: 5
345.1143 	EXP 	fixation: autoDraw = False
345.1143 	EXP 	fixation: autoDraw = False
345.1143 	EXP 	Target: image = 'images/WinProbe.bmp'
345.1143 	EXP 	Target: autoDraw = True
345.4352 	DATA 	Keypress: 1
345.5259 	DATA 	Keypress: 5
345.5318 	EXP 	Target: autoDraw = False
345.5318 	EXP 	Target: autoDraw = False
345.5318 	EXP 	feedbackMsg: text = 'Correct Response!\n\nYou won $0.20!'
345.5318 	EXP 	feedbackMsg: autoDraw = True
346.2857 	DATA 	Keypress: 5
347.0692 	DATA 	Keypress: 5
347.1478 	EXP 	feedbackMsg: autoDraw = False
347.1478 	EXP 	feedbackMsg: autoDraw = False
347.1478 	EXP 	polygon: autoDraw = True
347.8334 	DATA 	Keypress: 5
348.6190 	DATA 	Keypress: 5
349.4025 	DATA 	Keypress: 5
350.1680 	DATA 	Keypress: 5
352.1549 	EXP 	polygon: autoDraw = False
352.1549 	EXP 	polygon: autoDraw = False
352.1549 	EXP 	text: text = 'All done!\n\nYou earned a total of: $20.40!'
352.1549 	EXP 	text: autoDraw = True
355.1717 	EXP 	text: autoDraw = False
355.1717 	EXP 	text: autoDraw = False
355.1717 	EXP 	polygon2: autoDraw = True
357.8030 	DATA 	Keypress: escape
358.1177 	EXP 	window1: mouseVisible = True
