16.7822 	WARNING 	User requested fullscreen with size [1440  900], but screen is actually [1920, 1080]. Using actual size
17.8436 	EXP 	Created window1 = Window(allowGUI=False, allowStencil=False, args=UNKNOWN, autoLog=True, bitsMode=UNKNOWN, blendMode='avg', color=array([0., 0., 0.]), colorSpace='rgb', fullscr=<method-wrapper '__getattribute__' of attributeSetter object at 0x13497abe0>, gamma=None, kwargs=UNKNOWN, lms=UNKNOWN, monitor=<psychopy.monitors.calibTools.Monitor object at 0x134990e80>, multiSample=False, name='window1', numSamples=2, pos=[0.0, 0.0], screen=0, size=array([3840, 2160]), stereo=False, units='height', useFBO=True, useRetina=True, viewOri=0.0, viewPos=None, viewScale=None, waitBlanking=True, winType='pyglet')
17.8437 	EXP 	window1: recordFrameIntervals = False
18.2589 	EXP 	window1: recordFrameIntervals = True
18.7181 	EXP 	window1: recordFrameIntervals = False
19.1752 	EXP 	Created preinstruct_text = TextStim(__class__=<class 'psychopy.visual.text.TextStim'>, alignHoriz='center', alignVert='center', antialias=True, autoLog=True, bold=False, color='white', colorSpace='named', contrast=1.0, depth=0.0, flipHoriz=False, flipVert=False, font='Arial', fontFiles=[], height=0.05, italic=False, languageStyle='LTR', name='preinstruct_text', opacity=1.0, ori=0, pos=array([0., 0.]), rgb=array([255., 255., 255.]), text='Money Task - Scanner 2', units='height', win=Window(...), wrapWidth=1)
19.2208 	EXP 	Created instructFig = ImageStim(__class__=<class 'psychopy.visual.image.ImageStim'>, autoLog=True, color=array([1., 1., 1.]), colorSpace='rgb', contrast=1.0, depth=0.0, flipHoriz=False, flipVert=False, image='images/MID_instructions.bmp', interpolate=True, mask=None, maskParams=None, name='instructFig', opacity=1.0, ori=0.0, pos=array([0., 0.]), size=array([1.3, 1. ]), texRes=128, units='height', win=Window(...))
19.2225 	EXP 	Created PrepFixation = ShapeStim(__class__=<class 'psychopy.visual.shape.ShapeStim'>, autoDraw=False, autoLog=True, closeShape=True, contrast=1.0, depth=0.0, fillColor=array([1., 1., 1.]), fillColorSpace='rgb', interpolate=True, lineColor=array([1., 1., 1.]), lineColorSpace='rgb', lineWidth=1, name='PrepFixation', opacity=1.0, ori=array(0.), pos=array([0., 0.]), size=array([0.05, 0.05]), units='height', vertices=ndarray(...), win=Window(...), windingRule=None)
19.2241 	EXP 	Created cueImage = ImageStim(__class__=<class 'psychopy.visual.image.ImageStim'>, autoLog=True, color=array([1., 1., 1.]), colorSpace='rgb', contrast=1.0, depth=0.0, flipHoriz=False, flipVert=False, image='sin', interpolate=True, mask=None, maskParams=None, name='cueImage', opacity=1.0, ori=0.0, pos=array([0., 0.]), size=array([1.3, 1. ]), texRes=128, units='height', win=Window(...))
19.2256 	EXP 	Created fixation = ShapeStim(__class__=<class 'psychopy.visual.shape.ShapeStim'>, autoDraw=False, autoLog=True, closeShape=True, contrast=1.0, depth=-1.0, fillColor=array([1., 1., 1.]), fillColorSpace='rgb', interpolate=True, lineColor=array([1., 1., 1.]), lineColorSpace='rgb', lineWidth=1, name='fixation', opacity=1.0, ori=array(0.), pos=array([0., 0.]), size=array([0.05, 0.05]), units='height', vertices=ndarray(...), win=Window(...), windingRule=None)
19.2273 	EXP 	Created Target = ImageStim(__class__=<class 'psychopy.visual.image.ImageStim'>, autoLog=True, color=array([1., 1., 1.]), colorSpace='rgb', contrast=1.0, depth=-1.0, flipHoriz=False, flipVert=False, image='sin', interpolate=True, mask=None, maskParams=None, name='Target', opacity=1.0, ori=0.0, pos=array([0., 0.]), size=array([1.3, 1. ]), texRes=128, units='height', win=Window(...))
19.2373 	EXP 	Created feedbackMsg = TextStim(__class__=<class 'psychopy.visual.text.TextStim'>, alignHoriz='center', alignVert='center', antialias=True, autoLog=True, bold=False, color='white', colorSpace='named', contrast=1.0, depth=-2.0, flipHoriz=False, flipVert=False, font='Arial', fontFiles=[], height=0.05, italic=False, languageStyle='LTR', name='feedbackMsg', opacity=1.0, ori=0, pos=array([0., 0.]), rgb=array([255., 255., 255.]), text='default text', units='height', win=Window(...), wrapWidth=2)
19.2392 	EXP 	Created polygon = ShapeStim(__class__=<class 'psychopy.visual.shape.ShapeStim'>, autoDraw=False, autoLog=True, closeShape=True, contrast=1.0, depth=0.0, fillColor=array([1., 1., 1.]), fillColorSpace='rgb', interpolate=True, lineColor=array([1., 1., 1.]), lineColorSpace='rgb', lineWidth=1, name='polygon', opacity=1.0, ori=array(0.), pos=array([0., 0.]), size=array([0.05, 0.05]), units='height', vertices=ndarray(...), win=Window(...), windingRule=None)
19.2462 	EXP 	Created text = TextStim(__class__=<class 'psychopy.visual.text.TextStim'>, alignHoriz='center', alignVert='center', antialias=True, autoLog=True, bold=False, color='white', colorSpace='named', contrast=1.0, depth=-1.0, flipHoriz=False, flipVert=False, font='Arial', fontFiles=[], height=0.07, italic=False, languageStyle='LTR', name='text', opacity=1.0, ori=0, pos=array([0., 0.]), rgb=array([255., 255., 255.]), text='default text', units='height', win=Window(...), wrapWidth=1)
19.2476 	EXP 	Created polygon2 = ShapeStim(__class__=<class 'psychopy.visual.shape.ShapeStim'>, autoDraw=False, autoLog=True, closeShape=True, contrast=1.0, depth=0.0, fillColor=array([1., 1., 1.]), fillColorSpace='rgb', interpolate=True, lineColor=array([1., 1., 1.]), lineColorSpace='rgb', lineWidth=1, name='polygon2', opacity=1.0, ori=array(0.), pos=array([0., 0.]), size=array([0.05, 0.05]), units='height', vertices=ndarray(...), win=Window(...), windingRule=None)
19.2590 	EXP 	preinstruct_text: autoDraw = True
21.3240 	EXP 	preinstruct_text: autoDraw = False
21.3240 	EXP 	instructFig: autoDraw = True
41.5695 	DATA 	Keypress: 5
41.5954 	EXP 	instructFig: autoDraw = False
41.5954 	EXP 	PrepFixation: autoDraw = True
42.3092 	DATA 	Keypress: 5
43.1008 	DATA 	Keypress: 5
43.5664 	EXP 	Imported TimeVersion11.csv as conditions, 50 conditions, 2 params
43.5668 	EXP 	Created sequence: sequential, trialTypes=50, nReps=1, seed=None
43.5672 	EXP 	New trial (rep=0, index=0): OrderedDict([('Condition', 'SmallPun'), ('FixationDur', 1500)])
43.5963 	EXP 	PrepFixation: autoDraw = False
43.5963 	EXP 	cueImage: image = 'images/LoseSmall.bmp'
43.5963 	EXP 	cueImage: autoDraw = True
43.8909 	DATA 	Keypress: 5
44.6399 	DATA 	Keypress: 5
45.4301 	DATA 	Keypress: 5
45.6112 	EXP 	cueImage: autoDraw = False
45.6112 	EXP 	cueImage: autoDraw = False
45.6112 	EXP 	fixation: autoDraw = True
46.2268 	DATA 	Keypress: 5
46.9753 	DATA 	Keypress: 5
47.1140 	EXP 	fixation: autoDraw = False
47.1140 	EXP 	fixation: autoDraw = False
47.1140 	EXP 	Target: image = 'images/LoseProbe.bmp'
47.1140 	EXP 	Target: autoDraw = True
47.5214 	DATA 	Keypress: 1
47.5424 	EXP 	Target: autoDraw = False
47.5424 	EXP 	Target: autoDraw = False
47.5424 	EXP 	feedbackMsg: text = 'You pressed too slow!\n\nYou lost $0.20!'
47.5424 	EXP 	feedbackMsg: autoDraw = True
47.7636 	DATA 	Keypress: 5
48.5568 	DATA 	Keypress: 5
49.0543 	EXP 	New trial (rep=0, index=1): OrderedDict([('Condition', 'LgPun'), ('FixationDur', 1500)])
49.0943 	EXP 	feedbackMsg: autoDraw = False
49.0943 	EXP 	feedbackMsg: autoDraw = False
49.0943 	EXP 	cueImage: image = 'images/LoseBig.bmp'
49.0943 	EXP 	cueImage: autoDraw = True
49.3064 	DATA 	Keypress: 5
50.0977 	DATA 	Keypress: 5
50.8907 	DATA 	Keypress: 5
51.1121 	EXP 	cueImage: autoDraw = False
51.1121 	EXP 	cueImage: autoDraw = False
51.1121 	EXP 	fixation: autoDraw = True
51.6415 	DATA 	Keypress: 5
52.4319 	DATA 	Keypress: 5
52.6122 	EXP 	fixation: autoDraw = False
52.6122 	EXP 	fixation: autoDraw = False
52.6122 	EXP 	Target: image = 'images/LoseProbe.bmp'
52.6122 	EXP 	Target: autoDraw = True
53.0147 	DATA 	Keypress: 1
53.0262 	EXP 	Target: autoDraw = False
53.0262 	EXP 	Target: autoDraw = False
53.0262 	EXP 	feedbackMsg: text = 'You pressed too slow!\n\nYou lost $5.00!'
53.0262 	EXP 	feedbackMsg: autoDraw = True
53.2233 	DATA 	Keypress: 5
53.9740 	DATA 	Keypress: 5
54.5546 	EXP 	New trial (rep=0, index=2): OrderedDict([('Condition', 'Triangle'), ('FixationDur', 3500)])
54.5946 	EXP 	feedbackMsg: autoDraw = False
54.5946 	EXP 	feedbackMsg: autoDraw = False
54.5946 	EXP 	cueImage: image = 'images/Neutral.bmp'
54.5946 	EXP 	cueImage: autoDraw = True
54.7650 	DATA 	Keypress: 5
55.5563 	DATA 	Keypress: 5
56.3064 	DATA 	Keypress: 5
56.6125 	EXP 	cueImage: autoDraw = False
56.6125 	EXP 	cueImage: autoDraw = False
56.6125 	EXP 	fixation: autoDraw = True
57.1015 	DATA 	Keypress: 5
57.8928 	DATA 	Keypress: 5
58.6420 	DATA 	Keypress: 5
59.4334 	DATA 	Keypress: 5
60.1131 	EXP 	fixation: autoDraw = False
60.1131 	EXP 	fixation: autoDraw = False
60.1131 	EXP 	Target: image = 'images/NeutralProbe.bmp'
60.1131 	EXP 	Target: autoDraw = True
60.2240 	DATA 	Keypress: 5
60.5277 	EXP 	Target: autoDraw = False
60.5277 	EXP 	Target: autoDraw = False
60.5277 	EXP 	feedbackMsg: text = 'You pressed too slow!\n\nYou did not win or lose anything!'
60.5277 	EXP 	feedbackMsg: autoDraw = True
60.9727 	DATA 	Keypress: 5
61.7650 	DATA 	Keypress: 5
62.0537 	EXP 	New trial (rep=0, index=3): OrderedDict([('Condition', 'Triangle'), ('FixationDur', 1500)])
62.0947 	EXP 	feedbackMsg: autoDraw = False
62.0947 	EXP 	feedbackMsg: autoDraw = False
62.0947 	EXP 	cueImage: image = 'images/Neutral.bmp'
62.0947 	EXP 	cueImage: autoDraw = True
62.5552 	DATA 	Keypress: 5
63.3058 	DATA 	Keypress: 5
64.0908 	DATA 	Keypress: 5
64.1133 	EXP 	cueImage: autoDraw = False
64.1133 	EXP 	fixation: autoDraw = True
64.8939 	DATA 	Keypress: 5
65.6143 	EXP 	fixation: autoDraw = False
65.6143 	EXP 	fixation: autoDraw = False
65.6143 	EXP 	Target: image = 'images/NeutralProbe.bmp'
65.6143 	EXP 	Target: autoDraw = True
65.6392 	DATA 	Keypress: 5
66.0289 	EXP 	Target: autoDraw = False
66.0289 	EXP 	Target: autoDraw = False
66.0289 	EXP 	feedbackMsg: text = 'You pressed too slow!\n\nYou did not win or lose anything!'
66.0289 	EXP 	feedbackMsg: autoDraw = True
66.4327 	DATA 	Keypress: 5
67.2226 	DATA 	Keypress: 5
67.5537 	EXP 	New trial (rep=0, index=4): OrderedDict([('Condition', 'LgReward'), ('FixationDur', 3500)])
67.5949 	EXP 	feedbackMsg: autoDraw = False
67.5949 	EXP 	feedbackMsg: autoDraw = False
67.5949 	EXP 	cueImage: image = 'images/WinBig.bmp'
67.5949 	EXP 	cueImage: autoDraw = True
67.9731 	DATA 	Keypress: 5
68.7677 	DATA 	Keypress: 5
69.5902 	DATA 	Keypress: 5
69.6135 	EXP 	cueImage: autoDraw = False
69.6135 	EXP 	cueImage: autoDraw = False
69.6135 	EXP 	fixation: autoDraw = True
70.3079 	DATA 	Keypress: 5
71.1033 	DATA 	Keypress: 5
71.8931 	DATA 	Keypress: 5
72.6422 	DATA 	Keypress: 5
73.1305 	EXP 	fixation: autoDraw = False
73.1305 	EXP 	fixation: autoDraw = False
73.1305 	EXP 	Target: image = 'images/WinProbe.bmp'
73.1305 	EXP 	Target: autoDraw = True
73.4317 	DATA 	Keypress: 5
73.5180 	DATA 	Keypress: 1
73.5293 	EXP 	Target: autoDraw = False
73.5293 	EXP 	Target: autoDraw = False
73.5293 	EXP 	feedbackMsg: text = 'You pressed too slow!\n\nYou did not win $5.00!'
73.5293 	EXP 	feedbackMsg: autoDraw = True
74.2243 	DATA 	Keypress: 5
75.0163 	DATA 	Keypress: 5
75.0554 	EXP 	New trial (rep=0, index=5): OrderedDict([('Condition', 'SmallReward'), ('FixationDur', 3000)])
75.0954 	EXP 	feedbackMsg: autoDraw = False
75.0954 	EXP 	feedbackMsg: autoDraw = False
75.0954 	EXP 	cueImage: image = 'images/WinSmall.bmp'
75.0954 	EXP 	cueImage: autoDraw = True
75.7657 	DATA 	Keypress: 5
76.5594 	DATA 	Keypress: 5
77.1153 	EXP 	cueImage: autoDraw = False
77.1153 	EXP 	fixation: autoDraw = True
77.3518 	DATA 	Keypress: 5
78.1022 	DATA 	Keypress: 5
78.8933 	DATA 	Keypress: 5
79.6839 	DATA 	Keypress: 5
80.1308 	EXP 	fixation: autoDraw = False
80.1308 	EXP 	fixation: autoDraw = False
80.1308 	EXP 	Target: image = 'images/WinProbe.bmp'
80.1308 	EXP 	Target: autoDraw = True
80.4318 	DATA 	Keypress: 5
80.4747 	DATA 	Keypress: 1
80.6138 	EXP 	Target: autoDraw = False
80.6138 	EXP 	Target: autoDraw = False
80.6138 	EXP 	feedbackMsg: text = 'Correct Response!\n\nYou won $0.20!'
80.6138 	EXP 	feedbackMsg: autoDraw = True
81.2246 	DATA 	Keypress: 5
82.0152 	DATA 	Keypress: 5
82.0971 	EXP 	New trial (rep=0, index=6): OrderedDict([('Condition', 'SmallPun'), ('FixationDur', 1500)])
82.1369 	EXP 	feedbackMsg: autoDraw = False
82.1369 	EXP 	feedbackMsg: autoDraw = False
82.1369 	EXP 	cueImage: image = 'images/LoseSmall.bmp'
82.1369 	EXP 	cueImage: autoDraw = True
82.7662 	DATA 	Keypress: 5
83.5598 	DATA 	Keypress: 5
84.1426 	EXP 	cueImage: autoDraw = False
84.1426 	EXP 	cueImage: autoDraw = False
84.1426 	EXP 	fixation: autoDraw = True
84.3545 	DATA 	Keypress: 5
85.1037 	DATA 	Keypress: 5
85.6558 	EXP 	fixation: autoDraw = False
85.6558 	EXP 	fixation: autoDraw = False
85.6558 	EXP 	Target: image = 'images/LoseProbe.bmp'
85.6558 	EXP 	Target: autoDraw = True
85.8905 	DATA 	Keypress: 5
86.1399 	DATA 	Keypress: 1
86.1483 	EXP 	Target: autoDraw = False
86.1483 	EXP 	Target: autoDraw = False
86.1483 	EXP 	feedbackMsg: text = 'You pressed too slow!\n\nYou lost $0.20!'
86.1483 	EXP 	feedbackMsg: autoDraw = True
86.6828 	DATA 	Keypress: 5
87.4315 	DATA 	Keypress: 5
87.6390 	EXP 	New trial (rep=0, index=7): OrderedDict([('Condition', 'SmallReward'), ('FixationDur', 1500)])
87.6790 	EXP 	feedbackMsg: autoDraw = False
87.6790 	EXP 	feedbackMsg: autoDraw = False
87.6790 	EXP 	cueImage: image = 'images/WinSmall.bmp'
87.6790 	EXP 	cueImage: autoDraw = True
88.2241 	DATA 	Keypress: 5
89.0159 	DATA 	Keypress: 5
89.6859 	EXP 	cueImage: autoDraw = False
89.6859 	EXP 	cueImage: autoDraw = False
89.6859 	EXP 	fixation: autoDraw = True
89.7691 	DATA 	Keypress: 5
90.5590 	DATA 	Keypress: 5
91.2160 	EXP 	fixation: autoDraw = False
91.2160 	EXP 	fixation: autoDraw = False
91.2160 	EXP 	Target: image = 'images/WinProbe.bmp'
91.2160 	EXP 	Target: autoDraw = True
91.3490 	DATA 	Keypress: 5
91.5567 	DATA 	Keypress: 1
91.6985 	EXP 	Target: autoDraw = False
91.6985 	EXP 	Target: autoDraw = False
91.6985 	EXP 	feedbackMsg: text = 'Correct Response!\n\nYou won $0.20!'
91.6985 	EXP 	feedbackMsg: autoDraw = True
92.0990 	DATA 	Keypress: 5
92.8903 	DATA 	Keypress: 5
93.1799 	EXP 	New trial (rep=0, index=8): OrderedDict([('Condition', 'LgReward'), ('FixationDur', 3000)])
93.2205 	EXP 	feedbackMsg: autoDraw = False
93.2205 	EXP 	feedbackMsg: autoDraw = False
93.2205 	EXP 	cueImage: image = 'images/WinBig.bmp'
93.2205 	EXP 	cueImage: autoDraw = True
93.6822 	DATA 	Keypress: 5
94.4348 	DATA 	Keypress: 5
95.2157 	DATA 	Keypress: 5
95.2331 	EXP 	cueImage: autoDraw = False
95.2331 	EXP 	cueImage: autoDraw = False
95.2331 	EXP 	fixation: autoDraw = True
96.0195 	DATA 	Keypress: 5
96.7692 	DATA 	Keypress: 5
97.5581 	DATA 	Keypress: 5
98.2512 	EXP 	fixation: autoDraw = False
98.2512 	EXP 	fixation: autoDraw = False
98.2512 	EXP 	Target: image = 'images/WinProbe.bmp'
98.2512 	EXP 	Target: autoDraw = True
98.3526 	DATA 	Keypress: 5
98.6023 	DATA 	Keypress: 1
98.7851 	EXP 	Target: autoDraw = False
98.7851 	EXP 	Target: autoDraw = False
98.7851 	EXP 	feedbackMsg: text = 'Correct Response!\n\nYou won $5.00!'
98.7851 	EXP 	feedbackMsg: autoDraw = True
99.1024 	DATA 	Keypress: 5
99.8942 	DATA 	Keypress: 5
100.2247 	EXP 	New trial (rep=0, index=9): OrderedDict([('Condition', 'LgPun'), ('FixationDur', 1500)])
100.2635 	EXP 	feedbackMsg: autoDraw = False
100.2635 	EXP 	feedbackMsg: autoDraw = False
100.2635 	EXP 	cueImage: image = 'images/LoseBig.bmp'
100.2635 	EXP 	cueImage: autoDraw = True
100.6843 	DATA 	Keypress: 5
101.4339 	DATA 	Keypress: 5
102.2591 	DATA 	Keypress: 5
102.2693 	EXP 	cueImage: autoDraw = False
102.2693 	EXP 	cueImage: autoDraw = False
102.2693 	EXP 	fixation: autoDraw = True
103.0197 	DATA 	Keypress: 5
103.7669 	DATA 	Keypress: 5
103.7857 	EXP 	fixation: autoDraw = False
103.7857 	EXP 	fixation: autoDraw = False
103.7857 	EXP 	Target: image = 'images/LoseProbe.bmp'
103.7857 	EXP 	Target: autoDraw = True
104.2262 	DATA 	Keypress: 1
104.3172 	EXP 	Target: autoDraw = False
104.3172 	EXP 	Target: autoDraw = False
104.3172 	EXP 	feedbackMsg: text = 'Correct Response!\n\nYou did not lose $5.00!'
104.3172 	EXP 	feedbackMsg: autoDraw = True
104.5594 	DATA 	Keypress: 5
105.3500 	DATA 	Keypress: 5
105.7653 	EXP 	New trial (rep=0, index=10): OrderedDict([('Condition', 'SmallReward'), ('FixationDur', 2000)])
105.8049 	EXP 	feedbackMsg: autoDraw = False
105.8049 	EXP 	feedbackMsg: autoDraw = False
105.8049 	EXP 	cueImage: image = 'images/WinSmall.bmp'
105.8049 	EXP 	cueImage: autoDraw = True
106.0997 	DATA 	Keypress: 5
106.8937 	DATA 	Keypress: 5
107.6851 	DATA 	Keypress: 5
107.8188 	EXP 	cueImage: autoDraw = False
107.8188 	EXP 	cueImage: autoDraw = False
107.8188 	EXP 	fixation: autoDraw = True
108.2256 	DATA 	Keypress: 1
108.4331 	DATA 	Keypress: 5
109.2266 	DATA 	Keypress: 5
109.8345 	EXP 	fixation: autoDraw = False
109.8345 	EXP 	fixation: autoDraw = False
109.8345 	EXP 	Target: image = 'images/WinProbe.bmp'
109.8345 	EXP 	Target: autoDraw = True
110.0179 	DATA 	Keypress: 5
110.3674 	EXP 	Target: autoDraw = False
110.3674 	EXP 	Target: autoDraw = False
110.3674 	EXP 	feedbackMsg: text = 'You pressed too soon!\n\nYou did not win $0.20!'
110.3674 	EXP 	feedbackMsg: autoDraw = True
110.6431 	DATA 	Keypress: 1
110.7661 	DATA 	Keypress: 5
111.5611 	DATA 	Keypress: 5
111.8096 	EXP 	New trial (rep=0, index=11): OrderedDict([('Condition', 'LgReward'), ('FixationDur', 2000)])
111.8488 	EXP 	feedbackMsg: autoDraw = False
111.8488 	EXP 	feedbackMsg: autoDraw = False
111.8488 	EXP 	cueImage: image = 'images/WinBig.bmp'
111.8488 	EXP 	cueImage: autoDraw = True
112.3513 	DATA 	Keypress: 5
113.1005 	DATA 	Keypress: 5
113.8541 	EXP 	cueImage: autoDraw = False
113.8541 	EXP 	cueImage: autoDraw = False
113.8541 	EXP 	fixation: autoDraw = True
113.8949 	DATA 	Keypress: 5
114.6886 	DATA 	Keypress: 5
115.4384 	DATA 	Keypress: 5
115.8862 	EXP 	fixation: autoDraw = False
115.8862 	EXP 	fixation: autoDraw = False
115.8862 	EXP 	Target: image = 'images/WinProbe.bmp'
115.8862 	EXP 	Target: autoDraw = True
116.2266 	DATA 	Keypress: 5
116.2673 	DATA 	Keypress: 1
116.4012 	EXP 	Target: autoDraw = False
116.4012 	EXP 	Target: autoDraw = False
116.4012 	EXP 	feedbackMsg: text = 'Correct Response!\n\nYou won $5.00!'
116.4012 	EXP 	feedbackMsg: autoDraw = True
117.0165 	DATA 	Keypress: 5
117.7678 	DATA 	Keypress: 5
117.8490 	EXP 	New trial (rep=0, index=12): OrderedDict([('Condition', 'Triangle'), ('FixationDur', 2500)])
117.8890 	EXP 	feedbackMsg: autoDraw = False
117.8890 	EXP 	feedbackMsg: autoDraw = False
117.8890 	EXP 	cueImage: image = 'images/Neutral.bmp'
117.8890 	EXP 	cueImage: autoDraw = True
118.5598 	DATA 	Keypress: 5
119.3501 	DATA 	Keypress: 5
119.8948 	EXP 	cueImage: autoDraw = False
119.8948 	EXP 	cueImage: autoDraw = False
119.8948 	EXP 	fixation: autoDraw = True
120.1052 	DATA 	Keypress: 5
120.8964 	DATA 	Keypress: 5
121.6849 	DATA 	Keypress: 5
122.4074 	EXP 	fixation: autoDraw = False
122.4074 	EXP 	fixation: autoDraw = False
122.4074 	EXP 	Target: image = 'images/NeutralProbe.bmp'
122.4074 	EXP 	Target: autoDraw = True
122.4762 	DATA 	Keypress: 5
122.9017 	EXP 	Target: autoDraw = False
122.9017 	EXP 	Target: autoDraw = False
122.9017 	EXP 	feedbackMsg: text = 'You pressed too slow!\n\nYou did not win or lose anything!'
122.9017 	EXP 	feedbackMsg: autoDraw = True
123.2274 	DATA 	Keypress: 5
124.0176 	DATA 	Keypress: 5
124.3495 	EXP 	New trial (rep=0, index=13): OrderedDict([('Condition', 'LgReward'), ('FixationDur', 1500)])
124.3892 	EXP 	feedbackMsg: autoDraw = False
124.3892 	EXP 	feedbackMsg: autoDraw = False
124.3892 	EXP 	cueImage: image = 'images/WinBig.bmp'
124.3892 	EXP 	cueImage: autoDraw = True
124.8101 	DATA 	Keypress: 5
125.5606 	DATA 	Keypress: 5
126.3819 	DATA 	Keypress: 5
126.3950 	EXP 	cueImage: autoDraw = False
126.3950 	EXP 	cueImage: autoDraw = False
126.3950 	EXP 	fixation: autoDraw = True
127.1046 	DATA 	Keypress: 5
127.9071 	DATA 	Keypress: 5
127.9247 	EXP 	fixation: autoDraw = False
127.9247 	EXP 	fixation: autoDraw = False
127.9247 	EXP 	Target: image = 'images/WinProbe.bmp'
127.9247 	EXP 	Target: autoDraw = True
128.3539 	DATA 	Keypress: 1
128.4552 	EXP 	Target: autoDraw = False
128.4552 	EXP 	Target: autoDraw = False
128.4552 	EXP 	feedbackMsg: text = 'Correct Response!\n\nYou won $5.00!'
128.4552 	EXP 	feedbackMsg: autoDraw = True
128.6894 	DATA 	Keypress: 5
129.4384 	DATA 	Keypress: 5
129.8930 	EXP 	New trial (rep=0, index=14): OrderedDict([('Condition', 'LgPun'), ('FixationDur', 2500)])
129.9314 	EXP 	feedbackMsg: autoDraw = False
129.9314 	EXP 	feedbackMsg: autoDraw = False
129.9314 	EXP 	cueImage: image = 'images/LoseBig.bmp'
129.9314 	EXP 	cueImage: autoDraw = True
130.2274 	DATA 	Keypress: 5
131.0188 	DATA 	Keypress: 5
131.8101 	DATA 	Keypress: 5
131.9401 	EXP 	cueImage: autoDraw = False
131.9401 	EXP 	cueImage: autoDraw = False
131.9401 	EXP 	fixation: autoDraw = True
132.5637 	DATA 	Keypress: 5
133.3539 	DATA 	Keypress: 5
134.1459 	DATA 	Keypress: 5
134.4485 	EXP 	fixation: autoDraw = False
134.4485 	EXP 	fixation: autoDraw = False
134.4485 	EXP 	Target: image = 'images/LoseProbe.bmp'
134.4485 	EXP 	Target: autoDraw = True
134.8524 	DATA 	Keypress: 1
134.9351 	DATA 	Keypress: 5
134.9558 	EXP 	Target: autoDraw = False
134.9558 	EXP 	Target: autoDraw = False
134.9558 	EXP 	feedbackMsg: text = 'Correct Response!\n\nYou did not lose $5.00!'
134.9558 	EXP 	feedbackMsg: autoDraw = True
135.6898 	DATA 	Keypress: 5
136.3928 	EXP 	New trial (rep=0, index=15): OrderedDict([('Condition', 'SmallReward'), ('FixationDur', 1500)])
136.4307 	EXP 	feedbackMsg: autoDraw = False
136.4307 	EXP 	feedbackMsg: autoDraw = False
136.4307 	EXP 	cueImage: image = 'images/WinSmall.bmp'
136.4307 	EXP 	cueImage: autoDraw = True
136.4770 	DATA 	Keypress: 5
137.2257 	DATA 	Keypress: 5
138.0236 	DATA 	Keypress: 5
138.4379 	EXP 	cueImage: autoDraw = False
138.4379 	EXP 	cueImage: autoDraw = False
138.4379 	EXP 	fixation: autoDraw = True
138.8098 	DATA 	Keypress: 5
139.5602 	DATA 	Keypress: 5
139.9550 	EXP 	fixation: autoDraw = False
139.9550 	EXP 	fixation: autoDraw = False
139.9550 	EXP 	Target: image = 'images/WinProbe.bmp'
139.9550 	EXP 	Target: autoDraw = True
140.3510 	DATA 	Keypress: 5
140.3528 	DATA 	Keypress: 1
140.4553 	EXP 	Target: autoDraw = False
140.4553 	EXP 	Target: autoDraw = False
140.4553 	EXP 	feedbackMsg: text = 'Correct Response!\n\nYou won $0.20!'
140.4553 	EXP 	feedbackMsg: autoDraw = True
141.1465 	DATA 	Keypress: 5
141.8938 	DATA 	Keypress: 5
141.9372 	EXP 	New trial (rep=0, index=16): OrderedDict([('Condition', 'LgReward'), ('FixationDur', 1500)])
141.9750 	EXP 	feedbackMsg: autoDraw = False
141.9750 	EXP 	feedbackMsg: autoDraw = False
141.9750 	EXP 	cueImage: image = 'images/WinBig.bmp'
141.9750 	EXP 	cueImage: autoDraw = True
142.6838 	DATA 	Keypress: 5
143.4775 	DATA 	Keypress: 5
143.9907 	EXP 	cueImage: autoDraw = False
143.9907 	EXP 	cueImage: autoDraw = False
143.9907 	EXP 	fixation: autoDraw = True
144.2305 	DATA 	Keypress: 5
145.0210 	DATA 	Keypress: 5
145.5069 	EXP 	fixation: autoDraw = False
145.5069 	EXP 	fixation: autoDraw = False
145.5069 	EXP 	Target: image = 'images/WinProbe.bmp'
145.5069 	EXP 	Target: autoDraw = True
145.8111 	DATA 	Keypress: 5
145.8949 	DATA 	Keypress: 1
145.9909 	EXP 	Target: autoDraw = False
145.9909 	EXP 	Target: autoDraw = False
145.9909 	EXP 	feedbackMsg: text = 'Correct Response!\n\nYou won $5.00!'
145.9909 	EXP 	feedbackMsg: autoDraw = True
146.5612 	DATA 	Keypress: 5
147.3557 	DATA 	Keypress: 5
147.4789 	EXP 	New trial (rep=0, index=17): OrderedDict([('Condition', 'SmallPun'), ('FixationDur', 3500)])
147.5154 	EXP 	feedbackMsg: autoDraw = False
147.5154 	EXP 	feedbackMsg: autoDraw = False
147.5154 	EXP 	cueImage: image = 'images/LoseSmall.bmp'
147.5154 	EXP 	cueImage: autoDraw = True
148.1477 	DATA 	Keypress: 5
148.8959 	DATA 	Keypress: 5
149.5243 	EXP 	cueImage: autoDraw = False
149.5243 	EXP 	cueImage: autoDraw = False
149.5243 	EXP 	fixation: autoDraw = True
149.6872 	DATA 	Keypress: 5
150.4819 	DATA 	Keypress: 5
151.2320 	DATA 	Keypress: 5
152.0217 	DATA 	Keypress: 5
152.8127 	DATA 	Keypress: 5
153.0332 	EXP 	fixation: autoDraw = False
153.0332 	EXP 	fixation: autoDraw = False
153.0332 	EXP 	Target: image = 'images/LoseProbe.bmp'
153.0332 	EXP 	Target: autoDraw = True
153.5198 	DATA 	Keypress: 1
153.5424 	EXP 	Target: autoDraw = False
153.5424 	EXP 	Target: autoDraw = False
153.5424 	EXP 	feedbackMsg: text = 'You pressed too slow!\n\nYou lost $0.20!'
153.5424 	EXP 	feedbackMsg: autoDraw = True
153.5601 	DATA 	Keypress: 5
154.3552 	DATA 	Keypress: 5
155.0197 	EXP 	New trial (rep=0, index=18): OrderedDict([('Condition', 'LgPun'), ('FixationDur', 1500)])
155.0585 	EXP 	feedbackMsg: autoDraw = False
155.0585 	EXP 	feedbackMsg: autoDraw = False
155.0585 	EXP 	cueImage: image = 'images/LoseBig.bmp'
155.0585 	EXP 	cueImage: autoDraw = True
155.1446 	DATA 	Keypress: 5
155.8960 	DATA 	Keypress: 5
156.6867 	DATA 	Keypress: 5
157.0754 	EXP 	cueImage: autoDraw = False
157.0754 	EXP 	cueImage: autoDraw = False
157.0754 	EXP 	fixation: autoDraw = True
157.4812 	DATA 	Keypress: 5
158.2308 	DATA 	Keypress: 5
158.5754 	EXP 	fixation: autoDraw = False
158.5754 	EXP 	fixation: autoDraw = False
158.5754 	EXP 	Target: image = 'images/LoseProbe.bmp'
158.5754 	EXP 	Target: autoDraw = True
159.0216 	DATA 	Keypress: 1
159.0233 	DATA 	Keypress: 5
159.0404 	EXP 	Target: autoDraw = False
159.0404 	EXP 	Target: autoDraw = False
159.0404 	EXP 	feedbackMsg: text = 'You pressed too slow!\n\nYou lost $5.00!'
159.0404 	EXP 	feedbackMsg: autoDraw = True
159.8102 	DATA 	Keypress: 5
160.5583 	EXP 	New trial (rep=0, index=19): OrderedDict([('Condition', 'LgPun'), ('FixationDur', 3500)])
160.5650 	DATA 	Keypress: 5
160.5990 	EXP 	feedbackMsg: autoDraw = False
160.5990 	EXP 	feedbackMsg: autoDraw = False
160.5990 	EXP 	cueImage: image = 'images/LoseBig.bmp'
160.5990 	EXP 	cueImage: autoDraw = True
161.3522 	DATA 	Keypress: 5
162.1433 	DATA 	Keypress: 5
162.6096 	EXP 	cueImage: autoDraw = False
162.6096 	EXP 	fixation: autoDraw = True
162.9004 	DATA 	Keypress: 5
163.6894 	DATA 	Keypress: 5
164.4812 	DATA 	Keypress: 5
165.2302 	DATA 	Keypress: 5
166.0226 	DATA 	Keypress: 5
166.1168 	EXP 	fixation: autoDraw = False
166.1168 	EXP 	fixation: autoDraw = False
166.1168 	EXP 	Target: image = 'images/LoseProbe.bmp'
166.1168 	EXP 	Target: autoDraw = True
166.5566 	DATA 	Keypress: 1
166.5765 	EXP 	Target: autoDraw = False
166.5765 	EXP 	Target: autoDraw = False
166.5765 	EXP 	feedbackMsg: text = 'You pressed too slow!\n\nYou lost $5.00!'
166.5765 	EXP 	feedbackMsg: autoDraw = True
166.8145 	DATA 	Keypress: 5
167.5647 	DATA 	Keypress: 5
168.1042 	EXP 	New trial (rep=0, index=20): OrderedDict([('Condition', 'SmallReward'), ('FixationDur', 2500)])
168.1466 	EXP 	feedbackMsg: autoDraw = False
168.1466 	EXP 	feedbackMsg: autoDraw = False
168.1466 	EXP 	cueImage: image = 'images/WinSmall.bmp'
168.1466 	EXP 	cueImage: autoDraw = True
168.3534 	DATA 	Keypress: 5
169.1462 	DATA 	Keypress: 5
169.8950 	DATA 	Keypress: 5
170.1606 	EXP 	cueImage: autoDraw = False
170.1606 	EXP 	cueImage: autoDraw = False
170.1606 	EXP 	fixation: autoDraw = True
170.6905 	DATA 	Keypress: 5
171.4806 	DATA 	Keypress: 5
172.2299 	DATA 	Keypress: 5
172.6761 	EXP 	fixation: autoDraw = False
172.6761 	EXP 	fixation: autoDraw = False
172.6761 	EXP 	Target: image = 'images/WinProbe.bmp'
172.6761 	EXP 	Target: autoDraw = True
173.0192 	DATA 	Keypress: 5
173.1071 	DATA 	Keypress: 1
173.1261 	EXP 	Target: autoDraw = False
173.1261 	EXP 	Target: autoDraw = False
173.1261 	EXP 	feedbackMsg: text = 'You pressed too slow!\n\nYou did not win $0.20!'
173.1261 	EXP 	feedbackMsg: autoDraw = True
173.8100 	DATA 	Keypress: 5
174.6040 	DATA 	Keypress: 5
174.6432 	EXP 	New trial (rep=0, index=21): OrderedDict([('Condition', 'LgPun'), ('FixationDur', 2000)])
174.6833 	EXP 	feedbackMsg: autoDraw = False
174.6833 	EXP 	feedbackMsg: autoDraw = False
174.6833 	EXP 	cueImage: image = 'images/LoseBig.bmp'
174.6833 	EXP 	cueImage: autoDraw = True
175.3533 	DATA 	Keypress: 5
176.1449 	DATA 	Keypress: 5
176.6890 	EXP 	cueImage: autoDraw = False
176.6890 	EXP 	cueImage: autoDraw = False
176.6890 	EXP 	fixation: autoDraw = True
176.9416 	DATA 	Keypress: 5
177.6905 	DATA 	Keypress: 5
178.4811 	DATA 	Keypress: 5
178.6997 	EXP 	fixation: autoDraw = False
178.6997 	EXP 	fixation: autoDraw = False
178.6997 	EXP 	Target: image = 'images/LoseProbe.bmp'
178.6997 	EXP 	Target: autoDraw = True
179.1039 	DATA 	Keypress: 1
179.1988 	EXP 	Target: autoDraw = False
179.1988 	EXP 	Target: autoDraw = False
179.1988 	EXP 	feedbackMsg: text = 'Correct Response!\n\nYou did not lose $5.00!'
179.1988 	EXP 	feedbackMsg: autoDraw = True
179.2322 	DATA 	Keypress: 5
180.0243 	DATA 	Keypress: 5
180.6870 	EXP 	New trial (rep=0, index=22): OrderedDict([('Condition', 'Triangle'), ('FixationDur', 2000)])
180.7254 	EXP 	feedbackMsg: autoDraw = False
180.7254 	EXP 	feedbackMsg: autoDraw = False
180.7254 	EXP 	cueImage: image = 'images/Neutral.bmp'
180.7254 	EXP 	cueImage: autoDraw = True
180.8126 	DATA 	Keypress: 5
181.6047 	DATA 	Keypress: 5
182.3538 	DATA 	Keypress: 5
182.7454 	EXP 	cueImage: autoDraw = False
182.7454 	EXP 	cueImage: autoDraw = False
182.7454 	EXP 	fixation: autoDraw = True
183.1479 	DATA 	Keypress: 5
183.9394 	DATA 	Keypress: 5
184.7277 	DATA 	Keypress: 5
184.7458 	EXP 	fixation: autoDraw = False
184.7458 	EXP 	fixation: autoDraw = False
184.7458 	EXP 	Target: image = 'images/NeutralProbe.bmp'
184.7458 	EXP 	Target: autoDraw = True
185.2444 	EXP 	Target: autoDraw = False
185.2444 	EXP 	Target: autoDraw = False
185.2444 	EXP 	feedbackMsg: text = 'You pressed too slow!\n\nYou did not win or lose anything!'
185.2444 	EXP 	feedbackMsg: autoDraw = True
185.4782 	DATA 	Keypress: 5
186.2718 	DATA 	Keypress: 5
186.7272 	EXP 	New trial (rep=0, index=23): OrderedDict([('Condition', 'LgPun'), ('FixationDur', 4000)])
186.7672 	EXP 	feedbackMsg: autoDraw = False
186.7672 	EXP 	feedbackMsg: autoDraw = False
186.7672 	EXP 	cueImage: image = 'images/LoseBig.bmp'
186.7672 	EXP 	cueImage: autoDraw = True
187.0195 	DATA 	Keypress: 5
187.8131 	DATA 	Keypress: 5
188.6056 	DATA 	Keypress: 5
188.7792 	EXP 	cueImage: autoDraw = False
188.7792 	EXP 	cueImage: autoDraw = False
188.7792 	EXP 	fixation: autoDraw = True
189.3587 	DATA 	Keypress: 5
190.1476 	DATA 	Keypress: 5
190.9403 	DATA 	Keypress: 5
191.6883 	DATA 	Keypress: 5
192.4837 	DATA 	Keypress: 5
192.7854 	EXP 	fixation: autoDraw = False
192.7854 	EXP 	fixation: autoDraw = False
192.7854 	EXP 	Target: image = 'images/LoseProbe.bmp'
192.7854 	EXP 	Target: autoDraw = True
193.1862 	DATA 	Keypress: 1
193.2712 	DATA 	Keypress: 5
193.2948 	EXP 	Target: autoDraw = False
193.2948 	EXP 	Target: autoDraw = False
193.2948 	EXP 	feedbackMsg: text = 'Correct Response!\n\nYou did not lose $5.00!'
193.2948 	EXP 	feedbackMsg: autoDraw = True
194.0206 	DATA 	Keypress: 5
194.7688 	EXP 	New trial (rep=0, index=24): OrderedDict([('Condition', 'LgPun'), ('FixationDur', 2000)])
194.8085 	EXP 	feedbackMsg: autoDraw = False
194.8085 	EXP 	feedbackMsg: autoDraw = False
194.8085 	EXP 	cueImage: image = 'images/LoseBig.bmp'
194.8085 	EXP 	cueImage: autoDraw = True
194.8116 	DATA 	Keypress: 5
195.6051 	DATA 	Keypress: 5
196.3535 	DATA 	Keypress: 5
196.8313 	EXP 	cueImage: autoDraw = False
196.8313 	EXP 	fixation: autoDraw = True
197.1503 	DATA 	Keypress: 5
197.9421 	DATA 	Keypress: 5
198.6917 	DATA 	Keypress: 5
198.8311 	EXP 	fixation: autoDraw = False
198.8311 	EXP 	fixation: autoDraw = False
198.8311 	EXP 	Target: image = 'images/LoseProbe.bmp'
198.8311 	EXP 	Target: autoDraw = True
199.3161 	DATA 	Keypress: 1
199.3291 	EXP 	Target: autoDraw = False
199.3291 	EXP 	Target: autoDraw = False
199.3291 	EXP 	feedbackMsg: text = 'You pressed too slow!\n\nYou lost $5.00!'
199.3291 	EXP 	feedbackMsg: autoDraw = True
199.4797 	DATA 	Keypress: 5
200.2724 	DATA 	Keypress: 5
200.8112 	EXP 	New trial (rep=0, index=25): OrderedDict([('Condition', 'SmallPun'), ('FixationDur', 1500)])
200.8509 	EXP 	feedbackMsg: autoDraw = False
200.8509 	EXP 	feedbackMsg: autoDraw = False
200.8509 	EXP 	cueImage: image = 'images/LoseSmall.bmp'
200.8509 	EXP 	cueImage: autoDraw = True
201.0212 	DATA 	Keypress: 5
201.8122 	DATA 	Keypress: 5
202.6053 	DATA 	Keypress: 5
202.8636 	EXP 	cueImage: autoDraw = False
202.8636 	EXP 	cueImage: autoDraw = False
202.8636 	EXP 	fixation: autoDraw = True
203.3589 	DATA 	Keypress: 5
204.1488 	DATA 	Keypress: 5
204.3690 	EXP 	fixation: autoDraw = False
204.3690 	EXP 	fixation: autoDraw = False
204.3690 	EXP 	Target: image = 'images/LoseProbe.bmp'
204.3690 	EXP 	Target: autoDraw = True
204.8967 	DATA 	Keypress: 1
204.9130 	EXP 	Target: autoDraw = False
204.9130 	EXP 	Target: autoDraw = False
204.9130 	EXP 	feedbackMsg: text = 'You pressed too slow!\n\nYou lost $0.20!'
204.9130 	EXP 	feedbackMsg: autoDraw = True
204.9174 	DATA 	Keypress: 5
205.6879 	DATA 	Keypress: 5
206.3533 	EXP 	New trial (rep=0, index=26): OrderedDict([('Condition', 'LgPun'), ('FixationDur', 3000)])
206.3931 	EXP 	feedbackMsg: autoDraw = False
206.3931 	EXP 	feedbackMsg: autoDraw = False
206.3931 	EXP 	cueImage: image = 'images/LoseBig.bmp'
206.3931 	EXP 	cueImage: autoDraw = True
206.4804 	DATA 	Keypress: 5
207.2698 	DATA 	Keypress: 5
208.0238 	DATA 	Keypress: 5
208.3984 	EXP 	cueImage: autoDraw = False
208.3984 	EXP 	cueImage: autoDraw = False
208.3984 	EXP 	fixation: autoDraw = True
208.8162 	DATA 	Keypress: 5
209.6088 	DATA 	Keypress: 5
210.3583 	DATA 	Keypress: 5
211.1490 	DATA 	Keypress: 5
211.4159 	EXP 	fixation: autoDraw = False
211.4159 	EXP 	fixation: autoDraw = False
211.4159 	EXP 	Target: image = 'images/LoseProbe.bmp'
211.4159 	EXP 	Target: autoDraw = True
211.8540 	DATA 	Keypress: 1
211.9379 	DATA 	Keypress: 5
211.9475 	EXP 	Target: autoDraw = False
211.9475 	EXP 	Target: autoDraw = False
211.9475 	EXP 	feedbackMsg: text = 'Correct Response!\n\nYou did not lose $5.00!'
211.9475 	EXP 	feedbackMsg: autoDraw = True
212.6882 	DATA 	Keypress: 5
213.3951 	EXP 	New trial (rep=0, index=27): OrderedDict([('Condition', 'LgReward'), ('FixationDur', 2000)])
213.4351 	EXP 	feedbackMsg: autoDraw = False
213.4351 	EXP 	feedbackMsg: autoDraw = False
213.4351 	EXP 	cueImage: image = 'images/WinBig.bmp'
213.4351 	EXP 	cueImage: autoDraw = True
213.4794 	DATA 	Keypress: 5
214.2721 	DATA 	Keypress: 5
215.0226 	DATA 	Keypress: 5
215.4496 	EXP 	cueImage: autoDraw = False
215.4496 	EXP 	fixation: autoDraw = True
215.8145 	DATA 	Keypress: 5
216.6040 	DATA 	Keypress: 5
217.3551 	DATA 	Keypress: 5
217.4647 	EXP 	fixation: autoDraw = False
217.4647 	EXP 	fixation: autoDraw = False
217.4647 	EXP 	Target: image = 'images/WinProbe.bmp'
217.4647 	EXP 	Target: autoDraw = True
217.8565 	DATA 	Keypress: 1
217.9980 	EXP 	Target: autoDraw = False
217.9980 	EXP 	Target: autoDraw = False
217.9980 	EXP 	feedbackMsg: text = 'Correct Response!\n\nYou won $5.00!'
217.9980 	EXP 	feedbackMsg: autoDraw = True
218.1475 	DATA 	Keypress: 5
218.9412 	DATA 	Keypress: 5
219.4386 	EXP 	New trial (rep=0, index=28): OrderedDict([('Condition', 'Triangle'), ('FixationDur', 1500)])
219.4769 	EXP 	feedbackMsg: autoDraw = False
219.4769 	EXP 	feedbackMsg: autoDraw = False
219.4769 	EXP 	cueImage: image = 'images/Neutral.bmp'
219.4769 	EXP 	cueImage: autoDraw = True
219.6898 	DATA 	Keypress: 5
220.4810 	DATA 	Keypress: 5
221.2727 	DATA 	Keypress: 5
221.4861 	EXP 	cueImage: autoDraw = False
221.4861 	EXP 	cueImage: autoDraw = False
221.4861 	EXP 	fixation: autoDraw = True
222.0250 	DATA 	Keypress: 5
222.8152 	DATA 	Keypress: 5
222.9937 	EXP 	fixation: autoDraw = False
222.9937 	EXP 	fixation: autoDraw = False
222.9937 	EXP 	Target: image = 'images/NeutralProbe.bmp'
222.9937 	EXP 	Target: autoDraw = True
223.5003 	EXP 	Target: autoDraw = False
223.5003 	EXP 	Target: autoDraw = False
223.5003 	EXP 	feedbackMsg: text = 'You pressed too slow!\n\nYou did not win or lose anything!'
223.5003 	EXP 	feedbackMsg: autoDraw = True
223.6064 	DATA 	Keypress: 5
224.4023 	DATA 	Keypress: 5
224.9398 	EXP 	New trial (rep=0, index=29): OrderedDict([('Condition', 'Triangle'), ('FixationDur', 2000)])
224.9786 	EXP 	feedbackMsg: autoDraw = False
224.9786 	EXP 	feedbackMsg: autoDraw = False
224.9786 	EXP 	cueImage: image = 'images/Neutral.bmp'
224.9786 	EXP 	cueImage: autoDraw = True
225.1479 	DATA 	Keypress: 5
225.9394 	DATA 	Keypress: 5
226.7323 	DATA 	Keypress: 5
226.9844 	EXP 	cueImage: autoDraw = False
226.9844 	EXP 	cueImage: autoDraw = False
226.9844 	EXP 	fixation: autoDraw = True
227.4842 	DATA 	Keypress: 5
228.2750 	DATA 	Keypress: 5
228.9936 	EXP 	fixation: autoDraw = False
228.9936 	EXP 	fixation: autoDraw = False
228.9936 	EXP 	Target: image = 'images/NeutralProbe.bmp'
228.9936 	EXP 	Target: autoDraw = True
229.0652 	DATA 	Keypress: 5
229.4828 	EXP 	Target: autoDraw = False
229.4828 	EXP 	Target: autoDraw = False
229.4828 	EXP 	feedbackMsg: text = 'You pressed too slow!\n\nYou did not win or lose anything!'
229.4828 	EXP 	feedbackMsg: autoDraw = True
229.8134 	DATA 	Keypress: 5
230.6066 	DATA 	Keypress: 5
230.9375 	EXP 	New trial (rep=0, index=30): OrderedDict([('Condition', 'SmallReward'), ('FixationDur', 4000)])
230.9773 	EXP 	feedbackMsg: autoDraw = False
230.9773 	EXP 	feedbackMsg: autoDraw = False
230.9773 	EXP 	cueImage: image = 'images/WinSmall.bmp'
230.9773 	EXP 	cueImage: autoDraw = True
231.3970 	DATA 	Keypress: 5
232.1487 	DATA 	Keypress: 5
232.9732 	DATA 	Keypress: 5
232.9855 	EXP 	cueImage: autoDraw = False
232.9855 	EXP 	cueImage: autoDraw = False
232.9855 	EXP 	fixation: autoDraw = True
233.7345 	DATA 	Keypress: 5
234.4843 	DATA 	Keypress: 5
235.2734 	DATA 	Keypress: 5
236.0673 	DATA 	Keypress: 5
236.8173 	DATA 	Keypress: 5
237.0179 	EXP 	fixation: autoDraw = False
237.0179 	EXP 	fixation: autoDraw = False
237.0179 	EXP 	Target: image = 'images/WinProbe.bmp'
237.0179 	EXP 	Target: autoDraw = True
237.4385 	DATA 	Keypress: 1
237.5374 	EXP 	Target: autoDraw = False
237.5374 	EXP 	Target: autoDraw = False
237.5374 	EXP 	feedbackMsg: text = 'Correct Response!\n\nYou won $0.20!'
237.5374 	EXP 	feedbackMsg: autoDraw = True
237.6079 	DATA 	Keypress: 5
238.4007 	DATA 	Keypress: 5
238.9831 	EXP 	New trial (rep=0, index=31): OrderedDict([('Condition', 'Triangle'), ('FixationDur', 4000)])
239.0184 	EXP 	feedbackMsg: autoDraw = False
239.0184 	EXP 	feedbackMsg: autoDraw = False
239.0184 	EXP 	cueImage: image = 'images/Neutral.bmp'
239.0184 	EXP 	cueImage: autoDraw = True
239.1475 	DATA 	Keypress: 5
239.9399 	DATA 	Keypress: 5
240.7336 	DATA 	Keypress: 5
241.0359 	EXP 	cueImage: autoDraw = False
241.0359 	EXP 	cueImage: autoDraw = False
241.0359 	EXP 	fixation: autoDraw = True
241.4826 	DATA 	Keypress: 5
242.2771 	DATA 	Keypress: 5
243.0683 	DATA 	Keypress: 5
243.8164 	DATA 	Keypress: 5
244.6078 	DATA 	Keypress: 5
245.0363 	EXP 	fixation: autoDraw = False
245.0363 	EXP 	fixation: autoDraw = False
245.0363 	EXP 	Target: image = 'images/NeutralProbe.bmp'
245.0363 	EXP 	Target: autoDraw = True
245.3994 	DATA 	Keypress: 5
245.5385 	EXP 	Target: autoDraw = False
245.5385 	EXP 	Target: autoDraw = False
245.5385 	EXP 	feedbackMsg: text = 'You pressed too slow!\n\nYou did not win or lose anything!'
245.5385 	EXP 	feedbackMsg: autoDraw = True
246.1499 	DATA 	Keypress: 5
246.9436 	DATA 	Keypress: 5
246.9831 	EXP 	New trial (rep=0, index=32): OrderedDict([('Condition', 'SmallReward'), ('FixationDur', 3500)])
247.0222 	EXP 	feedbackMsg: autoDraw = False
247.0222 	EXP 	feedbackMsg: autoDraw = False
247.0222 	EXP 	cueImage: image = 'images/WinSmall.bmp'
247.0222 	EXP 	cueImage: autoDraw = True
247.7323 	DATA 	Keypress: 5
248.4824 	DATA 	Keypress: 5
249.0374 	EXP 	cueImage: autoDraw = False
249.0374 	EXP 	cueImage: autoDraw = False
249.0374 	EXP 	fixation: autoDraw = True
249.2768 	DATA 	Keypress: 5
250.0689 	DATA 	Keypress: 5
250.8180 	DATA 	Keypress: 5
251.6085 	DATA 	Keypress: 5
252.4028 	DATA 	Keypress: 5
252.5532 	EXP 	fixation: autoDraw = False
252.5532 	EXP 	fixation: autoDraw = False
252.5532 	EXP 	Target: image = 'images/WinProbe.bmp'
252.5532 	EXP 	Target: autoDraw = True
252.9011 	DATA 	Keypress: 1
253.0375 	EXP 	Target: autoDraw = False
253.0375 	EXP 	Target: autoDraw = False
253.0375 	EXP 	feedbackMsg: text = 'Correct Response!\n\nYou won $0.20!'
253.0375 	EXP 	feedbackMsg: autoDraw = True
253.1532 	DATA 	Keypress: 5
253.9428 	DATA 	Keypress: 5
254.4819 	EXP 	New trial (rep=0, index=33): OrderedDict([('Condition', 'Triangle'), ('FixationDur', 1500)])
254.5202 	EXP 	feedbackMsg: autoDraw = False
254.5202 	EXP 	feedbackMsg: autoDraw = False
254.5202 	EXP 	cueImage: image = 'images/Neutral.bmp'
254.5202 	EXP 	cueImage: autoDraw = True
254.7341 	DATA 	Keypress: 5
255.4825 	DATA 	Keypress: 5
256.2720 	DATA 	Keypress: 5
256.5381 	EXP 	cueImage: autoDraw = False
256.5381 	EXP 	cueImage: autoDraw = False
256.5381 	EXP 	fixation: autoDraw = True
257.0683 	DATA 	Keypress: 5
257.8181 	DATA 	Keypress: 5
258.0384 	EXP 	fixation: autoDraw = False
258.0384 	EXP 	fixation: autoDraw = False
258.0384 	EXP 	Target: image = 'images/NeutralProbe.bmp'
258.0384 	EXP 	Target: autoDraw = True
258.5369 	EXP 	Target: autoDraw = False
258.5369 	EXP 	Target: autoDraw = False
258.5369 	EXP 	feedbackMsg: text = 'You pressed too slow!\n\nYou did not win or lose anything!'
258.5369 	EXP 	feedbackMsg: autoDraw = True
258.6075 	DATA 	Keypress: 5
259.3988 	DATA 	Keypress: 5
259.9806 	EXP 	New trial (rep=0, index=34): OrderedDict([('Condition', 'SmallReward'), ('FixationDur', 1500)])
260.0210 	EXP 	feedbackMsg: autoDraw = False
260.0210 	EXP 	feedbackMsg: autoDraw = False
260.0210 	EXP 	cueImage: image = 'images/WinSmall.bmp'
260.0210 	EXP 	cueImage: autoDraw = True
260.1482 	DATA 	Keypress: 5
260.9400 	DATA 	Keypress: 5
261.7320 	DATA 	Keypress: 5
262.0394 	EXP 	cueImage: autoDraw = False
262.0394 	EXP 	cueImage: autoDraw = False
262.0394 	EXP 	fixation: autoDraw = True
262.4840 	DATA 	Keypress: 5
263.2782 	DATA 	Keypress: 5
263.5550 	EXP 	fixation: autoDraw = False
263.5550 	EXP 	fixation: autoDraw = False
263.5550 	EXP 	Target: image = 'images/WinProbe.bmp'
263.5550 	EXP 	Target: autoDraw = True
263.9389 	DATA 	Keypress: 1
264.0677 	DATA 	Keypress: 5
264.0879 	EXP 	Target: autoDraw = False
264.0879 	EXP 	Target: autoDraw = False
264.0879 	EXP 	feedbackMsg: text = 'Correct Response!\n\nYou won $0.20!'
264.0879 	EXP 	feedbackMsg: autoDraw = True
264.8156 	DATA 	Keypress: 5
265.5223 	EXP 	New trial (rep=0, index=35): OrderedDict([('Condition', 'SmallPun'), ('FixationDur', 4000)])
265.5622 	EXP 	feedbackMsg: autoDraw = False
265.5622 	EXP 	feedbackMsg: autoDraw = False
265.5622 	EXP 	cueImage: image = 'images/LoseSmall.bmp'
265.5622 	EXP 	cueImage: autoDraw = True
265.6066 	DATA 	Keypress: 5
266.3986 	DATA 	Keypress: 5
267.1915 	DATA 	Keypress: 5
267.5733 	EXP 	cueImage: autoDraw = False
267.5733 	EXP 	cueImage: autoDraw = False
267.5733 	EXP 	fixation: autoDraw = True
267.9446 	DATA 	Keypress: 5
268.7337 	DATA 	Keypress: 5
269.4843 	DATA 	Keypress: 5
270.2785 	DATA 	Keypress: 5
271.0691 	DATA 	Keypress: 5
271.5807 	EXP 	fixation: autoDraw = False
271.5807 	EXP 	fixation: autoDraw = False
271.5807 	EXP 	Target: image = 'images/LoseProbe.bmp'
271.5807 	EXP 	Target: autoDraw = True
271.8580 	DATA 	Keypress: 5
271.9409 	DATA 	Keypress: 1
272.0731 	EXP 	Target: autoDraw = False
272.0731 	EXP 	Target: autoDraw = False
272.0731 	EXP 	feedbackMsg: text = 'Correct Response!\n\nYou did not lose $0.20!'
272.0731 	EXP 	feedbackMsg: autoDraw = True
272.6080 	DATA 	Keypress: 5
273.3984 	DATA 	Keypress: 5
273.5644 	EXP 	New trial (rep=0, index=36): OrderedDict([('Condition', 'Triangle'), ('FixationDur', 1500)])
273.6032 	EXP 	feedbackMsg: autoDraw = False
273.6032 	EXP 	feedbackMsg: autoDraw = False
273.6032 	EXP 	cueImage: image = 'images/Neutral.bmp'
273.6032 	EXP 	cueImage: autoDraw = True
274.1918 	DATA 	Keypress: 5
274.9413 	DATA 	Keypress: 5
275.6258 	EXP 	cueImage: autoDraw = False
275.6258 	EXP 	cueImage: autoDraw = False
275.6258 	EXP 	fixation: autoDraw = True
275.7367 	DATA 	Keypress: 5
276.5274 	DATA 	Keypress: 5
277.1248 	EXP 	fixation: autoDraw = False
277.1248 	EXP 	fixation: autoDraw = False
277.1248 	EXP 	Target: image = 'images/NeutralProbe.bmp'
277.1248 	EXP 	Target: autoDraw = True
277.2743 	DATA 	Keypress: 5
277.6230 	EXP 	Target: autoDraw = False
277.6230 	EXP 	Target: autoDraw = False
277.6230 	EXP 	feedbackMsg: text = 'You pressed too slow!\n\nYou did not win or lose anything!'
277.6230 	EXP 	feedbackMsg: autoDraw = True
278.0670 	DATA 	Keypress: 5
278.8592 	DATA 	Keypress: 5
279.1058 	EXP 	New trial (rep=0, index=37): OrderedDict([('Condition', 'SmallPun'), ('FixationDur', 2000)])
279.1458 	EXP 	feedbackMsg: autoDraw = False
279.1458 	EXP 	feedbackMsg: autoDraw = False
279.1458 	EXP 	cueImage: image = 'images/LoseSmall.bmp'
279.1458 	EXP 	cueImage: autoDraw = True
279.6077 	DATA 	Keypress: 5
280.4024 	DATA 	Keypress: 5
281.1569 	EXP 	cueImage: autoDraw = False
281.1569 	EXP 	fixation: autoDraw = True
281.1608 	DATA 	Keypress: 5
281.9432 	DATA 	Keypress: 5
282.7370 	DATA 	Keypress: 5
283.1644 	EXP 	fixation: autoDraw = False
283.1644 	EXP 	fixation: autoDraw = False
283.1644 	EXP 	Target: image = 'images/LoseProbe.bmp'
283.1644 	EXP 	Target: autoDraw = True
283.5258 	DATA 	Keypress: 5
283.6564 	EXP 	Target: autoDraw = False
283.6564 	EXP 	Target: autoDraw = False
283.6564 	EXP 	feedbackMsg: text = 'You pressed too slow!\n\nYou lost $0.20!'
283.6564 	EXP 	feedbackMsg: autoDraw = True
283.7340 	DATA 	Keypress: 1
284.2756 	DATA 	Keypress: 5
285.0665 	DATA 	Keypress: 5
285.1481 	EXP 	New trial (rep=0, index=38): OrderedDict([('Condition', 'LgReward'), ('FixationDur', 2500)])
285.1882 	EXP 	feedbackMsg: autoDraw = False
285.1882 	EXP 	feedbackMsg: autoDraw = False
285.1882 	EXP 	cueImage: image = 'images/WinBig.bmp'
285.1882 	EXP 	cueImage: autoDraw = True
285.8572 	DATA 	Keypress: 5
286.6072 	DATA 	Keypress: 5
287.1938 	EXP 	cueImage: autoDraw = False
287.1938 	EXP 	fixation: autoDraw = True
287.4036 	DATA 	Keypress: 5
288.1954 	DATA 	Keypress: 5
288.9444 	DATA 	Keypress: 5
289.7256 	EXP 	fixation: autoDraw = False
289.7256 	EXP 	fixation: autoDraw = False
289.7256 	EXP 	Target: image = 'images/WinProbe.bmp'
289.7256 	EXP 	Target: autoDraw = True
289.7300 	DATA 	Keypress: 5
290.1096 	DATA 	Keypress: 1
290.2070 	EXP 	Target: autoDraw = False
290.2070 	EXP 	Target: autoDraw = False
290.2070 	EXP 	feedbackMsg: text = 'Correct Response!\n\nYou won $5.00!'
290.2070 	EXP 	feedbackMsg: autoDraw = True
290.5249 	DATA 	Keypress: 5
291.2738 	DATA 	Keypress: 5
291.6901 	EXP 	New trial (rep=0, index=39): OrderedDict([('Condition', 'LgReward'), ('FixationDur', 1500)])
291.7303 	EXP 	feedbackMsg: autoDraw = False
291.7303 	EXP 	feedbackMsg: autoDraw = False
291.7303 	EXP 	cueImage: image = 'images/WinBig.bmp'
291.7303 	EXP 	cueImage: autoDraw = True
292.0663 	DATA 	Keypress: 5
292.8581 	DATA 	Keypress: 5
293.6077 	DATA 	Keypress: 5
293.7309 	EXP 	cueImage: autoDraw = False
293.7309 	EXP 	cueImage: autoDraw = False
293.7309 	EXP 	fixation: autoDraw = True
294.4002 	DATA 	Keypress: 5
295.2433 	DATA 	Keypress: 5
295.2587 	EXP 	fixation: autoDraw = False
295.2587 	EXP 	fixation: autoDraw = False
295.2587 	EXP 	Target: image = 'images/WinProbe.bmp'
295.2587 	EXP 	Target: autoDraw = True
295.6920 	DATA 	Keypress: 1
295.7085 	EXP 	Target: autoDraw = False
295.7085 	EXP 	Target: autoDraw = False
295.7085 	EXP 	feedbackMsg: text = 'You pressed too slow!\n\nYou did not win $5.00!'
295.7085 	EXP 	feedbackMsg: autoDraw = True
295.9444 	DATA 	Keypress: 5
296.7348 	DATA 	Keypress: 5
297.2338 	EXP 	New trial (rep=0, index=40): OrderedDict([('Condition', 'LgPun'), ('FixationDur', 1500)])
297.2723 	EXP 	feedbackMsg: autoDraw = False
297.2723 	EXP 	feedbackMsg: autoDraw = False
297.2723 	EXP 	cueImage: image = 'images/LoseBig.bmp'
297.2723 	EXP 	cueImage: autoDraw = True
297.5287 	DATA 	Keypress: 5
298.2773 	DATA 	Keypress: 5
299.0679 	DATA 	Keypress: 5
299.2789 	EXP 	cueImage: autoDraw = False
299.2789 	EXP 	cueImage: autoDraw = False
299.2789 	EXP 	fixation: autoDraw = True
299.8632 	DATA 	Keypress: 5
300.6137 	DATA 	Keypress: 5
300.7942 	EXP 	fixation: autoDraw = False
300.7942 	EXP 	fixation: autoDraw = False
300.7942 	EXP 	Target: image = 'images/LoseProbe.bmp'
300.7942 	EXP 	Target: autoDraw = True
301.1509 	DATA 	Keypress: 1
301.2422 	EXP 	Target: autoDraw = False
301.2422 	EXP 	Target: autoDraw = False
301.2422 	EXP 	feedbackMsg: text = 'Correct Response!\n\nYou did not lose $5.00!'
301.2422 	EXP 	feedbackMsg: autoDraw = True
301.4009 	DATA 	Keypress: 5
302.1931 	DATA 	Keypress: 5
302.7740 	EXP 	New trial (rep=0, index=41): OrderedDict([('Condition', 'SmallPun'), ('FixationDur', 2000)])
302.8140 	EXP 	feedbackMsg: autoDraw = False
302.8140 	EXP 	feedbackMsg: autoDraw = False
302.8140 	EXP 	cueImage: image = 'images/LoseSmall.bmp'
302.8140 	EXP 	cueImage: autoDraw = True
302.9418 	DATA 	Keypress: 5
303.7347 	DATA 	Keypress: 5
304.5272 	DATA 	Keypress: 5
304.8272 	EXP 	cueImage: autoDraw = False
304.8272 	EXP 	fixation: autoDraw = True
305.2804 	DATA 	Keypress: 5
306.0698 	DATA 	Keypress: 5
306.8320 	EXP 	fixation: autoDraw = False
306.8320 	EXP 	fixation: autoDraw = False
306.8320 	EXP 	Target: image = 'images/LoseProbe.bmp'
306.8320 	EXP 	Target: autoDraw = True
306.8362 	DATA 	Keypress: 5
307.1932 	DATA 	Keypress: 1
307.2935 	EXP 	Target: autoDraw = False
307.2935 	EXP 	Target: autoDraw = False
307.2935 	EXP 	feedbackMsg: text = 'Correct Response!\n\nYou did not lose $0.20!'
307.2935 	EXP 	feedbackMsg: autoDraw = True
307.6086 	DATA 	Keypress: 5
308.4022 	DATA 	Keypress: 5
308.8148 	EXP 	New trial (rep=0, index=42): OrderedDict([('Condition', 'LgReward'), ('FixationDur', 1500)])
308.8547 	EXP 	feedbackMsg: autoDraw = False
308.8547 	EXP 	feedbackMsg: autoDraw = False
308.8547 	EXP 	cueImage: image = 'images/WinBig.bmp'
308.8547 	EXP 	cueImage: autoDraw = True
309.1913 	DATA 	Keypress: 5
309.9437 	DATA 	Keypress: 5
310.7368 	DATA 	Keypress: 5
310.8614 	EXP 	cueImage: autoDraw = False
310.8614 	EXP 	fixation: autoDraw = True
311.5303 	DATA 	Keypress: 5
312.2803 	DATA 	Keypress: 5
312.3867 	EXP 	fixation: autoDraw = False
312.3867 	EXP 	fixation: autoDraw = False
312.3867 	EXP 	Target: image = 'images/WinProbe.bmp'
312.3867 	EXP 	Target: autoDraw = True
312.7373 	DATA 	Keypress: 1
312.8294 	EXP 	Target: autoDraw = False
312.8294 	EXP 	Target: autoDraw = False
312.8294 	EXP 	feedbackMsg: text = 'Correct Response!\n\nYou won $5.00!'
312.8294 	EXP 	feedbackMsg: autoDraw = True
313.0719 	DATA 	Keypress: 5
313.8623 	DATA 	Keypress: 5
314.3603 	EXP 	New trial (rep=0, index=43): OrderedDict([('Condition', 'SmallPun'), ('FixationDur', 1500)])
314.3995 	EXP 	feedbackMsg: autoDraw = False
314.3995 	EXP 	feedbackMsg: autoDraw = False
314.3995 	EXP 	cueImage: image = 'images/LoseSmall.bmp'
314.3995 	EXP 	cueImage: autoDraw = True
314.6089 	DATA 	Keypress: 5
315.4030 	DATA 	Keypress: 5
316.1938 	DATA 	Keypress: 5
316.4129 	EXP 	cueImage: autoDraw = False
316.4129 	EXP 	cueImage: autoDraw = False
316.4129 	EXP 	fixation: autoDraw = True
316.9453 	DATA 	Keypress: 5
317.7377 	DATA 	Keypress: 5
317.9154 	EXP 	fixation: autoDraw = False
317.9154 	EXP 	fixation: autoDraw = False
317.9154 	EXP 	Target: image = 'images/LoseProbe.bmp'
317.9154 	EXP 	Target: autoDraw = True
318.3186 	DATA 	Keypress: 1
318.3281 	EXP 	Target: autoDraw = False
318.3281 	EXP 	Target: autoDraw = False
318.3281 	EXP 	feedbackMsg: text = 'You pressed too slow!\n\nYou lost $0.20!'
318.3281 	EXP 	feedbackMsg: autoDraw = True
318.5263 	DATA 	Keypress: 5
319.3194 	DATA 	Keypress: 5
319.8582 	EXP 	New trial (rep=0, index=44): OrderedDict([('Condition', 'SmallReward'), ('FixationDur', 1500)])
319.8980 	EXP 	feedbackMsg: autoDraw = False
319.8980 	EXP 	feedbackMsg: autoDraw = False
319.8980 	EXP 	cueImage: image = 'images/WinSmall.bmp'
319.8980 	EXP 	cueImage: autoDraw = True
320.0682 	DATA 	Keypress: 5
320.8589 	DATA 	Keypress: 5
321.6534 	DATA 	Keypress: 5
321.9138 	EXP 	cueImage: autoDraw = False
321.9138 	EXP 	cueImage: autoDraw = False
321.9138 	EXP 	fixation: autoDraw = True
322.4062 	DATA 	Keypress: 5
323.1955 	DATA 	Keypress: 5
323.4420 	EXP 	fixation: autoDraw = False
323.4420 	EXP 	fixation: autoDraw = False
323.4420 	EXP 	Target: image = 'images/WinProbe.bmp'
323.4420 	EXP 	Target: autoDraw = True
323.8657 	DATA 	Keypress: 1
323.8808 	EXP 	Target: autoDraw = False
323.8808 	EXP 	Target: autoDraw = False
323.8808 	EXP 	feedbackMsg: text = 'You pressed too slow!\n\nYou did not win $0.20!'
323.8808 	EXP 	feedbackMsg: autoDraw = True
323.9875 	DATA 	Keypress: 5
324.7385 	DATA 	Keypress: 5
325.4016 	EXP 	New trial (rep=0, index=45): OrderedDict([('Condition', 'LgReward'), ('FixationDur', 4000)])
325.4401 	EXP 	feedbackMsg: autoDraw = False
325.4401 	EXP 	feedbackMsg: autoDraw = False
325.4401 	EXP 	cueImage: image = 'images/WinBig.bmp'
325.4401 	EXP 	cueImage: autoDraw = True
325.5288 	DATA 	Keypress: 5
326.3190 	DATA 	Keypress: 5
327.0676 	DATA 	Keypress: 5
327.4505 	EXP 	cueImage: autoDraw = False
327.4505 	EXP 	cueImage: autoDraw = False
327.4505 	EXP 	fixation: autoDraw = True
327.8631 	DATA 	Keypress: 5
328.6547 	DATA 	Keypress: 5
329.4030 	DATA 	Keypress: 5
330.1983 	DATA 	Keypress: 5
330.9888 	DATA 	Keypress: 5
331.4689 	EXP 	fixation: autoDraw = False
331.4689 	EXP 	fixation: autoDraw = False
331.4689 	EXP 	Target: image = 'images/WinProbe.bmp'
331.4689 	EXP 	Target: autoDraw = True
331.7357 	DATA 	Keypress: 5
331.9057 	DATA 	Keypress: 1
331.9177 	EXP 	Target: autoDraw = False
331.9177 	EXP 	Target: autoDraw = False
331.9177 	EXP 	feedbackMsg: text = 'You pressed too slow!\n\nYou did not win $5.00!'
331.9177 	EXP 	feedbackMsg: autoDraw = True
332.5285 	DATA 	Keypress: 5
333.3219 	DATA 	Keypress: 5
333.4457 	EXP 	New trial (rep=0, index=46): OrderedDict([('Condition', 'Triangle'), ('FixationDur', 3000)])
333.4822 	EXP 	feedbackMsg: autoDraw = False
333.4822 	EXP 	feedbackMsg: autoDraw = False
333.4822 	EXP 	cueImage: image = 'images/Neutral.bmp'
333.4822 	EXP 	cueImage: autoDraw = True
334.0701 	DATA 	Keypress: 5
334.8604 	DATA 	Keypress: 5
335.4989 	EXP 	cueImage: autoDraw = False
335.4989 	EXP 	cueImage: autoDraw = False
335.4989 	EXP 	fixation: autoDraw = True
335.6550 	DATA 	Keypress: 5
336.4040 	DATA 	Keypress: 5
337.1948 	DATA 	Keypress: 5
337.9901 	DATA 	Keypress: 5
338.4992 	EXP 	fixation: autoDraw = False
338.4992 	EXP 	fixation: autoDraw = False
338.4992 	EXP 	Target: image = 'images/NeutralProbe.bmp'
338.4992 	EXP 	Target: autoDraw = True
338.7356 	DATA 	Keypress: 5
338.9454 	DATA 	Keypress: 1
338.9653 	EXP 	Target: autoDraw = False
338.9653 	EXP 	Target: autoDraw = False
338.9653 	EXP 	feedbackMsg: text = 'You pressed too slow!\n\nYou did not win or lose anything!'
338.9653 	EXP 	feedbackMsg: autoDraw = True
339.5293 	DATA 	Keypress: 5
340.3238 	DATA 	Keypress: 5
340.4866 	EXP 	New trial (rep=0, index=47): OrderedDict([('Condition', 'SmallPun'), ('FixationDur', 3000)])
340.5256 	EXP 	feedbackMsg: autoDraw = False
340.5256 	EXP 	feedbackMsg: autoDraw = False
340.5256 	EXP 	cueImage: image = 'images/LoseSmall.bmp'
340.5256 	EXP 	cueImage: autoDraw = True
341.0700 	DATA 	Keypress: 5
341.8601 	DATA 	Keypress: 5
342.5327 	EXP 	cueImage: autoDraw = False
342.5327 	EXP 	cueImage: autoDraw = False
342.5327 	EXP 	fixation: autoDraw = True
342.6569 	DATA 	Keypress: 5
343.4044 	DATA 	Keypress: 5
344.1962 	DATA 	Keypress: 5
344.9883 	DATA 	Keypress: 5
345.5395 	EXP 	fixation: autoDraw = False
345.5395 	EXP 	fixation: autoDraw = False
345.5395 	EXP 	Target: image = 'images/LoseProbe.bmp'
345.5395 	EXP 	Target: autoDraw = True
345.7361 	DATA 	Keypress: 5
345.9035 	DATA 	Keypress: 1
345.9987 	EXP 	Target: autoDraw = False
345.9987 	EXP 	Target: autoDraw = False
345.9987 	EXP 	feedbackMsg: text = 'Correct Response!\n\nYou did not lose $0.20!'
345.9987 	EXP 	feedbackMsg: autoDraw = True
346.5278 	DATA 	Keypress: 5
347.3186 	DATA 	Keypress: 5
347.5258 	EXP 	New trial (rep=0, index=48): OrderedDict([('Condition', 'SmallPun'), ('FixationDur', 2500)])
347.5648 	EXP 	feedbackMsg: autoDraw = False
347.5648 	EXP 	feedbackMsg: autoDraw = False
347.5648 	EXP 	cueImage: image = 'images/LoseSmall.bmp'
347.5648 	EXP 	cueImage: autoDraw = True
348.0695 	DATA 	Keypress: 5
348.8621 	DATA 	Keypress: 5
349.5837 	EXP 	cueImage: autoDraw = False
349.5837 	EXP 	fixation: autoDraw = True
349.6550 	DATA 	Keypress: 5
350.4052 	DATA 	Keypress: 5
351.1977 	DATA 	Keypress: 5
351.9880 	DATA 	Keypress: 5
352.0842 	EXP 	fixation: autoDraw = False
352.0842 	EXP 	fixation: autoDraw = False
352.0842 	EXP 	Target: image = 'images/LoseProbe.bmp'
352.0842 	EXP 	Target: autoDraw = True
352.5486 	EXP 	Target: autoDraw = False
352.5486 	EXP 	Target: autoDraw = False
352.5486 	EXP 	feedbackMsg: text = 'You pressed too slow!\n\nYou lost $0.20!'
352.5486 	EXP 	feedbackMsg: autoDraw = True
352.5530 	DATA 	Keypress: 1
352.7360 	DATA 	Keypress: 5
353.5292 	DATA 	Keypress: 5
354.0682 	EXP 	New trial (rep=0, index=49): OrderedDict([('Condition', 'SmallReward'), ('FixationDur', 2000)])
354.1079 	EXP 	feedbackMsg: autoDraw = False
354.1079 	EXP 	feedbackMsg: autoDraw = False
354.1079 	EXP 	cueImage: image = 'images/WinSmall.bmp'
354.1079 	EXP 	cueImage: autoDraw = True
354.3187 	DATA 	Keypress: 5
355.0694 	DATA 	Keypress: 5
355.8626 	DATA 	Keypress: 5
356.1170 	EXP 	cueImage: autoDraw = False
356.1170 	EXP 	cueImage: autoDraw = False
356.1170 	EXP 	fixation: autoDraw = True
356.6556 	DATA 	Keypress: 5
357.4049 	DATA 	Keypress: 5
358.1373 	EXP 	fixation: autoDraw = False
358.1373 	EXP 	fixation: autoDraw = False
358.1373 	EXP 	Target: image = 'images/WinProbe.bmp'
358.1373 	EXP 	Target: autoDraw = True
358.1976 	DATA 	Keypress: 5
358.5290 	DATA 	Keypress: 1
358.6215 	EXP 	Target: autoDraw = False
358.6215 	EXP 	Target: autoDraw = False
358.6215 	EXP 	feedbackMsg: text = 'Correct Response!\n\nYou won $0.20!'
358.6215 	EXP 	feedbackMsg: autoDraw = True
358.9903 	DATA 	Keypress: 5
359.7403 	DATA 	Keypress: 5
360.1525 	EXP 	feedbackMsg: autoDraw = False
360.1525 	EXP 	feedbackMsg: autoDraw = False
360.1525 	EXP 	polygon: autoDraw = True
360.5316 	DATA 	Keypress: 5
361.3205 	DATA 	Keypress: 5
362.0707 	DATA 	Keypress: 5
362.8649 	DATA 	Keypress: 5
363.6555 	DATA 	Keypress: 5
364.4058 	DATA 	Keypress: 5
365.1506 	EXP 	polygon: autoDraw = False
365.1506 	EXP 	polygon: autoDraw = False
365.1506 	EXP 	text: text = 'All done!\n\nYou earned a total of: $15.00!'
365.1506 	EXP 	text: autoDraw = True
365.1997 	DATA 	Keypress: 5
365.9893 	DATA 	Keypress: 5
366.7392 	DATA 	Keypress: 5
367.5313 	DATA 	Keypress: 5
368.1685 	EXP 	text: autoDraw = False
368.1685 	EXP 	text: autoDraw = False
368.1685 	EXP 	polygon2: autoDraw = True
371.1571 	DATA 	Keypress: escape
371.4832 	EXP 	window1: mouseVisible = True
