20.4141 	EXP 	Created window1 = Window(allowGUI=False, allowStencil=False, args=UNKNOWN, autoLog=True, bitsMode=UNKNOWN, blendMode='avg', color=array([0., 0., 0.]), colorSpace='rgb', fullscr=<method-wrapper '__getattribute__' of attributeSetter object at 0x134e59ba8>, gamma=None, kwargs=UNKNOWN, lms=UNKNOWN, monitor=<psychopy.monitors.calibTools.Monitor object at 0x134fa9e10>, multiSample=False, name='window1', numSamples=2, pos=[0.0, 0.0], screen=0, size=array([1920, 1080]), stereo=False, units='height', useFBO=True, useRetina=False, viewOri=0.0, viewPos=None, viewScale=None, waitBlanking=True, winType='pyglet')
20.4141 	EXP 	window1: recordFrameIntervals = False
20.5799 	EXP 	window1: recordFrameIntervals = True
20.7632 	EXP 	window1: recordFrameIntervals = False
20.7633 	EXP 	window1: recordFrameIntervals = False
20.9288 	EXP 	window1: recordFrameIntervals = True
21.1130 	EXP 	window1: recordFrameIntervals = False
21.5741 	EXP 	Created preinstruct_text = TextStim(__class__=<class 'psychopy.visual.text.TextStim'>, alignHoriz='center', alignVert='center', antialias=True, autoLog=True, bold=False, color='white', colorSpace='named', contrast=1.0, depth=0.0, flipHoriz=False, flipVert=False, font='Arial', fontFiles=[], height=0.05, italic=False, languageStyle='LTR', name='preinstruct_text', opacity=1.0, ori=0, pos=array([0., 0.]), rgb=array([255., 255., 255.]), text='Money Task - Scanner 2', units='height', win=Window(...), wrapWidth=1)
21.6199 	EXP 	Created instructFig = ImageStim(__class__=<class 'psychopy.visual.image.ImageStim'>, autoLog=True, color=array([1., 1., 1.]), colorSpace='rgb', contrast=1.0, depth=0.0, flipHoriz=False, flipVert=False, image='images/MID_instructions.bmp', interpolate=True, mask=None, maskParams=None, name='instructFig', opacity=1.0, ori=0.0, pos=array([0., 0.]), size=array([1.3, 1. ]), texRes=128, units='height', win=Window(...))
21.6216 	EXP 	Created PrepFixation = ShapeStim(__class__=<class 'psychopy.visual.shape.ShapeStim'>, autoDraw=False, autoLog=True, closeShape=True, contrast=1.0, depth=0.0, fillColor=array([1., 1., 1.]), fillColorSpace='rgb', interpolate=True, lineColor=array([1., 1., 1.]), lineColorSpace='rgb', lineWidth=1, name='PrepFixation', opacity=1.0, ori=array(0.), pos=array([0., 0.]), size=array([0.05, 0.05]), units='height', vertices=ndarray(...), win=Window(...), windingRule=None)
21.6231 	EXP 	Created cueImage = ImageStim(__class__=<class 'psychopy.visual.image.ImageStim'>, autoLog=True, color=array([1., 1., 1.]), colorSpace='rgb', contrast=1.0, depth=0.0, flipHoriz=False, flipVert=False, image='sin', interpolate=True, mask=None, maskParams=None, name='cueImage', opacity=1.0, ori=0.0, pos=array([0., 0.]), size=array([1.3, 1. ]), texRes=128, units='height', win=Window(...))
21.6246 	EXP 	Created fixation = ShapeStim(__class__=<class 'psychopy.visual.shape.ShapeStim'>, autoDraw=False, autoLog=True, closeShape=True, contrast=1.0, depth=-1.0, fillColor=array([1., 1., 1.]), fillColorSpace='rgb', interpolate=True, lineColor=array([1., 1., 1.]), lineColorSpace='rgb', lineWidth=1, name='fixation', opacity=1.0, ori=array(0.), pos=array([0., 0.]), size=array([0.05, 0.05]), units='height', vertices=ndarray(...), win=Window(...), windingRule=None)
21.6262 	EXP 	Created Target = ImageStim(__class__=<class 'psychopy.visual.image.ImageStim'>, autoLog=True, color=array([1., 1., 1.]), colorSpace='rgb', contrast=1.0, depth=-1.0, flipHoriz=False, flipVert=False, image='sin', interpolate=True, mask=None, maskParams=None, name='Target', opacity=1.0, ori=0.0, pos=array([0., 0.]), size=array([1.3, 1. ]), texRes=128, units='height', win=Window(...))
21.6355 	EXP 	Created feedbackMsg = TextStim(__class__=<class 'psychopy.visual.text.TextStim'>, alignHoriz='center', alignVert='center', antialias=True, autoLog=True, bold=False, color='white', colorSpace='named', contrast=1.0, depth=-2.0, flipHoriz=False, flipVert=False, font='Arial', fontFiles=[], height=0.05, italic=False, languageStyle='LTR', name='feedbackMsg', opacity=1.0, ori=0, pos=array([0., 0.]), rgb=array([255., 255., 255.]), text='default text', units='height', win=Window(...), wrapWidth=2)
21.6370 	EXP 	Created polygon = ShapeStim(__class__=<class 'psychopy.visual.shape.ShapeStim'>, autoDraw=False, autoLog=True, closeShape=True, contrast=1.0, depth=0.0, fillColor=array([1., 1., 1.]), fillColorSpace='rgb', interpolate=True, lineColor=array([1., 1., 1.]), lineColorSpace='rgb', lineWidth=1, name='polygon', opacity=1.0, ori=array(0.), pos=array([0., 0.]), size=array([0.05, 0.05]), units='height', vertices=ndarray(...), win=Window(...), windingRule=None)
21.6436 	EXP 	Created text = TextStim(__class__=<class 'psychopy.visual.text.TextStim'>, alignHoriz='center', alignVert='center', antialias=True, autoLog=True, bold=False, color='white', colorSpace='named', contrast=1.0, depth=-1.0, flipHoriz=False, flipVert=False, font='Arial', fontFiles=[], height=0.07, italic=False, languageStyle='LTR', name='text', opacity=1.0, ori=0, pos=array([0., 0.]), rgb=array([255., 255., 255.]), text='default text', units='height', win=Window(...), wrapWidth=1)
21.6450 	EXP 	Created polygon2 = ShapeStim(__class__=<class 'psychopy.visual.shape.ShapeStim'>, autoDraw=False, autoLog=True, closeShape=True, contrast=1.0, depth=0.0, fillColor=array([1., 1., 1.]), fillColorSpace='rgb', interpolate=True, lineColor=array([1., 1., 1.]), lineColorSpace='rgb', lineWidth=1, name='polygon2', opacity=1.0, ori=array(0.), pos=array([0., 0.]), size=array([0.05, 0.05]), units='height', vertices=ndarray(...), win=Window(...), windingRule=None)
21.6578 	EXP 	preinstruct_text: autoDraw = True
23.6913 	EXP 	preinstruct_text: autoDraw = False
23.6913 	EXP 	instructFig: autoDraw = True
40.7775 	DATA 	Keypress: 5
40.7936 	EXP 	instructFig: autoDraw = False
40.7936 	EXP 	PrepFixation: autoDraw = True
41.5507 	DATA 	Keypress: 5
42.3352 	DATA 	Keypress: 5
42.7755 	EXP 	Imported TimeVersion12.csv as conditions, 50 conditions, 2 params
42.7759 	EXP 	Created sequence: sequential, trialTypes=50, nReps=1, seed=None
42.7762 	EXP 	New trial (rep=0, index=0): OrderedDict([('Condition', 'SmallPun'), ('FixationDur', 1500)])
42.7932 	EXP 	PrepFixation: autoDraw = False
42.7932 	EXP 	PrepFixation: autoDraw = False
42.7932 	EXP 	cueImage: image = 'images/LoseSmall.bmp'
42.7932 	EXP 	cueImage: autoDraw = True
43.1141 	DATA 	Keypress: 5
43.8791 	DATA 	Keypress: 5
44.6641 	DATA 	Keypress: 5
44.8273 	EXP 	cueImage: autoDraw = False
44.8273 	EXP 	fixation: autoDraw = True
45.4477 	DATA 	Keypress: 5
46.2125 	DATA 	Keypress: 5
46.3645 	EXP 	fixation: autoDraw = False
46.3645 	EXP 	fixation: autoDraw = False
46.3645 	EXP 	Target: image = 'images/LoseProbe.bmp'
46.3645 	EXP 	Target: autoDraw = True
46.6339 	DATA 	Keypress: 1
46.7112 	EXP 	Target: autoDraw = False
46.7112 	EXP 	Target: autoDraw = False
46.7112 	EXP 	feedbackMsg: text = 'Correct Response!\n\nYou did not lose $0.20!'
46.7112 	EXP 	feedbackMsg: autoDraw = True
46.9969 	DATA 	Keypress: 5
47.7820 	DATA 	Keypress: 5
48.4128 	EXP 	New trial (rep=0, index=1): OrderedDict([('Condition', 'LgPun'), ('FixationDur', 3500)])
48.4269 	EXP 	feedbackMsg: autoDraw = False
48.4269 	EXP 	feedbackMsg: autoDraw = False
48.4269 	EXP 	cueImage: image = 'images/LoseBig.bmp'
48.4269 	EXP 	cueImage: autoDraw = True
48.5466 	DATA 	Keypress: 5
49.3313 	DATA 	Keypress: 5
50.1148 	DATA 	Keypress: 5
50.4611 	EXP 	cueImage: autoDraw = False
50.4611 	EXP 	cueImage: autoDraw = False
50.4611 	EXP 	fixation: autoDraw = True
50.8812 	DATA 	Keypress: 5
51.6684 	DATA 	Keypress: 5
52.4530 	DATA 	Keypress: 5
53.2181 	DATA 	Keypress: 5
53.9947 	EXP 	fixation: autoDraw = False
53.9947 	EXP 	fixation: autoDraw = False
53.9947 	EXP 	Target: image = 'images/LoseProbe.bmp'
53.9947 	EXP 	Target: autoDraw = True
53.9981 	DATA 	Keypress: 5
54.2143 	DATA 	Keypress: 1
54.3290 	EXP 	Target: autoDraw = False
54.3290 	EXP 	Target: autoDraw = False
54.3290 	EXP 	feedbackMsg: text = 'Correct Response!\n\nYou did not lose $5.00!'
54.3290 	EXP 	feedbackMsg: autoDraw = True
54.7835 	DATA 	Keypress: 5
55.5480 	DATA 	Keypress: 5
56.0298 	EXP 	New trial (rep=0, index=2): OrderedDict([('Condition', 'Triangle'), ('FixationDur', 2500)])
56.0456 	EXP 	feedbackMsg: autoDraw = False
56.0456 	EXP 	feedbackMsg: autoDraw = False
56.0456 	EXP 	cueImage: image = 'images/Neutral.bmp'
56.0456 	EXP 	cueImage: autoDraw = True
56.3356 	DATA 	Keypress: 5
57.1186 	DATA 	Keypress: 5
57.8837 	DATA 	Keypress: 5
58.0789 	EXP 	cueImage: autoDraw = False
58.0789 	EXP 	fixation: autoDraw = True
58.6685 	DATA 	Keypress: 5
59.4527 	DATA 	Keypress: 5
60.2174 	DATA 	Keypress: 5
60.6118 	EXP 	fixation: autoDraw = False
60.6118 	EXP 	fixation: autoDraw = False
60.6118 	EXP 	Target: image = 'images/NeutralProbe.bmp'
60.6118 	EXP 	Target: autoDraw = True
60.9321 	EXP 	Target: autoDraw = False
60.9321 	EXP 	Target: autoDraw = False
60.9321 	EXP 	feedbackMsg: text = 'You pressed too slow!\n\nYou did not win or lose anything!'
60.9321 	EXP 	feedbackMsg: autoDraw = True
61.0023 	DATA 	Keypress: 5
61.7842 	DATA 	Keypress: 5
62.5519 	DATA 	Keypress: 5
62.6340 	EXP 	New trial (rep=0, index=3): OrderedDict([('Condition', 'LgPun'), ('FixationDur', 3000)])
62.6485 	EXP 	feedbackMsg: autoDraw = False
62.6485 	EXP 	feedbackMsg: autoDraw = False
62.6485 	EXP 	cueImage: image = 'images/LoseBig.bmp'
62.6485 	EXP 	cueImage: autoDraw = True
63.3347 	DATA 	Keypress: 5
64.1195 	DATA 	Keypress: 5
64.6802 	EXP 	cueImage: autoDraw = False
64.6802 	EXP 	cueImage: autoDraw = False
64.6802 	EXP 	fixation: autoDraw = True
64.8854 	DATA 	Keypress: 5
65.6690 	DATA 	Keypress: 5
66.4533 	DATA 	Keypress: 5
67.2194 	DATA 	Keypress: 5
67.7135 	EXP 	fixation: autoDraw = False
67.7135 	EXP 	fixation: autoDraw = False
67.7135 	EXP 	Target: image = 'images/LoseProbe.bmp'
67.7135 	EXP 	Target: autoDraw = True
68.0280 	DATA 	Keypress: 1
68.0298 	DATA 	Keypress: 5
68.0474 	EXP 	Target: autoDraw = False
68.0474 	EXP 	Target: autoDraw = False
68.0474 	EXP 	feedbackMsg: text = 'You pressed too slow!\n\nYou lost $5.00!'
68.0474 	EXP 	feedbackMsg: autoDraw = True
68.7869 	DATA 	Keypress: 5
69.5523 	DATA 	Keypress: 5
69.7343 	EXP 	New trial (rep=0, index=4): OrderedDict([('Condition', 'SmallReward'), ('FixationDur', 4000)])
69.7640 	EXP 	feedbackMsg: autoDraw = False
69.7640 	EXP 	feedbackMsg: autoDraw = False
69.7640 	EXP 	cueImage: image = 'images/WinSmall.bmp'
69.7640 	EXP 	cueImage: autoDraw = True
70.3347 	DATA 	Keypress: 5
71.1198 	DATA 	Keypress: 5
71.7966 	EXP 	cueImage: autoDraw = False
71.7966 	EXP 	fixation: autoDraw = True
71.9008 	DATA 	Keypress: 5
72.6692 	DATA 	Keypress: 5
73.4537 	DATA 	Keypress: 5
74.2197 	DATA 	Keypress: 5
75.0031 	DATA 	Keypress: 5
75.8161 	DATA 	Keypress: 5
75.8308 	EXP 	fixation: autoDraw = False
75.8308 	EXP 	fixation: autoDraw = False
75.8308 	EXP 	Target: image = 'images/WinProbe.bmp'
75.8308 	EXP 	Target: autoDraw = True
76.1293 	DATA 	Keypress: 1
76.1477 	EXP 	Target: autoDraw = False
76.1477 	EXP 	Target: autoDraw = False
76.1477 	EXP 	feedbackMsg: text = 'You pressed too slow!\n\nYou did not win $0.20!'
76.1477 	EXP 	feedbackMsg: autoDraw = True
76.5712 	DATA 	Keypress: 5
77.3357 	DATA 	Keypress: 5
77.8517 	EXP 	New trial (rep=0, index=5): OrderedDict([('Condition', 'LgReward'), ('FixationDur', 1500)])
77.8812 	EXP 	feedbackMsg: autoDraw = False
77.8812 	EXP 	feedbackMsg: autoDraw = False
77.8812 	EXP 	cueImage: image = 'images/WinBig.bmp'
77.8812 	EXP 	cueImage: autoDraw = True
78.1199 	DATA 	Keypress: 5
78.9032 	DATA 	Keypress: 5
79.6686 	DATA 	Keypress: 5
79.9156 	EXP 	cueImage: autoDraw = False
79.9156 	EXP 	fixation: autoDraw = True
80.4541 	DATA 	Keypress: 5
81.2377 	DATA 	Keypress: 5
81.4654 	EXP 	fixation: autoDraw = False
81.4654 	EXP 	fixation: autoDraw = False
81.4654 	EXP 	Target: image = 'images/WinProbe.bmp'
81.4654 	EXP 	Target: autoDraw = True
81.7655 	DATA 	Keypress: 1
81.7821 	EXP 	Target: autoDraw = False
81.7821 	EXP 	Target: autoDraw = False
81.7821 	EXP 	feedbackMsg: text = 'You pressed too slow!\n\nYou did not win $5.00!'
81.7821 	EXP 	feedbackMsg: autoDraw = True
82.0021 	DATA 	Keypress: 5
82.7873 	DATA 	Keypress: 5
83.4853 	EXP 	New trial (rep=0, index=6): OrderedDict([('Condition', 'SmallPun'), ('FixationDur', 4000)])
83.4996 	EXP 	feedbackMsg: autoDraw = False
83.4996 	EXP 	feedbackMsg: autoDraw = False
83.4996 	EXP 	cueImage: image = 'images/LoseSmall.bmp'
83.4996 	EXP 	cueImage: autoDraw = True
83.5701 	DATA 	Keypress: 5
84.3362 	DATA 	Keypress: 5
85.1198 	DATA 	Keypress: 5
85.5328 	EXP 	cueImage: autoDraw = False
85.5328 	EXP 	cueImage: autoDraw = False
85.5328 	EXP 	fixation: autoDraw = True
85.9034 	DATA 	Keypress: 5
86.6702 	DATA 	Keypress: 5
87.4534 	DATA 	Keypress: 5
88.2380 	DATA 	Keypress: 5
89.0038 	DATA 	Keypress: 5
89.5665 	EXP 	fixation: autoDraw = False
89.5665 	EXP 	fixation: autoDraw = False
89.5665 	EXP 	Target: image = 'images/LoseProbe.bmp'
89.5665 	EXP 	Target: autoDraw = True
89.7869 	DATA 	Keypress: 5
89.8594 	DATA 	Keypress: 1
89.8666 	EXP 	Target: autoDraw = False
89.8666 	EXP 	Target: autoDraw = False
89.8666 	EXP 	feedbackMsg: text = 'You pressed too slow!\n\nYou lost $0.20!'
89.8666 	EXP 	feedbackMsg: autoDraw = True
90.5716 	DATA 	Keypress: 5
91.3376 	DATA 	Keypress: 5
91.5847 	EXP 	New trial (rep=0, index=7): OrderedDict([('Condition', 'SmallReward'), ('FixationDur', 2000)])
91.6001 	EXP 	feedbackMsg: autoDraw = False
91.6001 	EXP 	feedbackMsg: autoDraw = False
91.6001 	EXP 	cueImage: image = 'images/WinSmall.bmp'
91.6001 	EXP 	cueImage: autoDraw = True
92.1183 	DATA 	Keypress: 5
92.9048 	DATA 	Keypress: 5
93.6339 	EXP 	cueImage: autoDraw = False
93.6339 	EXP 	cueImage: autoDraw = False
93.6339 	EXP 	fixation: autoDraw = True
93.6704 	DATA 	Keypress: 5
94.4529 	DATA 	Keypress: 5
95.2385 	DATA 	Keypress: 5
95.6843 	EXP 	fixation: autoDraw = False
95.6843 	EXP 	fixation: autoDraw = False
95.6843 	EXP 	Target: image = 'images/WinProbe.bmp'
95.6843 	EXP 	Target: autoDraw = True
95.9375 	DATA 	Keypress: 1
96.0128 	DATA 	Keypress: 5
96.0172 	EXP 	Target: autoDraw = False
96.0172 	EXP 	Target: autoDraw = False
96.0172 	EXP 	feedbackMsg: text = 'Correct Response!\n\nYou won $0.20!'
96.0172 	EXP 	feedbackMsg: autoDraw = True
96.7870 	DATA 	Keypress: 5
97.5725 	DATA 	Keypress: 5
97.7021 	EXP 	New trial (rep=0, index=8): OrderedDict([('Condition', 'SmallPun'), ('FixationDur', 1500)])
97.7167 	EXP 	feedbackMsg: autoDraw = False
97.7167 	EXP 	feedbackMsg: autoDraw = False
97.7167 	EXP 	cueImage: image = 'images/LoseSmall.bmp'
97.7167 	EXP 	cueImage: autoDraw = True
98.3549 	DATA 	Keypress: 5
99.1194 	DATA 	Keypress: 5
99.7519 	EXP 	cueImage: autoDraw = False
99.7519 	EXP 	cueImage: autoDraw = False
99.7519 	EXP 	fixation: autoDraw = True
99.9049 	DATA 	Keypress: 5
100.6884 	DATA 	Keypress: 5
101.2848 	EXP 	fixation: autoDraw = False
101.2848 	EXP 	fixation: autoDraw = False
101.2848 	EXP 	Target: image = 'images/LoseProbe.bmp'
101.2848 	EXP 	Target: autoDraw = True
101.4538 	DATA 	Keypress: 5
101.5539 	DATA 	Keypress: 1
101.6347 	EXP 	Target: autoDraw = False
101.6347 	EXP 	Target: autoDraw = False
101.6347 	EXP 	feedbackMsg: text = 'Correct Response!\n\nYou did not lose $0.20!'
101.6347 	EXP 	feedbackMsg: autoDraw = True
102.2369 	DATA 	Keypress: 5
103.0227 	DATA 	Keypress: 5
103.3187 	EXP 	New trial (rep=0, index=9): OrderedDict([('Condition', 'SmallPun'), ('FixationDur', 3000)])
103.3348 	EXP 	feedbackMsg: autoDraw = False
103.3348 	EXP 	feedbackMsg: autoDraw = False
103.3348 	EXP 	cueImage: image = 'images/LoseSmall.bmp'
103.3348 	EXP 	cueImage: autoDraw = True
103.7872 	DATA 	Keypress: 5
104.5716 	DATA 	Keypress: 5
105.3550 	DATA 	Keypress: 5
105.3690 	EXP 	cueImage: autoDraw = False
105.3690 	EXP 	cueImage: autoDraw = False
105.3690 	EXP 	fixation: autoDraw = True
106.1215 	DATA 	Keypress: 5
106.9044 	DATA 	Keypress: 5
107.6884 	DATA 	Keypress: 5
108.4017 	EXP 	fixation: autoDraw = False
108.4017 	EXP 	fixation: autoDraw = False
108.4017 	EXP 	Target: image = 'images/LoseProbe.bmp'
108.4017 	EXP 	Target: autoDraw = True
108.4545 	DATA 	Keypress: 5
108.7435 	DATA 	Keypress: 1
108.7520 	EXP 	Target: autoDraw = False
108.7520 	EXP 	Target: autoDraw = False
108.7520 	EXP 	feedbackMsg: text = 'You pressed too slow!\n\nYou lost $0.20!'
108.7520 	EXP 	feedbackMsg: autoDraw = True
109.2390 	DATA 	Keypress: 5
110.0220 	DATA 	Keypress: 5
110.4205 	EXP 	New trial (rep=0, index=10): OrderedDict([('Condition', 'LgReward'), ('FixationDur', 4000)])
110.4521 	EXP 	feedbackMsg: autoDraw = False
110.4521 	EXP 	feedbackMsg: autoDraw = False
110.4521 	EXP 	cueImage: image = 'images/WinBig.bmp'
110.4521 	EXP 	cueImage: autoDraw = True
110.7884 	DATA 	Keypress: 5
111.5706 	DATA 	Keypress: 5
112.3560 	DATA 	Keypress: 5
112.4687 	EXP 	cueImage: autoDraw = False
112.4687 	EXP 	fixation: autoDraw = True
113.1219 	DATA 	Keypress: 5
113.9053 	DATA 	Keypress: 5
114.6903 	DATA 	Keypress: 5
115.4553 	DATA 	Keypress: 5
116.2381 	DATA 	Keypress: 5
116.5184 	EXP 	fixation: autoDraw = False
116.5184 	EXP 	fixation: autoDraw = False
116.5184 	EXP 	Target: image = 'images/WinProbe.bmp'
116.5184 	EXP 	Target: autoDraw = True
116.7554 	DATA 	Keypress: 1
116.9025 	EXP 	Target: autoDraw = False
116.9025 	EXP 	Target: autoDraw = False
116.9025 	EXP 	feedbackMsg: text = 'Correct Response!\n\nYou won $5.00!'
116.9025 	EXP 	feedbackMsg: autoDraw = True
117.0226 	DATA 	Keypress: 5
117.7892 	DATA 	Keypress: 5
118.5375 	EXP 	New trial (rep=0, index=11): OrderedDict([('Condition', 'LgReward'), ('FixationDur', 2500)])
118.5684 	EXP 	feedbackMsg: autoDraw = False
118.5684 	EXP 	feedbackMsg: autoDraw = False
118.5684 	EXP 	cueImage: image = 'images/WinBig.bmp'
118.5684 	EXP 	cueImage: autoDraw = True
118.5714 	DATA 	Keypress: 5
119.3550 	DATA 	Keypress: 5
120.1398 	DATA 	Keypress: 5
120.6028 	EXP 	cueImage: autoDraw = False
120.6028 	EXP 	fixation: autoDraw = True
120.9060 	DATA 	Keypress: 5
121.6904 	DATA 	Keypress: 5
122.4734 	DATA 	Keypress: 5
123.1528 	EXP 	fixation: autoDraw = False
123.1528 	EXP 	fixation: autoDraw = False
123.1528 	EXP 	Target: image = 'images/WinProbe.bmp'
123.1528 	EXP 	Target: autoDraw = True
123.2380 	DATA 	Keypress: 5
123.4072 	DATA 	Keypress: 1
123.5363 	EXP 	Target: autoDraw = False
123.5363 	EXP 	Target: autoDraw = False
123.5363 	EXP 	feedbackMsg: text = 'Correct Response!\n\nYou won $5.00!'
123.5363 	EXP 	feedbackMsg: autoDraw = True
124.0233 	DATA 	Keypress: 5
124.8073 	DATA 	Keypress: 5
125.1713 	EXP 	New trial (rep=0, index=12): OrderedDict([('Condition', 'Triangle'), ('FixationDur', 1500)])
125.1856 	EXP 	feedbackMsg: autoDraw = False
125.1856 	EXP 	feedbackMsg: autoDraw = False
125.1856 	EXP 	cueImage: image = 'images/Neutral.bmp'
125.1856 	EXP 	cueImage: autoDraw = True
125.5722 	DATA 	Keypress: 5
126.3566 	DATA 	Keypress: 5
127.1404 	DATA 	Keypress: 5
127.2203 	EXP 	cueImage: autoDraw = False
127.2203 	EXP 	cueImage: autoDraw = False
127.2203 	EXP 	fixation: autoDraw = True
127.9070 	DATA 	Keypress: 5
128.6891 	DATA 	Keypress: 5
128.7526 	EXP 	fixation: autoDraw = False
128.7526 	EXP 	fixation: autoDraw = False
128.7526 	EXP 	Target: image = 'images/NeutralProbe.bmp'
128.7526 	EXP 	Target: autoDraw = True
129.1356 	EXP 	Target: autoDraw = False
129.1356 	EXP 	Target: autoDraw = False
129.1356 	EXP 	feedbackMsg: text = 'You pressed too slow!\n\nYou did not win or lose anything!'
129.1356 	EXP 	feedbackMsg: autoDraw = True
129.4736 	DATA 	Keypress: 5
130.2394 	DATA 	Keypress: 5
130.7714 	EXP 	New trial (rep=0, index=13): OrderedDict([('Condition', 'LgReward'), ('FixationDur', 1500)])
130.8028 	EXP 	feedbackMsg: autoDraw = False
130.8028 	EXP 	feedbackMsg: autoDraw = False
130.8028 	EXP 	cueImage: image = 'images/WinBig.bmp'
130.8028 	EXP 	cueImage: autoDraw = True
131.0222 	DATA 	Keypress: 5
131.8060 	DATA 	Keypress: 5
132.5727 	DATA 	Keypress: 5
132.8359 	EXP 	cueImage: autoDraw = False
132.8359 	EXP 	fixation: autoDraw = True
133.3561 	DATA 	Keypress: 5
134.1412 	DATA 	Keypress: 5
134.3864 	EXP 	fixation: autoDraw = False
134.3864 	EXP 	fixation: autoDraw = False
134.3864 	EXP 	Target: image = 'images/WinProbe.bmp'
134.3864 	EXP 	Target: autoDraw = True
134.7678 	DATA 	Keypress: 1
134.7868 	EXP 	Target: autoDraw = False
134.7868 	EXP 	Target: autoDraw = False
134.7868 	EXP 	feedbackMsg: text = 'You pressed too slow!\n\nYou did not win $5.00!'
134.7868 	EXP 	feedbackMsg: autoDraw = True
134.9068 	DATA 	Keypress: 5
135.6900 	DATA 	Keypress: 5
136.4057 	EXP 	New trial (rep=0, index=14): OrderedDict([('Condition', 'SmallReward'), ('FixationDur', 1500)])
136.4366 	EXP 	feedbackMsg: autoDraw = False
136.4366 	EXP 	feedbackMsg: autoDraw = False
136.4366 	EXP 	cueImage: image = 'images/WinSmall.bmp'
136.4366 	EXP 	cueImage: autoDraw = True
136.4734 	DATA 	Keypress: 5
137.2401 	DATA 	Keypress: 5
138.0226 	DATA 	Keypress: 5
138.4708 	EXP 	cueImage: autoDraw = False
138.4708 	EXP 	fixation: autoDraw = True
138.8082 	DATA 	Keypress: 5
139.5747 	DATA 	Keypress: 5
140.0206 	EXP 	fixation: autoDraw = False
140.0206 	EXP 	fixation: autoDraw = False
140.0206 	EXP 	Target: image = 'images/WinProbe.bmp'
140.0206 	EXP 	Target: autoDraw = True
140.2569 	DATA 	Keypress: 1
140.3818 	DATA 	Keypress: 5
140.3865 	EXP 	Target: autoDraw = False
140.3865 	EXP 	Target: autoDraw = False
140.3865 	EXP 	feedbackMsg: text = 'Correct Response!\n\nYou won $0.20!'
140.3865 	EXP 	feedbackMsg: autoDraw = True
141.1410 	DATA 	Keypress: 5
141.9083 	DATA 	Keypress: 5
142.0390 	EXP 	New trial (rep=0, index=15): OrderedDict([('Condition', 'LgPun'), ('FixationDur', 1500)])
142.0534 	EXP 	feedbackMsg: autoDraw = False
142.0534 	EXP 	feedbackMsg: autoDraw = False
142.0534 	EXP 	cueImage: image = 'images/LoseBig.bmp'
142.0534 	EXP 	cueImage: autoDraw = True
142.6891 	DATA 	Keypress: 5
143.4743 	DATA 	Keypress: 5
144.0880 	EXP 	cueImage: autoDraw = False
144.0880 	EXP 	cueImage: autoDraw = False
144.0880 	EXP 	fixation: autoDraw = True
144.2586 	DATA 	Keypress: 5
145.0233 	DATA 	Keypress: 5
145.6206 	EXP 	fixation: autoDraw = False
145.6206 	EXP 	fixation: autoDraw = False
145.6206 	EXP 	Target: image = 'images/LoseProbe.bmp'
145.6206 	EXP 	Target: autoDraw = True
145.8083 	DATA 	Keypress: 5
145.8905 	DATA 	Keypress: 1
145.9877 	EXP 	Target: autoDraw = False
145.9877 	EXP 	Target: autoDraw = False
145.9877 	EXP 	feedbackMsg: text = 'Correct Response!\n\nYou did not lose $5.00!'
145.9877 	EXP 	feedbackMsg: autoDraw = True
146.5924 	DATA 	Keypress: 5
147.3567 	DATA 	Keypress: 5
147.6562 	EXP 	New trial (rep=0, index=16): OrderedDict([('Condition', 'SmallReward'), ('FixationDur', 2500)])
147.6874 	EXP 	feedbackMsg: autoDraw = False
147.6874 	EXP 	feedbackMsg: autoDraw = False
147.6874 	EXP 	cueImage: image = 'images/WinSmall.bmp'
147.6874 	EXP 	cueImage: autoDraw = True
148.1415 	DATA 	Keypress: 5
148.9247 	DATA 	Keypress: 5
149.7089 	DATA 	Keypress: 5
149.7206 	EXP 	cueImage: autoDraw = False
149.7206 	EXP 	fixation: autoDraw = True
150.4742 	DATA 	Keypress: 5
151.2590 	DATA 	Keypress: 5
152.0244 	DATA 	Keypress: 5
152.2710 	EXP 	fixation: autoDraw = False
152.2710 	EXP 	fixation: autoDraw = False
152.2710 	EXP 	Target: image = 'images/WinProbe.bmp'
152.2710 	EXP 	Target: autoDraw = True
152.5077 	DATA 	Keypress: 1
152.6414 	EXP 	Target: autoDraw = False
152.6414 	EXP 	Target: autoDraw = False
152.6414 	EXP 	feedbackMsg: text = 'Correct Response!\n\nYou won $0.20!'
152.6414 	EXP 	feedbackMsg: autoDraw = True
152.8074 	DATA 	Keypress: 5
153.5917 	DATA 	Keypress: 5
154.3067 	EXP 	New trial (rep=0, index=17): OrderedDict([('Condition', 'SmallReward'), ('FixationDur', 3000)])
154.3372 	EXP 	feedbackMsg: autoDraw = False
154.3372 	EXP 	feedbackMsg: autoDraw = False
154.3372 	EXP 	cueImage: image = 'images/WinSmall.bmp'
154.3372 	EXP 	cueImage: autoDraw = True
154.3575 	DATA 	Keypress: 5
155.1408 	DATA 	Keypress: 5
155.9255 	DATA 	Keypress: 5
156.3721 	EXP 	cueImage: autoDraw = False
156.3721 	EXP 	fixation: autoDraw = True
156.6916 	DATA 	Keypress: 5
157.4752 	DATA 	Keypress: 5
158.2596 	DATA 	Keypress: 5
159.0253 	DATA 	Keypress: 5
159.4212 	EXP 	fixation: autoDraw = False
159.4212 	EXP 	fixation: autoDraw = False
159.4212 	EXP 	Target: image = 'images/WinProbe.bmp'
159.4212 	EXP 	Target: autoDraw = True
159.6734 	DATA 	Keypress: 1
159.7550 	EXP 	Target: autoDraw = False
159.7550 	EXP 	Target: autoDraw = False
159.7550 	EXP 	feedbackMsg: text = 'Correct Response!\n\nYou won $0.20!'
159.7550 	EXP 	feedbackMsg: autoDraw = True
159.8074 	DATA 	Keypress: 5
160.5935 	DATA 	Keypress: 5
161.3590 	DATA 	Keypress: 5
161.4405 	EXP 	New trial (rep=0, index=18): OrderedDict([('Condition', 'Triangle'), ('FixationDur', 2000)])
161.4550 	EXP 	feedbackMsg: autoDraw = False
161.4550 	EXP 	feedbackMsg: autoDraw = False
161.4550 	EXP 	cueImage: image = 'images/Neutral.bmp'
161.4550 	EXP 	cueImage: autoDraw = True
162.1417 	DATA 	Keypress: 5
162.9257 	DATA 	Keypress: 5
163.4884 	EXP 	cueImage: autoDraw = False
163.4884 	EXP 	cueImage: autoDraw = False
163.4884 	EXP 	fixation: autoDraw = True
163.7100 	DATA 	Keypress: 5
164.4740 	DATA 	Keypress: 5
165.2597 	DATA 	Keypress: 5
165.5225 	EXP 	fixation: autoDraw = False
165.5225 	EXP 	fixation: autoDraw = False
165.5225 	EXP 	Target: image = 'images/NeutralProbe.bmp'
165.5225 	EXP 	Target: autoDraw = True
165.8558 	EXP 	Target: autoDraw = False
165.8558 	EXP 	Target: autoDraw = False
165.8558 	EXP 	feedbackMsg: text = 'You pressed too slow!\n\nYou did not win or lose anything!'
165.8558 	EXP 	feedbackMsg: autoDraw = True
166.0431 	DATA 	Keypress: 5
166.8082 	DATA 	Keypress: 5
167.5410 	EXP 	New trial (rep=0, index=19): OrderedDict([('Condition', 'SmallReward'), ('FixationDur', 3500)])
167.5724 	EXP 	feedbackMsg: autoDraw = False
167.5724 	EXP 	feedbackMsg: autoDraw = False
167.5724 	EXP 	cueImage: image = 'images/WinSmall.bmp'
167.5724 	EXP 	cueImage: autoDraw = True
167.5927 	DATA 	Keypress: 5
168.3768 	DATA 	Keypress: 5
169.1414 	DATA 	Keypress: 5
169.6064 	EXP 	cueImage: autoDraw = False
169.6064 	EXP 	fixation: autoDraw = True
169.9266 	DATA 	Keypress: 5
170.7105 	DATA 	Keypress: 5
171.4760 	DATA 	Keypress: 5
172.2610 	DATA 	Keypress: 5
173.0443 	DATA 	Keypress: 5
173.1555 	EXP 	fixation: autoDraw = False
173.1555 	EXP 	fixation: autoDraw = False
173.1555 	EXP 	Target: image = 'images/WinProbe.bmp'
173.1555 	EXP 	Target: autoDraw = True
173.4077 	DATA 	Keypress: 1
173.4889 	EXP 	Target: autoDraw = False
173.4889 	EXP 	Target: autoDraw = False
173.4889 	EXP 	feedbackMsg: text = 'Correct Response!\n\nYou won $0.20!'
173.4889 	EXP 	feedbackMsg: autoDraw = True
173.8097 	DATA 	Keypress: 5
174.5922 	DATA 	Keypress: 5
175.1752 	EXP 	New trial (rep=0, index=20): OrderedDict([('Condition', 'LgPun'), ('FixationDur', 2000)])
175.1891 	EXP 	feedbackMsg: autoDraw = False
175.1891 	EXP 	feedbackMsg: autoDraw = False
175.1891 	EXP 	cueImage: image = 'images/LoseBig.bmp'
175.1891 	EXP 	cueImage: autoDraw = True
175.3773 	DATA 	Keypress: 5
176.1425 	DATA 	Keypress: 5
176.9259 	DATA 	Keypress: 5
177.2232 	EXP 	cueImage: autoDraw = False
177.2232 	EXP 	cueImage: autoDraw = False
177.2232 	EXP 	fixation: autoDraw = True
177.7112 	DATA 	Keypress: 5
178.4770 	DATA 	Keypress: 5
179.2557 	EXP 	fixation: autoDraw = False
179.2557 	EXP 	fixation: autoDraw = False
179.2557 	EXP 	Target: image = 'images/LoseProbe.bmp'
179.2557 	EXP 	Target: autoDraw = True
179.2589 	DATA 	Keypress: 5
179.5894 	EXP 	Target: autoDraw = False
179.5894 	EXP 	Target: autoDraw = False
179.5894 	EXP 	feedbackMsg: text = 'You pressed too slow!\n\nYou lost $5.00!'
179.5894 	EXP 	feedbackMsg: autoDraw = True
179.6448 	DATA 	Keypress: 1
180.0435 	DATA 	Keypress: 5
180.8277 	DATA 	Keypress: 5
181.2753 	EXP 	New trial (rep=0, index=21): OrderedDict([('Condition', 'LgReward'), ('FixationDur', 3000)])
181.3067 	EXP 	feedbackMsg: autoDraw = False
181.3067 	EXP 	feedbackMsg: autoDraw = False
181.3067 	EXP 	cueImage: image = 'images/WinBig.bmp'
181.3067 	EXP 	cueImage: autoDraw = True
181.5925 	DATA 	Keypress: 5
182.3766 	DATA 	Keypress: 5
183.1610 	DATA 	Keypress: 5
183.3402 	EXP 	cueImage: autoDraw = False
183.3402 	EXP 	fixation: autoDraw = True
183.9256 	DATA 	Keypress: 5
184.7106 	DATA 	Keypress: 5
185.4952 	DATA 	Keypress: 5
186.2594 	DATA 	Keypress: 5
186.3901 	EXP 	fixation: autoDraw = False
186.3901 	EXP 	fixation: autoDraw = False
186.3901 	EXP 	Target: image = 'images/WinProbe.bmp'
186.3901 	EXP 	Target: autoDraw = True
186.6284 	DATA 	Keypress: 1
186.6907 	EXP 	Target: autoDraw = False
186.6907 	EXP 	Target: autoDraw = False
186.6907 	EXP 	feedbackMsg: text = 'Correct Response!\n\nYou won $5.00!'
186.6907 	EXP 	feedbackMsg: autoDraw = True
187.0439 	DATA 	Keypress: 5
187.8288 	DATA 	Keypress: 5
188.4091 	EXP 	New trial (rep=0, index=22): OrderedDict([('Condition', 'LgReward'), ('FixationDur', 2000)])
188.4403 	EXP 	feedbackMsg: autoDraw = False
188.4403 	EXP 	feedbackMsg: autoDraw = False
188.4403 	EXP 	cueImage: image = 'images/WinBig.bmp'
188.4403 	EXP 	cueImage: autoDraw = True
188.5927 	DATA 	Keypress: 5
189.3759 	DATA 	Keypress: 5
190.1614 	DATA 	Keypress: 5
190.4737 	EXP 	cueImage: autoDraw = False
190.4737 	EXP 	fixation: autoDraw = True
190.9268 	DATA 	Keypress: 5
191.7114 	DATA 	Keypress: 5
192.5118 	DATA 	Keypress: 5
192.5233 	EXP 	fixation: autoDraw = False
192.5233 	EXP 	fixation: autoDraw = False
192.5233 	EXP 	Target: image = 'images/WinProbe.bmp'
192.5233 	EXP 	Target: autoDraw = True
192.8218 	DATA 	Keypress: 1
192.8298 	EXP 	Target: autoDraw = False
192.8298 	EXP 	Target: autoDraw = False
192.8298 	EXP 	feedbackMsg: text = 'You pressed too slow!\n\nYou did not win $5.00!'
192.8298 	EXP 	feedbackMsg: autoDraw = True
193.2607 	DATA 	Keypress: 5
194.0444 	DATA 	Keypress: 5
194.5419 	EXP 	New trial (rep=0, index=23): OrderedDict([('Condition', 'Triangle'), ('FixationDur', 3000)])
194.5572 	EXP 	feedbackMsg: autoDraw = False
194.5572 	EXP 	feedbackMsg: autoDraw = False
194.5572 	EXP 	cueImage: image = 'images/Neutral.bmp'
194.5572 	EXP 	cueImage: autoDraw = True
194.8284 	DATA 	Keypress: 5
195.5937 	DATA 	Keypress: 5
196.3777 	DATA 	Keypress: 5
196.5914 	EXP 	cueImage: autoDraw = False
196.5914 	EXP 	cueImage: autoDraw = False
196.5914 	EXP 	fixation: autoDraw = True
197.1620 	DATA 	Keypress: 5
197.9280 	DATA 	Keypress: 5
198.7103 	DATA 	Keypress: 5
199.4954 	DATA 	Keypress: 5
199.6244 	EXP 	fixation: autoDraw = False
199.6244 	EXP 	fixation: autoDraw = False
199.6244 	EXP 	Target: image = 'images/NeutralProbe.bmp'
199.6244 	EXP 	Target: autoDraw = True
199.9307 	EXP 	Target: autoDraw = False
199.9307 	EXP 	Target: autoDraw = False
199.9307 	EXP 	feedbackMsg: text = 'You pressed too slow!\n\nYou did not win or lose anything!'
199.9307 	EXP 	feedbackMsg: autoDraw = True
200.2790 	DATA 	Keypress: 5
201.0439 	DATA 	Keypress: 5
201.6434 	EXP 	New trial (rep=0, index=24): OrderedDict([('Condition', 'LgPun'), ('FixationDur', 2500)])
201.6579 	EXP 	feedbackMsg: autoDraw = False
201.6579 	EXP 	feedbackMsg: autoDraw = False
201.6579 	EXP 	cueImage: image = 'images/LoseBig.bmp'
201.6579 	EXP 	cueImage: autoDraw = True
201.8277 	DATA 	Keypress: 5
202.6120 	DATA 	Keypress: 5
203.3763 	DATA 	Keypress: 5
203.6818 	EXP 	cueImage: autoDraw = False
203.6818 	EXP 	cueImage: autoDraw = False
203.6818 	EXP 	fixation: autoDraw = True
204.1615 	DATA 	Keypress: 5
204.9458 	DATA 	Keypress: 5
205.7105 	DATA 	Keypress: 5
206.2247 	EXP 	fixation: autoDraw = False
206.2247 	EXP 	fixation: autoDraw = False
206.2247 	EXP 	Target: image = 'images/LoseProbe.bmp'
206.2247 	EXP 	Target: autoDraw = True
206.2288 	DATA 	Keypress: 1
206.5200 	DATA 	Keypress: 5
206.5248 	EXP 	Target: autoDraw = False
206.5248 	EXP 	Target: autoDraw = False
206.5248 	EXP 	feedbackMsg: text = 'Correct Response!\n\nYou did not lose $5.00!'
206.5248 	EXP 	feedbackMsg: autoDraw = True
207.2794 	DATA 	Keypress: 5
208.0439 	DATA 	Keypress: 5
208.2433 	EXP 	New trial (rep=0, index=25): OrderedDict([('Condition', 'SmallReward'), ('FixationDur', 1500)])
208.2748 	EXP 	feedbackMsg: autoDraw = False
208.2748 	EXP 	feedbackMsg: autoDraw = False
208.2748 	EXP 	cueImage: image = 'images/WinSmall.bmp'
208.2748 	EXP 	cueImage: autoDraw = True
208.8278 	DATA 	Keypress: 5
209.6125 	DATA 	Keypress: 5
210.2986 	EXP 	cueImage: autoDraw = False
210.2986 	EXP 	fixation: autoDraw = True
210.3781 	DATA 	Keypress: 5
211.1617 	DATA 	Keypress: 5
211.8417 	EXP 	fixation: autoDraw = False
211.8417 	EXP 	fixation: autoDraw = False
211.8417 	EXP 	Target: image = 'images/WinProbe.bmp'
211.8417 	EXP 	Target: autoDraw = True
211.9463 	DATA 	Keypress: 5
212.1253 	EXP 	Target: autoDraw = False
212.1253 	EXP 	Target: autoDraw = False
212.1253 	EXP 	feedbackMsg: text = 'You pressed too slow!\n\nYou did not win $0.20!'
212.1253 	EXP 	feedbackMsg: autoDraw = True
212.3625 	DATA 	Keypress: 1
212.7120 	DATA 	Keypress: 5
213.4961 	DATA 	Keypress: 5
213.8606 	EXP 	New trial (rep=0, index=26): OrderedDict([('Condition', 'Triangle'), ('FixationDur', 4000)])
213.8753 	EXP 	feedbackMsg: autoDraw = False
213.8753 	EXP 	feedbackMsg: autoDraw = False
213.8753 	EXP 	cueImage: image = 'images/Neutral.bmp'
213.8753 	EXP 	cueImage: autoDraw = True
214.2784 	DATA 	Keypress: 5
215.0448 	DATA 	Keypress: 5
215.8285 	DATA 	Keypress: 5
215.8997 	EXP 	cueImage: autoDraw = False
215.8997 	EXP 	cueImage: autoDraw = False
215.8997 	EXP 	fixation: autoDraw = True
216.6134 	DATA 	Keypress: 5
217.3791 	DATA 	Keypress: 5
218.1625 	DATA 	Keypress: 5
218.9473 	DATA 	Keypress: 5
219.7125 	DATA 	Keypress: 5
219.9421 	EXP 	fixation: autoDraw = False
219.9421 	EXP 	fixation: autoDraw = False
219.9421 	EXP 	Target: image = 'images/NeutralProbe.bmp'
219.9421 	EXP 	Target: autoDraw = True
220.2251 	EXP 	Target: autoDraw = False
220.2251 	EXP 	Target: autoDraw = False
220.2251 	EXP 	feedbackMsg: text = 'You pressed too slow!\n\nYou did not win or lose anything!'
220.2251 	EXP 	feedbackMsg: autoDraw = True
220.4963 	DATA 	Keypress: 5
221.2795 	DATA 	Keypress: 5
221.9613 	EXP 	New trial (rep=0, index=27): OrderedDict([('Condition', 'SmallPun'), ('FixationDur', 2000)])
221.9756 	EXP 	feedbackMsg: autoDraw = False
221.9756 	EXP 	feedbackMsg: autoDraw = False
221.9756 	EXP 	cueImage: image = 'images/LoseSmall.bmp'
221.9756 	EXP 	cueImage: autoDraw = True
222.0453 	DATA 	Keypress: 5
222.8285 	DATA 	Keypress: 5
223.6133 	DATA 	Keypress: 5
224.0001 	EXP 	cueImage: autoDraw = False
224.0001 	EXP 	cueImage: autoDraw = False
224.0001 	EXP 	fixation: autoDraw = True
224.3968 	DATA 	Keypress: 5
225.1633 	DATA 	Keypress: 5
225.9473 	DATA 	Keypress: 5
226.0429 	EXP 	fixation: autoDraw = False
226.0429 	EXP 	fixation: autoDraw = False
226.0429 	EXP 	Target: image = 'images/LoseProbe.bmp'
226.0429 	EXP 	Target: autoDraw = True
226.3269 	EXP 	Target: autoDraw = False
226.3269 	EXP 	Target: autoDraw = False
226.3269 	EXP 	feedbackMsg: text = 'You pressed too slow!\n\nYou lost $0.20!'
226.3269 	EXP 	feedbackMsg: autoDraw = True
226.3317 	DATA 	Keypress: 1
226.7308 	DATA 	Keypress: 5
227.4951 	DATA 	Keypress: 5
228.0615 	EXP 	New trial (rep=0, index=28): OrderedDict([('Condition', 'Triangle'), ('FixationDur', 1500)])
228.0759 	EXP 	feedbackMsg: autoDraw = False
228.0759 	EXP 	feedbackMsg: autoDraw = False
228.0759 	EXP 	cueImage: image = 'images/Neutral.bmp'
228.0759 	EXP 	cueImage: autoDraw = True
228.2803 	DATA 	Keypress: 5
229.0631 	DATA 	Keypress: 5
229.8288 	DATA 	Keypress: 5
230.1016 	EXP 	cueImage: autoDraw = False
230.1016 	EXP 	cueImage: autoDraw = False
230.1016 	EXP 	fixation: autoDraw = True
230.6146 	DATA 	Keypress: 5
231.3974 	DATA 	Keypress: 5
231.6360 	EXP 	fixation: autoDraw = False
231.6360 	EXP 	fixation: autoDraw = False
231.6360 	EXP 	Target: image = 'images/NeutralProbe.bmp'
231.6360 	EXP 	Target: autoDraw = True
231.9260 	EXP 	Target: autoDraw = False
231.9260 	EXP 	Target: autoDraw = False
231.9260 	EXP 	feedbackMsg: text = 'You pressed too slow!\n\nYou did not win or lose anything!'
231.9260 	EXP 	feedbackMsg: autoDraw = True
232.1624 	DATA 	Keypress: 5
232.9472 	DATA 	Keypress: 5
233.6617 	EXP 	New trial (rep=0, index=29): OrderedDict([('Condition', 'SmallPun'), ('FixationDur', 3500)])
233.6759 	EXP 	feedbackMsg: autoDraw = False
233.6759 	EXP 	feedbackMsg: autoDraw = False
233.6759 	EXP 	cueImage: image = 'images/LoseSmall.bmp'
233.6759 	EXP 	cueImage: autoDraw = True
233.7291 	DATA 	Keypress: 5
234.4951 	DATA 	Keypress: 5
235.2804 	DATA 	Keypress: 5
235.7018 	EXP 	cueImage: autoDraw = False
235.7018 	EXP 	cueImage: autoDraw = False
235.7018 	EXP 	fixation: autoDraw = True
236.0646 	DATA 	Keypress: 5
236.8300 	DATA 	Keypress: 5
237.6141 	DATA 	Keypress: 5
238.3980 	DATA 	Keypress: 5
239.1636 	DATA 	Keypress: 5
239.2432 	EXP 	fixation: autoDraw = False
239.2432 	EXP 	fixation: autoDraw = False
239.2432 	EXP 	Target: image = 'images/LoseProbe.bmp'
239.2432 	EXP 	Target: autoDraw = True
239.5212 	DATA 	Keypress: 1
239.5271 	EXP 	Target: autoDraw = False
239.5271 	EXP 	Target: autoDraw = False
239.5271 	EXP 	feedbackMsg: text = 'You pressed too slow!\n\nYou lost $0.20!'
239.5271 	EXP 	feedbackMsg: autoDraw = True
239.9460 	DATA 	Keypress: 5
240.7312 	DATA 	Keypress: 5
241.2622 	EXP 	New trial (rep=0, index=30): OrderedDict([('Condition', 'Triangle'), ('FixationDur', 2000)])
241.2766 	EXP 	feedbackMsg: autoDraw = False
241.2766 	EXP 	feedbackMsg: autoDraw = False
241.2766 	EXP 	cueImage: image = 'images/Neutral.bmp'
241.2766 	EXP 	cueImage: autoDraw = True
241.4965 	DATA 	Keypress: 5
242.2799 	DATA 	Keypress: 5
243.0643 	DATA 	Keypress: 5
243.3033 	EXP 	cueImage: autoDraw = False
243.3033 	EXP 	cueImage: autoDraw = False
243.3033 	EXP 	fixation: autoDraw = True
243.8317 	DATA 	Keypress: 5
244.6134 	DATA 	Keypress: 5
245.3438 	EXP 	fixation: autoDraw = False
245.3438 	EXP 	fixation: autoDraw = False
245.3438 	EXP 	Target: image = 'images/NeutralProbe.bmp'
245.3438 	EXP 	Target: autoDraw = True
245.3982 	DATA 	Keypress: 5
245.6608 	EXP 	Target: autoDraw = False
245.6608 	EXP 	Target: autoDraw = False
245.6608 	EXP 	feedbackMsg: text = 'You pressed too slow!\n\nYou did not win or lose anything!'
245.6608 	EXP 	feedbackMsg: autoDraw = True
246.1647 	DATA 	Keypress: 5
246.9469 	DATA 	Keypress: 5
247.3628 	EXP 	New trial (rep=0, index=31): OrderedDict([('Condition', 'SmallPun'), ('FixationDur', 1500)])
247.3771 	EXP 	feedbackMsg: autoDraw = False
247.3771 	EXP 	feedbackMsg: autoDraw = False
247.3771 	EXP 	cueImage: image = 'images/LoseSmall.bmp'
247.3771 	EXP 	cueImage: autoDraw = True
247.7296 	DATA 	Keypress: 5
248.5122 	DATA 	Keypress: 5
249.2796 	DATA 	Keypress: 5
249.4039 	EXP 	cueImage: autoDraw = False
249.4039 	EXP 	cueImage: autoDraw = False
249.4039 	EXP 	fixation: autoDraw = True
250.0632 	DATA 	Keypress: 5
250.8464 	DATA 	Keypress: 5
250.9379 	EXP 	fixation: autoDraw = False
250.9379 	EXP 	fixation: autoDraw = False
250.9379 	EXP 	Target: image = 'images/LoseProbe.bmp'
250.9379 	EXP 	Target: autoDraw = True
251.1804 	DATA 	Keypress: 1
251.2707 	EXP 	Target: autoDraw = False
251.2707 	EXP 	Target: autoDraw = False
251.2707 	EXP 	feedbackMsg: text = 'Correct Response!\n\nYou did not lose $0.20!'
251.2707 	EXP 	feedbackMsg: autoDraw = True
251.6142 	DATA 	Keypress: 5
252.3974 	DATA 	Keypress: 5
252.9629 	EXP 	New trial (rep=0, index=32): OrderedDict([('Condition', 'Triangle'), ('FixationDur', 3500)])
252.9778 	EXP 	feedbackMsg: autoDraw = False
252.9778 	EXP 	feedbackMsg: autoDraw = False
252.9778 	EXP 	cueImage: image = 'images/Neutral.bmp'
252.9778 	EXP 	cueImage: autoDraw = True
253.1818 	DATA 	Keypress: 5
253.9471 	DATA 	Keypress: 5
254.7292 	DATA 	Keypress: 5
255.0049 	EXP 	cueImage: autoDraw = False
255.0049 	EXP 	cueImage: autoDraw = False
255.0049 	EXP 	fixation: autoDraw = True
255.5161 	DATA 	Keypress: 5
256.2815 	DATA 	Keypress: 5
257.0646 	DATA 	Keypress: 5
257.8495 	DATA 	Keypress: 5
258.5389 	EXP 	fixation: autoDraw = False
258.5389 	EXP 	fixation: autoDraw = False
258.5389 	EXP 	Target: image = 'images/NeutralProbe.bmp'
258.5389 	EXP 	Target: autoDraw = True
258.6144 	DATA 	Keypress: 5
258.8609 	EXP 	Target: autoDraw = False
258.8609 	EXP 	Target: autoDraw = False
258.8609 	EXP 	feedbackMsg: text = 'You pressed too slow!\n\nYou did not win or lose anything!'
258.8609 	EXP 	feedbackMsg: autoDraw = True
259.3984 	DATA 	Keypress: 5
260.1812 	DATA 	Keypress: 5
260.5635 	EXP 	New trial (rep=0, index=33): OrderedDict([('Condition', 'LgReward'), ('FixationDur', 3500)])
260.5954 	EXP 	feedbackMsg: autoDraw = False
260.5954 	EXP 	feedbackMsg: autoDraw = False
260.5954 	EXP 	cueImage: image = 'images/WinBig.bmp'
260.5954 	EXP 	cueImage: autoDraw = True
260.9479 	DATA 	Keypress: 5
261.7305 	DATA 	Keypress: 5
262.5159 	DATA 	Keypress: 5
262.6221 	EXP 	cueImage: autoDraw = False
262.6221 	EXP 	fixation: autoDraw = True
263.2817 	DATA 	Keypress: 5
264.0651 	DATA 	Keypress: 5
264.8472 	DATA 	Keypress: 5
265.6159 	DATA 	Keypress: 5
266.1728 	EXP 	fixation: autoDraw = False
266.1728 	EXP 	fixation: autoDraw = False
266.1728 	EXP 	Target: image = 'images/WinProbe.bmp'
266.1728 	EXP 	Target: autoDraw = True
266.3976 	DATA 	Keypress: 5
266.4139 	DATA 	Keypress: 1
266.5058 	EXP 	Target: autoDraw = False
266.5058 	EXP 	Target: autoDraw = False
266.5058 	EXP 	feedbackMsg: text = 'Correct Response!\n\nYou won $5.00!'
266.5058 	EXP 	feedbackMsg: autoDraw = True
267.1820 	DATA 	Keypress: 5
267.9497 	DATA 	Keypress: 5
268.1964 	EXP 	New trial (rep=0, index=34): OrderedDict([('Condition', 'SmallReward'), ('FixationDur', 2000)])
268.2226 	EXP 	feedbackMsg: autoDraw = False
268.2226 	EXP 	feedbackMsg: autoDraw = False
268.2226 	EXP 	cueImage: image = 'images/WinSmall.bmp'
268.2226 	EXP 	cueImage: autoDraw = True
268.7309 	DATA 	Keypress: 5
269.5151 	DATA 	Keypress: 5
270.2570 	EXP 	cueImage: autoDraw = False
270.2570 	EXP 	fixation: autoDraw = True
270.3005 	DATA 	Keypress: 5
271.0646 	DATA 	Keypress: 5
271.8508 	DATA 	Keypress: 5
272.3069 	EXP 	fixation: autoDraw = False
272.3069 	EXP 	fixation: autoDraw = False
272.3069 	EXP 	Target: image = 'images/WinProbe.bmp'
272.3069 	EXP 	Target: autoDraw = True
272.5490 	DATA 	Keypress: 1
272.6279 	DATA 	Keypress: 5
272.6399 	EXP 	Target: autoDraw = False
272.6399 	EXP 	Target: autoDraw = False
272.6399 	EXP 	feedbackMsg: text = 'Correct Response!\n\nYou won $0.20!'
272.6399 	EXP 	feedbackMsg: autoDraw = True
273.3982 	DATA 	Keypress: 5
274.1819 	DATA 	Keypress: 5
274.3309 	EXP 	New trial (rep=0, index=35): OrderedDict([('Condition', 'Triangle'), ('FixationDur', 1500)])
274.3457 	EXP 	feedbackMsg: autoDraw = False
274.3457 	EXP 	feedbackMsg: autoDraw = False
274.3457 	EXP 	cueImage: image = 'images/Neutral.bmp'
274.3457 	EXP 	cueImage: autoDraw = True
274.9641 	DATA 	Keypress: 5
275.7323 	DATA 	Keypress: 5
276.3741 	EXP 	cueImage: autoDraw = False
276.3741 	EXP 	cueImage: autoDraw = False
276.3741 	EXP 	fixation: autoDraw = True
276.5162 	DATA 	Keypress: 5
277.3006 	DATA 	Keypress: 5
277.9076 	EXP 	fixation: autoDraw = False
277.9076 	EXP 	fixation: autoDraw = False
277.9076 	EXP 	Target: image = 'images/NeutralProbe.bmp'
277.9076 	EXP 	Target: autoDraw = True
278.0657 	DATA 	Keypress: 5
278.2624 	EXP 	Target: autoDraw = False
278.2624 	EXP 	Target: autoDraw = False
278.2624 	EXP 	feedbackMsg: text = 'You pressed too slow!\n\nYou did not win or lose anything!'
278.2624 	EXP 	feedbackMsg: autoDraw = True
278.8491 	DATA 	Keypress: 5
279.6343 	DATA 	Keypress: 5
279.9482 	EXP 	New trial (rep=0, index=36): OrderedDict([('Condition', 'LgPun'), ('FixationDur', 2000)])
279.9628 	EXP 	feedbackMsg: autoDraw = False
279.9628 	EXP 	feedbackMsg: autoDraw = False
279.9628 	EXP 	cueImage: image = 'images/LoseBig.bmp'
279.9628 	EXP 	cueImage: autoDraw = True
280.3988 	DATA 	Keypress: 5
281.1834 	DATA 	Keypress: 5
281.9838 	DATA 	Keypress: 5
281.9908 	EXP 	cueImage: autoDraw = False
281.9908 	EXP 	cueImage: autoDraw = False
281.9908 	EXP 	fixation: autoDraw = True
282.7325 	DATA 	Keypress: 5
283.5168 	DATA 	Keypress: 5
284.0251 	EXP 	fixation: autoDraw = False
284.0251 	EXP 	fixation: autoDraw = False
284.0251 	EXP 	Target: image = 'images/LoseProbe.bmp'
284.0251 	EXP 	Target: autoDraw = True
284.2837 	DATA 	Keypress: 1
284.3000 	DATA 	Keypress: 5
284.3795 	EXP 	Target: autoDraw = False
284.3795 	EXP 	Target: autoDraw = False
284.3795 	EXP 	feedbackMsg: text = 'Correct Response!\n\nYou did not lose $5.00!'
284.3795 	EXP 	feedbackMsg: autoDraw = True
285.0822 	DATA 	Keypress: 5
285.8502 	DATA 	Keypress: 5
286.0651 	EXP 	New trial (rep=0, index=37): OrderedDict([('Condition', 'LgReward'), ('FixationDur', 1500)])
286.0967 	EXP 	feedbackMsg: autoDraw = False
286.0967 	EXP 	feedbackMsg: autoDraw = False
286.0967 	EXP 	cueImage: image = 'images/WinBig.bmp'
286.0967 	EXP 	cueImage: autoDraw = True
286.6334 	DATA 	Keypress: 5
287.4173 	DATA 	Keypress: 5
288.1260 	EXP 	cueImage: autoDraw = False
288.1260 	EXP 	fixation: autoDraw = True
288.1787 	DATA 	Keypress: 5
288.9622 	DATA 	Keypress: 5
289.6758 	EXP 	fixation: autoDraw = False
289.6758 	EXP 	fixation: autoDraw = False
289.6758 	EXP 	Target: image = 'images/WinProbe.bmp'
289.6758 	EXP 	Target: autoDraw = True
289.7467 	DATA 	Keypress: 5
289.9304 	DATA 	Keypress: 1
290.0092 	EXP 	Target: autoDraw = False
290.0092 	EXP 	Target: autoDraw = False
290.0092 	EXP 	feedbackMsg: text = 'Correct Response!\n\nYou won $5.00!'
290.0092 	EXP 	feedbackMsg: autoDraw = True
290.5170 	DATA 	Keypress: 5
291.3000 	DATA 	Keypress: 5
291.6823 	EXP 	New trial (rep=0, index=38): OrderedDict([('Condition', 'LgPun'), ('FixationDur', 1500)])
291.6972 	EXP 	feedbackMsg: autoDraw = False
291.6972 	EXP 	feedbackMsg: autoDraw = False
291.6972 	EXP 	cueImage: image = 'images/LoseBig.bmp'
291.6972 	EXP 	cueImage: autoDraw = True
292.0832 	DATA 	Keypress: 5
292.8487 	DATA 	Keypress: 5
293.6343 	DATA 	Keypress: 5
293.7270 	EXP 	cueImage: autoDraw = False
293.7270 	EXP 	cueImage: autoDraw = False
293.7270 	EXP 	fixation: autoDraw = True
294.4184 	DATA 	Keypress: 5
295.1828 	DATA 	Keypress: 5
295.2595 	EXP 	fixation: autoDraw = False
295.2595 	EXP 	fixation: autoDraw = False
295.2595 	EXP 	Target: image = 'images/LoseProbe.bmp'
295.2595 	EXP 	Target: autoDraw = True
295.4837 	DATA 	Keypress: 1
295.6265 	EXP 	Target: autoDraw = False
295.6265 	EXP 	Target: autoDraw = False
295.6265 	EXP 	feedbackMsg: text = 'Correct Response!\n\nYou did not lose $5.00!'
295.6265 	EXP 	feedbackMsg: autoDraw = True
295.9674 	DATA 	Keypress: 5
296.7511 	DATA 	Keypress: 5
297.2993 	EXP 	New trial (rep=0, index=39): OrderedDict([('Condition', 'Triangle'), ('FixationDur', 1500)])
297.3137 	EXP 	feedbackMsg: autoDraw = False
297.3137 	EXP 	feedbackMsg: autoDraw = False
297.3137 	EXP 	cueImage: image = 'images/Neutral.bmp'
297.3137 	EXP 	cueImage: autoDraw = True
297.5164 	DATA 	Keypress: 5
298.3008 	DATA 	Keypress: 5
299.0848 	DATA 	Keypress: 5
299.3436 	EXP 	cueImage: autoDraw = False
299.3436 	EXP 	cueImage: autoDraw = False
299.3436 	EXP 	fixation: autoDraw = True
299.8650 	DATA 	Keypress: 5
300.6299 	DATA 	Keypress: 5
300.8766 	EXP 	fixation: autoDraw = False
300.8766 	EXP 	fixation: autoDraw = False
300.8766 	EXP 	Target: image = 'images/NeutralProbe.bmp'
300.8766 	EXP 	Target: autoDraw = True
301.1775 	EXP 	Target: autoDraw = False
301.1775 	EXP 	Target: autoDraw = False
301.1775 	EXP 	feedbackMsg: text = 'You pressed too slow!\n\nYou did not win or lose anything!'
301.1775 	EXP 	feedbackMsg: autoDraw = True
301.4130 	DATA 	Keypress: 5
302.1978 	DATA 	Keypress: 5
302.9124 	EXP 	New trial (rep=0, index=40): OrderedDict([('Condition', 'LgReward'), ('FixationDur', 2000)])
302.9436 	EXP 	feedbackMsg: autoDraw = False
302.9436 	EXP 	feedbackMsg: autoDraw = False
302.9436 	EXP 	cueImage: image = 'images/WinBig.bmp'
302.9436 	EXP 	cueImage: autoDraw = True
302.9634 	DATA 	Keypress: 5
303.7476 	DATA 	Keypress: 5
304.5314 	DATA 	Keypress: 5
304.9784 	EXP 	cueImage: autoDraw = False
304.9784 	EXP 	fixation: autoDraw = True
305.2973 	DATA 	Keypress: 5
306.0857 	DATA 	Keypress: 5
306.8517 	DATA 	Keypress: 5
307.0279 	EXP 	fixation: autoDraw = False
307.0279 	EXP 	fixation: autoDraw = False
307.0279 	EXP 	Target: image = 'images/WinProbe.bmp'
307.0279 	EXP 	Target: autoDraw = True
307.2653 	DATA 	Keypress: 1
307.3287 	EXP 	Target: autoDraw = False
307.3287 	EXP 	Target: autoDraw = False
307.3287 	EXP 	feedbackMsg: text = 'Correct Response!\n\nYou won $5.00!'
307.3287 	EXP 	feedbackMsg: autoDraw = True
307.6306 	DATA 	Keypress: 5
308.4141 	DATA 	Keypress: 5
309.0629 	EXP 	New trial (rep=0, index=41): OrderedDict([('Condition', 'LgPun'), ('FixationDur', 1500)])
309.0779 	EXP 	feedbackMsg: autoDraw = False
309.0779 	EXP 	feedbackMsg: autoDraw = False
309.0779 	EXP 	cueImage: image = 'images/LoseBig.bmp'
309.0779 	EXP 	cueImage: autoDraw = True
309.1988 	DATA 	Keypress: 5
309.9640 	DATA 	Keypress: 5
310.7486 	DATA 	Keypress: 5
311.1117 	EXP 	cueImage: autoDraw = False
311.1117 	EXP 	cueImage: autoDraw = False
311.1117 	EXP 	fixation: autoDraw = True
311.5326 	DATA 	Keypress: 5
312.2980 	DATA 	Keypress: 5
312.6449 	EXP 	fixation: autoDraw = False
312.6449 	EXP 	fixation: autoDraw = False
312.6449 	EXP 	Target: image = 'images/LoseProbe.bmp'
312.6449 	EXP 	Target: autoDraw = True
312.9266 	DATA 	Keypress: 1
312.9312 	EXP 	Target: autoDraw = False
312.9312 	EXP 	Target: autoDraw = False
312.9312 	EXP 	feedbackMsg: text = 'You pressed too slow!\n\nYou lost $5.00!'
312.9312 	EXP 	feedbackMsg: autoDraw = True
313.0856 	DATA 	Keypress: 5
313.8694 	DATA 	Keypress: 5
314.6339 	DATA 	Keypress: 5
314.6670 	EXP 	New trial (rep=0, index=42): OrderedDict([('Condition', 'SmallReward'), ('FixationDur', 1500)])
314.6951 	EXP 	feedbackMsg: autoDraw = False
314.6951 	EXP 	feedbackMsg: autoDraw = False
314.6951 	EXP 	cueImage: image = 'images/WinSmall.bmp'
314.6951 	EXP 	cueImage: autoDraw = True
315.4189 	DATA 	Keypress: 5
316.2022 	DATA 	Keypress: 5
316.7294 	EXP 	cueImage: autoDraw = False
316.7294 	EXP 	fixation: autoDraw = True
316.9658 	DATA 	Keypress: 5
317.7517 	DATA 	Keypress: 5
318.2792 	EXP 	fixation: autoDraw = False
318.2792 	EXP 	fixation: autoDraw = False
318.2792 	EXP 	Target: image = 'images/WinProbe.bmp'
318.2792 	EXP 	Target: autoDraw = True
318.5721 	DATA 	Keypress: 5
318.5736 	DATA 	Keypress: 1
318.5796 	EXP 	Target: autoDraw = False
318.5796 	EXP 	Target: autoDraw = False
318.5796 	EXP 	feedbackMsg: text = 'You pressed too slow!\n\nYou did not win $0.20!'
318.5796 	EXP 	feedbackMsg: autoDraw = True
319.3016 	DATA 	Keypress: 5
320.0855 	DATA 	Keypress: 5
320.3006 	EXP 	New trial (rep=0, index=43): OrderedDict([('Condition', 'SmallPun'), ('FixationDur', 1500)])
320.3152 	EXP 	feedbackMsg: autoDraw = False
320.3152 	EXP 	feedbackMsg: autoDraw = False
320.3152 	EXP 	cueImage: image = 'images/LoseSmall.bmp'
320.3152 	EXP 	cueImage: autoDraw = True
320.8688 	DATA 	Keypress: 5
321.6352 	DATA 	Keypress: 5
322.3467 	EXP 	cueImage: autoDraw = False
322.3467 	EXP 	cueImage: autoDraw = False
322.3467 	EXP 	fixation: autoDraw = True
322.4183 	DATA 	Keypress: 5
323.2034 	DATA 	Keypress: 5
323.8797 	EXP 	fixation: autoDraw = False
323.8797 	EXP 	fixation: autoDraw = False
323.8797 	EXP 	Target: image = 'images/LoseProbe.bmp'
323.8797 	EXP 	Target: autoDraw = True
323.9688 	DATA 	Keypress: 5
324.1415 	DATA 	Keypress: 1
324.1475 	EXP 	Target: autoDraw = False
324.1475 	EXP 	Target: autoDraw = False
324.1475 	EXP 	feedbackMsg: text = 'You pressed too slow!\n\nYou lost $0.20!'
324.1475 	EXP 	feedbackMsg: autoDraw = True
324.7522 	DATA 	Keypress: 5
325.5369 	DATA 	Keypress: 5
325.9005 	EXP 	New trial (rep=0, index=44): OrderedDict([('Condition', 'SmallPun'), ('FixationDur', 2500)])
325.9158 	EXP 	feedbackMsg: autoDraw = False
325.9158 	EXP 	feedbackMsg: autoDraw = False
325.9158 	EXP 	cueImage: image = 'images/LoseSmall.bmp'
325.9158 	EXP 	cueImage: autoDraw = True
326.3023 	DATA 	Keypress: 5
327.0855 	DATA 	Keypress: 5
327.8699 	DATA 	Keypress: 5
327.9475 	EXP 	cueImage: autoDraw = False
327.9475 	EXP 	cueImage: autoDraw = False
327.9475 	EXP 	fixation: autoDraw = True
328.3357 	DATA 	Keypress: 1
328.6363 	DATA 	Keypress: 5
329.4191 	DATA 	Keypress: 5
330.2036 	DATA 	Keypress: 5
330.4809 	EXP 	fixation: autoDraw = False
330.4809 	EXP 	fixation: autoDraw = False
330.4809 	EXP 	Target: image = 'images/LoseProbe.bmp'
330.4809 	EXP 	Target: autoDraw = True
330.7480 	EXP 	Target: autoDraw = False
330.7480 	EXP 	Target: autoDraw = False
330.7480 	EXP 	feedbackMsg: text = 'You pressed too soon!\n\nYou lost $0.20!'
330.7480 	EXP 	feedbackMsg: autoDraw = True
330.9369 	DATA 	Keypress: 1
330.9866 	DATA 	Keypress: 5
331.7530 	DATA 	Keypress: 5
332.5016 	EXP 	New trial (rep=0, index=45): OrderedDict([('Condition', 'LgPun'), ('FixationDur', 1500)])
332.5160 	EXP 	feedbackMsg: autoDraw = False
332.5160 	EXP 	feedbackMsg: autoDraw = False
332.5160 	EXP 	cueImage: image = 'images/LoseBig.bmp'
332.5160 	EXP 	cueImage: autoDraw = True
332.5361 	DATA 	Keypress: 5
333.3205 	DATA 	Keypress: 5
334.0848 	DATA 	Keypress: 5
334.5483 	EXP 	cueImage: autoDraw = False
334.5483 	EXP 	cueImage: autoDraw = False
334.5483 	EXP 	fixation: autoDraw = True
334.8703 	DATA 	Keypress: 5
335.6548 	DATA 	Keypress: 5
336.0809 	EXP 	fixation: autoDraw = False
336.0809 	EXP 	fixation: autoDraw = False
336.0809 	EXP 	Target: image = 'images/LoseProbe.bmp'
336.0809 	EXP 	Target: autoDraw = True
336.3483 	EXP 	Target: autoDraw = False
336.3483 	EXP 	Target: autoDraw = False
336.3483 	EXP 	feedbackMsg: text = 'You pressed too slow!\n\nYou lost $5.00!'
336.3483 	EXP 	feedbackMsg: autoDraw = True
336.3866 	DATA 	Keypress: 1
336.4187 	DATA 	Keypress: 5
337.2029 	DATA 	Keypress: 5
337.9874 	DATA 	Keypress: 5
338.1015 	EXP 	New trial (rep=0, index=46): OrderedDict([('Condition', 'LgReward'), ('FixationDur', 1500)])
338.1318 	EXP 	feedbackMsg: autoDraw = False
338.1318 	EXP 	feedbackMsg: autoDraw = False
338.1318 	EXP 	cueImage: image = 'images/WinBig.bmp'
338.1318 	EXP 	cueImage: autoDraw = True
338.7521 	DATA 	Keypress: 5
339.5366 	DATA 	Keypress: 5
340.1662 	EXP 	cueImage: autoDraw = False
340.1662 	EXP 	fixation: autoDraw = True
340.3210 	DATA 	Keypress: 5
341.0867 	DATA 	Keypress: 5
341.7156 	EXP 	fixation: autoDraw = False
341.7156 	EXP 	fixation: autoDraw = False
341.7156 	EXP 	Target: image = 'images/WinProbe.bmp'
341.7156 	EXP 	Target: autoDraw = True
341.8700 	DATA 	Keypress: 5
341.9692 	DATA 	Keypress: 1
342.0489 	EXP 	Target: autoDraw = False
342.0489 	EXP 	Target: autoDraw = False
342.0489 	EXP 	feedbackMsg: text = 'Correct Response!\n\nYou won $5.00!'
342.0489 	EXP 	feedbackMsg: autoDraw = True
342.6546 	DATA 	Keypress: 5
343.4203 	DATA 	Keypress: 5
343.7358 	EXP 	New trial (rep=0, index=47): OrderedDict([('Condition', 'SmallReward'), ('FixationDur', 1500)])
343.7995 	EXP 	feedbackMsg: autoDraw = False
343.7995 	EXP 	feedbackMsg: autoDraw = False
343.7995 	EXP 	cueImage: image = 'images/WinSmall.bmp'
343.7995 	EXP 	cueImage: autoDraw = True
344.2030 	DATA 	Keypress: 5
344.9870 	DATA 	Keypress: 5
345.7855 	DATA 	Keypress: 5
345.7997 	EXP 	cueImage: autoDraw = False
345.7997 	EXP 	fixation: autoDraw = True
346.5371 	DATA 	Keypress: 5
347.3385 	DATA 	Keypress: 5
347.3500 	EXP 	fixation: autoDraw = False
347.3500 	EXP 	fixation: autoDraw = False
347.3500 	EXP 	Target: image = 'images/WinProbe.bmp'
347.3500 	EXP 	Target: autoDraw = True
347.5718 	DATA 	Keypress: 1
347.6664 	EXP 	Target: autoDraw = False
347.6664 	EXP 	Target: autoDraw = False
347.6664 	EXP 	feedbackMsg: text = 'Correct Response!\n\nYou won $0.20!'
347.6664 	EXP 	feedbackMsg: autoDraw = True
348.0872 	DATA 	Keypress: 5
348.8703 	DATA 	Keypress: 5
349.3693 	EXP 	New trial (rep=0, index=48): OrderedDict([('Condition', 'SmallPun'), ('FixationDur', 2000)])
349.3840 	EXP 	feedbackMsg: autoDraw = False
349.3840 	EXP 	feedbackMsg: autoDraw = False
349.3840 	EXP 	cueImage: image = 'images/LoseSmall.bmp'
349.3840 	EXP 	cueImage: autoDraw = True
349.6542 	DATA 	Keypress: 5
350.4210 	DATA 	Keypress: 5
351.2037 	DATA 	Keypress: 5
351.4182 	EXP 	cueImage: autoDraw = False
351.4182 	EXP 	cueImage: autoDraw = False
351.4182 	EXP 	fixation: autoDraw = True
351.9889 	DATA 	Keypress: 5
352.7722 	DATA 	Keypress: 5
353.4508 	EXP 	fixation: autoDraw = False
353.4508 	EXP 	fixation: autoDraw = False
353.4508 	EXP 	Target: image = 'images/LoseProbe.bmp'
353.4508 	EXP 	Target: autoDraw = True
353.5366 	DATA 	Keypress: 5
353.6699 	DATA 	Keypress: 1
353.7681 	EXP 	Target: autoDraw = False
353.7681 	EXP 	Target: autoDraw = False
353.7681 	EXP 	feedbackMsg: text = 'Correct Response!\n\nYou did not lose $0.20!'
353.7681 	EXP 	feedbackMsg: autoDraw = True
354.3216 	DATA 	Keypress: 5
355.1055 	DATA 	Keypress: 5
355.4696 	EXP 	New trial (rep=0, index=49): OrderedDict([('Condition', 'LgPun'), ('FixationDur', 4000)])
355.4835 	EXP 	feedbackMsg: autoDraw = False
355.4835 	EXP 	feedbackMsg: autoDraw = False
355.4835 	EXP 	cueImage: image = 'images/LoseBig.bmp'
355.4835 	EXP 	cueImage: autoDraw = True
355.8696 	DATA 	Keypress: 5
356.6550 	DATA 	Keypress: 5
357.4382 	DATA 	Keypress: 5
357.5182 	EXP 	cueImage: autoDraw = False
357.5182 	EXP 	cueImage: autoDraw = False
357.5182 	EXP 	fixation: autoDraw = True
358.2039 	DATA 	Keypress: 5
358.9890 	DATA 	Keypress: 5
359.7715 	DATA 	Keypress: 5
360.5378 	DATA 	Keypress: 5
361.3225 	DATA 	Keypress: 5
361.5510 	EXP 	fixation: autoDraw = False
361.5510 	EXP 	fixation: autoDraw = False
361.5510 	EXP 	Target: image = 'images/LoseProbe.bmp'
361.5510 	EXP 	Target: autoDraw = True
361.8055 	DATA 	Keypress: 1
361.9022 	EXP 	Target: autoDraw = False
361.9022 	EXP 	Target: autoDraw = False
361.9022 	EXP 	feedbackMsg: text = 'Correct Response!\n\nYou did not lose $5.00!'
361.9022 	EXP 	feedbackMsg: autoDraw = True
362.1047 	DATA 	Keypress: 5
362.8720 	DATA 	Keypress: 5
363.6010 	EXP 	feedbackMsg: autoDraw = False
363.6010 	EXP 	feedbackMsg: autoDraw = False
363.6010 	EXP 	polygon: autoDraw = True
363.6539 	DATA 	Keypress: 5
364.4391 	DATA 	Keypress: 5
365.2038 	DATA 	Keypress: 5
365.9890 	DATA 	Keypress: 5
366.7718 	DATA 	Keypress: 5
368.6184 	EXP 	polygon: autoDraw = False
368.6184 	EXP 	polygon: autoDraw = False
368.6184 	EXP 	text: text = 'All done!\n\nYou earned a total of: $15.20!'
368.6184 	EXP 	text: autoDraw = True
371.6522 	EXP 	text: autoDraw = False
371.6522 	EXP 	text: autoDraw = False
371.6522 	EXP 	polygon2: autoDraw = True
375.4572 	DATA 	Keypress: escape
375.7704 	EXP 	window1: mouseVisible = True
