12.9681 	WARNING 	User requested fullscreen with size [1440  900], but screen is actually [1920, 1080]. Using actual size
14.0329 	EXP 	Created window1 = Window(allowGUI=False, allowStencil=False, args=UNKNOWN, autoLog=True, bitsMode=UNKNOWN, blendMode='avg', color=array([0., 0., 0.]), colorSpace='rgb', fullscr=<method-wrapper '__getattribute__' of attributeSetter object at 0x1339c7be0>, gamma=None, kwargs=UNKNOWN, lms=UNKNOWN, monitor=<psychopy.monitors.calibTools.Monitor object at 0x13390acc0>, multiSample=False, name='window1', numSamples=2, pos=[0.0, 0.0], screen=0, size=array([3840, 2160]), stereo=False, units='height', useFBO=True, useRetina=True, viewOri=0.0, viewPos=None, viewScale=None, waitBlanking=True, winType='pyglet')
14.0330 	EXP 	window1: recordFrameIntervals = False
14.4488 	EXP 	window1: recordFrameIntervals = True
14.9075 	EXP 	window1: recordFrameIntervals = False
15.3616 	EXP 	Created preinstruct_text = TextStim(__class__=<class 'psychopy.visual.text.TextStim'>, alignHoriz='center', alignVert='center', antialias=True, autoLog=True, bold=False, color='white', colorSpace='named', contrast=1.0, depth=0.0, flipHoriz=False, flipVert=False, font='Arial', fontFiles=[], height=0.05, italic=False, languageStyle='LTR', name='preinstruct_text', opacity=1.0, ori=0, pos=array([0., 0.]), rgb=array([255., 255., 255.]), text='Money Task - Scanner 2', units='height', win=Window(...), wrapWidth=1)
15.4073 	EXP 	Created instructFig = ImageStim(__class__=<class 'psychopy.visual.image.ImageStim'>, autoLog=True, color=array([1., 1., 1.]), colorSpace='rgb', contrast=1.0, depth=0.0, flipHoriz=False, flipVert=False, image='images/MID_instructions.bmp', interpolate=True, mask=None, maskParams=None, name='instructFig', opacity=1.0, ori=0.0, pos=array([0., 0.]), size=array([1.3, 1. ]), texRes=128, units='height', win=Window(...))
15.4090 	EXP 	Created PrepFixation = ShapeStim(__class__=<class 'psychopy.visual.shape.ShapeStim'>, autoDraw=False, autoLog=True, closeShape=True, contrast=1.0, depth=0.0, fillColor=array([1., 1., 1.]), fillColorSpace='rgb', interpolate=True, lineColor=array([1., 1., 1.]), lineColorSpace='rgb', lineWidth=1, name='PrepFixation', opacity=1.0, ori=array(0.), pos=array([0., 0.]), size=array([0.05, 0.05]), units='height', vertices=ndarray(...), win=Window(...), windingRule=None)
15.4106 	EXP 	Created cueImage = ImageStim(__class__=<class 'psychopy.visual.image.ImageStim'>, autoLog=True, color=array([1., 1., 1.]), colorSpace='rgb', contrast=1.0, depth=0.0, flipHoriz=False, flipVert=False, image='sin', interpolate=True, mask=None, maskParams=None, name='cueImage', opacity=1.0, ori=0.0, pos=array([0., 0.]), size=array([1.3, 1. ]), texRes=128, units='height', win=Window(...))
15.4121 	EXP 	Created fixation = ShapeStim(__class__=<class 'psychopy.visual.shape.ShapeStim'>, autoDraw=False, autoLog=True, closeShape=True, contrast=1.0, depth=-1.0, fillColor=array([1., 1., 1.]), fillColorSpace='rgb', interpolate=True, lineColor=array([1., 1., 1.]), lineColorSpace='rgb', lineWidth=1, name='fixation', opacity=1.0, ori=array(0.), pos=array([0., 0.]), size=array([0.05, 0.05]), units='height', vertices=ndarray(...), win=Window(...), windingRule=None)
15.4137 	EXP 	Created Target = ImageStim(__class__=<class 'psychopy.visual.image.ImageStim'>, autoLog=True, color=array([1., 1., 1.]), colorSpace='rgb', contrast=1.0, depth=-1.0, flipHoriz=False, flipVert=False, image='sin', interpolate=True, mask=None, maskParams=None, name='Target', opacity=1.0, ori=0.0, pos=array([0., 0.]), size=array([1.3, 1. ]), texRes=128, units='height', win=Window(...))
15.4230 	EXP 	Created feedbackMsg = TextStim(__class__=<class 'psychopy.visual.text.TextStim'>, alignHoriz='center', alignVert='center', antialias=True, autoLog=True, bold=False, color='white', colorSpace='named', contrast=1.0, depth=-2.0, flipHoriz=False, flipVert=False, font='Arial', fontFiles=[], height=0.05, italic=False, languageStyle='LTR', name='feedbackMsg', opacity=1.0, ori=0, pos=array([0., 0.]), rgb=array([255., 255., 255.]), text='default text', units='height', win=Window(...), wrapWidth=2)
15.4250 	EXP 	Created polygon = ShapeStim(__class__=<class 'psychopy.visual.shape.ShapeStim'>, autoDraw=False, autoLog=True, closeShape=True, contrast=1.0, depth=0.0, fillColor=array([1., 1., 1.]), fillColorSpace='rgb', interpolate=True, lineColor=array([1., 1., 1.]), lineColorSpace='rgb', lineWidth=1, name='polygon', opacity=1.0, ori=array(0.), pos=array([0., 0.]), size=array([0.05, 0.05]), units='height', vertices=ndarray(...), win=Window(...), windingRule=None)
15.4327 	EXP 	Created text = TextStim(__class__=<class 'psychopy.visual.text.TextStim'>, alignHoriz='center', alignVert='center', antialias=True, autoLog=True, bold=False, color='white', colorSpace='named', contrast=1.0, depth=-1.0, flipHoriz=False, flipVert=False, font='Arial', fontFiles=[], height=0.07, italic=False, languageStyle='LTR', name='text', opacity=1.0, ori=0, pos=array([0., 0.]), rgb=array([255., 255., 255.]), text='default text', units='height', win=Window(...), wrapWidth=1)
15.4343 	EXP 	Created polygon2 = ShapeStim(__class__=<class 'psychopy.visual.shape.ShapeStim'>, autoDraw=False, autoLog=True, closeShape=True, contrast=1.0, depth=0.0, fillColor=array([1., 1., 1.]), fillColorSpace='rgb', interpolate=True, lineColor=array([1., 1., 1.]), lineColorSpace='rgb', lineWidth=1, name='polygon2', opacity=1.0, ori=array(0.), pos=array([0., 0.]), size=array([0.05, 0.05]), units='height', vertices=ndarray(...), win=Window(...), windingRule=None)
15.4484 	EXP 	preinstruct_text: autoDraw = True
17.5074 	EXP 	preinstruct_text: autoDraw = False
17.5074 	EXP 	instructFig: autoDraw = True
26.9249 	DATA 	Keypress: 5
26.9529 	EXP 	instructFig: autoDraw = False
26.9529 	EXP 	PrepFixation: autoDraw = True
27.7072 	DATA 	Keypress: 5
28.4982 	DATA 	Keypress: 5
28.9217 	EXP 	Imported TimeVersion5.csv as conditions, 50 conditions, 2 params
28.9221 	EXP 	Created sequence: sequential, trialTypes=50, nReps=1, seed=None
28.9225 	EXP 	New trial (rep=0, index=0): OrderedDict([('Condition', 'SmallPun'), ('FixationDur', 2000)])
28.9493 	EXP 	PrepFixation: autoDraw = False
28.9493 	EXP 	PrepFixation: autoDraw = False
28.9493 	EXP 	cueImage: image = 'images/LoseSmall.bmp'
28.9493 	EXP 	cueImage: autoDraw = True
29.2437 	DATA 	Keypress: 5
30.0369 	DATA 	Keypress: 5
30.8280 	DATA 	Keypress: 5
30.9697 	EXP 	cueImage: autoDraw = False
30.9697 	EXP 	fixation: autoDraw = True
31.5812 	DATA 	Keypress: 5
32.3711 	DATA 	Keypress: 5
32.9723 	EXP 	fixation: autoDraw = False
32.9723 	EXP 	fixation: autoDraw = False
32.9723 	EXP 	Target: image = 'images/LoseProbe.bmp'
32.9723 	EXP 	Target: autoDraw = True
33.1625 	DATA 	Keypress: 5
33.4302 	DATA 	Keypress: 1
33.4491 	EXP 	Target: autoDraw = False
33.4491 	EXP 	Target: autoDraw = False
33.4491 	EXP 	feedbackMsg: text = 'You pressed too slow!\n\nYou lost $0.20!'
33.4491 	EXP 	feedbackMsg: autoDraw = True
33.9118 	DATA 	Keypress: 5
34.7033 	DATA 	Keypress: 5
34.9095 	EXP 	New trial (rep=0, index=1): OrderedDict([('Condition', 'LgReward'), ('FixationDur', 4000)])
34.9494 	EXP 	feedbackMsg: autoDraw = False
34.9494 	EXP 	feedbackMsg: autoDraw = False
34.9494 	EXP 	cueImage: image = 'images/WinBig.bmp'
34.9494 	EXP 	cueImage: autoDraw = True
35.4942 	DATA 	Keypress: 5
36.2473 	DATA 	Keypress: 5
36.9701 	EXP 	cueImage: autoDraw = False
36.9701 	EXP 	cueImage: autoDraw = False
36.9701 	EXP 	fixation: autoDraw = True
37.0384 	DATA 	Keypress: 5
37.8301 	DATA 	Keypress: 5
38.5806 	DATA 	Keypress: 5
39.3727 	DATA 	Keypress: 5
40.1654 	DATA 	Keypress: 5
40.9619 	DATA 	Keypress: 5
40.9858 	EXP 	fixation: autoDraw = False
40.9858 	EXP 	fixation: autoDraw = False
40.9858 	EXP 	Target: image = 'images/WinProbe.bmp'
40.9858 	EXP 	Target: autoDraw = True
41.4241 	DATA 	Keypress: 1
41.4500 	EXP 	Target: autoDraw = False
41.4500 	EXP 	Target: autoDraw = False
41.4500 	EXP 	feedbackMsg: text = 'You pressed too slow!\n\nYou did not win $5.00!'
41.4500 	EXP 	feedbackMsg: autoDraw = True
41.7042 	DATA 	Keypress: 5
42.4952 	DATA 	Keypress: 5
42.9099 	EXP 	New trial (rep=0, index=2): OrderedDict([('Condition', 'SmallPun'), ('FixationDur', 3000)])
42.9493 	EXP 	feedbackMsg: autoDraw = False
42.9493 	EXP 	feedbackMsg: autoDraw = False
42.9493 	EXP 	cueImage: image = 'images/LoseSmall.bmp'
42.9493 	EXP 	cueImage: autoDraw = True
43.2448 	DATA 	Keypress: 5
44.0374 	DATA 	Keypress: 5
44.8292 	DATA 	Keypress: 5
44.9714 	EXP 	cueImage: autoDraw = False
44.9714 	EXP 	fixation: autoDraw = True
45.5831 	DATA 	Keypress: 5
46.3731 	DATA 	Keypress: 5
47.1638 	DATA 	Keypress: 5
47.9550 	DATA 	Keypress: 5
47.9723 	EXP 	fixation: autoDraw = False
47.9723 	EXP 	fixation: autoDraw = False
47.9723 	EXP 	Target: image = 'images/LoseProbe.bmp'
47.9723 	EXP 	Target: autoDraw = True
48.3711 	DATA 	Keypress: 1
48.4501 	EXP 	Target: autoDraw = False
48.4501 	EXP 	Target: autoDraw = False
48.4501 	EXP 	feedbackMsg: text = 'Correct Response!\n\nYou did not lose $0.20!'
48.4501 	EXP 	feedbackMsg: autoDraw = True
48.7047 	DATA 	Keypress: 5
49.4955 	DATA 	Keypress: 5
49.9101 	EXP 	New trial (rep=0, index=3): OrderedDict([('Condition', 'SmallReward'), ('FixationDur', 2000)])
49.9504 	EXP 	feedbackMsg: autoDraw = False
49.9504 	EXP 	feedbackMsg: autoDraw = False
49.9504 	EXP 	cueImage: image = 'images/WinSmall.bmp'
49.9504 	EXP 	cueImage: autoDraw = True
50.2448 	DATA 	Keypress: 5
51.0374 	DATA 	Keypress: 5
51.8296 	DATA 	Keypress: 5
51.9575 	EXP 	cueImage: autoDraw = False
51.9575 	EXP 	cueImage: autoDraw = False
51.9575 	EXP 	fixation: autoDraw = True
52.5813 	DATA 	Keypress: 5
53.3733 	DATA 	Keypress: 5
53.9944 	EXP 	fixation: autoDraw = False
53.9944 	EXP 	fixation: autoDraw = False
53.9944 	EXP 	Target: image = 'images/WinProbe.bmp'
53.9944 	EXP 	Target: autoDraw = True
54.1644 	DATA 	Keypress: 5
54.4541 	EXP 	Target: autoDraw = False
54.4541 	EXP 	Target: autoDraw = False
54.4541 	EXP 	feedbackMsg: text = 'You pressed too slow!\n\nYou did not win $0.20!'
54.4541 	EXP 	feedbackMsg: autoDraw = True
54.9136 	DATA 	Keypress: 5
54.9996 	DATA 	Keypress: 1
55.7086 	DATA 	Keypress: 5
55.9122 	EXP 	New trial (rep=0, index=4): OrderedDict([('Condition', 'LgPun'), ('FixationDur', 2000)])
55.9508 	EXP 	feedbackMsg: autoDraw = False
55.9508 	EXP 	feedbackMsg: autoDraw = False
55.9508 	EXP 	cueImage: image = 'images/LoseBig.bmp'
55.9508 	EXP 	cueImage: autoDraw = True
56.4970 	DATA 	Keypress: 5
57.2891 	DATA 	Keypress: 5
57.9603 	EXP 	cueImage: autoDraw = False
57.9603 	EXP 	cueImage: autoDraw = False
57.9603 	EXP 	fixation: autoDraw = True
58.0400 	DATA 	Keypress: 5
58.8316 	DATA 	Keypress: 5
59.6259 	DATA 	Keypress: 5
59.9731 	EXP 	fixation: autoDraw = False
59.9731 	EXP 	fixation: autoDraw = False
59.9731 	EXP 	Target: image = 'images/LoseProbe.bmp'
59.9731 	EXP 	Target: autoDraw = True
60.3711 	DATA 	Keypress: 5
60.4508 	EXP 	Target: autoDraw = False
60.4508 	EXP 	Target: autoDraw = False
60.4508 	EXP 	feedbackMsg: text = 'You pressed too slow!\n\nYou lost $5.00!'
60.4508 	EXP 	feedbackMsg: autoDraw = True
60.6200 	DATA 	Keypress: 1
61.1630 	DATA 	Keypress: 5
61.9107 	EXP 	New trial (rep=0, index=5): OrderedDict([('Condition', 'Triangle'), ('FixationDur', 2500)])
61.9189 	DATA 	Keypress: 5
61.9507 	EXP 	feedbackMsg: autoDraw = False
61.9507 	EXP 	feedbackMsg: autoDraw = False
61.9507 	EXP 	cueImage: image = 'images/Neutral.bmp'
61.9507 	EXP 	cueImage: autoDraw = True
62.7047 	DATA 	Keypress: 5
63.4981 	DATA 	Keypress: 5
63.9594 	EXP 	cueImage: autoDraw = False
63.9594 	EXP 	cueImage: autoDraw = False
63.9594 	EXP 	fixation: autoDraw = True
64.2925 	DATA 	Keypress: 5
65.0424 	DATA 	Keypress: 5
65.8330 	DATA 	Keypress: 5
66.4739 	EXP 	fixation: autoDraw = False
66.4739 	EXP 	fixation: autoDraw = False
66.4739 	EXP 	Target: image = 'images/NeutralProbe.bmp'
66.4739 	EXP 	Target: autoDraw = True
66.6220 	DATA 	Keypress: 5
66.9257 	DATA 	Keypress: 1
66.9511 	EXP 	Target: autoDraw = False
66.9511 	EXP 	Target: autoDraw = False
66.9511 	EXP 	feedbackMsg: text = 'You pressed too slow!\n\nYou did not win or lose anything!'
66.9511 	EXP 	feedbackMsg: autoDraw = True
67.3701 	DATA 	Keypress: 5
68.1634 	DATA 	Keypress: 5
68.4109 	EXP 	New trial (rep=0, index=6): OrderedDict([('Condition', 'SmallReward'), ('FixationDur', 2500)])
68.4512 	EXP 	feedbackMsg: autoDraw = False
68.4512 	EXP 	feedbackMsg: autoDraw = False
68.4512 	EXP 	cueImage: image = 'images/WinSmall.bmp'
68.4512 	EXP 	cueImage: autoDraw = True
68.9548 	DATA 	Keypress: 5
69.7052 	DATA 	Keypress: 5
70.4584 	EXP 	cueImage: autoDraw = False
70.4584 	EXP 	cueImage: autoDraw = False
70.4584 	EXP 	fixation: autoDraw = True
70.4989 	DATA 	Keypress: 5
71.2902 	DATA 	Keypress: 5
72.0413 	DATA 	Keypress: 5
72.8303 	DATA 	Keypress: 5
72.9821 	EXP 	fixation: autoDraw = False
72.9821 	EXP 	fixation: autoDraw = False
72.9821 	EXP 	Target: image = 'images/WinProbe.bmp'
72.9821 	EXP 	Target: autoDraw = True
73.1655 	DATA 	Keypress: 1
73.4550 	EXP 	Target: autoDraw = False
73.4550 	EXP 	Target: autoDraw = False
73.4550 	EXP 	feedbackMsg: text = 'Correct Response!\n\nYou won $0.20!'
73.4550 	EXP 	feedbackMsg: autoDraw = True
73.6245 	DATA 	Keypress: 5
74.3744 	DATA 	Keypress: 5
74.9130 	EXP 	New trial (rep=0, index=7): OrderedDict([('Condition', 'SmallReward'), ('FixationDur', 1500)])
74.9552 	EXP 	feedbackMsg: autoDraw = False
74.9552 	EXP 	feedbackMsg: autoDraw = False
74.9552 	EXP 	cueImage: image = 'images/WinSmall.bmp'
74.9552 	EXP 	cueImage: autoDraw = True
75.1639 	DATA 	Keypress: 5
75.9567 	DATA 	Keypress: 5
76.7050 	DATA 	Keypress: 5
76.9582 	EXP 	cueImage: autoDraw = False
76.9582 	EXP 	cueImage: autoDraw = False
76.9582 	EXP 	fixation: autoDraw = True
77.5014 	DATA 	Keypress: 5
78.2925 	DATA 	Keypress: 5
78.4809 	EXP 	fixation: autoDraw = False
78.4809 	EXP 	fixation: autoDraw = False
78.4809 	EXP 	Target: image = 'images/WinProbe.bmp'
78.4809 	EXP 	Target: autoDraw = True
78.9532 	EXP 	Target: autoDraw = False
78.9532 	EXP 	Target: autoDraw = False
78.9532 	EXP 	feedbackMsg: text = 'You pressed too slow!\n\nYou did not win $0.20!'
78.9532 	EXP 	feedbackMsg: autoDraw = True
79.0401 	DATA 	Keypress: 5
79.8316 	DATA 	Keypress: 5
80.4143 	EXP 	New trial (rep=0, index=8): OrderedDict([('Condition', 'LgReward'), ('FixationDur', 1500)])
80.4534 	EXP 	feedbackMsg: autoDraw = False
80.4534 	EXP 	feedbackMsg: autoDraw = False
80.4534 	EXP 	cueImage: image = 'images/WinBig.bmp'
80.4534 	EXP 	cueImage: autoDraw = True
80.6236 	DATA 	Keypress: 5
81.3721 	DATA 	Keypress: 5
82.1631 	DATA 	Keypress: 5
82.4599 	EXP 	cueImage: autoDraw = False
82.4599 	EXP 	cueImage: autoDraw = False
82.4599 	EXP 	fixation: autoDraw = True
82.9587 	DATA 	Keypress: 5
83.7079 	DATA 	Keypress: 5
83.9923 	EXP 	fixation: autoDraw = False
83.9923 	EXP 	fixation: autoDraw = False
83.9923 	EXP 	Target: image = 'images/WinProbe.bmp'
83.9923 	EXP 	Target: autoDraw = True
84.4555 	EXP 	Target: autoDraw = False
84.4555 	EXP 	Target: autoDraw = False
84.4555 	EXP 	feedbackMsg: text = 'You pressed too slow!\n\nYou did not win $5.00!'
84.4555 	EXP 	feedbackMsg: autoDraw = True
84.4991 	DATA 	Keypress: 5
85.2090 	DATA 	Keypress: 1
85.2913 	DATA 	Keypress: 5
85.9135 	EXP 	New trial (rep=0, index=9): OrderedDict([('Condition', 'SmallPun'), ('FixationDur', 2000)])
85.9519 	EXP 	feedbackMsg: autoDraw = False
85.9519 	EXP 	feedbackMsg: autoDraw = False
85.9519 	EXP 	cueImage: image = 'images/LoseSmall.bmp'
85.9519 	EXP 	cueImage: autoDraw = True
86.0398 	DATA 	Keypress: 5
86.8326 	DATA 	Keypress: 5
87.6224 	DATA 	Keypress: 5
87.9599 	EXP 	cueImage: autoDraw = False
87.9599 	EXP 	cueImage: autoDraw = False
87.9599 	EXP 	fixation: autoDraw = True
88.3765 	DATA 	Keypress: 5
89.1666 	DATA 	Keypress: 5
89.9546 	DATA 	Keypress: 5
89.9763 	EXP 	fixation: autoDraw = False
89.9763 	EXP 	fixation: autoDraw = False
89.9763 	EXP 	Target: image = 'images/LoseProbe.bmp'
89.9763 	EXP 	Target: autoDraw = True
90.4241 	DATA 	Keypress: 1
90.4520 	EXP 	Target: autoDraw = False
90.4520 	EXP 	Target: autoDraw = False
90.4520 	EXP 	feedbackMsg: text = 'You pressed too slow!\n\nYou lost $0.20!'
90.4520 	EXP 	feedbackMsg: autoDraw = True
90.7054 	DATA 	Keypress: 5
91.4981 	DATA 	Keypress: 5
91.9120 	EXP 	New trial (rep=0, index=10): OrderedDict([('Condition', 'LgReward'), ('FixationDur', 2500)])
91.9523 	EXP 	feedbackMsg: autoDraw = False
91.9523 	EXP 	feedbackMsg: autoDraw = False
91.9523 	EXP 	cueImage: image = 'images/WinBig.bmp'
91.9523 	EXP 	cueImage: autoDraw = True
92.2895 	DATA 	Keypress: 5
93.0387 	DATA 	Keypress: 5
93.8308 	DATA 	Keypress: 5
93.9610 	EXP 	cueImage: autoDraw = False
93.9610 	EXP 	cueImage: autoDraw = False
93.9610 	EXP 	fixation: autoDraw = True
94.6249 	DATA 	Keypress: 5
95.3740 	DATA 	Keypress: 5
96.1684 	DATA 	Keypress: 5
96.4813 	EXP 	fixation: autoDraw = False
96.4813 	EXP 	fixation: autoDraw = False
96.4813 	EXP 	Target: image = 'images/WinProbe.bmp'
96.4813 	EXP 	Target: autoDraw = True
96.9266 	DATA 	Keypress: 5
96.9535 	EXP 	Target: autoDraw = False
96.9535 	EXP 	Target: autoDraw = False
96.9535 	EXP 	feedbackMsg: text = 'You pressed too slow!\n\nYou did not win $5.00!'
96.9535 	EXP 	feedbackMsg: autoDraw = True
97.7067 	DATA 	Keypress: 5
98.4150 	EXP 	New trial (rep=0, index=11): OrderedDict([('Condition', 'LgPun'), ('FixationDur', 3500)])
98.4539 	EXP 	feedbackMsg: autoDraw = False
98.4539 	EXP 	feedbackMsg: autoDraw = False
98.4539 	EXP 	cueImage: image = 'images/LoseBig.bmp'
98.4539 	EXP 	cueImage: autoDraw = True
98.4999 	DATA 	Keypress: 5
99.2892 	DATA 	Keypress: 5
100.0388 	DATA 	Keypress: 5
100.4619 	EXP 	cueImage: autoDraw = False
100.4619 	EXP 	cueImage: autoDraw = False
100.4619 	EXP 	fixation: autoDraw = True
100.8347 	DATA 	Keypress: 5
101.6241 	DATA 	Keypress: 5
102.3740 	DATA 	Keypress: 5
103.1690 	DATA 	Keypress: 5
103.9550 	DATA 	Keypress: 5
103.9782 	EXP 	fixation: autoDraw = False
103.9782 	EXP 	fixation: autoDraw = False
103.9782 	EXP 	Target: image = 'images/LoseProbe.bmp'
103.9782 	EXP 	Target: autoDraw = True
104.4527 	EXP 	Target: autoDraw = False
104.4527 	EXP 	Target: autoDraw = False
104.4527 	EXP 	feedbackMsg: text = 'You pressed too slow!\n\nYou lost $5.00!'
104.4527 	EXP 	feedbackMsg: autoDraw = True
104.7472 	DATA 	Keypress: 5
105.4989 	DATA 	Keypress: 5
105.9116 	EXP 	New trial (rep=0, index=12): OrderedDict([('Condition', 'SmallPun'), ('FixationDur', 3500)])
105.9529 	EXP 	feedbackMsg: autoDraw = False
105.9529 	EXP 	feedbackMsg: autoDraw = False
105.9529 	EXP 	cueImage: image = 'images/LoseSmall.bmp'
105.9529 	EXP 	cueImage: autoDraw = True
106.2890 	DATA 	Keypress: 5
107.0835 	DATA 	Keypress: 5
107.8331 	DATA 	Keypress: 5
107.9580 	EXP 	cueImage: autoDraw = False
107.9580 	EXP 	cueImage: autoDraw = False
107.9580 	EXP 	fixation: autoDraw = True
108.6255 	DATA 	Keypress: 5
109.4197 	DATA 	Keypress: 5
110.1695 	DATA 	Keypress: 5
110.9608 	DATA 	Keypress: 5
111.4791 	EXP 	fixation: autoDraw = False
111.4791 	EXP 	fixation: autoDraw = False
111.4791 	EXP 	Target: image = 'images/LoseProbe.bmp'
111.4791 	EXP 	Target: autoDraw = True
111.7474 	DATA 	Keypress: 5
111.9520 	EXP 	Target: autoDraw = False
111.9520 	EXP 	Target: autoDraw = False
111.9520 	EXP 	feedbackMsg: text = 'You pressed too slow!\n\nYou lost $0.20!'
111.9520 	EXP 	feedbackMsg: autoDraw = True
111.9554 	DATA 	Keypress: 1
112.4990 	DATA 	Keypress: 5
113.2913 	DATA 	Keypress: 5
113.4130 	EXP 	New trial (rep=0, index=13): OrderedDict([('Condition', 'Triangle'), ('FixationDur', 1500)])
113.4531 	EXP 	feedbackMsg: autoDraw = False
113.4531 	EXP 	feedbackMsg: autoDraw = False
113.4531 	EXP 	cueImage: image = 'images/Neutral.bmp'
113.4531 	EXP 	cueImage: autoDraw = True
114.0811 	DATA 	Keypress: 5
114.8330 	DATA 	Keypress: 5
115.4640 	EXP 	cueImage: autoDraw = False
115.4640 	EXP 	cueImage: autoDraw = False
115.4640 	EXP 	fixation: autoDraw = True
115.6261 	DATA 	Keypress: 5
116.4171 	DATA 	Keypress: 5
116.9712 	EXP 	fixation: autoDraw = False
116.9712 	EXP 	fixation: autoDraw = False
116.9712 	EXP 	Target: image = 'images/NeutralProbe.bmp'
116.9712 	EXP 	Target: autoDraw = True
117.1642 	DATA 	Keypress: 5
117.4532 	EXP 	Target: autoDraw = False
117.4532 	EXP 	Target: autoDraw = False
117.4532 	EXP 	feedbackMsg: text = 'You pressed too slow!\n\nYou did not win or lose anything!'
117.4532 	EXP 	feedbackMsg: autoDraw = True
117.9574 	DATA 	Keypress: 5
118.0398 	DATA 	Keypress: 1
118.7493 	DATA 	Keypress: 5
118.9132 	EXP 	New trial (rep=0, index=14): OrderedDict([('Condition', 'LgPun'), ('FixationDur', 4000)])
118.9535 	EXP 	feedbackMsg: autoDraw = False
118.9535 	EXP 	feedbackMsg: autoDraw = False
118.9535 	EXP 	cueImage: image = 'images/LoseBig.bmp'
118.9535 	EXP 	cueImage: autoDraw = True
119.4985 	DATA 	Keypress: 5
120.2902 	DATA 	Keypress: 5
120.9645 	EXP 	cueImage: autoDraw = False
120.9645 	EXP 	cueImage: autoDraw = False
120.9645 	EXP 	fixation: autoDraw = True
121.0859 	DATA 	Keypress: 5
121.8348 	DATA 	Keypress: 5
122.6265 	DATA 	Keypress: 5
123.4181 	DATA 	Keypress: 5
124.1684 	DATA 	Keypress: 5
124.9565 	DATA 	Keypress: 5
124.9805 	EXP 	fixation: autoDraw = False
124.9805 	EXP 	fixation: autoDraw = False
124.9805 	EXP 	Target: image = 'images/LoseProbe.bmp'
124.9805 	EXP 	Target: autoDraw = True
125.4538 	EXP 	Target: autoDraw = False
125.4538 	EXP 	Target: autoDraw = False
125.4538 	EXP 	feedbackMsg: text = 'You pressed too slow!\n\nYou lost $5.00!'
125.4538 	EXP 	feedbackMsg: autoDraw = True
125.7080 	DATA 	Keypress: 1
125.7497 	DATA 	Keypress: 5
126.4981 	DATA 	Keypress: 5
126.9135 	EXP 	New trial (rep=0, index=15): OrderedDict([('Condition', 'Triangle'), ('FixationDur', 4000)])
126.9538 	EXP 	feedbackMsg: autoDraw = False
126.9538 	EXP 	feedbackMsg: autoDraw = False
126.9538 	EXP 	cueImage: image = 'images/Neutral.bmp'
126.9538 	EXP 	cueImage: autoDraw = True
127.2898 	DATA 	Keypress: 5
128.0835 	DATA 	Keypress: 5
128.8317 	DATA 	Keypress: 5
128.9654 	EXP 	cueImage: autoDraw = False
128.9654 	EXP 	cueImage: autoDraw = False
128.9654 	EXP 	fixation: autoDraw = True
129.6260 	DATA 	Keypress: 5
129.8772 	DATA 	Keypress: 1
130.4185 	DATA 	Keypress: 5
131.1692 	DATA 	Keypress: 5
131.9590 	DATA 	Keypress: 5
132.7531 	DATA 	Keypress: 5
132.9723 	EXP 	fixation: autoDraw = False
132.9723 	EXP 	fixation: autoDraw = False
132.9723 	EXP 	Target: image = 'images/NeutralProbe.bmp'
132.9723 	EXP 	Target: autoDraw = True
133.4542 	EXP 	Target: autoDraw = False
133.4542 	EXP 	Target: autoDraw = False
133.4542 	EXP 	feedbackMsg: text = 'You pressed too soon!\n\nYou did not win or lose anything!'
133.4542 	EXP 	feedbackMsg: autoDraw = True
133.4985 	DATA 	Keypress: 5
133.7497 	DATA 	Keypress: 1
134.2913 	DATA 	Keypress: 5
134.9140 	EXP 	New trial (rep=0, index=16): OrderedDict([('Condition', 'LgPun'), ('FixationDur', 3000)])
134.9540 	EXP 	feedbackMsg: autoDraw = False
134.9540 	EXP 	feedbackMsg: autoDraw = False
134.9540 	EXP 	cueImage: image = 'images/LoseBig.bmp'
134.9540 	EXP 	cueImage: autoDraw = True
135.0819 	DATA 	Keypress: 5
135.8328 	DATA 	Keypress: 5
136.6255 	DATA 	Keypress: 5
136.9663 	EXP 	cueImage: autoDraw = False
136.9663 	EXP 	cueImage: autoDraw = False
136.9663 	EXP 	fixation: autoDraw = True
137.4206 	DATA 	Keypress: 5
138.1708 	DATA 	Keypress: 5
138.9599 	DATA 	Keypress: 5
139.7522 	DATA 	Keypress: 5
139.9734 	EXP 	fixation: autoDraw = False
139.9734 	EXP 	fixation: autoDraw = False
139.9734 	EXP 	Target: image = 'images/LoseProbe.bmp'
139.9734 	EXP 	Target: autoDraw = True
140.3735 	DATA 	Keypress: 1
140.4542 	EXP 	Target: autoDraw = False
140.4542 	EXP 	Target: autoDraw = False
140.4542 	EXP 	feedbackMsg: text = 'Correct Response!\n\nYou did not lose $5.00!'
140.4542 	EXP 	feedbackMsg: autoDraw = True
140.4993 	DATA 	Keypress: 5
141.2920 	DATA 	Keypress: 5
141.9142 	EXP 	New trial (rep=0, index=17): OrderedDict([('Condition', 'SmallPun'), ('FixationDur', 1500)])
141.9546 	EXP 	feedbackMsg: autoDraw = False
141.9546 	EXP 	feedbackMsg: autoDraw = False
141.9546 	EXP 	cueImage: image = 'images/LoseSmall.bmp'
141.9546 	EXP 	cueImage: autoDraw = True
142.0831 	DATA 	Keypress: 5
142.8318 	DATA 	Keypress: 5
143.6257 	DATA 	Keypress: 5
143.9600 	EXP 	cueImage: autoDraw = False
143.9600 	EXP 	cueImage: autoDraw = False
143.9600 	EXP 	fixation: autoDraw = True
144.4202 	DATA 	Keypress: 5
145.1711 	DATA 	Keypress: 5
145.4739 	EXP 	fixation: autoDraw = False
145.4739 	EXP 	fixation: autoDraw = False
145.4739 	EXP 	Target: image = 'images/LoseProbe.bmp'
145.4739 	EXP 	Target: autoDraw = True
145.9546 	EXP 	Target: autoDraw = False
145.9546 	EXP 	Target: autoDraw = False
145.9546 	EXP 	feedbackMsg: text = 'You pressed too slow!\n\nYou lost $0.20!'
145.9546 	EXP 	feedbackMsg: autoDraw = True
145.9587 	DATA 	Keypress: 5
146.7497 	DATA 	Keypress: 5
147.4145 	EXP 	New trial (rep=0, index=18): OrderedDict([('Condition', 'LgReward'), ('FixationDur', 2000)])
147.4547 	EXP 	feedbackMsg: autoDraw = False
147.4547 	EXP 	feedbackMsg: autoDraw = False
147.4547 	EXP 	cueImage: image = 'images/WinBig.bmp'
147.4547 	EXP 	cueImage: autoDraw = True
147.4990 	DATA 	Keypress: 5
148.2923 	DATA 	Keypress: 5
149.0848 	DATA 	Keypress: 5
149.4678 	EXP 	cueImage: autoDraw = False
149.4678 	EXP 	cueImage: autoDraw = False
149.4678 	EXP 	fixation: autoDraw = True
149.8366 	DATA 	Keypress: 5
150.6277 	DATA 	Keypress: 5
151.4724 	DATA 	Keypress: 5
151.4898 	EXP 	fixation: autoDraw = False
151.4898 	EXP 	fixation: autoDraw = False
151.4898 	EXP 	Target: image = 'images/WinProbe.bmp'
151.4898 	EXP 	Target: autoDraw = True
151.9565 	EXP 	Target: autoDraw = False
151.9565 	EXP 	Target: autoDraw = False
151.9565 	EXP 	feedbackMsg: text = 'You pressed too slow!\n\nYou did not win $5.00!'
151.9565 	EXP 	feedbackMsg: autoDraw = True
152.1691 	DATA 	Keypress: 5
152.9609 	DATA 	Keypress: 5
153.4174 	EXP 	New trial (rep=0, index=19): OrderedDict([('Condition', 'SmallPun'), ('FixationDur', 4000)])
153.4566 	EXP 	feedbackMsg: autoDraw = False
153.4566 	EXP 	feedbackMsg: autoDraw = False
153.4566 	EXP 	cueImage: image = 'images/LoseSmall.bmp'
153.4566 	EXP 	cueImage: autoDraw = True
153.7527 	DATA 	Keypress: 5
153.9599 	DATA 	Keypress: 1
154.5010 	DATA 	Keypress: 5
155.2926 	DATA 	Keypress: 5
155.4687 	EXP 	cueImage: autoDraw = False
155.4687 	EXP 	cueImage: autoDraw = False
155.4687 	EXP 	fixation: autoDraw = True
156.0865 	DATA 	Keypress: 5
156.8360 	DATA 	Keypress: 5
157.6278 	DATA 	Keypress: 5
158.4217 	DATA 	Keypress: 5
159.1703 	DATA 	Keypress: 5
159.4745 	EXP 	fixation: autoDraw = False
159.4745 	EXP 	fixation: autoDraw = False
159.4745 	EXP 	Target: image = 'images/LoseProbe.bmp'
159.4745 	EXP 	Target: autoDraw = True
159.9277 	DATA 	Keypress: 1
159.9553 	EXP 	Target: autoDraw = False
159.9553 	EXP 	Target: autoDraw = False
159.9553 	EXP 	feedbackMsg: text = 'You pressed too slow!\n\nYou lost $0.20!'
159.9553 	EXP 	feedbackMsg: autoDraw = True
159.9596 	DATA 	Keypress: 5
160.7499 	DATA 	Keypress: 5
161.4151 	EXP 	New trial (rep=0, index=20): OrderedDict([('Condition', 'SmallReward'), ('FixationDur', 1500)])
161.4549 	EXP 	feedbackMsg: autoDraw = False
161.4549 	EXP 	feedbackMsg: autoDraw = False
161.4549 	EXP 	cueImage: image = 'images/WinSmall.bmp'
161.4549 	EXP 	cueImage: autoDraw = True
161.5425 	DATA 	Keypress: 5
162.2912 	DATA 	Keypress: 5
163.0832 	DATA 	Keypress: 5
163.4616 	EXP 	cueImage: autoDraw = False
163.4616 	EXP 	cueImage: autoDraw = False
163.4616 	EXP 	fixation: autoDraw = True
163.8784 	DATA 	Keypress: 5
164.6278 	DATA 	Keypress: 5
164.9870 	EXP 	fixation: autoDraw = False
164.9870 	EXP 	fixation: autoDraw = False
164.9870 	EXP 	Target: image = 'images/WinProbe.bmp'
164.9870 	EXP 	Target: autoDraw = True
165.4307 	DATA 	Keypress: 5
165.4322 	DATA 	Keypress: 1
165.4573 	EXP 	Target: autoDraw = False
165.4573 	EXP 	Target: autoDraw = False
165.4573 	EXP 	feedbackMsg: text = 'You pressed too slow!\n\nYou did not win $0.20!'
165.4573 	EXP 	feedbackMsg: autoDraw = True
166.2119 	DATA 	Keypress: 5
166.9191 	EXP 	New trial (rep=0, index=21): OrderedDict([('Condition', 'LgPun'), ('FixationDur', 1500)])
166.9548 	EXP 	feedbackMsg: autoDraw = False
166.9548 	EXP 	feedbackMsg: autoDraw = False
166.9548 	EXP 	cueImage: image = 'images/LoseBig.bmp'
166.9548 	EXP 	cueImage: autoDraw = True
166.9584 	DATA 	Keypress: 5
167.7520 	DATA 	Keypress: 5
168.5445 	DATA 	Keypress: 5
168.9707 	EXP 	cueImage: autoDraw = False
168.9707 	EXP 	cueImage: autoDraw = False
168.9707 	EXP 	fixation: autoDraw = True
169.2947 	DATA 	Keypress: 5
170.0863 	DATA 	Keypress: 5
170.4735 	EXP 	fixation: autoDraw = False
170.4735 	EXP 	fixation: autoDraw = False
170.4735 	EXP 	Target: image = 'images/LoseProbe.bmp'
170.4735 	EXP 	Target: autoDraw = True
170.8768 	DATA 	Keypress: 5
170.9548 	EXP 	Target: autoDraw = False
170.9548 	EXP 	Target: autoDraw = False
170.9548 	EXP 	feedbackMsg: text = 'You pressed too slow!\n\nYou lost $5.00!'
170.9548 	EXP 	feedbackMsg: autoDraw = True
171.6255 	DATA 	Keypress: 5
172.4154 	EXP 	New trial (rep=0, index=22): OrderedDict([('Condition', 'LgReward'), ('FixationDur', 3500)])
172.4558 	DATA 	Keypress: 5
172.4694 	EXP 	feedbackMsg: autoDraw = False
172.4694 	EXP 	feedbackMsg: autoDraw = False
172.4694 	EXP 	cueImage: image = 'images/WinBig.bmp'
172.4694 	EXP 	cueImage: autoDraw = True
173.2090 	DATA 	Keypress: 5
173.9607 	DATA 	Keypress: 5
174.4715 	EXP 	cueImage: autoDraw = False
174.4715 	EXP 	cueImage: autoDraw = False
174.4715 	EXP 	fixation: autoDraw = True
174.7533 	DATA 	Keypress: 5
175.5480 	DATA 	Keypress: 5
176.2964 	DATA 	Keypress: 5
177.0876 	DATA 	Keypress: 5
177.8786 	DATA 	Keypress: 5
177.9881 	EXP 	fixation: autoDraw = False
177.9881 	EXP 	fixation: autoDraw = False
177.9881 	EXP 	Target: image = 'images/WinProbe.bmp'
177.9881 	EXP 	Target: autoDraw = True
178.4575 	EXP 	Target: autoDraw = False
178.4575 	EXP 	Target: autoDraw = False
178.4575 	EXP 	feedbackMsg: text = 'You pressed too slow!\n\nYou did not win $5.00!'
178.4575 	EXP 	feedbackMsg: autoDraw = True
178.6295 	DATA 	Keypress: 5
179.4204 	DATA 	Keypress: 5
179.9187 	EXP 	New trial (rep=0, index=23): OrderedDict([('Condition', 'SmallReward'), ('FixationDur', 4000)])
179.9578 	EXP 	feedbackMsg: autoDraw = False
179.9578 	EXP 	feedbackMsg: autoDraw = False
179.9578 	EXP 	cueImage: image = 'images/WinSmall.bmp'
179.9578 	EXP 	cueImage: autoDraw = True
180.2108 	DATA 	Keypress: 5
180.9608 	DATA 	Keypress: 5
181.7524 	DATA 	Keypress: 5
181.9612 	EXP 	cueImage: autoDraw = False
181.9612 	EXP 	cueImage: autoDraw = False
181.9612 	EXP 	fixation: autoDraw = True
182.5478 	DATA 	Keypress: 5
183.2957 	DATA 	Keypress: 5
184.0872 	DATA 	Keypress: 5
184.8793 	DATA 	Keypress: 5
185.6301 	DATA 	Keypress: 5
185.9894 	EXP 	fixation: autoDraw = False
185.9894 	EXP 	fixation: autoDraw = False
185.9894 	EXP 	Target: image = 'images/WinProbe.bmp'
185.9894 	EXP 	Target: autoDraw = True
186.4306 	DATA 	Keypress: 1
186.4323 	DATA 	Keypress: 5
186.4579 	EXP 	Target: autoDraw = False
186.4579 	EXP 	Target: autoDraw = False
186.4579 	EXP 	feedbackMsg: text = 'You pressed too slow!\n\nYou did not win $0.20!'
186.4579 	EXP 	feedbackMsg: autoDraw = True
187.2122 	DATA 	Keypress: 5
187.9188 	EXP 	New trial (rep=0, index=24): OrderedDict([('Condition', 'Triangle'), ('FixationDur', 2000)])
187.9581 	EXP 	feedbackMsg: autoDraw = False
187.9581 	EXP 	feedbackMsg: autoDraw = False
187.9581 	EXP 	cueImage: image = 'images/Neutral.bmp'
187.9581 	EXP 	cueImage: autoDraw = True
187.9611 	DATA 	Keypress: 5
188.7533 	DATA 	Keypress: 5
189.5441 	DATA 	Keypress: 5
189.9730 	EXP 	cueImage: autoDraw = False
189.9730 	EXP 	cueImage: autoDraw = False
189.9730 	EXP 	fixation: autoDraw = True
190.2959 	DATA 	Keypress: 5
191.0889 	DATA 	Keypress: 5
191.8804 	DATA 	Keypress: 5
191.9737 	EXP 	fixation: autoDraw = False
191.9737 	EXP 	fixation: autoDraw = False
191.9737 	EXP 	Target: image = 'images/NeutralProbe.bmp'
191.9737 	EXP 	Target: autoDraw = True
192.4314 	DATA 	Keypress: 1
192.4582 	EXP 	Target: autoDraw = False
192.4582 	EXP 	Target: autoDraw = False
192.4582 	EXP 	feedbackMsg: text = 'You pressed too slow!\n\nYou did not win or lose anything!'
192.4582 	EXP 	feedbackMsg: autoDraw = True
192.6310 	DATA 	Keypress: 5
193.4195 	DATA 	Keypress: 5
193.9173 	EXP 	New trial (rep=0, index=25): OrderedDict([('Condition', 'LgPun'), ('FixationDur', 2000)])
193.9577 	EXP 	feedbackMsg: autoDraw = False
193.9577 	EXP 	feedbackMsg: autoDraw = False
193.9577 	EXP 	cueImage: image = 'images/LoseBig.bmp'
193.9577 	EXP 	cueImage: autoDraw = True
194.2097 	DATA 	Keypress: 5
194.9599 	DATA 	Keypress: 5
195.7520 	DATA 	Keypress: 5
195.9736 	EXP 	cueImage: autoDraw = False
195.9736 	EXP 	cueImage: autoDraw = False
195.9736 	EXP 	fixation: autoDraw = True
196.5436 	DATA 	Keypress: 5
197.2938 	DATA 	Keypress: 5
197.9746 	EXP 	fixation: autoDraw = False
197.9746 	EXP 	fixation: autoDraw = False
197.9746 	EXP 	Target: image = 'images/LoseProbe.bmp'
197.9746 	EXP 	Target: autoDraw = True
198.0838 	DATA 	Keypress: 5
198.4280 	DATA 	Keypress: 1
198.4569 	EXP 	Target: autoDraw = False
198.4569 	EXP 	Target: autoDraw = False
198.4569 	EXP 	feedbackMsg: text = 'You pressed too slow!\n\nYou lost $5.00!'
198.4569 	EXP 	feedbackMsg: autoDraw = True
198.8765 	DATA 	Keypress: 5
199.6268 	DATA 	Keypress: 5
199.9170 	EXP 	New trial (rep=0, index=26): OrderedDict([('Condition', 'SmallReward'), ('FixationDur', 2000)])
199.9569 	EXP 	feedbackMsg: autoDraw = False
199.9569 	EXP 	feedbackMsg: autoDraw = False
199.9569 	EXP 	cueImage: image = 'images/WinSmall.bmp'
199.9569 	EXP 	cueImage: autoDraw = True
200.4193 	DATA 	Keypress: 5
201.2120 	DATA 	Keypress: 5
201.9751 	EXP 	cueImage: autoDraw = False
201.9751 	EXP 	cueImage: autoDraw = False
201.9751 	EXP 	fixation: autoDraw = True
201.9791 	DATA 	Keypress: 5
202.7574 	DATA 	Keypress: 5
203.5455 	DATA 	Keypress: 5
203.9918 	EXP 	fixation: autoDraw = False
203.9918 	EXP 	fixation: autoDraw = False
203.9918 	EXP 	Target: image = 'images/WinProbe.bmp'
203.9918 	EXP 	Target: autoDraw = True
204.2943 	DATA 	Keypress: 5
204.3799 	DATA 	Keypress: 1
204.4613 	EXP 	Target: autoDraw = False
204.4613 	EXP 	Target: autoDraw = False
204.4613 	EXP 	feedbackMsg: text = 'Correct Response!\n\nYou won $0.20!'
204.4613 	EXP 	feedbackMsg: autoDraw = True
205.0891 	DATA 	Keypress: 5
205.8797 	DATA 	Keypress: 5
205.9190 	EXP 	New trial (rep=0, index=27): OrderedDict([('Condition', 'Triangle'), ('FixationDur', 3000)])
205.9576 	EXP 	feedbackMsg: autoDraw = False
205.9576 	EXP 	feedbackMsg: autoDraw = False
205.9576 	EXP 	cueImage: image = 'images/Neutral.bmp'
205.9576 	EXP 	cueImage: autoDraw = True
206.6715 	DATA 	Keypress: 5
207.4208 	DATA 	Keypress: 5
207.9761 	EXP 	cueImage: autoDraw = False
207.9761 	EXP 	cueImage: autoDraw = False
207.9761 	EXP 	fixation: autoDraw = True
208.2151 	DATA 	Keypress: 5
209.0064 	DATA 	Keypress: 5
209.7549 	DATA 	Keypress: 5
210.5469 	DATA 	Keypress: 5
210.9764 	EXP 	fixation: autoDraw = False
210.9764 	EXP 	fixation: autoDraw = False
210.9764 	EXP 	Target: image = 'images/NeutralProbe.bmp'
210.9764 	EXP 	Target: autoDraw = True
211.3373 	DATA 	Keypress: 5
211.4572 	EXP 	Target: autoDraw = False
211.4572 	EXP 	Target: autoDraw = False
211.4572 	EXP 	feedbackMsg: text = 'You pressed too slow!\n\nYou did not win or lose anything!'
211.4572 	EXP 	feedbackMsg: autoDraw = True
212.0863 	DATA 	Keypress: 5
212.8786 	DATA 	Keypress: 5
212.9175 	EXP 	New trial (rep=0, index=28): OrderedDict([('Condition', 'SmallReward'), ('FixationDur', 3500)])
212.9577 	EXP 	feedbackMsg: autoDraw = False
212.9577 	EXP 	feedbackMsg: autoDraw = False
212.9577 	EXP 	cueImage: image = 'images/WinSmall.bmp'
212.9577 	EXP 	cueImage: autoDraw = True
213.6701 	DATA 	Keypress: 5
214.4193 	DATA 	Keypress: 5
214.9766 	EXP 	cueImage: autoDraw = False
214.9766 	EXP 	cueImage: autoDraw = False
214.9766 	EXP 	fixation: autoDraw = True
215.2154 	DATA 	Keypress: 5
216.0066 	DATA 	Keypress: 5
216.7561 	DATA 	Keypress: 5
217.5476 	DATA 	Keypress: 5
218.3395 	DATA 	Keypress: 5
218.4941 	EXP 	fixation: autoDraw = False
218.4941 	EXP 	fixation: autoDraw = False
218.4941 	EXP 	Target: image = 'images/WinProbe.bmp'
218.4941 	EXP 	Target: autoDraw = True
218.9591 	EXP 	Target: autoDraw = False
218.9591 	EXP 	Target: autoDraw = False
218.9591 	EXP 	feedbackMsg: text = 'You pressed too slow!\n\nYou did not win $0.20!'
218.9591 	EXP 	feedbackMsg: autoDraw = True
219.0882 	DATA 	Keypress: 5
219.8828 	DATA 	Keypress: 5
220.4203 	EXP 	New trial (rep=0, index=29): OrderedDict([('Condition', 'Triangle'), ('FixationDur', 1500)])
220.4598 	EXP 	feedbackMsg: autoDraw = False
220.4598 	EXP 	feedbackMsg: autoDraw = False
220.4598 	EXP 	cueImage: image = 'images/Neutral.bmp'
220.4598 	EXP 	cueImage: autoDraw = True
220.6697 	DATA 	Keypress: 5
221.4194 	DATA 	Keypress: 5
222.2131 	DATA 	Keypress: 5
222.4774 	EXP 	cueImage: autoDraw = False
222.4774 	EXP 	cueImage: autoDraw = False
222.4774 	EXP 	fixation: autoDraw = True
223.0072 	DATA 	Keypress: 5
223.7567 	DATA 	Keypress: 5
223.9771 	EXP 	fixation: autoDraw = False
223.9771 	EXP 	fixation: autoDraw = False
223.9771 	EXP 	Target: image = 'images/NeutralProbe.bmp'
223.9771 	EXP 	Target: autoDraw = True
224.4297 	DATA 	Keypress: 1
224.4582 	EXP 	Target: autoDraw = False
224.4582 	EXP 	Target: autoDraw = False
224.4582 	EXP 	feedbackMsg: text = 'You pressed too slow!\n\nYou did not win or lose anything!'
224.4582 	EXP 	feedbackMsg: autoDraw = True
224.5440 	DATA 	Keypress: 5
225.3364 	DATA 	Keypress: 5
225.9181 	EXP 	New trial (rep=0, index=30): OrderedDict([('Condition', 'SmallReward'), ('FixationDur', 1500)])
225.9581 	EXP 	feedbackMsg: autoDraw = False
225.9581 	EXP 	feedbackMsg: autoDraw = False
225.9581 	EXP 	cueImage: image = 'images/WinSmall.bmp'
225.9581 	EXP 	cueImage: autoDraw = True
226.0855 	DATA 	Keypress: 5
226.8776 	DATA 	Keypress: 5
227.6710 	DATA 	Keypress: 5
227.9782 	EXP 	cueImage: autoDraw = False
227.9782 	EXP 	cueImage: autoDraw = False
227.9782 	EXP 	fixation: autoDraw = True
228.4233 	DATA 	Keypress: 5
229.2134 	DATA 	Keypress: 5
229.4945 	EXP 	fixation: autoDraw = False
229.4945 	EXP 	fixation: autoDraw = False
229.4945 	EXP 	Target: image = 'images/WinProbe.bmp'
229.4945 	EXP 	Target: autoDraw = True
229.9579 	EXP 	Target: autoDraw = False
229.9579 	EXP 	Target: autoDraw = False
229.9579 	EXP 	feedbackMsg: text = 'You pressed too slow!\n\nYou did not win $0.20!'
229.9579 	EXP 	feedbackMsg: autoDraw = True
230.0043 	DATA 	Keypress: 5
230.1292 	DATA 	Keypress: 1
230.7536 	DATA 	Keypress: 5
231.4184 	EXP 	New trial (rep=0, index=31): OrderedDict([('Condition', 'Triangle'), ('FixationDur', 2000)])
231.4587 	EXP 	feedbackMsg: autoDraw = False
231.4587 	EXP 	feedbackMsg: autoDraw = False
231.4587 	EXP 	cueImage: image = 'images/Neutral.bmp'
231.4587 	EXP 	cueImage: autoDraw = True
231.5451 	DATA 	Keypress: 5
232.3375 	DATA 	Keypress: 5
233.0872 	DATA 	Keypress: 5
233.4786 	EXP 	cueImage: autoDraw = False
233.4786 	EXP 	fixation: autoDraw = True
233.8820 	DATA 	Keypress: 5
234.6738 	DATA 	Keypress: 5
235.4610 	DATA 	Keypress: 5
235.4790 	EXP 	fixation: autoDraw = False
235.4790 	EXP 	fixation: autoDraw = False
235.4790 	EXP 	Target: image = 'images/NeutralProbe.bmp'
235.4790 	EXP 	Target: autoDraw = True
235.9588 	EXP 	Target: autoDraw = False
235.9588 	EXP 	Target: autoDraw = False
235.9588 	EXP 	feedbackMsg: text = 'You pressed too slow!\n\nYou did not win or lose anything!'
235.9588 	EXP 	feedbackMsg: autoDraw = True
236.2125 	DATA 	Keypress: 5
237.0046 	DATA 	Keypress: 5
237.4185 	EXP 	New trial (rep=0, index=32): OrderedDict([('Condition', 'LgPun'), ('FixationDur', 1500)])
237.4585 	EXP 	feedbackMsg: autoDraw = False
237.4585 	EXP 	feedbackMsg: autoDraw = False
237.4585 	EXP 	cueImage: image = 'images/LoseBig.bmp'
237.4585 	EXP 	cueImage: autoDraw = True
237.7532 	DATA 	Keypress: 5
238.5462 	DATA 	Keypress: 5
239.3380 	DATA 	Keypress: 5
239.4794 	EXP 	cueImage: autoDraw = False
239.4794 	EXP 	fixation: autoDraw = True
240.0897 	DATA 	Keypress: 5
240.8828 	DATA 	Keypress: 5
240.9795 	EXP 	fixation: autoDraw = False
240.9795 	EXP 	fixation: autoDraw = False
240.9795 	EXP 	Target: image = 'images/LoseProbe.bmp'
240.9795 	EXP 	Target: autoDraw = True
241.4589 	EXP 	Target: autoDraw = False
241.4589 	EXP 	Target: autoDraw = False
241.4589 	EXP 	feedbackMsg: text = 'You pressed too slow!\n\nYou lost $5.00!'
241.4589 	EXP 	feedbackMsg: autoDraw = True
241.6706 	DATA 	Keypress: 5
242.4203 	DATA 	Keypress: 5
242.9189 	EXP 	New trial (rep=0, index=33): OrderedDict([('Condition', 'Triangle'), ('FixationDur', 3500)])
242.9591 	EXP 	feedbackMsg: autoDraw = False
242.9591 	EXP 	feedbackMsg: autoDraw = False
242.9591 	EXP 	cueImage: image = 'images/Neutral.bmp'
242.9591 	EXP 	cueImage: autoDraw = True
243.2131 	DATA 	Keypress: 5
244.0035 	DATA 	Keypress: 5
244.7561 	DATA 	Keypress: 5
244.9660 	EXP 	cueImage: autoDraw = False
244.9660 	EXP 	cueImage: autoDraw = False
244.9660 	EXP 	fixation: autoDraw = True
245.5501 	DATA 	Keypress: 5
246.3422 	DATA 	Keypress: 5
247.0910 	DATA 	Keypress: 5
247.8819 	DATA 	Keypress: 5
248.4814 	EXP 	fixation: autoDraw = False
248.4814 	EXP 	fixation: autoDraw = False
248.4814 	EXP 	Target: image = 'images/NeutralProbe.bmp'
248.4814 	EXP 	Target: autoDraw = True
248.6702 	DATA 	Keypress: 5
248.9594 	EXP 	Target: autoDraw = False
248.9594 	EXP 	Target: autoDraw = False
248.9594 	EXP 	feedbackMsg: text = 'You pressed too slow!\n\nYou did not win or lose anything!'
248.9594 	EXP 	feedbackMsg: autoDraw = True
249.0874 	DATA 	Keypress: 1
249.4207 	DATA 	Keypress: 5
250.2135 	DATA 	Keypress: 5
250.4190 	EXP 	New trial (rep=0, index=34): OrderedDict([('Condition', 'LgPun'), ('FixationDur', 1500)])
250.4592 	EXP 	feedbackMsg: autoDraw = False
250.4592 	EXP 	feedbackMsg: autoDraw = False
250.4592 	EXP 	cueImage: image = 'images/LoseBig.bmp'
250.4592 	EXP 	cueImage: autoDraw = True
251.0043 	DATA 	Keypress: 5
251.7556 	DATA 	Keypress: 5
252.4665 	EXP 	cueImage: autoDraw = False
252.4665 	EXP 	cueImage: autoDraw = False
252.4665 	EXP 	fixation: autoDraw = True
252.5497 	DATA 	Keypress: 5
253.3405 	DATA 	Keypress: 5
253.9821 	EXP 	fixation: autoDraw = False
253.9821 	EXP 	fixation: autoDraw = False
253.9821 	EXP 	Target: image = 'images/LoseProbe.bmp'
253.9821 	EXP 	Target: autoDraw = True
254.1305 	DATA 	Keypress: 5
254.4587 	EXP 	Target: autoDraw = False
254.4587 	EXP 	Target: autoDraw = False
254.4587 	EXP 	feedbackMsg: text = 'You pressed too slow!\n\nYou lost $5.00!'
254.4587 	EXP 	feedbackMsg: autoDraw = True
254.5056 	DATA 	Keypress: 1
254.8781 	DATA 	Keypress: 5
255.6707 	DATA 	Keypress: 5
255.9194 	EXP 	New trial (rep=0, index=35): OrderedDict([('Condition', 'Triangle'), ('FixationDur', 1500)])
255.9599 	EXP 	feedbackMsg: autoDraw = False
255.9599 	EXP 	feedbackMsg: autoDraw = False
255.9599 	EXP 	cueImage: image = 'images/Neutral.bmp'
255.9599 	EXP 	cueImage: autoDraw = True
256.4636 	DATA 	Keypress: 5
257.2140 	DATA 	Keypress: 5
257.9668 	EXP 	cueImage: autoDraw = False
257.9668 	EXP 	cueImage: autoDraw = False
257.9668 	EXP 	fixation: autoDraw = True
258.0071 	DATA 	Keypress: 5
258.7575 	DATA 	Keypress: 5
259.4826 	EXP 	fixation: autoDraw = False
259.4826 	EXP 	fixation: autoDraw = False
259.4826 	EXP 	Target: image = 'images/NeutralProbe.bmp'
259.4826 	EXP 	Target: autoDraw = True
259.5470 	DATA 	Keypress: 5
259.9594 	EXP 	Target: autoDraw = False
259.9594 	EXP 	Target: autoDraw = False
259.9594 	EXP 	feedbackMsg: text = 'You pressed too slow!\n\nYou did not win or lose anything!'
259.9594 	EXP 	feedbackMsg: autoDraw = True
260.3387 	DATA 	Keypress: 5
261.1308 	DATA 	Keypress: 5
261.4197 	EXP 	New trial (rep=0, index=36): OrderedDict([('Condition', 'SmallPun'), ('FixationDur', 1500)])
261.4595 	EXP 	feedbackMsg: autoDraw = False
261.4595 	EXP 	feedbackMsg: autoDraw = False
261.4595 	EXP 	cueImage: image = 'images/LoseSmall.bmp'
261.4595 	EXP 	cueImage: autoDraw = True
261.8788 	DATA 	Keypress: 5
262.6720 	DATA 	Keypress: 5
263.4556 	DATA 	Keypress: 5
263.4680 	EXP 	cueImage: autoDraw = False
263.4680 	EXP 	cueImage: autoDraw = False
263.4680 	EXP 	fixation: autoDraw = True
264.2158 	DATA 	Keypress: 5
264.9820 	EXP 	fixation: autoDraw = False
264.9820 	EXP 	fixation: autoDraw = False
264.9820 	EXP 	Target: image = 'images/LoseProbe.bmp'
264.9820 	EXP 	Target: autoDraw = True
264.9854 	DATA 	Keypress: 5
265.4599 	EXP 	Target: autoDraw = False
265.4599 	EXP 	Target: autoDraw = False
265.4599 	EXP 	feedbackMsg: text = 'You pressed too slow!\n\nYou lost $0.20!'
265.4599 	EXP 	feedbackMsg: autoDraw = True
265.6722 	DATA 	Keypress: 1
265.7964 	DATA 	Keypress: 5
266.5462 	DATA 	Keypress: 5
266.9199 	EXP 	New trial (rep=0, index=37): OrderedDict([('Condition', 'LgReward'), ('FixationDur', 1500)])
266.9603 	EXP 	feedbackMsg: autoDraw = False
266.9603 	EXP 	feedbackMsg: autoDraw = False
266.9603 	EXP 	cueImage: image = 'images/WinBig.bmp'
266.9603 	EXP 	cueImage: autoDraw = True
267.3382 	DATA 	Keypress: 5
268.1297 	DATA 	Keypress: 5
268.8799 	DATA 	Keypress: 5
268.9669 	EXP 	cueImage: autoDraw = False
268.9669 	EXP 	fixation: autoDraw = True
269.6755 	DATA 	Keypress: 5
270.4836 	DATA 	Keypress: 5
270.5009 	EXP 	fixation: autoDraw = False
270.5009 	EXP 	fixation: autoDraw = False
270.5009 	EXP 	Target: image = 'images/WinProbe.bmp'
270.5009 	EXP 	Target: autoDraw = True
270.9634 	EXP 	Target: autoDraw = False
270.9634 	EXP 	Target: autoDraw = False
270.9634 	EXP 	feedbackMsg: text = 'You pressed too slow!\n\nYou did not win $5.00!'
270.9634 	EXP 	feedbackMsg: autoDraw = True
271.0533 	DATA 	Keypress: 1
271.2146 	DATA 	Keypress: 5
272.0104 	DATA 	Keypress: 5
272.4229 	EXP 	New trial (rep=0, index=38): OrderedDict([('Condition', 'Triangle'), ('FixationDur', 1500)])
272.4622 	EXP 	feedbackMsg: autoDraw = False
272.4622 	EXP 	feedbackMsg: autoDraw = False
272.4622 	EXP 	cueImage: image = 'images/Neutral.bmp'
272.4622 	EXP 	cueImage: autoDraw = True
272.7966 	DATA 	Keypress: 5
273.5462 	DATA 	Keypress: 5
274.3450 	DATA 	Keypress: 5
274.4615 	EXP 	cueImage: autoDraw = False
274.4615 	EXP 	cueImage: autoDraw = False
274.4615 	EXP 	fixation: autoDraw = True
275.1302 	DATA 	Keypress: 5
275.8799 	DATA 	Keypress: 5
275.9828 	EXP 	fixation: autoDraw = False
275.9828 	EXP 	fixation: autoDraw = False
275.9828 	EXP 	Target: image = 'images/NeutralProbe.bmp'
275.9828 	EXP 	Target: autoDraw = True
276.4640 	EXP 	Target: autoDraw = False
276.4640 	EXP 	Target: autoDraw = False
276.4640 	EXP 	feedbackMsg: text = 'You pressed too slow!\n\nYou did not win or lose anything!'
276.4640 	EXP 	feedbackMsg: autoDraw = True
276.6714 	DATA 	Keypress: 5
277.4667 	DATA 	Keypress: 5
277.9231 	EXP 	New trial (rep=0, index=39): OrderedDict([('Condition', 'LgReward'), ('FixationDur', 2000)])
277.9623 	EXP 	feedbackMsg: autoDraw = False
277.9623 	EXP 	feedbackMsg: autoDraw = False
277.9623 	EXP 	cueImage: image = 'images/WinBig.bmp'
277.9623 	EXP 	cueImage: autoDraw = True
278.2146 	DATA 	Keypress: 5
279.0112 	DATA 	Keypress: 5
279.8031 	DATA 	Keypress: 5
279.9718 	EXP 	cueImage: autoDraw = False
279.9718 	EXP 	cueImage: autoDraw = False
279.9718 	EXP 	fixation: autoDraw = True
280.5504 	DATA 	Keypress: 5
281.3398 	DATA 	Keypress: 5
281.9895 	EXP 	fixation: autoDraw = False
281.9895 	EXP 	fixation: autoDraw = False
281.9895 	EXP 	Target: image = 'images/WinProbe.bmp'
281.9895 	EXP 	Target: autoDraw = True
282.1318 	DATA 	Keypress: 5
282.4622 	EXP 	Target: autoDraw = False
282.4622 	EXP 	Target: autoDraw = False
282.4622 	EXP 	feedbackMsg: text = 'You pressed too slow!\n\nYou did not win $5.00!'
282.4622 	EXP 	feedbackMsg: autoDraw = True
282.5504 	DATA 	Keypress: 1
282.8857 	DATA 	Keypress: 5
283.6747 	DATA 	Keypress: 5
283.9234 	EXP 	New trial (rep=0, index=40): OrderedDict([('Condition', 'LgPun'), ('FixationDur', 2500)])
283.9622 	EXP 	feedbackMsg: autoDraw = False
283.9622 	EXP 	feedbackMsg: autoDraw = False
283.9622 	EXP 	cueImage: image = 'images/LoseBig.bmp'
283.9622 	EXP 	cueImage: autoDraw = True
284.4661 	DATA 	Keypress: 5
285.2143 	DATA 	Keypress: 5
285.9695 	EXP 	cueImage: autoDraw = False
285.9695 	EXP 	cueImage: autoDraw = False
285.9695 	EXP 	fixation: autoDraw = True
286.0112 	DATA 	Keypress: 5
286.7993 	DATA 	Keypress: 5
287.5503 	DATA 	Keypress: 5
288.3422 	DATA 	Keypress: 5
288.4858 	EXP 	fixation: autoDraw = False
288.4858 	EXP 	fixation: autoDraw = False
288.4858 	EXP 	Target: image = 'images/LoseProbe.bmp'
288.4858 	EXP 	Target: autoDraw = True
288.9600 	EXP 	Target: autoDraw = False
288.9600 	EXP 	Target: autoDraw = False
288.9600 	EXP 	feedbackMsg: text = 'You pressed too slow!\n\nYou lost $5.00!'
288.9600 	EXP 	feedbackMsg: autoDraw = True
289.1314 	DATA 	Keypress: 5
289.8811 	DATA 	Keypress: 5
290.4208 	EXP 	New trial (rep=0, index=41): OrderedDict([('Condition', 'LgReward'), ('FixationDur', 3000)])
290.4647 	EXP 	feedbackMsg: autoDraw = False
290.4647 	EXP 	feedbackMsg: autoDraw = False
290.4647 	EXP 	cueImage: image = 'images/WinBig.bmp'
290.4647 	EXP 	cueImage: autoDraw = True
290.6761 	DATA 	Keypress: 5
291.4650 	DATA 	Keypress: 5
292.2155 	DATA 	Keypress: 5
292.4699 	EXP 	cueImage: autoDraw = False
292.4699 	EXP 	cueImage: autoDraw = False
292.4699 	EXP 	fixation: autoDraw = True
293.0090 	DATA 	Keypress: 5
293.7992 	DATA 	Keypress: 5
294.5497 	DATA 	Keypress: 5
295.3434 	DATA 	Keypress: 5
295.4872 	EXP 	fixation: autoDraw = False
295.4872 	EXP 	fixation: autoDraw = False
295.4872 	EXP 	Target: image = 'images/WinProbe.bmp'
295.4872 	EXP 	Target: autoDraw = True
295.9629 	EXP 	Target: autoDraw = False
295.9629 	EXP 	Target: autoDraw = False
295.9629 	EXP 	feedbackMsg: text = 'You pressed too slow!\n\nYou did not win $5.00!'
295.9629 	EXP 	feedbackMsg: autoDraw = True
296.0528 	DATA 	Keypress: 1
296.1328 	DATA 	Keypress: 5
296.8832 	DATA 	Keypress: 5
297.4251 	EXP 	New trial (rep=0, index=42): OrderedDict([('Condition', 'LgPun'), ('FixationDur', 1500)])
297.4615 	EXP 	feedbackMsg: autoDraw = False
297.4615 	EXP 	feedbackMsg: autoDraw = False
297.4615 	EXP 	cueImage: image = 'images/LoseBig.bmp'
297.4615 	EXP 	cueImage: autoDraw = True
297.6752 	DATA 	Keypress: 5
298.4638 	DATA 	Keypress: 5
299.2147 	DATA 	Keypress: 5
299.4716 	EXP 	cueImage: autoDraw = False
299.4716 	EXP 	cueImage: autoDraw = False
299.4716 	EXP 	fixation: autoDraw = True
300.0104 	DATA 	Keypress: 5
300.8007 	DATA 	Keypress: 5
300.9787 	EXP 	fixation: autoDraw = False
300.9787 	EXP 	fixation: autoDraw = False
300.9787 	EXP 	Target: image = 'images/LoseProbe.bmp'
300.9787 	EXP 	Target: autoDraw = True
301.4613 	EXP 	Target: autoDraw = False
301.4613 	EXP 	Target: autoDraw = False
301.4613 	EXP 	feedbackMsg: text = 'You pressed too slow!\n\nYou lost $5.00!'
301.4613 	EXP 	feedbackMsg: autoDraw = True
301.4658 	DATA 	Keypress: 1
301.5904 	DATA 	Keypress: 5
302.3402 	DATA 	Keypress: 5
302.9216 	EXP 	New trial (rep=0, index=43): OrderedDict([('Condition', 'LgReward'), ('FixationDur', 1500)])
302.9605 	EXP 	feedbackMsg: autoDraw = False
302.9605 	EXP 	feedbackMsg: autoDraw = False
302.9605 	EXP 	cueImage: image = 'images/WinBig.bmp'
302.9605 	EXP 	cueImage: autoDraw = True
303.1309 	DATA 	Keypress: 5
303.9231 	DATA 	Keypress: 5
304.6779 	DATA 	Keypress: 5
304.9727 	EXP 	cueImage: autoDraw = False
304.9727 	EXP 	fixation: autoDraw = True
305.4686 	DATA 	Keypress: 5
306.2187 	DATA 	Keypress: 5
306.4939 	EXP 	fixation: autoDraw = False
306.4939 	EXP 	fixation: autoDraw = False
306.4939 	EXP 	Target: image = 'images/WinProbe.bmp'
306.4939 	EXP 	Target: autoDraw = True
306.9325 	DATA 	Keypress: 1
306.9655 	EXP 	Target: autoDraw = False
306.9655 	EXP 	Target: autoDraw = False
306.9655 	EXP 	feedbackMsg: text = 'You pressed too slow!\n\nYou did not win $5.00!'
306.9655 	EXP 	feedbackMsg: autoDraw = True
307.0103 	DATA 	Keypress: 5
307.8002 	DATA 	Keypress: 5
308.4236 	EXP 	New trial (rep=0, index=44): OrderedDict([('Condition', 'SmallReward'), ('FixationDur', 3000)])
308.4621 	EXP 	feedbackMsg: autoDraw = False
308.4621 	EXP 	feedbackMsg: autoDraw = False
308.4621 	EXP 	cueImage: image = 'images/WinSmall.bmp'
308.4621 	EXP 	cueImage: autoDraw = True
308.5928 	DATA 	Keypress: 5
309.3429 	DATA 	Keypress: 5
310.1327 	DATA 	Keypress: 5
310.4714 	EXP 	cueImage: autoDraw = False
310.4714 	EXP 	cueImage: autoDraw = False
310.4714 	EXP 	fixation: autoDraw = True
310.9289 	DATA 	Keypress: 5
310.9696 	DATA 	Keypress: 1
311.6785 	DATA 	Keypress: 5
312.4690 	DATA 	Keypress: 5
313.2602 	DATA 	Keypress: 5
313.4910 	EXP 	fixation: autoDraw = False
313.4910 	EXP 	fixation: autoDraw = False
313.4910 	EXP 	Target: image = 'images/WinProbe.bmp'
313.4910 	EXP 	Target: autoDraw = True
313.9363 	DATA 	Keypress: 1
313.9634 	EXP 	Target: autoDraw = False
313.9634 	EXP 	Target: autoDraw = False
313.9634 	EXP 	feedbackMsg: text = 'You pressed too soon!\n\nYou did not win $0.20!'
313.9634 	EXP 	feedbackMsg: autoDraw = True
314.0116 	DATA 	Keypress: 5
314.8015 	DATA 	Keypress: 5
315.4248 	EXP 	New trial (rep=0, index=45): OrderedDict([('Condition', 'SmallPun'), ('FixationDur', 1500)])
315.4638 	EXP 	feedbackMsg: autoDraw = False
315.4638 	EXP 	feedbackMsg: autoDraw = False
315.4638 	EXP 	cueImage: image = 'images/LoseSmall.bmp'
315.4638 	EXP 	cueImage: autoDraw = True
315.5928 	DATA 	Keypress: 5
316.3413 	DATA 	Keypress: 5
317.1350 	DATA 	Keypress: 5
317.4736 	EXP 	cueImage: autoDraw = False
317.4736 	EXP 	cueImage: autoDraw = False
317.4736 	EXP 	fixation: autoDraw = True
317.9270 	DATA 	Keypress: 5
318.6768 	DATA 	Keypress: 5
318.9793 	EXP 	fixation: autoDraw = False
318.9793 	EXP 	fixation: autoDraw = False
318.9793 	EXP 	Target: image = 'images/LoseProbe.bmp'
318.9793 	EXP 	Target: autoDraw = True
319.4620 	EXP 	Target: autoDraw = False
319.4620 	EXP 	Target: autoDraw = False
319.4620 	EXP 	feedbackMsg: text = 'You pressed too slow!\n\nYou lost $0.20!'
319.4620 	EXP 	feedbackMsg: autoDraw = True
319.4654 	DATA 	Keypress: 5
320.2585 	DATA 	Keypress: 5
320.9224 	EXP 	New trial (rep=0, index=46): OrderedDict([('Condition', 'LgReward'), ('FixationDur', 1500)])
320.9625 	EXP 	feedbackMsg: autoDraw = False
320.9625 	EXP 	feedbackMsg: autoDraw = False
320.9625 	EXP 	cueImage: image = 'images/WinBig.bmp'
320.9625 	EXP 	cueImage: autoDraw = True
321.0071 	DATA 	Keypress: 5
321.7991 	DATA 	Keypress: 5
322.5930 	DATA 	Keypress: 5
322.9740 	EXP 	cueImage: autoDraw = False
322.9740 	EXP 	cueImage: autoDraw = False
322.9740 	EXP 	fixation: autoDraw = True
323.3445 	DATA 	Keypress: 5
324.1348 	DATA 	Keypress: 5
324.4930 	EXP 	fixation: autoDraw = False
324.4930 	EXP 	fixation: autoDraw = False
324.4930 	EXP 	Target: image = 'images/WinProbe.bmp'
324.4930 	EXP 	Target: autoDraw = True
324.9376 	DATA 	Keypress: 5
324.9639 	EXP 	Target: autoDraw = False
324.9639 	EXP 	Target: autoDraw = False
324.9639 	EXP 	feedbackMsg: text = 'You pressed too slow!\n\nYou did not win $5.00!'
324.9639 	EXP 	feedbackMsg: autoDraw = True
325.6768 	DATA 	Keypress: 5
326.4250 	EXP 	New trial (rep=0, index=47): OrderedDict([('Condition', 'SmallPun'), ('FixationDur', 2500)])
326.4644 	EXP 	feedbackMsg: autoDraw = False
326.4644 	EXP 	feedbackMsg: autoDraw = False
326.4644 	EXP 	cueImage: image = 'images/LoseSmall.bmp'
326.4644 	EXP 	cueImage: autoDraw = True
326.4674 	DATA 	Keypress: 5
327.2593 	DATA 	Keypress: 5
328.0094 	DATA 	Keypress: 5
328.4751 	EXP 	cueImage: autoDraw = False
328.4751 	EXP 	cueImage: autoDraw = False
328.4751 	EXP 	fixation: autoDraw = True
328.8034 	DATA 	Keypress: 5
329.5954 	DATA 	Keypress: 5
330.0548 	DATA 	Keypress: 1
330.3453 	DATA 	Keypress: 5
330.9820 	EXP 	fixation: autoDraw = False
330.9820 	EXP 	fixation: autoDraw = False
330.9820 	EXP 	Target: image = 'images/LoseProbe.bmp'
330.9820 	EXP 	Target: autoDraw = True
331.1339 	DATA 	Keypress: 5
331.4353 	DATA 	Keypress: 1
331.4625 	EXP 	Target: autoDraw = False
331.4625 	EXP 	Target: autoDraw = False
331.4625 	EXP 	feedbackMsg: text = 'You pressed too soon!\n\nYou lost $0.20!'
331.4625 	EXP 	feedbackMsg: autoDraw = True
331.9256 	DATA 	Keypress: 5
332.6745 	DATA 	Keypress: 5
332.9226 	EXP 	New trial (rep=0, index=48): OrderedDict([('Condition', 'SmallReward'), ('FixationDur', 1500)])
332.9632 	EXP 	feedbackMsg: autoDraw = False
332.9632 	EXP 	feedbackMsg: autoDraw = False
332.9632 	EXP 	cueImage: image = 'images/WinSmall.bmp'
332.9632 	EXP 	cueImage: autoDraw = True
333.4669 	DATA 	Keypress: 5
334.2592 	DATA 	Keypress: 5
334.9757 	EXP 	cueImage: autoDraw = False
334.9757 	EXP 	cueImage: autoDraw = False
334.9757 	EXP 	fixation: autoDraw = True
335.0094 	DATA 	Keypress: 5
335.8031 	DATA 	Keypress: 5
336.4935 	EXP 	fixation: autoDraw = False
336.4935 	EXP 	fixation: autoDraw = False
336.4935 	EXP 	Target: image = 'images/WinProbe.bmp'
336.4935 	EXP 	Target: autoDraw = True
336.5938 	DATA 	Keypress: 5
336.9651 	EXP 	Target: autoDraw = False
336.9651 	EXP 	Target: autoDraw = False
336.9651 	EXP 	feedbackMsg: text = 'You pressed too slow!\n\nYou did not win $0.20!'
336.9651 	EXP 	feedbackMsg: autoDraw = True
336.9686 	DATA 	Keypress: 1
337.3436 	DATA 	Keypress: 5
338.1367 	DATA 	Keypress: 5
338.4259 	EXP 	New trial (rep=0, index=49): OrderedDict([('Condition', 'SmallPun'), ('FixationDur', 1500)])
338.4649 	EXP 	feedbackMsg: autoDraw = False
338.4649 	EXP 	feedbackMsg: autoDraw = False
338.4649 	EXP 	cueImage: image = 'images/LoseSmall.bmp'
338.4649 	EXP 	cueImage: autoDraw = True
338.9252 	DATA 	Keypress: 5
339.6745 	DATA 	Keypress: 5
340.4609 	DATA 	Keypress: 5
340.4763 	EXP 	cueImage: autoDraw = False
340.4763 	EXP 	cueImage: autoDraw = False
340.4763 	EXP 	fixation: autoDraw = True
341.2610 	DATA 	Keypress: 5
341.9807 	EXP 	fixation: autoDraw = False
341.9807 	EXP 	fixation: autoDraw = False
341.9807 	EXP 	Target: image = 'images/LoseProbe.bmp'
341.9807 	EXP 	Target: autoDraw = True
342.0083 	DATA 	Keypress: 5
342.4649 	EXP 	Target: autoDraw = False
342.4649 	EXP 	Target: autoDraw = False
342.4649 	EXP 	feedbackMsg: text = 'You pressed too slow!\n\nYou lost $0.20!'
342.4649 	EXP 	feedbackMsg: autoDraw = True
342.8033 	DATA 	Keypress: 5
343.5937 	DATA 	Keypress: 5
343.9653 	EXP 	feedbackMsg: autoDraw = False
343.9653 	EXP 	feedbackMsg: autoDraw = False
343.9653 	EXP 	polygon: autoDraw = True
344.3433 	DATA 	Keypress: 5
345.1375 	DATA 	Keypress: 5
345.9285 	DATA 	Keypress: 5
346.6772 	DATA 	Keypress: 5
347.4698 	DATA 	Keypress: 5
348.2628 	DATA 	Keypress: 5
348.9656 	EXP 	polygon: autoDraw = False
348.9656 	EXP 	polygon: autoDraw = False
348.9656 	EXP 	text: text = 'All done!\n\nYou earned a total of: $1.00'
348.9656 	EXP 	text: autoDraw = True
349.0123 	DATA 	Keypress: 5
349.8035 	DATA 	Keypress: 5
350.3891 	DATA 	Keypress: 1
350.5945 	DATA 	Keypress: 5
351.3438 	DATA 	Keypress: 5
351.9780 	EXP 	text: autoDraw = False
351.9780 	EXP 	text: autoDraw = False
351.9780 	EXP 	polygon2: autoDraw = True
352.1372 	DATA 	Keypress: 5
352.9292 	DATA 	Keypress: 5
357.0111 	DATA 	Keypress: escape
357.3779 	EXP 	window1: mouseVisible = True
