9.5461 	WARNING 	User requested fullscreen with size [1440  900], but screen is actually [1920, 1080]. Using actual size
10.6123 	EXP 	Created window1 = Window(allowGUI=False, allowStencil=False, args=UNKNOWN, autoLog=True, bitsMode=UNKNOWN, blendMode='avg', color=array([0., 0., 0.]), colorSpace='rgb', fullscr=<method-wrapper '__getattribute__' of attributeSetter object at 0x135287be0>, gamma=None, kwargs=UNKNOWN, lms=UNKNOWN, monitor=<psychopy.monitors.calibTools.Monitor object at 0x1351cacc0>, multiSample=False, name='window1', numSamples=2, pos=[0.0, 0.0], screen=0, size=array([3840, 2160]), stereo=False, units='height', useFBO=True, useRetina=True, viewOri=0.0, viewPos=None, viewScale=None, waitBlanking=True, winType='pyglet')
10.6124 	EXP 	window1: recordFrameIntervals = False
11.0282 	EXP 	window1: recordFrameIntervals = True
11.4867 	EXP 	window1: recordFrameIntervals = False
11.9396 	EXP 	Created preinstruct_text = TextStim(__class__=<class 'psychopy.visual.text.TextStim'>, alignHoriz='center', alignVert='center', antialias=True, autoLog=True, bold=False, color='white', colorSpace='named', contrast=1.0, depth=0.0, flipHoriz=False, flipVert=False, font='Arial', fontFiles=[], height=0.05, italic=False, languageStyle='LTR', name='preinstruct_text', opacity=1.0, ori=0, pos=array([0., 0.]), rgb=array([255., 255., 255.]), text='Money Task - Scanner 1', units='height', win=Window(...), wrapWidth=1)
11.9860 	EXP 	Created instructFig = ImageStim(__class__=<class 'psychopy.visual.image.ImageStim'>, autoLog=True, color=array([1., 1., 1.]), colorSpace='rgb', contrast=1.0, depth=0.0, flipHoriz=False, flipVert=False, image='images/MID_instructions.bmp', interpolate=True, mask=None, maskParams=None, name='instructFig', opacity=1.0, ori=0.0, pos=array([0., 0.]), size=array([1.3, 1. ]), texRes=128, units='height', win=Window(...))
11.9876 	EXP 	Created PrepFixation = ShapeStim(__class__=<class 'psychopy.visual.shape.ShapeStim'>, autoDraw=False, autoLog=True, closeShape=True, contrast=1.0, depth=0.0, fillColor=array([1., 1., 1.]), fillColorSpace='rgb', interpolate=True, lineColor=array([1., 1., 1.]), lineColorSpace='rgb', lineWidth=1, name='PrepFixation', opacity=1.0, ori=array(0.), pos=array([0., 0.]), size=array([0.05, 0.05]), units='height', vertices=ndarray(...), win=Window(...), windingRule=None)
11.9892 	EXP 	Created cueImage = ImageStim(__class__=<class 'psychopy.visual.image.ImageStim'>, autoLog=True, color=array([1., 1., 1.]), colorSpace='rgb', contrast=1.0, depth=0.0, flipHoriz=False, flipVert=False, image='sin', interpolate=True, mask=None, maskParams=None, name='cueImage', opacity=1.0, ori=0.0, pos=array([0., 0.]), size=array([1.3, 1. ]), texRes=128, units='height', win=Window(...))
11.9907 	EXP 	Created fixation = ShapeStim(__class__=<class 'psychopy.visual.shape.ShapeStim'>, autoDraw=False, autoLog=True, closeShape=True, contrast=1.0, depth=-1.0, fillColor=array([1., 1., 1.]), fillColorSpace='rgb', interpolate=True, lineColor=array([1., 1., 1.]), lineColorSpace='rgb', lineWidth=1, name='fixation', opacity=1.0, ori=array(0.), pos=array([0., 0.]), size=array([0.05, 0.05]), units='height', vertices=ndarray(...), win=Window(...), windingRule=None)
11.9923 	EXP 	Created Target = ImageStim(__class__=<class 'psychopy.visual.image.ImageStim'>, autoLog=True, color=array([1., 1., 1.]), colorSpace='rgb', contrast=1.0, depth=-1.0, flipHoriz=False, flipVert=False, image='sin', interpolate=True, mask=None, maskParams=None, name='Target', opacity=1.0, ori=0.0, pos=array([0., 0.]), size=array([1.3, 1. ]), texRes=128, units='height', win=Window(...))
12.0027 	EXP 	Created feedbackMsg = TextStim(__class__=<class 'psychopy.visual.text.TextStim'>, alignHoriz='center', alignVert='center', antialias=True, autoLog=True, bold=False, color='white', colorSpace='named', contrast=1.0, depth=-2.0, flipHoriz=False, flipVert=False, font='Arial', fontFiles=[], height=0.05, italic=False, languageStyle='LTR', name='feedbackMsg', opacity=1.0, ori=0, pos=array([0., 0.]), rgb=array([255., 255., 255.]), text='default text', units='height', win=Window(...), wrapWidth=2)
12.0045 	EXP 	Created polygon = ShapeStim(__class__=<class 'psychopy.visual.shape.ShapeStim'>, autoDraw=False, autoLog=True, closeShape=True, contrast=1.0, depth=0.0, fillColor=array([1., 1., 1.]), fillColorSpace='rgb', interpolate=True, lineColor=array([1., 1., 1.]), lineColorSpace='rgb', lineWidth=1, name='polygon', opacity=1.0, ori=array(0.), pos=array([0., 0.]), size=array([0.05, 0.05]), units='height', vertices=ndarray(...), win=Window(...), windingRule=None)
12.0118 	EXP 	Created text = TextStim(__class__=<class 'psychopy.visual.text.TextStim'>, alignHoriz='center', alignVert='center', antialias=True, autoLog=True, bold=False, color='white', colorSpace='named', contrast=1.0, depth=-1.0, flipHoriz=False, flipVert=False, font='Arial', fontFiles=[], height=0.07, italic=False, languageStyle='LTR', name='text', opacity=1.0, ori=0, pos=array([0., 0.]), rgb=array([255., 255., 255.]), text='default text', units='height', win=Window(...), wrapWidth=1)
12.0132 	EXP 	Created polygon2 = ShapeStim(__class__=<class 'psychopy.visual.shape.ShapeStim'>, autoDraw=False, autoLog=True, closeShape=True, contrast=1.0, depth=0.0, fillColor=array([1., 1., 1.]), fillColorSpace='rgb', interpolate=True, lineColor=array([1., 1., 1.]), lineColorSpace='rgb', lineWidth=1, name='polygon2', opacity=1.0, ori=array(0.), pos=array([0., 0.]), size=array([0.05, 0.05]), units='height', vertices=ndarray(...), win=Window(...), windingRule=None)
12.0279 	EXP 	preinstruct_text: autoDraw = True
14.0805 	EXP 	preinstruct_text: autoDraw = False
14.0805 	EXP 	instructFig: autoDraw = True
26.1704 	DATA 	Keypress: 5
26.1973 	EXP 	instructFig: autoDraw = False
26.1973 	EXP 	PrepFixation: autoDraw = True
26.9512 	DATA 	Keypress: 5
27.7422 	DATA 	Keypress: 5
28.1670 	EXP 	Imported TimeVersion6.csv as conditions, 50 conditions, 2 params
28.1674 	EXP 	Created sequence: sequential, trialTypes=50, nReps=1, seed=None
28.1678 	EXP 	New trial (rep=0, index=0): OrderedDict([('Condition', 'LgPun'), ('FixationDur', 2500)])
28.1956 	EXP 	PrepFixation: autoDraw = False
28.1956 	EXP 	cueImage: image = 'images/LoseBig.bmp'
28.1956 	EXP 	cueImage: autoDraw = True
28.4907 	DATA 	Keypress: 5
29.2838 	DATA 	Keypress: 5
30.0749 	DATA 	Keypress: 5
30.2168 	EXP 	cueImage: autoDraw = False
30.2168 	EXP 	fixation: autoDraw = True
30.8264 	DATA 	Keypress: 5
31.6192 	DATA 	Keypress: 5
32.4103 	DATA 	Keypress: 5
32.7178 	EXP 	fixation: autoDraw = False
32.7178 	EXP 	fixation: autoDraw = False
32.7178 	EXP 	Target: image = 'images/LoseProbe.bmp'
32.7178 	EXP 	Target: autoDraw = True
33.1745 	DATA 	Keypress: 5
33.1951 	EXP 	Target: autoDraw = False
33.1951 	EXP 	Target: autoDraw = False
33.1951 	EXP 	feedbackMsg: text = 'You pressed too slow!\n\nYou lost $5.00!'
33.1951 	EXP 	feedbackMsg: autoDraw = True
33.2831 	DATA 	Keypress: 1
33.9493 	DATA 	Keypress: 5
34.6557 	EXP 	New trial (rep=0, index=1): OrderedDict([('Condition', 'LgReward'), ('FixationDur', 1500)])
34.6953 	EXP 	feedbackMsg: autoDraw = False
34.6953 	EXP 	feedbackMsg: autoDraw = False
34.6953 	EXP 	cueImage: image = 'images/WinBig.bmp'
34.6953 	EXP 	cueImage: autoDraw = True
34.7418 	DATA 	Keypress: 5
35.4904 	DATA 	Keypress: 5
36.2829 	DATA 	Keypress: 5
36.7031 	EXP 	cueImage: autoDraw = False
36.7031 	EXP 	cueImage: autoDraw = False
36.7031 	EXP 	fixation: autoDraw = True
37.0786 	DATA 	Keypress: 5
37.8279 	DATA 	Keypress: 5
38.2345 	EXP 	fixation: autoDraw = False
38.2345 	EXP 	fixation: autoDraw = False
38.2345 	EXP 	Target: image = 'images/WinProbe.bmp'
38.2345 	EXP 	Target: autoDraw = True
38.6179 	DATA 	Keypress: 5
38.6996 	EXP 	Target: autoDraw = False
38.6996 	EXP 	Target: autoDraw = False
38.6996 	EXP 	feedbackMsg: text = 'You pressed too slow!\n\nYou did not win $5.00!'
38.6996 	EXP 	feedbackMsg: autoDraw = True
38.9105 	DATA 	Keypress: 1
39.4113 	DATA 	Keypress: 5
40.1587 	EXP 	New trial (rep=0, index=2): OrderedDict([('Condition', 'LgPun'), ('FixationDur', 1500)])
40.1689 	DATA 	Keypress: 5
40.1953 	EXP 	feedbackMsg: autoDraw = False
40.1953 	EXP 	feedbackMsg: autoDraw = False
40.1953 	EXP 	cueImage: image = 'images/LoseBig.bmp'
40.1953 	EXP 	cueImage: autoDraw = True
40.9503 	DATA 	Keypress: 5
41.7431 	DATA 	Keypress: 5
42.2061 	EXP 	cueImage: autoDraw = False
42.2061 	EXP 	cueImage: autoDraw = False
42.2061 	EXP 	fixation: autoDraw = True
42.4946 	DATA 	Keypress: 5
43.2850 	DATA 	Keypress: 5
43.7186 	EXP 	fixation: autoDraw = False
43.7186 	EXP 	fixation: autoDraw = False
43.7186 	EXP 	Target: image = 'images/LoseProbe.bmp'
43.7186 	EXP 	Target: autoDraw = True
44.0749 	DATA 	Keypress: 5
44.1176 	DATA 	Keypress: 1
44.1956 	EXP 	Target: autoDraw = False
44.1956 	EXP 	Target: autoDraw = False
44.1956 	EXP 	feedbackMsg: text = 'Correct Response!\n\nYou did not lose $5.00!'
44.1956 	EXP 	feedbackMsg: autoDraw = True
44.8246 	DATA 	Keypress: 5
45.6156 	DATA 	Keypress: 5
45.6551 	EXP 	New trial (rep=0, index=3): OrderedDict([('Condition', 'SmallReward'), ('FixationDur', 2000)])
45.6951 	EXP 	feedbackMsg: autoDraw = False
45.6951 	EXP 	feedbackMsg: autoDraw = False
45.6951 	EXP 	cueImage: image = 'images/WinSmall.bmp'
45.6951 	EXP 	cueImage: autoDraw = True
46.4083 	DATA 	Keypress: 5
47.1580 	DATA 	Keypress: 5
47.7040 	EXP 	cueImage: autoDraw = False
47.7040 	EXP 	fixation: autoDraw = True
47.9531 	DATA 	Keypress: 5
48.7435 	DATA 	Keypress: 5
49.4928 	DATA 	Keypress: 5
49.7271 	EXP 	fixation: autoDraw = False
49.7271 	EXP 	fixation: autoDraw = False
49.7271 	EXP 	Target: image = 'images/WinProbe.bmp'
49.7271 	EXP 	Target: autoDraw = True
50.1982 	EXP 	Target: autoDraw = False
50.1982 	EXP 	Target: autoDraw = False
50.1982 	EXP 	feedbackMsg: text = 'You pressed too slow!\n\nYou did not win $0.20!'
50.1982 	EXP 	feedbackMsg: autoDraw = True
50.2865 	DATA 	Keypress: 5
50.6607 	DATA 	Keypress: 1
51.0774 	DATA 	Keypress: 5
51.6593 	EXP 	New trial (rep=0, index=4): OrderedDict([('Condition', 'Triangle'), ('FixationDur', 2000)])
51.6980 	EXP 	feedbackMsg: autoDraw = False
51.6980 	EXP 	feedbackMsg: autoDraw = False
51.6980 	EXP 	cueImage: image = 'images/Neutral.bmp'
51.6980 	EXP 	cueImage: autoDraw = True
51.8259 	DATA 	Keypress: 5
52.6191 	DATA 	Keypress: 5
53.4081 	DATA 	Keypress: 5
53.7056 	EXP 	cueImage: autoDraw = False
53.7056 	EXP 	cueImage: autoDraw = False
53.7056 	EXP 	fixation: autoDraw = True
54.1628 	DATA 	Keypress: 5
54.9539 	DATA 	Keypress: 5
55.7204 	EXP 	fixation: autoDraw = False
55.7204 	EXP 	fixation: autoDraw = False
55.7204 	EXP 	Target: image = 'images/NeutralProbe.bmp'
55.7204 	EXP 	Target: autoDraw = True
55.7235 	DATA 	Keypress: 5
56.1173 	DATA 	Keypress: 1
56.1965 	EXP 	Target: autoDraw = False
56.1965 	EXP 	Target: autoDraw = False
56.1965 	EXP 	feedbackMsg: text = 'Correct Response!\n\nYou did not win or lose anything!'
56.1965 	EXP 	feedbackMsg: autoDraw = True
56.5344 	DATA 	Keypress: 5
57.2844 	DATA 	Keypress: 5
57.6568 	EXP 	New trial (rep=0, index=5): OrderedDict([('Condition', 'SmallReward'), ('FixationDur', 1500)])
57.6997 	EXP 	feedbackMsg: autoDraw = False
57.6997 	EXP 	feedbackMsg: autoDraw = False
57.6997 	EXP 	cueImage: image = 'images/WinSmall.bmp'
57.6997 	EXP 	cueImage: autoDraw = True
58.0752 	DATA 	Keypress: 5
58.8695 	DATA 	Keypress: 5
59.6188 	DATA 	Keypress: 5
59.7046 	EXP 	cueImage: autoDraw = False
59.7046 	EXP 	cueImage: autoDraw = False
59.7046 	EXP 	fixation: autoDraw = True
60.4138 	DATA 	Keypress: 5
61.2170 	DATA 	Keypress: 5
61.2380 	EXP 	fixation: autoDraw = False
61.2380 	EXP 	fixation: autoDraw = False
61.2380 	EXP 	Target: image = 'images/WinProbe.bmp'
61.2380 	EXP 	Target: autoDraw = True
61.7002 	EXP 	Target: autoDraw = False
61.7002 	EXP 	Target: autoDraw = False
61.7002 	EXP 	feedbackMsg: text = 'You pressed too slow!\n\nYou did not win $0.20!'
61.7002 	EXP 	feedbackMsg: autoDraw = True
61.9545 	DATA 	Keypress: 5
62.0805 	DATA 	Keypress: 1
62.7446 	DATA 	Keypress: 5
63.1587 	EXP 	New trial (rep=0, index=6): OrderedDict([('Condition', 'Triangle'), ('FixationDur', 1500)])
63.1968 	EXP 	feedbackMsg: autoDraw = False
63.1968 	EXP 	feedbackMsg: autoDraw = False
63.1968 	EXP 	cueImage: image = 'images/Neutral.bmp'
63.1968 	EXP 	cueImage: autoDraw = True
63.5357 	DATA 	Keypress: 5
64.2849 	DATA 	Keypress: 5
65.0779 	DATA 	Keypress: 5
65.2055 	EXP 	cueImage: autoDraw = False
65.2055 	EXP 	cueImage: autoDraw = False
65.2055 	EXP 	fixation: autoDraw = True
65.8695 	DATA 	Keypress: 5
66.6201 	DATA 	Keypress: 5
66.7215 	EXP 	fixation: autoDraw = False
66.7215 	EXP 	fixation: autoDraw = False
66.7215 	EXP 	Target: image = 'images/NeutralProbe.bmp'
66.7215 	EXP 	Target: autoDraw = True
67.0767 	DATA 	Keypress: 1
67.1969 	EXP 	Target: autoDraw = False
67.1969 	EXP 	Target: autoDraw = False
67.1969 	EXP 	feedbackMsg: text = 'Correct Response!\n\nYou did not win or lose anything!'
67.1969 	EXP 	feedbackMsg: autoDraw = True
67.4083 	DATA 	Keypress: 5
68.2015 	DATA 	Keypress: 5
68.6573 	EXP 	New trial (rep=0, index=7): OrderedDict([('Condition', 'LgPun'), ('FixationDur', 1500)])
68.6974 	EXP 	feedbackMsg: autoDraw = False
68.6974 	EXP 	feedbackMsg: autoDraw = False
68.6974 	EXP 	cueImage: image = 'images/LoseBig.bmp'
68.6974 	EXP 	cueImage: autoDraw = True
68.9506 	DATA 	Keypress: 5
69.7417 	DATA 	Keypress: 5
70.5355 	DATA 	Keypress: 5
70.7060 	EXP 	cueImage: autoDraw = False
70.7060 	EXP 	cueImage: autoDraw = False
70.7060 	EXP 	fixation: autoDraw = True
71.2876 	DATA 	Keypress: 5
72.0797 	DATA 	Keypress: 5
72.2215 	EXP 	fixation: autoDraw = False
72.2215 	EXP 	fixation: autoDraw = False
72.2215 	EXP 	Target: image = 'images/LoseProbe.bmp'
72.2215 	EXP 	Target: autoDraw = True
72.6972 	EXP 	Target: autoDraw = False
72.6972 	EXP 	Target: autoDraw = False
72.6972 	EXP 	feedbackMsg: text = 'You pressed too slow!\n\nYou lost $5.00!'
72.6972 	EXP 	feedbackMsg: autoDraw = True
72.7840 	DATA 	Keypress: 1
72.8681 	DATA 	Keypress: 5
73.6175 	DATA 	Keypress: 5
74.1576 	EXP 	New trial (rep=0, index=8): OrderedDict([('Condition', 'LgReward'), ('FixationDur', 2000)])
74.1975 	EXP 	feedbackMsg: autoDraw = False
74.1975 	EXP 	feedbackMsg: autoDraw = False
74.1975 	EXP 	cueImage: image = 'images/WinBig.bmp'
74.1975 	EXP 	cueImage: autoDraw = True
74.4086 	DATA 	Keypress: 5
75.2019 	DATA 	Keypress: 5
75.9514 	DATA 	Keypress: 5
76.2061 	EXP 	cueImage: autoDraw = False
76.2061 	EXP 	cueImage: autoDraw = False
76.2061 	EXP 	fixation: autoDraw = True
76.7445 	DATA 	Keypress: 5
77.5393 	DATA 	Keypress: 5
78.2406 	EXP 	fixation: autoDraw = False
78.2406 	EXP 	fixation: autoDraw = False
78.2406 	EXP 	Target: image = 'images/WinProbe.bmp'
78.2406 	EXP 	Target: autoDraw = True
78.2838 	DATA 	Keypress: 5
78.6206 	DATA 	Keypress: 1
78.6992 	EXP 	Target: autoDraw = False
78.6992 	EXP 	Target: autoDraw = False
78.6992 	EXP 	feedbackMsg: text = 'Correct Response!\n\nYou won $5.00!'
78.6992 	EXP 	feedbackMsg: autoDraw = True
79.0779 	DATA 	Keypress: 5
79.8727 	DATA 	Keypress: 5
80.1604 	EXP 	New trial (rep=0, index=9): OrderedDict([('Condition', 'SmallPun'), ('FixationDur', 4000)])
80.1996 	EXP 	feedbackMsg: autoDraw = False
80.1996 	EXP 	feedbackMsg: autoDraw = False
80.1996 	EXP 	cueImage: image = 'images/LoseSmall.bmp'
80.1996 	EXP 	cueImage: autoDraw = True
80.6191 	DATA 	Keypress: 5
81.4098 	DATA 	Keypress: 5
82.1947 	DATA 	Keypress: 5
82.2073 	EXP 	cueImage: autoDraw = False
82.2073 	EXP 	cueImage: autoDraw = False
82.2073 	EXP 	fixation: autoDraw = True
82.9542 	DATA 	Keypress: 5
83.7447 	DATA 	Keypress: 5
84.5394 	DATA 	Keypress: 5
85.2886 	DATA 	Keypress: 5
86.0793 	DATA 	Keypress: 5
86.2229 	EXP 	fixation: autoDraw = False
86.2229 	EXP 	fixation: autoDraw = False
86.2229 	EXP 	Target: image = 'images/LoseProbe.bmp'
86.2229 	EXP 	Target: autoDraw = True
86.6677 	DATA 	Keypress: 1
86.6978 	EXP 	Target: autoDraw = False
86.6978 	EXP 	Target: autoDraw = False
86.6978 	EXP 	feedbackMsg: text = 'You pressed too slow!\n\nYou lost $0.20!'
86.6978 	EXP 	feedbackMsg: autoDraw = True
86.8688 	DATA 	Keypress: 5
87.6187 	DATA 	Keypress: 5
88.1580 	EXP 	New trial (rep=0, index=10): OrderedDict([('Condition', 'LgPun'), ('FixationDur', 1500)])
88.1983 	EXP 	feedbackMsg: autoDraw = False
88.1983 	EXP 	feedbackMsg: autoDraw = False
88.1983 	EXP 	cueImage: image = 'images/LoseBig.bmp'
88.1983 	EXP 	cueImage: autoDraw = True
88.4098 	DATA 	Keypress: 5
89.2022 	DATA 	Keypress: 5
89.9528 	DATA 	Keypress: 5
90.2086 	EXP 	cueImage: autoDraw = False
90.2086 	EXP 	cueImage: autoDraw = False
90.2086 	EXP 	fixation: autoDraw = True
90.7460 	DATA 	Keypress: 5
91.5380 	DATA 	Keypress: 5
91.7145 	EXP 	fixation: autoDraw = False
91.7145 	EXP 	fixation: autoDraw = False
91.7145 	EXP 	Target: image = 'images/LoseProbe.bmp'
91.7145 	EXP 	Target: autoDraw = True
92.1979 	EXP 	Target: autoDraw = False
92.1979 	EXP 	Target: autoDraw = False
92.1979 	EXP 	feedbackMsg: text = 'You pressed too slow!\n\nYou lost $5.00!'
92.1979 	EXP 	feedbackMsg: autoDraw = True
92.2443 	DATA 	Keypress: 1
92.2850 	DATA 	Keypress: 5
93.0775 	DATA 	Keypress: 5
93.6585 	EXP 	New trial (rep=0, index=11): OrderedDict([('Condition', 'SmallReward'), ('FixationDur', 1500)])
93.6984 	EXP 	feedbackMsg: autoDraw = False
93.6984 	EXP 	feedbackMsg: autoDraw = False
93.6984 	EXP 	cueImage: image = 'images/WinSmall.bmp'
93.6984 	EXP 	cueImage: autoDraw = True
93.8688 	DATA 	Keypress: 5
94.6179 	DATA 	Keypress: 5
95.4123 	DATA 	Keypress: 5
95.7085 	EXP 	cueImage: autoDraw = False
95.7085 	EXP 	fixation: autoDraw = True
96.2053 	DATA 	Keypress: 5
96.9541 	DATA 	Keypress: 5
97.2306 	EXP 	fixation: autoDraw = False
97.2306 	EXP 	fixation: autoDraw = False
97.2306 	EXP 	Target: image = 'images/WinProbe.bmp'
97.2306 	EXP 	Target: autoDraw = True
97.7005 	EXP 	Target: autoDraw = False
97.7005 	EXP 	Target: autoDraw = False
97.7005 	EXP 	feedbackMsg: text = 'You pressed too slow!\n\nYou did not win $0.20!'
97.7005 	EXP 	feedbackMsg: autoDraw = True
97.7474 	DATA 	Keypress: 1
97.7498 	DATA 	Keypress: 5
98.5384 	DATA 	Keypress: 5
99.1614 	EXP 	New trial (rep=0, index=12): OrderedDict([('Condition', 'LgReward'), ('FixationDur', 4000)])
99.2006 	EXP 	feedbackMsg: autoDraw = False
99.2006 	EXP 	feedbackMsg: autoDraw = False
99.2006 	EXP 	cueImage: image = 'images/WinBig.bmp'
99.2006 	EXP 	cueImage: autoDraw = True
99.2849 	DATA 	Keypress: 5
100.0794 	DATA 	Keypress: 5
100.8713 	DATA 	Keypress: 5
101.2102 	EXP 	cueImage: autoDraw = False
101.2102 	EXP 	cueImage: autoDraw = False
101.2102 	EXP 	fixation: autoDraw = True
101.6207 	DATA 	Keypress: 5
102.4160 	DATA 	Keypress: 5
103.2058 	DATA 	Keypress: 5
103.9550 	DATA 	Keypress: 5
104.7469 	DATA 	Keypress: 5
105.2416 	EXP 	fixation: autoDraw = False
105.2416 	EXP 	fixation: autoDraw = False
105.2416 	EXP 	Target: image = 'images/WinProbe.bmp'
105.2416 	EXP 	Target: autoDraw = True
105.5363 	DATA 	Keypress: 5
105.7025 	EXP 	Target: autoDraw = False
105.7025 	EXP 	Target: autoDraw = False
105.7025 	EXP 	feedbackMsg: text = 'You pressed too slow!\n\nYou did not win $5.00!'
105.7025 	EXP 	feedbackMsg: autoDraw = True
105.7465 	DATA 	Keypress: 1
106.2875 	DATA 	Keypress: 5
107.0810 	DATA 	Keypress: 5
107.1600 	EXP 	New trial (rep=0, index=13): OrderedDict([('Condition', 'Triangle'), ('FixationDur', 1500)])
107.1989 	EXP 	feedbackMsg: autoDraw = False
107.1989 	EXP 	feedbackMsg: autoDraw = False
107.1989 	EXP 	cueImage: image = 'images/Neutral.bmp'
107.1989 	EXP 	cueImage: autoDraw = True
107.8693 	DATA 	Keypress: 5
108.6619 	DATA 	Keypress: 5
109.2104 	EXP 	cueImage: autoDraw = False
109.2104 	EXP 	cueImage: autoDraw = False
109.2104 	EXP 	fixation: autoDraw = True
109.4158 	DATA 	Keypress: 5
110.2070 	DATA 	Keypress: 5
110.7163 	EXP 	fixation: autoDraw = False
110.7163 	EXP 	fixation: autoDraw = False
110.7163 	EXP 	Target: image = 'images/NeutralProbe.bmp'
110.7163 	EXP 	Target: autoDraw = True
110.9941 	DATA 	Keypress: 5
111.1990 	EXP 	Target: autoDraw = False
111.1990 	EXP 	Target: autoDraw = False
111.1990 	EXP 	feedbackMsg: text = 'You pressed too slow!\n\nYou did not win or lose anything!'
111.1990 	EXP 	feedbackMsg: autoDraw = True
111.5788 	DATA 	Keypress: 1
111.7448 	DATA 	Keypress: 5
112.5367 	DATA 	Keypress: 5
112.6592 	EXP 	New trial (rep=0, index=14): OrderedDict([('Condition', 'LgPun'), ('FixationDur', 2000)])
112.6992 	EXP 	feedbackMsg: autoDraw = False
112.6992 	EXP 	feedbackMsg: autoDraw = False
112.6992 	EXP 	cueImage: image = 'images/LoseBig.bmp'
112.6992 	EXP 	cueImage: autoDraw = True
113.3283 	DATA 	Keypress: 5
114.0790 	DATA 	Keypress: 5
114.7116 	EXP 	cueImage: autoDraw = False
114.7116 	EXP 	cueImage: autoDraw = False
114.7116 	EXP 	fixation: autoDraw = True
114.8726 	DATA 	Keypress: 5
115.6641 	DATA 	Keypress: 5
116.4146 	DATA 	Keypress: 5
116.7166 	EXP 	fixation: autoDraw = False
116.7166 	EXP 	fixation: autoDraw = False
116.7166 	EXP 	Target: image = 'images/LoseProbe.bmp'
116.7166 	EXP 	Target: autoDraw = True
117.1197 	DATA 	Keypress: 1
117.1991 	EXP 	Target: autoDraw = False
117.1991 	EXP 	Target: autoDraw = False
117.1991 	EXP 	feedbackMsg: text = 'Correct Response!\n\nYou did not lose $5.00!'
117.1991 	EXP 	feedbackMsg: autoDraw = True
117.2025 	DATA 	Keypress: 5
117.9948 	DATA 	Keypress: 5
118.6594 	EXP 	New trial (rep=0, index=15): OrderedDict([('Condition', 'Triangle'), ('FixationDur', 3000)])
118.6995 	EXP 	feedbackMsg: autoDraw = False
118.6995 	EXP 	feedbackMsg: autoDraw = False
118.6995 	EXP 	cueImage: image = 'images/Neutral.bmp'
118.6995 	EXP 	cueImage: autoDraw = True
118.7433 	DATA 	Keypress: 5
119.5368 	DATA 	Keypress: 5
120.3302 	DATA 	Keypress: 5
120.7042 	EXP 	cueImage: autoDraw = False
120.7042 	EXP 	cueImage: autoDraw = False
120.7042 	EXP 	fixation: autoDraw = True
121.0814 	DATA 	Keypress: 5
121.8721 	DATA 	Keypress: 5
122.6646 	DATA 	Keypress: 5
123.4157 	DATA 	Keypress: 5
123.7182 	EXP 	fixation: autoDraw = False
123.7182 	EXP 	fixation: autoDraw = False
123.7182 	EXP 	Target: image = 'images/NeutralProbe.bmp'
123.7182 	EXP 	Target: autoDraw = True
124.0779 	DATA 	Keypress: 1
124.1993 	EXP 	Target: autoDraw = False
124.1993 	EXP 	Target: autoDraw = False
124.1993 	EXP 	feedbackMsg: text = 'Correct Response!\n\nYou did not win or lose anything!'
124.1993 	EXP 	feedbackMsg: autoDraw = True
124.2025 	DATA 	Keypress: 5
124.9960 	DATA 	Keypress: 5
125.6598 	EXP 	New trial (rep=0, index=16): OrderedDict([('Condition', 'SmallPun'), ('FixationDur', 1500)])
125.7000 	EXP 	feedbackMsg: autoDraw = False
125.7000 	EXP 	feedbackMsg: autoDraw = False
125.7000 	EXP 	cueImage: image = 'images/LoseSmall.bmp'
125.7000 	EXP 	cueImage: autoDraw = True
125.7441 	DATA 	Keypress: 5
126.5364 	DATA 	Keypress: 5
127.3293 	DATA 	Keypress: 5
127.7128 	EXP 	cueImage: autoDraw = False
127.7128 	EXP 	cueImage: autoDraw = False
127.7128 	EXP 	fixation: autoDraw = True
128.0810 	DATA 	Keypress: 5
128.8705 	DATA 	Keypress: 5
129.2191 	EXP 	fixation: autoDraw = False
129.2191 	EXP 	fixation: autoDraw = False
129.2191 	EXP 	Target: image = 'images/LoseProbe.bmp'
129.2191 	EXP 	Target: autoDraw = True
129.6733 	DATA 	Keypress: 5
129.6996 	EXP 	Target: autoDraw = False
129.6996 	EXP 	Target: autoDraw = False
129.6996 	EXP 	feedbackMsg: text = 'You pressed too slow!\n\nYou lost $0.20!'
129.6996 	EXP 	feedbackMsg: autoDraw = True
129.9129 	DATA 	Keypress: 1
130.4107 	DATA 	Keypress: 5
131.1600 	EXP 	New trial (rep=0, index=17): OrderedDict([('Condition', 'Triangle'), ('FixationDur', 3500)])
131.2000 	EXP 	feedbackMsg: autoDraw = False
131.2000 	EXP 	feedbackMsg: autoDraw = False
131.2000 	EXP 	cueImage: image = 'images/Neutral.bmp'
131.2000 	EXP 	cueImage: autoDraw = True
131.2034 	DATA 	Keypress: 5
131.9947 	DATA 	Keypress: 5
132.7475 	DATA 	Keypress: 5
133.2141 	EXP 	cueImage: autoDraw = False
133.2141 	EXP 	cueImage: autoDraw = False
133.2141 	EXP 	fixation: autoDraw = True
133.5389 	DATA 	Keypress: 5
134.3323 	DATA 	Keypress: 5
135.0824 	DATA 	Keypress: 5
135.8725 	DATA 	Keypress: 5
136.7040 	DATA 	Keypress: 5
136.7215 	EXP 	fixation: autoDraw = False
136.7215 	EXP 	fixation: autoDraw = False
136.7215 	EXP 	Target: image = 'images/NeutralProbe.bmp'
136.7215 	EXP 	Target: autoDraw = True
137.2001 	EXP 	Target: autoDraw = False
137.2001 	EXP 	Target: autoDraw = False
137.2001 	EXP 	feedbackMsg: text = 'You pressed too slow!\n\nYou did not win or lose anything!'
137.2001 	EXP 	feedbackMsg: autoDraw = True
137.4110 	DATA 	Keypress: 5
138.2042 	DATA 	Keypress: 5
138.6603 	EXP 	New trial (rep=0, index=18): OrderedDict([('Condition', 'LgPun'), ('FixationDur', 3000)])
138.7006 	EXP 	feedbackMsg: autoDraw = False
138.7006 	EXP 	feedbackMsg: autoDraw = False
138.7006 	EXP 	cueImage: image = 'images/LoseBig.bmp'
138.7006 	EXP 	cueImage: autoDraw = True
138.9958 	DATA 	Keypress: 5
139.7457 	DATA 	Keypress: 5
140.5383 	DATA 	Keypress: 5
140.7152 	EXP 	cueImage: autoDraw = False
140.7152 	EXP 	cueImage: autoDraw = False
140.7152 	EXP 	fixation: autoDraw = True
141.3328 	DATA 	Keypress: 5
142.0828 	DATA 	Keypress: 5
142.8725 	DATA 	Keypress: 5
143.7039 	DATA 	Keypress: 5
143.7211 	EXP 	fixation: autoDraw = False
143.7211 	EXP 	fixation: autoDraw = False
143.7211 	EXP 	Target: image = 'images/LoseProbe.bmp'
143.7211 	EXP 	Target: autoDraw = True
144.2002 	EXP 	Target: autoDraw = False
144.2002 	EXP 	Target: autoDraw = False
144.2002 	EXP 	feedbackMsg: text = 'You pressed too slow!\n\nYou lost $5.00!'
144.2002 	EXP 	feedbackMsg: autoDraw = True
144.4122 	DATA 	Keypress: 5
144.4951 	DATA 	Keypress: 1
145.2052 	DATA 	Keypress: 5
145.6608 	EXP 	New trial (rep=0, index=19): OrderedDict([('Condition', 'LgReward'), ('FixationDur', 1500)])
145.7009 	EXP 	feedbackMsg: autoDraw = False
145.7009 	EXP 	feedbackMsg: autoDraw = False
145.7009 	EXP 	cueImage: image = 'images/WinBig.bmp'
145.7009 	EXP 	cueImage: autoDraw = True
145.9959 	DATA 	Keypress: 5
146.7455 	DATA 	Keypress: 5
147.5374 	DATA 	Keypress: 5
147.7068 	EXP 	cueImage: autoDraw = False
147.7068 	EXP 	cueImage: autoDraw = False
147.7068 	EXP 	fixation: autoDraw = True
148.3326 	DATA 	Keypress: 5
149.0831 	DATA 	Keypress: 5
149.2339 	EXP 	fixation: autoDraw = False
149.2339 	EXP 	fixation: autoDraw = False
149.2339 	EXP 	Target: image = 'images/WinProbe.bmp'
149.2339 	EXP 	Target: autoDraw = True
149.5809 	DATA 	Keypress: 1
149.7022 	EXP 	Target: autoDraw = False
149.7022 	EXP 	Target: autoDraw = False
149.7022 	EXP 	feedbackMsg: text = 'Correct Response!\n\nYou won $5.00!'
149.7022 	EXP 	feedbackMsg: autoDraw = True
149.8751 	DATA 	Keypress: 5
150.6654 	DATA 	Keypress: 5
151.1637 	EXP 	New trial (rep=0, index=20): OrderedDict([('Condition', 'LgPun'), ('FixationDur', 1500)])
151.2026 	EXP 	feedbackMsg: autoDraw = False
151.2026 	EXP 	feedbackMsg: autoDraw = False
151.2026 	EXP 	cueImage: image = 'images/LoseBig.bmp'
151.2026 	EXP 	cueImage: autoDraw = True
151.4124 	DATA 	Keypress: 5
152.2059 	DATA 	Keypress: 5
152.9975 	DATA 	Keypress: 5
153.2167 	EXP 	cueImage: autoDraw = False
153.2167 	EXP 	cueImage: autoDraw = False
153.2167 	EXP 	fixation: autoDraw = True
153.7476 	DATA 	Keypress: 5
154.5424 	DATA 	Keypress: 5
154.7193 	EXP 	fixation: autoDraw = False
154.7193 	EXP 	fixation: autoDraw = False
154.7193 	EXP 	Target: image = 'images/LoseProbe.bmp'
154.7193 	EXP 	Target: autoDraw = True
155.2010 	EXP 	Target: autoDraw = False
155.2010 	EXP 	Target: autoDraw = False
155.2010 	EXP 	feedbackMsg: text = 'You pressed too slow!\n\nYou lost $5.00!'
155.2010 	EXP 	feedbackMsg: autoDraw = True
155.2469 	DATA 	Keypress: 1
155.3293 	DATA 	Keypress: 5
156.1224 	DATA 	Keypress: 5
156.6612 	EXP 	New trial (rep=0, index=21): OrderedDict([('Condition', 'LgReward'), ('FixationDur', 1500)])
156.7012 	EXP 	feedbackMsg: autoDraw = False
156.7012 	EXP 	feedbackMsg: autoDraw = False
156.7012 	EXP 	cueImage: image = 'images/WinBig.bmp'
156.7012 	EXP 	cueImage: autoDraw = True
156.8714 	DATA 	Keypress: 5
157.6623 	DATA 	Keypress: 5
158.4570 	DATA 	Keypress: 5
158.7171 	EXP 	cueImage: autoDraw = False
158.7171 	EXP 	cueImage: autoDraw = False
158.7171 	EXP 	fixation: autoDraw = True
159.2080 	DATA 	Keypress: 5
160.0002 	DATA 	Keypress: 5
160.0406 	DATA 	Keypress: 1
160.2345 	EXP 	fixation: autoDraw = False
160.2345 	EXP 	fixation: autoDraw = False
160.2345 	EXP 	Target: image = 'images/WinProbe.bmp'
160.2345 	EXP 	Target: autoDraw = True
160.7029 	EXP 	Target: autoDraw = False
160.7029 	EXP 	Target: autoDraw = False
160.7029 	EXP 	feedbackMsg: text = 'You pressed too soon!\n\nYou did not win $5.00!'
160.7029 	EXP 	feedbackMsg: autoDraw = True
160.7497 	DATA 	Keypress: 5
160.8763 	DATA 	Keypress: 1
161.5416 	DATA 	Keypress: 5
162.1642 	EXP 	New trial (rep=0, index=22): OrderedDict([('Condition', 'LgReward'), ('FixationDur', 1500)])
162.2040 	EXP 	feedbackMsg: autoDraw = False
162.2040 	EXP 	feedbackMsg: autoDraw = False
162.2040 	EXP 	cueImage: image = 'images/WinBig.bmp'
162.2040 	EXP 	cueImage: autoDraw = True
162.3311 	DATA 	Keypress: 5
163.1230 	DATA 	Keypress: 5
163.8735 	DATA 	Keypress: 5
164.2178 	EXP 	cueImage: autoDraw = False
164.2178 	EXP 	cueImage: autoDraw = False
164.2178 	EXP 	fixation: autoDraw = True
164.6663 	DATA 	Keypress: 5
165.4581 	DATA 	Keypress: 5
165.7395 	EXP 	fixation: autoDraw = False
165.7395 	EXP 	fixation: autoDraw = False
165.7395 	EXP 	Target: image = 'images/WinProbe.bmp'
165.7395 	EXP 	Target: autoDraw = True
166.2050 	EXP 	Target: autoDraw = False
166.2050 	EXP 	Target: autoDraw = False
166.2050 	EXP 	feedbackMsg: text = 'You pressed too slow!\n\nYou did not win $5.00!'
166.2050 	EXP 	feedbackMsg: autoDraw = True
166.2094 	DATA 	Keypress: 5
167.0000 	DATA 	Keypress: 5
167.6634 	EXP 	New trial (rep=0, index=23): OrderedDict([('Condition', 'Triangle'), ('FixationDur', 1500)])
167.7018 	EXP 	feedbackMsg: autoDraw = False
167.7018 	EXP 	feedbackMsg: autoDraw = False
167.7018 	EXP 	cueImage: image = 'images/Neutral.bmp'
167.7018 	EXP 	cueImage: autoDraw = True
167.7910 	DATA 	Keypress: 5
168.5393 	DATA 	Keypress: 5
169.3324 	DATA 	Keypress: 5
169.7190 	EXP 	cueImage: autoDraw = False
169.7190 	EXP 	cueImage: autoDraw = False
169.7190 	EXP 	fixation: autoDraw = True
170.1262 	DATA 	Keypress: 5
170.8755 	DATA 	Keypress: 5
171.2203 	EXP 	fixation: autoDraw = False
171.2203 	EXP 	fixation: autoDraw = False
171.2203 	EXP 	Target: image = 'images/NeutralProbe.bmp'
171.2203 	EXP 	Target: autoDraw = True
171.5806 	DATA 	Keypress: 1
171.6740 	DATA 	Keypress: 5
171.7020 	EXP 	Target: autoDraw = False
171.7020 	EXP 	Target: autoDraw = False
171.7020 	EXP 	feedbackMsg: text = 'Correct Response!\n\nYou did not win or lose anything!'
171.7020 	EXP 	feedbackMsg: autoDraw = True
172.4564 	DATA 	Keypress: 5
173.1621 	EXP 	New trial (rep=0, index=24): OrderedDict([('Condition', 'SmallReward'), ('FixationDur', 3500)])
173.2011 	EXP 	feedbackMsg: autoDraw = False
173.2011 	EXP 	feedbackMsg: autoDraw = False
173.2011 	EXP 	cueImage: image = 'images/WinSmall.bmp'
173.2011 	EXP 	cueImage: autoDraw = True
173.2047 	DATA 	Keypress: 5
173.9967 	DATA 	Keypress: 5
174.7892 	DATA 	Keypress: 5
175.2198 	EXP 	cueImage: autoDraw = False
175.2198 	EXP 	cueImage: autoDraw = False
175.2198 	EXP 	fixation: autoDraw = True
175.5413 	DATA 	Keypress: 5
176.3350 	DATA 	Keypress: 5
177.1262 	DATA 	Keypress: 5
177.8748 	DATA 	Keypress: 5
178.7205 	DATA 	Keypress: 5
178.7376 	EXP 	fixation: autoDraw = False
178.7376 	EXP 	fixation: autoDraw = False
178.7376 	EXP 	Target: image = 'images/WinProbe.bmp'
178.7376 	EXP 	Target: autoDraw = True
179.1237 	DATA 	Keypress: 1
179.2062 	EXP 	Target: autoDraw = False
179.2062 	EXP 	Target: autoDraw = False
179.2062 	EXP 	feedbackMsg: text = 'Correct Response!\n\nYou won $0.20!'
179.2062 	EXP 	feedbackMsg: autoDraw = True
179.4606 	DATA 	Keypress: 5
180.2102 	DATA 	Keypress: 5
180.6642 	EXP 	New trial (rep=0, index=25): OrderedDict([('Condition', 'SmallPun'), ('FixationDur', 2000)])
180.7026 	EXP 	feedbackMsg: autoDraw = False
180.7026 	EXP 	feedbackMsg: autoDraw = False
180.7026 	EXP 	cueImage: image = 'images/LoseSmall.bmp'
180.7026 	EXP 	cueImage: autoDraw = True
180.9975 	DATA 	Keypress: 5
181.7892 	DATA 	Keypress: 5
182.5409 	DATA 	Keypress: 5
182.7203 	EXP 	cueImage: autoDraw = False
182.7203 	EXP 	cueImage: autoDraw = False
182.7203 	EXP 	fixation: autoDraw = True
183.3348 	DATA 	Keypress: 5
184.1264 	DATA 	Keypress: 5
184.7209 	EXP 	fixation: autoDraw = False
184.7209 	EXP 	fixation: autoDraw = False
184.7209 	EXP 	Target: image = 'images/LoseProbe.bmp'
184.7209 	EXP 	Target: autoDraw = True
184.8734 	DATA 	Keypress: 5
185.2023 	EXP 	Target: autoDraw = False
185.2023 	EXP 	Target: autoDraw = False
185.2023 	EXP 	feedbackMsg: text = 'You pressed too slow!\n\nYou lost $0.20!'
185.2023 	EXP 	feedbackMsg: autoDraw = True
185.2898 	DATA 	Keypress: 1
185.6650 	DATA 	Keypress: 5
186.4570 	DATA 	Keypress: 5
186.6627 	EXP 	New trial (rep=0, index=26): OrderedDict([('Condition', 'SmallReward'), ('FixationDur', 2500)])
186.7027 	EXP 	feedbackMsg: autoDraw = False
186.7027 	EXP 	feedbackMsg: autoDraw = False
186.7027 	EXP 	cueImage: image = 'images/WinSmall.bmp'
186.7027 	EXP 	cueImage: autoDraw = True
187.2062 	DATA 	Keypress: 5
187.9998 	DATA 	Keypress: 5
188.7208 	EXP 	cueImage: autoDraw = False
188.7208 	EXP 	cueImage: autoDraw = False
188.7208 	EXP 	fixation: autoDraw = True
188.7919 	DATA 	Keypress: 5
189.5402 	DATA 	Keypress: 5
190.3348 	DATA 	Keypress: 5
191.1268 	DATA 	Keypress: 5
191.2422 	EXP 	fixation: autoDraw = False
191.2422 	EXP 	fixation: autoDraw = False
191.2422 	EXP 	Target: image = 'images/WinProbe.bmp'
191.2422 	EXP 	Target: autoDraw = True
191.6807 	DATA 	Keypress: 1
191.7041 	EXP 	Target: autoDraw = False
191.7041 	EXP 	Target: autoDraw = False
191.7041 	EXP 	feedbackMsg: text = 'You pressed too slow!\n\nYou did not win $0.20!'
191.7041 	EXP 	feedbackMsg: autoDraw = True
191.8776 	DATA 	Keypress: 5
192.6676 	DATA 	Keypress: 5
193.1654 	EXP 	New trial (rep=0, index=27): OrderedDict([('Condition', 'SmallPun'), ('FixationDur', 2500)])
193.2045 	EXP 	feedbackMsg: autoDraw = False
193.2045 	EXP 	feedbackMsg: autoDraw = False
193.2045 	EXP 	cueImage: image = 'images/LoseSmall.bmp'
193.2045 	EXP 	cueImage: autoDraw = True
193.4581 	DATA 	Keypress: 5
194.2076 	DATA 	Keypress: 5
195.0005 	DATA 	Keypress: 5
195.2217 	EXP 	cueImage: autoDraw = False
195.2217 	EXP 	cueImage: autoDraw = False
195.2217 	EXP 	fixation: autoDraw = True
195.7914 	DATA 	Keypress: 5
196.5427 	DATA 	Keypress: 5
197.3356 	DATA 	Keypress: 5
197.7219 	EXP 	fixation: autoDraw = False
197.7219 	EXP 	fixation: autoDraw = False
197.7219 	EXP 	Target: image = 'images/LoseProbe.bmp'
197.7219 	EXP 	Target: autoDraw = True
198.0816 	DATA 	Keypress: 1
198.1232 	DATA 	Keypress: 5
198.2030 	EXP 	Target: autoDraw = False
198.2030 	EXP 	Target: autoDraw = False
198.2030 	EXP 	feedbackMsg: text = 'Correct Response!\n\nYou did not lose $0.20!'
198.2030 	EXP 	feedbackMsg: autoDraw = True
198.8723 	DATA 	Keypress: 5
199.6623 	EXP 	New trial (rep=0, index=28): OrderedDict([('Condition', 'Triangle'), ('FixationDur', 4000)])
199.6693 	DATA 	Keypress: 5
199.7026 	EXP 	feedbackMsg: autoDraw = False
199.7026 	EXP 	feedbackMsg: autoDraw = False
199.7026 	EXP 	cueImage: image = 'images/Neutral.bmp'
199.7026 	EXP 	cueImage: autoDraw = True
200.4561 	DATA 	Keypress: 5
201.2076 	DATA 	Keypress: 5
201.7231 	EXP 	cueImage: autoDraw = False
201.7231 	EXP 	fixation: autoDraw = True
202.0023 	DATA 	Keypress: 5
202.7920 	DATA 	Keypress: 5
203.5416 	DATA 	Keypress: 5
204.3361 	DATA 	Keypress: 5
205.1253 	DATA 	Keypress: 5
205.7231 	EXP 	fixation: autoDraw = False
205.7231 	EXP 	fixation: autoDraw = False
205.7231 	EXP 	Target: image = 'images/NeutralProbe.bmp'
205.7231 	EXP 	Target: autoDraw = True
205.9167 	DATA 	Keypress: 5
206.2036 	EXP 	Target: autoDraw = False
206.2036 	EXP 	Target: autoDraw = False
206.2036 	EXP 	feedbackMsg: text = 'You pressed too slow!\n\nYou did not win or lose anything!'
206.2036 	EXP 	feedbackMsg: autoDraw = True
206.3333 	DATA 	Keypress: 1
206.6657 	DATA 	Keypress: 5
207.4572 	DATA 	Keypress: 5
207.6636 	EXP 	New trial (rep=0, index=29): OrderedDict([('Condition', 'LgPun'), ('FixationDur', 3500)])
207.7037 	EXP 	feedbackMsg: autoDraw = False
207.7037 	EXP 	feedbackMsg: autoDraw = False
207.7037 	EXP 	cueImage: image = 'images/LoseBig.bmp'
207.7037 	EXP 	cueImage: autoDraw = True
208.2483 	DATA 	Keypress: 5
209.0009 	DATA 	Keypress: 5
209.7235 	EXP 	cueImage: autoDraw = False
209.7235 	EXP 	cueImage: autoDraw = False
209.7235 	EXP 	fixation: autoDraw = True
209.7933 	DATA 	Keypress: 5
210.5434 	DATA 	Keypress: 5
211.3363 	DATA 	Keypress: 5
212.1268 	DATA 	Keypress: 5
212.9189 	DATA 	Keypress: 5
213.2241 	EXP 	fixation: autoDraw = False
213.2241 	EXP 	fixation: autoDraw = False
213.2241 	EXP 	Target: image = 'images/LoseProbe.bmp'
213.2241 	EXP 	Target: autoDraw = True
213.6762 	DATA 	Keypress: 1
213.6779 	DATA 	Keypress: 5
213.7032 	EXP 	Target: autoDraw = False
213.7032 	EXP 	Target: autoDraw = False
213.7032 	EXP 	feedbackMsg: text = 'You pressed too slow!\n\nYou lost $5.00!'
213.7032 	EXP 	feedbackMsg: autoDraw = True
214.4578 	DATA 	Keypress: 5
215.1639 	EXP 	New trial (rep=0, index=30): OrderedDict([('Condition', 'Triangle'), ('FixationDur', 1500)])
215.2040 	EXP 	feedbackMsg: autoDraw = False
215.2040 	EXP 	feedbackMsg: autoDraw = False
215.2040 	EXP 	cueImage: image = 'images/Neutral.bmp'
215.2040 	EXP 	cueImage: autoDraw = True
215.2489 	DATA 	Keypress: 5
215.9983 	DATA 	Keypress: 5
216.7913 	DATA 	Keypress: 5
217.2111 	EXP 	cueImage: autoDraw = False
217.2111 	EXP 	cueImage: autoDraw = False
217.2111 	EXP 	fixation: autoDraw = True
217.5868 	DATA 	Keypress: 5
218.3359 	DATA 	Keypress: 5
218.7249 	EXP 	fixation: autoDraw = False
218.7249 	EXP 	fixation: autoDraw = False
218.7249 	EXP 	Target: image = 'images/NeutralProbe.bmp'
218.7249 	EXP 	Target: autoDraw = True
219.1227 	DATA 	Keypress: 5
219.2028 	EXP 	Target: autoDraw = False
219.2028 	EXP 	Target: autoDraw = False
219.2028 	EXP 	feedbackMsg: text = 'You pressed too slow!\n\nYou did not win or lose anything!'
219.2028 	EXP 	feedbackMsg: autoDraw = True
219.2072 	DATA 	Keypress: 1
219.9169 	DATA 	Keypress: 5
220.6641 	EXP 	New trial (rep=0, index=31): OrderedDict([('Condition', 'LgReward'), ('FixationDur', 3000)])
220.6826 	DATA 	Keypress: 5
220.7040 	EXP 	feedbackMsg: autoDraw = False
220.7040 	EXP 	feedbackMsg: autoDraw = False
220.7040 	EXP 	cueImage: image = 'images/WinBig.bmp'
220.7040 	EXP 	cueImage: autoDraw = True
221.4569 	DATA 	Keypress: 5
222.2520 	DATA 	Keypress: 5
222.4168 	DATA 	Keypress: 1
222.7117 	EXP 	cueImage: autoDraw = False
222.7117 	EXP 	cueImage: autoDraw = False
222.7117 	EXP 	fixation: autoDraw = True
223.0014 	DATA 	Keypress: 5
223.1713 	DATA 	Keypress: 1
223.7946 	DATA 	Keypress: 5
224.5872 	DATA 	Keypress: 5
225.3369 	DATA 	Keypress: 5
225.7431 	EXP 	fixation: autoDraw = False
225.7431 	EXP 	fixation: autoDraw = False
225.7431 	EXP 	Target: image = 'images/WinProbe.bmp'
225.7431 	EXP 	Target: autoDraw = True
226.1259 	DATA 	Keypress: 5
226.2083 	EXP 	Target: autoDraw = False
226.2083 	EXP 	Target: autoDraw = False
226.2083 	EXP 	feedbackMsg: text = 'You pressed too soon!\n\nYou did not win $5.00!'
226.2083 	EXP 	feedbackMsg: autoDraw = True
226.2939 	DATA 	Keypress: 1
226.9193 	DATA 	Keypress: 5
227.6659 	EXP 	New trial (rep=0, index=32): OrderedDict([('Condition', 'Triangle'), ('FixationDur', 2500)])
227.6738 	DATA 	Keypress: 5
227.7043 	EXP 	feedbackMsg: autoDraw = False
227.7043 	EXP 	feedbackMsg: autoDraw = False
227.7043 	EXP 	cueImage: image = 'images/Neutral.bmp'
227.7043 	EXP 	cueImage: autoDraw = True
228.4573 	DATA 	Keypress: 5
229.2479 	DATA 	Keypress: 5
229.7081 	EXP 	cueImage: autoDraw = False
229.7081 	EXP 	cueImage: autoDraw = False
229.7081 	EXP 	fixation: autoDraw = True
229.9996 	DATA 	Keypress: 5
230.7928 	DATA 	Keypress: 5
231.5884 	DATA 	Keypress: 5
232.2263 	EXP 	fixation: autoDraw = False
232.2263 	EXP 	fixation: autoDraw = False
232.2263 	EXP 	Target: image = 'images/NeutralProbe.bmp'
232.2263 	EXP 	Target: autoDraw = True
232.3317 	DATA 	Keypress: 5
232.6238 	DATA 	Keypress: 1
232.7039 	EXP 	Target: autoDraw = False
232.7039 	EXP 	Target: autoDraw = False
232.7039 	EXP 	feedbackMsg: text = 'Correct Response!\n\nYou did not win or lose anything!'
232.7039 	EXP 	feedbackMsg: autoDraw = True
233.1254 	DATA 	Keypress: 5
233.9175 	DATA 	Keypress: 5
234.1647 	EXP 	New trial (rep=0, index=33): OrderedDict([('Condition', 'Triangle'), ('FixationDur', 2000)])
234.2048 	EXP 	feedbackMsg: autoDraw = False
234.2048 	EXP 	feedbackMsg: autoDraw = False
234.2048 	EXP 	cueImage: image = 'images/Neutral.bmp'
234.2048 	EXP 	cueImage: autoDraw = True
234.6668 	DATA 	Keypress: 5
235.4595 	DATA 	Keypress: 5
236.2107 	EXP 	cueImage: autoDraw = False
236.2107 	EXP 	cueImage: autoDraw = False
236.2107 	EXP 	fixation: autoDraw = True
236.2525 	DATA 	Keypress: 5
237.0017 	DATA 	Keypress: 5
237.7952 	DATA 	Keypress: 5
238.2276 	EXP 	fixation: autoDraw = False
238.2276 	EXP 	fixation: autoDraw = False
238.2276 	EXP 	Target: image = 'images/NeutralProbe.bmp'
238.2276 	EXP 	Target: autoDraw = True
238.5843 	DATA 	Keypress: 5
238.6771 	DATA 	Keypress: 1
238.7047 	EXP 	Target: autoDraw = False
238.7047 	EXP 	Target: autoDraw = False
238.7047 	EXP 	feedbackMsg: text = 'You pressed too slow!\n\nYou did not win or lose anything!'
238.7047 	EXP 	feedbackMsg: autoDraw = True
239.3321 	DATA 	Keypress: 5
240.1262 	DATA 	Keypress: 5
240.1651 	EXP 	New trial (rep=0, index=34): OrderedDict([('Condition', 'SmallReward'), ('FixationDur', 1500)])
240.2051 	EXP 	feedbackMsg: autoDraw = False
240.2051 	EXP 	feedbackMsg: autoDraw = False
240.2051 	EXP 	cueImage: image = 'images/WinSmall.bmp'
240.2051 	EXP 	cueImage: autoDraw = True
240.9168 	DATA 	Keypress: 5
241.6667 	DATA 	Keypress: 5
242.2120 	EXP 	cueImage: autoDraw = False
242.2120 	EXP 	cueImage: autoDraw = False
242.2120 	EXP 	fixation: autoDraw = True
242.4614 	DATA 	Keypress: 5
243.2531 	DATA 	Keypress: 5
243.7359 	EXP 	fixation: autoDraw = False
243.7359 	EXP 	fixation: autoDraw = False
243.7359 	EXP 	Target: image = 'images/WinProbe.bmp'
243.7359 	EXP 	Target: autoDraw = True
244.0002 	DATA 	Keypress: 5
244.2067 	EXP 	Target: autoDraw = False
244.2067 	EXP 	Target: autoDraw = False
244.2067 	EXP 	feedbackMsg: text = 'You pressed too slow!\n\nYou did not win $0.20!'
244.2067 	EXP 	feedbackMsg: autoDraw = True
244.4591 	DATA 	Keypress: 1
244.7955 	DATA 	Keypress: 5
245.5852 	DATA 	Keypress: 5
245.6682 	EXP 	New trial (rep=0, index=35): OrderedDict([('Condition', 'LgPun'), ('FixationDur', 2000)])
245.7072 	EXP 	feedbackMsg: autoDraw = False
245.7072 	EXP 	feedbackMsg: autoDraw = False
245.7072 	EXP 	cueImage: image = 'images/LoseBig.bmp'
245.7072 	EXP 	cueImage: autoDraw = True
246.3348 	DATA 	Keypress: 5
247.1279 	DATA 	Keypress: 5
247.7129 	EXP 	cueImage: autoDraw = False
247.7129 	EXP 	cueImage: autoDraw = False
247.7129 	EXP 	fixation: autoDraw = True
247.9221 	DATA 	Keypress: 5
248.6708 	DATA 	Keypress: 5
249.4627 	DATA 	Keypress: 5
249.7288 	EXP 	fixation: autoDraw = False
249.7288 	EXP 	fixation: autoDraw = False
249.7288 	EXP 	Target: image = 'images/LoseProbe.bmp'
249.7288 	EXP 	Target: autoDraw = True
250.2056 	EXP 	Target: autoDraw = False
250.2056 	EXP 	Target: autoDraw = False
250.2056 	EXP 	feedbackMsg: text = 'You pressed too slow!\n\nYou lost $5.00!'
250.2056 	EXP 	feedbackMsg: autoDraw = True
250.2502 	DATA 	Keypress: 5
251.0005 	DATA 	Keypress: 5
251.6656 	EXP 	New trial (rep=0, index=36): OrderedDict([('Condition', 'SmallReward'), ('FixationDur', 3000)])
251.7056 	EXP 	feedbackMsg: autoDraw = False
251.7056 	EXP 	feedbackMsg: autoDraw = False
251.7056 	EXP 	cueImage: image = 'images/WinSmall.bmp'
251.7056 	EXP 	cueImage: autoDraw = True
251.7921 	DATA 	Keypress: 5
252.5840 	DATA 	Keypress: 5
253.3347 	DATA 	Keypress: 5
253.7132 	EXP 	cueImage: autoDraw = False
253.7132 	EXP 	cueImage: autoDraw = False
253.7132 	EXP 	fixation: autoDraw = True
254.1285 	DATA 	Keypress: 5
254.9209 	DATA 	Keypress: 5
255.6711 	DATA 	Keypress: 5
256.4628 	DATA 	Keypress: 5
256.7361 	EXP 	fixation: autoDraw = False
256.7361 	EXP 	fixation: autoDraw = False
256.7361 	EXP 	Target: image = 'images/WinProbe.bmp'
256.7361 	EXP 	Target: autoDraw = True
257.2073 	EXP 	Target: autoDraw = False
257.2073 	EXP 	Target: autoDraw = False
257.2073 	EXP 	feedbackMsg: text = 'You pressed too slow!\n\nYou did not win $0.20!'
257.2073 	EXP 	feedbackMsg: autoDraw = True
257.2553 	DATA 	Keypress: 5
257.2965 	DATA 	Keypress: 1
258.0043 	DATA 	Keypress: 5
258.6685 	EXP 	New trial (rep=0, index=37): OrderedDict([('Condition', 'LgReward'), ('FixationDur', 3500)])
258.7076 	EXP 	feedbackMsg: autoDraw = False
258.7076 	EXP 	feedbackMsg: autoDraw = False
258.7076 	EXP 	cueImage: image = 'images/WinBig.bmp'
258.7076 	EXP 	cueImage: autoDraw = True
258.7928 	DATA 	Keypress: 5
259.5845 	DATA 	Keypress: 5
260.3773 	DATA 	Keypress: 5
260.7144 	EXP 	cueImage: autoDraw = False
260.7144 	EXP 	cueImage: autoDraw = False
260.7144 	EXP 	fixation: autoDraw = True
261.1277 	DATA 	Keypress: 5
261.9224 	DATA 	Keypress: 5
262.6717 	DATA 	Keypress: 5
263.4629 	DATA 	Keypress: 5
264.2469 	EXP 	fixation: autoDraw = False
264.2469 	EXP 	fixation: autoDraw = False
264.2469 	EXP 	Target: image = 'images/WinProbe.bmp'
264.2469 	EXP 	Target: autoDraw = True
264.2501 	DATA 	Keypress: 5
264.6801 	DATA 	Keypress: 1
264.7095 	EXP 	Target: autoDraw = False
264.7095 	EXP 	Target: autoDraw = False
264.7095 	EXP 	feedbackMsg: text = 'You pressed too slow!\n\nYou did not win $5.00!'
264.7095 	EXP 	feedbackMsg: autoDraw = True
265.0457 	DATA 	Keypress: 5
265.7948 	DATA 	Keypress: 5
266.1678 	EXP 	New trial (rep=0, index=38): OrderedDict([('Condition', 'SmallPun'), ('FixationDur', 2000)])
266.2060 	EXP 	feedbackMsg: autoDraw = False
266.2060 	EXP 	feedbackMsg: autoDraw = False
266.2060 	EXP 	cueImage: image = 'images/LoseSmall.bmp'
266.2060 	EXP 	cueImage: autoDraw = True
266.5869 	DATA 	Keypress: 5
267.3774 	DATA 	Keypress: 5
268.1267 	DATA 	Keypress: 5
268.2146 	EXP 	cueImage: autoDraw = False
268.2146 	EXP 	cueImage: autoDraw = False
268.2146 	EXP 	fixation: autoDraw = True
268.9231 	DATA 	Keypress: 5
269.7138 	DATA 	Keypress: 5
270.2309 	EXP 	fixation: autoDraw = False
270.2309 	EXP 	fixation: autoDraw = False
270.2309 	EXP 	Target: image = 'images/LoseProbe.bmp'
270.2309 	EXP 	Target: autoDraw = True
270.4599 	DATA 	Keypress: 5
270.6279 	DATA 	Keypress: 1
270.7067 	EXP 	Target: autoDraw = False
270.7067 	EXP 	Target: autoDraw = False
270.7067 	EXP 	feedbackMsg: text = 'Correct Response!\n\nYou did not lose $0.20!'
270.7067 	EXP 	feedbackMsg: autoDraw = True
271.2508 	DATA 	Keypress: 5
272.0446 	DATA 	Keypress: 5
272.1665 	EXP 	New trial (rep=0, index=39): OrderedDict([('Condition', 'SmallReward'), ('FixationDur', 4000)])
272.2066 	EXP 	feedbackMsg: autoDraw = False
272.2066 	EXP 	feedbackMsg: autoDraw = False
272.2066 	EXP 	cueImage: image = 'images/WinSmall.bmp'
272.2066 	EXP 	cueImage: autoDraw = True
272.7929 	DATA 	Keypress: 5
273.5860 	DATA 	Keypress: 5
274.2158 	EXP 	cueImage: autoDraw = False
274.2158 	EXP 	cueImage: autoDraw = False
274.2158 	EXP 	fixation: autoDraw = True
274.3796 	DATA 	Keypress: 5
275.1293 	DATA 	Keypress: 5
275.9208 	DATA 	Keypress: 5
276.7148 	DATA 	Keypress: 5
277.4636 	DATA 	Keypress: 5
278.2391 	EXP 	fixation: autoDraw = False
278.2391 	EXP 	fixation: autoDraw = False
278.2391 	EXP 	Target: image = 'images/WinProbe.bmp'
278.2391 	EXP 	Target: autoDraw = True
278.2439 	DATA 	Keypress: 5
278.7065 	EXP 	Target: autoDraw = False
278.7065 	EXP 	Target: autoDraw = False
278.7065 	EXP 	feedbackMsg: text = 'You pressed too slow!\n\nYou did not win $0.20!'
278.7065 	EXP 	feedbackMsg: autoDraw = True
279.0449 	DATA 	Keypress: 5
279.3784 	DATA 	Keypress: 1
279.7943 	DATA 	Keypress: 5
280.1660 	EXP 	New trial (rep=0, index=40): OrderedDict([('Condition', 'SmallPun'), ('FixationDur', 1500)])
280.2065 	EXP 	feedbackMsg: autoDraw = False
280.2065 	EXP 	feedbackMsg: autoDraw = False
280.2065 	EXP 	cueImage: image = 'images/LoseSmall.bmp'
280.2065 	EXP 	cueImage: autoDraw = True
280.5851 	DATA 	Keypress: 5
281.3797 	DATA 	Keypress: 5
282.1289 	DATA 	Keypress: 5
282.2177 	EXP 	cueImage: autoDraw = False
282.2177 	EXP 	fixation: autoDraw = True
282.9206 	DATA 	Keypress: 5
283.7086 	DATA 	Keypress: 5
283.7333 	EXP 	fixation: autoDraw = False
283.7333 	EXP 	fixation: autoDraw = False
283.7333 	EXP 	Target: image = 'images/LoseProbe.bmp'
283.7333 	EXP 	Target: autoDraw = True
284.2068 	EXP 	Target: autoDraw = False
284.2068 	EXP 	Target: autoDraw = False
284.2068 	EXP 	feedbackMsg: text = 'You pressed too slow!\n\nYou lost $0.20!'
284.2068 	EXP 	feedbackMsg: autoDraw = True
284.4617 	DATA 	Keypress: 5
284.5035 	DATA 	Keypress: 1
285.2519 	DATA 	Keypress: 5
285.6670 	EXP 	New trial (rep=0, index=41): OrderedDict([('Condition', 'SmallReward'), ('FixationDur', 2000)])
285.7075 	EXP 	feedbackMsg: autoDraw = False
285.7075 	EXP 	feedbackMsg: autoDraw = False
285.7075 	EXP 	cueImage: image = 'images/WinSmall.bmp'
285.7075 	EXP 	cueImage: autoDraw = True
286.0451 	DATA 	Keypress: 5
286.7942 	DATA 	Keypress: 5
287.5870 	DATA 	Keypress: 5
287.7177 	EXP 	cueImage: autoDraw = False
287.7177 	EXP 	cueImage: autoDraw = False
287.7177 	EXP 	fixation: autoDraw = True
288.3801 	DATA 	Keypress: 5
289.1308 	DATA 	Keypress: 5
289.7507 	EXP 	fixation: autoDraw = False
289.7507 	EXP 	fixation: autoDraw = False
289.7507 	EXP 	Target: image = 'images/WinProbe.bmp'
289.7507 	EXP 	Target: autoDraw = True
289.9201 	DATA 	Keypress: 5
290.1761 	DATA 	Keypress: 1
290.2086 	EXP 	Target: autoDraw = False
290.2086 	EXP 	Target: autoDraw = False
290.2086 	EXP 	feedbackMsg: text = 'You pressed too slow!\n\nYou did not win $0.20!'
290.2086 	EXP 	feedbackMsg: autoDraw = True
290.7120 	DATA 	Keypress: 5
291.4626 	DATA 	Keypress: 5
291.6702 	EXP 	New trial (rep=0, index=42): OrderedDict([('Condition', 'SmallReward'), ('FixationDur', 1500)])
291.7092 	EXP 	feedbackMsg: autoDraw = False
291.7092 	EXP 	feedbackMsg: autoDraw = False
291.7092 	EXP 	cueImage: image = 'images/WinSmall.bmp'
291.7092 	EXP 	cueImage: autoDraw = True
292.2547 	DATA 	Keypress: 5
293.0425 	DATA 	Keypress: 5
293.7181 	EXP 	cueImage: autoDraw = False
293.7181 	EXP 	cueImage: autoDraw = False
293.7181 	EXP 	fixation: autoDraw = True
293.7983 	DATA 	Keypress: 5
294.5893 	DATA 	Keypress: 5
295.2385 	EXP 	fixation: autoDraw = False
295.2385 	EXP 	fixation: autoDraw = False
295.2385 	EXP 	Target: image = 'images/WinProbe.bmp'
295.2385 	EXP 	Target: autoDraw = True
295.3775 	DATA 	Keypress: 5
295.6276 	DATA 	Keypress: 1
295.7110 	EXP 	Target: autoDraw = False
295.7110 	EXP 	Target: autoDraw = False
295.7110 	EXP 	feedbackMsg: text = 'Correct Response!\n\nYou won $0.20!'
295.7110 	EXP 	feedbackMsg: autoDraw = True
296.1302 	DATA 	Keypress: 5
296.9222 	DATA 	Keypress: 5
297.1703 	EXP 	New trial (rep=0, index=43): OrderedDict([('Condition', 'SmallPun'), ('FixationDur', 1500)])
297.2092 	EXP 	feedbackMsg: autoDraw = False
297.2092 	EXP 	feedbackMsg: autoDraw = False
297.2092 	EXP 	cueImage: image = 'images/LoseSmall.bmp'
297.2092 	EXP 	cueImage: autoDraw = True
297.7116 	DATA 	Keypress: 5
298.4619 	DATA 	Keypress: 5
299.2184 	EXP 	cueImage: autoDraw = False
299.2184 	EXP 	cueImage: autoDraw = False
299.2184 	EXP 	fixation: autoDraw = True
299.2556 	DATA 	Keypress: 5
300.0470 	DATA 	Keypress: 5
300.7354 	EXP 	fixation: autoDraw = False
300.7354 	EXP 	fixation: autoDraw = False
300.7354 	EXP 	Target: image = 'images/LoseProbe.bmp'
300.7354 	EXP 	Target: autoDraw = True
300.7948 	DATA 	Keypress: 5
301.1291 	DATA 	Keypress: 1
301.2077 	EXP 	Target: autoDraw = False
301.2077 	EXP 	Target: autoDraw = False
301.2077 	EXP 	feedbackMsg: text = 'Correct Response!\n\nYou did not lose $0.20!'
301.2077 	EXP 	feedbackMsg: autoDraw = True
301.5872 	DATA 	Keypress: 5
302.3783 	DATA 	Keypress: 5
302.6677 	EXP 	New trial (rep=0, index=44): OrderedDict([('Condition', 'SmallPun'), ('FixationDur', 1500)])
302.7077 	EXP 	feedbackMsg: autoDraw = False
302.7077 	EXP 	feedbackMsg: autoDraw = False
302.7077 	EXP 	cueImage: image = 'images/LoseSmall.bmp'
302.7077 	EXP 	cueImage: autoDraw = True
303.1705 	DATA 	Keypress: 5
303.9205 	DATA 	Keypress: 5
304.7051 	DATA 	Keypress: 5
304.7198 	EXP 	cueImage: autoDraw = False
304.7198 	EXP 	cueImage: autoDraw = False
304.7198 	EXP 	fixation: autoDraw = True
305.4638 	DATA 	Keypress: 5
306.2255 	EXP 	fixation: autoDraw = False
306.2255 	EXP 	fixation: autoDraw = False
306.2255 	EXP 	Target: image = 'images/LoseProbe.bmp'
306.2255 	EXP 	Target: autoDraw = True
306.2542 	DATA 	Keypress: 5
306.6293 	DATA 	Keypress: 1
306.7081 	EXP 	Target: autoDraw = False
306.7081 	EXP 	Target: autoDraw = False
306.7081 	EXP 	feedbackMsg: text = 'Correct Response!\n\nYou did not lose $0.20!'
306.7081 	EXP 	feedbackMsg: autoDraw = True
307.0447 	DATA 	Keypress: 5
307.8373 	DATA 	Keypress: 5
308.1680 	EXP 	New trial (rep=0, index=45): OrderedDict([('Condition', 'LgReward'), ('FixationDur', 2000)])
308.2080 	EXP 	feedbackMsg: autoDraw = False
308.2080 	EXP 	feedbackMsg: autoDraw = False
308.2080 	EXP 	cueImage: image = 'images/WinBig.bmp'
308.2080 	EXP 	cueImage: autoDraw = True
308.5869 	DATA 	Keypress: 5
309.3800 	DATA 	Keypress: 5
310.2055 	DATA 	Keypress: 5
310.2202 	EXP 	cueImage: autoDraw = False
310.2202 	EXP 	cueImage: autoDraw = False
310.2202 	EXP 	fixation: autoDraw = True
310.9246 	DATA 	Keypress: 5
311.7149 	DATA 	Keypress: 5
312.2410 	EXP 	fixation: autoDraw = False
312.2410 	EXP 	fixation: autoDraw = False
312.2410 	EXP 	Target: image = 'images/WinProbe.bmp'
312.2410 	EXP 	Target: autoDraw = True
312.5063 	DATA 	Keypress: 5
312.6818 	DATA 	Keypress: 1
312.7116 	EXP 	Target: autoDraw = False
312.7116 	EXP 	Target: autoDraw = False
312.7116 	EXP 	feedbackMsg: text = 'You pressed too slow!\n\nYou did not win $5.00!'
312.7116 	EXP 	feedbackMsg: autoDraw = True
313.2544 	DATA 	Keypress: 5
314.0476 	DATA 	Keypress: 5
314.1709 	EXP 	New trial (rep=0, index=46): OrderedDict([('Condition', 'LgPun'), ('FixationDur', 4000)])
314.2099 	EXP 	feedbackMsg: autoDraw = False
314.2099 	EXP 	feedbackMsg: autoDraw = False
314.2099 	EXP 	cueImage: image = 'images/LoseBig.bmp'
314.2099 	EXP 	cueImage: autoDraw = True
314.8383 	DATA 	Keypress: 5
315.5875 	DATA 	Keypress: 5
316.2217 	EXP 	cueImage: autoDraw = False
316.2217 	EXP 	cueImage: autoDraw = False
316.2217 	EXP 	fixation: autoDraw = True
316.3817 	DATA 	Keypress: 5
317.1732 	DATA 	Keypress: 5
317.7588 	DATA 	Keypress: 1
317.9238 	DATA 	Keypress: 5
318.7152 	DATA 	Keypress: 5
319.5073 	DATA 	Keypress: 5
320.2257 	EXP 	fixation: autoDraw = False
320.2257 	EXP 	fixation: autoDraw = False
320.2257 	EXP 	Target: image = 'images/LoseProbe.bmp'
320.2257 	EXP 	Target: autoDraw = True
320.2534 	DATA 	Keypress: 5
320.7081 	EXP 	Target: autoDraw = False
320.7081 	EXP 	Target: autoDraw = False
320.7081 	EXP 	feedbackMsg: text = 'You pressed too soon!\n\nYou lost $5.00!'
320.7081 	EXP 	feedbackMsg: autoDraw = True
321.0453 	DATA 	Keypress: 5
321.8372 	DATA 	Keypress: 5
322.1687 	EXP 	New trial (rep=0, index=47): OrderedDict([('Condition', 'SmallPun'), ('FixationDur', 3000)])
322.2088 	EXP 	feedbackMsg: autoDraw = False
322.2088 	EXP 	feedbackMsg: autoDraw = False
322.2088 	EXP 	cueImage: image = 'images/LoseSmall.bmp'
322.2088 	EXP 	cueImage: autoDraw = True
322.5870 	DATA 	Keypress: 5
323.3792 	DATA 	Keypress: 5
324.2051 	DATA 	Keypress: 5
324.2226 	EXP 	cueImage: autoDraw = False
324.2226 	EXP 	cueImage: autoDraw = False
324.2226 	EXP 	fixation: autoDraw = True
324.9243 	DATA 	Keypress: 5
325.7142 	DATA 	Keypress: 5
326.5070 	DATA 	Keypress: 5
327.2262 	EXP 	fixation: autoDraw = False
327.2262 	EXP 	fixation: autoDraw = False
327.2262 	EXP 	Target: image = 'images/LoseProbe.bmp'
327.2262 	EXP 	Target: autoDraw = True
327.2530 	DATA 	Keypress: 5
327.7085 	EXP 	Target: autoDraw = False
327.7085 	EXP 	Target: autoDraw = False
327.7085 	EXP 	feedbackMsg: text = 'You pressed too slow!\n\nYou lost $0.20!'
327.7085 	EXP 	feedbackMsg: autoDraw = True
328.0455 	DATA 	Keypress: 5
328.8385 	DATA 	Keypress: 5
329.1682 	EXP 	New trial (rep=0, index=48): OrderedDict([('Condition', 'LgReward'), ('FixationDur', 2500)])
329.2093 	EXP 	feedbackMsg: autoDraw = False
329.2093 	EXP 	feedbackMsg: autoDraw = False
329.2093 	EXP 	cueImage: image = 'images/WinBig.bmp'
329.2093 	EXP 	cueImage: autoDraw = True
329.5863 	DATA 	Keypress: 5
330.3793 	DATA 	Keypress: 5
331.2053 	DATA 	Keypress: 5
331.2230 	EXP 	cueImage: autoDraw = False
331.2230 	EXP 	cueImage: autoDraw = False
331.2230 	EXP 	fixation: autoDraw = True
331.9258 	DATA 	Keypress: 5
332.7169 	DATA 	Keypress: 5
333.5073 	DATA 	Keypress: 5
333.7411 	EXP 	fixation: autoDraw = False
333.7411 	EXP 	fixation: autoDraw = False
333.7411 	EXP 	Target: image = 'images/WinProbe.bmp'
333.7411 	EXP 	Target: autoDraw = True
334.1843 	DATA 	Keypress: 1
334.2105 	EXP 	Target: autoDraw = False
334.2105 	EXP 	Target: autoDraw = False
334.2105 	EXP 	feedbackMsg: text = 'You pressed too slow!\n\nYou did not win $5.00!'
334.2105 	EXP 	feedbackMsg: autoDraw = True
334.2564 	DATA 	Keypress: 5
335.0497 	DATA 	Keypress: 5
335.6717 	EXP 	New trial (rep=0, index=49): OrderedDict([('Condition', 'SmallPun'), ('FixationDur', 3500)])
335.7099 	EXP 	feedbackMsg: autoDraw = False
335.7099 	EXP 	feedbackMsg: autoDraw = False
335.7099 	EXP 	cueImage: image = 'images/LoseSmall.bmp'
335.7099 	EXP 	cueImage: autoDraw = True
335.8385 	DATA 	Keypress: 5
336.5895 	DATA 	Keypress: 5
337.3813 	DATA 	Keypress: 5
337.7236 	EXP 	cueImage: autoDraw = False
337.7236 	EXP 	cueImage: autoDraw = False
337.7236 	EXP 	fixation: autoDraw = True
338.1761 	DATA 	Keypress: 5
338.9255 	DATA 	Keypress: 5
339.7162 	DATA 	Keypress: 5
340.5070 	DATA 	Keypress: 5
341.2309 	EXP 	fixation: autoDraw = False
341.2309 	EXP 	fixation: autoDraw = False
341.2309 	EXP 	Target: image = 'images/LoseProbe.bmp'
341.2309 	EXP 	Target: autoDraw = True
341.2543 	DATA 	Keypress: 5
341.6820 	DATA 	Keypress: 1
341.7097 	EXP 	Target: autoDraw = False
341.7097 	EXP 	Target: autoDraw = False
341.7097 	EXP 	feedbackMsg: text = 'You pressed too slow!\n\nYou lost $0.20!'
341.7097 	EXP 	feedbackMsg: autoDraw = True
342.0467 	DATA 	Keypress: 5
342.8387 	DATA 	Keypress: 5
343.2097 	EXP 	feedbackMsg: autoDraw = False
343.2097 	EXP 	feedbackMsg: autoDraw = False
343.2097 	EXP 	polygon: autoDraw = True
343.5876 	DATA 	Keypress: 5
344.3817 	DATA 	Keypress: 5
345.1757 	DATA 	Keypress: 5
345.9259 	DATA 	Keypress: 5
346.7169 	DATA 	Keypress: 5
347.5069 	DATA 	Keypress: 5
348.2118 	EXP 	polygon: autoDraw = False
348.2118 	EXP 	text: text = 'All done!\n\nYou earned a total of: $1.00'
348.2118 	EXP 	text: autoDraw = True
348.2598 	DATA 	Keypress: 5
349.0503 	DATA 	Keypress: 5
349.8393 	DATA 	Keypress: 5
350.5896 	DATA 	Keypress: 5
351.2251 	EXP 	text: autoDraw = False
351.2251 	EXP 	text: autoDraw = False
351.2251 	EXP 	polygon2: autoDraw = True
351.3828 	DATA 	Keypress: 5
352.1768 	DATA 	Keypress: 5
364.2572 	DATA 	Keypress: 5
365.0518 	DATA 	Keypress: 5
365.8417 	DATA 	Keypress: 5
366.5917 	DATA 	Keypress: 5
368.0090 	DATA 	Keypress: escape
368.3739 	EXP 	window1: mouseVisible = True
