15.3088 	EXP 	Created window1 = Window(allowGUI=False, allowStencil=False, args=UNKNOWN, autoLog=True, bitsMode=UNKNOWN, blendMode='avg', color=array([0., 0., 0.]), colorSpace='rgb', fullscr=<method-wrapper '__getattribute__' of attributeSetter object at 0x1335bbbe0>, gamma=None, kwargs=UNKNOWN, lms=UNKNOWN, monitor=<psychopy.monitors.calibTools.Monitor object at 0x13370be80>, multiSample=False, name='window1', numSamples=2, pos=[0.0, 0.0], screen=0, size=array([1920, 1080]), stereo=False, units='height', useFBO=True, useRetina=False, viewOri=0.0, viewPos=None, viewScale=None, waitBlanking=True, winType='pyglet')
15.3089 	EXP 	window1: recordFrameIntervals = False
15.4744 	EXP 	window1: recordFrameIntervals = True
15.6578 	EXP 	window1: recordFrameIntervals = False
15.6579 	EXP 	window1: recordFrameIntervals = False
15.8242 	EXP 	window1: recordFrameIntervals = True
16.0078 	EXP 	window1: recordFrameIntervals = False
16.4624 	EXP 	Created preinstruct_text = TextStim(__class__=<class 'psychopy.visual.text.TextStim'>, alignHoriz='center', alignVert='center', antialias=True, autoLog=True, bold=False, color='white', colorSpace='named', contrast=1.0, depth=0.0, flipHoriz=False, flipVert=False, font='Arial', fontFiles=[], height=0.05, italic=False, languageStyle='LTR', name='preinstruct_text', opacity=1.0, ori=0, pos=array([0., 0.]), rgb=array([255., 255., 255.]), text='Money Task - Scanner 1', units='height', win=Window(...), wrapWidth=1)
16.5077 	EXP 	Created instructFig = ImageStim(__class__=<class 'psychopy.visual.image.ImageStim'>, autoLog=True, color=array([1., 1., 1.]), colorSpace='rgb', contrast=1.0, depth=0.0, flipHoriz=False, flipVert=False, image='images/MID_instructions.bmp', interpolate=True, mask=None, maskParams=None, name='instructFig', opacity=1.0, ori=0.0, pos=array([0., 0.]), size=array([1.3, 1. ]), texRes=128, units='height', win=Window(...))
16.5093 	EXP 	Created PrepFixation = ShapeStim(__class__=<class 'psychopy.visual.shape.ShapeStim'>, autoDraw=False, autoLog=True, closeShape=True, contrast=1.0, depth=0.0, fillColor=array([1., 1., 1.]), fillColorSpace='rgb', interpolate=True, lineColor=array([1., 1., 1.]), lineColorSpace='rgb', lineWidth=1, name='PrepFixation', opacity=1.0, ori=array(0.), pos=array([0., 0.]), size=array([0.05, 0.05]), units='height', vertices=ndarray(...), win=Window(...), windingRule=None)
16.5108 	EXP 	Created cueImage = ImageStim(__class__=<class 'psychopy.visual.image.ImageStim'>, autoLog=True, color=array([1., 1., 1.]), colorSpace='rgb', contrast=1.0, depth=0.0, flipHoriz=False, flipVert=False, image='sin', interpolate=True, mask=None, maskParams=None, name='cueImage', opacity=1.0, ori=0.0, pos=array([0., 0.]), size=array([1.3, 1. ]), texRes=128, units='height', win=Window(...))
16.5122 	EXP 	Created fixation = ShapeStim(__class__=<class 'psychopy.visual.shape.ShapeStim'>, autoDraw=False, autoLog=True, closeShape=True, contrast=1.0, depth=-1.0, fillColor=array([1., 1., 1.]), fillColorSpace='rgb', interpolate=True, lineColor=array([1., 1., 1.]), lineColorSpace='rgb', lineWidth=1, name='fixation', opacity=1.0, ori=array(0.), pos=array([0., 0.]), size=array([0.05, 0.05]), units='height', vertices=ndarray(...), win=Window(...), windingRule=None)
16.5139 	EXP 	Created Target = ImageStim(__class__=<class 'psychopy.visual.image.ImageStim'>, autoLog=True, color=array([1., 1., 1.]), colorSpace='rgb', contrast=1.0, depth=-1.0, flipHoriz=False, flipVert=False, image='sin', interpolate=True, mask=None, maskParams=None, name='Target', opacity=1.0, ori=0.0, pos=array([0., 0.]), size=array([1.3, 1. ]), texRes=128, units='height', win=Window(...))
16.5235 	EXP 	Created feedbackMsg = TextStim(__class__=<class 'psychopy.visual.text.TextStim'>, alignHoriz='center', alignVert='center', antialias=True, autoLog=True, bold=False, color='white', colorSpace='named', contrast=1.0, depth=-2.0, flipHoriz=False, flipVert=False, font='Arial', fontFiles=[], height=0.05, italic=False, languageStyle='LTR', name='feedbackMsg', opacity=1.0, ori=0, pos=array([0., 0.]), rgb=array([255., 255., 255.]), text='default text', units='height', win=Window(...), wrapWidth=2)
16.5250 	EXP 	Created polygon = ShapeStim(__class__=<class 'psychopy.visual.shape.ShapeStim'>, autoDraw=False, autoLog=True, closeShape=True, contrast=1.0, depth=0.0, fillColor=array([1., 1., 1.]), fillColorSpace='rgb', interpolate=True, lineColor=array([1., 1., 1.]), lineColorSpace='rgb', lineWidth=1, name='polygon', opacity=1.0, ori=array(0.), pos=array([0., 0.]), size=array([0.05, 0.05]), units='height', vertices=ndarray(...), win=Window(...), windingRule=None)
16.5317 	EXP 	Created text = TextStim(__class__=<class 'psychopy.visual.text.TextStim'>, alignHoriz='center', alignVert='center', antialias=True, autoLog=True, bold=False, color='white', colorSpace='named', contrast=1.0, depth=-1.0, flipHoriz=False, flipVert=False, font='Arial', fontFiles=[], height=0.07, italic=False, languageStyle='LTR', name='text', opacity=1.0, ori=0, pos=array([0., 0.]), rgb=array([255., 255., 255.]), text='default text', units='height', win=Window(...), wrapWidth=1)
16.5331 	EXP 	Created polygon2 = ShapeStim(__class__=<class 'psychopy.visual.shape.ShapeStim'>, autoDraw=False, autoLog=True, closeShape=True, contrast=1.0, depth=0.0, fillColor=array([1., 1., 1.]), fillColorSpace='rgb', interpolate=True, lineColor=array([1., 1., 1.]), lineColorSpace='rgb', lineWidth=1, name='polygon2', opacity=1.0, ori=array(0.), pos=array([0., 0.]), size=array([0.05, 0.05]), units='height', vertices=ndarray(...), win=Window(...), windingRule=None)
16.5404 	EXP 	preinstruct_text: autoDraw = True
18.5898 	EXP 	preinstruct_text: autoDraw = False
18.5898 	EXP 	instructFig: autoDraw = True
33.1876 	DATA 	Keypress: 5
33.1922 	EXP 	instructFig: autoDraw = False
33.1922 	EXP 	PrepFixation: autoDraw = True
33.9441 	DATA 	Keypress: 5
34.7293 	DATA 	Keypress: 5
35.1865 	EXP 	Imported TimeVersion6.csv as conditions, 50 conditions, 2 params
35.1869 	EXP 	Created sequence: sequential, trialTypes=50, nReps=1, seed=None
35.1872 	EXP 	New trial (rep=0, index=0): OrderedDict([('Condition', 'LgPun'), ('FixationDur', 2500)])
35.2086 	EXP 	PrepFixation: autoDraw = False
35.2086 	EXP 	cueImage: image = 'images/LoseBig.bmp'
35.2086 	EXP 	cueImage: autoDraw = True
35.5127 	DATA 	Keypress: 5
36.2775 	DATA 	Keypress: 5
37.0618 	DATA 	Keypress: 5
37.2258 	EXP 	cueImage: autoDraw = False
37.2258 	EXP 	fixation: autoDraw = True
37.8472 	DATA 	Keypress: 5
38.6118 	DATA 	Keypress: 5
39.3961 	DATA 	Keypress: 5
39.7589 	EXP 	fixation: autoDraw = False
39.7589 	EXP 	fixation: autoDraw = False
39.7589 	EXP 	Target: image = 'images/LoseProbe.bmp'
39.7589 	EXP 	Target: autoDraw = True
40.0671 	DATA 	Keypress: 1
40.0747 	EXP 	Target: autoDraw = False
40.0747 	EXP 	Target: autoDraw = False
40.0747 	EXP 	feedbackMsg: text = 'You pressed too slow!\n\nYou lost $5.00!'
40.0747 	EXP 	feedbackMsg: autoDraw = True
40.1795 	DATA 	Keypress: 5
40.9462 	DATA 	Keypress: 5
41.7301 	DATA 	Keypress: 5
41.7931 	EXP 	New trial (rep=0, index=1): OrderedDict([('Condition', 'LgReward'), ('FixationDur', 1500)])
41.8257 	EXP 	feedbackMsg: autoDraw = False
41.8257 	EXP 	feedbackMsg: autoDraw = False
41.8257 	EXP 	cueImage: image = 'images/WinBig.bmp'
41.8257 	EXP 	cueImage: autoDraw = True
42.5130 	DATA 	Keypress: 5
43.2774 	DATA 	Keypress: 5
43.8599 	EXP 	cueImage: autoDraw = False
43.8599 	EXP 	fixation: autoDraw = True
44.0631 	DATA 	Keypress: 5
44.8476 	DATA 	Keypress: 5
45.4096 	EXP 	fixation: autoDraw = False
45.4096 	EXP 	fixation: autoDraw = False
45.4096 	EXP 	Target: image = 'images/WinProbe.bmp'
45.4096 	EXP 	Target: autoDraw = True
45.6123 	DATA 	Keypress: 5
45.7095 	DATA 	Keypress: 1
45.7261 	EXP 	Target: autoDraw = False
45.7261 	EXP 	Target: autoDraw = False
45.7261 	EXP 	feedbackMsg: text = 'You pressed too slow!\n\nYou did not win $5.00!'
45.7261 	EXP 	feedbackMsg: autoDraw = True
46.3961 	DATA 	Keypress: 5
47.1805 	DATA 	Keypress: 5
47.4284 	EXP 	New trial (rep=0, index=2): OrderedDict([('Condition', 'LgPun'), ('FixationDur', 1500)])
47.4420 	EXP 	feedbackMsg: autoDraw = False
47.4420 	EXP 	feedbackMsg: autoDraw = False
47.4420 	EXP 	cueImage: image = 'images/LoseBig.bmp'
47.4420 	EXP 	cueImage: autoDraw = True
47.9456 	DATA 	Keypress: 5
48.7286 	DATA 	Keypress: 5
49.4768 	EXP 	cueImage: autoDraw = False
49.4768 	EXP 	cueImage: autoDraw = False
49.4768 	EXP 	fixation: autoDraw = True
49.5145 	DATA 	Keypress: 5
50.2802 	DATA 	Keypress: 5
51.0099 	EXP 	fixation: autoDraw = False
51.0099 	EXP 	fixation: autoDraw = False
51.0099 	EXP 	Target: image = 'images/LoseProbe.bmp'
51.0099 	EXP 	Target: autoDraw = True
51.0626 	DATA 	Keypress: 5
51.3076 	DATA 	Keypress: 1
51.3268 	EXP 	Target: autoDraw = False
51.3268 	EXP 	Target: autoDraw = False
51.3268 	EXP 	feedbackMsg: text = 'You pressed too slow!\n\nYou lost $5.00!'
51.3268 	EXP 	feedbackMsg: autoDraw = True
51.8473 	DATA 	Keypress: 5
52.6312 	DATA 	Keypress: 5
53.0285 	EXP 	New trial (rep=0, index=3): OrderedDict([('Condition', 'SmallReward'), ('FixationDur', 2000)])
53.0597 	EXP 	feedbackMsg: autoDraw = False
53.0597 	EXP 	feedbackMsg: autoDraw = False
53.0597 	EXP 	cueImage: image = 'images/WinSmall.bmp'
53.0597 	EXP 	cueImage: autoDraw = True
53.3951 	DATA 	Keypress: 5
54.1808 	DATA 	Keypress: 5
54.9629 	DATA 	Keypress: 5
55.0939 	EXP 	cueImage: autoDraw = False
55.0939 	EXP 	fixation: autoDraw = True
55.7291 	DATA 	Keypress: 5
56.5145 	DATA 	Keypress: 5
57.1266 	EXP 	fixation: autoDraw = False
57.1266 	EXP 	fixation: autoDraw = False
57.1266 	EXP 	Target: image = 'images/WinProbe.bmp'
57.1266 	EXP 	Target: autoDraw = True
57.2977 	DATA 	Keypress: 5
57.3979 	DATA 	Keypress: 1
57.5104 	EXP 	Target: autoDraw = False
57.5104 	EXP 	Target: autoDraw = False
57.5104 	EXP 	feedbackMsg: text = 'Correct Response!\n\nYou won $0.20!'
57.5104 	EXP 	feedbackMsg: autoDraw = True
58.0626 	DATA 	Keypress: 5
58.8485 	DATA 	Keypress: 5
59.1622 	EXP 	New trial (rep=0, index=4): OrderedDict([('Condition', 'Triangle'), ('FixationDur', 2000)])
59.1768 	EXP 	feedbackMsg: autoDraw = False
59.1768 	EXP 	feedbackMsg: autoDraw = False
59.1768 	EXP 	cueImage: image = 'images/Neutral.bmp'
59.1768 	EXP 	cueImage: autoDraw = True
59.6302 	DATA 	Keypress: 5
60.3966 	DATA 	Keypress: 5
61.1975 	DATA 	Keypress: 5
61.2111 	EXP 	cueImage: autoDraw = False
61.2111 	EXP 	cueImage: autoDraw = False
61.2111 	EXP 	fixation: autoDraw = True
61.9652 	DATA 	Keypress: 5
62.7303 	DATA 	Keypress: 5
63.2436 	EXP 	fixation: autoDraw = False
63.2436 	EXP 	fixation: autoDraw = False
63.2436 	EXP 	Target: image = 'images/NeutralProbe.bmp'
63.2436 	EXP 	Target: autoDraw = True
63.5139 	DATA 	Keypress: 1
63.5163 	DATA 	Keypress: 5
63.6126 	EXP 	Target: autoDraw = False
63.6126 	EXP 	Target: autoDraw = False
63.6126 	EXP 	feedbackMsg: text = 'Correct Response!\n\nYou did not win or lose anything!'
63.6126 	EXP 	feedbackMsg: autoDraw = True
64.2977 	DATA 	Keypress: 5
65.0645 	DATA 	Keypress: 5
65.2627 	EXP 	New trial (rep=0, index=5): OrderedDict([('Condition', 'SmallReward'), ('FixationDur', 1500)])
65.2936 	EXP 	feedbackMsg: autoDraw = False
65.2936 	EXP 	feedbackMsg: autoDraw = False
65.2936 	EXP 	cueImage: image = 'images/WinSmall.bmp'
65.2936 	EXP 	cueImage: autoDraw = True
65.8465 	DATA 	Keypress: 5
66.6315 	DATA 	Keypress: 5
67.3272 	EXP 	cueImage: autoDraw = False
67.3272 	EXP 	fixation: autoDraw = True
67.3975 	DATA 	Keypress: 5
67.6795 	DATA 	Keypress: 1
68.1808 	DATA 	Keypress: 5
68.8777 	EXP 	fixation: autoDraw = False
68.8777 	EXP 	fixation: autoDraw = False
68.8777 	EXP 	Target: image = 'images/WinProbe.bmp'
68.8777 	EXP 	Target: autoDraw = True
68.9651 	DATA 	Keypress: 5
69.1152 	DATA 	Keypress: 1
69.2438 	EXP 	Target: autoDraw = False
69.2438 	EXP 	Target: autoDraw = False
69.2438 	EXP 	feedbackMsg: text = 'You pressed too soon!\n\nYou won $0.20!'
69.2438 	EXP 	feedbackMsg: autoDraw = True
69.7312 	DATA 	Keypress: 5
70.5141 	DATA 	Keypress: 5
70.8963 	EXP 	New trial (rep=0, index=6): OrderedDict([('Condition', 'Triangle'), ('FixationDur', 1500)])
70.9107 	EXP 	feedbackMsg: autoDraw = False
70.9107 	EXP 	feedbackMsg: autoDraw = False
70.9107 	EXP 	cueImage: image = 'images/Neutral.bmp'
70.9107 	EXP 	cueImage: autoDraw = True
71.2978 	DATA 	Keypress: 5
72.0645 	DATA 	Keypress: 5
72.8478 	DATA 	Keypress: 5
72.9444 	EXP 	cueImage: autoDraw = False
72.9444 	EXP 	cueImage: autoDraw = False
72.9444 	EXP 	fixation: autoDraw = True
73.6325 	DATA 	Keypress: 5
74.4152 	DATA 	Keypress: 5
74.4774 	EXP 	fixation: autoDraw = False
74.4774 	EXP 	fixation: autoDraw = False
74.4774 	EXP 	Target: image = 'images/NeutralProbe.bmp'
74.4774 	EXP 	Target: autoDraw = True
74.7659 	DATA 	Keypress: 1
74.8449 	EXP 	Target: autoDraw = False
74.8449 	EXP 	Target: autoDraw = False
74.8449 	EXP 	feedbackMsg: text = 'Correct Response!\n\nYou did not win or lose anything!'
74.8449 	EXP 	feedbackMsg: autoDraw = True
75.1806 	DATA 	Keypress: 5
75.9657 	DATA 	Keypress: 5
76.4970 	EXP 	New trial (rep=0, index=7): OrderedDict([('Condition', 'LgPun'), ('FixationDur', 1500)])
76.5114 	EXP 	feedbackMsg: autoDraw = False
76.5114 	EXP 	feedbackMsg: autoDraw = False
76.5114 	EXP 	cueImage: image = 'images/LoseBig.bmp'
76.5114 	EXP 	cueImage: autoDraw = True
76.7488 	DATA 	Keypress: 5
77.5134 	DATA 	Keypress: 5
78.2990 	DATA 	Keypress: 5
78.5453 	EXP 	cueImage: autoDraw = False
78.5453 	EXP 	cueImage: autoDraw = False
78.5453 	EXP 	fixation: autoDraw = True
79.0828 	DATA 	Keypress: 5
79.8483 	DATA 	Keypress: 5
80.0787 	EXP 	fixation: autoDraw = False
80.0787 	EXP 	fixation: autoDraw = False
80.0787 	EXP 	Target: image = 'images/LoseProbe.bmp'
80.0787 	EXP 	Target: autoDraw = True
80.3148 	DATA 	Keypress: 1
80.4444 	EXP 	Target: autoDraw = False
80.4444 	EXP 	Target: autoDraw = False
80.4444 	EXP 	feedbackMsg: text = 'Correct Response!\n\nYou did not lose $5.00!'
80.4444 	EXP 	feedbackMsg: autoDraw = True
80.6306 	DATA 	Keypress: 5
81.4154 	DATA 	Keypress: 5
82.0969 	EXP 	New trial (rep=0, index=8): OrderedDict([('Condition', 'LgReward'), ('FixationDur', 2000)])
82.1284 	EXP 	feedbackMsg: autoDraw = False
82.1284 	EXP 	feedbackMsg: autoDraw = False
82.1284 	EXP 	cueImage: image = 'images/WinBig.bmp'
82.1284 	EXP 	cueImage: autoDraw = True
82.1816 	DATA 	Keypress: 5
82.9650 	DATA 	Keypress: 5
83.7494 	DATA 	Keypress: 5
84.1618 	EXP 	cueImage: autoDraw = False
84.1618 	EXP 	fixation: autoDraw = True
84.5151 	DATA 	Keypress: 5
85.2986 	DATA 	Keypress: 5
86.0835 	DATA 	Keypress: 5
86.2122 	EXP 	fixation: autoDraw = False
86.2122 	EXP 	fixation: autoDraw = False
86.2122 	EXP 	Target: image = 'images/WinProbe.bmp'
86.2122 	EXP 	Target: autoDraw = True
86.4501 	DATA 	Keypress: 1
86.5954 	EXP 	Target: autoDraw = False
86.5954 	EXP 	Target: autoDraw = False
86.5954 	EXP 	feedbackMsg: text = 'Correct Response!\n\nYou won $5.00!'
86.5954 	EXP 	feedbackMsg: autoDraw = True
86.8487 	DATA 	Keypress: 5
87.6325 	DATA 	Keypress: 5
88.2308 	EXP 	New trial (rep=0, index=9): OrderedDict([('Condition', 'SmallPun'), ('FixationDur', 4000)])
88.2454 	EXP 	feedbackMsg: autoDraw = False
88.2454 	EXP 	feedbackMsg: autoDraw = False
88.2454 	EXP 	cueImage: image = 'images/LoseSmall.bmp'
88.2454 	EXP 	cueImage: autoDraw = True
88.4166 	DATA 	Keypress: 5
89.1818 	DATA 	Keypress: 5
89.9648 	DATA 	Keypress: 5
90.2794 	EXP 	cueImage: autoDraw = False
90.2794 	EXP 	cueImage: autoDraw = False
90.2794 	EXP 	fixation: autoDraw = True
90.7501 	DATA 	Keypress: 5
91.5159 	DATA 	Keypress: 5
92.2994 	DATA 	Keypress: 5
93.0843 	DATA 	Keypress: 5
93.8498 	DATA 	Keypress: 5
94.3119 	EXP 	fixation: autoDraw = False
94.3119 	EXP 	fixation: autoDraw = False
94.3119 	EXP 	Target: image = 'images/LoseProbe.bmp'
94.3119 	EXP 	Target: autoDraw = True
94.6008 	DATA 	Keypress: 1
94.6314 	DATA 	Keypress: 5
94.7119 	EXP 	Target: autoDraw = False
94.7119 	EXP 	Target: autoDraw = False
94.7119 	EXP 	feedbackMsg: text = 'Correct Response!\n\nYou did not lose $0.20!'
94.7119 	EXP 	feedbackMsg: autoDraw = True
95.4158 	DATA 	Keypress: 5
96.1832 	DATA 	Keypress: 5
96.3483 	EXP 	New trial (rep=0, index=10): OrderedDict([('Condition', 'LgPun'), ('FixationDur', 1500)])
96.3620 	EXP 	feedbackMsg: autoDraw = False
96.3620 	EXP 	feedbackMsg: autoDraw = False
96.3620 	EXP 	cueImage: image = 'images/LoseBig.bmp'
96.3620 	EXP 	cueImage: autoDraw = True
96.9654 	DATA 	Keypress: 5
97.7507 	DATA 	Keypress: 5
98.3967 	EXP 	cueImage: autoDraw = False
98.3967 	EXP 	cueImage: autoDraw = False
98.3967 	EXP 	fixation: autoDraw = True
98.5347 	DATA 	Keypress: 5
99.2991 	DATA 	Keypress: 5
99.9296 	EXP 	fixation: autoDraw = False
99.9296 	EXP 	fixation: autoDraw = False
99.9296 	EXP 	Target: image = 'images/LoseProbe.bmp'
99.9296 	EXP 	Target: autoDraw = True
100.0832 	DATA 	Keypress: 5
100.3235 	DATA 	Keypress: 1
100.3291 	EXP 	Target: autoDraw = False
100.3291 	EXP 	Target: autoDraw = False
100.3291 	EXP 	feedbackMsg: text = 'You pressed too slow!\n\nYou lost $5.00!'
100.3291 	EXP 	feedbackMsg: autoDraw = True
100.8683 	DATA 	Keypress: 5
101.6328 	DATA 	Keypress: 5
101.9654 	EXP 	New trial (rep=0, index=11): OrderedDict([('Condition', 'SmallReward'), ('FixationDur', 1500)])
101.9796 	EXP 	feedbackMsg: autoDraw = False
101.9796 	EXP 	feedbackMsg: autoDraw = False
101.9796 	EXP 	cueImage: image = 'images/WinSmall.bmp'
101.9796 	EXP 	cueImage: autoDraw = True
102.4173 	DATA 	Keypress: 5
103.2000 	DATA 	Keypress: 5
103.9983 	DATA 	Keypress: 5
104.0130 	EXP 	cueImage: autoDraw = False
104.0130 	EXP 	cueImage: autoDraw = False
104.0130 	EXP 	fixation: autoDraw = True
104.7490 	DATA 	Keypress: 5
105.5499 	DATA 	Keypress: 5
105.5634 	EXP 	fixation: autoDraw = False
105.5634 	EXP 	fixation: autoDraw = False
105.5634 	EXP 	Target: image = 'images/WinProbe.bmp'
105.5634 	EXP 	Target: autoDraw = True
105.8506 	DATA 	Keypress: 1
105.9305 	EXP 	Target: autoDraw = False
105.9305 	EXP 	Target: autoDraw = False
105.9305 	EXP 	feedbackMsg: text = 'Correct Response!\n\nYou won $0.20!'
105.9305 	EXP 	feedbackMsg: autoDraw = True
106.2992 	DATA 	Keypress: 5
107.0839 	DATA 	Keypress: 5
107.5821 	EXP 	New trial (rep=0, index=12): OrderedDict([('Condition', 'LgReward'), ('FixationDur', 4000)])
107.6134 	EXP 	feedbackMsg: autoDraw = False
107.6134 	EXP 	feedbackMsg: autoDraw = False
107.6134 	EXP 	cueImage: image = 'images/WinBig.bmp'
107.6134 	EXP 	cueImage: autoDraw = True
107.8669 	DATA 	Keypress: 5
108.6332 	DATA 	Keypress: 5
109.4158 	DATA 	Keypress: 5
109.6475 	EXP 	cueImage: autoDraw = False
109.6475 	EXP 	fixation: autoDraw = True
110.2023 	DATA 	Keypress: 5
110.9667 	DATA 	Keypress: 5
111.7502 	DATA 	Keypress: 5
112.5359 	DATA 	Keypress: 5
113.3010 	DATA 	Keypress: 5
113.6972 	EXP 	fixation: autoDraw = False
113.6972 	EXP 	fixation: autoDraw = False
113.6972 	EXP 	Target: image = 'images/WinProbe.bmp'
113.6972 	EXP 	Target: autoDraw = True
113.9508 	DATA 	Keypress: 1
114.0638 	EXP 	Target: autoDraw = False
114.0638 	EXP 	Target: autoDraw = False
114.0638 	EXP 	feedbackMsg: text = 'Correct Response!\n\nYou won $5.00!'
114.0638 	EXP 	feedbackMsg: autoDraw = True
114.0838 	DATA 	Keypress: 5
114.8679 	DATA 	Keypress: 5
115.6349 	DATA 	Keypress: 5
115.7312 	EXP 	New trial (rep=0, index=13): OrderedDict([('Condition', 'Triangle'), ('FixationDur', 1500)])
115.7470 	EXP 	feedbackMsg: autoDraw = False
115.7470 	EXP 	feedbackMsg: autoDraw = False
115.7470 	EXP 	cueImage: image = 'images/Neutral.bmp'
115.7470 	EXP 	cueImage: autoDraw = True
116.4164 	DATA 	Keypress: 5
117.2011 	DATA 	Keypress: 5
117.7702 	EXP 	cueImage: autoDraw = False
117.7702 	EXP 	cueImage: autoDraw = False
117.7702 	EXP 	fixation: autoDraw = True
117.9856 	DATA 	Keypress: 5
118.7510 	DATA 	Keypress: 5
119.3138 	EXP 	fixation: autoDraw = False
119.3138 	EXP 	fixation: autoDraw = False
119.3138 	EXP 	Target: image = 'images/NeutralProbe.bmp'
119.3138 	EXP 	Target: autoDraw = True
119.5353 	DATA 	Keypress: 5
119.6793 	DATA 	Keypress: 1
119.6873 	EXP 	Target: autoDraw = False
119.6873 	EXP 	Target: autoDraw = False
119.6873 	EXP 	feedbackMsg: text = 'You pressed too slow!\n\nYou did not win or lose anything!'
119.6873 	EXP 	feedbackMsg: autoDraw = True
120.3184 	DATA 	Keypress: 5
121.0838 	DATA 	Keypress: 5
121.3497 	EXP 	New trial (rep=0, index=14): OrderedDict([('Condition', 'LgPun'), ('FixationDur', 2000)])
121.3646 	EXP 	feedbackMsg: autoDraw = False
121.3646 	EXP 	feedbackMsg: autoDraw = False
121.3646 	EXP 	cueImage: image = 'images/LoseBig.bmp'
121.3646 	EXP 	cueImage: autoDraw = True
121.8674 	DATA 	Keypress: 5
122.6517 	DATA 	Keypress: 5
123.3872 	EXP 	cueImage: autoDraw = False
123.3872 	EXP 	cueImage: autoDraw = False
123.3872 	EXP 	fixation: autoDraw = True
123.4165 	DATA 	Keypress: 5
124.2022 	DATA 	Keypress: 5
124.9854 	DATA 	Keypress: 5
125.4312 	EXP 	fixation: autoDraw = False
125.4312 	EXP 	fixation: autoDraw = False
125.4312 	EXP 	Target: image = 'images/LoseProbe.bmp'
125.4312 	EXP 	Target: autoDraw = True
125.6846 	DATA 	Keypress: 1
125.7915 	DATA 	Keypress: 5
125.7973 	EXP 	Target: autoDraw = False
125.7973 	EXP 	Target: autoDraw = False
125.7973 	EXP 	feedbackMsg: text = 'Correct Response!\n\nYou did not lose $5.00!'
125.7973 	EXP 	feedbackMsg: autoDraw = True
126.5345 	DATA 	Keypress: 5
127.3197 	DATA 	Keypress: 5
127.4506 	EXP 	New trial (rep=0, index=15): OrderedDict([('Condition', 'Triangle'), ('FixationDur', 3000)])
127.4648 	EXP 	feedbackMsg: autoDraw = False
127.4648 	EXP 	feedbackMsg: autoDraw = False
127.4648 	EXP 	cueImage: image = 'images/Neutral.bmp'
127.4648 	EXP 	cueImage: autoDraw = True
128.0842 	DATA 	Keypress: 5
128.8686 	DATA 	Keypress: 5
129.4883 	EXP 	cueImage: autoDraw = False
129.4883 	EXP 	cueImage: autoDraw = False
129.4883 	EXP 	fixation: autoDraw = True
129.6527 	DATA 	Keypress: 5
130.4185 	DATA 	Keypress: 5
131.2012 	DATA 	Keypress: 5
131.9864 	DATA 	Keypress: 5
132.5316 	EXP 	fixation: autoDraw = False
132.5316 	EXP 	fixation: autoDraw = False
132.5316 	EXP 	Target: image = 'images/NeutralProbe.bmp'
132.5316 	EXP 	Target: autoDraw = True
132.7517 	DATA 	Keypress: 5
132.8610 	DATA 	Keypress: 1
132.8722 	EXP 	Target: autoDraw = False
132.8722 	EXP 	Target: autoDraw = False
132.8722 	EXP 	feedbackMsg: text = 'You pressed too slow!\n\nYou did not win or lose anything!'
132.8722 	EXP 	feedbackMsg: autoDraw = True
133.5352 	DATA 	Keypress: 5
134.3196 	DATA 	Keypress: 5
134.5505 	EXP 	New trial (rep=0, index=16): OrderedDict([('Condition', 'SmallPun'), ('FixationDur', 1500)])
134.5649 	EXP 	feedbackMsg: autoDraw = False
134.5649 	EXP 	feedbackMsg: autoDraw = False
134.5649 	EXP 	cueImage: image = 'images/LoseSmall.bmp'
134.5649 	EXP 	cueImage: autoDraw = True
135.1027 	DATA 	Keypress: 5
135.8672 	DATA 	Keypress: 5
136.5896 	EXP 	cueImage: autoDraw = False
136.5896 	EXP 	cueImage: autoDraw = False
136.5896 	EXP 	fixation: autoDraw = True
136.6533 	DATA 	Keypress: 5
137.4194 	DATA 	Keypress: 5
138.1319 	EXP 	fixation: autoDraw = False
138.1319 	EXP 	fixation: autoDraw = False
138.1319 	EXP 	Target: image = 'images/LoseProbe.bmp'
138.1319 	EXP 	Target: autoDraw = True
138.2019 	DATA 	Keypress: 5
138.3867 	DATA 	Keypress: 1
138.4653 	EXP 	Target: autoDraw = False
138.4653 	EXP 	Target: autoDraw = False
138.4653 	EXP 	feedbackMsg: text = 'Correct Response!\n\nYou did not lose $0.20!'
138.4653 	EXP 	feedbackMsg: autoDraw = True
138.9862 	DATA 	Keypress: 5
139.7702 	DATA 	Keypress: 5
140.1508 	EXP 	New trial (rep=0, index=17): OrderedDict([('Condition', 'Triangle'), ('FixationDur', 3500)])
140.1656 	EXP 	feedbackMsg: autoDraw = False
140.1656 	EXP 	feedbackMsg: autoDraw = False
140.1656 	EXP 	cueImage: image = 'images/Neutral.bmp'
140.1656 	EXP 	cueImage: autoDraw = True
140.5344 	DATA 	Keypress: 5
141.3198 	DATA 	Keypress: 5
142.1009 	DATA 	Keypress: 5
142.1904 	EXP 	cueImage: autoDraw = False
142.1904 	EXP 	cueImage: autoDraw = False
142.1904 	EXP 	fixation: autoDraw = True
142.8683 	DATA 	Keypress: 5
143.6536 	DATA 	Keypress: 5
144.4372 	DATA 	Keypress: 5
145.2016 	DATA 	Keypress: 5
145.7320 	EXP 	fixation: autoDraw = False
145.7320 	EXP 	fixation: autoDraw = False
145.7320 	EXP 	Target: image = 'images/NeutralProbe.bmp'
145.7320 	EXP 	Target: autoDraw = True
145.9684 	DATA 	Keypress: 1
145.9867 	DATA 	Keypress: 5
146.0665 	EXP 	Target: autoDraw = False
146.0665 	EXP 	Target: autoDraw = False
146.0665 	EXP 	feedbackMsg: text = 'Correct Response!\n\nYou did not win or lose anything!'
146.0665 	EXP 	feedbackMsg: autoDraw = True
146.7700 	DATA 	Keypress: 5
147.5363 	DATA 	Keypress: 5
147.7513 	EXP 	New trial (rep=0, index=18): OrderedDict([('Condition', 'LgPun'), ('FixationDur', 3000)])
147.7659 	EXP 	feedbackMsg: autoDraw = False
147.7659 	EXP 	feedbackMsg: autoDraw = False
147.7659 	EXP 	cueImage: image = 'images/LoseBig.bmp'
147.7659 	EXP 	cueImage: autoDraw = True
148.3186 	DATA 	Keypress: 5
149.1035 	DATA 	Keypress: 5
149.7909 	EXP 	cueImage: autoDraw = False
149.7909 	EXP 	cueImage: autoDraw = False
149.7909 	EXP 	fixation: autoDraw = True
149.8692 	DATA 	Keypress: 5
150.6543 	DATA 	Keypress: 5
151.4377 	DATA 	Keypress: 5
152.2032 	DATA 	Keypress: 5
152.8328 	EXP 	fixation: autoDraw = False
152.8328 	EXP 	fixation: autoDraw = False
152.8328 	EXP 	Target: image = 'images/LoseProbe.bmp'
152.8328 	EXP 	Target: autoDraw = True
152.9861 	DATA 	Keypress: 5
153.0697 	DATA 	Keypress: 1
153.1665 	EXP 	Target: autoDraw = False
153.1665 	EXP 	Target: autoDraw = False
153.1665 	EXP 	feedbackMsg: text = 'Correct Response!\n\nYou did not lose $5.00!'
153.1665 	EXP 	feedbackMsg: autoDraw = True
153.7710 	DATA 	Keypress: 5
154.5369 	DATA 	Keypress: 5
154.8517 	EXP 	New trial (rep=0, index=19): OrderedDict([('Condition', 'LgReward'), ('FixationDur', 1500)])
154.8750 	EXP 	feedbackMsg: autoDraw = False
154.8750 	EXP 	feedbackMsg: autoDraw = False
154.8750 	EXP 	cueImage: image = 'images/WinBig.bmp'
154.8750 	EXP 	cueImage: autoDraw = True
155.3187 	DATA 	Keypress: 5
156.1036 	DATA 	Keypress: 5
156.9062 	DATA 	Keypress: 5
156.9166 	EXP 	cueImage: autoDraw = False
156.9166 	EXP 	fixation: autoDraw = True
157.6528 	DATA 	Keypress: 5
158.4547 	DATA 	Keypress: 5
158.4661 	EXP 	fixation: autoDraw = False
158.4661 	EXP 	fixation: autoDraw = False
158.4661 	EXP 	Target: image = 'images/WinProbe.bmp'
158.4661 	EXP 	Target: autoDraw = True
158.7997 	EXP 	Target: autoDraw = False
158.7997 	EXP 	Target: autoDraw = False
158.7997 	EXP 	feedbackMsg: text = 'You pressed too slow!\n\nYou did not win $5.00!'
158.7997 	EXP 	feedbackMsg: autoDraw = True
159.0194 	DATA 	Keypress: 1
159.2205 	DATA 	Keypress: 5
159.9871 	DATA 	Keypress: 5
160.4860 	EXP 	New trial (rep=0, index=20): OrderedDict([('Condition', 'LgPun'), ('FixationDur', 1500)])
160.5001 	EXP 	feedbackMsg: autoDraw = False
160.5001 	EXP 	feedbackMsg: autoDraw = False
160.5001 	EXP 	cueImage: image = 'images/LoseBig.bmp'
160.5001 	EXP 	cueImage: autoDraw = True
160.7699 	DATA 	Keypress: 5
161.5537 	DATA 	Keypress: 5
162.3192 	DATA 	Keypress: 5
162.5260 	EXP 	cueImage: autoDraw = False
162.5260 	EXP 	cueImage: autoDraw = False
162.5260 	EXP 	fixation: autoDraw = True
163.1048 	DATA 	Keypress: 5
163.8876 	DATA 	Keypress: 5
164.0672 	EXP 	fixation: autoDraw = False
164.0672 	EXP 	fixation: autoDraw = False
164.0672 	EXP 	Target: image = 'images/LoseProbe.bmp'
164.0672 	EXP 	Target: autoDraw = True
164.3594 	DATA 	Keypress: 1
164.3675 	EXP 	Target: autoDraw = False
164.3675 	EXP 	Target: autoDraw = False
164.3675 	EXP 	feedbackMsg: text = 'You pressed too slow!\n\nYou lost $5.00!'
164.3675 	EXP 	feedbackMsg: autoDraw = True
164.6527 	DATA 	Keypress: 5
165.4368 	DATA 	Keypress: 5
166.0857 	EXP 	New trial (rep=0, index=21): OrderedDict([('Condition', 'LgReward'), ('FixationDur', 1500)])
166.1096 	EXP 	feedbackMsg: autoDraw = False
166.1096 	EXP 	feedbackMsg: autoDraw = False
166.1096 	EXP 	cueImage: image = 'images/WinBig.bmp'
166.1096 	EXP 	cueImage: autoDraw = True
166.2217 	DATA 	Keypress: 5
166.9865 	DATA 	Keypress: 5
167.7709 	DATA 	Keypress: 5
168.1435 	EXP 	cueImage: autoDraw = False
168.1435 	EXP 	fixation: autoDraw = True
168.5551 	DATA 	Keypress: 5
169.3209 	DATA 	Keypress: 5
169.6925 	EXP 	fixation: autoDraw = False
169.6925 	EXP 	fixation: autoDraw = False
169.6925 	EXP 	Target: image = 'images/WinProbe.bmp'
169.6925 	EXP 	Target: autoDraw = True
169.9385 	DATA 	Keypress: 1
170.0104 	EXP 	Target: autoDraw = False
170.0104 	EXP 	Target: autoDraw = False
170.0104 	EXP 	feedbackMsg: text = 'Correct Response!\n\nYou won $5.00!'
170.0104 	EXP 	feedbackMsg: autoDraw = True
170.1039 	DATA 	Keypress: 5
170.8888 	DATA 	Keypress: 5
171.6545 	DATA 	Keypress: 5
171.7194 	EXP 	New trial (rep=0, index=22): OrderedDict([('Condition', 'LgReward'), ('FixationDur', 1500)])
171.7435 	EXP 	feedbackMsg: autoDraw = False
171.7435 	EXP 	feedbackMsg: autoDraw = False
171.7435 	EXP 	cueImage: image = 'images/WinBig.bmp'
171.7435 	EXP 	cueImage: autoDraw = True
172.4371 	DATA 	Keypress: 5
173.2210 	DATA 	Keypress: 5
173.7770 	EXP 	cueImage: autoDraw = False
173.7770 	EXP 	fixation: autoDraw = True
173.9874 	DATA 	Keypress: 5
174.7712 	DATA 	Keypress: 5
175.3269 	EXP 	fixation: autoDraw = False
175.3269 	EXP 	fixation: autoDraw = False
175.3269 	EXP 	Target: image = 'images/WinProbe.bmp'
175.3269 	EXP 	Target: autoDraw = True
175.5555 	DATA 	Keypress: 1
175.5580 	DATA 	Keypress: 5
175.6276 	EXP 	Target: autoDraw = False
175.6276 	EXP 	Target: autoDraw = False
175.6276 	EXP 	feedbackMsg: text = 'Correct Response!\n\nYou won $5.00!'
175.6276 	EXP 	feedbackMsg: autoDraw = True
176.3226 	DATA 	Keypress: 5
177.1039 	DATA 	Keypress: 5
177.3531 	EXP 	New trial (rep=0, index=23): OrderedDict([('Condition', 'Triangle'), ('FixationDur', 1500)])
177.3679 	EXP 	feedbackMsg: autoDraw = False
177.3679 	EXP 	feedbackMsg: autoDraw = False
177.3679 	EXP 	cueImage: image = 'images/Neutral.bmp'
177.3679 	EXP 	cueImage: autoDraw = True
177.8878 	DATA 	Keypress: 5
178.6722 	DATA 	Keypress: 5
179.3953 	EXP 	cueImage: autoDraw = False
179.3953 	EXP 	cueImage: autoDraw = False
179.3953 	EXP 	fixation: autoDraw = True
179.4380 	DATA 	Keypress: 5
180.2229 	DATA 	Keypress: 5
180.9286 	EXP 	fixation: autoDraw = False
180.9286 	EXP 	fixation: autoDraw = False
180.9286 	EXP 	Target: image = 'images/NeutralProbe.bmp'
180.9286 	EXP 	Target: autoDraw = True
181.0059 	DATA 	Keypress: 5
181.2185 	EXP 	Target: autoDraw = False
181.2185 	EXP 	Target: autoDraw = False
181.2185 	EXP 	feedbackMsg: text = 'You pressed too slow!\n\nYou did not win or lose anything!'
181.2185 	EXP 	feedbackMsg: autoDraw = True
181.2718 	DATA 	Keypress: 1
181.7706 	DATA 	Keypress: 5
182.5561 	DATA 	Keypress: 5
182.9534 	EXP 	New trial (rep=0, index=24): OrderedDict([('Condition', 'SmallReward'), ('FixationDur', 3500)])
182.9795 	EXP 	feedbackMsg: autoDraw = False
182.9795 	EXP 	feedbackMsg: autoDraw = False
182.9795 	EXP 	cueImage: image = 'images/WinSmall.bmp'
182.9795 	EXP 	cueImage: autoDraw = True
183.3390 	DATA 	Keypress: 5
184.1036 	DATA 	Keypress: 5
184.8890 	DATA 	Keypress: 5
185.0126 	EXP 	cueImage: autoDraw = False
185.0126 	EXP 	fixation: autoDraw = True
185.6711 	DATA 	Keypress: 5
186.4378 	DATA 	Keypress: 5
187.2234 	DATA 	Keypress: 5
188.0058 	DATA 	Keypress: 5
188.5619 	EXP 	fixation: autoDraw = False
188.5619 	EXP 	fixation: autoDraw = False
188.5619 	EXP 	Target: image = 'images/WinProbe.bmp'
188.5619 	EXP 	Target: autoDraw = True
188.7717 	DATA 	Keypress: 5
188.8473 	DATA 	Keypress: 1
188.8520 	EXP 	Target: autoDraw = False
188.8520 	EXP 	Target: autoDraw = False
188.8520 	EXP 	feedbackMsg: text = 'You pressed too slow!\n\nYou did not win $0.20!'
188.8520 	EXP 	feedbackMsg: autoDraw = True
189.5566 	DATA 	Keypress: 5
190.3390 	DATA 	Keypress: 5
190.5874 	EXP 	New trial (rep=0, index=25): OrderedDict([('Condition', 'SmallPun'), ('FixationDur', 2000)])
190.6013 	EXP 	feedbackMsg: autoDraw = False
190.6013 	EXP 	feedbackMsg: autoDraw = False
190.6013 	EXP 	cueImage: image = 'images/LoseSmall.bmp'
190.6013 	EXP 	cueImage: autoDraw = True
191.1041 	DATA 	Keypress: 5
191.8889 	DATA 	Keypress: 5
192.6301 	EXP 	cueImage: autoDraw = False
192.6301 	EXP 	cueImage: autoDraw = False
192.6301 	EXP 	fixation: autoDraw = True
192.6735 	DATA 	Keypress: 5
193.4393 	DATA 	Keypress: 5
194.2231 	DATA 	Keypress: 5
194.6649 	EXP 	fixation: autoDraw = False
194.6649 	EXP 	fixation: autoDraw = False
194.6649 	EXP 	Target: image = 'images/LoseProbe.bmp'
194.6649 	EXP 	Target: autoDraw = True
194.8900 	DATA 	Keypress: 1
194.9518 	EXP 	Target: autoDraw = False
194.9518 	EXP 	Target: autoDraw = False
194.9518 	EXP 	feedbackMsg: text = 'Correct Response!\n\nYou did not lose $0.20!'
194.9518 	EXP 	feedbackMsg: autoDraw = True
195.0056 	DATA 	Keypress: 5
195.7721 	DATA 	Keypress: 5
196.5560 	DATA 	Keypress: 5
196.6877 	EXP 	New trial (rep=0, index=26): OrderedDict([('Condition', 'SmallReward'), ('FixationDur', 2500)])
196.7137 	EXP 	feedbackMsg: autoDraw = False
196.7137 	EXP 	feedbackMsg: autoDraw = False
196.7137 	EXP 	cueImage: image = 'images/WinSmall.bmp'
196.7137 	EXP 	cueImage: autoDraw = True
197.3399 	DATA 	Keypress: 5
198.1056 	DATA 	Keypress: 5
198.7479 	EXP 	cueImage: autoDraw = False
198.7479 	EXP 	fixation: autoDraw = True
198.8891 	DATA 	Keypress: 5
199.6737 	DATA 	Keypress: 5
200.4575 	DATA 	Keypress: 5
200.9050 	DATA 	Keypress: 1
201.2221 	DATA 	Keypress: 5
201.2978 	EXP 	fixation: autoDraw = False
201.2978 	EXP 	fixation: autoDraw = False
201.2978 	EXP 	Target: image = 'images/WinProbe.bmp'
201.2978 	EXP 	Target: autoDraw = True
201.5977 	EXP 	Target: autoDraw = False
201.5977 	EXP 	Target: autoDraw = False
201.5977 	EXP 	feedbackMsg: text = 'You pressed too soon!\n\nYou did not win $0.20!'
201.5977 	EXP 	feedbackMsg: autoDraw = True
201.6230 	DATA 	Keypress: 1
202.0073 	DATA 	Keypress: 5
202.7909 	DATA 	Keypress: 5
203.3371 	EXP 	New trial (rep=0, index=27): OrderedDict([('Condition', 'SmallPun'), ('FixationDur', 2500)])
203.3534 	EXP 	feedbackMsg: autoDraw = False
203.3534 	EXP 	feedbackMsg: autoDraw = False
203.3534 	EXP 	cueImage: image = 'images/LoseSmall.bmp'
203.3534 	EXP 	cueImage: autoDraw = True
203.5553 	DATA 	Keypress: 5
204.3394 	DATA 	Keypress: 5
205.1241 	DATA 	Keypress: 5
205.3814 	EXP 	cueImage: autoDraw = False
205.3814 	EXP 	cueImage: autoDraw = False
205.3814 	EXP 	fixation: autoDraw = True
205.8875 	DATA 	Keypress: 5
206.6746 	DATA 	Keypress: 5
207.4579 	DATA 	Keypress: 5
207.9152 	EXP 	fixation: autoDraw = False
207.9152 	EXP 	fixation: autoDraw = False
207.9152 	EXP 	Target: image = 'images/LoseProbe.bmp'
207.9152 	EXP 	Target: autoDraw = True
208.2180 	DATA 	Keypress: 1
208.2199 	DATA 	Keypress: 5
208.2314 	EXP 	Target: autoDraw = False
208.2314 	EXP 	Target: autoDraw = False
208.2314 	EXP 	feedbackMsg: text = 'You pressed too slow!\n\nYou lost $0.20!'
208.2314 	EXP 	feedbackMsg: autoDraw = True
209.0065 	DATA 	Keypress: 5
209.7917 	DATA 	Keypress: 5
209.9392 	EXP 	New trial (rep=0, index=28): OrderedDict([('Condition', 'Triangle'), ('FixationDur', 4000)])
209.9533 	EXP 	feedbackMsg: autoDraw = False
209.9533 	EXP 	feedbackMsg: autoDraw = False
209.9533 	EXP 	cueImage: image = 'images/Neutral.bmp'
209.9533 	EXP 	cueImage: autoDraw = True
210.5554 	DATA 	Keypress: 5
211.3395 	DATA 	Keypress: 5
211.9826 	EXP 	cueImage: autoDraw = False
211.9826 	EXP 	cueImage: autoDraw = False
211.9826 	EXP 	fixation: autoDraw = True
212.1249 	DATA 	Keypress: 5
212.8898 	DATA 	Keypress: 5
213.6740 	DATA 	Keypress: 5
214.4581 	DATA 	Keypress: 5
215.2241 	DATA 	Keypress: 5
216.0081 	DATA 	Keypress: 5
216.0150 	EXP 	fixation: autoDraw = False
216.0150 	EXP 	fixation: autoDraw = False
216.0150 	EXP 	Target: image = 'images/NeutralProbe.bmp'
216.0150 	EXP 	Target: autoDraw = True
216.3198 	EXP 	Target: autoDraw = False
216.3198 	EXP 	Target: autoDraw = False
216.3198 	EXP 	feedbackMsg: text = 'You pressed too slow!\n\nYou did not win or lose anything!'
216.3198 	EXP 	feedbackMsg: autoDraw = True
216.4737 	DATA 	Keypress: 1
216.7899 	DATA 	Keypress: 5
217.5575 	DATA 	Keypress: 5
218.0385 	EXP 	New trial (rep=0, index=29): OrderedDict([('Condition', 'LgPun'), ('FixationDur', 3500)])
218.0544 	EXP 	feedbackMsg: autoDraw = False
218.0544 	EXP 	feedbackMsg: autoDraw = False
218.0544 	EXP 	cueImage: image = 'images/LoseBig.bmp'
218.0544 	EXP 	cueImage: autoDraw = True
218.3397 	DATA 	Keypress: 5
219.1233 	DATA 	Keypress: 5
219.8904 	DATA 	Keypress: 5
220.0837 	EXP 	cueImage: autoDraw = False
220.0837 	EXP 	cueImage: autoDraw = False
220.0837 	EXP 	fixation: autoDraw = True
220.6695 	DATA 	Keypress: 5
221.4543 	DATA 	Keypress: 5
222.2247 	DATA 	Keypress: 5
223.0070 	DATA 	Keypress: 5
223.6164 	EXP 	fixation: autoDraw = False
223.6164 	EXP 	fixation: autoDraw = False
223.6164 	EXP 	Target: image = 'images/LoseProbe.bmp'
223.6164 	EXP 	Target: autoDraw = True
223.7871 	DATA 	Keypress: 5
223.9109 	DATA 	Keypress: 1
223.9166 	EXP 	Target: autoDraw = False
223.9166 	EXP 	Target: autoDraw = False
223.9166 	EXP 	feedbackMsg: text = 'You pressed too slow!\n\nYou lost $5.00!'
223.9166 	EXP 	feedbackMsg: autoDraw = True
224.5756 	DATA 	Keypress: 5
225.3397 	DATA 	Keypress: 5
225.6385 	EXP 	New trial (rep=0, index=30): OrderedDict([('Condition', 'Triangle'), ('FixationDur', 1500)])
225.6548 	EXP 	feedbackMsg: autoDraw = False
225.6548 	EXP 	feedbackMsg: autoDraw = False
225.6548 	EXP 	cueImage: image = 'images/Neutral.bmp'
225.6548 	EXP 	cueImage: autoDraw = True
226.1228 	DATA 	Keypress: 5
226.9083 	DATA 	Keypress: 5
227.6756 	DATA 	Keypress: 5
227.6846 	EXP 	cueImage: autoDraw = False
227.6846 	EXP 	cueImage: autoDraw = False
227.6846 	EXP 	fixation: autoDraw = True
228.4537 	DATA 	Keypress: 5
229.2175 	EXP 	fixation: autoDraw = False
229.2175 	EXP 	fixation: autoDraw = False
229.2175 	EXP 	Target: image = 'images/NeutralProbe.bmp'
229.2175 	EXP 	Target: autoDraw = True
229.2386 	DATA 	Keypress: 5
229.5177 	EXP 	Target: autoDraw = False
229.5177 	EXP 	Target: autoDraw = False
229.5177 	EXP 	feedbackMsg: text = 'You pressed too slow!\n\nYou did not win or lose anything!'
229.5177 	EXP 	feedbackMsg: autoDraw = True
229.5560 	DATA 	Keypress: 1
230.0217 	DATA 	Keypress: 5
230.7906 	DATA 	Keypress: 5
231.2387 	EXP 	New trial (rep=0, index=31): OrderedDict([('Condition', 'LgReward'), ('FixationDur', 3000)])
231.2672 	EXP 	feedbackMsg: autoDraw = False
231.2672 	EXP 	feedbackMsg: autoDraw = False
231.2672 	EXP 	cueImage: image = 'images/WinBig.bmp'
231.2672 	EXP 	cueImage: autoDraw = True
231.5740 	DATA 	Keypress: 5
232.3412 	DATA 	Keypress: 5
233.1237 	DATA 	Keypress: 5
233.3023 	EXP 	cueImage: autoDraw = False
233.3023 	EXP 	fixation: autoDraw = True
233.9053 	DATA 	Keypress: 5
234.6889 	DATA 	Keypress: 5
235.2215 	DATA 	Keypress: 1
235.4548 	DATA 	Keypress: 5
236.2396 	DATA 	Keypress: 5
236.3510 	EXP 	fixation: autoDraw = False
236.3510 	EXP 	fixation: autoDraw = False
236.3510 	EXP 	Target: image = 'images/WinProbe.bmp'
236.3510 	EXP 	Target: autoDraw = True
236.5735 	DATA 	Keypress: 1
236.6551 	EXP 	Target: autoDraw = False
236.6551 	EXP 	Target: autoDraw = False
236.6551 	EXP 	feedbackMsg: text = 'You pressed too soon!\n\nYou won $5.00!'
236.6551 	EXP 	feedbackMsg: autoDraw = True
237.0079 	DATA 	Keypress: 5
237.7912 	DATA 	Keypress: 5
238.3737 	EXP 	New trial (rep=0, index=32): OrderedDict([('Condition', 'Triangle'), ('FixationDur', 2500)])
238.3890 	EXP 	feedbackMsg: autoDraw = False
238.3890 	EXP 	feedbackMsg: autoDraw = False
238.3890 	EXP 	cueImage: image = 'images/Neutral.bmp'
238.3890 	EXP 	cueImage: autoDraw = True
238.5759 	DATA 	Keypress: 5
239.3413 	DATA 	Keypress: 5
240.1249 	DATA 	Keypress: 5
240.4193 	EXP 	cueImage: autoDraw = False
240.4193 	EXP 	cueImage: autoDraw = False
240.4193 	EXP 	fixation: autoDraw = True
240.9050 	DATA 	Keypress: 5
241.6905 	DATA 	Keypress: 5
242.4556 	DATA 	Keypress: 5
242.9523 	EXP 	fixation: autoDraw = False
242.9523 	EXP 	fixation: autoDraw = False
242.9523 	EXP 	Target: image = 'images/NeutralProbe.bmp'
242.9523 	EXP 	Target: autoDraw = True
243.2399 	DATA 	Keypress: 5
243.2418 	DATA 	Keypress: 1
243.3036 	EXP 	Target: autoDraw = False
243.3036 	EXP 	Target: autoDraw = False
243.3036 	EXP 	feedbackMsg: text = 'You pressed too slow!\n\nYou did not win or lose anything!'
243.3036 	EXP 	feedbackMsg: autoDraw = True
244.0097 	DATA 	Keypress: 5
244.3930 	DATA 	Keypress: 1
244.7920 	DATA 	Keypress: 5
244.9911 	EXP 	New trial (rep=0, index=33): OrderedDict([('Condition', 'Triangle'), ('FixationDur', 2000)])
245.0052 	EXP 	feedbackMsg: autoDraw = False
245.0052 	EXP 	feedbackMsg: autoDraw = False
245.0052 	EXP 	cueImage: image = 'images/Neutral.bmp'
245.0052 	EXP 	cueImage: autoDraw = True
245.5760 	DATA 	Keypress: 5
246.0601 	DATA 	Keypress: 1
246.3599 	DATA 	Keypress: 5
247.0370 	EXP 	cueImage: autoDraw = False
247.0370 	EXP 	cueImage: autoDraw = False
247.0370 	EXP 	fixation: autoDraw = True
247.1229 	DATA 	Keypress: 5
247.9104 	DATA 	Keypress: 5
248.6938 	DATA 	Keypress: 5
249.0694 	EXP 	fixation: autoDraw = False
249.0694 	EXP 	fixation: autoDraw = False
249.0694 	EXP 	Target: image = 'images/NeutralProbe.bmp'
249.0694 	EXP 	Target: autoDraw = True
249.2904 	DATA 	Keypress: 1
249.4371 	EXP 	Target: autoDraw = False
249.4371 	EXP 	Target: autoDraw = False
249.4371 	EXP 	feedbackMsg: text = 'Correct Response!\n\nYou did not win or lose anything!'
249.4371 	EXP 	feedbackMsg: autoDraw = True
249.4566 	DATA 	Keypress: 5
250.2423 	DATA 	Keypress: 5
251.0275 	DATA 	Keypress: 5
251.1069 	EXP 	New trial (rep=0, index=34): OrderedDict([('Condition', 'SmallReward'), ('FixationDur', 1500)])
251.1371 	EXP 	feedbackMsg: autoDraw = False
251.1371 	EXP 	feedbackMsg: autoDraw = False
251.1371 	EXP 	cueImage: image = 'images/WinSmall.bmp'
251.1371 	EXP 	cueImage: autoDraw = True
251.7920 	DATA 	Keypress: 5
252.5759 	DATA 	Keypress: 5
253.1716 	EXP 	cueImage: autoDraw = False
253.1716 	EXP 	fixation: autoDraw = True
253.3607 	DATA 	Keypress: 5
253.4593 	DATA 	Keypress: 1
254.1264 	DATA 	Keypress: 5
254.4612 	DATA 	Keypress: 1
254.7210 	EXP 	fixation: autoDraw = False
254.7210 	EXP 	fixation: autoDraw = False
254.7210 	EXP 	Target: image = 'images/WinProbe.bmp'
254.7210 	EXP 	Target: autoDraw = True
254.9095 	DATA 	Keypress: 5
255.0709 	EXP 	Target: autoDraw = False
255.0709 	EXP 	Target: autoDraw = False
255.0709 	EXP 	feedbackMsg: text = 'You pressed too soon!\n\nYou did not win $0.20!'
255.0709 	EXP 	feedbackMsg: autoDraw = True
255.1940 	DATA 	Keypress: 1
255.6943 	DATA 	Keypress: 5
256.4601 	DATA 	Keypress: 5
256.7570 	EXP 	New trial (rep=0, index=35): OrderedDict([('Condition', 'LgPun'), ('FixationDur', 2000)])
256.7727 	EXP 	feedbackMsg: autoDraw = False
256.7727 	EXP 	feedbackMsg: autoDraw = False
256.7727 	EXP 	cueImage: image = 'images/LoseBig.bmp'
256.7727 	EXP 	cueImage: autoDraw = True
257.2425 	DATA 	Keypress: 5
258.0273 	DATA 	Keypress: 5
258.7937 	DATA 	Keypress: 5
258.8049 	EXP 	cueImage: autoDraw = False
258.8049 	EXP 	cueImage: autoDraw = False
258.8049 	EXP 	fixation: autoDraw = True
259.5763 	DATA 	Keypress: 5
260.3609 	DATA 	Keypress: 5
260.8385 	EXP 	fixation: autoDraw = False
260.8385 	EXP 	fixation: autoDraw = False
260.8385 	EXP 	Target: image = 'images/LoseProbe.bmp'
260.8385 	EXP 	Target: autoDraw = True
261.0934 	DATA 	Keypress: 1
261.1269 	DATA 	Keypress: 5
261.1889 	EXP 	Target: autoDraw = False
261.1889 	EXP 	Target: autoDraw = False
261.1889 	EXP 	feedbackMsg: text = 'Correct Response!\n\nYou did not lose $5.00!'
261.1889 	EXP 	feedbackMsg: autoDraw = True
261.9099 	DATA 	Keypress: 5
262.6939 	DATA 	Keypress: 5
262.8755 	EXP 	New trial (rep=0, index=36): OrderedDict([('Condition', 'SmallReward'), ('FixationDur', 3000)])
262.9055 	EXP 	feedbackMsg: autoDraw = False
262.9055 	EXP 	feedbackMsg: autoDraw = False
262.9055 	EXP 	cueImage: image = 'images/WinSmall.bmp'
262.9055 	EXP 	cueImage: autoDraw = True
263.4767 	DATA 	Keypress: 5
264.2426 	DATA 	Keypress: 5
264.9391 	EXP 	cueImage: autoDraw = False
264.9391 	EXP 	fixation: autoDraw = True
265.0269 	DATA 	Keypress: 5
265.8110 	DATA 	Keypress: 5
266.5770 	DATA 	Keypress: 5
267.3616 	DATA 	Keypress: 5
267.9890 	EXP 	fixation: autoDraw = False
267.9890 	EXP 	fixation: autoDraw = False
267.9890 	EXP 	Target: image = 'images/WinProbe.bmp'
267.9890 	EXP 	Target: autoDraw = True
268.1448 	DATA 	Keypress: 5
268.3252 	DATA 	Keypress: 1
268.3400 	EXP 	Target: autoDraw = False
268.3400 	EXP 	Target: autoDraw = False
268.3400 	EXP 	feedbackMsg: text = 'You pressed too slow!\n\nYou did not win $0.20!'
268.3400 	EXP 	feedbackMsg: autoDraw = True
268.9096 	DATA 	Keypress: 5
269.6948 	DATA 	Keypress: 5
270.0090 	EXP 	New trial (rep=0, index=37): OrderedDict([('Condition', 'LgReward'), ('FixationDur', 3500)])
270.0392 	EXP 	feedbackMsg: autoDraw = False
270.0392 	EXP 	feedbackMsg: autoDraw = False
270.0392 	EXP 	cueImage: image = 'images/WinBig.bmp'
270.0392 	EXP 	cueImage: autoDraw = True
270.4781 	DATA 	Keypress: 5
271.2424 	DATA 	Keypress: 5
272.0600 	DATA 	Keypress: 5
272.0735 	EXP 	cueImage: autoDraw = False
272.0735 	EXP 	fixation: autoDraw = True
272.8125 	DATA 	Keypress: 5
273.5779 	DATA 	Keypress: 5
274.3604 	DATA 	Keypress: 5
275.1456 	DATA 	Keypress: 5
275.6233 	EXP 	fixation: autoDraw = False
275.6233 	EXP 	fixation: autoDraw = False
275.6233 	EXP 	Target: image = 'images/WinProbe.bmp'
275.6233 	EXP 	Target: autoDraw = True
275.9112 	DATA 	Keypress: 1
275.9132 	DATA 	Keypress: 5
276.0064 	EXP 	Target: autoDraw = False
276.0064 	EXP 	Target: autoDraw = False
276.0064 	EXP 	feedbackMsg: text = 'Correct Response!\n\nYou won $5.00!'
276.0064 	EXP 	feedbackMsg: autoDraw = True
276.6945 	DATA 	Keypress: 5
277.4784 	DATA 	Keypress: 5
277.6431 	EXP 	New trial (rep=0, index=38): OrderedDict([('Condition', 'SmallPun'), ('FixationDur', 2000)])
277.6584 	EXP 	feedbackMsg: autoDraw = False
277.6584 	EXP 	feedbackMsg: autoDraw = False
277.6584 	EXP 	cueImage: image = 'images/LoseSmall.bmp'
277.6584 	EXP 	cueImage: autoDraw = True
278.2439 	DATA 	Keypress: 5
279.0275 	DATA 	Keypress: 5
279.6920 	EXP 	cueImage: autoDraw = False
279.6920 	EXP 	cueImage: autoDraw = False
279.6920 	EXP 	fixation: autoDraw = True
279.8123 	DATA 	Keypress: 5
280.5780 	DATA 	Keypress: 5
281.3612 	DATA 	Keypress: 5
281.7250 	EXP 	fixation: autoDraw = False
281.7250 	EXP 	fixation: autoDraw = False
281.7250 	EXP 	Target: image = 'images/LoseProbe.bmp'
281.7250 	EXP 	Target: autoDraw = True
282.0291 	DATA 	Keypress: 1
282.1086 	EXP 	Target: autoDraw = False
282.1086 	EXP 	Target: autoDraw = False
282.1086 	EXP 	feedbackMsg: text = 'Correct Response!\n\nYou did not lose $0.20!'
282.1086 	EXP 	feedbackMsg: autoDraw = True
282.1454 	DATA 	Keypress: 5
282.9117 	DATA 	Keypress: 5
283.6937 	DATA 	Keypress: 5
283.7439 	EXP 	New trial (rep=0, index=39): OrderedDict([('Condition', 'SmallReward'), ('FixationDur', 4000)])
283.7747 	EXP 	feedbackMsg: autoDraw = False
283.7747 	EXP 	feedbackMsg: autoDraw = False
283.7747 	EXP 	cueImage: image = 'images/WinSmall.bmp'
283.7747 	EXP 	cueImage: autoDraw = True
284.4791 	DATA 	Keypress: 5
285.2613 	DATA 	Keypress: 5
285.8089 	EXP 	cueImage: autoDraw = False
285.8089 	EXP 	fixation: autoDraw = True
286.0276 	DATA 	Keypress: 5
286.8124 	DATA 	Keypress: 5
287.5964 	DATA 	Keypress: 5
288.3620 	DATA 	Keypress: 5
289.1464 	DATA 	Keypress: 5
289.8582 	EXP 	fixation: autoDraw = False
289.8582 	EXP 	fixation: autoDraw = False
289.8582 	EXP 	Target: image = 'images/WinProbe.bmp'
289.8582 	EXP 	Target: autoDraw = True
289.9293 	DATA 	Keypress: 5
290.1461 	DATA 	Keypress: 1
290.2420 	EXP 	Target: autoDraw = False
290.2420 	EXP 	Target: autoDraw = False
290.2420 	EXP 	feedbackMsg: text = 'Correct Response!\n\nYou won $0.20!'
290.2420 	EXP 	feedbackMsg: autoDraw = True
290.6943 	DATA 	Keypress: 5
291.4792 	DATA 	Keypress: 5
291.8772 	EXP 	New trial (rep=0, index=40): OrderedDict([('Condition', 'SmallPun'), ('FixationDur', 1500)])
291.8920 	EXP 	feedbackMsg: autoDraw = False
291.8920 	EXP 	feedbackMsg: autoDraw = False
291.8920 	EXP 	cueImage: image = 'images/LoseSmall.bmp'
291.8920 	EXP 	cueImage: autoDraw = True
292.2627 	DATA 	Keypress: 5
293.0273 	DATA 	Keypress: 5
293.8130 	DATA 	Keypress: 5
293.9259 	EXP 	cueImage: autoDraw = False
293.9259 	EXP 	cueImage: autoDraw = False
293.9259 	EXP 	fixation: autoDraw = True
294.5956 	DATA 	Keypress: 5
295.3623 	DATA 	Keypress: 5
295.4587 	EXP 	fixation: autoDraw = False
295.4587 	EXP 	fixation: autoDraw = False
295.4587 	EXP 	Target: image = 'images/LoseProbe.bmp'
295.4587 	EXP 	Target: autoDraw = True
295.7445 	DATA 	Keypress: 1
295.8261 	EXP 	Target: autoDraw = False
295.8261 	EXP 	Target: autoDraw = False
295.8261 	EXP 	feedbackMsg: text = 'Correct Response!\n\nYou did not lose $0.20!'
295.8261 	EXP 	feedbackMsg: autoDraw = True
296.1448 	DATA 	Keypress: 5
296.9308 	DATA 	Keypress: 5
297.4945 	EXP 	New trial (rep=0, index=41): OrderedDict([('Condition', 'SmallReward'), ('FixationDur', 2000)])
297.5247 	EXP 	feedbackMsg: autoDraw = False
297.5247 	EXP 	feedbackMsg: autoDraw = False
297.5247 	EXP 	cueImage: image = 'images/WinSmall.bmp'
297.5247 	EXP 	cueImage: autoDraw = True
297.6954 	DATA 	Keypress: 5
298.4785 	DATA 	Keypress: 5
299.2635 	DATA 	Keypress: 5
299.5592 	EXP 	cueImage: autoDraw = False
299.5592 	EXP 	fixation: autoDraw = True
300.0292 	DATA 	Keypress: 5
300.8121 	DATA 	Keypress: 5
301.5950 	DATA 	Keypress: 5
301.6091 	EXP 	fixation: autoDraw = False
301.6091 	EXP 	fixation: autoDraw = False
301.6091 	EXP 	Target: image = 'images/WinProbe.bmp'
301.6091 	EXP 	Target: autoDraw = True
301.8795 	DATA 	Keypress: 1
301.9764 	EXP 	Target: autoDraw = False
301.9764 	EXP 	Target: autoDraw = False
301.9764 	EXP 	feedbackMsg: text = 'Correct Response!\n\nYou won $0.20!'
301.9764 	EXP 	feedbackMsg: autoDraw = True
302.3627 	DATA 	Keypress: 5
303.1460 	DATA 	Keypress: 5
303.6280 	EXP 	New trial (rep=0, index=42): OrderedDict([('Condition', 'SmallReward'), ('FixationDur', 1500)])
303.6594 	EXP 	feedbackMsg: autoDraw = False
303.6594 	EXP 	feedbackMsg: autoDraw = False
303.6594 	EXP 	cueImage: image = 'images/WinSmall.bmp'
303.6594 	EXP 	cueImage: autoDraw = True
303.9304 	DATA 	Keypress: 5
304.7130 	DATA 	Keypress: 5
305.4784 	DATA 	Keypress: 5
305.6923 	EXP 	cueImage: autoDraw = False
305.6923 	EXP 	fixation: autoDraw = True
306.2631 	DATA 	Keypress: 5
307.0477 	DATA 	Keypress: 5
307.2428 	EXP 	fixation: autoDraw = False
307.2428 	EXP 	fixation: autoDraw = False
307.2428 	EXP 	Target: image = 'images/WinProbe.bmp'
307.2428 	EXP 	Target: autoDraw = True
307.6097 	EXP 	Target: autoDraw = False
307.6097 	EXP 	Target: autoDraw = False
307.6097 	EXP 	feedbackMsg: text = 'You pressed too slow!\n\nYou did not win $0.20!'
307.6097 	EXP 	feedbackMsg: autoDraw = True
307.7453 	DATA 	Keypress: 1
307.8125 	DATA 	Keypress: 5
308.5980 	DATA 	Keypress: 5
309.2620 	EXP 	New trial (rep=0, index=43): OrderedDict([('Condition', 'SmallPun'), ('FixationDur', 1500)])
309.2764 	EXP 	feedbackMsg: autoDraw = False
309.2764 	EXP 	feedbackMsg: autoDraw = False
309.2764 	EXP 	cueImage: image = 'images/LoseSmall.bmp'
309.2764 	EXP 	cueImage: autoDraw = True
309.3796 	DATA 	Keypress: 5
310.1452 	DATA 	Keypress: 5
310.9310 	DATA 	Keypress: 5
311.3103 	EXP 	cueImage: autoDraw = False
311.3103 	EXP 	cueImage: autoDraw = False
311.3103 	EXP 	fixation: autoDraw = True
311.7143 	DATA 	Keypress: 5
312.4790 	DATA 	Keypress: 5
312.8433 	EXP 	fixation: autoDraw = False
312.8433 	EXP 	fixation: autoDraw = False
312.8433 	EXP 	Target: image = 'images/LoseProbe.bmp'
312.8433 	EXP 	Target: autoDraw = True
313.1132 	DATA 	Keypress: 1
313.1765 	EXP 	Target: autoDraw = False
313.1765 	EXP 	Target: autoDraw = False
313.1765 	EXP 	feedbackMsg: text = 'Correct Response!\n\nYou did not lose $0.20!'
313.1765 	EXP 	feedbackMsg: autoDraw = True
313.2633 	DATA 	Keypress: 5
314.0471 	DATA 	Keypress: 5
314.8131 	DATA 	Keypress: 5
314.8624 	EXP 	New trial (rep=0, index=44): OrderedDict([('Condition', 'SmallPun'), ('FixationDur', 1500)])
314.8768 	EXP 	feedbackMsg: autoDraw = False
314.8768 	EXP 	feedbackMsg: autoDraw = False
314.8768 	EXP 	cueImage: image = 'images/LoseSmall.bmp'
314.8768 	EXP 	cueImage: autoDraw = True
315.5958 	DATA 	Keypress: 5
316.3812 	DATA 	Keypress: 5
316.9110 	EXP 	cueImage: autoDraw = False
316.9110 	EXP 	cueImage: autoDraw = False
316.9110 	EXP 	fixation: autoDraw = True
317.1464 	DATA 	Keypress: 5
317.9320 	DATA 	Keypress: 5
318.4439 	EXP 	fixation: autoDraw = False
318.4439 	EXP 	fixation: autoDraw = False
318.4439 	EXP 	Target: image = 'images/LoseProbe.bmp'
318.4439 	EXP 	Target: autoDraw = True
318.7136 	DATA 	Keypress: 5
318.7154 	DATA 	Keypress: 1
318.7767 	EXP 	Target: autoDraw = False
318.7767 	EXP 	Target: autoDraw = False
318.7767 	EXP 	feedbackMsg: text = 'Correct Response!\n\nYou did not lose $0.20!'
318.7767 	EXP 	feedbackMsg: autoDraw = True
319.4808 	DATA 	Keypress: 5
320.2631 	DATA 	Keypress: 5
320.4612 	EXP 	New trial (rep=0, index=45): OrderedDict([('Condition', 'LgReward'), ('FixationDur', 2000)])
320.4810 	EXP 	feedbackMsg: autoDraw = False
320.4810 	EXP 	feedbackMsg: autoDraw = False
320.4810 	EXP 	cueImage: image = 'images/WinBig.bmp'
320.4810 	EXP 	cueImage: autoDraw = True
321.0479 	DATA 	Keypress: 5
321.8132 	DATA 	Keypress: 5
322.5281 	EXP 	cueImage: autoDraw = False
322.5281 	EXP 	fixation: autoDraw = True
322.5981 	DATA 	Keypress: 5
323.3818 	DATA 	Keypress: 5
324.1477 	DATA 	Keypress: 5
324.5776 	EXP 	fixation: autoDraw = False
324.5776 	EXP 	fixation: autoDraw = False
324.5776 	EXP 	Target: image = 'images/WinProbe.bmp'
324.5776 	EXP 	Target: autoDraw = True
324.8304 	DATA 	Keypress: 1
324.9113 	EXP 	Target: autoDraw = False
324.9113 	EXP 	Target: autoDraw = False
324.9113 	EXP 	feedbackMsg: text = 'Correct Response!\n\nYou won $5.00!'
324.9113 	EXP 	feedbackMsg: autoDraw = True
324.9307 	DATA 	Keypress: 5
325.7163 	DATA 	Keypress: 5
326.4979 	DATA 	Keypress: 5
326.5961 	EXP 	New trial (rep=0, index=46): OrderedDict([('Condition', 'LgPun'), ('FixationDur', 4000)])
326.6110 	EXP 	feedbackMsg: autoDraw = False
326.6110 	EXP 	feedbackMsg: autoDraw = False
326.6110 	EXP 	cueImage: image = 'images/LoseBig.bmp'
326.6110 	EXP 	cueImage: autoDraw = True
327.2635 	DATA 	Keypress: 5
328.0479 	DATA 	Keypress: 5
328.6448 	EXP 	cueImage: autoDraw = False
328.6448 	EXP 	cueImage: autoDraw = False
328.6448 	EXP 	fixation: autoDraw = True
328.8322 	DATA 	Keypress: 5
329.5979 	DATA 	Keypress: 5
330.3814 	DATA 	Keypress: 5
331.1161 	DATA 	Keypress: 1
331.1658 	DATA 	Keypress: 5
331.9302 	DATA 	Keypress: 5
332.6782 	EXP 	fixation: autoDraw = False
332.6782 	EXP 	fixation: autoDraw = False
332.6782 	EXP 	Target: image = 'images/LoseProbe.bmp'
332.6782 	EXP 	Target: autoDraw = True
332.7153 	DATA 	Keypress: 5
332.9707 	DATA 	Keypress: 1
332.9786 	EXP 	Target: autoDraw = False
332.9786 	EXP 	Target: autoDraw = False
332.9786 	EXP 	feedbackMsg: text = 'You pressed too soon!\n\nYou lost $5.00!'
332.9786 	EXP 	feedbackMsg: autoDraw = True
333.4994 	DATA 	Keypress: 5
334.2648 	DATA 	Keypress: 5
334.6969 	EXP 	New trial (rep=0, index=47): OrderedDict([('Condition', 'SmallPun'), ('FixationDur', 3000)])
334.7113 	EXP 	feedbackMsg: autoDraw = False
334.7113 	EXP 	feedbackMsg: autoDraw = False
334.7113 	EXP 	cueImage: image = 'images/LoseSmall.bmp'
334.7113 	EXP 	cueImage: autoDraw = True
335.0482 	DATA 	Keypress: 5
335.8326 	DATA 	Keypress: 5
336.5974 	DATA 	Keypress: 5
336.7315 	EXP 	cueImage: autoDraw = False
336.7315 	EXP 	cueImage: autoDraw = False
336.7315 	EXP 	fixation: autoDraw = True
337.3820 	DATA 	Keypress: 5
338.1647 	DATA 	Keypress: 5
338.9319 	DATA 	Keypress: 5
339.7156 	DATA 	Keypress: 5
339.7781 	EXP 	fixation: autoDraw = False
339.7781 	EXP 	fixation: autoDraw = False
339.7781 	EXP 	Target: image = 'images/LoseProbe.bmp'
339.7781 	EXP 	Target: autoDraw = True
340.0752 	DATA 	Keypress: 1
340.0820 	EXP 	Target: autoDraw = False
340.0820 	EXP 	Target: autoDraw = False
340.0820 	EXP 	feedbackMsg: text = 'You pressed too slow!\n\nYou lost $0.20!'
340.0820 	EXP 	feedbackMsg: autoDraw = True
340.5002 	DATA 	Keypress: 5
341.2643 	DATA 	Keypress: 5
341.7963 	EXP 	New trial (rep=0, index=48): OrderedDict([('Condition', 'LgReward'), ('FixationDur', 2500)])
341.8282 	EXP 	feedbackMsg: autoDraw = False
341.8282 	EXP 	feedbackMsg: autoDraw = False
341.8282 	EXP 	cueImage: image = 'images/WinBig.bmp'
341.8282 	EXP 	cueImage: autoDraw = True
342.0491 	DATA 	Keypress: 5
342.8326 	DATA 	Keypress: 5
343.5988 	DATA 	Keypress: 5
343.8626 	EXP 	cueImage: autoDraw = False
343.8626 	EXP 	fixation: autoDraw = True
344.3824 	DATA 	Keypress: 5
345.1672 	DATA 	Keypress: 5
345.9323 	DATA 	Keypress: 5
346.4125 	EXP 	fixation: autoDraw = False
346.4125 	EXP 	fixation: autoDraw = False
346.4125 	EXP 	Target: image = 'images/WinProbe.bmp'
346.4125 	EXP 	Target: autoDraw = True
346.6503 	DATA 	Keypress: 1
346.7111 	DATA 	Keypress: 5
346.7170 	EXP 	Target: autoDraw = False
346.7170 	EXP 	Target: autoDraw = False
346.7170 	EXP 	feedbackMsg: text = 'Correct Response!\n\nYou won $5.00!'
346.7170 	EXP 	feedbackMsg: autoDraw = True
347.4995 	DATA 	Keypress: 5
348.2813 	DATA 	Keypress: 5
348.4303 	EXP 	New trial (rep=0, index=49): OrderedDict([('Condition', 'SmallPun'), ('FixationDur', 3500)])
348.4458 	EXP 	feedbackMsg: autoDraw = False
348.4458 	EXP 	feedbackMsg: autoDraw = False
348.4458 	EXP 	cueImage: image = 'images/LoseSmall.bmp'
348.4458 	EXP 	cueImage: autoDraw = True
349.0484 	DATA 	Keypress: 5
349.8336 	DATA 	Keypress: 5
350.4798 	EXP 	cueImage: autoDraw = False
350.4798 	EXP 	cueImage: autoDraw = False
350.4798 	EXP 	fixation: autoDraw = True
350.6163 	DATA 	Keypress: 5
351.3816 	DATA 	Keypress: 5
352.1678 	DATA 	Keypress: 5
352.9513 	DATA 	Keypress: 5
353.7150 	DATA 	Keypress: 5
354.0133 	EXP 	fixation: autoDraw = False
354.0133 	EXP 	fixation: autoDraw = False
354.0133 	EXP 	Target: image = 'images/LoseProbe.bmp'
354.0133 	EXP 	Target: autoDraw = True
354.2899 	DATA 	Keypress: 1
354.2956 	EXP 	Target: autoDraw = False
354.2956 	EXP 	Target: autoDraw = False
354.2956 	EXP 	feedbackMsg: text = 'You pressed too slow!\n\nYou lost $0.20!'
354.2956 	EXP 	feedbackMsg: autoDraw = True
354.4995 	DATA 	Keypress: 5
355.2835 	DATA 	Keypress: 5
356.0460 	EXP 	feedbackMsg: autoDraw = False
356.0460 	EXP 	feedbackMsg: autoDraw = False
356.0460 	EXP 	polygon: autoDraw = True
356.0492 	DATA 	Keypress: 5
356.8327 	DATA 	Keypress: 5
357.6180 	DATA 	Keypress: 5
358.3822 	DATA 	Keypress: 5
359.1678 	DATA 	Keypress: 5
361.0512 	EXP 	polygon: autoDraw = False
361.0512 	EXP 	polygon: autoDraw = False
361.0512 	EXP 	text: text = 'All done!\n\nYou earned a total of: $10.40!'
361.0512 	EXP 	text: autoDraw = True
364.0801 	EXP 	text: autoDraw = False
364.0801 	EXP 	text: autoDraw = False
364.0801 	EXP 	polygon2: autoDraw = True
371.0997 	DATA 	Keypress: 5
371.8661 	DATA 	Keypress: 5
372.6522 	DATA 	Keypress: 5
373.4354 	DATA 	Keypress: 5
375.5184 	DATA 	Keypress: escape
375.8196 	EXP 	window1: mouseVisible = True
