15.1496 	EXP 	Created window1 = Window(allowGUI=False, allowStencil=False, args=UNKNOWN, autoLog=True, bitsMode=UNKNOWN, blendMode='avg', color=array([0., 0., 0.]), colorSpace='rgb', fullscr=<method-wrapper '__getattribute__' of attributeSetter object at 0x134ebbbe0>, gamma=None, kwargs=UNKNOWN, lms=UNKNOWN, monitor=<psychopy.monitors.calibTools.Monitor object at 0x13510be80>, multiSample=False, name='window1', numSamples=2, pos=[0.0, 0.0], screen=0, size=array([1920, 1080]), stereo=False, units='height', useFBO=True, useRetina=False, viewOri=0.0, viewPos=None, viewScale=None, waitBlanking=True, winType='pyglet')
15.1497 	EXP 	window1: recordFrameIntervals = False
15.3152 	EXP 	window1: recordFrameIntervals = True
15.4984 	EXP 	window1: recordFrameIntervals = False
15.4985 	EXP 	window1: recordFrameIntervals = False
15.6648 	EXP 	window1: recordFrameIntervals = True
15.8474 	EXP 	window1: recordFrameIntervals = False
16.2982 	EXP 	Created preinstruct_text = TextStim(__class__=<class 'psychopy.visual.text.TextStim'>, alignHoriz='center', alignVert='center', antialias=True, autoLog=True, bold=False, color='white', colorSpace='named', contrast=1.0, depth=0.0, flipHoriz=False, flipVert=False, font='Arial', fontFiles=[], height=0.05, italic=False, languageStyle='LTR', name='preinstruct_text', opacity=1.0, ori=0, pos=array([0., 0.]), rgb=array([255., 255., 255.]), text='Money Task - Scanner 2', units='height', win=Window(...), wrapWidth=1)
16.3444 	EXP 	Created instructFig = ImageStim(__class__=<class 'psychopy.visual.image.ImageStim'>, autoLog=True, color=array([1., 1., 1.]), colorSpace='rgb', contrast=1.0, depth=0.0, flipHoriz=False, flipVert=False, image='images/MID_instructions.bmp', interpolate=True, mask=None, maskParams=None, name='instructFig', opacity=1.0, ori=0.0, pos=array([0., 0.]), size=array([1.3, 1. ]), texRes=128, units='height', win=Window(...))
16.3460 	EXP 	Created PrepFixation = ShapeStim(__class__=<class 'psychopy.visual.shape.ShapeStim'>, autoDraw=False, autoLog=True, closeShape=True, contrast=1.0, depth=0.0, fillColor=array([1., 1., 1.]), fillColorSpace='rgb', interpolate=True, lineColor=array([1., 1., 1.]), lineColorSpace='rgb', lineWidth=1, name='PrepFixation', opacity=1.0, ori=array(0.), pos=array([0., 0.]), size=array([0.05, 0.05]), units='height', vertices=ndarray(...), win=Window(...), windingRule=None)
16.3477 	EXP 	Created cueImage = ImageStim(__class__=<class 'psychopy.visual.image.ImageStim'>, autoLog=True, color=array([1., 1., 1.]), colorSpace='rgb', contrast=1.0, depth=0.0, flipHoriz=False, flipVert=False, image='sin', interpolate=True, mask=None, maskParams=None, name='cueImage', opacity=1.0, ori=0.0, pos=array([0., 0.]), size=array([1.3, 1. ]), texRes=128, units='height', win=Window(...))
16.3491 	EXP 	Created fixation = ShapeStim(__class__=<class 'psychopy.visual.shape.ShapeStim'>, autoDraw=False, autoLog=True, closeShape=True, contrast=1.0, depth=-1.0, fillColor=array([1., 1., 1.]), fillColorSpace='rgb', interpolate=True, lineColor=array([1., 1., 1.]), lineColorSpace='rgb', lineWidth=1, name='fixation', opacity=1.0, ori=array(0.), pos=array([0., 0.]), size=array([0.05, 0.05]), units='height', vertices=ndarray(...), win=Window(...), windingRule=None)
16.3507 	EXP 	Created Target = ImageStim(__class__=<class 'psychopy.visual.image.ImageStim'>, autoLog=True, color=array([1., 1., 1.]), colorSpace='rgb', contrast=1.0, depth=-1.0, flipHoriz=False, flipVert=False, image='sin', interpolate=True, mask=None, maskParams=None, name='Target', opacity=1.0, ori=0.0, pos=array([0., 0.]), size=array([1.3, 1. ]), texRes=128, units='height', win=Window(...))
16.3602 	EXP 	Created feedbackMsg = TextStim(__class__=<class 'psychopy.visual.text.TextStim'>, alignHoriz='center', alignVert='center', antialias=True, autoLog=True, bold=False, color='white', colorSpace='named', contrast=1.0, depth=-2.0, flipHoriz=False, flipVert=False, font='Arial', fontFiles=[], height=0.05, italic=False, languageStyle='LTR', name='feedbackMsg', opacity=1.0, ori=0, pos=array([0., 0.]), rgb=array([255., 255., 255.]), text='default text', units='height', win=Window(...), wrapWidth=2)
16.3618 	EXP 	Created polygon = ShapeStim(__class__=<class 'psychopy.visual.shape.ShapeStim'>, autoDraw=False, autoLog=True, closeShape=True, contrast=1.0, depth=0.0, fillColor=array([1., 1., 1.]), fillColorSpace='rgb', interpolate=True, lineColor=array([1., 1., 1.]), lineColorSpace='rgb', lineWidth=1, name='polygon', opacity=1.0, ori=array(0.), pos=array([0., 0.]), size=array([0.05, 0.05]), units='height', vertices=ndarray(...), win=Window(...), windingRule=None)
16.3691 	EXP 	Created text = TextStim(__class__=<class 'psychopy.visual.text.TextStim'>, alignHoriz='center', alignVert='center', antialias=True, autoLog=True, bold=False, color='white', colorSpace='named', contrast=1.0, depth=-1.0, flipHoriz=False, flipVert=False, font='Arial', fontFiles=[], height=0.07, italic=False, languageStyle='LTR', name='text', opacity=1.0, ori=0, pos=array([0., 0.]), rgb=array([255., 255., 255.]), text='default text', units='height', win=Window(...), wrapWidth=1)
16.3707 	EXP 	Created polygon2 = ShapeStim(__class__=<class 'psychopy.visual.shape.ShapeStim'>, autoDraw=False, autoLog=True, closeShape=True, contrast=1.0, depth=0.0, fillColor=array([1., 1., 1.]), fillColorSpace='rgb', interpolate=True, lineColor=array([1., 1., 1.]), lineColorSpace='rgb', lineWidth=1, name='polygon2', opacity=1.0, ori=array(0.), pos=array([0., 0.]), size=array([0.05, 0.05]), units='height', vertices=ndarray(...), win=Window(...), windingRule=None)
16.3812 	EXP 	preinstruct_text: autoDraw = True
18.4221 	EXP 	preinstruct_text: autoDraw = False
18.4221 	EXP 	instructFig: autoDraw = True
38.0310 	DATA 	Keypress: 5
38.0415 	EXP 	instructFig: autoDraw = False
38.0415 	EXP 	PrepFixation: autoDraw = True
38.8039 	DATA 	Keypress: 5
39.5867 	DATA 	Keypress: 5
40.0227 	EXP 	Imported TimeVersion5.csv as conditions, 50 conditions, 2 params
40.0230 	EXP 	Created sequence: sequential, trialTypes=50, nReps=1, seed=None
40.0232 	EXP 	New trial (rep=0, index=0): OrderedDict([('Condition', 'SmallPun'), ('FixationDur', 2000)])
40.0406 	EXP 	PrepFixation: autoDraw = False
40.0406 	EXP 	PrepFixation: autoDraw = False
40.0406 	EXP 	cueImage: image = 'images/LoseSmall.bmp'
40.0406 	EXP 	cueImage: autoDraw = True
40.3513 	DATA 	Keypress: 5
41.1369 	DATA 	Keypress: 5
41.9203 	DATA 	Keypress: 5
42.0752 	EXP 	cueImage: autoDraw = False
42.0752 	EXP 	fixation: autoDraw = True
42.6849 	DATA 	Keypress: 5
43.4706 	DATA 	Keypress: 5
44.1163 	EXP 	fixation: autoDraw = False
44.1163 	EXP 	fixation: autoDraw = False
44.1163 	EXP 	Target: image = 'images/LoseProbe.bmp'
44.1163 	EXP 	Target: autoDraw = True
44.2542 	DATA 	Keypress: 5
44.4243 	DATA 	Keypress: 1
44.4333 	EXP 	Target: autoDraw = False
44.4333 	EXP 	Target: autoDraw = False
44.4333 	EXP 	feedbackMsg: text = 'You pressed too slow!\n\nYou lost $0.20!'
44.4333 	EXP 	feedbackMsg: autoDraw = True
45.0197 	DATA 	Keypress: 5
45.8038 	DATA 	Keypress: 5
46.1520 	EXP 	New trial (rep=0, index=1): OrderedDict([('Condition', 'LgReward'), ('FixationDur', 4000)])
46.1760 	EXP 	feedbackMsg: autoDraw = False
46.1760 	EXP 	feedbackMsg: autoDraw = False
46.1760 	EXP 	cueImage: image = 'images/WinBig.bmp'
46.1760 	EXP 	cueImage: autoDraw = True
46.5873 	DATA 	Keypress: 5
47.3528 	DATA 	Keypress: 5
48.1363 	DATA 	Keypress: 5
48.2093 	EXP 	cueImage: autoDraw = False
48.2093 	EXP 	fixation: autoDraw = True
48.9216 	DATA 	Keypress: 5
49.6869 	DATA 	Keypress: 5
50.4696 	DATA 	Keypress: 5
51.2548 	DATA 	Keypress: 5
52.0204 	DATA 	Keypress: 5
52.2762 	EXP 	fixation: autoDraw = False
52.2762 	EXP 	fixation: autoDraw = False
52.2762 	EXP 	Target: image = 'images/WinProbe.bmp'
52.2762 	EXP 	Target: autoDraw = True
52.5214 	DATA 	Keypress: 1
52.5926 	EXP 	Target: autoDraw = False
52.5926 	EXP 	Target: autoDraw = False
52.5926 	EXP 	feedbackMsg: text = 'Correct Response!\n\nYou won $5.00!'
52.5926 	EXP 	feedbackMsg: autoDraw = True
52.8028 	DATA 	Keypress: 5
53.5886 	DATA 	Keypress: 5
54.3189 	EXP 	New trial (rep=0, index=2): OrderedDict([('Condition', 'SmallPun'), ('FixationDur', 3000)])
54.3327 	EXP 	feedbackMsg: autoDraw = False
54.3327 	EXP 	feedbackMsg: autoDraw = False
54.3327 	EXP 	cueImage: image = 'images/LoseSmall.bmp'
54.3327 	EXP 	cueImage: autoDraw = True
54.3711 	DATA 	Keypress: 5
55.1361 	DATA 	Keypress: 5
55.9213 	DATA 	Keypress: 5
56.3613 	EXP 	cueImage: autoDraw = False
56.3613 	EXP 	cueImage: autoDraw = False
56.3613 	EXP 	fixation: autoDraw = True
56.6877 	DATA 	Keypress: 5
57.4703 	DATA 	Keypress: 5
58.2552 	DATA 	Keypress: 5
59.0381 	DATA 	Keypress: 5
59.4006 	EXP 	fixation: autoDraw = False
59.4006 	EXP 	fixation: autoDraw = False
59.4006 	EXP 	Target: image = 'images/LoseProbe.bmp'
59.4006 	EXP 	Target: autoDraw = True
59.7040 	DATA 	Keypress: 1
59.7108 	EXP 	Target: autoDraw = False
59.7108 	EXP 	Target: autoDraw = False
59.7108 	EXP 	feedbackMsg: text = 'You pressed too slow!\n\nYou lost $0.20!'
59.7108 	EXP 	feedbackMsg: autoDraw = True
59.8038 	DATA 	Keypress: 5
60.5880 	DATA 	Keypress: 5
61.3721 	DATA 	Keypress: 5
61.4355 	EXP 	New trial (rep=0, index=3): OrderedDict([('Condition', 'SmallReward'), ('FixationDur', 2000)])
61.4619 	EXP 	feedbackMsg: autoDraw = False
61.4619 	EXP 	feedbackMsg: autoDraw = False
61.4619 	EXP 	cueImage: image = 'images/WinSmall.bmp'
61.4619 	EXP 	cueImage: autoDraw = True
62.1361 	DATA 	Keypress: 5
62.9215 	DATA 	Keypress: 5
63.4944 	EXP 	cueImage: autoDraw = False
63.4944 	EXP 	fixation: autoDraw = True
63.7056 	DATA 	Keypress: 5
64.4700 	DATA 	Keypress: 5
65.2562 	DATA 	Keypress: 5
65.5447 	EXP 	fixation: autoDraw = False
65.5447 	EXP 	fixation: autoDraw = False
65.5447 	EXP 	Target: image = 'images/WinProbe.bmp'
65.5447 	EXP 	Target: autoDraw = True
65.8224 	DATA 	Keypress: 1
65.8843 	EXP 	Target: autoDraw = False
65.8843 	EXP 	Target: autoDraw = False
65.8843 	EXP 	feedbackMsg: text = 'Correct Response!\n\nYou won $0.20!'
65.8843 	EXP 	feedbackMsg: autoDraw = True
66.0377 	DATA 	Keypress: 5
66.8048 	DATA 	Keypress: 5
67.5696 	EXP 	New trial (rep=0, index=4): OrderedDict([('Condition', 'LgPun'), ('FixationDur', 2000)])
67.5838 	EXP 	feedbackMsg: autoDraw = False
67.5838 	EXP 	feedbackMsg: autoDraw = False
67.5838 	EXP 	cueImage: image = 'images/LoseBig.bmp'
67.5838 	EXP 	cueImage: autoDraw = True
67.5863 	DATA 	Keypress: 5
68.3721 	DATA 	Keypress: 5
69.1373 	DATA 	Keypress: 5
69.6118 	EXP 	cueImage: autoDraw = False
69.6118 	EXP 	cueImage: autoDraw = False
69.6118 	EXP 	fixation: autoDraw = True
69.9214 	DATA 	Keypress: 5
70.7042 	DATA 	Keypress: 5
71.4715 	DATA 	Keypress: 5
71.6466 	EXP 	fixation: autoDraw = False
71.6466 	EXP 	fixation: autoDraw = False
71.6466 	EXP 	Target: image = 'images/LoseProbe.bmp'
71.6466 	EXP 	Target: autoDraw = True
71.8547 	DATA 	Keypress: 1
72.0018 	EXP 	Target: autoDraw = False
72.0018 	EXP 	Target: autoDraw = False
72.0018 	EXP 	feedbackMsg: text = 'Correct Response!\n\nYou did not lose $5.00!'
72.0018 	EXP 	feedbackMsg: autoDraw = True
72.2545 	DATA 	Keypress: 5
73.0400 	DATA 	Keypress: 5
73.6869 	EXP 	New trial (rep=0, index=5): OrderedDict([('Condition', 'Triangle'), ('FixationDur', 2500)])
73.7013 	EXP 	feedbackMsg: autoDraw = False
73.7013 	EXP 	feedbackMsg: autoDraw = False
73.7013 	EXP 	cueImage: image = 'images/Neutral.bmp'
73.7013 	EXP 	cueImage: autoDraw = True
73.8049 	DATA 	Keypress: 5
74.5877 	DATA 	Keypress: 5
75.3727 	DATA 	Keypress: 5
75.7299 	EXP 	cueImage: autoDraw = False
75.7299 	EXP 	cueImage: autoDraw = False
75.7299 	EXP 	fixation: autoDraw = True
76.1384 	DATA 	Keypress: 5
76.9213 	DATA 	Keypress: 5
77.7065 	DATA 	Keypress: 5
78.2632 	EXP 	fixation: autoDraw = False
78.2632 	EXP 	fixation: autoDraw = False
78.2632 	EXP 	Target: image = 'images/NeutralProbe.bmp'
78.2632 	EXP 	Target: autoDraw = True
78.4898 	DATA 	Keypress: 5
78.6194 	EXP 	Target: autoDraw = False
78.6194 	EXP 	Target: autoDraw = False
78.6194 	EXP 	feedbackMsg: text = 'You pressed too slow!\n\nYou did not win or lose anything!'
78.6194 	EXP 	feedbackMsg: autoDraw = True
79.2542 	DATA 	Keypress: 5
80.0392 	DATA 	Keypress: 5
80.3039 	EXP 	New trial (rep=0, index=6): OrderedDict([('Condition', 'SmallReward'), ('FixationDur', 2500)])
80.3299 	EXP 	feedbackMsg: autoDraw = False
80.3299 	EXP 	feedbackMsg: autoDraw = False
80.3299 	EXP 	cueImage: image = 'images/WinSmall.bmp'
80.3299 	EXP 	cueImage: autoDraw = True
80.8213 	DATA 	Keypress: 5
81.5874 	DATA 	Keypress: 5
82.3643 	EXP 	cueImage: autoDraw = False
82.3643 	EXP 	fixation: autoDraw = True
82.3683 	DATA 	Keypress: 5
83.1568 	DATA 	Keypress: 5
83.9217 	DATA 	Keypress: 5
84.7068 	DATA 	Keypress: 5
84.9138 	EXP 	fixation: autoDraw = False
84.9138 	EXP 	fixation: autoDraw = False
84.9138 	EXP 	Target: image = 'images/WinProbe.bmp'
84.9138 	EXP 	Target: autoDraw = True
85.1562 	DATA 	Keypress: 1
85.2526 	EXP 	Target: autoDraw = False
85.2526 	EXP 	Target: autoDraw = False
85.2526 	EXP 	feedbackMsg: text = 'Correct Response!\n\nYou won $0.20!'
85.2526 	EXP 	feedbackMsg: autoDraw = True
85.4893 	DATA 	Keypress: 5
86.2554 	DATA 	Keypress: 5
86.9378 	EXP 	New trial (rep=0, index=7): OrderedDict([('Condition', 'SmallReward'), ('FixationDur', 1500)])
86.9639 	EXP 	feedbackMsg: autoDraw = False
86.9639 	EXP 	feedbackMsg: autoDraw = False
86.9639 	EXP 	cueImage: image = 'images/WinSmall.bmp'
86.9639 	EXP 	cueImage: autoDraw = True
87.0398 	DATA 	Keypress: 5
87.8229 	DATA 	Keypress: 5
88.5888 	DATA 	Keypress: 5
88.9977 	EXP 	cueImage: autoDraw = False
88.9977 	EXP 	fixation: autoDraw = True
89.3717 	DATA 	Keypress: 5
90.1574 	DATA 	Keypress: 5
90.5485 	EXP 	fixation: autoDraw = False
90.5485 	EXP 	fixation: autoDraw = False
90.5485 	EXP 	Target: image = 'images/WinProbe.bmp'
90.5485 	EXP 	Target: autoDraw = True
90.8615 	DATA 	Keypress: 1
90.8692 	EXP 	Target: autoDraw = False
90.8692 	EXP 	Target: autoDraw = False
90.8692 	EXP 	feedbackMsg: text = 'You pressed too slow!\n\nYou did not win $0.20!'
90.8692 	EXP 	feedbackMsg: autoDraw = True
90.9216 	DATA 	Keypress: 5
91.7058 	DATA 	Keypress: 5
92.4901 	DATA 	Keypress: 5
92.5705 	EXP 	New trial (rep=0, index=8): OrderedDict([('Condition', 'LgReward'), ('FixationDur', 1500)])
92.5975 	EXP 	feedbackMsg: autoDraw = False
92.5975 	EXP 	feedbackMsg: autoDraw = False
92.5975 	EXP 	cueImage: image = 'images/WinBig.bmp'
92.5975 	EXP 	cueImage: autoDraw = True
93.2558 	DATA 	Keypress: 5
94.0389 	DATA 	Keypress: 5
94.6324 	EXP 	cueImage: autoDraw = False
94.6324 	EXP 	fixation: autoDraw = True
94.8187 	DATA 	Keypress: 5
95.6034 	DATA 	Keypress: 5
96.1816 	EXP 	fixation: autoDraw = False
96.1816 	EXP 	fixation: autoDraw = False
96.1816 	EXP 	Target: image = 'images/WinProbe.bmp'
96.1816 	EXP 	Target: autoDraw = True
96.3722 	DATA 	Keypress: 5
96.4241 	DATA 	Keypress: 1
96.5036 	EXP 	Target: autoDraw = False
96.5036 	EXP 	Target: autoDraw = False
96.5036 	EXP 	feedbackMsg: text = 'Correct Response!\n\nYou won $5.00!'
96.5036 	EXP 	feedbackMsg: autoDraw = True
97.1568 	DATA 	Keypress: 5
97.9416 	DATA 	Keypress: 5
98.2052 	EXP 	New trial (rep=0, index=9): OrderedDict([('Condition', 'SmallPun'), ('FixationDur', 2000)])
98.2191 	EXP 	feedbackMsg: autoDraw = False
98.2191 	EXP 	feedbackMsg: autoDraw = False
98.2191 	EXP 	cueImage: image = 'images/LoseSmall.bmp'
98.2191 	EXP 	cueImage: autoDraw = True
98.7054 	DATA 	Keypress: 5
99.4896 	DATA 	Keypress: 5
100.2494 	EXP 	cueImage: autoDraw = False
100.2494 	EXP 	cueImage: autoDraw = False
100.2494 	EXP 	fixation: autoDraw = True
100.2702 	DATA 	Keypress: 5
101.0387 	DATA 	Keypress: 5
101.8245 	DATA 	Keypress: 5
102.2828 	EXP 	fixation: autoDraw = False
102.2828 	EXP 	fixation: autoDraw = False
102.2828 	EXP 	Target: image = 'images/LoseProbe.bmp'
102.2828 	EXP 	Target: autoDraw = True
102.5067 	DATA 	Keypress: 1
102.5991 	DATA 	Keypress: 5
102.6035 	EXP 	Target: autoDraw = False
102.6035 	EXP 	Target: autoDraw = False
102.6035 	EXP 	feedbackMsg: text = 'Correct Response!\n\nYou did not lose $0.20!'
102.6035 	EXP 	feedbackMsg: autoDraw = True
103.3730 	DATA 	Keypress: 5
104.1578 	DATA 	Keypress: 5
104.3058 	EXP 	New trial (rep=0, index=10): OrderedDict([('Condition', 'LgReward'), ('FixationDur', 2500)])
104.3325 	EXP 	feedbackMsg: autoDraw = False
104.3325 	EXP 	feedbackMsg: autoDraw = False
104.3325 	EXP 	cueImage: image = 'images/WinBig.bmp'
104.3325 	EXP 	cueImage: autoDraw = True
104.9402 	DATA 	Keypress: 5
105.7061 	DATA 	Keypress: 5
106.3676 	EXP 	cueImage: autoDraw = False
106.3676 	EXP 	fixation: autoDraw = True
106.4862 	DATA 	Keypress: 5
107.2711 	DATA 	Keypress: 5
108.0550 	DATA 	Keypress: 5
108.4398 	DATA 	Keypress: 1
108.8239 	DATA 	Keypress: 5
108.9165 	EXP 	fixation: autoDraw = False
108.9165 	EXP 	fixation: autoDraw = False
108.9165 	EXP 	Target: image = 'images/WinProbe.bmp'
108.9165 	EXP 	Target: autoDraw = True
109.1539 	DATA 	Keypress: 1
109.2171 	EXP 	Target: autoDraw = False
109.2171 	EXP 	Target: autoDraw = False
109.2171 	EXP 	feedbackMsg: text = 'You pressed too soon!\n\nYou won $5.00!'
109.2171 	EXP 	feedbackMsg: autoDraw = True
109.6039 	DATA 	Keypress: 5
110.3742 	DATA 	Keypress: 5
110.9393 	EXP 	New trial (rep=0, index=11): OrderedDict([('Condition', 'LgPun'), ('FixationDur', 3500)])
110.9540 	EXP 	feedbackMsg: autoDraw = False
110.9540 	EXP 	feedbackMsg: autoDraw = False
110.9540 	EXP 	cueImage: image = 'images/LoseBig.bmp'
110.9540 	EXP 	cueImage: autoDraw = True
111.1560 	DATA 	Keypress: 5
111.9406 	DATA 	Keypress: 5
112.7065 	DATA 	Keypress: 5
112.9842 	EXP 	cueImage: autoDraw = False
112.9842 	EXP 	cueImage: autoDraw = False
112.9842 	EXP 	fixation: autoDraw = True
113.4869 	DATA 	Keypress: 5
114.2708 	DATA 	Keypress: 5
115.0553 	DATA 	Keypress: 5
115.8204 	DATA 	Keypress: 5
116.4391 	DATA 	Keypress: 1
116.5182 	EXP 	fixation: autoDraw = False
116.5182 	EXP 	fixation: autoDraw = False
116.5182 	EXP 	Target: image = 'images/LoseProbe.bmp'
116.5182 	EXP 	Target: autoDraw = True
116.6057 	DATA 	Keypress: 5
116.8182 	EXP 	Target: autoDraw = False
116.8182 	EXP 	Target: autoDraw = False
116.8182 	EXP 	feedbackMsg: text = 'You pressed too soon!\n\nYou lost $5.00!'
116.8182 	EXP 	feedbackMsg: autoDraw = True
117.3897 	DATA 	Keypress: 5
118.1540 	DATA 	Keypress: 5
118.5535 	EXP 	New trial (rep=0, index=12): OrderedDict([('Condition', 'SmallPun'), ('FixationDur', 3500)])
118.5679 	EXP 	feedbackMsg: autoDraw = False
118.5679 	EXP 	feedbackMsg: autoDraw = False
118.5679 	EXP 	cueImage: image = 'images/LoseSmall.bmp'
118.5679 	EXP 	cueImage: autoDraw = True
118.9373 	DATA 	Keypress: 5
119.7216 	DATA 	Keypress: 5
120.4879 	DATA 	Keypress: 5
120.6020 	EXP 	cueImage: autoDraw = False
120.6020 	EXP 	cueImage: autoDraw = False
120.6020 	EXP 	fixation: autoDraw = True
121.2719 	DATA 	Keypress: 5
122.0565 	DATA 	Keypress: 5
122.8234 	DATA 	Keypress: 5
123.6096 	DATA 	Keypress: 5
124.1356 	EXP 	fixation: autoDraw = False
124.1356 	EXP 	fixation: autoDraw = False
124.1356 	EXP 	Target: image = 'images/LoseProbe.bmp'
124.1356 	EXP 	Target: autoDraw = True
124.4328 	DATA 	Keypress: 5
124.4387 	EXP 	Target: autoDraw = False
124.4387 	EXP 	Target: autoDraw = False
124.4387 	EXP 	feedbackMsg: text = 'You pressed too slow!\n\nYou lost $0.20!'
124.4387 	EXP 	feedbackMsg: autoDraw = True
124.5080 	DATA 	Keypress: 1
125.1578 	DATA 	Keypress: 5
125.9414 	DATA 	Keypress: 5
126.1741 	EXP 	New trial (rep=0, index=13): OrderedDict([('Condition', 'Triangle'), ('FixationDur', 1500)])
126.1883 	EXP 	feedbackMsg: autoDraw = False
126.1883 	EXP 	feedbackMsg: autoDraw = False
126.1883 	EXP 	cueImage: image = 'images/Neutral.bmp'
126.1883 	EXP 	cueImage: autoDraw = True
126.7259 	DATA 	Keypress: 5
127.4909 	DATA 	Keypress: 5
128.2197 	EXP 	cueImage: autoDraw = False
128.2197 	EXP 	cueImage: autoDraw = False
128.2197 	EXP 	fixation: autoDraw = True
128.2725 	DATA 	Keypress: 5
129.0598 	DATA 	Keypress: 5
129.7527 	EXP 	fixation: autoDraw = False
129.7527 	EXP 	fixation: autoDraw = False
129.7527 	EXP 	Target: image = 'images/NeutralProbe.bmp'
129.7527 	EXP 	Target: autoDraw = True
129.8252 	DATA 	Keypress: 5
130.0716 	EXP 	Target: autoDraw = False
130.0716 	EXP 	Target: autoDraw = False
130.0716 	EXP 	feedbackMsg: text = 'You pressed too slow!\n\nYou did not win or lose anything!'
130.0716 	EXP 	feedbackMsg: autoDraw = True
130.6084 	DATA 	Keypress: 5
131.3932 	DATA 	Keypress: 5
131.7901 	EXP 	New trial (rep=0, index=14): OrderedDict([('Condition', 'LgPun'), ('FixationDur', 4000)])
131.8047 	EXP 	feedbackMsg: autoDraw = False
131.8047 	EXP 	feedbackMsg: autoDraw = False
131.8047 	EXP 	cueImage: image = 'images/LoseBig.bmp'
131.8047 	EXP 	cueImage: autoDraw = True
132.1582 	DATA 	Keypress: 5
132.9412 	DATA 	Keypress: 5
133.7263 	DATA 	Keypress: 5
133.8375 	EXP 	cueImage: autoDraw = False
133.8375 	EXP 	cueImage: autoDraw = False
133.8375 	EXP 	fixation: autoDraw = True
134.4924 	DATA 	Keypress: 5
135.2760 	DATA 	Keypress: 5
136.0601 	DATA 	Keypress: 5
136.8255 	DATA 	Keypress: 5
137.6081 	DATA 	Keypress: 5
137.8705 	EXP 	fixation: autoDraw = False
137.8705 	EXP 	fixation: autoDraw = False
137.8705 	EXP 	Target: image = 'images/LoseProbe.bmp'
137.8705 	EXP 	Target: autoDraw = True
138.1874 	DATA 	Keypress: 1
138.2043 	EXP 	Target: autoDraw = False
138.2043 	EXP 	Target: autoDraw = False
138.2043 	EXP 	feedbackMsg: text = 'You pressed too slow!\n\nYou lost $5.00!'
138.2043 	EXP 	feedbackMsg: autoDraw = True
138.3928 	DATA 	Keypress: 5
139.1589 	DATA 	Keypress: 5
139.9081 	EXP 	New trial (rep=0, index=15): OrderedDict([('Condition', 'Triangle'), ('FixationDur', 4000)])
139.9222 	EXP 	feedbackMsg: autoDraw = False
139.9222 	EXP 	feedbackMsg: autoDraw = False
139.9222 	EXP 	cueImage: image = 'images/Neutral.bmp'
139.9222 	EXP 	cueImage: autoDraw = True
139.9420 	DATA 	Keypress: 5
140.7265 	DATA 	Keypress: 5
141.4927 	DATA 	Keypress: 5
141.9548 	EXP 	cueImage: autoDraw = False
141.9548 	EXP 	cueImage: autoDraw = False
141.9548 	EXP 	fixation: autoDraw = True
142.2750 	DATA 	Keypress: 5
143.0608 	DATA 	Keypress: 5
143.8437 	DATA 	Keypress: 5
144.6083 	DATA 	Keypress: 5
145.3927 	DATA 	Keypress: 5
145.9884 	EXP 	fixation: autoDraw = False
145.9884 	EXP 	fixation: autoDraw = False
145.9884 	EXP 	Target: image = 'images/NeutralProbe.bmp'
145.9884 	EXP 	Target: autoDraw = True
146.1766 	DATA 	Keypress: 5
146.3053 	EXP 	Target: autoDraw = False
146.3053 	EXP 	Target: autoDraw = False
146.3053 	EXP 	feedbackMsg: text = 'You pressed too slow!\n\nYou did not win or lose anything!'
146.3053 	EXP 	feedbackMsg: autoDraw = True
146.3273 	DATA 	Keypress: 1
146.9424 	DATA 	Keypress: 5
147.4442 	DATA 	Keypress: 1
147.7265 	DATA 	Keypress: 5
148.0245 	EXP 	New trial (rep=0, index=16): OrderedDict([('Condition', 'LgPun'), ('FixationDur', 3000)])
148.0395 	EXP 	feedbackMsg: autoDraw = False
148.0395 	EXP 	feedbackMsg: autoDraw = False
148.0395 	EXP 	cueImage: image = 'images/LoseBig.bmp'
148.0395 	EXP 	cueImage: autoDraw = True
148.5109 	DATA 	Keypress: 5
149.2754 	DATA 	Keypress: 5
150.0592 	DATA 	Keypress: 5
150.0733 	EXP 	cueImage: autoDraw = False
150.0733 	EXP 	cueImage: autoDraw = False
150.0733 	EXP 	fixation: autoDraw = True
150.8436 	DATA 	Keypress: 5
151.6086 	DATA 	Keypress: 5
152.3938 	DATA 	Keypress: 5
153.1063 	EXP 	fixation: autoDraw = False
153.1063 	EXP 	fixation: autoDraw = False
153.1063 	EXP 	Target: image = 'images/LoseProbe.bmp'
153.1063 	EXP 	Target: autoDraw = True
153.1781 	DATA 	Keypress: 5
153.3613 	DATA 	Keypress: 1
153.4225 	EXP 	Target: autoDraw = False
153.4225 	EXP 	Target: autoDraw = False
153.4225 	EXP 	feedbackMsg: text = 'Correct Response!\n\nYou did not lose $5.00!'
153.4225 	EXP 	feedbackMsg: autoDraw = True
153.9437 	DATA 	Keypress: 5
154.7274 	DATA 	Keypress: 5
155.1256 	EXP 	New trial (rep=0, index=17): OrderedDict([('Condition', 'SmallPun'), ('FixationDur', 1500)])
155.1405 	EXP 	feedbackMsg: autoDraw = False
155.1405 	EXP 	feedbackMsg: autoDraw = False
155.1405 	EXP 	cueImage: image = 'images/LoseSmall.bmp'
155.1405 	EXP 	cueImage: autoDraw = True
155.5105 	DATA 	Keypress: 5
156.2768 	DATA 	Keypress: 5
157.0601 	DATA 	Keypress: 5
157.1732 	EXP 	cueImage: autoDraw = False
157.1732 	EXP 	cueImage: autoDraw = False
157.1732 	EXP 	fixation: autoDraw = True
157.8445 	DATA 	Keypress: 5
158.6105 	DATA 	Keypress: 5
158.7071 	EXP 	fixation: autoDraw = False
158.7071 	EXP 	fixation: autoDraw = False
158.7071 	EXP 	Target: image = 'images/LoseProbe.bmp'
158.7071 	EXP 	Target: autoDraw = True
159.0242 	EXP 	Target: autoDraw = False
159.0242 	EXP 	Target: autoDraw = False
159.0242 	EXP 	feedbackMsg: text = 'You pressed too slow!\n\nYou lost $0.20!'
159.0242 	EXP 	feedbackMsg: autoDraw = True
159.2600 	DATA 	Keypress: 1
159.3936 	DATA 	Keypress: 5
160.1773 	DATA 	Keypress: 5
160.7259 	EXP 	New trial (rep=0, index=18): OrderedDict([('Condition', 'LgReward'), ('FixationDur', 2000)])
160.7571 	EXP 	feedbackMsg: autoDraw = False
160.7571 	EXP 	feedbackMsg: autoDraw = False
160.7571 	EXP 	cueImage: image = 'images/WinBig.bmp'
160.7571 	EXP 	cueImage: autoDraw = True
160.9435 	DATA 	Keypress: 5
161.7259 	DATA 	Keypress: 5
162.5114 	DATA 	Keypress: 5
162.7912 	EXP 	cueImage: autoDraw = False
162.7912 	EXP 	fixation: autoDraw = True
163.1776 	DATA 	Keypress: 1
163.2778 	DATA 	Keypress: 5
163.8123 	DATA 	Keypress: 1
164.0602 	DATA 	Keypress: 5
164.4615 	DATA 	Keypress: 1
164.8407 	EXP 	fixation: autoDraw = False
164.8407 	EXP 	fixation: autoDraw = False
164.8407 	EXP 	Target: image = 'images/WinProbe.bmp'
164.8407 	EXP 	Target: autoDraw = True
164.8449 	DATA 	Keypress: 5
165.1850 	DATA 	Keypress: 1
165.1909 	EXP 	Target: autoDraw = False
165.1909 	EXP 	Target: autoDraw = False
165.1909 	EXP 	feedbackMsg: text = 'You pressed too soon!\n\nYou did not win $5.00!'
165.1909 	EXP 	feedbackMsg: autoDraw = True
165.6291 	DATA 	Keypress: 5
166.3943 	DATA 	Keypress: 5
166.8597 	EXP 	New trial (rep=0, index=19): OrderedDict([('Condition', 'SmallPun'), ('FixationDur', 4000)])
166.8739 	EXP 	feedbackMsg: autoDraw = False
166.8739 	EXP 	feedbackMsg: autoDraw = False
166.8739 	EXP 	cueImage: image = 'images/LoseSmall.bmp'
166.8739 	EXP 	cueImage: autoDraw = True
167.1769 	DATA 	Keypress: 5
167.9616 	DATA 	Keypress: 5
168.7264 	DATA 	Keypress: 5
168.9079 	EXP 	cueImage: autoDraw = False
168.9079 	EXP 	cueImage: autoDraw = False
168.9079 	EXP 	fixation: autoDraw = True
169.5115 	DATA 	Keypress: 5
170.2959 	DATA 	Keypress: 5
171.0619 	DATA 	Keypress: 5
171.8449 	DATA 	Keypress: 5
172.6275 	DATA 	Keypress: 5
172.9415 	EXP 	fixation: autoDraw = False
172.9415 	EXP 	fixation: autoDraw = False
172.9415 	EXP 	Target: image = 'images/LoseProbe.bmp'
172.9415 	EXP 	Target: autoDraw = True
173.2113 	DATA 	Keypress: 1
173.2919 	EXP 	Target: autoDraw = False
173.2919 	EXP 	Target: autoDraw = False
173.2919 	EXP 	feedbackMsg: text = 'Correct Response!\n\nYou did not lose $0.20!'
173.2919 	EXP 	feedbackMsg: autoDraw = True
173.3944 	DATA 	Keypress: 5
174.1783 	DATA 	Keypress: 5
174.9595 	EXP 	New trial (rep=0, index=20): OrderedDict([('Condition', 'SmallReward'), ('FixationDur', 1500)])
174.9787 	DATA 	Keypress: 5
174.9905 	EXP 	feedbackMsg: autoDraw = False
174.9905 	EXP 	feedbackMsg: autoDraw = False
174.9905 	EXP 	cueImage: image = 'images/WinSmall.bmp'
174.9905 	EXP 	cueImage: autoDraw = True
175.7280 	DATA 	Keypress: 5
176.5103 	DATA 	Keypress: 5
177.0252 	EXP 	cueImage: autoDraw = False
177.0252 	EXP 	fixation: autoDraw = True
177.2958 	DATA 	Keypress: 5
178.0617 	DATA 	Keypress: 5
178.5752 	EXP 	fixation: autoDraw = False
178.5752 	EXP 	fixation: autoDraw = False
178.5752 	EXP 	Target: image = 'images/WinProbe.bmp'
178.5752 	EXP 	Target: autoDraw = True
178.8448 	DATA 	Keypress: 5
178.9215 	DATA 	Keypress: 1
178.9260 	EXP 	Target: autoDraw = False
178.9260 	EXP 	Target: autoDraw = False
178.9260 	EXP 	feedbackMsg: text = 'You pressed too slow!\n\nYou did not win $0.20!'
178.9260 	EXP 	feedbackMsg: autoDraw = True
179.6285 	DATA 	Keypress: 5
180.3955 	DATA 	Keypress: 5
180.5938 	EXP 	New trial (rep=0, index=21): OrderedDict([('Condition', 'LgPun'), ('FixationDur', 1500)])
180.6085 	EXP 	feedbackMsg: autoDraw = False
180.6085 	EXP 	feedbackMsg: autoDraw = False
180.6085 	EXP 	cueImage: image = 'images/LoseBig.bmp'
180.6085 	EXP 	cueImage: autoDraw = True
181.1778 	DATA 	Keypress: 5
181.9608 	DATA 	Keypress: 5
182.6414 	EXP 	cueImage: autoDraw = False
182.6414 	EXP 	cueImage: autoDraw = False
182.6414 	EXP 	fixation: autoDraw = True
182.7292 	DATA 	Keypress: 5
183.5119 	DATA 	Keypress: 5
184.1749 	EXP 	fixation: autoDraw = False
184.1749 	EXP 	fixation: autoDraw = False
184.1749 	EXP 	Target: image = 'images/LoseProbe.bmp'
184.1749 	EXP 	Target: autoDraw = True
184.2966 	DATA 	Keypress: 5
184.4797 	DATA 	Keypress: 1
184.5750 	EXP 	Target: autoDraw = False
184.5750 	EXP 	Target: autoDraw = False
184.5750 	EXP 	feedbackMsg: text = 'Correct Response!\n\nYou did not lose $5.00!'
184.5750 	EXP 	feedbackMsg: autoDraw = True
185.0630 	DATA 	Keypress: 5
185.8454 	DATA 	Keypress: 5
186.2109 	EXP 	New trial (rep=0, index=22): OrderedDict([('Condition', 'LgReward'), ('FixationDur', 3500)])
186.2421 	EXP 	feedbackMsg: autoDraw = False
186.2421 	EXP 	feedbackMsg: autoDraw = False
186.2421 	EXP 	cueImage: image = 'images/WinBig.bmp'
186.2421 	EXP 	cueImage: autoDraw = True
186.6293 	DATA 	Keypress: 5
187.4122 	DATA 	Keypress: 5
188.1776 	DATA 	Keypress: 5
188.2759 	EXP 	cueImage: autoDraw = False
188.2759 	EXP 	fixation: autoDraw = True
188.9637 	DATA 	Keypress: 5
189.7473 	DATA 	Keypress: 5
190.5113 	DATA 	Keypress: 5
191.2969 	DATA 	Keypress: 5
191.8254 	EXP 	fixation: autoDraw = False
191.8254 	EXP 	fixation: autoDraw = False
191.8254 	EXP 	Target: image = 'images/WinProbe.bmp'
191.8254 	EXP 	Target: autoDraw = True
192.0801 	DATA 	Keypress: 5
192.0821 	DATA 	Keypress: 1
192.2121 	EXP 	Target: autoDraw = False
192.2121 	EXP 	Target: autoDraw = False
192.2121 	EXP 	feedbackMsg: text = 'Correct Response!\n\nYou won $5.00!'
192.2121 	EXP 	feedbackMsg: autoDraw = True
192.8453 	DATA 	Keypress: 5
193.6289 	DATA 	Keypress: 5
193.8447 	EXP 	New trial (rep=0, index=23): OrderedDict([('Condition', 'SmallReward'), ('FixationDur', 4000)])
193.8762 	EXP 	feedbackMsg: autoDraw = False
193.8762 	EXP 	feedbackMsg: autoDraw = False
193.8762 	EXP 	cueImage: image = 'images/WinSmall.bmp'
193.8762 	EXP 	cueImage: autoDraw = True
194.4136 	DATA 	Keypress: 5
195.1792 	DATA 	Keypress: 5
195.9093 	EXP 	cueImage: autoDraw = False
195.9093 	EXP 	fixation: autoDraw = True
195.9638 	DATA 	Keypress: 5
196.7478 	DATA 	Keypress: 5
197.5135 	DATA 	Keypress: 5
198.2964 	DATA 	Keypress: 5
199.0811 	DATA 	Keypress: 5
199.8467 	DATA 	Keypress: 5
199.9598 	EXP 	fixation: autoDraw = False
199.9598 	EXP 	fixation: autoDraw = False
199.9598 	EXP 	Target: image = 'images/WinProbe.bmp'
199.9598 	EXP 	Target: autoDraw = True
200.3387 	DATA 	Keypress: 1
200.3431 	EXP 	Target: autoDraw = False
200.3431 	EXP 	Target: autoDraw = False
200.3431 	EXP 	feedbackMsg: text = 'You pressed too slow!\n\nYou did not win $0.20!'
200.3431 	EXP 	feedbackMsg: autoDraw = True
200.6293 	DATA 	Keypress: 5
201.4140 	DATA 	Keypress: 5
201.9786 	EXP 	New trial (rep=0, index=24): OrderedDict([('Condition', 'Triangle'), ('FixationDur', 2000)])
201.9934 	EXP 	feedbackMsg: autoDraw = False
201.9934 	EXP 	feedbackMsg: autoDraw = False
201.9934 	EXP 	cueImage: image = 'images/Neutral.bmp'
201.9934 	EXP 	cueImage: autoDraw = True
202.1797 	DATA 	Keypress: 5
202.9626 	DATA 	Keypress: 5
203.7475 	DATA 	Keypress: 5
204.0275 	EXP 	cueImage: autoDraw = False
204.0275 	EXP 	cueImage: autoDraw = False
204.0275 	EXP 	fixation: autoDraw = True
204.5140 	DATA 	Keypress: 5
205.2969 	DATA 	Keypress: 5
206.0604 	EXP 	fixation: autoDraw = False
206.0604 	EXP 	fixation: autoDraw = False
206.0604 	EXP 	Target: image = 'images/NeutralProbe.bmp'
206.0604 	EXP 	Target: autoDraw = True
206.0800 	DATA 	Keypress: 5
206.4770 	EXP 	Target: autoDraw = False
206.4770 	EXP 	Target: autoDraw = False
206.4770 	EXP 	feedbackMsg: text = 'You pressed too slow!\n\nYou did not win or lose anything!'
206.4770 	EXP 	feedbackMsg: autoDraw = True
206.8641 	DATA 	Keypress: 5
207.6307 	DATA 	Keypress: 5
208.0960 	EXP 	New trial (rep=0, index=25): OrderedDict([('Condition', 'LgPun'), ('FixationDur', 2000)])
208.1100 	EXP 	feedbackMsg: autoDraw = False
208.1100 	EXP 	feedbackMsg: autoDraw = False
208.1100 	EXP 	cueImage: image = 'images/LoseBig.bmp'
208.1100 	EXP 	cueImage: autoDraw = True
208.4145 	DATA 	Keypress: 5
209.1960 	DATA 	Keypress: 5
209.9625 	DATA 	Keypress: 5
210.1438 	EXP 	cueImage: autoDraw = False
210.1438 	EXP 	cueImage: autoDraw = False
210.1438 	EXP 	fixation: autoDraw = True
210.7462 	DATA 	Keypress: 5
211.5297 	DATA 	Keypress: 5
212.1767 	EXP 	fixation: autoDraw = False
212.1767 	EXP 	fixation: autoDraw = False
212.1767 	EXP 	Target: image = 'images/LoseProbe.bmp'
212.1767 	EXP 	Target: autoDraw = True
212.2956 	DATA 	Keypress: 5
212.4628 	DATA 	Keypress: 1
212.5965 	EXP 	Target: autoDraw = False
212.5965 	EXP 	Target: autoDraw = False
212.5965 	EXP 	feedbackMsg: text = 'Correct Response!\n\nYou did not lose $5.00!'
212.5965 	EXP 	feedbackMsg: autoDraw = True
213.0799 	DATA 	Keypress: 5
213.8645 	DATA 	Keypress: 5
214.2126 	EXP 	New trial (rep=0, index=26): OrderedDict([('Condition', 'SmallReward'), ('FixationDur', 2000)])
214.2442 	EXP 	feedbackMsg: autoDraw = False
214.2442 	EXP 	feedbackMsg: autoDraw = False
214.2442 	EXP 	cueImage: image = 'images/WinSmall.bmp'
214.2442 	EXP 	cueImage: autoDraw = True
214.6302 	DATA 	Keypress: 5
215.4140 	DATA 	Keypress: 5
216.1985 	DATA 	Keypress: 5
216.2783 	EXP 	cueImage: autoDraw = False
216.2783 	EXP 	fixation: autoDraw = True
216.9640 	DATA 	Keypress: 5
217.7481 	DATA 	Keypress: 5
218.3279 	EXP 	fixation: autoDraw = False
218.3279 	EXP 	fixation: autoDraw = False
218.3279 	EXP 	Target: image = 'images/WinProbe.bmp'
218.3279 	EXP 	Target: autoDraw = True
218.5325 	DATA 	Keypress: 5
218.7446 	EXP 	Target: autoDraw = False
218.7446 	EXP 	Target: autoDraw = False
218.7446 	EXP 	feedbackMsg: text = 'You pressed too slow!\n\nYou did not win $0.20!'
218.7446 	EXP 	feedbackMsg: autoDraw = True
219.2972 	DATA 	Keypress: 5
220.0805 	DATA 	Keypress: 5
220.3466 	EXP 	New trial (rep=0, index=27): OrderedDict([('Condition', 'Triangle'), ('FixationDur', 3000)])
220.3612 	EXP 	feedbackMsg: autoDraw = False
220.3612 	EXP 	feedbackMsg: autoDraw = False
220.3612 	EXP 	cueImage: image = 'images/Neutral.bmp'
220.3612 	EXP 	cueImage: autoDraw = True
220.8657 	DATA 	Keypress: 5
221.6311 	DATA 	Keypress: 5
222.3951 	EXP 	cueImage: autoDraw = False
222.3951 	EXP 	cueImage: autoDraw = False
222.3951 	EXP 	fixation: autoDraw = True
222.4147 	DATA 	Keypress: 5
223.1962 	DATA 	Keypress: 5
223.9653 	DATA 	Keypress: 5
224.7482 	DATA 	Keypress: 5
225.1982 	DATA 	Keypress: 1
225.4275 	EXP 	fixation: autoDraw = False
225.4275 	EXP 	fixation: autoDraw = False
225.4275 	EXP 	Target: image = 'images/NeutralProbe.bmp'
225.4275 	EXP 	Target: autoDraw = True
225.5330 	DATA 	Keypress: 5
225.7829 	DATA 	Keypress: 1
225.8448 	EXP 	Target: autoDraw = False
225.8448 	EXP 	Target: autoDraw = False
225.8448 	EXP 	feedbackMsg: text = 'You pressed too soon!\n\nYou did not win or lose anything!'
225.8448 	EXP 	feedbackMsg: autoDraw = True
226.2993 	DATA 	Keypress: 5
226.8166 	DATA 	Keypress: 1
227.0817 	DATA 	Keypress: 5
227.4641 	EXP 	New trial (rep=0, index=28): OrderedDict([('Condition', 'SmallReward'), ('FixationDur', 3500)])
227.4951 	EXP 	feedbackMsg: autoDraw = False
227.4951 	EXP 	feedbackMsg: autoDraw = False
227.4951 	EXP 	cueImage: image = 'images/WinSmall.bmp'
227.4951 	EXP 	cueImage: autoDraw = True
227.8650 	DATA 	Keypress: 5
228.6496 	DATA 	Keypress: 5
229.4150 	DATA 	Keypress: 5
229.5293 	EXP 	cueImage: autoDraw = False
229.5293 	EXP 	fixation: autoDraw = True
230.2003 	DATA 	Keypress: 5
230.9834 	DATA 	Keypress: 5
231.7479 	DATA 	Keypress: 5
232.5327 	DATA 	Keypress: 5
233.0620 	EXP 	fixation: autoDraw = False
233.0620 	EXP 	fixation: autoDraw = False
233.0620 	EXP 	Target: image = 'images/WinProbe.bmp'
233.0620 	EXP 	Target: autoDraw = True
233.2989 	DATA 	Keypress: 1
233.3012 	DATA 	Keypress: 5
233.4794 	EXP 	Target: autoDraw = False
233.4794 	EXP 	Target: autoDraw = False
233.4794 	EXP 	feedbackMsg: text = 'Correct Response!\n\nYou won $0.20!'
233.4794 	EXP 	feedbackMsg: autoDraw = True
233.6651 	DATA 	Keypress: 1
234.0815 	DATA 	Keypress: 5
234.8672 	DATA 	Keypress: 5
235.0965 	EXP 	New trial (rep=0, index=29): OrderedDict([('Condition', 'Triangle'), ('FixationDur', 1500)])
235.1120 	EXP 	feedbackMsg: autoDraw = False
235.1120 	EXP 	feedbackMsg: autoDraw = False
235.1120 	EXP 	cueImage: image = 'images/Neutral.bmp'
235.1120 	EXP 	cueImage: autoDraw = True
235.6496 	DATA 	Keypress: 5
236.4147 	DATA 	Keypress: 5
237.1462 	EXP 	cueImage: autoDraw = False
237.1462 	EXP 	cueImage: autoDraw = False
237.1462 	EXP 	fixation: autoDraw = True
237.2001 	DATA 	Keypress: 5
237.9824 	DATA 	Keypress: 5
238.6787 	EXP 	fixation: autoDraw = False
238.6787 	EXP 	fixation: autoDraw = False
238.6787 	EXP 	Target: image = 'images/NeutralProbe.bmp'
238.6787 	EXP 	Target: autoDraw = True
238.7490 	DATA 	Keypress: 5
239.0777 	DATA 	Keypress: 1
239.0849 	EXP 	Target: autoDraw = False
239.0849 	EXP 	Target: autoDraw = False
239.0849 	EXP 	feedbackMsg: text = 'You pressed too slow!\n\nYou did not win or lose anything!'
239.0849 	EXP 	feedbackMsg: autoDraw = True
239.5335 	DATA 	Keypress: 5
240.3160 	DATA 	Keypress: 5
240.7146 	EXP 	New trial (rep=0, index=30): OrderedDict([('Condition', 'SmallReward'), ('FixationDur', 1500)])
240.7456 	EXP 	feedbackMsg: autoDraw = False
240.7456 	EXP 	feedbackMsg: autoDraw = False
240.7456 	EXP 	cueImage: image = 'images/WinSmall.bmp'
240.7456 	EXP 	cueImage: autoDraw = True
241.0825 	DATA 	Keypress: 5
241.8653 	DATA 	Keypress: 5
242.6505 	DATA 	Keypress: 5
242.7799 	EXP 	cueImage: autoDraw = False
242.7799 	EXP 	fixation: autoDraw = True
243.4158 	DATA 	Keypress: 5
244.1995 	DATA 	Keypress: 5
244.3293 	EXP 	fixation: autoDraw = False
244.3293 	EXP 	fixation: autoDraw = False
244.3293 	EXP 	Target: image = 'images/WinProbe.bmp'
244.3293 	EXP 	Target: autoDraw = True
244.6161 	DATA 	Keypress: 1
244.7301 	EXP 	Target: autoDraw = False
244.7301 	EXP 	Target: autoDraw = False
244.7301 	EXP 	feedbackMsg: text = 'Correct Response!\n\nYou won $0.20!'
244.7301 	EXP 	feedbackMsg: autoDraw = True
244.9838 	DATA 	Keypress: 5
245.7502 	DATA 	Keypress: 5
246.3651 	EXP 	New trial (rep=0, index=31): OrderedDict([('Condition', 'Triangle'), ('FixationDur', 2000)])
246.3791 	EXP 	feedbackMsg: autoDraw = False
246.3791 	EXP 	feedbackMsg: autoDraw = False
246.3791 	EXP 	cueImage: image = 'images/Neutral.bmp'
246.3791 	EXP 	cueImage: autoDraw = True
246.5320 	DATA 	Keypress: 5
247.3155 	DATA 	Keypress: 5
248.1007 	DATA 	Keypress: 5
248.4131 	EXP 	cueImage: autoDraw = False
248.4131 	EXP 	cueImage: autoDraw = False
248.4131 	EXP 	fixation: autoDraw = True
248.8664 	DATA 	Keypress: 5
249.6516 	DATA 	Keypress: 5
250.4392 	DATA 	Keypress: 5
250.4459 	EXP 	fixation: autoDraw = False
250.4459 	EXP 	fixation: autoDraw = False
250.4459 	EXP 	Target: image = 'images/NeutralProbe.bmp'
250.4459 	EXP 	Target: autoDraw = True
250.7670 	DATA 	Keypress: 1
250.8527 	EXP 	Target: autoDraw = False
250.8527 	EXP 	Target: autoDraw = False
250.8527 	EXP 	feedbackMsg: text = 'Correct Response!\n\nYou did not win or lose anything!'
250.8527 	EXP 	feedbackMsg: autoDraw = True
251.2000 	DATA 	Keypress: 5
251.9840 	DATA 	Keypress: 5
252.4820 	EXP 	New trial (rep=0, index=32): OrderedDict([('Condition', 'LgPun'), ('FixationDur', 1500)])
252.4965 	EXP 	feedbackMsg: autoDraw = False
252.4965 	EXP 	feedbackMsg: autoDraw = False
252.4965 	EXP 	cueImage: image = 'images/LoseBig.bmp'
252.4965 	EXP 	cueImage: autoDraw = True
252.7674 	DATA 	Keypress: 5
253.5320 	DATA 	Keypress: 5
254.3176 	DATA 	Keypress: 5
254.5299 	EXP 	cueImage: autoDraw = False
254.5299 	EXP 	cueImage: autoDraw = False
254.5299 	EXP 	fixation: autoDraw = True
255.1016 	DATA 	Keypress: 5
255.8664 	DATA 	Keypress: 5
256.0627 	EXP 	fixation: autoDraw = False
256.0627 	EXP 	fixation: autoDraw = False
256.0627 	EXP 	Target: image = 'images/LoseProbe.bmp'
256.0627 	EXP 	Target: autoDraw = True
256.3328 	DATA 	Keypress: 1
256.4633 	EXP 	Target: autoDraw = False
256.4633 	EXP 	Target: autoDraw = False
256.4633 	EXP 	feedbackMsg: text = 'Correct Response!\n\nYou did not lose $5.00!'
256.4633 	EXP 	feedbackMsg: autoDraw = True
256.6509 	DATA 	Keypress: 5
257.4357 	DATA 	Keypress: 5
258.0977 	EXP 	New trial (rep=0, index=33): OrderedDict([('Condition', 'Triangle'), ('FixationDur', 3500)])
258.1137 	EXP 	feedbackMsg: autoDraw = False
258.1137 	EXP 	feedbackMsg: autoDraw = False
258.1137 	EXP 	cueImage: image = 'images/Neutral.bmp'
258.1137 	EXP 	cueImage: autoDraw = True
258.1999 	DATA 	Keypress: 5
258.9830 	DATA 	Keypress: 5
259.7680 	DATA 	Keypress: 5
260.1477 	EXP 	cueImage: autoDraw = False
260.1477 	EXP 	cueImage: autoDraw = False
260.1477 	EXP 	fixation: autoDraw = True
260.5339 	DATA 	Keypress: 5
261.3185 	DATA 	Keypress: 5
262.1019 	DATA 	Keypress: 5
262.8677 	DATA 	Keypress: 5
263.6672 	DATA 	Keypress: 5
263.6803 	EXP 	fixation: autoDraw = False
263.6803 	EXP 	fixation: autoDraw = False
263.6803 	EXP 	Target: image = 'images/NeutralProbe.bmp'
263.6803 	EXP 	Target: autoDraw = True
263.9676 	DATA 	Keypress: 1
264.0645 	EXP 	Target: autoDraw = False
264.0645 	EXP 	Target: autoDraw = False
264.0645 	EXP 	feedbackMsg: text = 'Correct Response!\n\nYou did not win or lose anything!'
264.0645 	EXP 	feedbackMsg: autoDraw = True
264.4350 	DATA 	Keypress: 5
265.2007 	DATA 	Keypress: 5
265.6994 	EXP 	New trial (rep=0, index=34): OrderedDict([('Condition', 'LgPun'), ('FixationDur', 1500)])
265.7140 	EXP 	feedbackMsg: autoDraw = False
265.7140 	EXP 	feedbackMsg: autoDraw = False
265.7140 	EXP 	cueImage: image = 'images/LoseBig.bmp'
265.7140 	EXP 	cueImage: autoDraw = True
265.9832 	DATA 	Keypress: 5
266.7678 	DATA 	Keypress: 5
267.5339 	DATA 	Keypress: 5
267.7380 	EXP 	cueImage: autoDraw = False
267.7380 	EXP 	cueImage: autoDraw = False
267.7380 	EXP 	fixation: autoDraw = True
268.3180 	DATA 	Keypress: 5
269.1021 	DATA 	Keypress: 5
269.2812 	EXP 	fixation: autoDraw = False
269.2812 	EXP 	fixation: autoDraw = False
269.2812 	EXP 	Target: image = 'images/LoseProbe.bmp'
269.2812 	EXP 	Target: autoDraw = True
269.6011 	DATA 	Keypress: 1
269.6808 	EXP 	Target: autoDraw = False
269.6808 	EXP 	Target: autoDraw = False
269.6808 	EXP 	feedbackMsg: text = 'Correct Response!\n\nYou did not lose $5.00!'
269.6808 	EXP 	feedbackMsg: autoDraw = True
269.8854 	DATA 	Keypress: 5
270.6512 	DATA 	Keypress: 5
271.3164 	EXP 	New trial (rep=0, index=35): OrderedDict([('Condition', 'Triangle'), ('FixationDur', 1500)])
271.3310 	EXP 	feedbackMsg: autoDraw = False
271.3310 	EXP 	feedbackMsg: autoDraw = False
271.3310 	EXP 	cueImage: image = 'images/Neutral.bmp'
271.3310 	EXP 	cueImage: autoDraw = True
271.4339 	DATA 	Keypress: 5
272.2183 	DATA 	Keypress: 5
272.9827 	DATA 	Keypress: 5
273.3556 	EXP 	cueImage: autoDraw = False
273.3556 	EXP 	cueImage: autoDraw = False
273.3556 	EXP 	fixation: autoDraw = True
273.7661 	DATA 	Keypress: 5
274.5524 	DATA 	Keypress: 5
274.8974 	EXP 	fixation: autoDraw = False
274.8974 	EXP 	fixation: autoDraw = False
274.8974 	EXP 	Target: image = 'images/NeutralProbe.bmp'
274.8974 	EXP 	Target: autoDraw = True
275.1692 	DATA 	Keypress: 1
275.2654 	EXP 	Target: autoDraw = False
275.2654 	EXP 	Target: autoDraw = False
275.2654 	EXP 	feedbackMsg: text = 'Correct Response!\n\nYou did not win or lose anything!'
275.2654 	EXP 	feedbackMsg: autoDraw = True
275.3172 	DATA 	Keypress: 5
276.1023 	DATA 	Keypress: 5
276.8861 	DATA 	Keypress: 5
276.9335 	EXP 	New trial (rep=0, index=36): OrderedDict([('Condition', 'SmallPun'), ('FixationDur', 1500)])
276.9482 	EXP 	feedbackMsg: autoDraw = False
276.9482 	EXP 	feedbackMsg: autoDraw = False
276.9482 	EXP 	cueImage: image = 'images/LoseSmall.bmp'
276.9482 	EXP 	cueImage: autoDraw = True
277.6504 	DATA 	Keypress: 5
278.4351 	DATA 	Keypress: 5
278.9723 	EXP 	cueImage: autoDraw = False
278.9723 	EXP 	cueImage: autoDraw = False
278.9723 	EXP 	fixation: autoDraw = True
279.2174 	DATA 	Keypress: 5
279.9851 	DATA 	Keypress: 5
280.5151 	EXP 	fixation: autoDraw = False
280.5151 	EXP 	fixation: autoDraw = False
280.5151 	EXP 	Target: image = 'images/LoseProbe.bmp'
280.5151 	EXP 	Target: autoDraw = True
280.7670 	DATA 	Keypress: 5
280.8180 	DATA 	Keypress: 1
280.8819 	EXP 	Target: autoDraw = False
280.8819 	EXP 	Target: autoDraw = False
280.8819 	EXP 	feedbackMsg: text = 'Correct Response!\n\nYou did not lose $0.20!'
280.8819 	EXP 	feedbackMsg: autoDraw = True
281.5526 	DATA 	Keypress: 5
282.3189 	DATA 	Keypress: 5
282.5509 	EXP 	New trial (rep=0, index=37): OrderedDict([('Condition', 'LgReward'), ('FixationDur', 1500)])
282.5822 	EXP 	feedbackMsg: autoDraw = False
282.5822 	EXP 	feedbackMsg: autoDraw = False
282.5822 	EXP 	cueImage: image = 'images/WinBig.bmp'
282.5822 	EXP 	cueImage: autoDraw = True
283.1018 	DATA 	Keypress: 5
283.8843 	DATA 	Keypress: 5
284.6074 	EXP 	cueImage: autoDraw = False
284.6074 	EXP 	fixation: autoDraw = True
284.6522 	DATA 	Keypress: 5
285.4356 	DATA 	Keypress: 5
286.1579 	EXP 	fixation: autoDraw = False
286.1579 	EXP 	fixation: autoDraw = False
286.1579 	EXP 	Target: image = 'images/WinProbe.bmp'
286.1579 	EXP 	Target: autoDraw = True
286.2198 	DATA 	Keypress: 5
286.5283 	DATA 	Keypress: 1
286.5407 	EXP 	Target: autoDraw = False
286.5407 	EXP 	Target: autoDraw = False
286.5407 	EXP 	feedbackMsg: text = 'You pressed too slow!\n\nYou did not win $5.00!'
286.5407 	EXP 	feedbackMsg: autoDraw = True
286.9861 	DATA 	Keypress: 5
287.7688 	DATA 	Keypress: 5
288.2007 	EXP 	New trial (rep=0, index=38): OrderedDict([('Condition', 'Triangle'), ('FixationDur', 1500)])
288.2158 	EXP 	feedbackMsg: autoDraw = False
288.2158 	EXP 	feedbackMsg: autoDraw = False
288.2158 	EXP 	cueImage: image = 'images/Neutral.bmp'
288.2158 	EXP 	cueImage: autoDraw = True
288.5519 	DATA 	Keypress: 5
289.3187 	DATA 	Keypress: 5
290.1021 	DATA 	Keypress: 5
290.2415 	EXP 	cueImage: autoDraw = False
290.2415 	EXP 	cueImage: autoDraw = False
290.2415 	EXP 	fixation: autoDraw = True
290.8861 	DATA 	Keypress: 5
291.6531 	DATA 	Keypress: 5
291.7818 	EXP 	fixation: autoDraw = False
291.7818 	EXP 	fixation: autoDraw = False
291.7818 	EXP 	Target: image = 'images/NeutralProbe.bmp'
291.7818 	EXP 	Target: autoDraw = True
292.1495 	EXP 	Target: autoDraw = False
292.1495 	EXP 	Target: autoDraw = False
292.1495 	EXP 	feedbackMsg: text = 'You pressed too slow!\n\nYou did not win or lose anything!'
292.1495 	EXP 	feedbackMsg: autoDraw = True
292.4348 	DATA 	Keypress: 5
293.2195 	DATA 	Keypress: 5
293.8181 	EXP 	New trial (rep=0, index=39): OrderedDict([('Condition', 'LgReward'), ('FixationDur', 2000)])
293.8412 	EXP 	feedbackMsg: autoDraw = False
293.8412 	EXP 	feedbackMsg: autoDraw = False
293.8412 	EXP 	cueImage: image = 'images/WinBig.bmp'
293.8412 	EXP 	cueImage: autoDraw = True
294.0038 	DATA 	Keypress: 5
294.7679 	DATA 	Keypress: 5
295.5536 	DATA 	Keypress: 5
295.8752 	EXP 	cueImage: autoDraw = False
295.8752 	EXP 	fixation: autoDraw = True
296.3376 	DATA 	Keypress: 5
297.1025 	DATA 	Keypress: 5
297.9203 	DATA 	Keypress: 5
297.9267 	EXP 	fixation: autoDraw = False
297.9267 	EXP 	fixation: autoDraw = False
297.9267 	EXP 	Target: image = 'images/WinProbe.bmp'
297.9267 	EXP 	Target: autoDraw = True
298.1688 	DATA 	Keypress: 1
298.2999 	EXP 	Target: autoDraw = False
298.2999 	EXP 	Target: autoDraw = False
298.2999 	EXP 	feedbackMsg: text = 'Correct Response!\n\nYou won $5.00!'
298.2999 	EXP 	feedbackMsg: autoDraw = True
298.6706 	DATA 	Keypress: 5
299.4360 	DATA 	Keypress: 5
299.9519 	EXP 	New trial (rep=0, index=40): OrderedDict([('Condition', 'LgPun'), ('FixationDur', 2500)])
299.9663 	EXP 	feedbackMsg: autoDraw = False
299.9663 	EXP 	feedbackMsg: autoDraw = False
299.9663 	EXP 	cueImage: image = 'images/LoseBig.bmp'
299.9663 	EXP 	cueImage: autoDraw = True
300.2205 	DATA 	Keypress: 5
301.0031 	DATA 	Keypress: 5
301.7697 	DATA 	Keypress: 5
301.9920 	EXP 	cueImage: autoDraw = False
301.9920 	EXP 	cueImage: autoDraw = False
301.9920 	EXP 	fixation: autoDraw = True
302.5526 	DATA 	Keypress: 5
303.3379 	DATA 	Keypress: 5
304.1033 	DATA 	Keypress: 5
304.5333 	EXP 	fixation: autoDraw = False
304.5333 	EXP 	fixation: autoDraw = False
304.5333 	EXP 	Target: image = 'images/LoseProbe.bmp'
304.5333 	EXP 	Target: autoDraw = True
304.8622 	DATA 	Keypress: 1
304.8764 	EXP 	Target: autoDraw = False
304.8764 	EXP 	Target: autoDraw = False
304.8764 	EXP 	feedbackMsg: text = 'You pressed too slow!\n\nYou lost $5.00!'
304.8764 	EXP 	feedbackMsg: autoDraw = True
304.8799 	DATA 	Keypress: 5
305.6707 	DATA 	Keypress: 5
306.4371 	DATA 	Keypress: 5
306.5521 	EXP 	New trial (rep=0, index=41): OrderedDict([('Condition', 'LgReward'), ('FixationDur', 3000)])
306.5781 	EXP 	feedbackMsg: autoDraw = False
306.5781 	EXP 	feedbackMsg: autoDraw = False
306.5781 	EXP 	cueImage: image = 'images/WinBig.bmp'
306.5781 	EXP 	cueImage: autoDraw = True
307.2187 	DATA 	Keypress: 5
308.0045 	DATA 	Keypress: 5
308.6106 	EXP 	cueImage: autoDraw = False
308.6106 	EXP 	fixation: autoDraw = True
308.7703 	DATA 	Keypress: 5
309.5534 	DATA 	Keypress: 5
310.3360 	DATA 	Keypress: 5
311.1039 	DATA 	Keypress: 5
311.6601 	EXP 	fixation: autoDraw = False
311.6601 	EXP 	fixation: autoDraw = False
311.6601 	EXP 	Target: image = 'images/WinProbe.bmp'
311.6601 	EXP 	Target: autoDraw = True
311.8872 	DATA 	Keypress: 5
311.9051 	DATA 	Keypress: 1
312.0007 	EXP 	Target: autoDraw = False
312.0007 	EXP 	Target: autoDraw = False
312.0007 	EXP 	feedbackMsg: text = 'Correct Response!\n\nYou won $5.00!'
312.0007 	EXP 	feedbackMsg: autoDraw = True
312.6720 	DATA 	Keypress: 5
313.4379 	DATA 	Keypress: 5
313.6861 	EXP 	New trial (rep=0, index=42): OrderedDict([('Condition', 'LgPun'), ('FixationDur', 1500)])
313.7004 	EXP 	feedbackMsg: autoDraw = False
313.7004 	EXP 	feedbackMsg: autoDraw = False
313.7004 	EXP 	cueImage: image = 'images/LoseBig.bmp'
313.7004 	EXP 	cueImage: autoDraw = True
314.2199 	DATA 	Keypress: 5
315.0038 	DATA 	Keypress: 5
315.7285 	EXP 	cueImage: autoDraw = False
315.7285 	EXP 	cueImage: autoDraw = False
315.7285 	EXP 	fixation: autoDraw = True
315.7893 	DATA 	Keypress: 5
316.5542 	DATA 	Keypress: 5
317.2619 	EXP 	fixation: autoDraw = False
317.2619 	EXP 	fixation: autoDraw = False
317.2619 	EXP 	Target: image = 'images/LoseProbe.bmp'
317.2619 	EXP 	Target: autoDraw = True
317.3385 	DATA 	Keypress: 5
317.6007 	EXP 	Target: autoDraw = False
317.6007 	EXP 	Target: autoDraw = False
317.6007 	EXP 	feedbackMsg: text = 'You pressed too slow!\n\nYou lost $5.00!'
317.6007 	EXP 	feedbackMsg: autoDraw = True
317.6708 	DATA 	Keypress: 1
318.1222 	DATA 	Keypress: 5
318.8876 	DATA 	Keypress: 5
319.2867 	EXP 	New trial (rep=0, index=43): OrderedDict([('Condition', 'LgReward'), ('FixationDur', 1500)])
319.3111 	EXP 	feedbackMsg: autoDraw = False
319.3111 	EXP 	feedbackMsg: autoDraw = False
319.3111 	EXP 	cueImage: image = 'images/WinBig.bmp'
319.3111 	EXP 	cueImage: autoDraw = True
319.6713 	DATA 	Keypress: 5
320.4538 	DATA 	Keypress: 5
321.2208 	DATA 	Keypress: 5
321.3449 	EXP 	cueImage: autoDraw = False
321.3449 	EXP 	fixation: autoDraw = True
322.0046 	DATA 	Keypress: 5
322.7891 	DATA 	Keypress: 5
322.8800 	EXP 	fixation: autoDraw = False
322.8800 	EXP 	fixation: autoDraw = False
322.8800 	EXP 	Target: image = 'images/WinProbe.bmp'
322.8800 	EXP 	Target: autoDraw = True
323.2339 	DATA 	Keypress: 1
323.2455 	EXP 	Target: autoDraw = False
323.2455 	EXP 	Target: autoDraw = False
323.2455 	EXP 	feedbackMsg: text = 'You pressed too slow!\n\nYou did not win $5.00!'
323.2455 	EXP 	feedbackMsg: autoDraw = True
323.5547 	DATA 	Keypress: 5
324.3383 	DATA 	Keypress: 5
324.9025 	EXP 	New trial (rep=0, index=44): OrderedDict([('Condition', 'SmallReward'), ('FixationDur', 3000)])
324.9284 	EXP 	feedbackMsg: autoDraw = False
324.9284 	EXP 	feedbackMsg: autoDraw = False
324.9284 	EXP 	cueImage: image = 'images/WinSmall.bmp'
324.9284 	EXP 	cueImage: autoDraw = True
325.1221 	DATA 	Keypress: 5
325.8877 	DATA 	Keypress: 5
326.6721 	DATA 	Keypress: 5
326.9623 	EXP 	cueImage: autoDraw = False
326.9623 	EXP 	fixation: autoDraw = True
327.4563 	DATA 	Keypress: 5
328.2215 	DATA 	Keypress: 5
329.0056 	DATA 	Keypress: 5
329.7897 	DATA 	Keypress: 5
330.0127 	EXP 	fixation: autoDraw = False
330.0127 	EXP 	fixation: autoDraw = False
330.0127 	EXP 	Target: image = 'images/WinProbe.bmp'
330.0127 	EXP 	Target: autoDraw = True
330.2381 	DATA 	Keypress: 1
330.3687 	EXP 	Target: autoDraw = False
330.3687 	EXP 	Target: autoDraw = False
330.3687 	EXP 	feedbackMsg: text = 'Correct Response!\n\nYou won $0.20!'
330.3687 	EXP 	feedbackMsg: autoDraw = True
330.5546 	DATA 	Keypress: 5
331.3382 	DATA 	Keypress: 5
332.0365 	EXP 	New trial (rep=0, index=45): OrderedDict([('Condition', 'SmallPun'), ('FixationDur', 1500)])
332.0517 	EXP 	feedbackMsg: autoDraw = False
332.0517 	EXP 	feedbackMsg: autoDraw = False
332.0517 	EXP 	cueImage: image = 'images/LoseSmall.bmp'
332.0517 	EXP 	cueImage: autoDraw = True
332.1226 	DATA 	Keypress: 5
332.9049 	DATA 	Keypress: 5
333.6709 	DATA 	Keypress: 5
334.0798 	EXP 	cueImage: autoDraw = False
334.0798 	EXP 	cueImage: autoDraw = False
334.0798 	EXP 	fixation: autoDraw = True
334.4569 	DATA 	Keypress: 5
335.2394 	DATA 	Keypress: 5
335.6136 	EXP 	fixation: autoDraw = False
335.6136 	EXP 	fixation: autoDraw = False
335.6136 	EXP 	Target: image = 'images/LoseProbe.bmp'
335.6136 	EXP 	Target: autoDraw = True
335.8732 	DATA 	Keypress: 1
335.9686 	EXP 	Target: autoDraw = False
335.9686 	EXP 	Target: autoDraw = False
335.9686 	EXP 	feedbackMsg: text = 'Correct Response!\n\nYou did not lose $0.20!'
335.9686 	EXP 	feedbackMsg: autoDraw = True
336.0054 	DATA 	Keypress: 5
336.7900 	DATA 	Keypress: 5
337.5739 	DATA 	Keypress: 5
337.6366 	EXP 	New trial (rep=0, index=46): OrderedDict([('Condition', 'LgReward'), ('FixationDur', 1500)])
337.6640 	EXP 	feedbackMsg: autoDraw = False
337.6640 	EXP 	feedbackMsg: autoDraw = False
337.6640 	EXP 	cueImage: image = 'images/WinBig.bmp'
337.6640 	EXP 	cueImage: autoDraw = True
338.3375 	DATA 	Keypress: 5
339.1220 	DATA 	Keypress: 5
339.6970 	EXP 	cueImage: autoDraw = False
339.6970 	EXP 	fixation: autoDraw = True
339.9074 	DATA 	Keypress: 5
340.6714 	DATA 	Keypress: 5
341.2467 	EXP 	fixation: autoDraw = False
341.2467 	EXP 	fixation: autoDraw = False
341.2467 	EXP 	Target: image = 'images/WinProbe.bmp'
341.2467 	EXP 	Target: autoDraw = True
341.4568 	DATA 	Keypress: 5
341.4876 	DATA 	Keypress: 1
341.6186 	EXP 	Target: autoDraw = False
341.6186 	EXP 	Target: autoDraw = False
341.6186 	EXP 	feedbackMsg: text = 'Correct Response!\n\nYou won $5.00!'
341.6186 	EXP 	feedbackMsg: autoDraw = True
342.2399 	DATA 	Keypress: 5
343.0057 	DATA 	Keypress: 5
343.2710 	EXP 	New trial (rep=0, index=47): OrderedDict([('Condition', 'SmallPun'), ('FixationDur', 2500)])
343.2849 	EXP 	feedbackMsg: autoDraw = False
343.2849 	EXP 	feedbackMsg: autoDraw = False
343.2849 	EXP 	cueImage: image = 'images/LoseSmall.bmp'
343.2849 	EXP 	cueImage: autoDraw = True
343.7890 	DATA 	Keypress: 5
344.5732 	DATA 	Keypress: 5
345.3142 	EXP 	cueImage: autoDraw = False
345.3142 	EXP 	cueImage: autoDraw = False
345.3142 	EXP 	fixation: autoDraw = True
345.3394 	DATA 	Keypress: 5
346.1232 	DATA 	Keypress: 5
346.9048 	DATA 	Keypress: 5
347.6724 	DATA 	Keypress: 5
347.8484 	EXP 	fixation: autoDraw = False
347.8484 	EXP 	fixation: autoDraw = False
347.8484 	EXP 	Target: image = 'images/LoseProbe.bmp'
347.8484 	EXP 	Target: autoDraw = True
348.2191 	EXP 	Target: autoDraw = False
348.2191 	EXP 	Target: autoDraw = False
348.2191 	EXP 	feedbackMsg: text = 'You pressed too slow!\n\nYou lost $0.20!'
348.2191 	EXP 	feedbackMsg: autoDraw = True
348.4562 	DATA 	Keypress: 5
349.2411 	DATA 	Keypress: 5
349.8709 	EXP 	New trial (rep=0, index=48): OrderedDict([('Condition', 'SmallReward'), ('FixationDur', 1500)])
349.8996 	EXP 	feedbackMsg: autoDraw = False
349.8996 	EXP 	feedbackMsg: autoDraw = False
349.8996 	EXP 	cueImage: image = 'images/WinSmall.bmp'
349.8996 	EXP 	cueImage: autoDraw = True
350.0061 	DATA 	Keypress: 5
350.7891 	DATA 	Keypress: 5
351.5733 	DATA 	Keypress: 5
351.9324 	EXP 	cueImage: autoDraw = False
351.9324 	EXP 	fixation: autoDraw = True
352.3533 	DATA 	Keypress: 5
353.1234 	DATA 	Keypress: 5
353.4823 	EXP 	fixation: autoDraw = False
353.4823 	EXP 	fixation: autoDraw = False
353.4823 	EXP 	Target: image = 'images/WinProbe.bmp'
353.4823 	EXP 	Target: autoDraw = True
353.7705 	DATA 	Keypress: 1
353.8490 	EXP 	Target: autoDraw = False
353.8490 	EXP 	Target: autoDraw = False
353.8490 	EXP 	feedbackMsg: text = 'Correct Response!\n\nYou won $0.20!'
353.8490 	EXP 	feedbackMsg: autoDraw = True
353.9028 	DATA 	Keypress: 5
354.6909 	DATA 	Keypress: 5
355.4556 	DATA 	Keypress: 5
355.5040 	EXP 	New trial (rep=0, index=49): OrderedDict([('Condition', 'SmallPun'), ('FixationDur', 1500)])
355.5197 	EXP 	feedbackMsg: autoDraw = False
355.5197 	EXP 	feedbackMsg: autoDraw = False
355.5197 	EXP 	cueImage: image = 'images/LoseSmall.bmp'
355.5197 	EXP 	cueImage: autoDraw = True
356.2400 	DATA 	Keypress: 5
357.0230 	DATA 	Keypress: 5
357.5500 	EXP 	cueImage: autoDraw = False
357.5500 	EXP 	fixation: autoDraw = True
357.7862 	DATA 	Keypress: 5
358.5696 	DATA 	Keypress: 5
359.0826 	EXP 	fixation: autoDraw = False
359.0826 	EXP 	fixation: autoDraw = False
359.0826 	EXP 	Target: image = 'images/LoseProbe.bmp'
359.0826 	EXP 	Target: autoDraw = True
359.3538 	DATA 	Keypress: 5
359.3707 	DATA 	Keypress: 1
359.4334 	EXP 	Target: autoDraw = False
359.4334 	EXP 	Target: autoDraw = False
359.4334 	EXP 	feedbackMsg: text = 'Correct Response!\n\nYou did not lose $0.20!'
359.4334 	EXP 	feedbackMsg: autoDraw = True
360.1228 	DATA 	Keypress: 5
360.9067 	DATA 	Keypress: 5
361.1204 	EXP 	feedbackMsg: autoDraw = False
361.1204 	EXP 	feedbackMsg: autoDraw = False
361.1204 	EXP 	polygon: autoDraw = True
361.6915 	DATA 	Keypress: 5
362.4560 	DATA 	Keypress: 5
363.2404 	DATA 	Keypress: 5
364.0249 	DATA 	Keypress: 5
366.1341 	EXP 	polygon: autoDraw = False
366.1341 	EXP 	polygon: autoDraw = False
366.1341 	EXP 	text: text = 'All done!\n\nYou earned a total of: $15.20!'
366.1341 	EXP 	text: autoDraw = True
369.1684 	EXP 	text: autoDraw = False
369.1684 	EXP 	text: autoDraw = False
369.1684 	EXP 	polygon2: autoDraw = True
371.5721 	DATA 	Keypress: escape
371.8883 	EXP 	window1: mouseVisible = True
