9.3920 	EXP 	Created window1 = Window(allowGUI=False, allowStencil=False, args=UNKNOWN, autoLog=True, bitsMode=UNKNOWN, blendMode='avg', color=array([0., 0., 0.]), colorSpace='rgb', fullscr=<method-wrapper '__getattribute__' of attributeSetter object at 0x133f7bbe0>, gamma=None, kwargs=UNKNOWN, lms=UNKNOWN, monitor=<psychopy.monitors.calibTools.Monitor object at 0x1348cbe80>, multiSample=False, name='window1', numSamples=2, pos=[0.0, 0.0], screen=0, size=array([1920, 1080]), stereo=False, units='height', useFBO=True, useRetina=False, viewOri=0.0, viewPos=None, viewScale=None, waitBlanking=True, winType='pyglet')
9.3921 	EXP 	window1: recordFrameIntervals = False
9.5597 	EXP 	window1: recordFrameIntervals = True
9.7414 	EXP 	window1: recordFrameIntervals = False
9.7415 	EXP 	window1: recordFrameIntervals = False
9.9079 	EXP 	window1: recordFrameIntervals = True
10.0907 	EXP 	window1: recordFrameIntervals = False
10.5521 	EXP 	Created preinstruct_text = TextStim(__class__=<class 'psychopy.visual.text.TextStim'>, alignHoriz='center', alignVert='center', antialias=True, autoLog=True, bold=False, color='white', colorSpace='named', contrast=1.0, depth=0.0, flipHoriz=False, flipVert=False, font='Arial', fontFiles=[], height=0.05, italic=False, languageStyle='LTR', name='preinstruct_text', opacity=1.0, ori=0, pos=array([0., 0.]), rgb=array([255., 255., 255.]), text='Money Task - Scanner 2', units='height', win=Window(...), wrapWidth=1)
10.5985 	EXP 	Created instructFig = ImageStim(__class__=<class 'psychopy.visual.image.ImageStim'>, autoLog=True, color=array([1., 1., 1.]), colorSpace='rgb', contrast=1.0, depth=0.0, flipHoriz=False, flipVert=False, image='images/MID_instructions.bmp', interpolate=True, mask=None, maskParams=None, name='instructFig', opacity=1.0, ori=0.0, pos=array([0., 0.]), size=array([1.3, 1. ]), texRes=128, units='height', win=Window(...))
10.6002 	EXP 	Created PrepFixation = ShapeStim(__class__=<class 'psychopy.visual.shape.ShapeStim'>, autoDraw=False, autoLog=True, closeShape=True, contrast=1.0, depth=0.0, fillColor=array([1., 1., 1.]), fillColorSpace='rgb', interpolate=True, lineColor=array([1., 1., 1.]), lineColorSpace='rgb', lineWidth=1, name='PrepFixation', opacity=1.0, ori=array(0.), pos=array([0., 0.]), size=array([0.05, 0.05]), units='height', vertices=ndarray(...), win=Window(...), windingRule=None)
10.6018 	EXP 	Created cueImage = ImageStim(__class__=<class 'psychopy.visual.image.ImageStim'>, autoLog=True, color=array([1., 1., 1.]), colorSpace='rgb', contrast=1.0, depth=0.0, flipHoriz=False, flipVert=False, image='sin', interpolate=True, mask=None, maskParams=None, name='cueImage', opacity=1.0, ori=0.0, pos=array([0., 0.]), size=array([1.3, 1. ]), texRes=128, units='height', win=Window(...))
10.6034 	EXP 	Created fixation = ShapeStim(__class__=<class 'psychopy.visual.shape.ShapeStim'>, autoDraw=False, autoLog=True, closeShape=True, contrast=1.0, depth=-1.0, fillColor=array([1., 1., 1.]), fillColorSpace='rgb', interpolate=True, lineColor=array([1., 1., 1.]), lineColorSpace='rgb', lineWidth=1, name='fixation', opacity=1.0, ori=array(0.), pos=array([0., 0.]), size=array([0.05, 0.05]), units='height', vertices=ndarray(...), win=Window(...), windingRule=None)
10.6051 	EXP 	Created Target = ImageStim(__class__=<class 'psychopy.visual.image.ImageStim'>, autoLog=True, color=array([1., 1., 1.]), colorSpace='rgb', contrast=1.0, depth=-1.0, flipHoriz=False, flipVert=False, image='sin', interpolate=True, mask=None, maskParams=None, name='Target', opacity=1.0, ori=0.0, pos=array([0., 0.]), size=array([1.3, 1. ]), texRes=128, units='height', win=Window(...))
10.6147 	EXP 	Created feedbackMsg = TextStim(__class__=<class 'psychopy.visual.text.TextStim'>, alignHoriz='center', alignVert='center', antialias=True, autoLog=True, bold=False, color='white', colorSpace='named', contrast=1.0, depth=-2.0, flipHoriz=False, flipVert=False, font='Arial', fontFiles=[], height=0.05, italic=False, languageStyle='LTR', name='feedbackMsg', opacity=1.0, ori=0, pos=array([0., 0.]), rgb=array([255., 255., 255.]), text='default text', units='height', win=Window(...), wrapWidth=2)
10.6163 	EXP 	Created polygon = ShapeStim(__class__=<class 'psychopy.visual.shape.ShapeStim'>, autoDraw=False, autoLog=True, closeShape=True, contrast=1.0, depth=0.0, fillColor=array([1., 1., 1.]), fillColorSpace='rgb', interpolate=True, lineColor=array([1., 1., 1.]), lineColorSpace='rgb', lineWidth=1, name='polygon', opacity=1.0, ori=array(0.), pos=array([0., 0.]), size=array([0.05, 0.05]), units='height', vertices=ndarray(...), win=Window(...), windingRule=None)
10.6230 	EXP 	Created text = TextStim(__class__=<class 'psychopy.visual.text.TextStim'>, alignHoriz='center', alignVert='center', antialias=True, autoLog=True, bold=False, color='white', colorSpace='named', contrast=1.0, depth=-1.0, flipHoriz=False, flipVert=False, font='Arial', fontFiles=[], height=0.07, italic=False, languageStyle='LTR', name='text', opacity=1.0, ori=0, pos=array([0., 0.]), rgb=array([255., 255., 255.]), text='default text', units='height', win=Window(...), wrapWidth=1)
10.6244 	EXP 	Created polygon2 = ShapeStim(__class__=<class 'psychopy.visual.shape.ShapeStim'>, autoDraw=False, autoLog=True, closeShape=True, contrast=1.0, depth=0.0, fillColor=array([1., 1., 1.]), fillColorSpace='rgb', interpolate=True, lineColor=array([1., 1., 1.]), lineColorSpace='rgb', lineWidth=1, name='polygon2', opacity=1.0, ori=array(0.), pos=array([0., 0.]), size=array([0.05, 0.05]), units='height', vertices=ndarray(...), win=Window(...), windingRule=None)
10.6349 	EXP 	preinstruct_text: autoDraw = True
12.6852 	EXP 	preinstruct_text: autoDraw = False
12.6852 	EXP 	instructFig: autoDraw = True
21.1579 	DATA 	Keypress: 5
21.1703 	EXP 	instructFig: autoDraw = False
21.1703 	EXP 	PrepFixation: autoDraw = True
21.9114 	DATA 	Keypress: 5
22.6937 	DATA 	Keypress: 5
23.1503 	EXP 	Imported TimeVersion11.csv as conditions, 50 conditions, 2 params
23.1508 	EXP 	Created sequence: sequential, trialTypes=50, nReps=1, seed=None
23.1511 	EXP 	New trial (rep=0, index=0): OrderedDict([('Condition', 'SmallPun'), ('FixationDur', 1500)])
23.1702 	EXP 	PrepFixation: autoDraw = False
23.1702 	EXP 	PrepFixation: autoDraw = False
23.1702 	EXP 	cueImage: image = 'images/LoseSmall.bmp'
23.1702 	EXP 	cueImage: autoDraw = True
23.4789 	DATA 	Keypress: 5
24.2624 	DATA 	Keypress: 5
25.0272 	DATA 	Keypress: 5
25.2039 	EXP 	cueImage: autoDraw = False
25.2039 	EXP 	fixation: autoDraw = True
25.8073 	DATA 	Keypress: 5
26.5919 	DATA 	Keypress: 5
26.7411 	EXP 	fixation: autoDraw = False
26.7411 	EXP 	fixation: autoDraw = False
26.7411 	EXP 	Target: image = 'images/LoseProbe.bmp'
26.7411 	EXP 	Target: autoDraw = True
27.1535 	EXP 	Target: autoDraw = False
27.1535 	EXP 	Target: autoDraw = False
27.1535 	EXP 	feedbackMsg: text = 'You pressed too slow!\n\nYou lost $0.20!'
27.1535 	EXP 	feedbackMsg: autoDraw = True
27.1566 	DATA 	Keypress: 1
27.3605 	DATA 	Keypress: 5
28.1471 	DATA 	Keypress: 5
28.7765 	EXP 	New trial (rep=0, index=1): OrderedDict([('Condition', 'LgPun'), ('FixationDur', 1500)])
28.7915 	EXP 	feedbackMsg: autoDraw = False
28.7915 	EXP 	feedbackMsg: autoDraw = False
28.7915 	EXP 	cueImage: image = 'images/LoseBig.bmp'
28.7915 	EXP 	cueImage: autoDraw = True
28.9294 	DATA 	Keypress: 5
29.6938 	DATA 	Keypress: 5
30.4769 	DATA 	Keypress: 5
30.8217 	EXP 	cueImage: autoDraw = False
30.8217 	EXP 	cueImage: autoDraw = False
30.8217 	EXP 	fixation: autoDraw = True
31.2593 	DATA 	Keypress: 5
32.0288 	DATA 	Keypress: 5
32.3549 	EXP 	fixation: autoDraw = False
32.3549 	EXP 	fixation: autoDraw = False
32.3549 	EXP 	Target: image = 'images/LoseProbe.bmp'
32.3549 	EXP 	Target: autoDraw = True
32.6424 	DATA 	Keypress: 1
32.7882 	EXP 	Target: autoDraw = False
32.7882 	EXP 	Target: autoDraw = False
32.7882 	EXP 	feedbackMsg: text = 'Correct Response!\n\nYou did not lose $5.00!'
32.7882 	EXP 	feedbackMsg: autoDraw = True
32.8077 	DATA 	Keypress: 5
33.5968 	DATA 	Keypress: 5
34.3617 	DATA 	Keypress: 5
34.3943 	EXP 	New trial (rep=0, index=2): OrderedDict([('Condition', 'Triangle'), ('FixationDur', 3500)])
34.4087 	EXP 	feedbackMsg: autoDraw = False
34.4087 	EXP 	feedbackMsg: autoDraw = False
34.4087 	EXP 	cueImage: image = 'images/Neutral.bmp'
34.4087 	EXP 	cueImage: autoDraw = True
35.1458 	DATA 	Keypress: 5
35.9298 	DATA 	Keypress: 5
36.4391 	EXP 	cueImage: autoDraw = False
36.4391 	EXP 	cueImage: autoDraw = False
36.4391 	EXP 	fixation: autoDraw = True
36.7104 	DATA 	Keypress: 5
37.4757 	DATA 	Keypress: 5
38.2598 	DATA 	Keypress: 5
39.0433 	DATA 	Keypress: 5
39.8092 	DATA 	Keypress: 5
39.9722 	EXP 	fixation: autoDraw = False
39.9722 	EXP 	fixation: autoDraw = False
39.9722 	EXP 	Target: image = 'images/NeutralProbe.bmp'
39.9722 	EXP 	Target: autoDraw = True
40.2914 	DATA 	Keypress: 1
40.3757 	EXP 	Target: autoDraw = False
40.3757 	EXP 	Target: autoDraw = False
40.3757 	EXP 	feedbackMsg: text = 'Correct Response!\n\nYou did not win or lose anything!'
40.3757 	EXP 	feedbackMsg: autoDraw = True
40.5949 	DATA 	Keypress: 5
41.3628 	DATA 	Keypress: 5
41.9945 	EXP 	New trial (rep=0, index=3): OrderedDict([('Condition', 'Triangle'), ('FixationDur', 1500)])
42.0093 	EXP 	feedbackMsg: autoDraw = False
42.0093 	EXP 	feedbackMsg: autoDraw = False
42.0093 	EXP 	cueImage: image = 'images/Neutral.bmp'
42.0093 	EXP 	cueImage: autoDraw = True
42.1460 	DATA 	Keypress: 5
42.9301 	DATA 	Keypress: 5
43.6954 	DATA 	Keypress: 5
44.0395 	EXP 	cueImage: autoDraw = False
44.0395 	EXP 	cueImage: autoDraw = False
44.0395 	EXP 	fixation: autoDraw = True
44.4759 	DATA 	Keypress: 5
45.2616 	DATA 	Keypress: 5
45.5729 	EXP 	fixation: autoDraw = False
45.5729 	EXP 	fixation: autoDraw = False
45.5729 	EXP 	Target: image = 'images/NeutralProbe.bmp'
45.5729 	EXP 	Target: autoDraw = True
45.9730 	DATA 	Keypress: 1
45.9897 	EXP 	Target: autoDraw = False
45.9897 	EXP 	Target: autoDraw = False
45.9897 	EXP 	feedbackMsg: text = 'You pressed too slow!\n\nYou did not win or lose anything!'
45.9897 	EXP 	feedbackMsg: autoDraw = True
46.0439 	DATA 	Keypress: 5
46.8095 	DATA 	Keypress: 5
47.5911 	EXP 	New trial (rep=0, index=4): OrderedDict([('Condition', 'LgReward'), ('FixationDur', 3500)])
47.6141 	DATA 	Keypress: 5
47.6230 	EXP 	feedbackMsg: autoDraw = False
47.6230 	EXP 	feedbackMsg: autoDraw = False
47.6230 	EXP 	cueImage: image = 'images/WinBig.bmp'
47.6230 	EXP 	cueImage: autoDraw = True
48.3770 	DATA 	Keypress: 5
49.1462 	DATA 	Keypress: 5
49.6403 	EXP 	cueImage: autoDraw = False
49.6403 	EXP 	fixation: autoDraw = True
49.9280 	DATA 	Keypress: 5
50.7118 	DATA 	Keypress: 5
51.4790 	DATA 	Keypress: 5
52.2636 	DATA 	Keypress: 5
53.0482 	DATA 	Keypress: 5
53.1909 	EXP 	fixation: autoDraw = False
53.1909 	EXP 	fixation: autoDraw = False
53.1909 	EXP 	Target: image = 'images/WinProbe.bmp'
53.1909 	EXP 	Target: autoDraw = True
53.6077 	EXP 	Target: autoDraw = False
53.6077 	EXP 	Target: autoDraw = False
53.6077 	EXP 	feedbackMsg: text = 'You pressed too slow!\n\nYou did not win $5.00!'
53.6077 	EXP 	feedbackMsg: autoDraw = True
53.8123 	DATA 	Keypress: 5
53.8632 	DATA 	Keypress: 1
54.5970 	DATA 	Keypress: 5
55.2127 	EXP 	New trial (rep=0, index=5): OrderedDict([('Condition', 'SmallReward'), ('FixationDur', 3000)])
55.2409 	EXP 	feedbackMsg: autoDraw = False
55.2409 	EXP 	feedbackMsg: autoDraw = False
55.2409 	EXP 	cueImage: image = 'images/WinSmall.bmp'
55.2409 	EXP 	cueImage: autoDraw = True
55.3811 	DATA 	Keypress: 5
56.1462 	DATA 	Keypress: 5
56.9298 	DATA 	Keypress: 5
57.2754 	EXP 	cueImage: autoDraw = False
57.2754 	EXP 	fixation: autoDraw = True
57.7151 	DATA 	Keypress: 5
58.4805 	DATA 	Keypress: 5
59.2630 	DATA 	Keypress: 5
60.0489 	DATA 	Keypress: 5
60.3248 	EXP 	fixation: autoDraw = False
60.3248 	EXP 	fixation: autoDraw = False
60.3248 	EXP 	Target: image = 'images/WinProbe.bmp'
60.3248 	EXP 	Target: autoDraw = True
60.7772 	EXP 	Target: autoDraw = False
60.7772 	EXP 	Target: autoDraw = False
60.7772 	EXP 	feedbackMsg: text = 'You pressed too slow!\n\nYou did not win $0.20!'
60.7772 	EXP 	feedbackMsg: autoDraw = True
60.8135 	DATA 	Keypress: 5
60.8631 	DATA 	Keypress: 1
61.5972 	DATA 	Keypress: 5
62.3622 	EXP 	New trial (rep=0, index=6): OrderedDict([('Condition', 'SmallPun'), ('FixationDur', 1500)])
62.3706 	DATA 	Keypress: 5
62.3768 	EXP 	feedbackMsg: autoDraw = False
62.3768 	EXP 	feedbackMsg: autoDraw = False
62.3768 	EXP 	cueImage: image = 'images/LoseSmall.bmp'
62.3768 	EXP 	cueImage: autoDraw = True
63.1468 	DATA 	Keypress: 5
63.9297 	DATA 	Keypress: 5
64.4091 	EXP 	cueImage: autoDraw = False
64.4091 	EXP 	cueImage: autoDraw = False
64.4091 	EXP 	fixation: autoDraw = True
64.7151 	DATA 	Keypress: 5
65.4808 	DATA 	Keypress: 5
65.9430 	EXP 	fixation: autoDraw = False
65.9430 	EXP 	fixation: autoDraw = False
65.9430 	EXP 	Target: image = 'images/LoseProbe.bmp'
65.9430 	EXP 	Target: autoDraw = True
66.2633 	DATA 	Keypress: 5
66.3922 	DATA 	Keypress: 1
66.4098 	EXP 	Target: autoDraw = False
66.4098 	EXP 	Target: autoDraw = False
66.4098 	EXP 	feedbackMsg: text = 'You pressed too slow!\n\nYou lost $0.20!'
66.4098 	EXP 	feedbackMsg: autoDraw = True
67.0483 	DATA 	Keypress: 5
67.8325 	DATA 	Keypress: 5
67.9797 	EXP 	New trial (rep=0, index=7): OrderedDict([('Condition', 'SmallReward'), ('FixationDur', 1500)])
68.0097 	EXP 	feedbackMsg: autoDraw = False
68.0097 	EXP 	feedbackMsg: autoDraw = False
68.0097 	EXP 	cueImage: image = 'images/WinSmall.bmp'
68.0097 	EXP 	cueImage: autoDraw = True
68.5972 	DATA 	Keypress: 5
69.3819 	DATA 	Keypress: 5
70.0432 	EXP 	cueImage: autoDraw = False
70.0432 	EXP 	fixation: autoDraw = True
70.1661 	DATA 	Keypress: 5
70.9302 	DATA 	Keypress: 5
71.5937 	EXP 	fixation: autoDraw = False
71.5937 	EXP 	fixation: autoDraw = False
71.5937 	EXP 	Target: image = 'images/WinProbe.bmp'
71.5937 	EXP 	Target: autoDraw = True
71.7150 	DATA 	Keypress: 5
71.9814 	DATA 	Keypress: 1
72.0429 	EXP 	Target: autoDraw = False
72.0429 	EXP 	Target: autoDraw = False
72.0429 	EXP 	feedbackMsg: text = 'Correct Response!\n\nYou won $0.20!'
72.0429 	EXP 	feedbackMsg: autoDraw = True
72.4989 	DATA 	Keypress: 5
73.2635 	DATA 	Keypress: 5
73.6299 	EXP 	New trial (rep=0, index=8): OrderedDict([('Condition', 'LgReward'), ('FixationDur', 3000)])
73.6598 	EXP 	feedbackMsg: autoDraw = False
73.6598 	EXP 	feedbackMsg: autoDraw = False
73.6598 	EXP 	cueImage: image = 'images/WinBig.bmp'
73.6598 	EXP 	cueImage: autoDraw = True
74.0482 	DATA 	Keypress: 5
74.8314 	DATA 	Keypress: 5
75.5970 	DATA 	Keypress: 5
75.6942 	EXP 	cueImage: autoDraw = False
75.6942 	EXP 	fixation: autoDraw = True
76.3812 	DATA 	Keypress: 5
77.1661 	DATA 	Keypress: 5
77.9318 	DATA 	Keypress: 5
78.7329 	DATA 	Keypress: 5
78.7444 	EXP 	fixation: autoDraw = False
78.7444 	EXP 	fixation: autoDraw = False
78.7444 	EXP 	Target: image = 'images/WinProbe.bmp'
78.7444 	EXP 	Target: autoDraw = True
79.0155 	DATA 	Keypress: 1
79.2274 	EXP 	Target: autoDraw = False
79.2274 	EXP 	Target: autoDraw = False
79.2274 	EXP 	feedbackMsg: text = 'Correct Response!\n\nYou won $5.00!'
79.2274 	EXP 	feedbackMsg: autoDraw = True
79.4991 	DATA 	Keypress: 5
80.2654 	DATA 	Keypress: 5
80.7638 	EXP 	New trial (rep=0, index=9): OrderedDict([('Condition', 'LgPun'), ('FixationDur', 1500)])
80.7781 	EXP 	feedbackMsg: autoDraw = False
80.7781 	EXP 	feedbackMsg: autoDraw = False
80.7781 	EXP 	cueImage: image = 'images/LoseBig.bmp'
80.7781 	EXP 	cueImage: autoDraw = True
81.0475 	DATA 	Keypress: 5
81.8329 	DATA 	Keypress: 5
82.5983 	DATA 	Keypress: 5
82.8114 	EXP 	cueImage: autoDraw = False
82.8114 	EXP 	cueImage: autoDraw = False
82.8114 	EXP 	fixation: autoDraw = True
83.3822 	DATA 	Keypress: 5
84.1668 	DATA 	Keypress: 5
84.3444 	EXP 	fixation: autoDraw = False
84.3444 	EXP 	fixation: autoDraw = False
84.3444 	EXP 	Target: image = 'images/LoseProbe.bmp'
84.3444 	EXP 	Target: autoDraw = True
84.6652 	DATA 	Keypress: 1
84.8291 	EXP 	Target: autoDraw = False
84.8291 	EXP 	Target: autoDraw = False
84.8291 	EXP 	feedbackMsg: text = 'Correct Response!\n\nYou did not lose $5.00!'
84.8291 	EXP 	feedbackMsg: autoDraw = True
84.9327 	DATA 	Keypress: 5
85.7149 	DATA 	Keypress: 5
86.3647 	EXP 	New trial (rep=0, index=10): OrderedDict([('Condition', 'SmallReward'), ('FixationDur', 2000)])
86.3955 	EXP 	feedbackMsg: autoDraw = False
86.3955 	EXP 	feedbackMsg: autoDraw = False
86.3955 	EXP 	cueImage: image = 'images/WinSmall.bmp'
86.3955 	EXP 	cueImage: autoDraw = True
86.4998 	DATA 	Keypress: 5
87.2654 	DATA 	Keypress: 5
88.0487 	DATA 	Keypress: 5
88.4291 	EXP 	cueImage: autoDraw = False
88.4291 	EXP 	fixation: autoDraw = True
88.8336 	DATA 	Keypress: 5
89.5996 	DATA 	Keypress: 5
90.3817 	DATA 	Keypress: 5
90.4793 	EXP 	fixation: autoDraw = False
90.4793 	EXP 	fixation: autoDraw = False
90.4793 	EXP 	Target: image = 'images/WinProbe.bmp'
90.4793 	EXP 	Target: autoDraw = True
90.7834 	DATA 	Keypress: 1
90.9631 	EXP 	Target: autoDraw = False
90.9631 	EXP 	Target: autoDraw = False
90.9631 	EXP 	feedbackMsg: text = 'Correct Response!\n\nYou won $0.20!'
90.9631 	EXP 	feedbackMsg: autoDraw = True
91.1662 	DATA 	Keypress: 5
91.9497 	DATA 	Keypress: 5
92.4979 	EXP 	New trial (rep=0, index=11): OrderedDict([('Condition', 'LgReward'), ('FixationDur', 2000)])
92.5294 	EXP 	feedbackMsg: autoDraw = False
92.5294 	EXP 	feedbackMsg: autoDraw = False
92.5294 	EXP 	cueImage: image = 'images/WinBig.bmp'
92.5294 	EXP 	cueImage: autoDraw = True
92.7152 	DATA 	Keypress: 5
93.4985 	DATA 	Keypress: 5
94.2834 	DATA 	Keypress: 5
94.5634 	EXP 	cueImage: autoDraw = False
94.5634 	EXP 	fixation: autoDraw = True
95.0483 	DATA 	Keypress: 5
95.8342 	DATA 	Keypress: 5
96.6132 	EXP 	fixation: autoDraw = False
96.6132 	EXP 	fixation: autoDraw = False
96.6132 	EXP 	Target: image = 'images/WinProbe.bmp'
96.6132 	EXP 	Target: autoDraw = True
96.6174 	DATA 	Keypress: 5
96.9006 	DATA 	Keypress: 1
97.0801 	EXP 	Target: autoDraw = False
97.0801 	EXP 	Target: autoDraw = False
97.0801 	EXP 	feedbackMsg: text = 'Correct Response!\n\nYou won $5.00!'
97.0801 	EXP 	feedbackMsg: autoDraw = True
97.3828 	DATA 	Keypress: 5
98.1660 	DATA 	Keypress: 5
98.6316 	EXP 	New trial (rep=0, index=12): OrderedDict([('Condition', 'Triangle'), ('FixationDur', 2500)])
98.6462 	EXP 	feedbackMsg: autoDraw = False
98.6462 	EXP 	feedbackMsg: autoDraw = False
98.6462 	EXP 	cueImage: image = 'images/Neutral.bmp'
98.6462 	EXP 	cueImage: autoDraw = True
98.9503 	DATA 	Keypress: 5
99.7159 	DATA 	Keypress: 5
100.4986 	DATA 	Keypress: 5
100.6801 	EXP 	cueImage: autoDraw = False
100.6801 	EXP 	cueImage: autoDraw = False
100.6801 	EXP 	fixation: autoDraw = True
101.2842 	DATA 	Keypress: 5
102.0499 	DATA 	Keypress: 5
102.8342 	DATA 	Keypress: 5
103.2128 	EXP 	fixation: autoDraw = False
103.2128 	EXP 	fixation: autoDraw = False
103.2128 	EXP 	Target: image = 'images/NeutralProbe.bmp'
103.2128 	EXP 	Target: autoDraw = True
103.5173 	DATA 	Keypress: 1
103.6178 	DATA 	Keypress: 5
103.6795 	EXP 	Target: autoDraw = False
103.6795 	EXP 	Target: autoDraw = False
103.6795 	EXP 	feedbackMsg: text = 'Correct Response!\n\nYou did not win or lose anything!'
103.6795 	EXP 	feedbackMsg: autoDraw = True
104.3831 	DATA 	Keypress: 5
105.1681 	DATA 	Keypress: 5
105.2491 	EXP 	New trial (rep=0, index=13): OrderedDict([('Condition', 'LgReward'), ('FixationDur', 1500)])
105.2798 	EXP 	feedbackMsg: autoDraw = False
105.2798 	EXP 	feedbackMsg: autoDraw = False
105.2798 	EXP 	cueImage: image = 'images/WinBig.bmp'
105.2798 	EXP 	cueImage: autoDraw = True
105.9506 	DATA 	Keypress: 5
106.7165 	DATA 	Keypress: 5
107.3140 	EXP 	cueImage: autoDraw = False
107.3140 	EXP 	fixation: autoDraw = True
107.5000 	DATA 	Keypress: 5
108.2854 	DATA 	Keypress: 5
108.8633 	EXP 	fixation: autoDraw = False
108.8633 	EXP 	fixation: autoDraw = False
108.8633 	EXP 	Target: image = 'images/WinProbe.bmp'
108.8633 	EXP 	Target: autoDraw = True
109.0507 	DATA 	Keypress: 5
109.1661 	DATA 	Keypress: 1
109.3315 	EXP 	Target: autoDraw = False
109.3315 	EXP 	Target: autoDraw = False
109.3315 	EXP 	feedbackMsg: text = 'Correct Response!\n\nYou won $5.00!'
109.3315 	EXP 	feedbackMsg: autoDraw = True
109.8341 	DATA 	Keypress: 5
110.6161 	DATA 	Keypress: 5
110.8986 	EXP 	New trial (rep=0, index=14): OrderedDict([('Condition', 'LgPun'), ('FixationDur', 2500)])
110.9140 	EXP 	feedbackMsg: autoDraw = False
110.9140 	EXP 	feedbackMsg: autoDraw = False
110.9140 	EXP 	cueImage: image = 'images/LoseBig.bmp'
110.9140 	EXP 	cueImage: autoDraw = True
111.3840 	DATA 	Keypress: 5
112.1660 	DATA 	Keypress: 5
112.9477 	EXP 	cueImage: autoDraw = False
112.9477 	EXP 	cueImage: autoDraw = False
112.9477 	EXP 	fixation: autoDraw = True
112.9520 	DATA 	Keypress: 5
113.7181 	DATA 	Keypress: 5
114.5012 	DATA 	Keypress: 5
115.2860 	DATA 	Keypress: 5
115.4803 	EXP 	fixation: autoDraw = False
115.4803 	EXP 	fixation: autoDraw = False
115.4803 	EXP 	Target: image = 'images/LoseProbe.bmp'
115.4803 	EXP 	Target: autoDraw = True
115.7686 	DATA 	Keypress: 1
115.9476 	EXP 	Target: autoDraw = False
115.9476 	EXP 	Target: autoDraw = False
115.9476 	EXP 	feedbackMsg: text = 'Correct Response!\n\nYou did not lose $5.00!'
115.9476 	EXP 	feedbackMsg: autoDraw = True
116.0667 	DATA 	Keypress: 5
116.8332 	DATA 	Keypress: 5
117.4997 	EXP 	New trial (rep=0, index=15): OrderedDict([('Condition', 'SmallReward'), ('FixationDur', 1500)])
117.5308 	EXP 	feedbackMsg: autoDraw = False
117.5308 	EXP 	feedbackMsg: autoDraw = False
117.5308 	EXP 	cueImage: image = 'images/WinSmall.bmp'
117.5308 	EXP 	cueImage: autoDraw = True
117.6183 	DATA 	Keypress: 5
118.4011 	DATA 	Keypress: 5
119.1674 	DATA 	Keypress: 5
119.5646 	EXP 	cueImage: autoDraw = False
119.5646 	EXP 	fixation: autoDraw = True
119.9511 	DATA 	Keypress: 5
120.7361 	DATA 	Keypress: 5
121.1145 	EXP 	fixation: autoDraw = False
121.1145 	EXP 	fixation: autoDraw = False
121.1145 	EXP 	Target: image = 'images/WinProbe.bmp'
121.1145 	EXP 	Target: autoDraw = True
121.5273 	DATA 	Keypress: 1
121.5291 	DATA 	Keypress: 5
121.5480 	EXP 	Target: autoDraw = False
121.5480 	EXP 	Target: autoDraw = False
121.5480 	EXP 	feedbackMsg: text = 'You pressed too slow!\n\nYou did not win $0.20!'
121.5480 	EXP 	feedbackMsg: autoDraw = True
122.2859 	DATA 	Keypress: 5
123.0689 	DATA 	Keypress: 5
123.1501 	EXP 	New trial (rep=0, index=16): OrderedDict([('Condition', 'LgReward'), ('FixationDur', 1500)])
123.1814 	EXP 	feedbackMsg: autoDraw = False
123.1814 	EXP 	feedbackMsg: autoDraw = False
123.1814 	EXP 	cueImage: image = 'images/WinBig.bmp'
123.1814 	EXP 	cueImage: autoDraw = True
123.8344 	DATA 	Keypress: 5
124.6175 	DATA 	Keypress: 5
125.2151 	EXP 	cueImage: autoDraw = False
125.2151 	EXP 	fixation: autoDraw = True
125.4030 	DATA 	Keypress: 5
126.1683 	DATA 	Keypress: 5
126.7646 	EXP 	fixation: autoDraw = False
126.7646 	EXP 	fixation: autoDraw = False
126.7646 	EXP 	Target: image = 'images/WinProbe.bmp'
126.7646 	EXP 	Target: autoDraw = True
126.9510 	DATA 	Keypress: 5
127.0511 	DATA 	Keypress: 1
127.1818 	EXP 	Target: autoDraw = False
127.1818 	EXP 	Target: autoDraw = False
127.1818 	EXP 	feedbackMsg: text = 'Correct Response!\n\nYou won $5.00!'
127.1818 	EXP 	feedbackMsg: autoDraw = True
127.7358 	DATA 	Keypress: 5
128.5019 	DATA 	Keypress: 5
128.8008 	EXP 	New trial (rep=0, index=17): OrderedDict([('Condition', 'SmallPun'), ('FixationDur', 3500)])
128.8148 	EXP 	feedbackMsg: autoDraw = False
128.8148 	EXP 	feedbackMsg: autoDraw = False
128.8148 	EXP 	cueImage: image = 'images/LoseSmall.bmp'
128.8148 	EXP 	cueImage: autoDraw = True
129.2843 	DATA 	Keypress: 5
130.0688 	DATA 	Keypress: 5
130.8357 	DATA 	Keypress: 5
130.8492 	EXP 	cueImage: autoDraw = False
130.8492 	EXP 	cueImage: autoDraw = False
130.8492 	EXP 	fixation: autoDraw = True
131.6176 	DATA 	Keypress: 5
132.4017 	DATA 	Keypress: 5
133.1690 	DATA 	Keypress: 5
133.9518 	DATA 	Keypress: 5
134.3820 	EXP 	fixation: autoDraw = False
134.3820 	EXP 	fixation: autoDraw = False
134.3820 	EXP 	Target: image = 'images/LoseProbe.bmp'
134.3820 	EXP 	Target: autoDraw = True
134.7364 	DATA 	Keypress: 1
134.7387 	DATA 	Keypress: 5
134.7989 	EXP 	Target: autoDraw = False
134.7989 	EXP 	Target: autoDraw = False
134.7989 	EXP 	feedbackMsg: text = 'Correct Response!\n\nYou did not lose $0.20!'
134.7989 	EXP 	feedbackMsg: autoDraw = True
135.5189 	DATA 	Keypress: 5
136.2858 	DATA 	Keypress: 5
136.4008 	EXP 	New trial (rep=0, index=18): OrderedDict([('Condition', 'LgPun'), ('FixationDur', 1500)])
136.4158 	EXP 	feedbackMsg: autoDraw = False
136.4158 	EXP 	feedbackMsg: autoDraw = False
136.4158 	EXP 	cueImage: image = 'images/LoseBig.bmp'
136.4158 	EXP 	cueImage: autoDraw = True
137.0685 	DATA 	Keypress: 5
137.8527 	DATA 	Keypress: 5
138.4494 	EXP 	cueImage: autoDraw = False
138.4494 	EXP 	cueImage: autoDraw = False
138.4494 	EXP 	fixation: autoDraw = True
138.6182 	DATA 	Keypress: 5
139.4023 	DATA 	Keypress: 5
139.9824 	EXP 	fixation: autoDraw = False
139.9824 	EXP 	fixation: autoDraw = False
139.9824 	EXP 	Target: image = 'images/LoseProbe.bmp'
139.9824 	EXP 	Target: autoDraw = True
140.1868 	DATA 	Keypress: 5
140.3608 	DATA 	Keypress: 1
140.3654 	EXP 	Target: autoDraw = False
140.3654 	EXP 	Target: autoDraw = False
140.3654 	EXP 	feedbackMsg: text = 'You pressed too slow!\n\nYou lost $5.00!'
140.3654 	EXP 	feedbackMsg: autoDraw = True
140.9519 	DATA 	Keypress: 5
141.7371 	DATA 	Keypress: 5
142.0015 	EXP 	New trial (rep=0, index=19): OrderedDict([('Condition', 'LgPun'), ('FixationDur', 3500)])
142.0162 	EXP 	feedbackMsg: autoDraw = False
142.0162 	EXP 	feedbackMsg: autoDraw = False
142.0162 	EXP 	cueImage: image = 'images/LoseBig.bmp'
142.0162 	EXP 	cueImage: autoDraw = True
142.5191 	DATA 	Keypress: 5
143.2852 	DATA 	Keypress: 5
144.0493 	EXP 	cueImage: autoDraw = False
144.0493 	EXP 	cueImage: autoDraw = False
144.0493 	EXP 	fixation: autoDraw = True
144.0693 	DATA 	Keypress: 5
144.8542 	DATA 	Keypress: 5
145.6196 	DATA 	Keypress: 5
146.4035 	DATA 	Keypress: 5
147.1881 	DATA 	Keypress: 5
147.5830 	EXP 	fixation: autoDraw = False
147.5830 	EXP 	fixation: autoDraw = False
147.5830 	EXP 	Target: image = 'images/LoseProbe.bmp'
147.5830 	EXP 	Target: autoDraw = True
147.8695 	DATA 	Keypress: 1
147.9624 	DATA 	Keypress: 5
147.9700 	EXP 	Target: autoDraw = False
147.9700 	EXP 	Target: autoDraw = False
147.9700 	EXP 	feedbackMsg: text = 'Correct Response!\n\nYou did not lose $5.00!'
147.9700 	EXP 	feedbackMsg: autoDraw = True
148.7360 	DATA 	Keypress: 5
149.5199 	DATA 	Keypress: 5
149.6021 	EXP 	New trial (rep=0, index=20): OrderedDict([('Condition', 'SmallReward'), ('FixationDur', 2500)])
149.6336 	EXP 	feedbackMsg: autoDraw = False
149.6336 	EXP 	feedbackMsg: autoDraw = False
149.6336 	EXP 	cueImage: image = 'images/WinSmall.bmp'
149.6336 	EXP 	cueImage: autoDraw = True
150.2864 	DATA 	Keypress: 5
151.0697 	DATA 	Keypress: 5
151.6673 	EXP 	cueImage: autoDraw = False
151.6673 	EXP 	fixation: autoDraw = True
151.8549 	DATA 	Keypress: 5
152.6203 	DATA 	Keypress: 5
153.4028 	DATA 	Keypress: 5
154.2089 	DATA 	Keypress: 5
154.2166 	EXP 	fixation: autoDraw = False
154.2166 	EXP 	fixation: autoDraw = False
154.2166 	EXP 	Target: image = 'images/WinProbe.bmp'
154.2166 	EXP 	Target: autoDraw = True
154.5046 	DATA 	Keypress: 1
154.6002 	EXP 	Target: autoDraw = False
154.6002 	EXP 	Target: autoDraw = False
154.6002 	EXP 	feedbackMsg: text = 'Correct Response!\n\nYou won $0.20!'
154.6002 	EXP 	feedbackMsg: autoDraw = True
154.9701 	DATA 	Keypress: 5
155.7366 	DATA 	Keypress: 5
156.2358 	EXP 	New trial (rep=0, index=21): OrderedDict([('Condition', 'LgPun'), ('FixationDur', 2000)])
156.2498 	EXP 	feedbackMsg: autoDraw = False
156.2498 	EXP 	feedbackMsg: autoDraw = False
156.2498 	EXP 	cueImage: image = 'images/LoseBig.bmp'
156.2498 	EXP 	cueImage: autoDraw = True
156.5213 	DATA 	Keypress: 5
157.3043 	DATA 	Keypress: 5
158.0689 	DATA 	Keypress: 5
158.2843 	EXP 	cueImage: autoDraw = False
158.2843 	EXP 	cueImage: autoDraw = False
158.2843 	EXP 	fixation: autoDraw = True
158.8542 	DATA 	Keypress: 5
159.6388 	DATA 	Keypress: 5
160.3172 	EXP 	fixation: autoDraw = False
160.3172 	EXP 	fixation: autoDraw = False
160.3172 	EXP 	Target: image = 'images/LoseProbe.bmp'
160.3172 	EXP 	Target: autoDraw = True
160.4025 	DATA 	Keypress: 5
160.6835 	EXP 	Target: autoDraw = False
160.6835 	EXP 	Target: autoDraw = False
160.6835 	EXP 	feedbackMsg: text = 'You pressed too slow!\n\nYou lost $5.00!'
160.6835 	EXP 	feedbackMsg: autoDraw = True
160.8532 	DATA 	Keypress: 1
161.1891 	DATA 	Keypress: 5
161.9717 	DATA 	Keypress: 5
162.3525 	EXP 	New trial (rep=0, index=22): OrderedDict([('Condition', 'Triangle'), ('FixationDur', 2000)])
162.3673 	EXP 	feedbackMsg: autoDraw = False
162.3673 	EXP 	feedbackMsg: autoDraw = False
162.3673 	EXP 	cueImage: image = 'images/Neutral.bmp'
162.3673 	EXP 	cueImage: autoDraw = True
162.7360 	DATA 	Keypress: 5
163.5198 	DATA 	Keypress: 5
164.3055 	DATA 	Keypress: 5
164.4013 	EXP 	cueImage: autoDraw = False
164.4013 	EXP 	cueImage: autoDraw = False
164.4013 	EXP 	fixation: autoDraw = True
165.0706 	DATA 	Keypress: 5
165.8557 	DATA 	Keypress: 5
166.4345 	EXP 	fixation: autoDraw = False
166.4345 	EXP 	fixation: autoDraw = False
166.4345 	EXP 	Target: image = 'images/NeutralProbe.bmp'
166.4345 	EXP 	Target: autoDraw = True
166.6389 	DATA 	Keypress: 5
166.8012 	EXP 	Target: autoDraw = False
166.8012 	EXP 	Target: autoDraw = False
166.8012 	EXP 	feedbackMsg: text = 'You pressed too slow!\n\nYou did not win or lose anything!'
166.8012 	EXP 	feedbackMsg: autoDraw = True
167.4049 	DATA 	Keypress: 5
168.1868 	DATA 	Keypress: 5
168.4697 	EXP 	New trial (rep=0, index=23): OrderedDict([('Condition', 'LgPun'), ('FixationDur', 4000)])
168.4845 	EXP 	feedbackMsg: autoDraw = False
168.4845 	EXP 	feedbackMsg: autoDraw = False
168.4845 	EXP 	cueImage: image = 'images/LoseBig.bmp'
168.4845 	EXP 	cueImage: autoDraw = True
168.9723 	DATA 	Keypress: 5
169.7375 	DATA 	Keypress: 5
170.5179 	EXP 	cueImage: autoDraw = False
170.5179 	EXP 	cueImage: autoDraw = False
170.5179 	EXP 	fixation: autoDraw = True
170.5213 	DATA 	Keypress: 5
171.3063 	DATA 	Keypress: 5
172.0716 	DATA 	Keypress: 5
172.8542 	DATA 	Keypress: 5
173.6397 	DATA 	Keypress: 5
174.4054 	DATA 	Keypress: 5
174.5513 	EXP 	fixation: autoDraw = False
174.5513 	EXP 	fixation: autoDraw = False
174.5513 	EXP 	Target: image = 'images/LoseProbe.bmp'
174.5513 	EXP 	Target: autoDraw = True
174.9119 	DATA 	Keypress: 1
174.9177 	EXP 	Target: autoDraw = False
174.9177 	EXP 	Target: autoDraw = False
174.9177 	EXP 	feedbackMsg: text = 'You pressed too slow!\n\nYou lost $5.00!'
174.9177 	EXP 	feedbackMsg: autoDraw = True
175.1875 	DATA 	Keypress: 5
175.9720 	DATA 	Keypress: 5
176.5702 	EXP 	New trial (rep=0, index=24): OrderedDict([('Condition', 'LgPun'), ('FixationDur', 2000)])
176.5846 	EXP 	feedbackMsg: autoDraw = False
176.5846 	EXP 	feedbackMsg: autoDraw = False
176.5846 	EXP 	cueImage: image = 'images/LoseBig.bmp'
176.5846 	EXP 	cueImage: autoDraw = True
176.7561 	DATA 	Keypress: 5
177.5200 	DATA 	Keypress: 5
178.3060 	DATA 	Keypress: 5
178.6188 	EXP 	cueImage: autoDraw = False
178.6188 	EXP 	cueImage: autoDraw = False
178.6188 	EXP 	fixation: autoDraw = True
179.0896 	DATA 	Keypress: 5
179.8543 	DATA 	Keypress: 5
180.6457 	DATA 	Keypress: 5
180.6517 	EXP 	fixation: autoDraw = False
180.6517 	EXP 	fixation: autoDraw = False
180.6517 	EXP 	Target: image = 'images/LoseProbe.bmp'
180.6517 	EXP 	Target: autoDraw = True
181.0074 	DATA 	Keypress: 1
181.0191 	EXP 	Target: autoDraw = False
181.0191 	EXP 	Target: autoDraw = False
181.0191 	EXP 	feedbackMsg: text = 'You pressed too slow!\n\nYou lost $5.00!'
181.0191 	EXP 	feedbackMsg: autoDraw = True
181.4236 	DATA 	Keypress: 5
182.1875 	DATA 	Keypress: 5
182.6706 	EXP 	New trial (rep=0, index=25): OrderedDict([('Condition', 'SmallPun'), ('FixationDur', 1500)])
182.6853 	EXP 	feedbackMsg: autoDraw = False
182.6853 	EXP 	feedbackMsg: autoDraw = False
182.6853 	EXP 	cueImage: image = 'images/LoseSmall.bmp'
182.6853 	EXP 	cueImage: autoDraw = True
182.9717 	DATA 	Keypress: 5
183.7558 	DATA 	Keypress: 5
184.5215 	DATA 	Keypress: 5
184.7193 	EXP 	cueImage: autoDraw = False
184.7193 	EXP 	cueImage: autoDraw = False
184.7193 	EXP 	fixation: autoDraw = True
185.3055 	DATA 	Keypress: 5
186.0902 	DATA 	Keypress: 5
186.2516 	EXP 	fixation: autoDraw = False
186.2516 	EXP 	fixation: autoDraw = False
186.2516 	EXP 	Target: image = 'images/LoseProbe.bmp'
186.2516 	EXP 	Target: autoDraw = True
186.5733 	DATA 	Keypress: 1
186.6525 	EXP 	Target: autoDraw = False
186.6525 	EXP 	Target: autoDraw = False
186.6525 	EXP 	feedbackMsg: text = 'Correct Response!\n\nYou did not lose $0.20!'
186.6525 	EXP 	feedbackMsg: autoDraw = True
186.8554 	DATA 	Keypress: 5
187.6400 	DATA 	Keypress: 5
188.2714 	EXP 	New trial (rep=0, index=26): OrderedDict([('Condition', 'LgPun'), ('FixationDur', 3000)])
188.2849 	EXP 	feedbackMsg: autoDraw = False
188.2849 	EXP 	feedbackMsg: autoDraw = False
188.2849 	EXP 	cueImage: image = 'images/LoseBig.bmp'
188.2849 	EXP 	cueImage: autoDraw = True
188.4223 	DATA 	Keypress: 5
189.1886 	DATA 	Keypress: 5
189.9726 	DATA 	Keypress: 5
190.3086 	EXP 	cueImage: autoDraw = False
190.3086 	EXP 	cueImage: autoDraw = False
190.3086 	EXP 	fixation: autoDraw = True
190.7583 	DATA 	Keypress: 5
191.5225 	DATA 	Keypress: 5
192.3059 	DATA 	Keypress: 5
193.0880 	DATA 	Keypress: 5
193.3518 	EXP 	fixation: autoDraw = False
193.3518 	EXP 	fixation: autoDraw = False
193.3518 	EXP 	Target: image = 'images/LoseProbe.bmp'
193.3518 	EXP 	Target: autoDraw = True
193.6738 	DATA 	Keypress: 1
193.7693 	EXP 	Target: autoDraw = False
193.7693 	EXP 	Target: autoDraw = False
193.7693 	EXP 	feedbackMsg: text = 'Correct Response!\n\nYou did not lose $5.00!'
193.7693 	EXP 	feedbackMsg: autoDraw = True
193.8737 	DATA 	Keypress: 5
194.6387 	DATA 	Keypress: 5
195.3884 	EXP 	New trial (rep=0, index=27): OrderedDict([('Condition', 'LgReward'), ('FixationDur', 2000)])
195.4118 	DATA 	Keypress: 5
195.4195 	EXP 	feedbackMsg: autoDraw = False
195.4195 	EXP 	feedbackMsg: autoDraw = False
195.4195 	EXP 	cueImage: image = 'images/WinBig.bmp'
195.4195 	EXP 	cueImage: autoDraw = True
196.2053 	DATA 	Keypress: 5
196.9729 	DATA 	Keypress: 5
197.4429 	EXP 	cueImage: autoDraw = False
197.4429 	EXP 	fixation: autoDraw = True
197.7552 	DATA 	Keypress: 5
198.5242 	DATA 	Keypress: 5
199.3055 	DATA 	Keypress: 5
199.4943 	EXP 	fixation: autoDraw = False
199.4943 	EXP 	fixation: autoDraw = False
199.4943 	EXP 	Target: image = 'images/WinProbe.bmp'
199.4943 	EXP 	Target: autoDraw = True
199.7900 	DATA 	Keypress: 1
199.9037 	EXP 	Target: autoDraw = False
199.9037 	EXP 	Target: autoDraw = False
199.9037 	EXP 	feedbackMsg: text = 'Correct Response!\n\nYou won $5.00!'
199.9037 	EXP 	feedbackMsg: autoDraw = True
200.0905 	DATA 	Keypress: 5
200.8732 	DATA 	Keypress: 5
201.5221 	EXP 	New trial (rep=0, index=28): OrderedDict([('Condition', 'Triangle'), ('FixationDur', 1500)])
201.5364 	EXP 	feedbackMsg: autoDraw = False
201.5364 	EXP 	feedbackMsg: autoDraw = False
201.5364 	EXP 	cueImage: image = 'images/Neutral.bmp'
201.5364 	EXP 	cueImage: autoDraw = True
201.6387 	DATA 	Keypress: 5
202.4238 	DATA 	Keypress: 5
203.2049 	DATA 	Keypress: 5
203.5607 	EXP 	cueImage: autoDraw = False
203.5607 	EXP 	cueImage: autoDraw = False
203.5607 	EXP 	fixation: autoDraw = True
203.9725 	DATA 	Keypress: 5
204.7571 	DATA 	Keypress: 5
205.1032 	EXP 	fixation: autoDraw = False
205.1032 	EXP 	fixation: autoDraw = False
205.1032 	EXP 	Target: image = 'images/NeutralProbe.bmp'
205.1032 	EXP 	Target: autoDraw = True
205.5366 	DATA 	Keypress: 5
205.5444 	EXP 	Target: autoDraw = False
205.5444 	EXP 	Target: autoDraw = False
205.5444 	EXP 	feedbackMsg: text = 'You pressed too slow!\n\nYou did not win or lose anything!'
205.5444 	EXP 	feedbackMsg: autoDraw = True
205.6406 	DATA 	Keypress: 1
206.3066 	DATA 	Keypress: 5
207.0902 	DATA 	Keypress: 5
207.1389 	EXP 	New trial (rep=0, index=29): OrderedDict([('Condition', 'Triangle'), ('FixationDur', 2000)])
207.1533 	EXP 	feedbackMsg: autoDraw = False
207.1533 	EXP 	feedbackMsg: autoDraw = False
207.1533 	EXP 	cueImage: image = 'images/Neutral.bmp'
207.1533 	EXP 	cueImage: autoDraw = True
207.8742 	DATA 	Keypress: 5
208.6398 	DATA 	Keypress: 5
209.1786 	EXP 	cueImage: autoDraw = False
209.1786 	EXP 	cueImage: autoDraw = False
209.1786 	EXP 	fixation: autoDraw = True
209.4236 	DATA 	Keypress: 5
210.2083 	DATA 	Keypress: 5
210.9745 	DATA 	Keypress: 5
211.2208 	EXP 	fixation: autoDraw = False
211.2208 	EXP 	fixation: autoDraw = False
211.2208 	EXP 	Target: image = 'images/NeutralProbe.bmp'
211.2208 	EXP 	Target: autoDraw = True
211.5061 	DATA 	Keypress: 1
211.6371 	EXP 	Target: autoDraw = False
211.6371 	EXP 	Target: autoDraw = False
211.6371 	EXP 	feedbackMsg: text = 'Correct Response!\n\nYou did not win or lose anything!'
211.6371 	EXP 	feedbackMsg: autoDraw = True
211.7565 	DATA 	Keypress: 5
212.5418 	DATA 	Keypress: 5
213.2380 	EXP 	New trial (rep=0, index=30): OrderedDict([('Condition', 'SmallReward'), ('FixationDur', 4000)])
213.2702 	EXP 	feedbackMsg: autoDraw = False
213.2702 	EXP 	feedbackMsg: autoDraw = False
213.2702 	EXP 	cueImage: image = 'images/WinSmall.bmp'
213.2702 	EXP 	cueImage: autoDraw = True
213.3056 	DATA 	Keypress: 5
214.0896 	DATA 	Keypress: 5
214.8743 	DATA 	Keypress: 5
215.2793 	EXP 	cueImage: autoDraw = False
215.2793 	EXP 	fixation: autoDraw = True
215.6409 	DATA 	Keypress: 5
216.4240 	DATA 	Keypress: 5
217.2088 	DATA 	Keypress: 5
217.9747 	DATA 	Keypress: 5
218.7585 	DATA 	Keypress: 5
219.3290 	EXP 	fixation: autoDraw = False
219.3290 	EXP 	fixation: autoDraw = False
219.3290 	EXP 	Target: image = 'images/WinProbe.bmp'
219.3290 	EXP 	Target: autoDraw = True
219.5409 	DATA 	Keypress: 5
219.7545 	EXP 	Target: autoDraw = False
219.7545 	EXP 	Target: autoDraw = False
219.7545 	EXP 	feedbackMsg: text = 'You pressed too slow!\n\nYou did not win $0.20!'
219.7545 	EXP 	feedbackMsg: autoDraw = True
219.8083 	DATA 	Keypress: 1
220.3256 	DATA 	Keypress: 5
221.0901 	DATA 	Keypress: 5
221.3566 	EXP 	New trial (rep=0, index=31): OrderedDict([('Condition', 'Triangle'), ('FixationDur', 4000)])
221.3710 	EXP 	feedbackMsg: autoDraw = False
221.3710 	EXP 	feedbackMsg: autoDraw = False
221.3710 	EXP 	cueImage: image = 'images/Neutral.bmp'
221.3710 	EXP 	cueImage: autoDraw = True
221.8747 	DATA 	Keypress: 5
222.6572 	DATA 	Keypress: 5
223.3966 	EXP 	cueImage: autoDraw = False
223.3966 	EXP 	cueImage: autoDraw = False
223.3966 	EXP 	fixation: autoDraw = True
223.4234 	DATA 	Keypress: 5
224.2084 	DATA 	Keypress: 5
224.9930 	DATA 	Keypress: 5
225.7580 	DATA 	Keypress: 5
226.5419 	DATA 	Keypress: 5
227.3266 	DATA 	Keypress: 5
227.4375 	EXP 	fixation: autoDraw = False
227.4375 	EXP 	fixation: autoDraw = False
227.4375 	EXP 	Target: image = 'images/NeutralProbe.bmp'
227.4375 	EXP 	Target: autoDraw = True
227.8639 	EXP 	Target: autoDraw = False
227.8639 	EXP 	Target: autoDraw = False
227.8639 	EXP 	feedbackMsg: text = 'You pressed too slow!\n\nYou did not win or lose anything!'
227.8639 	EXP 	feedbackMsg: autoDraw = True
227.9592 	DATA 	Keypress: 1
228.0913 	DATA 	Keypress: 5
228.8739 	DATA 	Keypress: 5
229.4574 	EXP 	New trial (rep=0, index=32): OrderedDict([('Condition', 'SmallReward'), ('FixationDur', 3500)])
229.4808 	EXP 	feedbackMsg: autoDraw = False
229.4808 	EXP 	feedbackMsg: autoDraw = False
229.4808 	EXP 	cueImage: image = 'images/WinSmall.bmp'
229.4808 	EXP 	cueImage: autoDraw = True
229.6589 	DATA 	Keypress: 5
230.4245 	DATA 	Keypress: 5
231.2084 	DATA 	Keypress: 5
231.5139 	EXP 	cueImage: autoDraw = False
231.5139 	EXP 	fixation: autoDraw = True
231.9927 	DATA 	Keypress: 5
232.7586 	DATA 	Keypress: 5
233.5420 	DATA 	Keypress: 5
234.3270 	DATA 	Keypress: 5
235.0657 	EXP 	fixation: autoDraw = False
235.0657 	EXP 	fixation: autoDraw = False
235.0657 	EXP 	Target: image = 'images/WinProbe.bmp'
235.0657 	EXP 	Target: autoDraw = True
235.0918 	DATA 	Keypress: 5
235.4077 	DATA 	Keypress: 1
235.4886 	EXP 	Target: autoDraw = False
235.4886 	EXP 	Target: autoDraw = False
235.4886 	EXP 	feedbackMsg: text = 'Correct Response!\n\nYou won $0.20!'
235.4886 	EXP 	feedbackMsg: autoDraw = True
235.8751 	DATA 	Keypress: 5
236.6592 	DATA 	Keypress: 5
237.0904 	EXP 	New trial (rep=0, index=33): OrderedDict([('Condition', 'Triangle'), ('FixationDur', 1500)])
237.1055 	EXP 	feedbackMsg: autoDraw = False
237.1055 	EXP 	feedbackMsg: autoDraw = False
237.1055 	EXP 	cueImage: image = 'images/Neutral.bmp'
237.1055 	EXP 	cueImage: autoDraw = True
237.4250 	DATA 	Keypress: 5
238.2083 	DATA 	Keypress: 5
238.9930 	DATA 	Keypress: 5
239.1319 	EXP 	cueImage: autoDraw = False
239.1319 	EXP 	cueImage: autoDraw = False
239.1319 	EXP 	fixation: autoDraw = True
239.7597 	DATA 	Keypress: 5
240.5417 	DATA 	Keypress: 5
240.6667 	EXP 	fixation: autoDraw = False
240.6667 	EXP 	fixation: autoDraw = False
240.6667 	EXP 	Target: image = 'images/NeutralProbe.bmp'
240.6667 	EXP 	Target: autoDraw = True
241.0896 	DATA 	Keypress: 1
241.0990 	EXP 	Target: autoDraw = False
241.0990 	EXP 	Target: autoDraw = False
241.0990 	EXP 	feedbackMsg: text = 'You pressed too slow!\n\nYou did not win or lose anything!'
241.0990 	EXP 	feedbackMsg: autoDraw = True
241.3261 	DATA 	Keypress: 5
242.0930 	DATA 	Keypress: 5
242.6913 	EXP 	New trial (rep=0, index=34): OrderedDict([('Condition', 'SmallReward'), ('FixationDur', 1500)])
242.7163 	EXP 	feedbackMsg: autoDraw = False
242.7163 	EXP 	feedbackMsg: autoDraw = False
242.7163 	EXP 	cueImage: image = 'images/WinSmall.bmp'
242.7163 	EXP 	cueImage: autoDraw = True
242.8743 	DATA 	Keypress: 5
243.6600 	DATA 	Keypress: 5
244.4432 	DATA 	Keypress: 5
244.7497 	EXP 	cueImage: autoDraw = False
244.7497 	EXP 	fixation: autoDraw = True
245.2089 	DATA 	Keypress: 5
245.9933 	DATA 	Keypress: 5
246.3004 	EXP 	fixation: autoDraw = False
246.3004 	EXP 	fixation: autoDraw = False
246.3004 	EXP 	Target: image = 'images/WinProbe.bmp'
246.3004 	EXP 	Target: autoDraw = True
246.7228 	EXP 	Target: autoDraw = False
246.7228 	EXP 	Target: autoDraw = False
246.7228 	EXP 	feedbackMsg: text = 'You pressed too slow!\n\nYou did not win $0.20!'
246.7228 	EXP 	feedbackMsg: autoDraw = True
246.7770 	DATA 	Keypress: 5
246.8599 	DATA 	Keypress: 1
247.5430 	DATA 	Keypress: 5
248.3249 	EXP 	New trial (rep=0, index=35): OrderedDict([('Condition', 'SmallPun'), ('FixationDur', 4000)])
248.3327 	DATA 	Keypress: 5
248.3387 	EXP 	feedbackMsg: autoDraw = False
248.3387 	EXP 	feedbackMsg: autoDraw = False
248.3387 	EXP 	cueImage: image = 'images/LoseSmall.bmp'
248.3387 	EXP 	cueImage: autoDraw = True
249.1088 	DATA 	Keypress: 5
249.8761 	DATA 	Keypress: 5
250.3663 	EXP 	cueImage: autoDraw = False
250.3663 	EXP 	cueImage: autoDraw = False
250.3663 	EXP 	fixation: autoDraw = True
250.6591 	DATA 	Keypress: 5
251.4450 	DATA 	Keypress: 5
252.2098 	DATA 	Keypress: 5
252.9940 	DATA 	Keypress: 5
253.7778 	DATA 	Keypress: 5
254.4058 	EXP 	fixation: autoDraw = False
254.4058 	EXP 	fixation: autoDraw = False
254.4058 	EXP 	Target: image = 'images/LoseProbe.bmp'
254.4058 	EXP 	Target: autoDraw = True
254.5432 	DATA 	Keypress: 5
254.8015 	DATA 	Keypress: 1
254.8063 	EXP 	Target: autoDraw = False
254.8063 	EXP 	Target: autoDraw = False
254.8063 	EXP 	feedbackMsg: text = 'You pressed too slow!\n\nYou lost $0.20!'
254.8063 	EXP 	feedbackMsg: autoDraw = True
255.3269 	DATA 	Keypress: 5
256.1098 	DATA 	Keypress: 5
256.4255 	EXP 	New trial (rep=0, index=36): OrderedDict([('Condition', 'Triangle'), ('FixationDur', 1500)])
256.4400 	EXP 	feedbackMsg: autoDraw = False
256.4400 	EXP 	feedbackMsg: autoDraw = False
256.4400 	EXP 	cueImage: image = 'images/Neutral.bmp'
256.4400 	EXP 	cueImage: autoDraw = True
256.8763 	DATA 	Keypress: 5
257.6596 	DATA 	Keypress: 5
258.4617 	DATA 	Keypress: 5
258.4674 	EXP 	cueImage: autoDraw = False
258.4674 	EXP 	cueImage: autoDraw = False
258.4674 	EXP 	fixation: autoDraw = True
259.2107 	DATA 	Keypress: 5
259.9986 	DATA 	Keypress: 5
260.0065 	EXP 	fixation: autoDraw = False
260.0065 	EXP 	fixation: autoDraw = False
260.0065 	EXP 	Target: image = 'images/NeutralProbe.bmp'
260.0065 	EXP 	Target: autoDraw = True
260.4062 	DATA 	Keypress: 1
260.4180 	EXP 	Target: autoDraw = False
260.4180 	EXP 	Target: autoDraw = False
260.4180 	EXP 	feedbackMsg: text = 'You pressed too slow!\n\nYou did not win or lose anything!'
260.4180 	EXP 	feedbackMsg: autoDraw = True
260.7767 	DATA 	Keypress: 5
261.5439 	DATA 	Keypress: 5
262.0259 	EXP 	New trial (rep=0, index=37): OrderedDict([('Condition', 'SmallPun'), ('FixationDur', 2000)])
262.0405 	EXP 	feedbackMsg: autoDraw = False
262.0405 	EXP 	feedbackMsg: autoDraw = False
262.0405 	EXP 	cueImage: image = 'images/LoseSmall.bmp'
262.0405 	EXP 	cueImage: autoDraw = True
262.3263 	DATA 	Keypress: 5
263.1105 	DATA 	Keypress: 5
263.8945 	DATA 	Keypress: 5
264.0682 	EXP 	cueImage: autoDraw = False
264.0682 	EXP 	cueImage: autoDraw = False
264.0682 	EXP 	fixation: autoDraw = True
264.6608 	DATA 	Keypress: 5
265.4451 	DATA 	Keypress: 5
266.1030 	EXP 	fixation: autoDraw = False
266.1030 	EXP 	fixation: autoDraw = False
266.1030 	EXP 	Target: image = 'images/LoseProbe.bmp'
266.1030 	EXP 	Target: autoDraw = True
266.2285 	DATA 	Keypress: 5
266.3614 	DATA 	Keypress: 1
266.5078 	EXP 	Target: autoDraw = False
266.5078 	EXP 	Target: autoDraw = False
266.5078 	EXP 	feedbackMsg: text = 'Correct Response!\n\nYou did not lose $0.20!'
266.5078 	EXP 	feedbackMsg: autoDraw = True
266.9934 	DATA 	Keypress: 5
267.7781 	DATA 	Keypress: 5
268.1260 	EXP 	New trial (rep=0, index=38): OrderedDict([('Condition', 'LgReward'), ('FixationDur', 2500)])
268.1524 	EXP 	feedbackMsg: autoDraw = False
268.1524 	EXP 	feedbackMsg: autoDraw = False
268.1524 	EXP 	cueImage: image = 'images/WinBig.bmp'
268.1524 	EXP 	cueImage: autoDraw = True
268.5615 	DATA 	Keypress: 5
269.3269 	DATA 	Keypress: 5
270.1118 	DATA 	Keypress: 5
270.1868 	EXP 	cueImage: autoDraw = False
270.1868 	EXP 	fixation: autoDraw = True
270.8955 	DATA 	Keypress: 5
271.6614 	DATA 	Keypress: 5
272.4442 	DATA 	Keypress: 5
272.7358 	EXP 	fixation: autoDraw = False
272.7358 	EXP 	fixation: autoDraw = False
272.7358 	EXP 	Target: image = 'images/WinProbe.bmp'
272.7358 	EXP 	Target: autoDraw = True
273.0121 	DATA 	Keypress: 1
273.1414 	EXP 	Target: autoDraw = False
273.1414 	EXP 	Target: autoDraw = False
273.1414 	EXP 	feedbackMsg: text = 'Correct Response!\n\nYou won $5.00!'
273.1414 	EXP 	feedbackMsg: autoDraw = True
273.2290 	DATA 	Keypress: 5
273.9948 	DATA 	Keypress: 5
274.7596 	EXP 	New trial (rep=0, index=39): OrderedDict([('Condition', 'LgReward'), ('FixationDur', 1500)])
274.7780 	DATA 	Keypress: 5
274.7871 	EXP 	feedbackMsg: autoDraw = False
274.7871 	EXP 	feedbackMsg: autoDraw = False
274.7871 	EXP 	cueImage: image = 'images/WinBig.bmp'
274.7871 	EXP 	cueImage: autoDraw = True
275.5613 	DATA 	Keypress: 5
276.3277 	DATA 	Keypress: 5
276.8204 	EXP 	cueImage: autoDraw = False
276.8204 	EXP 	fixation: autoDraw = True
277.1073 	DATA 	Keypress: 5
277.8910 	DATA 	Keypress: 5
278.3700 	EXP 	fixation: autoDraw = False
278.3700 	EXP 	fixation: autoDraw = False
278.3700 	EXP 	Target: image = 'images/WinProbe.bmp'
278.3700 	EXP 	Target: autoDraw = True
278.6614 	DATA 	Keypress: 5
278.7908 	EXP 	Target: autoDraw = False
278.7908 	EXP 	Target: autoDraw = False
278.7908 	EXP 	feedbackMsg: text = 'You pressed too slow!\n\nYou did not win $5.00!'
278.7908 	EXP 	feedbackMsg: autoDraw = True
278.9115 	DATA 	Keypress: 1
279.4450 	DATA 	Keypress: 5
280.2288 	DATA 	Keypress: 5
280.3936 	EXP 	New trial (rep=0, index=40): OrderedDict([('Condition', 'LgPun'), ('FixationDur', 1500)])
280.4084 	EXP 	feedbackMsg: autoDraw = False
280.4084 	EXP 	feedbackMsg: autoDraw = False
280.4084 	EXP 	cueImage: image = 'images/LoseBig.bmp'
280.4084 	EXP 	cueImage: autoDraw = True
280.9947 	DATA 	Keypress: 5
281.7771 	DATA 	Keypress: 5
282.4377 	EXP 	cueImage: autoDraw = False
282.4377 	EXP 	cueImage: autoDraw = False
282.4377 	EXP 	fixation: autoDraw = True
282.5565 	DATA 	Keypress: 5
283.3291 	DATA 	Keypress: 5
283.9708 	EXP 	fixation: autoDraw = False
283.9708 	EXP 	fixation: autoDraw = False
283.9708 	EXP 	Target: image = 'images/LoseProbe.bmp'
283.9708 	EXP 	Target: autoDraw = True
284.1071 	DATA 	Keypress: 5
284.2751 	DATA 	Keypress: 1
284.4086 	EXP 	Target: autoDraw = False
284.4086 	EXP 	Target: autoDraw = False
284.4086 	EXP 	feedbackMsg: text = 'Correct Response!\n\nYou did not lose $5.00!'
284.4086 	EXP 	feedbackMsg: autoDraw = True
284.8949 	DATA 	Keypress: 5
285.6796 	DATA 	Keypress: 5
286.0108 	EXP 	New trial (rep=0, index=41): OrderedDict([('Condition', 'SmallPun'), ('FixationDur', 2000)])
286.0251 	EXP 	feedbackMsg: autoDraw = False
286.0251 	EXP 	feedbackMsg: autoDraw = False
286.0251 	EXP 	cueImage: image = 'images/LoseSmall.bmp'
286.0251 	EXP 	cueImage: autoDraw = True
286.4438 	DATA 	Keypress: 5
287.2285 	DATA 	Keypress: 5
288.0473 	DATA 	Keypress: 5
288.0554 	EXP 	cueImage: autoDraw = False
288.0554 	EXP 	cueImage: autoDraw = False
288.0554 	EXP 	fixation: autoDraw = True
288.7751 	DATA 	Keypress: 5
289.5580 	DATA 	Keypress: 5
290.0888 	EXP 	fixation: autoDraw = False
290.0888 	EXP 	fixation: autoDraw = False
290.0888 	EXP 	Target: image = 'images/LoseProbe.bmp'
290.0888 	EXP 	Target: autoDraw = True
290.3430 	DATA 	Keypress: 1
290.3454 	DATA 	Keypress: 5
290.5053 	EXP 	Target: autoDraw = False
290.5053 	EXP 	Target: autoDraw = False
290.5053 	EXP 	feedbackMsg: text = 'Correct Response!\n\nYou did not lose $0.20!'
290.5053 	EXP 	feedbackMsg: autoDraw = True
291.1090 	DATA 	Keypress: 5
291.8918 	DATA 	Keypress: 5
292.1072 	EXP 	New trial (rep=0, index=42): OrderedDict([('Condition', 'LgReward'), ('FixationDur', 1500)])
292.1385 	EXP 	feedbackMsg: autoDraw = False
292.1385 	EXP 	feedbackMsg: autoDraw = False
292.1385 	EXP 	cueImage: image = 'images/WinBig.bmp'
292.1385 	EXP 	cueImage: autoDraw = True
292.6790 	DATA 	Keypress: 5
293.4459 	DATA 	Keypress: 5
294.1561 	EXP 	cueImage: autoDraw = False
294.1561 	EXP 	fixation: autoDraw = True
294.2245 	DATA 	Keypress: 5
295.0128 	DATA 	Keypress: 5
295.7059 	EXP 	fixation: autoDraw = False
295.7059 	EXP 	fixation: autoDraw = False
295.7059 	EXP 	Target: image = 'images/WinProbe.bmp'
295.7059 	EXP 	Target: autoDraw = True
295.7932 	DATA 	Keypress: 5
296.0597 	DATA 	Keypress: 1
296.1226 	EXP 	Target: autoDraw = False
296.1226 	EXP 	Target: autoDraw = False
296.1226 	EXP 	feedbackMsg: text = 'Correct Response!\n\nYou won $5.00!'
296.1226 	EXP 	feedbackMsg: autoDraw = True
296.5590 	DATA 	Keypress: 5
297.3428 	DATA 	Keypress: 5
297.7410 	EXP 	New trial (rep=0, index=43): OrderedDict([('Condition', 'SmallPun'), ('FixationDur', 1500)])
297.7557 	EXP 	feedbackMsg: autoDraw = False
297.7557 	EXP 	feedbackMsg: autoDraw = False
297.7557 	EXP 	cueImage: image = 'images/LoseSmall.bmp'
297.7557 	EXP 	cueImage: autoDraw = True
298.1268 	DATA 	Keypress: 5
298.8921 	DATA 	Keypress: 5
299.6764 	DATA 	Keypress: 5
299.7904 	EXP 	cueImage: autoDraw = False
299.7904 	EXP 	cueImage: autoDraw = False
299.7904 	EXP 	fixation: autoDraw = True
300.4607 	DATA 	Keypress: 5
301.2260 	DATA 	Keypress: 5
301.3234 	EXP 	fixation: autoDraw = False
301.3234 	EXP 	fixation: autoDraw = False
301.3234 	EXP 	Target: image = 'images/LoseProbe.bmp'
301.3234 	EXP 	Target: autoDraw = True
301.6276 	DATA 	Keypress: 1
301.7236 	EXP 	Target: autoDraw = False
301.7236 	EXP 	Target: autoDraw = False
301.7236 	EXP 	feedbackMsg: text = 'Correct Response!\n\nYou did not lose $0.20!'
301.7236 	EXP 	feedbackMsg: autoDraw = True
302.0104 	DATA 	Keypress: 5
302.7935 	DATA 	Keypress: 5
303.3450 	EXP 	New trial (rep=0, index=44): OrderedDict([('Condition', 'SmallReward'), ('FixationDur', 1500)])
303.3730 	EXP 	feedbackMsg: autoDraw = False
303.3730 	EXP 	feedbackMsg: autoDraw = False
303.3730 	EXP 	cueImage: image = 'images/WinSmall.bmp'
303.3730 	EXP 	cueImage: autoDraw = True
303.5593 	DATA 	Keypress: 5
304.3459 	DATA 	Keypress: 5
305.1299 	DATA 	Keypress: 5
305.4077 	EXP 	cueImage: autoDraw = False
305.4077 	EXP 	fixation: autoDraw = True
305.8955 	DATA 	Keypress: 5
306.6814 	DATA 	Keypress: 5
306.9569 	EXP 	fixation: autoDraw = False
306.9569 	EXP 	fixation: autoDraw = False
306.9569 	EXP 	Target: image = 'images/WinProbe.bmp'
306.9569 	EXP 	Target: autoDraw = True
307.3581 	EXP 	Target: autoDraw = False
307.3581 	EXP 	Target: autoDraw = False
307.3581 	EXP 	feedbackMsg: text = 'You pressed too slow!\n\nYou did not win $0.20!'
307.3581 	EXP 	feedbackMsg: autoDraw = True
307.4631 	DATA 	Keypress: 5
307.5141 	DATA 	Keypress: 1
308.2293 	DATA 	Keypress: 5
308.9789 	EXP 	New trial (rep=0, index=45): OrderedDict([('Condition', 'LgReward'), ('FixationDur', 4000)])
309.0074 	EXP 	feedbackMsg: autoDraw = False
309.0074 	EXP 	feedbackMsg: autoDraw = False
309.0074 	EXP 	cueImage: image = 'images/WinBig.bmp'
309.0074 	EXP 	cueImage: autoDraw = True
309.0104 	DATA 	Keypress: 5
309.7973 	DATA 	Keypress: 5
310.5620 	DATA 	Keypress: 5
311.0411 	EXP 	cueImage: autoDraw = False
311.0411 	EXP 	fixation: autoDraw = True
311.3471 	DATA 	Keypress: 5
312.1314 	DATA 	Keypress: 5
312.8971 	DATA 	Keypress: 5
313.6802 	DATA 	Keypress: 5
314.4652 	DATA 	Keypress: 5
315.0915 	EXP 	fixation: autoDraw = False
315.0915 	EXP 	fixation: autoDraw = False
315.0915 	EXP 	Target: image = 'images/WinProbe.bmp'
315.0915 	EXP 	Target: autoDraw = True
315.2298 	DATA 	Keypress: 5
315.3649 	DATA 	Keypress: 1
315.4755 	EXP 	Target: autoDraw = False
315.4755 	EXP 	Target: autoDraw = False
315.4755 	EXP 	feedbackMsg: text = 'Correct Response!\n\nYou won $5.00!'
315.4755 	EXP 	feedbackMsg: autoDraw = True
316.0142 	DATA 	Keypress: 5
316.7989 	DATA 	Keypress: 5
317.1126 	EXP 	New trial (rep=0, index=46): OrderedDict([('Condition', 'Triangle'), ('FixationDur', 3000)])
317.1276 	EXP 	feedbackMsg: autoDraw = False
317.1276 	EXP 	feedbackMsg: autoDraw = False
317.1276 	EXP 	cueImage: image = 'images/Neutral.bmp'
317.1276 	EXP 	cueImage: autoDraw = True
317.5638 	DATA 	Keypress: 5
318.3462 	DATA 	Keypress: 5
319.1486 	DATA 	Keypress: 5
319.1590 	EXP 	cueImage: autoDraw = False
319.1590 	EXP 	cueImage: autoDraw = False
319.1590 	EXP 	fixation: autoDraw = True
319.8973 	DATA 	Keypress: 5
320.6813 	DATA 	Keypress: 5
321.4653 	DATA 	Keypress: 5
322.1923 	EXP 	fixation: autoDraw = False
322.1923 	EXP 	fixation: autoDraw = False
322.1923 	EXP 	Target: image = 'images/NeutralProbe.bmp'
322.1923 	EXP 	Target: autoDraw = True
322.2311 	DATA 	Keypress: 5
322.5780 	EXP 	Target: autoDraw = False
322.5780 	EXP 	Target: autoDraw = False
322.5780 	EXP 	feedbackMsg: text = 'You pressed too slow!\n\nYou did not win or lose anything!'
322.5780 	EXP 	feedbackMsg: autoDraw = True
322.8150 	DATA 	Keypress: 1
323.0138 	DATA 	Keypress: 5
323.7980 	DATA 	Keypress: 5
324.2132 	EXP 	New trial (rep=0, index=47): OrderedDict([('Condition', 'SmallPun'), ('FixationDur', 3000)])
324.2277 	EXP 	feedbackMsg: autoDraw = False
324.2277 	EXP 	feedbackMsg: autoDraw = False
324.2277 	EXP 	cueImage: image = 'images/LoseSmall.bmp'
324.2277 	EXP 	cueImage: autoDraw = True
324.5812 	DATA 	Keypress: 5
325.3467 	DATA 	Keypress: 5
326.1318 	DATA 	Keypress: 5
326.2599 	EXP 	cueImage: autoDraw = False
326.2599 	EXP 	cueImage: autoDraw = False
326.2599 	EXP 	fixation: autoDraw = True
326.9161 	DATA 	Keypress: 5
327.6805 	DATA 	Keypress: 5
328.4658 	DATA 	Keypress: 5
329.2851 	DATA 	Keypress: 5
329.2934 	EXP 	fixation: autoDraw = False
329.2934 	EXP 	fixation: autoDraw = False
329.2934 	EXP 	Target: image = 'images/LoseProbe.bmp'
329.2934 	EXP 	Target: autoDraw = True
329.5980 	DATA 	Keypress: 1
329.6768 	EXP 	Target: autoDraw = False
329.6768 	EXP 	Target: autoDraw = False
329.6768 	EXP 	feedbackMsg: text = 'Correct Response!\n\nYou did not lose $0.20!'
329.6768 	EXP 	feedbackMsg: autoDraw = True
330.0136 	DATA 	Keypress: 5
330.7979 	DATA 	Keypress: 5
331.3135 	EXP 	New trial (rep=0, index=48): OrderedDict([('Condition', 'SmallPun'), ('FixationDur', 2500)])
331.3279 	EXP 	feedbackMsg: autoDraw = False
331.3279 	EXP 	feedbackMsg: autoDraw = False
331.3279 	EXP 	cueImage: image = 'images/LoseSmall.bmp'
331.3279 	EXP 	cueImage: autoDraw = True
331.5821 	DATA 	Keypress: 5
332.3473 	DATA 	Keypress: 5
333.1311 	DATA 	Keypress: 5
333.3613 	EXP 	cueImage: autoDraw = False
333.3613 	EXP 	cueImage: autoDraw = False
333.3613 	EXP 	fixation: autoDraw = True
333.9160 	DATA 	Keypress: 5
334.6817 	DATA 	Keypress: 5
335.4643 	DATA 	Keypress: 5
335.8946 	EXP 	fixation: autoDraw = False
335.8946 	EXP 	fixation: autoDraw = False
335.8946 	EXP 	Target: image = 'images/LoseProbe.bmp'
335.8946 	EXP 	Target: autoDraw = True
336.2723 	DATA 	Keypress: 1
336.2740 	DATA 	Keypress: 5
336.2786 	EXP 	Target: autoDraw = False
336.2786 	EXP 	Target: autoDraw = False
336.2786 	EXP 	feedbackMsg: text = 'You pressed too slow!\n\nYou lost $0.20!'
336.2786 	EXP 	feedbackMsg: autoDraw = True
337.0151 	DATA 	Keypress: 5
337.7989 	DATA 	Keypress: 5
337.9140 	EXP 	New trial (rep=0, index=49): OrderedDict([('Condition', 'SmallReward'), ('FixationDur', 2000)])
337.9450 	EXP 	feedbackMsg: autoDraw = False
337.9450 	EXP 	feedbackMsg: autoDraw = False
337.9450 	EXP 	cueImage: image = 'images/WinSmall.bmp'
337.9450 	EXP 	cueImage: autoDraw = True
338.5820 	DATA 	Keypress: 5
339.3485 	DATA 	Keypress: 5
339.9792 	EXP 	cueImage: autoDraw = False
339.9792 	EXP 	fixation: autoDraw = True
340.1322 	DATA 	Keypress: 5
340.9170 	DATA 	Keypress: 5
341.6822 	DATA 	Keypress: 5
342.0290 	EXP 	fixation: autoDraw = False
342.0290 	EXP 	fixation: autoDraw = False
342.0290 	EXP 	Target: image = 'images/WinProbe.bmp'
342.0290 	EXP 	Target: autoDraw = True
342.3167 	DATA 	Keypress: 1
342.3955 	EXP 	Target: autoDraw = False
342.3955 	EXP 	Target: autoDraw = False
342.3955 	EXP 	feedbackMsg: text = 'Correct Response!\n\nYou won $0.20!'
342.3955 	EXP 	feedbackMsg: autoDraw = True
342.4648 	DATA 	Keypress: 5
343.2497 	DATA 	Keypress: 5
344.0162 	DATA 	Keypress: 5
344.0624 	EXP 	feedbackMsg: autoDraw = False
344.0624 	EXP 	feedbackMsg: autoDraw = False
344.0624 	EXP 	polygon: autoDraw = True
344.7983 	DATA 	Keypress: 5
345.5823 	DATA 	Keypress: 5
346.3666 	DATA 	Keypress: 5
347.1324 	DATA 	Keypress: 5
349.0793 	EXP 	polygon: autoDraw = False
349.0793 	EXP 	polygon: autoDraw = False
349.0793 	EXP 	text: text = 'All done!\n\nYou earned a total of: $20.20!'
349.0793 	EXP 	text: autoDraw = True
352.1128 	EXP 	text: autoDraw = False
352.1128 	EXP 	text: autoDraw = False
352.1128 	EXP 	polygon2: autoDraw = True
353.7498 	DATA 	Keypress: escape
354.1831 	EXP 	window1: mouseVisible = True
