9.5801 	WARNING 	User requested fullscreen with size [1440  900], but screen is actually [1920, 1080]. Using actual size
10.6668 	EXP 	Created window1 = Window(allowGUI=False, allowStencil=False, args=UNKNOWN, autoLog=True, bitsMode=UNKNOWN, blendMode='avg', color=array([0., 0., 0.]), colorSpace='rgb', fullscr=<method-wrapper '__getattribute__' of attributeSetter object at 0x134e87b70>, gamma=None, kwargs=UNKNOWN, lms=UNKNOWN, monitor=<psychopy.monitors.calibTools.Monitor object at 0x134f52c50>, multiSample=False, name='window1', numSamples=2, pos=[0.0, 0.0], screen=0, size=array([3840, 2160]), stereo=False, units='height', useFBO=True, useRetina=True, viewOri=0.0, viewPos=None, viewScale=None, waitBlanking=True, winType='pyglet')
10.6668 	EXP 	window1: recordFrameIntervals = False
11.0832 	EXP 	window1: recordFrameIntervals = True
11.5419 	EXP 	window1: recordFrameIntervals = False
11.9903 	EXP 	Created preinstruct_text = TextStim(__class__=<class 'psychopy.visual.text.TextStim'>, alignHoriz='center', alignVert='center', antialias=True, autoLog=True, bold=False, color='white', colorSpace='named', contrast=1.0, depth=0.0, flipHoriz=False, flipVert=False, font='Arial', fontFiles=[], height=0.05, italic=False, languageStyle='LTR', name='preinstruct_text', opacity=1.0, ori=0, pos=array([0., 0.]), rgb=array([255., 255., 255.]), text='Money Task - Scanner 1', units='height', win=Window(...), wrapWidth=1)
12.0364 	EXP 	Created instructFig = ImageStim(__class__=<class 'psychopy.visual.image.ImageStim'>, autoLog=True, color=array([1., 1., 1.]), colorSpace='rgb', contrast=1.0, depth=0.0, flipHoriz=False, flipVert=False, image='images/MID_instructions.bmp', interpolate=True, mask=None, maskParams=None, name='instructFig', opacity=1.0, ori=0.0, pos=array([0., 0.]), size=array([1.3, 1. ]), texRes=128, units='height', win=Window(...))
12.0381 	EXP 	Created PrepFixation = ShapeStim(__class__=<class 'psychopy.visual.shape.ShapeStim'>, autoDraw=False, autoLog=True, closeShape=True, contrast=1.0, depth=0.0, fillColor=array([1., 1., 1.]), fillColorSpace='rgb', interpolate=True, lineColor=array([1., 1., 1.]), lineColorSpace='rgb', lineWidth=1, name='PrepFixation', opacity=1.0, ori=array(0.), pos=array([0., 0.]), size=array([0.05, 0.05]), units='height', vertices=ndarray(...), win=Window(...), windingRule=None)
12.0398 	EXP 	Created cueImage = ImageStim(__class__=<class 'psychopy.visual.image.ImageStim'>, autoLog=True, color=array([1., 1., 1.]), colorSpace='rgb', contrast=1.0, depth=0.0, flipHoriz=False, flipVert=False, image='sin', interpolate=True, mask=None, maskParams=None, name='cueImage', opacity=1.0, ori=0.0, pos=array([0., 0.]), size=array([1.3, 1. ]), texRes=128, units='height', win=Window(...))
12.0412 	EXP 	Created fixation = ShapeStim(__class__=<class 'psychopy.visual.shape.ShapeStim'>, autoDraw=False, autoLog=True, closeShape=True, contrast=1.0, depth=-1.0, fillColor=array([1., 1., 1.]), fillColorSpace='rgb', interpolate=True, lineColor=array([1., 1., 1.]), lineColorSpace='rgb', lineWidth=1, name='fixation', opacity=1.0, ori=array(0.), pos=array([0., 0.]), size=array([0.05, 0.05]), units='height', vertices=ndarray(...), win=Window(...), windingRule=None)
12.0429 	EXP 	Created Target = ImageStim(__class__=<class 'psychopy.visual.image.ImageStim'>, autoLog=True, color=array([1., 1., 1.]), colorSpace='rgb', contrast=1.0, depth=-1.0, flipHoriz=False, flipVert=False, image='sin', interpolate=True, mask=None, maskParams=None, name='Target', opacity=1.0, ori=0.0, pos=array([0., 0.]), size=array([1.3, 1. ]), texRes=128, units='height', win=Window(...))
12.0522 	EXP 	Created feedbackMsg = TextStim(__class__=<class 'psychopy.visual.text.TextStim'>, alignHoriz='center', alignVert='center', antialias=True, autoLog=True, bold=False, color='white', colorSpace='named', contrast=1.0, depth=-2.0, flipHoriz=False, flipVert=False, font='Arial', fontFiles=[], height=0.05, italic=False, languageStyle='LTR', name='feedbackMsg', opacity=1.0, ori=0, pos=array([0., 0.]), rgb=array([255., 255., 255.]), text='default text', units='height', win=Window(...), wrapWidth=2)
12.0537 	EXP 	Created polygon = ShapeStim(__class__=<class 'psychopy.visual.shape.ShapeStim'>, autoDraw=False, autoLog=True, closeShape=True, contrast=1.0, depth=0.0, fillColor=array([1., 1., 1.]), fillColorSpace='rgb', interpolate=True, lineColor=array([1., 1., 1.]), lineColorSpace='rgb', lineWidth=1, name='polygon', opacity=1.0, ori=array(0.), pos=array([0., 0.]), size=array([0.05, 0.05]), units='height', vertices=ndarray(...), win=Window(...), windingRule=None)
12.0601 	EXP 	Created text = TextStim(__class__=<class 'psychopy.visual.text.TextStim'>, alignHoriz='center', alignVert='center', antialias=True, autoLog=True, bold=False, color='white', colorSpace='named', contrast=1.0, depth=-1.0, flipHoriz=False, flipVert=False, font='Arial', fontFiles=[], height=0.07, italic=False, languageStyle='LTR', name='text', opacity=1.0, ori=0, pos=array([0., 0.]), rgb=array([255., 255., 255.]), text='default text', units='height', win=Window(...), wrapWidth=1)
12.0615 	EXP 	Created polygon2 = ShapeStim(__class__=<class 'psychopy.visual.shape.ShapeStim'>, autoDraw=False, autoLog=True, closeShape=True, contrast=1.0, depth=0.0, fillColor=array([1., 1., 1.]), fillColorSpace='rgb', interpolate=True, lineColor=array([1., 1., 1.]), lineColorSpace='rgb', lineWidth=1, name='polygon2', opacity=1.0, ori=array(0.), pos=array([0., 0.]), size=array([0.05, 0.05]), units='height', vertices=ndarray(...), win=Window(...), windingRule=None)
12.0787 	EXP 	preinstruct_text: autoDraw = True
14.1457 	EXP 	preinstruct_text: autoDraw = False
14.1457 	EXP 	instructFig: autoDraw = True
25.5595 	DATA 	Keypress: 5
25.5851 	EXP 	instructFig: autoDraw = False
25.5851 	EXP 	PrepFixation: autoDraw = True
26.3395 	DATA 	Keypress: 5
27.1315 	DATA 	Keypress: 5
27.5576 	EXP 	Imported TimeVersion10.csv as conditions, 50 conditions, 2 params
27.5580 	EXP 	Created sequence: sequential, trialTypes=50, nReps=1, seed=None
27.5584 	EXP 	New trial (rep=0, index=0): OrderedDict([('Condition', 'LgPun'), ('FixationDur', 1500)])
27.5877 	EXP 	PrepFixation: autoDraw = False
27.5877 	EXP 	cueImage: image = 'images/LoseBig.bmp'
27.5877 	EXP 	cueImage: autoDraw = True
27.8813 	DATA 	Keypress: 5
28.6706 	DATA 	Keypress: 5
29.4626 	DATA 	Keypress: 5
29.5901 	EXP 	cueImage: autoDraw = False
29.5901 	EXP 	cueImage: autoDraw = False
29.5901 	EXP 	fixation: autoDraw = True
30.2161 	DATA 	Keypress: 5
31.0053 	DATA 	Keypress: 5
31.1079 	EXP 	fixation: autoDraw = False
31.1079 	EXP 	fixation: autoDraw = False
31.1079 	EXP 	Target: image = 'images/LoseProbe.bmp'
31.1079 	EXP 	Target: autoDraw = True
31.4396 	DATA 	Keypress: 1
31.4605 	EXP 	Target: autoDraw = False
31.4605 	EXP 	Target: autoDraw = False
31.4605 	EXP 	feedbackMsg: text = 'You pressed too slow!\n\nYou lost $5.00!'
31.4605 	EXP 	feedbackMsg: autoDraw = True
31.7974 	DATA 	Keypress: 5
32.5492 	DATA 	Keypress: 5
33.0465 	EXP 	New trial (rep=0, index=1): OrderedDict([('Condition', 'LgPun'), ('FixationDur', 2500)])
33.0839 	EXP 	feedbackMsg: autoDraw = False
33.0839 	EXP 	feedbackMsg: autoDraw = False
33.0839 	EXP 	cueImage: image = 'images/LoseBig.bmp'
33.0839 	EXP 	cueImage: autoDraw = True
33.3383 	DATA 	Keypress: 5
34.1296 	DATA 	Keypress: 5
34.8786 	DATA 	Keypress: 5
35.0853 	EXP 	cueImage: autoDraw = False
35.0853 	EXP 	cueImage: autoDraw = False
35.0853 	EXP 	fixation: autoDraw = True
35.6718 	DATA 	Keypress: 5
36.4662 	DATA 	Keypress: 5
37.0482 	DATA 	Keypress: 1
37.2172 	DATA 	Keypress: 5
37.6011 	EXP 	fixation: autoDraw = False
37.6011 	EXP 	fixation: autoDraw = False
37.6011 	EXP 	Target: image = 'images/LoseProbe.bmp'
37.6011 	EXP 	Target: autoDraw = True
37.9625 	EXP 	Target: autoDraw = False
37.9625 	EXP 	Target: autoDraw = False
37.9625 	EXP 	feedbackMsg: text = 'You pressed too soon!\n\nYou lost $5.00!'
37.9625 	EXP 	feedbackMsg: autoDraw = True
38.0074 	DATA 	Keypress: 5
38.7973 	DATA 	Keypress: 5
39.5458 	EXP 	New trial (rep=0, index=2): OrderedDict([('Condition', 'Triangle'), ('FixationDur', 2000)])
39.5537 	DATA 	Keypress: 5
39.5842 	EXP 	feedbackMsg: autoDraw = False
39.5842 	EXP 	feedbackMsg: autoDraw = False
39.5842 	EXP 	cueImage: image = 'images/Neutral.bmp'
39.5842 	EXP 	cueImage: autoDraw = True
40.3375 	DATA 	Keypress: 5
41.1310 	DATA 	Keypress: 5
41.6010 	EXP 	cueImage: autoDraw = False
41.6010 	EXP 	cueImage: autoDraw = False
41.6010 	EXP 	fixation: autoDraw = True
41.8823 	DATA 	Keypress: 5
42.6740 	DATA 	Keypress: 5
43.4659 	DATA 	Keypress: 5
43.6012 	EXP 	fixation: autoDraw = False
43.6012 	EXP 	fixation: autoDraw = False
43.6012 	EXP 	Target: image = 'images/NeutralProbe.bmp'
43.6012 	EXP 	Target: autoDraw = True
43.9366 	DATA 	Keypress: 1
43.9607 	EXP 	Target: autoDraw = False
43.9607 	EXP 	Target: autoDraw = False
43.9607 	EXP 	feedbackMsg: text = 'You pressed too slow!\n\nYou did not win or lose anything!'
43.9607 	EXP 	feedbackMsg: autoDraw = True
44.2144 	DATA 	Keypress: 5
45.0082 	DATA 	Keypress: 5
45.5472 	EXP 	New trial (rep=0, index=3): OrderedDict([('Condition', 'SmallPun'), ('FixationDur', 2500)])
45.5857 	EXP 	feedbackMsg: autoDraw = False
45.5857 	EXP 	feedbackMsg: autoDraw = False
45.5857 	EXP 	cueImage: image = 'images/LoseSmall.bmp'
45.5857 	EXP 	cueImage: autoDraw = True
45.7963 	DATA 	Keypress: 5
46.5900 	DATA 	Keypress: 5
47.3402 	DATA 	Keypress: 5
47.6016 	EXP 	cueImage: autoDraw = False
47.6016 	EXP 	cueImage: autoDraw = False
47.6016 	EXP 	fixation: autoDraw = True
48.1332 	DATA 	Keypress: 5
48.8825 	DATA 	Keypress: 5
49.6741 	DATA 	Keypress: 5
50.1010 	EXP 	fixation: autoDraw = False
50.1010 	EXP 	fixation: autoDraw = False
50.1010 	EXP 	Target: image = 'images/LoseProbe.bmp'
50.1010 	EXP 	Target: autoDraw = True
50.4381 	DATA 	Keypress: 1
50.4404 	DATA 	Keypress: 5
50.4595 	EXP 	Target: autoDraw = False
50.4595 	EXP 	Target: autoDraw = False
50.4595 	EXP 	feedbackMsg: text = 'You pressed too slow!\n\nYou lost $0.20!'
50.4595 	EXP 	feedbackMsg: autoDraw = True
51.2559 	DATA 	Keypress: 5
52.0075 	DATA 	Keypress: 5
52.0460 	EXP 	New trial (rep=0, index=4): OrderedDict([('Condition', 'LgReward'), ('FixationDur', 2000)])
52.0847 	EXP 	feedbackMsg: autoDraw = False
52.0847 	EXP 	feedbackMsg: autoDraw = False
52.0847 	EXP 	cueImage: image = 'images/WinBig.bmp'
52.0847 	EXP 	cueImage: autoDraw = True
52.7988 	DATA 	Keypress: 5
53.5888 	DATA 	Keypress: 5
54.1024 	EXP 	cueImage: autoDraw = False
54.1024 	EXP 	cueImage: autoDraw = False
54.1024 	EXP 	fixation: autoDraw = True
54.3426 	DATA 	Keypress: 5
55.1328 	DATA 	Keypress: 5
55.9246 	DATA 	Keypress: 5
56.1187 	EXP 	fixation: autoDraw = False
56.1187 	EXP 	fixation: autoDraw = False
56.1187 	EXP 	Target: image = 'images/WinProbe.bmp'
56.1187 	EXP 	Target: autoDraw = True
56.4230 	DATA 	Keypress: 1
56.5472 	EXP 	Target: autoDraw = False
56.5472 	EXP 	Target: autoDraw = False
56.5472 	EXP 	feedbackMsg: text = 'Correct Response!\n\nYou won $5.00!'
56.5472 	EXP 	feedbackMsg: autoDraw = True
56.6753 	DATA 	Keypress: 5
57.4664 	DATA 	Keypress: 5
58.0481 	EXP 	New trial (rep=0, index=5): OrderedDict([('Condition', 'Triangle'), ('FixationDur', 1500)])
58.0854 	EXP 	feedbackMsg: autoDraw = False
58.0854 	EXP 	feedbackMsg: autoDraw = False
58.0854 	EXP 	cueImage: image = 'images/Neutral.bmp'
58.0854 	EXP 	cueImage: autoDraw = True
58.2577 	DATA 	Keypress: 5
59.0068 	DATA 	Keypress: 5
59.7974 	DATA 	Keypress: 5
60.1030 	EXP 	cueImage: autoDraw = False
60.1030 	EXP 	cueImage: autoDraw = False
60.1030 	EXP 	fixation: autoDraw = True
60.5931 	DATA 	Keypress: 5
61.3411 	DATA 	Keypress: 5
61.6023 	EXP 	fixation: autoDraw = False
61.6023 	EXP 	fixation: autoDraw = False
61.6023 	EXP 	Target: image = 'images/NeutralProbe.bmp'
61.6023 	EXP 	Target: autoDraw = True
61.9654 	DATA 	Keypress: 1
62.0477 	EXP 	Target: autoDraw = False
62.0477 	EXP 	Target: autoDraw = False
62.0477 	EXP 	feedbackMsg: text = 'Correct Response!\n\nYou did not win or lose anything!'
62.0477 	EXP 	feedbackMsg: autoDraw = True
62.1328 	DATA 	Keypress: 5
62.9265 	DATA 	Keypress: 5
63.5491 	EXP 	New trial (rep=0, index=6): OrderedDict([('Condition', 'SmallPun'), ('FixationDur', 1500)])
63.5854 	EXP 	feedbackMsg: autoDraw = False
63.5854 	EXP 	feedbackMsg: autoDraw = False
63.5854 	EXP 	cueImage: image = 'images/LoseSmall.bmp'
63.5854 	EXP 	cueImage: autoDraw = True
63.6728 	DATA 	Keypress: 5
64.4633 	DATA 	Keypress: 5
65.2571 	DATA 	Keypress: 5
65.6034 	EXP 	cueImage: autoDraw = False
65.6034 	EXP 	cueImage: autoDraw = False
65.6034 	EXP 	fixation: autoDraw = True
66.0085 	DATA 	Keypress: 5
66.7993 	DATA 	Keypress: 5
67.1032 	EXP 	fixation: autoDraw = False
67.1032 	EXP 	fixation: autoDraw = False
67.1032 	EXP 	Target: image = 'images/LoseProbe.bmp'
67.1032 	EXP 	Target: autoDraw = True
67.4226 	DATA 	Keypress: 1
67.5436 	EXP 	Target: autoDraw = False
67.5436 	EXP 	Target: autoDraw = False
67.5436 	EXP 	feedbackMsg: text = 'Correct Response!\n\nYou did not lose $0.20!'
67.5436 	EXP 	feedbackMsg: autoDraw = True
67.5898 	DATA 	Keypress: 5
68.3388 	DATA 	Keypress: 5
69.0453 	EXP 	New trial (rep=0, index=7): OrderedDict([('Condition', 'Triangle'), ('FixationDur', 2500)])
69.0858 	EXP 	feedbackMsg: autoDraw = False
69.0858 	EXP 	feedbackMsg: autoDraw = False
69.0858 	EXP 	cueImage: image = 'images/Neutral.bmp'
69.0858 	EXP 	cueImage: autoDraw = True
69.1311 	DATA 	Keypress: 5
69.9233 	DATA 	Keypress: 5
70.6728 	DATA 	Keypress: 5
71.1038 	EXP 	cueImage: autoDraw = False
71.1038 	EXP 	cueImage: autoDraw = False
71.1038 	EXP 	fixation: autoDraw = True
71.4672 	DATA 	Keypress: 5
72.2585 	DATA 	Keypress: 5
73.0092 	DATA 	Keypress: 5
73.5097 	DATA 	Keypress: 1
73.6052 	EXP 	fixation: autoDraw = False
73.6052 	EXP 	fixation: autoDraw = False
73.6052 	EXP 	Target: image = 'images/NeutralProbe.bmp'
73.6052 	EXP 	Target: autoDraw = True
73.7978 	DATA 	Keypress: 5
74.0441 	EXP 	Target: autoDraw = False
74.0441 	EXP 	Target: autoDraw = False
74.0441 	EXP 	feedbackMsg: text = 'You pressed too soon!\n\nYou did not win or lose anything!'
74.0441 	EXP 	feedbackMsg: autoDraw = True
74.5904 	DATA 	Keypress: 5
75.3398 	DATA 	Keypress: 5
75.5459 	EXP 	New trial (rep=0, index=8): OrderedDict([('Condition', 'Triangle'), ('FixationDur', 3000)])
75.5862 	EXP 	feedbackMsg: autoDraw = False
75.5862 	EXP 	feedbackMsg: autoDraw = False
75.5862 	EXP 	cueImage: image = 'images/Neutral.bmp'
75.5862 	EXP 	cueImage: autoDraw = True
76.1308 	DATA 	Keypress: 5
76.9230 	DATA 	Keypress: 5
77.6060 	EXP 	cueImage: autoDraw = False
77.6060 	EXP 	cueImage: autoDraw = False
77.6060 	EXP 	fixation: autoDraw = True
77.6752 	DATA 	Keypress: 5
78.4684 	DATA 	Keypress: 5
79.2598 	DATA 	Keypress: 5
80.0086 	DATA 	Keypress: 5
80.6060 	EXP 	fixation: autoDraw = False
80.6060 	EXP 	fixation: autoDraw = False
80.6060 	EXP 	Target: image = 'images/NeutralProbe.bmp'
80.6060 	EXP 	Target: autoDraw = True
80.7982 	DATA 	Keypress: 5
80.9657 	DATA 	Keypress: 1
81.0445 	EXP 	Target: autoDraw = False
81.0445 	EXP 	Target: autoDraw = False
81.0445 	EXP 	feedbackMsg: text = 'Correct Response!\n\nYou did not win or lose anything!'
81.0445 	EXP 	feedbackMsg: autoDraw = True
81.5882 	DATA 	Keypress: 5
82.3380 	DATA 	Keypress: 5
82.5463 	EXP 	New trial (rep=0, index=9): OrderedDict([('Condition', 'SmallReward'), ('FixationDur', 3500)])
82.5861 	EXP 	feedbackMsg: autoDraw = False
82.5861 	EXP 	feedbackMsg: autoDraw = False
82.5861 	EXP 	cueImage: image = 'images/WinSmall.bmp'
82.5861 	EXP 	cueImage: autoDraw = True
83.1322 	DATA 	Keypress: 5
83.9231 	DATA 	Keypress: 5
84.6062 	EXP 	cueImage: autoDraw = False
84.6062 	EXP 	cueImage: autoDraw = False
84.6062 	EXP 	fixation: autoDraw = True
84.6746 	DATA 	Keypress: 5
85.4690 	DATA 	Keypress: 5
86.2591 	DATA 	Keypress: 5
87.0091 	DATA 	Keypress: 5
87.8014 	DATA 	Keypress: 5
88.1230 	EXP 	fixation: autoDraw = False
88.1230 	EXP 	fixation: autoDraw = False
88.1230 	EXP 	Target: image = 'images/WinProbe.bmp'
88.1230 	EXP 	Target: autoDraw = True
88.4658 	DATA 	Keypress: 1
88.5445 	EXP 	Target: autoDraw = False
88.5445 	EXP 	Target: autoDraw = False
88.5445 	EXP 	feedbackMsg: text = 'Correct Response!\n\nYou won $0.20!'
88.5445 	EXP 	feedbackMsg: autoDraw = True
88.5898 	DATA 	Keypress: 5
89.3400 	DATA 	Keypress: 5
90.0466 	EXP 	New trial (rep=0, index=10): OrderedDict([('Condition', 'SmallReward'), ('FixationDur', 2500)])
90.0869 	EXP 	feedbackMsg: autoDraw = False
90.0869 	EXP 	feedbackMsg: autoDraw = False
90.0869 	EXP 	cueImage: image = 'images/WinSmall.bmp'
90.0869 	EXP 	cueImage: autoDraw = True
90.1323 	DATA 	Keypress: 5
90.9224 	DATA 	Keypress: 5
91.6741 	DATA 	Keypress: 5
92.0949 	EXP 	cueImage: autoDraw = False
92.0949 	EXP 	fixation: autoDraw = True
92.4698 	DATA 	Keypress: 5
93.2593 	DATA 	Keypress: 5
94.0089 	DATA 	Keypress: 5
94.6240 	EXP 	fixation: autoDraw = False
94.6240 	EXP 	fixation: autoDraw = False
94.6240 	EXP 	Target: image = 'images/WinProbe.bmp'
94.6240 	EXP 	Target: autoDraw = True
94.7989 	DATA 	Keypress: 5
95.0183 	DATA 	Keypress: 1
95.0448 	EXP 	Target: autoDraw = False
95.0448 	EXP 	Target: autoDraw = False
95.0448 	EXP 	feedbackMsg: text = 'You pressed too slow!\n\nYou did not win $0.20!'
95.0448 	EXP 	feedbackMsg: autoDraw = True
95.5904 	DATA 	Keypress: 5
96.3833 	DATA 	Keypress: 5
96.5470 	EXP 	New trial (rep=0, index=11): OrderedDict([('Condition', 'LgReward'), ('FixationDur', 1500)])
96.5868 	EXP 	feedbackMsg: autoDraw = False
96.5868 	EXP 	feedbackMsg: autoDraw = False
96.5868 	EXP 	cueImage: image = 'images/WinBig.bmp'
96.5868 	EXP 	cueImage: autoDraw = True
97.1330 	DATA 	Keypress: 5
97.9230 	DATA 	Keypress: 5
98.5901 	EXP 	cueImage: autoDraw = False
98.5901 	EXP 	cueImage: autoDraw = False
98.5901 	EXP 	fixation: autoDraw = True
98.7172 	DATA 	Keypress: 5
99.4668 	DATA 	Keypress: 5
100.1107 	EXP 	fixation: autoDraw = False
100.1107 	EXP 	fixation: autoDraw = False
100.1107 	EXP 	Target: image = 'images/WinProbe.bmp'
100.1107 	EXP 	Target: autoDraw = True
100.2577 	DATA 	Keypress: 5
100.4649 	DATA 	Keypress: 1
100.5453 	EXP 	Target: autoDraw = False
100.5453 	EXP 	Target: autoDraw = False
100.5453 	EXP 	feedbackMsg: text = 'Correct Response!\n\nYou won $5.00!'
100.5453 	EXP 	feedbackMsg: autoDraw = True
101.0542 	DATA 	Keypress: 5
101.8038 	DATA 	Keypress: 5
102.0058 	EXP 	New trial (rep=0, index=12): OrderedDict([('Condition', 'Triangle'), ('FixationDur', 1500)])
102.0452 	EXP 	feedbackMsg: autoDraw = False
102.0452 	EXP 	feedbackMsg: autoDraw = False
102.0452 	EXP 	cueImage: image = 'images/Neutral.bmp'
102.0452 	EXP 	cueImage: autoDraw = True
102.5908 	DATA 	Keypress: 5
103.3848 	DATA 	Keypress: 5
104.0582 	EXP 	cueImage: autoDraw = False
104.0582 	EXP 	cueImage: autoDraw = False
104.0582 	EXP 	fixation: autoDraw = True
104.1374 	DATA 	Keypress: 5
104.9274 	DATA 	Keypress: 5
105.5642 	EXP 	fixation: autoDraw = False
105.5642 	EXP 	fixation: autoDraw = False
105.5642 	EXP 	Target: image = 'images/NeutralProbe.bmp'
105.5642 	EXP 	Target: autoDraw = True
105.7160 	DATA 	Keypress: 5
105.9770 	DATA 	Keypress: 1
106.0035 	EXP 	Target: autoDraw = False
106.0035 	EXP 	Target: autoDraw = False
106.0035 	EXP 	feedbackMsg: text = 'You pressed too slow!\n\nYou did not win or lose anything!'
106.0035 	EXP 	feedbackMsg: autoDraw = True
106.4658 	DATA 	Keypress: 5
107.2564 	DATA 	Keypress: 5
107.4642 	EXP 	New trial (rep=0, index=13): OrderedDict([('Condition', 'SmallReward'), ('FixationDur', 1500)])
107.5039 	EXP 	feedbackMsg: autoDraw = False
107.5039 	EXP 	feedbackMsg: autoDraw = False
107.5039 	EXP 	cueImage: image = 'images/WinSmall.bmp'
107.5039 	EXP 	cueImage: autoDraw = True
108.0501 	DATA 	Keypress: 5
108.8004 	DATA 	Keypress: 5
109.5134 	EXP 	cueImage: autoDraw = False
109.5134 	EXP 	fixation: autoDraw = True
109.5928 	DATA 	Keypress: 5
110.3875 	DATA 	Keypress: 5
111.0306 	EXP 	fixation: autoDraw = False
111.0306 	EXP 	fixation: autoDraw = False
111.0306 	EXP 	Target: image = 'images/WinProbe.bmp'
111.0306 	EXP 	Target: autoDraw = True
111.1353 	DATA 	Keypress: 5
111.3424 	DATA 	Keypress: 1
111.4647 	EXP 	Target: autoDraw = False
111.4647 	EXP 	Target: autoDraw = False
111.4647 	EXP 	feedbackMsg: text = 'Correct Response!\n\nYou won $0.20!'
111.4647 	EXP 	feedbackMsg: autoDraw = True
111.9266 	DATA 	Keypress: 5
112.7183 	DATA 	Keypress: 5
112.9255 	EXP 	New trial (rep=0, index=14): OrderedDict([('Condition', 'SmallReward'), ('FixationDur', 4000)])
112.9625 	EXP 	feedbackMsg: autoDraw = False
112.9625 	EXP 	feedbackMsg: autoDraw = False
112.9625 	EXP 	cueImage: image = 'images/WinSmall.bmp'
112.9625 	EXP 	cueImage: autoDraw = True
113.4652 	DATA 	Keypress: 5
114.2578 	DATA 	Keypress: 5
114.9773 	EXP 	cueImage: autoDraw = False
114.9773 	EXP 	cueImage: autoDraw = False
114.9773 	EXP 	fixation: autoDraw = True
115.0527 	DATA 	Keypress: 5
115.8023 	DATA 	Keypress: 5
116.5918 	DATA 	Keypress: 5
117.3885 	DATA 	Keypress: 5
118.1377 	DATA 	Keypress: 5
118.9990 	DATA 	Keypress: 5
119.0164 	EXP 	fixation: autoDraw = False
119.0164 	EXP 	fixation: autoDraw = False
119.0164 	EXP 	Target: image = 'images/WinProbe.bmp'
119.0164 	EXP 	Target: autoDraw = True
119.3795 	EXP 	Target: autoDraw = False
119.3795 	EXP 	Target: autoDraw = False
119.3795 	EXP 	feedbackMsg: text = 'You pressed too slow!\n\nYou did not win $0.20!'
119.3795 	EXP 	feedbackMsg: autoDraw = True
119.3839 	DATA 	Keypress: 1
119.7175 	DATA 	Keypress: 5
120.4669 	DATA 	Keypress: 5
120.8813 	EXP 	New trial (rep=0, index=15): OrderedDict([('Condition', 'LgReward'), ('FixationDur', 1500)])
120.9215 	EXP 	feedbackMsg: autoDraw = False
120.9215 	EXP 	feedbackMsg: autoDraw = False
120.9215 	EXP 	cueImage: image = 'images/WinBig.bmp'
120.9215 	EXP 	cueImage: autoDraw = True
121.2581 	DATA 	Keypress: 5
122.0500 	DATA 	Keypress: 5
122.7983 	DATA 	Keypress: 5
122.9306 	EXP 	cueImage: autoDraw = False
122.9306 	EXP 	fixation: autoDraw = True
123.5940 	DATA 	Keypress: 5
124.4371 	DATA 	Keypress: 5
124.4607 	EXP 	fixation: autoDraw = False
124.4607 	EXP 	fixation: autoDraw = False
124.4607 	EXP 	Target: image = 'images/WinProbe.bmp'
124.4607 	EXP 	Target: autoDraw = True
124.8115 	DATA 	Keypress: 1
124.8383 	EXP 	Target: autoDraw = False
124.8383 	EXP 	Target: autoDraw = False
124.8383 	EXP 	feedbackMsg: text = 'You pressed too slow!\n\nYou did not win $5.00!'
124.8383 	EXP 	feedbackMsg: autoDraw = True
125.1337 	DATA 	Keypress: 5
125.9257 	DATA 	Keypress: 5
126.3388 	EXP 	New trial (rep=0, index=16): OrderedDict([('Condition', 'LgReward'), ('FixationDur', 3000)])
126.3797 	EXP 	feedbackMsg: autoDraw = False
126.3797 	EXP 	feedbackMsg: autoDraw = False
126.3797 	EXP 	cueImage: image = 'images/WinBig.bmp'
126.3797 	EXP 	cueImage: autoDraw = True
126.7167 	DATA 	Keypress: 5
127.4668 	DATA 	Keypress: 5
128.2599 	DATA 	Keypress: 5
128.3948 	EXP 	cueImage: autoDraw = False
128.3948 	EXP 	fixation: autoDraw = True
129.0512 	DATA 	Keypress: 5
129.8001 	DATA 	Keypress: 5
130.5918 	DATA 	Keypress: 5
131.3896 	DATA 	Keypress: 5
131.4109 	EXP 	fixation: autoDraw = False
131.4109 	EXP 	fixation: autoDraw = False
131.4109 	EXP 	Target: image = 'images/WinProbe.bmp'
131.4109 	EXP 	Target: autoDraw = True
131.7613 	DATA 	Keypress: 1
131.7996 	EXP 	Target: autoDraw = False
131.7996 	EXP 	Target: autoDraw = False
131.7996 	EXP 	feedbackMsg: text = 'You pressed too slow!\n\nYou did not win $5.00!'
131.7996 	EXP 	feedbackMsg: autoDraw = True
132.1360 	DATA 	Keypress: 5
132.9258 	DATA 	Keypress: 5
133.2996 	EXP 	New trial (rep=0, index=17): OrderedDict([('Condition', 'SmallReward'), ('FixationDur', 1500)])
133.3388 	EXP 	feedbackMsg: autoDraw = False
133.3388 	EXP 	feedbackMsg: autoDraw = False
133.3388 	EXP 	cueImage: image = 'images/WinSmall.bmp'
133.3388 	EXP 	cueImage: autoDraw = True
133.7176 	DATA 	Keypress: 5
134.4666 	DATA 	Keypress: 5
135.2604 	DATA 	Keypress: 5
135.3480 	EXP 	cueImage: autoDraw = False
135.3480 	EXP 	cueImage: autoDraw = False
135.3480 	EXP 	fixation: autoDraw = True
136.0522 	DATA 	Keypress: 5
136.8544 	DATA 	Keypress: 5
136.8785 	EXP 	fixation: autoDraw = False
136.8785 	EXP 	fixation: autoDraw = False
136.8785 	EXP 	Target: image = 'images/WinProbe.bmp'
136.8785 	EXP 	Target: autoDraw = True
137.2170 	DATA 	Keypress: 1
137.2965 	EXP 	Target: autoDraw = False
137.2965 	EXP 	Target: autoDraw = False
137.2965 	EXP 	feedbackMsg: text = 'Correct Response!\n\nYou won $0.20!'
137.2965 	EXP 	feedbackMsg: autoDraw = True
137.5933 	DATA 	Keypress: 5
138.3841 	DATA 	Keypress: 5
138.7570 	EXP 	New trial (rep=0, index=18): OrderedDict([('Condition', 'LgPun'), ('FixationDur', 1500)])
138.7970 	EXP 	feedbackMsg: autoDraw = False
138.7970 	EXP 	feedbackMsg: autoDraw = False
138.7970 	EXP 	cueImage: image = 'images/LoseBig.bmp'
138.7970 	EXP 	cueImage: autoDraw = True
139.1762 	DATA 	Keypress: 5
139.9260 	DATA 	Keypress: 5
140.7164 	DATA 	Keypress: 5
140.8121 	EXP 	cueImage: autoDraw = False
140.8121 	EXP 	cueImage: autoDraw = False
140.8121 	EXP 	fixation: autoDraw = True
141.5103 	DATA 	Keypress: 5
142.2975 	DATA 	Keypress: 5
142.3116 	EXP 	fixation: autoDraw = False
142.3116 	EXP 	fixation: autoDraw = False
142.3116 	EXP 	Target: image = 'images/LoseProbe.bmp'
142.3116 	EXP 	Target: autoDraw = True
142.6768 	DATA 	Keypress: 1
142.7553 	EXP 	Target: autoDraw = False
142.7553 	EXP 	Target: autoDraw = False
142.7553 	EXP 	feedbackMsg: text = 'Correct Response!\n\nYou did not lose $5.00!'
142.7553 	EXP 	feedbackMsg: autoDraw = True
143.0534 	DATA 	Keypress: 5
143.8041 	DATA 	Keypress: 5
144.2180 	EXP 	New trial (rep=0, index=19): OrderedDict([('Condition', 'SmallReward'), ('FixationDur', 2000)])
144.2576 	EXP 	feedbackMsg: autoDraw = False
144.2576 	EXP 	feedbackMsg: autoDraw = False
144.2576 	EXP 	cueImage: image = 'images/WinSmall.bmp'
144.2576 	EXP 	cueImage: autoDraw = True
144.5935 	DATA 	Keypress: 5
145.3846 	DATA 	Keypress: 5
146.1785 	DATA 	Keypress: 5
146.2648 	EXP 	cueImage: autoDraw = False
146.2648 	EXP 	cueImage: autoDraw = False
146.2648 	EXP 	fixation: autoDraw = True
146.9277 	DATA 	Keypress: 5
147.7258 	DATA 	Keypress: 5
148.2835 	EXP 	fixation: autoDraw = False
148.2835 	EXP 	fixation: autoDraw = False
148.2835 	EXP 	Target: image = 'images/WinProbe.bmp'
148.2835 	EXP 	Target: autoDraw = True
148.5117 	DATA 	Keypress: 5
148.6368 	DATA 	Keypress: 1
148.7154 	EXP 	Target: autoDraw = False
148.7154 	EXP 	Target: autoDraw = False
148.7154 	EXP 	feedbackMsg: text = 'Correct Response!\n\nYou won $0.20!'
148.7154 	EXP 	feedbackMsg: autoDraw = True
149.2639 	DATA 	Keypress: 5
150.0540 	DATA 	Keypress: 5
150.1771 	EXP 	New trial (rep=0, index=20): OrderedDict([('Condition', 'SmallPun'), ('FixationDur', 3000)])
150.2159 	EXP 	feedbackMsg: autoDraw = False
150.2159 	EXP 	feedbackMsg: autoDraw = False
150.2159 	EXP 	cueImage: image = 'images/LoseSmall.bmp'
150.2159 	EXP 	cueImage: autoDraw = True
150.8448 	DATA 	Keypress: 5
151.5939 	DATA 	Keypress: 5
152.2319 	EXP 	cueImage: autoDraw = False
152.2319 	EXP 	cueImage: autoDraw = False
152.2319 	EXP 	fixation: autoDraw = True
152.3878 	DATA 	Keypress: 5
153.1781 	DATA 	Keypress: 5
153.9298 	DATA 	Keypress: 5
154.7209 	DATA 	Keypress: 5
155.2324 	EXP 	fixation: autoDraw = False
155.2324 	EXP 	fixation: autoDraw = False
155.2324 	EXP 	Target: image = 'images/LoseProbe.bmp'
155.2324 	EXP 	Target: autoDraw = True
155.5107 	DATA 	Keypress: 5
155.6876 	DATA 	Keypress: 1
155.7135 	EXP 	Target: autoDraw = False
155.7135 	EXP 	Target: autoDraw = False
155.7135 	EXP 	feedbackMsg: text = 'You pressed too slow!\n\nYou lost $0.20!'
155.7135 	EXP 	feedbackMsg: autoDraw = True
156.2603 	DATA 	Keypress: 5
157.0519 	DATA 	Keypress: 5
157.1748 	EXP 	New trial (rep=0, index=21): OrderedDict([('Condition', 'LgReward'), ('FixationDur', 3500)])
157.2182 	EXP 	feedbackMsg: autoDraw = False
157.2182 	EXP 	feedbackMsg: autoDraw = False
157.2182 	EXP 	cueImage: image = 'images/WinBig.bmp'
157.2182 	EXP 	cueImage: autoDraw = True
157.8436 	DATA 	Keypress: 5
158.5945 	DATA 	Keypress: 5
159.2327 	EXP 	cueImage: autoDraw = False
159.2327 	EXP 	cueImage: autoDraw = False
159.2327 	EXP 	fixation: autoDraw = True
159.3864 	DATA 	Keypress: 5
160.1812 	DATA 	Keypress: 5
160.9286 	DATA 	Keypress: 5
161.7225 	DATA 	Keypress: 5
162.5143 	DATA 	Keypress: 5
162.7490 	EXP 	fixation: autoDraw = False
162.7490 	EXP 	fixation: autoDraw = False
162.7490 	EXP 	Target: image = 'images/WinProbe.bmp'
162.7490 	EXP 	Target: autoDraw = True
163.1354 	DATA 	Keypress: 1
163.2144 	EXP 	Target: autoDraw = False
163.2144 	EXP 	Target: autoDraw = False
163.2144 	EXP 	feedbackMsg: text = 'Correct Response!\n\nYou won $5.00!'
163.2144 	EXP 	feedbackMsg: autoDraw = True
163.2578 	DATA 	Keypress: 5
164.0514 	DATA 	Keypress: 5
164.6751 	EXP 	New trial (rep=0, index=22): OrderedDict([('Condition', 'LgPun'), ('FixationDur', 4000)])
164.7153 	EXP 	feedbackMsg: autoDraw = False
164.7153 	EXP 	feedbackMsg: autoDraw = False
164.7153 	EXP 	cueImage: image = 'images/LoseBig.bmp'
164.7153 	EXP 	cueImage: autoDraw = True
164.8445 	DATA 	Keypress: 5
165.5931 	DATA 	Keypress: 5
166.3857 	DATA 	Keypress: 5
166.7333 	EXP 	cueImage: autoDraw = False
166.7333 	EXP 	fixation: autoDraw = True
167.1800 	DATA 	Keypress: 5
167.9304 	DATA 	Keypress: 5
168.7201 	DATA 	Keypress: 5
169.5152 	DATA 	Keypress: 5
170.2650 	DATA 	Keypress: 5
170.7340 	EXP 	fixation: autoDraw = False
170.7340 	EXP 	fixation: autoDraw = False
170.7340 	EXP 	Target: image = 'images/LoseProbe.bmp'
170.7340 	EXP 	Target: autoDraw = True
171.0518 	DATA 	Keypress: 5
171.1361 	DATA 	Keypress: 1
171.2152 	EXP 	Target: autoDraw = False
171.2152 	EXP 	Target: autoDraw = False
171.2152 	EXP 	feedbackMsg: text = 'Correct Response!\n\nYou did not lose $5.00!'
171.2152 	EXP 	feedbackMsg: autoDraw = True
171.8436 	DATA 	Keypress: 5
172.5943 	DATA 	Keypress: 5
172.6754 	EXP 	New trial (rep=0, index=23): OrderedDict([('Condition', 'Triangle'), ('FixationDur', 2000)])
172.7155 	EXP 	feedbackMsg: autoDraw = False
172.7155 	EXP 	feedbackMsg: autoDraw = False
172.7155 	EXP 	cueImage: image = 'images/Neutral.bmp'
172.7155 	EXP 	cueImage: autoDraw = True
173.3842 	DATA 	Keypress: 5
174.1782 	DATA 	Keypress: 5
174.7348 	EXP 	cueImage: autoDraw = False
174.7348 	EXP 	cueImage: autoDraw = False
174.7348 	EXP 	fixation: autoDraw = True
174.9304 	DATA 	Keypress: 5
175.7214 	DATA 	Keypress: 5
176.5140 	DATA 	Keypress: 5
176.7345 	EXP 	fixation: autoDraw = False
176.7345 	EXP 	fixation: autoDraw = False
176.7345 	EXP 	Target: image = 'images/NeutralProbe.bmp'
176.7345 	EXP 	Target: autoDraw = True
177.1737 	EXP 	Target: autoDraw = False
177.1737 	EXP 	Target: autoDraw = False
177.1737 	EXP 	feedbackMsg: text = 'You pressed too slow!\n\nYou did not win or lose anything!'
177.1737 	EXP 	feedbackMsg: autoDraw = True
177.1780 	DATA 	Keypress: 1
177.2600 	DATA 	Keypress: 5
178.0533 	DATA 	Keypress: 5
178.6756 	EXP 	New trial (rep=0, index=24): OrderedDict([('Condition', 'LgReward'), ('FixationDur', 4000)])
178.7158 	EXP 	feedbackMsg: autoDraw = False
178.7158 	EXP 	feedbackMsg: autoDraw = False
178.7158 	EXP 	cueImage: image = 'images/WinBig.bmp'
178.7158 	EXP 	cueImage: autoDraw = True
178.8449 	DATA 	Keypress: 5
179.5937 	DATA 	Keypress: 5
180.3877 	DATA 	Keypress: 5
180.7353 	EXP 	cueImage: autoDraw = False
180.7353 	EXP 	cueImage: autoDraw = False
180.7353 	EXP 	fixation: autoDraw = True
181.1812 	DATA 	Keypress: 5
181.9315 	DATA 	Keypress: 5
182.7216 	DATA 	Keypress: 5
183.5133 	DATA 	Keypress: 5
184.2648 	DATA 	Keypress: 5
184.7626 	EXP 	fixation: autoDraw = False
184.7626 	EXP 	fixation: autoDraw = False
184.7626 	EXP 	Target: image = 'images/WinProbe.bmp'
184.7626 	EXP 	Target: autoDraw = True
185.0549 	DATA 	Keypress: 5
185.1757 	EXP 	Target: autoDraw = False
185.1757 	EXP 	Target: autoDraw = False
185.1757 	EXP 	feedbackMsg: text = 'You pressed too slow!\n\nYou did not win $5.00!'
185.1757 	EXP 	feedbackMsg: autoDraw = True
185.1803 	DATA 	Keypress: 1
185.8466 	DATA 	Keypress: 5
186.5969 	DATA 	Keypress: 5
186.6362 	EXP 	New trial (rep=0, index=25): OrderedDict([('Condition', 'LgPun'), ('FixationDur', 3000)])
186.6743 	EXP 	feedbackMsg: autoDraw = False
186.6743 	EXP 	feedbackMsg: autoDraw = False
186.6743 	EXP 	cueImage: image = 'images/LoseBig.bmp'
186.6743 	EXP 	cueImage: autoDraw = True
187.3885 	DATA 	Keypress: 5
188.1780 	DATA 	Keypress: 5
188.6863 	EXP 	cueImage: autoDraw = False
188.6863 	EXP 	cueImage: autoDraw = False
188.6863 	EXP 	fixation: autoDraw = True
188.9312 	DATA 	Keypress: 5
189.7236 	DATA 	Keypress: 5
190.5125 	DATA 	Keypress: 5
191.2626 	DATA 	Keypress: 5
191.6915 	EXP 	fixation: autoDraw = False
191.6915 	EXP 	fixation: autoDraw = False
191.6915 	EXP 	Target: image = 'images/LoseProbe.bmp'
191.6915 	EXP 	Target: autoDraw = True
192.0559 	DATA 	Keypress: 1
192.0584 	DATA 	Keypress: 5
192.1369 	EXP 	Target: autoDraw = False
192.1369 	EXP 	Target: autoDraw = False
192.1369 	EXP 	feedbackMsg: text = 'Correct Response!\n\nYou did not lose $5.00!'
192.1369 	EXP 	feedbackMsg: autoDraw = True
192.8458 	DATA 	Keypress: 5
193.5942 	EXP 	New trial (rep=0, index=26): OrderedDict([('Condition', 'Triangle'), ('FixationDur', 1500)])
193.6006 	DATA 	Keypress: 5
193.6332 	EXP 	feedbackMsg: autoDraw = False
193.6332 	EXP 	feedbackMsg: autoDraw = False
193.6332 	EXP 	cueImage: image = 'images/Neutral.bmp'
193.6332 	EXP 	cueImage: autoDraw = True
194.3889 	DATA 	Keypress: 5
195.1781 	DATA 	Keypress: 5
195.6386 	EXP 	cueImage: autoDraw = False
195.6386 	EXP 	cueImage: autoDraw = False
195.6386 	EXP 	fixation: autoDraw = True
195.9312 	DATA 	Keypress: 5
196.7231 	DATA 	Keypress: 5
197.1546 	EXP 	fixation: autoDraw = False
197.1546 	EXP 	fixation: autoDraw = False
197.1546 	EXP 	Target: image = 'images/NeutralProbe.bmp'
197.1546 	EXP 	Target: autoDraw = True
197.5120 	DATA 	Keypress: 5
197.5910 	EXP 	Target: autoDraw = False
197.5910 	EXP 	Target: autoDraw = False
197.5910 	EXP 	feedbackMsg: text = 'You pressed too slow!\n\nYou did not win or lose anything!'
197.5910 	EXP 	feedbackMsg: autoDraw = True
197.5952 	DATA 	Keypress: 1
198.3044 	DATA 	Keypress: 5
199.0536 	DATA 	Keypress: 5
199.0932 	EXP 	New trial (rep=0, index=27): OrderedDict([('Condition', 'LgPun'), ('FixationDur', 1500)])
199.1333 	EXP 	feedbackMsg: autoDraw = False
199.1333 	EXP 	feedbackMsg: autoDraw = False
199.1333 	EXP 	cueImage: image = 'images/LoseBig.bmp'
199.1333 	EXP 	cueImage: autoDraw = True
199.8443 	DATA 	Keypress: 5
200.6388 	DATA 	Keypress: 5
201.1395 	EXP 	cueImage: autoDraw = False
201.1395 	EXP 	cueImage: autoDraw = False
201.1395 	EXP 	fixation: autoDraw = True
201.3901 	DATA 	Keypress: 5
202.1808 	DATA 	Keypress: 5
202.6556 	EXP 	fixation: autoDraw = False
202.6556 	EXP 	fixation: autoDraw = False
202.6556 	EXP 	Target: image = 'images/LoseProbe.bmp'
202.6556 	EXP 	Target: autoDraw = True
202.9699 	DATA 	Keypress: 5
203.0128 	DATA 	Keypress: 1
203.0914 	EXP 	Target: autoDraw = False
203.0914 	EXP 	Target: autoDraw = False
203.0914 	EXP 	feedbackMsg: text = 'Correct Response!\n\nYou did not lose $5.00!'
203.0914 	EXP 	feedbackMsg: autoDraw = True
203.7209 	DATA 	Keypress: 5
204.5120 	DATA 	Keypress: 5
204.5933 	EXP 	New trial (rep=0, index=28): OrderedDict([('Condition', 'SmallReward'), ('FixationDur', 2000)])
204.6337 	EXP 	feedbackMsg: autoDraw = False
204.6337 	EXP 	feedbackMsg: autoDraw = False
204.6337 	EXP 	cueImage: image = 'images/WinSmall.bmp'
204.6337 	EXP 	cueImage: autoDraw = True
205.3042 	DATA 	Keypress: 5
206.0549 	DATA 	Keypress: 5
206.6382 	EXP 	cueImage: autoDraw = False
206.6382 	EXP 	cueImage: autoDraw = False
206.6382 	EXP 	fixation: autoDraw = True
206.8502 	DATA 	Keypress: 5
207.6409 	DATA 	Keypress: 5
208.3905 	DATA 	Keypress: 5
208.6616 	EXP 	fixation: autoDraw = False
208.6616 	EXP 	fixation: autoDraw = False
208.6616 	EXP 	Target: image = 'images/WinProbe.bmp'
208.6616 	EXP 	Target: autoDraw = True
208.9703 	DATA 	Keypress: 1
209.0933 	EXP 	Target: autoDraw = False
209.0933 	EXP 	Target: autoDraw = False
209.0933 	EXP 	feedbackMsg: text = 'Correct Response!\n\nYou won $0.20!'
209.0933 	EXP 	feedbackMsg: autoDraw = True
209.1819 	DATA 	Keypress: 5
209.9732 	DATA 	Keypress: 5
210.5960 	EXP 	New trial (rep=0, index=29): OrderedDict([('Condition', 'LgPun'), ('FixationDur', 1500)])
210.6358 	EXP 	feedbackMsg: autoDraw = False
210.6358 	EXP 	feedbackMsg: autoDraw = False
210.6358 	EXP 	cueImage: image = 'images/LoseBig.bmp'
210.6358 	EXP 	cueImage: autoDraw = True
210.7191 	DATA 	Keypress: 5
211.5130 	DATA 	Keypress: 5
212.3064 	DATA 	Keypress: 5
212.6408 	EXP 	cueImage: autoDraw = False
212.6408 	EXP 	cueImage: autoDraw = False
212.6408 	EXP 	fixation: autoDraw = True
213.0552 	DATA 	Keypress: 5
213.8494 	DATA 	Keypress: 5
214.1558 	EXP 	fixation: autoDraw = False
214.1558 	EXP 	fixation: autoDraw = False
214.1558 	EXP 	Target: image = 'images/LoseProbe.bmp'
214.1558 	EXP 	Target: autoDraw = True
214.5128 	DATA 	Keypress: 1
214.5924 	EXP 	Target: autoDraw = False
214.5924 	EXP 	Target: autoDraw = False
214.5924 	EXP 	feedbackMsg: text = 'Correct Response!\n\nYou did not lose $5.00!'
214.5924 	EXP 	feedbackMsg: autoDraw = True
214.6384 	DATA 	Keypress: 5
215.3867 	DATA 	Keypress: 5
216.0938 	EXP 	New trial (rep=0, index=30): OrderedDict([('Condition', 'SmallReward'), ('FixationDur', 1500)])
216.1343 	EXP 	feedbackMsg: autoDraw = False
216.1343 	EXP 	feedbackMsg: autoDraw = False
216.1343 	EXP 	cueImage: image = 'images/WinSmall.bmp'
216.1343 	EXP 	cueImage: autoDraw = True
216.1785 	DATA 	Keypress: 5
216.9707 	DATA 	Keypress: 5
217.7226 	DATA 	Keypress: 5
218.1408 	EXP 	cueImage: autoDraw = False
218.1408 	EXP 	cueImage: autoDraw = False
218.1408 	EXP 	fixation: autoDraw = True
218.5152 	DATA 	Keypress: 5
219.3067 	DATA 	Keypress: 5
219.6641 	EXP 	fixation: autoDraw = False
219.6641 	EXP 	fixation: autoDraw = False
219.6641 	EXP 	Target: image = 'images/WinProbe.bmp'
219.6641 	EXP 	Target: autoDraw = True
220.0153 	DATA 	Keypress: 1
220.0627 	DATA 	Keypress: 5
220.0938 	EXP 	Target: autoDraw = False
220.0938 	EXP 	Target: autoDraw = False
220.0938 	EXP 	feedbackMsg: text = 'Correct Response!\n\nYou won $0.20!'
220.0938 	EXP 	feedbackMsg: autoDraw = True
220.8474 	DATA 	Keypress: 5
221.5950 	EXP 	New trial (rep=0, index=31): OrderedDict([('Condition', 'SmallPun'), ('FixationDur', 3500)])
221.6338 	EXP 	feedbackMsg: autoDraw = False
221.6338 	EXP 	feedbackMsg: autoDraw = False
221.6338 	EXP 	cueImage: image = 'images/LoseSmall.bmp'
221.6338 	EXP 	cueImage: autoDraw = True
221.6379 	DATA 	Keypress: 5
222.3880 	DATA 	Keypress: 5
223.1797 	DATA 	Keypress: 5
223.6405 	EXP 	cueImage: autoDraw = False
223.6405 	EXP 	cueImage: autoDraw = False
223.6405 	EXP 	fixation: autoDraw = True
223.9750 	DATA 	Keypress: 5
224.0987 	DATA 	Keypress: 1
224.7238 	DATA 	Keypress: 5
225.5143 	DATA 	Keypress: 5
226.3094 	DATA 	Keypress: 5
227.0597 	DATA 	Keypress: 5
227.1582 	EXP 	fixation: autoDraw = False
227.1582 	EXP 	fixation: autoDraw = False
227.1582 	EXP 	Target: image = 'images/LoseProbe.bmp'
227.1582 	EXP 	Target: autoDraw = True
227.5257 	DATA 	Keypress: 1
227.5510 	EXP 	Target: autoDraw = False
227.5510 	EXP 	Target: autoDraw = False
227.5510 	EXP 	feedbackMsg: text = 'You pressed too soon!\n\nYou lost $0.20!'
227.5510 	EXP 	feedbackMsg: autoDraw = True
227.8472 	DATA 	Keypress: 5
228.6388 	DATA 	Keypress: 5
229.0940 	EXP 	New trial (rep=0, index=32): OrderedDict([('Condition', 'Triangle'), ('FixationDur', 4000)])
229.1346 	EXP 	feedbackMsg: autoDraw = False
229.1346 	EXP 	feedbackMsg: autoDraw = False
229.1346 	EXP 	cueImage: image = 'images/Neutral.bmp'
229.1346 	EXP 	cueImage: autoDraw = True
229.3878 	DATA 	Keypress: 5
230.1802 	DATA 	Keypress: 5
230.9718 	DATA 	Keypress: 5
231.1421 	EXP 	cueImage: autoDraw = False
231.1421 	EXP 	cueImage: autoDraw = False
231.1421 	EXP 	fixation: autoDraw = True
231.7265 	DATA 	Keypress: 5
232.5163 	DATA 	Keypress: 5
233.3067 	DATA 	Keypress: 5
234.0574 	DATA 	Keypress: 5
234.8503 	DATA 	Keypress: 5
235.1585 	EXP 	fixation: autoDraw = False
235.1585 	EXP 	fixation: autoDraw = False
235.1585 	EXP 	Target: image = 'images/NeutralProbe.bmp'
235.1585 	EXP 	Target: autoDraw = True
235.5247 	DATA 	Keypress: 1
235.5515 	EXP 	Target: autoDraw = False
235.5515 	EXP 	Target: autoDraw = False
235.5515 	EXP 	feedbackMsg: text = 'You pressed too slow!\n\nYou did not win or lose anything!'
235.5515 	EXP 	feedbackMsg: autoDraw = True
235.6384 	DATA 	Keypress: 5
236.3882 	DATA 	Keypress: 5
237.0945 	EXP 	New trial (rep=0, index=33): OrderedDict([('Condition', 'SmallPun'), ('FixationDur', 2000)])
237.1350 	EXP 	feedbackMsg: autoDraw = False
237.1350 	EXP 	feedbackMsg: autoDraw = False
237.1350 	EXP 	cueImage: image = 'images/LoseSmall.bmp'
237.1350 	EXP 	cueImage: autoDraw = True
237.1807 	DATA 	Keypress: 5
237.9717 	DATA 	Keypress: 5
238.7653 	DATA 	Keypress: 5
239.1436 	EXP 	cueImage: autoDraw = False
239.1436 	EXP 	cueImage: autoDraw = False
239.1436 	EXP 	fixation: autoDraw = True
239.5172 	DATA 	Keypress: 5
240.3066 	DATA 	Keypress: 5
241.0568 	DATA 	Keypress: 5
241.1601 	EXP 	fixation: autoDraw = False
241.1601 	EXP 	fixation: autoDraw = False
241.1601 	EXP 	Target: image = 'images/LoseProbe.bmp'
241.1601 	EXP 	Target: autoDraw = True
241.4717 	DATA 	Keypress: 1
241.5519 	EXP 	Target: autoDraw = False
241.5519 	EXP 	Target: autoDraw = False
241.5519 	EXP 	feedbackMsg: text = 'Correct Response!\n\nYou did not lose $0.20!'
241.5519 	EXP 	feedbackMsg: autoDraw = True
241.8469 	DATA 	Keypress: 5
242.6389 	DATA 	Keypress: 5
243.0950 	EXP 	New trial (rep=0, index=34): OrderedDict([('Condition', 'LgReward'), ('FixationDur', 1500)])
243.1355 	EXP 	feedbackMsg: autoDraw = False
243.1355 	EXP 	feedbackMsg: autoDraw = False
243.1355 	EXP 	cueImage: image = 'images/WinBig.bmp'
243.1355 	EXP 	cueImage: autoDraw = True
243.4310 	DATA 	Keypress: 5
244.1808 	DATA 	Keypress: 5
244.9715 	DATA 	Keypress: 5
245.1439 	EXP 	cueImage: autoDraw = False
245.1439 	EXP 	cueImage: autoDraw = False
245.1439 	EXP 	fixation: autoDraw = True
245.7254 	DATA 	Keypress: 5
246.5165 	DATA 	Keypress: 5
246.6681 	EXP 	fixation: autoDraw = False
246.6681 	EXP 	fixation: autoDraw = False
246.6681 	EXP 	Target: image = 'images/WinProbe.bmp'
246.6681 	EXP 	Target: autoDraw = True
247.0535 	EXP 	Target: autoDraw = False
247.0535 	EXP 	Target: autoDraw = False
247.0535 	EXP 	feedbackMsg: text = 'You pressed too slow!\n\nYou did not win $5.00!'
247.0535 	EXP 	feedbackMsg: autoDraw = True
247.1814 	DATA 	Keypress: 1
247.3079 	DATA 	Keypress: 5
248.0582 	DATA 	Keypress: 5
248.5968 	EXP 	New trial (rep=0, index=35): OrderedDict([('Condition', 'SmallPun'), ('FixationDur', 1500)])
248.6356 	EXP 	feedbackMsg: autoDraw = False
248.6356 	EXP 	feedbackMsg: autoDraw = False
248.6356 	EXP 	cueImage: image = 'images/LoseSmall.bmp'
248.6356 	EXP 	cueImage: autoDraw = True
248.8480 	DATA 	Keypress: 5
249.6411 	DATA 	Keypress: 5
250.4313 	DATA 	Keypress: 5
250.6447 	EXP 	cueImage: autoDraw = False
250.6447 	EXP 	cueImage: autoDraw = False
250.6447 	EXP 	fixation: autoDraw = True
251.1824 	DATA 	Keypress: 5
251.9767 	DATA 	Keypress: 5
252.1603 	EXP 	fixation: autoDraw = False
252.1603 	EXP 	fixation: autoDraw = False
252.1603 	EXP 	Target: image = 'images/LoseProbe.bmp'
252.1603 	EXP 	Target: autoDraw = True
252.4837 	DATA 	Keypress: 1
252.5101 	EXP 	Target: autoDraw = False
252.5101 	EXP 	Target: autoDraw = False
252.5101 	EXP 	feedbackMsg: text = 'You pressed too slow!\n\nYou lost $0.20!'
252.5101 	EXP 	feedbackMsg: autoDraw = True
252.7650 	DATA 	Keypress: 5
253.5142 	DATA 	Keypress: 5
254.0542 	EXP 	New trial (rep=0, index=36): OrderedDict([('Condition', 'LgReward'), ('FixationDur', 2000)])
254.0939 	EXP 	feedbackMsg: autoDraw = False
254.0939 	EXP 	feedbackMsg: autoDraw = False
254.0939 	EXP 	cueImage: image = 'images/WinBig.bmp'
254.0939 	EXP 	cueImage: autoDraw = True
254.3064 	DATA 	Keypress: 5
255.0967 	DATA 	Keypress: 5
255.8471 	DATA 	Keypress: 5
256.1119 	EXP 	cueImage: autoDraw = False
256.1119 	EXP 	fixation: autoDraw = True
256.6427 	DATA 	Keypress: 5
257.4325 	DATA 	Keypress: 5
258.1282 	EXP 	fixation: autoDraw = False
258.1282 	EXP 	fixation: autoDraw = False
258.1282 	EXP 	Target: image = 'images/WinProbe.bmp'
258.1282 	EXP 	Target: autoDraw = True
258.1806 	DATA 	Keypress: 5
258.4401 	DATA 	Keypress: 1
258.4689 	EXP 	Target: autoDraw = False
258.4689 	EXP 	Target: autoDraw = False
258.4689 	EXP 	feedbackMsg: text = 'You pressed too slow!\n\nYou did not win $5.00!'
258.4689 	EXP 	feedbackMsg: autoDraw = True
258.9730 	DATA 	Keypress: 5
259.7654 	DATA 	Keypress: 5
260.0123 	EXP 	New trial (rep=0, index=37): OrderedDict([('Condition', 'LgReward'), ('FixationDur', 1500)])
260.0542 	EXP 	feedbackMsg: autoDraw = False
260.0542 	EXP 	feedbackMsg: autoDraw = False
260.0542 	EXP 	cueImage: image = 'images/WinBig.bmp'
260.0542 	EXP 	cueImage: autoDraw = True
260.5134 	DATA 	Keypress: 5
261.3080 	DATA 	Keypress: 5
262.0618 	EXP 	cueImage: autoDraw = False
262.0618 	EXP 	fixation: autoDraw = True
262.0651 	DATA 	Keypress: 5
262.8491 	DATA 	Keypress: 5
263.5835 	EXP 	fixation: autoDraw = False
263.5835 	EXP 	fixation: autoDraw = False
263.5835 	EXP 	Target: image = 'images/WinProbe.bmp'
263.5835 	EXP 	Target: autoDraw = True
263.6407 	DATA 	Keypress: 5
263.9291 	EXP 	Target: autoDraw = False
263.9291 	EXP 	Target: autoDraw = False
263.9291 	EXP 	feedbackMsg: text = 'You pressed too slow!\n\nYou did not win $5.00!'
263.9291 	EXP 	feedbackMsg: autoDraw = True
263.9334 	DATA 	Keypress: 1
264.4336 	DATA 	Keypress: 5
265.1829 	DATA 	Keypress: 5
265.4750 	EXP 	New trial (rep=0, index=38): OrderedDict([('Condition', 'SmallPun'), ('FixationDur', 4000)])
265.5120 	EXP 	feedbackMsg: autoDraw = False
265.5120 	EXP 	feedbackMsg: autoDraw = False
265.5120 	EXP 	cueImage: image = 'images/LoseSmall.bmp'
265.5120 	EXP 	cueImage: autoDraw = True
265.9728 	DATA 	Keypress: 5
266.7655 	DATA 	Keypress: 5
267.5299 	EXP 	cueImage: autoDraw = False
267.5299 	EXP 	cueImage: autoDraw = False
267.5299 	EXP 	fixation: autoDraw = True
267.5342 	DATA 	Keypress: 5
268.3102 	DATA 	Keypress: 5
269.1015 	DATA 	Keypress: 5
269.8514 	DATA 	Keypress: 5
270.6411 	DATA 	Keypress: 5
271.4358 	DATA 	Keypress: 5
271.5306 	EXP 	fixation: autoDraw = False
271.5306 	EXP 	fixation: autoDraw = False
271.5306 	EXP 	Target: image = 'images/LoseProbe.bmp'
271.5306 	EXP 	Target: autoDraw = True
271.8901 	DATA 	Keypress: 1
271.9702 	EXP 	Target: autoDraw = False
271.9702 	EXP 	Target: autoDraw = False
271.9702 	EXP 	feedbackMsg: text = 'Correct Response!\n\nYou did not lose $0.20!'
271.9702 	EXP 	feedbackMsg: autoDraw = True
272.1800 	DATA 	Keypress: 5
272.9733 	DATA 	Keypress: 5
273.4715 	EXP 	New trial (rep=0, index=39): OrderedDict([('Condition', 'LgPun'), ('FixationDur', 2000)])
273.5118 	EXP 	feedbackMsg: autoDraw = False
273.5118 	EXP 	feedbackMsg: autoDraw = False
273.5118 	EXP 	cueImage: image = 'images/LoseBig.bmp'
273.5118 	EXP 	cueImage: autoDraw = True
273.7657 	DATA 	Keypress: 5
274.5144 	DATA 	Keypress: 5
275.3086 	DATA 	Keypress: 5
275.5310 	EXP 	cueImage: autoDraw = False
275.5310 	EXP 	cueImage: autoDraw = False
275.5310 	EXP 	fixation: autoDraw = True
276.1008 	DATA 	Keypress: 5
276.8492 	DATA 	Keypress: 5
277.5308 	EXP 	fixation: autoDraw = False
277.5308 	EXP 	fixation: autoDraw = False
277.5308 	EXP 	Target: image = 'images/LoseProbe.bmp'
277.5308 	EXP 	Target: autoDraw = True
277.6402 	DATA 	Keypress: 5
277.8914 	DATA 	Keypress: 1
277.9697 	EXP 	Target: autoDraw = False
277.9697 	EXP 	Target: autoDraw = False
277.9697 	EXP 	feedbackMsg: text = 'Correct Response!\n\nYou did not lose $5.00!'
277.9697 	EXP 	feedbackMsg: autoDraw = True
278.4327 	DATA 	Keypress: 5
279.1817 	DATA 	Keypress: 5
279.4723 	EXP 	New trial (rep=0, index=40): OrderedDict([('Condition', 'Triangle'), ('FixationDur', 3500)])
279.5119 	EXP 	feedbackMsg: autoDraw = False
279.5119 	EXP 	feedbackMsg: autoDraw = False
279.5119 	EXP 	cueImage: image = 'images/Neutral.bmp'
279.5119 	EXP 	cueImage: autoDraw = True
279.9746 	DATA 	Keypress: 5
280.7656 	DATA 	Keypress: 5
281.5318 	EXP 	cueImage: autoDraw = False
281.5318 	EXP 	cueImage: autoDraw = False
281.5318 	EXP 	fixation: autoDraw = True
281.5352 	DATA 	Keypress: 5
282.3117 	DATA 	Keypress: 5
283.0998 	DATA 	Keypress: 5
283.8502 	DATA 	Keypress: 5
284.6449 	DATA 	Keypress: 5
285.0322 	EXP 	fixation: autoDraw = False
285.0322 	EXP 	fixation: autoDraw = False
285.0322 	EXP 	Target: image = 'images/NeutralProbe.bmp'
285.0322 	EXP 	Target: autoDraw = True
285.3916 	DATA 	Keypress: 1
285.4424 	DATA 	Keypress: 5
285.4701 	EXP 	Target: autoDraw = False
285.4701 	EXP 	Target: autoDraw = False
285.4701 	EXP 	feedbackMsg: text = 'Correct Response!\n\nYou did not win or lose anything!'
285.4701 	EXP 	feedbackMsg: autoDraw = True
286.2251 	DATA 	Keypress: 5
286.9715 	EXP 	New trial (rep=0, index=41): OrderedDict([('Condition', 'SmallReward'), ('FixationDur', 1500)])
286.9903 	DATA 	Keypress: 5
287.0123 	EXP 	feedbackMsg: autoDraw = False
287.0123 	EXP 	feedbackMsg: autoDraw = False
287.0123 	EXP 	cueImage: image = 'images/WinSmall.bmp'
287.0123 	EXP 	cueImage: autoDraw = True
287.7646 	DATA 	Keypress: 5
288.5162 	DATA 	Keypress: 5
289.0190 	EXP 	cueImage: autoDraw = False
289.0190 	EXP 	cueImage: autoDraw = False
289.0190 	EXP 	fixation: autoDraw = True
289.3104 	DATA 	Keypress: 5
290.1017 	DATA 	Keypress: 5
290.5487 	EXP 	fixation: autoDraw = False
290.5487 	EXP 	fixation: autoDraw = False
290.5487 	EXP 	Target: image = 'images/WinProbe.bmp'
290.5487 	EXP 	Target: autoDraw = True
290.8917 	DATA 	Keypress: 5
290.9706 	EXP 	Target: autoDraw = False
290.9706 	EXP 	Target: autoDraw = False
290.9706 	EXP 	feedbackMsg: text = 'You pressed too slow!\n\nYou did not win $0.20!'
290.9706 	EXP 	feedbackMsg: autoDraw = True
291.1415 	DATA 	Keypress: 1
291.6411 	DATA 	Keypress: 5
292.4322 	DATA 	Keypress: 5
292.4725 	EXP 	New trial (rep=0, index=42): OrderedDict([('Condition', 'SmallPun'), ('FixationDur', 2000)])
292.5124 	EXP 	feedbackMsg: autoDraw = False
292.5124 	EXP 	feedbackMsg: autoDraw = False
292.5124 	EXP 	cueImage: image = 'images/LoseSmall.bmp'
292.5124 	EXP 	cueImage: autoDraw = True
293.2251 	DATA 	Keypress: 5
293.9769 	DATA 	Keypress: 5
294.5336 	EXP 	cueImage: autoDraw = False
294.5336 	EXP 	fixation: autoDraw = True
294.7695 	DATA 	Keypress: 5
295.5184 	DATA 	Keypress: 5
296.3116 	DATA 	Keypress: 5
296.5341 	EXP 	fixation: autoDraw = False
296.5341 	EXP 	fixation: autoDraw = False
296.5341 	EXP 	Target: image = 'images/LoseProbe.bmp'
296.5341 	EXP 	Target: autoDraw = True
296.8494 	DATA 	Keypress: 1
297.0124 	EXP 	Target: autoDraw = False
297.0124 	EXP 	Target: autoDraw = False
297.0124 	EXP 	feedbackMsg: text = 'Correct Response!\n\nYou did not lose $0.20!'
297.0124 	EXP 	feedbackMsg: autoDraw = True
297.0992 	DATA 	Keypress: 5
297.8921 	DATA 	Keypress: 5
298.4728 	EXP 	New trial (rep=0, index=43): OrderedDict([('Condition', 'SmallReward'), ('FixationDur', 3000)])
298.5128 	EXP 	feedbackMsg: autoDraw = False
298.5128 	EXP 	feedbackMsg: autoDraw = False
298.5128 	EXP 	cueImage: image = 'images/WinSmall.bmp'
298.5128 	EXP 	cueImage: autoDraw = True
298.6416 	DATA 	Keypress: 5
299.4312 	DATA 	Keypress: 5
300.2257 	DATA 	Keypress: 5
300.5191 	EXP 	cueImage: autoDraw = False
300.5191 	EXP 	cueImage: autoDraw = False
300.5191 	EXP 	fixation: autoDraw = True
300.9792 	DATA 	Keypress: 5
301.7695 	DATA 	Keypress: 5
302.5613 	DATA 	Keypress: 5
303.3109 	DATA 	Keypress: 5
303.5417 	EXP 	fixation: autoDraw = False
303.5417 	EXP 	fixation: autoDraw = False
303.5417 	EXP 	Target: image = 'images/WinProbe.bmp'
303.5417 	EXP 	Target: autoDraw = True
303.8931 	DATA 	Keypress: 1
304.0142 	EXP 	Target: autoDraw = False
304.0142 	EXP 	Target: autoDraw = False
304.0142 	EXP 	feedbackMsg: text = 'Correct Response!\n\nYou won $0.20!'
304.0142 	EXP 	feedbackMsg: autoDraw = True
304.1025 	DATA 	Keypress: 5
304.8946 	DATA 	Keypress: 5
305.4753 	EXP 	New trial (rep=0, index=44): OrderedDict([('Condition', 'SmallPun'), ('FixationDur', 1500)])
305.5136 	EXP 	feedbackMsg: autoDraw = False
305.5136 	EXP 	feedbackMsg: autoDraw = False
305.5136 	EXP 	cueImage: image = 'images/LoseSmall.bmp'
305.5136 	EXP 	cueImage: autoDraw = True
305.6421 	DATA 	Keypress: 5
306.4351 	DATA 	Keypress: 5
307.2259 	DATA 	Keypress: 5
307.5193 	EXP 	cueImage: autoDraw = False
307.5193 	EXP 	cueImage: autoDraw = False
307.5193 	EXP 	fixation: autoDraw = True
307.9789 	DATA 	Keypress: 5
308.7700 	DATA 	Keypress: 5
309.0359 	EXP 	fixation: autoDraw = False
309.0359 	EXP 	fixation: autoDraw = False
309.0359 	EXP 	Target: image = 'images/LoseProbe.bmp'
309.0359 	EXP 	Target: autoDraw = True
309.4874 	DATA 	Keypress: 1
309.5127 	EXP 	Target: autoDraw = False
309.5127 	EXP 	Target: autoDraw = False
309.5127 	EXP 	feedbackMsg: text = 'You pressed too slow!\n\nYou lost $0.20!'
309.5127 	EXP 	feedbackMsg: autoDraw = True
309.5587 	DATA 	Keypress: 5
310.3076 	DATA 	Keypress: 5
310.9734 	EXP 	New trial (rep=0, index=45): OrderedDict([('Condition', 'LgPun'), ('FixationDur', 3500)])
311.0131 	EXP 	feedbackMsg: autoDraw = False
311.0131 	EXP 	feedbackMsg: autoDraw = False
311.0131 	EXP 	cueImage: image = 'images/LoseBig.bmp'
311.0131 	EXP 	cueImage: autoDraw = True
311.0996 	DATA 	Keypress: 5
311.8917 	DATA 	Keypress: 5
312.6422 	DATA 	Keypress: 5
313.0198 	EXP 	cueImage: autoDraw = False
313.0198 	EXP 	cueImage: autoDraw = False
313.0198 	EXP 	fixation: autoDraw = True
313.4338 	DATA 	Keypress: 5
314.2291 	DATA 	Keypress: 5
314.9802 	DATA 	Keypress: 5
315.7688 	DATA 	Keypress: 5
316.5367 	EXP 	fixation: autoDraw = False
316.5367 	EXP 	fixation: autoDraw = False
316.5367 	EXP 	Target: image = 'images/LoseProbe.bmp'
316.5367 	EXP 	Target: autoDraw = True
316.5410 	DATA 	Keypress: 5
316.8917 	DATA 	Keypress: 1
316.9721 	EXP 	Target: autoDraw = False
316.9721 	EXP 	Target: autoDraw = False
316.9721 	EXP 	feedbackMsg: text = 'Correct Response!\n\nYou did not lose $5.00!'
316.9721 	EXP 	feedbackMsg: autoDraw = True
317.3092 	DATA 	Keypress: 5
318.1004 	DATA 	Keypress: 5
318.4737 	EXP 	New trial (rep=0, index=46): OrderedDict([('Condition', 'Triangle'), ('FixationDur', 1500)])
318.5136 	EXP 	feedbackMsg: autoDraw = False
318.5136 	EXP 	feedbackMsg: autoDraw = False
318.5136 	EXP 	cueImage: image = 'images/Neutral.bmp'
318.5136 	EXP 	cueImage: autoDraw = True
318.8929 	DATA 	Keypress: 5
319.6442 	DATA 	Keypress: 5
320.4349 	DATA 	Keypress: 5
320.5205 	EXP 	cueImage: autoDraw = False
320.5205 	EXP 	cueImage: autoDraw = False
320.5205 	EXP 	fixation: autoDraw = True
321.2309 	DATA 	Keypress: 5
322.0179 	DATA 	Keypress: 5
322.0372 	EXP 	fixation: autoDraw = False
322.0372 	EXP 	fixation: autoDraw = False
322.0372 	EXP 	Target: image = 'images/NeutralProbe.bmp'
322.0372 	EXP 	Target: autoDraw = True
322.3916 	DATA 	Keypress: 1
322.4720 	EXP 	Target: autoDraw = False
322.4720 	EXP 	Target: autoDraw = False
322.4720 	EXP 	feedbackMsg: text = 'Correct Response!\n\nYou did not win or lose anything!'
322.4720 	EXP 	feedbackMsg: autoDraw = True
322.7678 	DATA 	Keypress: 5
323.5598 	DATA 	Keypress: 5
323.9728 	EXP 	New trial (rep=0, index=47): OrderedDict([('Condition', 'LgReward'), ('FixationDur', 2500)])
324.0140 	EXP 	feedbackMsg: autoDraw = False
324.0140 	EXP 	feedbackMsg: autoDraw = False
324.0140 	EXP 	cueImage: image = 'images/WinBig.bmp'
324.0140 	EXP 	cueImage: autoDraw = True
324.3092 	DATA 	Keypress: 5
325.1009 	DATA 	Keypress: 5
325.8921 	DATA 	Keypress: 5
326.0212 	EXP 	cueImage: autoDraw = False
326.0212 	EXP 	fixation: autoDraw = True
326.6463 	DATA 	Keypress: 5
327.4361 	DATA 	Keypress: 5
328.2312 	DATA 	Keypress: 5
328.5443 	EXP 	fixation: autoDraw = False
328.5443 	EXP 	fixation: autoDraw = False
328.5443 	EXP 	Target: image = 'images/WinProbe.bmp'
328.5443 	EXP 	Target: autoDraw = True
328.8532 	DATA 	Keypress: 1
328.9741 	EXP 	Target: autoDraw = False
328.9741 	EXP 	Target: autoDraw = False
328.9741 	EXP 	feedbackMsg: text = 'Correct Response!\n\nYou won $5.00!'
328.9741 	EXP 	feedbackMsg: autoDraw = True
328.9772 	DATA 	Keypress: 5
329.7709 	DATA 	Keypress: 5
330.4349 	EXP 	New trial (rep=0, index=48): OrderedDict([('Condition', 'LgPun'), ('FixationDur', 2000)])
330.4744 	EXP 	feedbackMsg: autoDraw = False
330.4744 	EXP 	feedbackMsg: autoDraw = False
330.4744 	EXP 	cueImage: image = 'images/LoseBig.bmp'
330.4744 	EXP 	cueImage: autoDraw = True
330.5599 	DATA 	Keypress: 5
331.3087 	DATA 	Keypress: 5
332.1019 	DATA 	Keypress: 5
332.4787 	EXP 	cueImage: autoDraw = False
332.4787 	EXP 	cueImage: autoDraw = False
332.4787 	EXP 	fixation: autoDraw = True
332.8945 	DATA 	Keypress: 5
333.6453 	DATA 	Keypress: 5
334.4737 	DATA 	Keypress: 5
334.4912 	EXP 	fixation: autoDraw = False
334.4912 	EXP 	fixation: autoDraw = False
334.4912 	EXP 	Target: image = 'images/LoseProbe.bmp'
334.4912 	EXP 	Target: autoDraw = True
334.8106 	DATA 	Keypress: 1
334.9311 	EXP 	Target: autoDraw = False
334.9311 	EXP 	Target: autoDraw = False
334.9311 	EXP 	feedbackMsg: text = 'Correct Response!\n\nYou did not lose $5.00!'
334.9311 	EXP 	feedbackMsg: autoDraw = True
335.2263 	DATA 	Keypress: 5
336.0169 	DATA 	Keypress: 5
336.4325 	EXP 	New trial (rep=0, index=49): OrderedDict([('Condition', 'SmallPun'), ('FixationDur', 1500)])
336.4725 	EXP 	feedbackMsg: autoDraw = False
336.4725 	EXP 	feedbackMsg: autoDraw = False
336.4725 	EXP 	cueImage: image = 'images/LoseSmall.bmp'
336.4725 	EXP 	cueImage: autoDraw = True
336.7686 	DATA 	Keypress: 5
337.5591 	DATA 	Keypress: 5
338.3521 	DATA 	Keypress: 5
338.4902 	EXP 	cueImage: autoDraw = False
338.4902 	EXP 	cueImage: autoDraw = False
338.4902 	EXP 	fixation: autoDraw = True
339.1042 	DATA 	Keypress: 5
339.8958 	DATA 	Keypress: 5
339.9897 	EXP 	fixation: autoDraw = False
339.9897 	EXP 	fixation: autoDraw = False
339.9897 	EXP 	Target: image = 'images/LoseProbe.bmp'
339.9897 	EXP 	Target: autoDraw = True
340.3911 	EXP 	Target: autoDraw = False
340.3911 	EXP 	Target: autoDraw = False
340.3911 	EXP 	feedbackMsg: text = 'You pressed too slow!\n\nYou lost $0.20!'
340.3911 	EXP 	feedbackMsg: autoDraw = True
340.3954 	DATA 	Keypress: 1
340.6446 	DATA 	Keypress: 5
341.4391 	DATA 	Keypress: 5
341.9343 	EXP 	feedbackMsg: autoDraw = False
341.9343 	EXP 	feedbackMsg: autoDraw = False
341.9343 	EXP 	polygon: autoDraw = True
342.2290 	DATA 	Keypress: 5
342.9788 	DATA 	Keypress: 5
343.7703 	DATA 	Keypress: 5
344.5644 	DATA 	Keypress: 5
345.3135 	DATA 	Keypress: 5
346.1045 	DATA 	Keypress: 5
346.9096 	DATA 	Keypress: 5
346.9331 	EXP 	polygon: autoDraw = False
346.9331 	EXP 	polygon: autoDraw = False
346.9331 	EXP 	text: text = 'All done!\n\nYou earned a total of: $10.20!'
346.9331 	EXP 	text: autoDraw = True
347.6462 	DATA 	Keypress: 5
348.4361 	DATA 	Keypress: 5
349.2317 	DATA 	Keypress: 5
349.9405 	EXP 	text: autoDraw = False
349.9405 	EXP 	text: autoDraw = False
349.9405 	EXP 	polygon2: autoDraw = True
350.0206 	DATA 	Keypress: 5
350.7726 	DATA 	Keypress: 5
351.5636 	DATA 	Keypress: 5
363.3134 	DATA 	Keypress: 5
364.1038 	DATA 	Keypress: 5
364.8993 	DATA 	Keypress: 5
365.6492 	DATA 	Keypress: 5
368.1896 	DATA 	Keypress: escape
368.5985 	EXP 	window1: mouseVisible = True
