12.1690 	WARNING 	User requested fullscreen with size [1440  900], but screen is actually [1920, 1080]. Using actual size
13.2838 	EXP 	Created window1 = Window(allowGUI=False, allowStencil=False, args=UNKNOWN, autoLog=True, bitsMode=UNKNOWN, blendMode='avg', color=array([0., 0., 0.]), colorSpace='rgb', fullscr=<method-wrapper '__getattribute__' of attributeSetter object at 0x135c47be0>, gamma=None, kwargs=UNKNOWN, lms=UNKNOWN, monitor=<psychopy.monitors.calibTools.Monitor object at 0x135a8acc0>, multiSample=False, name='window1', numSamples=2, pos=[0.0, 0.0], screen=0, size=array([3840, 2160]), stereo=False, units='height', useFBO=True, useRetina=True, viewOri=0.0, viewPos=None, viewScale=None, waitBlanking=True, winType='pyglet')
13.2839 	EXP 	window1: recordFrameIntervals = False
13.6990 	EXP 	window1: recordFrameIntervals = True
14.1584 	EXP 	window1: recordFrameIntervals = False
14.6119 	EXP 	Created preinstruct_text = TextStim(__class__=<class 'psychopy.visual.text.TextStim'>, alignHoriz='center', alignVert='center', antialias=True, autoLog=True, bold=False, color='white', colorSpace='named', contrast=1.0, depth=0.0, flipHoriz=False, flipVert=False, font='Arial', fontFiles=[], height=0.05, italic=False, languageStyle='LTR', name='preinstruct_text', opacity=1.0, ori=0, pos=array([0., 0.]), rgb=array([255., 255., 255.]), text='Money Task - Scanner 1', units='height', win=Window(...), wrapWidth=1)
14.6581 	EXP 	Created instructFig = ImageStim(__class__=<class 'psychopy.visual.image.ImageStim'>, autoLog=True, color=array([1., 1., 1.]), colorSpace='rgb', contrast=1.0, depth=0.0, flipHoriz=False, flipVert=False, image='images/MID_instructions.bmp', interpolate=True, mask=None, maskParams=None, name='instructFig', opacity=1.0, ori=0.0, pos=array([0., 0.]), size=array([1.3, 1. ]), texRes=128, units='height', win=Window(...))
14.6597 	EXP 	Created PrepFixation = ShapeStim(__class__=<class 'psychopy.visual.shape.ShapeStim'>, autoDraw=False, autoLog=True, closeShape=True, contrast=1.0, depth=0.0, fillColor=array([1., 1., 1.]), fillColorSpace='rgb', interpolate=True, lineColor=array([1., 1., 1.]), lineColorSpace='rgb', lineWidth=1, name='PrepFixation', opacity=1.0, ori=array(0.), pos=array([0., 0.]), size=array([0.05, 0.05]), units='height', vertices=ndarray(...), win=Window(...), windingRule=None)
14.6613 	EXP 	Created cueImage = ImageStim(__class__=<class 'psychopy.visual.image.ImageStim'>, autoLog=True, color=array([1., 1., 1.]), colorSpace='rgb', contrast=1.0, depth=0.0, flipHoriz=False, flipVert=False, image='sin', interpolate=True, mask=None, maskParams=None, name='cueImage', opacity=1.0, ori=0.0, pos=array([0., 0.]), size=array([1.3, 1. ]), texRes=128, units='height', win=Window(...))
14.6627 	EXP 	Created fixation = ShapeStim(__class__=<class 'psychopy.visual.shape.ShapeStim'>, autoDraw=False, autoLog=True, closeShape=True, contrast=1.0, depth=-1.0, fillColor=array([1., 1., 1.]), fillColorSpace='rgb', interpolate=True, lineColor=array([1., 1., 1.]), lineColorSpace='rgb', lineWidth=1, name='fixation', opacity=1.0, ori=array(0.), pos=array([0., 0.]), size=array([0.05, 0.05]), units='height', vertices=ndarray(...), win=Window(...), windingRule=None)
14.6644 	EXP 	Created Target = ImageStim(__class__=<class 'psychopy.visual.image.ImageStim'>, autoLog=True, color=array([1., 1., 1.]), colorSpace='rgb', contrast=1.0, depth=-1.0, flipHoriz=False, flipVert=False, image='sin', interpolate=True, mask=None, maskParams=None, name='Target', opacity=1.0, ori=0.0, pos=array([0., 0.]), size=array([1.3, 1. ]), texRes=128, units='height', win=Window(...))
14.6737 	EXP 	Created feedbackMsg = TextStim(__class__=<class 'psychopy.visual.text.TextStim'>, alignHoriz='center', alignVert='center', antialias=True, autoLog=True, bold=False, color='white', colorSpace='named', contrast=1.0, depth=-2.0, flipHoriz=False, flipVert=False, font='Arial', fontFiles=[], height=0.05, italic=False, languageStyle='LTR', name='feedbackMsg', opacity=1.0, ori=0, pos=array([0., 0.]), rgb=array([255., 255., 255.]), text='default text', units='height', win=Window(...), wrapWidth=2)
14.6752 	EXP 	Created polygon = ShapeStim(__class__=<class 'psychopy.visual.shape.ShapeStim'>, autoDraw=False, autoLog=True, closeShape=True, contrast=1.0, depth=0.0, fillColor=array([1., 1., 1.]), fillColorSpace='rgb', interpolate=True, lineColor=array([1., 1., 1.]), lineColorSpace='rgb', lineWidth=1, name='polygon', opacity=1.0, ori=array(0.), pos=array([0., 0.]), size=array([0.05, 0.05]), units='height', vertices=ndarray(...), win=Window(...), windingRule=None)
14.6818 	EXP 	Created text = TextStim(__class__=<class 'psychopy.visual.text.TextStim'>, alignHoriz='center', alignVert='center', antialias=True, autoLog=True, bold=False, color='white', colorSpace='named', contrast=1.0, depth=-1.0, flipHoriz=False, flipVert=False, font='Arial', fontFiles=[], height=0.07, italic=False, languageStyle='LTR', name='text', opacity=1.0, ori=0, pos=array([0., 0.]), rgb=array([255., 255., 255.]), text='default text', units='height', win=Window(...), wrapWidth=1)
14.6833 	EXP 	Created polygon2 = ShapeStim(__class__=<class 'psychopy.visual.shape.ShapeStim'>, autoDraw=False, autoLog=True, closeShape=True, contrast=1.0, depth=0.0, fillColor=array([1., 1., 1.]), fillColorSpace='rgb', interpolate=True, lineColor=array([1., 1., 1.]), lineColorSpace='rgb', lineWidth=1, name='polygon2', opacity=1.0, ori=array(0.), pos=array([0., 0.]), size=array([0.05, 0.05]), units='height', vertices=ndarray(...), win=Window(...), windingRule=None)
14.6989 	EXP 	preinstruct_text: autoDraw = True
16.7571 	EXP 	preinstruct_text: autoDraw = False
16.7571 	EXP 	instructFig: autoDraw = True
30.6747 	DATA 	Keypress: 5
30.7040 	EXP 	instructFig: autoDraw = False
30.7040 	EXP 	PrepFixation: autoDraw = True
31.4130 	DATA 	Keypress: 5
32.2080 	DATA 	Keypress: 5
32.6717 	EXP 	Imported TimeVersion13.csv as conditions, 50 conditions, 2 params
32.6721 	EXP 	Created sequence: sequential, trialTypes=50, nReps=1, seed=None
32.6724 	EXP 	New trial (rep=0, index=0): OrderedDict([('Condition', 'LgPun'), ('FixationDur', 1500)])
32.7005 	EXP 	PrepFixation: autoDraw = False
32.7005 	EXP 	cueImage: image = 'images/LoseBig.bmp'
32.7005 	EXP 	cueImage: autoDraw = True
32.9946 	DATA 	Keypress: 5
33.7886 	DATA 	Keypress: 5
34.5392 	DATA 	Keypress: 5
34.7075 	EXP 	cueImage: autoDraw = False
34.7075 	EXP 	cueImage: autoDraw = False
34.7075 	EXP 	fixation: autoDraw = True
35.3308 	DATA 	Keypress: 5
36.0810 	DATA 	Keypress: 5
36.2234 	EXP 	fixation: autoDraw = False
36.2234 	EXP 	fixation: autoDraw = False
36.2234 	EXP 	Target: image = 'images/LoseProbe.bmp'
36.2234 	EXP 	Target: autoDraw = True
36.5744 	EXP 	Target: autoDraw = False
36.5744 	EXP 	Target: autoDraw = False
36.5744 	EXP 	feedbackMsg: text = 'You pressed too slow!\n\nYou lost $5.00!'
36.5744 	EXP 	feedbackMsg: autoDraw = True
36.5772 	DATA 	Keypress: 1
36.8707 	DATA 	Keypress: 5
37.6622 	DATA 	Keypress: 5
38.1602 	EXP 	New trial (rep=0, index=1): OrderedDict([('Condition', 'LgReward'), ('FixationDur', 2000)])
38.2002 	EXP 	feedbackMsg: autoDraw = False
38.2002 	EXP 	feedbackMsg: autoDraw = False
38.2002 	EXP 	cueImage: image = 'images/WinBig.bmp'
38.2002 	EXP 	cueImage: autoDraw = True
38.4547 	DATA 	Keypress: 5
39.2032 	DATA 	Keypress: 5
39.9974 	DATA 	Keypress: 5
40.2082 	EXP 	cueImage: autoDraw = False
40.2082 	EXP 	cueImage: autoDraw = False
40.2082 	EXP 	fixation: autoDraw = True
40.7892 	DATA 	Keypress: 5
41.5415 	DATA 	Keypress: 5
42.2239 	EXP 	fixation: autoDraw = False
42.2239 	EXP 	fixation: autoDraw = False
42.2239 	EXP 	Target: image = 'images/WinProbe.bmp'
42.2239 	EXP 	Target: autoDraw = True
42.2873 	DATA 	Keypress: 1
42.3283 	DATA 	Keypress: 5
42.5752 	EXP 	Target: autoDraw = False
42.5752 	EXP 	Target: autoDraw = False
42.5752 	EXP 	feedbackMsg: text = 'Correct Response!\n\nYou won $5.00!'
42.5752 	EXP 	feedbackMsg: autoDraw = True
43.1206 	DATA 	Keypress: 5
43.8707 	DATA 	Keypress: 5
44.1603 	EXP 	New trial (rep=0, index=2): OrderedDict([('Condition', 'Triangle'), ('FixationDur', 4000)])
44.2005 	EXP 	feedbackMsg: autoDraw = False
44.2005 	EXP 	feedbackMsg: autoDraw = False
44.2005 	EXP 	cueImage: image = 'images/Neutral.bmp'
44.2005 	EXP 	cueImage: autoDraw = True
44.6622 	DATA 	Keypress: 5
45.4567 	DATA 	Keypress: 5
46.2050 	EXP 	cueImage: autoDraw = False
46.2050 	EXP 	cueImage: autoDraw = False
46.2050 	EXP 	fixation: autoDraw = True
46.2090 	DATA 	Keypress: 5
46.9985 	DATA 	Keypress: 5
47.7895 	DATA 	Keypress: 5
48.5383 	DATA 	Keypress: 5
48.6643 	DATA 	Keypress: 1
49.3344 	DATA 	Keypress: 5
50.1252 	DATA 	Keypress: 5
50.2186 	EXP 	fixation: autoDraw = False
50.2186 	EXP 	fixation: autoDraw = False
50.2186 	EXP 	Target: image = 'images/NeutralProbe.bmp'
50.2186 	EXP 	Target: autoDraw = True
50.5778 	EXP 	Target: autoDraw = False
50.5778 	EXP 	Target: autoDraw = False
50.5778 	EXP 	feedbackMsg: text = 'You pressed too soon!\n\nYou did not win or lose anything!'
50.5778 	EXP 	feedbackMsg: autoDraw = True
50.7486 	DATA 	Keypress: 1
50.8744 	DATA 	Keypress: 5
51.6659 	DATA 	Keypress: 5
52.1638 	EXP 	New trial (rep=0, index=3): OrderedDict([('Condition', 'LgPun'), ('FixationDur', 1500)])
52.2030 	EXP 	feedbackMsg: autoDraw = False
52.2030 	EXP 	feedbackMsg: autoDraw = False
52.2030 	EXP 	cueImage: image = 'images/LoseBig.bmp'
52.2030 	EXP 	cueImage: autoDraw = True
52.4558 	DATA 	Keypress: 5
53.2046 	DATA 	Keypress: 5
53.9975 	DATA 	Keypress: 5
54.2101 	EXP 	cueImage: autoDraw = False
54.2101 	EXP 	cueImage: autoDraw = False
54.2101 	EXP 	fixation: autoDraw = True
54.7922 	DATA 	Keypress: 5
55.5414 	DATA 	Keypress: 5
55.7261 	EXP 	fixation: autoDraw = False
55.7261 	EXP 	fixation: autoDraw = False
55.7261 	EXP 	Target: image = 'images/LoseProbe.bmp'
55.7261 	EXP 	Target: autoDraw = True
56.0761 	EXP 	Target: autoDraw = False
56.0761 	EXP 	Target: autoDraw = False
56.0761 	EXP 	feedbackMsg: text = 'You pressed too slow!\n\nYou lost $5.00!'
56.0761 	EXP 	feedbackMsg: autoDraw = True
56.0800 	DATA 	Keypress: 1
56.3286 	DATA 	Keypress: 5
57.1225 	DATA 	Keypress: 5
57.6612 	EXP 	New trial (rep=0, index=4): OrderedDict([('Condition', 'LgReward'), ('FixationDur', 1500)])
57.7017 	EXP 	feedbackMsg: autoDraw = False
57.7017 	EXP 	feedbackMsg: autoDraw = False
57.7017 	EXP 	cueImage: image = 'images/WinBig.bmp'
57.7017 	EXP 	cueImage: autoDraw = True
57.8706 	DATA 	Keypress: 5
58.6630 	DATA 	Keypress: 5
59.4567 	DATA 	Keypress: 5
59.7074 	EXP 	cueImage: autoDraw = False
59.7074 	EXP 	cueImage: autoDraw = False
59.7074 	EXP 	fixation: autoDraw = True
60.2075 	DATA 	Keypress: 5
60.9982 	DATA 	Keypress: 5
61.2302 	EXP 	fixation: autoDraw = False
61.2302 	EXP 	fixation: autoDraw = False
61.2302 	EXP 	Target: image = 'images/WinProbe.bmp'
61.2302 	EXP 	Target: autoDraw = True
61.5931 	DATA 	Keypress: 1
61.6215 	EXP 	Target: autoDraw = False
61.6215 	EXP 	Target: autoDraw = False
61.6215 	EXP 	feedbackMsg: text = 'You pressed too slow!\n\nYou did not win $5.00!'
61.6215 	EXP 	feedbackMsg: autoDraw = True
61.7907 	DATA 	Keypress: 5
62.5410 	DATA 	Keypress: 5
63.1639 	EXP 	New trial (rep=0, index=5): OrderedDict([('Condition', 'LgPun'), ('FixationDur', 2000)])
63.2033 	EXP 	feedbackMsg: autoDraw = False
63.2033 	EXP 	feedbackMsg: autoDraw = False
63.2033 	EXP 	cueImage: image = 'images/LoseBig.bmp'
63.2033 	EXP 	cueImage: autoDraw = True
63.3315 	DATA 	Keypress: 5
64.1239 	DATA 	Keypress: 5
64.8747 	DATA 	Keypress: 5
65.2071 	EXP 	cueImage: autoDraw = False
65.2071 	EXP 	cueImage: autoDraw = False
65.2071 	EXP 	fixation: autoDraw = True
65.6659 	DATA 	Keypress: 5
66.4566 	DATA 	Keypress: 5
67.2052 	DATA 	Keypress: 5
67.2278 	EXP 	fixation: autoDraw = False
67.2278 	EXP 	fixation: autoDraw = False
67.2278 	EXP 	Target: image = 'images/LoseProbe.bmp'
67.2278 	EXP 	Target: autoDraw = True
67.4547 	DATA 	Keypress: 1
67.6186 	EXP 	Target: autoDraw = False
67.6186 	EXP 	Target: autoDraw = False
67.6186 	EXP 	feedbackMsg: text = 'Correct Response!\n\nYou did not lose $5.00!'
67.6186 	EXP 	feedbackMsg: autoDraw = True
67.9970 	DATA 	Keypress: 5
68.7894 	DATA 	Keypress: 5
69.1618 	EXP 	New trial (rep=0, index=6): OrderedDict([('Condition', 'Triangle'), ('FixationDur', 3000)])
69.2016 	EXP 	feedbackMsg: autoDraw = False
69.2016 	EXP 	feedbackMsg: autoDraw = False
69.2016 	EXP 	cueImage: image = 'images/Neutral.bmp'
69.2016 	EXP 	cueImage: autoDraw = True
69.5390 	DATA 	Keypress: 5
70.3323 	DATA 	Keypress: 5
71.1247 	DATA 	Keypress: 5
71.2125 	EXP 	cueImage: autoDraw = False
71.2125 	EXP 	cueImage: autoDraw = False
71.2125 	EXP 	fixation: autoDraw = True
71.8738 	DATA 	Keypress: 5
72.6671 	DATA 	Keypress: 5
73.4586 	DATA 	Keypress: 5
73.5002 	DATA 	Keypress: 1
74.2194 	EXP 	fixation: autoDraw = False
74.2194 	EXP 	fixation: autoDraw = False
74.2194 	EXP 	Target: image = 'images/NeutralProbe.bmp'
74.2194 	EXP 	Target: autoDraw = True
74.2228 	DATA 	Keypress: 5
74.6187 	EXP 	Target: autoDraw = False
74.6187 	EXP 	Target: autoDraw = False
74.6187 	EXP 	feedbackMsg: text = 'You pressed too soon!\n\nYou did not win or lose anything!'
74.6187 	EXP 	feedbackMsg: autoDraw = True
74.9978 	DATA 	Keypress: 5
75.7888 	DATA 	Keypress: 5
76.1618 	EXP 	New trial (rep=0, index=7): OrderedDict([('Condition', 'SmallReward'), ('FixationDur', 2000)])
76.2023 	EXP 	feedbackMsg: autoDraw = False
76.2023 	EXP 	feedbackMsg: autoDraw = False
76.2023 	EXP 	cueImage: image = 'images/WinSmall.bmp'
76.2023 	EXP 	cueImage: autoDraw = True
76.5787 	DATA 	Keypress: 5
77.3331 	DATA 	Keypress: 5
78.1240 	DATA 	Keypress: 5
78.2133 	EXP 	cueImage: autoDraw = False
78.2133 	EXP 	cueImage: autoDraw = False
78.2133 	EXP 	fixation: autoDraw = True
78.8740 	DATA 	Keypress: 5
79.6689 	DATA 	Keypress: 5
80.2449 	EXP 	fixation: autoDraw = False
80.2449 	EXP 	fixation: autoDraw = False
80.2449 	EXP 	Target: image = 'images/WinProbe.bmp'
80.2449 	EXP 	Target: autoDraw = True
80.4566 	DATA 	Keypress: 5
80.5923 	DATA 	Keypress: 1
80.6205 	EXP 	Target: autoDraw = False
80.6205 	EXP 	Target: autoDraw = False
80.6205 	EXP 	feedbackMsg: text = 'You pressed too slow!\n\nYou did not win $0.20!'
80.6205 	EXP 	feedbackMsg: autoDraw = True
81.2082 	DATA 	Keypress: 5
82.0001 	DATA 	Keypress: 5
82.1660 	EXP 	New trial (rep=0, index=8): OrderedDict([('Condition', 'Triangle'), ('FixationDur', 2000)])
82.2029 	EXP 	feedbackMsg: autoDraw = False
82.2029 	EXP 	feedbackMsg: autoDraw = False
82.2029 	EXP 	cueImage: image = 'images/Neutral.bmp'
82.2029 	EXP 	cueImage: autoDraw = True
82.7894 	DATA 	Keypress: 5
83.5404 	DATA 	Keypress: 5
84.2141 	EXP 	cueImage: autoDraw = False
84.2141 	EXP 	cueImage: autoDraw = False
84.2141 	EXP 	fixation: autoDraw = True
84.3352 	DATA 	Keypress: 5
85.1246 	DATA 	Keypress: 5
85.8751 	DATA 	Keypress: 5
86.2195 	EXP 	fixation: autoDraw = False
86.2195 	EXP 	fixation: autoDraw = False
86.2195 	EXP 	Target: image = 'images/NeutralProbe.bmp'
86.2195 	EXP 	Target: autoDraw = True
86.5806 	DATA 	Keypress: 1
86.6605 	EXP 	Target: autoDraw = False
86.6605 	EXP 	Target: autoDraw = False
86.6605 	EXP 	feedbackMsg: text = 'Correct Response!\n\nYou did not win or lose anything!'
86.6605 	EXP 	feedbackMsg: autoDraw = True
86.6633 	DATA 	Keypress: 5
87.4566 	DATA 	Keypress: 5
88.1625 	EXP 	New trial (rep=0, index=9): OrderedDict([('Condition', 'SmallReward'), ('FixationDur', 2500)])
88.2030 	EXP 	feedbackMsg: autoDraw = False
88.2030 	EXP 	feedbackMsg: autoDraw = False
88.2030 	EXP 	cueImage: image = 'images/WinSmall.bmp'
88.2030 	EXP 	cueImage: autoDraw = True
88.2488 	DATA 	Keypress: 5
88.9985 	DATA 	Keypress: 5
89.7900 	DATA 	Keypress: 5
90.2088 	EXP 	cueImage: autoDraw = False
90.2088 	EXP 	cueImage: autoDraw = False
90.2088 	EXP 	fixation: autoDraw = True
90.5429 	DATA 	Keypress: 5
91.3347 	DATA 	Keypress: 5
92.1253 	DATA 	Keypress: 5
92.7320 	EXP 	fixation: autoDraw = False
92.7320 	EXP 	fixation: autoDraw = False
92.7320 	EXP 	Target: image = 'images/WinProbe.bmp'
92.7320 	EXP 	Target: autoDraw = True
92.9171 	DATA 	Keypress: 5
93.0420 	DATA 	Keypress: 1
93.1631 	EXP 	Target: autoDraw = False
93.1631 	EXP 	Target: autoDraw = False
93.1631 	EXP 	feedbackMsg: text = 'Correct Response!\n\nYou won $0.20!'
93.1631 	EXP 	feedbackMsg: autoDraw = True
93.6653 	DATA 	Keypress: 5
94.4612 	DATA 	Keypress: 5
94.6647 	EXP 	New trial (rep=0, index=10): OrderedDict([('Condition', 'Triangle'), ('FixationDur', 3500)])
94.7034 	EXP 	feedbackMsg: autoDraw = False
94.7034 	EXP 	feedbackMsg: autoDraw = False
94.7034 	EXP 	cueImage: image = 'images/Neutral.bmp'
94.7034 	EXP 	cueImage: autoDraw = True
95.2486 	DATA 	Keypress: 5
95.9980 	DATA 	Keypress: 5
96.7148 	EXP 	cueImage: autoDraw = False
96.7148 	EXP 	cueImage: autoDraw = False
96.7148 	EXP 	fixation: autoDraw = True
96.7938 	DATA 	Keypress: 5
97.5856 	DATA 	Keypress: 5
98.3337 	DATA 	Keypress: 5
99.1258 	DATA 	Keypress: 5
99.9187 	DATA 	Keypress: 5
100.2221 	EXP 	fixation: autoDraw = False
100.2221 	EXP 	fixation: autoDraw = False
100.2221 	EXP 	Target: image = 'images/NeutralProbe.bmp'
100.2221 	EXP 	Target: autoDraw = True
100.5408 	DATA 	Keypress: 1
100.6611 	EXP 	Target: autoDraw = False
100.6611 	EXP 	Target: autoDraw = False
100.6611 	EXP 	feedbackMsg: text = 'Correct Response!\n\nYou did not win or lose anything!'
100.6611 	EXP 	feedbackMsg: autoDraw = True
100.6649 	DATA 	Keypress: 5
101.4567 	DATA 	Keypress: 5
102.1634 	EXP 	New trial (rep=0, index=11): OrderedDict([('Condition', 'SmallReward'), ('FixationDur', 4000)])
102.2035 	EXP 	feedbackMsg: autoDraw = False
102.2035 	EXP 	feedbackMsg: autoDraw = False
102.2035 	EXP 	cueImage: image = 'images/WinSmall.bmp'
102.2035 	EXP 	cueImage: autoDraw = True
102.2480 	DATA 	Keypress: 5
102.9975 	DATA 	Keypress: 5
103.7899 	DATA 	Keypress: 5
104.2160 	EXP 	cueImage: autoDraw = False
104.2160 	EXP 	cueImage: autoDraw = False
104.2160 	EXP 	fixation: autoDraw = True
104.5858 	DATA 	Keypress: 5
105.3350 	DATA 	Keypress: 5
106.1253 	DATA 	Keypress: 5
106.9200 	DATA 	Keypress: 5
107.6700 	DATA 	Keypress: 5
108.2340 	EXP 	fixation: autoDraw = False
108.2340 	EXP 	fixation: autoDraw = False
108.2340 	EXP 	Target: image = 'images/WinProbe.bmp'
108.2340 	EXP 	Target: autoDraw = True
108.4588 	DATA 	Keypress: 5
108.5413 	DATA 	Keypress: 1
108.6635 	EXP 	Target: autoDraw = False
108.6635 	EXP 	Target: autoDraw = False
108.6635 	EXP 	feedbackMsg: text = 'Correct Response!\n\nYou won $0.20!'
108.6635 	EXP 	feedbackMsg: autoDraw = True
109.2521 	DATA 	Keypress: 5
110.0006 	DATA 	Keypress: 5
110.1653 	EXP 	New trial (rep=0, index=12): OrderedDict([('Condition', 'SmallPun'), ('FixationDur', 4000)])
110.2039 	EXP 	feedbackMsg: autoDraw = False
110.2039 	EXP 	feedbackMsg: autoDraw = False
110.2039 	EXP 	cueImage: image = 'images/LoseSmall.bmp'
110.2039 	EXP 	cueImage: autoDraw = True
110.7915 	DATA 	Keypress: 5
111.5831 	DATA 	Keypress: 5
112.2173 	EXP 	cueImage: autoDraw = False
112.2173 	EXP 	cueImage: autoDraw = False
112.2173 	EXP 	fixation: autoDraw = True
112.3326 	DATA 	Keypress: 5
113.1256 	DATA 	Keypress: 5
113.9166 	DATA 	Keypress: 5
114.6658 	DATA 	Keypress: 5
115.4594 	DATA 	Keypress: 5
116.2200 	EXP 	fixation: autoDraw = False
116.2200 	EXP 	fixation: autoDraw = False
116.2200 	EXP 	Target: image = 'images/LoseProbe.bmp'
116.2200 	EXP 	Target: autoDraw = True
116.2234 	DATA 	Keypress: 5
116.5834 	DATA 	Keypress: 1
116.6625 	EXP 	Target: autoDraw = False
116.6625 	EXP 	Target: autoDraw = False
116.6625 	EXP 	feedbackMsg: text = 'Correct Response!\n\nYou did not lose $0.20!'
116.6625 	EXP 	feedbackMsg: autoDraw = True
116.9988 	DATA 	Keypress: 5
117.7915 	DATA 	Keypress: 5
118.1641 	EXP 	New trial (rep=0, index=13): OrderedDict([('Condition', 'SmallReward'), ('FixationDur', 1500)])
118.2041 	EXP 	feedbackMsg: autoDraw = False
118.2041 	EXP 	feedbackMsg: autoDraw = False
118.2041 	EXP 	cueImage: image = 'images/WinSmall.bmp'
118.2041 	EXP 	cueImage: autoDraw = True
118.5820 	DATA 	Keypress: 5
119.3337 	DATA 	Keypress: 5
120.1266 	DATA 	Keypress: 5
120.2102 	EXP 	cueImage: autoDraw = False
120.2102 	EXP 	cueImage: autoDraw = False
120.2102 	EXP 	fixation: autoDraw = True
120.9202 	DATA 	Keypress: 5
121.7194 	DATA 	Keypress: 5
121.7366 	EXP 	fixation: autoDraw = False
121.7366 	EXP 	fixation: autoDraw = False
121.7366 	EXP 	Target: image = 'images/WinProbe.bmp'
121.7366 	EXP 	Target: autoDraw = True
122.1223 	EXP 	Target: autoDraw = False
122.1223 	EXP 	Target: autoDraw = False
122.1223 	EXP 	feedbackMsg: text = 'You pressed too slow!\n\nYou did not win $0.20!'
122.1223 	EXP 	feedbackMsg: autoDraw = True
122.1270 	DATA 	Keypress: 1
122.4615 	DATA 	Keypress: 5
123.2521 	DATA 	Keypress: 5
123.6253 	EXP 	New trial (rep=0, index=14): OrderedDict([('Condition', 'Triangle'), ('FixationDur', 1500)])
123.6633 	EXP 	feedbackMsg: autoDraw = False
123.6633 	EXP 	feedbackMsg: autoDraw = False
123.6633 	EXP 	cueImage: image = 'images/Neutral.bmp'
123.6633 	EXP 	cueImage: autoDraw = True
123.9991 	DATA 	Keypress: 5
124.7928 	DATA 	Keypress: 5
125.5840 	DATA 	Keypress: 5
125.6703 	EXP 	cueImage: autoDraw = False
125.6703 	EXP 	cueImage: autoDraw = False
125.6703 	EXP 	fixation: autoDraw = True
126.3342 	DATA 	Keypress: 5
127.1635 	DATA 	Keypress: 5
127.1861 	EXP 	fixation: autoDraw = False
127.1861 	EXP 	fixation: autoDraw = False
127.1861 	EXP 	Target: image = 'images/NeutralProbe.bmp'
127.1861 	EXP 	Target: autoDraw = True
127.5526 	DATA 	Keypress: 1
127.5787 	EXP 	Target: autoDraw = False
127.5787 	EXP 	Target: autoDraw = False
127.5787 	EXP 	feedbackMsg: text = 'You pressed too slow!\n\nYou did not win or lose anything!'
127.5787 	EXP 	feedbackMsg: autoDraw = True
127.9153 	DATA 	Keypress: 5
128.6664 	DATA 	Keypress: 5
129.0811 	EXP 	New trial (rep=0, index=15): OrderedDict([('Condition', 'LgPun'), ('FixationDur', 1500)])
129.1212 	EXP 	feedbackMsg: autoDraw = False
129.1212 	EXP 	feedbackMsg: autoDraw = False
129.1212 	EXP 	cueImage: image = 'images/LoseBig.bmp'
129.1212 	EXP 	cueImage: autoDraw = True
129.4577 	DATA 	Keypress: 5
130.2494 	DATA 	Keypress: 5
131.0435 	DATA 	Keypress: 5
131.1377 	EXP 	cueImage: autoDraw = False
131.1377 	EXP 	fixation: autoDraw = True
131.7953 	DATA 	Keypress: 5
132.6198 	DATA 	Keypress: 5
132.6382 	EXP 	fixation: autoDraw = False
132.6382 	EXP 	fixation: autoDraw = False
132.6382 	EXP 	Target: image = 'images/LoseProbe.bmp'
132.6382 	EXP 	Target: autoDraw = True
132.9601 	DATA 	Keypress: 1
133.0399 	EXP 	Target: autoDraw = False
133.0399 	EXP 	Target: autoDraw = False
133.0399 	EXP 	feedbackMsg: text = 'Correct Response!\n\nYou did not lose $5.00!'
133.0399 	EXP 	feedbackMsg: autoDraw = True
133.3370 	DATA 	Keypress: 5
134.1280 	DATA 	Keypress: 5
134.5413 	EXP 	New trial (rep=0, index=16): OrderedDict([('Condition', 'SmallPun'), ('FixationDur', 2000)])
134.5799 	EXP 	feedbackMsg: autoDraw = False
134.5799 	EXP 	feedbackMsg: autoDraw = False
134.5799 	EXP 	cueImage: image = 'images/LoseSmall.bmp'
134.5799 	EXP 	cueImage: autoDraw = True
134.9170 	DATA 	Keypress: 5
135.7098 	DATA 	Keypress: 5
136.4585 	DATA 	Keypress: 5
136.5863 	EXP 	cueImage: autoDraw = False
136.5863 	EXP 	cueImage: autoDraw = False
136.5863 	EXP 	fixation: autoDraw = True
137.2544 	DATA 	Keypress: 5
138.0029 	DATA 	Keypress: 5
138.6033 	EXP 	fixation: autoDraw = False
138.6033 	EXP 	fixation: autoDraw = False
138.6033 	EXP 	Target: image = 'images/LoseProbe.bmp'
138.6033 	EXP 	Target: autoDraw = True
138.7912 	DATA 	Keypress: 5
138.9671 	DATA 	Keypress: 1
138.9962 	EXP 	Target: autoDraw = False
138.9962 	EXP 	Target: autoDraw = False
138.9962 	EXP 	feedbackMsg: text = 'You pressed too slow!\n\nYou lost $0.20!'
138.9962 	EXP 	feedbackMsg: autoDraw = True
139.5838 	DATA 	Keypress: 5
140.3751 	DATA 	Keypress: 5
140.4982 	EXP 	New trial (rep=0, index=17): OrderedDict([('Condition', 'SmallReward'), ('FixationDur', 3000)])
140.5384 	EXP 	feedbackMsg: autoDraw = False
140.5384 	EXP 	feedbackMsg: autoDraw = False
140.5384 	EXP 	cueImage: image = 'images/WinSmall.bmp'
140.5384 	EXP 	cueImage: autoDraw = True
141.1256 	DATA 	Keypress: 5
141.9157 	DATA 	Keypress: 5
142.5545 	EXP 	cueImage: autoDraw = False
142.5545 	EXP 	fixation: autoDraw = True
142.6708 	DATA 	Keypress: 5
143.4617 	DATA 	Keypress: 5
144.2519 	DATA 	Keypress: 5
145.0468 	DATA 	Keypress: 5
145.5713 	EXP 	fixation: autoDraw = False
145.5713 	EXP 	fixation: autoDraw = False
145.5713 	EXP 	Target: image = 'images/WinProbe.bmp'
145.5713 	EXP 	Target: autoDraw = True
145.7935 	DATA 	Keypress: 5
145.9301 	DATA 	Keypress: 1
145.9587 	EXP 	Target: autoDraw = False
145.9587 	EXP 	Target: autoDraw = False
145.9587 	EXP 	feedbackMsg: text = 'You pressed too slow!\n\nYou did not win $0.20!'
145.9587 	EXP 	feedbackMsg: autoDraw = True
146.5880 	DATA 	Keypress: 5
147.3780 	DATA 	Keypress: 5
147.5013 	EXP 	New trial (rep=0, index=18): OrderedDict([('Condition', 'LgPun'), ('FixationDur', 3500)])
147.5406 	EXP 	feedbackMsg: autoDraw = False
147.5406 	EXP 	feedbackMsg: autoDraw = False
147.5406 	EXP 	cueImage: image = 'images/LoseBig.bmp'
147.5406 	EXP 	cueImage: autoDraw = True
148.1242 	DATA 	Keypress: 5
148.9184 	DATA 	Keypress: 5
149.5562 	EXP 	cueImage: autoDraw = False
149.5562 	EXP 	cueImage: autoDraw = False
149.5562 	EXP 	fixation: autoDraw = True
149.7119 	DATA 	Keypress: 5
150.4623 	DATA 	Keypress: 5
151.2524 	DATA 	Keypress: 5
152.0460 	DATA 	Keypress: 5
152.7949 	DATA 	Keypress: 5
153.0560 	EXP 	fixation: autoDraw = False
153.0560 	EXP 	fixation: autoDraw = False
153.0560 	EXP 	Target: image = 'images/LoseProbe.bmp'
153.0560 	EXP 	Target: autoDraw = True
153.4290 	DATA 	Keypress: 1
153.4593 	EXP 	Target: autoDraw = False
153.4593 	EXP 	Target: autoDraw = False
153.4593 	EXP 	feedbackMsg: text = 'You pressed too slow!\n\nYou lost $5.00!'
153.4593 	EXP 	feedbackMsg: autoDraw = True
153.5879 	DATA 	Keypress: 5
154.3791 	DATA 	Keypress: 5
155.0016 	EXP 	New trial (rep=0, index=19): OrderedDict([('Condition', 'Triangle'), ('FixationDur', 1500)])
155.0401 	EXP 	feedbackMsg: autoDraw = False
155.0401 	EXP 	feedbackMsg: autoDraw = False
155.0401 	EXP 	cueImage: image = 'images/Neutral.bmp'
155.0401 	EXP 	cueImage: autoDraw = True
155.1297 	DATA 	Keypress: 5
155.9169 	DATA 	Keypress: 5
156.7112 	DATA 	Keypress: 5
157.0448 	EXP 	cueImage: autoDraw = False
157.0448 	EXP 	cueImage: autoDraw = False
157.0448 	EXP 	fixation: autoDraw = True
157.4612 	DATA 	Keypress: 5
158.2543 	DATA 	Keypress: 5
158.5576 	EXP 	fixation: autoDraw = False
158.5576 	EXP 	fixation: autoDraw = False
158.5576 	EXP 	Target: image = 'images/NeutralProbe.bmp'
158.5576 	EXP 	Target: autoDraw = True
158.9321 	DATA 	Keypress: 1
158.9560 	EXP 	Target: autoDraw = False
158.9560 	EXP 	Target: autoDraw = False
158.9560 	EXP 	feedbackMsg: text = 'You pressed too slow!\n\nYou did not win or lose anything!'
158.9560 	EXP 	feedbackMsg: autoDraw = True
159.0435 	DATA 	Keypress: 5
159.7928 	DATA 	Keypress: 5
160.4996 	EXP 	New trial (rep=0, index=20): OrderedDict([('Condition', 'LgPun'), ('FixationDur', 1500)])
160.5382 	EXP 	feedbackMsg: autoDraw = False
160.5382 	EXP 	feedbackMsg: autoDraw = False
160.5382 	EXP 	cueImage: image = 'images/LoseBig.bmp'
160.5382 	EXP 	cueImage: autoDraw = True
160.5845 	DATA 	Keypress: 5
161.3748 	DATA 	Keypress: 5
162.1262 	DATA 	Keypress: 5
162.5571 	EXP 	cueImage: autoDraw = False
162.5571 	EXP 	cueImage: autoDraw = False
162.5571 	EXP 	fixation: autoDraw = True
162.9213 	DATA 	Keypress: 5
163.7132 	DATA 	Keypress: 5
164.0579 	EXP 	fixation: autoDraw = False
164.0579 	EXP 	fixation: autoDraw = False
164.0579 	EXP 	Target: image = 'images/LoseProbe.bmp'
164.0579 	EXP 	Target: autoDraw = True
164.4300 	DATA 	Keypress: 1
164.4559 	EXP 	Target: autoDraw = False
164.4559 	EXP 	Target: autoDraw = False
164.4559 	EXP 	feedbackMsg: text = 'You pressed too slow!\n\nYou lost $5.00!'
164.4559 	EXP 	feedbackMsg: autoDraw = True
164.4596 	DATA 	Keypress: 5
165.2518 	DATA 	Keypress: 5
165.9996 	EXP 	New trial (rep=0, index=21): OrderedDict([('Condition', 'SmallPun'), ('FixationDur', 3500)])
166.0397 	EXP 	feedbackMsg: autoDraw = False
166.0397 	EXP 	feedbackMsg: autoDraw = False
166.0397 	EXP 	cueImage: image = 'images/LoseSmall.bmp'
166.0397 	EXP 	cueImage: autoDraw = True
166.0434 	DATA 	Keypress: 5
166.7913 	DATA 	Keypress: 5
167.5866 	DATA 	Keypress: 5
168.0448 	EXP 	cueImage: autoDraw = False
168.0448 	EXP 	cueImage: autoDraw = False
168.0448 	EXP 	fixation: autoDraw = True
168.3806 	DATA 	Keypress: 5
169.1312 	DATA 	Keypress: 5
169.9212 	DATA 	Keypress: 5
170.7115 	DATA 	Keypress: 5
171.4618 	DATA 	Keypress: 5
171.5586 	EXP 	fixation: autoDraw = False
171.5586 	EXP 	fixation: autoDraw = False
171.5586 	EXP 	Target: image = 'images/LoseProbe.bmp'
171.5586 	EXP 	Target: autoDraw = True
171.9178 	DATA 	Keypress: 1
171.9971 	EXP 	Target: autoDraw = False
171.9971 	EXP 	Target: autoDraw = False
171.9971 	EXP 	feedbackMsg: text = 'Correct Response!\n\nYou did not lose $0.20!'
171.9971 	EXP 	feedbackMsg: autoDraw = True
172.2523 	DATA 	Keypress: 5
173.0439 	DATA 	Keypress: 5
173.4999 	EXP 	New trial (rep=0, index=22): OrderedDict([('Condition', 'SmallReward'), ('FixationDur', 1500)])
173.5394 	EXP 	feedbackMsg: autoDraw = False
173.5394 	EXP 	feedbackMsg: autoDraw = False
173.5394 	EXP 	cueImage: image = 'images/WinSmall.bmp'
173.5394 	EXP 	cueImage: autoDraw = True
173.7923 	DATA 	Keypress: 5
174.5851 	DATA 	Keypress: 5
175.3761 	DATA 	Keypress: 5
175.5594 	EXP 	cueImage: autoDraw = False
175.5594 	EXP 	cueImage: autoDraw = False
175.5594 	EXP 	fixation: autoDraw = True
176.1283 	DATA 	Keypress: 5
176.9230 	DATA 	Keypress: 5
177.0751 	EXP 	fixation: autoDraw = False
177.0751 	EXP 	fixation: autoDraw = False
177.0751 	EXP 	Target: image = 'images/WinProbe.bmp'
177.0751 	EXP 	Target: autoDraw = True
177.4184 	DATA 	Keypress: 1
177.4984 	EXP 	Target: autoDraw = False
177.4984 	EXP 	Target: autoDraw = False
177.4984 	EXP 	feedbackMsg: text = 'Correct Response!\n\nYou won $0.20!'
177.4984 	EXP 	feedbackMsg: autoDraw = True
177.7103 	DATA 	Keypress: 5
178.5023 	DATA 	Keypress: 5
179.0001 	EXP 	New trial (rep=0, index=23): OrderedDict([('Condition', 'SmallPun'), ('FixationDur', 2500)])
179.0396 	EXP 	feedbackMsg: autoDraw = False
179.0396 	EXP 	feedbackMsg: autoDraw = False
179.0396 	EXP 	cueImage: image = 'images/LoseSmall.bmp'
179.0396 	EXP 	cueImage: autoDraw = True
179.2508 	DATA 	Keypress: 5
180.0422 	DATA 	Keypress: 5
180.8373 	DATA 	Keypress: 5
181.0600 	EXP 	cueImage: autoDraw = False
181.0600 	EXP 	fixation: autoDraw = True
181.5899 	DATA 	Keypress: 5
182.3790 	DATA 	Keypress: 5
183.1292 	DATA 	Keypress: 5
183.5600 	EXP 	fixation: autoDraw = False
183.5600 	EXP 	fixation: autoDraw = False
183.5600 	EXP 	Target: image = 'images/LoseProbe.bmp'
183.5600 	EXP 	Target: autoDraw = True
183.8764 	DATA 	Keypress: 1
183.9178 	DATA 	Keypress: 5
183.9987 	EXP 	Target: autoDraw = False
183.9987 	EXP 	Target: autoDraw = False
183.9987 	EXP 	feedbackMsg: text = 'Correct Response!\n\nYou did not lose $0.20!'
183.9987 	EXP 	feedbackMsg: autoDraw = True
184.7107 	DATA 	Keypress: 5
185.5001 	EXP 	New trial (rep=0, index=24): OrderedDict([('Condition', 'SmallPun'), ('FixationDur', 1500)])
185.5077 	DATA 	Keypress: 5
185.5404 	EXP 	feedbackMsg: autoDraw = False
185.5404 	EXP 	feedbackMsg: autoDraw = False
185.5404 	EXP 	cueImage: image = 'images/LoseSmall.bmp'
185.5404 	EXP 	cueImage: autoDraw = True
186.2527 	DATA 	Keypress: 5
187.0439 	DATA 	Keypress: 5
187.5609 	EXP 	cueImage: autoDraw = False
187.5609 	EXP 	cueImage: autoDraw = False
187.5609 	EXP 	fixation: autoDraw = True
187.8407 	DATA 	Keypress: 5
188.5907 	DATA 	Keypress: 5
189.0614 	EXP 	fixation: autoDraw = False
189.0614 	EXP 	fixation: autoDraw = False
189.0614 	EXP 	Target: image = 'images/LoseProbe.bmp'
189.0614 	EXP 	Target: autoDraw = True
189.3778 	DATA 	Keypress: 5
189.4995 	EXP 	Target: autoDraw = False
189.4995 	EXP 	Target: autoDraw = False
189.4995 	EXP 	feedbackMsg: text = 'You pressed too slow!\n\nYou lost $0.20!'
189.4995 	EXP 	feedbackMsg: autoDraw = True
189.9608 	DATA 	Keypress: 1
190.1703 	DATA 	Keypress: 5
190.9197 	DATA 	Keypress: 5
190.9591 	EXP 	New trial (rep=0, index=25): OrderedDict([('Condition', 'LgPun'), ('FixationDur', 2500)])
190.9992 	EXP 	feedbackMsg: autoDraw = False
190.9992 	EXP 	feedbackMsg: autoDraw = False
190.9992 	EXP 	cueImage: image = 'images/LoseBig.bmp'
190.9992 	EXP 	cueImage: autoDraw = True
191.7106 	DATA 	Keypress: 5
192.5031 	DATA 	Keypress: 5
193.0112 	EXP 	cueImage: autoDraw = False
193.0112 	EXP 	fixation: autoDraw = True
193.2559 	DATA 	Keypress: 5
193.3818 	DATA 	Keypress: 1
194.0478 	DATA 	Keypress: 5
194.8380 	DATA 	Keypress: 5
195.5166 	EXP 	fixation: autoDraw = False
195.5166 	EXP 	fixation: autoDraw = False
195.5166 	EXP 	Target: image = 'images/LoseProbe.bmp'
195.5166 	EXP 	Target: autoDraw = True
195.5884 	DATA 	Keypress: 5
195.8368 	DATA 	Keypress: 1
195.9619 	EXP 	Target: autoDraw = False
195.9619 	EXP 	Target: autoDraw = False
195.9619 	EXP 	feedbackMsg: text = 'You pressed too soon!\n\nYou did not lose $5.00!'
195.9619 	EXP 	feedbackMsg: autoDraw = True
196.3799 	DATA 	Keypress: 5
197.1717 	DATA 	Keypress: 5
197.4192 	EXP 	New trial (rep=0, index=26): OrderedDict([('Condition', 'SmallReward'), ('FixationDur', 1500)])
197.4579 	EXP 	feedbackMsg: autoDraw = False
197.4579 	EXP 	feedbackMsg: autoDraw = False
197.4579 	EXP 	cueImage: image = 'images/WinSmall.bmp'
197.4579 	EXP 	cueImage: autoDraw = True
197.9197 	DATA 	Keypress: 5
198.7127 	DATA 	Keypress: 5
199.4784 	EXP 	cueImage: autoDraw = False
199.4784 	EXP 	cueImage: autoDraw = False
199.4784 	EXP 	fixation: autoDraw = True
199.4826 	DATA 	Keypress: 5
200.2570 	DATA 	Keypress: 5
200.9863 	EXP 	fixation: autoDraw = False
200.9863 	EXP 	fixation: autoDraw = False
200.9863 	EXP 	Target: image = 'images/WinProbe.bmp'
200.9863 	EXP 	Target: autoDraw = True
201.0461 	DATA 	Keypress: 5
201.3387 	DATA 	Keypress: 1
201.4175 	EXP 	Target: autoDraw = False
201.4175 	EXP 	Target: autoDraw = False
201.4175 	EXP 	feedbackMsg: text = 'Correct Response!\n\nYou won $0.20!'
201.4175 	EXP 	feedbackMsg: autoDraw = True
201.8414 	DATA 	Keypress: 5
202.5891 	DATA 	Keypress: 5
202.8789 	EXP 	New trial (rep=0, index=27): OrderedDict([('Condition', 'LgReward'), ('FixationDur', 1500)])
202.9180 	EXP 	feedbackMsg: autoDraw = False
202.9180 	EXP 	feedbackMsg: autoDraw = False
202.9180 	EXP 	cueImage: image = 'images/WinBig.bmp'
202.9180 	EXP 	cueImage: autoDraw = True
203.3777 	DATA 	Keypress: 5
204.1706 	DATA 	Keypress: 5
204.9300 	EXP 	cueImage: autoDraw = False
204.9300 	EXP 	cueImage: autoDraw = False
204.9300 	EXP 	fixation: autoDraw = True
204.9338 	DATA 	Keypress: 5
205.7142 	DATA 	Keypress: 5
206.4462 	EXP 	fixation: autoDraw = False
206.4462 	EXP 	fixation: autoDraw = False
206.4462 	EXP 	Target: image = 'images/WinProbe.bmp'
206.4462 	EXP 	Target: autoDraw = True
206.5053 	DATA 	Keypress: 5
206.7964 	DATA 	Keypress: 1
206.8783 	EXP 	Target: autoDraw = False
206.8783 	EXP 	Target: autoDraw = False
206.8783 	EXP 	feedbackMsg: text = 'Correct Response!\n\nYou won $5.00!'
206.8783 	EXP 	feedbackMsg: autoDraw = True
207.2576 	DATA 	Keypress: 5
208.0476 	DATA 	Keypress: 5
208.3795 	EXP 	New trial (rep=0, index=28): OrderedDict([('Condition', 'LgReward'), ('FixationDur', 2500)])
208.4186 	EXP 	feedbackMsg: autoDraw = False
208.4186 	EXP 	feedbackMsg: autoDraw = False
208.4186 	EXP 	cueImage: image = 'images/WinBig.bmp'
208.4186 	EXP 	cueImage: autoDraw = True
208.8389 	DATA 	Keypress: 5
209.5879 	DATA 	Keypress: 5
210.4097 	DATA 	Keypress: 5
210.4306 	EXP 	cueImage: autoDraw = False
210.4306 	EXP 	cueImage: autoDraw = False
210.4306 	EXP 	fixation: autoDraw = True
211.1738 	DATA 	Keypress: 5
211.9233 	DATA 	Keypress: 5
212.7134 	DATA 	Keypress: 5
212.9479 	EXP 	fixation: autoDraw = False
212.9479 	EXP 	fixation: autoDraw = False
212.9479 	EXP 	Target: image = 'images/WinProbe.bmp'
212.9479 	EXP 	Target: autoDraw = True
213.2556 	DATA 	Keypress: 1
213.3762 	EXP 	Target: autoDraw = False
213.3762 	EXP 	Target: autoDraw = False
213.3762 	EXP 	feedbackMsg: text = 'Correct Response!\n\nYou won $5.00!'
213.3762 	EXP 	feedbackMsg: autoDraw = True
213.5071 	DATA 	Keypress: 5
214.2567 	DATA 	Keypress: 5
214.8793 	EXP 	New trial (rep=0, index=29): OrderedDict([('Condition', 'SmallPun'), ('FixationDur', 2000)])
214.9184 	EXP 	feedbackMsg: autoDraw = False
214.9184 	EXP 	feedbackMsg: autoDraw = False
214.9184 	EXP 	cueImage: image = 'images/LoseSmall.bmp'
214.9184 	EXP 	cueImage: autoDraw = True
215.0466 	DATA 	Keypress: 5
215.8383 	DATA 	Keypress: 5
216.5880 	DATA 	Keypress: 5
216.9310 	EXP 	cueImage: autoDraw = False
216.9310 	EXP 	cueImage: autoDraw = False
216.9310 	EXP 	fixation: autoDraw = True
217.3821 	DATA 	Keypress: 5
218.1736 	DATA 	Keypress: 5
218.9220 	DATA 	Keypress: 5
218.9387 	EXP 	fixation: autoDraw = False
218.9387 	EXP 	fixation: autoDraw = False
218.9387 	EXP 	Target: image = 'images/LoseProbe.bmp'
218.9387 	EXP 	Target: autoDraw = True
219.2951 	DATA 	Keypress: 1
219.3750 	EXP 	Target: autoDraw = False
219.3750 	EXP 	Target: autoDraw = False
219.3750 	EXP 	feedbackMsg: text = 'Correct Response!\n\nYou did not lose $0.20!'
219.3750 	EXP 	feedbackMsg: autoDraw = True
219.7132 	DATA 	Keypress: 5
220.5035 	DATA 	Keypress: 5
220.8766 	EXP 	New trial (rep=0, index=30): OrderedDict([('Condition', 'SmallReward'), ('FixationDur', 1500)])
220.9160 	EXP 	feedbackMsg: autoDraw = False
220.9160 	EXP 	feedbackMsg: autoDraw = False
220.9160 	EXP 	cueImage: image = 'images/WinSmall.bmp'
220.9160 	EXP 	cueImage: autoDraw = True
221.2532 	DATA 	Keypress: 5
222.0462 	DATA 	Keypress: 5
222.8383 	DATA 	Keypress: 5
222.9323 	EXP 	cueImage: autoDraw = False
222.9323 	EXP 	cueImage: autoDraw = False
222.9323 	EXP 	fixation: autoDraw = True
223.5873 	DATA 	Keypress: 5
224.4333 	DATA 	Keypress: 5
224.4505 	EXP 	fixation: autoDraw = False
224.4505 	EXP 	fixation: autoDraw = False
224.4505 	EXP 	Target: image = 'images/WinProbe.bmp'
224.4505 	EXP 	Target: autoDraw = True
224.8082 	DATA 	Keypress: 1
224.8353 	EXP 	Target: autoDraw = False
224.8353 	EXP 	Target: autoDraw = False
224.8353 	EXP 	feedbackMsg: text = 'You pressed too slow!\n\nYou did not win $0.20!'
224.8353 	EXP 	feedbackMsg: autoDraw = True
225.1730 	DATA 	Keypress: 5
225.9228 	DATA 	Keypress: 5
226.3810 	EXP 	New trial (rep=0, index=31): OrderedDict([('Condition', 'SmallPun'), ('FixationDur', 1500)])
226.4180 	EXP 	feedbackMsg: autoDraw = False
226.4180 	EXP 	feedbackMsg: autoDraw = False
226.4180 	EXP 	cueImage: image = 'images/LoseSmall.bmp'
226.4180 	EXP 	cueImage: autoDraw = True
226.7148 	DATA 	Keypress: 5
227.5033 	DATA 	Keypress: 5
228.2540 	DATA 	Keypress: 5
228.4223 	EXP 	cueImage: autoDraw = False
228.4223 	EXP 	cueImage: autoDraw = False
228.4223 	EXP 	fixation: autoDraw = True
229.0489 	DATA 	Keypress: 5
229.8378 	DATA 	Keypress: 5
229.9331 	EXP 	fixation: autoDraw = False
229.9331 	EXP 	fixation: autoDraw = False
229.9331 	EXP 	Target: image = 'images/LoseProbe.bmp'
229.9331 	EXP 	Target: autoDraw = True
230.3073 	DATA 	Keypress: 1
230.3344 	EXP 	Target: autoDraw = False
230.3344 	EXP 	Target: autoDraw = False
230.3344 	EXP 	feedbackMsg: text = 'You pressed too slow!\n\nYou lost $0.20!'
230.3344 	EXP 	feedbackMsg: autoDraw = True
230.6289 	DATA 	Keypress: 5
231.3787 	DATA 	Keypress: 5
231.8766 	EXP 	New trial (rep=0, index=32): OrderedDict([('Condition', 'Triangle'), ('FixationDur', 2500)])
231.9178 	EXP 	feedbackMsg: autoDraw = False
231.9178 	EXP 	feedbackMsg: autoDraw = False
231.9178 	EXP 	cueImage: image = 'images/Neutral.bmp'
231.9178 	EXP 	cueImage: autoDraw = True
232.1701 	DATA 	Keypress: 5
232.9628 	DATA 	Keypress: 5
233.7137 	DATA 	Keypress: 5
233.9326 	EXP 	cueImage: autoDraw = False
233.9326 	EXP 	fixation: autoDraw = True
234.5047 	DATA 	Keypress: 5
235.2963 	DATA 	Keypress: 5
236.0464 	DATA 	Keypress: 5
236.4323 	EXP 	fixation: autoDraw = False
236.4323 	EXP 	fixation: autoDraw = False
236.4323 	EXP 	Target: image = 'images/NeutralProbe.bmp'
236.4323 	EXP 	Target: autoDraw = True
236.8067 	DATA 	Keypress: 1
236.8340 	EXP 	Target: autoDraw = False
236.8340 	EXP 	Target: autoDraw = False
236.8340 	EXP 	feedbackMsg: text = 'You pressed too slow!\n\nYou did not win or lose anything!'
236.8340 	EXP 	feedbackMsg: autoDraw = True
236.8380 	DATA 	Keypress: 5
237.5910 	DATA 	Keypress: 5
238.3803 	EXP 	New trial (rep=0, index=33): OrderedDict([('Condition', 'LgReward'), ('FixationDur', 1500)])
238.4002 	DATA 	Keypress: 5
238.4193 	EXP 	feedbackMsg: autoDraw = False
238.4193 	EXP 	feedbackMsg: autoDraw = False
238.4193 	EXP 	cueImage: image = 'images/WinBig.bmp'
238.4193 	EXP 	cueImage: autoDraw = True
239.1713 	DATA 	Keypress: 5
239.9657 	DATA 	Keypress: 5
240.4225 	EXP 	cueImage: autoDraw = False
240.4225 	EXP 	cueImage: autoDraw = False
240.4225 	EXP 	fixation: autoDraw = True
240.7153 	DATA 	Keypress: 5
241.5090 	DATA 	Keypress: 5
241.9503 	EXP 	fixation: autoDraw = False
241.9503 	EXP 	fixation: autoDraw = False
241.9503 	EXP 	Target: image = 'images/WinProbe.bmp'
241.9503 	EXP 	Target: autoDraw = True
242.2554 	DATA 	Keypress: 1
242.2578 	DATA 	Keypress: 5
242.3344 	EXP 	Target: autoDraw = False
242.3344 	EXP 	Target: autoDraw = False
242.3344 	EXP 	feedbackMsg: text = 'Correct Response!\n\nYou won $5.00!'
242.3344 	EXP 	feedbackMsg: autoDraw = True
243.0468 	DATA 	Keypress: 5
243.8376 	DATA 	Keypress: 5
243.8775 	EXP 	New trial (rep=0, index=34): OrderedDict([('Condition', 'LgPun'), ('FixationDur', 2000)])
243.9182 	EXP 	feedbackMsg: autoDraw = False
243.9182 	EXP 	feedbackMsg: autoDraw = False
243.9182 	EXP 	cueImage: image = 'images/LoseBig.bmp'
243.9182 	EXP 	cueImage: autoDraw = True
244.6307 	DATA 	Keypress: 5
245.3780 	DATA 	Keypress: 5
245.9230 	EXP 	cueImage: autoDraw = False
245.9230 	EXP 	cueImage: autoDraw = False
245.9230 	EXP 	fixation: autoDraw = True
246.1749 	DATA 	Keypress: 5
246.9654 	DATA 	Keypress: 5
247.7145 	DATA 	Keypress: 5
247.9351 	EXP 	fixation: autoDraw = False
247.9351 	EXP 	fixation: autoDraw = False
247.9351 	EXP 	Target: image = 'images/LoseProbe.bmp'
247.9351 	EXP 	Target: autoDraw = True
248.2657 	DATA 	Keypress: 1
248.2929 	EXP 	Target: autoDraw = False
248.2929 	EXP 	Target: autoDraw = False
248.2929 	EXP 	feedbackMsg: text = 'You pressed too slow!\n\nYou lost $5.00!'
248.2929 	EXP 	feedbackMsg: autoDraw = True
248.5051 	DATA 	Keypress: 5
249.2958 	DATA 	Keypress: 5
249.8362 	EXP 	New trial (rep=0, index=35): OrderedDict([('Condition', 'LgReward'), ('FixationDur', 3500)])
249.8769 	EXP 	feedbackMsg: autoDraw = False
249.8769 	EXP 	feedbackMsg: autoDraw = False
249.8769 	EXP 	cueImage: image = 'images/WinBig.bmp'
249.8769 	EXP 	cueImage: autoDraw = True
250.0457 	DATA 	Keypress: 5
250.8375 	DATA 	Keypress: 5
251.6313 	DATA 	Keypress: 5
251.8873 	EXP 	cueImage: autoDraw = False
251.8873 	EXP 	fixation: autoDraw = True
252.3835 	DATA 	Keypress: 5
253.1744 	DATA 	Keypress: 5
253.9653 	DATA 	Keypress: 5
254.7155 	DATA 	Keypress: 5
255.4031 	EXP 	fixation: autoDraw = False
255.4031 	EXP 	fixation: autoDraw = False
255.4031 	EXP 	Target: image = 'images/WinProbe.bmp'
255.4031 	EXP 	Target: autoDraw = True
255.5061 	DATA 	Keypress: 5
255.7265 	DATA 	Keypress: 1
255.7533 	EXP 	Target: autoDraw = False
255.7533 	EXP 	Target: autoDraw = False
255.7533 	EXP 	feedbackMsg: text = 'You pressed too slow!\n\nYou did not win $5.00!'
255.7533 	EXP 	feedbackMsg: autoDraw = True
256.2992 	DATA 	Keypress: 5
257.0490 	DATA 	Keypress: 5
257.2968 	EXP 	New trial (rep=0, index=36): OrderedDict([('Condition', 'LgPun'), ('FixationDur', 3000)])
257.3357 	EXP 	feedbackMsg: autoDraw = False
257.3357 	EXP 	feedbackMsg: autoDraw = False
257.3357 	EXP 	cueImage: image = 'images/LoseBig.bmp'
257.3357 	EXP 	cueImage: autoDraw = True
257.8372 	DATA 	Keypress: 5
258.6324 	DATA 	Keypress: 5
259.3532 	EXP 	cueImage: autoDraw = False
259.3532 	EXP 	cueImage: autoDraw = False
259.3532 	EXP 	fixation: autoDraw = True
259.3809 	DATA 	Keypress: 5
260.1734 	DATA 	Keypress: 5
260.9689 	DATA 	Keypress: 5
261.7183 	DATA 	Keypress: 5
262.3539 	EXP 	fixation: autoDraw = False
262.3539 	EXP 	fixation: autoDraw = False
262.3539 	EXP 	Target: image = 'images/LoseProbe.bmp'
262.3539 	EXP 	Target: autoDraw = True
262.5060 	DATA 	Keypress: 5
262.6823 	DATA 	Keypress: 1
262.7105 	EXP 	Target: autoDraw = False
262.7105 	EXP 	Target: autoDraw = False
262.7105 	EXP 	feedbackMsg: text = 'You pressed too slow!\n\nYou lost $5.00!'
262.7105 	EXP 	feedbackMsg: autoDraw = True
263.2983 	DATA 	Keypress: 5
264.0482 	DATA 	Keypress: 5
264.2538 	EXP 	New trial (rep=0, index=37): OrderedDict([('Condition', 'SmallReward'), ('FixationDur', 2000)])
264.2934 	EXP 	feedbackMsg: autoDraw = False
264.2934 	EXP 	feedbackMsg: autoDraw = False
264.2934 	EXP 	cueImage: image = 'images/WinSmall.bmp'
264.2934 	EXP 	cueImage: autoDraw = True
264.8397 	DATA 	Keypress: 5
265.6332 	DATA 	Keypress: 5
266.3049 	EXP 	cueImage: autoDraw = False
266.3049 	EXP 	fixation: autoDraw = True
266.3828 	DATA 	Keypress: 5
267.1759 	DATA 	Keypress: 5
267.9679 	DATA 	Keypress: 5
268.3218 	EXP 	fixation: autoDraw = False
268.3218 	EXP 	fixation: autoDraw = False
268.3218 	EXP 	Target: image = 'images/WinProbe.bmp'
268.3218 	EXP 	Target: autoDraw = True
268.6317 	DATA 	Keypress: 1
268.7226 	DATA 	Keypress: 5
268.7539 	EXP 	Target: autoDraw = False
268.7539 	EXP 	Target: autoDraw = False
268.7539 	EXP 	feedbackMsg: text = 'Correct Response!\n\nYou won $0.20!'
268.7539 	EXP 	feedbackMsg: autoDraw = True
269.5071 	DATA 	Keypress: 5
270.2558 	EXP 	New trial (rep=0, index=38): OrderedDict([('Condition', 'SmallPun'), ('FixationDur', 1500)])
270.2945 	EXP 	feedbackMsg: autoDraw = False
270.2945 	EXP 	feedbackMsg: autoDraw = False
270.2945 	EXP 	cueImage: image = 'images/LoseSmall.bmp'
270.2945 	EXP 	cueImage: autoDraw = True
270.2976 	DATA 	Keypress: 5
271.0482 	DATA 	Keypress: 5
271.8380 	DATA 	Keypress: 5
272.3044 	EXP 	cueImage: autoDraw = False
272.3044 	EXP 	cueImage: autoDraw = False
272.3044 	EXP 	fixation: autoDraw = True
272.6337 	DATA 	Keypress: 5
273.3839 	DATA 	Keypress: 5
273.8117 	EXP 	fixation: autoDraw = False
273.8117 	EXP 	fixation: autoDraw = False
273.8117 	EXP 	Target: image = 'images/LoseProbe.bmp'
273.8117 	EXP 	Target: autoDraw = True
274.1730 	DATA 	Keypress: 1
274.1754 	DATA 	Keypress: 5
274.2524 	EXP 	Target: autoDraw = False
274.2524 	EXP 	Target: autoDraw = False
274.2524 	EXP 	feedbackMsg: text = 'Correct Response!\n\nYou did not lose $0.20!'
274.2524 	EXP 	feedbackMsg: autoDraw = True
274.9634 	DATA 	Keypress: 5
275.7145 	DATA 	Keypress: 5
275.7545 	EXP 	New trial (rep=0, index=39): OrderedDict([('Condition', 'LgReward'), ('FixationDur', 4000)])
275.7947 	EXP 	feedbackMsg: autoDraw = False
275.7947 	EXP 	feedbackMsg: autoDraw = False
275.7947 	EXP 	cueImage: image = 'images/WinBig.bmp'
275.7947 	EXP 	cueImage: autoDraw = True
276.5067 	DATA 	Keypress: 5
277.3001 	DATA 	Keypress: 5
277.8006 	EXP 	cueImage: autoDraw = False
277.8006 	EXP 	cueImage: autoDraw = False
277.8006 	EXP 	fixation: autoDraw = True
278.0493 	DATA 	Keypress: 5
278.8423 	DATA 	Keypress: 5
279.6339 	DATA 	Keypress: 5
280.3845 	DATA 	Keypress: 5
281.1767 	DATA 	Keypress: 5
281.8239 	EXP 	fixation: autoDraw = False
281.8239 	EXP 	fixation: autoDraw = False
281.8239 	EXP 	Target: image = 'images/WinProbe.bmp'
281.8239 	EXP 	Target: autoDraw = True
281.9646 	DATA 	Keypress: 5
282.1347 	DATA 	Keypress: 1
282.2546 	EXP 	Target: autoDraw = False
282.2546 	EXP 	Target: autoDraw = False
282.2546 	EXP 	feedbackMsg: text = 'Correct Response!\n\nYou won $5.00!'
282.2546 	EXP 	feedbackMsg: autoDraw = True
282.7175 	DATA 	Keypress: 5
283.5082 	DATA 	Keypress: 5
283.7565 	EXP 	New trial (rep=0, index=40): OrderedDict([('Condition', 'Triangle'), ('FixationDur', 1500)])
283.7948 	EXP 	feedbackMsg: autoDraw = False
283.7948 	EXP 	feedbackMsg: autoDraw = False
283.7948 	EXP 	cueImage: image = 'images/Neutral.bmp'
283.7948 	EXP 	cueImage: autoDraw = True
284.2994 	DATA 	Keypress: 5
285.0902 	DATA 	Keypress: 5
285.8071 	EXP 	cueImage: autoDraw = False
285.8071 	EXP 	cueImage: autoDraw = False
285.8071 	EXP 	fixation: autoDraw = True
285.8424 	DATA 	Keypress: 5
286.6365 	DATA 	Keypress: 5
287.3141 	EXP 	fixation: autoDraw = False
287.3141 	EXP 	fixation: autoDraw = False
287.3141 	EXP 	Target: image = 'images/NeutralProbe.bmp'
287.3141 	EXP 	Target: autoDraw = True
287.4242 	DATA 	Keypress: 5
287.6745 	DATA 	Keypress: 1
287.7532 	EXP 	Target: autoDraw = False
287.7532 	EXP 	Target: autoDraw = False
287.7532 	EXP 	feedbackMsg: text = 'Correct Response!\n\nYou did not win or lose anything!'
287.7532 	EXP 	feedbackMsg: autoDraw = True
288.1742 	DATA 	Keypress: 5
288.9660 	DATA 	Keypress: 5
289.2136 	EXP 	New trial (rep=0, index=41): OrderedDict([('Condition', 'LgReward'), ('FixationDur', 2000)])
289.2538 	EXP 	feedbackMsg: autoDraw = False
289.2538 	EXP 	feedbackMsg: autoDraw = False
289.2538 	EXP 	cueImage: image = 'images/WinBig.bmp'
289.2538 	EXP 	cueImage: autoDraw = True
289.7571 	DATA 	Keypress: 5
290.5064 	DATA 	Keypress: 5
291.2743 	EXP 	cueImage: autoDraw = False
291.2743 	EXP 	fixation: autoDraw = True
291.2778 	DATA 	Keypress: 5
292.0926 	DATA 	Keypress: 5
292.8432 	DATA 	Keypress: 5
293.2904 	EXP 	fixation: autoDraw = False
293.2904 	EXP 	fixation: autoDraw = False
293.2904 	EXP 	Target: image = 'images/WinProbe.bmp'
293.2904 	EXP 	Target: autoDraw = True
293.6325 	DATA 	Keypress: 1
293.6349 	DATA 	Keypress: 5
293.7118 	EXP 	Target: autoDraw = False
293.7118 	EXP 	Target: autoDraw = False
293.7118 	EXP 	feedbackMsg: text = 'Correct Response!\n\nYou won $5.00!'
293.7118 	EXP 	feedbackMsg: autoDraw = True
294.4247 	DATA 	Keypress: 5
295.1744 	DATA 	Keypress: 5
295.2135 	EXP 	New trial (rep=0, index=42): OrderedDict([('Condition', 'SmallPun'), ('FixationDur', 3000)])
295.2538 	EXP 	feedbackMsg: autoDraw = False
295.2538 	EXP 	feedbackMsg: autoDraw = False
295.2538 	EXP 	cueImage: image = 'images/LoseSmall.bmp'
295.2538 	EXP 	cueImage: autoDraw = True
295.9655 	DATA 	Keypress: 5
296.7583 	DATA 	Keypress: 5
297.2625 	EXP 	cueImage: autoDraw = False
297.2625 	EXP 	fixation: autoDraw = True
297.5118 	DATA 	Keypress: 5
298.3017 	DATA 	Keypress: 5
299.0935 	DATA 	Keypress: 5
299.8434 	DATA 	Keypress: 5
300.2751 	EXP 	fixation: autoDraw = False
300.2751 	EXP 	fixation: autoDraw = False
300.2751 	EXP 	Target: image = 'images/LoseProbe.bmp'
300.2751 	EXP 	Target: autoDraw = True
300.6322 	DATA 	Keypress: 1
300.6342 	DATA 	Keypress: 5
300.7125 	EXP 	Target: autoDraw = False
300.7125 	EXP 	Target: autoDraw = False
300.7125 	EXP 	feedbackMsg: text = 'Correct Response!\n\nYou did not lose $0.20!'
300.7125 	EXP 	feedbackMsg: autoDraw = True
301.4251 	DATA 	Keypress: 5
302.1729 	DATA 	Keypress: 5
302.2140 	EXP 	New trial (rep=0, index=43): OrderedDict([('Condition', 'Triangle'), ('FixationDur', 1500)])
302.2537 	EXP 	feedbackMsg: autoDraw = False
302.2537 	EXP 	feedbackMsg: autoDraw = False
302.2537 	EXP 	cueImage: image = 'images/Neutral.bmp'
302.2537 	EXP 	cueImage: autoDraw = True
302.9653 	DATA 	Keypress: 5
303.7582 	DATA 	Keypress: 5
304.2613 	EXP 	cueImage: autoDraw = False
304.2613 	EXP 	cueImage: autoDraw = False
304.2613 	EXP 	fixation: autoDraw = True
304.5104 	DATA 	Keypress: 5
305.3010 	DATA 	Keypress: 5
305.7759 	EXP 	fixation: autoDraw = False
305.7759 	EXP 	fixation: autoDraw = False
305.7759 	EXP 	Target: image = 'images/NeutralProbe.bmp'
305.7759 	EXP 	Target: autoDraw = True
306.0913 	DATA 	Keypress: 5
306.1338 	DATA 	Keypress: 1
306.2122 	EXP 	Target: autoDraw = False
306.2122 	EXP 	Target: autoDraw = False
306.2122 	EXP 	feedbackMsg: text = 'Correct Response!\n\nYou did not win or lose anything!'
306.2122 	EXP 	feedbackMsg: autoDraw = True
306.8415 	DATA 	Keypress: 5
307.6333 	DATA 	Keypress: 5
307.7144 	EXP 	New trial (rep=0, index=44): OrderedDict([('Condition', 'SmallPun'), ('FixationDur', 1500)])
307.7542 	EXP 	feedbackMsg: autoDraw = False
307.7542 	EXP 	feedbackMsg: autoDraw = False
307.7542 	EXP 	cueImage: image = 'images/LoseSmall.bmp'
307.7542 	EXP 	cueImage: autoDraw = True
308.4253 	DATA 	Keypress: 5
309.1758 	DATA 	Keypress: 5
309.7598 	EXP 	cueImage: autoDraw = False
309.7598 	EXP 	cueImage: autoDraw = False
309.7598 	EXP 	fixation: autoDraw = True
309.9703 	DATA 	Keypress: 5
310.7613 	DATA 	Keypress: 5
311.2768 	EXP 	fixation: autoDraw = False
311.2768 	EXP 	fixation: autoDraw = False
311.2768 	EXP 	Target: image = 'images/LoseProbe.bmp'
311.2768 	EXP 	Target: autoDraw = True
311.5082 	DATA 	Keypress: 5
311.5907 	DATA 	Keypress: 1
311.7125 	EXP 	Target: autoDraw = False
311.7125 	EXP 	Target: autoDraw = False
311.7125 	EXP 	feedbackMsg: text = 'Correct Response!\n\nYou did not lose $0.20!'
311.7125 	EXP 	feedbackMsg: autoDraw = True
312.2996 	DATA 	Keypress: 5
313.0916 	DATA 	Keypress: 5
313.0939 	DATA 	Keypress: 1
313.1727 	EXP 	New trial (rep=0, index=45): OrderedDict([('Condition', 'LgPun'), ('FixationDur', 4000)])
313.2119 	EXP 	feedbackMsg: autoDraw = False
313.2119 	EXP 	feedbackMsg: autoDraw = False
313.2119 	EXP 	cueImage: image = 'images/LoseBig.bmp'
313.2119 	EXP 	cueImage: autoDraw = True
313.8418 	DATA 	Keypress: 5
314.6344 	DATA 	Keypress: 5
315.2269 	EXP 	cueImage: autoDraw = False
315.2269 	EXP 	fixation: autoDraw = True
315.4269 	DATA 	Keypress: 5
315.5950 	DATA 	Keypress: 1
316.1763 	DATA 	Keypress: 5
316.9695 	DATA 	Keypress: 5
317.7608 	DATA 	Keypress: 5
318.5108 	DATA 	Keypress: 5
319.2302 	EXP 	fixation: autoDraw = False
319.2302 	EXP 	fixation: autoDraw = False
319.2302 	EXP 	Target: image = 'images/LoseProbe.bmp'
319.2302 	EXP 	Target: autoDraw = True
319.3022 	DATA 	Keypress: 5
319.5514 	DATA 	Keypress: 1
319.6317 	EXP 	Target: autoDraw = False
319.6317 	EXP 	Target: autoDraw = False
319.6317 	EXP 	feedbackMsg: text = 'You pressed too soon!\n\nYou did not lose $5.00!'
319.6317 	EXP 	feedbackMsg: autoDraw = True
320.0935 	DATA 	Keypress: 5
320.8438 	DATA 	Keypress: 5
321.1765 	EXP 	New trial (rep=0, index=46): OrderedDict([('Condition', 'Triangle'), ('FixationDur', 2000)])
321.2130 	EXP 	feedbackMsg: autoDraw = False
321.2130 	EXP 	feedbackMsg: autoDraw = False
321.2130 	EXP 	cueImage: image = 'images/Neutral.bmp'
321.2130 	EXP 	cueImage: autoDraw = True
321.6349 	DATA 	Keypress: 5
322.4262 	DATA 	Keypress: 5
323.2079 	DATA 	Keypress: 5
323.2288 	EXP 	cueImage: autoDraw = False
323.2288 	EXP 	cueImage: autoDraw = False
323.2288 	EXP 	fixation: autoDraw = True
323.9711 	DATA 	Keypress: 5
324.7607 	DATA 	Keypress: 5
325.2303 	EXP 	fixation: autoDraw = False
325.2303 	EXP 	fixation: autoDraw = False
325.2303 	EXP 	Target: image = 'images/NeutralProbe.bmp'
325.2303 	EXP 	Target: autoDraw = True
325.5085 	DATA 	Keypress: 5
325.6338 	EXP 	Target: autoDraw = False
325.6338 	EXP 	Target: autoDraw = False
325.6338 	EXP 	feedbackMsg: text = 'You pressed too slow!\n\nYou did not win or lose anything!'
325.6338 	EXP 	feedbackMsg: autoDraw = True
325.6783 	DATA 	Keypress: 1
326.3040 	DATA 	Keypress: 5
327.0932 	DATA 	Keypress: 5
327.1760 	EXP 	New trial (rep=0, index=47): OrderedDict([('Condition', 'LgReward'), ('FixationDur', 3000)])
327.2154 	EXP 	feedbackMsg: autoDraw = False
327.2154 	EXP 	feedbackMsg: autoDraw = False
327.2154 	EXP 	cueImage: image = 'images/WinBig.bmp'
327.2154 	EXP 	cueImage: autoDraw = True
327.8425 	DATA 	Keypress: 5
328.6350 	DATA 	Keypress: 5
329.2187 	EXP 	cueImage: autoDraw = False
329.2187 	EXP 	cueImage: autoDraw = False
329.2187 	EXP 	fixation: autoDraw = True
329.4282 	DATA 	Keypress: 5
330.1786 	DATA 	Keypress: 5
330.9702 	DATA 	Keypress: 5
331.7599 	DATA 	Keypress: 5
332.2463 	EXP 	fixation: autoDraw = False
332.2463 	EXP 	fixation: autoDraw = False
332.2463 	EXP 	Target: image = 'images/WinProbe.bmp'
332.2463 	EXP 	Target: autoDraw = True
332.5509 	DATA 	Keypress: 5
332.6055 	DATA 	Keypress: 1
332.6339 	EXP 	Target: autoDraw = False
332.6339 	EXP 	Target: autoDraw = False
332.6339 	EXP 	feedbackMsg: text = 'You pressed too slow!\n\nYou did not win $5.00!'
332.6339 	EXP 	feedbackMsg: autoDraw = True
333.3041 	DATA 	Keypress: 5
334.0933 	DATA 	Keypress: 5
334.1754 	EXP 	New trial (rep=0, index=48): OrderedDict([('Condition', 'LgReward'), ('FixationDur', 1500)])
334.2158 	EXP 	feedbackMsg: autoDraw = False
334.2158 	EXP 	feedbackMsg: autoDraw = False
334.2158 	EXP 	cueImage: image = 'images/WinBig.bmp'
334.2158 	EXP 	cueImage: autoDraw = True
334.8864 	DATA 	Keypress: 5
335.6358 	DATA 	Keypress: 5
336.2304 	EXP 	cueImage: autoDraw = False
336.2304 	EXP 	cueImage: autoDraw = False
336.2304 	EXP 	fixation: autoDraw = True
336.4274 	DATA 	Keypress: 5
337.2217 	DATA 	Keypress: 5
337.7469 	EXP 	fixation: autoDraw = False
337.7469 	EXP 	fixation: autoDraw = False
337.7469 	EXP 	Target: image = 'images/WinProbe.bmp'
337.7469 	EXP 	Target: autoDraw = True
337.9698 	DATA 	Keypress: 5
338.1324 	EXP 	Target: autoDraw = False
338.1324 	EXP 	Target: autoDraw = False
338.1324 	EXP 	feedbackMsg: text = 'You pressed too slow!\n\nYou did not win $5.00!'
338.1324 	EXP 	feedbackMsg: autoDraw = True
338.7633 	DATA 	Keypress: 5
339.5128 	DATA 	Keypress: 5
339.6766 	EXP 	New trial (rep=0, index=49): OrderedDict([('Condition', 'SmallReward'), ('FixationDur', 3500)])
339.7157 	EXP 	feedbackMsg: autoDraw = False
339.7157 	EXP 	feedbackMsg: autoDraw = False
339.7157 	EXP 	cueImage: image = 'images/WinSmall.bmp'
339.7157 	EXP 	cueImage: autoDraw = True
340.3013 	DATA 	Keypress: 5
341.0929 	DATA 	Keypress: 5
341.7199 	EXP 	cueImage: autoDraw = False
341.7199 	EXP 	cueImage: autoDraw = False
341.7199 	EXP 	fixation: autoDraw = True
341.8871 	DATA 	Keypress: 5
342.6361 	DATA 	Keypress: 5
343.4274 	DATA 	Keypress: 5
344.2227 	DATA 	Keypress: 5
344.9717 	DATA 	Keypress: 5
345.2483 	EXP 	fixation: autoDraw = False
345.2483 	EXP 	fixation: autoDraw = False
345.2483 	EXP 	Target: image = 'images/WinProbe.bmp'
345.2483 	EXP 	Target: autoDraw = True
345.5652 	DATA 	Keypress: 1
345.5925 	EXP 	Target: autoDraw = False
345.5925 	EXP 	Target: autoDraw = False
345.5925 	EXP 	feedbackMsg: text = 'You pressed too slow!\n\nYou did not win $0.20!'
345.5925 	EXP 	feedbackMsg: autoDraw = True
345.7615 	DATA 	Keypress: 5
346.5539 	DATA 	Keypress: 5
347.1746 	EXP 	feedbackMsg: autoDraw = False
347.1746 	EXP 	feedbackMsg: autoDraw = False
347.1746 	EXP 	polygon: autoDraw = True
347.3029 	DATA 	Keypress: 5
348.0970 	DATA 	Keypress: 5
348.8880 	DATA 	Keypress: 5
349.6373 	DATA 	Keypress: 5
350.4277 	DATA 	Keypress: 5
351.2220 	DATA 	Keypress: 5
351.9716 	DATA 	Keypress: 5
352.1749 	EXP 	polygon: autoDraw = False
352.1749 	EXP 	polygon: autoDraw = False
352.1749 	EXP 	text: text = 'All done!\n\nYou earned a total of: $1.00'
352.1749 	EXP 	text: autoDraw = True
352.7623 	DATA 	Keypress: 5
353.5539 	DATA 	Keypress: 5
354.3043 	DATA 	Keypress: 5
355.0949 	DATA 	Keypress: 5
355.1822 	EXP 	text: autoDraw = False
355.1822 	EXP 	text: autoDraw = False
355.1822 	EXP 	polygon2: autoDraw = True
355.8898 	DATA 	Keypress: 5
356.6396 	DATA 	Keypress: 5
368.8050 	DATA 	Keypress: 5
369.5951 	DATA 	Keypress: 5
370.3894 	DATA 	Keypress: 5
371.1379 	DATA 	Keypress: 5
376.4307 	DATA 	Keypress: escape
376.7970 	EXP 	window1: mouseVisible = True
