10.6197 	WARNING 	User requested fullscreen with size [1440  900], but screen is actually [1920, 1080]. Using actual size
11.7192 	EXP 	Created window1 = Window(allowGUI=False, allowStencil=False, args=UNKNOWN, autoLog=True, bitsMode=UNKNOWN, blendMode='avg', color=array([0., 0., 0.]), colorSpace='rgb', fullscr=<method-wrapper '__getattribute__' of attributeSetter object at 0x135387be0>, gamma=None, kwargs=UNKNOWN, lms=UNKNOWN, monitor=<psychopy.monitors.calibTools.Monitor object at 0x1352cacc0>, multiSample=False, name='window1', numSamples=2, pos=[0.0, 0.0], screen=0, size=array([3840, 2160]), stereo=False, units='height', useFBO=True, useRetina=True, viewOri=0.0, viewPos=None, viewScale=None, waitBlanking=True, winType='pyglet')
11.7192 	EXP 	window1: recordFrameIntervals = False
12.1353 	EXP 	window1: recordFrameIntervals = True
12.5939 	EXP 	window1: recordFrameIntervals = False
13.0569 	EXP 	Created preinstruct_text = TextStim(__class__=<class 'psychopy.visual.text.TextStim'>, alignHoriz='center', alignVert='center', antialias=True, autoLog=True, bold=False, color='white', colorSpace='named', contrast=1.0, depth=0.0, flipHoriz=False, flipVert=False, font='Arial', fontFiles=[], height=0.05, italic=False, languageStyle='LTR', name='preinstruct_text', opacity=1.0, ori=0, pos=array([0., 0.]), rgb=array([255., 255., 255.]), text='Money Task - Scanner 2', units='height', win=Window(...), wrapWidth=1)
13.1024 	EXP 	Created instructFig = ImageStim(__class__=<class 'psychopy.visual.image.ImageStim'>, autoLog=True, color=array([1., 1., 1.]), colorSpace='rgb', contrast=1.0, depth=0.0, flipHoriz=False, flipVert=False, image='images/MID_instructions.bmp', interpolate=True, mask=None, maskParams=None, name='instructFig', opacity=1.0, ori=0.0, pos=array([0., 0.]), size=array([1.3, 1. ]), texRes=128, units='height', win=Window(...))
13.1042 	EXP 	Created PrepFixation = ShapeStim(__class__=<class 'psychopy.visual.shape.ShapeStim'>, autoDraw=False, autoLog=True, closeShape=True, contrast=1.0, depth=0.0, fillColor=array([1., 1., 1.]), fillColorSpace='rgb', interpolate=True, lineColor=array([1., 1., 1.]), lineColorSpace='rgb', lineWidth=1, name='PrepFixation', opacity=1.0, ori=array(0.), pos=array([0., 0.]), size=array([0.05, 0.05]), units='height', vertices=ndarray(...), win=Window(...), windingRule=None)
13.1058 	EXP 	Created cueImage = ImageStim(__class__=<class 'psychopy.visual.image.ImageStim'>, autoLog=True, color=array([1., 1., 1.]), colorSpace='rgb', contrast=1.0, depth=0.0, flipHoriz=False, flipVert=False, image='sin', interpolate=True, mask=None, maskParams=None, name='cueImage', opacity=1.0, ori=0.0, pos=array([0., 0.]), size=array([1.3, 1. ]), texRes=128, units='height', win=Window(...))
13.1073 	EXP 	Created fixation = ShapeStim(__class__=<class 'psychopy.visual.shape.ShapeStim'>, autoDraw=False, autoLog=True, closeShape=True, contrast=1.0, depth=-1.0, fillColor=array([1., 1., 1.]), fillColorSpace='rgb', interpolate=True, lineColor=array([1., 1., 1.]), lineColorSpace='rgb', lineWidth=1, name='fixation', opacity=1.0, ori=array(0.), pos=array([0., 0.]), size=array([0.05, 0.05]), units='height', vertices=ndarray(...), win=Window(...), windingRule=None)
13.1090 	EXP 	Created Target = ImageStim(__class__=<class 'psychopy.visual.image.ImageStim'>, autoLog=True, color=array([1., 1., 1.]), colorSpace='rgb', contrast=1.0, depth=-1.0, flipHoriz=False, flipVert=False, image='sin', interpolate=True, mask=None, maskParams=None, name='Target', opacity=1.0, ori=0.0, pos=array([0., 0.]), size=array([1.3, 1. ]), texRes=128, units='height', win=Window(...))
13.1182 	EXP 	Created feedbackMsg = TextStim(__class__=<class 'psychopy.visual.text.TextStim'>, alignHoriz='center', alignVert='center', antialias=True, autoLog=True, bold=False, color='white', colorSpace='named', contrast=1.0, depth=-2.0, flipHoriz=False, flipVert=False, font='Arial', fontFiles=[], height=0.05, italic=False, languageStyle='LTR', name='feedbackMsg', opacity=1.0, ori=0, pos=array([0., 0.]), rgb=array([255., 255., 255.]), text='default text', units='height', win=Window(...), wrapWidth=2)
13.1197 	EXP 	Created polygon = ShapeStim(__class__=<class 'psychopy.visual.shape.ShapeStim'>, autoDraw=False, autoLog=True, closeShape=True, contrast=1.0, depth=0.0, fillColor=array([1., 1., 1.]), fillColorSpace='rgb', interpolate=True, lineColor=array([1., 1., 1.]), lineColorSpace='rgb', lineWidth=1, name='polygon', opacity=1.0, ori=array(0.), pos=array([0., 0.]), size=array([0.05, 0.05]), units='height', vertices=ndarray(...), win=Window(...), windingRule=None)
13.1266 	EXP 	Created text = TextStim(__class__=<class 'psychopy.visual.text.TextStim'>, alignHoriz='center', alignVert='center', antialias=True, autoLog=True, bold=False, color='white', colorSpace='named', contrast=1.0, depth=-1.0, flipHoriz=False, flipVert=False, font='Arial', fontFiles=[], height=0.07, italic=False, languageStyle='LTR', name='text', opacity=1.0, ori=0, pos=array([0., 0.]), rgb=array([255., 255., 255.]), text='default text', units='height', win=Window(...), wrapWidth=1)
13.1281 	EXP 	Created polygon2 = ShapeStim(__class__=<class 'psychopy.visual.shape.ShapeStim'>, autoDraw=False, autoLog=True, closeShape=True, contrast=1.0, depth=0.0, fillColor=array([1., 1., 1.]), fillColorSpace='rgb', interpolate=True, lineColor=array([1., 1., 1.]), lineColorSpace='rgb', lineWidth=1, name='polygon2', opacity=1.0, ori=array(0.), pos=array([0., 0.]), size=array([0.05, 0.05]), units='height', vertices=ndarray(...), win=Window(...), windingRule=None)
13.1545 	EXP 	preinstruct_text: autoDraw = True
15.1882 	EXP 	preinstruct_text: autoDraw = False
15.1882 	EXP 	instructFig: autoDraw = True
24.5245 	DATA 	Keypress: 5
24.5548 	EXP 	instructFig: autoDraw = False
24.5548 	EXP 	PrepFixation: autoDraw = True
25.2642 	DATA 	Keypress: 5
26.0575 	DATA 	Keypress: 5
26.5183 	EXP 	Imported TimeVersion1.csv as conditions, 50 conditions, 2 params
26.5187 	EXP 	Created sequence: sequential, trialTypes=50, nReps=1, seed=None
26.5190 	EXP 	New trial (rep=0, index=0): OrderedDict([('Condition', 'LgReward'), ('FixationDur', 1500)])
26.5546 	EXP 	PrepFixation: autoDraw = False
26.5546 	EXP 	cueImage: image = 'images/WinBig.bmp'
26.5546 	EXP 	cueImage: autoDraw = True
26.8460 	DATA 	Keypress: 5
27.6388 	DATA 	Keypress: 5
28.3890 	DATA 	Keypress: 5
28.5744 	EXP 	cueImage: autoDraw = False
28.5744 	EXP 	fixation: autoDraw = True
29.1833 	DATA 	Keypress: 5
29.9319 	DATA 	Keypress: 5
30.0781 	EXP 	fixation: autoDraw = False
30.0781 	EXP 	fixation: autoDraw = False
30.0781 	EXP 	Target: image = 'images/WinProbe.bmp'
30.0781 	EXP 	Target: autoDraw = True
30.4284 	EXP 	Target: autoDraw = False
30.4284 	EXP 	Target: autoDraw = False
30.4284 	EXP 	feedbackMsg: text = 'You pressed too slow!\n\nYou did not win $5.00!'
30.4284 	EXP 	feedbackMsg: autoDraw = True
30.4314 	DATA 	Keypress: 1
30.7270 	DATA 	Keypress: 5
31.5164 	DATA 	Keypress: 5
32.0146 	EXP 	New trial (rep=0, index=1): OrderedDict([('Condition', 'Triangle'), ('FixationDur', 3500)])
32.0540 	EXP 	feedbackMsg: autoDraw = False
32.0540 	EXP 	feedbackMsg: autoDraw = False
32.0540 	EXP 	cueImage: image = 'images/Neutral.bmp'
32.0540 	EXP 	cueImage: autoDraw = True
32.3065 	DATA 	Keypress: 5
33.0563 	DATA 	Keypress: 5
33.8489 	DATA 	Keypress: 5
34.0596 	EXP 	cueImage: autoDraw = False
34.0596 	EXP 	cueImage: autoDraw = False
34.0596 	EXP 	fixation: autoDraw = True
34.6443 	DATA 	Keypress: 5
35.3932 	DATA 	Keypress: 5
36.1843 	DATA 	Keypress: 5
36.9335 	DATA 	Keypress: 5
37.5760 	EXP 	fixation: autoDraw = False
37.5760 	EXP 	fixation: autoDraw = False
37.5760 	EXP 	Target: image = 'images/NeutralProbe.bmp'
37.5760 	EXP 	Target: autoDraw = True
37.7238 	DATA 	Keypress: 5
37.9278 	EXP 	Target: autoDraw = False
37.9278 	EXP 	Target: autoDraw = False
37.9278 	EXP 	feedbackMsg: text = 'You pressed too slow!\n\nYou did not win or lose anything!'
37.9278 	EXP 	feedbackMsg: autoDraw = True
37.9320 	DATA 	Keypress: 1
38.5149 	DATA 	Keypress: 5
39.3063 	DATA 	Keypress: 5
39.5127 	EXP 	New trial (rep=0, index=2): OrderedDict([('Condition', 'LgPun'), ('FixationDur', 1500)])
39.5532 	EXP 	feedbackMsg: autoDraw = False
39.5532 	EXP 	feedbackMsg: autoDraw = False
39.5532 	EXP 	cueImage: image = 'images/LoseBig.bmp'
39.5532 	EXP 	cueImage: autoDraw = True
40.0566 	DATA 	Keypress: 5
40.8501 	DATA 	Keypress: 5
41.5606 	EXP 	cueImage: autoDraw = False
41.5606 	EXP 	cueImage: autoDraw = False
41.5606 	EXP 	fixation: autoDraw = True
41.6431 	DATA 	Keypress: 5
42.3944 	DATA 	Keypress: 5
43.0771 	EXP 	fixation: autoDraw = False
43.0771 	EXP 	fixation: autoDraw = False
43.0771 	EXP 	Target: image = 'images/LoseProbe.bmp'
43.0771 	EXP 	Target: autoDraw = True
43.1803 	DATA 	Keypress: 5
43.4278 	EXP 	Target: autoDraw = False
43.4278 	EXP 	Target: autoDraw = False
43.4278 	EXP 	feedbackMsg: text = 'You pressed too slow!\n\nYou lost $5.00!'
43.4278 	EXP 	feedbackMsg: autoDraw = True
43.4721 	DATA 	Keypress: 1
43.9741 	DATA 	Keypress: 5
44.7223 	DATA 	Keypress: 5
45.0133 	EXP 	New trial (rep=0, index=3): OrderedDict([('Condition', 'SmallReward'), ('FixationDur', 3500)])
45.0532 	EXP 	feedbackMsg: autoDraw = False
45.0532 	EXP 	feedbackMsg: autoDraw = False
45.0532 	EXP 	cueImage: image = 'images/WinSmall.bmp'
45.0532 	EXP 	cueImage: autoDraw = True
45.5147 	DATA 	Keypress: 5
46.3084 	DATA 	Keypress: 5
47.0510 	DATA 	Keypress: 5
47.0626 	EXP 	cueImage: autoDraw = False
47.0626 	EXP 	cueImage: autoDraw = False
47.0626 	EXP 	fixation: autoDraw = True
47.8504 	DATA 	Keypress: 5
48.6446 	DATA 	Keypress: 5
49.3938 	DATA 	Keypress: 5
50.1851 	DATA 	Keypress: 5
50.5823 	EXP 	fixation: autoDraw = False
50.5823 	EXP 	fixation: autoDraw = False
50.5823 	EXP 	Target: image = 'images/WinProbe.bmp'
50.5823 	EXP 	Target: autoDraw = True
50.9008 	DATA 	Keypress: 1
50.9297 	EXP 	Target: autoDraw = False
50.9297 	EXP 	Target: autoDraw = False
50.9297 	EXP 	feedbackMsg: text = 'You pressed too slow!\n\nYou did not win $0.20!'
50.9297 	EXP 	feedbackMsg: autoDraw = True
50.9767 	DATA 	Keypress: 5
51.7272 	DATA 	Keypress: 5
52.5164 	EXP 	New trial (rep=0, index=4): OrderedDict([('Condition', 'LgReward'), ('FixationDur', 1500)])
52.5339 	DATA 	Keypress: 5
52.5551 	EXP 	feedbackMsg: autoDraw = False
52.5551 	EXP 	feedbackMsg: autoDraw = False
52.5551 	EXP 	cueImage: image = 'images/WinBig.bmp'
52.5551 	EXP 	cueImage: autoDraw = True
53.3078 	DATA 	Keypress: 5
54.0573 	DATA 	Keypress: 5
54.5593 	EXP 	cueImage: autoDraw = False
54.5593 	EXP 	cueImage: autoDraw = False
54.5593 	EXP 	fixation: autoDraw = True
54.6014 	DATA 	Keypress: 1
54.8505 	DATA 	Keypress: 5
55.6435 	DATA 	Keypress: 5
56.0817 	EXP 	fixation: autoDraw = False
56.0817 	EXP 	fixation: autoDraw = False
56.0817 	EXP 	Target: image = 'images/WinProbe.bmp'
56.0817 	EXP 	Target: autoDraw = True
56.3910 	DATA 	Keypress: 5
56.4735 	EXP 	Target: autoDraw = False
56.4735 	EXP 	Target: autoDraw = False
56.4735 	EXP 	feedbackMsg: text = 'You pressed too soon!\n\nYou did not win $5.00!'
56.4735 	EXP 	feedbackMsg: autoDraw = True
56.4778 	DATA 	Keypress: 1
57.1835 	DATA 	Keypress: 5
57.9743 	EXP 	New trial (rep=0, index=5): OrderedDict([('Condition', 'LgPun'), ('FixationDur', 2500)])
57.9823 	DATA 	Keypress: 5
58.0122 	EXP 	feedbackMsg: autoDraw = False
58.0122 	EXP 	feedbackMsg: autoDraw = False
58.0122 	EXP 	cueImage: image = 'images/LoseBig.bmp'
58.0122 	EXP 	cueImage: autoDraw = True
58.7239 	DATA 	Keypress: 5
59.5160 	DATA 	Keypress: 5
60.0286 	EXP 	cueImage: autoDraw = False
60.0286 	EXP 	cueImage: autoDraw = False
60.0286 	EXP 	fixation: autoDraw = True
60.3111 	DATA 	Keypress: 5
61.0602 	DATA 	Keypress: 5
61.8505 	DATA 	Keypress: 5
62.5290 	EXP 	fixation: autoDraw = False
62.5290 	EXP 	fixation: autoDraw = False
62.5290 	EXP 	Target: image = 'images/LoseProbe.bmp'
62.5290 	EXP 	Target: autoDraw = True
62.6434 	DATA 	Keypress: 5
62.8076 	DATA 	Keypress: 1
62.9324 	EXP 	Target: autoDraw = False
62.9324 	EXP 	Target: autoDraw = False
62.9324 	EXP 	feedbackMsg: text = 'Correct Response!\n\nYou did not lose $5.00!'
62.9324 	EXP 	feedbackMsg: autoDraw = True
63.3920 	DATA 	Keypress: 5
64.1855 	DATA 	Keypress: 5
64.4343 	EXP 	New trial (rep=0, index=6): OrderedDict([('Condition', 'LgReward'), ('FixationDur', 3500)])
64.4731 	EXP 	feedbackMsg: autoDraw = False
64.4731 	EXP 	feedbackMsg: autoDraw = False
64.4731 	EXP 	cueImage: image = 'images/WinBig.bmp'
64.4731 	EXP 	cueImage: autoDraw = True
64.9765 	DATA 	Keypress: 5
65.7255 	DATA 	Keypress: 5
66.4793 	EXP 	cueImage: autoDraw = False
66.4793 	EXP 	cueImage: autoDraw = False
66.4793 	EXP 	fixation: autoDraw = True
66.5172 	DATA 	Keypress: 5
67.3123 	DATA 	Keypress: 5
68.0618 	DATA 	Keypress: 5
68.8525 	DATA 	Keypress: 5
69.6426 	DATA 	Keypress: 5
70.0035 	EXP 	fixation: autoDraw = False
70.0035 	EXP 	fixation: autoDraw = False
70.0035 	EXP 	Target: image = 'images/WinProbe.bmp'
70.0035 	EXP 	Target: autoDraw = True
70.3076 	DATA 	Keypress: 1
70.3891 	EXP 	Target: autoDraw = False
70.3891 	EXP 	Target: autoDraw = False
70.3891 	EXP 	feedbackMsg: text = 'Correct Response!\n\nYou won $5.00!'
70.3891 	EXP 	feedbackMsg: autoDraw = True
70.3924 	DATA 	Keypress: 5
71.1870 	DATA 	Keypress: 5
71.8893 	EXP 	New trial (rep=0, index=7): OrderedDict([('Condition', 'LgPun'), ('FixationDur', 2000)])
71.9290 	EXP 	feedbackMsg: autoDraw = False
71.9290 	EXP 	feedbackMsg: autoDraw = False
71.9290 	EXP 	cueImage: image = 'images/LoseBig.bmp'
71.9290 	EXP 	cueImage: autoDraw = True
71.9739 	DATA 	Keypress: 5
72.7239 	DATA 	Keypress: 5
73.5169 	DATA 	Keypress: 5
73.9331 	EXP 	cueImage: autoDraw = False
73.9331 	EXP 	fixation: autoDraw = True
74.3100 	DATA 	Keypress: 5
75.0610 	DATA 	Keypress: 5
75.8526 	DATA 	Keypress: 5
75.9483 	EXP 	fixation: autoDraw = False
75.9483 	EXP 	fixation: autoDraw = False
75.9483 	EXP 	Target: image = 'images/LoseProbe.bmp'
75.9483 	EXP 	Target: autoDraw = True
76.2673 	DATA 	Keypress: 1
76.3875 	EXP 	Target: autoDraw = False
76.3875 	EXP 	Target: autoDraw = False
76.3875 	EXP 	feedbackMsg: text = 'Correct Response!\n\nYou did not lose $5.00!'
76.3875 	EXP 	feedbackMsg: autoDraw = True
76.6403 	DATA 	Keypress: 5
77.3916 	DATA 	Keypress: 5
77.8481 	EXP 	New trial (rep=0, index=8): OrderedDict([('Condition', 'Triangle'), ('FixationDur', 1500)])
77.8883 	EXP 	feedbackMsg: autoDraw = False
77.8883 	EXP 	feedbackMsg: autoDraw = False
77.8883 	EXP 	cueImage: image = 'images/Neutral.bmp'
77.8883 	EXP 	cueImage: autoDraw = True
78.1831 	DATA 	Keypress: 5
78.9738 	DATA 	Keypress: 5
79.7258 	DATA 	Keypress: 5
79.8986 	EXP 	cueImage: autoDraw = False
79.8986 	EXP 	fixation: autoDraw = True
80.5210 	DATA 	Keypress: 5
81.3106 	DATA 	Keypress: 5
81.4055 	EXP 	fixation: autoDraw = False
81.4055 	EXP 	fixation: autoDraw = False
81.4055 	EXP 	Target: image = 'images/NeutralProbe.bmp'
81.4055 	EXP 	Target: autoDraw = True
81.8489 	EXP 	Target: autoDraw = False
81.8489 	EXP 	Target: autoDraw = False
81.8489 	EXP 	feedbackMsg: text = 'You pressed too slow!\n\nYou did not win or lose anything!'
81.8489 	EXP 	feedbackMsg: autoDraw = True
81.9772 	DATA 	Keypress: 1
82.0596 	DATA 	Keypress: 5
82.8544 	DATA 	Keypress: 5
83.3082 	EXP 	New trial (rep=0, index=9): OrderedDict([('Condition', 'SmallPun'), ('FixationDur', 4000)])
83.3468 	EXP 	feedbackMsg: autoDraw = False
83.3468 	EXP 	feedbackMsg: autoDraw = False
83.3468 	EXP 	cueImage: image = 'images/LoseSmall.bmp'
83.3468 	EXP 	cueImage: autoDraw = True
83.6408 	DATA 	Keypress: 5
84.4355 	DATA 	Keypress: 5
85.1844 	DATA 	Keypress: 5
85.3653 	EXP 	cueImage: autoDraw = False
85.3653 	EXP 	cueImage: autoDraw = False
85.3653 	EXP 	fixation: autoDraw = True
85.9790 	DATA 	Keypress: 5
86.7283 	DATA 	Keypress: 5
87.5198 	DATA 	Keypress: 5
88.3103 	DATA 	Keypress: 5
89.1043 	DATA 	Keypress: 5
89.3666 	EXP 	fixation: autoDraw = False
89.3666 	EXP 	fixation: autoDraw = False
89.3666 	EXP 	Target: image = 'images/LoseProbe.bmp'
89.3666 	EXP 	Target: autoDraw = True
89.6429 	DATA 	Keypress: 1
89.8047 	EXP 	Target: autoDraw = False
89.8047 	EXP 	Target: autoDraw = False
89.8047 	EXP 	feedbackMsg: text = 'Correct Response!\n\nYou did not lose $0.20!'
89.8047 	EXP 	feedbackMsg: autoDraw = True
89.8506 	DATA 	Keypress: 5
90.6424 	DATA 	Keypress: 5
91.2653 	EXP 	New trial (rep=0, index=10): OrderedDict([('Condition', 'Triangle'), ('FixationDur', 2000)])
91.3054 	EXP 	feedbackMsg: autoDraw = False
91.3054 	EXP 	feedbackMsg: autoDraw = False
91.3054 	EXP 	cueImage: image = 'images/Neutral.bmp'
91.3054 	EXP 	cueImage: autoDraw = True
91.4341 	DATA 	Keypress: 5
92.1828 	DATA 	Keypress: 5
92.9758 	DATA 	Keypress: 5
93.3163 	EXP 	cueImage: autoDraw = False
93.3163 	EXP 	cueImage: autoDraw = False
93.3163 	EXP 	fixation: autoDraw = True
93.7685 	DATA 	Keypress: 5
94.5179 	DATA 	Keypress: 5
95.3073 	DATA 	Keypress: 5
95.3250 	EXP 	fixation: autoDraw = False
95.3250 	EXP 	fixation: autoDraw = False
95.3250 	EXP 	Target: image = 'images/NeutralProbe.bmp'
95.3250 	EXP 	Target: autoDraw = True
95.7634 	EXP 	Target: autoDraw = False
95.7634 	EXP 	Target: autoDraw = False
95.7634 	EXP 	feedbackMsg: text = 'You pressed too slow!\n\nYou did not win or lose anything!'
95.7634 	EXP 	feedbackMsg: autoDraw = True
96.1016 	DATA 	Keypress: 5
96.8511 	DATA 	Keypress: 5
97.2239 	EXP 	New trial (rep=0, index=11): OrderedDict([('Condition', 'Triangle'), ('FixationDur', 3000)])
97.2639 	EXP 	feedbackMsg: autoDraw = False
97.2639 	EXP 	feedbackMsg: autoDraw = False
97.2639 	EXP 	cueImage: image = 'images/Neutral.bmp'
97.2639 	EXP 	cueImage: autoDraw = True
97.6416 	DATA 	Keypress: 5
98.4364 	DATA 	Keypress: 5
99.1848 	DATA 	Keypress: 5
99.2834 	EXP 	cueImage: autoDraw = False
99.2834 	EXP 	fixation: autoDraw = True
99.9782 	DATA 	Keypress: 5
100.7689 	DATA 	Keypress: 5
101.5201 	DATA 	Keypress: 5
102.2842 	EXP 	fixation: autoDraw = False
102.2842 	EXP 	fixation: autoDraw = False
102.2842 	EXP 	Target: image = 'images/NeutralProbe.bmp'
102.2842 	EXP 	Target: autoDraw = True
102.3084 	DATA 	Keypress: 5
102.7227 	EXP 	Target: autoDraw = False
102.7227 	EXP 	Target: autoDraw = False
102.7227 	EXP 	feedbackMsg: text = 'You pressed too slow!\n\nYou did not win or lose anything!'
102.7227 	EXP 	feedbackMsg: autoDraw = True
103.1013 	DATA 	Keypress: 5
103.8504 	DATA 	Keypress: 5
104.1826 	EXP 	New trial (rep=0, index=12): OrderedDict([('Condition', 'SmallReward'), ('FixationDur', 3000)])
104.2225 	EXP 	feedbackMsg: autoDraw = False
104.2225 	EXP 	feedbackMsg: autoDraw = False
104.2225 	EXP 	cueImage: image = 'images/WinSmall.bmp'
104.2225 	EXP 	cueImage: autoDraw = True
104.6422 	DATA 	Keypress: 5
105.4362 	DATA 	Keypress: 5
106.2202 	DATA 	Keypress: 5
106.2345 	EXP 	cueImage: autoDraw = False
106.2345 	EXP 	cueImage: autoDraw = False
106.2345 	EXP 	fixation: autoDraw = True
106.9797 	DATA 	Keypress: 5
107.7714 	DATA 	Keypress: 5
108.5208 	DATA 	Keypress: 5
109.2515 	EXP 	fixation: autoDraw = False
109.2515 	EXP 	fixation: autoDraw = False
109.2515 	EXP 	Target: image = 'images/WinProbe.bmp'
109.2515 	EXP 	Target: autoDraw = True
109.3105 	DATA 	Keypress: 5
109.6018 	DATA 	Keypress: 1
109.6828 	EXP 	Target: autoDraw = False
109.6828 	EXP 	Target: autoDraw = False
109.6828 	EXP 	feedbackMsg: text = 'Correct Response!\n\nYou won $0.20!'
109.6828 	EXP 	feedbackMsg: autoDraw = True
110.1042 	DATA 	Keypress: 5
110.8561 	DATA 	Keypress: 5
111.1437 	EXP 	New trial (rep=0, index=13): OrderedDict([('Condition', 'SmallPun'), ('FixationDur', 3000)])
111.1830 	EXP 	feedbackMsg: autoDraw = False
111.1830 	EXP 	feedbackMsg: autoDraw = False
111.1830 	EXP 	cueImage: image = 'images/LoseSmall.bmp'
111.1830 	EXP 	cueImage: autoDraw = True
111.6431 	DATA 	Keypress: 5
112.4352 	DATA 	Keypress: 5
113.1878 	EXP 	cueImage: autoDraw = False
113.1878 	EXP 	cueImage: autoDraw = False
113.1878 	EXP 	fixation: autoDraw = True
113.1920 	DATA 	Keypress: 5
113.9788 	DATA 	Keypress: 5
114.7729 	DATA 	Keypress: 5
115.5232 	DATA 	Keypress: 5
116.2028 	EXP 	fixation: autoDraw = False
116.2028 	EXP 	fixation: autoDraw = False
116.2028 	EXP 	Target: image = 'images/LoseProbe.bmp'
116.2028 	EXP 	Target: autoDraw = True
116.3101 	DATA 	Keypress: 5
116.6137 	DATA 	Keypress: 1
116.6395 	EXP 	Target: autoDraw = False
116.6395 	EXP 	Target: autoDraw = False
116.6395 	EXP 	feedbackMsg: text = 'You pressed too slow!\n\nYou lost $0.20!'
116.6395 	EXP 	feedbackMsg: autoDraw = True
117.1025 	DATA 	Keypress: 5
117.8521 	DATA 	Keypress: 5
118.1407 	EXP 	New trial (rep=0, index=14): OrderedDict([('Condition', 'LgReward'), ('FixationDur', 2000)])
118.1813 	EXP 	feedbackMsg: autoDraw = False
118.1813 	EXP 	feedbackMsg: autoDraw = False
118.1813 	EXP 	cueImage: image = 'images/WinBig.bmp'
118.1813 	EXP 	cueImage: autoDraw = True
118.6427 	DATA 	Keypress: 5
119.4362 	DATA 	Keypress: 5
120.1873 	EXP 	cueImage: autoDraw = False
120.1873 	EXP 	cueImage: autoDraw = False
120.1873 	EXP 	fixation: autoDraw = True
120.1915 	DATA 	Keypress: 5
120.9793 	DATA 	Keypress: 5
121.7729 	DATA 	Keypress: 5
122.2090 	EXP 	fixation: autoDraw = False
122.2090 	EXP 	fixation: autoDraw = False
122.2090 	EXP 	Target: image = 'images/WinProbe.bmp'
122.2090 	EXP 	Target: autoDraw = True
122.5189 	DATA 	Keypress: 5
122.6132 	DATA 	Keypress: 1
122.6431 	EXP 	Target: autoDraw = False
122.6431 	EXP 	Target: autoDraw = False
122.6431 	EXP 	feedbackMsg: text = 'You pressed too slow!\n\nYou did not win $5.00!'
122.6431 	EXP 	feedbackMsg: autoDraw = True
123.3132 	DATA 	Keypress: 5
124.1035 	DATA 	Keypress: 5
124.1447 	EXP 	New trial (rep=0, index=15): OrderedDict([('Condition', 'SmallPun'), ('FixationDur', 2000)])
124.1821 	EXP 	feedbackMsg: autoDraw = False
124.1821 	EXP 	feedbackMsg: autoDraw = False
124.1821 	EXP 	cueImage: image = 'images/LoseSmall.bmp'
124.1821 	EXP 	cueImage: autoDraw = True
124.8530 	DATA 	Keypress: 5
125.6457 	DATA 	Keypress: 5
126.1915 	EXP 	cueImage: autoDraw = False
126.1915 	EXP 	cueImage: autoDraw = False
126.1915 	EXP 	fixation: autoDraw = True
126.4388 	DATA 	Keypress: 5
127.1888 	DATA 	Keypress: 5
127.9804 	DATA 	Keypress: 5
128.2043 	EXP 	fixation: autoDraw = False
128.2043 	EXP 	fixation: autoDraw = False
128.2043 	EXP 	Target: image = 'images/LoseProbe.bmp'
128.2043 	EXP 	Target: autoDraw = True
128.6111 	DATA 	Keypress: 1
128.6400 	EXP 	Target: autoDraw = False
128.6400 	EXP 	Target: autoDraw = False
128.6400 	EXP 	feedbackMsg: text = 'You pressed too slow!\n\nYou lost $0.20!'
128.6400 	EXP 	feedbackMsg: autoDraw = True
128.7679 	DATA 	Keypress: 5
129.5189 	DATA 	Keypress: 5
130.1420 	EXP 	New trial (rep=0, index=16): OrderedDict([('Condition', 'LgPun'), ('FixationDur', 3000)])
130.1823 	EXP 	feedbackMsg: autoDraw = False
130.1823 	EXP 	feedbackMsg: autoDraw = False
130.1823 	EXP 	cueImage: image = 'images/LoseBig.bmp'
130.1823 	EXP 	cueImage: autoDraw = True
130.3099 	DATA 	Keypress: 5
131.1008 	DATA 	Keypress: 5
131.8533 	DATA 	Keypress: 5
132.1901 	EXP 	cueImage: autoDraw = False
132.1901 	EXP 	cueImage: autoDraw = False
132.1901 	EXP 	fixation: autoDraw = True
132.6487 	DATA 	Keypress: 5
133.4382 	DATA 	Keypress: 5
134.1878 	DATA 	Keypress: 5
134.9793 	DATA 	Keypress: 5
135.2054 	EXP 	fixation: autoDraw = False
135.2054 	EXP 	fixation: autoDraw = False
135.2054 	EXP 	Target: image = 'images/LoseProbe.bmp'
135.2054 	EXP 	Target: autoDraw = True
135.5617 	DATA 	Keypress: 1
135.6406 	EXP 	Target: autoDraw = False
135.6406 	EXP 	Target: autoDraw = False
135.6406 	EXP 	feedbackMsg: text = 'Correct Response!\n\nYou did not lose $5.00!'
135.6406 	EXP 	feedbackMsg: autoDraw = True
135.7682 	DATA 	Keypress: 5
136.5616 	DATA 	Keypress: 5
137.1420 	EXP 	New trial (rep=0, index=17): OrderedDict([('Condition', 'SmallPun'), ('FixationDur', 1500)])
137.1826 	EXP 	feedbackMsg: autoDraw = False
137.1826 	EXP 	feedbackMsg: autoDraw = False
137.1826 	EXP 	cueImage: image = 'images/LoseSmall.bmp'
137.1826 	EXP 	cueImage: autoDraw = True
137.3118 	DATA 	Keypress: 5
138.1021 	DATA 	Keypress: 5
138.8949 	DATA 	Keypress: 5
139.1901 	EXP 	cueImage: autoDraw = False
139.1901 	EXP 	cueImage: autoDraw = False
139.1901 	EXP 	fixation: autoDraw = True
139.6482 	DATA 	Keypress: 5
140.4396 	DATA 	Keypress: 5
140.7058 	EXP 	fixation: autoDraw = False
140.7058 	EXP 	fixation: autoDraw = False
140.7058 	EXP 	Target: image = 'images/LoseProbe.bmp'
140.7058 	EXP 	Target: autoDraw = True
141.0614 	DATA 	Keypress: 1
141.1408 	EXP 	Target: autoDraw = False
141.1408 	EXP 	Target: autoDraw = False
141.1408 	EXP 	feedbackMsg: text = 'Correct Response!\n\nYou did not lose $0.20!'
141.1408 	EXP 	feedbackMsg: autoDraw = True
141.2274 	DATA 	Keypress: 5
141.9783 	DATA 	Keypress: 5
142.6422 	EXP 	New trial (rep=0, index=18): OrderedDict([('Condition', 'LgReward'), ('FixationDur', 3000)])
142.6829 	EXP 	feedbackMsg: autoDraw = False
142.6829 	EXP 	feedbackMsg: autoDraw = False
142.6829 	EXP 	cueImage: image = 'images/WinBig.bmp'
142.6829 	EXP 	cueImage: autoDraw = True
142.7687 	DATA 	Keypress: 5
143.5617 	DATA 	Keypress: 5
144.3115 	DATA 	Keypress: 5
144.6902 	EXP 	cueImage: autoDraw = False
144.6902 	EXP 	cueImage: autoDraw = False
144.6902 	EXP 	fixation: autoDraw = True
145.1050 	DATA 	Keypress: 5
145.8992 	DATA 	Keypress: 5
146.6483 	DATA 	Keypress: 5
147.4397 	DATA 	Keypress: 5
147.7112 	EXP 	fixation: autoDraw = False
147.7112 	EXP 	fixation: autoDraw = False
147.7112 	EXP 	Target: image = 'images/WinProbe.bmp'
147.7112 	EXP 	Target: autoDraw = True
148.0639 	DATA 	Keypress: 1
148.1428 	EXP 	Target: autoDraw = False
148.1428 	EXP 	Target: autoDraw = False
148.1428 	EXP 	feedbackMsg: text = 'Correct Response!\n\nYou won $5.00!'
148.1428 	EXP 	feedbackMsg: autoDraw = True
148.2313 	DATA 	Keypress: 5
148.9809 	DATA 	Keypress: 5
149.6041 	EXP 	New trial (rep=0, index=19): OrderedDict([('Condition', 'LgPun'), ('FixationDur', 4000)])
149.6430 	EXP 	feedbackMsg: autoDraw = False
149.6430 	EXP 	feedbackMsg: autoDraw = False
149.6430 	EXP 	cueImage: image = 'images/LoseBig.bmp'
149.6430 	EXP 	cueImage: autoDraw = True
149.7712 	DATA 	Keypress: 5
150.5617 	DATA 	Keypress: 5
151.3134 	DATA 	Keypress: 5
151.6573 	EXP 	cueImage: autoDraw = False
151.6573 	EXP 	cueImage: autoDraw = False
151.6573 	EXP 	fixation: autoDraw = True
152.1057 	DATA 	Keypress: 5
152.8993 	DATA 	Keypress: 5
153.6480 	DATA 	Keypress: 5
154.4402 	DATA 	Keypress: 5
155.2309 	DATA 	Keypress: 5
155.6583 	EXP 	fixation: autoDraw = False
155.6583 	EXP 	fixation: autoDraw = False
155.6583 	EXP 	Target: image = 'images/LoseProbe.bmp'
155.6583 	EXP 	Target: autoDraw = True
155.9793 	DATA 	Keypress: 1
155.9816 	DATA 	Keypress: 5
156.1450 	EXP 	Target: autoDraw = False
156.1450 	EXP 	Target: autoDraw = False
156.1450 	EXP 	feedbackMsg: text = 'Correct Response!\n\nYou did not lose $5.00!'
156.1450 	EXP 	feedbackMsg: autoDraw = True
156.7747 	DATA 	Keypress: 5
157.5646 	DATA 	Keypress: 5
157.6032 	EXP 	New trial (rep=0, index=20): OrderedDict([('Condition', 'SmallReward'), ('FixationDur', 2500)])
157.6419 	EXP 	feedbackMsg: autoDraw = False
157.6419 	EXP 	feedbackMsg: autoDraw = False
157.6419 	EXP 	cueImage: image = 'images/WinSmall.bmp'
157.6419 	EXP 	cueImage: autoDraw = True
158.3110 	DATA 	Keypress: 5
159.1041 	DATA 	Keypress: 5
159.6574 	EXP 	cueImage: autoDraw = False
159.6574 	EXP 	cueImage: autoDraw = False
159.6574 	EXP 	fixation: autoDraw = True
159.8955 	DATA 	Keypress: 5
160.6454 	DATA 	Keypress: 5
161.4375 	DATA 	Keypress: 5
162.1740 	EXP 	fixation: autoDraw = False
162.1740 	EXP 	fixation: autoDraw = False
162.1740 	EXP 	Target: image = 'images/WinProbe.bmp'
162.1740 	EXP 	Target: autoDraw = True
162.2291 	DATA 	Keypress: 5
162.6417 	EXP 	Target: autoDraw = False
162.6417 	EXP 	Target: autoDraw = False
162.6417 	EXP 	feedbackMsg: text = 'You pressed too slow!\n\nYou did not win $0.20!'
162.6417 	EXP 	feedbackMsg: autoDraw = True
162.6445 	DATA 	Keypress: 1
162.9810 	DATA 	Keypress: 5
163.7705 	DATA 	Keypress: 5
164.1044 	EXP 	New trial (rep=0, index=21): OrderedDict([('Condition', 'LgPun'), ('FixationDur', 3500)])
164.1436 	EXP 	feedbackMsg: autoDraw = False
164.1436 	EXP 	feedbackMsg: autoDraw = False
164.1436 	EXP 	cueImage: image = 'images/LoseBig.bmp'
164.1436 	EXP 	cueImage: autoDraw = True
164.5643 	DATA 	Keypress: 5
165.3137 	DATA 	Keypress: 5
166.1384 	DATA 	Keypress: 5
166.1594 	EXP 	cueImage: autoDraw = False
166.1594 	EXP 	cueImage: autoDraw = False
166.1594 	EXP 	fixation: autoDraw = True
166.8994 	DATA 	Keypress: 5
167.6486 	DATA 	Keypress: 5
168.4395 	DATA 	Keypress: 5
169.2307 	DATA 	Keypress: 5
169.6596 	EXP 	fixation: autoDraw = False
169.6596 	EXP 	fixation: autoDraw = False
169.6596 	EXP 	Target: image = 'images/LoseProbe.bmp'
169.6596 	EXP 	Target: autoDraw = True
169.9784 	DATA 	Keypress: 5
170.1125 	DATA 	Keypress: 1
170.1421 	EXP 	Target: autoDraw = False
170.1421 	EXP 	Target: autoDraw = False
170.1421 	EXP 	feedbackMsg: text = 'You pressed too slow!\n\nYou lost $5.00!'
170.1421 	EXP 	feedbackMsg: autoDraw = True
170.7716 	DATA 	Keypress: 5
171.5610 	DATA 	Keypress: 5
171.6025 	EXP 	New trial (rep=0, index=22): OrderedDict([('Condition', 'Triangle'), ('FixationDur', 1500)])
171.6415 	EXP 	feedbackMsg: autoDraw = False
171.6415 	EXP 	feedbackMsg: autoDraw = False
171.6415 	EXP 	cueImage: image = 'images/Neutral.bmp'
171.6415 	EXP 	cueImage: autoDraw = True
172.3116 	DATA 	Keypress: 5
173.1045 	DATA 	Keypress: 5
173.6477 	EXP 	cueImage: autoDraw = False
173.6477 	EXP 	cueImage: autoDraw = False
173.6477 	EXP 	fixation: autoDraw = True
173.8984 	DATA 	Keypress: 5
174.6490 	DATA 	Keypress: 5
175.1641 	EXP 	fixation: autoDraw = False
175.1641 	EXP 	fixation: autoDraw = False
175.1641 	EXP 	Target: image = 'images/NeutralProbe.bmp'
175.1641 	EXP 	Target: autoDraw = True
175.4385 	DATA 	Keypress: 5
175.6009 	EXP 	Target: autoDraw = False
175.6009 	EXP 	Target: autoDraw = False
175.6009 	EXP 	feedbackMsg: text = 'You pressed too slow!\n\nYou did not win or lose anything!'
175.6009 	EXP 	feedbackMsg: autoDraw = True
176.2293 	DATA 	Keypress: 5
176.9789 	DATA 	Keypress: 5
177.1025 	EXP 	New trial (rep=0, index=23): OrderedDict([('Condition', 'LgReward'), ('FixationDur', 2500)])
177.1421 	EXP 	feedbackMsg: autoDraw = False
177.1421 	EXP 	feedbackMsg: autoDraw = False
177.1421 	EXP 	cueImage: image = 'images/WinBig.bmp'
177.1421 	EXP 	cueImage: autoDraw = True
177.7720 	DATA 	Keypress: 5
178.5639 	DATA 	Keypress: 5
179.1611 	EXP 	cueImage: autoDraw = False
179.1611 	EXP 	cueImage: autoDraw = False
179.1611 	EXP 	fixation: autoDraw = True
179.3162 	DATA 	Keypress: 5
180.1079 	DATA 	Keypress: 5
180.8979 	DATA 	Keypress: 5
181.6631 	DATA 	Keypress: 5
181.6797 	EXP 	fixation: autoDraw = False
181.6797 	EXP 	fixation: autoDraw = False
181.6797 	EXP 	Target: image = 'images/WinProbe.bmp'
181.6797 	EXP 	Target: autoDraw = True
181.9807 	DATA 	Keypress: 1
182.1026 	EXP 	Target: autoDraw = False
182.1026 	EXP 	Target: autoDraw = False
182.1026 	EXP 	feedbackMsg: text = 'Correct Response!\n\nYou won $5.00!'
182.1026 	EXP 	feedbackMsg: autoDraw = True
182.4410 	DATA 	Keypress: 5
183.2307 	DATA 	Keypress: 5
183.5636 	EXP 	New trial (rep=0, index=24): OrderedDict([('Condition', 'Triangle'), ('FixationDur', 1500)])
183.6030 	EXP 	feedbackMsg: autoDraw = False
183.6030 	EXP 	feedbackMsg: autoDraw = False
183.6030 	EXP 	cueImage: image = 'images/Neutral.bmp'
183.6030 	EXP 	cueImage: autoDraw = True
184.0223 	DATA 	Keypress: 5
184.7735 	DATA 	Keypress: 5
185.5960 	DATA 	Keypress: 5
185.6117 	EXP 	cueImage: autoDraw = False
185.6117 	EXP 	cueImage: autoDraw = False
185.6117 	EXP 	fixation: autoDraw = True
186.3160 	DATA 	Keypress: 5
187.1024 	DATA 	Keypress: 5
187.1194 	EXP 	fixation: autoDraw = False
187.1194 	EXP 	fixation: autoDraw = False
187.1194 	EXP 	Target: image = 'images/NeutralProbe.bmp'
187.1194 	EXP 	Target: autoDraw = True
187.5587 	EXP 	Target: autoDraw = False
187.5587 	EXP 	Target: autoDraw = False
187.5587 	EXP 	feedbackMsg: text = 'You pressed too slow!\n\nYou did not win or lose anything!'
187.5587 	EXP 	feedbackMsg: autoDraw = True
187.8967 	DATA 	Keypress: 5
188.6885 	DATA 	Keypress: 5
189.0612 	EXP 	New trial (rep=0, index=25): OrderedDict([('Condition', 'Triangle'), ('FixationDur', 2000)])
189.1015 	EXP 	feedbackMsg: autoDraw = False
189.1015 	EXP 	feedbackMsg: autoDraw = False
189.1015 	EXP 	cueImage: image = 'images/Neutral.bmp'
189.1015 	EXP 	cueImage: autoDraw = True
189.4379 	DATA 	Keypress: 5
190.2308 	DATA 	Keypress: 5
191.0241 	DATA 	Keypress: 5
191.1128 	EXP 	cueImage: autoDraw = False
191.1128 	EXP 	cueImage: autoDraw = False
191.1128 	EXP 	fixation: autoDraw = True
191.7747 	DATA 	Keypress: 5
192.5656 	DATA 	Keypress: 5
193.1196 	EXP 	fixation: autoDraw = False
193.1196 	EXP 	fixation: autoDraw = False
193.1196 	EXP 	Target: image = 'images/NeutralProbe.bmp'
193.1196 	EXP 	Target: autoDraw = True
193.3563 	DATA 	Keypress: 5
193.5598 	EXP 	Target: autoDraw = False
193.5598 	EXP 	Target: autoDraw = False
193.5598 	EXP 	feedbackMsg: text = 'You pressed too slow!\n\nYou did not win or lose anything!'
193.5598 	EXP 	feedbackMsg: autoDraw = True
194.1049 	DATA 	Keypress: 5
194.8966 	DATA 	Keypress: 5
195.0200 	EXP 	New trial (rep=0, index=26): OrderedDict([('Condition', 'LgReward'), ('FixationDur', 4000)])
195.0601 	EXP 	feedbackMsg: autoDraw = False
195.0601 	EXP 	feedbackMsg: autoDraw = False
195.0601 	EXP 	cueImage: image = 'images/WinBig.bmp'
195.0601 	EXP 	cueImage: autoDraw = True
195.6887 	DATA 	Keypress: 5
196.4387 	DATA 	Keypress: 5
197.0802 	EXP 	cueImage: autoDraw = False
197.0802 	EXP 	fixation: autoDraw = True
197.2346 	DATA 	Keypress: 5
198.0258 	DATA 	Keypress: 5
198.7742 	DATA 	Keypress: 5
199.5658 	DATA 	Keypress: 5
200.3590 	DATA 	Keypress: 5
201.0967 	EXP 	fixation: autoDraw = False
201.0967 	EXP 	fixation: autoDraw = False
201.0967 	EXP 	Target: image = 'images/WinProbe.bmp'
201.0967 	EXP 	Target: autoDraw = True
201.0998 	DATA 	Keypress: 5
201.4397 	DATA 	Keypress: 1
201.5183 	EXP 	Target: autoDraw = False
201.5183 	EXP 	Target: autoDraw = False
201.5183 	EXP 	feedbackMsg: text = 'Correct Response!\n\nYou won $5.00!'
201.5183 	EXP 	feedbackMsg: autoDraw = True
201.8964 	DATA 	Keypress: 5
202.6884 	DATA 	Keypress: 5
203.0202 	EXP 	New trial (rep=0, index=27): OrderedDict([('Condition', 'Triangle'), ('FixationDur', 2500)])
203.0603 	EXP 	feedbackMsg: autoDraw = False
203.0603 	EXP 	feedbackMsg: autoDraw = False
203.0603 	EXP 	cueImage: image = 'images/Neutral.bmp'
203.0603 	EXP 	cueImage: autoDraw = True
203.4379 	DATA 	Keypress: 5
204.2298 	DATA 	Keypress: 5
205.0597 	DATA 	Keypress: 5
205.0811 	EXP 	cueImage: autoDraw = False
205.0811 	EXP 	fixation: autoDraw = True
205.7757 	DATA 	Keypress: 5
206.5657 	DATA 	Keypress: 5
207.3608 	DATA 	Keypress: 5
207.5815 	EXP 	fixation: autoDraw = False
207.5815 	EXP 	fixation: autoDraw = False
207.5815 	EXP 	Target: image = 'images/NeutralProbe.bmp'
207.5815 	EXP 	Target: autoDraw = True
208.0187 	EXP 	Target: autoDraw = False
208.0187 	EXP 	Target: autoDraw = False
208.0187 	EXP 	feedbackMsg: text = 'You pressed too slow!\n\nYou did not win or lose anything!'
208.0187 	EXP 	feedbackMsg: autoDraw = True
208.1059 	DATA 	Keypress: 5
208.8974 	DATA 	Keypress: 5
209.5204 	EXP 	New trial (rep=0, index=28): OrderedDict([('Condition', 'SmallPun'), ('FixationDur', 2500)])
209.5603 	EXP 	feedbackMsg: autoDraw = False
209.5603 	EXP 	feedbackMsg: autoDraw = False
209.5603 	EXP 	cueImage: image = 'images/LoseSmall.bmp'
209.5603 	EXP 	cueImage: autoDraw = True
209.6897 	DATA 	Keypress: 5
210.4388 	DATA 	Keypress: 5
211.2320 	DATA 	Keypress: 5
211.5670 	EXP 	cueImage: autoDraw = False
211.5670 	EXP 	cueImage: autoDraw = False
211.5670 	EXP 	fixation: autoDraw = True
212.0270 	DATA 	Keypress: 5
212.7773 	DATA 	Keypress: 5
213.5665 	DATA 	Keypress: 5
214.0826 	EXP 	fixation: autoDraw = False
214.0826 	EXP 	fixation: autoDraw = False
214.0826 	EXP 	Target: image = 'images/LoseProbe.bmp'
214.0826 	EXP 	Target: autoDraw = True
214.3544 	DATA 	Keypress: 5
214.4390 	DATA 	Keypress: 1
214.5187 	EXP 	Target: autoDraw = False
214.5187 	EXP 	Target: autoDraw = False
214.5187 	EXP 	feedbackMsg: text = 'Correct Response!\n\nYou did not lose $0.20!'
214.5187 	EXP 	feedbackMsg: autoDraw = True
215.1059 	DATA 	Keypress: 5
215.8972 	DATA 	Keypress: 5
215.9790 	EXP 	New trial (rep=0, index=29): OrderedDict([('Condition', 'SmallReward'), ('FixationDur', 2000)])
216.0191 	EXP 	feedbackMsg: autoDraw = False
216.0191 	EXP 	feedbackMsg: autoDraw = False
216.0191 	EXP 	cueImage: image = 'images/WinSmall.bmp'
216.0191 	EXP 	cueImage: autoDraw = True
216.6901 	DATA 	Keypress: 5
217.4402 	DATA 	Keypress: 5
218.0330 	EXP 	cueImage: autoDraw = False
218.0330 	EXP 	fixation: autoDraw = True
218.2331 	DATA 	Keypress: 5
219.0276 	DATA 	Keypress: 5
219.7762 	DATA 	Keypress: 5
220.0708 	EXP 	fixation: autoDraw = False
220.0708 	EXP 	fixation: autoDraw = False
220.0708 	EXP 	Target: image = 'images/WinProbe.bmp'
220.0708 	EXP 	Target: autoDraw = True
220.4486 	DATA 	Keypress: 1
220.4776 	EXP 	Target: autoDraw = False
220.4776 	EXP 	Target: autoDraw = False
220.4776 	EXP 	feedbackMsg: text = 'You pressed too slow!\n\nYou did not win $0.20!'
220.4776 	EXP 	feedbackMsg: autoDraw = True
220.5646 	DATA 	Keypress: 5
221.3560 	DATA 	Keypress: 5
221.9793 	EXP 	New trial (rep=0, index=30): OrderedDict([('Condition', 'LgReward'), ('FixationDur', 2000)])
222.0194 	EXP 	feedbackMsg: autoDraw = False
222.0194 	EXP 	feedbackMsg: autoDraw = False
222.0194 	EXP 	cueImage: image = 'images/WinBig.bmp'
222.0194 	EXP 	cueImage: autoDraw = True
222.1049 	DATA 	Keypress: 5
222.8988 	DATA 	Keypress: 5
223.6911 	DATA 	Keypress: 5
224.0252 	EXP 	cueImage: autoDraw = False
224.0252 	EXP 	cueImage: autoDraw = False
224.0252 	EXP 	fixation: autoDraw = True
224.4408 	DATA 	Keypress: 5
225.2334 	DATA 	Keypress: 5
226.0335 	DATA 	Keypress: 5
226.0505 	EXP 	fixation: autoDraw = False
226.0505 	EXP 	fixation: autoDraw = False
226.0505 	EXP 	Target: image = 'images/WinProbe.bmp'
226.0505 	EXP 	Target: autoDraw = True
226.4010 	DATA 	Keypress: 1
226.4816 	EXP 	Target: autoDraw = False
226.4816 	EXP 	Target: autoDraw = False
226.4816 	EXP 	feedbackMsg: text = 'Correct Response!\n\nYou won $5.00!'
226.4816 	EXP 	feedbackMsg: autoDraw = True
226.7755 	DATA 	Keypress: 5
227.5673 	DATA 	Keypress: 5
227.9834 	EXP 	New trial (rep=0, index=31): OrderedDict([('Condition', 'SmallPun'), ('FixationDur', 2000)])
228.0203 	EXP 	feedbackMsg: autoDraw = False
228.0203 	EXP 	feedbackMsg: autoDraw = False
228.0203 	EXP 	cueImage: image = 'images/LoseSmall.bmp'
228.0203 	EXP 	cueImage: autoDraw = True
228.3557 	DATA 	Keypress: 5
229.1503 	DATA 	Keypress: 5
229.9003 	DATA 	Keypress: 5
230.0341 	EXP 	cueImage: autoDraw = False
230.0341 	EXP 	cueImage: autoDraw = False
230.0341 	EXP 	fixation: autoDraw = True
230.6909 	DATA 	Keypress: 5
231.4414 	DATA 	Keypress: 5
232.0386 	EXP 	fixation: autoDraw = False
232.0386 	EXP 	fixation: autoDraw = False
232.0386 	EXP 	Target: image = 'images/LoseProbe.bmp'
232.0386 	EXP 	Target: autoDraw = True
232.2323 	DATA 	Keypress: 5
232.3990 	DATA 	Keypress: 1
232.4779 	EXP 	Target: autoDraw = False
232.4779 	EXP 	Target: autoDraw = False
232.4779 	EXP 	feedbackMsg: text = 'Correct Response!\n\nYou did not lose $0.20!'
232.4779 	EXP 	feedbackMsg: autoDraw = True
233.0223 	DATA 	Keypress: 5
233.8147 	DATA 	Keypress: 5
233.9794 	EXP 	New trial (rep=0, index=32): OrderedDict([('Condition', 'SmallPun'), ('FixationDur', 1500)])
234.0207 	EXP 	feedbackMsg: autoDraw = False
234.0207 	EXP 	feedbackMsg: autoDraw = False
234.0207 	EXP 	cueImage: image = 'images/LoseSmall.bmp'
234.0207 	EXP 	cueImage: autoDraw = True
234.5644 	DATA 	Keypress: 5
235.3567 	DATA 	Keypress: 5
236.0355 	EXP 	cueImage: autoDraw = False
236.0355 	EXP 	cueImage: autoDraw = False
236.0355 	EXP 	fixation: autoDraw = True
236.1092 	DATA 	Keypress: 5
236.9020 	DATA 	Keypress: 5
237.5421 	EXP 	fixation: autoDraw = False
237.5421 	EXP 	fixation: autoDraw = False
237.5421 	EXP 	Target: image = 'images/LoseProbe.bmp'
237.5421 	EXP 	Target: autoDraw = True
237.6899 	DATA 	Keypress: 5
237.9075 	DATA 	Keypress: 1
237.9368 	EXP 	Target: autoDraw = False
237.9368 	EXP 	Target: autoDraw = False
237.9368 	EXP 	feedbackMsg: text = 'You pressed too slow!\n\nYou lost $0.20!'
237.9368 	EXP 	feedbackMsg: autoDraw = True
238.4821 	DATA 	Keypress: 5
239.2313 	DATA 	Keypress: 5
239.4803 	EXP 	New trial (rep=0, index=33): OrderedDict([('Condition', 'SmallReward'), ('FixationDur', 1500)])
239.5202 	EXP 	feedbackMsg: autoDraw = False
239.5202 	EXP 	feedbackMsg: autoDraw = False
239.5202 	EXP 	cueImage: image = 'images/WinSmall.bmp'
239.5202 	EXP 	cueImage: autoDraw = True
240.0231 	DATA 	Keypress: 5
240.8166 	DATA 	Keypress: 5
241.5362 	EXP 	cueImage: autoDraw = False
241.5362 	EXP 	cueImage: autoDraw = False
241.5362 	EXP 	fixation: autoDraw = True
241.5678 	DATA 	Keypress: 5
242.3590 	DATA 	Keypress: 5
243.0537 	EXP 	fixation: autoDraw = False
243.0537 	EXP 	fixation: autoDraw = False
243.0537 	EXP 	Target: image = 'images/WinProbe.bmp'
243.0537 	EXP 	Target: autoDraw = True
243.1516 	DATA 	Keypress: 5
243.4102 	DATA 	Keypress: 1
243.4385 	EXP 	Target: autoDraw = False
243.4385 	EXP 	Target: autoDraw = False
243.4385 	EXP 	feedbackMsg: text = 'You pressed too slow!\n\nYou did not win $0.20!'
243.4385 	EXP 	feedbackMsg: autoDraw = True
243.9014 	DATA 	Keypress: 5
244.6916 	DATA 	Keypress: 5
244.9833 	EXP 	New trial (rep=0, index=34): OrderedDict([('Condition', 'SmallReward'), ('FixationDur', 1500)])
245.0219 	EXP 	feedbackMsg: autoDraw = False
245.0219 	EXP 	feedbackMsg: autoDraw = False
245.0219 	EXP 	cueImage: image = 'images/WinSmall.bmp'
245.0219 	EXP 	cueImage: autoDraw = True
245.4833 	DATA 	Keypress: 5
246.2320 	DATA 	Keypress: 5
247.0174 	DATA 	Keypress: 5
247.0366 	EXP 	cueImage: autoDraw = False
247.0366 	EXP 	cueImage: autoDraw = False
247.0366 	EXP 	fixation: autoDraw = True
247.8194 	DATA 	Keypress: 5
248.5531 	EXP 	fixation: autoDraw = False
248.5531 	EXP 	fixation: autoDraw = False
248.5531 	EXP 	Target: image = 'images/WinProbe.bmp'
248.5531 	EXP 	Target: autoDraw = True
248.5700 	DATA 	Keypress: 5
248.9017 	DATA 	Keypress: 1
248.9384 	EXP 	Target: autoDraw = False
248.9384 	EXP 	Target: autoDraw = False
248.9384 	EXP 	feedbackMsg: text = 'You pressed too slow!\n\nYou did not win $0.20!'
248.9384 	EXP 	feedbackMsg: autoDraw = True
249.3614 	DATA 	Keypress: 5
250.1519 	DATA 	Keypress: 5
250.4843 	EXP 	New trial (rep=0, index=35): OrderedDict([('Condition', 'LgPun'), ('FixationDur', 1500)])
250.5214 	EXP 	feedbackMsg: autoDraw = False
250.5214 	EXP 	feedbackMsg: autoDraw = False
250.5214 	EXP 	cueImage: image = 'images/LoseBig.bmp'
250.5214 	EXP 	cueImage: autoDraw = True
250.8987 	DATA 	Keypress: 5
251.6922 	DATA 	Keypress: 5
252.5177 	DATA 	Keypress: 5
252.5374 	EXP 	cueImage: autoDraw = False
252.5374 	EXP 	cueImage: autoDraw = False
252.5374 	EXP 	fixation: autoDraw = True
253.2336 	DATA 	Keypress: 5
254.0229 	DATA 	Keypress: 5
254.0404 	EXP 	fixation: autoDraw = False
254.0404 	EXP 	fixation: autoDraw = False
254.0404 	EXP 	Target: image = 'images/LoseProbe.bmp'
254.0404 	EXP 	Target: autoDraw = True
254.4496 	DATA 	Keypress: 1
254.4790 	EXP 	Target: autoDraw = False
254.4790 	EXP 	Target: autoDraw = False
254.4790 	EXP 	feedbackMsg: text = 'You pressed too slow!\n\nYou lost $5.00!'
254.4790 	EXP 	feedbackMsg: autoDraw = True
254.8167 	DATA 	Keypress: 5
255.5662 	DATA 	Keypress: 5
255.9797 	EXP 	New trial (rep=0, index=36): OrderedDict([('Condition', 'SmallReward'), ('FixationDur', 4000)])
256.0205 	EXP 	feedbackMsg: autoDraw = False
256.0205 	EXP 	feedbackMsg: autoDraw = False
256.0205 	EXP 	cueImage: image = 'images/WinSmall.bmp'
256.0205 	EXP 	cueImage: autoDraw = True
256.3578 	DATA 	Keypress: 5
257.1507 	DATA 	Keypress: 5
257.9011 	DATA 	Keypress: 5
258.0378 	EXP 	cueImage: autoDraw = False
258.0378 	EXP 	fixation: autoDraw = True
258.6932 	DATA 	Keypress: 5
259.4848 	DATA 	Keypress: 5
260.2357 	DATA 	Keypress: 5
261.0281 	DATA 	Keypress: 5
261.8200 	DATA 	Keypress: 5
262.0546 	EXP 	fixation: autoDraw = False
262.0546 	EXP 	fixation: autoDraw = False
262.0546 	EXP 	Target: image = 'images/WinProbe.bmp'
262.0546 	EXP 	Target: autoDraw = True
262.4025 	DATA 	Keypress: 1
262.4814 	EXP 	Target: autoDraw = False
262.4814 	EXP 	Target: autoDraw = False
262.4814 	EXP 	feedbackMsg: text = 'Correct Response!\n\nYou won $0.20!'
262.4814 	EXP 	feedbackMsg: autoDraw = True
262.5690 	DATA 	Keypress: 5
263.3589 	DATA 	Keypress: 5
263.9819 	EXP 	New trial (rep=0, index=37): OrderedDict([('Condition', 'SmallPun'), ('FixationDur', 1500)])
264.0214 	EXP 	feedbackMsg: autoDraw = False
264.0214 	EXP 	feedbackMsg: autoDraw = False
264.0214 	EXP 	cueImage: image = 'images/LoseSmall.bmp'
264.0214 	EXP 	cueImage: autoDraw = True
264.1520 	DATA 	Keypress: 5
264.9011 	DATA 	Keypress: 5
265.6912 	DATA 	Keypress: 5
266.0394 	EXP 	cueImage: autoDraw = False
266.0394 	EXP 	cueImage: autoDraw = False
266.0394 	EXP 	fixation: autoDraw = True
266.4858 	DATA 	Keypress: 5
267.2359 	DATA 	Keypress: 5
267.5388 	EXP 	fixation: autoDraw = False
267.5388 	EXP 	fixation: autoDraw = False
267.5388 	EXP 	Target: image = 'images/LoseProbe.bmp'
267.5388 	EXP 	Target: autoDraw = True
267.9799 	EXP 	Target: autoDraw = False
267.9799 	EXP 	Target: autoDraw = False
267.9799 	EXP 	feedbackMsg: text = 'You pressed too slow!\n\nYou lost $0.20!'
267.9799 	EXP 	feedbackMsg: autoDraw = True
268.0253 	DATA 	Keypress: 1
268.0283 	DATA 	Keypress: 5
268.8171 	DATA 	Keypress: 5
269.4816 	EXP 	New trial (rep=0, index=38): OrderedDict([('Condition', 'SmallReward'), ('FixationDur', 2000)])
269.5215 	EXP 	feedbackMsg: autoDraw = False
269.5215 	EXP 	feedbackMsg: autoDraw = False
269.5215 	EXP 	cueImage: image = 'images/WinSmall.bmp'
269.5215 	EXP 	cueImage: autoDraw = True
269.5662 	DATA 	Keypress: 5
270.3587 	DATA 	Keypress: 5
271.1516 	DATA 	Keypress: 5
271.5395 	EXP 	cueImage: autoDraw = False
271.5395 	EXP 	cueImage: autoDraw = False
271.5395 	EXP 	fixation: autoDraw = True
271.9043 	DATA 	Keypress: 5
272.6951 	DATA 	Keypress: 5
273.5363 	DATA 	Keypress: 5
273.5570 	EXP 	fixation: autoDraw = False
273.5570 	EXP 	fixation: autoDraw = False
273.5570 	EXP 	Target: image = 'images/WinProbe.bmp'
273.5570 	EXP 	Target: autoDraw = True
273.8999 	DATA 	Keypress: 1
274.0214 	EXP 	Target: autoDraw = False
274.0214 	EXP 	Target: autoDraw = False
274.0214 	EXP 	feedbackMsg: text = 'Correct Response!\n\nYou won $0.20!'
274.0214 	EXP 	feedbackMsg: autoDraw = True
274.2333 	DATA 	Keypress: 5
275.0259 	DATA 	Keypress: 5
275.4813 	EXP 	New trial (rep=0, index=39): OrderedDict([('Condition', 'SmallPun'), ('FixationDur', 3500)])
275.5210 	EXP 	feedbackMsg: autoDraw = False
275.5210 	EXP 	feedbackMsg: autoDraw = False
275.5210 	EXP 	cueImage: image = 'images/LoseSmall.bmp'
275.5210 	EXP 	cueImage: autoDraw = True
275.8164 	DATA 	Keypress: 5
276.6094 	DATA 	Keypress: 5
277.3608 	DATA 	Keypress: 5
277.5408 	EXP 	cueImage: autoDraw = False
277.5408 	EXP 	fixation: autoDraw = True
278.1538 	DATA 	Keypress: 5
278.9036 	DATA 	Keypress: 5
279.6948 	DATA 	Keypress: 5
280.4862 	DATA 	Keypress: 5
281.0408 	EXP 	fixation: autoDraw = False
281.0408 	EXP 	fixation: autoDraw = False
281.0408 	EXP 	Target: image = 'images/LoseProbe.bmp'
281.0408 	EXP 	Target: autoDraw = True
281.2765 	DATA 	Keypress: 5
281.4019 	DATA 	Keypress: 1
281.5220 	EXP 	Target: autoDraw = False
281.5220 	EXP 	Target: autoDraw = False
281.5220 	EXP 	feedbackMsg: text = 'Correct Response!\n\nYou did not lose $0.20!'
281.5220 	EXP 	feedbackMsg: autoDraw = True
282.0256 	DATA 	Keypress: 5
282.8165 	DATA 	Keypress: 5
282.9824 	EXP 	New trial (rep=0, index=40): OrderedDict([('Condition', 'Triangle'), ('FixationDur', 1500)])
283.0219 	EXP 	feedbackMsg: autoDraw = False
283.0219 	EXP 	feedbackMsg: autoDraw = False
283.0219 	EXP 	cueImage: image = 'images/Neutral.bmp'
283.0219 	EXP 	cueImage: autoDraw = True
283.6092 	DATA 	Keypress: 5
284.3588 	DATA 	Keypress: 5
285.0416 	EXP 	cueImage: autoDraw = False
285.0416 	EXP 	cueImage: autoDraw = False
285.0416 	EXP 	fixation: autoDraw = True
285.1549 	DATA 	Keypress: 5
285.9039 	DATA 	Keypress: 5
286.5419 	EXP 	fixation: autoDraw = False
286.5419 	EXP 	fixation: autoDraw = False
286.5419 	EXP 	Target: image = 'images/NeutralProbe.bmp'
286.5419 	EXP 	Target: autoDraw = True
286.6928 	DATA 	Keypress: 5
287.0219 	EXP 	Target: autoDraw = False
287.0219 	EXP 	Target: autoDraw = False
287.0219 	EXP 	feedbackMsg: text = 'You pressed too slow!\n\nYou did not win or lose anything!'
287.0219 	EXP 	feedbackMsg: autoDraw = True
287.4849 	DATA 	Keypress: 5
288.2767 	DATA 	Keypress: 5
288.4823 	EXP 	New trial (rep=0, index=41): OrderedDict([('Condition', 'SmallPun'), ('FixationDur', 1500)])
288.5225 	EXP 	feedbackMsg: autoDraw = False
288.5225 	EXP 	feedbackMsg: autoDraw = False
288.5225 	EXP 	cueImage: image = 'images/LoseSmall.bmp'
288.5225 	EXP 	cueImage: autoDraw = True
289.0252 	DATA 	Keypress: 5
289.8193 	DATA 	Keypress: 5
290.5413 	EXP 	cueImage: autoDraw = False
290.5413 	EXP 	cueImage: autoDraw = False
290.5413 	EXP 	fixation: autoDraw = True
290.6115 	DATA 	Keypress: 5
291.3613 	DATA 	Keypress: 5
292.0426 	EXP 	fixation: autoDraw = False
292.0426 	EXP 	fixation: autoDraw = False
292.0426 	EXP 	Target: image = 'images/LoseProbe.bmp'
292.0426 	EXP 	Target: autoDraw = True
292.1512 	DATA 	Keypress: 5
292.4025 	DATA 	Keypress: 1
292.5220 	EXP 	Target: autoDraw = False
292.5220 	EXP 	Target: autoDraw = False
292.5220 	EXP 	feedbackMsg: text = 'Correct Response!\n\nYou did not lose $0.20!'
292.5220 	EXP 	feedbackMsg: autoDraw = True
292.9440 	DATA 	Keypress: 5
293.6930 	DATA 	Keypress: 5
293.9827 	EXP 	New trial (rep=0, index=42): OrderedDict([('Condition', 'LgPun'), ('FixationDur', 2000)])
294.0227 	EXP 	feedbackMsg: autoDraw = False
294.0227 	EXP 	feedbackMsg: autoDraw = False
294.0227 	EXP 	cueImage: image = 'images/LoseBig.bmp'
294.0227 	EXP 	cueImage: autoDraw = True
294.4844 	DATA 	Keypress: 5
295.2762 	DATA 	Keypress: 5
296.0201 	DATA 	Keypress: 5
296.0419 	EXP 	cueImage: autoDraw = False
296.0419 	EXP 	cueImage: autoDraw = False
296.0419 	EXP 	fixation: autoDraw = True
296.8200 	DATA 	Keypress: 5
297.6122 	DATA 	Keypress: 5
298.0431 	EXP 	fixation: autoDraw = False
298.0431 	EXP 	fixation: autoDraw = False
298.0431 	EXP 	Target: image = 'images/LoseProbe.bmp'
298.0431 	EXP 	Target: autoDraw = True
298.3601 	DATA 	Keypress: 5
298.4027 	DATA 	Keypress: 1
298.4809 	EXP 	Target: autoDraw = False
298.4809 	EXP 	Target: autoDraw = False
298.4809 	EXP 	feedbackMsg: text = 'Correct Response!\n\nYou did not lose $5.00!'
298.4809 	EXP 	feedbackMsg: autoDraw = True
299.1510 	DATA 	Keypress: 5
299.9407 	EXP 	New trial (rep=0, index=43): OrderedDict([('Condition', 'LgPun'), ('FixationDur', 1500)])
299.9481 	DATA 	Keypress: 5
299.9804 	EXP 	feedbackMsg: autoDraw = False
299.9804 	EXP 	feedbackMsg: autoDraw = False
299.9804 	EXP 	cueImage: image = 'images/LoseBig.bmp'
299.9804 	EXP 	cueImage: autoDraw = True
300.6920 	DATA 	Keypress: 5
301.4842 	DATA 	Keypress: 5
301.9876 	EXP 	cueImage: autoDraw = False
301.9876 	EXP 	fixation: autoDraw = True
302.2799 	DATA 	Keypress: 5
303.0288 	DATA 	Keypress: 5
303.4977 	EXP 	fixation: autoDraw = False
303.4977 	EXP 	fixation: autoDraw = False
303.4977 	EXP 	Target: image = 'images/LoseProbe.bmp'
303.4977 	EXP 	Target: autoDraw = True
303.8195 	DATA 	Keypress: 5
303.8215 	DATA 	Keypress: 1
303.9403 	EXP 	Target: autoDraw = False
303.9403 	EXP 	Target: autoDraw = False
303.9403 	EXP 	feedbackMsg: text = 'Correct Response!\n\nYou did not lose $5.00!'
303.9403 	EXP 	feedbackMsg: autoDraw = True
304.6103 	DATA 	Keypress: 5
305.3615 	DATA 	Keypress: 5
305.4035 	EXP 	New trial (rep=0, index=44): OrderedDict([('Condition', 'SmallReward'), ('FixationDur', 1500)])
305.4422 	EXP 	feedbackMsg: autoDraw = False
305.4422 	EXP 	feedbackMsg: autoDraw = False
305.4422 	EXP 	cueImage: image = 'images/WinSmall.bmp'
305.4422 	EXP 	cueImage: autoDraw = True
306.1518 	DATA 	Keypress: 5
306.9438 	DATA 	Keypress: 5
307.4464 	EXP 	cueImage: autoDraw = False
307.4464 	EXP 	cueImage: autoDraw = False
307.4464 	EXP 	fixation: autoDraw = True
307.6964 	DATA 	Keypress: 5
308.4864 	DATA 	Keypress: 5
308.9777 	EXP 	fixation: autoDraw = False
308.9777 	EXP 	fixation: autoDraw = False
308.9777 	EXP 	Target: image = 'images/WinProbe.bmp'
308.9777 	EXP 	Target: autoDraw = True
309.2771 	DATA 	Keypress: 5
309.3191 	DATA 	Keypress: 1
309.3984 	EXP 	Target: autoDraw = False
309.3984 	EXP 	Target: autoDraw = False
309.3984 	EXP 	feedbackMsg: text = 'Correct Response!\n\nYou won $0.20!'
309.3984 	EXP 	feedbackMsg: autoDraw = True
310.0271 	DATA 	Keypress: 5
310.8187 	DATA 	Keypress: 5
310.8586 	EXP 	New trial (rep=0, index=45): OrderedDict([('Condition', 'Triangle'), ('FixationDur', 4000)])
310.8985 	EXP 	feedbackMsg: autoDraw = False
310.8985 	EXP 	feedbackMsg: autoDraw = False
310.8985 	EXP 	cueImage: image = 'images/Neutral.bmp'
310.8985 	EXP 	cueImage: autoDraw = True
311.6110 	DATA 	Keypress: 5
312.3615 	DATA 	Keypress: 5
312.9118 	EXP 	cueImage: autoDraw = False
312.9118 	EXP 	cueImage: autoDraw = False
312.9118 	EXP 	fixation: autoDraw = True
313.1545 	DATA 	Keypress: 5
313.9462 	DATA 	Keypress: 5
314.6961 	DATA 	Keypress: 5
315.4875 	DATA 	Keypress: 5
316.2790 	DATA 	Keypress: 5
316.9146 	EXP 	fixation: autoDraw = False
316.9146 	EXP 	fixation: autoDraw = False
316.9146 	EXP 	Target: image = 'images/NeutralProbe.bmp'
316.9146 	EXP 	Target: autoDraw = True
317.0268 	DATA 	Keypress: 5
317.2892 	DATA 	Keypress: 1
317.3156 	EXP 	Target: autoDraw = False
317.3156 	EXP 	Target: autoDraw = False
317.3156 	EXP 	feedbackMsg: text = 'You pressed too slow!\n\nYou did not win or lose anything!'
317.3156 	EXP 	feedbackMsg: autoDraw = True
317.8188 	DATA 	Keypress: 5
318.6114 	DATA 	Keypress: 5
318.8171 	EXP 	New trial (rep=0, index=46): OrderedDict([('Condition', 'LgReward'), ('FixationDur', 1500)])
318.8569 	EXP 	feedbackMsg: autoDraw = False
318.8569 	EXP 	feedbackMsg: autoDraw = False
318.8569 	EXP 	cueImage: image = 'images/WinBig.bmp'
318.8569 	EXP 	cueImage: autoDraw = True
319.3601 	DATA 	Keypress: 5
320.1545 	DATA 	Keypress: 5
320.8661 	EXP 	cueImage: autoDraw = False
320.8661 	EXP 	fixation: autoDraw = True
320.9460 	DATA 	Keypress: 5
321.6954 	DATA 	Keypress: 5
322.3851 	EXP 	fixation: autoDraw = False
322.3851 	EXP 	fixation: autoDraw = False
322.3851 	EXP 	Target: image = 'images/WinProbe.bmp'
322.3851 	EXP 	Target: autoDraw = True
322.4881 	DATA 	Keypress: 5
322.7493 	DATA 	Keypress: 1
322.7770 	EXP 	Target: autoDraw = False
322.7770 	EXP 	Target: autoDraw = False
322.7770 	EXP 	feedbackMsg: text = 'You pressed too slow!\n\nYou did not win $5.00!'
322.7770 	EXP 	feedbackMsg: autoDraw = True
323.2817 	DATA 	Keypress: 5
324.0313 	DATA 	Keypress: 5
324.2791 	EXP 	New trial (rep=0, index=47): OrderedDict([('Condition', 'SmallReward'), ('FixationDur', 1500)])
324.3160 	EXP 	feedbackMsg: autoDraw = False
324.3160 	EXP 	feedbackMsg: autoDraw = False
324.3160 	EXP 	cueImage: image = 'images/WinSmall.bmp'
324.3160 	EXP 	cueImage: autoDraw = True
324.8180 	DATA 	Keypress: 5
325.6110 	DATA 	Keypress: 5
326.3297 	EXP 	cueImage: autoDraw = False
326.3297 	EXP 	cueImage: autoDraw = False
326.3297 	EXP 	fixation: autoDraw = True
326.3624 	DATA 	Keypress: 5
327.1553 	DATA 	Keypress: 5
327.8477 	EXP 	fixation: autoDraw = False
327.8477 	EXP 	fixation: autoDraw = False
327.8477 	EXP 	Target: image = 'images/WinProbe.bmp'
327.8477 	EXP 	Target: autoDraw = True
327.9466 	DATA 	Keypress: 5
328.2359 	EXP 	Target: autoDraw = False
328.2359 	EXP 	Target: autoDraw = False
328.2359 	EXP 	feedbackMsg: text = 'You pressed too slow!\n\nYou did not win $0.20!'
328.2359 	EXP 	feedbackMsg: autoDraw = True
328.3652 	DATA 	Keypress: 1
328.6956 	DATA 	Keypress: 5
329.4906 	DATA 	Keypress: 5
329.7379 	EXP 	New trial (rep=0, index=48): OrderedDict([('Condition', 'LgReward'), ('FixationDur', 1500)])
329.7801 	EXP 	feedbackMsg: autoDraw = False
329.7801 	EXP 	feedbackMsg: autoDraw = False
329.7801 	EXP 	cueImage: image = 'images/WinBig.bmp'
329.7801 	EXP 	cueImage: autoDraw = True
330.2774 	DATA 	Keypress: 5
331.0719 	DATA 	Keypress: 5
331.7794 	EXP 	cueImage: autoDraw = False
331.7794 	EXP 	cueImage: autoDraw = False
331.7794 	EXP 	fixation: autoDraw = True
331.8213 	DATA 	Keypress: 5
332.6149 	DATA 	Keypress: 5
333.3038 	EXP 	fixation: autoDraw = False
333.3038 	EXP 	fixation: autoDraw = False
333.3038 	EXP 	Target: image = 'images/WinProbe.bmp'
333.3038 	EXP 	Target: autoDraw = True
333.4054 	DATA 	Keypress: 5
333.6670 	DATA 	Keypress: 1
333.6948 	EXP 	Target: autoDraw = False
333.6948 	EXP 	Target: autoDraw = False
333.6948 	EXP 	feedbackMsg: text = 'You pressed too slow!\n\nYou did not win $5.00!'
333.6948 	EXP 	feedbackMsg: autoDraw = True
334.1549 	DATA 	Keypress: 5
334.9491 	DATA 	Keypress: 5
335.1964 	EXP 	New trial (rep=0, index=49): OrderedDict([('Condition', 'LgPun'), ('FixationDur', 1500)])
335.2338 	EXP 	feedbackMsg: autoDraw = False
335.2338 	EXP 	feedbackMsg: autoDraw = False
335.2338 	EXP 	cueImage: image = 'images/LoseBig.bmp'
335.2338 	EXP 	cueImage: autoDraw = True
335.7385 	DATA 	Keypress: 5
336.4863 	DATA 	Keypress: 5
337.2487 	EXP 	cueImage: autoDraw = False
337.2487 	EXP 	cueImage: autoDraw = False
337.2487 	EXP 	fixation: autoDraw = True
337.2804 	DATA 	Keypress: 5
338.0742 	DATA 	Keypress: 5
338.7501 	EXP 	fixation: autoDraw = False
338.7501 	EXP 	fixation: autoDraw = False
338.7501 	EXP 	Target: image = 'images/LoseProbe.bmp'
338.7501 	EXP 	Target: autoDraw = True
338.8203 	DATA 	Keypress: 5
339.1114 	DATA 	Keypress: 1
339.1912 	EXP 	Target: autoDraw = False
339.1912 	EXP 	Target: autoDraw = False
339.1912 	EXP 	feedbackMsg: text = 'Correct Response!\n\nYou did not lose $5.00!'
339.1912 	EXP 	feedbackMsg: autoDraw = True
339.6116 	DATA 	Keypress: 5
340.4026 	DATA 	Keypress: 5
340.7332 	EXP 	feedbackMsg: autoDraw = False
340.7332 	EXP 	feedbackMsg: autoDraw = False
340.7332 	EXP 	polygon: autoDraw = True
341.1533 	DATA 	Keypress: 5
341.9496 	DATA 	Keypress: 5
342.7403 	DATA 	Keypress: 5
343.4890 	DATA 	Keypress: 5
344.2799 	DATA 	Keypress: 5
345.0750 	DATA 	Keypress: 5
345.7363 	EXP 	polygon: autoDraw = False
345.7363 	EXP 	text: text = 'All done!\n\nYou earned a total of: $10.00!'
345.7363 	EXP 	text: autoDraw = True
345.8209 	DATA 	Keypress: 5
346.6151 	DATA 	Keypress: 5
347.4071 	DATA 	Keypress: 5
348.1562 	DATA 	Keypress: 5
348.7501 	EXP 	text: autoDraw = False
348.7501 	EXP 	text: autoDraw = False
348.7501 	EXP 	polygon2: autoDraw = True
348.9471 	DATA 	Keypress: 5
349.7409 	DATA 	Keypress: 5
350.4893 	DATA 	Keypress: 5
361.9485 	DATA 	Keypress: 5
362.6987 	DATA 	Keypress: 5
363.4888 	DATA 	Keypress: 5
364.2838 	DATA 	Keypress: 5
365.7830 	DATA 	Keypress: escape
366.1492 	EXP 	window1: mouseVisible = True
