8.2238 	WARNING 	User requested fullscreen with size [1440  900], but screen is actually [1920, 1080]. Using actual size
9.3175 	EXP 	Created window1 = Window(allowGUI=False, allowStencil=False, args=UNKNOWN, autoLog=True, bitsMode=UNKNOWN, blendMode='avg', color=array([0., 0., 0.]), colorSpace='rgb', fullscr=<method-wrapper '__getattribute__' of attributeSetter object at 0x135287be0>, gamma=None, kwargs=UNKNOWN, lms=UNKNOWN, monitor=<psychopy.monitors.calibTools.Monitor object at 0x135069208>, multiSample=False, name='window1', numSamples=2, pos=[0.0, 0.0], screen=0, size=array([3840, 2160]), stereo=False, units='height', useFBO=True, useRetina=True, viewOri=0.0, viewPos=None, viewScale=None, waitBlanking=True, winType='pyglet')
9.3175 	EXP 	window1: recordFrameIntervals = False
9.7338 	EXP 	window1: recordFrameIntervals = True
10.1908 	EXP 	window1: recordFrameIntervals = False
10.6464 	EXP 	Created preinstruct_text = TextStim(__class__=<class 'psychopy.visual.text.TextStim'>, alignHoriz='center', alignVert='center', antialias=True, autoLog=True, bold=False, color='white', colorSpace='named', contrast=1.0, depth=0.0, flipHoriz=False, flipVert=False, font='Arial', fontFiles=[], height=0.05, italic=False, languageStyle='LTR', name='preinstruct_text', opacity=1.0, ori=0, pos=array([0., 0.]), rgb=array([255., 255., 255.]), text='Money Task - Scanner 1', units='height', win=Window(...), wrapWidth=1)
10.6907 	EXP 	Created instructFig = ImageStim(__class__=<class 'psychopy.visual.image.ImageStim'>, autoLog=True, color=array([1., 1., 1.]), colorSpace='rgb', contrast=1.0, depth=0.0, flipHoriz=False, flipVert=False, image='images/MID_instructions.bmp', interpolate=True, mask=None, maskParams=None, name='instructFig', opacity=1.0, ori=0.0, pos=array([0., 0.]), size=array([1.3, 1. ]), texRes=128, units='height', win=Window(...))
10.6924 	EXP 	Created PrepFixation = ShapeStim(__class__=<class 'psychopy.visual.shape.ShapeStim'>, autoDraw=False, autoLog=True, closeShape=True, contrast=1.0, depth=0.0, fillColor=array([1., 1., 1.]), fillColorSpace='rgb', interpolate=True, lineColor=array([1., 1., 1.]), lineColorSpace='rgb', lineWidth=1, name='PrepFixation', opacity=1.0, ori=array(0.), pos=array([0., 0.]), size=array([0.05, 0.05]), units='height', vertices=ndarray(...), win=Window(...), windingRule=None)
10.6943 	EXP 	Created cueImage = ImageStim(__class__=<class 'psychopy.visual.image.ImageStim'>, autoLog=True, color=array([1., 1., 1.]), colorSpace='rgb', contrast=1.0, depth=0.0, flipHoriz=False, flipVert=False, image='sin', interpolate=True, mask=None, maskParams=None, name='cueImage', opacity=1.0, ori=0.0, pos=array([0., 0.]), size=array([1.3, 1. ]), texRes=128, units='height', win=Window(...))
10.6959 	EXP 	Created fixation = ShapeStim(__class__=<class 'psychopy.visual.shape.ShapeStim'>, autoDraw=False, autoLog=True, closeShape=True, contrast=1.0, depth=-1.0, fillColor=array([1., 1., 1.]), fillColorSpace='rgb', interpolate=True, lineColor=array([1., 1., 1.]), lineColorSpace='rgb', lineWidth=1, name='fixation', opacity=1.0, ori=array(0.), pos=array([0., 0.]), size=array([0.05, 0.05]), units='height', vertices=ndarray(...), win=Window(...), windingRule=None)
10.6976 	EXP 	Created Target = ImageStim(__class__=<class 'psychopy.visual.image.ImageStim'>, autoLog=True, color=array([1., 1., 1.]), colorSpace='rgb', contrast=1.0, depth=-1.0, flipHoriz=False, flipVert=False, image='sin', interpolate=True, mask=None, maskParams=None, name='Target', opacity=1.0, ori=0.0, pos=array([0., 0.]), size=array([1.3, 1. ]), texRes=128, units='height', win=Window(...))
10.7068 	EXP 	Created feedbackMsg = TextStim(__class__=<class 'psychopy.visual.text.TextStim'>, alignHoriz='center', alignVert='center', antialias=True, autoLog=True, bold=False, color='white', colorSpace='named', contrast=1.0, depth=-2.0, flipHoriz=False, flipVert=False, font='Arial', fontFiles=[], height=0.05, italic=False, languageStyle='LTR', name='feedbackMsg', opacity=1.0, ori=0, pos=array([0., 0.]), rgb=array([255., 255., 255.]), text='default text', units='height', win=Window(...), wrapWidth=2)
10.7083 	EXP 	Created polygon = ShapeStim(__class__=<class 'psychopy.visual.shape.ShapeStim'>, autoDraw=False, autoLog=True, closeShape=True, contrast=1.0, depth=0.0, fillColor=array([1., 1., 1.]), fillColorSpace='rgb', interpolate=True, lineColor=array([1., 1., 1.]), lineColorSpace='rgb', lineWidth=1, name='polygon', opacity=1.0, ori=array(0.), pos=array([0., 0.]), size=array([0.05, 0.05]), units='height', vertices=ndarray(...), win=Window(...), windingRule=None)
10.7149 	EXP 	Created text = TextStim(__class__=<class 'psychopy.visual.text.TextStim'>, alignHoriz='center', alignVert='center', antialias=True, autoLog=True, bold=False, color='white', colorSpace='named', contrast=1.0, depth=-1.0, flipHoriz=False, flipVert=False, font='Arial', fontFiles=[], height=0.07, italic=False, languageStyle='LTR', name='text', opacity=1.0, ori=0, pos=array([0., 0.]), rgb=array([255., 255., 255.]), text='default text', units='height', win=Window(...), wrapWidth=1)
10.7164 	EXP 	Created polygon2 = ShapeStim(__class__=<class 'psychopy.visual.shape.ShapeStim'>, autoDraw=False, autoLog=True, closeShape=True, contrast=1.0, depth=0.0, fillColor=array([1., 1., 1.]), fillColorSpace='rgb', interpolate=True, lineColor=array([1., 1., 1.]), lineColorSpace='rgb', lineWidth=1, name='polygon2', opacity=1.0, ori=array(0.), pos=array([0., 0.]), size=array([0.05, 0.05]), units='height', vertices=ndarray(...), win=Window(...), windingRule=None)
10.7327 	EXP 	preinstruct_text: autoDraw = True
12.7868 	EXP 	preinstruct_text: autoDraw = False
12.7868 	EXP 	instructFig: autoDraw = True
28.4204 	DATA 	Keypress: 5
28.4431 	EXP 	instructFig: autoDraw = False
28.4431 	EXP 	PrepFixation: autoDraw = True
29.1975 	DATA 	Keypress: 5
29.9472 	DATA 	Keypress: 5
30.4142 	EXP 	Imported TimeVersion11.csv as conditions, 50 conditions, 2 params
30.4146 	EXP 	Created sequence: sequential, trialTypes=50, nReps=1, seed=None
30.4150 	EXP 	New trial (rep=0, index=0): OrderedDict([('Condition', 'SmallPun'), ('FixationDur', 1500)])
30.4437 	EXP 	PrepFixation: autoDraw = False
30.4437 	EXP 	cueImage: image = 'images/LoseSmall.bmp'
30.4437 	EXP 	cueImage: autoDraw = True
30.7393 	DATA 	Keypress: 5
31.5293 	DATA 	Keypress: 5
32.2784 	DATA 	Keypress: 5
32.4578 	EXP 	cueImage: autoDraw = False
32.4578 	EXP 	cueImage: autoDraw = False
32.4578 	EXP 	fixation: autoDraw = True
33.0733 	DATA 	Keypress: 5
33.8654 	DATA 	Keypress: 5
33.9619 	EXP 	fixation: autoDraw = False
33.9619 	EXP 	fixation: autoDraw = False
33.9619 	EXP 	Target: image = 'images/LoseProbe.bmp'
33.9619 	EXP 	Target: autoDraw = True
34.3377 	DATA 	Keypress: 1
34.3583 	EXP 	Target: autoDraw = False
34.3583 	EXP 	Target: autoDraw = False
34.3583 	EXP 	feedbackMsg: text = 'You pressed too slow!\n\nYou lost $0.20!'
34.3583 	EXP 	feedbackMsg: autoDraw = True
34.6126 	DATA 	Keypress: 5
35.4035 	DATA 	Keypress: 5
35.9019 	EXP 	New trial (rep=0, index=1): OrderedDict([('Condition', 'LgPun'), ('FixationDur', 1500)])
35.9419 	EXP 	feedbackMsg: autoDraw = False
35.9419 	EXP 	feedbackMsg: autoDraw = False
35.9419 	EXP 	cueImage: image = 'images/LoseBig.bmp'
35.9419 	EXP 	cueImage: autoDraw = True
36.1967 	DATA 	Keypress: 5
36.9447 	DATA 	Keypress: 5
37.7396 	DATA 	Keypress: 5
37.9582 	EXP 	cueImage: autoDraw = False
37.9582 	EXP 	cueImage: autoDraw = False
37.9582 	EXP 	fixation: autoDraw = True
38.5340 	DATA 	Keypress: 5
39.2830 	DATA 	Keypress: 5
39.4609 	EXP 	fixation: autoDraw = False
39.4609 	EXP 	fixation: autoDraw = False
39.4609 	EXP 	Target: image = 'images/LoseProbe.bmp'
39.4609 	EXP 	Target: autoDraw = True
39.7802 	DATA 	Keypress: 1
39.8596 	EXP 	Target: autoDraw = False
39.8596 	EXP 	Target: autoDraw = False
39.8596 	EXP 	feedbackMsg: text = 'Correct Response!\n\nYou did not lose $5.00!'
39.8596 	EXP 	feedbackMsg: autoDraw = True
40.0715 	DATA 	Keypress: 5
40.8639 	DATA 	Keypress: 5
41.4021 	EXP 	New trial (rep=0, index=2): OrderedDict([('Condition', 'Triangle'), ('FixationDur', 3500)])
41.4424 	EXP 	feedbackMsg: autoDraw = False
41.4424 	EXP 	feedbackMsg: autoDraw = False
41.4424 	EXP 	cueImage: image = 'images/Neutral.bmp'
41.4424 	EXP 	cueImage: autoDraw = True
41.6128 	DATA 	Keypress: 5
42.4042 	DATA 	Keypress: 5
43.1969 	DATA 	Keypress: 5
43.4596 	EXP 	cueImage: autoDraw = False
43.4596 	EXP 	cueImage: autoDraw = False
43.4596 	EXP 	fixation: autoDraw = True
43.9502 	DATA 	Keypress: 5
44.7407 	DATA 	Keypress: 5
45.5325 	DATA 	Keypress: 5
46.2829 	DATA 	Keypress: 5
46.9613 	EXP 	fixation: autoDraw = False
46.9613 	EXP 	fixation: autoDraw = False
46.9613 	EXP 	Target: image = 'images/NeutralProbe.bmp'
46.9613 	EXP 	Target: autoDraw = True
47.0722 	DATA 	Keypress: 5
47.2798 	DATA 	Keypress: 1
47.3592 	EXP 	Target: autoDraw = False
47.3592 	EXP 	Target: autoDraw = False
47.3592 	EXP 	feedbackMsg: text = 'Correct Response!\n\nYou did not win or lose anything!'
47.3592 	EXP 	feedbackMsg: autoDraw = True
47.8628 	DATA 	Keypress: 5
48.6136 	DATA 	Keypress: 5
48.9031 	EXP 	New trial (rep=0, index=3): OrderedDict([('Condition', 'Triangle'), ('FixationDur', 1500)])
48.9418 	EXP 	feedbackMsg: autoDraw = False
48.9418 	EXP 	feedbackMsg: autoDraw = False
48.9418 	EXP 	cueImage: image = 'images/Neutral.bmp'
48.9418 	EXP 	cueImage: autoDraw = True
49.4049 	DATA 	Keypress: 5
50.1984 	DATA 	Keypress: 5
50.9601 	EXP 	cueImage: autoDraw = False
50.9601 	EXP 	cueImage: autoDraw = False
50.9601 	EXP 	fixation: autoDraw = True
50.9636 	DATA 	Keypress: 5
51.7411 	DATA 	Keypress: 5
52.4607 	EXP 	fixation: autoDraw = False
52.4607 	EXP 	fixation: autoDraw = False
52.4607 	EXP 	Target: image = 'images/NeutralProbe.bmp'
52.4607 	EXP 	Target: autoDraw = True
52.5288 	DATA 	Keypress: 5
52.8350 	DATA 	Keypress: 1
52.8595 	EXP 	Target: autoDraw = False
52.8595 	EXP 	Target: autoDraw = False
52.8595 	EXP 	feedbackMsg: text = 'You pressed too slow!\n\nYou did not win or lose anything!'
52.8595 	EXP 	feedbackMsg: autoDraw = True
53.2799 	DATA 	Keypress: 5
54.0723 	DATA 	Keypress: 5
54.4032 	EXP 	New trial (rep=0, index=4): OrderedDict([('Condition', 'LgReward'), ('FixationDur', 3500)])
54.4427 	EXP 	feedbackMsg: autoDraw = False
54.4427 	EXP 	feedbackMsg: autoDraw = False
54.4427 	EXP 	cueImage: image = 'images/WinBig.bmp'
54.4427 	EXP 	cueImage: autoDraw = True
54.8629 	DATA 	Keypress: 5
55.6146 	DATA 	Keypress: 5
56.4409 	DATA 	Keypress: 5
56.4613 	EXP 	cueImage: autoDraw = False
56.4613 	EXP 	cueImage: autoDraw = False
56.4613 	EXP 	fixation: autoDraw = True
57.2002 	DATA 	Keypress: 5
57.9499 	DATA 	Keypress: 5
58.7421 	DATA 	Keypress: 5
59.2408 	DATA 	Keypress: 1
59.5311 	DATA 	Keypress: 5
59.9779 	EXP 	fixation: autoDraw = False
59.9779 	EXP 	fixation: autoDraw = False
59.9779 	EXP 	Target: image = 'images/WinProbe.bmp'
59.9779 	EXP 	Target: autoDraw = True
60.2800 	DATA 	Keypress: 1
60.2820 	DATA 	Keypress: 5
60.3604 	EXP 	Target: autoDraw = False
60.3604 	EXP 	Target: autoDraw = False
60.3604 	EXP 	feedbackMsg: text = 'You pressed too soon!\n\nYou won $5.00!'
60.3604 	EXP 	feedbackMsg: autoDraw = True
61.0726 	DATA 	Keypress: 5
61.8631 	DATA 	Keypress: 5
61.9036 	EXP 	New trial (rep=0, index=5): OrderedDict([('Condition', 'SmallReward'), ('FixationDur', 3000)])
61.9434 	EXP 	feedbackMsg: autoDraw = False
61.9434 	EXP 	feedbackMsg: autoDraw = False
61.9434 	EXP 	cueImage: image = 'images/WinSmall.bmp'
61.9434 	EXP 	cueImage: autoDraw = True
62.6559 	DATA 	Keypress: 5
63.4078 	DATA 	Keypress: 5
63.9617 	EXP 	cueImage: autoDraw = False
63.9617 	EXP 	fixation: autoDraw = True
64.2002 	DATA 	Keypress: 5
64.9508 	DATA 	Keypress: 5
65.7425 	DATA 	Keypress: 5
66.5329 	DATA 	Keypress: 5
66.9787 	EXP 	fixation: autoDraw = False
66.9787 	EXP 	fixation: autoDraw = False
66.9787 	EXP 	Target: image = 'images/WinProbe.bmp'
66.9787 	EXP 	Target: autoDraw = True
67.2920 	DATA 	Keypress: 5
67.3178 	EXP 	Target: autoDraw = False
67.3178 	EXP 	Target: autoDraw = False
67.3178 	EXP 	feedbackMsg: text = 'You pressed too slow!\n\nYou did not win $0.20!'
67.3178 	EXP 	feedbackMsg: autoDraw = True
67.3220 	DATA 	Keypress: 1
68.0736 	DATA 	Keypress: 5
68.8617 	EXP 	New trial (rep=0, index=6): OrderedDict([('Condition', 'SmallPun'), ('FixationDur', 1500)])
68.8692 	DATA 	Keypress: 5
68.9020 	EXP 	feedbackMsg: autoDraw = False
68.9020 	EXP 	feedbackMsg: autoDraw = False
68.9020 	EXP 	cueImage: image = 'images/LoseSmall.bmp'
68.9020 	EXP 	cueImage: autoDraw = True
69.6549 	DATA 	Keypress: 5
70.4073 	DATA 	Keypress: 5
70.9130 	EXP 	cueImage: autoDraw = False
70.9130 	EXP 	fixation: autoDraw = True
71.2008 	DATA 	Keypress: 5
71.9512 	DATA 	Keypress: 5
72.4200 	EXP 	fixation: autoDraw = False
72.4200 	EXP 	fixation: autoDraw = False
72.4200 	EXP 	Target: image = 'images/LoseProbe.bmp'
72.4200 	EXP 	Target: autoDraw = True
72.7494 	DATA 	Keypress: 5
72.7509 	DATA 	Keypress: 1
72.7788 	EXP 	Target: autoDraw = False
72.7788 	EXP 	Target: autoDraw = False
72.7788 	EXP 	feedbackMsg: text = 'You pressed too slow!\n\nYou lost $0.20!'
72.7788 	EXP 	feedbackMsg: autoDraw = True
73.5327 	DATA 	Keypress: 5
74.3227 	EXP 	New trial (rep=0, index=7): OrderedDict([('Condition', 'SmallReward'), ('FixationDur', 1500)])
74.3449 	DATA 	Keypress: 5
74.3610 	EXP 	feedbackMsg: autoDraw = False
74.3610 	EXP 	feedbackMsg: autoDraw = False
74.3610 	EXP 	cueImage: image = 'images/WinSmall.bmp'
74.3610 	EXP 	cueImage: autoDraw = True
75.0740 	DATA 	Keypress: 5
75.8666 	DATA 	Keypress: 5
76.3806 	EXP 	cueImage: autoDraw = False
76.3806 	EXP 	cueImage: autoDraw = False
76.3806 	EXP 	fixation: autoDraw = True
76.6190 	DATA 	Keypress: 5
77.4095 	DATA 	Keypress: 5
77.8883 	EXP 	fixation: autoDraw = False
77.8883 	EXP 	fixation: autoDraw = False
77.8883 	EXP 	Target: image = 'images/WinProbe.bmp'
77.8883 	EXP 	Target: autoDraw = True
78.2089 	DATA 	Keypress: 5
78.2379 	EXP 	Target: autoDraw = False
78.2379 	EXP 	Target: autoDraw = False
78.2379 	EXP 	feedbackMsg: text = 'You pressed too slow!\n\nYou did not win $0.20!'
78.2379 	EXP 	feedbackMsg: autoDraw = True
78.2854 	DATA 	Keypress: 1
78.9927 	DATA 	Keypress: 5
79.7415 	DATA 	Keypress: 5
79.7807 	EXP 	New trial (rep=0, index=8): OrderedDict([('Condition', 'LgReward'), ('FixationDur', 3000)])
79.8193 	EXP 	feedbackMsg: autoDraw = False
79.8193 	EXP 	feedbackMsg: autoDraw = False
79.8193 	EXP 	cueImage: image = 'images/WinBig.bmp'
79.8193 	EXP 	cueImage: autoDraw = True
80.5327 	DATA 	Keypress: 5
81.3231 	DATA 	Keypress: 5
81.8315 	EXP 	cueImage: autoDraw = False
81.8315 	EXP 	cueImage: autoDraw = False
81.8315 	EXP 	fixation: autoDraw = True
82.0770 	DATA 	Keypress: 5
82.8676 	DATA 	Keypress: 5
83.6597 	DATA 	Keypress: 5
84.4095 	DATA 	Keypress: 5
84.8507 	EXP 	fixation: autoDraw = False
84.8507 	EXP 	fixation: autoDraw = False
84.8507 	EXP 	Target: image = 'images/WinProbe.bmp'
84.8507 	EXP 	Target: autoDraw = True
85.1593 	DATA 	Keypress: 1
85.2095 	DATA 	Keypress: 5
85.2402 	EXP 	Target: autoDraw = False
85.2402 	EXP 	Target: autoDraw = False
85.2402 	EXP 	feedbackMsg: text = 'Correct Response!\n\nYou won $5.00!'
85.2402 	EXP 	feedbackMsg: autoDraw = True
85.9948 	DATA 	Keypress: 5
86.7408 	EXP 	New trial (rep=0, index=9): OrderedDict([('Condition', 'LgPun'), ('FixationDur', 1500)])
86.7494 	DATA 	Keypress: 5
86.7788 	EXP 	feedbackMsg: autoDraw = False
86.7788 	EXP 	feedbackMsg: autoDraw = False
86.7788 	EXP 	cueImage: image = 'images/LoseBig.bmp'
86.7788 	EXP 	cueImage: autoDraw = True
87.5318 	DATA 	Keypress: 5
88.3254 	DATA 	Keypress: 5
88.7847 	EXP 	cueImage: autoDraw = False
88.7847 	EXP 	cueImage: autoDraw = False
88.7847 	EXP 	fixation: autoDraw = True
89.0750 	DATA 	Keypress: 5
89.8675 	DATA 	Keypress: 5
90.2991 	EXP 	fixation: autoDraw = False
90.2991 	EXP 	fixation: autoDraw = False
90.2991 	EXP 	Target: image = 'images/LoseProbe.bmp'
90.2991 	EXP 	Target: autoDraw = True
90.6666 	DATA 	Keypress: 5
90.6952 	EXP 	Target: autoDraw = False
90.6952 	EXP 	Target: autoDraw = False
90.6952 	EXP 	feedbackMsg: text = 'You pressed too slow!\n\nYou lost $5.00!'
90.6952 	EXP 	feedbackMsg: autoDraw = True
90.7415 	DATA 	Keypress: 1
91.4070 	DATA 	Keypress: 5
92.1961 	EXP 	New trial (rep=0, index=10): OrderedDict([('Condition', 'SmallReward'), ('FixationDur', 2000)])
92.2146 	DATA 	Keypress: 5
92.2368 	EXP 	feedbackMsg: autoDraw = False
92.2368 	EXP 	feedbackMsg: autoDraw = False
92.2368 	EXP 	cueImage: image = 'images/WinSmall.bmp'
92.2368 	EXP 	cueImage: autoDraw = True
92.9908 	DATA 	Keypress: 5
93.7399 	DATA 	Keypress: 5
94.2500 	EXP 	cueImage: autoDraw = False
94.2500 	EXP 	fixation: autoDraw = True
94.5338 	DATA 	Keypress: 5
95.3276 	DATA 	Keypress: 5
96.0778 	DATA 	Keypress: 5
96.2738 	EXP 	fixation: autoDraw = False
96.2738 	EXP 	fixation: autoDraw = False
96.2738 	EXP 	Target: image = 'images/WinProbe.bmp'
96.2738 	EXP 	Target: autoDraw = True
96.5733 	DATA 	Keypress: 1
96.6531 	EXP 	Target: autoDraw = False
96.6531 	EXP 	Target: autoDraw = False
96.6531 	EXP 	feedbackMsg: text = 'Correct Response!\n\nYou won $0.20!'
96.6531 	EXP 	feedbackMsg: autoDraw = True
96.8659 	DATA 	Keypress: 5
97.6577 	DATA 	Keypress: 5
98.1553 	EXP 	New trial (rep=0, index=11): OrderedDict([('Condition', 'LgReward'), ('FixationDur', 2000)])
98.1954 	EXP 	feedbackMsg: autoDraw = False
98.1954 	EXP 	feedbackMsg: autoDraw = False
98.1954 	EXP 	cueImage: image = 'images/WinBig.bmp'
98.1954 	EXP 	cueImage: autoDraw = True
98.4064 	DATA 	Keypress: 5
99.1995 	DATA 	Keypress: 5
99.9897 	DATA 	Keypress: 5
100.1984 	EXP 	cueImage: autoDraw = False
100.1984 	EXP 	cueImage: autoDraw = False
100.1984 	EXP 	fixation: autoDraw = True
100.7405 	DATA 	Keypress: 5
101.5328 	DATA 	Keypress: 5
102.2196 	EXP 	fixation: autoDraw = False
102.2196 	EXP 	fixation: autoDraw = False
102.2196 	EXP 	Target: image = 'images/WinProbe.bmp'
102.2196 	EXP 	Target: autoDraw = True
102.3246 	DATA 	Keypress: 5
102.5348 	DATA 	Keypress: 1
102.6553 	EXP 	Target: autoDraw = False
102.6553 	EXP 	Target: autoDraw = False
102.6553 	EXP 	feedbackMsg: text = 'Correct Response!\n\nYou won $5.00!'
102.6553 	EXP 	feedbackMsg: autoDraw = True
103.0784 	DATA 	Keypress: 5
103.8686 	DATA 	Keypress: 5
104.1165 	EXP 	New trial (rep=0, index=12): OrderedDict([('Condition', 'Triangle'), ('FixationDur', 2500)])
104.1555 	EXP 	feedbackMsg: autoDraw = False
104.1555 	EXP 	feedbackMsg: autoDraw = False
104.1555 	EXP 	cueImage: image = 'images/Neutral.bmp'
104.1555 	EXP 	cueImage: autoDraw = True
104.6563 	DATA 	Keypress: 5
105.4083 	DATA 	Keypress: 5
106.1678 	EXP 	cueImage: autoDraw = False
106.1678 	EXP 	cueImage: autoDraw = False
106.1678 	EXP 	fixation: autoDraw = True
106.2009 	DATA 	Keypress: 5
106.9957 	DATA 	Keypress: 5
107.7449 	DATA 	Keypress: 5
108.5362 	DATA 	Keypress: 5
108.6689 	EXP 	fixation: autoDraw = False
108.6689 	EXP 	fixation: autoDraw = False
108.6689 	EXP 	Target: image = 'images/NeutralProbe.bmp'
108.6689 	EXP 	Target: autoDraw = True
108.9916 	DATA 	Keypress: 1
109.1124 	EXP 	Target: autoDraw = False
109.1124 	EXP 	Target: autoDraw = False
109.1124 	EXP 	feedbackMsg: text = 'Correct Response!\n\nYou did not win or lose anything!'
109.1124 	EXP 	feedbackMsg: autoDraw = True
109.3236 	DATA 	Keypress: 5
110.0740 	DATA 	Keypress: 5
110.6135 	EXP 	New trial (rep=0, index=13): OrderedDict([('Condition', 'LgReward'), ('FixationDur', 1500)])
110.6537 	EXP 	feedbackMsg: autoDraw = False
110.6537 	EXP 	feedbackMsg: autoDraw = False
110.6537 	EXP 	cueImage: image = 'images/WinBig.bmp'
110.6537 	EXP 	cueImage: autoDraw = True
110.8657 	DATA 	Keypress: 5
111.6567 	DATA 	Keypress: 5
112.4089 	DATA 	Keypress: 5
112.6682 	EXP 	cueImage: autoDraw = False
112.6682 	EXP 	cueImage: autoDraw = False
112.6682 	EXP 	fixation: autoDraw = True
113.2016 	DATA 	Keypress: 5
113.9953 	DATA 	Keypress: 5
114.1858 	EXP 	fixation: autoDraw = False
114.1858 	EXP 	fixation: autoDraw = False
114.1858 	EXP 	Target: image = 'images/WinProbe.bmp'
114.1858 	EXP 	Target: autoDraw = True
114.5878 	DATA 	Keypress: 1
114.6153 	EXP 	Target: autoDraw = False
114.6153 	EXP 	Target: autoDraw = False
114.6153 	EXP 	feedbackMsg: text = 'You pressed too slow!\n\nYou did not win $5.00!'
114.6153 	EXP 	feedbackMsg: autoDraw = True
114.7446 	DATA 	Keypress: 5
115.5363 	DATA 	Keypress: 5
116.0747 	EXP 	New trial (rep=0, index=14): OrderedDict([('Condition', 'LgPun'), ('FixationDur', 2500)])
116.1131 	EXP 	feedbackMsg: autoDraw = False
116.1131 	EXP 	feedbackMsg: autoDraw = False
116.1131 	EXP 	cueImage: image = 'images/LoseBig.bmp'
116.1131 	EXP 	cueImage: autoDraw = True
116.3253 	DATA 	Keypress: 5
117.1195 	DATA 	Keypress: 5
117.8669 	DATA 	Keypress: 5
118.1183 	EXP 	cueImage: autoDraw = False
118.1183 	EXP 	cueImage: autoDraw = False
118.1183 	EXP 	fixation: autoDraw = True
118.6628 	DATA 	Keypress: 5
119.4116 	DATA 	Keypress: 5
120.2032 	DATA 	Keypress: 5
120.6360 	EXP 	fixation: autoDraw = False
120.6360 	EXP 	fixation: autoDraw = False
120.6360 	EXP 	Target: image = 'images/LoseProbe.bmp'
120.6360 	EXP 	Target: autoDraw = True
120.9503 	DATA 	Keypress: 1
120.9916 	DATA 	Keypress: 5
121.0716 	EXP 	Target: autoDraw = False
121.0716 	EXP 	Target: autoDraw = False
121.0716 	EXP 	feedbackMsg: text = 'Correct Response!\n\nYou did not lose $5.00!'
121.0716 	EXP 	feedbackMsg: autoDraw = True
121.7839 	DATA 	Keypress: 5
122.5325 	DATA 	Keypress: 5
122.5722 	EXP 	New trial (rep=0, index=15): OrderedDict([('Condition', 'SmallReward'), ('FixationDur', 1500)])
122.6129 	EXP 	feedbackMsg: autoDraw = False
122.6129 	EXP 	feedbackMsg: autoDraw = False
122.6129 	EXP 	cueImage: image = 'images/WinSmall.bmp'
122.6129 	EXP 	cueImage: autoDraw = True
123.3253 	DATA 	Keypress: 5
124.1177 	DATA 	Keypress: 5
124.6203 	EXP 	cueImage: autoDraw = False
124.6203 	EXP 	fixation: autoDraw = True
124.8702 	DATA 	Keypress: 5
125.6605 	DATA 	Keypress: 5
126.1430 	EXP 	fixation: autoDraw = False
126.1430 	EXP 	fixation: autoDraw = False
126.1430 	EXP 	Target: image = 'images/WinProbe.bmp'
126.1430 	EXP 	Target: autoDraw = True
126.4519 	DATA 	Keypress: 5
126.5751 	EXP 	Target: autoDraw = False
126.5751 	EXP 	Target: autoDraw = False
126.5751 	EXP 	feedbackMsg: text = 'You pressed too slow!\n\nYou did not win $0.20!'
126.5751 	EXP 	feedbackMsg: autoDraw = True
126.5796 	DATA 	Keypress: 1
127.2023 	DATA 	Keypress: 5
127.9950 	DATA 	Keypress: 5
128.0771 	EXP 	New trial (rep=0, index=16): OrderedDict([('Condition', 'LgReward'), ('FixationDur', 1500)])
128.1156 	EXP 	feedbackMsg: autoDraw = False
128.1156 	EXP 	feedbackMsg: autoDraw = False
128.1156 	EXP 	cueImage: image = 'images/WinBig.bmp'
128.1156 	EXP 	cueImage: autoDraw = True
128.7851 	DATA 	Keypress: 5
129.5345 	DATA 	Keypress: 5
130.1211 	EXP 	cueImage: autoDraw = False
130.1211 	EXP 	cueImage: autoDraw = False
130.1211 	EXP 	fixation: autoDraw = True
130.3293 	DATA 	Keypress: 5
131.1191 	DATA 	Keypress: 5
131.6536 	EXP 	fixation: autoDraw = False
131.6536 	EXP 	fixation: autoDraw = False
131.6536 	EXP 	Target: image = 'images/WinProbe.bmp'
131.6536 	EXP 	Target: autoDraw = True
131.8676 	DATA 	Keypress: 5
132.0753 	EXP 	Target: autoDraw = False
132.0753 	EXP 	Target: autoDraw = False
132.0753 	EXP 	feedbackMsg: text = 'You pressed too slow!\n\nYou did not win $5.00!'
132.0753 	EXP 	feedbackMsg: autoDraw = True
132.1200 	DATA 	Keypress: 1
132.6620 	DATA 	Keypress: 5
133.4518 	DATA 	Keypress: 5
133.5750 	EXP 	New trial (rep=0, index=17): OrderedDict([('Condition', 'SmallPun'), ('FixationDur', 3500)])
133.6134 	EXP 	feedbackMsg: autoDraw = False
133.6134 	EXP 	feedbackMsg: autoDraw = False
133.6134 	EXP 	cueImage: image = 'images/LoseSmall.bmp'
133.6134 	EXP 	cueImage: autoDraw = True
134.2012 	DATA 	Keypress: 5
134.9944 	DATA 	Keypress: 5
135.6209 	EXP 	cueImage: autoDraw = False
135.6209 	EXP 	cueImage: autoDraw = False
135.6209 	EXP 	fixation: autoDraw = True
135.7866 	DATA 	Keypress: 5
136.5351 	DATA 	Keypress: 5
137.3301 	DATA 	Keypress: 5
138.1201 	DATA 	Keypress: 5
138.8705 	DATA 	Keypress: 5
139.1377 	EXP 	fixation: autoDraw = False
139.1377 	EXP 	fixation: autoDraw = False
139.1377 	EXP 	Target: image = 'images/LoseProbe.bmp'
139.1377 	EXP 	Target: autoDraw = True
139.4502 	DATA 	Keypress: 1
139.5723 	EXP 	Target: autoDraw = False
139.5723 	EXP 	Target: autoDraw = False
139.5723 	EXP 	feedbackMsg: text = 'Correct Response!\n\nYou did not lose $0.20!'
139.5723 	EXP 	feedbackMsg: autoDraw = True
139.6589 	DATA 	Keypress: 5
140.4515 	DATA 	Keypress: 5
141.0735 	EXP 	New trial (rep=0, index=18): OrderedDict([('Condition', 'LgPun'), ('FixationDur', 1500)])
141.1135 	EXP 	feedbackMsg: autoDraw = False
141.1135 	EXP 	feedbackMsg: autoDraw = False
141.1135 	EXP 	cueImage: image = 'images/LoseBig.bmp'
141.1135 	EXP 	cueImage: autoDraw = True
141.2002 	DATA 	Keypress: 5
141.9925 	DATA 	Keypress: 5
142.7863 	DATA 	Keypress: 5
143.1231 	EXP 	cueImage: autoDraw = False
143.1231 	EXP 	cueImage: autoDraw = False
143.1231 	EXP 	fixation: autoDraw = True
143.5360 	DATA 	Keypress: 5
144.3289 	DATA 	Keypress: 5
144.6392 	EXP 	fixation: autoDraw = False
144.6392 	EXP 	fixation: autoDraw = False
144.6392 	EXP 	Target: image = 'images/LoseProbe.bmp'
144.6392 	EXP 	Target: autoDraw = True
145.0416 	DATA 	Keypress: 1
145.0719 	EXP 	Target: autoDraw = False
145.0719 	EXP 	Target: autoDraw = False
145.0719 	EXP 	feedbackMsg: text = 'You pressed too slow!\n\nYou lost $5.00!'
145.0719 	EXP 	feedbackMsg: autoDraw = True
145.1182 	DATA 	Keypress: 5
145.8674 	DATA 	Keypress: 5
146.5323 	EXP 	New trial (rep=0, index=19): OrderedDict([('Condition', 'LgPun'), ('FixationDur', 3500)])
146.5717 	EXP 	feedbackMsg: autoDraw = False
146.5717 	EXP 	feedbackMsg: autoDraw = False
146.5717 	EXP 	cueImage: image = 'images/LoseBig.bmp'
146.5717 	EXP 	cueImage: autoDraw = True
146.6595 	DATA 	Keypress: 5
147.4509 	DATA 	Keypress: 5
148.2014 	DATA 	Keypress: 5
148.5903 	EXP 	cueImage: autoDraw = False
148.5903 	EXP 	fixation: autoDraw = True
148.9955 	DATA 	Keypress: 5
149.7872 	DATA 	Keypress: 5
150.5370 	DATA 	Keypress: 5
151.3291 	DATA 	Keypress: 5
152.0903 	EXP 	fixation: autoDraw = False
152.0903 	EXP 	fixation: autoDraw = False
152.0903 	EXP 	Target: image = 'images/LoseProbe.bmp'
152.0903 	EXP 	Target: autoDraw = True
152.0944 	DATA 	Keypress: 5
152.4955 	DATA 	Keypress: 1
152.5313 	EXP 	Target: autoDraw = False
152.5313 	EXP 	Target: autoDraw = False
152.5313 	EXP 	feedbackMsg: text = 'You pressed too slow!\n\nYou lost $5.00!'
152.5313 	EXP 	feedbackMsg: autoDraw = True
152.8685 	DATA 	Keypress: 5
153.6600 	DATA 	Keypress: 5
154.0329 	EXP 	New trial (rep=0, index=20): OrderedDict([('Condition', 'SmallReward'), ('FixationDur', 2500)])
154.0730 	EXP 	feedbackMsg: autoDraw = False
154.0730 	EXP 	feedbackMsg: autoDraw = False
154.0730 	EXP 	cueImage: image = 'images/WinSmall.bmp'
154.0730 	EXP 	cueImage: autoDraw = True
154.4499 	DATA 	Keypress: 5
155.2024 	DATA 	Keypress: 5
155.9952 	DATA 	Keypress: 5
156.0910 	EXP 	cueImage: autoDraw = False
156.0910 	EXP 	cueImage: autoDraw = False
156.0910 	EXP 	fixation: autoDraw = True
156.7868 	DATA 	Keypress: 5
157.5364 	DATA 	Keypress: 5
158.3301 	DATA 	Keypress: 5
158.6074 	EXP 	fixation: autoDraw = False
158.6074 	EXP 	fixation: autoDraw = False
158.6074 	EXP 	Target: image = 'images/WinProbe.bmp'
158.6074 	EXP 	Target: autoDraw = True
158.9108 	DATA 	Keypress: 1
159.0316 	EXP 	Target: autoDraw = False
159.0316 	EXP 	Target: autoDraw = False
159.0316 	EXP 	feedbackMsg: text = 'Correct Response!\n\nYou won $0.20!'
159.0316 	EXP 	feedbackMsg: autoDraw = True
159.1176 	DATA 	Keypress: 5
159.8681 	DATA 	Keypress: 5
160.5332 	EXP 	New trial (rep=0, index=21): OrderedDict([('Condition', 'LgPun'), ('FixationDur', 2000)])
160.5732 	EXP 	feedbackMsg: autoDraw = False
160.5732 	EXP 	feedbackMsg: autoDraw = False
160.5732 	EXP 	cueImage: image = 'images/LoseBig.bmp'
160.5732 	EXP 	cueImage: autoDraw = True
160.6605 	DATA 	Keypress: 5
161.4505 	DATA 	Keypress: 5
162.2455 	DATA 	Keypress: 5
162.5921 	EXP 	cueImage: autoDraw = False
162.5921 	EXP 	fixation: autoDraw = True
162.9962 	DATA 	Keypress: 5
163.7870 	DATA 	Keypress: 5
164.5754 	DATA 	Keypress: 5
164.5927 	EXP 	fixation: autoDraw = False
164.5927 	EXP 	fixation: autoDraw = False
164.5927 	EXP 	Target: image = 'images/LoseProbe.bmp'
164.5927 	EXP 	Target: autoDraw = True
164.9532 	DATA 	Keypress: 1
165.0730 	EXP 	Target: autoDraw = False
165.0730 	EXP 	Target: autoDraw = False
165.0730 	EXP 	feedbackMsg: text = 'Correct Response!\n\nYou did not lose $5.00!'
165.0730 	EXP 	feedbackMsg: autoDraw = True
165.3264 	DATA 	Keypress: 5
166.1177 	DATA 	Keypress: 5
166.5329 	EXP 	New trial (rep=0, index=22): OrderedDict([('Condition', 'Triangle'), ('FixationDur', 2000)])
166.5739 	EXP 	feedbackMsg: autoDraw = False
166.5739 	EXP 	feedbackMsg: autoDraw = False
166.5739 	EXP 	cueImage: image = 'images/Neutral.bmp'
166.5739 	EXP 	cueImage: autoDraw = True
166.9088 	DATA 	Keypress: 5
167.6596 	DATA 	Keypress: 5
168.4542 	DATA 	Keypress: 5
168.5789 	EXP 	cueImage: autoDraw = False
168.5789 	EXP 	cueImage: autoDraw = False
168.5789 	EXP 	fixation: autoDraw = True
169.2462 	DATA 	Keypress: 5
169.9960 	DATA 	Keypress: 5
170.5923 	EXP 	fixation: autoDraw = False
170.5923 	EXP 	fixation: autoDraw = False
170.5923 	EXP 	Target: image = 'images/NeutralProbe.bmp'
170.5923 	EXP 	Target: autoDraw = True
170.7861 	DATA 	Keypress: 5
171.0733 	EXP 	Target: autoDraw = False
171.0733 	EXP 	Target: autoDraw = False
171.0733 	EXP 	feedbackMsg: text = 'You pressed too slow!\n\nYou did not win or lose anything!'
171.0733 	EXP 	feedbackMsg: autoDraw = True
171.0778 	DATA 	Keypress: 1
171.5762 	DATA 	Keypress: 5
172.3266 	DATA 	Keypress: 5
172.5337 	EXP 	New trial (rep=0, index=23): OrderedDict([('Condition', 'LgPun'), ('FixationDur', 4000)])
172.5738 	EXP 	feedbackMsg: autoDraw = False
172.5738 	EXP 	feedbackMsg: autoDraw = False
172.5738 	EXP 	cueImage: image = 'images/LoseBig.bmp'
172.5738 	EXP 	cueImage: autoDraw = True
173.1191 	DATA 	Keypress: 5
173.9108 	DATA 	Keypress: 5
174.5930 	EXP 	cueImage: autoDraw = False
174.5930 	EXP 	cueImage: autoDraw = False
174.5930 	EXP 	fixation: autoDraw = True
174.6626 	DATA 	Keypress: 5
175.4564 	DATA 	Keypress: 5
176.2477 	DATA 	Keypress: 5
176.9968 	DATA 	Keypress: 5
177.7888 	DATA 	Keypress: 5
178.5780 	DATA 	Keypress: 5
178.5952 	EXP 	fixation: autoDraw = False
178.5952 	EXP 	fixation: autoDraw = False
178.5952 	EXP 	Target: image = 'images/LoseProbe.bmp'
178.5952 	EXP 	Target: autoDraw = True
179.0489 	DATA 	Keypress: 1
179.0740 	EXP 	Target: autoDraw = False
179.0740 	EXP 	Target: autoDraw = False
179.0740 	EXP 	feedbackMsg: text = 'You pressed too slow!\n\nYou lost $5.00!'
179.0740 	EXP 	feedbackMsg: autoDraw = True
179.3271 	DATA 	Keypress: 5
180.1184 	DATA 	Keypress: 5
180.5339 	EXP 	New trial (rep=0, index=24): OrderedDict([('Condition', 'LgPun'), ('FixationDur', 2000)])
180.5741 	EXP 	feedbackMsg: autoDraw = False
180.5741 	EXP 	feedbackMsg: autoDraw = False
180.5741 	EXP 	cueImage: image = 'images/LoseBig.bmp'
180.5741 	EXP 	cueImage: autoDraw = True
180.9114 	DATA 	Keypress: 5
181.6589 	DATA 	Keypress: 5
182.4539 	DATA 	Keypress: 5
182.5801 	EXP 	cueImage: autoDraw = False
182.5801 	EXP 	cueImage: autoDraw = False
182.5801 	EXP 	fixation: autoDraw = True
183.2463 	DATA 	Keypress: 5
183.9965 	DATA 	Keypress: 5
184.5948 	EXP 	fixation: autoDraw = False
184.5948 	EXP 	fixation: autoDraw = False
184.5948 	EXP 	Target: image = 'images/LoseProbe.bmp'
184.5948 	EXP 	Target: autoDraw = True
184.7854 	DATA 	Keypress: 5
185.0381 	DATA 	Keypress: 1
185.0735 	EXP 	Target: autoDraw = False
185.0735 	EXP 	Target: autoDraw = False
185.0735 	EXP 	feedbackMsg: text = 'You pressed too slow!\n\nYou lost $5.00!'
185.0735 	EXP 	feedbackMsg: autoDraw = True
185.5788 	DATA 	Keypress: 5
186.3270 	DATA 	Keypress: 5
186.5333 	EXP 	New trial (rep=0, index=25): OrderedDict([('Condition', 'SmallPun'), ('FixationDur', 1500)])
186.5744 	EXP 	feedbackMsg: autoDraw = False
186.5744 	EXP 	feedbackMsg: autoDraw = False
186.5744 	EXP 	cueImage: image = 'images/LoseSmall.bmp'
186.5744 	EXP 	cueImage: autoDraw = True
187.1191 	DATA 	Keypress: 5
187.9111 	DATA 	Keypress: 5
188.5810 	EXP 	cueImage: autoDraw = False
188.5810 	EXP 	cueImage: autoDraw = False
188.5810 	EXP 	fixation: autoDraw = True
188.6657 	DATA 	Keypress: 5
189.4553 	DATA 	Keypress: 5
190.0949 	EXP 	fixation: autoDraw = False
190.0949 	EXP 	fixation: autoDraw = False
190.0949 	EXP 	Target: image = 'images/LoseProbe.bmp'
190.0949 	EXP 	Target: autoDraw = True
190.2454 	DATA 	Keypress: 5
190.5483 	DATA 	Keypress: 1
190.5740 	EXP 	Target: autoDraw = False
190.5740 	EXP 	Target: autoDraw = False
190.5740 	EXP 	feedbackMsg: text = 'You pressed too slow!\n\nYou lost $0.20!'
190.5740 	EXP 	feedbackMsg: autoDraw = True
190.9941 	DATA 	Keypress: 5
191.7846 	DATA 	Keypress: 5
192.0334 	EXP 	New trial (rep=0, index=26): OrderedDict([('Condition', 'LgPun'), ('FixationDur', 3000)])
192.0740 	EXP 	feedbackMsg: autoDraw = False
192.0740 	EXP 	feedbackMsg: autoDraw = False
192.0740 	EXP 	cueImage: image = 'images/LoseBig.bmp'
192.0740 	EXP 	cueImage: autoDraw = True
192.5777 	DATA 	Keypress: 5
193.3315 	DATA 	Keypress: 5
194.0816 	EXP 	cueImage: autoDraw = False
194.0816 	EXP 	cueImage: autoDraw = False
194.0816 	EXP 	fixation: autoDraw = True
194.1214 	DATA 	Keypress: 5
194.9159 	DATA 	Keypress: 5
195.6655 	DATA 	Keypress: 5
196.4562 	DATA 	Keypress: 5
197.0958 	EXP 	fixation: autoDraw = False
197.0958 	EXP 	fixation: autoDraw = False
197.0958 	EXP 	Target: image = 'images/LoseProbe.bmp'
197.0958 	EXP 	Target: autoDraw = True
197.2450 	DATA 	Keypress: 5
197.4125 	DATA 	Keypress: 1
197.5745 	EXP 	Target: autoDraw = False
197.5745 	EXP 	Target: autoDraw = False
197.5745 	EXP 	feedbackMsg: text = 'Correct Response!\n\nYou did not lose $5.00!'
197.5745 	EXP 	feedbackMsg: autoDraw = True
197.9953 	DATA 	Keypress: 5
198.7877 	DATA 	Keypress: 5
199.0348 	EXP 	New trial (rep=0, index=27): OrderedDict([('Condition', 'LgReward'), ('FixationDur', 2000)])
199.0748 	EXP 	feedbackMsg: autoDraw = False
199.0748 	EXP 	feedbackMsg: autoDraw = False
199.0748 	EXP 	cueImage: image = 'images/WinBig.bmp'
199.0748 	EXP 	cueImage: autoDraw = True
199.5789 	DATA 	Keypress: 5
200.3295 	DATA 	Keypress: 5
201.0817 	EXP 	cueImage: autoDraw = False
201.0817 	EXP 	cueImage: autoDraw = False
201.0817 	EXP 	fixation: autoDraw = True
201.1224 	DATA 	Keypress: 5
201.9136 	DATA 	Keypress: 5
202.6661 	DATA 	Keypress: 5
203.1131 	EXP 	fixation: autoDraw = False
203.1131 	EXP 	fixation: autoDraw = False
203.1131 	EXP 	Target: image = 'images/WinProbe.bmp'
203.1131 	EXP 	Target: autoDraw = True
203.4529 	DATA 	Keypress: 5
203.4546 	DATA 	Keypress: 1
203.5748 	EXP 	Target: autoDraw = False
203.5748 	EXP 	Target: autoDraw = False
203.5748 	EXP 	feedbackMsg: text = 'Correct Response!\n\nYou won $5.00!'
203.5748 	EXP 	feedbackMsg: autoDraw = True
204.2442 	DATA 	Keypress: 5
204.9950 	DATA 	Keypress: 5
205.0352 	EXP 	New trial (rep=0, index=28): OrderedDict([('Condition', 'Triangle'), ('FixationDur', 1500)])
205.0740 	EXP 	feedbackMsg: autoDraw = False
205.0740 	EXP 	feedbackMsg: autoDraw = False
205.0740 	EXP 	cueImage: image = 'images/Neutral.bmp'
205.0740 	EXP 	cueImage: autoDraw = True
205.7875 	DATA 	Keypress: 5
206.5776 	DATA 	Keypress: 5
207.0836 	EXP 	cueImage: autoDraw = False
207.0836 	EXP 	fixation: autoDraw = True
207.3329 	DATA 	Keypress: 5
208.1236 	DATA 	Keypress: 5
208.5977 	EXP 	fixation: autoDraw = False
208.5977 	EXP 	fixation: autoDraw = False
208.5977 	EXP 	Target: image = 'images/NeutralProbe.bmp'
208.5977 	EXP 	Target: autoDraw = True
208.9109 	DATA 	Keypress: 5
209.0754 	EXP 	Target: autoDraw = False
209.0754 	EXP 	Target: autoDraw = False
209.0754 	EXP 	feedbackMsg: text = 'You pressed too slow!\n\nYou did not win or lose anything!'
209.0754 	EXP 	feedbackMsg: autoDraw = True
209.2049 	DATA 	Keypress: 1
209.6620 	DATA 	Keypress: 5
210.4547 	DATA 	Keypress: 5
210.5348 	EXP 	New trial (rep=0, index=29): OrderedDict([('Condition', 'Triangle'), ('FixationDur', 2000)])
210.5742 	EXP 	feedbackMsg: autoDraw = False
210.5742 	EXP 	feedbackMsg: autoDraw = False
210.5742 	EXP 	cueImage: image = 'images/Neutral.bmp'
210.5742 	EXP 	cueImage: autoDraw = True
211.2446 	DATA 	Keypress: 5
211.9955 	DATA 	Keypress: 5
212.5834 	EXP 	cueImage: autoDraw = False
212.5834 	EXP 	cueImage: autoDraw = False
212.5834 	EXP 	fixation: autoDraw = True
212.7916 	DATA 	Keypress: 5
213.5817 	DATA 	Keypress: 5
214.3313 	DATA 	Keypress: 5
214.5983 	EXP 	fixation: autoDraw = False
214.5983 	EXP 	fixation: autoDraw = False
214.5983 	EXP 	Target: image = 'images/NeutralProbe.bmp'
214.5983 	EXP 	Target: autoDraw = True
214.9549 	DATA 	Keypress: 1
215.0747 	EXP 	Target: autoDraw = False
215.0747 	EXP 	Target: autoDraw = False
215.0747 	EXP 	feedbackMsg: text = 'Correct Response!\n\nYou did not win or lose anything!'
215.0747 	EXP 	feedbackMsg: autoDraw = True
215.1210 	DATA 	Keypress: 5
215.9107 	DATA 	Keypress: 5
216.5358 	EXP 	New trial (rep=0, index=30): OrderedDict([('Condition', 'SmallReward'), ('FixationDur', 4000)])
216.5757 	EXP 	feedbackMsg: autoDraw = False
216.5757 	EXP 	feedbackMsg: autoDraw = False
216.5757 	EXP 	cueImage: image = 'images/WinSmall.bmp'
216.5757 	EXP 	cueImage: autoDraw = True
216.7045 	DATA 	Keypress: 5
217.4538 	DATA 	Keypress: 5
218.2479 	DATA 	Keypress: 5
218.5832 	EXP 	cueImage: autoDraw = False
218.5832 	EXP 	cueImage: autoDraw = False
218.5832 	EXP 	fixation: autoDraw = True
219.0422 	DATA 	Keypress: 5
219.7922 	DATA 	Keypress: 5
220.5822 	DATA 	Keypress: 5
221.3740 	DATA 	Keypress: 5
221.8745 	DATA 	Keypress: 1
222.1243 	DATA 	Keypress: 5
222.6157 	EXP 	fixation: autoDraw = False
222.6157 	EXP 	fixation: autoDraw = False
222.6157 	EXP 	Target: image = 'images/WinProbe.bmp'
222.6157 	EXP 	Target: autoDraw = True
222.9113 	DATA 	Keypress: 5
223.0757 	EXP 	Target: autoDraw = False
223.0757 	EXP 	Target: autoDraw = False
223.0757 	EXP 	feedbackMsg: text = 'You pressed too soon!\n\nYou did not win $0.20!'
223.0757 	EXP 	feedbackMsg: autoDraw = True
223.2878 	DATA 	Keypress: 1
223.7049 	DATA 	Keypress: 5
224.4537 	DATA 	Keypress: 5
224.5360 	EXP 	New trial (rep=0, index=31): OrderedDict([('Condition', 'Triangle'), ('FixationDur', 4000)])
224.5761 	EXP 	feedbackMsg: autoDraw = False
224.5761 	EXP 	feedbackMsg: autoDraw = False
224.5761 	EXP 	cueImage: image = 'images/Neutral.bmp'
224.5761 	EXP 	cueImage: autoDraw = True
225.2460 	DATA 	Keypress: 5
226.0386 	DATA 	Keypress: 5
226.5819 	EXP 	cueImage: autoDraw = False
226.5819 	EXP 	cueImage: autoDraw = False
226.5819 	EXP 	fixation: autoDraw = True
226.7881 	DATA 	Keypress: 5
227.5792 	DATA 	Keypress: 5
228.3728 	DATA 	Keypress: 5
229.1226 	DATA 	Keypress: 5
229.9172 	DATA 	Keypress: 5
230.6007 	EXP 	fixation: autoDraw = False
230.6007 	EXP 	fixation: autoDraw = False
230.6007 	EXP 	Target: image = 'images/NeutralProbe.bmp'
230.6007 	EXP 	Target: autoDraw = True
230.7045 	DATA 	Keypress: 5
230.9546 	DATA 	Keypress: 1
231.0758 	EXP 	Target: autoDraw = False
231.0758 	EXP 	Target: autoDraw = False
231.0758 	EXP 	feedbackMsg: text = 'Correct Response!\n\nYou did not win or lose anything!'
231.0758 	EXP 	feedbackMsg: autoDraw = True
231.4547 	DATA 	Keypress: 5
232.2459 	DATA 	Keypress: 5
232.5361 	EXP 	New trial (rep=0, index=32): OrderedDict([('Condition', 'SmallReward'), ('FixationDur', 3500)])
232.5753 	EXP 	feedbackMsg: autoDraw = False
232.5753 	EXP 	feedbackMsg: autoDraw = False
232.5753 	EXP 	cueImage: image = 'images/WinSmall.bmp'
232.5753 	EXP 	cueImage: autoDraw = True
233.0390 	DATA 	Keypress: 5
233.7876 	DATA 	Keypress: 5
234.5737 	DATA 	Keypress: 5
234.5855 	EXP 	cueImage: autoDraw = False
234.5855 	EXP 	cueImage: autoDraw = False
234.5855 	EXP 	fixation: autoDraw = True
235.3741 	DATA 	Keypress: 5
236.1291 	DATA 	Keypress: 5
236.3344 	DATA 	Keypress: 1
236.9144 	DATA 	Keypress: 5
237.7097 	DATA 	Keypress: 5
238.1051 	EXP 	fixation: autoDraw = False
238.1051 	EXP 	fixation: autoDraw = False
238.1051 	EXP 	Target: image = 'images/WinProbe.bmp'
238.1051 	EXP 	Target: autoDraw = True
238.4572 	DATA 	Keypress: 5
238.5782 	EXP 	Target: autoDraw = False
238.5782 	EXP 	Target: autoDraw = False
238.5782 	EXP 	feedbackMsg: text = 'You pressed too soon!\n\nYou did not win $0.20!'
238.5782 	EXP 	feedbackMsg: autoDraw = True
239.2507 	DATA 	Keypress: 5
240.0392 	EXP 	New trial (rep=0, index=33): OrderedDict([('Condition', 'Triangle'), ('FixationDur', 1500)])
240.0474 	DATA 	Keypress: 5
240.0781 	EXP 	feedbackMsg: autoDraw = False
240.0781 	EXP 	feedbackMsg: autoDraw = False
240.0781 	EXP 	cueImage: image = 'images/Neutral.bmp'
240.0781 	EXP 	cueImage: autoDraw = True
240.7890 	DATA 	Keypress: 5
241.5805 	DATA 	Keypress: 5
242.0851 	EXP 	cueImage: autoDraw = False
242.0851 	EXP 	cueImage: autoDraw = False
242.0851 	EXP 	fixation: autoDraw = True
242.3750 	DATA 	Keypress: 5
243.1256 	DATA 	Keypress: 5
243.6022 	EXP 	fixation: autoDraw = False
243.6022 	EXP 	fixation: autoDraw = False
243.6022 	EXP 	Target: image = 'images/NeutralProbe.bmp'
243.6022 	EXP 	Target: autoDraw = True
243.9142 	DATA 	Keypress: 5
244.0764 	EXP 	Target: autoDraw = False
244.0764 	EXP 	Target: autoDraw = False
244.0764 	EXP 	feedbackMsg: text = 'You pressed too slow!\n\nYou did not win or lose anything!'
244.0764 	EXP 	feedbackMsg: autoDraw = True
244.1646 	DATA 	Keypress: 1
244.7055 	DATA 	Keypress: 5
245.4558 	DATA 	Keypress: 5
245.5370 	EXP 	New trial (rep=0, index=34): OrderedDict([('Condition', 'SmallReward'), ('FixationDur', 1500)])
245.5769 	EXP 	feedbackMsg: autoDraw = False
245.5769 	EXP 	feedbackMsg: autoDraw = False
245.5769 	EXP 	cueImage: image = 'images/WinSmall.bmp'
245.5769 	EXP 	cueImage: autoDraw = True
246.2476 	DATA 	Keypress: 5
247.0395 	DATA 	Keypress: 5
247.5859 	EXP 	cueImage: autoDraw = False
247.5859 	EXP 	cueImage: autoDraw = False
247.5859 	EXP 	fixation: autoDraw = True
247.7925 	DATA 	Keypress: 5
248.5833 	DATA 	Keypress: 5
249.1098 	EXP 	fixation: autoDraw = False
249.1098 	EXP 	fixation: autoDraw = False
249.1098 	EXP 	Target: image = 'images/WinProbe.bmp'
249.1098 	EXP 	Target: autoDraw = True
249.3746 	DATA 	Keypress: 5
249.5805 	EXP 	Target: autoDraw = False
249.5805 	EXP 	Target: autoDraw = False
249.5805 	EXP 	feedbackMsg: text = 'You pressed too slow!\n\nYou did not win $0.20!'
249.5805 	EXP 	feedbackMsg: autoDraw = True
250.1258 	DATA 	Keypress: 5
250.9158 	DATA 	Keypress: 5
251.0389 	EXP 	New trial (rep=0, index=35): OrderedDict([('Condition', 'SmallPun'), ('FixationDur', 4000)])
251.0779 	EXP 	feedbackMsg: autoDraw = False
251.0779 	EXP 	feedbackMsg: autoDraw = False
251.0779 	EXP 	cueImage: image = 'images/LoseSmall.bmp'
251.0779 	EXP 	cueImage: autoDraw = True
251.7077 	DATA 	Keypress: 5
252.4566 	DATA 	Keypress: 5
253.0917 	EXP 	cueImage: autoDraw = False
253.0917 	EXP 	cueImage: autoDraw = False
253.0917 	EXP 	fixation: autoDraw = True
253.2515 	DATA 	Keypress: 5
254.0429 	DATA 	Keypress: 5
254.7923 	DATA 	Keypress: 5
255.5840 	DATA 	Keypress: 5
256.3753 	DATA 	Keypress: 5
257.1032 	EXP 	fixation: autoDraw = False
257.1032 	EXP 	fixation: autoDraw = False
257.1032 	EXP 	Target: image = 'images/LoseProbe.bmp'
257.1032 	EXP 	Target: autoDraw = True
257.1225 	DATA 	Keypress: 5
257.4990 	DATA 	Keypress: 1
257.5773 	EXP 	Target: autoDraw = False
257.5773 	EXP 	Target: autoDraw = False
257.5773 	EXP 	feedbackMsg: text = 'Correct Response!\n\nYou did not lose $0.20!'
257.5773 	EXP 	feedbackMsg: autoDraw = True
257.9154 	DATA 	Keypress: 5
258.7052 	DATA 	Keypress: 5
259.0375 	EXP 	New trial (rep=0, index=36): OrderedDict([('Condition', 'Triangle'), ('FixationDur', 1500)])
259.0777 	EXP 	feedbackMsg: autoDraw = False
259.0777 	EXP 	feedbackMsg: autoDraw = False
259.0777 	EXP 	cueImage: image = 'images/Neutral.bmp'
259.0777 	EXP 	cueImage: autoDraw = True
259.4556 	DATA 	Keypress: 5
260.2500 	DATA 	Keypress: 5
261.0717 	DATA 	Keypress: 5
261.0879 	EXP 	cueImage: autoDraw = False
261.0879 	EXP 	cueImage: autoDraw = False
261.0879 	EXP 	fixation: autoDraw = True
261.7929 	DATA 	Keypress: 5
262.5832 	DATA 	Keypress: 5
262.6042 	EXP 	fixation: autoDraw = False
262.6042 	EXP 	fixation: autoDraw = False
262.6042 	EXP 	Target: image = 'images/NeutralProbe.bmp'
262.6042 	EXP 	Target: autoDraw = True
263.0518 	DATA 	Keypress: 1
263.0774 	EXP 	Target: autoDraw = False
263.0774 	EXP 	Target: autoDraw = False
263.0774 	EXP 	feedbackMsg: text = 'You pressed too slow!\n\nYou did not win or lose anything!'
263.0774 	EXP 	feedbackMsg: autoDraw = True
263.3722 	DATA 	Keypress: 5
264.1661 	DATA 	Keypress: 5
264.5378 	EXP 	New trial (rep=0, index=37): OrderedDict([('Condition', 'SmallPun'), ('FixationDur', 2000)])
264.5779 	EXP 	feedbackMsg: autoDraw = False
264.5779 	EXP 	feedbackMsg: autoDraw = False
264.5779 	EXP 	cueImage: image = 'images/LoseSmall.bmp'
264.5779 	EXP 	cueImage: autoDraw = True
264.9152 	DATA 	Keypress: 5
265.7070 	DATA 	Keypress: 5
266.5006 	DATA 	Keypress: 5
266.5887 	EXP 	cueImage: autoDraw = False
266.5887 	EXP 	cueImage: autoDraw = False
266.5887 	EXP 	fixation: autoDraw = True
267.2491 	DATA 	Keypress: 5
268.0434 	DATA 	Keypress: 5
268.5962 	EXP 	fixation: autoDraw = False
268.5962 	EXP 	fixation: autoDraw = False
268.5962 	EXP 	Target: image = 'images/LoseProbe.bmp'
268.5962 	EXP 	Target: autoDraw = True
268.8320 	DATA 	Keypress: 5
268.9991 	DATA 	Keypress: 1
269.0777 	EXP 	Target: autoDraw = False
269.0777 	EXP 	Target: autoDraw = False
269.0777 	EXP 	feedbackMsg: text = 'Correct Response!\n\nYou did not lose $0.20!'
269.0777 	EXP 	feedbackMsg: autoDraw = True
269.5811 	DATA 	Keypress: 5
270.3735 	DATA 	Keypress: 5
270.5369 	EXP 	New trial (rep=0, index=38): OrderedDict([('Condition', 'LgReward'), ('FixationDur', 2500)])
270.5780 	EXP 	feedbackMsg: autoDraw = False
270.5780 	EXP 	feedbackMsg: autoDraw = False
270.5780 	EXP 	cueImage: image = 'images/WinBig.bmp'
270.5780 	EXP 	cueImage: autoDraw = True
271.1638 	DATA 	Keypress: 5
271.9147 	DATA 	Keypress: 5
272.5896 	EXP 	cueImage: autoDraw = False
272.5896 	EXP 	fixation: autoDraw = True
272.7106 	DATA 	Keypress: 5
273.5006 	DATA 	Keypress: 5
274.2496 	DATA 	Keypress: 5
275.1056 	DATA 	Keypress: 5
275.1229 	EXP 	fixation: autoDraw = False
275.1229 	EXP 	fixation: autoDraw = False
275.1229 	EXP 	Target: image = 'images/WinProbe.bmp'
275.1229 	EXP 	Target: autoDraw = True
275.4573 	DATA 	Keypress: 1
275.5798 	EXP 	Target: autoDraw = False
275.5798 	EXP 	Target: autoDraw = False
275.5798 	EXP 	feedbackMsg: text = 'Correct Response!\n\nYou won $5.00!'
275.5798 	EXP 	feedbackMsg: autoDraw = True
275.8348 	DATA 	Keypress: 5
276.5850 	DATA 	Keypress: 5
277.0417 	EXP 	New trial (rep=0, index=39): OrderedDict([('Condition', 'LgReward'), ('FixationDur', 1500)])
277.0902 	EXP 	feedbackMsg: autoDraw = False
277.0902 	EXP 	feedbackMsg: autoDraw = False
277.0902 	EXP 	cueImage: image = 'images/WinBig.bmp'
277.0902 	EXP 	cueImage: autoDraw = True
277.3733 	DATA 	Keypress: 5
278.1656 	DATA 	Keypress: 5
278.9144 	DATA 	Keypress: 5
279.0887 	EXP 	cueImage: autoDraw = False
279.0887 	EXP 	cueImage: autoDraw = False
279.0887 	EXP 	fixation: autoDraw = True
279.7065 	DATA 	Keypress: 5
280.5035 	DATA 	Keypress: 5
280.6123 	EXP 	fixation: autoDraw = False
280.6123 	EXP 	fixation: autoDraw = False
280.6123 	EXP 	Target: image = 'images/WinProbe.bmp'
280.6123 	EXP 	Target: autoDraw = True
281.0008 	DATA 	Keypress: 1
281.0797 	EXP 	Target: autoDraw = False
281.0797 	EXP 	Target: autoDraw = False
281.0797 	EXP 	feedbackMsg: text = 'Correct Response!\n\nYou won $5.00!'
281.0797 	EXP 	feedbackMsg: autoDraw = True
281.2503 	DATA 	Keypress: 5
282.0446 	DATA 	Keypress: 5
282.5419 	EXP 	New trial (rep=0, index=40): OrderedDict([('Condition', 'LgPun'), ('FixationDur', 1500)])
282.5786 	EXP 	feedbackMsg: autoDraw = False
282.5786 	EXP 	feedbackMsg: autoDraw = False
282.5786 	EXP 	cueImage: image = 'images/LoseBig.bmp'
282.5786 	EXP 	cueImage: autoDraw = True
282.8320 	DATA 	Keypress: 5
283.5822 	DATA 	Keypress: 5
284.3738 	DATA 	Keypress: 5
284.5915 	EXP 	cueImage: autoDraw = False
284.5915 	EXP 	cueImage: autoDraw = False
284.5915 	EXP 	fixation: autoDraw = True
285.1688 	DATA 	Keypress: 5
285.9184 	DATA 	Keypress: 5
286.0956 	EXP 	fixation: autoDraw = False
286.0956 	EXP 	fixation: autoDraw = False
286.0956 	EXP 	Target: image = 'images/LoseProbe.bmp'
286.0956 	EXP 	Target: autoDraw = True
286.5785 	EXP 	Target: autoDraw = False
286.5785 	EXP 	Target: autoDraw = False
286.5785 	EXP 	feedbackMsg: text = 'You pressed too slow!\n\nYou lost $5.00!'
286.5785 	EXP 	feedbackMsg: autoDraw = True
286.5825 	DATA 	Keypress: 1
286.7071 	DATA 	Keypress: 5
287.4993 	DATA 	Keypress: 5
288.0388 	EXP 	New trial (rep=0, index=41): OrderedDict([('Condition', 'SmallPun'), ('FixationDur', 2000)])
288.0791 	EXP 	feedbackMsg: autoDraw = False
288.0791 	EXP 	feedbackMsg: autoDraw = False
288.0791 	EXP 	cueImage: image = 'images/LoseSmall.bmp'
288.0791 	EXP 	cueImage: autoDraw = True
288.2490 	DATA 	Keypress: 5
289.0408 	DATA 	Keypress: 5
289.8345 	DATA 	Keypress: 5
290.0919 	EXP 	cueImage: autoDraw = False
290.0919 	EXP 	cueImage: autoDraw = False
290.0919 	EXP 	fixation: autoDraw = True
290.5865 	DATA 	Keypress: 5
291.3750 	DATA 	Keypress: 5
292.0973 	EXP 	fixation: autoDraw = False
292.0973 	EXP 	fixation: autoDraw = False
292.0973 	EXP 	Target: image = 'images/LoseProbe.bmp'
292.0973 	EXP 	Target: autoDraw = True
292.1660 	DATA 	Keypress: 5
292.4587 	DATA 	Keypress: 1
292.5788 	EXP 	Target: autoDraw = False
292.5788 	EXP 	Target: autoDraw = False
292.5788 	EXP 	feedbackMsg: text = 'Correct Response!\n\nYou did not lose $0.20!'
292.5788 	EXP 	feedbackMsg: autoDraw = True
292.9164 	DATA 	Keypress: 5
293.7081 	DATA 	Keypress: 5
294.0390 	EXP 	New trial (rep=0, index=42): OrderedDict([('Condition', 'LgReward'), ('FixationDur', 1500)])
294.0793 	EXP 	feedbackMsg: autoDraw = False
294.0793 	EXP 	feedbackMsg: autoDraw = False
294.0793 	EXP 	cueImage: image = 'images/WinBig.bmp'
294.0793 	EXP 	cueImage: autoDraw = True
294.4998 	DATA 	Keypress: 5
295.2515 	DATA 	Keypress: 5
296.0746 	DATA 	Keypress: 5
296.0924 	EXP 	cueImage: autoDraw = False
296.0924 	EXP 	cueImage: autoDraw = False
296.0924 	EXP 	fixation: autoDraw = True
296.8361 	DATA 	Keypress: 5
297.5960 	DATA 	Keypress: 5
297.6134 	EXP 	fixation: autoDraw = False
297.6134 	EXP 	fixation: autoDraw = False
297.6134 	EXP 	Target: image = 'images/WinProbe.bmp'
297.6134 	EXP 	Target: autoDraw = True
298.0176 	DATA 	Keypress: 1
298.0391 	EXP 	Target: autoDraw = False
298.0391 	EXP 	Target: autoDraw = False
298.0391 	EXP 	feedbackMsg: text = 'You pressed too slow!\n\nYou did not win $5.00!'
298.0391 	EXP 	feedbackMsg: autoDraw = True
298.3772 	DATA 	Keypress: 5
299.1682 	DATA 	Keypress: 5
299.5003 	EXP 	New trial (rep=0, index=43): OrderedDict([('Condition', 'SmallPun'), ('FixationDur', 1500)])
299.5377 	EXP 	feedbackMsg: autoDraw = False
299.5377 	EXP 	feedbackMsg: autoDraw = False
299.5377 	EXP 	cueImage: image = 'images/LoseSmall.bmp'
299.5377 	EXP 	cueImage: autoDraw = True
299.9159 	DATA 	Keypress: 5
300.7066 	DATA 	Keypress: 5
301.5353 	DATA 	Keypress: 5
301.5585 	EXP 	cueImage: autoDraw = False
301.5585 	EXP 	cueImage: autoDraw = False
301.5585 	EXP 	fixation: autoDraw = True
302.2494 	DATA 	Keypress: 5
303.0414 	DATA 	Keypress: 5
303.0595 	EXP 	fixation: autoDraw = False
303.0595 	EXP 	fixation: autoDraw = False
303.0595 	EXP 	Target: image = 'images/LoseProbe.bmp'
303.0595 	EXP 	Target: autoDraw = True
303.4958 	EXP 	Target: autoDraw = False
303.4958 	EXP 	Target: autoDraw = False
303.4958 	EXP 	feedbackMsg: text = 'You pressed too slow!\n\nYou lost $0.20!'
303.4958 	EXP 	feedbackMsg: autoDraw = True
303.5827 	DATA 	Keypress: 1
303.8332 	DATA 	Keypress: 5
304.5827 	DATA 	Keypress: 5
304.9562 	EXP 	New trial (rep=0, index=44): OrderedDict([('Condition', 'SmallReward'), ('FixationDur', 1500)])
304.9963 	EXP 	feedbackMsg: autoDraw = False
304.9963 	EXP 	feedbackMsg: autoDraw = False
304.9963 	EXP 	cueImage: image = 'images/WinSmall.bmp'
304.9963 	EXP 	cueImage: autoDraw = True
305.3746 	DATA 	Keypress: 5
306.1685 	DATA 	Keypress: 5
306.9178 	DATA 	Keypress: 5
307.0116 	EXP 	cueImage: autoDraw = False
307.0116 	EXP 	fixation: autoDraw = True
307.7108 	DATA 	Keypress: 5
308.5089 	DATA 	Keypress: 5
308.5270 	EXP 	fixation: autoDraw = False
308.5270 	EXP 	fixation: autoDraw = False
308.5270 	EXP 	Target: image = 'images/WinProbe.bmp'
308.5270 	EXP 	Target: autoDraw = True
308.9576 	EXP 	Target: autoDraw = False
308.9576 	EXP 	Target: autoDraw = False
308.9576 	EXP 	feedbackMsg: text = 'You pressed too slow!\n\nYou did not win $0.20!'
308.9576 	EXP 	feedbackMsg: autoDraw = True
309.2525 	DATA 	Keypress: 5
309.2942 	DATA 	Keypress: 1
310.0463 	DATA 	Keypress: 5
310.4175 	EXP 	New trial (rep=0, index=45): OrderedDict([('Condition', 'LgReward'), ('FixationDur', 4000)])
310.4566 	EXP 	feedbackMsg: autoDraw = False
310.4566 	EXP 	feedbackMsg: autoDraw = False
310.4566 	EXP 	cueImage: image = 'images/WinBig.bmp'
310.4566 	EXP 	cueImage: autoDraw = True
310.8349 	DATA 	Keypress: 5
311.5842 	DATA 	Keypress: 5
312.3768 	DATA 	Keypress: 5
312.4615 	EXP 	cueImage: autoDraw = False
312.4615 	EXP 	cueImage: autoDraw = False
312.4615 	EXP 	fixation: autoDraw = True
313.1710 	DATA 	Keypress: 5
313.9200 	DATA 	Keypress: 5
314.7119 	DATA 	Keypress: 5
315.5021 	DATA 	Keypress: 5
316.2965 	DATA 	Keypress: 5
316.4938 	EXP 	fixation: autoDraw = False
316.4938 	EXP 	fixation: autoDraw = False
316.4938 	EXP 	Target: image = 'images/WinProbe.bmp'
316.4938 	EXP 	Target: autoDraw = True
316.8751 	DATA 	Keypress: 1
316.9547 	EXP 	Target: autoDraw = False
316.9547 	EXP 	Target: autoDraw = False
316.9547 	EXP 	feedbackMsg: text = 'Correct Response!\n\nYou won $5.00!'
316.9547 	EXP 	feedbackMsg: autoDraw = True
317.0416 	DATA 	Keypress: 5
317.8333 	DATA 	Keypress: 5
318.4154 	EXP 	New trial (rep=0, index=46): OrderedDict([('Condition', 'Triangle'), ('FixationDur', 3000)])
318.4553 	EXP 	feedbackMsg: autoDraw = False
318.4553 	EXP 	feedbackMsg: autoDraw = False
318.4553 	EXP 	cueImage: image = 'images/Neutral.bmp'
318.4553 	EXP 	cueImage: autoDraw = True
318.6261 	DATA 	Keypress: 5
319.3741 	DATA 	Keypress: 5
320.1694 	DATA 	Keypress: 5
320.4645 	EXP 	cueImage: autoDraw = False
320.4645 	EXP 	fixation: autoDraw = True
320.9627 	DATA 	Keypress: 5
321.7132 	DATA 	Keypress: 5
322.5041 	DATA 	Keypress: 5
323.2951 	DATA 	Keypress: 5
323.4788 	EXP 	fixation: autoDraw = False
323.4788 	EXP 	fixation: autoDraw = False
323.4788 	EXP 	Target: image = 'images/NeutralProbe.bmp'
323.4788 	EXP 	Target: autoDraw = True
323.9548 	EXP 	Target: autoDraw = False
323.9548 	EXP 	Target: autoDraw = False
323.9548 	EXP 	feedbackMsg: text = 'You pressed too slow!\n\nYou did not win or lose anything!'
323.9548 	EXP 	feedbackMsg: autoDraw = True
324.0418 	DATA 	Keypress: 5
324.8340 	DATA 	Keypress: 5
325.4158 	EXP 	New trial (rep=0, index=47): OrderedDict([('Condition', 'SmallPun'), ('FixationDur', 3000)])
325.4556 	EXP 	feedbackMsg: autoDraw = False
325.4556 	EXP 	feedbackMsg: autoDraw = False
325.4556 	EXP 	cueImage: image = 'images/LoseSmall.bmp'
325.4556 	EXP 	cueImage: autoDraw = True
325.6256 	DATA 	Keypress: 5
326.3756 	DATA 	Keypress: 5
327.1669 	DATA 	Keypress: 5
327.4608 	EXP 	cueImage: autoDraw = False
327.4608 	EXP 	cueImage: autoDraw = False
327.4608 	EXP 	fixation: autoDraw = True
327.9625 	DATA 	Keypress: 5
328.7113 	DATA 	Keypress: 5
329.5019 	DATA 	Keypress: 5
330.2969 	DATA 	Keypress: 5
330.4796 	EXP 	fixation: autoDraw = False
330.4796 	EXP 	fixation: autoDraw = False
330.4796 	EXP 	Target: image = 'images/LoseProbe.bmp'
330.4796 	EXP 	Target: autoDraw = True
330.9556 	EXP 	Target: autoDraw = False
330.9556 	EXP 	Target: autoDraw = False
330.9556 	EXP 	feedbackMsg: text = 'You pressed too slow!\n\nYou lost $0.20!'
330.9556 	EXP 	feedbackMsg: autoDraw = True
331.0000 	DATA 	Keypress: 1
331.0426 	DATA 	Keypress: 5
331.8338 	DATA 	Keypress: 5
332.4158 	EXP 	New trial (rep=0, index=48): OrderedDict([('Condition', 'SmallPun'), ('FixationDur', 2500)])
332.4559 	EXP 	feedbackMsg: autoDraw = False
332.4559 	EXP 	feedbackMsg: autoDraw = False
332.4559 	EXP 	cueImage: image = 'images/LoseSmall.bmp'
332.4559 	EXP 	cueImage: autoDraw = True
332.6268 	DATA 	Keypress: 5
333.3750 	DATA 	Keypress: 5
334.1668 	DATA 	Keypress: 5
334.4651 	EXP 	cueImage: autoDraw = False
334.4651 	EXP 	cueImage: autoDraw = False
334.4651 	EXP 	fixation: autoDraw = True
334.9619 	DATA 	Keypress: 5
335.7111 	DATA 	Keypress: 5
336.5028 	DATA 	Keypress: 5
336.9803 	EXP 	fixation: autoDraw = False
336.9803 	EXP 	fixation: autoDraw = False
336.9803 	EXP 	Target: image = 'images/LoseProbe.bmp'
336.9803 	EXP 	Target: autoDraw = True
337.2939 	DATA 	Keypress: 5
337.4199 	DATA 	Keypress: 1
337.4559 	EXP 	Target: autoDraw = False
337.4559 	EXP 	Target: autoDraw = False
337.4559 	EXP 	feedbackMsg: text = 'You pressed too slow!\n\nYou lost $0.20!'
337.4559 	EXP 	feedbackMsg: autoDraw = True
338.0425 	DATA 	Keypress: 5
338.8353 	DATA 	Keypress: 5
338.9159 	EXP 	New trial (rep=0, index=49): OrderedDict([('Condition', 'SmallReward'), ('FixationDur', 2000)])
338.9563 	EXP 	feedbackMsg: autoDraw = False
338.9563 	EXP 	feedbackMsg: autoDraw = False
338.9563 	EXP 	cueImage: image = 'images/WinSmall.bmp'
338.9563 	EXP 	cueImage: autoDraw = True
339.6266 	DATA 	Keypress: 5
340.3783 	DATA 	Keypress: 5
340.9649 	EXP 	cueImage: autoDraw = False
340.9649 	EXP 	cueImage: autoDraw = False
340.9649 	EXP 	fixation: autoDraw = True
341.1713 	DATA 	Keypress: 5
341.9634 	DATA 	Keypress: 5
342.7120 	DATA 	Keypress: 5
342.9874 	EXP 	fixation: autoDraw = False
342.9874 	EXP 	fixation: autoDraw = False
342.9874 	EXP 	Target: image = 'images/WinProbe.bmp'
342.9874 	EXP 	Target: autoDraw = True
343.3775 	DATA 	Keypress: 1
343.4596 	EXP 	Target: autoDraw = False
343.4596 	EXP 	Target: autoDraw = False
343.4596 	EXP 	feedbackMsg: text = 'Correct Response!\n\nYou won $0.20!'
343.4596 	EXP 	feedbackMsg: autoDraw = True
343.5040 	DATA 	Keypress: 5
344.2953 	DATA 	Keypress: 5
344.9597 	EXP 	feedbackMsg: autoDraw = False
344.9597 	EXP 	feedbackMsg: autoDraw = False
344.9597 	EXP 	polygon: autoDraw = True
345.0452 	DATA 	Keypress: 5
345.8383 	DATA 	Keypress: 5
346.6303 	DATA 	Keypress: 5
347.3791 	DATA 	Keypress: 5
348.1705 	DATA 	Keypress: 5
348.9633 	DATA 	Keypress: 5
349.7135 	DATA 	Keypress: 5
349.9603 	EXP 	polygon: autoDraw = False
349.9603 	EXP 	polygon: autoDraw = False
349.9603 	EXP 	text: text = 'All done!\n\nYou earned a total of: $4.40!'
349.9603 	EXP 	text: autoDraw = True
350.5047 	DATA 	Keypress: 5
351.2960 	DATA 	Keypress: 5
352.0463 	DATA 	Keypress: 5
352.8402 	DATA 	Keypress: 5
352.9665 	EXP 	text: autoDraw = False
352.9665 	EXP 	text: autoDraw = False
352.9665 	EXP 	polygon2: autoDraw = True
353.6283 	DATA 	Keypress: 5
354.3786 	DATA 	Keypress: 5
365.7130 	DATA 	Keypress: 5
366.4640 	DATA 	Keypress: 5
367.2549 	DATA 	Keypress: 5
368.0484 	DATA 	Keypress: 5
375.5485 	DATA 	Keypress: escape
375.8732 	EXP 	window1: mouseVisible = True
