11.3011 	WARNING 	User requested fullscreen with size [1440  900], but screen is actually [1920, 1080]. Using actual size
12.3881 	EXP 	Created window1 = Window(allowGUI=False, allowStencil=False, args=UNKNOWN, autoLog=True, bitsMode=UNKNOWN, blendMode='avg', color=array([0., 0., 0.]), colorSpace='rgb', fullscr=<method-wrapper '__getattribute__' of attributeSetter object at 0x134007b70>, gamma=None, kwargs=UNKNOWN, lms=UNKNOWN, monitor=<psychopy.monitors.calibTools.Monitor object at 0x1340d2c50>, multiSample=False, name='window1', numSamples=2, pos=[0.0, 0.0], screen=0, size=array([3840, 2160]), stereo=False, units='height', useFBO=True, useRetina=True, viewOri=0.0, viewPos=None, viewScale=None, waitBlanking=True, winType='pyglet')
12.3881 	EXP 	window1: recordFrameIntervals = False
12.8041 	EXP 	window1: recordFrameIntervals = True
13.2626 	EXP 	window1: recordFrameIntervals = False
13.7166 	EXP 	Created preinstruct_text = TextStim(__class__=<class 'psychopy.visual.text.TextStim'>, alignHoriz='center', alignVert='center', antialias=True, autoLog=True, bold=False, color='white', colorSpace='named', contrast=1.0, depth=0.0, flipHoriz=False, flipVert=False, font='Arial', fontFiles=[], height=0.05, italic=False, languageStyle='LTR', name='preinstruct_text', opacity=1.0, ori=0, pos=array([0., 0.]), rgb=array([255., 255., 255.]), text='Money Task - Scanner 1', units='height', win=Window(...), wrapWidth=1)
13.7627 	EXP 	Created instructFig = ImageStim(__class__=<class 'psychopy.visual.image.ImageStim'>, autoLog=True, color=array([1., 1., 1.]), colorSpace='rgb', contrast=1.0, depth=0.0, flipHoriz=False, flipVert=False, image='images/MID_instructions.bmp', interpolate=True, mask=None, maskParams=None, name='instructFig', opacity=1.0, ori=0.0, pos=array([0., 0.]), size=array([1.3, 1. ]), texRes=128, units='height', win=Window(...))
13.7644 	EXP 	Created PrepFixation = ShapeStim(__class__=<class 'psychopy.visual.shape.ShapeStim'>, autoDraw=False, autoLog=True, closeShape=True, contrast=1.0, depth=0.0, fillColor=array([1., 1., 1.]), fillColorSpace='rgb', interpolate=True, lineColor=array([1., 1., 1.]), lineColorSpace='rgb', lineWidth=1, name='PrepFixation', opacity=1.0, ori=array(0.), pos=array([0., 0.]), size=array([0.05, 0.05]), units='height', vertices=ndarray(...), win=Window(...), windingRule=None)
13.7659 	EXP 	Created cueImage = ImageStim(__class__=<class 'psychopy.visual.image.ImageStim'>, autoLog=True, color=array([1., 1., 1.]), colorSpace='rgb', contrast=1.0, depth=0.0, flipHoriz=False, flipVert=False, image='sin', interpolate=True, mask=None, maskParams=None, name='cueImage', opacity=1.0, ori=0.0, pos=array([0., 0.]), size=array([1.3, 1. ]), texRes=128, units='height', win=Window(...))
13.7674 	EXP 	Created fixation = ShapeStim(__class__=<class 'psychopy.visual.shape.ShapeStim'>, autoDraw=False, autoLog=True, closeShape=True, contrast=1.0, depth=-1.0, fillColor=array([1., 1., 1.]), fillColorSpace='rgb', interpolate=True, lineColor=array([1., 1., 1.]), lineColorSpace='rgb', lineWidth=1, name='fixation', opacity=1.0, ori=array(0.), pos=array([0., 0.]), size=array([0.05, 0.05]), units='height', vertices=ndarray(...), win=Window(...), windingRule=None)
13.7690 	EXP 	Created Target = ImageStim(__class__=<class 'psychopy.visual.image.ImageStim'>, autoLog=True, color=array([1., 1., 1.]), colorSpace='rgb', contrast=1.0, depth=-1.0, flipHoriz=False, flipVert=False, image='sin', interpolate=True, mask=None, maskParams=None, name='Target', opacity=1.0, ori=0.0, pos=array([0., 0.]), size=array([1.3, 1. ]), texRes=128, units='height', win=Window(...))
13.7785 	EXP 	Created feedbackMsg = TextStim(__class__=<class 'psychopy.visual.text.TextStim'>, alignHoriz='center', alignVert='center', antialias=True, autoLog=True, bold=False, color='white', colorSpace='named', contrast=1.0, depth=-2.0, flipHoriz=False, flipVert=False, font='Arial', fontFiles=[], height=0.05, italic=False, languageStyle='LTR', name='feedbackMsg', opacity=1.0, ori=0, pos=array([0., 0.]), rgb=array([255., 255., 255.]), text='default text', units='height', win=Window(...), wrapWidth=2)
13.7801 	EXP 	Created polygon = ShapeStim(__class__=<class 'psychopy.visual.shape.ShapeStim'>, autoDraw=False, autoLog=True, closeShape=True, contrast=1.0, depth=0.0, fillColor=array([1., 1., 1.]), fillColorSpace='rgb', interpolate=True, lineColor=array([1., 1., 1.]), lineColorSpace='rgb', lineWidth=1, name='polygon', opacity=1.0, ori=array(0.), pos=array([0., 0.]), size=array([0.05, 0.05]), units='height', vertices=ndarray(...), win=Window(...), windingRule=None)
13.7874 	EXP 	Created text = TextStim(__class__=<class 'psychopy.visual.text.TextStim'>, alignHoriz='center', alignVert='center', antialias=True, autoLog=True, bold=False, color='white', colorSpace='named', contrast=1.0, depth=-1.0, flipHoriz=False, flipVert=False, font='Arial', fontFiles=[], height=0.07, italic=False, languageStyle='LTR', name='text', opacity=1.0, ori=0, pos=array([0., 0.]), rgb=array([255., 255., 255.]), text='default text', units='height', win=Window(...), wrapWidth=1)
13.7892 	EXP 	Created polygon2 = ShapeStim(__class__=<class 'psychopy.visual.shape.ShapeStim'>, autoDraw=False, autoLog=True, closeShape=True, contrast=1.0, depth=0.0, fillColor=array([1., 1., 1.]), fillColorSpace='rgb', interpolate=True, lineColor=array([1., 1., 1.]), lineColorSpace='rgb', lineWidth=1, name='polygon2', opacity=1.0, ori=array(0.), pos=array([0., 0.]), size=array([0.05, 0.05]), units='height', vertices=ndarray(...), win=Window(...), windingRule=None)
13.8038 	EXP 	preinstruct_text: autoDraw = True
15.8640 	EXP 	preinstruct_text: autoDraw = False
15.8640 	EXP 	instructFig: autoDraw = True
28.4059 	DATA 	Keypress: 5
28.4327 	EXP 	instructFig: autoDraw = False
28.4327 	EXP 	PrepFixation: autoDraw = True
29.1878 	DATA 	Keypress: 5
29.9364 	DATA 	Keypress: 5
30.3992 	EXP 	Imported TimeVersion11.csv as conditions, 50 conditions, 2 params
30.3996 	EXP 	Created sequence: sequential, trialTypes=50, nReps=1, seed=None
30.4000 	EXP 	New trial (rep=0, index=0): OrderedDict([('Condition', 'SmallPun'), ('FixationDur', 1500)])
30.4298 	EXP 	PrepFixation: autoDraw = False
30.4298 	EXP 	cueImage: image = 'images/LoseSmall.bmp'
30.4298 	EXP 	cueImage: autoDraw = True
30.7254 	DATA 	Keypress: 5
30.8916 	DATA 	Keypress: 1
31.5185 	DATA 	Keypress: 5
32.2677 	DATA 	Keypress: 5
32.4495 	EXP 	cueImage: autoDraw = False
32.4495 	EXP 	cueImage: autoDraw = False
32.4495 	EXP 	fixation: autoDraw = True
33.0630 	DATA 	Keypress: 5
33.8528 	DATA 	Keypress: 5
33.9539 	EXP 	fixation: autoDraw = False
33.9539 	EXP 	fixation: autoDraw = False
33.9539 	EXP 	Target: image = 'images/LoseProbe.bmp'
33.9539 	EXP 	Target: autoDraw = True
34.3471 	EXP 	Target: autoDraw = False
34.3471 	EXP 	Target: autoDraw = False
34.3471 	EXP 	feedbackMsg: text = 'You pressed too slow!\n\nYou lost $0.20!'
34.3471 	EXP 	feedbackMsg: autoDraw = True
34.4767 	DATA 	Keypress: 1
34.6022 	DATA 	Keypress: 5
35.3965 	DATA 	Keypress: 5
35.8497 	EXP 	New trial (rep=0, index=1): OrderedDict([('Condition', 'LgPun'), ('FixationDur', 1500)])
35.8886 	EXP 	feedbackMsg: autoDraw = False
35.8886 	EXP 	feedbackMsg: autoDraw = False
35.8886 	EXP 	cueImage: image = 'images/LoseBig.bmp'
35.8886 	EXP 	cueImage: autoDraw = True
36.1841 	DATA 	Keypress: 5
36.9325 	DATA 	Keypress: 5
37.7257 	DATA 	Keypress: 5
37.9012 	EXP 	cueImage: autoDraw = False
37.9012 	EXP 	cueImage: autoDraw = False
37.9012 	EXP 	fixation: autoDraw = True
38.5206 	DATA 	Keypress: 5
39.2694 	DATA 	Keypress: 5
39.4075 	EXP 	fixation: autoDraw = False
39.4075 	EXP 	fixation: autoDraw = False
39.4075 	EXP 	Target: image = 'images/LoseProbe.bmp'
39.4075 	EXP 	Target: autoDraw = True
39.7257 	DATA 	Keypress: 1
39.8049 	EXP 	Target: autoDraw = False
39.8049 	EXP 	Target: autoDraw = False
39.8049 	EXP 	feedbackMsg: text = 'Correct Response!\n\nYou did not lose $5.00!'
39.8049 	EXP 	feedbackMsg: autoDraw = True
40.0586 	DATA 	Keypress: 5
40.8518 	DATA 	Keypress: 5
41.3064 	EXP 	New trial (rep=0, index=2): OrderedDict([('Condition', 'Triangle'), ('FixationDur', 3500)])
41.3470 	EXP 	feedbackMsg: autoDraw = False
41.3470 	EXP 	feedbackMsg: autoDraw = False
41.3470 	EXP 	cueImage: image = 'images/Neutral.bmp'
41.3470 	EXP 	cueImage: autoDraw = True
41.6001 	DATA 	Keypress: 5
42.3923 	DATA 	Keypress: 5
43.1858 	DATA 	Keypress: 5
43.3679 	EXP 	cueImage: autoDraw = False
43.3679 	EXP 	fixation: autoDraw = True
43.9361 	DATA 	Keypress: 5
44.7270 	DATA 	Keypress: 5
45.5215 	DATA 	Keypress: 5
46.2718 	DATA 	Keypress: 5
46.8681 	EXP 	fixation: autoDraw = False
46.8681 	EXP 	fixation: autoDraw = False
46.8681 	EXP 	Target: image = 'images/NeutralProbe.bmp'
46.8681 	EXP 	Target: autoDraw = True
47.0596 	DATA 	Keypress: 5
47.2394 	DATA 	Keypress: 1
47.2634 	EXP 	Target: autoDraw = False
47.2634 	EXP 	Target: autoDraw = False
47.2634 	EXP 	feedbackMsg: text = 'You pressed too slow!\n\nYou did not win or lose anything!'
47.2634 	EXP 	feedbackMsg: autoDraw = True
47.8510 	DATA 	Keypress: 5
48.5999 	DATA 	Keypress: 5
48.7653 	EXP 	New trial (rep=0, index=3): OrderedDict([('Condition', 'Triangle'), ('FixationDur', 1500)])
48.8055 	EXP 	feedbackMsg: autoDraw = False
48.8055 	EXP 	feedbackMsg: autoDraw = False
48.8055 	EXP 	cueImage: image = 'images/Neutral.bmp'
48.8055 	EXP 	cueImage: autoDraw = True
49.3929 	DATA 	Keypress: 5
50.1826 	DATA 	Keypress: 5
50.8193 	EXP 	cueImage: autoDraw = False
50.8193 	EXP 	fixation: autoDraw = True
50.9374 	DATA 	Keypress: 5
51.7283 	DATA 	Keypress: 5
52.3248 	EXP 	fixation: autoDraw = False
52.3248 	EXP 	fixation: autoDraw = False
52.3248 	EXP 	Target: image = 'images/NeutralProbe.bmp'
52.3248 	EXP 	Target: autoDraw = True
52.5181 	DATA 	Keypress: 5
52.7213 	EXP 	Target: autoDraw = False
52.7213 	EXP 	Target: autoDraw = False
52.7213 	EXP 	feedbackMsg: text = 'You pressed too slow!\n\nYou did not win or lose anything!'
52.7213 	EXP 	feedbackMsg: autoDraw = True
52.7263 	DATA 	Keypress: 1
53.2669 	DATA 	Keypress: 5
54.0601 	DATA 	Keypress: 5
54.2238 	EXP 	New trial (rep=0, index=4): OrderedDict([('Condition', 'LgReward'), ('FixationDur', 3500)])
54.2628 	EXP 	feedbackMsg: autoDraw = False
54.2628 	EXP 	feedbackMsg: autoDraw = False
54.2628 	EXP 	cueImage: image = 'images/WinBig.bmp'
54.2628 	EXP 	cueImage: autoDraw = True
54.8509 	DATA 	Keypress: 5
55.6015 	DATA 	Keypress: 5
56.2725 	EXP 	cueImage: autoDraw = False
56.2725 	EXP 	fixation: autoDraw = True
56.3963 	DATA 	Keypress: 5
57.1875 	DATA 	Keypress: 5
57.9368 	DATA 	Keypress: 5
58.7286 	DATA 	Keypress: 5
59.5215 	DATA 	Keypress: 5
59.7928 	EXP 	fixation: autoDraw = False
59.7928 	EXP 	fixation: autoDraw = False
59.7928 	EXP 	Target: image = 'images/WinProbe.bmp'
59.7928 	EXP 	Target: autoDraw = True
60.1610 	DATA 	Keypress: 1
60.1815 	EXP 	Target: autoDraw = False
60.1815 	EXP 	Target: autoDraw = False
60.1815 	EXP 	feedbackMsg: text = 'You pressed too slow!\n\nYou did not win $5.00!'
60.1815 	EXP 	feedbackMsg: autoDraw = True
60.2692 	DATA 	Keypress: 5
61.0617 	DATA 	Keypress: 5
61.6832 	EXP 	New trial (rep=0, index=5): OrderedDict([('Condition', 'SmallReward'), ('FixationDur', 3000)])
61.7226 	EXP 	feedbackMsg: autoDraw = False
61.7226 	EXP 	feedbackMsg: autoDraw = False
61.7226 	EXP 	cueImage: image = 'images/WinSmall.bmp'
61.7226 	EXP 	cueImage: autoDraw = True
61.8529 	DATA 	Keypress: 5
62.6019 	DATA 	Keypress: 5
63.3935 	DATA 	Keypress: 5
63.7369 	EXP 	cueImage: autoDraw = False
63.7369 	EXP 	cueImage: autoDraw = False
63.7369 	EXP 	fixation: autoDraw = True
64.1831 	DATA 	Keypress: 5
64.9776 	DATA 	Keypress: 5
65.7275 	DATA 	Keypress: 5
66.5167 	DATA 	Keypress: 5
66.7522 	EXP 	fixation: autoDraw = False
66.7522 	EXP 	fixation: autoDraw = False
66.7522 	EXP 	Target: image = 'images/WinProbe.bmp'
66.7522 	EXP 	Target: autoDraw = True
67.1537 	DATA 	Keypress: 1
67.1846 	EXP 	Target: autoDraw = False
67.1846 	EXP 	Target: autoDraw = False
67.1846 	EXP 	feedbackMsg: text = 'You pressed too slow!\n\nYou did not win $0.20!'
67.1846 	EXP 	feedbackMsg: autoDraw = True
67.2694 	DATA 	Keypress: 5
68.0641 	DATA 	Keypress: 5
68.6427 	EXP 	New trial (rep=0, index=6): OrderedDict([('Condition', 'SmallPun'), ('FixationDur', 1500)])
68.6813 	EXP 	feedbackMsg: autoDraw = False
68.6813 	EXP 	feedbackMsg: autoDraw = False
68.6813 	EXP 	cueImage: image = 'images/LoseSmall.bmp'
68.6813 	EXP 	cueImage: autoDraw = True
68.8515 	DATA 	Keypress: 5
69.6455 	DATA 	Keypress: 5
70.3943 	DATA 	Keypress: 5
70.6901 	EXP 	cueImage: autoDraw = False
70.6901 	EXP 	cueImage: autoDraw = False
70.6901 	EXP 	fixation: autoDraw = True
71.1892 	DATA 	Keypress: 5
71.9799 	DATA 	Keypress: 5
72.1979 	EXP 	fixation: autoDraw = False
72.1979 	EXP 	fixation: autoDraw = False
72.1979 	EXP 	Target: image = 'images/LoseProbe.bmp'
72.1979 	EXP 	Target: autoDraw = True
72.5192 	DATA 	Keypress: 1
72.6433 	EXP 	Target: autoDraw = False
72.6433 	EXP 	Target: autoDraw = False
72.6433 	EXP 	feedbackMsg: text = 'Correct Response!\n\nYou did not lose $0.20!'
72.6433 	EXP 	feedbackMsg: autoDraw = True
72.7286 	DATA 	Keypress: 5
73.5229 	DATA 	Keypress: 5
74.1013 	EXP 	New trial (rep=0, index=7): OrderedDict([('Condition', 'SmallReward'), ('FixationDur', 1500)])
74.1397 	EXP 	feedbackMsg: autoDraw = False
74.1397 	EXP 	feedbackMsg: autoDraw = False
74.1397 	EXP 	cueImage: image = 'images/WinSmall.bmp'
74.1397 	EXP 	cueImage: autoDraw = True
74.3100 	DATA 	Keypress: 5
75.0598 	DATA 	Keypress: 5
75.8535 	DATA 	Keypress: 5
76.1557 	EXP 	cueImage: autoDraw = False
76.1557 	EXP 	cueImage: autoDraw = False
76.1557 	EXP 	fixation: autoDraw = True
76.6480 	DATA 	Keypress: 5
77.3972 	DATA 	Keypress: 5
77.6726 	EXP 	fixation: autoDraw = False
77.6726 	EXP 	fixation: autoDraw = False
77.6726 	EXP 	Target: image = 'images/WinProbe.bmp'
77.6726 	EXP 	Target: autoDraw = True
77.9767 	DATA 	Keypress: 1
78.0982 	EXP 	Target: autoDraw = False
78.0982 	EXP 	Target: autoDraw = False
78.0982 	EXP 	feedbackMsg: text = 'Correct Response!\n\nYou won $0.20!'
78.0982 	EXP 	feedbackMsg: autoDraw = True
78.1863 	DATA 	Keypress: 5
78.9777 	DATA 	Keypress: 5
79.6001 	EXP 	New trial (rep=0, index=8): OrderedDict([('Condition', 'LgReward'), ('FixationDur', 3000)])
79.6403 	EXP 	feedbackMsg: autoDraw = False
79.6403 	EXP 	feedbackMsg: autoDraw = False
79.6403 	EXP 	cueImage: image = 'images/WinBig.bmp'
79.6403 	EXP 	cueImage: autoDraw = True
79.7253 	DATA 	Keypress: 5
80.5181 	DATA 	Keypress: 5
81.3124 	DATA 	Keypress: 5
81.6560 	EXP 	cueImage: autoDraw = False
81.6560 	EXP 	fixation: autoDraw = True
82.0622 	DATA 	Keypress: 5
82.8536 	DATA 	Keypress: 5
83.6483 	DATA 	Keypress: 5
84.3965 	DATA 	Keypress: 5
84.6721 	EXP 	fixation: autoDraw = False
84.6721 	EXP 	fixation: autoDraw = False
84.6721 	EXP 	Target: image = 'images/WinProbe.bmp'
84.6721 	EXP 	Target: autoDraw = True
85.0199 	DATA 	Keypress: 1
85.1404 	EXP 	Target: autoDraw = False
85.1404 	EXP 	Target: autoDraw = False
85.1404 	EXP 	feedbackMsg: text = 'Correct Response!\n\nYou won $5.00!'
85.1404 	EXP 	feedbackMsg: autoDraw = True
85.1850 	DATA 	Keypress: 5
85.9767 	DATA 	Keypress: 5
86.6004 	EXP 	New trial (rep=0, index=9): OrderedDict([('Condition', 'LgPun'), ('FixationDur', 1500)])
86.6406 	EXP 	feedbackMsg: autoDraw = False
86.6406 	EXP 	feedbackMsg: autoDraw = False
86.6406 	EXP 	cueImage: image = 'images/LoseBig.bmp'
86.6406 	EXP 	cueImage: autoDraw = True
86.7261 	DATA 	Keypress: 5
87.5181 	DATA 	Keypress: 5
88.3128 	DATA 	Keypress: 5
88.6461 	EXP 	cueImage: autoDraw = False
88.6461 	EXP 	cueImage: autoDraw = False
88.6461 	EXP 	fixation: autoDraw = True
89.0625 	DATA 	Keypress: 5
89.8567 	DATA 	Keypress: 5
90.1584 	EXP 	fixation: autoDraw = False
90.1584 	EXP 	fixation: autoDraw = False
90.1584 	EXP 	Target: image = 'images/LoseProbe.bmp'
90.1584 	EXP 	Target: autoDraw = True
90.4773 	DATA 	Keypress: 1
90.6135 	DATA 	Keypress: 5
90.6407 	EXP 	Target: autoDraw = False
90.6407 	EXP 	Target: autoDraw = False
90.6407 	EXP 	feedbackMsg: text = 'Correct Response!\n\nYou did not lose $5.00!'
90.6407 	EXP 	feedbackMsg: autoDraw = True
91.3943 	DATA 	Keypress: 5
92.0999 	EXP 	New trial (rep=0, index=10): OrderedDict([('Condition', 'SmallReward'), ('FixationDur', 2000)])
92.1406 	EXP 	feedbackMsg: autoDraw = False
92.1406 	EXP 	feedbackMsg: autoDraw = False
92.1406 	EXP 	cueImage: image = 'images/WinSmall.bmp'
92.1406 	EXP 	cueImage: autoDraw = True
92.1847 	DATA 	Keypress: 5
92.9771 	DATA 	Keypress: 5
93.7278 	DATA 	Keypress: 5
94.1580 	EXP 	cueImage: autoDraw = False
94.1580 	EXP 	fixation: autoDraw = True
94.5223 	DATA 	Keypress: 5
95.3142 	DATA 	Keypress: 5
96.0642 	DATA 	Keypress: 5
96.1751 	EXP 	fixation: autoDraw = False
96.1751 	EXP 	fixation: autoDraw = False
96.1751 	EXP 	Target: image = 'images/WinProbe.bmp'
96.1751 	EXP 	Target: autoDraw = True
96.5204 	DATA 	Keypress: 1
96.6410 	EXP 	Target: autoDraw = False
96.6410 	EXP 	Target: autoDraw = False
96.6410 	EXP 	feedbackMsg: text = 'Correct Response!\n\nYou won $0.20!'
96.6410 	EXP 	feedbackMsg: autoDraw = True
96.8535 	DATA 	Keypress: 5
97.6432 	DATA 	Keypress: 5
98.1011 	EXP 	New trial (rep=0, index=11): OrderedDict([('Condition', 'LgReward'), ('FixationDur', 2000)])
98.1409 	EXP 	feedbackMsg: autoDraw = False
98.1409 	EXP 	feedbackMsg: autoDraw = False
98.1409 	EXP 	cueImage: image = 'images/WinBig.bmp'
98.1409 	EXP 	cueImage: autoDraw = True
98.3933 	DATA 	Keypress: 5
99.1861 	DATA 	Keypress: 5
99.9793 	DATA 	Keypress: 5
100.1590 	EXP 	cueImage: autoDraw = False
100.1590 	EXP 	fixation: autoDraw = True
100.7305 	DATA 	Keypress: 5
101.5225 	DATA 	Keypress: 5
102.1749 	EXP 	fixation: autoDraw = False
102.1749 	EXP 	fixation: autoDraw = False
102.1749 	EXP 	Target: image = 'images/WinProbe.bmp'
102.1749 	EXP 	Target: autoDraw = True
102.3114 	DATA 	Keypress: 5
102.5214 	DATA 	Keypress: 1
102.6001 	EXP 	Target: autoDraw = False
102.6001 	EXP 	Target: autoDraw = False
102.6001 	EXP 	feedbackMsg: text = 'Correct Response!\n\nYou won $5.00!'
102.6001 	EXP 	feedbackMsg: autoDraw = True
103.0632 	DATA 	Keypress: 5
103.8548 	DATA 	Keypress: 5
104.1027 	EXP 	New trial (rep=0, index=12): OrderedDict([('Condition', 'Triangle'), ('FixationDur', 2500)])
104.1412 	EXP 	feedbackMsg: autoDraw = False
104.1412 	EXP 	feedbackMsg: autoDraw = False
104.1412 	EXP 	cueImage: image = 'images/Neutral.bmp'
104.1412 	EXP 	cueImage: autoDraw = True
104.6444 	DATA 	Keypress: 5
105.3942 	DATA 	Keypress: 5
106.1590 	EXP 	cueImage: autoDraw = False
106.1590 	EXP 	cueImage: autoDraw = False
106.1590 	EXP 	fixation: autoDraw = True
106.1887 	DATA 	Keypress: 5
106.9805 	DATA 	Keypress: 5
107.7295 	DATA 	Keypress: 5
108.5239 	DATA 	Keypress: 5
108.6594 	EXP 	fixation: autoDraw = False
108.6594 	EXP 	fixation: autoDraw = False
108.6594 	EXP 	Target: image = 'images/NeutralProbe.bmp'
108.6594 	EXP 	Target: autoDraw = True
108.9379 	DATA 	Keypress: 1
109.0998 	EXP 	Target: autoDraw = False
109.0998 	EXP 	Target: autoDraw = False
109.0998 	EXP 	feedbackMsg: text = 'Correct Response!\n\nYou did not win or lose anything!'
109.0998 	EXP 	feedbackMsg: autoDraw = True
109.3109 	DATA 	Keypress: 5
110.0618 	DATA 	Keypress: 5
110.6015 	EXP 	New trial (rep=0, index=13): OrderedDict([('Condition', 'LgReward'), ('FixationDur', 1500)])
110.6414 	EXP 	feedbackMsg: autoDraw = False
110.6414 	EXP 	feedbackMsg: autoDraw = False
110.6414 	EXP 	cueImage: image = 'images/WinBig.bmp'
110.6414 	EXP 	cueImage: autoDraw = True
110.8541 	DATA 	Keypress: 5
111.6449 	DATA 	Keypress: 5
112.4373 	DATA 	Keypress: 5
112.6599 	EXP 	cueImage: autoDraw = False
112.6599 	EXP 	cueImage: autoDraw = False
112.6599 	EXP 	fixation: autoDraw = True
113.1904 	DATA 	Keypress: 5
113.9797 	DATA 	Keypress: 5
114.1768 	EXP 	fixation: autoDraw = False
114.1768 	EXP 	fixation: autoDraw = False
114.1768 	EXP 	Target: image = 'images/WinProbe.bmp'
114.1768 	EXP 	Target: autoDraw = True
114.5212 	DATA 	Keypress: 1
114.5996 	EXP 	Target: autoDraw = False
114.5996 	EXP 	Target: autoDraw = False
114.5996 	EXP 	feedbackMsg: text = 'Correct Response!\n\nYou won $5.00!'
114.5996 	EXP 	feedbackMsg: autoDraw = True
114.7700 	DATA 	Keypress: 5
115.5203 	DATA 	Keypress: 5
116.1019 	EXP 	New trial (rep=0, index=14): OrderedDict([('Condition', 'LgPun'), ('FixationDur', 2500)])
116.1419 	EXP 	feedbackMsg: autoDraw = False
116.1419 	EXP 	feedbackMsg: autoDraw = False
116.1419 	EXP 	cueImage: image = 'images/LoseBig.bmp'
116.1419 	EXP 	cueImage: autoDraw = True
116.3102 	DATA 	Keypress: 5
117.1047 	DATA 	Keypress: 5
117.8555 	DATA 	Keypress: 5
118.1608 	EXP 	cueImage: autoDraw = False
118.1608 	EXP 	fixation: autoDraw = True
118.6499 	DATA 	Keypress: 5
119.3984 	DATA 	Keypress: 5
120.1909 	DATA 	Keypress: 5
120.6615 	EXP 	fixation: autoDraw = False
120.6615 	EXP 	fixation: autoDraw = False
120.6615 	EXP 	Target: image = 'images/LoseProbe.bmp'
120.6615 	EXP 	Target: autoDraw = True
120.9792 	DATA 	Keypress: 1
120.9816 	DATA 	Keypress: 5
121.1001 	EXP 	Target: autoDraw = False
121.1001 	EXP 	Target: autoDraw = False
121.1001 	EXP 	feedbackMsg: text = 'Correct Response!\n\nYou did not lose $5.00!'
121.1001 	EXP 	feedbackMsg: autoDraw = True
121.7715 	DATA 	Keypress: 5
122.5191 	DATA 	Keypress: 5
122.6004 	EXP 	New trial (rep=0, index=15): OrderedDict([('Condition', 'SmallReward'), ('FixationDur', 1500)])
122.6415 	EXP 	feedbackMsg: autoDraw = False
122.6415 	EXP 	feedbackMsg: autoDraw = False
122.6415 	EXP 	cueImage: image = 'images/WinSmall.bmp'
122.6415 	EXP 	cueImage: autoDraw = True
123.3125 	DATA 	Keypress: 5
124.1048 	DATA 	Keypress: 5
124.6616 	EXP 	cueImage: autoDraw = False
124.6616 	EXP 	fixation: autoDraw = True
124.8553 	DATA 	Keypress: 5
125.6501 	DATA 	Keypress: 5
126.1779 	EXP 	fixation: autoDraw = False
126.1779 	EXP 	fixation: autoDraw = False
126.1779 	EXP 	Target: image = 'images/WinProbe.bmp'
126.1779 	EXP 	Target: autoDraw = True
126.4385 	DATA 	Keypress: 5
126.5336 	DATA 	Keypress: 1
126.5586 	EXP 	Target: autoDraw = False
126.5586 	EXP 	Target: autoDraw = False
126.5586 	EXP 	feedbackMsg: text = 'You pressed too slow!\n\nYou did not win $0.20!'
126.5586 	EXP 	feedbackMsg: autoDraw = True
127.1877 	DATA 	Keypress: 5
127.9797 	DATA 	Keypress: 5
128.1020 	EXP 	New trial (rep=0, index=16): OrderedDict([('Condition', 'LgReward'), ('FixationDur', 1500)])
128.1424 	EXP 	feedbackMsg: autoDraw = False
128.1424 	EXP 	feedbackMsg: autoDraw = False
128.1424 	EXP 	cueImage: image = 'images/WinBig.bmp'
128.1424 	EXP 	cueImage: autoDraw = True
128.7718 	DATA 	Keypress: 5
129.5202 	DATA 	Keypress: 5
130.1631 	EXP 	cueImage: autoDraw = False
130.1631 	EXP 	fixation: autoDraw = True
130.3169 	DATA 	Keypress: 5
131.1081 	DATA 	Keypress: 5
131.6784 	EXP 	fixation: autoDraw = False
131.6784 	EXP 	fixation: autoDraw = False
131.6784 	EXP 	Target: image = 'images/WinProbe.bmp'
131.6784 	EXP 	Target: autoDraw = True
131.8542 	DATA 	Keypress: 5
131.9791 	DATA 	Keypress: 1
132.0587 	EXP 	Target: autoDraw = False
132.0587 	EXP 	Target: autoDraw = False
132.0587 	EXP 	feedbackMsg: text = 'Correct Response!\n\nYou won $5.00!'
132.0587 	EXP 	feedbackMsg: autoDraw = True
132.6451 	DATA 	Keypress: 5
133.4388 	DATA 	Keypress: 5
133.6025 	EXP 	New trial (rep=0, index=17): OrderedDict([('Condition', 'SmallPun'), ('FixationDur', 3500)])
133.6423 	EXP 	feedbackMsg: autoDraw = False
133.6423 	EXP 	feedbackMsg: autoDraw = False
133.6423 	EXP 	cueImage: image = 'images/LoseSmall.bmp'
133.6423 	EXP 	cueImage: autoDraw = True
134.1867 	DATA 	Keypress: 5
134.9798 	DATA 	Keypress: 5
135.6635 	EXP 	cueImage: autoDraw = False
135.6635 	EXP 	fixation: autoDraw = True
135.7754 	DATA 	Keypress: 5
136.5249 	DATA 	Keypress: 5
137.3162 	DATA 	Keypress: 5
138.1076 	DATA 	Keypress: 5
138.8566 	DATA 	Keypress: 5
139.1638 	EXP 	fixation: autoDraw = False
139.1638 	EXP 	fixation: autoDraw = False
139.1638 	EXP 	Target: image = 'images/LoseProbe.bmp'
139.1638 	EXP 	Target: autoDraw = True
139.4793 	DATA 	Keypress: 1
139.5593 	EXP 	Target: autoDraw = False
139.5593 	EXP 	Target: autoDraw = False
139.5593 	EXP 	feedbackMsg: text = 'Correct Response!\n\nYou did not lose $0.20!'
139.5593 	EXP 	feedbackMsg: autoDraw = True
139.6462 	DATA 	Keypress: 5
140.4387 	DATA 	Keypress: 5
141.1033 	EXP 	New trial (rep=0, index=18): OrderedDict([('Condition', 'LgPun'), ('FixationDur', 1500)])
141.1429 	EXP 	feedbackMsg: autoDraw = False
141.1429 	EXP 	feedbackMsg: autoDraw = False
141.1429 	EXP 	cueImage: image = 'images/LoseBig.bmp'
141.1429 	EXP 	cueImage: autoDraw = True
141.1880 	DATA 	Keypress: 5
141.9803 	DATA 	Keypress: 5
142.7733 	DATA 	Keypress: 5
143.1497 	EXP 	cueImage: autoDraw = False
143.1497 	EXP 	cueImage: autoDraw = False
143.1497 	EXP 	fixation: autoDraw = True
143.5253 	DATA 	Keypress: 5
144.3150 	DATA 	Keypress: 5
144.6642 	EXP 	fixation: autoDraw = False
144.6642 	EXP 	fixation: autoDraw = False
144.6642 	EXP 	Target: image = 'images/LoseProbe.bmp'
144.6642 	EXP 	Target: autoDraw = True
145.0178 	EXP 	Target: autoDraw = False
145.0178 	EXP 	Target: autoDraw = False
145.0178 	EXP 	feedbackMsg: text = 'You pressed too slow!\n\nYou lost $5.00!'
145.0178 	EXP 	feedbackMsg: autoDraw = True
145.1052 	DATA 	Keypress: 5
145.1892 	DATA 	Keypress: 1
145.8547 	DATA 	Keypress: 5
146.6030 	EXP 	New trial (rep=0, index=19): OrderedDict([('Condition', 'LgPun'), ('FixationDur', 3500)])
146.6426 	EXP 	feedbackMsg: autoDraw = False
146.6426 	EXP 	feedbackMsg: autoDraw = False
146.6426 	EXP 	cueImage: image = 'images/LoseBig.bmp'
146.6426 	EXP 	cueImage: autoDraw = True
146.6461 	DATA 	Keypress: 5
147.4389 	DATA 	Keypress: 5
148.1918 	DATA 	Keypress: 5
148.6492 	EXP 	cueImage: autoDraw = False
148.6492 	EXP 	cueImage: autoDraw = False
148.6492 	EXP 	fixation: autoDraw = True
148.9838 	DATA 	Keypress: 5
149.7750 	DATA 	Keypress: 5
150.5241 	DATA 	Keypress: 5
151.3159 	DATA 	Keypress: 5
152.1471 	DATA 	Keypress: 5
152.1651 	EXP 	fixation: autoDraw = False
152.1651 	EXP 	fixation: autoDraw = False
152.1651 	EXP 	Target: image = 'images/LoseProbe.bmp'
152.1651 	EXP 	Target: autoDraw = True
152.5182 	EXP 	Target: autoDraw = False
152.5182 	EXP 	Target: autoDraw = False
152.5182 	EXP 	feedbackMsg: text = 'You pressed too slow!\n\nYou lost $5.00!'
152.5182 	EXP 	feedbackMsg: autoDraw = True
152.5225 	DATA 	Keypress: 1
152.8547 	DATA 	Keypress: 5
153.6475 	DATA 	Keypress: 5
154.1035 	EXP 	New trial (rep=0, index=20): OrderedDict([('Condition', 'SmallReward'), ('FixationDur', 2500)])
154.1433 	EXP 	feedbackMsg: autoDraw = False
154.1433 	EXP 	feedbackMsg: autoDraw = False
154.1433 	EXP 	cueImage: image = 'images/WinSmall.bmp'
154.1433 	EXP 	cueImage: autoDraw = True
154.4383 	DATA 	Keypress: 5
155.1880 	DATA 	Keypress: 5
155.9813 	DATA 	Keypress: 5
156.1510 	EXP 	cueImage: autoDraw = False
156.1510 	EXP 	cueImage: autoDraw = False
156.1510 	EXP 	fixation: autoDraw = True
156.7755 	DATA 	Keypress: 5
157.5255 	DATA 	Keypress: 5
158.3164 	DATA 	Keypress: 5
158.6684 	EXP 	fixation: autoDraw = False
158.6684 	EXP 	fixation: autoDraw = False
158.6684 	EXP 	Target: image = 'images/WinProbe.bmp'
158.6684 	EXP 	Target: autoDraw = True
158.9930 	DATA 	Keypress: 1
159.0205 	EXP 	Target: autoDraw = False
159.0205 	EXP 	Target: autoDraw = False
159.0205 	EXP 	feedbackMsg: text = 'You pressed too slow!\n\nYou did not win $0.20!'
159.0205 	EXP 	feedbackMsg: autoDraw = True
159.1077 	DATA 	Keypress: 5
159.8577 	DATA 	Keypress: 5
160.6062 	EXP 	New trial (rep=0, index=21): OrderedDict([('Condition', 'LgPun'), ('FixationDur', 2000)])
160.6439 	EXP 	feedbackMsg: autoDraw = False
160.6439 	EXP 	feedbackMsg: autoDraw = False
160.6439 	EXP 	cueImage: image = 'images/LoseBig.bmp'
160.6439 	EXP 	cueImage: autoDraw = True
160.6470 	DATA 	Keypress: 5
161.4391 	DATA 	Keypress: 5
162.2312 	DATA 	Keypress: 5
162.6485 	EXP 	cueImage: autoDraw = False
162.6485 	EXP 	cueImage: autoDraw = False
162.6485 	EXP 	fixation: autoDraw = True
162.9808 	DATA 	Keypress: 5
163.7763 	DATA 	Keypress: 5
164.5257 	DATA 	Keypress: 5
164.6672 	EXP 	fixation: autoDraw = False
164.6672 	EXP 	fixation: autoDraw = False
164.6672 	EXP 	Target: image = 'images/LoseProbe.bmp'
164.6672 	EXP 	Target: autoDraw = True
165.0337 	DATA 	Keypress: 1
165.0595 	EXP 	Target: autoDraw = False
165.0595 	EXP 	Target: autoDraw = False
165.0595 	EXP 	feedbackMsg: text = 'You pressed too slow!\n\nYou lost $5.00!'
165.0595 	EXP 	feedbackMsg: autoDraw = True
165.3148 	DATA 	Keypress: 5
166.1055 	DATA 	Keypress: 5
166.6039 	EXP 	New trial (rep=0, index=22): OrderedDict([('Condition', 'Triangle'), ('FixationDur', 2000)])
166.6430 	EXP 	feedbackMsg: autoDraw = False
166.6430 	EXP 	feedbackMsg: autoDraw = False
166.6430 	EXP 	cueImage: image = 'images/Neutral.bmp'
166.6430 	EXP 	cueImage: autoDraw = True
166.8982 	DATA 	Keypress: 5
167.6469 	DATA 	Keypress: 5
168.4410 	DATA 	Keypress: 5
168.6516 	EXP 	cueImage: autoDraw = False
168.6516 	EXP 	cueImage: autoDraw = False
168.6516 	EXP 	fixation: autoDraw = True
169.2355 	DATA 	Keypress: 5
169.9847 	DATA 	Keypress: 5
170.6673 	EXP 	fixation: autoDraw = False
170.6673 	EXP 	fixation: autoDraw = False
170.6673 	EXP 	Target: image = 'images/NeutralProbe.bmp'
170.6673 	EXP 	Target: autoDraw = True
170.7732 	DATA 	Keypress: 5
171.0346 	DATA 	Keypress: 1
171.0606 	EXP 	Target: autoDraw = False
171.0606 	EXP 	Target: autoDraw = False
171.0606 	EXP 	feedbackMsg: text = 'You pressed too slow!\n\nYou did not win or lose anything!'
171.0606 	EXP 	feedbackMsg: autoDraw = True
171.5653 	DATA 	Keypress: 5
172.3136 	DATA 	Keypress: 5
172.6038 	EXP 	New trial (rep=0, index=23): OrderedDict([('Condition', 'LgPun'), ('FixationDur', 4000)])
172.6443 	EXP 	feedbackMsg: autoDraw = False
172.6443 	EXP 	feedbackMsg: autoDraw = False
172.6443 	EXP 	cueImage: image = 'images/LoseBig.bmp'
172.6443 	EXP 	cueImage: autoDraw = True
173.1050 	DATA 	Keypress: 5
173.8998 	DATA 	Keypress: 5
174.6408 	DATA 	Keypress: 5
174.6524 	EXP 	cueImage: autoDraw = False
174.6524 	EXP 	cueImage: autoDraw = False
174.6524 	EXP 	fixation: autoDraw = True
175.4414 	DATA 	Keypress: 5
176.2359 	DATA 	Keypress: 5
176.9854 	DATA 	Keypress: 5
177.7763 	DATA 	Keypress: 5
178.5675 	DATA 	Keypress: 5
178.6686 	EXP 	fixation: autoDraw = False
178.6686 	EXP 	fixation: autoDraw = False
178.6686 	EXP 	Target: image = 'images/LoseProbe.bmp'
178.6686 	EXP 	Target: autoDraw = True
179.0340 	DATA 	Keypress: 1
179.0613 	EXP 	Target: autoDraw = False
179.0613 	EXP 	Target: autoDraw = False
179.0613 	EXP 	feedbackMsg: text = 'You pressed too slow!\n\nYou lost $5.00!'
179.0613 	EXP 	feedbackMsg: autoDraw = True
179.3144 	DATA 	Keypress: 5
180.1066 	DATA 	Keypress: 5
180.6043 	EXP 	New trial (rep=0, index=24): OrderedDict([('Condition', 'LgPun'), ('FixationDur', 2000)])
180.6445 	EXP 	feedbackMsg: autoDraw = False
180.6445 	EXP 	feedbackMsg: autoDraw = False
180.6445 	EXP 	cueImage: image = 'images/LoseBig.bmp'
180.6445 	EXP 	cueImage: autoDraw = True
180.8989 	DATA 	Keypress: 5
181.6475 	DATA 	Keypress: 5
182.4408 	DATA 	Keypress: 5
182.6528 	EXP 	cueImage: autoDraw = False
182.6528 	EXP 	cueImage: autoDraw = False
182.6528 	EXP 	fixation: autoDraw = True
183.2363 	DATA 	Keypress: 5
183.9834 	DATA 	Keypress: 5
184.6691 	EXP 	fixation: autoDraw = False
184.6691 	EXP 	fixation: autoDraw = False
184.6691 	EXP 	Target: image = 'images/LoseProbe.bmp'
184.6691 	EXP 	Target: autoDraw = True
184.7728 	DATA 	Keypress: 5
184.9814 	DATA 	Keypress: 1
185.0618 	EXP 	Target: autoDraw = False
185.0618 	EXP 	Target: autoDraw = False
185.0618 	EXP 	feedbackMsg: text = 'Correct Response!\n\nYou did not lose $5.00!'
185.0618 	EXP 	feedbackMsg: autoDraw = True
185.5659 	DATA 	Keypress: 5
186.3142 	DATA 	Keypress: 5
186.6049 	EXP 	New trial (rep=0, index=25): OrderedDict([('Condition', 'SmallPun'), ('FixationDur', 1500)])
186.6446 	EXP 	feedbackMsg: autoDraw = False
186.6446 	EXP 	feedbackMsg: autoDraw = False
186.6446 	EXP 	cueImage: image = 'images/LoseSmall.bmp'
186.6446 	EXP 	cueImage: autoDraw = True
187.1064 	DATA 	Keypress: 5
187.9012 	DATA 	Keypress: 5
188.6453 	DATA 	Keypress: 5
188.6704 	EXP 	cueImage: autoDraw = False
188.6704 	EXP 	cueImage: autoDraw = False
188.6704 	EXP 	fixation: autoDraw = True
189.4427 	DATA 	Keypress: 5
190.1704 	EXP 	fixation: autoDraw = False
190.1704 	EXP 	fixation: autoDraw = False
190.1704 	EXP 	Target: image = 'images/LoseProbe.bmp'
190.1704 	EXP 	Target: autoDraw = True
190.2334 	DATA 	Keypress: 5
190.5243 	DATA 	Keypress: 1
190.6035 	EXP 	Target: autoDraw = False
190.6035 	EXP 	Target: autoDraw = False
190.6035 	EXP 	feedbackMsg: text = 'Correct Response!\n\nYou did not lose $0.20!'
190.6035 	EXP 	feedbackMsg: autoDraw = True
190.9826 	DATA 	Keypress: 5
191.7744 	DATA 	Keypress: 5
192.1051 	EXP 	New trial (rep=0, index=26): OrderedDict([('Condition', 'LgPun'), ('FixationDur', 3000)])
192.1450 	EXP 	feedbackMsg: autoDraw = False
192.1450 	EXP 	feedbackMsg: autoDraw = False
192.1450 	EXP 	cueImage: image = 'images/LoseBig.bmp'
192.1450 	EXP 	cueImage: autoDraw = True
192.5651 	DATA 	Keypress: 5
193.3173 	DATA 	Keypress: 5
194.1429 	DATA 	Keypress: 5
194.1546 	EXP 	cueImage: autoDraw = False
194.1546 	EXP 	cueImage: autoDraw = False
194.1546 	EXP 	fixation: autoDraw = True
194.5673 	DATA 	Keypress: 1
194.9021 	DATA 	Keypress: 5
195.6516 	DATA 	Keypress: 5
196.4422 	DATA 	Keypress: 5
197.1706 	EXP 	fixation: autoDraw = False
197.1706 	EXP 	fixation: autoDraw = False
197.1706 	EXP 	Target: image = 'images/LoseProbe.bmp'
197.1706 	EXP 	Target: autoDraw = True
197.2334 	DATA 	Keypress: 5
197.5250 	DATA 	Keypress: 1
197.6036 	EXP 	Target: autoDraw = False
197.6036 	EXP 	Target: autoDraw = False
197.6036 	EXP 	feedbackMsg: text = 'You pressed too soon!\n\nYou did not lose $5.00!'
197.6036 	EXP 	feedbackMsg: autoDraw = True
197.9827 	DATA 	Keypress: 5
198.7744 	DATA 	Keypress: 5
199.1054 	EXP 	New trial (rep=0, index=27): OrderedDict([('Condition', 'LgReward'), ('FixationDur', 2000)])
199.1455 	EXP 	feedbackMsg: autoDraw = False
199.1455 	EXP 	feedbackMsg: autoDraw = False
199.1455 	EXP 	cueImage: image = 'images/WinBig.bmp'
199.1455 	EXP 	cueImage: autoDraw = True
199.5662 	DATA 	Keypress: 5
200.3169 	DATA 	Keypress: 5
201.1418 	DATA 	Keypress: 5
201.1551 	EXP 	cueImage: autoDraw = False
201.1551 	EXP 	cueImage: autoDraw = False
201.1551 	EXP 	fixation: autoDraw = True
201.9022 	DATA 	Keypress: 5
202.6526 	DATA 	Keypress: 5
203.1749 	EXP 	fixation: autoDraw = False
203.1749 	EXP 	fixation: autoDraw = False
203.1749 	EXP 	Target: image = 'images/WinProbe.bmp'
203.1749 	EXP 	Target: autoDraw = True
203.4418 	DATA 	Keypress: 5
203.5257 	DATA 	Keypress: 1
203.6073 	EXP 	Target: autoDraw = False
203.6073 	EXP 	Target: autoDraw = False
203.6073 	EXP 	feedbackMsg: text = 'Correct Response!\n\nYou won $5.00!'
203.6073 	EXP 	feedbackMsg: autoDraw = True
204.2343 	DATA 	Keypress: 5
204.9859 	DATA 	Keypress: 5
205.0657 	EXP 	New trial (rep=0, index=28): OrderedDict([('Condition', 'Triangle'), ('FixationDur', 1500)])
205.1042 	EXP 	feedbackMsg: autoDraw = False
205.1042 	EXP 	feedbackMsg: autoDraw = False
205.1042 	EXP 	cueImage: image = 'images/Neutral.bmp'
205.1042 	EXP 	cueImage: autoDraw = True
205.7751 	DATA 	Keypress: 5
206.5678 	DATA 	Keypress: 5
207.1230 	EXP 	cueImage: autoDraw = False
207.1230 	EXP 	cueImage: autoDraw = False
207.1230 	EXP 	fixation: autoDraw = True
207.3177 	DATA 	Keypress: 5
208.1116 	DATA 	Keypress: 5
208.6225 	EXP 	fixation: autoDraw = False
208.6225 	EXP 	fixation: autoDraw = False
208.6225 	EXP 	Target: image = 'images/NeutralProbe.bmp'
208.6225 	EXP 	Target: autoDraw = True
208.8993 	DATA 	Keypress: 5
209.0353 	DATA 	Keypress: 1
209.0629 	EXP 	Target: autoDraw = False
209.0629 	EXP 	Target: autoDraw = False
209.0629 	EXP 	feedbackMsg: text = 'You pressed too slow!\n\nYou did not win or lose anything!'
209.0629 	EXP 	feedbackMsg: autoDraw = True
209.6495 	DATA 	Keypress: 5
210.4421 	DATA 	Keypress: 5
210.5643 	EXP 	New trial (rep=0, index=29): OrderedDict([('Condition', 'Triangle'), ('FixationDur', 2000)])
210.6047 	EXP 	feedbackMsg: autoDraw = False
210.6047 	EXP 	feedbackMsg: autoDraw = False
210.6047 	EXP 	cueImage: image = 'images/Neutral.bmp'
210.6047 	EXP 	cueImage: autoDraw = True
211.2336 	DATA 	Keypress: 5
211.9835 	DATA 	Keypress: 5
212.6093 	EXP 	cueImage: autoDraw = False
212.6093 	EXP 	cueImage: autoDraw = False
212.6093 	EXP 	fixation: autoDraw = True
212.7774 	DATA 	Keypress: 5
213.5694 	DATA 	Keypress: 5
214.3182 	DATA 	Keypress: 5
214.6235 	EXP 	fixation: autoDraw = False
214.6235 	EXP 	fixation: autoDraw = False
214.6235 	EXP 	Target: image = 'images/NeutralProbe.bmp'
214.6235 	EXP 	Target: autoDraw = True
214.9844 	DATA 	Keypress: 1
215.0631 	EXP 	Target: autoDraw = False
215.0631 	EXP 	Target: autoDraw = False
215.0631 	EXP 	feedbackMsg: text = 'Correct Response!\n\nYou did not win or lose anything!'
215.0631 	EXP 	feedbackMsg: autoDraw = True
215.1078 	DATA 	Keypress: 5
215.8995 	DATA 	Keypress: 5
216.5647 	EXP 	New trial (rep=0, index=30): OrderedDict([('Condition', 'SmallReward'), ('FixationDur', 4000)])
216.6046 	EXP 	feedbackMsg: autoDraw = False
216.6046 	EXP 	feedbackMsg: autoDraw = False
216.6046 	EXP 	cueImage: image = 'images/WinSmall.bmp'
216.6046 	EXP 	cueImage: autoDraw = True
216.6913 	DATA 	Keypress: 5
217.4419 	DATA 	Keypress: 5
218.2340 	DATA 	Keypress: 5
218.6243 	EXP 	cueImage: autoDraw = False
218.6243 	EXP 	cueImage: autoDraw = False
218.6243 	EXP 	fixation: autoDraw = True
219.0278 	DATA 	Keypress: 5
219.7786 	DATA 	Keypress: 5
220.5702 	DATA 	Keypress: 5
221.3613 	DATA 	Keypress: 5
222.1115 	DATA 	Keypress: 5
222.6410 	EXP 	fixation: autoDraw = False
222.6410 	EXP 	fixation: autoDraw = False
222.6410 	EXP 	Target: image = 'images/WinProbe.bmp'
222.6410 	EXP 	Target: autoDraw = True
222.9013 	DATA 	Keypress: 5
222.9833 	DATA 	Keypress: 1
223.0628 	EXP 	Target: autoDraw = False
223.0628 	EXP 	Target: autoDraw = False
223.0628 	EXP 	feedbackMsg: text = 'Correct Response!\n\nYou won $0.20!'
223.0628 	EXP 	feedbackMsg: autoDraw = True
223.6928 	DATA 	Keypress: 5
224.4398 	DATA 	Keypress: 5
224.5639 	EXP 	New trial (rep=0, index=31): OrderedDict([('Condition', 'Triangle'), ('FixationDur', 4000)])
224.6050 	EXP 	feedbackMsg: autoDraw = False
224.6050 	EXP 	feedbackMsg: autoDraw = False
224.6050 	EXP 	cueImage: image = 'images/Neutral.bmp'
224.6050 	EXP 	cueImage: autoDraw = True
225.2329 	DATA 	Keypress: 5
226.0259 	DATA 	Keypress: 5
226.6078 	EXP 	cueImage: autoDraw = False
226.6078 	EXP 	fixation: autoDraw = True
226.7756 	DATA 	Keypress: 5
227.5667 	DATA 	Keypress: 5
228.3598 	DATA 	Keypress: 5
229.1112 	DATA 	Keypress: 5
229.9028 	DATA 	Keypress: 5
230.6261 	EXP 	fixation: autoDraw = False
230.6261 	EXP 	fixation: autoDraw = False
230.6261 	EXP 	Target: image = 'images/NeutralProbe.bmp'
230.6261 	EXP 	Target: autoDraw = True
230.6919 	DATA 	Keypress: 5
231.0370 	DATA 	Keypress: 1
231.0635 	EXP 	Target: autoDraw = False
231.0635 	EXP 	Target: autoDraw = False
231.0635 	EXP 	feedbackMsg: text = 'You pressed too slow!\n\nYou did not win or lose anything!'
231.0635 	EXP 	feedbackMsg: autoDraw = True
231.4419 	DATA 	Keypress: 5
232.2331 	DATA 	Keypress: 5
232.5654 	EXP 	New trial (rep=0, index=32): OrderedDict([('Condition', 'SmallReward'), ('FixationDur', 3500)])
232.6058 	EXP 	feedbackMsg: autoDraw = False
232.6058 	EXP 	feedbackMsg: autoDraw = False
232.6058 	EXP 	cueImage: image = 'images/WinSmall.bmp'
232.6058 	EXP 	cueImage: autoDraw = True
233.0263 	DATA 	Keypress: 5
233.7762 	DATA 	Keypress: 5
234.6007 	DATA 	Keypress: 5
234.6129 	EXP 	cueImage: autoDraw = False
234.6129 	EXP 	cueImage: autoDraw = False
234.6129 	EXP 	fixation: autoDraw = True
235.3618 	DATA 	Keypress: 5
236.1115 	DATA 	Keypress: 5
236.9013 	DATA 	Keypress: 5
237.6971 	DATA 	Keypress: 5
238.1429 	EXP 	fixation: autoDraw = False
238.1429 	EXP 	fixation: autoDraw = False
238.1429 	EXP 	Target: image = 'images/WinProbe.bmp'
238.1429 	EXP 	Target: autoDraw = True
238.4419 	DATA 	Keypress: 5
238.4851 	DATA 	Keypress: 1
238.5637 	EXP 	Target: autoDraw = False
238.5637 	EXP 	Target: autoDraw = False
238.5637 	EXP 	feedbackMsg: text = 'Correct Response!\n\nYou won $0.20!'
238.5637 	EXP 	feedbackMsg: autoDraw = True
239.2344 	DATA 	Keypress: 5
240.0266 	DATA 	Keypress: 5
240.0655 	EXP 	New trial (rep=0, index=33): OrderedDict([('Condition', 'Triangle'), ('FixationDur', 1500)])
240.1047 	EXP 	feedbackMsg: autoDraw = False
240.1047 	EXP 	feedbackMsg: autoDraw = False
240.1047 	EXP 	cueImage: image = 'images/Neutral.bmp'
240.1047 	EXP 	cueImage: autoDraw = True
240.7759 	DATA 	Keypress: 5
241.5683 	DATA 	Keypress: 5
242.1273 	EXP 	cueImage: autoDraw = False
242.1273 	EXP 	fixation: autoDraw = True
242.3622 	DATA 	Keypress: 5
243.1107 	DATA 	Keypress: 5
243.6269 	EXP 	fixation: autoDraw = False
243.6269 	EXP 	fixation: autoDraw = False
243.6269 	EXP 	Target: image = 'images/NeutralProbe.bmp'
243.6269 	EXP 	Target: autoDraw = True
243.8989 	DATA 	Keypress: 5
244.0628 	EXP 	Target: autoDraw = False
244.0628 	EXP 	Target: autoDraw = False
244.0628 	EXP 	feedbackMsg: text = 'You pressed too slow!\n\nYou did not win or lose anything!'
244.0628 	EXP 	feedbackMsg: autoDraw = True
244.2321 	DATA 	Keypress: 1
244.6909 	DATA 	Keypress: 5
245.4430 	DATA 	Keypress: 5
245.5660 	EXP 	New trial (rep=0, index=34): OrderedDict([('Condition', 'SmallReward'), ('FixationDur', 1500)])
245.6055 	EXP 	feedbackMsg: autoDraw = False
245.6055 	EXP 	feedbackMsg: autoDraw = False
245.6055 	EXP 	cueImage: image = 'images/WinSmall.bmp'
245.6055 	EXP 	cueImage: autoDraw = True
246.2352 	DATA 	Keypress: 5
247.0282 	DATA 	Keypress: 5
247.6137 	EXP 	cueImage: autoDraw = False
247.6137 	EXP 	cueImage: autoDraw = False
247.6137 	EXP 	fixation: autoDraw = True
247.7787 	DATA 	Keypress: 5
248.5714 	DATA 	Keypress: 5
249.1298 	EXP 	fixation: autoDraw = False
249.1298 	EXP 	fixation: autoDraw = False
249.1298 	EXP 	Target: image = 'images/WinProbe.bmp'
249.1298 	EXP 	Target: autoDraw = True
249.3626 	DATA 	Keypress: 5
249.5377 	DATA 	Keypress: 1
249.5681 	EXP 	Target: autoDraw = False
249.5681 	EXP 	Target: autoDraw = False
249.5681 	EXP 	feedbackMsg: text = 'You pressed too slow!\n\nYou did not win $0.20!'
249.5681 	EXP 	feedbackMsg: autoDraw = True
250.1120 	DATA 	Keypress: 5
250.9038 	DATA 	Keypress: 5
251.0683 	EXP 	New trial (rep=0, index=35): OrderedDict([('Condition', 'SmallPun'), ('FixationDur', 4000)])
251.1058 	EXP 	feedbackMsg: autoDraw = False
251.1058 	EXP 	feedbackMsg: autoDraw = False
251.1058 	EXP 	cueImage: image = 'images/LoseSmall.bmp'
251.1058 	EXP 	cueImage: autoDraw = True
251.6952 	DATA 	Keypress: 5
252.4448 	DATA 	Keypress: 5
253.1148 	EXP 	cueImage: autoDraw = False
253.1148 	EXP 	cueImage: autoDraw = False
253.1148 	EXP 	fixation: autoDraw = True
253.2386 	DATA 	Keypress: 5
254.0294 	DATA 	Keypress: 5
254.7789 	DATA 	Keypress: 5
255.5709 	DATA 	Keypress: 5
256.3623 	DATA 	Keypress: 5
257.1109 	DATA 	Keypress: 5
257.1289 	EXP 	fixation: autoDraw = False
257.1289 	EXP 	fixation: autoDraw = False
257.1289 	EXP 	Target: image = 'images/LoseProbe.bmp'
257.1289 	EXP 	Target: autoDraw = True
257.4933 	DATA 	Keypress: 1
257.5227 	EXP 	Target: autoDraw = False
257.5227 	EXP 	Target: autoDraw = False
257.5227 	EXP 	feedbackMsg: text = 'You pressed too slow!\n\nYou lost $0.20!'
257.5227 	EXP 	feedbackMsg: autoDraw = True
257.9026 	DATA 	Keypress: 5
258.6926 	DATA 	Keypress: 5
259.0669 	EXP 	New trial (rep=0, index=36): OrderedDict([('Condition', 'Triangle'), ('FixationDur', 1500)])
259.1060 	EXP 	feedbackMsg: autoDraw = False
259.1060 	EXP 	feedbackMsg: autoDraw = False
259.1060 	EXP 	cueImage: image = 'images/Neutral.bmp'
259.1060 	EXP 	cueImage: autoDraw = True
259.4859 	DATA 	Keypress: 5
260.2370 	DATA 	Keypress: 5
261.0267 	DATA 	Keypress: 5
261.1147 	EXP 	cueImage: autoDraw = False
261.1147 	EXP 	cueImage: autoDraw = False
261.1147 	EXP 	fixation: autoDraw = True
261.7782 	DATA 	Keypress: 5
262.6114 	DATA 	Keypress: 5
262.6304 	EXP 	fixation: autoDraw = False
262.6304 	EXP 	fixation: autoDraw = False
262.6304 	EXP 	Target: image = 'images/NeutralProbe.bmp'
262.6304 	EXP 	Target: autoDraw = True
263.0232 	EXP 	Target: autoDraw = False
263.0232 	EXP 	Target: autoDraw = False
263.0232 	EXP 	feedbackMsg: text = 'You pressed too slow!\n\nYou did not win or lose anything!'
263.0232 	EXP 	feedbackMsg: autoDraw = True
263.0684 	DATA 	Keypress: 1
263.3589 	DATA 	Keypress: 5
264.1528 	DATA 	Keypress: 5
264.5666 	EXP 	New trial (rep=0, index=37): OrderedDict([('Condition', 'SmallPun'), ('FixationDur', 2000)])
264.6071 	EXP 	feedbackMsg: autoDraw = False
264.6071 	EXP 	feedbackMsg: autoDraw = False
264.6071 	EXP 	cueImage: image = 'images/LoseSmall.bmp'
264.6071 	EXP 	cueImage: autoDraw = True
264.9021 	DATA 	Keypress: 5
265.6935 	DATA 	Keypress: 5
266.4874 	DATA 	Keypress: 5
266.6144 	EXP 	cueImage: autoDraw = False
266.6144 	EXP 	cueImage: autoDraw = False
266.6144 	EXP 	fixation: autoDraw = True
267.2391 	DATA 	Keypress: 5
268.0284 	DATA 	Keypress: 5
268.6301 	EXP 	fixation: autoDraw = False
268.6301 	EXP 	fixation: autoDraw = False
268.6301 	EXP 	Target: image = 'images/LoseProbe.bmp'
268.6301 	EXP 	Target: autoDraw = True
268.8199 	DATA 	Keypress: 5
269.0231 	EXP 	Target: autoDraw = False
269.0231 	EXP 	Target: autoDraw = False
269.0231 	EXP 	feedbackMsg: text = 'You pressed too slow!\n\nYou lost $0.20!'
269.0231 	EXP 	feedbackMsg: autoDraw = True
269.0273 	DATA 	Keypress: 1
269.5687 	DATA 	Keypress: 5
270.3604 	DATA 	Keypress: 5
270.5671 	EXP 	New trial (rep=0, index=38): OrderedDict([('Condition', 'LgReward'), ('FixationDur', 2500)])
270.6061 	EXP 	feedbackMsg: autoDraw = False
270.6061 	EXP 	feedbackMsg: autoDraw = False
270.6061 	EXP 	cueImage: image = 'images/WinBig.bmp'
270.6061 	EXP 	cueImage: autoDraw = True
271.1530 	DATA 	Keypress: 5
271.9043 	DATA 	Keypress: 5
272.6148 	EXP 	cueImage: autoDraw = False
272.6148 	EXP 	cueImage: autoDraw = False
272.6148 	EXP 	fixation: autoDraw = True
272.6978 	DATA 	Keypress: 5
273.4894 	DATA 	Keypress: 5
274.2384 	DATA 	Keypress: 5
275.0292 	DATA 	Keypress: 5
275.1197 	DATA 	Keypress: 1
275.1370 	EXP 	fixation: autoDraw = False
275.1370 	EXP 	fixation: autoDraw = False
275.1370 	EXP 	Target: image = 'images/WinProbe.bmp'
275.1370 	EXP 	Target: autoDraw = True
275.5252 	EXP 	Target: autoDraw = False
275.5252 	EXP 	Target: autoDraw = False
275.5252 	EXP 	feedbackMsg: text = 'Correct Response!\n\nYou won $5.00!'
275.5252 	EXP 	feedbackMsg: autoDraw = True
275.5716 	DATA 	Keypress: 1
275.8231 	DATA 	Keypress: 5
276.5732 	DATA 	Keypress: 5
277.0712 	EXP 	New trial (rep=0, index=39): OrderedDict([('Condition', 'LgReward'), ('FixationDur', 1500)])
277.1102 	EXP 	feedbackMsg: autoDraw = False
277.1102 	EXP 	feedbackMsg: autoDraw = False
277.1102 	EXP 	cueImage: image = 'images/WinBig.bmp'
277.1102 	EXP 	cueImage: autoDraw = True
277.3608 	DATA 	Keypress: 5
278.1550 	DATA 	Keypress: 5
278.9039 	DATA 	Keypress: 5
279.1161 	EXP 	cueImage: autoDraw = False
279.1161 	EXP 	cueImage: autoDraw = False
279.1161 	EXP 	fixation: autoDraw = True
279.6981 	DATA 	Keypress: 5
280.4886 	DATA 	Keypress: 5
280.6374 	EXP 	fixation: autoDraw = False
280.6374 	EXP 	fixation: autoDraw = False
280.6374 	EXP 	Target: image = 'images/WinProbe.bmp'
280.6374 	EXP 	Target: autoDraw = True
281.0275 	EXP 	Target: autoDraw = False
281.0275 	EXP 	Target: autoDraw = False
281.0275 	EXP 	feedbackMsg: text = 'You pressed too slow!\n\nYou did not win $5.00!'
281.0275 	EXP 	feedbackMsg: autoDraw = True
281.1135 	DATA 	Keypress: 1
281.2388 	DATA 	Keypress: 5
282.0293 	DATA 	Keypress: 5
282.5278 	EXP 	New trial (rep=0, index=40): OrderedDict([('Condition', 'LgPun'), ('FixationDur', 1500)])
282.5662 	EXP 	feedbackMsg: autoDraw = False
282.5662 	EXP 	feedbackMsg: autoDraw = False
282.5662 	EXP 	cueImage: image = 'images/LoseBig.bmp'
282.5662 	EXP 	cueImage: autoDraw = True
282.8219 	DATA 	Keypress: 5
283.5704 	DATA 	Keypress: 5
284.3603 	DATA 	Keypress: 5
284.5825 	EXP 	cueImage: autoDraw = False
284.5825 	EXP 	cueImage: autoDraw = False
284.5825 	EXP 	fixation: autoDraw = True
285.1564 	DATA 	Keypress: 5
285.9055 	DATA 	Keypress: 5
286.0832 	EXP 	fixation: autoDraw = False
286.0832 	EXP 	fixation: autoDraw = False
286.0832 	EXP 	Target: image = 'images/LoseProbe.bmp'
286.0832 	EXP 	Target: autoDraw = True
286.4832 	EXP 	Target: autoDraw = False
286.4832 	EXP 	Target: autoDraw = False
286.4832 	EXP 	feedbackMsg: text = 'You pressed too slow!\n\nYou lost $5.00!'
286.4832 	EXP 	feedbackMsg: autoDraw = True
286.4875 	DATA 	Keypress: 1
286.6943 	DATA 	Keypress: 5
287.4874 	DATA 	Keypress: 5
287.9844 	EXP 	New trial (rep=0, index=41): OrderedDict([('Condition', 'SmallPun'), ('FixationDur', 2000)])
288.0245 	EXP 	feedbackMsg: autoDraw = False
288.0245 	EXP 	feedbackMsg: autoDraw = False
288.0245 	EXP 	cueImage: image = 'images/LoseSmall.bmp'
288.0245 	EXP 	cueImage: autoDraw = True
288.2363 	DATA 	Keypress: 5
289.0284 	DATA 	Keypress: 5
289.8217 	DATA 	Keypress: 5
290.0338 	EXP 	cueImage: autoDraw = False
290.0338 	EXP 	fixation: autoDraw = True
290.5732 	DATA 	Keypress: 5
291.3629 	DATA 	Keypress: 5
292.0424 	EXP 	fixation: autoDraw = False
292.0424 	EXP 	fixation: autoDraw = False
292.0424 	EXP 	Target: image = 'images/LoseProbe.bmp'
292.0424 	EXP 	Target: autoDraw = True
292.1555 	DATA 	Keypress: 5
292.3637 	DATA 	Keypress: 1
292.4447 	EXP 	Target: autoDraw = False
292.4447 	EXP 	Target: autoDraw = False
292.4447 	EXP 	feedbackMsg: text = 'Correct Response!\n\nYou did not lose $0.20!'
292.4447 	EXP 	feedbackMsg: autoDraw = True
292.9048 	DATA 	Keypress: 5
293.6982 	DATA 	Keypress: 5
293.9466 	EXP 	New trial (rep=0, index=42): OrderedDict([('Condition', 'LgReward'), ('FixationDur', 1500)])
293.9854 	EXP 	feedbackMsg: autoDraw = False
293.9854 	EXP 	feedbackMsg: autoDraw = False
293.9854 	EXP 	cueImage: image = 'images/WinBig.bmp'
293.9854 	EXP 	cueImage: autoDraw = True
294.4878 	DATA 	Keypress: 5
295.2381 	DATA 	Keypress: 5
296.0006 	EXP 	cueImage: autoDraw = False
296.0006 	EXP 	cueImage: autoDraw = False
296.0006 	EXP 	fixation: autoDraw = True
296.0300 	DATA 	Keypress: 5
296.8228 	DATA 	Keypress: 5
297.5179 	EXP 	fixation: autoDraw = False
297.5179 	EXP 	fixation: autoDraw = False
297.5179 	EXP 	Target: image = 'images/WinProbe.bmp'
297.5179 	EXP 	Target: autoDraw = True
297.5699 	DATA 	Keypress: 5
297.8194 	DATA 	Keypress: 1
297.9417 	EXP 	Target: autoDraw = False
297.9417 	EXP 	Target: autoDraw = False
297.9417 	EXP 	feedbackMsg: text = 'Correct Response!\n\nYou won $5.00!'
297.9417 	EXP 	feedbackMsg: autoDraw = True
298.3620 	DATA 	Keypress: 5
299.1542 	DATA 	Keypress: 5
299.4015 	EXP 	New trial (rep=0, index=43): OrderedDict([('Condition', 'SmallPun'), ('FixationDur', 1500)])
299.4417 	EXP 	feedbackMsg: autoDraw = False
299.4417 	EXP 	feedbackMsg: autoDraw = False
299.4417 	EXP 	cueImage: image = 'images/LoseSmall.bmp'
299.4417 	EXP 	cueImage: autoDraw = True
299.9019 	DATA 	Keypress: 5
300.6975 	DATA 	Keypress: 5
301.4509 	EXP 	cueImage: autoDraw = False
301.4509 	EXP 	fixation: autoDraw = True
301.4868 	DATA 	Keypress: 5
302.2386 	DATA 	Keypress: 5
302.9598 	EXP 	fixation: autoDraw = False
302.9598 	EXP 	fixation: autoDraw = False
302.9598 	EXP 	Target: image = 'images/LoseProbe.bmp'
302.9598 	EXP 	Target: autoDraw = True
303.0299 	DATA 	Keypress: 5
303.2788 	DATA 	Keypress: 1
303.4000 	EXP 	Target: autoDraw = False
303.4000 	EXP 	Target: autoDraw = False
303.4000 	EXP 	feedbackMsg: text = 'Correct Response!\n\nYou did not lose $0.20!'
303.4000 	EXP 	feedbackMsg: autoDraw = True
303.8205 	DATA 	Keypress: 5
304.5708 	DATA 	Keypress: 5
304.8599 	EXP 	New trial (rep=0, index=44): OrderedDict([('Condition', 'SmallReward'), ('FixationDur', 1500)])
304.9002 	EXP 	feedbackMsg: autoDraw = False
304.9002 	EXP 	feedbackMsg: autoDraw = False
304.9002 	EXP 	cueImage: image = 'images/WinSmall.bmp'
304.9002 	EXP 	cueImage: autoDraw = True
305.3624 	DATA 	Keypress: 5
306.1532 	DATA 	Keypress: 5
306.9191 	EXP 	cueImage: autoDraw = False
306.9191 	EXP 	fixation: autoDraw = True
306.9229 	DATA 	Keypress: 5
307.6999 	DATA 	Keypress: 5
308.4358 	EXP 	fixation: autoDraw = False
308.4358 	EXP 	fixation: autoDraw = False
308.4358 	EXP 	Target: image = 'images/WinProbe.bmp'
308.4358 	EXP 	Target: autoDraw = True
308.4873 	DATA 	Keypress: 5
308.7814 	DATA 	Keypress: 1
308.8603 	EXP 	Target: autoDraw = False
308.8603 	EXP 	Target: autoDraw = False
308.8603 	EXP 	feedbackMsg: text = 'Correct Response!\n\nYou won $0.20!'
308.8603 	EXP 	feedbackMsg: autoDraw = True
309.2384 	DATA 	Keypress: 5
310.0319 	DATA 	Keypress: 5
310.3216 	EXP 	New trial (rep=0, index=45): OrderedDict([('Condition', 'LgReward'), ('FixationDur', 4000)])
310.3605 	EXP 	feedbackMsg: autoDraw = False
310.3605 	EXP 	feedbackMsg: autoDraw = False
310.3605 	EXP 	cueImage: image = 'images/WinBig.bmp'
310.3605 	EXP 	cueImage: autoDraw = True
310.8198 	DATA 	Keypress: 5
311.6155 	DATA 	Keypress: 5
312.3551 	DATA 	Keypress: 5
312.3694 	EXP 	cueImage: autoDraw = False
312.3694 	EXP 	cueImage: autoDraw = False
312.3694 	EXP 	fixation: autoDraw = True
313.1557 	DATA 	Keypress: 5
313.9057 	DATA 	Keypress: 5
314.7001 	DATA 	Keypress: 5
315.4904 	DATA 	Keypress: 5
316.2398 	DATA 	Keypress: 5
316.3892 	EXP 	fixation: autoDraw = False
316.3892 	EXP 	fixation: autoDraw = False
316.3892 	EXP 	Target: image = 'images/WinProbe.bmp'
316.3892 	EXP 	Target: autoDraw = True
316.6990 	DATA 	Keypress: 1
316.8193 	EXP 	Target: autoDraw = False
316.8193 	EXP 	Target: autoDraw = False
316.8193 	EXP 	feedbackMsg: text = 'Correct Response!\n\nYou won $5.00!'
316.8193 	EXP 	feedbackMsg: autoDraw = True
317.0331 	DATA 	Keypress: 5
317.8232 	DATA 	Keypress: 5
318.3209 	EXP 	New trial (rep=0, index=46): OrderedDict([('Condition', 'Triangle'), ('FixationDur', 3000)])
318.3585 	EXP 	feedbackMsg: autoDraw = False
318.3585 	EXP 	feedbackMsg: autoDraw = False
318.3585 	EXP 	cueImage: image = 'images/Neutral.bmp'
318.3585 	EXP 	cueImage: autoDraw = True
318.6151 	DATA 	Keypress: 5
319.3636 	DATA 	Keypress: 5
320.1531 	DATA 	Keypress: 5
320.3704 	EXP 	cueImage: autoDraw = False
320.3704 	EXP 	cueImage: autoDraw = False
320.3704 	EXP 	fixation: autoDraw = True
320.9507 	DATA 	Keypress: 5
321.7007 	DATA 	Keypress: 5
322.4913 	DATA 	Keypress: 5
323.2826 	DATA 	Keypress: 5
323.3763 	EXP 	fixation: autoDraw = False
323.3763 	EXP 	fixation: autoDraw = False
323.3763 	EXP 	Target: image = 'images/NeutralProbe.bmp'
323.3763 	EXP 	Target: autoDraw = True
323.6985 	DATA 	Keypress: 1
323.8209 	EXP 	Target: autoDraw = False
323.8209 	EXP 	Target: autoDraw = False
323.8209 	EXP 	feedbackMsg: text = 'Correct Response!\n\nYou did not win or lose anything!'
323.8209 	EXP 	feedbackMsg: autoDraw = True
324.0313 	DATA 	Keypress: 5
324.8253 	DATA 	Keypress: 5
325.3231 	EXP 	New trial (rep=0, index=47): OrderedDict([('Condition', 'SmallPun'), ('FixationDur', 3000)])
325.3599 	EXP 	feedbackMsg: autoDraw = False
325.3599 	EXP 	feedbackMsg: autoDraw = False
325.3599 	EXP 	cueImage: image = 'images/LoseSmall.bmp'
325.3599 	EXP 	cueImage: autoDraw = True
325.6142 	DATA 	Keypress: 5
326.3625 	DATA 	Keypress: 5
327.1559 	DATA 	Keypress: 5
327.3716 	EXP 	cueImage: autoDraw = False
327.3716 	EXP 	cueImage: autoDraw = False
327.3716 	EXP 	fixation: autoDraw = True
327.9497 	DATA 	Keypress: 5
328.6999 	DATA 	Keypress: 5
329.4905 	DATA 	Keypress: 5
330.2826 	DATA 	Keypress: 5
330.3773 	EXP 	fixation: autoDraw = False
330.3773 	EXP 	fixation: autoDraw = False
330.3773 	EXP 	Target: image = 'images/LoseProbe.bmp'
330.3773 	EXP 	Target: autoDraw = True
330.6978 	DATA 	Keypress: 1
330.8177 	EXP 	Target: autoDraw = False
330.8177 	EXP 	Target: autoDraw = False
330.8177 	EXP 	feedbackMsg: text = 'Correct Response!\n\nYou did not lose $0.20!'
330.8177 	EXP 	feedbackMsg: autoDraw = True
331.0289 	DATA 	Keypress: 5
331.8211 	DATA 	Keypress: 5
332.3199 	EXP 	New trial (rep=0, index=48): OrderedDict([('Condition', 'SmallPun'), ('FixationDur', 2500)])
332.3600 	EXP 	feedbackMsg: autoDraw = False
332.3600 	EXP 	feedbackMsg: autoDraw = False
332.3600 	EXP 	cueImage: image = 'images/LoseSmall.bmp'
332.3600 	EXP 	cueImage: autoDraw = True
332.6142 	DATA 	Keypress: 5
333.3623 	DATA 	Keypress: 5
334.1565 	DATA 	Keypress: 5
334.3728 	EXP 	cueImage: autoDraw = False
334.3728 	EXP 	cueImage: autoDraw = False
334.3728 	EXP 	fixation: autoDraw = True
334.9516 	DATA 	Keypress: 5
335.7010 	DATA 	Keypress: 5
336.4910 	DATA 	Keypress: 5
336.8782 	EXP 	fixation: autoDraw = False
336.8782 	EXP 	fixation: autoDraw = False
336.8782 	EXP 	Target: image = 'images/LoseProbe.bmp'
336.8782 	EXP 	Target: autoDraw = True
337.1980 	DATA 	Keypress: 1
337.2830 	DATA 	Keypress: 5
337.3185 	EXP 	Target: autoDraw = False
337.3185 	EXP 	Target: autoDraw = False
337.3185 	EXP 	feedbackMsg: text = 'Correct Response!\n\nYou did not lose $0.20!'
337.3185 	EXP 	feedbackMsg: autoDraw = True
338.0301 	DATA 	Keypress: 5
338.8200 	EXP 	New trial (rep=0, index=49): OrderedDict([('Condition', 'SmallReward'), ('FixationDur', 2000)])
338.8445 	DATA 	Keypress: 5
338.8603 	EXP 	feedbackMsg: autoDraw = False
338.8603 	EXP 	feedbackMsg: autoDraw = False
338.8603 	EXP 	cueImage: image = 'images/WinSmall.bmp'
338.8603 	EXP 	cueImage: autoDraw = True
339.6134 	DATA 	Keypress: 5
340.3651 	DATA 	Keypress: 5
340.8737 	EXP 	cueImage: autoDraw = False
340.8737 	EXP 	cueImage: autoDraw = False
340.8737 	EXP 	fixation: autoDraw = True
341.1568 	DATA 	Keypress: 5
341.9520 	DATA 	Keypress: 5
342.7033 	DATA 	Keypress: 5
342.8909 	EXP 	fixation: autoDraw = False
342.8909 	EXP 	fixation: autoDraw = False
342.8909 	EXP 	Target: image = 'images/WinProbe.bmp'
342.8909 	EXP 	Target: autoDraw = True
343.1984 	DATA 	Keypress: 1
343.2782 	EXP 	Target: autoDraw = False
343.2782 	EXP 	Target: autoDraw = False
343.2782 	EXP 	feedbackMsg: text = 'Correct Response!\n\nYou won $0.20!'
343.2782 	EXP 	feedbackMsg: autoDraw = True
343.4909 	DATA 	Keypress: 5
344.2823 	DATA 	Keypress: 5
344.8632 	EXP 	feedbackMsg: autoDraw = False
344.8632 	EXP 	feedbackMsg: autoDraw = False
344.8632 	EXP 	polygon: autoDraw = True
345.0327 	DATA 	Keypress: 5
345.8255 	DATA 	Keypress: 5
346.6172 	DATA 	Keypress: 5
347.3672 	DATA 	Keypress: 5
348.1579 	DATA 	Keypress: 5
348.9515 	DATA 	Keypress: 5
349.7021 	DATA 	Keypress: 5
349.8625 	EXP 	polygon: autoDraw = False
349.8625 	EXP 	polygon: autoDraw = False
349.8625 	EXP 	text: text = 'All done!\n\nYou earned a total of: $15.60!'
349.8625 	EXP 	text: autoDraw = True
350.2007 	DATA 	Keypress: 1
350.4915 	DATA 	Keypress: 5
351.2824 	DATA 	Keypress: 5
352.0324 	DATA 	Keypress: 5
352.8595 	DATA 	Keypress: 5
352.8751 	EXP 	text: autoDraw = False
352.8751 	EXP 	text: autoDraw = False
352.8751 	EXP 	polygon2: autoDraw = True
353.6171 	DATA 	Keypress: 5
354.3677 	DATA 	Keypress: 5
365.9907 	DATA 	Keypress: 5
366.7844 	DATA 	Keypress: 5
367.5330 	DATA 	Keypress: 5
368.3257 	DATA 	Keypress: 5
372.0357 	DATA 	Keypress: escape
372.3593 	EXP 	window1: mouseVisible = True
