8.1940 	WARNING 	User requested fullscreen with size [1440  900], but screen is actually [1920, 1080]. Using actual size
9.3111 	EXP 	Created window1 = Window(allowGUI=False, allowStencil=False, args=UNKNOWN, autoLog=True, bitsMode=UNKNOWN, blendMode='avg', color=array([0., 0., 0.]), colorSpace='rgb', fullscr=<method-wrapper '__getattribute__' of attributeSetter object at 0x135447be0>, gamma=None, kwargs=UNKNOWN, lms=UNKNOWN, monitor=<psychopy.monitors.calibTools.Monitor object at 0x13530fcc0>, multiSample=False, name='window1', numSamples=2, pos=[0.0, 0.0], screen=0, size=array([3840, 2160]), stereo=False, units='height', useFBO=True, useRetina=True, viewOri=0.0, viewPos=None, viewScale=None, waitBlanking=True, winType='pyglet')
9.3112 	EXP 	window1: recordFrameIntervals = False
9.7269 	EXP 	window1: recordFrameIntervals = True
10.1852 	EXP 	window1: recordFrameIntervals = False
10.6359 	EXP 	Created preinstruct_text = TextStim(__class__=<class 'psychopy.visual.text.TextStim'>, alignHoriz='center', alignVert='center', antialias=True, autoLog=True, bold=False, color='white', colorSpace='named', contrast=1.0, depth=0.0, flipHoriz=False, flipVert=False, font='Arial', fontFiles=[], height=0.05, italic=False, languageStyle='LTR', name='preinstruct_text', opacity=1.0, ori=0, pos=array([0., 0.]), rgb=array([255., 255., 255.]), text='Money Task - Scanner 1', units='height', win=Window(...), wrapWidth=1)
10.6806 	EXP 	Created instructFig = ImageStim(__class__=<class 'psychopy.visual.image.ImageStim'>, autoLog=True, color=array([1., 1., 1.]), colorSpace='rgb', contrast=1.0, depth=0.0, flipHoriz=False, flipVert=False, image='images/MID_instructions.bmp', interpolate=True, mask=None, maskParams=None, name='instructFig', opacity=1.0, ori=0.0, pos=array([0., 0.]), size=array([1.3, 1. ]), texRes=128, units='height', win=Window(...))
10.6824 	EXP 	Created PrepFixation = ShapeStim(__class__=<class 'psychopy.visual.shape.ShapeStim'>, autoDraw=False, autoLog=True, closeShape=True, contrast=1.0, depth=0.0, fillColor=array([1., 1., 1.]), fillColorSpace='rgb', interpolate=True, lineColor=array([1., 1., 1.]), lineColorSpace='rgb', lineWidth=1, name='PrepFixation', opacity=1.0, ori=array(0.), pos=array([0., 0.]), size=array([0.05, 0.05]), units='height', vertices=ndarray(...), win=Window(...), windingRule=None)
10.6839 	EXP 	Created cueImage = ImageStim(__class__=<class 'psychopy.visual.image.ImageStim'>, autoLog=True, color=array([1., 1., 1.]), colorSpace='rgb', contrast=1.0, depth=0.0, flipHoriz=False, flipVert=False, image='sin', interpolate=True, mask=None, maskParams=None, name='cueImage', opacity=1.0, ori=0.0, pos=array([0., 0.]), size=array([1.3, 1. ]), texRes=128, units='height', win=Window(...))
10.6853 	EXP 	Created fixation = ShapeStim(__class__=<class 'psychopy.visual.shape.ShapeStim'>, autoDraw=False, autoLog=True, closeShape=True, contrast=1.0, depth=-1.0, fillColor=array([1., 1., 1.]), fillColorSpace='rgb', interpolate=True, lineColor=array([1., 1., 1.]), lineColorSpace='rgb', lineWidth=1, name='fixation', opacity=1.0, ori=array(0.), pos=array([0., 0.]), size=array([0.05, 0.05]), units='height', vertices=ndarray(...), win=Window(...), windingRule=None)
10.6870 	EXP 	Created Target = ImageStim(__class__=<class 'psychopy.visual.image.ImageStim'>, autoLog=True, color=array([1., 1., 1.]), colorSpace='rgb', contrast=1.0, depth=-1.0, flipHoriz=False, flipVert=False, image='sin', interpolate=True, mask=None, maskParams=None, name='Target', opacity=1.0, ori=0.0, pos=array([0., 0.]), size=array([1.3, 1. ]), texRes=128, units='height', win=Window(...))
10.6962 	EXP 	Created feedbackMsg = TextStim(__class__=<class 'psychopy.visual.text.TextStim'>, alignHoriz='center', alignVert='center', antialias=True, autoLog=True, bold=False, color='white', colorSpace='named', contrast=1.0, depth=-2.0, flipHoriz=False, flipVert=False, font='Arial', fontFiles=[], height=0.05, italic=False, languageStyle='LTR', name='feedbackMsg', opacity=1.0, ori=0, pos=array([0., 0.]), rgb=array([255., 255., 255.]), text='default text', units='height', win=Window(...), wrapWidth=2)
10.6979 	EXP 	Created polygon = ShapeStim(__class__=<class 'psychopy.visual.shape.ShapeStim'>, autoDraw=False, autoLog=True, closeShape=True, contrast=1.0, depth=0.0, fillColor=array([1., 1., 1.]), fillColorSpace='rgb', interpolate=True, lineColor=array([1., 1., 1.]), lineColorSpace='rgb', lineWidth=1, name='polygon', opacity=1.0, ori=array(0.), pos=array([0., 0.]), size=array([0.05, 0.05]), units='height', vertices=ndarray(...), win=Window(...), windingRule=None)
10.7052 	EXP 	Created text = TextStim(__class__=<class 'psychopy.visual.text.TextStim'>, alignHoriz='center', alignVert='center', antialias=True, autoLog=True, bold=False, color='white', colorSpace='named', contrast=1.0, depth=-1.0, flipHoriz=False, flipVert=False, font='Arial', fontFiles=[], height=0.07, italic=False, languageStyle='LTR', name='text', opacity=1.0, ori=0, pos=array([0., 0.]), rgb=array([255., 255., 255.]), text='default text', units='height', win=Window(...), wrapWidth=1)
10.7069 	EXP 	Created polygon2 = ShapeStim(__class__=<class 'psychopy.visual.shape.ShapeStim'>, autoDraw=False, autoLog=True, closeShape=True, contrast=1.0, depth=0.0, fillColor=array([1., 1., 1.]), fillColorSpace='rgb', interpolate=True, lineColor=array([1., 1., 1.]), lineColorSpace='rgb', lineWidth=1, name='polygon2', opacity=1.0, ori=array(0.), pos=array([0., 0.]), size=array([0.05, 0.05]), units='height', vertices=ndarray(...), win=Window(...), windingRule=None)
10.7255 	EXP 	preinstruct_text: autoDraw = True
12.7934 	EXP 	preinstruct_text: autoDraw = False
12.7934 	EXP 	instructFig: autoDraw = True
22.1170 	DATA 	Keypress: 5
22.1474 	EXP 	instructFig: autoDraw = False
22.1474 	EXP 	PrepFixation: autoDraw = True
22.9021 	DATA 	Keypress: 5
23.6497 	DATA 	Keypress: 5
24.1156 	EXP 	Imported TimeVersion7.csv as conditions, 50 conditions, 2 params
24.1160 	EXP 	Created sequence: sequential, trialTypes=50, nReps=1, seed=None
24.1163 	EXP 	New trial (rep=0, index=0): OrderedDict([('Condition', 'LgReward'), ('FixationDur', 1500)])
24.1623 	EXP 	PrepFixation: autoDraw = False
24.1623 	EXP 	cueImage: image = 'images/WinBig.bmp'
24.1623 	EXP 	cueImage: autoDraw = True
24.4387 	DATA 	Keypress: 5
25.2309 	DATA 	Keypress: 5
25.9799 	DATA 	Keypress: 5
26.1604 	EXP 	cueImage: autoDraw = False
26.1604 	EXP 	cueImage: autoDraw = False
26.1604 	EXP 	fixation: autoDraw = True
26.7725 	DATA 	Keypress: 5
27.5671 	DATA 	Keypress: 5
27.6650 	EXP 	fixation: autoDraw = False
27.6650 	EXP 	fixation: autoDraw = False
27.6650 	EXP 	Target: image = 'images/WinProbe.bmp'
27.6650 	EXP 	Target: autoDraw = True
28.1224 	DATA 	Keypress: 1
28.1437 	EXP 	Target: autoDraw = False
28.1437 	EXP 	Target: autoDraw = False
28.1437 	EXP 	feedbackMsg: text = 'You pressed too slow!\n\nYou did not win $5.00!'
28.1437 	EXP 	feedbackMsg: autoDraw = True
28.3139 	DATA 	Keypress: 5
29.1063 	DATA 	Keypress: 5
29.6042 	EXP 	New trial (rep=0, index=1): OrderedDict([('Condition', 'LgReward'), ('FixationDur', 4000)])
29.6437 	EXP 	feedbackMsg: autoDraw = False
29.6437 	EXP 	feedbackMsg: autoDraw = False
29.6437 	EXP 	cueImage: image = 'images/WinBig.bmp'
29.6437 	EXP 	cueImage: autoDraw = True
29.8979 	DATA 	Keypress: 5
30.6477 	DATA 	Keypress: 5
31.4402 	DATA 	Keypress: 5
31.6634 	EXP 	cueImage: autoDraw = False
31.6634 	EXP 	cueImage: autoDraw = False
31.6634 	EXP 	fixation: autoDraw = True
32.2340 	DATA 	Keypress: 5
32.9832 	DATA 	Keypress: 5
33.7757 	DATA 	Keypress: 5
34.5676 	DATA 	Keypress: 5
35.3179 	DATA 	Keypress: 5
35.6801 	EXP 	fixation: autoDraw = False
35.6801 	EXP 	fixation: autoDraw = False
35.6801 	EXP 	Target: image = 'images/WinProbe.bmp'
35.6801 	EXP 	Target: autoDraw = True
36.1108 	DATA 	Keypress: 1
36.1129 	DATA 	Keypress: 5
36.1441 	EXP 	Target: autoDraw = False
36.1441 	EXP 	Target: autoDraw = False
36.1441 	EXP 	feedbackMsg: text = 'You pressed too slow!\n\nYou did not win $5.00!'
36.1441 	EXP 	feedbackMsg: autoDraw = True
36.8990 	DATA 	Keypress: 5
37.6045 	EXP 	New trial (rep=0, index=2): OrderedDict([('Condition', 'SmallReward'), ('FixationDur', 2500)])
37.6444 	EXP 	feedbackMsg: autoDraw = False
37.6444 	EXP 	feedbackMsg: autoDraw = False
37.6444 	EXP 	cueImage: image = 'images/WinSmall.bmp'
37.6444 	EXP 	cueImage: autoDraw = True
37.6479 	DATA 	Keypress: 5
38.4402 	DATA 	Keypress: 5
39.2330 	DATA 	Keypress: 5
39.6648 	EXP 	cueImage: autoDraw = False
39.6648 	EXP 	fixation: autoDraw = True
39.9852 	DATA 	Keypress: 5
40.7748 	DATA 	Keypress: 5
41.5704 	DATA 	Keypress: 5
42.1840 	EXP 	fixation: autoDraw = False
42.1840 	EXP 	fixation: autoDraw = False
42.1840 	EXP 	Target: image = 'images/WinProbe.bmp'
42.1840 	EXP 	Target: autoDraw = True
42.3164 	DATA 	Keypress: 5
42.5679 	DATA 	Keypress: 1
42.6484 	EXP 	Target: autoDraw = False
42.6484 	EXP 	Target: autoDraw = False
42.6484 	EXP 	feedbackMsg: text = 'Correct Response!\n\nYou won $0.20!'
42.6484 	EXP 	feedbackMsg: autoDraw = True
43.1089 	DATA 	Keypress: 5
43.9013 	DATA 	Keypress: 5
44.1056 	EXP 	New trial (rep=0, index=3): OrderedDict([('Condition', 'SmallReward'), ('FixationDur', 4000)])
44.1452 	EXP 	feedbackMsg: autoDraw = False
44.1452 	EXP 	feedbackMsg: autoDraw = False
44.1452 	EXP 	cueImage: image = 'images/WinSmall.bmp'
44.1452 	EXP 	cueImage: autoDraw = True
44.6478 	DATA 	Keypress: 5
45.4409 	DATA 	Keypress: 5
46.1652 	EXP 	cueImage: autoDraw = False
46.1652 	EXP 	fixation: autoDraw = True
46.2342 	DATA 	Keypress: 5
46.9844 	DATA 	Keypress: 5
47.7765 	DATA 	Keypress: 5
48.5662 	DATA 	Keypress: 5
49.3170 	DATA 	Keypress: 5
50.1594 	DATA 	Keypress: 5
50.1820 	EXP 	fixation: autoDraw = False
50.1820 	EXP 	fixation: autoDraw = False
50.1820 	EXP 	Target: image = 'images/WinProbe.bmp'
50.1820 	EXP 	Target: autoDraw = True
50.6450 	EXP 	Target: autoDraw = False
50.6450 	EXP 	Target: autoDraw = False
50.6450 	EXP 	feedbackMsg: text = 'You pressed too slow!\n\nYou did not win $0.20!'
50.6450 	EXP 	feedbackMsg: autoDraw = True
50.6901 	DATA 	Keypress: 1
50.8990 	DATA 	Keypress: 5
51.6910 	DATA 	Keypress: 5
52.1051 	EXP 	New trial (rep=0, index=4): OrderedDict([('Condition', 'LgReward'), ('FixationDur', 2000)])
52.1455 	EXP 	feedbackMsg: autoDraw = False
52.1455 	EXP 	feedbackMsg: autoDraw = False
52.1455 	EXP 	cueImage: image = 'images/WinBig.bmp'
52.1455 	EXP 	cueImage: autoDraw = True
52.4411 	DATA 	Keypress: 5
53.2310 	DATA 	Keypress: 5
53.9822 	DATA 	Keypress: 5
54.1663 	EXP 	cueImage: autoDraw = False
54.1663 	EXP 	fixation: autoDraw = True
54.7775 	DATA 	Keypress: 5
55.5683 	DATA 	Keypress: 5
56.1817 	EXP 	fixation: autoDraw = False
56.1817 	EXP 	fixation: autoDraw = False
56.1817 	EXP 	Target: image = 'images/WinProbe.bmp'
56.1817 	EXP 	Target: autoDraw = True
56.3577 	DATA 	Keypress: 5
56.6185 	DATA 	Keypress: 1
56.6450 	EXP 	Target: autoDraw = False
56.6450 	EXP 	Target: autoDraw = False
56.6450 	EXP 	feedbackMsg: text = 'You pressed too slow!\n\nYou did not win $5.00!'
56.6450 	EXP 	feedbackMsg: autoDraw = True
57.1081 	DATA 	Keypress: 5
57.8988 	DATA 	Keypress: 5
58.1054 	EXP 	New trial (rep=0, index=5): OrderedDict([('Condition', 'Triangle'), ('FixationDur', 3000)])
58.1457 	EXP 	feedbackMsg: autoDraw = False
58.1457 	EXP 	feedbackMsg: autoDraw = False
58.1457 	EXP 	cueImage: image = 'images/Neutral.bmp'
58.1457 	EXP 	cueImage: autoDraw = True
58.6910 	DATA 	Keypress: 5
59.4412 	DATA 	Keypress: 5
60.1669 	EXP 	cueImage: autoDraw = False
60.1669 	EXP 	fixation: autoDraw = True
60.2349 	DATA 	Keypress: 5
60.9855 	DATA 	Keypress: 5
61.7770 	DATA 	Keypress: 5
62.5700 	DATA 	Keypress: 5
63.1680 	EXP 	fixation: autoDraw = False
63.1680 	EXP 	fixation: autoDraw = False
63.1680 	EXP 	Target: image = 'images/NeutralProbe.bmp'
63.1680 	EXP 	Target: autoDraw = True
63.3585 	DATA 	Keypress: 5
63.6454 	EXP 	Target: autoDraw = False
63.6454 	EXP 	Target: autoDraw = False
63.6454 	EXP 	feedbackMsg: text = 'You pressed too slow!\n\nYou did not win or lose anything!'
63.6454 	EXP 	feedbackMsg: autoDraw = True
63.8574 	DATA 	Keypress: 1
64.1062 	DATA 	Keypress: 5
64.9000 	DATA 	Keypress: 5
65.1058 	EXP 	New trial (rep=0, index=6): OrderedDict([('Condition', 'SmallPun'), ('FixationDur', 1500)])
65.1459 	EXP 	feedbackMsg: autoDraw = False
65.1459 	EXP 	feedbackMsg: autoDraw = False
65.1459 	EXP 	cueImage: image = 'images/LoseSmall.bmp'
65.1459 	EXP 	cueImage: autoDraw = True
65.6910 	DATA 	Keypress: 5
66.4432 	DATA 	Keypress: 5
67.1676 	EXP 	cueImage: autoDraw = False
67.1676 	EXP 	cueImage: autoDraw = False
67.1676 	EXP 	fixation: autoDraw = True
67.2349 	DATA 	Keypress: 5
68.0283 	DATA 	Keypress: 5
68.6679 	EXP 	fixation: autoDraw = False
68.6679 	EXP 	fixation: autoDraw = False
68.6679 	EXP 	Target: image = 'images/LoseProbe.bmp'
68.6679 	EXP 	Target: autoDraw = True
68.7738 	DATA 	Keypress: 5
69.1166 	DATA 	Keypress: 1
69.1457 	EXP 	Target: autoDraw = False
69.1457 	EXP 	Target: autoDraw = False
69.1457 	EXP 	feedbackMsg: text = 'You pressed too slow!\n\nYou lost $0.20!'
69.1457 	EXP 	feedbackMsg: autoDraw = True
69.5661 	DATA 	Keypress: 5
70.3584 	DATA 	Keypress: 5
70.6060 	EXP 	New trial (rep=0, index=7): OrderedDict([('Condition', 'LgPun'), ('FixationDur', 2000)])
70.6461 	EXP 	feedbackMsg: autoDraw = False
70.6461 	EXP 	feedbackMsg: autoDraw = False
70.6461 	EXP 	cueImage: image = 'images/LoseBig.bmp'
70.6461 	EXP 	cueImage: autoDraw = True
71.1079 	DATA 	Keypress: 5
71.8995 	DATA 	Keypress: 5
72.6529 	EXP 	cueImage: autoDraw = False
72.6529 	EXP 	cueImage: autoDraw = False
72.6529 	EXP 	fixation: autoDraw = True
72.6564 	DATA 	Keypress: 5
73.4422 	DATA 	Keypress: 5
74.2352 	DATA 	Keypress: 5
74.6684 	EXP 	fixation: autoDraw = False
74.6684 	EXP 	fixation: autoDraw = False
74.6684 	EXP 	Target: image = 'images/LoseProbe.bmp'
74.6684 	EXP 	Target: autoDraw = True
75.0252 	DATA 	Keypress: 5
75.1178 	DATA 	Keypress: 1
75.1462 	EXP 	Target: autoDraw = False
75.1462 	EXP 	Target: autoDraw = False
75.1462 	EXP 	feedbackMsg: text = 'You pressed too slow!\n\nYou lost $5.00!'
75.1462 	EXP 	feedbackMsg: autoDraw = True
75.7741 	DATA 	Keypress: 5
76.5660 	DATA 	Keypress: 5
76.6064 	EXP 	New trial (rep=0, index=8): OrderedDict([('Condition', 'LgReward'), ('FixationDur', 3000)])
76.6466 	EXP 	feedbackMsg: autoDraw = False
76.6466 	EXP 	feedbackMsg: autoDraw = False
76.6466 	EXP 	cueImage: image = 'images/WinBig.bmp'
76.6466 	EXP 	cueImage: autoDraw = True
77.3589 	DATA 	Keypress: 5
78.1079 	DATA 	Keypress: 5
78.6533 	EXP 	cueImage: autoDraw = False
78.6533 	EXP 	cueImage: autoDraw = False
78.6533 	EXP 	fixation: autoDraw = True
78.9027 	DATA 	Keypress: 5
79.6940 	DATA 	Keypress: 5
80.4454 	DATA 	Keypress: 5
81.2344 	DATA 	Keypress: 5
81.6757 	EXP 	fixation: autoDraw = False
81.6757 	EXP 	fixation: autoDraw = False
81.6757 	EXP 	Target: image = 'images/WinProbe.bmp'
81.6757 	EXP 	Target: autoDraw = True
82.0278 	DATA 	Keypress: 5
82.1484 	EXP 	Target: autoDraw = False
82.1484 	EXP 	Target: autoDraw = False
82.1484 	EXP 	feedbackMsg: text = 'You pressed too slow!\n\nYou did not win $5.00!'
82.1484 	EXP 	feedbackMsg: autoDraw = True
82.2382 	DATA 	Keypress: 1
82.7781 	DATA 	Keypress: 5
83.5683 	DATA 	Keypress: 5
83.6102 	EXP 	New trial (rep=0, index=9): OrderedDict([('Condition', 'LgPun'), ('FixationDur', 2000)])
83.6471 	EXP 	feedbackMsg: autoDraw = False
83.6471 	EXP 	feedbackMsg: autoDraw = False
83.6471 	EXP 	cueImage: image = 'images/LoseBig.bmp'
83.6471 	EXP 	cueImage: autoDraw = True
84.3582 	DATA 	Keypress: 5
85.1109 	DATA 	Keypress: 5
85.6556 	EXP 	cueImage: autoDraw = False
85.6556 	EXP 	cueImage: autoDraw = False
85.6556 	EXP 	fixation: autoDraw = True
85.9034 	DATA 	Keypress: 5
86.6960 	DATA 	Keypress: 5
87.4453 	DATA 	Keypress: 5
87.6712 	EXP 	fixation: autoDraw = False
87.6712 	EXP 	fixation: autoDraw = False
87.6712 	EXP 	Target: image = 'images/LoseProbe.bmp'
87.6712 	EXP 	Target: autoDraw = True
88.0256 	DATA 	Keypress: 1
88.1467 	EXP 	Target: autoDraw = False
88.1467 	EXP 	Target: autoDraw = False
88.1467 	EXP 	feedbackMsg: text = 'Correct Response!\n\nYou did not lose $5.00!'
88.1467 	EXP 	feedbackMsg: autoDraw = True
88.2330 	DATA 	Keypress: 5
89.0245 	DATA 	Keypress: 5
89.6067 	EXP 	New trial (rep=0, index=10): OrderedDict([('Condition', 'Triangle'), ('FixationDur', 4000)])
89.6467 	EXP 	feedbackMsg: autoDraw = False
89.6467 	EXP 	feedbackMsg: autoDraw = False
89.6467 	EXP 	cueImage: image = 'images/Neutral.bmp'
89.6467 	EXP 	cueImage: autoDraw = True
89.7755 	DATA 	Keypress: 5
90.5664 	DATA 	Keypress: 5
91.3576 	DATA 	Keypress: 5
91.6547 	EXP 	cueImage: autoDraw = False
91.6547 	EXP 	cueImage: autoDraw = False
91.6547 	EXP 	fixation: autoDraw = True
92.1137 	DATA 	Keypress: 5
92.9036 	DATA 	Keypress: 5
93.6942 	DATA 	Keypress: 5
94.4446 	DATA 	Keypress: 5
95.2384 	DATA 	Keypress: 5
95.6711 	EXP 	fixation: autoDraw = False
95.6711 	EXP 	fixation: autoDraw = False
95.6711 	EXP 	Target: image = 'images/NeutralProbe.bmp'
95.6711 	EXP 	Target: autoDraw = True
96.0264 	DATA 	Keypress: 5
96.1469 	EXP 	Target: autoDraw = False
96.1469 	EXP 	Target: autoDraw = False
96.1469 	EXP 	feedbackMsg: text = 'You pressed too slow!\n\nYou did not win or lose anything!'
96.1469 	EXP 	feedbackMsg: autoDraw = True
96.2349 	DATA 	Keypress: 1
96.7758 	DATA 	Keypress: 5
97.5663 	DATA 	Keypress: 5
97.6069 	EXP 	New trial (rep=0, index=11): OrderedDict([('Condition', 'SmallPun'), ('FixationDur', 3500)])
97.6471 	EXP 	feedbackMsg: autoDraw = False
97.6471 	EXP 	feedbackMsg: autoDraw = False
97.6471 	EXP 	cueImage: image = 'images/LoseSmall.bmp'
97.6471 	EXP 	cueImage: autoDraw = True
98.3580 	DATA 	Keypress: 5
99.1090 	DATA 	Keypress: 5
99.6556 	EXP 	cueImage: autoDraw = False
99.6556 	EXP 	cueImage: autoDraw = False
99.6556 	EXP 	fixation: autoDraw = True
99.9042 	DATA 	Keypress: 5
100.6938 	DATA 	Keypress: 5
101.4441 	DATA 	Keypress: 5
102.2391 	DATA 	Keypress: 5
103.0282 	DATA 	Keypress: 5
103.1718 	EXP 	fixation: autoDraw = False
103.1718 	EXP 	fixation: autoDraw = False
103.1718 	EXP 	Target: image = 'images/LoseProbe.bmp'
103.1718 	EXP 	Target: autoDraw = True
103.6182 	DATA 	Keypress: 1
103.6474 	EXP 	Target: autoDraw = False
103.6474 	EXP 	Target: autoDraw = False
103.6474 	EXP 	feedbackMsg: text = 'You pressed too slow!\n\nYou lost $0.20!'
103.6474 	EXP 	feedbackMsg: autoDraw = True
103.8187 	DATA 	Keypress: 5
104.5680 	DATA 	Keypress: 5
105.1076 	EXP 	New trial (rep=0, index=12): OrderedDict([('Condition', 'SmallPun'), ('FixationDur', 1500)])
105.1479 	EXP 	feedbackMsg: autoDraw = False
105.1479 	EXP 	feedbackMsg: autoDraw = False
105.1479 	EXP 	cueImage: image = 'images/LoseSmall.bmp'
105.1479 	EXP 	cueImage: autoDraw = True
105.3590 	DATA 	Keypress: 5
106.1512 	DATA 	Keypress: 5
106.9032 	DATA 	Keypress: 5
107.1566 	EXP 	cueImage: autoDraw = False
107.1566 	EXP 	cueImage: autoDraw = False
107.1566 	EXP 	fixation: autoDraw = True
107.6949 	DATA 	Keypress: 5
108.4448 	DATA 	Keypress: 5
108.6722 	EXP 	fixation: autoDraw = False
108.6722 	EXP 	fixation: autoDraw = False
108.6722 	EXP 	Target: image = 'images/LoseProbe.bmp'
108.6722 	EXP 	Target: autoDraw = True
109.1476 	EXP 	Target: autoDraw = False
109.1476 	EXP 	Target: autoDraw = False
109.1476 	EXP 	feedbackMsg: text = 'You pressed too slow!\n\nYou lost $0.20!'
109.1476 	EXP 	feedbackMsg: autoDraw = True
109.2340 	DATA 	Keypress: 1
109.2363 	DATA 	Keypress: 5
110.0266 	DATA 	Keypress: 5
110.6077 	EXP 	New trial (rep=0, index=13): OrderedDict([('Condition', 'LgPun'), ('FixationDur', 1500)])
110.6482 	EXP 	feedbackMsg: autoDraw = False
110.6482 	EXP 	feedbackMsg: autoDraw = False
110.6482 	EXP 	cueImage: image = 'images/LoseBig.bmp'
110.6482 	EXP 	cueImage: autoDraw = True
110.8182 	DATA 	Keypress: 5
111.5686 	DATA 	Keypress: 5
112.3597 	DATA 	Keypress: 5
112.6575 	EXP 	cueImage: autoDraw = False
112.6575 	EXP 	cueImage: autoDraw = False
112.6575 	EXP 	fixation: autoDraw = True
113.1134 	DATA 	Keypress: 5
113.9036 	DATA 	Keypress: 5
114.1728 	EXP 	fixation: autoDraw = False
114.1728 	EXP 	fixation: autoDraw = False
114.1728 	EXP 	Target: image = 'images/LoseProbe.bmp'
114.1728 	EXP 	Target: autoDraw = True
114.6479 	EXP 	Target: autoDraw = False
114.6479 	EXP 	Target: autoDraw = False
114.6479 	EXP 	feedbackMsg: text = 'You pressed too slow!\n\nYou lost $5.00!'
114.6479 	EXP 	feedbackMsg: autoDraw = True
114.6929 	DATA 	Keypress: 5
114.8165 	DATA 	Keypress: 1
115.4857 	DATA 	Keypress: 5
116.1081 	EXP 	New trial (rep=0, index=14): OrderedDict([('Condition', 'SmallReward'), ('FixationDur', 2000)])
116.1480 	EXP 	feedbackMsg: autoDraw = False
116.1480 	EXP 	feedbackMsg: autoDraw = False
116.1480 	EXP 	cueImage: image = 'images/WinSmall.bmp'
116.1480 	EXP 	cueImage: autoDraw = True
116.2356 	DATA 	Keypress: 5
117.0262 	DATA 	Keypress: 5
117.8205 	DATA 	Keypress: 5
118.1581 	EXP 	cueImage: autoDraw = False
118.1581 	EXP 	cueImage: autoDraw = False
118.1581 	EXP 	fixation: autoDraw = True
118.5699 	DATA 	Keypress: 5
119.3651 	DATA 	Keypress: 5
120.1649 	DATA 	Keypress: 5
120.1825 	EXP 	fixation: autoDraw = False
120.1825 	EXP 	fixation: autoDraw = False
120.1825 	EXP 	Target: image = 'images/WinProbe.bmp'
120.1825 	EXP 	Target: autoDraw = True
120.5697 	DATA 	Keypress: 1
120.6482 	EXP 	Target: autoDraw = False
120.6482 	EXP 	Target: autoDraw = False
120.6482 	EXP 	feedbackMsg: text = 'Correct Response!\n\nYou won $0.20!'
120.6482 	EXP 	feedbackMsg: autoDraw = True
120.9027 	DATA 	Keypress: 5
121.6929 	DATA 	Keypress: 5
122.1083 	EXP 	New trial (rep=0, index=15): OrderedDict([('Condition', 'SmallPun'), ('FixationDur', 2000)])
122.1487 	EXP 	feedbackMsg: autoDraw = False
122.1487 	EXP 	feedbackMsg: autoDraw = False
122.1487 	EXP 	cueImage: image = 'images/LoseSmall.bmp'
122.1487 	EXP 	cueImage: autoDraw = True
122.4848 	DATA 	Keypress: 5
123.2342 	DATA 	Keypress: 5
124.0264 	DATA 	Keypress: 5
124.1563 	EXP 	cueImage: autoDraw = False
124.1563 	EXP 	cueImage: autoDraw = False
124.1563 	EXP 	fixation: autoDraw = True
124.8168 	DATA 	Keypress: 5
125.5667 	DATA 	Keypress: 5
126.1571 	EXP 	fixation: autoDraw = False
126.1571 	EXP 	fixation: autoDraw = False
126.1571 	EXP 	Target: image = 'images/LoseProbe.bmp'
126.1571 	EXP 	Target: autoDraw = True
126.3589 	DATA 	Keypress: 5
126.6497 	EXP 	Target: autoDraw = False
126.6497 	EXP 	Target: autoDraw = False
126.6497 	EXP 	feedbackMsg: text = 'You pressed too slow!\n\nYou lost $0.20!'
126.6497 	EXP 	feedbackMsg: autoDraw = True
126.8211 	DATA 	Keypress: 1
127.1537 	DATA 	Keypress: 5
127.9023 	DATA 	Keypress: 5
128.1100 	EXP 	New trial (rep=0, index=16): OrderedDict([('Condition', 'LgPun'), ('FixationDur', 1500)])
128.1498 	EXP 	feedbackMsg: autoDraw = False
128.1498 	EXP 	feedbackMsg: autoDraw = False
128.1498 	EXP 	cueImage: image = 'images/LoseBig.bmp'
128.1498 	EXP 	cueImage: autoDraw = True
128.6938 	DATA 	Keypress: 5
129.4857 	DATA 	Keypress: 5
130.1541 	EXP 	cueImage: autoDraw = False
130.1541 	EXP 	cueImage: autoDraw = False
130.1541 	EXP 	fixation: autoDraw = True
130.2390 	DATA 	Keypress: 5
131.0290 	DATA 	Keypress: 5
131.6672 	EXP 	fixation: autoDraw = False
131.6672 	EXP 	fixation: autoDraw = False
131.6672 	EXP 	Target: image = 'images/LoseProbe.bmp'
131.6672 	EXP 	Target: autoDraw = True
131.8202 	DATA 	Keypress: 5
132.1485 	EXP 	Target: autoDraw = False
132.1485 	EXP 	Target: autoDraw = False
132.1485 	EXP 	feedbackMsg: text = 'You pressed too slow!\n\nYou lost $5.00!'
132.1485 	EXP 	feedbackMsg: autoDraw = True
132.5693 	DATA 	Keypress: 5
133.3605 	DATA 	Keypress: 5
133.6087 	EXP 	New trial (rep=0, index=17): OrderedDict([('Condition', 'LgReward'), ('FixationDur', 3500)])
133.6482 	EXP 	feedbackMsg: autoDraw = False
133.6482 	EXP 	feedbackMsg: autoDraw = False
133.6482 	EXP 	cueImage: image = 'images/WinBig.bmp'
133.6482 	EXP 	cueImage: autoDraw = True
134.1518 	DATA 	Keypress: 5
134.9056 	DATA 	Keypress: 5
135.6541 	EXP 	cueImage: autoDraw = False
135.6541 	EXP 	cueImage: autoDraw = False
135.6541 	EXP 	fixation: autoDraw = True
135.6954 	DATA 	Keypress: 5
136.4907 	DATA 	Keypress: 5
137.2403 	DATA 	Keypress: 5
138.0307 	DATA 	Keypress: 5
138.8214 	DATA 	Keypress: 5
139.1913 	EXP 	fixation: autoDraw = False
139.1913 	EXP 	fixation: autoDraw = False
139.1913 	EXP 	Target: image = 'images/WinProbe.bmp'
139.1913 	EXP 	Target: autoDraw = True
139.5724 	DATA 	Keypress: 5
139.6528 	EXP 	Target: autoDraw = False
139.6528 	EXP 	Target: autoDraw = False
139.6528 	EXP 	feedbackMsg: text = 'You pressed too slow!\n\nYou did not win $5.00!'
139.6528 	EXP 	feedbackMsg: autoDraw = True
140.0322 	DATA 	Keypress: 1
140.3630 	DATA 	Keypress: 5
141.1111 	EXP 	New trial (rep=0, index=18): OrderedDict([('Condition', 'Triangle'), ('FixationDur', 1500)])
141.1492 	EXP 	feedbackMsg: autoDraw = False
141.1492 	EXP 	feedbackMsg: autoDraw = False
141.1492 	EXP 	cueImage: image = 'images/Neutral.bmp'
141.1492 	EXP 	cueImage: autoDraw = True
141.1535 	DATA 	Keypress: 5
141.9054 	DATA 	Keypress: 5
142.6950 	DATA 	Keypress: 5
143.1599 	EXP 	cueImage: autoDraw = False
143.1599 	EXP 	cueImage: autoDraw = False
143.1599 	EXP 	fixation: autoDraw = True
143.4909 	DATA 	Keypress: 5
144.2398 	DATA 	Keypress: 5
144.6683 	EXP 	fixation: autoDraw = False
144.6683 	EXP 	fixation: autoDraw = False
144.6683 	EXP 	Target: image = 'images/NeutralProbe.bmp'
144.6683 	EXP 	Target: autoDraw = True
145.0276 	DATA 	Keypress: 5
145.1493 	EXP 	Target: autoDraw = False
145.1493 	EXP 	Target: autoDraw = False
145.1493 	EXP 	feedbackMsg: text = 'You pressed too slow!\n\nYou did not win or lose anything!'
145.1493 	EXP 	feedbackMsg: autoDraw = True
145.2376 	DATA 	Keypress: 1
145.8195 	DATA 	Keypress: 5
146.5692 	DATA 	Keypress: 5
146.6095 	EXP 	New trial (rep=0, index=19): OrderedDict([('Condition', 'SmallPun'), ('FixationDur', 2000)])
146.6496 	EXP 	feedbackMsg: autoDraw = False
146.6496 	EXP 	feedbackMsg: autoDraw = False
146.6496 	EXP 	cueImage: image = 'images/LoseSmall.bmp'
146.6496 	EXP 	cueImage: autoDraw = True
147.3617 	DATA 	Keypress: 5
148.1535 	DATA 	Keypress: 5
148.6625 	EXP 	cueImage: autoDraw = False
148.6625 	EXP 	cueImage: autoDraw = False
148.6625 	EXP 	fixation: autoDraw = True
148.9051 	DATA 	Keypress: 5
149.6977 	DATA 	Keypress: 5
150.4910 	DATA 	Keypress: 5
150.6690 	EXP 	fixation: autoDraw = False
150.6690 	EXP 	fixation: autoDraw = False
150.6690 	EXP 	Target: image = 'images/LoseProbe.bmp'
150.6690 	EXP 	Target: autoDraw = True
151.1494 	EXP 	Target: autoDraw = False
151.1494 	EXP 	Target: autoDraw = False
151.1494 	EXP 	feedbackMsg: text = 'You pressed too slow!\n\nYou lost $0.20!'
151.1494 	EXP 	feedbackMsg: autoDraw = True
151.2790 	DATA 	Keypress: 5
152.0265 	DATA 	Keypress: 5
152.6100 	EXP 	New trial (rep=0, index=20): OrderedDict([('Condition', 'Triangle'), ('FixationDur', 2000)])
152.6498 	EXP 	feedbackMsg: autoDraw = False
152.6498 	EXP 	feedbackMsg: autoDraw = False
152.6498 	EXP 	cueImage: image = 'images/Neutral.bmp'
152.6498 	EXP 	cueImage: autoDraw = True
152.8191 	DATA 	Keypress: 5
153.6119 	DATA 	Keypress: 5
154.3618 	DATA 	Keypress: 5
154.6558 	EXP 	cueImage: autoDraw = False
154.6558 	EXP 	cueImage: autoDraw = False
154.6558 	EXP 	fixation: autoDraw = True
155.1566 	DATA 	Keypress: 5
155.9057 	DATA 	Keypress: 5
156.6690 	EXP 	fixation: autoDraw = False
156.6690 	EXP 	fixation: autoDraw = False
156.6690 	EXP 	Target: image = 'images/NeutralProbe.bmp'
156.6690 	EXP 	Target: autoDraw = True
156.6944 	DATA 	Keypress: 5
157.0697 	DATA 	Keypress: 1
157.1498 	EXP 	Target: autoDraw = False
157.1498 	EXP 	Target: autoDraw = False
157.1498 	EXP 	feedbackMsg: text = 'Correct Response!\n\nYou did not win or lose anything!'
157.1498 	EXP 	feedbackMsg: autoDraw = True
157.4871 	DATA 	Keypress: 5
158.2789 	DATA 	Keypress: 5
158.6100 	EXP 	New trial (rep=0, index=21): OrderedDict([('Condition', 'SmallReward'), ('FixationDur', 1500)])
158.6504 	EXP 	feedbackMsg: autoDraw = False
158.6504 	EXP 	feedbackMsg: autoDraw = False
158.6504 	EXP 	cueImage: image = 'images/WinSmall.bmp'
158.6504 	EXP 	cueImage: autoDraw = True
159.0286 	DATA 	Keypress: 5
159.8219 	DATA 	Keypress: 5
160.6475 	DATA 	Keypress: 5
160.6637 	EXP 	cueImage: autoDraw = False
160.6637 	EXP 	cueImage: autoDraw = False
160.6637 	EXP 	fixation: autoDraw = True
161.3662 	DATA 	Keypress: 5
162.1675 	DATA 	Keypress: 5
162.1852 	EXP 	fixation: autoDraw = False
162.1852 	EXP 	fixation: autoDraw = False
162.1852 	EXP 	Target: image = 'images/WinProbe.bmp'
162.1852 	EXP 	Target: autoDraw = True
162.6237 	DATA 	Keypress: 1
162.6538 	EXP 	Target: autoDraw = False
162.6538 	EXP 	Target: autoDraw = False
162.6538 	EXP 	feedbackMsg: text = 'You pressed too slow!\n\nYou did not win $0.20!'
162.6538 	EXP 	feedbackMsg: autoDraw = True
162.9070 	DATA 	Keypress: 5
163.6987 	DATA 	Keypress: 5
164.1119 	EXP 	New trial (rep=0, index=22): OrderedDict([('Condition', 'Triangle'), ('FixationDur', 1500)])
164.1505 	EXP 	feedbackMsg: autoDraw = False
164.1505 	EXP 	feedbackMsg: autoDraw = False
164.1505 	EXP 	cueImage: image = 'images/Neutral.bmp'
164.1505 	EXP 	cueImage: autoDraw = True
164.4894 	DATA 	Keypress: 5
165.2791 	DATA 	Keypress: 5
166.0284 	DATA 	Keypress: 5
166.1643 	EXP 	cueImage: autoDraw = False
166.1643 	EXP 	cueImage: autoDraw = False
166.1643 	EXP 	fixation: autoDraw = True
166.8238 	DATA 	Keypress: 5
167.6521 	DATA 	Keypress: 5
167.6703 	EXP 	fixation: autoDraw = False
167.6703 	EXP 	fixation: autoDraw = False
167.6703 	EXP 	Target: image = 'images/NeutralProbe.bmp'
167.6703 	EXP 	Target: autoDraw = True
168.1501 	EXP 	Target: autoDraw = False
168.1501 	EXP 	Target: autoDraw = False
168.1501 	EXP 	feedbackMsg: text = 'You pressed too slow!\n\nYou did not win or lose anything!'
168.1501 	EXP 	feedbackMsg: autoDraw = True
168.3615 	DATA 	Keypress: 5
169.1537 	DATA 	Keypress: 5
169.6104 	EXP 	New trial (rep=0, index=23): OrderedDict([('Condition', 'SmallReward'), ('FixationDur', 3000)])
169.6507 	EXP 	feedbackMsg: autoDraw = False
169.6507 	EXP 	feedbackMsg: autoDraw = False
169.6507 	EXP 	cueImage: image = 'images/WinSmall.bmp'
169.6507 	EXP 	cueImage: autoDraw = True
169.9458 	DATA 	Keypress: 5
170.6959 	DATA 	Keypress: 5
171.4872 	DATA 	Keypress: 5
171.6649 	EXP 	cueImage: autoDraw = False
171.6649 	EXP 	cueImage: autoDraw = False
171.6649 	EXP 	fixation: autoDraw = True
172.2828 	DATA 	Keypress: 5
173.0314 	DATA 	Keypress: 5
173.8227 	DATA 	Keypress: 5
174.6747 	DATA 	Keypress: 5
174.6941 	EXP 	fixation: autoDraw = False
174.6941 	EXP 	fixation: autoDraw = False
174.6941 	EXP 	Target: image = 'images/WinProbe.bmp'
174.6941 	EXP 	Target: autoDraw = True
175.1540 	EXP 	Target: autoDraw = False
175.1540 	EXP 	Target: autoDraw = False
175.1540 	EXP 	feedbackMsg: text = 'You pressed too slow!\n\nYou did not win $0.20!'
175.1540 	EXP 	feedbackMsg: autoDraw = True
175.3630 	DATA 	Keypress: 5
175.3644 	DATA 	Keypress: 1
176.1570 	DATA 	Keypress: 5
176.6123 	EXP 	New trial (rep=0, index=24): OrderedDict([('Condition', 'LgReward'), ('FixationDur', 1500)])
176.6528 	EXP 	feedbackMsg: autoDraw = False
176.6528 	EXP 	feedbackMsg: autoDraw = False
176.6528 	EXP 	cueImage: image = 'images/WinBig.bmp'
176.6528 	EXP 	cueImage: autoDraw = True
176.9469 	DATA 	Keypress: 5
177.6958 	DATA 	Keypress: 5
178.4886 	DATA 	Keypress: 5
178.6652 	EXP 	cueImage: autoDraw = False
178.6652 	EXP 	cueImage: autoDraw = False
178.6652 	EXP 	fixation: autoDraw = True
179.2798 	DATA 	Keypress: 5
180.0295 	DATA 	Keypress: 5
180.1805 	EXP 	fixation: autoDraw = False
180.1805 	EXP 	fixation: autoDraw = False
180.1805 	EXP 	Target: image = 'images/WinProbe.bmp'
180.1805 	EXP 	Target: autoDraw = True
180.6506 	EXP 	Target: autoDraw = False
180.6506 	EXP 	Target: autoDraw = False
180.6506 	EXP 	feedbackMsg: text = 'You pressed too slow!\n\nYou did not win $5.00!'
180.6506 	EXP 	feedbackMsg: autoDraw = True
180.8210 	DATA 	Keypress: 5
181.6138 	DATA 	Keypress: 5
182.1132 	EXP 	New trial (rep=0, index=25): OrderedDict([('Condition', 'Triangle'), ('FixationDur', 2000)])
182.1528 	EXP 	feedbackMsg: autoDraw = False
182.1528 	EXP 	feedbackMsg: autoDraw = False
182.1528 	EXP 	cueImage: image = 'images/Neutral.bmp'
182.1528 	EXP 	cueImage: autoDraw = True
182.3616 	DATA 	Keypress: 5
183.1561 	DATA 	Keypress: 5
183.9480 	DATA 	Keypress: 5
184.1559 	EXP 	cueImage: autoDraw = False
184.1559 	EXP 	cueImage: autoDraw = False
184.1559 	EXP 	fixation: autoDraw = True
184.6987 	DATA 	Keypress: 5
185.4917 	DATA 	Keypress: 5
186.1692 	EXP 	fixation: autoDraw = False
186.1692 	EXP 	fixation: autoDraw = False
186.1692 	EXP 	Target: image = 'images/NeutralProbe.bmp'
186.1692 	EXP 	Target: autoDraw = True
186.2803 	DATA 	Keypress: 5
186.6514 	EXP 	Target: autoDraw = False
186.6514 	EXP 	Target: autoDraw = False
186.6514 	EXP 	feedbackMsg: text = 'You pressed too slow!\n\nYou did not win or lose anything!'
186.6514 	EXP 	feedbackMsg: autoDraw = True
186.6971 	DATA 	Keypress: 1
187.0295 	DATA 	Keypress: 5
187.8225 	DATA 	Keypress: 5
188.1112 	EXP 	New trial (rep=0, index=26): OrderedDict([('Condition', 'SmallReward'), ('FixationDur', 2000)])
188.1517 	EXP 	feedbackMsg: autoDraw = False
188.1517 	EXP 	feedbackMsg: autoDraw = False
188.1517 	EXP 	cueImage: image = 'images/WinSmall.bmp'
188.1517 	EXP 	cueImage: autoDraw = True
188.6136 	DATA 	Keypress: 5
189.3629 	DATA 	Keypress: 5
190.1473 	DATA 	Keypress: 5
190.1675 	EXP 	cueImage: autoDraw = False
190.1675 	EXP 	cueImage: autoDraw = False
190.1675 	EXP 	fixation: autoDraw = True
190.9500 	DATA 	Keypress: 5
191.7002 	DATA 	Keypress: 5
192.1839 	EXP 	fixation: autoDraw = False
192.1839 	EXP 	fixation: autoDraw = False
192.1839 	EXP 	Target: image = 'images/WinProbe.bmp'
192.1839 	EXP 	Target: autoDraw = True
192.4899 	DATA 	Keypress: 5
192.5730 	DATA 	Keypress: 1
192.6532 	EXP 	Target: autoDraw = False
192.6532 	EXP 	Target: autoDraw = False
192.6532 	EXP 	feedbackMsg: text = 'Correct Response!\n\nYou won $0.20!'
192.6532 	EXP 	feedbackMsg: autoDraw = True
193.2826 	DATA 	Keypress: 5
194.0315 	DATA 	Keypress: 5
194.1143 	EXP 	New trial (rep=0, index=27): OrderedDict([('Condition', 'SmallPun'), ('FixationDur', 1500)])
194.1536 	EXP 	feedbackMsg: autoDraw = False
194.1536 	EXP 	feedbackMsg: autoDraw = False
194.1536 	EXP 	cueImage: image = 'images/LoseSmall.bmp'
194.1536 	EXP 	cueImage: autoDraw = True
194.8243 	DATA 	Keypress: 5
195.6124 	DATA 	Keypress: 5
196.1544 	EXP 	cueImage: autoDraw = False
196.1544 	EXP 	cueImage: autoDraw = False
196.1544 	EXP 	fixation: autoDraw = True
196.3676 	DATA 	Keypress: 5
197.1585 	DATA 	Keypress: 5
197.6694 	EXP 	fixation: autoDraw = False
197.6694 	EXP 	fixation: autoDraw = False
197.6694 	EXP 	Target: image = 'images/LoseProbe.bmp'
197.6694 	EXP 	Target: autoDraw = True
197.9471 	DATA 	Keypress: 5
198.0317 	DATA 	Keypress: 1
198.1516 	EXP 	Target: autoDraw = False
198.1516 	EXP 	Target: autoDraw = False
198.1516 	EXP 	feedbackMsg: text = 'Correct Response!\n\nYou did not lose $0.20!'
198.1516 	EXP 	feedbackMsg: autoDraw = True
198.7391 	DATA 	Keypress: 5
199.4885 	DATA 	Keypress: 5
199.6117 	EXP 	New trial (rep=0, index=28): OrderedDict([('Condition', 'SmallPun'), ('FixationDur', 3000)])
199.6509 	EXP 	feedbackMsg: autoDraw = False
199.6509 	EXP 	feedbackMsg: autoDraw = False
199.6509 	EXP 	cueImage: image = 'images/LoseSmall.bmp'
199.6509 	EXP 	cueImage: autoDraw = True
200.2790 	DATA 	Keypress: 5
201.0315 	DATA 	Keypress: 5
201.6554 	EXP 	cueImage: autoDraw = False
201.6554 	EXP 	cueImage: autoDraw = False
201.6554 	EXP 	fixation: autoDraw = True
201.8242 	DATA 	Keypress: 5
202.6173 	DATA 	Keypress: 5
203.3675 	DATA 	Keypress: 5
204.1585 	DATA 	Keypress: 5
204.6710 	EXP 	fixation: autoDraw = False
204.6710 	EXP 	fixation: autoDraw = False
204.6710 	EXP 	Target: image = 'images/LoseProbe.bmp'
204.6710 	EXP 	Target: autoDraw = True
204.9469 	DATA 	Keypress: 5
205.1515 	EXP 	Target: autoDraw = False
205.1515 	EXP 	Target: autoDraw = False
205.1515 	EXP 	feedbackMsg: text = 'You pressed too slow!\n\nYou lost $0.20!'
205.1515 	EXP 	feedbackMsg: autoDraw = True
205.1553 	DATA 	Keypress: 1
205.7400 	DATA 	Keypress: 5
206.4875 	DATA 	Keypress: 5
206.6123 	EXP 	New trial (rep=0, index=29): OrderedDict([('Condition', 'Triangle'), ('FixationDur', 1500)])
206.6518 	EXP 	feedbackMsg: autoDraw = False
206.6518 	EXP 	feedbackMsg: autoDraw = False
206.6518 	EXP 	cueImage: image = 'images/Neutral.bmp'
206.6518 	EXP 	cueImage: autoDraw = True
207.2811 	DATA 	Keypress: 5
208.0738 	DATA 	Keypress: 5
208.6703 	EXP 	cueImage: autoDraw = False
208.6703 	EXP 	cueImage: autoDraw = False
208.6703 	EXP 	fixation: autoDraw = True
208.8261 	DATA 	Keypress: 5
209.6161 	DATA 	Keypress: 5
210.1711 	EXP 	fixation: autoDraw = False
210.1711 	EXP 	fixation: autoDraw = False
210.1711 	EXP 	Target: image = 'images/NeutralProbe.bmp'
210.1711 	EXP 	Target: autoDraw = True
210.4057 	DATA 	Keypress: 5
210.6521 	EXP 	Target: autoDraw = False
210.6521 	EXP 	Target: autoDraw = False
210.6521 	EXP 	feedbackMsg: text = 'You pressed too slow!\n\nYou did not win or lose anything!'
210.6521 	EXP 	feedbackMsg: autoDraw = True
211.1548 	DATA 	Keypress: 5
211.9487 	DATA 	Keypress: 5
212.1126 	EXP 	New trial (rep=0, index=30): OrderedDict([('Condition', 'SmallReward'), ('FixationDur', 1500)])
212.1523 	EXP 	feedbackMsg: autoDraw = False
212.1523 	EXP 	feedbackMsg: autoDraw = False
212.1523 	EXP 	cueImage: image = 'images/WinSmall.bmp'
212.1523 	EXP 	cueImage: autoDraw = True
212.7388 	DATA 	Keypress: 5
213.4897 	DATA 	Keypress: 5
214.1708 	EXP 	cueImage: autoDraw = False
214.1708 	EXP 	cueImage: autoDraw = False
214.1708 	EXP 	fixation: autoDraw = True
214.2853 	DATA 	Keypress: 5
215.0348 	DATA 	Keypress: 5
215.6860 	EXP 	fixation: autoDraw = False
215.6860 	EXP 	fixation: autoDraw = False
215.6860 	EXP 	Target: image = 'images/WinProbe.bmp'
215.6860 	EXP 	Target: autoDraw = True
215.8219 	DATA 	Keypress: 5
216.1520 	EXP 	Target: autoDraw = False
216.1520 	EXP 	Target: autoDraw = False
216.1520 	EXP 	feedbackMsg: text = 'You pressed too slow!\n\nYou did not win $0.20!'
216.1520 	EXP 	feedbackMsg: autoDraw = True
216.5301 	DATA 	Keypress: 1
216.6139 	DATA 	Keypress: 5
217.4065 	DATA 	Keypress: 5
217.6128 	EXP 	New trial (rep=0, index=31): OrderedDict([('Condition', 'SmallReward'), ('FixationDur', 3500)])
217.6529 	EXP 	feedbackMsg: autoDraw = False
217.6529 	EXP 	feedbackMsg: autoDraw = False
217.6529 	EXP 	cueImage: image = 'images/WinSmall.bmp'
217.6529 	EXP 	cueImage: autoDraw = True
218.1561 	DATA 	Keypress: 5
218.9491 	DATA 	Keypress: 5
219.6709 	EXP 	cueImage: autoDraw = False
219.6709 	EXP 	cueImage: autoDraw = False
219.6709 	EXP 	fixation: autoDraw = True
219.7426 	DATA 	Keypress: 5
220.4918 	DATA 	Keypress: 5
221.2829 	DATA 	Keypress: 5
222.0755 	DATA 	Keypress: 5
222.8245 	DATA 	Keypress: 5
223.1886 	EXP 	fixation: autoDraw = False
223.1886 	EXP 	fixation: autoDraw = False
223.1886 	EXP 	Target: image = 'images/WinProbe.bmp'
223.1886 	EXP 	Target: autoDraw = True
223.5736 	DATA 	Keypress: 1
223.6250 	DATA 	Keypress: 5
223.6528 	EXP 	Target: autoDraw = False
223.6528 	EXP 	Target: autoDraw = False
223.6528 	EXP 	feedbackMsg: text = 'Correct Response!\n\nYou won $0.20!'
223.6528 	EXP 	feedbackMsg: autoDraw = True
224.4066 	DATA 	Keypress: 5
225.1117 	EXP 	New trial (rep=0, index=32): OrderedDict([('Condition', 'LgReward'), ('FixationDur', 1500)])
225.1522 	EXP 	feedbackMsg: autoDraw = False
225.1522 	EXP 	feedbackMsg: autoDraw = False
225.1522 	EXP 	cueImage: image = 'images/WinBig.bmp'
225.1522 	EXP 	cueImage: autoDraw = True
225.1558 	DATA 	Keypress: 5
225.9481 	DATA 	Keypress: 5
226.7407 	DATA 	Keypress: 5
227.1725 	EXP 	cueImage: autoDraw = False
227.1725 	EXP 	fixation: autoDraw = True
227.4922 	DATA 	Keypress: 5
228.2851 	DATA 	Keypress: 5
228.6896 	EXP 	fixation: autoDraw = False
228.6896 	EXP 	fixation: autoDraw = False
228.6896 	EXP 	Target: image = 'images/WinProbe.bmp'
228.6896 	EXP 	Target: autoDraw = True
229.0762 	DATA 	Keypress: 5
229.1545 	EXP 	Target: autoDraw = False
229.1545 	EXP 	Target: autoDraw = False
229.1545 	EXP 	feedbackMsg: text = 'You pressed too slow!\n\nYou did not win $5.00!'
229.1545 	EXP 	feedbackMsg: autoDraw = True
229.1587 	DATA 	Keypress: 1
229.8256 	DATA 	Keypress: 5
230.6155 	EXP 	New trial (rep=0, index=33): OrderedDict([('Condition', 'LgReward'), ('FixationDur', 2500)])
230.6391 	DATA 	Keypress: 5
230.6584 	EXP 	feedbackMsg: autoDraw = False
230.6584 	EXP 	feedbackMsg: autoDraw = False
230.6584 	EXP 	cueImage: image = 'images/WinBig.bmp'
230.6584 	EXP 	cueImage: autoDraw = True
231.4084 	DATA 	Keypress: 5
232.1584 	DATA 	Keypress: 5
232.6732 	EXP 	cueImage: autoDraw = False
232.6732 	EXP 	cueImage: autoDraw = False
232.6732 	EXP 	fixation: autoDraw = True
232.9508 	DATA 	Keypress: 5
233.7432 	DATA 	Keypress: 5
234.4937 	DATA 	Keypress: 5
235.1903 	EXP 	fixation: autoDraw = False
235.1903 	EXP 	fixation: autoDraw = False
235.1903 	EXP 	Target: image = 'images/WinProbe.bmp'
235.1903 	EXP 	Target: autoDraw = True
235.2829 	DATA 	Keypress: 5
235.6184 	DATA 	Keypress: 1
235.6532 	EXP 	Target: autoDraw = False
235.6532 	EXP 	Target: autoDraw = False
235.6532 	EXP 	feedbackMsg: text = 'You pressed too slow!\n\nYou did not win $5.00!'
235.6532 	EXP 	feedbackMsg: autoDraw = True
236.0757 	DATA 	Keypress: 5
236.8241 	DATA 	Keypress: 5
237.1171 	EXP 	New trial (rep=0, index=34): OrderedDict([('Condition', 'SmallPun'), ('FixationDur', 2500)])
237.1533 	EXP 	feedbackMsg: autoDraw = False
237.1533 	EXP 	feedbackMsg: autoDraw = False
237.1533 	EXP 	cueImage: image = 'images/LoseSmall.bmp'
237.1533 	EXP 	cueImage: autoDraw = True
237.6172 	DATA 	Keypress: 5
238.4073 	DATA 	Keypress: 5
239.1610 	EXP 	cueImage: autoDraw = False
239.1610 	EXP 	cueImage: autoDraw = False
239.1610 	EXP 	fixation: autoDraw = True
239.1656 	DATA 	Keypress: 5
239.9523 	DATA 	Keypress: 5
240.7429 	DATA 	Keypress: 5
241.4910 	DATA 	Keypress: 5
241.6745 	EXP 	fixation: autoDraw = False
241.6745 	EXP 	fixation: autoDraw = False
241.6745 	EXP 	Target: image = 'images/LoseProbe.bmp'
241.6745 	EXP 	Target: autoDraw = True
242.1279 	DATA 	Keypress: 1
242.1542 	EXP 	Target: autoDraw = False
242.1542 	EXP 	Target: autoDraw = False
242.1542 	EXP 	feedbackMsg: text = 'You pressed too slow!\n\nYou lost $0.20!'
242.1542 	EXP 	feedbackMsg: autoDraw = True
242.2827 	DATA 	Keypress: 5
243.0738 	DATA 	Keypress: 5
243.6139 	EXP 	New trial (rep=0, index=35): OrderedDict([('Condition', 'SmallPun'), ('FixationDur', 4000)])
243.6542 	EXP 	feedbackMsg: autoDraw = False
243.6542 	EXP 	feedbackMsg: autoDraw = False
243.6542 	EXP 	cueImage: image = 'images/LoseSmall.bmp'
243.6542 	EXP 	cueImage: autoDraw = True
243.8233 	DATA 	Keypress: 5
244.6158 	DATA 	Keypress: 5
245.4078 	DATA 	Keypress: 5
245.6752 	EXP 	cueImage: autoDraw = False
245.6752 	EXP 	cueImage: autoDraw = False
245.6752 	EXP 	fixation: autoDraw = True
246.1590 	DATA 	Keypress: 5
246.9515 	DATA 	Keypress: 5
247.7437 	DATA 	Keypress: 5
248.4931 	DATA 	Keypress: 5
249.2849 	DATA 	Keypress: 5
249.6755 	EXP 	fixation: autoDraw = False
249.6755 	EXP 	fixation: autoDraw = False
249.6755 	EXP 	Target: image = 'images/LoseProbe.bmp'
249.6755 	EXP 	Target: autoDraw = True
250.0735 	DATA 	Keypress: 5
250.1540 	EXP 	Target: autoDraw = False
250.1540 	EXP 	Target: autoDraw = False
250.1540 	EXP 	feedbackMsg: text = 'You pressed too slow!\n\nYou lost $0.20!'
250.1540 	EXP 	feedbackMsg: autoDraw = True
250.1582 	DATA 	Keypress: 1
250.8663 	DATA 	Keypress: 5
251.6131 	EXP 	New trial (rep=0, index=36): OrderedDict([('Condition', 'SmallReward'), ('FixationDur', 1500)])
251.6220 	DATA 	Keypress: 5
251.6533 	EXP 	feedbackMsg: autoDraw = False
251.6533 	EXP 	feedbackMsg: autoDraw = False
251.6533 	EXP 	cueImage: image = 'images/WinSmall.bmp'
251.6533 	EXP 	cueImage: autoDraw = True
252.4066 	DATA 	Keypress: 5
253.1587 	DATA 	Keypress: 5
253.6604 	EXP 	cueImage: autoDraw = False
253.6604 	EXP 	fixation: autoDraw = True
253.9520 	DATA 	Keypress: 5
254.7434 	DATA 	Keypress: 5
255.1841 	EXP 	fixation: autoDraw = False
255.1841 	EXP 	fixation: autoDraw = False
255.1841 	EXP 	Target: image = 'images/WinProbe.bmp'
255.1841 	EXP 	Target: autoDraw = True
255.4930 	DATA 	Keypress: 5
255.6557 	EXP 	Target: autoDraw = False
255.6557 	EXP 	Target: autoDraw = False
255.6557 	EXP 	feedbackMsg: text = 'You pressed too slow!\n\nYou did not win $0.20!'
255.6557 	EXP 	feedbackMsg: autoDraw = True
256.0773 	DATA 	Keypress: 1
256.2879 	DATA 	Keypress: 5
257.0769 	DATA 	Keypress: 5
257.1148 	EXP 	New trial (rep=0, index=37): OrderedDict([('Condition', 'SmallPun'), ('FixationDur', 1500)])
257.1543 	EXP 	feedbackMsg: autoDraw = False
257.1543 	EXP 	feedbackMsg: autoDraw = False
257.1543 	EXP 	cueImage: image = 'images/LoseSmall.bmp'
257.1543 	EXP 	cueImage: autoDraw = True
257.8689 	DATA 	Keypress: 5
258.6175 	DATA 	Keypress: 5
259.1783 	EXP 	cueImage: autoDraw = False
259.1783 	EXP 	cueImage: autoDraw = False
259.1783 	EXP 	fixation: autoDraw = True
259.4127 	DATA 	Keypress: 5
260.1612 	DATA 	Keypress: 5
260.6768 	EXP 	fixation: autoDraw = False
260.6768 	EXP 	fixation: autoDraw = False
260.6768 	EXP 	Target: image = 'images/LoseProbe.bmp'
260.6768 	EXP 	Target: autoDraw = True
260.9506 	DATA 	Keypress: 5
261.1278 	DATA 	Keypress: 1
261.1543 	EXP 	Target: autoDraw = False
261.1543 	EXP 	Target: autoDraw = False
261.1543 	EXP 	feedbackMsg: text = 'You pressed too slow!\n\nYou lost $0.20!'
261.1543 	EXP 	feedbackMsg: autoDraw = True
261.7402 	DATA 	Keypress: 5
262.5341 	DATA 	Keypress: 5
262.6148 	EXP 	New trial (rep=0, index=38): OrderedDict([('Condition', 'LgPun'), ('FixationDur', 1500)])
262.6549 	EXP 	feedbackMsg: autoDraw = False
262.6549 	EXP 	feedbackMsg: autoDraw = False
262.6549 	EXP 	cueImage: image = 'images/LoseBig.bmp'
262.6549 	EXP 	cueImage: autoDraw = True
263.2824 	DATA 	Keypress: 5
264.0774 	DATA 	Keypress: 5
264.6615 	EXP 	cueImage: autoDraw = False
264.6615 	EXP 	cueImage: autoDraw = False
264.6615 	EXP 	fixation: autoDraw = True
264.8712 	DATA 	Keypress: 5
265.6202 	DATA 	Keypress: 5
266.1772 	EXP 	fixation: autoDraw = False
266.1772 	EXP 	fixation: autoDraw = False
266.1772 	EXP 	Target: image = 'images/LoseProbe.bmp'
266.1772 	EXP 	Target: autoDraw = True
266.4074 	DATA 	Keypress: 5
266.6548 	EXP 	Target: autoDraw = False
266.6548 	EXP 	Target: autoDraw = False
266.6548 	EXP 	feedbackMsg: text = 'You pressed too slow!\n\nYou lost $5.00!'
266.6548 	EXP 	feedbackMsg: autoDraw = True
266.7003 	DATA 	Keypress: 1
267.1987 	DATA 	Keypress: 5
267.9499 	DATA 	Keypress: 5
268.1150 	EXP 	New trial (rep=0, index=39): OrderedDict([('Condition', 'Triangle'), ('FixationDur', 1500)])
268.1546 	EXP 	feedbackMsg: autoDraw = False
268.1546 	EXP 	feedbackMsg: autoDraw = False
268.1546 	EXP 	cueImage: image = 'images/Neutral.bmp'
268.1546 	EXP 	cueImage: autoDraw = True
268.7415 	DATA 	Keypress: 5
269.5353 	DATA 	Keypress: 5
270.1626 	EXP 	cueImage: autoDraw = False
270.1626 	EXP 	cueImage: autoDraw = False
270.1626 	EXP 	fixation: autoDraw = True
270.2864 	DATA 	Keypress: 5
271.0766 	DATA 	Keypress: 5
271.6773 	EXP 	fixation: autoDraw = False
271.6773 	EXP 	fixation: autoDraw = False
271.6773 	EXP 	Target: image = 'images/NeutralProbe.bmp'
271.6773 	EXP 	Target: autoDraw = True
271.8679 	DATA 	Keypress: 5
272.1554 	EXP 	Target: autoDraw = False
272.1554 	EXP 	Target: autoDraw = False
272.1554 	EXP 	feedbackMsg: text = 'You pressed too slow!\n\nYou did not win or lose anything!'
272.1554 	EXP 	feedbackMsg: autoDraw = True
272.2008 	DATA 	Keypress: 1
272.6163 	DATA 	Keypress: 5
273.4083 	DATA 	Keypress: 5
273.6153 	EXP 	New trial (rep=0, index=40): OrderedDict([('Condition', 'Triangle'), ('FixationDur', 2500)])
273.6555 	EXP 	feedbackMsg: autoDraw = False
273.6555 	EXP 	feedbackMsg: autoDraw = False
273.6555 	EXP 	cueImage: image = 'images/Neutral.bmp'
273.6555 	EXP 	cueImage: autoDraw = True
274.2008 	DATA 	Keypress: 5
274.9519 	DATA 	Keypress: 5
275.6628 	EXP 	cueImage: autoDraw = False
275.6628 	EXP 	cueImage: autoDraw = False
275.6628 	EXP 	fixation: autoDraw = True
275.7462 	DATA 	Keypress: 5
276.5379 	DATA 	Keypress: 5
277.2870 	DATA 	Keypress: 5
278.0764 	DATA 	Keypress: 5
278.1787 	EXP 	fixation: autoDraw = False
278.1787 	EXP 	fixation: autoDraw = False
278.1787 	EXP 	Target: image = 'images/NeutralProbe.bmp'
278.1787 	EXP 	Target: autoDraw = True
278.6556 	EXP 	Target: autoDraw = False
278.6556 	EXP 	Target: autoDraw = False
278.6556 	EXP 	feedbackMsg: text = 'You pressed too slow!\n\nYou did not win or lose anything!'
278.6556 	EXP 	feedbackMsg: autoDraw = True
278.8685 	DATA 	Keypress: 5
279.6168 	DATA 	Keypress: 5
280.1153 	EXP 	New trial (rep=0, index=41): OrderedDict([('Condition', 'LgPun'), ('FixationDur', 1500)])
280.1556 	EXP 	feedbackMsg: autoDraw = False
280.1556 	EXP 	feedbackMsg: autoDraw = False
280.1556 	EXP 	cueImage: image = 'images/LoseBig.bmp'
280.1556 	EXP 	cueImage: autoDraw = True
280.4093 	DATA 	Keypress: 5
280.6181 	DATA 	Keypress: 1
281.2009 	DATA 	Keypress: 5
281.9531 	DATA 	Keypress: 5
282.1633 	EXP 	cueImage: autoDraw = False
282.1633 	EXP 	cueImage: autoDraw = False
282.1633 	EXP 	fixation: autoDraw = True
282.7455 	DATA 	Keypress: 5
283.5379 	DATA 	Keypress: 5
283.6796 	EXP 	fixation: autoDraw = False
283.6796 	EXP 	fixation: autoDraw = False
283.6796 	EXP 	Target: image = 'images/LoseProbe.bmp'
283.6796 	EXP 	Target: autoDraw = True
284.1554 	EXP 	Target: autoDraw = False
284.1554 	EXP 	Target: autoDraw = False
284.1554 	EXP 	feedbackMsg: text = 'You pressed too slow!\n\nYou lost $5.00!'
284.1554 	EXP 	feedbackMsg: autoDraw = True
284.1594 	DATA 	Keypress: 1
284.2845 	DATA 	Keypress: 5
285.0765 	DATA 	Keypress: 5
285.6158 	EXP 	New trial (rep=0, index=42): OrderedDict([('Condition', 'LgPun'), ('FixationDur', 4000)])
285.6558 	EXP 	feedbackMsg: autoDraw = False
285.6558 	EXP 	feedbackMsg: autoDraw = False
285.6558 	EXP 	cueImage: image = 'images/LoseBig.bmp'
285.6558 	EXP 	cueImage: autoDraw = True
285.8679 	DATA 	Keypress: 5
286.6179 	DATA 	Keypress: 5
287.4105 	DATA 	Keypress: 5
287.6607 	EXP 	cueImage: autoDraw = False
287.6607 	EXP 	cueImage: autoDraw = False
287.6607 	EXP 	fixation: autoDraw = True
288.2039 	DATA 	Keypress: 5
288.9525 	DATA 	Keypress: 5
289.7461 	DATA 	Keypress: 5
290.5373 	DATA 	Keypress: 5
291.2881 	DATA 	Keypress: 5
291.6808 	EXP 	fixation: autoDraw = False
291.6808 	EXP 	fixation: autoDraw = False
291.6808 	EXP 	Target: image = 'images/LoseProbe.bmp'
291.6808 	EXP 	Target: autoDraw = True
292.0760 	DATA 	Keypress: 5
292.1563 	EXP 	Target: autoDraw = False
292.1563 	EXP 	Target: autoDraw = False
292.1563 	EXP 	feedbackMsg: text = 'You pressed too slow!\n\nYou lost $5.00!'
292.1563 	EXP 	feedbackMsg: autoDraw = True
292.2430 	DATA 	Keypress: 1
292.8687 	DATA 	Keypress: 5
293.6157 	EXP 	New trial (rep=0, index=43): OrderedDict([('Condition', 'Triangle'), ('FixationDur', 3500)])
293.6241 	DATA 	Keypress: 5
293.6560 	EXP 	feedbackMsg: autoDraw = False
293.6560 	EXP 	feedbackMsg: autoDraw = False
293.6560 	EXP 	cueImage: image = 'images/Neutral.bmp'
293.6560 	EXP 	cueImage: autoDraw = True
294.4099 	DATA 	Keypress: 5
295.2022 	DATA 	Keypress: 5
295.6648 	EXP 	cueImage: autoDraw = False
295.6648 	EXP 	cueImage: autoDraw = False
295.6648 	EXP 	fixation: autoDraw = True
295.9531 	DATA 	Keypress: 5
296.7473 	DATA 	Keypress: 5
297.5380 	DATA 	Keypress: 5
298.2866 	DATA 	Keypress: 5
299.0791 	DATA 	Keypress: 5
299.1809 	EXP 	fixation: autoDraw = False
299.1809 	EXP 	fixation: autoDraw = False
299.1809 	EXP 	Target: image = 'images/NeutralProbe.bmp'
299.1809 	EXP 	Target: autoDraw = True
299.6561 	EXP 	Target: autoDraw = False
299.6561 	EXP 	Target: autoDraw = False
299.6561 	EXP 	feedbackMsg: text = 'You pressed too slow!\n\nYou did not win or lose anything!'
299.6561 	EXP 	feedbackMsg: autoDraw = True
299.8268 	DATA 	Keypress: 1
299.8676 	DATA 	Keypress: 5
300.6610 	DATA 	Keypress: 5
301.1165 	EXP 	New trial (rep=0, index=44): OrderedDict([('Condition', 'SmallReward'), ('FixationDur', 1500)])
301.1567 	EXP 	feedbackMsg: autoDraw = False
301.1567 	EXP 	feedbackMsg: autoDraw = False
301.1567 	EXP 	cueImage: image = 'images/WinSmall.bmp'
301.1567 	EXP 	cueImage: autoDraw = True
301.4104 	DATA 	Keypress: 5
302.2009 	DATA 	Keypress: 5
302.9939 	DATA 	Keypress: 5
303.1625 	EXP 	cueImage: autoDraw = False
303.1625 	EXP 	cueImage: autoDraw = False
303.1625 	EXP 	fixation: autoDraw = True
303.7477 	DATA 	Keypress: 5
304.5381 	DATA 	Keypress: 5
304.7203 	EXP 	fixation: autoDraw = False
304.7203 	EXP 	fixation: autoDraw = False
304.7203 	EXP 	Target: image = 'images/WinProbe.bmp'
304.7203 	EXP 	Target: autoDraw = True
305.1565 	EXP 	Target: autoDraw = False
305.1565 	EXP 	Target: autoDraw = False
305.1565 	EXP 	feedbackMsg: text = 'You pressed too slow!\n\nYou did not win $0.20!'
305.1565 	EXP 	feedbackMsg: autoDraw = True
305.2013 	DATA 	Keypress: 1
305.3270 	DATA 	Keypress: 5
306.0774 	DATA 	Keypress: 5
306.6168 	EXP 	New trial (rep=0, index=45): OrderedDict([('Condition', 'LgReward'), ('FixationDur', 2000)])
306.6570 	EXP 	feedbackMsg: autoDraw = False
306.6570 	EXP 	feedbackMsg: autoDraw = False
306.6570 	EXP 	cueImage: image = 'images/WinBig.bmp'
306.6570 	EXP 	cueImage: autoDraw = True
306.8677 	DATA 	Keypress: 5
307.6606 	DATA 	Keypress: 5
308.4110 	DATA 	Keypress: 5
308.6673 	EXP 	cueImage: autoDraw = False
308.6673 	EXP 	fixation: autoDraw = True
309.2052 	DATA 	Keypress: 5
309.9967 	DATA 	Keypress: 5
310.6870 	EXP 	fixation: autoDraw = False
310.6870 	EXP 	fixation: autoDraw = False
310.6870 	EXP 	Target: image = 'images/WinProbe.bmp'
310.6870 	EXP 	Target: autoDraw = True
310.7445 	DATA 	Keypress: 5
311.1606 	EXP 	Target: autoDraw = False
311.1606 	EXP 	Target: autoDraw = False
311.1606 	EXP 	feedbackMsg: text = 'You pressed too slow!\n\nYou did not win $5.00!'
311.1606 	EXP 	feedbackMsg: autoDraw = True
311.2898 	DATA 	Keypress: 1
311.5404 	DATA 	Keypress: 5
312.2894 	DATA 	Keypress: 5
312.6182 	EXP 	New trial (rep=0, index=46): OrderedDict([('Condition', 'LgReward'), ('FixationDur', 1500)])
312.6574 	EXP 	feedbackMsg: autoDraw = False
312.6574 	EXP 	feedbackMsg: autoDraw = False
312.6574 	EXP 	cueImage: image = 'images/WinBig.bmp'
312.6574 	EXP 	cueImage: autoDraw = True
313.0790 	DATA 	Keypress: 5
313.8703 	DATA 	Keypress: 5
314.6543 	DATA 	Keypress: 5
314.6676 	EXP 	cueImage: autoDraw = False
314.6676 	EXP 	cueImage: autoDraw = False
314.6676 	EXP 	fixation: autoDraw = True
315.4133 	DATA 	Keypress: 5
316.1863 	EXP 	fixation: autoDraw = False
316.1863 	EXP 	fixation: autoDraw = False
316.1863 	EXP 	Target: image = 'images/WinProbe.bmp'
316.1863 	EXP 	Target: autoDraw = True
316.1907 	DATA 	Keypress: 5
316.5384 	DATA 	Keypress: 1
316.6588 	EXP 	Target: autoDraw = False
316.6588 	EXP 	Target: autoDraw = False
316.6588 	EXP 	feedbackMsg: text = 'Correct Response!\n\nYou won $5.00!'
316.6588 	EXP 	feedbackMsg: autoDraw = True
316.9979 	DATA 	Keypress: 5
317.7468 	DATA 	Keypress: 5
318.1192 	EXP 	New trial (rep=0, index=47): OrderedDict([('Condition', 'LgPun'), ('FixationDur', 3000)])
318.1587 	EXP 	feedbackMsg: autoDraw = False
318.1587 	EXP 	feedbackMsg: autoDraw = False
318.1587 	EXP 	cueImage: image = 'images/LoseBig.bmp'
318.1587 	EXP 	cueImage: autoDraw = True
318.5380 	DATA 	Keypress: 5
319.3297 	DATA 	Keypress: 5
320.0789 	DATA 	Keypress: 5
320.1674 	EXP 	cueImage: autoDraw = False
320.1674 	EXP 	cueImage: autoDraw = False
320.1674 	EXP 	fixation: autoDraw = True
320.8725 	DATA 	Keypress: 5
321.6639 	DATA 	Keypress: 5
322.4121 	DATA 	Keypress: 5
323.1833 	EXP 	fixation: autoDraw = False
323.1833 	EXP 	fixation: autoDraw = False
323.1833 	EXP 	Target: image = 'images/LoseProbe.bmp'
323.1833 	EXP 	Target: autoDraw = True
323.1872 	DATA 	Keypress: 5
323.5371 	DATA 	Keypress: 1
323.6573 	EXP 	Target: autoDraw = False
323.6573 	EXP 	Target: autoDraw = False
323.6573 	EXP 	feedbackMsg: text = 'Correct Response!\n\nYou did not lose $5.00!'
323.6573 	EXP 	feedbackMsg: autoDraw = True
323.9952 	DATA 	Keypress: 5
324.7440 	DATA 	Keypress: 5
325.1176 	EXP 	New trial (rep=0, index=48): OrderedDict([('Condition', 'LgPun'), ('FixationDur', 3500)])
325.1575 	EXP 	feedbackMsg: autoDraw = False
325.1575 	EXP 	feedbackMsg: autoDraw = False
325.1575 	EXP 	cueImage: image = 'images/LoseBig.bmp'
325.1575 	EXP 	cueImage: autoDraw = True
325.5359 	DATA 	Keypress: 5
326.3303 	DATA 	Keypress: 5
327.0789 	DATA 	Keypress: 5
327.1688 	EXP 	cueImage: autoDraw = False
327.1688 	EXP 	cueImage: autoDraw = False
327.1688 	EXP 	fixation: autoDraw = True
327.8727 	DATA 	Keypress: 5
328.6649 	DATA 	Keypress: 5
329.4139 	DATA 	Keypress: 5
330.2045 	DATA 	Keypress: 5
330.6763 	EXP 	fixation: autoDraw = False
330.6763 	EXP 	fixation: autoDraw = False
330.6763 	EXP 	Target: image = 'images/LoseProbe.bmp'
330.6763 	EXP 	Target: autoDraw = True
330.9953 	DATA 	Keypress: 5
331.0372 	DATA 	Keypress: 1
331.1578 	EXP 	Target: autoDraw = False
331.1578 	EXP 	Target: autoDraw = False
331.1578 	EXP 	feedbackMsg: text = 'Correct Response!\n\nYou did not lose $5.00!'
331.1578 	EXP 	feedbackMsg: autoDraw = True
331.7440 	DATA 	Keypress: 5
332.5354 	DATA 	Keypress: 5
332.6179 	EXP 	New trial (rep=0, index=49): OrderedDict([('Condition', 'LgPun'), ('FixationDur', 2500)])
332.6580 	EXP 	feedbackMsg: autoDraw = False
332.6580 	EXP 	feedbackMsg: autoDraw = False
332.6580 	EXP 	cueImage: image = 'images/LoseBig.bmp'
332.6580 	EXP 	cueImage: autoDraw = True
333.3290 	DATA 	Keypress: 5
334.0802 	DATA 	Keypress: 5
334.6620 	EXP 	cueImage: autoDraw = False
334.6620 	EXP 	cueImage: autoDraw = False
334.6620 	EXP 	fixation: autoDraw = True
334.8736 	DATA 	Keypress: 5
335.6653 	DATA 	Keypress: 5
336.4155 	DATA 	Keypress: 5
337.1857 	EXP 	fixation: autoDraw = False
337.1857 	EXP 	fixation: autoDraw = False
337.1857 	EXP 	Target: image = 'images/LoseProbe.bmp'
337.1857 	EXP 	Target: autoDraw = True
337.1885 	DATA 	Keypress: 5
337.6581 	EXP 	Target: autoDraw = False
337.6581 	EXP 	Target: autoDraw = False
337.6581 	EXP 	feedbackMsg: text = 'You pressed too slow!\n\nYou lost $5.00!'
337.6581 	EXP 	feedbackMsg: autoDraw = True
337.7861 	DATA 	Keypress: 1
337.9959 	DATA 	Keypress: 5
338.7441 	DATA 	Keypress: 5
339.1580 	EXP 	feedbackMsg: autoDraw = False
339.1580 	EXP 	feedbackMsg: autoDraw = False
339.1580 	EXP 	polygon: autoDraw = True
339.5375 	DATA 	Keypress: 5
340.3297 	DATA 	Keypress: 5
341.0814 	DATA 	Keypress: 5
341.8733 	DATA 	Keypress: 5
342.6656 	DATA 	Keypress: 5
343.4141 	DATA 	Keypress: 5
344.1596 	EXP 	polygon: autoDraw = False
344.1596 	EXP 	text: text = 'All done!\n\nYou earned a total of: $1.00'
344.1596 	EXP 	text: autoDraw = True
344.2082 	DATA 	Keypress: 5
344.9981 	DATA 	Keypress: 5
345.7492 	DATA 	Keypress: 5
346.5394 	DATA 	Keypress: 5
347.1715 	EXP 	text: autoDraw = False
347.1715 	EXP 	text: autoDraw = False
347.1715 	EXP 	polygon2: autoDraw = True
347.3311 	DATA 	Keypress: 5
348.0802 	DATA 	Keypress: 5
359.7061 	DATA 	Keypress: 5
360.5012 	DATA 	Keypress: 5
361.2506 	DATA 	Keypress: 5
362.0399 	DATA 	Keypress: 5
365.2069 	DATA 	Keypress: escape
365.5751 	EXP 	window1: mouseVisible = True
