9.4948 	EXP 	Created window1 = Window(allowGUI=False, allowStencil=False, args=UNKNOWN, autoLog=True, bitsMode=UNKNOWN, blendMode='avg', color=array([0., 0., 0.]), colorSpace='rgb', fullscr=<method-wrapper '__getattribute__' of attributeSetter object at 0x132ffbbe0>, gamma=None, kwargs=UNKNOWN, lms=UNKNOWN, monitor=<psychopy.monitors.calibTools.Monitor object at 0x13488ce80>, multiSample=False, name='window1', numSamples=2, pos=[0.0, 0.0], screen=0, size=array([1920, 1080]), stereo=False, units='height', useFBO=True, useRetina=False, viewOri=0.0, viewPos=None, viewScale=None, waitBlanking=True, winType='pyglet')
9.4948 	EXP 	window1: recordFrameIntervals = False
9.6611 	EXP 	window1: recordFrameIntervals = True
9.8446 	EXP 	window1: recordFrameIntervals = False
9.8446 	EXP 	window1: recordFrameIntervals = False
10.0112 	EXP 	window1: recordFrameIntervals = True
10.1947 	EXP 	window1: recordFrameIntervals = False
10.6512 	EXP 	Created preinstruct_text = TextStim(__class__=<class 'psychopy.visual.text.TextStim'>, alignHoriz='center', alignVert='center', antialias=True, autoLog=True, bold=False, color='white', colorSpace='named', contrast=1.0, depth=0.0, flipHoriz=False, flipVert=False, font='Arial', fontFiles=[], height=0.05, italic=False, languageStyle='LTR', name='preinstruct_text', opacity=1.0, ori=0, pos=array([0., 0.]), rgb=array([255., 255., 255.]), text='Money Task - Scanner 2', units='height', win=Window(...), wrapWidth=1)
10.6962 	EXP 	Created instructFig = ImageStim(__class__=<class 'psychopy.visual.image.ImageStim'>, autoLog=True, color=array([1., 1., 1.]), colorSpace='rgb', contrast=1.0, depth=0.0, flipHoriz=False, flipVert=False, image='images/MID_instructions.bmp', interpolate=True, mask=None, maskParams=None, name='instructFig', opacity=1.0, ori=0.0, pos=array([0., 0.]), size=array([1.3, 1. ]), texRes=128, units='height', win=Window(...))
10.6978 	EXP 	Created PrepFixation = ShapeStim(__class__=<class 'psychopy.visual.shape.ShapeStim'>, autoDraw=False, autoLog=True, closeShape=True, contrast=1.0, depth=0.0, fillColor=array([1., 1., 1.]), fillColorSpace='rgb', interpolate=True, lineColor=array([1., 1., 1.]), lineColorSpace='rgb', lineWidth=1, name='PrepFixation', opacity=1.0, ori=array(0.), pos=array([0., 0.]), size=array([0.05, 0.05]), units='height', vertices=ndarray(...), win=Window(...), windingRule=None)
10.6994 	EXP 	Created cueImage = ImageStim(__class__=<class 'psychopy.visual.image.ImageStim'>, autoLog=True, color=array([1., 1., 1.]), colorSpace='rgb', contrast=1.0, depth=0.0, flipHoriz=False, flipVert=False, image='sin', interpolate=True, mask=None, maskParams=None, name='cueImage', opacity=1.0, ori=0.0, pos=array([0., 0.]), size=array([1.3, 1. ]), texRes=128, units='height', win=Window(...))
10.7008 	EXP 	Created fixation = ShapeStim(__class__=<class 'psychopy.visual.shape.ShapeStim'>, autoDraw=False, autoLog=True, closeShape=True, contrast=1.0, depth=-1.0, fillColor=array([1., 1., 1.]), fillColorSpace='rgb', interpolate=True, lineColor=array([1., 1., 1.]), lineColorSpace='rgb', lineWidth=1, name='fixation', opacity=1.0, ori=array(0.), pos=array([0., 0.]), size=array([0.05, 0.05]), units='height', vertices=ndarray(...), win=Window(...), windingRule=None)
10.7024 	EXP 	Created Target = ImageStim(__class__=<class 'psychopy.visual.image.ImageStim'>, autoLog=True, color=array([1., 1., 1.]), colorSpace='rgb', contrast=1.0, depth=-1.0, flipHoriz=False, flipVert=False, image='sin', interpolate=True, mask=None, maskParams=None, name='Target', opacity=1.0, ori=0.0, pos=array([0., 0.]), size=array([1.3, 1. ]), texRes=128, units='height', win=Window(...))
10.7117 	EXP 	Created feedbackMsg = TextStim(__class__=<class 'psychopy.visual.text.TextStim'>, alignHoriz='center', alignVert='center', antialias=True, autoLog=True, bold=False, color='white', colorSpace='named', contrast=1.0, depth=-2.0, flipHoriz=False, flipVert=False, font='Arial', fontFiles=[], height=0.05, italic=False, languageStyle='LTR', name='feedbackMsg', opacity=1.0, ori=0, pos=array([0., 0.]), rgb=array([255., 255., 255.]), text='default text', units='height', win=Window(...), wrapWidth=2)
10.7133 	EXP 	Created polygon = ShapeStim(__class__=<class 'psychopy.visual.shape.ShapeStim'>, autoDraw=False, autoLog=True, closeShape=True, contrast=1.0, depth=0.0, fillColor=array([1., 1., 1.]), fillColorSpace='rgb', interpolate=True, lineColor=array([1., 1., 1.]), lineColorSpace='rgb', lineWidth=1, name='polygon', opacity=1.0, ori=array(0.), pos=array([0., 0.]), size=array([0.05, 0.05]), units='height', vertices=ndarray(...), win=Window(...), windingRule=None)
10.7205 	EXP 	Created text = TextStim(__class__=<class 'psychopy.visual.text.TextStim'>, alignHoriz='center', alignVert='center', antialias=True, autoLog=True, bold=False, color='white', colorSpace='named', contrast=1.0, depth=-1.0, flipHoriz=False, flipVert=False, font='Arial', fontFiles=[], height=0.07, italic=False, languageStyle='LTR', name='text', opacity=1.0, ori=0, pos=array([0., 0.]), rgb=array([255., 255., 255.]), text='default text', units='height', win=Window(...), wrapWidth=1)
10.7220 	EXP 	Created polygon2 = ShapeStim(__class__=<class 'psychopy.visual.shape.ShapeStim'>, autoDraw=False, autoLog=True, closeShape=True, contrast=1.0, depth=0.0, fillColor=array([1., 1., 1.]), fillColorSpace='rgb', interpolate=True, lineColor=array([1., 1., 1.]), lineColorSpace='rgb', lineWidth=1, name='polygon2', opacity=1.0, ori=array(0.), pos=array([0., 0.]), size=array([0.05, 0.05]), units='height', vertices=ndarray(...), win=Window(...), windingRule=None)
10.7446 	EXP 	preinstruct_text: autoDraw = True
12.7778 	EXP 	preinstruct_text: autoDraw = False
12.7778 	EXP 	instructFig: autoDraw = True
25.4161 	DATA 	Keypress: 1
28.7412 	DATA 	Keypress: 5
28.7452 	EXP 	instructFig: autoDraw = False
28.7452 	EXP 	PrepFixation: autoDraw = True
29.5164 	DATA 	Keypress: 5
30.2819 	DATA 	Keypress: 5
30.7404 	EXP 	Imported TimeVersion16.csv as conditions, 50 conditions, 2 params
30.7408 	EXP 	Created sequence: sequential, trialTypes=50, nReps=1, seed=None
30.7411 	EXP 	New trial (rep=0, index=0): OrderedDict([('Condition', 'SmallPun'), ('FixationDur', 3500)])
30.7620 	EXP 	PrepFixation: autoDraw = False
30.7620 	EXP 	cueImage: image = 'images/LoseSmall.bmp'
30.7620 	EXP 	cueImage: autoDraw = True
31.0647 	DATA 	Keypress: 5
31.8492 	DATA 	Keypress: 5
32.6152 	DATA 	Keypress: 5
32.7794 	EXP 	cueImage: autoDraw = False
32.7794 	EXP 	fixation: autoDraw = True
33.3982 	DATA 	Keypress: 5
34.1833 	DATA 	Keypress: 5
34.9494 	DATA 	Keypress: 5
35.7320 	DATA 	Keypress: 5
36.3125 	EXP 	fixation: autoDraw = False
36.3125 	EXP 	fixation: autoDraw = False
36.3125 	EXP 	Target: image = 'images/LoseProbe.bmp'
36.3125 	EXP 	Target: autoDraw = True
36.5165 	DATA 	Keypress: 5
36.5821 	DATA 	Keypress: 1
36.6626 	EXP 	Target: autoDraw = False
36.6626 	EXP 	Target: autoDraw = False
36.6626 	EXP 	feedbackMsg: text = 'Correct Response!\n\nYou did not lose $0.20!'
36.6626 	EXP 	feedbackMsg: autoDraw = True
37.3019 	DATA 	Keypress: 5
38.0656 	DATA 	Keypress: 5
38.3478 	EXP 	New trial (rep=0, index=1): OrderedDict([('Condition', 'Triangle'), ('FixationDur', 3000)])
38.3625 	EXP 	feedbackMsg: autoDraw = False
38.3625 	EXP 	feedbackMsg: autoDraw = False
38.3625 	EXP 	cueImage: image = 'images/Neutral.bmp'
38.3625 	EXP 	cueImage: autoDraw = True
38.8499 	DATA 	Keypress: 5
39.6323 	DATA 	Keypress: 5
40.3961 	EXP 	cueImage: autoDraw = False
40.3961 	EXP 	cueImage: autoDraw = False
40.3961 	EXP 	fixation: autoDraw = True
40.3995 	DATA 	Keypress: 5
41.1822 	DATA 	Keypress: 5
41.9675 	DATA 	Keypress: 5
42.7329 	DATA 	Keypress: 5
43.4300 	EXP 	fixation: autoDraw = False
43.4300 	EXP 	fixation: autoDraw = False
43.4300 	EXP 	Target: image = 'images/NeutralProbe.bmp'
43.4300 	EXP 	Target: autoDraw = True
43.5170 	DATA 	Keypress: 5
43.6828 	DATA 	Keypress: 1
43.7660 	EXP 	Target: autoDraw = False
43.7660 	EXP 	Target: autoDraw = False
43.7660 	EXP 	feedbackMsg: text = 'Correct Response!\n\nYou did not win or lose anything!'
43.7660 	EXP 	feedbackMsg: autoDraw = True
44.3009 	DATA 	Keypress: 5
45.0666 	DATA 	Keypress: 5
45.4652 	EXP 	New trial (rep=0, index=2): OrderedDict([('Condition', 'SmallPun'), ('FixationDur', 2000)])
45.4791 	EXP 	feedbackMsg: autoDraw = False
45.4791 	EXP 	feedbackMsg: autoDraw = False
45.4791 	EXP 	cueImage: image = 'images/LoseSmall.bmp'
45.4791 	EXP 	cueImage: autoDraw = True
45.8500 	DATA 	Keypress: 5
46.6340 	DATA 	Keypress: 5
47.3994 	DATA 	Keypress: 5
47.5136 	EXP 	cueImage: autoDraw = False
47.5136 	EXP 	cueImage: autoDraw = False
47.5136 	EXP 	fixation: autoDraw = True
48.1832 	DATA 	Keypress: 5
48.9680 	DATA 	Keypress: 5
49.5460 	EXP 	fixation: autoDraw = False
49.5460 	EXP 	fixation: autoDraw = False
49.5460 	EXP 	Target: image = 'images/LoseProbe.bmp'
49.5460 	EXP 	Target: autoDraw = True
49.7332 	DATA 	Keypress: 5
49.8169 	DATA 	Keypress: 1
49.8965 	EXP 	Target: autoDraw = False
49.8965 	EXP 	Target: autoDraw = False
49.8965 	EXP 	feedbackMsg: text = 'Correct Response!\n\nYou did not lose $0.20!'
49.8965 	EXP 	feedbackMsg: autoDraw = True
50.5163 	DATA 	Keypress: 5
51.3016 	DATA 	Keypress: 5
51.5823 	EXP 	New trial (rep=0, index=3): OrderedDict([('Condition', 'SmallReward'), ('FixationDur', 1500)])
51.6137 	EXP 	feedbackMsg: autoDraw = False
51.6137 	EXP 	feedbackMsg: autoDraw = False
51.6137 	EXP 	cueImage: image = 'images/WinSmall.bmp'
51.6137 	EXP 	cueImage: autoDraw = True
52.0666 	DATA 	Keypress: 5
52.8500 	DATA 	Keypress: 5
53.6345 	DATA 	Keypress: 5
53.6473 	EXP 	cueImage: autoDraw = False
53.6473 	EXP 	fixation: autoDraw = True
54.4006 	DATA 	Keypress: 5
55.1848 	DATA 	Keypress: 5
55.1970 	EXP 	fixation: autoDraw = False
55.1970 	EXP 	fixation: autoDraw = False
55.1970 	EXP 	Target: image = 'images/WinProbe.bmp'
55.1970 	EXP 	Target: autoDraw = True
55.5330 	DATA 	Keypress: 1
55.5465 	EXP 	Target: autoDraw = False
55.5465 	EXP 	Target: autoDraw = False
55.5465 	EXP 	feedbackMsg: text = 'You pressed too slow!\n\nYou did not win $0.20!'
55.5465 	EXP 	feedbackMsg: autoDraw = True
55.9686 	DATA 	Keypress: 5
56.7344 	DATA 	Keypress: 5
57.2315 	EXP 	New trial (rep=0, index=4): OrderedDict([('Condition', 'LgReward'), ('FixationDur', 1500)])
57.2632 	EXP 	feedbackMsg: autoDraw = False
57.2632 	EXP 	feedbackMsg: autoDraw = False
57.2632 	EXP 	cueImage: image = 'images/WinBig.bmp'
57.2632 	EXP 	cueImage: autoDraw = True
57.5164 	DATA 	Keypress: 5
58.3016 	DATA 	Keypress: 5
59.0850 	DATA 	Keypress: 5
59.2978 	EXP 	cueImage: autoDraw = False
59.2978 	EXP 	fixation: autoDraw = True
59.8505 	DATA 	Keypress: 5
60.6339 	DATA 	Keypress: 5
60.8472 	EXP 	fixation: autoDraw = False
60.8472 	EXP 	fixation: autoDraw = False
60.8472 	EXP 	Target: image = 'images/WinProbe.bmp'
60.8472 	EXP 	Target: autoDraw = True
61.1634 	DATA 	Keypress: 1
61.1680 	EXP 	Target: autoDraw = False
61.1680 	EXP 	Target: autoDraw = False
61.1680 	EXP 	feedbackMsg: text = 'You pressed too slow!\n\nYou did not win $5.00!'
61.1680 	EXP 	feedbackMsg: autoDraw = True
61.4179 	DATA 	Keypress: 5
62.1832 	DATA 	Keypress: 5
62.8821 	EXP 	New trial (rep=0, index=5): OrderedDict([('Condition', 'SmallReward'), ('FixationDur', 1500)])
62.9142 	EXP 	feedbackMsg: autoDraw = False
62.9142 	EXP 	feedbackMsg: autoDraw = False
62.9142 	EXP 	cueImage: image = 'images/WinSmall.bmp'
62.9142 	EXP 	cueImage: autoDraw = True
62.9680 	DATA 	Keypress: 5
63.7519 	DATA 	Keypress: 5
64.5164 	DATA 	Keypress: 5
64.9483 	EXP 	cueImage: autoDraw = False
64.9483 	EXP 	fixation: autoDraw = True
65.3025 	DATA 	Keypress: 5
66.0858 	DATA 	Keypress: 5
66.4971 	EXP 	fixation: autoDraw = False
66.4971 	EXP 	fixation: autoDraw = False
66.4971 	EXP 	Target: image = 'images/WinProbe.bmp'
66.4971 	EXP 	Target: autoDraw = True
66.7180 	DATA 	Keypress: 1
66.8148 	EXP 	Target: autoDraw = False
66.8148 	EXP 	Target: autoDraw = False
66.8148 	EXP 	feedbackMsg: text = 'Correct Response!\n\nYou won $0.20!'
66.8148 	EXP 	feedbackMsg: autoDraw = True
66.8506 	DATA 	Keypress: 5
67.6342 	DATA 	Keypress: 5
68.4195 	DATA 	Keypress: 5
68.5168 	EXP 	New trial (rep=0, index=6): OrderedDict([('Condition', 'Triangle'), ('FixationDur', 1500)])
68.5313 	EXP 	feedbackMsg: autoDraw = False
68.5313 	EXP 	feedbackMsg: autoDraw = False
68.5313 	EXP 	cueImage: image = 'images/Neutral.bmp'
68.5313 	EXP 	cueImage: autoDraw = True
69.1842 	DATA 	Keypress: 5
69.9677 	DATA 	Keypress: 5
70.5649 	EXP 	cueImage: autoDraw = False
70.5649 	EXP 	cueImage: autoDraw = False
70.5649 	EXP 	fixation: autoDraw = True
70.7527 	DATA 	Keypress: 5
71.5185 	DATA 	Keypress: 5
72.0982 	EXP 	fixation: autoDraw = False
72.0982 	EXP 	fixation: autoDraw = False
72.0982 	EXP 	Target: image = 'images/NeutralProbe.bmp'
72.0982 	EXP 	Target: autoDraw = True
72.3011 	DATA 	Keypress: 5
72.4099 	DATA 	Keypress: 1
72.4145 	EXP 	Target: autoDraw = False
72.4145 	EXP 	Target: autoDraw = False
72.4145 	EXP 	feedbackMsg: text = 'You pressed too slow!\n\nYou did not win or lose anything!'
72.4145 	EXP 	feedbackMsg: autoDraw = True
73.0861 	DATA 	Keypress: 5
73.8517 	DATA 	Keypress: 5
74.1173 	EXP 	New trial (rep=0, index=7): OrderedDict([('Condition', 'LgPun'), ('FixationDur', 2500)])
74.1314 	EXP 	feedbackMsg: autoDraw = False
74.1314 	EXP 	feedbackMsg: autoDraw = False
74.1314 	EXP 	cueImage: image = 'images/LoseBig.bmp'
74.1314 	EXP 	cueImage: autoDraw = True
74.6349 	DATA 	Keypress: 5
75.4187 	DATA 	Keypress: 5
76.1656 	EXP 	cueImage: autoDraw = False
76.1656 	EXP 	cueImage: autoDraw = False
76.1656 	EXP 	fixation: autoDraw = True
76.1855 	DATA 	Keypress: 5
76.9689 	DATA 	Keypress: 5
77.7523 	DATA 	Keypress: 5
78.5368 	DATA 	Keypress: 5
78.6985 	EXP 	fixation: autoDraw = False
78.6985 	EXP 	fixation: autoDraw = False
78.6985 	EXP 	Target: image = 'images/LoseProbe.bmp'
78.6985 	EXP 	Target: autoDraw = True
78.9539 	DATA 	Keypress: 1
79.0154 	EXP 	Target: autoDraw = False
79.0154 	EXP 	Target: autoDraw = False
79.0154 	EXP 	feedbackMsg: text = 'Correct Response!\n\nYou did not lose $5.00!'
79.0154 	EXP 	feedbackMsg: autoDraw = True
79.3014 	DATA 	Keypress: 5
80.0853 	DATA 	Keypress: 5
80.7343 	EXP 	New trial (rep=0, index=8): OrderedDict([('Condition', 'SmallReward'), ('FixationDur', 3500)])
80.7654 	EXP 	feedbackMsg: autoDraw = False
80.7654 	EXP 	feedbackMsg: autoDraw = False
80.7654 	EXP 	cueImage: image = 'images/WinSmall.bmp'
80.7654 	EXP 	cueImage: autoDraw = True
80.8694 	DATA 	Keypress: 5
81.6339 	DATA 	Keypress: 5
82.4194 	DATA 	Keypress: 5
82.7878 	EXP 	cueImage: autoDraw = False
82.7878 	EXP 	fixation: autoDraw = True
83.2023 	DATA 	Keypress: 5
83.9682 	DATA 	Keypress: 5
84.7535 	DATA 	Keypress: 5
85.5366 	DATA 	Keypress: 5
86.3451 	DATA 	Keypress: 5
86.3538 	EXP 	fixation: autoDraw = False
86.3538 	EXP 	fixation: autoDraw = False
86.3538 	EXP 	Target: image = 'images/WinProbe.bmp'
86.3538 	EXP 	Target: autoDraw = True
86.6495 	EXP 	Target: autoDraw = False
86.6495 	EXP 	Target: autoDraw = False
86.6495 	EXP 	feedbackMsg: text = 'You pressed too slow!\n\nYou did not win $0.20!'
86.6495 	EXP 	feedbackMsg: autoDraw = True
86.6861 	DATA 	Keypress: 1
87.0862 	DATA 	Keypress: 5
87.8689 	DATA 	Keypress: 5
88.3847 	EXP 	New trial (rep=0, index=9): OrderedDict([('Condition', 'SmallReward'), ('FixationDur', 2000)])
88.4151 	EXP 	feedbackMsg: autoDraw = False
88.4151 	EXP 	feedbackMsg: autoDraw = False
88.4151 	EXP 	cueImage: image = 'images/WinSmall.bmp'
88.4151 	EXP 	cueImage: autoDraw = True
88.6355 	DATA 	Keypress: 5
89.4192 	DATA 	Keypress: 5
90.2033 	DATA 	Keypress: 5
90.4499 	EXP 	cueImage: autoDraw = False
90.4499 	EXP 	fixation: autoDraw = True
90.9696 	DATA 	Keypress: 5
91.7521 	DATA 	Keypress: 5
92.4994 	EXP 	fixation: autoDraw = False
92.4994 	EXP 	fixation: autoDraw = False
92.4994 	EXP 	Target: image = 'images/WinProbe.bmp'
92.4994 	EXP 	Target: autoDraw = True
92.5373 	DATA 	Keypress: 5
92.7744 	DATA 	Keypress: 1
92.7827 	EXP 	Target: autoDraw = False
92.7827 	EXP 	Target: autoDraw = False
92.7827 	EXP 	feedbackMsg: text = 'You pressed too slow!\n\nYou did not win $0.20!'
92.7827 	EXP 	feedbackMsg: autoDraw = True
93.3030 	DATA 	Keypress: 5
94.0870 	DATA 	Keypress: 5
94.5011 	EXP 	New trial (rep=0, index=10): OrderedDict([('Condition', 'Triangle'), ('FixationDur', 4000)])
94.5166 	EXP 	feedbackMsg: autoDraw = False
94.5166 	EXP 	feedbackMsg: autoDraw = False
94.5166 	EXP 	cueImage: image = 'images/Neutral.bmp'
94.5166 	EXP 	cueImage: autoDraw = True
94.8704 	DATA 	Keypress: 5
95.6363 	DATA 	Keypress: 5
96.4187 	DATA 	Keypress: 5
96.5393 	EXP 	cueImage: autoDraw = False
96.5393 	EXP 	cueImage: autoDraw = False
96.5393 	EXP 	fixation: autoDraw = True
97.2046 	DATA 	Keypress: 5
97.9867 	DATA 	Keypress: 5
98.7530 	DATA 	Keypress: 5
99.5381 	DATA 	Keypress: 5
100.3211 	DATA 	Keypress: 5
100.5836 	EXP 	fixation: autoDraw = False
100.5836 	EXP 	fixation: autoDraw = False
100.5836 	EXP 	Target: image = 'images/NeutralProbe.bmp'
100.5836 	EXP 	Target: autoDraw = True
100.8839 	EXP 	Target: autoDraw = False
100.8839 	EXP 	Target: autoDraw = False
100.8839 	EXP 	feedbackMsg: text = 'You pressed too slow!\n\nYou did not win or lose anything!'
100.8839 	EXP 	feedbackMsg: autoDraw = True
100.9203 	DATA 	Keypress: 1
101.0858 	DATA 	Keypress: 5
101.8702 	DATA 	Keypress: 5
102.6189 	EXP 	New trial (rep=0, index=11): OrderedDict([('Condition', 'SmallPun'), ('FixationDur', 1500)])
102.6338 	EXP 	feedbackMsg: autoDraw = False
102.6338 	EXP 	feedbackMsg: autoDraw = False
102.6338 	EXP 	cueImage: image = 'images/LoseSmall.bmp'
102.6338 	EXP 	cueImage: autoDraw = True
102.6540 	DATA 	Keypress: 5
103.4187 	DATA 	Keypress: 5
104.2019 	DATA 	Keypress: 5
104.6570 	EXP 	cueImage: autoDraw = False
104.6570 	EXP 	cueImage: autoDraw = False
104.6570 	EXP 	fixation: autoDraw = True
104.9882 	DATA 	Keypress: 5
105.7531 	DATA 	Keypress: 5
106.2005 	EXP 	fixation: autoDraw = False
106.2005 	EXP 	fixation: autoDraw = False
106.2005 	EXP 	Target: image = 'images/LoseProbe.bmp'
106.2005 	EXP 	Target: autoDraw = True
106.5007 	EXP 	Target: autoDraw = False
106.5007 	EXP 	Target: autoDraw = False
106.5007 	EXP 	feedbackMsg: text = 'You pressed too slow!\n\nYou lost $0.20!'
106.5007 	EXP 	feedbackMsg: autoDraw = True
106.5383 	DATA 	Keypress: 5
106.5535 	DATA 	Keypress: 1
107.3217 	DATA 	Keypress: 5
108.0864 	DATA 	Keypress: 5
108.2352 	EXP 	New trial (rep=0, index=12): OrderedDict([('Condition', 'LgReward'), ('FixationDur', 2500)])
108.2669 	EXP 	feedbackMsg: autoDraw = False
108.2669 	EXP 	feedbackMsg: autoDraw = False
108.2669 	EXP 	cueImage: image = 'images/WinBig.bmp'
108.2669 	EXP 	cueImage: autoDraw = True
108.8709 	DATA 	Keypress: 5
109.6541 	DATA 	Keypress: 5
110.2908 	EXP 	cueImage: autoDraw = False
110.2908 	EXP 	fixation: autoDraw = True
110.4203 	DATA 	Keypress: 5
111.2035 	DATA 	Keypress: 5
111.9888 	DATA 	Keypress: 5
112.7545 	DATA 	Keypress: 5
112.8418 	EXP 	fixation: autoDraw = False
112.8418 	EXP 	fixation: autoDraw = False
112.8418 	EXP 	Target: image = 'images/WinProbe.bmp'
112.8418 	EXP 	Target: autoDraw = True
113.1223 	DATA 	Keypress: 1
113.1844 	EXP 	Target: autoDraw = False
113.1844 	EXP 	Target: autoDraw = False
113.1844 	EXP 	feedbackMsg: text = 'Correct Response!\n\nYou won $5.00!'
113.1844 	EXP 	feedbackMsg: autoDraw = True
113.5368 	DATA 	Keypress: 5
114.3200 	DATA 	Keypress: 5
114.8686 	EXP 	New trial (rep=0, index=13): OrderedDict([('Condition', 'SmallReward'), ('FixationDur', 3000)])
114.8917 	EXP 	feedbackMsg: autoDraw = False
114.8917 	EXP 	feedbackMsg: autoDraw = False
114.8917 	EXP 	cueImage: image = 'images/WinSmall.bmp'
114.8917 	EXP 	cueImage: autoDraw = True
115.0861 	DATA 	Keypress: 5
115.8694 	DATA 	Keypress: 5
116.6522 	DATA 	Keypress: 5
116.9249 	EXP 	cueImage: autoDraw = False
116.9249 	EXP 	fixation: autoDraw = True
117.4367 	DATA 	Keypress: 5
118.2035 	DATA 	Keypress: 5
118.9892 	DATA 	Keypress: 5
119.7725 	DATA 	Keypress: 5
119.9772 	EXP 	fixation: autoDraw = False
119.9772 	EXP 	fixation: autoDraw = False
119.9772 	EXP 	Target: image = 'images/WinProbe.bmp'
119.9772 	EXP 	Target: autoDraw = True
120.2197 	DATA 	Keypress: 1
120.3175 	EXP 	Target: autoDraw = False
120.3175 	EXP 	Target: autoDraw = False
120.3175 	EXP 	feedbackMsg: text = 'Correct Response!\n\nYou won $0.20!'
120.3175 	EXP 	feedbackMsg: autoDraw = True
120.5372 	DATA 	Keypress: 5
121.3224 	DATA 	Keypress: 5
122.0033 	EXP 	New trial (rep=0, index=14): OrderedDict([('Condition', 'SmallPun'), ('FixationDur', 1500)])
122.0181 	EXP 	feedbackMsg: autoDraw = False
122.0181 	EXP 	feedbackMsg: autoDraw = False
122.0181 	EXP 	cueImage: image = 'images/LoseSmall.bmp'
122.0181 	EXP 	cueImage: autoDraw = True
122.1049 	DATA 	Keypress: 5
122.8698 	DATA 	Keypress: 5
123.6551 	DATA 	Keypress: 5
124.0521 	EXP 	cueImage: autoDraw = False
124.0521 	EXP 	cueImage: autoDraw = False
124.0521 	EXP 	fixation: autoDraw = True
124.4395 	DATA 	Keypress: 5
125.2039 	DATA 	Keypress: 5
125.5853 	EXP 	fixation: autoDraw = False
125.5853 	EXP 	fixation: autoDraw = False
125.5853 	EXP 	Target: image = 'images/LoseProbe.bmp'
125.5853 	EXP 	Target: autoDraw = True
125.9186 	EXP 	Target: autoDraw = False
125.9186 	EXP 	Target: autoDraw = False
125.9186 	EXP 	feedbackMsg: text = 'You pressed too slow!\n\nYou lost $0.20!'
125.9186 	EXP 	feedbackMsg: autoDraw = True
125.9879 	DATA 	Keypress: 5
126.0723 	DATA 	Keypress: 1
126.7725 	DATA 	Keypress: 5
127.5377 	DATA 	Keypress: 5
127.6038 	EXP 	New trial (rep=0, index=15): OrderedDict([('Condition', 'Triangle'), ('FixationDur', 2500)])
127.6185 	EXP 	feedbackMsg: autoDraw = False
127.6185 	EXP 	feedbackMsg: autoDraw = False
127.6185 	EXP 	cueImage: image = 'images/Neutral.bmp'
127.6185 	EXP 	cueImage: autoDraw = True
128.3203 	DATA 	Keypress: 5
129.1051 	DATA 	Keypress: 5
129.6439 	EXP 	cueImage: autoDraw = False
129.6439 	EXP 	cueImage: autoDraw = False
129.6439 	EXP 	fixation: autoDraw = True
129.8720 	DATA 	Keypress: 5
130.6553 	DATA 	Keypress: 5
131.4403 	DATA 	Keypress: 5
132.1860 	EXP 	fixation: autoDraw = False
132.1860 	EXP 	fixation: autoDraw = False
132.1860 	EXP 	Target: image = 'images/NeutralProbe.bmp'
132.1860 	EXP 	Target: autoDraw = True
132.2051 	DATA 	Keypress: 5
132.5058 	DATA 	Keypress: 1
132.5684 	EXP 	Target: autoDraw = False
132.5684 	EXP 	Target: autoDraw = False
132.5684 	EXP 	feedbackMsg: text = 'Correct Response!\n\nYou did not win or lose anything!'
132.5684 	EXP 	feedbackMsg: autoDraw = True
132.9889 	DATA 	Keypress: 5
133.7720 	DATA 	Keypress: 5
134.2203 	EXP 	New trial (rep=0, index=16): OrderedDict([('Condition', 'Triangle'), ('FixationDur', 1500)])
134.2356 	EXP 	feedbackMsg: autoDraw = False
134.2356 	EXP 	feedbackMsg: autoDraw = False
134.2356 	EXP 	cueImage: image = 'images/Neutral.bmp'
134.2356 	EXP 	cueImage: autoDraw = True
134.5386 	DATA 	Keypress: 5
135.3216 	DATA 	Keypress: 5
136.1064 	DATA 	Keypress: 5
136.2607 	EXP 	cueImage: autoDraw = False
136.2607 	EXP 	cueImage: autoDraw = False
136.2607 	EXP 	fixation: autoDraw = True
136.8735 	DATA 	Keypress: 5
137.2378 	DATA 	Keypress: 1
137.6550 	DATA 	Keypress: 5
137.8025 	EXP 	fixation: autoDraw = False
137.8025 	EXP 	fixation: autoDraw = False
137.8025 	EXP 	Target: image = 'images/NeutralProbe.bmp'
137.8025 	EXP 	Target: autoDraw = True
138.1951 	EXP 	Target: autoDraw = False
138.1951 	EXP 	Target: autoDraw = False
138.1951 	EXP 	feedbackMsg: text = 'You pressed too soon!\n\nYou did not win or lose anything!'
138.1951 	EXP 	feedbackMsg: autoDraw = True
138.4042 	DATA 	Keypress: 1
138.4376 	DATA 	Keypress: 5
139.2059 	DATA 	Keypress: 5
139.8380 	EXP 	New trial (rep=0, index=17): OrderedDict([('Condition', 'SmallPun'), ('FixationDur', 4000)])
139.8528 	EXP 	feedbackMsg: autoDraw = False
139.8528 	EXP 	feedbackMsg: autoDraw = False
139.8528 	EXP 	cueImage: image = 'images/LoseSmall.bmp'
139.8528 	EXP 	cueImage: autoDraw = True
139.9893 	DATA 	Keypress: 5
140.7733 	DATA 	Keypress: 5
141.5568 	DATA 	Keypress: 5
141.8782 	EXP 	cueImage: autoDraw = False
141.8782 	EXP 	cueImage: autoDraw = False
141.8782 	EXP 	fixation: autoDraw = True
142.3231 	DATA 	Keypress: 5
143.1077 	DATA 	Keypress: 5
143.8907 	DATA 	Keypress: 5
144.6549 	DATA 	Keypress: 5
145.4407 	DATA 	Keypress: 5
145.9138 	EXP 	fixation: autoDraw = False
145.9138 	EXP 	fixation: autoDraw = False
145.9138 	EXP 	Target: image = 'images/LoseProbe.bmp'
145.9138 	EXP 	Target: autoDraw = True
146.1891 	DATA 	Keypress: 1
146.2240 	DATA 	Keypress: 5
146.2871 	EXP 	Target: autoDraw = False
146.2871 	EXP 	Target: autoDraw = False
146.2871 	EXP 	feedbackMsg: text = 'Correct Response!\n\nYou did not lose $0.20!'
146.2871 	EXP 	feedbackMsg: autoDraw = True
146.9891 	DATA 	Keypress: 5
147.7728 	DATA 	Keypress: 5
147.9382 	EXP 	New trial (rep=0, index=18): OrderedDict([('Condition', 'LgPun'), ('FixationDur', 3500)])
147.9532 	EXP 	feedbackMsg: autoDraw = False
147.9532 	EXP 	feedbackMsg: autoDraw = False
147.9532 	EXP 	cueImage: image = 'images/LoseBig.bmp'
147.9532 	EXP 	cueImage: autoDraw = True
148.5574 	DATA 	Keypress: 5
149.3226 	DATA 	Keypress: 5
149.9802 	EXP 	cueImage: autoDraw = False
149.9802 	EXP 	cueImage: autoDraw = False
149.9802 	EXP 	fixation: autoDraw = True
150.1074 	DATA 	Keypress: 5
150.8906 	DATA 	Keypress: 5
151.6568 	DATA 	Keypress: 5
152.4410 	DATA 	Keypress: 5
153.2247 	DATA 	Keypress: 5
153.5146 	EXP 	fixation: autoDraw = False
153.5146 	EXP 	fixation: autoDraw = False
153.5146 	EXP 	Target: image = 'images/LoseProbe.bmp'
153.5146 	EXP 	Target: autoDraw = True
153.7745 	DATA 	Keypress: 1
153.8875 	EXP 	Target: autoDraw = False
153.8875 	EXP 	Target: autoDraw = False
153.8875 	EXP 	feedbackMsg: text = 'Correct Response!\n\nYou did not lose $5.00!'
153.8875 	EXP 	feedbackMsg: autoDraw = True
153.9890 	DATA 	Keypress: 5
154.7742 	DATA 	Keypress: 5
155.5380 	EXP 	New trial (rep=0, index=19): OrderedDict([('Condition', 'LgReward'), ('FixationDur', 4000)])
155.5553 	DATA 	Keypress: 5
155.5639 	EXP 	feedbackMsg: autoDraw = False
155.5639 	EXP 	feedbackMsg: autoDraw = False
155.5639 	EXP 	cueImage: image = 'images/WinBig.bmp'
155.5639 	EXP 	cueImage: autoDraw = True
156.3233 	DATA 	Keypress: 5
157.1067 	DATA 	Keypress: 5
157.5973 	EXP 	cueImage: autoDraw = False
157.5973 	EXP 	fixation: autoDraw = True
157.8916 	DATA 	Keypress: 5
158.6570 	DATA 	Keypress: 5
159.4403 	DATA 	Keypress: 5
160.2250 	DATA 	Keypress: 5
161.0091 	DATA 	Keypress: 5
161.6480 	EXP 	fixation: autoDraw = False
161.6480 	EXP 	fixation: autoDraw = False
161.6480 	EXP 	Target: image = 'images/WinProbe.bmp'
161.6480 	EXP 	Target: autoDraw = True
161.7742 	DATA 	Keypress: 5
161.8908 	DATA 	Keypress: 1
162.0204 	EXP 	Target: autoDraw = False
162.0204 	EXP 	Target: autoDraw = False
162.0204 	EXP 	feedbackMsg: text = 'Correct Response!\n\nYou won $5.00!'
162.0204 	EXP 	feedbackMsg: autoDraw = True
162.5587 	DATA 	Keypress: 5
163.3249 	DATA 	Keypress: 5
163.6728 	EXP 	New trial (rep=0, index=20): OrderedDict([('Condition', 'LgPun'), ('FixationDur', 1500)])
163.6877 	EXP 	feedbackMsg: autoDraw = False
163.6877 	EXP 	feedbackMsg: autoDraw = False
163.6877 	EXP 	cueImage: image = 'images/LoseBig.bmp'
163.6877 	EXP 	cueImage: autoDraw = True
164.1066 	DATA 	Keypress: 5
164.8913 	DATA 	Keypress: 5
165.7084 	DATA 	Keypress: 5
165.7153 	EXP 	cueImage: autoDraw = False
165.7153 	EXP 	cueImage: autoDraw = False
165.7153 	EXP 	fixation: autoDraw = True
166.4401 	DATA 	Keypress: 5
167.2450 	DATA 	Keypress: 5
167.2542 	EXP 	fixation: autoDraw = False
167.2542 	EXP 	fixation: autoDraw = False
167.2542 	EXP 	Target: image = 'images/LoseProbe.bmp'
167.2542 	EXP 	Target: autoDraw = True
167.5242 	DATA 	Keypress: 1
167.6047 	EXP 	Target: autoDraw = False
167.6047 	EXP 	Target: autoDraw = False
167.6047 	EXP 	feedbackMsg: text = 'Correct Response!\n\nYou did not lose $5.00!'
167.6047 	EXP 	feedbackMsg: autoDraw = True
168.0089 	DATA 	Keypress: 5
168.7740 	DATA 	Keypress: 5
169.2892 	EXP 	New trial (rep=0, index=21): OrderedDict([('Condition', 'SmallPun'), ('FixationDur', 2000)])
169.3041 	EXP 	feedbackMsg: autoDraw = False
169.3041 	EXP 	feedbackMsg: autoDraw = False
169.3041 	EXP 	cueImage: image = 'images/LoseSmall.bmp'
169.3041 	EXP 	cueImage: autoDraw = True
169.5574 	DATA 	Keypress: 5
170.3419 	DATA 	Keypress: 5
171.1071 	DATA 	Keypress: 5
171.3330 	EXP 	cueImage: autoDraw = False
171.3330 	EXP 	cueImage: autoDraw = False
171.3330 	EXP 	fixation: autoDraw = True
171.8922 	DATA 	Keypress: 5
172.6759 	DATA 	Keypress: 5
173.3660 	EXP 	fixation: autoDraw = False
173.3660 	EXP 	fixation: autoDraw = False
173.3660 	EXP 	Target: image = 'images/LoseProbe.bmp'
173.3660 	EXP 	Target: autoDraw = True
173.4415 	DATA 	Keypress: 5
173.6260 	DATA 	Keypress: 1
173.7211 	EXP 	Target: autoDraw = False
173.7211 	EXP 	Target: autoDraw = False
173.7211 	EXP 	feedbackMsg: text = 'Correct Response!\n\nYou did not lose $0.20!'
173.7211 	EXP 	feedbackMsg: autoDraw = True
174.2250 	DATA 	Keypress: 5
175.0093 	DATA 	Keypress: 5
175.4067 	EXP 	New trial (rep=0, index=22): OrderedDict([('Condition', 'LgPun'), ('FixationDur', 1500)])
175.4210 	EXP 	feedbackMsg: autoDraw = False
175.4210 	EXP 	feedbackMsg: autoDraw = False
175.4210 	EXP 	cueImage: image = 'images/LoseBig.bmp'
175.4210 	EXP 	cueImage: autoDraw = True
175.7744 	DATA 	Keypress: 5
176.5591 	DATA 	Keypress: 5
177.3398 	DATA 	Keypress: 5
177.4500 	EXP 	cueImage: autoDraw = False
177.4500 	EXP 	cueImage: autoDraw = False
177.4500 	EXP 	fixation: autoDraw = True
178.1082 	DATA 	Keypress: 5
178.8915 	DATA 	Keypress: 5
178.9835 	EXP 	fixation: autoDraw = False
178.9835 	EXP 	fixation: autoDraw = False
178.9835 	EXP 	Target: image = 'images/LoseProbe.bmp'
178.9835 	EXP 	Target: autoDraw = True
179.3352 	DATA 	Keypress: 1
179.3502 	EXP 	Target: autoDraw = False
179.3502 	EXP 	Target: autoDraw = False
179.3502 	EXP 	feedbackMsg: text = 'You pressed too slow!\n\nYou lost $5.00!'
179.3502 	EXP 	feedbackMsg: autoDraw = True
179.6756 	DATA 	Keypress: 5
180.4419 	DATA 	Keypress: 5
181.0243 	EXP 	New trial (rep=0, index=23): OrderedDict([('Condition', 'SmallReward'), ('FixationDur', 2500)])
181.0501 	EXP 	feedbackMsg: autoDraw = False
181.0501 	EXP 	feedbackMsg: autoDraw = False
181.0501 	EXP 	cueImage: image = 'images/WinSmall.bmp'
181.0501 	EXP 	cueImage: autoDraw = True
181.2249 	DATA 	Keypress: 5
182.0077 	DATA 	Keypress: 5
182.7754 	DATA 	Keypress: 5
183.0844 	EXP 	cueImage: autoDraw = False
183.0844 	EXP 	fixation: autoDraw = True
183.5579 	DATA 	Keypress: 5
184.3433 	DATA 	Keypress: 5
185.1273 	DATA 	Keypress: 5
185.6342 	EXP 	fixation: autoDraw = False
185.6342 	EXP 	fixation: autoDraw = False
185.6342 	EXP 	Target: image = 'images/WinProbe.bmp'
185.6342 	EXP 	Target: autoDraw = True
185.8920 	DATA 	Keypress: 1
185.8940 	DATA 	Keypress: 5
185.9508 	EXP 	Target: autoDraw = False
185.9508 	EXP 	Target: autoDraw = False
185.9508 	EXP 	feedbackMsg: text = 'Correct Response!\n\nYou won $0.20!'
185.9508 	EXP 	feedbackMsg: autoDraw = True
186.6748 	DATA 	Keypress: 5
187.4594 	DATA 	Keypress: 5
187.6578 	EXP 	New trial (rep=0, index=24): OrderedDict([('Condition', 'Triangle'), ('FixationDur', 2000)])
187.6721 	EXP 	feedbackMsg: autoDraw = False
187.6721 	EXP 	feedbackMsg: autoDraw = False
187.6721 	EXP 	cueImage: image = 'images/Neutral.bmp'
187.6721 	EXP 	cueImage: autoDraw = True
188.2241 	DATA 	Keypress: 5
189.0088 	DATA 	Keypress: 5
189.7012 	EXP 	cueImage: autoDraw = False
189.7012 	EXP 	cueImage: autoDraw = False
189.7012 	EXP 	fixation: autoDraw = True
189.7937 	DATA 	Keypress: 5
190.5591 	DATA 	Keypress: 5
191.3436 	DATA 	Keypress: 5
191.7350 	EXP 	fixation: autoDraw = False
191.7350 	EXP 	fixation: autoDraw = False
191.7350 	EXP 	Target: image = 'images/NeutralProbe.bmp'
191.7350 	EXP 	Target: autoDraw = True
191.9724 	DATA 	Keypress: 1
192.0521 	EXP 	Target: autoDraw = False
192.0521 	EXP 	Target: autoDraw = False
192.0521 	EXP 	feedbackMsg: text = 'Correct Response!\n\nYou did not win or lose anything!'
192.0521 	EXP 	feedbackMsg: autoDraw = True
192.1220 	DATA 	Keypress: 5
192.8928 	DATA 	Keypress: 5
193.6770 	DATA 	Keypress: 5
193.7578 	EXP 	New trial (rep=0, index=25): OrderedDict([('Condition', 'LgPun'), ('FixationDur', 2000)])
193.7722 	EXP 	feedbackMsg: autoDraw = False
193.7722 	EXP 	feedbackMsg: autoDraw = False
193.7722 	EXP 	cueImage: image = 'images/LoseBig.bmp'
193.7722 	EXP 	cueImage: autoDraw = True
194.4595 	DATA 	Keypress: 5
195.2260 	DATA 	Keypress: 5
195.8022 	EXP 	cueImage: autoDraw = False
195.8022 	EXP 	cueImage: autoDraw = False
195.8022 	EXP 	fixation: autoDraw = True
196.0049 	DATA 	Keypress: 5
196.7895 	DATA 	Keypress: 5
197.5589 	DATA 	Keypress: 5
197.8360 	EXP 	fixation: autoDraw = False
197.8360 	EXP 	fixation: autoDraw = False
197.8360 	EXP 	Target: image = 'images/LoseProbe.bmp'
197.8360 	EXP 	Target: autoDraw = True
198.1455 	DATA 	Keypress: 1
198.1524 	EXP 	Target: autoDraw = False
198.1524 	EXP 	Target: autoDraw = False
198.1524 	EXP 	feedbackMsg: text = 'You pressed too slow!\n\nYou lost $5.00!'
198.1524 	EXP 	feedbackMsg: autoDraw = True
198.3387 	DATA 	Keypress: 5
199.1228 	DATA 	Keypress: 5
199.8579 	EXP 	New trial (rep=0, index=26): OrderedDict([('Condition', 'LgReward'), ('FixationDur', 1500)])
199.8728 	EXP 	feedbackMsg: autoDraw = False
199.8728 	EXP 	feedbackMsg: autoDraw = False
199.8728 	EXP 	cueImage: image = 'images/WinBig.bmp'
199.8728 	EXP 	cueImage: autoDraw = True
199.8926 	DATA 	Keypress: 5
200.6755 	DATA 	Keypress: 5
201.4601 	DATA 	Keypress: 5
201.9039 	EXP 	cueImage: autoDraw = False
201.9039 	EXP 	cueImage: autoDraw = False
201.9039 	EXP 	fixation: autoDraw = True
202.2406 	DATA 	Keypress: 5
203.0065 	DATA 	Keypress: 5
203.4531 	EXP 	fixation: autoDraw = False
203.4531 	EXP 	fixation: autoDraw = False
203.4531 	EXP 	Target: image = 'images/WinProbe.bmp'
203.4531 	EXP 	Target: autoDraw = True
203.7699 	EXP 	Target: autoDraw = False
203.7699 	EXP 	Target: autoDraw = False
203.7699 	EXP 	feedbackMsg: text = 'You pressed too slow!\n\nYou did not win $5.00!'
203.7699 	EXP 	feedbackMsg: autoDraw = True
203.7735 	DATA 	Keypress: 1
203.7897 	DATA 	Keypress: 5
204.5743 	DATA 	Keypress: 5
205.3402 	DATA 	Keypress: 5
205.4887 	EXP 	New trial (rep=0, index=27): OrderedDict([('Condition', 'LgPun'), ('FixationDur', 4000)])
205.5033 	EXP 	feedbackMsg: autoDraw = False
205.5033 	EXP 	feedbackMsg: autoDraw = False
205.5033 	EXP 	cueImage: image = 'images/LoseBig.bmp'
205.5033 	EXP 	cueImage: autoDraw = True
206.1233 	DATA 	Keypress: 5
206.9069 	DATA 	Keypress: 5
207.5370 	EXP 	cueImage: autoDraw = False
207.5370 	EXP 	cueImage: autoDraw = False
207.5370 	EXP 	fixation: autoDraw = True
207.6739 	DATA 	Keypress: 5
208.4575 	DATA 	Keypress: 5
209.2416 	DATA 	Keypress: 5
210.0093 	DATA 	Keypress: 5
210.7944 	DATA 	Keypress: 5
211.5643 	DATA 	Keypress: 5
211.5705 	EXP 	fixation: autoDraw = False
211.5705 	EXP 	fixation: autoDraw = False
211.5705 	EXP 	Target: image = 'images/LoseProbe.bmp'
211.5705 	EXP 	Target: autoDraw = True
211.9046 	EXP 	Target: autoDraw = False
211.9046 	EXP 	Target: autoDraw = False
211.9046 	EXP 	feedbackMsg: text = 'You pressed too slow!\n\nYou lost $5.00!'
211.9046 	EXP 	feedbackMsg: autoDraw = True
211.9251 	DATA 	Keypress: 1
212.3408 	DATA 	Keypress: 5
213.1240 	DATA 	Keypress: 5
213.5896 	EXP 	New trial (rep=0, index=28): OrderedDict([('Condition', 'LgReward'), ('FixationDur', 3500)])
213.6217 	EXP 	feedbackMsg: autoDraw = False
213.6217 	EXP 	feedbackMsg: autoDraw = False
213.6217 	EXP 	cueImage: image = 'images/WinBig.bmp'
213.6217 	EXP 	cueImage: autoDraw = True
213.9079 	DATA 	Keypress: 5
214.6766 	DATA 	Keypress: 5
215.4595 	DATA 	Keypress: 5
215.6388 	EXP 	cueImage: autoDraw = False
215.6388 	EXP 	fixation: autoDraw = True
216.2459 	DATA 	Keypress: 5
217.0109 	DATA 	Keypress: 5
217.7938 	DATA 	Keypress: 5
218.5791 	DATA 	Keypress: 5
219.1904 	EXP 	fixation: autoDraw = False
219.1904 	EXP 	fixation: autoDraw = False
219.1904 	EXP 	Target: image = 'images/WinProbe.bmp'
219.1904 	EXP 	Target: autoDraw = True
219.3441 	DATA 	Keypress: 5
219.4453 	DATA 	Keypress: 1
219.5228 	EXP 	Target: autoDraw = False
219.5228 	EXP 	Target: autoDraw = False
219.5228 	EXP 	feedbackMsg: text = 'Correct Response!\n\nYou won $5.00!'
219.5228 	EXP 	feedbackMsg: autoDraw = True
220.1267 	DATA 	Keypress: 5
220.9115 	DATA 	Keypress: 5
221.2087 	EXP 	New trial (rep=0, index=29): OrderedDict([('Condition', 'LgReward'), ('FixationDur', 1500)])
221.2392 	EXP 	feedbackMsg: autoDraw = False
221.2392 	EXP 	feedbackMsg: autoDraw = False
221.2392 	EXP 	cueImage: image = 'images/WinBig.bmp'
221.2392 	EXP 	cueImage: autoDraw = True
221.6776 	DATA 	Keypress: 5
222.4606 	DATA 	Keypress: 5
223.2464 	DATA 	Keypress: 5
223.2562 	EXP 	cueImage: autoDraw = False
223.2562 	EXP 	fixation: autoDraw = True
224.0117 	DATA 	Keypress: 5
224.7974 	DATA 	Keypress: 5
224.8053 	EXP 	fixation: autoDraw = False
224.8053 	EXP 	fixation: autoDraw = False
224.8053 	EXP 	Target: image = 'images/WinProbe.bmp'
224.8053 	EXP 	Target: autoDraw = True
225.1407 	DATA 	Keypress: 1
225.1559 	EXP 	Target: autoDraw = False
225.1559 	EXP 	Target: autoDraw = False
225.1559 	EXP 	feedbackMsg: text = 'You pressed too slow!\n\nYou did not win $5.00!'
225.1559 	EXP 	feedbackMsg: autoDraw = True
225.5783 	DATA 	Keypress: 5
226.3451 	DATA 	Keypress: 5
226.8425 	EXP 	New trial (rep=0, index=30): OrderedDict([('Condition', 'SmallPun'), ('FixationDur', 1500)])
226.8578 	EXP 	feedbackMsg: autoDraw = False
226.8578 	EXP 	feedbackMsg: autoDraw = False
226.8578 	EXP 	cueImage: image = 'images/LoseSmall.bmp'
226.8578 	EXP 	cueImage: autoDraw = True
227.1277 	DATA 	Keypress: 5
227.9108 	DATA 	Keypress: 5
228.6952 	DATA 	Keypress: 5
228.8905 	EXP 	cueImage: autoDraw = False
228.8905 	EXP 	cueImage: autoDraw = False
228.8905 	EXP 	fixation: autoDraw = True
229.4618 	DATA 	Keypress: 5
230.2457 	DATA 	Keypress: 5
230.4228 	EXP 	fixation: autoDraw = False
230.4228 	EXP 	fixation: autoDraw = False
230.4228 	EXP 	Target: image = 'images/LoseProbe.bmp'
230.4228 	EXP 	Target: autoDraw = True
230.7113 	DATA 	Keypress: 1
230.7909 	EXP 	Target: autoDraw = False
230.7909 	EXP 	Target: autoDraw = False
230.7909 	EXP 	feedbackMsg: text = 'Correct Response!\n\nYou did not lose $0.20!'
230.7909 	EXP 	feedbackMsg: autoDraw = True
231.0289 	DATA 	Keypress: 5
231.7944 	DATA 	Keypress: 5
232.4432 	EXP 	New trial (rep=0, index=31): OrderedDict([('Condition', 'SmallReward'), ('FixationDur', 1500)])
232.4736 	EXP 	feedbackMsg: autoDraw = False
232.4736 	EXP 	feedbackMsg: autoDraw = False
232.4736 	EXP 	cueImage: image = 'images/WinSmall.bmp'
232.4736 	EXP 	cueImage: autoDraw = True
232.5791 	DATA 	Keypress: 5
233.3621 	DATA 	Keypress: 5
234.1277 	DATA 	Keypress: 5
234.5075 	EXP 	cueImage: autoDraw = False
234.5075 	EXP 	fixation: autoDraw = True
234.9127 	DATA 	Keypress: 5
235.6961 	DATA 	Keypress: 5
236.0574 	EXP 	fixation: autoDraw = False
236.0574 	EXP 	fixation: autoDraw = False
236.0574 	EXP 	Target: image = 'images/WinProbe.bmp'
236.0574 	EXP 	Target: autoDraw = True
236.4259 	DATA 	Keypress: 1
236.4411 	EXP 	Target: autoDraw = False
236.4411 	EXP 	Target: autoDraw = False
236.4411 	EXP 	feedbackMsg: text = 'You pressed too slow!\n\nYou did not win $0.20!'
236.4411 	EXP 	feedbackMsg: autoDraw = True
236.4624 	DATA 	Keypress: 5
237.2462 	DATA 	Keypress: 5
238.0300 	DATA 	Keypress: 5
238.0775 	EXP 	New trial (rep=0, index=32): OrderedDict([('Condition', 'Triangle'), ('FixationDur', 2000)])
238.0925 	EXP 	feedbackMsg: autoDraw = False
238.0925 	EXP 	feedbackMsg: autoDraw = False
238.0925 	EXP 	cueImage: image = 'images/Neutral.bmp'
238.0925 	EXP 	cueImage: autoDraw = True
238.7955 	DATA 	Keypress: 5
239.5792 	DATA 	Keypress: 5
240.1243 	EXP 	cueImage: autoDraw = False
240.1243 	EXP 	cueImage: autoDraw = False
240.1243 	EXP 	fixation: autoDraw = True
240.3617 	DATA 	Keypress: 5
241.1286 	DATA 	Keypress: 5
241.9121 	DATA 	Keypress: 5
242.1584 	EXP 	fixation: autoDraw = False
242.1584 	EXP 	fixation: autoDraw = False
242.1584 	EXP 	Target: image = 'images/NeutralProbe.bmp'
242.1584 	EXP 	Target: autoDraw = True
242.5255 	EXP 	Target: autoDraw = False
242.5255 	EXP 	Target: autoDraw = False
242.5255 	EXP 	feedbackMsg: text = 'You pressed too slow!\n\nYou did not win or lose anything!'
242.5255 	EXP 	feedbackMsg: autoDraw = True
242.5963 	DATA 	Keypress: 1
242.6966 	DATA 	Keypress: 5
243.4629 	DATA 	Keypress: 5
244.1782 	EXP 	New trial (rep=0, index=33): OrderedDict([('Condition', 'LgPun'), ('FixationDur', 1500)])
244.1923 	EXP 	feedbackMsg: autoDraw = False
244.1923 	EXP 	feedbackMsg: autoDraw = False
244.1923 	EXP 	cueImage: image = 'images/LoseBig.bmp'
244.1923 	EXP 	cueImage: autoDraw = True
244.2444 	DATA 	Keypress: 5
245.0303 	DATA 	Keypress: 5
245.8137 	DATA 	Keypress: 5
246.2263 	EXP 	cueImage: autoDraw = False
246.2263 	EXP 	cueImage: autoDraw = False
246.2263 	EXP 	fixation: autoDraw = True
246.5789 	DATA 	Keypress: 5
247.3630 	DATA 	Keypress: 5
247.7585 	EXP 	fixation: autoDraw = False
247.7585 	EXP 	fixation: autoDraw = False
247.7585 	EXP 	Target: image = 'images/LoseProbe.bmp'
247.7585 	EXP 	Target: autoDraw = True
248.1257 	EXP 	Target: autoDraw = False
248.1257 	EXP 	Target: autoDraw = False
248.1257 	EXP 	feedbackMsg: text = 'You pressed too slow!\n\nYou lost $5.00!'
248.1257 	EXP 	feedbackMsg: autoDraw = True
248.1461 	DATA 	Keypress: 5
248.1477 	DATA 	Keypress: 1
248.9130 	DATA 	Keypress: 5
249.6980 	DATA 	Keypress: 5
249.7785 	EXP 	New trial (rep=0, index=34): OrderedDict([('Condition', 'Triangle'), ('FixationDur', 1500)])
249.7932 	EXP 	feedbackMsg: autoDraw = False
249.7932 	EXP 	feedbackMsg: autoDraw = False
249.7932 	EXP 	cueImage: image = 'images/Neutral.bmp'
249.7932 	EXP 	cueImage: autoDraw = True
250.4784 	DATA 	Keypress: 5
251.2450 	DATA 	Keypress: 5
251.8271 	EXP 	cueImage: autoDraw = False
251.8271 	EXP 	cueImage: autoDraw = False
251.8271 	EXP 	fixation: autoDraw = True
252.0302 	DATA 	Keypress: 5
252.8141 	DATA 	Keypress: 5
253.3601 	EXP 	fixation: autoDraw = False
253.3601 	EXP 	fixation: autoDraw = False
253.3601 	EXP 	Target: image = 'images/NeutralProbe.bmp'
253.3601 	EXP 	Target: autoDraw = True
253.5788 	DATA 	Keypress: 5
253.6129 	DATA 	Keypress: 1
253.7768 	EXP 	Target: autoDraw = False
253.7768 	EXP 	Target: autoDraw = False
253.7768 	EXP 	feedbackMsg: text = 'Correct Response!\n\nYou did not win or lose anything!'
253.7768 	EXP 	feedbackMsg: autoDraw = True
254.3645 	DATA 	Keypress: 5
255.1468 	DATA 	Keypress: 5
255.3787 	EXP 	New trial (rep=0, index=35): OrderedDict([('Condition', 'LgReward'), ('FixationDur', 3000)])
255.4098 	EXP 	feedbackMsg: autoDraw = False
255.4098 	EXP 	feedbackMsg: autoDraw = False
255.4098 	EXP 	cueImage: image = 'images/WinBig.bmp'
255.4098 	EXP 	cueImage: autoDraw = True
255.9127 	DATA 	Keypress: 5
256.6962 	DATA 	Keypress: 5
257.4435 	EXP 	cueImage: autoDraw = False
257.4435 	EXP 	fixation: autoDraw = True
257.4795 	DATA 	Keypress: 5
258.2467 	DATA 	Keypress: 5
259.0311 	DATA 	Keypress: 5
259.8148 	DATA 	Keypress: 5
260.4934 	EXP 	fixation: autoDraw = False
260.4934 	EXP 	fixation: autoDraw = False
260.4934 	EXP 	Target: image = 'images/WinProbe.bmp'
260.4934 	EXP 	Target: autoDraw = True
260.5797 	DATA 	Keypress: 5
260.7471 	DATA 	Keypress: 1
260.9106 	EXP 	Target: autoDraw = False
260.9106 	EXP 	Target: autoDraw = False
260.9106 	EXP 	feedbackMsg: text = 'Correct Response!\n\nYou won $5.00!'
260.9106 	EXP 	feedbackMsg: autoDraw = True
261.3629 	DATA 	Keypress: 5
262.1483 	DATA 	Keypress: 5
262.5291 	EXP 	New trial (rep=0, index=36): OrderedDict([('Condition', 'LgPun'), ('FixationDur', 3000)])
262.5441 	EXP 	feedbackMsg: autoDraw = False
262.5441 	EXP 	feedbackMsg: autoDraw = False
262.5441 	EXP 	cueImage: image = 'images/LoseBig.bmp'
262.5441 	EXP 	cueImage: autoDraw = True
262.9135 	DATA 	Keypress: 5
263.6976 	DATA 	Keypress: 5
264.4813 	DATA 	Keypress: 5
264.5780 	EXP 	cueImage: autoDraw = False
264.5780 	EXP 	cueImage: autoDraw = False
264.5780 	EXP 	fixation: autoDraw = True
265.2476 	DATA 	Keypress: 5
266.0300 	DATA 	Keypress: 5
266.8153 	DATA 	Keypress: 5
267.6010 	DATA 	Keypress: 5
267.6110 	EXP 	fixation: autoDraw = False
267.6110 	EXP 	fixation: autoDraw = False
267.6110 	EXP 	Target: image = 'images/LoseProbe.bmp'
267.6110 	EXP 	Target: autoDraw = True
267.8800 	DATA 	Keypress: 1
268.0278 	EXP 	Target: autoDraw = False
268.0278 	EXP 	Target: autoDraw = False
268.0278 	EXP 	feedbackMsg: text = 'Correct Response!\n\nYou did not lose $5.00!'
268.0278 	EXP 	feedbackMsg: autoDraw = True
268.3639 	DATA 	Keypress: 5
269.1478 	DATA 	Keypress: 5
269.6296 	EXP 	New trial (rep=0, index=37): OrderedDict([('Condition', 'SmallReward'), ('FixationDur', 4000)])
269.6607 	EXP 	feedbackMsg: autoDraw = False
269.6607 	EXP 	feedbackMsg: autoDraw = False
269.6607 	EXP 	cueImage: image = 'images/WinSmall.bmp'
269.6607 	EXP 	cueImage: autoDraw = True
269.9319 	DATA 	Keypress: 5
270.6966 	DATA 	Keypress: 5
271.4819 	DATA 	Keypress: 5
271.6950 	EXP 	cueImage: autoDraw = False
271.6950 	EXP 	fixation: autoDraw = True
272.2661 	DATA 	Keypress: 5
273.0305 	DATA 	Keypress: 5
273.8158 	DATA 	Keypress: 5
274.5992 	DATA 	Keypress: 5
275.3636 	DATA 	Keypress: 5
275.7444 	EXP 	fixation: autoDraw = False
275.7444 	EXP 	fixation: autoDraw = False
275.7444 	EXP 	Target: image = 'images/WinProbe.bmp'
275.7444 	EXP 	Target: autoDraw = True
276.0477 	DATA 	Keypress: 1
276.1562 	DATA 	Keypress: 5
276.1607 	EXP 	Target: autoDraw = False
276.1607 	EXP 	Target: autoDraw = False
276.1607 	EXP 	feedbackMsg: text = 'Correct Response!\n\nYou won $0.20!'
276.1607 	EXP 	feedbackMsg: autoDraw = True
276.9321 	DATA 	Keypress: 5
277.6973 	DATA 	Keypress: 5
277.7635 	EXP 	New trial (rep=0, index=38): OrderedDict([('Condition', 'Triangle'), ('FixationDur', 1500)])
277.7783 	EXP 	feedbackMsg: autoDraw = False
277.7783 	EXP 	feedbackMsg: autoDraw = False
277.7783 	EXP 	cueImage: image = 'images/Neutral.bmp'
277.7783 	EXP 	cueImage: autoDraw = True
278.4809 	DATA 	Keypress: 5
279.2646 	DATA 	Keypress: 5
279.8123 	EXP 	cueImage: autoDraw = False
279.8123 	EXP 	cueImage: autoDraw = False
279.8123 	EXP 	fixation: autoDraw = True
280.0315 	DATA 	Keypress: 5
280.8162 	DATA 	Keypress: 5
281.3443 	EXP 	fixation: autoDraw = False
281.3443 	EXP 	fixation: autoDraw = False
281.3443 	EXP 	Target: image = 'images/NeutralProbe.bmp'
281.3443 	EXP 	Target: autoDraw = True
281.5993 	DATA 	Keypress: 5
281.6655 	DATA 	Keypress: 1
281.7455 	EXP 	Target: autoDraw = False
281.7455 	EXP 	Target: autoDraw = False
281.7455 	EXP 	feedbackMsg: text = 'Correct Response!\n\nYou did not win or lose anything!'
281.7455 	EXP 	feedbackMsg: autoDraw = True
282.3655 	DATA 	Keypress: 5
283.1479 	DATA 	Keypress: 5
283.3807 	EXP 	New trial (rep=0, index=39): OrderedDict([('Condition', 'SmallReward'), ('FixationDur', 2000)])
283.4120 	EXP 	feedbackMsg: autoDraw = False
283.4120 	EXP 	feedbackMsg: autoDraw = False
283.4120 	EXP 	cueImage: image = 'images/WinSmall.bmp'
283.4120 	EXP 	cueImage: autoDraw = True
283.9325 	DATA 	Keypress: 5
284.6982 	DATA 	Keypress: 5
285.4459 	EXP 	cueImage: autoDraw = False
285.4459 	EXP 	fixation: autoDraw = True
285.4828 	DATA 	Keypress: 5
286.2669 	DATA 	Keypress: 5
287.0319 	DATA 	Keypress: 5
287.4951 	EXP 	fixation: autoDraw = False
287.4951 	EXP 	fixation: autoDraw = False
287.4951 	EXP 	Target: image = 'images/WinProbe.bmp'
287.4951 	EXP 	Target: autoDraw = True
287.7812 	DATA 	Keypress: 1
287.8150 	DATA 	Keypress: 5
287.8793 	EXP 	Target: autoDraw = False
287.8793 	EXP 	Target: autoDraw = False
287.8793 	EXP 	feedbackMsg: text = 'Correct Response!\n\nYou won $0.20!'
287.8793 	EXP 	feedbackMsg: autoDraw = True
288.6003 	DATA 	Keypress: 5
289.3827 	DATA 	Keypress: 5
289.4977 	EXP 	New trial (rep=0, index=40): OrderedDict([('Condition', 'SmallPun'), ('FixationDur', 1500)])
289.5124 	EXP 	feedbackMsg: autoDraw = False
289.5124 	EXP 	feedbackMsg: autoDraw = False
289.5124 	EXP 	cueImage: image = 'images/LoseSmall.bmp'
289.5124 	EXP 	cueImage: autoDraw = True
290.1485 	DATA 	Keypress: 5
290.9326 	DATA 	Keypress: 5
291.5461 	EXP 	cueImage: autoDraw = False
291.5461 	EXP 	cueImage: autoDraw = False
291.5461 	EXP 	fixation: autoDraw = True
291.7170 	DATA 	Keypress: 5
292.4814 	DATA 	Keypress: 5
293.0787 	EXP 	fixation: autoDraw = False
293.0787 	EXP 	fixation: autoDraw = False
293.0787 	EXP 	Target: image = 'images/LoseProbe.bmp'
293.0787 	EXP 	Target: autoDraw = True
293.2662 	DATA 	Keypress: 5
293.3654 	DATA 	Keypress: 1
293.4794 	EXP 	Target: autoDraw = False
293.4794 	EXP 	Target: autoDraw = False
293.4794 	EXP 	feedbackMsg: text = 'Correct Response!\n\nYou did not lose $0.20!'
293.4794 	EXP 	feedbackMsg: autoDraw = True
294.0494 	DATA 	Keypress: 5
294.8153 	DATA 	Keypress: 5
295.1145 	EXP 	New trial (rep=0, index=41): OrderedDict([('Condition', 'Triangle'), ('FixationDur', 3500)])
295.1290 	EXP 	feedbackMsg: autoDraw = False
295.1290 	EXP 	feedbackMsg: autoDraw = False
295.1290 	EXP 	cueImage: image = 'images/Neutral.bmp'
295.1290 	EXP 	cueImage: autoDraw = True
295.5987 	DATA 	Keypress: 5
296.3826 	DATA 	Keypress: 5
297.1503 	DATA 	Keypress: 5
297.1636 	EXP 	cueImage: autoDraw = False
297.1636 	EXP 	cueImage: autoDraw = False
297.1636 	EXP 	fixation: autoDraw = True
297.9346 	DATA 	Keypress: 5
298.7167 	DATA 	Keypress: 5
299.4830 	DATA 	Keypress: 5
300.2665 	DATA 	Keypress: 5
300.6961 	EXP 	fixation: autoDraw = False
300.6961 	EXP 	fixation: autoDraw = False
300.6961 	EXP 	Target: image = 'images/NeutralProbe.bmp'
300.6961 	EXP 	Target: autoDraw = True
300.9665 	DATA 	Keypress: 1
301.0930 	DATA 	Keypress: 5
301.1000 	EXP 	Target: autoDraw = False
301.1000 	EXP 	Target: autoDraw = False
301.1000 	EXP 	feedbackMsg: text = 'Correct Response!\n\nYou did not win or lose anything!'
301.1000 	EXP 	feedbackMsg: autoDraw = True
301.8167 	DATA 	Keypress: 5
302.6010 	DATA 	Keypress: 5
302.7321 	EXP 	New trial (rep=0, index=42): OrderedDict([('Condition', 'SmallPun'), ('FixationDur', 2500)])
302.7467 	EXP 	feedbackMsg: autoDraw = False
302.7467 	EXP 	feedbackMsg: autoDraw = False
302.7467 	EXP 	cueImage: image = 'images/LoseSmall.bmp'
302.7467 	EXP 	cueImage: autoDraw = True
303.3829 	DATA 	Keypress: 5
304.1499 	DATA 	Keypress: 5
304.7804 	EXP 	cueImage: autoDraw = False
304.7804 	EXP 	cueImage: autoDraw = False
304.7804 	EXP 	fixation: autoDraw = True
304.9333 	DATA 	Keypress: 5
305.7172 	DATA 	Keypress: 5
306.4839 	DATA 	Keypress: 5
307.3030 	DATA 	Keypress: 5
307.3133 	EXP 	fixation: autoDraw = False
307.3133 	EXP 	fixation: autoDraw = False
307.3133 	EXP 	Target: image = 'images/LoseProbe.bmp'
307.3133 	EXP 	Target: autoDraw = True
307.6500 	DATA 	Keypress: 1
307.7141 	EXP 	Target: autoDraw = False
307.7141 	EXP 	Target: autoDraw = False
307.7141 	EXP 	feedbackMsg: text = 'Correct Response!\n\nYou did not lose $0.20!'
307.7141 	EXP 	feedbackMsg: autoDraw = True
308.0508 	DATA 	Keypress: 5
308.8172 	DATA 	Keypress: 5
309.3492 	EXP 	New trial (rep=0, index=43): OrderedDict([('Condition', 'LgReward'), ('FixationDur', 2000)])
309.3804 	EXP 	feedbackMsg: autoDraw = False
309.3804 	EXP 	feedbackMsg: autoDraw = False
309.3804 	EXP 	cueImage: image = 'images/WinBig.bmp'
309.3804 	EXP 	cueImage: autoDraw = True
309.5999 	DATA 	Keypress: 5
310.3846 	DATA 	Keypress: 5
311.1502 	DATA 	Keypress: 5
311.4002 	EXP 	cueImage: autoDraw = False
311.4002 	EXP 	fixation: autoDraw = True
311.9347 	DATA 	Keypress: 5
312.7187 	DATA 	Keypress: 5
313.4634 	EXP 	fixation: autoDraw = False
313.4634 	EXP 	fixation: autoDraw = False
313.4634 	EXP 	Target: image = 'images/WinProbe.bmp'
313.4634 	EXP 	Target: autoDraw = True
313.4843 	DATA 	Keypress: 5
313.8099 	DATA 	Keypress: 1
313.8180 	EXP 	Target: autoDraw = False
313.8180 	EXP 	Target: autoDraw = False
313.8180 	EXP 	feedbackMsg: text = 'You pressed too slow!\n\nYou did not win $5.00!'
313.8180 	EXP 	feedbackMsg: autoDraw = True
314.2677 	DATA 	Keypress: 5
315.0521 	DATA 	Keypress: 5
315.4996 	EXP 	New trial (rep=0, index=44): OrderedDict([('Condition', 'LgPun'), ('FixationDur', 2000)])
315.5141 	EXP 	feedbackMsg: autoDraw = False
315.5141 	EXP 	feedbackMsg: autoDraw = False
315.5141 	EXP 	cueImage: image = 'images/LoseBig.bmp'
315.5141 	EXP 	cueImage: autoDraw = True
315.8352 	DATA 	Keypress: 5
316.5996 	DATA 	Keypress: 5
317.3851 	DATA 	Keypress: 5
317.5480 	EXP 	cueImage: autoDraw = False
317.5480 	EXP 	cueImage: autoDraw = False
317.5480 	EXP 	fixation: autoDraw = True
318.1689 	DATA 	Keypress: 5
318.9341 	DATA 	Keypress: 5
319.5804 	EXP 	fixation: autoDraw = False
319.5804 	EXP 	fixation: autoDraw = False
319.5804 	EXP 	Target: image = 'images/LoseProbe.bmp'
319.5804 	EXP 	Target: autoDraw = True
319.7180 	DATA 	Keypress: 5
319.9271 	DATA 	Keypress: 1
319.9351 	EXP 	Target: autoDraw = False
319.9351 	EXP 	Target: autoDraw = False
319.9351 	EXP 	feedbackMsg: text = 'You pressed too slow!\n\nYou lost $5.00!'
319.9351 	EXP 	feedbackMsg: autoDraw = True
320.5009 	DATA 	Keypress: 5
321.2676 	DATA 	Keypress: 5
321.6148 	EXP 	New trial (rep=0, index=45): OrderedDict([('Condition', 'SmallReward'), ('FixationDur', 1500)])
321.6473 	EXP 	feedbackMsg: autoDraw = False
321.6473 	EXP 	feedbackMsg: autoDraw = False
321.6473 	EXP 	cueImage: image = 'images/WinSmall.bmp'
321.6473 	EXP 	cueImage: autoDraw = True
322.0521 	DATA 	Keypress: 5
322.8347 	DATA 	Keypress: 5
323.6012 	DATA 	Keypress: 5
323.6649 	EXP 	cueImage: autoDraw = False
323.6649 	EXP 	fixation: autoDraw = True
324.3846 	DATA 	Keypress: 5
325.2016 	DATA 	Keypress: 5
325.2142 	EXP 	fixation: autoDraw = False
325.2142 	EXP 	fixation: autoDraw = False
325.2142 	EXP 	Target: image = 'images/WinProbe.bmp'
325.2142 	EXP 	Target: autoDraw = True
325.5533 	EXP 	Target: autoDraw = False
325.5533 	EXP 	Target: autoDraw = False
325.5533 	EXP 	feedbackMsg: text = 'You pressed too slow!\n\nYou did not win $0.20!'
325.5533 	EXP 	feedbackMsg: autoDraw = True
325.6667 	DATA 	Keypress: 1
325.9341 	DATA 	Keypress: 5
326.7200 	DATA 	Keypress: 5
327.2338 	EXP 	New trial (rep=0, index=46): OrderedDict([('Condition', 'SmallPun'), ('FixationDur', 3000)])
327.2482 	EXP 	feedbackMsg: autoDraw = False
327.2482 	EXP 	feedbackMsg: autoDraw = False
327.2482 	EXP 	cueImage: image = 'images/LoseSmall.bmp'
327.2482 	EXP 	cueImage: autoDraw = True
327.5015 	DATA 	Keypress: 5
328.2677 	DATA 	Keypress: 5
329.0514 	DATA 	Keypress: 5
329.2816 	EXP 	cueImage: autoDraw = False
329.2816 	EXP 	cueImage: autoDraw = False
329.2816 	EXP 	fixation: autoDraw = True
329.8363 	DATA 	Keypress: 5
330.6021 	DATA 	Keypress: 5
331.3853 	DATA 	Keypress: 5
332.1689 	DATA 	Keypress: 5
332.3149 	EXP 	fixation: autoDraw = False
332.3149 	EXP 	fixation: autoDraw = False
332.3149 	EXP 	Target: image = 'images/LoseProbe.bmp'
332.3149 	EXP 	Target: autoDraw = True
332.6813 	EXP 	Target: autoDraw = False
332.6813 	EXP 	Target: autoDraw = False
332.6813 	EXP 	feedbackMsg: text = 'You pressed too slow!\n\nYou lost $0.20!'
332.6813 	EXP 	feedbackMsg: autoDraw = True
332.9526 	DATA 	Keypress: 5
333.7178 	DATA 	Keypress: 5
334.3506 	EXP 	New trial (rep=0, index=47): OrderedDict([('Condition', 'LgPun'), ('FixationDur', 1500)])
334.3654 	EXP 	feedbackMsg: autoDraw = False
334.3654 	EXP 	feedbackMsg: autoDraw = False
334.3654 	EXP 	cueImage: image = 'images/LoseBig.bmp'
334.3654 	EXP 	cueImage: autoDraw = True
334.5029 	DATA 	Keypress: 5
335.2853 	DATA 	Keypress: 5
336.0517 	DATA 	Keypress: 5
336.3993 	EXP 	cueImage: autoDraw = False
336.3993 	EXP 	cueImage: autoDraw = False
336.3993 	EXP 	fixation: autoDraw = True
336.8371 	DATA 	Keypress: 5
337.6197 	DATA 	Keypress: 5
337.9327 	EXP 	fixation: autoDraw = False
337.9327 	EXP 	fixation: autoDraw = False
337.9327 	EXP 	Target: image = 'images/LoseProbe.bmp'
337.9327 	EXP 	Target: autoDraw = True
338.2179 	DATA 	Keypress: 1
338.2995 	EXP 	Target: autoDraw = False
338.2995 	EXP 	Target: autoDraw = False
338.2995 	EXP 	feedbackMsg: text = 'Correct Response!\n\nYou did not lose $5.00!'
338.2995 	EXP 	feedbackMsg: autoDraw = True
338.3856 	DATA 	Keypress: 5
339.1709 	DATA 	Keypress: 5
339.9523 	DATA 	Keypress: 5
339.9670 	EXP 	New trial (rep=0, index=48): OrderedDict([('Condition', 'LgReward'), ('FixationDur', 2000)])
339.9985 	EXP 	feedbackMsg: autoDraw = False
339.9985 	EXP 	feedbackMsg: autoDraw = False
339.9985 	EXP 	cueImage: image = 'images/WinBig.bmp'
339.9985 	EXP 	cueImage: autoDraw = True
340.7186 	DATA 	Keypress: 5
341.5021 	DATA 	Keypress: 5
342.0209 	EXP 	cueImage: autoDraw = False
342.0209 	EXP 	fixation: autoDraw = True
342.2859 	DATA 	Keypress: 5
343.0524 	DATA 	Keypress: 5
343.8360 	DATA 	Keypress: 5
344.0828 	EXP 	fixation: autoDraw = False
344.0828 	EXP 	fixation: autoDraw = False
344.0828 	EXP 	Target: image = 'images/WinProbe.bmp'
344.0828 	EXP 	Target: autoDraw = True
344.3526 	DATA 	Keypress: 1
344.4494 	EXP 	Target: autoDraw = False
344.4494 	EXP 	Target: autoDraw = False
344.4494 	EXP 	feedbackMsg: text = 'Correct Response!\n\nYou won $5.00!'
344.4494 	EXP 	feedbackMsg: autoDraw = True
344.6200 	DATA 	Keypress: 5
345.3862 	DATA 	Keypress: 5
346.1016 	EXP 	New trial (rep=0, index=49): OrderedDict([('Condition', 'LgReward'), ('FixationDur', 1500)])
346.1329 	EXP 	feedbackMsg: autoDraw = False
346.1329 	EXP 	feedbackMsg: autoDraw = False
346.1329 	EXP 	cueImage: image = 'images/WinBig.bmp'
346.1329 	EXP 	cueImage: autoDraw = True
346.1694 	DATA 	Keypress: 5
346.9535 	DATA 	Keypress: 5
347.7190 	DATA 	Keypress: 5
348.1558 	EXP 	cueImage: autoDraw = False
348.1558 	EXP 	fixation: autoDraw = True
348.5020 	DATA 	Keypress: 5
349.2874 	DATA 	Keypress: 5
349.7161 	EXP 	fixation: autoDraw = False
349.7161 	EXP 	fixation: autoDraw = False
349.7161 	EXP 	Target: image = 'images/WinProbe.bmp'
349.7161 	EXP 	Target: autoDraw = True
350.0208 	DATA 	Keypress: 1
350.0527 	DATA 	Keypress: 5
350.1057 	EXP 	Target: autoDraw = False
350.1057 	EXP 	Target: autoDraw = False
350.1057 	EXP 	feedbackMsg: text = 'Correct Response!\n\nYou won $5.00!'
350.1057 	EXP 	feedbackMsg: autoDraw = True
350.8359 	DATA 	Keypress: 5
351.6216 	DATA 	Keypress: 5
351.7496 	EXP 	feedbackMsg: autoDraw = False
351.7496 	EXP 	feedbackMsg: autoDraw = False
351.7496 	EXP 	polygon: autoDraw = True
352.4036 	DATA 	Keypress: 5
353.1688 	DATA 	Keypress: 5
353.9532 	DATA 	Keypress: 5
354.7368 	DATA 	Keypress: 5
356.7574 	EXP 	polygon: autoDraw = False
356.7574 	EXP 	polygon: autoDraw = False
356.7574 	EXP 	text: text = 'All done!\n\nYou earned a total of: $5.40!'
356.7574 	EXP 	text: autoDraw = True
359.7900 	EXP 	text: autoDraw = False
359.7900 	EXP 	text: autoDraw = False
359.7900 	EXP 	polygon2: autoDraw = True
364.7041 	DATA 	Keypress: escape
365.0358 	EXP 	window1: mouseVisible = True
