14.1069 	EXP 	Created window1 = Window(allowGUI=False, allowStencil=False, args=UNKNOWN, autoLog=True, bitsMode=UNKNOWN, blendMode='avg', color=array([0., 0., 0.]), colorSpace='rgb', fullscr=<method-wrapper '__getattribute__' of attributeSetter object at 0x1344bbbe0>, gamma=None, kwargs=UNKNOWN, lms=UNKNOWN, monitor=<psychopy.monitors.calibTools.Monitor object at 0x134856e80>, multiSample=False, name='window1', numSamples=2, pos=[0.0, 0.0], screen=0, size=array([1920, 1080]), stereo=False, units='height', useFBO=True, useRetina=False, viewOri=0.0, viewPos=None, viewScale=None, waitBlanking=True, winType='pyglet')
14.1070 	EXP 	window1: recordFrameIntervals = False
14.2724 	EXP 	window1: recordFrameIntervals = True
14.4564 	EXP 	window1: recordFrameIntervals = False
14.4564 	EXP 	window1: recordFrameIntervals = False
14.6228 	EXP 	window1: recordFrameIntervals = True
14.8060 	EXP 	window1: recordFrameIntervals = False
15.2622 	EXP 	Created preinstruct_text = TextStim(__class__=<class 'psychopy.visual.text.TextStim'>, alignHoriz='center', alignVert='center', antialias=True, autoLog=True, bold=False, color='white', colorSpace='named', contrast=1.0, depth=0.0, flipHoriz=False, flipVert=False, font='Arial', fontFiles=[], height=0.05, italic=False, languageStyle='LTR', name='preinstruct_text', opacity=1.0, ori=0, pos=array([0., 0.]), rgb=array([255., 255., 255.]), text='Money Task - Scanner 1', units='height', win=Window(...), wrapWidth=1)
15.3073 	EXP 	Created instructFig = ImageStim(__class__=<class 'psychopy.visual.image.ImageStim'>, autoLog=True, color=array([1., 1., 1.]), colorSpace='rgb', contrast=1.0, depth=0.0, flipHoriz=False, flipVert=False, image='images/MID_instructions.bmp', interpolate=True, mask=None, maskParams=None, name='instructFig', opacity=1.0, ori=0.0, pos=array([0., 0.]), size=array([1.3, 1. ]), texRes=128, units='height', win=Window(...))
15.3089 	EXP 	Created PrepFixation = ShapeStim(__class__=<class 'psychopy.visual.shape.ShapeStim'>, autoDraw=False, autoLog=True, closeShape=True, contrast=1.0, depth=0.0, fillColor=array([1., 1., 1.]), fillColorSpace='rgb', interpolate=True, lineColor=array([1., 1., 1.]), lineColorSpace='rgb', lineWidth=1, name='PrepFixation', opacity=1.0, ori=array(0.), pos=array([0., 0.]), size=array([0.05, 0.05]), units='height', vertices=ndarray(...), win=Window(...), windingRule=None)
15.3105 	EXP 	Created cueImage = ImageStim(__class__=<class 'psychopy.visual.image.ImageStim'>, autoLog=True, color=array([1., 1., 1.]), colorSpace='rgb', contrast=1.0, depth=0.0, flipHoriz=False, flipVert=False, image='sin', interpolate=True, mask=None, maskParams=None, name='cueImage', opacity=1.0, ori=0.0, pos=array([0., 0.]), size=array([1.3, 1. ]), texRes=128, units='height', win=Window(...))
15.3120 	EXP 	Created fixation = ShapeStim(__class__=<class 'psychopy.visual.shape.ShapeStim'>, autoDraw=False, autoLog=True, closeShape=True, contrast=1.0, depth=-1.0, fillColor=array([1., 1., 1.]), fillColorSpace='rgb', interpolate=True, lineColor=array([1., 1., 1.]), lineColorSpace='rgb', lineWidth=1, name='fixation', opacity=1.0, ori=array(0.), pos=array([0., 0.]), size=array([0.05, 0.05]), units='height', vertices=ndarray(...), win=Window(...), windingRule=None)
15.3137 	EXP 	Created Target = ImageStim(__class__=<class 'psychopy.visual.image.ImageStim'>, autoLog=True, color=array([1., 1., 1.]), colorSpace='rgb', contrast=1.0, depth=-1.0, flipHoriz=False, flipVert=False, image='sin', interpolate=True, mask=None, maskParams=None, name='Target', opacity=1.0, ori=0.0, pos=array([0., 0.]), size=array([1.3, 1. ]), texRes=128, units='height', win=Window(...))
15.3230 	EXP 	Created feedbackMsg = TextStim(__class__=<class 'psychopy.visual.text.TextStim'>, alignHoriz='center', alignVert='center', antialias=True, autoLog=True, bold=False, color='white', colorSpace='named', contrast=1.0, depth=-2.0, flipHoriz=False, flipVert=False, font='Arial', fontFiles=[], height=0.05, italic=False, languageStyle='LTR', name='feedbackMsg', opacity=1.0, ori=0, pos=array([0., 0.]), rgb=array([255., 255., 255.]), text='default text', units='height', win=Window(...), wrapWidth=2)
15.3245 	EXP 	Created polygon = ShapeStim(__class__=<class 'psychopy.visual.shape.ShapeStim'>, autoDraw=False, autoLog=True, closeShape=True, contrast=1.0, depth=0.0, fillColor=array([1., 1., 1.]), fillColorSpace='rgb', interpolate=True, lineColor=array([1., 1., 1.]), lineColorSpace='rgb', lineWidth=1, name='polygon', opacity=1.0, ori=array(0.), pos=array([0., 0.]), size=array([0.05, 0.05]), units='height', vertices=ndarray(...), win=Window(...), windingRule=None)
15.3330 	EXP 	Created text = TextStim(__class__=<class 'psychopy.visual.text.TextStim'>, alignHoriz='center', alignVert='center', antialias=True, autoLog=True, bold=False, color='white', colorSpace='named', contrast=1.0, depth=-1.0, flipHoriz=False, flipVert=False, font='Arial', fontFiles=[], height=0.07, italic=False, languageStyle='LTR', name='text', opacity=1.0, ori=0, pos=array([0., 0.]), rgb=array([255., 255., 255.]), text='default text', units='height', win=Window(...), wrapWidth=1)
15.3349 	EXP 	Created polygon2 = ShapeStim(__class__=<class 'psychopy.visual.shape.ShapeStim'>, autoDraw=False, autoLog=True, closeShape=True, contrast=1.0, depth=0.0, fillColor=array([1., 1., 1.]), fillColorSpace='rgb', interpolate=True, lineColor=array([1., 1., 1.]), lineColorSpace='rgb', lineWidth=1, name='polygon2', opacity=1.0, ori=array(0.), pos=array([0., 0.]), size=array([0.05, 0.05]), units='height', vertices=ndarray(...), win=Window(...), windingRule=None)
15.3487 	EXP 	preinstruct_text: autoDraw = True
17.3824 	EXP 	preinstruct_text: autoDraw = False
17.3824 	EXP 	instructFig: autoDraw = True
32.0715 	DATA 	Keypress: 5
32.0733 	DATA 	Keypress: 1
32.0841 	EXP 	instructFig: autoDraw = False
32.0841 	EXP 	PrepFixation: autoDraw = True
32.8443 	DATA 	Keypress: 5
33.6101 	DATA 	Keypress: 5
34.0691 	EXP 	Imported TimeVersion5.csv as conditions, 50 conditions, 2 params
34.0695 	EXP 	Created sequence: sequential, trialTypes=50, nReps=1, seed=None
34.0698 	EXP 	New trial (rep=0, index=0): OrderedDict([('Condition', 'SmallPun'), ('FixationDur', 2000)])
34.0842 	EXP 	PrepFixation: autoDraw = False
34.0842 	EXP 	PrepFixation: autoDraw = False
34.0842 	EXP 	cueImage: image = 'images/LoseSmall.bmp'
34.0842 	EXP 	cueImage: autoDraw = True
34.3925 	DATA 	Keypress: 5
35.1776 	DATA 	Keypress: 5
35.9603 	DATA 	Keypress: 5
36.1184 	EXP 	cueImage: autoDraw = False
36.1184 	EXP 	fixation: autoDraw = True
36.7269 	DATA 	Keypress: 5
37.5118 	DATA 	Keypress: 5
38.1569 	EXP 	fixation: autoDraw = False
38.1569 	EXP 	fixation: autoDraw = False
38.1569 	EXP 	Target: image = 'images/LoseProbe.bmp'
38.1569 	EXP 	Target: autoDraw = True
38.2945 	DATA 	Keypress: 5
38.4932 	DATA 	Keypress: 1
38.5011 	EXP 	Target: autoDraw = False
38.5011 	EXP 	Target: autoDraw = False
38.5011 	EXP 	feedbackMsg: text = 'You pressed too slow!\n\nYou lost $0.20!'
38.5011 	EXP 	feedbackMsg: autoDraw = True
39.0603 	DATA 	Keypress: 5
39.8442 	DATA 	Keypress: 5
40.1916 	EXP 	New trial (rep=0, index=1): OrderedDict([('Condition', 'LgReward'), ('FixationDur', 4000)])
40.2180 	EXP 	feedbackMsg: autoDraw = False
40.2180 	EXP 	feedbackMsg: autoDraw = False
40.2180 	EXP 	cueImage: image = 'images/WinBig.bmp'
40.2180 	EXP 	cueImage: autoDraw = True
40.6282 	DATA 	Keypress: 5
41.3932 	DATA 	Keypress: 5
42.1777 	DATA 	Keypress: 5
42.2523 	EXP 	cueImage: autoDraw = False
42.2523 	EXP 	fixation: autoDraw = True
42.9615 	DATA 	Keypress: 5
43.7267 	DATA 	Keypress: 5
44.5114 	DATA 	Keypress: 5
45.2956 	DATA 	Keypress: 5
46.0615 	DATA 	Keypress: 5
46.3030 	EXP 	fixation: autoDraw = False
46.3030 	EXP 	fixation: autoDraw = False
46.3030 	EXP 	Target: image = 'images/WinProbe.bmp'
46.3030 	EXP 	Target: autoDraw = True
46.5786 	DATA 	Keypress: 1
46.6527 	EXP 	Target: autoDraw = False
46.6527 	EXP 	Target: autoDraw = False
46.6527 	EXP 	feedbackMsg: text = 'Correct Response!\n\nYou won $5.00!'
46.6527 	EXP 	feedbackMsg: autoDraw = True
46.8429 	DATA 	Keypress: 5
47.6291 	DATA 	Keypress: 5
48.3431 	EXP 	New trial (rep=0, index=2): OrderedDict([('Condition', 'SmallPun'), ('FixationDur', 3000)])
48.3579 	EXP 	feedbackMsg: autoDraw = False
48.3579 	EXP 	feedbackMsg: autoDraw = False
48.3579 	EXP 	cueImage: image = 'images/LoseSmall.bmp'
48.3579 	EXP 	cueImage: autoDraw = True
48.3928 	DATA 	Keypress: 5
49.1784 	DATA 	Keypress: 5
49.9613 	DATA 	Keypress: 5
50.3864 	EXP 	cueImage: autoDraw = False
50.3864 	EXP 	cueImage: autoDraw = False
50.3864 	EXP 	fixation: autoDraw = True
50.7278 	DATA 	Keypress: 5
51.5112 	DATA 	Keypress: 5
52.2947 	DATA 	Keypress: 5
53.0617 	DATA 	Keypress: 5
53.4205 	EXP 	fixation: autoDraw = False
53.4205 	EXP 	fixation: autoDraw = False
53.4205 	EXP 	Target: image = 'images/LoseProbe.bmp'
53.4205 	EXP 	Target: autoDraw = True
53.6782 	DATA 	Keypress: 1
53.7580 	EXP 	Target: autoDraw = False
53.7580 	EXP 	Target: autoDraw = False
53.7580 	EXP 	feedbackMsg: text = 'Correct Response!\n\nYou did not lose $0.20!'
53.7580 	EXP 	feedbackMsg: autoDraw = True
53.8435 	DATA 	Keypress: 5
54.6285 	DATA 	Keypress: 5
55.3956 	DATA 	Keypress: 5
55.4436 	EXP 	New trial (rep=0, index=3): OrderedDict([('Condition', 'SmallReward'), ('FixationDur', 2000)])
55.4704 	EXP 	feedbackMsg: autoDraw = False
55.4704 	EXP 	feedbackMsg: autoDraw = False
55.4704 	EXP 	cueImage: image = 'images/WinSmall.bmp'
55.4704 	EXP 	cueImage: autoDraw = True
56.1774 	DATA 	Keypress: 5
56.9612 	DATA 	Keypress: 5
57.5036 	EXP 	cueImage: autoDraw = False
57.5036 	EXP 	fixation: autoDraw = True
57.7460 	DATA 	Keypress: 5
58.5118 	DATA 	Keypress: 5
59.2965 	DATA 	Keypress: 5
59.5545 	EXP 	fixation: autoDraw = False
59.5545 	EXP 	fixation: autoDraw = False
59.5545 	EXP 	Target: image = 'images/WinProbe.bmp'
59.5545 	EXP 	Target: autoDraw = True
59.8715 	DATA 	Keypress: 1
59.8883 	EXP 	Target: autoDraw = False
59.8883 	EXP 	Target: autoDraw = False
59.8883 	EXP 	feedbackMsg: text = 'You pressed too slow!\n\nYou did not win $0.20!'
59.8883 	EXP 	feedbackMsg: autoDraw = True
60.0761 	DATA 	Keypress: 5
60.8446 	DATA 	Keypress: 5
61.5940 	EXP 	New trial (rep=0, index=4): OrderedDict([('Condition', 'LgPun'), ('FixationDur', 2000)])
61.6085 	EXP 	feedbackMsg: autoDraw = False
61.6085 	EXP 	feedbackMsg: autoDraw = False
61.6085 	EXP 	cueImage: image = 'images/LoseBig.bmp'
61.6085 	EXP 	cueImage: autoDraw = True
61.6279 	DATA 	Keypress: 5
62.4120 	DATA 	Keypress: 5
63.1775 	DATA 	Keypress: 5
63.6387 	EXP 	cueImage: autoDraw = False
63.6387 	EXP 	cueImage: autoDraw = False
63.6387 	EXP 	fixation: autoDraw = True
63.9568 	DATA 	Keypress: 5
64.7469 	DATA 	Keypress: 5
65.5121 	DATA 	Keypress: 5
65.6713 	EXP 	fixation: autoDraw = False
65.6713 	EXP 	fixation: autoDraw = False
65.6713 	EXP 	Target: image = 'images/LoseProbe.bmp'
65.6713 	EXP 	Target: autoDraw = True
65.9252 	DATA 	Keypress: 1
65.9881 	EXP 	Target: autoDraw = False
65.9881 	EXP 	Target: autoDraw = False
65.9881 	EXP 	feedbackMsg: text = 'Correct Response!\n\nYou did not lose $5.00!'
65.9881 	EXP 	feedbackMsg: autoDraw = True
66.2947 	DATA 	Keypress: 5
67.0796 	DATA 	Keypress: 5
67.6943 	EXP 	New trial (rep=0, index=5): OrderedDict([('Condition', 'Triangle'), ('FixationDur', 2500)])
67.7090 	EXP 	feedbackMsg: autoDraw = False
67.7090 	EXP 	feedbackMsg: autoDraw = False
67.7090 	EXP 	cueImage: image = 'images/Neutral.bmp'
67.7090 	EXP 	cueImage: autoDraw = True
67.8452 	DATA 	Keypress: 5
68.6284 	DATA 	Keypress: 5
69.4134 	DATA 	Keypress: 5
69.7387 	EXP 	cueImage: autoDraw = False
69.7387 	EXP 	cueImage: autoDraw = False
69.7387 	EXP 	fixation: autoDraw = True
70.1791 	DATA 	Keypress: 5
70.9620 	DATA 	Keypress: 5
71.7473 	DATA 	Keypress: 5
72.2721 	EXP 	fixation: autoDraw = False
72.2721 	EXP 	fixation: autoDraw = False
72.2721 	EXP 	Target: image = 'images/NeutralProbe.bmp'
72.2721 	EXP 	Target: autoDraw = True
72.5259 	DATA 	Keypress: 5
72.5279 	DATA 	Keypress: 1
72.5887 	EXP 	Target: autoDraw = False
72.5887 	EXP 	Target: autoDraw = False
72.5887 	EXP 	feedbackMsg: text = 'Correct Response!\n\nYou did not win or lose anything!'
72.5887 	EXP 	feedbackMsg: autoDraw = True
73.2928 	DATA 	Keypress: 5
74.0806 	DATA 	Keypress: 5
74.2941 	EXP 	New trial (rep=0, index=6): OrderedDict([('Condition', 'SmallReward'), ('FixationDur', 2500)])
74.3226 	EXP 	feedbackMsg: autoDraw = False
74.3226 	EXP 	feedbackMsg: autoDraw = False
74.3226 	EXP 	cueImage: image = 'images/WinSmall.bmp'
74.3226 	EXP 	cueImage: autoDraw = True
74.8628 	DATA 	Keypress: 5
75.6285 	DATA 	Keypress: 5
76.3568 	EXP 	cueImage: autoDraw = False
76.3568 	EXP 	fixation: autoDraw = True
76.4092 	DATA 	Keypress: 5
77.1938 	DATA 	Keypress: 5
77.9597 	DATA 	Keypress: 5
78.7443 	DATA 	Keypress: 5
78.9234 	EXP 	fixation: autoDraw = False
78.9234 	EXP 	fixation: autoDraw = False
78.9234 	EXP 	Target: image = 'images/WinProbe.bmp'
78.9234 	EXP 	Target: autoDraw = True
79.1756 	DATA 	Keypress: 1
79.2401 	EXP 	Target: autoDraw = False
79.2401 	EXP 	Target: autoDraw = False
79.2401 	EXP 	feedbackMsg: text = 'Correct Response!\n\nYou won $0.20!'
79.2401 	EXP 	feedbackMsg: autoDraw = True
79.5271 	DATA 	Keypress: 5
80.2930 	DATA 	Keypress: 5
80.9453 	EXP 	New trial (rep=0, index=7): OrderedDict([('Condition', 'SmallReward'), ('FixationDur', 1500)])
80.9741 	EXP 	feedbackMsg: autoDraw = False
80.9741 	EXP 	feedbackMsg: autoDraw = False
80.9741 	EXP 	cueImage: image = 'images/WinSmall.bmp'
80.9741 	EXP 	cueImage: autoDraw = True
81.0807 	DATA 	Keypress: 5
81.8630 	DATA 	Keypress: 5
82.6287 	DATA 	Keypress: 5
83.0071 	EXP 	cueImage: autoDraw = False
83.0071 	EXP 	fixation: autoDraw = True
83.4098 	DATA 	Keypress: 5
84.1944 	DATA 	Keypress: 5
84.5570 	EXP 	fixation: autoDraw = False
84.5570 	EXP 	fixation: autoDraw = False
84.5570 	EXP 	Target: image = 'images/WinProbe.bmp'
84.5570 	EXP 	Target: autoDraw = True
84.8396 	DATA 	Keypress: 1
84.8572 	EXP 	Target: autoDraw = False
84.8572 	EXP 	Target: autoDraw = False
84.8572 	EXP 	feedbackMsg: text = 'You pressed too slow!\n\nYou did not win $0.20!'
84.8572 	EXP 	feedbackMsg: autoDraw = True
84.9605 	DATA 	Keypress: 5
85.7441 	DATA 	Keypress: 5
86.5314 	DATA 	Keypress: 5
86.5793 	EXP 	New trial (rep=0, index=8): OrderedDict([('Condition', 'LgReward'), ('FixationDur', 1500)])
86.6072 	EXP 	feedbackMsg: autoDraw = False
86.6072 	EXP 	feedbackMsg: autoDraw = False
86.6072 	EXP 	cueImage: image = 'images/WinBig.bmp'
86.6072 	EXP 	cueImage: autoDraw = True
87.2964 	DATA 	Keypress: 5
88.0796 	DATA 	Keypress: 5
88.6413 	EXP 	cueImage: autoDraw = False
88.6413 	EXP 	fixation: autoDraw = True
88.8645 	DATA 	Keypress: 5
89.6302 	DATA 	Keypress: 5
90.1915 	EXP 	fixation: autoDraw = False
90.1915 	EXP 	fixation: autoDraw = False
90.1915 	EXP 	Target: image = 'images/WinProbe.bmp'
90.1915 	EXP 	Target: autoDraw = True
90.4130 	DATA 	Keypress: 5
90.4896 	DATA 	Keypress: 1
90.5084 	EXP 	Target: autoDraw = False
90.5084 	EXP 	Target: autoDraw = False
90.5084 	EXP 	feedbackMsg: text = 'You pressed too slow!\n\nYou did not win $5.00!'
90.5084 	EXP 	feedbackMsg: autoDraw = True
91.1972 	DATA 	Keypress: 5
91.9639 	DATA 	Keypress: 5
92.2297 	EXP 	New trial (rep=0, index=9): OrderedDict([('Condition', 'SmallPun'), ('FixationDur', 2000)])
92.2438 	EXP 	feedbackMsg: autoDraw = False
92.2438 	EXP 	feedbackMsg: autoDraw = False
92.2438 	EXP 	cueImage: image = 'images/LoseSmall.bmp'
92.2438 	EXP 	cueImage: autoDraw = True
92.7464 	DATA 	Keypress: 5
93.5310 	DATA 	Keypress: 5
94.2761 	EXP 	cueImage: autoDraw = False
94.2761 	EXP 	cueImage: autoDraw = False
94.2761 	EXP 	fixation: autoDraw = True
94.2980 	DATA 	Keypress: 5
95.0811 	DATA 	Keypress: 5
95.8645 	DATA 	Keypress: 5
96.3090 	EXP 	fixation: autoDraw = False
96.3090 	EXP 	fixation: autoDraw = False
96.3090 	EXP 	Target: image = 'images/LoseProbe.bmp'
96.3090 	EXP 	Target: autoDraw = True
96.6060 	DATA 	Keypress: 1
96.6108 	EXP 	Target: autoDraw = False
96.6108 	EXP 	Target: autoDraw = False
96.6108 	EXP 	feedbackMsg: text = 'You pressed too slow!\n\nYou lost $0.20!'
96.6108 	EXP 	feedbackMsg: autoDraw = True
96.6312 	DATA 	Keypress: 5
97.4134 	DATA 	Keypress: 5
98.1969 	DATA 	Keypress: 5
98.3465 	EXP 	New trial (rep=0, index=10): OrderedDict([('Condition', 'LgReward'), ('FixationDur', 2500)])
98.3758 	EXP 	feedbackMsg: autoDraw = False
98.3758 	EXP 	feedbackMsg: autoDraw = False
98.3758 	EXP 	cueImage: image = 'images/WinBig.bmp'
98.3758 	EXP 	cueImage: autoDraw = True
98.9811 	DATA 	Keypress: 5
99.7474 	DATA 	Keypress: 5
100.4096 	EXP 	cueImage: autoDraw = False
100.4096 	EXP 	fixation: autoDraw = True
100.5313 	DATA 	Keypress: 5
101.3160 	DATA 	Keypress: 5
102.0798 	DATA 	Keypress: 5
102.8651 	DATA 	Keypress: 5
102.9594 	EXP 	fixation: autoDraw = False
102.9594 	EXP 	fixation: autoDraw = False
102.9594 	EXP 	Target: image = 'images/WinProbe.bmp'
102.9594 	EXP 	Target: autoDraw = True
103.2155 	DATA 	Keypress: 1
103.2930 	EXP 	Target: autoDraw = False
103.2930 	EXP 	Target: autoDraw = False
103.2930 	EXP 	feedbackMsg: text = 'Correct Response!\n\nYou won $5.00!'
103.2930 	EXP 	feedbackMsg: autoDraw = True
103.6485 	DATA 	Keypress: 5
104.4140 	DATA 	Keypress: 5
104.9795 	EXP 	New trial (rep=0, index=11): OrderedDict([('Condition', 'LgPun'), ('FixationDur', 3500)])
104.9946 	EXP 	feedbackMsg: autoDraw = False
104.9946 	EXP 	feedbackMsg: autoDraw = False
104.9946 	EXP 	cueImage: image = 'images/LoseBig.bmp'
104.9946 	EXP 	cueImage: autoDraw = True
105.1985 	DATA 	Keypress: 5
105.9816 	DATA 	Keypress: 5
106.7474 	DATA 	Keypress: 5
107.0274 	EXP 	cueImage: autoDraw = False
107.0274 	EXP 	cueImage: autoDraw = False
107.0274 	EXP 	fixation: autoDraw = True
107.5311 	DATA 	Keypress: 5
108.3162 	DATA 	Keypress: 5
109.0815 	DATA 	Keypress: 5
109.8647 	DATA 	Keypress: 5
110.5604 	EXP 	fixation: autoDraw = False
110.5604 	EXP 	fixation: autoDraw = False
110.5604 	EXP 	Target: image = 'images/LoseProbe.bmp'
110.5604 	EXP 	Target: autoDraw = True
110.6473 	DATA 	Keypress: 5
110.7976 	DATA 	Keypress: 1
110.9275 	EXP 	Target: autoDraw = False
110.9275 	EXP 	Target: autoDraw = False
110.9275 	EXP 	feedbackMsg: text = 'Correct Response!\n\nYou did not lose $5.00!'
110.9275 	EXP 	feedbackMsg: autoDraw = True
111.4146 	DATA 	Keypress: 5
112.1979 	DATA 	Keypress: 5
112.6140 	EXP 	New trial (rep=0, index=12): OrderedDict([('Condition', 'SmallPun'), ('FixationDur', 3500)])
112.6285 	EXP 	feedbackMsg: autoDraw = False
112.6285 	EXP 	feedbackMsg: autoDraw = False
112.6285 	EXP 	cueImage: image = 'images/LoseSmall.bmp'
112.6285 	EXP 	cueImage: autoDraw = True
112.9827 	DATA 	Keypress: 5
113.7482 	DATA 	Keypress: 5
114.5316 	DATA 	Keypress: 5
114.6617 	EXP 	cueImage: autoDraw = False
114.6617 	EXP 	cueImage: autoDraw = False
114.6617 	EXP 	fixation: autoDraw = True
115.3161 	DATA 	Keypress: 5
116.0825 	DATA 	Keypress: 5
116.8650 	DATA 	Keypress: 5
117.6507 	DATA 	Keypress: 5
118.1950 	EXP 	fixation: autoDraw = False
118.1950 	EXP 	fixation: autoDraw = False
118.1950 	EXP 	Target: image = 'images/LoseProbe.bmp'
118.1950 	EXP 	Target: autoDraw = True
118.4331 	DATA 	Keypress: 5
118.4492 	DATA 	Keypress: 1
118.5281 	EXP 	Target: autoDraw = False
118.5281 	EXP 	Target: autoDraw = False
118.5281 	EXP 	feedbackMsg: text = 'Correct Response!\n\nYou did not lose $0.20!'
118.5281 	EXP 	feedbackMsg: autoDraw = True
119.1991 	DATA 	Keypress: 5
119.9829 	DATA 	Keypress: 5
120.2137 	EXP 	New trial (rep=0, index=13): OrderedDict([('Condition', 'Triangle'), ('FixationDur', 1500)])
120.2286 	EXP 	feedbackMsg: autoDraw = False
120.2286 	EXP 	feedbackMsg: autoDraw = False
120.2286 	EXP 	cueImage: image = 'images/Neutral.bmp'
120.2286 	EXP 	cueImage: autoDraw = True
120.7656 	DATA 	Keypress: 5
121.5309 	DATA 	Keypress: 5
122.2622 	EXP 	cueImage: autoDraw = False
122.2622 	EXP 	cueImage: autoDraw = False
122.2622 	EXP 	fixation: autoDraw = True
122.3170 	DATA 	Keypress: 5
123.1009 	DATA 	Keypress: 5
123.7952 	EXP 	fixation: autoDraw = False
123.7952 	EXP 	fixation: autoDraw = False
123.7952 	EXP 	Target: image = 'images/NeutralProbe.bmp'
123.7952 	EXP 	Target: autoDraw = True
123.8649 	DATA 	Keypress: 5
124.1435 	DATA 	Keypress: 1
124.1632 	EXP 	Target: autoDraw = False
124.1632 	EXP 	Target: autoDraw = False
124.1632 	EXP 	feedbackMsg: text = 'You pressed too slow!\n\nYou did not win or lose anything!'
124.1632 	EXP 	feedbackMsg: autoDraw = True
124.6497 	DATA 	Keypress: 5
125.4325 	DATA 	Keypress: 5
125.8146 	EXP 	New trial (rep=0, index=14): OrderedDict([('Condition', 'LgPun'), ('FixationDur', 4000)])
125.8294 	EXP 	feedbackMsg: autoDraw = False
125.8294 	EXP 	feedbackMsg: autoDraw = False
125.8294 	EXP 	cueImage: image = 'images/LoseBig.bmp'
125.8294 	EXP 	cueImage: autoDraw = True
126.1986 	DATA 	Keypress: 5
126.9826 	DATA 	Keypress: 5
127.7658 	DATA 	Keypress: 5
127.8632 	EXP 	cueImage: autoDraw = False
127.8632 	EXP 	cueImage: autoDraw = False
127.8632 	EXP 	fixation: autoDraw = True
128.5328 	DATA 	Keypress: 5
129.3169 	DATA 	Keypress: 5
130.1011 	DATA 	Keypress: 5
130.8661 	DATA 	Keypress: 5
131.6509 	DATA 	Keypress: 5
131.8965 	EXP 	fixation: autoDraw = False
131.8965 	EXP 	fixation: autoDraw = False
131.8965 	EXP 	Target: image = 'images/LoseProbe.bmp'
131.8965 	EXP 	Target: autoDraw = True
132.1322 	DATA 	Keypress: 1
132.2467 	EXP 	Target: autoDraw = False
132.2467 	EXP 	Target: autoDraw = False
132.2467 	EXP 	feedbackMsg: text = 'Correct Response!\n\nYou did not lose $5.00!'
132.2467 	EXP 	feedbackMsg: autoDraw = True
132.4337 	DATA 	Keypress: 5
133.2002 	DATA 	Keypress: 5
133.9153 	EXP 	New trial (rep=0, index=15): OrderedDict([('Condition', 'Triangle'), ('FixationDur', 4000)])
133.9302 	EXP 	feedbackMsg: autoDraw = False
133.9302 	EXP 	feedbackMsg: autoDraw = False
133.9302 	EXP 	cueImage: image = 'images/Neutral.bmp'
133.9302 	EXP 	cueImage: autoDraw = True
133.9826 	DATA 	Keypress: 5
134.7653 	DATA 	Keypress: 5
135.5326 	DATA 	Keypress: 5
135.9641 	EXP 	cueImage: autoDraw = False
135.9641 	EXP 	cueImage: autoDraw = False
135.9641 	EXP 	fixation: autoDraw = True
136.3169 	DATA 	Keypress: 5
137.1012 	DATA 	Keypress: 5
137.8671 	DATA 	Keypress: 5
138.6503 	DATA 	Keypress: 5
139.4347 	DATA 	Keypress: 5
139.9964 	EXP 	fixation: autoDraw = False
139.9964 	EXP 	fixation: autoDraw = False
139.9964 	EXP 	Target: image = 'images/NeutralProbe.bmp'
139.9964 	EXP 	Target: autoDraw = True
140.2181 	DATA 	Keypress: 5
140.2662 	DATA 	Keypress: 1
140.3474 	EXP 	Target: autoDraw = False
140.3474 	EXP 	Target: autoDraw = False
140.3474 	EXP 	feedbackMsg: text = 'Correct Response!\n\nYou did not win or lose anything!'
140.3474 	EXP 	feedbackMsg: autoDraw = True
140.9842 	DATA 	Keypress: 5
141.7679 	DATA 	Keypress: 5
142.0160 	EXP 	New trial (rep=0, index=16): OrderedDict([('Condition', 'LgPun'), ('FixationDur', 3000)])
142.0303 	EXP 	feedbackMsg: autoDraw = False
142.0303 	EXP 	feedbackMsg: autoDraw = False
142.0303 	EXP 	cueImage: image = 'images/LoseBig.bmp'
142.0303 	EXP 	cueImage: autoDraw = True
142.5514 	DATA 	Keypress: 5
143.3157 	DATA 	Keypress: 5
144.0647 	EXP 	cueImage: autoDraw = False
144.0647 	EXP 	cueImage: autoDraw = False
144.0647 	EXP 	fixation: autoDraw = True
144.1013 	DATA 	Keypress: 5
144.8837 	DATA 	Keypress: 5
145.6504 	DATA 	Keypress: 5
146.4352 	DATA 	Keypress: 5
147.0976 	EXP 	fixation: autoDraw = False
147.0976 	EXP 	fixation: autoDraw = False
147.0976 	EXP 	Target: image = 'images/LoseProbe.bmp'
147.0976 	EXP 	Target: autoDraw = True
147.2185 	DATA 	Keypress: 5
147.3685 	DATA 	Keypress: 1
147.4487 	EXP 	Target: autoDraw = False
147.4487 	EXP 	Target: autoDraw = False
147.4487 	EXP 	feedbackMsg: text = 'Correct Response!\n\nYou did not lose $5.00!'
147.4487 	EXP 	feedbackMsg: autoDraw = True
147.9843 	DATA 	Keypress: 5
148.7681 	DATA 	Keypress: 5
149.1163 	EXP 	New trial (rep=0, index=17): OrderedDict([('Condition', 'SmallPun'), ('FixationDur', 1500)])
149.1311 	EXP 	feedbackMsg: autoDraw = False
149.1311 	EXP 	feedbackMsg: autoDraw = False
149.1311 	EXP 	cueImage: image = 'images/LoseSmall.bmp'
149.1311 	EXP 	cueImage: autoDraw = True
149.5507 	DATA 	Keypress: 5
150.3174 	DATA 	Keypress: 5
151.1006 	DATA 	Keypress: 5
151.1643 	EXP 	cueImage: autoDraw = False
151.1643 	EXP 	cueImage: autoDraw = False
151.1643 	EXP 	fixation: autoDraw = True
151.8860 	DATA 	Keypress: 5
152.6862 	DATA 	Keypress: 5
152.6975 	EXP 	fixation: autoDraw = False
152.6975 	EXP 	fixation: autoDraw = False
152.6975 	EXP 	Target: image = 'images/LoseProbe.bmp'
152.6975 	EXP 	Target: autoDraw = True
152.9835 	DATA 	Keypress: 1
153.0482 	EXP 	Target: autoDraw = False
153.0482 	EXP 	Target: autoDraw = False
153.0482 	EXP 	feedbackMsg: text = 'Correct Response!\n\nYou did not lose $0.20!'
153.0482 	EXP 	feedbackMsg: autoDraw = True
153.4336 	DATA 	Keypress: 5
154.2187 	DATA 	Keypress: 5
154.7166 	EXP 	New trial (rep=0, index=18): OrderedDict([('Condition', 'LgReward'), ('FixationDur', 2000)])
154.7483 	EXP 	feedbackMsg: autoDraw = False
154.7483 	EXP 	feedbackMsg: autoDraw = False
154.7483 	EXP 	cueImage: image = 'images/WinBig.bmp'
154.7483 	EXP 	cueImage: autoDraw = True
154.9845 	DATA 	Keypress: 5
155.7678 	DATA 	Keypress: 5
156.5521 	DATA 	Keypress: 5
156.7810 	EXP 	cueImage: autoDraw = False
156.7810 	EXP 	fixation: autoDraw = True
157.3174 	DATA 	Keypress: 5
158.1010 	DATA 	Keypress: 5
158.8312 	EXP 	fixation: autoDraw = False
158.8312 	EXP 	fixation: autoDraw = False
158.8312 	EXP 	Target: image = 'images/WinProbe.bmp'
158.8312 	EXP 	Target: autoDraw = True
158.8861 	DATA 	Keypress: 5
159.0499 	DATA 	Keypress: 1
159.1321 	EXP 	Target: autoDraw = False
159.1321 	EXP 	Target: autoDraw = False
159.1321 	EXP 	feedbackMsg: text = 'Correct Response!\n\nYou won $5.00!'
159.1321 	EXP 	feedbackMsg: autoDraw = True
159.6522 	DATA 	Keypress: 5
160.4347 	DATA 	Keypress: 5
160.8505 	EXP 	New trial (rep=0, index=19): OrderedDict([('Condition', 'SmallPun'), ('FixationDur', 4000)])
160.8648 	EXP 	feedbackMsg: autoDraw = False
160.8648 	EXP 	feedbackMsg: autoDraw = False
160.8648 	EXP 	cueImage: image = 'images/LoseSmall.bmp'
160.8648 	EXP 	cueImage: autoDraw = True
161.2192 	DATA 	Keypress: 5
161.9851 	DATA 	Keypress: 5
162.7676 	DATA 	Keypress: 5
162.8984 	EXP 	cueImage: autoDraw = False
162.8984 	EXP 	cueImage: autoDraw = False
162.8984 	EXP 	fixation: autoDraw = True
163.5528 	DATA 	Keypress: 5
164.3192 	DATA 	Keypress: 5
165.1011 	DATA 	Keypress: 5
165.8848 	DATA 	Keypress: 5
166.6697 	DATA 	Keypress: 5
166.9318 	EXP 	fixation: autoDraw = False
166.9318 	EXP 	fixation: autoDraw = False
166.9318 	EXP 	Target: image = 'images/LoseProbe.bmp'
166.9318 	EXP 	Target: autoDraw = True
167.2314 	DATA 	Keypress: 1
167.2489 	EXP 	Target: autoDraw = False
167.2489 	EXP 	Target: autoDraw = False
167.2489 	EXP 	feedbackMsg: text = 'You pressed too slow!\n\nYou lost $0.20!'
167.2489 	EXP 	feedbackMsg: autoDraw = True
167.4341 	DATA 	Keypress: 5
168.2193 	DATA 	Keypress: 5
168.9510 	EXP 	New trial (rep=0, index=20): OrderedDict([('Condition', 'SmallReward'), ('FixationDur', 1500)])
168.9820 	EXP 	feedbackMsg: autoDraw = False
168.9820 	EXP 	feedbackMsg: autoDraw = False
168.9820 	EXP 	cueImage: image = 'images/WinSmall.bmp'
168.9820 	EXP 	cueImage: autoDraw = True
169.0026 	DATA 	Keypress: 5
169.7684 	DATA 	Keypress: 5
170.5530 	DATA 	Keypress: 5
171.0158 	EXP 	cueImage: autoDraw = False
171.0158 	EXP 	fixation: autoDraw = True
171.3371 	DATA 	Keypress: 5
172.1027 	DATA 	Keypress: 5
172.5660 	EXP 	fixation: autoDraw = False
172.5660 	EXP 	fixation: autoDraw = False
172.5660 	EXP 	Target: image = 'images/WinProbe.bmp'
172.5660 	EXP 	Target: autoDraw = True
172.8689 	EXP 	Target: autoDraw = False
172.8689 	EXP 	Target: autoDraw = False
172.8689 	EXP 	feedbackMsg: text = 'You pressed too slow!\n\nYou did not win $0.20!'
172.8689 	EXP 	feedbackMsg: autoDraw = True
172.8858 	DATA 	Keypress: 5
172.9516 	DATA 	Keypress: 1
173.6711 	DATA 	Keypress: 5
174.4363 	DATA 	Keypress: 5
174.5847 	EXP 	New trial (rep=0, index=21): OrderedDict([('Condition', 'LgPun'), ('FixationDur', 1500)])
174.5990 	EXP 	feedbackMsg: autoDraw = False
174.5990 	EXP 	feedbackMsg: autoDraw = False
174.5990 	EXP 	cueImage: image = 'images/LoseBig.bmp'
174.5990 	EXP 	cueImage: autoDraw = True
175.2187 	DATA 	Keypress: 5
176.0009 	DATA 	Keypress: 5
176.6331 	EXP 	cueImage: autoDraw = False
176.6331 	EXP 	cueImage: autoDraw = False
176.6331 	EXP 	fixation: autoDraw = True
176.7692 	DATA 	Keypress: 5
177.5532 	DATA 	Keypress: 5
178.1667 	EXP 	fixation: autoDraw = False
178.1667 	EXP 	fixation: autoDraw = False
178.1667 	EXP 	Target: image = 'images/LoseProbe.bmp'
178.1667 	EXP 	Target: autoDraw = True
178.3370 	DATA 	Keypress: 5
178.4449 	DATA 	Keypress: 1
178.4495 	EXP 	Target: autoDraw = False
178.4495 	EXP 	Target: autoDraw = False
178.4495 	EXP 	feedbackMsg: text = 'You pressed too slow!\n\nYou lost $5.00!'
178.4495 	EXP 	feedbackMsg: autoDraw = True
179.1030 	DATA 	Keypress: 5
179.8861 	DATA 	Keypress: 5
180.1850 	EXP 	New trial (rep=0, index=22): OrderedDict([('Condition', 'LgReward'), ('FixationDur', 3500)])
180.2165 	EXP 	feedbackMsg: autoDraw = False
180.2165 	EXP 	feedbackMsg: autoDraw = False
180.2165 	EXP 	cueImage: image = 'images/WinBig.bmp'
180.2165 	EXP 	cueImage: autoDraw = True
180.6706 	DATA 	Keypress: 5
181.4362 	DATA 	Keypress: 5
182.2366 	DATA 	Keypress: 5
182.2501 	EXP 	cueImage: autoDraw = False
182.2501 	EXP 	fixation: autoDraw = True
183.0047 	DATA 	Keypress: 5
183.7704 	DATA 	Keypress: 5
184.5537 	DATA 	Keypress: 5
185.3379 	DATA 	Keypress: 5
185.8003 	EXP 	fixation: autoDraw = False
185.8003 	EXP 	fixation: autoDraw = False
185.8003 	EXP 	Target: image = 'images/WinProbe.bmp'
185.8003 	EXP 	Target: autoDraw = True
186.0759 	DATA 	Keypress: 1
186.0826 	EXP 	Target: autoDraw = False
186.0826 	EXP 	Target: autoDraw = False
186.0826 	EXP 	feedbackMsg: text = 'You pressed too slow!\n\nYou did not win $5.00!'
186.0826 	EXP 	feedbackMsg: autoDraw = True
186.1190 	DATA 	Keypress: 5
186.8864 	DATA 	Keypress: 5
187.6720 	DATA 	Keypress: 5
187.8193 	EXP 	New trial (rep=0, index=23): OrderedDict([('Condition', 'SmallReward'), ('FixationDur', 4000)])
187.8504 	EXP 	feedbackMsg: autoDraw = False
187.8504 	EXP 	feedbackMsg: autoDraw = False
187.8504 	EXP 	cueImage: image = 'images/WinSmall.bmp'
187.8504 	EXP 	cueImage: autoDraw = True
188.4539 	DATA 	Keypress: 5
189.2189 	DATA 	Keypress: 5
189.8843 	EXP 	cueImage: autoDraw = False
189.8843 	EXP 	fixation: autoDraw = True
190.0044 	DATA 	Keypress: 5
190.7889 	DATA 	Keypress: 5
191.5546 	DATA 	Keypress: 5
192.3375 	DATA 	Keypress: 5
192.4889 	DATA 	Keypress: 1
193.1225 	DATA 	Keypress: 5
193.9199 	DATA 	Keypress: 5
193.9335 	EXP 	fixation: autoDraw = False
193.9335 	EXP 	fixation: autoDraw = False
193.9335 	EXP 	Target: image = 'images/WinProbe.bmp'
193.9335 	EXP 	Target: autoDraw = True
194.2140 	DATA 	Keypress: 1
194.2222 	EXP 	Target: autoDraw = False
194.2222 	EXP 	Target: autoDraw = False
194.2222 	EXP 	feedbackMsg: text = 'You pressed too soon!\n\nYou did not win $0.20!'
194.2222 	EXP 	feedbackMsg: autoDraw = True
194.6704 	DATA 	Keypress: 5
195.4557 	DATA 	Keypress: 5
195.9528 	EXP 	New trial (rep=0, index=24): OrderedDict([('Condition', 'Triangle'), ('FixationDur', 2000)])
195.9675 	EXP 	feedbackMsg: autoDraw = False
195.9675 	EXP 	feedbackMsg: autoDraw = False
195.9675 	EXP 	cueImage: image = 'images/Neutral.bmp'
195.9675 	EXP 	cueImage: autoDraw = True
196.2192 	DATA 	Keypress: 5
197.0035 	DATA 	Keypress: 5
197.7887 	DATA 	Keypress: 5
198.0013 	EXP 	cueImage: autoDraw = False
198.0013 	EXP 	cueImage: autoDraw = False
198.0013 	EXP 	fixation: autoDraw = True
198.5541 	DATA 	Keypress: 5
199.3363 	DATA 	Keypress: 5
200.0509 	EXP 	fixation: autoDraw = False
200.0509 	EXP 	fixation: autoDraw = False
200.0509 	EXP 	Target: image = 'images/NeutralProbe.bmp'
200.0509 	EXP 	Target: autoDraw = True
200.1209 	DATA 	Keypress: 5
200.3927 	DATA 	Keypress: 1
200.4005 	EXP 	Target: autoDraw = False
200.4005 	EXP 	Target: autoDraw = False
200.4005 	EXP 	feedbackMsg: text = 'You pressed too slow!\n\nYou did not win or lose anything!'
200.4005 	EXP 	feedbackMsg: autoDraw = True
200.8877 	DATA 	Keypress: 5
201.6710 	DATA 	Keypress: 5
202.0866 	EXP 	New trial (rep=0, index=25): OrderedDict([('Condition', 'LgPun'), ('FixationDur', 2000)])
202.1014 	EXP 	feedbackMsg: autoDraw = False
202.1014 	EXP 	feedbackMsg: autoDraw = False
202.1014 	EXP 	cueImage: image = 'images/LoseBig.bmp'
202.1014 	EXP 	cueImage: autoDraw = True
202.4551 	DATA 	Keypress: 5
203.2380 	DATA 	Keypress: 5
204.0035 	DATA 	Keypress: 5
204.1349 	EXP 	cueImage: autoDraw = False
204.1349 	EXP 	cueImage: autoDraw = False
204.1349 	EXP 	fixation: autoDraw = True
204.7897 	DATA 	Keypress: 5
205.5718 	DATA 	Keypress: 5
206.1679 	EXP 	fixation: autoDraw = False
206.1679 	EXP 	fixation: autoDraw = False
206.1679 	EXP 	Target: image = 'images/LoseProbe.bmp'
206.1679 	EXP 	Target: autoDraw = True
206.3379 	DATA 	Keypress: 5
206.4195 	DATA 	Keypress: 1
206.5015 	EXP 	Target: autoDraw = False
206.5015 	EXP 	Target: autoDraw = False
206.5015 	EXP 	feedbackMsg: text = 'Correct Response!\n\nYou did not lose $5.00!'
206.5015 	EXP 	feedbackMsg: autoDraw = True
207.1223 	DATA 	Keypress: 5
207.9049 	DATA 	Keypress: 5
208.1868 	EXP 	New trial (rep=0, index=26): OrderedDict([('Condition', 'SmallReward'), ('FixationDur', 2000)])
208.2180 	EXP 	feedbackMsg: autoDraw = False
208.2180 	EXP 	feedbackMsg: autoDraw = False
208.2180 	EXP 	cueImage: image = 'images/WinSmall.bmp'
208.2180 	EXP 	cueImage: autoDraw = True
208.6716 	DATA 	Keypress: 5
209.4542 	DATA 	Keypress: 5
210.2383 	DATA 	Keypress: 5
210.2515 	EXP 	cueImage: autoDraw = False
210.2515 	EXP 	fixation: autoDraw = True
211.0038 	DATA 	Keypress: 5
211.7894 	DATA 	Keypress: 5
212.3020 	EXP 	fixation: autoDraw = False
212.3020 	EXP 	fixation: autoDraw = False
212.3020 	EXP 	Target: image = 'images/WinProbe.bmp'
212.3020 	EXP 	Target: autoDraw = True
212.5729 	DATA 	Keypress: 5
212.6305 	DATA 	Keypress: 1
212.6351 	EXP 	Target: autoDraw = False
212.6351 	EXP 	Target: autoDraw = False
212.6351 	EXP 	feedbackMsg: text = 'You pressed too slow!\n\nYou did not win $0.20!'
212.6351 	EXP 	feedbackMsg: autoDraw = True
213.3377 	DATA 	Keypress: 5
214.1220 	DATA 	Keypress: 5
214.3206 	EXP 	New trial (rep=0, index=27): OrderedDict([('Condition', 'Triangle'), ('FixationDur', 3000)])
214.3353 	EXP 	feedbackMsg: autoDraw = False
214.3353 	EXP 	feedbackMsg: autoDraw = False
214.3353 	EXP 	cueImage: image = 'images/Neutral.bmp'
214.3353 	EXP 	cueImage: autoDraw = True
214.9062 	DATA 	Keypress: 5
215.6716 	DATA 	Keypress: 5
216.3578 	EXP 	cueImage: autoDraw = False
216.3578 	EXP 	cueImage: autoDraw = False
216.3578 	EXP 	fixation: autoDraw = True
216.4558 	DATA 	Keypress: 5
217.2403 	DATA 	Keypress: 5
218.0059 	DATA 	Keypress: 5
218.7884 	DATA 	Keypress: 5
219.4018 	EXP 	fixation: autoDraw = False
219.4018 	EXP 	fixation: autoDraw = False
219.4018 	EXP 	Target: image = 'images/NeutralProbe.bmp'
219.4018 	EXP 	Target: autoDraw = True
219.5730 	DATA 	Keypress: 5
219.6713 	DATA 	Keypress: 1
219.7357 	EXP 	Target: autoDraw = False
219.7357 	EXP 	Target: autoDraw = False
219.7357 	EXP 	feedbackMsg: text = 'Correct Response!\n\nYou did not win or lose anything!'
219.7357 	EXP 	feedbackMsg: autoDraw = True
220.3393 	DATA 	Keypress: 5
221.1218 	DATA 	Keypress: 5
221.4211 	EXP 	New trial (rep=0, index=28): OrderedDict([('Condition', 'SmallReward'), ('FixationDur', 3500)])
221.4529 	EXP 	feedbackMsg: autoDraw = False
221.4529 	EXP 	feedbackMsg: autoDraw = False
221.4529 	EXP 	cueImage: image = 'images/WinSmall.bmp'
221.4529 	EXP 	cueImage: autoDraw = True
221.9061 	DATA 	Keypress: 5
222.6724 	DATA 	Keypress: 5
223.4735 	DATA 	Keypress: 5
223.4865 	EXP 	cueImage: autoDraw = False
223.4865 	EXP 	fixation: autoDraw = True
224.2405 	DATA 	Keypress: 5
225.0068 	DATA 	Keypress: 5
225.7889 	DATA 	Keypress: 5
226.5738 	DATA 	Keypress: 5
227.0250 	EXP 	fixation: autoDraw = False
227.0250 	EXP 	fixation: autoDraw = False
227.0250 	EXP 	Target: image = 'images/WinProbe.bmp'
227.0250 	EXP 	Target: autoDraw = True
227.2729 	DATA 	Keypress: 1
227.3647 	DATA 	Keypress: 5
227.3694 	EXP 	Target: autoDraw = False
227.3694 	EXP 	Target: autoDraw = False
227.3694 	EXP 	feedbackMsg: text = 'Correct Response!\n\nYou won $0.20!'
227.3694 	EXP 	feedbackMsg: autoDraw = True
228.1228 	DATA 	Keypress: 5
228.9075 	DATA 	Keypress: 5
229.0548 	EXP 	New trial (rep=0, index=29): OrderedDict([('Condition', 'Triangle'), ('FixationDur', 1500)])
229.0697 	EXP 	feedbackMsg: autoDraw = False
229.0697 	EXP 	feedbackMsg: autoDraw = False
229.0697 	EXP 	cueImage: image = 'images/Neutral.bmp'
229.0697 	EXP 	cueImage: autoDraw = True
229.6895 	DATA 	Keypress: 5
230.4551 	DATA 	Keypress: 5
231.0934 	EXP 	cueImage: autoDraw = False
231.0934 	EXP 	cueImage: autoDraw = False
231.0934 	EXP 	fixation: autoDraw = True
231.2402 	DATA 	Keypress: 5
232.0234 	DATA 	Keypress: 5
232.6362 	EXP 	fixation: autoDraw = False
232.6362 	EXP 	fixation: autoDraw = False
232.6362 	EXP 	Target: image = 'images/NeutralProbe.bmp'
232.6362 	EXP 	Target: autoDraw = True
232.7886 	DATA 	Keypress: 5
233.0024 	EXP 	Target: autoDraw = False
233.0024 	EXP 	Target: autoDraw = False
233.0024 	EXP 	feedbackMsg: text = 'You pressed too slow!\n\nYou did not win or lose anything!'
233.0024 	EXP 	feedbackMsg: autoDraw = True
233.0054 	DATA 	Keypress: 1
233.5744 	DATA 	Keypress: 5
234.3574 	DATA 	Keypress: 5
234.6554 	EXP 	New trial (rep=0, index=30): OrderedDict([('Condition', 'SmallReward'), ('FixationDur', 1500)])
234.6866 	EXP 	feedbackMsg: autoDraw = False
234.6866 	EXP 	feedbackMsg: autoDraw = False
234.6866 	EXP 	cueImage: image = 'images/WinSmall.bmp'
234.6866 	EXP 	cueImage: autoDraw = True
235.1224 	DATA 	Keypress: 5
235.9057 	DATA 	Keypress: 5
236.7074 	DATA 	Keypress: 5
236.7202 	EXP 	cueImage: autoDraw = False
236.7202 	EXP 	fixation: autoDraw = True
237.4562 	DATA 	Keypress: 5
238.2593 	DATA 	Keypress: 5
238.2703 	EXP 	fixation: autoDraw = False
238.2703 	EXP 	fixation: autoDraw = False
238.2703 	EXP 	Target: image = 'images/WinProbe.bmp'
238.2703 	EXP 	Target: autoDraw = True
238.6336 	DATA 	Keypress: 1
238.6442 	EXP 	Target: autoDraw = False
238.6442 	EXP 	Target: autoDraw = False
238.6442 	EXP 	feedbackMsg: text = 'You pressed too slow!\n\nYou did not win $0.20!'
238.6442 	EXP 	feedbackMsg: autoDraw = True
239.0241 	DATA 	Keypress: 5
239.7903 	DATA 	Keypress: 5
240.2888 	EXP 	New trial (rep=0, index=31): OrderedDict([('Condition', 'Triangle'), ('FixationDur', 2000)])
240.3039 	EXP 	feedbackMsg: autoDraw = False
240.3039 	EXP 	feedbackMsg: autoDraw = False
240.3039 	EXP 	cueImage: image = 'images/Neutral.bmp'
240.3039 	EXP 	cueImage: autoDraw = True
240.5728 	DATA 	Keypress: 5
241.3571 	DATA 	Keypress: 5
242.1233 	DATA 	Keypress: 5
242.3278 	EXP 	cueImage: autoDraw = False
242.3278 	EXP 	cueImage: autoDraw = False
242.3278 	EXP 	fixation: autoDraw = True
242.9070 	DATA 	Keypress: 5
243.6898 	DATA 	Keypress: 5
244.3707 	EXP 	fixation: autoDraw = False
244.3707 	EXP 	fixation: autoDraw = False
244.3707 	EXP 	Target: image = 'images/NeutralProbe.bmp'
244.3707 	EXP 	Target: autoDraw = True
244.4573 	DATA 	Keypress: 5
244.6417 	DATA 	Keypress: 1
244.7375 	EXP 	Target: autoDraw = False
244.7375 	EXP 	Target: autoDraw = False
244.7375 	EXP 	feedbackMsg: text = 'Correct Response!\n\nYou did not win or lose anything!'
244.7375 	EXP 	feedbackMsg: autoDraw = True
245.2399 	DATA 	Keypress: 5
246.0245 	DATA 	Keypress: 5
246.3892 	EXP 	New trial (rep=0, index=32): OrderedDict([('Condition', 'LgPun'), ('FixationDur', 1500)])
246.4038 	EXP 	feedbackMsg: autoDraw = False
246.4038 	EXP 	feedbackMsg: autoDraw = False
246.4038 	EXP 	cueImage: image = 'images/LoseBig.bmp'
246.4038 	EXP 	cueImage: autoDraw = True
246.8073 	DATA 	Keypress: 5
247.5730 	DATA 	Keypress: 5
248.3580 	DATA 	Keypress: 5
248.4284 	EXP 	cueImage: autoDraw = False
248.4284 	EXP 	cueImage: autoDraw = False
248.4284 	EXP 	fixation: autoDraw = True
249.1420 	DATA 	Keypress: 5
249.9079 	DATA 	Keypress: 5
249.9632 	EXP 	fixation: autoDraw = False
249.9632 	EXP 	fixation: autoDraw = False
249.9632 	EXP 	Target: image = 'images/LoseProbe.bmp'
249.9632 	EXP 	Target: autoDraw = True
250.2239 	DATA 	Keypress: 1
250.3456 	EXP 	Target: autoDraw = False
250.3456 	EXP 	Target: autoDraw = False
250.3456 	EXP 	feedbackMsg: text = 'Correct Response!\n\nYou did not lose $5.00!'
250.3456 	EXP 	feedbackMsg: autoDraw = True
250.6916 	DATA 	Keypress: 5
251.4756 	DATA 	Keypress: 5
251.9899 	EXP 	New trial (rep=0, index=33): OrderedDict([('Condition', 'Triangle'), ('FixationDur', 3500)])
252.0043 	EXP 	feedbackMsg: autoDraw = False
252.0043 	EXP 	feedbackMsg: autoDraw = False
252.0043 	EXP 	cueImage: image = 'images/Neutral.bmp'
252.0043 	EXP 	cueImage: autoDraw = True
252.2395 	DATA 	Keypress: 5
253.0252 	DATA 	Keypress: 5
253.8082 	DATA 	Keypress: 5
254.0296 	EXP 	cueImage: autoDraw = False
254.0296 	EXP 	cueImage: autoDraw = False
254.0296 	EXP 	fixation: autoDraw = True
254.5739 	DATA 	Keypress: 5
255.3574 	DATA 	Keypress: 5
256.1423 	DATA 	Keypress: 5
256.9077 	DATA 	Keypress: 5
257.5713 	EXP 	fixation: autoDraw = False
257.5713 	EXP 	fixation: autoDraw = False
257.5713 	EXP 	Target: image = 'images/NeutralProbe.bmp'
257.5713 	EXP 	Target: autoDraw = True
257.6910 	DATA 	Keypress: 5
257.8592 	DATA 	Keypress: 1
257.9386 	EXP 	Target: autoDraw = False
257.9386 	EXP 	Target: autoDraw = False
257.9386 	EXP 	feedbackMsg: text = 'Correct Response!\n\nYou did not win or lose anything!'
257.9386 	EXP 	feedbackMsg: autoDraw = True
258.4750 	DATA 	Keypress: 5
259.2419 	DATA 	Keypress: 5
259.5902 	EXP 	New trial (rep=0, index=34): OrderedDict([('Condition', 'LgPun'), ('FixationDur', 1500)])
259.6050 	EXP 	feedbackMsg: autoDraw = False
259.6050 	EXP 	feedbackMsg: autoDraw = False
259.6050 	EXP 	cueImage: image = 'images/LoseBig.bmp'
259.6050 	EXP 	cueImage: autoDraw = True
260.0235 	DATA 	Keypress: 5
260.8091 	DATA 	Keypress: 5
261.5744 	DATA 	Keypress: 5
261.6309 	EXP 	cueImage: autoDraw = False
261.6309 	EXP 	cueImage: autoDraw = False
261.6309 	EXP 	fixation: autoDraw = True
262.3591 	DATA 	Keypress: 5
263.1625 	DATA 	Keypress: 5
263.1714 	EXP 	fixation: autoDraw = False
263.1714 	EXP 	fixation: autoDraw = False
263.1714 	EXP 	Target: image = 'images/LoseProbe.bmp'
263.1714 	EXP 	Target: autoDraw = True
263.4419 	DATA 	Keypress: 1
263.5387 	EXP 	Target: autoDraw = False
263.5387 	EXP 	Target: autoDraw = False
263.5387 	EXP 	feedbackMsg: text = 'Correct Response!\n\nYou did not lose $5.00!'
263.5387 	EXP 	feedbackMsg: autoDraw = True
263.9084 	DATA 	Keypress: 5
264.6910 	DATA 	Keypress: 5
265.1908 	EXP 	New trial (rep=0, index=35): OrderedDict([('Condition', 'Triangle'), ('FixationDur', 1500)])
265.2053 	EXP 	feedbackMsg: autoDraw = False
265.2053 	EXP 	feedbackMsg: autoDraw = False
265.2053 	EXP 	cueImage: image = 'images/Neutral.bmp'
265.2053 	EXP 	cueImage: autoDraw = True
265.4761 	DATA 	Keypress: 5
266.2585 	DATA 	Keypress: 5
267.0245 	DATA 	Keypress: 5
267.2314 	EXP 	cueImage: autoDraw = False
267.2314 	EXP 	cueImage: autoDraw = False
267.2314 	EXP 	fixation: autoDraw = True
267.8091 	DATA 	Keypress: 5
268.5924 	DATA 	Keypress: 5
268.7664 	EXP 	fixation: autoDraw = False
268.7664 	EXP 	fixation: autoDraw = False
268.7664 	EXP 	Target: image = 'images/NeutralProbe.bmp'
268.7664 	EXP 	Target: autoDraw = True
269.0250 	DATA 	Keypress: 1
269.1229 	EXP 	Target: autoDraw = False
269.1229 	EXP 	Target: autoDraw = False
269.1229 	EXP 	feedbackMsg: text = 'Correct Response!\n\nYou did not win or lose anything!'
269.1229 	EXP 	feedbackMsg: autoDraw = True
269.3583 	DATA 	Keypress: 5
270.1434 	DATA 	Keypress: 5
270.7908 	EXP 	New trial (rep=0, index=36): OrderedDict([('Condition', 'SmallPun'), ('FixationDur', 1500)])
270.8056 	EXP 	feedbackMsg: autoDraw = False
270.8056 	EXP 	feedbackMsg: autoDraw = False
270.8056 	EXP 	cueImage: image = 'images/LoseSmall.bmp'
270.8056 	EXP 	cueImage: autoDraw = True
270.9265 	DATA 	Keypress: 5
271.6908 	DATA 	Keypress: 5
272.4760 	DATA 	Keypress: 5
272.8321 	EXP 	cueImage: autoDraw = False
272.8321 	EXP 	cueImage: autoDraw = False
272.8321 	EXP 	fixation: autoDraw = True
273.2605 	DATA 	Keypress: 5
274.0250 	DATA 	Keypress: 5
274.3670 	EXP 	fixation: autoDraw = False
274.3670 	EXP 	fixation: autoDraw = False
274.3670 	EXP 	Target: image = 'images/LoseProbe.bmp'
274.3670 	EXP 	Target: autoDraw = True
274.6091 	DATA 	Keypress: 1
274.7223 	EXP 	Target: autoDraw = False
274.7223 	EXP 	Target: autoDraw = False
274.7223 	EXP 	feedbackMsg: text = 'Correct Response!\n\nYou did not lose $0.20!'
274.7223 	EXP 	feedbackMsg: autoDraw = True
274.8088 	DATA 	Keypress: 5
275.5934 	DATA 	Keypress: 5
276.3590 	DATA 	Keypress: 5
276.3905 	EXP 	New trial (rep=0, index=37): OrderedDict([('Condition', 'LgReward'), ('FixationDur', 1500)])
276.4161 	EXP 	feedbackMsg: autoDraw = False
276.4161 	EXP 	feedbackMsg: autoDraw = False
276.4161 	EXP 	cueImage: image = 'images/WinBig.bmp'
276.4161 	EXP 	cueImage: autoDraw = True
277.1428 	DATA 	Keypress: 5
277.9256 	DATA 	Keypress: 5
278.4493 	EXP 	cueImage: autoDraw = False
278.4493 	EXP 	fixation: autoDraw = True
278.6928 	DATA 	Keypress: 5
279.4762 	DATA 	Keypress: 5
280.0059 	EXP 	fixation: autoDraw = False
280.0059 	EXP 	fixation: autoDraw = False
280.0059 	EXP 	Target: image = 'images/WinProbe.bmp'
280.0059 	EXP 	Target: autoDraw = True
280.2595 	DATA 	Keypress: 5
280.2766 	DATA 	Keypress: 1
280.3663 	EXP 	Target: autoDraw = False
280.3663 	EXP 	Target: autoDraw = False
280.3663 	EXP 	feedbackMsg: text = 'Correct Response!\n\nYou won $5.00!'
280.3663 	EXP 	feedbackMsg: autoDraw = True
281.0264 	DATA 	Keypress: 5
281.8097 	DATA 	Keypress: 5
282.0250 	EXP 	New trial (rep=0, index=38): OrderedDict([('Condition', 'Triangle'), ('FixationDur', 1500)])
282.0393 	EXP 	feedbackMsg: autoDraw = False
282.0393 	EXP 	feedbackMsg: autoDraw = False
282.0393 	EXP 	cueImage: image = 'images/Neutral.bmp'
282.0393 	EXP 	cueImage: autoDraw = True
282.5929 	DATA 	Keypress: 5
283.3595 	DATA 	Keypress: 5
284.0669 	EXP 	cueImage: autoDraw = False
284.0669 	EXP 	cueImage: autoDraw = False
284.0669 	EXP 	fixation: autoDraw = True
284.1431 	DATA 	Keypress: 5
284.9277 	DATA 	Keypress: 5
285.6060 	EXP 	fixation: autoDraw = False
285.6060 	EXP 	fixation: autoDraw = False
285.6060 	EXP 	Target: image = 'images/NeutralProbe.bmp'
285.6060 	EXP 	Target: autoDraw = True
285.6924 	DATA 	Keypress: 5
285.8923 	DATA 	Keypress: 1
285.9667 	EXP 	Target: autoDraw = False
285.9667 	EXP 	Target: autoDraw = False
285.9667 	EXP 	feedbackMsg: text = 'Correct Response!\n\nYou did not win or lose anything!'
285.9667 	EXP 	feedbackMsg: autoDraw = True
286.4763 	DATA 	Keypress: 5
287.2617 	DATA 	Keypress: 5
287.6253 	EXP 	New trial (rep=0, index=39): OrderedDict([('Condition', 'LgReward'), ('FixationDur', 2000)])
287.6674 	EXP 	feedbackMsg: autoDraw = False
287.6674 	EXP 	feedbackMsg: autoDraw = False
287.6674 	EXP 	cueImage: image = 'images/WinBig.bmp'
287.6674 	EXP 	cueImage: autoDraw = True
288.0435 	DATA 	Keypress: 5
288.8094 	DATA 	Keypress: 5
289.5943 	DATA 	Keypress: 5
289.6842 	EXP 	cueImage: autoDraw = False
289.6842 	EXP 	fixation: autoDraw = True
290.3784 	DATA 	Keypress: 5
291.1443 	DATA 	Keypress: 5
291.7346 	EXP 	fixation: autoDraw = False
291.7346 	EXP 	fixation: autoDraw = False
291.7346 	EXP 	Target: image = 'images/WinProbe.bmp'
291.7346 	EXP 	Target: autoDraw = True
291.9269 	DATA 	Keypress: 5
292.0102 	DATA 	Keypress: 1
292.0898 	EXP 	Target: autoDraw = False
292.0898 	EXP 	Target: autoDraw = False
292.0898 	EXP 	feedbackMsg: text = 'Correct Response!\n\nYou won $5.00!'
292.0898 	EXP 	feedbackMsg: autoDraw = True
292.7116 	DATA 	Keypress: 5
293.4761 	DATA 	Keypress: 5
293.7591 	EXP 	New trial (rep=0, index=40): OrderedDict([('Condition', 'LgPun'), ('FixationDur', 2500)])
293.7734 	EXP 	feedbackMsg: autoDraw = False
293.7734 	EXP 	feedbackMsg: autoDraw = False
293.7734 	EXP 	cueImage: image = 'images/LoseBig.bmp'
293.7734 	EXP 	cueImage: autoDraw = True
294.2611 	DATA 	Keypress: 5
295.0441 	DATA 	Keypress: 5
295.8017 	EXP 	cueImage: autoDraw = False
295.8017 	EXP 	cueImage: autoDraw = False
295.8017 	EXP 	fixation: autoDraw = True
295.8102 	DATA 	Keypress: 5
296.5948 	DATA 	Keypress: 5
297.3788 	DATA 	Keypress: 5
298.1432 	DATA 	Keypress: 5
298.3417 	EXP 	fixation: autoDraw = False
298.3417 	EXP 	fixation: autoDraw = False
298.3417 	EXP 	Target: image = 'images/LoseProbe.bmp'
298.3417 	EXP 	Target: autoDraw = True
298.6116 	DATA 	Keypress: 1
298.6741 	EXP 	Target: autoDraw = False
298.6741 	EXP 	Target: autoDraw = False
298.6741 	EXP 	feedbackMsg: text = 'Correct Response!\n\nYou did not lose $5.00!'
298.6741 	EXP 	feedbackMsg: autoDraw = True
298.9286 	DATA 	Keypress: 5
299.7112 	DATA 	Keypress: 5
300.3762 	EXP 	New trial (rep=0, index=41): OrderedDict([('Condition', 'LgReward'), ('FixationDur', 3000)])
300.4022 	EXP 	feedbackMsg: autoDraw = False
300.4022 	EXP 	feedbackMsg: autoDraw = False
300.4022 	EXP 	cueImage: image = 'images/WinBig.bmp'
300.4022 	EXP 	cueImage: autoDraw = True
300.4772 	DATA 	Keypress: 5
301.2594 	DATA 	Keypress: 5
302.0451 	DATA 	Keypress: 5
302.4363 	EXP 	cueImage: autoDraw = False
302.4363 	EXP 	fixation: autoDraw = True
302.8110 	DATA 	Keypress: 5
303.5958 	DATA 	Keypress: 5
304.3788 	DATA 	Keypress: 5
305.1449 	DATA 	Keypress: 5
305.4854 	EXP 	fixation: autoDraw = False
305.4854 	EXP 	fixation: autoDraw = False
305.4854 	EXP 	Target: image = 'images/WinProbe.bmp'
305.4854 	EXP 	Target: autoDraw = True
305.7283 	DATA 	Keypress: 1
305.8075 	EXP 	Target: autoDraw = False
305.8075 	EXP 	Target: autoDraw = False
305.8075 	EXP 	feedbackMsg: text = 'Correct Response!\n\nYou won $5.00!'
305.8075 	EXP 	feedbackMsg: autoDraw = True
305.9274 	DATA 	Keypress: 5
306.7125 	DATA 	Keypress: 5
307.4782 	DATA 	Keypress: 5
307.5094 	EXP 	New trial (rep=0, index=42): OrderedDict([('Condition', 'LgPun'), ('FixationDur', 1500)])
307.5240 	EXP 	feedbackMsg: autoDraw = False
307.5240 	EXP 	feedbackMsg: autoDraw = False
307.5240 	EXP 	cueImage: image = 'images/LoseBig.bmp'
307.5240 	EXP 	cueImage: autoDraw = True
308.2601 	DATA 	Keypress: 5
309.0444 	DATA 	Keypress: 5
309.5535 	EXP 	cueImage: autoDraw = False
309.5535 	EXP 	cueImage: autoDraw = False
309.5535 	EXP 	fixation: autoDraw = True
309.8118 	DATA 	Keypress: 5
310.5938 	DATA 	Keypress: 5
311.0870 	EXP 	fixation: autoDraw = False
311.0870 	EXP 	fixation: autoDraw = False
311.0870 	EXP 	Target: image = 'images/LoseProbe.bmp'
311.0870 	EXP 	Target: autoDraw = True
311.3459 	DATA 	Keypress: 1
311.4051 	DATA 	Keypress: 5
311.4206 	EXP 	Target: autoDraw = False
311.4206 	EXP 	Target: autoDraw = False
311.4206 	EXP 	feedbackMsg: text = 'Correct Response!\n\nYou did not lose $5.00!'
311.4206 	EXP 	feedbackMsg: autoDraw = True
312.1457 	DATA 	Keypress: 5
312.9279 	DATA 	Keypress: 5
313.1092 	EXP 	New trial (rep=0, index=43): OrderedDict([('Condition', 'LgReward'), ('FixationDur', 1500)])
313.1417 	EXP 	feedbackMsg: autoDraw = False
313.1417 	EXP 	feedbackMsg: autoDraw = False
313.1417 	EXP 	cueImage: image = 'images/WinBig.bmp'
313.1417 	EXP 	cueImage: autoDraw = True
313.7117 	DATA 	Keypress: 5
314.4958 	DATA 	Keypress: 5
315.1707 	EXP 	cueImage: autoDraw = False
315.1707 	EXP 	fixation: autoDraw = True
315.2631 	DATA 	Keypress: 5
316.0463 	DATA 	Keypress: 5
316.7213 	EXP 	fixation: autoDraw = False
316.7213 	EXP 	fixation: autoDraw = False
316.7213 	EXP 	Target: image = 'images/WinProbe.bmp'
316.7213 	EXP 	Target: autoDraw = True
316.8240 	DATA 	Keypress: 5
317.0001 	DATA 	Keypress: 1
317.0083 	EXP 	Target: autoDraw = False
317.0083 	EXP 	Target: autoDraw = False
317.0083 	EXP 	feedbackMsg: text = 'You pressed too slow!\n\nYou did not win $5.00!'
317.0083 	EXP 	feedbackMsg: autoDraw = True
317.5951 	DATA 	Keypress: 5
318.3768 	DATA 	Keypress: 5
318.7597 	EXP 	New trial (rep=0, index=44): OrderedDict([('Condition', 'SmallReward'), ('FixationDur', 3000)])
318.7878 	EXP 	feedbackMsg: autoDraw = False
318.7878 	EXP 	feedbackMsg: autoDraw = False
318.7878 	EXP 	cueImage: image = 'images/WinSmall.bmp'
318.7878 	EXP 	cueImage: autoDraw = True
319.1626 	DATA 	Keypress: 5
319.9281 	DATA 	Keypress: 5
320.7127 	DATA 	Keypress: 5
320.8213 	EXP 	cueImage: autoDraw = False
320.8213 	EXP 	fixation: autoDraw = True
321.4926 	DATA 	Keypress: 5
322.2758 	DATA 	Keypress: 5
323.0410 	DATA 	Keypress: 5
323.8592 	DATA 	Keypress: 5
323.8715 	EXP 	fixation: autoDraw = False
323.8715 	EXP 	fixation: autoDraw = False
323.8715 	EXP 	Target: image = 'images/WinProbe.bmp'
323.8715 	EXP 	Target: autoDraw = True
324.1385 	EXP 	Target: autoDraw = False
324.1385 	EXP 	Target: autoDraw = False
324.1385 	EXP 	feedbackMsg: text = 'You pressed too slow!\n\nYou did not win $0.20!'
324.1385 	EXP 	feedbackMsg: autoDraw = True
324.1597 	DATA 	Keypress: 1
324.6089 	DATA 	Keypress: 5
325.3750 	DATA 	Keypress: 5
325.8906 	EXP 	New trial (rep=0, index=45): OrderedDict([('Condition', 'SmallPun'), ('FixationDur', 1500)])
325.9053 	EXP 	feedbackMsg: autoDraw = False
325.9053 	EXP 	feedbackMsg: autoDraw = False
325.9053 	EXP 	cueImage: image = 'images/LoseSmall.bmp'
325.9053 	EXP 	cueImage: autoDraw = True
326.1597 	DATA 	Keypress: 5
326.9417 	DATA 	Keypress: 5
327.7085 	DATA 	Keypress: 5
327.9396 	EXP 	cueImage: autoDraw = False
327.9396 	EXP 	cueImage: autoDraw = False
327.9396 	EXP 	fixation: autoDraw = True
328.4947 	DATA 	Keypress: 5
329.2629 	DATA 	Keypress: 5
329.4724 	EXP 	fixation: autoDraw = False
329.4724 	EXP 	fixation: autoDraw = False
329.4724 	EXP 	Target: image = 'images/LoseProbe.bmp'
329.4724 	EXP 	Target: autoDraw = True
329.7557 	EXP 	Target: autoDraw = False
329.7557 	EXP 	Target: autoDraw = False
329.7557 	EXP 	feedbackMsg: text = 'You pressed too slow!\n\nYou lost $0.20!'
329.7557 	EXP 	feedbackMsg: autoDraw = True
329.8592 	DATA 	Keypress: 1
330.0423 	DATA 	Keypress: 5
330.8272 	DATA 	Keypress: 5
331.5080 	EXP 	New trial (rep=0, index=46): OrderedDict([('Condition', 'LgReward'), ('FixationDur', 1500)])
331.5400 	EXP 	feedbackMsg: autoDraw = False
331.5400 	EXP 	feedbackMsg: autoDraw = False
331.5400 	EXP 	cueImage: image = 'images/WinBig.bmp'
331.5400 	EXP 	cueImage: autoDraw = True
331.6093 	DATA 	Keypress: 5
332.3758 	DATA 	Keypress: 5
333.1597 	DATA 	Keypress: 5
333.5731 	EXP 	cueImage: autoDraw = False
333.5731 	EXP 	fixation: autoDraw = True
333.9439 	DATA 	Keypress: 5
334.7099 	DATA 	Keypress: 5
335.1236 	EXP 	fixation: autoDraw = False
335.1236 	EXP 	fixation: autoDraw = False
335.1236 	EXP 	Target: image = 'images/WinProbe.bmp'
335.1236 	EXP 	Target: autoDraw = True
335.3596 	DATA 	Keypress: 1
335.4231 	EXP 	Target: autoDraw = False
335.4231 	EXP 	Target: autoDraw = False
335.4231 	EXP 	feedbackMsg: text = 'Correct Response!\n\nYou won $5.00!'
335.4231 	EXP 	feedbackMsg: autoDraw = True
335.4927 	DATA 	Keypress: 5
336.2769 	DATA 	Keypress: 5
337.0431 	DATA 	Keypress: 5
337.1583 	EXP 	New trial (rep=0, index=47): OrderedDict([('Condition', 'SmallPun'), ('FixationDur', 2500)])
337.1733 	EXP 	feedbackMsg: autoDraw = False
337.1733 	EXP 	feedbackMsg: autoDraw = False
337.1733 	EXP 	cueImage: image = 'images/LoseSmall.bmp'
337.1733 	EXP 	cueImage: autoDraw = True
337.8266 	DATA 	Keypress: 5
338.6086 	DATA 	Keypress: 5
339.2069 	EXP 	cueImage: autoDraw = False
339.2069 	EXP 	fixation: autoDraw = True
339.3775 	DATA 	Keypress: 5
340.1606 	DATA 	Keypress: 5
340.9452 	DATA 	Keypress: 5
341.7309 	DATA 	Keypress: 5
341.7408 	EXP 	fixation: autoDraw = False
341.7408 	EXP 	fixation: autoDraw = False
341.7408 	EXP 	Target: image = 'images/LoseProbe.bmp'
341.7408 	EXP 	Target: autoDraw = True
341.9782 	DATA 	Keypress: 1
342.0409 	EXP 	Target: autoDraw = False
342.0409 	EXP 	Target: autoDraw = False
342.0409 	EXP 	feedbackMsg: text = 'Correct Response!\n\nYou did not lose $0.20!'
342.0409 	EXP 	feedbackMsg: autoDraw = True
342.4960 	DATA 	Keypress: 5
343.2814 	DATA 	Keypress: 5
343.7624 	EXP 	New trial (rep=0, index=48): OrderedDict([('Condition', 'SmallReward'), ('FixationDur', 1500)])
343.7910 	EXP 	feedbackMsg: autoDraw = False
343.7910 	EXP 	feedbackMsg: autoDraw = False
343.7910 	EXP 	cueImage: image = 'images/WinSmall.bmp'
343.7910 	EXP 	cueImage: autoDraw = True
344.0465 	DATA 	Keypress: 5
344.8301 	DATA 	Keypress: 5
345.6144 	DATA 	Keypress: 5
345.8252 	EXP 	cueImage: autoDraw = False
345.8252 	EXP 	fixation: autoDraw = True
346.3805 	DATA 	Keypress: 5
347.1642 	DATA 	Keypress: 5
347.3577 	EXP 	fixation: autoDraw = False
347.3577 	EXP 	fixation: autoDraw = False
347.3577 	EXP 	Target: image = 'images/WinProbe.bmp'
347.3577 	EXP 	Target: autoDraw = True
347.6543 	DATA 	Keypress: 1
347.6611 	EXP 	Target: autoDraw = False
347.6611 	EXP 	Target: autoDraw = False
347.6611 	EXP 	feedbackMsg: text = 'You pressed too slow!\n\nYou did not win $0.20!'
347.6611 	EXP 	feedbackMsg: autoDraw = True
347.9479 	DATA 	Keypress: 5
348.7141 	DATA 	Keypress: 5
349.3961 	EXP 	New trial (rep=0, index=49): OrderedDict([('Condition', 'SmallPun'), ('FixationDur', 1500)])
349.4106 	EXP 	feedbackMsg: autoDraw = False
349.4106 	EXP 	feedbackMsg: autoDraw = False
349.4106 	EXP 	cueImage: image = 'images/LoseSmall.bmp'
349.4106 	EXP 	cueImage: autoDraw = True
349.4967 	DATA 	Keypress: 5
350.2809 	DATA 	Keypress: 5
351.0473 	DATA 	Keypress: 5
351.4423 	EXP 	cueImage: autoDraw = False
351.4423 	EXP 	cueImage: autoDraw = False
351.4423 	EXP 	fixation: autoDraw = True
351.8298 	DATA 	Keypress: 5
352.6157 	DATA 	Keypress: 5
352.9758 	EXP 	fixation: autoDraw = False
352.9758 	EXP 	fixation: autoDraw = False
352.9758 	EXP 	Target: image = 'images/LoseProbe.bmp'
352.9758 	EXP 	Target: autoDraw = True
353.2305 	DATA 	Keypress: 1
353.3088 	EXP 	Target: autoDraw = False
353.3088 	EXP 	Target: autoDraw = False
353.3088 	EXP 	feedbackMsg: text = 'Correct Response!\n\nYou did not lose $0.20!'
353.3088 	EXP 	feedbackMsg: autoDraw = True
353.3982 	DATA 	Keypress: 5
354.1638 	DATA 	Keypress: 5
354.9482 	DATA 	Keypress: 5
355.0113 	EXP 	feedbackMsg: autoDraw = False
355.0113 	EXP 	feedbackMsg: autoDraw = False
355.0113 	EXP 	polygon: autoDraw = True
355.7318 	DATA 	Keypress: 5
356.4974 	DATA 	Keypress: 5
357.2827 	DATA 	Keypress: 5
358.0637 	DATA 	Keypress: 5
360.0272 	EXP 	polygon: autoDraw = False
360.0272 	EXP 	polygon: autoDraw = False
360.0272 	EXP 	text: text = 'All done!\n\nYou earned a total of: $29.60!'
360.0272 	EXP 	text: autoDraw = True
363.0603 	EXP 	text: autoDraw = False
363.0603 	EXP 	text: autoDraw = False
363.0603 	EXP 	polygon2: autoDraw = True
369.9999 	DATA 	Keypress: 5
370.7647 	DATA 	Keypress: 5
371.5480 	DATA 	Keypress: 5
372.3341 	DATA 	Keypress: 5
377.3149 	DATA 	Keypress: escape
377.6289 	EXP 	window1: mouseVisible = True
