8.6894 	EXP 	Created window1 = Window(allowGUI=False, allowStencil=False, args=UNKNOWN, autoLog=True, bitsMode=UNKNOWN, blendMode='avg', color=array([0., 0., 0.]), colorSpace='rgb', fullscr=<method-wrapper '__getattribute__' of attributeSetter object at 0x134ae8be0>, gamma=None, kwargs=UNKNOWN, lms=UNKNOWN, monitor=<psychopy.monitors.calibTools.Monitor object at 0x134d1e3c8>, multiSample=False, name='window1', numSamples=2, pos=[0.0, 0.0], screen=0, size=array([1920, 1080]), stereo=False, units='height', useFBO=True, useRetina=False, viewOri=0.0, viewPos=None, viewScale=None, waitBlanking=True, winType='pyglet')
8.6895 	EXP 	window1: recordFrameIntervals = False
8.8568 	EXP 	window1: recordFrameIntervals = True
9.0401 	EXP 	window1: recordFrameIntervals = False
9.0401 	EXP 	window1: recordFrameIntervals = False
9.2065 	EXP 	window1: recordFrameIntervals = True
9.3898 	EXP 	window1: recordFrameIntervals = False
9.8443 	EXP 	Created preinstruct_text = TextStim(__class__=<class 'psychopy.visual.text.TextStim'>, alignHoriz='center', alignVert='center', antialias=True, autoLog=True, bold=False, color='white', colorSpace='named', contrast=1.0, depth=0.0, flipHoriz=False, flipVert=False, font='Arial', fontFiles=[], height=0.05, italic=False, languageStyle='LTR', name='preinstruct_text', opacity=1.0, ori=0, pos=array([0., 0.]), rgb=array([255., 255., 255.]), text='Money Task - Scanner 2', units='height', win=Window(...), wrapWidth=1)
9.8892 	EXP 	Created instructFig = ImageStim(__class__=<class 'psychopy.visual.image.ImageStim'>, autoLog=True, color=array([1., 1., 1.]), colorSpace='rgb', contrast=1.0, depth=0.0, flipHoriz=False, flipVert=False, image='images/MID_instructions.bmp', interpolate=True, mask=None, maskParams=None, name='instructFig', opacity=1.0, ori=0.0, pos=array([0., 0.]), size=array([1.3, 1. ]), texRes=128, units='height', win=Window(...))
9.8909 	EXP 	Created PrepFixation = ShapeStim(__class__=<class 'psychopy.visual.shape.ShapeStim'>, autoDraw=False, autoLog=True, closeShape=True, contrast=1.0, depth=0.0, fillColor=array([1., 1., 1.]), fillColorSpace='rgb', interpolate=True, lineColor=array([1., 1., 1.]), lineColorSpace='rgb', lineWidth=1, name='PrepFixation', opacity=1.0, ori=array(0.), pos=array([0., 0.]), size=array([0.05, 0.05]), units='height', vertices=ndarray(...), win=Window(...), windingRule=None)
9.8925 	EXP 	Created cueImage = ImageStim(__class__=<class 'psychopy.visual.image.ImageStim'>, autoLog=True, color=array([1., 1., 1.]), colorSpace='rgb', contrast=1.0, depth=0.0, flipHoriz=False, flipVert=False, image='sin', interpolate=True, mask=None, maskParams=None, name='cueImage', opacity=1.0, ori=0.0, pos=array([0., 0.]), size=array([1.3, 1. ]), texRes=128, units='height', win=Window(...))
9.8940 	EXP 	Created fixation = ShapeStim(__class__=<class 'psychopy.visual.shape.ShapeStim'>, autoDraw=False, autoLog=True, closeShape=True, contrast=1.0, depth=-1.0, fillColor=array([1., 1., 1.]), fillColorSpace='rgb', interpolate=True, lineColor=array([1., 1., 1.]), lineColorSpace='rgb', lineWidth=1, name='fixation', opacity=1.0, ori=array(0.), pos=array([0., 0.]), size=array([0.05, 0.05]), units='height', vertices=ndarray(...), win=Window(...), windingRule=None)
9.8959 	EXP 	Created Target = ImageStim(__class__=<class 'psychopy.visual.image.ImageStim'>, autoLog=True, color=array([1., 1., 1.]), colorSpace='rgb', contrast=1.0, depth=-1.0, flipHoriz=False, flipVert=False, image='sin', interpolate=True, mask=None, maskParams=None, name='Target', opacity=1.0, ori=0.0, pos=array([0., 0.]), size=array([1.3, 1. ]), texRes=128, units='height', win=Window(...))
9.9053 	EXP 	Created feedbackMsg = TextStim(__class__=<class 'psychopy.visual.text.TextStim'>, alignHoriz='center', alignVert='center', antialias=True, autoLog=True, bold=False, color='white', colorSpace='named', contrast=1.0, depth=-2.0, flipHoriz=False, flipVert=False, font='Arial', fontFiles=[], height=0.05, italic=False, languageStyle='LTR', name='feedbackMsg', opacity=1.0, ori=0, pos=array([0., 0.]), rgb=array([255., 255., 255.]), text='default text', units='height', win=Window(...), wrapWidth=2)
9.9067 	EXP 	Created polygon = ShapeStim(__class__=<class 'psychopy.visual.shape.ShapeStim'>, autoDraw=False, autoLog=True, closeShape=True, contrast=1.0, depth=0.0, fillColor=array([1., 1., 1.]), fillColorSpace='rgb', interpolate=True, lineColor=array([1., 1., 1.]), lineColorSpace='rgb', lineWidth=1, name='polygon', opacity=1.0, ori=array(0.), pos=array([0., 0.]), size=array([0.05, 0.05]), units='height', vertices=ndarray(...), win=Window(...), windingRule=None)
9.9136 	EXP 	Created text = TextStim(__class__=<class 'psychopy.visual.text.TextStim'>, alignHoriz='center', alignVert='center', antialias=True, autoLog=True, bold=False, color='white', colorSpace='named', contrast=1.0, depth=-1.0, flipHoriz=False, flipVert=False, font='Arial', fontFiles=[], height=0.07, italic=False, languageStyle='LTR', name='text', opacity=1.0, ori=0, pos=array([0., 0.]), rgb=array([255., 255., 255.]), text='default text', units='height', win=Window(...), wrapWidth=1)
9.9150 	EXP 	Created polygon2 = ShapeStim(__class__=<class 'psychopy.visual.shape.ShapeStim'>, autoDraw=False, autoLog=True, closeShape=True, contrast=1.0, depth=0.0, fillColor=array([1., 1., 1.]), fillColorSpace='rgb', interpolate=True, lineColor=array([1., 1., 1.]), lineColorSpace='rgb', lineWidth=1, name='polygon2', opacity=1.0, ori=array(0.), pos=array([0., 0.]), size=array([0.05, 0.05]), units='height', vertices=ndarray(...), win=Window(...), windingRule=None)
9.9265 	EXP 	preinstruct_text: autoDraw = True
11.9729 	EXP 	preinstruct_text: autoDraw = False
11.9729 	EXP 	instructFig: autoDraw = True
21.7710 	DATA 	Keypress: 5
21.7789 	EXP 	instructFig: autoDraw = False
21.7789 	EXP 	PrepFixation: autoDraw = True
22.5445 	DATA 	Keypress: 5
23.3106 	DATA 	Keypress: 5
23.7682 	EXP 	Imported TimeVersion13.csv as conditions, 50 conditions, 2 params
23.7686 	EXP 	Created sequence: sequential, trialTypes=50, nReps=1, seed=None
23.7689 	EXP 	New trial (rep=0, index=0): OrderedDict([('Condition', 'LgPun'), ('FixationDur', 1500)])
23.7903 	EXP 	PrepFixation: autoDraw = False
23.7903 	EXP 	cueImage: image = 'images/LoseBig.bmp'
23.7903 	EXP 	cueImage: autoDraw = True
24.0940 	DATA 	Keypress: 5
24.8779 	DATA 	Keypress: 5
25.6434 	DATA 	Keypress: 5
25.8073 	EXP 	cueImage: autoDraw = False
25.8073 	EXP 	fixation: autoDraw = True
26.4267 	DATA 	Keypress: 5
27.2120 	DATA 	Keypress: 5
27.3426 	EXP 	fixation: autoDraw = False
27.3426 	EXP 	fixation: autoDraw = False
27.3426 	EXP 	Target: image = 'images/LoseProbe.bmp'
27.3426 	EXP 	Target: autoDraw = True
27.6642 	DATA 	Keypress: 1
27.6734 	EXP 	Target: autoDraw = False
27.6734 	EXP 	Target: autoDraw = False
27.6734 	EXP 	feedbackMsg: text = 'You pressed too slow!\n\nYou lost $5.00!'
27.6734 	EXP 	feedbackMsg: autoDraw = True
27.9792 	DATA 	Keypress: 5
28.7610 	DATA 	Keypress: 5
29.3929 	EXP 	New trial (rep=0, index=1): OrderedDict([('Condition', 'LgReward'), ('FixationDur', 2000)])
29.4233 	EXP 	feedbackMsg: autoDraw = False
29.4233 	EXP 	feedbackMsg: autoDraw = False
29.4233 	EXP 	cueImage: image = 'images/WinBig.bmp'
29.4233 	EXP 	cueImage: autoDraw = True
29.5446 	DATA 	Keypress: 5
30.3108 	DATA 	Keypress: 5
31.0930 	DATA 	Keypress: 5
31.4580 	EXP 	cueImage: autoDraw = False
31.4580 	EXP 	fixation: autoDraw = True
31.8785 	DATA 	Keypress: 5
32.6449 	DATA 	Keypress: 5
33.4258 	DATA 	Keypress: 5
33.5070 	EXP 	fixation: autoDraw = False
33.5070 	EXP 	fixation: autoDraw = False
33.5070 	EXP 	Target: image = 'images/WinProbe.bmp'
33.5070 	EXP 	Target: autoDraw = True
33.8082 	DATA 	Keypress: 1
33.8135 	EXP 	Target: autoDraw = False
33.8135 	EXP 	Target: autoDraw = False
33.8135 	EXP 	feedbackMsg: text = 'You pressed too slow!\n\nYou did not win $5.00!'
33.8135 	EXP 	feedbackMsg: autoDraw = True
34.2097 	DATA 	Keypress: 5
34.9933 	DATA 	Keypress: 5
35.5247 	EXP 	New trial (rep=0, index=2): OrderedDict([('Condition', 'Triangle'), ('FixationDur', 4000)])
35.5407 	EXP 	feedbackMsg: autoDraw = False
35.5407 	EXP 	feedbackMsg: autoDraw = False
35.5407 	EXP 	cueImage: image = 'images/Neutral.bmp'
35.5407 	EXP 	cueImage: autoDraw = True
35.7595 	DATA 	Keypress: 5
36.5431 	DATA 	Keypress: 5
37.3266 	DATA 	Keypress: 5
37.5735 	EXP 	cueImage: autoDraw = False
37.5735 	EXP 	cueImage: autoDraw = False
37.5735 	EXP 	fixation: autoDraw = True
38.0930 	DATA 	Keypress: 5
38.8791 	DATA 	Keypress: 5
39.6621 	DATA 	Keypress: 5
40.4275 	DATA 	Keypress: 5
41.2108 	DATA 	Keypress: 5
41.6081 	EXP 	fixation: autoDraw = False
41.6081 	EXP 	fixation: autoDraw = False
41.6081 	EXP 	Target: image = 'images/NeutralProbe.bmp'
41.6081 	EXP 	Target: autoDraw = True
41.9073 	DATA 	Keypress: 1
41.9142 	EXP 	Target: autoDraw = False
41.9142 	EXP 	Target: autoDraw = False
41.9142 	EXP 	feedbackMsg: text = 'You pressed too slow!\n\nYou did not win or lose anything!'
41.9142 	EXP 	feedbackMsg: autoDraw = True
41.9956 	DATA 	Keypress: 5
42.7613 	DATA 	Keypress: 5
43.5456 	DATA 	Keypress: 5
43.6270 	EXP 	New trial (rep=0, index=3): OrderedDict([('Condition', 'LgPun'), ('FixationDur', 1500)])
43.6418 	EXP 	feedbackMsg: autoDraw = False
43.6418 	EXP 	feedbackMsg: autoDraw = False
43.6418 	EXP 	cueImage: image = 'images/LoseBig.bmp'
43.6418 	EXP 	cueImage: autoDraw = True
44.3284 	DATA 	Keypress: 5
45.0945 	DATA 	Keypress: 5
45.6749 	EXP 	cueImage: autoDraw = False
45.6749 	EXP 	cueImage: autoDraw = False
45.6749 	EXP 	fixation: autoDraw = True
45.8784 	DATA 	Keypress: 5
46.6631 	DATA 	Keypress: 5
47.2081 	EXP 	fixation: autoDraw = False
47.2081 	EXP 	fixation: autoDraw = False
47.2081 	EXP 	Target: image = 'images/LoseProbe.bmp'
47.2081 	EXP 	Target: autoDraw = True
47.4282 	DATA 	Keypress: 5
47.5084 	EXP 	Target: autoDraw = False
47.5084 	EXP 	Target: autoDraw = False
47.5084 	EXP 	feedbackMsg: text = 'You pressed too slow!\n\nYou lost $5.00!'
47.5084 	EXP 	feedbackMsg: autoDraw = True
47.6277 	DATA 	Keypress: 1
48.2115 	DATA 	Keypress: 5
48.9960 	DATA 	Keypress: 5
49.2272 	EXP 	New trial (rep=0, index=4): OrderedDict([('Condition', 'LgReward'), ('FixationDur', 1500)])
49.2584 	EXP 	feedbackMsg: autoDraw = False
49.2584 	EXP 	feedbackMsg: autoDraw = False
49.2584 	EXP 	cueImage: image = 'images/WinBig.bmp'
49.2584 	EXP 	cueImage: autoDraw = True
49.7618 	DATA 	Keypress: 5
50.5449 	DATA 	Keypress: 5
51.2831 	EXP 	cueImage: autoDraw = False
51.2831 	EXP 	fixation: autoDraw = True
51.3299 	DATA 	Keypress: 5
52.1136 	DATA 	Keypress: 5
52.8415 	EXP 	fixation: autoDraw = False
52.8415 	EXP 	fixation: autoDraw = False
52.8415 	EXP 	Target: image = 'images/WinProbe.bmp'
52.8415 	EXP 	Target: autoDraw = True
52.8780 	DATA 	Keypress: 5
53.1465 	DATA 	Keypress: 1
53.2255 	EXP 	Target: autoDraw = False
53.2255 	EXP 	Target: autoDraw = False
53.2255 	EXP 	feedbackMsg: text = 'Correct Response!\n\nYou won $5.00!'
53.2255 	EXP 	feedbackMsg: autoDraw = True
53.6631 	DATA 	Keypress: 5
54.4470 	DATA 	Keypress: 5
54.8762 	EXP 	New trial (rep=0, index=5): OrderedDict([('Condition', 'LgPun'), ('FixationDur', 2000)])
54.8913 	EXP 	feedbackMsg: autoDraw = False
54.8913 	EXP 	feedbackMsg: autoDraw = False
54.8913 	EXP 	cueImage: image = 'images/LoseBig.bmp'
54.8913 	EXP 	cueImage: autoDraw = True
55.2118 	DATA 	Keypress: 5
55.9952 	DATA 	Keypress: 5
56.7797 	DATA 	Keypress: 5
56.9170 	EXP 	cueImage: autoDraw = False
56.9170 	EXP 	cueImage: autoDraw = False
56.9170 	EXP 	fixation: autoDraw = True
57.5450 	DATA 	Keypress: 5
58.3299 	DATA 	Keypress: 5
58.9591 	EXP 	fixation: autoDraw = False
58.9591 	EXP 	fixation: autoDraw = False
58.9591 	EXP 	Target: image = 'images/LoseProbe.bmp'
58.9591 	EXP 	Target: autoDraw = True
59.1137 	DATA 	Keypress: 5
59.3259 	EXP 	Target: autoDraw = False
59.3259 	EXP 	Target: autoDraw = False
59.3259 	EXP 	feedbackMsg: text = 'You pressed too slow!\n\nYou lost $5.00!'
59.3259 	EXP 	feedbackMsg: autoDraw = True
59.3447 	DATA 	Keypress: 1
59.8781 	DATA 	Keypress: 5
60.6640 	DATA 	Keypress: 5
60.9780 	EXP 	New trial (rep=0, index=6): OrderedDict([('Condition', 'Triangle'), ('FixationDur', 3000)])
60.9931 	EXP 	feedbackMsg: autoDraw = False
60.9931 	EXP 	feedbackMsg: autoDraw = False
60.9931 	EXP 	cueImage: image = 'images/Neutral.bmp'
60.9931 	EXP 	cueImage: autoDraw = True
61.4462 	DATA 	Keypress: 5
62.2121 	DATA 	Keypress: 5
63.0146 	DATA 	Keypress: 5
63.0262 	EXP 	cueImage: autoDraw = False
63.0262 	EXP 	cueImage: autoDraw = False
63.0262 	EXP 	fixation: autoDraw = True
63.7808 	DATA 	Keypress: 5
64.5456 	DATA 	Keypress: 5
65.3295 	DATA 	Keypress: 5
66.0587 	EXP 	fixation: autoDraw = False
66.0587 	EXP 	fixation: autoDraw = False
66.0587 	EXP 	Target: image = 'images/NeutralProbe.bmp'
66.0587 	EXP 	Target: autoDraw = True
66.1135 	DATA 	Keypress: 5
66.3295 	DATA 	Keypress: 1
66.4511 	EXP 	Target: autoDraw = False
66.4511 	EXP 	Target: autoDraw = False
66.4511 	EXP 	feedbackMsg: text = 'Correct Response!\n\nYou did not win or lose anything!'
66.4511 	EXP 	feedbackMsg: autoDraw = True
66.8794 	DATA 	Keypress: 5
67.6629 	DATA 	Keypress: 5
68.0954 	EXP 	New trial (rep=0, index=7): OrderedDict([('Condition', 'SmallReward'), ('FixationDur', 2000)])
68.1189 	EXP 	feedbackMsg: autoDraw = False
68.1189 	EXP 	feedbackMsg: autoDraw = False
68.1189 	EXP 	cueImage: image = 'images/WinSmall.bmp'
68.1189 	EXP 	cueImage: autoDraw = True
68.4466 	DATA 	Keypress: 5
69.2127 	DATA 	Keypress: 5
69.9961 	DATA 	Keypress: 5
70.1514 	EXP 	cueImage: autoDraw = False
70.1514 	EXP 	fixation: autoDraw = True
70.7815 	DATA 	Keypress: 5
71.5471 	DATA 	Keypress: 5
72.1933 	EXP 	fixation: autoDraw = False
72.1933 	EXP 	fixation: autoDraw = False
72.1933 	EXP 	Target: image = 'images/WinProbe.bmp'
72.1933 	EXP 	Target: autoDraw = True
72.3291 	DATA 	Keypress: 5
72.4967 	DATA 	Keypress: 1
72.5762 	EXP 	Target: autoDraw = False
72.5762 	EXP 	Target: autoDraw = False
72.5762 	EXP 	feedbackMsg: text = 'Correct Response!\n\nYou won $0.20!'
72.5762 	EXP 	feedbackMsg: autoDraw = True
73.1148 	DATA 	Keypress: 5
73.8808 	DATA 	Keypress: 5
74.2287 	EXP 	New trial (rep=0, index=8): OrderedDict([('Condition', 'Triangle'), ('FixationDur', 2000)])
74.2432 	EXP 	feedbackMsg: autoDraw = False
74.2432 	EXP 	feedbackMsg: autoDraw = False
74.2432 	EXP 	cueImage: image = 'images/Neutral.bmp'
74.2432 	EXP 	cueImage: autoDraw = True
74.6626 	DATA 	Keypress: 5
75.4473 	DATA 	Keypress: 5
76.2650 	DATA 	Keypress: 5
76.2777 	EXP 	cueImage: autoDraw = False
76.2777 	EXP 	cueImage: autoDraw = False
76.2777 	EXP 	fixation: autoDraw = True
76.9959 	DATA 	Keypress: 5
77.7816 	DATA 	Keypress: 5
78.3105 	EXP 	fixation: autoDraw = False
78.3105 	EXP 	fixation: autoDraw = False
78.3105 	EXP 	Target: image = 'images/NeutralProbe.bmp'
78.3105 	EXP 	Target: autoDraw = True
78.5648 	DATA 	Keypress: 5
78.6137 	DATA 	Keypress: 1
78.7274 	EXP 	Target: autoDraw = False
78.7274 	EXP 	Target: autoDraw = False
78.7274 	EXP 	feedbackMsg: text = 'Correct Response!\n\nYou did not win or lose anything!'
78.7274 	EXP 	feedbackMsg: autoDraw = True
79.3297 	DATA 	Keypress: 5
80.1147 	DATA 	Keypress: 5
80.3459 	EXP 	New trial (rep=0, index=9): OrderedDict([('Condition', 'SmallReward'), ('FixationDur', 2500)])
80.3768 	EXP 	feedbackMsg: autoDraw = False
80.3768 	EXP 	feedbackMsg: autoDraw = False
80.3768 	EXP 	cueImage: image = 'images/WinSmall.bmp'
80.3768 	EXP 	cueImage: autoDraw = True
80.8971 	DATA 	Keypress: 5
81.6629 	DATA 	Keypress: 5
82.4029 	EXP 	cueImage: autoDraw = False
82.4029 	EXP 	fixation: autoDraw = True
82.4478 	DATA 	Keypress: 5
83.2319 	DATA 	Keypress: 5
83.9970 	DATA 	Keypress: 5
84.7822 	DATA 	Keypress: 5
84.9536 	EXP 	fixation: autoDraw = False
84.9536 	EXP 	fixation: autoDraw = False
84.9536 	EXP 	Target: image = 'images/WinProbe.bmp'
84.9536 	EXP 	Target: autoDraw = True
85.3777 	DATA 	Keypress: 1
85.3866 	EXP 	Target: autoDraw = False
85.3866 	EXP 	Target: autoDraw = False
85.3866 	EXP 	feedbackMsg: text = 'You pressed too slow!\n\nYou did not win $0.20!'
85.3866 	EXP 	feedbackMsg: autoDraw = True
85.5657 	DATA 	Keypress: 5
86.3312 	DATA 	Keypress: 5
86.9966 	EXP 	New trial (rep=0, index=10): OrderedDict([('Condition', 'Triangle'), ('FixationDur', 3500)])
87.0113 	EXP 	feedbackMsg: autoDraw = False
87.0113 	EXP 	feedbackMsg: autoDraw = False
87.0113 	EXP 	cueImage: image = 'images/Neutral.bmp'
87.0113 	EXP 	cueImage: autoDraw = True
87.1145 	DATA 	Keypress: 5
87.8984 	DATA 	Keypress: 5
88.6640 	DATA 	Keypress: 5
89.0384 	EXP 	cueImage: autoDraw = False
89.0384 	EXP 	cueImage: autoDraw = False
89.0384 	EXP 	fixation: autoDraw = True
89.4483 	DATA 	Keypress: 5
90.2326 	DATA 	Keypress: 5
90.9983 	DATA 	Keypress: 5
91.7816 	DATA 	Keypress: 5
92.5695 	DATA 	Keypress: 5
92.5782 	EXP 	fixation: autoDraw = False
92.5782 	EXP 	fixation: autoDraw = False
92.5782 	EXP 	Target: image = 'images/NeutralProbe.bmp'
92.5782 	EXP 	Target: autoDraw = True
92.8827 	DATA 	Keypress: 1
92.9943 	EXP 	Target: autoDraw = False
92.9943 	EXP 	Target: autoDraw = False
92.9943 	EXP 	feedbackMsg: text = 'Correct Response!\n\nYou did not win or lose anything!'
92.9943 	EXP 	feedbackMsg: autoDraw = True
93.3489 	DATA 	Keypress: 5
94.1143 	DATA 	Keypress: 5
94.6122 	EXP 	New trial (rep=0, index=11): OrderedDict([('Condition', 'SmallReward'), ('FixationDur', 4000)])
94.6385 	EXP 	feedbackMsg: autoDraw = False
94.6385 	EXP 	feedbackMsg: autoDraw = False
94.6385 	EXP 	cueImage: image = 'images/WinSmall.bmp'
94.6385 	EXP 	cueImage: autoDraw = True
94.8979 	DATA 	Keypress: 5
95.6819 	DATA 	Keypress: 5
96.4478 	DATA 	Keypress: 5
96.6551 	EXP 	cueImage: autoDraw = False
96.6551 	EXP 	fixation: autoDraw = True
97.2329 	DATA 	Keypress: 5
98.0161 	DATA 	Keypress: 5
98.7807 	DATA 	Keypress: 5
99.5662 	DATA 	Keypress: 5
100.3498 	DATA 	Keypress: 5
100.7058 	EXP 	fixation: autoDraw = False
100.7058 	EXP 	fixation: autoDraw = False
100.7058 	EXP 	Target: image = 'images/WinProbe.bmp'
100.7058 	EXP 	Target: autoDraw = True
100.9815 	DATA 	Keypress: 1
101.1233 	DATA 	Keypress: 5
101.1288 	EXP 	Target: autoDraw = False
101.1288 	EXP 	Target: autoDraw = False
101.1288 	EXP 	feedbackMsg: text = 'Correct Response!\n\nYou won $0.20!'
101.1288 	EXP 	feedbackMsg: autoDraw = True
101.8999 	DATA 	Keypress: 5
102.6833 	DATA 	Keypress: 5
102.7306 	EXP 	New trial (rep=0, index=12): OrderedDict([('Condition', 'SmallPun'), ('FixationDur', 4000)])
102.7460 	EXP 	feedbackMsg: autoDraw = False
102.7460 	EXP 	feedbackMsg: autoDraw = False
102.7460 	EXP 	cueImage: image = 'images/LoseSmall.bmp'
102.7460 	EXP 	cueImage: autoDraw = True
103.4481 	DATA 	Keypress: 5
104.2314 	DATA 	Keypress: 5
104.7729 	EXP 	cueImage: autoDraw = False
104.7729 	EXP 	cueImage: autoDraw = False
104.7729 	EXP 	fixation: autoDraw = True
105.0169 	DATA 	Keypress: 5
105.7820 	DATA 	Keypress: 5
106.5664 	DATA 	Keypress: 5
107.3499 	DATA 	Keypress: 5
108.1161 	DATA 	Keypress: 5
108.8070 	EXP 	fixation: autoDraw = False
108.8070 	EXP 	fixation: autoDraw = False
108.8070 	EXP 	Target: image = 'images/LoseProbe.bmp'
108.8070 	EXP 	Target: autoDraw = True
108.8993 	DATA 	Keypress: 5
109.2249 	DATA 	Keypress: 1
109.2407 	EXP 	Target: autoDraw = False
109.2407 	EXP 	Target: autoDraw = False
109.2407 	EXP 	feedbackMsg: text = 'You pressed too slow!\n\nYou lost $0.20!'
109.2407 	EXP 	feedbackMsg: autoDraw = True
109.6833 	DATA 	Keypress: 5
110.4495 	DATA 	Keypress: 5
110.8314 	EXP 	New trial (rep=0, index=13): OrderedDict([('Condition', 'SmallReward'), ('FixationDur', 1500)])
110.8618 	EXP 	feedbackMsg: autoDraw = False
110.8618 	EXP 	feedbackMsg: autoDraw = False
110.8618 	EXP 	cueImage: image = 'images/WinSmall.bmp'
110.8618 	EXP 	cueImage: autoDraw = True
111.2321 	DATA 	Keypress: 5
112.0160 	DATA 	Keypress: 5
112.7822 	DATA 	Keypress: 5
112.8906 	EXP 	cueImage: autoDraw = False
112.8906 	EXP 	fixation: autoDraw = True
113.5650 	DATA 	Keypress: 5
114.3511 	DATA 	Keypress: 5
114.4421 	EXP 	fixation: autoDraw = False
114.4421 	EXP 	fixation: autoDraw = False
114.4421 	EXP 	Target: image = 'images/WinProbe.bmp'
114.4421 	EXP 	Target: autoDraw = True
114.8783 	DATA 	Keypress: 1
114.8908 	EXP 	Target: autoDraw = False
114.8908 	EXP 	Target: autoDraw = False
114.8908 	EXP 	feedbackMsg: text = 'You pressed too slow!\n\nYou did not win $0.20!'
114.8908 	EXP 	feedbackMsg: autoDraw = True
115.1329 	DATA 	Keypress: 5
115.8986 	DATA 	Keypress: 5
116.4647 	EXP 	New trial (rep=0, index=14): OrderedDict([('Condition', 'Triangle'), ('FixationDur', 1500)])
116.4796 	EXP 	feedbackMsg: autoDraw = False
116.4796 	EXP 	feedbackMsg: autoDraw = False
116.4796 	EXP 	cueImage: image = 'images/Neutral.bmp'
116.4796 	EXP 	cueImage: autoDraw = True
116.6831 	DATA 	Keypress: 5
117.4674 	DATA 	Keypress: 5
118.2315 	DATA 	Keypress: 5
118.5080 	EXP 	cueImage: autoDraw = False
118.5080 	EXP 	cueImage: autoDraw = False
118.5080 	EXP 	fixation: autoDraw = True
119.0181 	DATA 	Keypress: 5
119.7999 	DATA 	Keypress: 5
120.0409 	EXP 	fixation: autoDraw = False
120.0409 	EXP 	fixation: autoDraw = False
120.0409 	EXP 	Target: image = 'images/NeutralProbe.bmp'
120.0409 	EXP 	Target: autoDraw = True
120.4794 	EXP 	Target: autoDraw = False
120.4794 	EXP 	Target: autoDraw = False
120.4794 	EXP 	feedbackMsg: text = 'You pressed too slow!\n\nYou did not win or lose anything!'
120.4794 	EXP 	feedbackMsg: autoDraw = True
120.5653 	DATA 	Keypress: 1
120.5674 	DATA 	Keypress: 5
121.3509 	DATA 	Keypress: 5
122.0653 	EXP 	New trial (rep=0, index=15): OrderedDict([('Condition', 'LgPun'), ('FixationDur', 1500)])
122.0804 	EXP 	feedbackMsg: autoDraw = False
122.0804 	EXP 	feedbackMsg: autoDraw = False
122.0804 	EXP 	cueImage: image = 'images/LoseBig.bmp'
122.0804 	EXP 	cueImage: autoDraw = True
122.1344 	DATA 	Keypress: 5
122.8988 	DATA 	Keypress: 5
123.6839 	DATA 	Keypress: 5
124.1088 	EXP 	cueImage: autoDraw = False
124.1088 	EXP 	cueImage: autoDraw = False
124.1088 	EXP 	fixation: autoDraw = True
124.4633 	DATA 	Keypress: 5
125.2335 	DATA 	Keypress: 5
125.6421 	EXP 	fixation: autoDraw = False
125.6421 	EXP 	fixation: autoDraw = False
125.6421 	EXP 	Target: image = 'images/LoseProbe.bmp'
125.6421 	EXP 	Target: autoDraw = True
126.0165 	DATA 	Keypress: 5
126.0796 	EXP 	Target: autoDraw = False
126.0796 	EXP 	Target: autoDraw = False
126.0796 	EXP 	feedbackMsg: text = 'You pressed too slow!\n\nYou lost $5.00!'
126.0796 	EXP 	feedbackMsg: autoDraw = True
126.1004 	DATA 	Keypress: 1
126.8015 	DATA 	Keypress: 5
127.5667 	DATA 	Keypress: 5
127.6661 	EXP 	New trial (rep=0, index=16): OrderedDict([('Condition', 'SmallPun'), ('FixationDur', 2000)])
127.6798 	EXP 	feedbackMsg: autoDraw = False
127.6798 	EXP 	feedbackMsg: autoDraw = False
127.6798 	EXP 	cueImage: image = 'images/LoseSmall.bmp'
127.6798 	EXP 	cueImage: autoDraw = True
128.3502 	DATA 	Keypress: 5
129.1335 	DATA 	Keypress: 5
129.7095 	EXP 	cueImage: autoDraw = False
129.7095 	EXP 	cueImage: autoDraw = False
129.7095 	EXP 	fixation: autoDraw = True
129.9138 	DATA 	Keypress: 5
130.6790 	DATA 	Keypress: 5
131.4639 	DATA 	Keypress: 5
131.7431 	EXP 	fixation: autoDraw = False
131.7431 	EXP 	fixation: autoDraw = False
131.7431 	EXP 	Target: image = 'images/LoseProbe.bmp'
131.7431 	EXP 	Target: autoDraw = True
132.0827 	DATA 	Keypress: 1
132.1801 	EXP 	Target: autoDraw = False
132.1801 	EXP 	Target: autoDraw = False
132.1801 	EXP 	feedbackMsg: text = 'Correct Response!\n\nYou did not lose $0.20!'
132.1801 	EXP 	feedbackMsg: autoDraw = True
132.2342 	DATA 	Keypress: 5
133.0166 	DATA 	Keypress: 5
133.7661 	EXP 	New trial (rep=0, index=17): OrderedDict([('Condition', 'SmallReward'), ('FixationDur', 3000)])
133.7927 	EXP 	feedbackMsg: autoDraw = False
133.7927 	EXP 	feedbackMsg: autoDraw = False
133.7927 	EXP 	cueImage: image = 'images/WinSmall.bmp'
133.7927 	EXP 	cueImage: autoDraw = True
133.7957 	DATA 	Keypress: 5
134.5807 	DATA 	Keypress: 5
135.3500 	DATA 	Keypress: 5
135.8270 	EXP 	cueImage: autoDraw = False
135.8270 	EXP 	fixation: autoDraw = True
136.1339 	DATA 	Keypress: 5
136.9013 	DATA 	Keypress: 5
137.6843 	DATA 	Keypress: 5
138.4687 	DATA 	Keypress: 5
138.8768 	EXP 	fixation: autoDraw = False
138.8768 	EXP 	fixation: autoDraw = False
138.8768 	EXP 	Target: image = 'images/WinProbe.bmp'
138.8768 	EXP 	Target: autoDraw = True
139.1649 	DATA 	Keypress: 1
139.2485 	DATA 	Keypress: 5
139.3442 	EXP 	Target: autoDraw = False
139.3442 	EXP 	Target: autoDraw = False
139.3442 	EXP 	feedbackMsg: text = 'Correct Response!\n\nYou won $0.20!'
139.3442 	EXP 	feedbackMsg: autoDraw = True
140.0163 	DATA 	Keypress: 5
140.8019 	DATA 	Keypress: 5
140.8997 	EXP 	New trial (rep=0, index=18): OrderedDict([('Condition', 'LgPun'), ('FixationDur', 3500)])
140.9145 	EXP 	feedbackMsg: autoDraw = False
140.9145 	EXP 	feedbackMsg: autoDraw = False
140.9145 	EXP 	cueImage: image = 'images/LoseBig.bmp'
140.9145 	EXP 	cueImage: autoDraw = True
141.5848 	DATA 	Keypress: 5
142.3499 	DATA 	Keypress: 5
142.9445 	EXP 	cueImage: autoDraw = False
142.9445 	EXP 	cueImage: autoDraw = False
142.9445 	EXP 	fixation: autoDraw = True
143.1304 	DATA 	Keypress: 5
143.9160 	DATA 	Keypress: 5
144.6990 	DATA 	Keypress: 5
145.4643 	DATA 	Keypress: 5
146.2507 	DATA 	Keypress: 5
146.4781 	EXP 	fixation: autoDraw = False
146.4781 	EXP 	fixation: autoDraw = False
146.4781 	EXP 	Target: image = 'images/LoseProbe.bmp'
146.4781 	EXP 	Target: autoDraw = True
146.7640 	DATA 	Keypress: 1
146.9622 	EXP 	Target: autoDraw = False
146.9622 	EXP 	Target: autoDraw = False
146.9622 	EXP 	feedbackMsg: text = 'Correct Response!\n\nYou did not lose $5.00!'
146.9622 	EXP 	feedbackMsg: autoDraw = True
147.0328 	DATA 	Keypress: 5
147.7983 	DATA 	Keypress: 5
148.5133 	EXP 	New trial (rep=0, index=19): OrderedDict([('Condition', 'Triangle'), ('FixationDur', 1500)])
148.5283 	EXP 	feedbackMsg: autoDraw = False
148.5283 	EXP 	feedbackMsg: autoDraw = False
148.5283 	EXP 	cueImage: image = 'images/Neutral.bmp'
148.5283 	EXP 	cueImage: autoDraw = True
148.5823 	DATA 	Keypress: 5
149.3648 	DATA 	Keypress: 5
150.1319 	DATA 	Keypress: 5
150.5626 	EXP 	cueImage: autoDraw = False
150.5626 	EXP 	cueImage: autoDraw = False
150.5626 	EXP 	fixation: autoDraw = True
150.9164 	DATA 	Keypress: 5
151.6995 	DATA 	Keypress: 5
152.0956 	EXP 	fixation: autoDraw = False
152.0956 	EXP 	fixation: autoDraw = False
152.0956 	EXP 	Target: image = 'images/NeutralProbe.bmp'
152.0956 	EXP 	Target: autoDraw = True
152.4646 	DATA 	Keypress: 5
152.5620 	EXP 	Target: autoDraw = False
152.5620 	EXP 	Target: autoDraw = False
152.5620 	EXP 	feedbackMsg: text = 'You pressed too slow!\n\nYou did not win or lose anything!'
152.5620 	EXP 	feedbackMsg: autoDraw = True
152.6155 	DATA 	Keypress: 1
153.2532 	DATA 	Keypress: 5
154.0185 	DATA 	Keypress: 5
154.1178 	EXP 	New trial (rep=0, index=20): OrderedDict([('Condition', 'LgPun'), ('FixationDur', 1500)])
154.1319 	EXP 	feedbackMsg: autoDraw = False
154.1319 	EXP 	feedbackMsg: autoDraw = False
154.1319 	EXP 	cueImage: image = 'images/LoseBig.bmp'
154.1319 	EXP 	cueImage: autoDraw = True
154.8010 	DATA 	Keypress: 5
155.5861 	DATA 	Keypress: 5
156.1627 	EXP 	cueImage: autoDraw = False
156.1627 	EXP 	cueImage: autoDraw = False
156.1627 	EXP 	fixation: autoDraw = True
156.3644 	DATA 	Keypress: 5
157.1319 	DATA 	Keypress: 5
157.6965 	EXP 	fixation: autoDraw = False
157.6965 	EXP 	fixation: autoDraw = False
157.6965 	EXP 	Target: image = 'images/LoseProbe.bmp'
157.6965 	EXP 	Target: autoDraw = True
157.9196 	DATA 	Keypress: 5
158.0031 	DATA 	Keypress: 1
158.1652 	EXP 	Target: autoDraw = False
158.1652 	EXP 	Target: autoDraw = False
158.1652 	EXP 	feedbackMsg: text = 'Correct Response!\n\nYou did not lose $5.00!'
158.1652 	EXP 	feedbackMsg: autoDraw = True
158.6858 	DATA 	Keypress: 5
159.4682 	DATA 	Keypress: 5
159.7175 	EXP 	New trial (rep=0, index=21): OrderedDict([('Condition', 'SmallPun'), ('FixationDur', 3500)])
159.7328 	EXP 	feedbackMsg: autoDraw = False
159.7328 	EXP 	feedbackMsg: autoDraw = False
159.7328 	EXP 	cueImage: image = 'images/LoseSmall.bmp'
159.7328 	EXP 	cueImage: autoDraw = True
160.2522 	DATA 	Keypress: 5
161.0365 	DATA 	Keypress: 5
161.7639 	EXP 	cueImage: autoDraw = False
161.7639 	EXP 	cueImage: autoDraw = False
161.7639 	EXP 	fixation: autoDraw = True
161.8024 	DATA 	Keypress: 5
162.5872 	DATA 	Keypress: 5
163.3703 	DATA 	Keypress: 5
164.1354 	DATA 	Keypress: 5
164.9197 	DATA 	Keypress: 5
165.2970 	EXP 	fixation: autoDraw = False
165.2970 	EXP 	fixation: autoDraw = False
165.2970 	EXP 	Target: image = 'images/LoseProbe.bmp'
165.2970 	EXP 	Target: autoDraw = True
165.5528 	DATA 	Keypress: 1
165.7467 	DATA 	Keypress: 5
165.7637 	EXP 	Target: autoDraw = False
165.7637 	EXP 	Target: autoDraw = False
165.7637 	EXP 	feedbackMsg: text = 'Correct Response!\n\nYou did not lose $0.20!'
165.7637 	EXP 	feedbackMsg: autoDraw = True
166.4689 	DATA 	Keypress: 5
167.2528 	DATA 	Keypress: 5
167.3182 	EXP 	New trial (rep=0, index=22): OrderedDict([('Condition', 'SmallReward'), ('FixationDur', 1500)])
167.3483 	EXP 	feedbackMsg: autoDraw = False
167.3483 	EXP 	feedbackMsg: autoDraw = False
167.3483 	EXP 	cueImage: image = 'images/WinSmall.bmp'
167.3483 	EXP 	cueImage: autoDraw = True
168.0358 	DATA 	Keypress: 5
168.8026 	DATA 	Keypress: 5
169.3806 	EXP 	cueImage: autoDraw = False
169.3806 	EXP 	fixation: autoDraw = True
169.5867 	DATA 	Keypress: 5
170.3708 	DATA 	Keypress: 5
170.9317 	EXP 	fixation: autoDraw = False
170.9317 	EXP 	fixation: autoDraw = False
170.9317 	EXP 	Target: image = 'images/WinProbe.bmp'
170.9317 	EXP 	Target: autoDraw = True
171.1362 	DATA 	Keypress: 5
171.3818 	EXP 	Target: autoDraw = False
171.3818 	EXP 	Target: autoDraw = False
171.3818 	EXP 	feedbackMsg: text = 'You pressed too slow!\n\nYou did not win $0.20!'
171.3818 	EXP 	feedbackMsg: autoDraw = True
171.7031 	DATA 	Keypress: 1
171.9196 	DATA 	Keypress: 5
172.7045 	DATA 	Keypress: 5
172.9513 	EXP 	New trial (rep=0, index=23): OrderedDict([('Condition', 'SmallPun'), ('FixationDur', 2500)])
172.9662 	EXP 	feedbackMsg: autoDraw = False
172.9662 	EXP 	feedbackMsg: autoDraw = False
172.9662 	EXP 	cueImage: image = 'images/LoseSmall.bmp'
172.9662 	EXP 	cueImage: autoDraw = True
173.4688 	DATA 	Keypress: 5
174.2517 	DATA 	Keypress: 5
174.9987 	EXP 	cueImage: autoDraw = False
174.9987 	EXP 	cueImage: autoDraw = False
174.9987 	EXP 	fixation: autoDraw = True
175.0373 	DATA 	Keypress: 5
175.8034 	DATA 	Keypress: 5
176.5866 	DATA 	Keypress: 5
177.3705 	DATA 	Keypress: 5
177.5320 	EXP 	fixation: autoDraw = False
177.5320 	EXP 	fixation: autoDraw = False
177.5320 	EXP 	Target: image = 'images/LoseProbe.bmp'
177.5320 	EXP 	Target: autoDraw = True
177.8378 	DATA 	Keypress: 1
177.9825 	EXP 	Target: autoDraw = False
177.9825 	EXP 	Target: autoDraw = False
177.9825 	EXP 	feedbackMsg: text = 'Correct Response!\n\nYou did not lose $0.20!'
177.9825 	EXP 	feedbackMsg: autoDraw = True
178.1545 	DATA 	Keypress: 5
178.9209 	DATA 	Keypress: 5
179.5521 	EXP 	New trial (rep=0, index=24): OrderedDict([('Condition', 'SmallPun'), ('FixationDur', 1500)])
179.5665 	EXP 	feedbackMsg: autoDraw = False
179.5665 	EXP 	feedbackMsg: autoDraw = False
179.5665 	EXP 	cueImage: image = 'images/LoseSmall.bmp'
179.5665 	EXP 	cueImage: autoDraw = True
179.7040 	DATA 	Keypress: 5
180.4868 	DATA 	Keypress: 5
181.2529 	DATA 	Keypress: 5
181.5997 	EXP 	cueImage: autoDraw = False
181.5997 	EXP 	cueImage: autoDraw = False
181.5997 	EXP 	fixation: autoDraw = True
182.0387 	DATA 	Keypress: 5
182.8213 	DATA 	Keypress: 5
183.1327 	EXP 	fixation: autoDraw = False
183.1327 	EXP 	fixation: autoDraw = False
183.1327 	EXP 	Target: image = 'images/LoseProbe.bmp'
183.1327 	EXP 	Target: autoDraw = True
183.4371 	DATA 	Keypress: 1
183.5495 	EXP 	Target: autoDraw = False
183.5495 	EXP 	Target: autoDraw = False
183.5495 	EXP 	feedbackMsg: text = 'Correct Response!\n\nYou did not lose $0.20!'
183.5495 	EXP 	feedbackMsg: autoDraw = True
183.5867 	DATA 	Keypress: 5
184.3716 	DATA 	Keypress: 5
185.1515 	EXP 	New trial (rep=0, index=25): OrderedDict([('Condition', 'LgPun'), ('FixationDur', 2500)])
185.1596 	DATA 	Keypress: 5
185.1679 	EXP 	feedbackMsg: autoDraw = False
185.1679 	EXP 	feedbackMsg: autoDraw = False
185.1679 	EXP 	cueImage: image = 'images/LoseBig.bmp'
185.1679 	EXP 	cueImage: autoDraw = True
185.9194 	DATA 	Keypress: 5
186.7040 	DATA 	Keypress: 5
187.1999 	EXP 	cueImage: autoDraw = False
187.1999 	EXP 	cueImage: autoDraw = False
187.1999 	EXP 	fixation: autoDraw = True
187.4889 	DATA 	Keypress: 5
188.2531 	DATA 	Keypress: 5
189.0382 	DATA 	Keypress: 5
189.7334 	EXP 	fixation: autoDraw = False
189.7334 	EXP 	fixation: autoDraw = False
189.7334 	EXP 	Target: image = 'images/LoseProbe.bmp'
189.7334 	EXP 	Target: autoDraw = True
189.8213 	DATA 	Keypress: 5
190.0549 	DATA 	Keypress: 1
190.1506 	EXP 	Target: autoDraw = False
190.1506 	EXP 	Target: autoDraw = False
190.1506 	EXP 	feedbackMsg: text = 'Correct Response!\n\nYou did not lose $5.00!'
190.1506 	EXP 	feedbackMsg: autoDraw = True
190.5884 	DATA 	Keypress: 5
191.3702 	DATA 	Keypress: 5
191.7533 	EXP 	New trial (rep=0, index=26): OrderedDict([('Condition', 'SmallReward'), ('FixationDur', 1500)])
191.7836 	EXP 	feedbackMsg: autoDraw = False
191.7836 	EXP 	feedbackMsg: autoDraw = False
191.7836 	EXP 	cueImage: image = 'images/WinSmall.bmp'
191.7836 	EXP 	cueImage: autoDraw = True
192.1551 	DATA 	Keypress: 5
192.9204 	DATA 	Keypress: 5
193.7047 	DATA 	Keypress: 5
193.8185 	EXP 	cueImage: autoDraw = False
193.8185 	EXP 	fixation: autoDraw = True
194.4889 	DATA 	Keypress: 5
195.2545 	DATA 	Keypress: 5
195.3675 	EXP 	fixation: autoDraw = False
195.3675 	EXP 	fixation: autoDraw = False
195.3675 	EXP 	Target: image = 'images/WinProbe.bmp'
195.3675 	EXP 	Target: autoDraw = True
195.7847 	EXP 	Target: autoDraw = False
195.7847 	EXP 	Target: autoDraw = False
195.7847 	EXP 	feedbackMsg: text = 'You pressed too slow!\n\nYou did not win $0.20!'
195.7847 	EXP 	feedbackMsg: autoDraw = True
195.8212 	DATA 	Keypress: 1
196.0381 	DATA 	Keypress: 5
196.8227 	DATA 	Keypress: 5
197.3856 	EXP 	New trial (rep=0, index=27): OrderedDict([('Condition', 'LgReward'), ('FixationDur', 1500)])
197.4178 	EXP 	feedbackMsg: autoDraw = False
197.4178 	EXP 	feedbackMsg: autoDraw = False
197.4178 	EXP 	cueImage: image = 'images/WinBig.bmp'
197.4178 	EXP 	cueImage: autoDraw = True
197.5878 	DATA 	Keypress: 5
198.3709 	DATA 	Keypress: 5
199.1556 	DATA 	Keypress: 5
199.4518 	EXP 	cueImage: autoDraw = False
199.4518 	EXP 	fixation: autoDraw = True
199.9216 	DATA 	Keypress: 5
200.7043 	DATA 	Keypress: 5
201.0018 	EXP 	fixation: autoDraw = False
201.0018 	EXP 	fixation: autoDraw = False
201.0018 	EXP 	Target: image = 'images/WinProbe.bmp'
201.0018 	EXP 	Target: autoDraw = True
201.3217 	DATA 	Keypress: 1
201.4023 	EXP 	Target: autoDraw = False
201.4023 	EXP 	Target: autoDraw = False
201.4023 	EXP 	feedbackMsg: text = 'Correct Response!\n\nYou won $5.00!'
201.4023 	EXP 	feedbackMsg: autoDraw = True
201.4902 	DATA 	Keypress: 5
202.2561 	DATA 	Keypress: 5
203.0207 	EXP 	New trial (rep=0, index=28): OrderedDict([('Condition', 'LgReward'), ('FixationDur', 2500)])
203.0391 	DATA 	Keypress: 5
203.0510 	EXP 	feedbackMsg: autoDraw = False
203.0510 	EXP 	feedbackMsg: autoDraw = False
203.0510 	EXP 	cueImage: image = 'images/WinBig.bmp'
203.0510 	EXP 	cueImage: autoDraw = True
203.8219 	DATA 	Keypress: 5
204.6058 	DATA 	Keypress: 5
205.0859 	EXP 	cueImage: autoDraw = False
205.0859 	EXP 	fixation: autoDraw = True
205.3723 	DATA 	Keypress: 5
206.1570 	DATA 	Keypress: 5
206.9405 	DATA 	Keypress: 5
207.6356 	EXP 	fixation: autoDraw = False
207.6356 	EXP 	fixation: autoDraw = False
207.6356 	EXP 	Target: image = 'images/WinProbe.bmp'
207.6356 	EXP 	Target: autoDraw = True
207.7044 	DATA 	Keypress: 5
207.9379 	DATA 	Keypress: 1
208.0361 	EXP 	Target: autoDraw = False
208.0361 	EXP 	Target: autoDraw = False
208.0361 	EXP 	feedbackMsg: text = 'Correct Response!\n\nYou won $5.00!'
208.0361 	EXP 	feedbackMsg: autoDraw = True
208.4895 	DATA 	Keypress: 5
209.2738 	DATA 	Keypress: 5
209.6543 	EXP 	New trial (rep=0, index=29): OrderedDict([('Condition', 'SmallPun'), ('FixationDur', 2000)])
209.6697 	EXP 	feedbackMsg: autoDraw = False
209.6697 	EXP 	feedbackMsg: autoDraw = False
209.6697 	EXP 	cueImage: image = 'images/LoseSmall.bmp'
209.6697 	EXP 	cueImage: autoDraw = True
210.0377 	DATA 	Keypress: 5
210.8232 	DATA 	Keypress: 5
211.6060 	DATA 	Keypress: 5
211.7026 	EXP 	cueImage: autoDraw = False
211.7026 	EXP 	cueImage: autoDraw = False
211.7026 	EXP 	fixation: autoDraw = True
212.3720 	DATA 	Keypress: 5
213.1557 	DATA 	Keypress: 5
213.7358 	EXP 	fixation: autoDraw = False
213.7358 	EXP 	fixation: autoDraw = False
213.7358 	EXP 	Target: image = 'images/LoseProbe.bmp'
213.7358 	EXP 	Target: autoDraw = True
213.9404 	DATA 	Keypress: 5
214.1351 	EXP 	Target: autoDraw = False
214.1351 	EXP 	Target: autoDraw = False
214.1351 	EXP 	feedbackMsg: text = 'You pressed too slow!\n\nYou lost $0.20!'
214.1351 	EXP 	feedbackMsg: autoDraw = True
214.1384 	DATA 	Keypress: 1
214.7059 	DATA 	Keypress: 5
215.4901 	DATA 	Keypress: 5
215.7547 	EXP 	New trial (rep=0, index=30): OrderedDict([('Condition', 'SmallReward'), ('FixationDur', 1500)])
215.7861 	EXP 	feedbackMsg: autoDraw = False
215.7861 	EXP 	feedbackMsg: autoDraw = False
215.7861 	EXP 	cueImage: image = 'images/WinSmall.bmp'
215.7861 	EXP 	cueImage: autoDraw = True
216.2729 	DATA 	Keypress: 5
217.0389 	DATA 	Keypress: 5
217.8196 	EXP 	cueImage: autoDraw = False
217.8196 	EXP 	fixation: autoDraw = True
217.8237 	DATA 	Keypress: 5
218.6079 	DATA 	Keypress: 5
219.3690 	EXP 	fixation: autoDraw = False
219.3690 	EXP 	fixation: autoDraw = False
219.3690 	EXP 	Target: image = 'images/WinProbe.bmp'
219.3690 	EXP 	Target: autoDraw = True
219.3727 	DATA 	Keypress: 5
219.7498 	DATA 	Keypress: 1
219.7543 	EXP 	Target: autoDraw = False
219.7543 	EXP 	Target: autoDraw = False
219.7543 	EXP 	feedbackMsg: text = 'You pressed too slow!\n\nYou did not win $0.20!'
219.7543 	EXP 	feedbackMsg: autoDraw = True
220.1563 	DATA 	Keypress: 5
220.9413 	DATA 	Keypress: 5
221.3887 	EXP 	New trial (rep=0, index=31): OrderedDict([('Condition', 'SmallPun'), ('FixationDur', 1500)])
221.4031 	EXP 	feedbackMsg: autoDraw = False
221.4031 	EXP 	feedbackMsg: autoDraw = False
221.4031 	EXP 	cueImage: image = 'images/LoseSmall.bmp'
221.4031 	EXP 	cueImage: autoDraw = True
221.7063 	DATA 	Keypress: 5
222.4887 	DATA 	Keypress: 5
223.2734 	DATA 	Keypress: 5
223.4364 	EXP 	cueImage: autoDraw = False
223.4364 	EXP 	cueImage: autoDraw = False
223.4364 	EXP 	fixation: autoDraw = True
224.0578 	DATA 	Keypress: 5
224.8233 	DATA 	Keypress: 5
224.9697 	EXP 	fixation: autoDraw = False
224.9697 	EXP 	fixation: autoDraw = False
224.9697 	EXP 	Target: image = 'images/LoseProbe.bmp'
224.9697 	EXP 	Target: autoDraw = True
225.3459 	DATA 	Keypress: 1
225.3526 	EXP 	Target: autoDraw = False
225.3526 	EXP 	Target: autoDraw = False
225.3526 	EXP 	feedbackMsg: text = 'You pressed too slow!\n\nYou lost $0.20!'
225.3526 	EXP 	feedbackMsg: autoDraw = True
225.6072 	DATA 	Keypress: 5
226.3912 	DATA 	Keypress: 5
226.9890 	EXP 	New trial (rep=0, index=32): OrderedDict([('Condition', 'Triangle'), ('FixationDur', 2500)])
227.0037 	EXP 	feedbackMsg: autoDraw = False
227.0037 	EXP 	feedbackMsg: autoDraw = False
227.0037 	EXP 	cueImage: image = 'images/Neutral.bmp'
227.0037 	EXP 	cueImage: autoDraw = True
227.1552 	DATA 	Keypress: 5
227.9403 	DATA 	Keypress: 5
228.7232 	DATA 	Keypress: 5
229.0371 	EXP 	cueImage: autoDraw = False
229.0371 	EXP 	cueImage: autoDraw = False
229.0371 	EXP 	fixation: autoDraw = True
229.4895 	DATA 	Keypress: 5
230.2747 	DATA 	Keypress: 5
231.0583 	DATA 	Keypress: 5
231.5696 	EXP 	fixation: autoDraw = False
231.5696 	EXP 	fixation: autoDraw = False
231.5696 	EXP 	Target: image = 'images/NeutralProbe.bmp'
231.5696 	EXP 	Target: autoDraw = True
231.8229 	DATA 	Keypress: 5
231.9541 	EXP 	Target: autoDraw = False
231.9541 	EXP 	Target: autoDraw = False
231.9541 	EXP 	feedbackMsg: text = 'You pressed too slow!\n\nYou did not win or lose anything!'
231.9541 	EXP 	feedbackMsg: autoDraw = True
232.6079 	DATA 	Keypress: 5
233.3922 	DATA 	Keypress: 5
233.5892 	EXP 	New trial (rep=0, index=33): OrderedDict([('Condition', 'LgReward'), ('FixationDur', 1500)])
233.6204 	EXP 	feedbackMsg: autoDraw = False
233.6204 	EXP 	feedbackMsg: autoDraw = False
233.6204 	EXP 	cueImage: image = 'images/WinBig.bmp'
233.6204 	EXP 	cueImage: autoDraw = True
234.1567 	DATA 	Keypress: 5
234.9401 	DATA 	Keypress: 5
235.6545 	EXP 	cueImage: autoDraw = False
235.6545 	EXP 	fixation: autoDraw = True
235.7250 	DATA 	Keypress: 5
236.4906 	DATA 	Keypress: 5
237.2040 	EXP 	fixation: autoDraw = False
237.2040 	EXP 	fixation: autoDraw = False
237.2040 	EXP 	Target: image = 'images/WinProbe.bmp'
237.2040 	EXP 	Target: autoDraw = True
237.2749 	DATA 	Keypress: 5
237.5850 	DATA 	Keypress: 1
237.5896 	EXP 	Target: autoDraw = False
237.5896 	EXP 	Target: autoDraw = False
237.5896 	EXP 	feedbackMsg: text = 'You pressed too slow!\n\nYou did not win $5.00!'
237.5896 	EXP 	feedbackMsg: autoDraw = True
238.0582 	DATA 	Keypress: 5
238.8245 	DATA 	Keypress: 5
239.2230 	EXP 	New trial (rep=0, index=34): OrderedDict([('Condition', 'LgPun'), ('FixationDur', 2000)])
239.2380 	EXP 	feedbackMsg: autoDraw = False
239.2380 	EXP 	feedbackMsg: autoDraw = False
239.2380 	EXP 	cueImage: image = 'images/LoseBig.bmp'
239.2380 	EXP 	cueImage: autoDraw = True
239.6068 	DATA 	Keypress: 5
240.3918 	DATA 	Keypress: 5
241.1576 	DATA 	Keypress: 5
241.2718 	EXP 	cueImage: autoDraw = False
241.2718 	EXP 	cueImage: autoDraw = False
241.2718 	EXP 	fixation: autoDraw = True
241.9405 	DATA 	Keypress: 5
242.7254 	DATA 	Keypress: 5
243.3039 	EXP 	fixation: autoDraw = False
243.3039 	EXP 	fixation: autoDraw = False
243.3039 	EXP 	Target: image = 'images/LoseProbe.bmp'
243.3039 	EXP 	Target: autoDraw = True
243.4916 	DATA 	Keypress: 5
243.6422 	DATA 	Keypress: 1
243.7214 	EXP 	Target: autoDraw = False
243.7214 	EXP 	Target: autoDraw = False
243.7214 	EXP 	feedbackMsg: text = 'Correct Response!\n\nYou did not lose $5.00!'
243.7214 	EXP 	feedbackMsg: autoDraw = True
244.2735 	DATA 	Keypress: 5
245.0594 	DATA 	Keypress: 5
245.3232 	EXP 	New trial (rep=0, index=35): OrderedDict([('Condition', 'LgReward'), ('FixationDur', 3500)])
245.3377 	EXP 	feedbackMsg: autoDraw = False
245.3377 	EXP 	feedbackMsg: autoDraw = False
245.3377 	EXP 	cueImage: image = 'images/WinBig.bmp'
245.3377 	EXP 	cueImage: autoDraw = True
245.8415 	DATA 	Keypress: 5
246.6079 	DATA 	Keypress: 5
247.3716 	EXP 	cueImage: autoDraw = False
247.3716 	EXP 	cueImage: autoDraw = False
247.3716 	EXP 	fixation: autoDraw = True
247.3929 	DATA 	Keypress: 5
248.1754 	DATA 	Keypress: 5
248.9402 	DATA 	Keypress: 5
249.7262 	DATA 	Keypress: 5
250.5094 	DATA 	Keypress: 5
250.9218 	EXP 	fixation: autoDraw = False
250.9218 	EXP 	fixation: autoDraw = False
250.9218 	EXP 	Target: image = 'images/WinProbe.bmp'
250.9218 	EXP 	Target: autoDraw = True
251.2432 	DATA 	Keypress: 1
251.2748 	DATA 	Keypress: 5
251.3384 	EXP 	Target: autoDraw = False
251.3384 	EXP 	Target: autoDraw = False
251.3384 	EXP 	feedbackMsg: text = 'Correct Response!\n\nYou won $5.00!'
251.3384 	EXP 	feedbackMsg: autoDraw = True
252.0597 	DATA 	Keypress: 5
252.8433 	DATA 	Keypress: 5
252.9410 	EXP 	New trial (rep=0, index=36): OrderedDict([('Condition', 'LgPun'), ('FixationDur', 3000)])
252.9554 	EXP 	feedbackMsg: autoDraw = False
252.9554 	EXP 	feedbackMsg: autoDraw = False
252.9554 	EXP 	cueImage: image = 'images/LoseBig.bmp'
252.9554 	EXP 	cueImage: autoDraw = True
253.6079 	DATA 	Keypress: 5
254.3917 	DATA 	Keypress: 5
254.9890 	EXP 	cueImage: autoDraw = False
254.9890 	EXP 	cueImage: autoDraw = False
254.9890 	EXP 	fixation: autoDraw = True
255.1764 	DATA 	Keypress: 5
255.9423 	DATA 	Keypress: 5
256.7265 	DATA 	Keypress: 5
257.5104 	DATA 	Keypress: 5
258.0215 	EXP 	fixation: autoDraw = False
258.0215 	EXP 	fixation: autoDraw = False
258.0215 	EXP 	Target: image = 'images/LoseProbe.bmp'
258.0215 	EXP 	Target: autoDraw = True
258.2748 	DATA 	Keypress: 5
258.3242 	DATA 	Keypress: 1
258.4558 	EXP 	Target: autoDraw = False
258.4558 	EXP 	Target: autoDraw = False
258.4558 	EXP 	feedbackMsg: text = 'Correct Response!\n\nYou did not lose $5.00!'
258.4558 	EXP 	feedbackMsg: autoDraw = True
259.0601 	DATA 	Keypress: 5
259.8440 	DATA 	Keypress: 5
260.0580 	EXP 	New trial (rep=0, index=37): OrderedDict([('Condition', 'SmallReward'), ('FixationDur', 2000)])
260.0889 	EXP 	feedbackMsg: autoDraw = False
260.0889 	EXP 	feedbackMsg: autoDraw = False
260.0889 	EXP 	cueImage: image = 'images/WinSmall.bmp'
260.0889 	EXP 	cueImage: autoDraw = True
260.6090 	DATA 	Keypress: 5
261.3920 	DATA 	Keypress: 5
262.1232 	EXP 	cueImage: autoDraw = False
262.1232 	EXP 	fixation: autoDraw = True
262.1774 	DATA 	Keypress: 5
262.9428 	DATA 	Keypress: 5
263.7253 	DATA 	Keypress: 5
264.1727 	EXP 	fixation: autoDraw = False
264.1727 	EXP 	fixation: autoDraw = False
264.1727 	EXP 	Target: image = 'images/WinProbe.bmp'
264.1727 	EXP 	Target: autoDraw = True
264.4909 	DATA 	Keypress: 1
264.5107 	DATA 	Keypress: 5
264.6226 	EXP 	Target: autoDraw = False
264.6226 	EXP 	Target: autoDraw = False
264.6226 	EXP 	feedbackMsg: text = 'Correct Response!\n\nYou won $0.20!'
264.6226 	EXP 	feedbackMsg: autoDraw = True
265.2764 	DATA 	Keypress: 5
266.0593 	DATA 	Keypress: 5
266.2081 	EXP 	New trial (rep=0, index=38): OrderedDict([('Condition', 'SmallPun'), ('FixationDur', 1500)])
266.2229 	EXP 	feedbackMsg: autoDraw = False
266.2229 	EXP 	feedbackMsg: autoDraw = False
266.2229 	EXP 	cueImage: image = 'images/LoseSmall.bmp'
266.2229 	EXP 	cueImage: autoDraw = True
266.8439 	DATA 	Keypress: 5
267.6259 	DATA 	Keypress: 5
268.2439 	EXP 	cueImage: autoDraw = False
268.2439 	EXP 	cueImage: autoDraw = False
268.2439 	EXP 	fixation: autoDraw = True
268.3927 	DATA 	Keypress: 5
269.1768 	DATA 	Keypress: 5
269.7890 	EXP 	fixation: autoDraw = False
269.7890 	EXP 	fixation: autoDraw = False
269.7890 	EXP 	Target: image = 'images/LoseProbe.bmp'
269.7890 	EXP 	Target: autoDraw = True
269.9611 	DATA 	Keypress: 5
270.2324 	DATA 	Keypress: 1
270.2393 	EXP 	Target: autoDraw = False
270.2393 	EXP 	Target: autoDraw = False
270.2393 	EXP 	feedbackMsg: text = 'You pressed too slow!\n\nYou lost $0.20!'
270.2393 	EXP 	feedbackMsg: autoDraw = True
270.7250 	DATA 	Keypress: 5
271.5110 	DATA 	Keypress: 5
271.8244 	EXP 	New trial (rep=0, index=39): OrderedDict([('Condition', 'LgReward'), ('FixationDur', 4000)])
271.8566 	EXP 	feedbackMsg: autoDraw = False
271.8566 	EXP 	feedbackMsg: autoDraw = False
271.8566 	EXP 	cueImage: image = 'images/WinBig.bmp'
271.8566 	EXP 	cueImage: autoDraw = True
272.2934 	DATA 	Keypress: 5
273.0592 	DATA 	Keypress: 5
273.8771 	DATA 	Keypress: 5
273.8898 	EXP 	cueImage: autoDraw = False
273.8898 	EXP 	fixation: autoDraw = True
274.6284 	DATA 	Keypress: 5
275.3930 	DATA 	Keypress: 5
276.1782 	DATA 	Keypress: 5
276.9617 	DATA 	Keypress: 5
277.7271 	DATA 	Keypress: 5
277.9404 	EXP 	fixation: autoDraw = False
277.9404 	EXP 	fixation: autoDraw = False
277.9404 	EXP 	Target: image = 'images/WinProbe.bmp'
277.9404 	EXP 	Target: autoDraw = True
278.2278 	DATA 	Keypress: 1
278.3903 	EXP 	Target: autoDraw = False
278.3903 	EXP 	Target: autoDraw = False
278.3903 	EXP 	feedbackMsg: text = 'Correct Response!\n\nYou won $5.00!'
278.3903 	EXP 	feedbackMsg: autoDraw = True
278.5091 	DATA 	Keypress: 5
279.2953 	DATA 	Keypress: 5
279.9588 	EXP 	New trial (rep=0, index=40): OrderedDict([('Condition', 'Triangle'), ('FixationDur', 1500)])
279.9737 	EXP 	feedbackMsg: autoDraw = False
279.9737 	EXP 	feedbackMsg: autoDraw = False
279.9737 	EXP 	cueImage: image = 'images/Neutral.bmp'
279.9737 	EXP 	cueImage: autoDraw = True
280.0598 	DATA 	Keypress: 5
280.8439 	DATA 	Keypress: 5
281.6279 	DATA 	Keypress: 5
282.0076 	EXP 	cueImage: autoDraw = False
282.0076 	EXP 	cueImage: autoDraw = False
282.0076 	EXP 	fixation: autoDraw = True
282.3935 	DATA 	Keypress: 5
283.1765 	DATA 	Keypress: 5
283.5402 	EXP 	fixation: autoDraw = False
283.5402 	EXP 	fixation: autoDraw = False
283.5402 	EXP 	Target: image = 'images/NeutralProbe.bmp'
283.5402 	EXP 	Target: autoDraw = True
283.9556 	DATA 	Keypress: 5
283.9629 	EXP 	Target: autoDraw = False
283.9629 	EXP 	Target: autoDraw = False
283.9629 	EXP 	feedbackMsg: text = 'You pressed too slow!\n\nYou did not win or lose anything!'
283.9629 	EXP 	feedbackMsg: autoDraw = True
284.7273 	DATA 	Keypress: 5
285.5112 	DATA 	Keypress: 5
285.5757 	EXP 	New trial (rep=0, index=41): OrderedDict([('Condition', 'LgReward'), ('FixationDur', 2000)])
285.6238 	EXP 	feedbackMsg: autoDraw = False
285.6238 	EXP 	feedbackMsg: autoDraw = False
285.6238 	EXP 	cueImage: image = 'images/WinBig.bmp'
285.6238 	EXP 	cueImage: autoDraw = True
286.2940 	DATA 	Keypress: 5
287.0781 	DATA 	Keypress: 5
287.6414 	EXP 	cueImage: autoDraw = False
287.6414 	EXP 	fixation: autoDraw = True
287.8429 	DATA 	Keypress: 5
288.6271 	DATA 	Keypress: 5
289.4121 	DATA 	Keypress: 5
289.6910 	EXP 	fixation: autoDraw = False
289.6910 	EXP 	fixation: autoDraw = False
289.6910 	EXP 	Target: image = 'images/WinProbe.bmp'
289.6910 	EXP 	Target: autoDraw = True
290.0454 	DATA 	Keypress: 1
290.1075 	EXP 	Target: autoDraw = False
290.1075 	EXP 	Target: autoDraw = False
290.1075 	EXP 	feedbackMsg: text = 'Correct Response!\n\nYou won $5.00!'
290.1075 	EXP 	feedbackMsg: autoDraw = True
290.1768 	DATA 	Keypress: 5
290.9623 	DATA 	Keypress: 5
291.7263 	EXP 	New trial (rep=0, index=42): OrderedDict([('Condition', 'SmallPun'), ('FixationDur', 3000)])
291.7337 	DATA 	Keypress: 5
291.7410 	EXP 	feedbackMsg: autoDraw = False
291.7410 	EXP 	feedbackMsg: autoDraw = False
291.7410 	EXP 	cueImage: image = 'images/LoseSmall.bmp'
291.7410 	EXP 	cueImage: autoDraw = True
292.5097 	DATA 	Keypress: 5
293.2949 	DATA 	Keypress: 5
293.7638 	EXP 	cueImage: autoDraw = False
293.7638 	EXP 	cueImage: autoDraw = False
293.7638 	EXP 	fixation: autoDraw = True
294.0791 	DATA 	Keypress: 5
294.8448 	DATA 	Keypress: 5
295.6287 	DATA 	Keypress: 5
296.4128 	DATA 	Keypress: 5
296.8077 	EXP 	fixation: autoDraw = False
296.8077 	EXP 	fixation: autoDraw = False
296.8077 	EXP 	Target: image = 'images/LoseProbe.bmp'
296.8077 	EXP 	Target: autoDraw = True
297.2193 	DATA 	Keypress: 5
297.2209 	DATA 	Keypress: 1
297.2315 	EXP 	Target: autoDraw = False
297.2315 	EXP 	Target: autoDraw = False
297.2315 	EXP 	feedbackMsg: text = 'You pressed too slow!\n\nYou lost $0.20!'
297.2315 	EXP 	feedbackMsg: autoDraw = True
297.9624 	DATA 	Keypress: 5
298.7432 	DATA 	Keypress: 5
298.8434 	EXP 	New trial (rep=0, index=43): OrderedDict([('Condition', 'Triangle'), ('FixationDur', 1500)])
298.8576 	EXP 	feedbackMsg: autoDraw = False
298.8576 	EXP 	feedbackMsg: autoDraw = False
298.8576 	EXP 	cueImage: image = 'images/Neutral.bmp'
298.8576 	EXP 	cueImage: autoDraw = True
299.5113 	DATA 	Keypress: 5
300.2940 	DATA 	Keypress: 5
300.8816 	EXP 	cueImage: autoDraw = False
300.8816 	EXP 	cueImage: autoDraw = False
300.8816 	EXP 	fixation: autoDraw = True
301.0798 	DATA 	Keypress: 5
301.8450 	DATA 	Keypress: 5
302.4253 	EXP 	fixation: autoDraw = False
302.4253 	EXP 	fixation: autoDraw = False
302.4253 	EXP 	Target: image = 'images/NeutralProbe.bmp'
302.4253 	EXP 	Target: autoDraw = True
302.6282 	DATA 	Keypress: 5
302.7614 	DATA 	Keypress: 1
302.8414 	EXP 	Target: autoDraw = False
302.8414 	EXP 	Target: autoDraw = False
302.8414 	EXP 	feedbackMsg: text = 'Correct Response!\n\nYou did not win or lose anything!'
302.8414 	EXP 	feedbackMsg: autoDraw = True
303.4127 	DATA 	Keypress: 5
304.1787 	DATA 	Keypress: 5
304.4605 	EXP 	New trial (rep=0, index=44): OrderedDict([('Condition', 'SmallPun'), ('FixationDur', 1500)])
304.4753 	EXP 	feedbackMsg: autoDraw = False
304.4753 	EXP 	feedbackMsg: autoDraw = False
304.4753 	EXP 	cueImage: image = 'images/LoseSmall.bmp'
304.4753 	EXP 	cueImage: autoDraw = True
304.9600 	DATA 	Keypress: 5
305.7458 	DATA 	Keypress: 5
306.4993 	EXP 	cueImage: autoDraw = False
306.4993 	EXP 	cueImage: autoDraw = False
306.4993 	EXP 	fixation: autoDraw = True
306.5122 	DATA 	Keypress: 5
307.2955 	DATA 	Keypress: 5
308.0423 	EXP 	fixation: autoDraw = False
308.0423 	EXP 	fixation: autoDraw = False
308.0423 	EXP 	Target: image = 'images/LoseProbe.bmp'
308.0423 	EXP 	Target: autoDraw = True
308.0798 	DATA 	Keypress: 5
308.3961 	DATA 	Keypress: 1
308.4591 	EXP 	Target: autoDraw = False
308.4591 	EXP 	Target: autoDraw = False
308.4591 	EXP 	feedbackMsg: text = 'Correct Response!\n\nYou did not lose $0.20!'
308.4591 	EXP 	feedbackMsg: autoDraw = True
308.8453 	DATA 	Keypress: 5
309.6282 	DATA 	Keypress: 5
310.0611 	EXP 	New trial (rep=0, index=45): OrderedDict([('Condition', 'LgPun'), ('FixationDur', 4000)])
310.0758 	EXP 	feedbackMsg: autoDraw = False
310.0758 	EXP 	feedbackMsg: autoDraw = False
310.0758 	EXP 	cueImage: image = 'images/LoseBig.bmp'
310.0758 	EXP 	cueImage: autoDraw = True
310.4116 	DATA 	Keypress: 5
311.1958 	DATA 	Keypress: 5
311.9620 	DATA 	Keypress: 5
312.0997 	EXP 	cueImage: autoDraw = False
312.0997 	EXP 	cueImage: autoDraw = False
312.0997 	EXP 	fixation: autoDraw = True
312.7470 	DATA 	Keypress: 5
313.5307 	DATA 	Keypress: 5
314.2950 	DATA 	Keypress: 5
315.0800 	DATA 	Keypress: 5
315.8641 	DATA 	Keypress: 5
316.1424 	EXP 	fixation: autoDraw = False
316.1424 	EXP 	fixation: autoDraw = False
316.1424 	EXP 	Target: image = 'images/LoseProbe.bmp'
316.1424 	EXP 	Target: autoDraw = True
316.4638 	DATA 	Keypress: 1
316.5429 	EXP 	Target: autoDraw = False
316.5429 	EXP 	Target: autoDraw = False
316.5429 	EXP 	feedbackMsg: text = 'Correct Response!\n\nYou did not lose $5.00!'
316.5429 	EXP 	feedbackMsg: autoDraw = True
316.6295 	DATA 	Keypress: 5
317.4137 	DATA 	Keypress: 5
318.1781 	EXP 	New trial (rep=0, index=46): OrderedDict([('Condition', 'Triangle'), ('FixationDur', 2000)])
318.1860 	DATA 	Keypress: 5
318.1925 	EXP 	feedbackMsg: autoDraw = False
318.1925 	EXP 	feedbackMsg: autoDraw = False
318.1925 	EXP 	cueImage: image = 'images/Neutral.bmp'
318.1925 	EXP 	cueImage: autoDraw = True
318.9622 	DATA 	Keypress: 5
319.7455 	DATA 	Keypress: 5
320.2182 	EXP 	cueImage: autoDraw = False
320.2182 	EXP 	cueImage: autoDraw = False
320.2182 	EXP 	fixation: autoDraw = True
320.5308 	DATA 	Keypress: 5
321.2969 	DATA 	Keypress: 5
322.0802 	DATA 	Keypress: 5
322.2591 	EXP 	fixation: autoDraw = False
322.2591 	EXP 	fixation: autoDraw = False
322.2591 	EXP 	Target: image = 'images/NeutralProbe.bmp'
322.2591 	EXP 	Target: autoDraw = True
322.6546 	DATA 	Keypress: 1
322.6592 	EXP 	Target: autoDraw = False
322.6592 	EXP 	Target: autoDraw = False
322.6592 	EXP 	feedbackMsg: text = 'You pressed too slow!\n\nYou did not win or lose anything!'
322.6592 	EXP 	feedbackMsg: autoDraw = True
322.8635 	DATA 	Keypress: 5
323.6300 	DATA 	Keypress: 5
324.2955 	EXP 	New trial (rep=0, index=47): OrderedDict([('Condition', 'LgReward'), ('FixationDur', 3000)])
324.3280 	EXP 	feedbackMsg: autoDraw = False
324.3280 	EXP 	feedbackMsg: autoDraw = False
324.3280 	EXP 	cueImage: image = 'images/WinBig.bmp'
324.3280 	EXP 	cueImage: autoDraw = True
324.4123 	DATA 	Keypress: 5
325.1965 	DATA 	Keypress: 5
325.9629 	DATA 	Keypress: 5
326.3513 	EXP 	cueImage: autoDraw = False
326.3513 	EXP 	fixation: autoDraw = True
326.7465 	DATA 	Keypress: 5
327.5312 	DATA 	Keypress: 5
328.2971 	DATA 	Keypress: 5
329.0793 	DATA 	Keypress: 5
329.4013 	EXP 	fixation: autoDraw = False
329.4013 	EXP 	fixation: autoDraw = False
329.4013 	EXP 	Target: image = 'images/WinProbe.bmp'
329.4013 	EXP 	Target: autoDraw = True
329.7934 	DATA 	Keypress: 1
329.8012 	EXP 	Target: autoDraw = False
329.8012 	EXP 	Target: autoDraw = False
329.8012 	EXP 	feedbackMsg: text = 'You pressed too slow!\n\nYou did not win $5.00!'
329.8012 	EXP 	feedbackMsg: autoDraw = True
329.8640 	DATA 	Keypress: 5
330.6310 	DATA 	Keypress: 5
331.4130 	DATA 	Keypress: 5
331.4283 	EXP 	New trial (rep=0, index=48): OrderedDict([('Condition', 'LgReward'), ('FixationDur', 1500)])
331.4780 	EXP 	feedbackMsg: autoDraw = False
331.4780 	EXP 	feedbackMsg: autoDraw = False
331.4780 	EXP 	cueImage: image = 'images/WinBig.bmp'
331.4780 	EXP 	cueImage: autoDraw = True
332.1972 	DATA 	Keypress: 5
332.9805 	DATA 	Keypress: 5
333.4855 	EXP 	cueImage: autoDraw = False
333.4855 	EXP 	fixation: autoDraw = True
333.7480 	DATA 	Keypress: 5
334.5318 	DATA 	Keypress: 5
335.0363 	EXP 	fixation: autoDraw = False
335.0363 	EXP 	fixation: autoDraw = False
335.0363 	EXP 	Target: image = 'images/WinProbe.bmp'
335.0363 	EXP 	Target: autoDraw = True
335.3149 	DATA 	Keypress: 5
335.3469 	DATA 	Keypress: 1
335.4439 	EXP 	Target: autoDraw = False
335.4439 	EXP 	Target: autoDraw = False
335.4439 	EXP 	feedbackMsg: text = 'Correct Response!\n\nYou won $5.00!'
335.4439 	EXP 	feedbackMsg: autoDraw = True
336.0794 	DATA 	Keypress: 5
336.8648 	DATA 	Keypress: 5
337.0793 	EXP 	New trial (rep=0, index=49): OrderedDict([('Condition', 'SmallReward'), ('FixationDur', 3500)])
337.1191 	EXP 	feedbackMsg: autoDraw = False
337.1191 	EXP 	feedbackMsg: autoDraw = False
337.1191 	EXP 	cueImage: image = 'images/WinSmall.bmp'
337.1191 	EXP 	cueImage: autoDraw = True
337.6465 	DATA 	Keypress: 5
338.4137 	DATA 	Keypress: 5
339.1365 	EXP 	cueImage: autoDraw = False
339.1365 	EXP 	fixation: autoDraw = True
339.1988 	DATA 	Keypress: 5
339.9826 	DATA 	Keypress: 5
340.7473 	DATA 	Keypress: 5
341.5312 	DATA 	Keypress: 5
342.3158 	DATA 	Keypress: 5
342.6873 	EXP 	fixation: autoDraw = False
342.6873 	EXP 	fixation: autoDraw = False
342.6873 	EXP 	Target: image = 'images/WinProbe.bmp'
342.6873 	EXP 	Target: autoDraw = True
342.9639 	DATA 	Keypress: 1
343.0612 	EXP 	Target: autoDraw = False
343.0612 	EXP 	Target: autoDraw = False
343.0612 	EXP 	feedbackMsg: text = 'Correct Response!\n\nYou won $0.20!'
343.0612 	EXP 	feedbackMsg: autoDraw = True
343.0806 	DATA 	Keypress: 5
343.8646 	DATA 	Keypress: 5
344.6490 	DATA 	Keypress: 5
344.7281 	EXP 	feedbackMsg: autoDraw = False
344.7281 	EXP 	feedbackMsg: autoDraw = False
344.7281 	EXP 	polygon: autoDraw = True
345.4143 	DATA 	Keypress: 5
346.1971 	DATA 	Keypress: 5
346.9820 	DATA 	Keypress: 5
347.7478 	DATA 	Keypress: 5
349.7376 	EXP 	polygon: autoDraw = False
349.7376 	EXP 	polygon: autoDraw = False
349.7376 	EXP 	text: text = 'All done!\n\nYou earned a total of: $15.00!'
349.7376 	EXP 	text: autoDraw = True
352.7721 	EXP 	text: autoDraw = False
352.7721 	EXP 	text: autoDraw = False
352.7721 	EXP 	polygon2: autoDraw = True
358.2326 	DATA 	Keypress: escape
358.5643 	EXP 	window1: mouseVisible = True
