9.0096 	EXP 	Created window1 = Window(allowGUI=False, allowStencil=False, args=UNKNOWN, autoLog=True, bitsMode=UNKNOWN, blendMode='avg', color=array([0., 0., 0.]), colorSpace='rgb', fullscr=<method-wrapper '__getattribute__' of attributeSetter object at 0x1326d2be0>, gamma=None, kwargs=UNKNOWN, lms=UNKNOWN, monitor=<psychopy.monitors.calibTools.Monitor object at 0x133ec6e80>, multiSample=False, name='window1', numSamples=2, pos=[0.0, 0.0], screen=0, size=array([1920, 1080]), stereo=False, units='height', useFBO=True, useRetina=False, viewOri=0.0, viewPos=None, viewScale=None, waitBlanking=True, winType='pyglet')
9.0096 	EXP 	window1: recordFrameIntervals = False
9.1756 	EXP 	window1: recordFrameIntervals = True
9.3594 	EXP 	window1: recordFrameIntervals = False
9.3594 	EXP 	window1: recordFrameIntervals = False
9.5254 	EXP 	window1: recordFrameIntervals = True
9.7093 	EXP 	window1: recordFrameIntervals = False
10.1579 	EXP 	Created preinstruct_text = TextStim(__class__=<class 'psychopy.visual.text.TextStim'>, alignHoriz='center', alignVert='center', antialias=True, autoLog=True, bold=False, color='white', colorSpace='named', contrast=1.0, depth=0.0, flipHoriz=False, flipVert=False, font='Arial', fontFiles=[], height=0.05, italic=False, languageStyle='LTR', name='preinstruct_text', opacity=1.0, ori=0, pos=array([0., 0.]), rgb=array([255., 255., 255.]), text='Money Task - Scanner 1', units='height', win=Window(...), wrapWidth=1)
10.2026 	EXP 	Created instructFig = ImageStim(__class__=<class 'psychopy.visual.image.ImageStim'>, autoLog=True, color=array([1., 1., 1.]), colorSpace='rgb', contrast=1.0, depth=0.0, flipHoriz=False, flipVert=False, image='images/MID_instructions.bmp', interpolate=True, mask=None, maskParams=None, name='instructFig', opacity=1.0, ori=0.0, pos=array([0., 0.]), size=array([1.3, 1. ]), texRes=128, units='height', win=Window(...))
10.2043 	EXP 	Created PrepFixation = ShapeStim(__class__=<class 'psychopy.visual.shape.ShapeStim'>, autoDraw=False, autoLog=True, closeShape=True, contrast=1.0, depth=0.0, fillColor=array([1., 1., 1.]), fillColorSpace='rgb', interpolate=True, lineColor=array([1., 1., 1.]), lineColorSpace='rgb', lineWidth=1, name='PrepFixation', opacity=1.0, ori=array(0.), pos=array([0., 0.]), size=array([0.05, 0.05]), units='height', vertices=ndarray(...), win=Window(...), windingRule=None)
10.2059 	EXP 	Created cueImage = ImageStim(__class__=<class 'psychopy.visual.image.ImageStim'>, autoLog=True, color=array([1., 1., 1.]), colorSpace='rgb', contrast=1.0, depth=0.0, flipHoriz=False, flipVert=False, image='sin', interpolate=True, mask=None, maskParams=None, name='cueImage', opacity=1.0, ori=0.0, pos=array([0., 0.]), size=array([1.3, 1. ]), texRes=128, units='height', win=Window(...))
10.2074 	EXP 	Created fixation = ShapeStim(__class__=<class 'psychopy.visual.shape.ShapeStim'>, autoDraw=False, autoLog=True, closeShape=True, contrast=1.0, depth=-1.0, fillColor=array([1., 1., 1.]), fillColorSpace='rgb', interpolate=True, lineColor=array([1., 1., 1.]), lineColorSpace='rgb', lineWidth=1, name='fixation', opacity=1.0, ori=array(0.), pos=array([0., 0.]), size=array([0.05, 0.05]), units='height', vertices=ndarray(...), win=Window(...), windingRule=None)
10.2090 	EXP 	Created Target = ImageStim(__class__=<class 'psychopy.visual.image.ImageStim'>, autoLog=True, color=array([1., 1., 1.]), colorSpace='rgb', contrast=1.0, depth=-1.0, flipHoriz=False, flipVert=False, image='sin', interpolate=True, mask=None, maskParams=None, name='Target', opacity=1.0, ori=0.0, pos=array([0., 0.]), size=array([1.3, 1. ]), texRes=128, units='height', win=Window(...))
10.2188 	EXP 	Created feedbackMsg = TextStim(__class__=<class 'psychopy.visual.text.TextStim'>, alignHoriz='center', alignVert='center', antialias=True, autoLog=True, bold=False, color='white', colorSpace='named', contrast=1.0, depth=-2.0, flipHoriz=False, flipVert=False, font='Arial', fontFiles=[], height=0.05, italic=False, languageStyle='LTR', name='feedbackMsg', opacity=1.0, ori=0, pos=array([0., 0.]), rgb=array([255., 255., 255.]), text='default text', units='height', win=Window(...), wrapWidth=2)
10.2206 	EXP 	Created polygon = ShapeStim(__class__=<class 'psychopy.visual.shape.ShapeStim'>, autoDraw=False, autoLog=True, closeShape=True, contrast=1.0, depth=0.0, fillColor=array([1., 1., 1.]), fillColorSpace='rgb', interpolate=True, lineColor=array([1., 1., 1.]), lineColorSpace='rgb', lineWidth=1, name='polygon', opacity=1.0, ori=array(0.), pos=array([0., 0.]), size=array([0.05, 0.05]), units='height', vertices=ndarray(...), win=Window(...), windingRule=None)
10.2280 	EXP 	Created text = TextStim(__class__=<class 'psychopy.visual.text.TextStim'>, alignHoriz='center', alignVert='center', antialias=True, autoLog=True, bold=False, color='white', colorSpace='named', contrast=1.0, depth=-1.0, flipHoriz=False, flipVert=False, font='Arial', fontFiles=[], height=0.07, italic=False, languageStyle='LTR', name='text', opacity=1.0, ori=0, pos=array([0., 0.]), rgb=array([255., 255., 255.]), text='default text', units='height', win=Window(...), wrapWidth=1)
10.2294 	EXP 	Created polygon2 = ShapeStim(__class__=<class 'psychopy.visual.shape.ShapeStim'>, autoDraw=False, autoLog=True, closeShape=True, contrast=1.0, depth=0.0, fillColor=array([1., 1., 1.]), fillColorSpace='rgb', interpolate=True, lineColor=array([1., 1., 1.]), lineColorSpace='rgb', lineWidth=1, name='polygon2', opacity=1.0, ori=array(0.), pos=array([0., 0.]), size=array([0.05, 0.05]), units='height', vertices=ndarray(...), win=Window(...), windingRule=None)
10.2393 	EXP 	preinstruct_text: autoDraw = True
12.2884 	EXP 	preinstruct_text: autoDraw = False
12.2884 	EXP 	instructFig: autoDraw = True
23.7593 	DATA 	Keypress: 5
23.7740 	EXP 	instructFig: autoDraw = False
23.7740 	EXP 	PrepFixation: autoDraw = True
24.5118 	DATA 	Keypress: 5
25.2958 	DATA 	Keypress: 5
25.7547 	EXP 	Imported TimeVersion7.csv as conditions, 50 conditions, 2 params
25.7552 	EXP 	Created sequence: sequential, trialTypes=50, nReps=1, seed=None
25.7555 	EXP 	New trial (rep=0, index=0): OrderedDict([('Condition', 'LgReward'), ('FixationDur', 1500)])
25.7736 	EXP 	PrepFixation: autoDraw = False
25.7736 	EXP 	PrepFixation: autoDraw = False
25.7736 	EXP 	cueImage: image = 'images/WinBig.bmp'
25.7736 	EXP 	cueImage: autoDraw = True
26.0807 	DATA 	Keypress: 5
26.8463 	DATA 	Keypress: 5
27.6304 	DATA 	Keypress: 5
27.8076 	EXP 	cueImage: autoDraw = False
27.8076 	EXP 	fixation: autoDraw = True
28.4139 	DATA 	Keypress: 5
29.1789 	DATA 	Keypress: 5
29.3573 	EXP 	fixation: autoDraw = False
29.3573 	EXP 	fixation: autoDraw = False
29.3573 	EXP 	Target: image = 'images/WinProbe.bmp'
29.3573 	EXP 	Target: autoDraw = True
29.6663 	DATA 	Keypress: 1
29.6744 	EXP 	Target: autoDraw = False
29.6744 	EXP 	Target: autoDraw = False
29.6744 	EXP 	feedbackMsg: text = 'You pressed too slow!\n\nYou did not win $5.00!'
29.6744 	EXP 	feedbackMsg: autoDraw = True
29.9661 	DATA 	Keypress: 5
30.7484 	DATA 	Keypress: 5
31.3955 	EXP 	New trial (rep=0, index=1): OrderedDict([('Condition', 'LgReward'), ('FixationDur', 4000)])
31.4241 	EXP 	feedbackMsg: autoDraw = False
31.4241 	EXP 	feedbackMsg: autoDraw = False
31.4241 	EXP 	cueImage: image = 'images/WinBig.bmp'
31.4241 	EXP 	cueImage: autoDraw = True
31.5124 	DATA 	Keypress: 5
32.2963 	DATA 	Keypress: 5
33.0808 	DATA 	Keypress: 5
33.4585 	EXP 	cueImage: autoDraw = False
33.4585 	EXP 	fixation: autoDraw = True
33.8471 	DATA 	Keypress: 5
34.6301 	DATA 	Keypress: 5
35.3147 	DATA 	Keypress: 1
35.4136 	DATA 	Keypress: 5
36.1810 	DATA 	Keypress: 5
36.9640 	DATA 	Keypress: 5
37.5086 	EXP 	fixation: autoDraw = False
37.5086 	EXP 	fixation: autoDraw = False
37.5086 	EXP 	Target: image = 'images/WinProbe.bmp'
37.5086 	EXP 	Target: autoDraw = True
37.7485 	DATA 	Keypress: 5
37.8257 	EXP 	Target: autoDraw = False
37.8257 	EXP 	Target: autoDraw = False
37.8257 	EXP 	feedbackMsg: text = 'You pressed too soon!\n\nYou did not win $5.00!'
37.8257 	EXP 	feedbackMsg: autoDraw = True
37.9622 	DATA 	Keypress: 1
38.5138 	DATA 	Keypress: 5
39.2968 	DATA 	Keypress: 5
39.5290 	EXP 	New trial (rep=0, index=2): OrderedDict([('Condition', 'SmallReward'), ('FixationDur', 2500)])
39.5595 	EXP 	feedbackMsg: autoDraw = False
39.5595 	EXP 	feedbackMsg: autoDraw = False
39.5595 	EXP 	cueImage: image = 'images/WinSmall.bmp'
39.5595 	EXP 	cueImage: autoDraw = True
40.0814 	DATA 	Keypress: 5
40.8471 	DATA 	Keypress: 5
41.5933 	EXP 	cueImage: autoDraw = False
41.5933 	EXP 	fixation: autoDraw = True
41.6309 	DATA 	Keypress: 5
42.4148 	DATA 	Keypress: 5
43.1810 	DATA 	Keypress: 5
43.9635 	DATA 	Keypress: 5
44.1599 	EXP 	fixation: autoDraw = False
44.1599 	EXP 	fixation: autoDraw = False
44.1599 	EXP 	Target: image = 'images/WinProbe.bmp'
44.1599 	EXP 	Target: autoDraw = True
44.4638 	DATA 	Keypress: 1
44.4762 	EXP 	Target: autoDraw = False
44.4762 	EXP 	Target: autoDraw = False
44.4762 	EXP 	feedbackMsg: text = 'You pressed too slow!\n\nYou did not win $0.20!'
44.4762 	EXP 	feedbackMsg: autoDraw = True
44.7478 	DATA 	Keypress: 5
45.5321 	DATA 	Keypress: 5
46.1966 	EXP 	New trial (rep=0, index=3): OrderedDict([('Condition', 'SmallReward'), ('FixationDur', 4000)])
46.2263 	EXP 	feedbackMsg: autoDraw = False
46.2263 	EXP 	feedbackMsg: autoDraw = False
46.2263 	EXP 	cueImage: image = 'images/WinSmall.bmp'
46.2263 	EXP 	cueImage: autoDraw = True
46.2971 	DATA 	Keypress: 5
47.0818 	DATA 	Keypress: 5
47.8652 	DATA 	Keypress: 5
48.2605 	EXP 	cueImage: autoDraw = False
48.2605 	EXP 	fixation: autoDraw = True
48.6303 	DATA 	Keypress: 5
49.4146 	DATA 	Keypress: 5
50.1992 	DATA 	Keypress: 5
50.9640 	DATA 	Keypress: 5
51.7492 	DATA 	Keypress: 5
52.3111 	EXP 	fixation: autoDraw = False
52.3111 	EXP 	fixation: autoDraw = False
52.3111 	EXP 	Target: image = 'images/WinProbe.bmp'
52.3111 	EXP 	Target: autoDraw = True
52.5328 	DATA 	Keypress: 5
52.6681 	DATA 	Keypress: 1
52.6773 	EXP 	Target: autoDraw = False
52.6773 	EXP 	Target: autoDraw = False
52.6773 	EXP 	feedbackMsg: text = 'You pressed too slow!\n\nYou did not win $0.20!'
52.6773 	EXP 	feedbackMsg: autoDraw = True
53.2973 	DATA 	Keypress: 5
54.0829 	DATA 	Keypress: 5
54.3309 	EXP 	New trial (rep=0, index=4): OrderedDict([('Condition', 'LgReward'), ('FixationDur', 2000)])
54.3618 	EXP 	feedbackMsg: autoDraw = False
54.3618 	EXP 	feedbackMsg: autoDraw = False
54.3618 	EXP 	cueImage: image = 'images/WinBig.bmp'
54.3618 	EXP 	cueImage: autoDraw = True
54.8631 	DATA 	Keypress: 5
55.6314 	DATA 	Keypress: 5
56.3950 	EXP 	cueImage: autoDraw = False
56.3950 	EXP 	fixation: autoDraw = True
56.4159 	DATA 	Keypress: 5
57.1986 	DATA 	Keypress: 5
57.9647 	DATA 	Keypress: 5
58.4451 	EXP 	fixation: autoDraw = False
58.4451 	EXP 	fixation: autoDraw = False
58.4451 	EXP 	Target: image = 'images/WinProbe.bmp'
58.4451 	EXP 	Target: autoDraw = True
58.7477 	DATA 	Keypress: 5
58.8064 	DATA 	Keypress: 1
58.8123 	EXP 	Target: autoDraw = False
58.8123 	EXP 	Target: autoDraw = False
58.8123 	EXP 	feedbackMsg: text = 'You pressed too slow!\n\nYou did not win $5.00!'
58.8123 	EXP 	feedbackMsg: autoDraw = True
59.5327 	DATA 	Keypress: 5
60.2984 	DATA 	Keypress: 5
60.4638 	EXP 	New trial (rep=0, index=5): OrderedDict([('Condition', 'Triangle'), ('FixationDur', 3000)])
60.4786 	EXP 	feedbackMsg: autoDraw = False
60.4786 	EXP 	feedbackMsg: autoDraw = False
60.4786 	EXP 	cueImage: image = 'images/Neutral.bmp'
60.4786 	EXP 	cueImage: autoDraw = True
61.0810 	DATA 	Keypress: 5
61.8654 	DATA 	Keypress: 5
62.5128 	EXP 	cueImage: autoDraw = False
62.5128 	EXP 	cueImage: autoDraw = False
62.5128 	EXP 	fixation: autoDraw = True
62.6324 	DATA 	Keypress: 5
63.4146 	DATA 	Keypress: 5
64.1992 	DATA 	Keypress: 5
64.9807 	DATA 	Keypress: 5
65.5457 	EXP 	fixation: autoDraw = False
65.5457 	EXP 	fixation: autoDraw = False
65.5457 	EXP 	Target: image = 'images/NeutralProbe.bmp'
65.5457 	EXP 	Target: autoDraw = True
65.7485 	DATA 	Keypress: 5
65.7992 	DATA 	Keypress: 1
65.9289 	EXP 	Target: autoDraw = False
65.9289 	EXP 	Target: autoDraw = False
65.9289 	EXP 	feedbackMsg: text = 'Correct Response!\n\nYou did not win or lose anything!'
65.9289 	EXP 	feedbackMsg: autoDraw = True
66.5330 	DATA 	Keypress: 5
67.3165 	DATA 	Keypress: 5
67.5632 	EXP 	New trial (rep=0, index=6): OrderedDict([('Condition', 'SmallPun'), ('FixationDur', 1500)])
67.5792 	EXP 	feedbackMsg: autoDraw = False
67.5792 	EXP 	feedbackMsg: autoDraw = False
67.5792 	EXP 	cueImage: image = 'images/LoseSmall.bmp'
67.5792 	EXP 	cueImage: autoDraw = True
68.0823 	DATA 	Keypress: 5
68.8659 	DATA 	Keypress: 5
69.6132 	EXP 	cueImage: autoDraw = False
69.6132 	EXP 	cueImage: autoDraw = False
69.6132 	EXP 	fixation: autoDraw = True
69.6503 	DATA 	Keypress: 5
70.4149 	DATA 	Keypress: 5
71.1460 	EXP 	fixation: autoDraw = False
71.1460 	EXP 	fixation: autoDraw = False
71.1460 	EXP 	Target: image = 'images/LoseProbe.bmp'
71.1460 	EXP 	Target: autoDraw = True
71.1998 	DATA 	Keypress: 5
71.5135 	EXP 	Target: autoDraw = False
71.5135 	EXP 	Target: autoDraw = False
71.5135 	EXP 	feedbackMsg: text = 'You pressed too slow!\n\nYou lost $0.20!'
71.5135 	EXP 	feedbackMsg: autoDraw = True
71.5326 	DATA 	Keypress: 1
71.9828 	DATA 	Keypress: 5
72.7485 	DATA 	Keypress: 5
73.1653 	EXP 	New trial (rep=0, index=7): OrderedDict([('Condition', 'LgPun'), ('FixationDur', 2000)])
73.1797 	EXP 	feedbackMsg: autoDraw = False
73.1797 	EXP 	feedbackMsg: autoDraw = False
73.1797 	EXP 	cueImage: image = 'images/LoseBig.bmp'
73.1797 	EXP 	cueImage: autoDraw = True
73.5337 	DATA 	Keypress: 5
74.3157 	DATA 	Keypress: 5
75.0813 	DATA 	Keypress: 5
75.2128 	EXP 	cueImage: autoDraw = False
75.2128 	EXP 	cueImage: autoDraw = False
75.2128 	EXP 	fixation: autoDraw = True
75.8669 	DATA 	Keypress: 5
76.6512 	DATA 	Keypress: 5
77.2467 	EXP 	fixation: autoDraw = False
77.2467 	EXP 	fixation: autoDraw = False
77.2467 	EXP 	Target: image = 'images/LoseProbe.bmp'
77.2467 	EXP 	Target: autoDraw = True
77.4161 	DATA 	Keypress: 5
77.5172 	DATA 	Keypress: 1
77.6967 	EXP 	Target: autoDraw = False
77.6967 	EXP 	Target: autoDraw = False
77.6967 	EXP 	feedbackMsg: text = 'Correct Response!\n\nYou did not lose $5.00!'
77.6967 	EXP 	feedbackMsg: autoDraw = True
78.2013 	DATA 	Keypress: 5
78.9845 	DATA 	Keypress: 5
79.2804 	EXP 	New trial (rep=0, index=8): OrderedDict([('Condition', 'LgReward'), ('FixationDur', 3000)])
79.3126 	EXP 	feedbackMsg: autoDraw = False
79.3126 	EXP 	feedbackMsg: autoDraw = False
79.3126 	EXP 	cueImage: image = 'images/WinBig.bmp'
79.3126 	EXP 	cueImage: autoDraw = True
79.7497 	DATA 	Keypress: 5
80.5323 	DATA 	Keypress: 5
81.3176 	DATA 	Keypress: 5
81.3304 	EXP 	cueImage: autoDraw = False
81.3304 	EXP 	fixation: autoDraw = True
82.0834 	DATA 	Keypress: 5
82.8668 	DATA 	Keypress: 5
83.6518 	DATA 	Keypress: 5
84.3805 	EXP 	fixation: autoDraw = False
84.3805 	EXP 	fixation: autoDraw = False
84.3805 	EXP 	Target: image = 'images/WinProbe.bmp'
84.3805 	EXP 	Target: autoDraw = True
84.4172 	DATA 	Keypress: 5
84.6846 	DATA 	Keypress: 1
84.8139 	EXP 	Target: autoDraw = False
84.8139 	EXP 	Target: autoDraw = False
84.8139 	EXP 	feedbackMsg: text = 'Correct Response!\n\nYou won $5.00!'
84.8139 	EXP 	feedbackMsg: autoDraw = True
85.1993 	DATA 	Keypress: 5
85.9854 	DATA 	Keypress: 5
86.3992 	EXP 	New trial (rep=0, index=9): OrderedDict([('Condition', 'LgPun'), ('FixationDur', 2000)])
86.4138 	EXP 	feedbackMsg: autoDraw = False
86.4138 	EXP 	feedbackMsg: autoDraw = False
86.4138 	EXP 	cueImage: image = 'images/LoseBig.bmp'
86.4138 	EXP 	cueImage: autoDraw = True
86.7669 	DATA 	Keypress: 5
87.5332 	DATA 	Keypress: 5
88.3180 	DATA 	Keypress: 5
88.4471 	EXP 	cueImage: autoDraw = False
88.4471 	EXP 	cueImage: autoDraw = False
88.4471 	EXP 	fixation: autoDraw = True
89.1011 	DATA 	Keypress: 5
89.8660 	DATA 	Keypress: 5
90.4800 	EXP 	fixation: autoDraw = False
90.4800 	EXP 	fixation: autoDraw = False
90.4800 	EXP 	Target: image = 'images/LoseProbe.bmp'
90.4800 	EXP 	Target: autoDraw = True
90.6518 	DATA 	Keypress: 5
90.8185 	DATA 	Keypress: 1
90.9312 	EXP 	Target: autoDraw = False
90.9312 	EXP 	Target: autoDraw = False
90.9312 	EXP 	feedbackMsg: text = 'Correct Response!\n\nYou did not lose $5.00!'
90.9312 	EXP 	feedbackMsg: autoDraw = True
91.4350 	DATA 	Keypress: 5
92.2001 	DATA 	Keypress: 5
92.5150 	EXP 	New trial (rep=0, index=10): OrderedDict([('Condition', 'Triangle'), ('FixationDur', 4000)])
92.5309 	EXP 	feedbackMsg: autoDraw = False
92.5309 	EXP 	feedbackMsg: autoDraw = False
92.5309 	EXP 	cueImage: image = 'images/Neutral.bmp'
92.5309 	EXP 	cueImage: autoDraw = True
92.9835 	DATA 	Keypress: 5
93.7674 	DATA 	Keypress: 5
94.5527 	DATA 	Keypress: 5
94.5642 	EXP 	cueImage: autoDraw = False
94.5642 	EXP 	cueImage: autoDraw = False
94.5642 	EXP 	fixation: autoDraw = True
95.3186 	DATA 	Keypress: 5
96.1027 	DATA 	Keypress: 5
96.8675 	DATA 	Keypress: 5
97.6516 	DATA 	Keypress: 5
98.4358 	DATA 	Keypress: 5
98.5978 	EXP 	fixation: autoDraw = False
98.5978 	EXP 	fixation: autoDraw = False
98.5978 	EXP 	Target: image = 'images/NeutralProbe.bmp'
98.5978 	EXP 	Target: autoDraw = True
98.9176 	DATA 	Keypress: 1
99.0641 	EXP 	Target: autoDraw = False
99.0641 	EXP 	Target: autoDraw = False
99.0641 	EXP 	feedbackMsg: text = 'Correct Response!\n\nYou did not win or lose anything!'
99.0641 	EXP 	feedbackMsg: autoDraw = True
99.2009 	DATA 	Keypress: 5
99.9852 	DATA 	Keypress: 5
100.6330 	EXP 	New trial (rep=0, index=11): OrderedDict([('Condition', 'SmallPun'), ('FixationDur', 3500)])
100.6480 	EXP 	feedbackMsg: autoDraw = False
100.6480 	EXP 	feedbackMsg: autoDraw = False
100.6480 	EXP 	cueImage: image = 'images/LoseSmall.bmp'
100.6480 	EXP 	cueImage: autoDraw = True
100.7684 	DATA 	Keypress: 5
101.5346 	DATA 	Keypress: 5
102.3177 	DATA 	Keypress: 5
102.6820 	EXP 	cueImage: autoDraw = False
102.6820 	EXP 	cueImage: autoDraw = False
102.6820 	EXP 	fixation: autoDraw = True
103.1023 	DATA 	Keypress: 5
103.8679 	DATA 	Keypress: 5
104.6516 	DATA 	Keypress: 5
105.4349 	DATA 	Keypress: 5
106.2061 	DATA 	Keypress: 5
106.2148 	EXP 	fixation: autoDraw = False
106.2148 	EXP 	fixation: autoDraw = False
106.2148 	EXP 	Target: image = 'images/LoseProbe.bmp'
106.2148 	EXP 	Target: autoDraw = True
106.5361 	DATA 	Keypress: 1
106.6820 	EXP 	Target: autoDraw = False
106.6820 	EXP 	Target: autoDraw = False
106.6820 	EXP 	feedbackMsg: text = 'Correct Response!\n\nYou did not lose $0.20!'
106.6820 	EXP 	feedbackMsg: autoDraw = True
106.9846 	DATA 	Keypress: 5
107.7695 	DATA 	Keypress: 5
108.2340 	EXP 	New trial (rep=0, index=12): OrderedDict([('Condition', 'SmallPun'), ('FixationDur', 1500)])
108.2482 	EXP 	feedbackMsg: autoDraw = False
108.2482 	EXP 	feedbackMsg: autoDraw = False
108.2482 	EXP 	cueImage: image = 'images/LoseSmall.bmp'
108.2482 	EXP 	cueImage: autoDraw = True
108.5513 	DATA 	Keypress: 5
109.3182 	DATA 	Keypress: 5
110.1018 	DATA 	Keypress: 5
110.2820 	EXP 	cueImage: autoDraw = False
110.2820 	EXP 	cueImage: autoDraw = False
110.2820 	EXP 	fixation: autoDraw = True
110.8865 	DATA 	Keypress: 5
111.6513 	DATA 	Keypress: 5
111.8148 	EXP 	fixation: autoDraw = False
111.8148 	EXP 	fixation: autoDraw = False
111.8148 	EXP 	Target: image = 'images/LoseProbe.bmp'
111.8148 	EXP 	Target: autoDraw = True
112.2823 	EXP 	Target: autoDraw = False
112.2823 	EXP 	Target: autoDraw = False
112.2823 	EXP 	feedbackMsg: text = 'You pressed too slow!\n\nYou lost $0.20!'
112.2823 	EXP 	feedbackMsg: autoDraw = True
112.3030 	DATA 	Keypress: 1
112.4365 	DATA 	Keypress: 5
113.2201 	DATA 	Keypress: 5
113.8344 	EXP 	New trial (rep=0, index=13): OrderedDict([('Condition', 'LgPun'), ('FixationDur', 1500)])
113.8480 	EXP 	feedbackMsg: autoDraw = False
113.8480 	EXP 	feedbackMsg: autoDraw = False
113.8480 	EXP 	cueImage: image = 'images/LoseBig.bmp'
113.8480 	EXP 	cueImage: autoDraw = True
113.9844 	DATA 	Keypress: 5
114.7691 	DATA 	Keypress: 5
115.5533 	DATA 	Keypress: 5
115.8690 	EXP 	cueImage: autoDraw = False
115.8690 	EXP 	cueImage: autoDraw = False
115.8690 	EXP 	fixation: autoDraw = True
116.3184 	DATA 	Keypress: 5
117.1032 	DATA 	Keypress: 5
117.4161 	EXP 	fixation: autoDraw = False
117.4161 	EXP 	fixation: autoDraw = False
117.4161 	EXP 	Target: image = 'images/LoseProbe.bmp'
117.4161 	EXP 	Target: autoDraw = True
117.7368 	DATA 	Keypress: 1
117.8819 	DATA 	Keypress: 5
117.8861 	EXP 	Target: autoDraw = False
117.8861 	EXP 	Target: autoDraw = False
117.8861 	EXP 	feedbackMsg: text = 'Correct Response!\n\nYou did not lose $5.00!'
117.8861 	EXP 	feedbackMsg: autoDraw = True
118.6527 	DATA 	Keypress: 5
119.4359 	DATA 	Keypress: 5
119.4507 	EXP 	New trial (rep=0, index=14): OrderedDict([('Condition', 'SmallReward'), ('FixationDur', 2000)])
119.4828 	EXP 	feedbackMsg: autoDraw = False
119.4828 	EXP 	feedbackMsg: autoDraw = False
119.4828 	EXP 	cueImage: image = 'images/WinSmall.bmp'
119.4828 	EXP 	cueImage: autoDraw = True
120.2204 	DATA 	Keypress: 5
120.9855 	DATA 	Keypress: 5
121.5034 	EXP 	cueImage: autoDraw = False
121.5034 	EXP 	fixation: autoDraw = True
121.7693 	DATA 	Keypress: 5
122.5540 	DATA 	Keypress: 5
123.3200 	DATA 	Keypress: 5
123.5662 	EXP 	fixation: autoDraw = False
123.5662 	EXP 	fixation: autoDraw = False
123.5662 	EXP 	Target: image = 'images/WinProbe.bmp'
123.5662 	EXP 	Target: autoDraw = True
123.8876 	DATA 	Keypress: 1
123.9998 	EXP 	Target: autoDraw = False
123.9998 	EXP 	Target: autoDraw = False
123.9998 	EXP 	feedbackMsg: text = 'Correct Response!\n\nYou won $0.20!'
123.9998 	EXP 	feedbackMsg: autoDraw = True
124.1026 	DATA 	Keypress: 5
124.8866 	DATA 	Keypress: 5
125.5851 	EXP 	New trial (rep=0, index=15): OrderedDict([('Condition', 'SmallPun'), ('FixationDur', 2000)])
125.5996 	EXP 	feedbackMsg: autoDraw = False
125.5996 	EXP 	feedbackMsg: autoDraw = False
125.5996 	EXP 	cueImage: image = 'images/LoseSmall.bmp'
125.5996 	EXP 	cueImage: autoDraw = True
125.6526 	DATA 	Keypress: 5
126.4356 	DATA 	Keypress: 5
127.2209 	DATA 	Keypress: 5
127.6334 	EXP 	cueImage: autoDraw = False
127.6334 	EXP 	cueImage: autoDraw = False
127.6334 	EXP 	fixation: autoDraw = True
127.9867 	DATA 	Keypress: 5
128.7697 	DATA 	Keypress: 5
129.5548 	DATA 	Keypress: 5
129.6660 	EXP 	fixation: autoDraw = False
129.6660 	EXP 	fixation: autoDraw = False
129.6660 	EXP 	Target: image = 'images/LoseProbe.bmp'
129.6660 	EXP 	Target: autoDraw = True
129.9366 	DATA 	Keypress: 1
130.1002 	EXP 	Target: autoDraw = False
130.1002 	EXP 	Target: autoDraw = False
130.1002 	EXP 	feedbackMsg: text = 'Correct Response!\n\nYou did not lose $0.20!'
130.1002 	EXP 	feedbackMsg: autoDraw = True
130.3199 	DATA 	Keypress: 5
131.1028 	DATA 	Keypress: 5
131.6857 	EXP 	New trial (rep=0, index=16): OrderedDict([('Condition', 'LgPun'), ('FixationDur', 1500)])
131.7002 	EXP 	feedbackMsg: autoDraw = False
131.7002 	EXP 	feedbackMsg: autoDraw = False
131.7002 	EXP 	cueImage: image = 'images/LoseBig.bmp'
131.7002 	EXP 	cueImage: autoDraw = True
131.8879 	DATA 	Keypress: 5
132.6702 	DATA 	Keypress: 5
133.4351 	DATA 	Keypress: 5
133.7338 	EXP 	cueImage: autoDraw = False
133.7338 	EXP 	cueImage: autoDraw = False
133.7338 	EXP 	fixation: autoDraw = True
134.2216 	DATA 	Keypress: 5
135.0052 	DATA 	Keypress: 5
135.2666 	EXP 	fixation: autoDraw = False
135.2666 	EXP 	fixation: autoDraw = False
135.2666 	EXP 	Target: image = 'images/LoseProbe.bmp'
135.2666 	EXP 	Target: autoDraw = True
135.7011 	DATA 	Keypress: 1
135.7165 	EXP 	Target: autoDraw = False
135.7165 	EXP 	Target: autoDraw = False
135.7165 	EXP 	feedbackMsg: text = 'You pressed too slow!\n\nYou lost $5.00!'
135.7165 	EXP 	feedbackMsg: autoDraw = True
135.7695 	DATA 	Keypress: 5
136.5553 	DATA 	Keypress: 5
137.3027 	EXP 	New trial (rep=0, index=17): OrderedDict([('Condition', 'LgReward'), ('FixationDur', 3500)])
137.3236 	DATA 	Keypress: 5
137.3338 	EXP 	feedbackMsg: autoDraw = False
137.3338 	EXP 	feedbackMsg: autoDraw = False
137.3338 	EXP 	cueImage: image = 'images/WinBig.bmp'
137.3338 	EXP 	cueImage: autoDraw = True
138.1034 	DATA 	Keypress: 5
138.8868 	DATA 	Keypress: 5
139.3677 	EXP 	cueImage: autoDraw = False
139.3677 	EXP 	fixation: autoDraw = True
139.6723 	DATA 	Keypress: 5
140.4374 	DATA 	Keypress: 5
141.2217 	DATA 	Keypress: 5
142.0060 	DATA 	Keypress: 5
142.7709 	DATA 	Keypress: 5
142.9176 	EXP 	fixation: autoDraw = False
142.9176 	EXP 	fixation: autoDraw = False
142.9176 	EXP 	Target: image = 'images/WinProbe.bmp'
142.9176 	EXP 	Target: autoDraw = True
143.2390 	DATA 	Keypress: 1
143.3346 	EXP 	Target: autoDraw = False
143.3346 	EXP 	Target: autoDraw = False
143.3346 	EXP 	feedbackMsg: text = 'Correct Response!\n\nYou won $5.00!'
143.3346 	EXP 	feedbackMsg: autoDraw = True
143.5535 	DATA 	Keypress: 5
144.3393 	DATA 	Keypress: 5
144.9529 	EXP 	New trial (rep=0, index=18): OrderedDict([('Condition', 'Triangle'), ('FixationDur', 1500)])
144.9677 	EXP 	feedbackMsg: autoDraw = False
144.9677 	EXP 	feedbackMsg: autoDraw = False
144.9677 	EXP 	cueImage: image = 'images/Neutral.bmp'
144.9677 	EXP 	cueImage: autoDraw = True
145.1041 	DATA 	Keypress: 5
145.8873 	DATA 	Keypress: 5
146.6708 	DATA 	Keypress: 5
147.0014 	EXP 	cueImage: autoDraw = False
147.0014 	EXP 	cueImage: autoDraw = False
147.0014 	EXP 	fixation: autoDraw = True
147.4379 	DATA 	Keypress: 5
148.2208 	DATA 	Keypress: 5
148.5346 	EXP 	fixation: autoDraw = False
148.5346 	EXP 	fixation: autoDraw = False
148.5346 	EXP 	Target: image = 'images/NeutralProbe.bmp'
148.5346 	EXP 	Target: autoDraw = True
148.9564 	EXP 	Target: autoDraw = False
148.9564 	EXP 	Target: autoDraw = False
148.9564 	EXP 	feedbackMsg: text = 'You pressed too slow!\n\nYou did not win or lose anything!'
148.9564 	EXP 	feedbackMsg: autoDraw = True
148.9599 	DATA 	Keypress: 1
149.0043 	DATA 	Keypress: 5
149.7715 	DATA 	Keypress: 5
150.5552 	DATA 	Keypress: 5
150.5696 	EXP 	New trial (rep=0, index=19): OrderedDict([('Condition', 'SmallPun'), ('FixationDur', 2000)])
150.5848 	EXP 	feedbackMsg: autoDraw = False
150.5848 	EXP 	feedbackMsg: autoDraw = False
150.5848 	EXP 	cueImage: image = 'images/LoseSmall.bmp'
150.5848 	EXP 	cueImage: autoDraw = True
151.3387 	DATA 	Keypress: 5
152.1223 	DATA 	Keypress: 5
152.6188 	EXP 	cueImage: autoDraw = False
152.6188 	EXP 	cueImage: autoDraw = False
152.6188 	EXP 	fixation: autoDraw = True
152.8876 	DATA 	Keypress: 5
153.6724 	DATA 	Keypress: 5
154.4393 	DATA 	Keypress: 5
154.6511 	EXP 	fixation: autoDraw = False
154.6511 	EXP 	fixation: autoDraw = False
154.6511 	EXP 	Target: image = 'images/LoseProbe.bmp'
154.6511 	EXP 	Target: autoDraw = True
154.9214 	DATA 	Keypress: 1
155.0679 	EXP 	Target: autoDraw = False
155.0679 	EXP 	Target: autoDraw = False
155.0679 	EXP 	feedbackMsg: text = 'Correct Response!\n\nYou did not lose $0.20!'
155.0679 	EXP 	feedbackMsg: autoDraw = True
155.2211 	DATA 	Keypress: 5
156.0066 	DATA 	Keypress: 5
156.6855 	EXP 	New trial (rep=0, index=20): OrderedDict([('Condition', 'Triangle'), ('FixationDur', 2000)])
156.7013 	EXP 	feedbackMsg: autoDraw = False
156.7013 	EXP 	feedbackMsg: autoDraw = False
156.7013 	EXP 	cueImage: image = 'images/Neutral.bmp'
156.7013 	EXP 	cueImage: autoDraw = True
156.7884 	DATA 	Keypress: 5
157.5542 	DATA 	Keypress: 5
158.3385 	DATA 	Keypress: 5
158.7244 	EXP 	cueImage: autoDraw = False
158.7244 	EXP 	fixation: autoDraw = True
159.1235 	DATA 	Keypress: 5
159.8885 	DATA 	Keypress: 5
160.6727 	DATA 	Keypress: 5
160.7691 	EXP 	fixation: autoDraw = False
160.7691 	EXP 	fixation: autoDraw = False
160.7691 	EXP 	Target: image = 'images/NeutralProbe.bmp'
160.7691 	EXP 	Target: autoDraw = True
161.0395 	DATA 	Keypress: 1
161.1918 	EXP 	Target: autoDraw = False
161.1918 	EXP 	Target: autoDraw = False
161.1918 	EXP 	feedbackMsg: text = 'Correct Response!\n\nYou did not win or lose anything!'
161.1918 	EXP 	feedbackMsg: autoDraw = True
161.4559 	DATA 	Keypress: 5
162.2219 	DATA 	Keypress: 5
162.8040 	EXP 	New trial (rep=0, index=21): OrderedDict([('Condition', 'SmallReward'), ('FixationDur', 1500)])
162.8269 	EXP 	feedbackMsg: autoDraw = False
162.8269 	EXP 	feedbackMsg: autoDraw = False
162.8269 	EXP 	cueImage: image = 'images/WinSmall.bmp'
162.8269 	EXP 	cueImage: autoDraw = True
163.0052 	DATA 	Keypress: 5
163.7886 	DATA 	Keypress: 5
164.5553 	DATA 	Keypress: 5
164.8595 	EXP 	cueImage: autoDraw = False
164.8595 	EXP 	fixation: autoDraw = True
165.3390 	DATA 	Keypress: 5
166.1237 	DATA 	Keypress: 5
166.4187 	EXP 	fixation: autoDraw = False
166.4187 	EXP 	fixation: autoDraw = False
166.4187 	EXP 	Target: image = 'images/WinProbe.bmp'
166.4187 	EXP 	Target: autoDraw = True
166.7721 	DATA 	Keypress: 1
166.8352 	EXP 	Target: autoDraw = False
166.8352 	EXP 	Target: autoDraw = False
166.8352 	EXP 	feedbackMsg: text = 'Correct Response!\n\nYou won $0.20!'
166.8352 	EXP 	feedbackMsg: autoDraw = True
166.8882 	DATA 	Keypress: 5
167.6720 	DATA 	Keypress: 5
168.4378 	EXP 	New trial (rep=0, index=22): OrderedDict([('Condition', 'Triangle'), ('FixationDur', 1500)])
168.4461 	DATA 	Keypress: 5
168.4524 	EXP 	feedbackMsg: autoDraw = False
168.4524 	EXP 	feedbackMsg: autoDraw = False
168.4524 	EXP 	cueImage: image = 'images/Neutral.bmp'
168.4524 	EXP 	cueImage: autoDraw = True
169.2221 	DATA 	Keypress: 5
170.0054 	DATA 	Keypress: 5
170.4761 	EXP 	cueImage: autoDraw = False
170.4761 	EXP 	cueImage: autoDraw = False
170.4761 	EXP 	fixation: autoDraw = True
170.7892 	DATA 	Keypress: 5
171.5565 	DATA 	Keypress: 5
172.0192 	EXP 	fixation: autoDraw = False
172.0192 	EXP 	fixation: autoDraw = False
172.0192 	EXP 	Target: image = 'images/NeutralProbe.bmp'
172.0192 	EXP 	Target: autoDraw = True
172.3385 	DATA 	Keypress: 5
172.3402 	DATA 	Keypress: 1
172.4029 	EXP 	Target: autoDraw = False
172.4029 	EXP 	Target: autoDraw = False
172.4029 	EXP 	feedbackMsg: text = 'Correct Response!\n\nYou did not win or lose anything!'
172.4029 	EXP 	feedbackMsg: autoDraw = True
173.1243 	DATA 	Keypress: 5
173.9077 	DATA 	Keypress: 5
174.0380 	EXP 	New trial (rep=0, index=23): OrderedDict([('Condition', 'SmallReward'), ('FixationDur', 3000)])
174.0614 	EXP 	feedbackMsg: autoDraw = False
174.0614 	EXP 	feedbackMsg: autoDraw = False
174.0614 	EXP 	cueImage: image = 'images/WinSmall.bmp'
174.0614 	EXP 	cueImage: autoDraw = True
174.6720 	DATA 	Keypress: 5
175.4564 	DATA 	Keypress: 5
176.0939 	EXP 	cueImage: autoDraw = False
176.0939 	EXP 	fixation: autoDraw = True
176.2409 	DATA 	Keypress: 5
177.0063 	DATA 	Keypress: 5
177.7907 	DATA 	Keypress: 5
178.5747 	DATA 	Keypress: 5
179.1439 	EXP 	fixation: autoDraw = False
179.1439 	EXP 	fixation: autoDraw = False
179.1439 	EXP 	Target: image = 'images/WinProbe.bmp'
179.1439 	EXP 	Target: autoDraw = True
179.3385 	DATA 	Keypress: 5
179.3895 	DATA 	Keypress: 1
179.5441 	EXP 	Target: autoDraw = False
179.5441 	EXP 	Target: autoDraw = False
179.5441 	EXP 	feedbackMsg: text = 'Correct Response!\n\nYou won $0.20!'
179.5441 	EXP 	feedbackMsg: autoDraw = True
180.1245 	DATA 	Keypress: 5
180.9079 	DATA 	Keypress: 5
181.1723 	EXP 	New trial (rep=0, index=24): OrderedDict([('Condition', 'LgReward'), ('FixationDur', 1500)])
181.2028 	EXP 	feedbackMsg: autoDraw = False
181.2028 	EXP 	feedbackMsg: autoDraw = False
181.2028 	EXP 	cueImage: image = 'images/WinBig.bmp'
181.2028 	EXP 	cueImage: autoDraw = True
181.6730 	DATA 	Keypress: 5
182.4555 	DATA 	Keypress: 5
183.2285 	EXP 	cueImage: autoDraw = False
183.2285 	EXP 	fixation: autoDraw = True
183.2320 	DATA 	Keypress: 5
184.0069 	DATA 	Keypress: 5
184.7774 	EXP 	fixation: autoDraw = False
184.7774 	EXP 	fixation: autoDraw = False
184.7774 	EXP 	Target: image = 'images/WinProbe.bmp'
184.7774 	EXP 	Target: autoDraw = True
184.7910 	DATA 	Keypress: 5
185.1664 	DATA 	Keypress: 1
185.1781 	EXP 	Target: autoDraw = False
185.1781 	EXP 	Target: autoDraw = False
185.1781 	EXP 	feedbackMsg: text = 'You pressed too slow!\n\nYou did not win $5.00!'
185.1781 	EXP 	feedbackMsg: autoDraw = True
185.5748 	DATA 	Keypress: 5
186.3401 	DATA 	Keypress: 5
186.8060 	EXP 	New trial (rep=0, index=25): OrderedDict([('Condition', 'Triangle'), ('FixationDur', 2000)])
186.8206 	EXP 	feedbackMsg: autoDraw = False
186.8206 	EXP 	feedbackMsg: autoDraw = False
186.8206 	EXP 	cueImage: image = 'images/Neutral.bmp'
186.8206 	EXP 	cueImage: autoDraw = True
187.1228 	DATA 	Keypress: 5
187.9068 	DATA 	Keypress: 5
188.6732 	DATA 	Keypress: 5
188.8459 	EXP 	cueImage: autoDraw = False
188.8459 	EXP 	cueImage: autoDraw = False
188.8459 	EXP 	fixation: autoDraw = True
189.4564 	DATA 	Keypress: 5
190.2419 	DATA 	Keypress: 5
190.8875 	EXP 	fixation: autoDraw = False
190.8875 	EXP 	fixation: autoDraw = False
190.8875 	EXP 	Target: image = 'images/NeutralProbe.bmp'
190.8875 	EXP 	Target: autoDraw = True
191.0073 	DATA 	Keypress: 5
191.1900 	DATA 	Keypress: 1
191.2713 	EXP 	Target: autoDraw = False
191.2713 	EXP 	Target: autoDraw = False
191.2713 	EXP 	feedbackMsg: text = 'Correct Response!\n\nYou did not win or lose anything!'
191.2713 	EXP 	feedbackMsg: autoDraw = True
191.7910 	DATA 	Keypress: 5
192.5749 	DATA 	Keypress: 5
192.9059 	EXP 	New trial (rep=0, index=26): OrderedDict([('Condition', 'SmallReward'), ('FixationDur', 2000)])
192.9205 	EXP 	feedbackMsg: autoDraw = False
192.9205 	EXP 	feedbackMsg: autoDraw = False
192.9205 	EXP 	cueImage: image = 'images/WinSmall.bmp'
192.9205 	EXP 	cueImage: autoDraw = True
193.3581 	DATA 	Keypress: 5
194.1228 	DATA 	Keypress: 5
194.9415 	DATA 	Keypress: 5
194.9458 	EXP 	cueImage: autoDraw = False
194.9458 	EXP 	cueImage: autoDraw = False
194.9458 	EXP 	fixation: autoDraw = True
195.6749 	DATA 	Keypress: 5
196.4578 	DATA 	Keypress: 5
196.9959 	EXP 	fixation: autoDraw = False
196.9959 	EXP 	fixation: autoDraw = False
196.9959 	EXP 	Target: image = 'images/WinProbe.bmp'
196.9959 	EXP 	Target: autoDraw = True
197.2400 	DATA 	Keypress: 5
197.2908 	DATA 	Keypress: 1
197.3875 	EXP 	Target: autoDraw = False
197.3875 	EXP 	Target: autoDraw = False
197.3875 	EXP 	feedbackMsg: text = 'Correct Response!\n\nYou won $0.20!'
197.3875 	EXP 	feedbackMsg: autoDraw = True
198.0253 	DATA 	Keypress: 5
198.7906 	DATA 	Keypress: 5
199.0231 	EXP 	New trial (rep=0, index=27): OrderedDict([('Condition', 'SmallPun'), ('FixationDur', 1500)])
199.0375 	EXP 	feedbackMsg: autoDraw = False
199.0375 	EXP 	feedbackMsg: autoDraw = False
199.0375 	EXP 	cueImage: image = 'images/LoseSmall.bmp'
199.0375 	EXP 	cueImage: autoDraw = True
199.5748 	DATA 	Keypress: 5
200.3586 	DATA 	Keypress: 5
201.0638 	EXP 	cueImage: autoDraw = False
201.0638 	EXP 	cueImage: autoDraw = False
201.0638 	EXP 	fixation: autoDraw = True
201.1237 	DATA 	Keypress: 5
201.9088 	DATA 	Keypress: 5
202.6044 	EXP 	fixation: autoDraw = False
202.6044 	EXP 	fixation: autoDraw = False
202.6044 	EXP 	Target: image = 'images/LoseProbe.bmp'
202.6044 	EXP 	Target: autoDraw = True
202.6924 	DATA 	Keypress: 5
202.9521 	DATA 	Keypress: 1
202.9639 	EXP 	Target: autoDraw = False
202.9639 	EXP 	Target: autoDraw = False
202.9639 	EXP 	feedbackMsg: text = 'You pressed too slow!\n\nYou lost $0.20!'
202.9639 	EXP 	feedbackMsg: autoDraw = True
203.4575 	DATA 	Keypress: 5
204.2421 	DATA 	Keypress: 5
204.6235 	EXP 	New trial (rep=0, index=28): OrderedDict([('Condition', 'SmallPun'), ('FixationDur', 3000)])
204.6382 	EXP 	feedbackMsg: autoDraw = False
204.6382 	EXP 	feedbackMsg: autoDraw = False
204.6382 	EXP 	cueImage: image = 'images/LoseSmall.bmp'
204.6382 	EXP 	cueImage: autoDraw = True
205.0250 	DATA 	Keypress: 5
205.7911 	DATA 	Keypress: 5
206.5745 	DATA 	Keypress: 5
206.6640 	EXP 	cueImage: autoDraw = False
206.6640 	EXP 	cueImage: autoDraw = False
206.6640 	EXP 	fixation: autoDraw = True
207.3568 	DATA 	Keypress: 5
208.1251 	DATA 	Keypress: 5
208.9079 	DATA 	Keypress: 5
209.6961 	DATA 	Keypress: 5
209.7044 	EXP 	fixation: autoDraw = False
209.7044 	EXP 	fixation: autoDraw = False
209.7044 	EXP 	Target: image = 'images/LoseProbe.bmp'
209.7044 	EXP 	Target: autoDraw = True
210.0406 	DATA 	Keypress: 1
210.0487 	EXP 	Target: autoDraw = False
210.0487 	EXP 	Target: autoDraw = False
210.0487 	EXP 	feedbackMsg: text = 'You pressed too slow!\n\nYou lost $0.20!'
210.0487 	EXP 	feedbackMsg: autoDraw = True
210.4580 	DATA 	Keypress: 5
211.2418 	DATA 	Keypress: 5
211.7072 	EXP 	New trial (rep=0, index=29): OrderedDict([('Condition', 'Triangle'), ('FixationDur', 1500)])
211.7217 	EXP 	feedbackMsg: autoDraw = False
211.7217 	EXP 	feedbackMsg: autoDraw = False
211.7217 	EXP 	cueImage: image = 'images/Neutral.bmp'
211.7217 	EXP 	cueImage: autoDraw = True
212.0261 	DATA 	Keypress: 5
212.7922 	DATA 	Keypress: 5
213.5742 	DATA 	Keypress: 5
213.7491 	EXP 	cueImage: autoDraw = False
213.7491 	EXP 	cueImage: autoDraw = False
213.7491 	EXP 	fixation: autoDraw = True
214.3593 	DATA 	Keypress: 5
215.1263 	DATA 	Keypress: 5
215.2889 	EXP 	fixation: autoDraw = False
215.2889 	EXP 	fixation: autoDraw = False
215.2889 	EXP 	Target: image = 'images/NeutralProbe.bmp'
215.2889 	EXP 	Target: autoDraw = True
215.6395 	EXP 	Target: autoDraw = False
215.6395 	EXP 	Target: autoDraw = False
215.6395 	EXP 	feedbackMsg: text = 'You pressed too slow!\n\nYou did not win or lose anything!'
215.6395 	EXP 	feedbackMsg: autoDraw = True
215.6745 	DATA 	Keypress: 1
215.9079 	DATA 	Keypress: 5
216.6935 	DATA 	Keypress: 5
217.3080 	EXP 	New trial (rep=0, index=30): OrderedDict([('Condition', 'SmallReward'), ('FixationDur', 1500)])
217.3338 	EXP 	feedbackMsg: autoDraw = False
217.3338 	EXP 	feedbackMsg: autoDraw = False
217.3338 	EXP 	cueImage: image = 'images/WinSmall.bmp'
217.3338 	EXP 	cueImage: autoDraw = True
217.4742 	DATA 	Keypress: 5
218.2409 	DATA 	Keypress: 5
219.0265 	DATA 	Keypress: 5
219.3670 	EXP 	cueImage: autoDraw = False
219.3670 	EXP 	fixation: autoDraw = True
219.8103 	DATA 	Keypress: 5
220.5747 	DATA 	Keypress: 5
220.9161 	EXP 	fixation: autoDraw = False
220.9161 	EXP 	fixation: autoDraw = False
220.9161 	EXP 	Target: image = 'images/WinProbe.bmp'
220.9161 	EXP 	Target: autoDraw = True
221.2692 	DATA 	Keypress: 1
221.2831 	EXP 	Target: autoDraw = False
221.2831 	EXP 	Target: autoDraw = False
221.2831 	EXP 	feedbackMsg: text = 'You pressed too slow!\n\nYou did not win $0.20!'
221.2831 	EXP 	feedbackMsg: autoDraw = True
221.3600 	DATA 	Keypress: 5
222.1438 	DATA 	Keypress: 5
222.9088 	DATA 	Keypress: 5
222.9413 	EXP 	New trial (rep=0, index=31): OrderedDict([('Condition', 'SmallReward'), ('FixationDur', 3500)])
222.9673 	EXP 	feedbackMsg: autoDraw = False
222.9673 	EXP 	feedbackMsg: autoDraw = False
222.9673 	EXP 	cueImage: image = 'images/WinSmall.bmp'
222.9673 	EXP 	cueImage: autoDraw = True
223.6931 	DATA 	Keypress: 5
224.4757 	DATA 	Keypress: 5
225.0003 	EXP 	cueImage: autoDraw = False
225.0003 	EXP 	fixation: autoDraw = True
225.2424 	DATA 	Keypress: 5
226.0274 	DATA 	Keypress: 5
226.8107 	DATA 	Keypress: 5
227.5768 	DATA 	Keypress: 5
228.3591 	DATA 	Keypress: 5
228.5505 	EXP 	fixation: autoDraw = False
228.5505 	EXP 	fixation: autoDraw = False
228.5505 	EXP 	Target: image = 'images/WinProbe.bmp'
228.5505 	EXP 	Target: autoDraw = True
228.8108 	DATA 	Keypress: 1
228.9398 	EXP 	Target: autoDraw = False
228.9398 	EXP 	Target: autoDraw = False
228.9398 	EXP 	feedbackMsg: text = 'Correct Response!\n\nYou won $0.20!'
228.9398 	EXP 	feedbackMsg: autoDraw = True
229.1438 	DATA 	Keypress: 5
229.9098 	DATA 	Keypress: 5
230.5755 	EXP 	New trial (rep=0, index=32): OrderedDict([('Condition', 'LgReward'), ('FixationDur', 1500)])
230.6004 	EXP 	feedbackMsg: autoDraw = False
230.6004 	EXP 	feedbackMsg: autoDraw = False
230.6004 	EXP 	cueImage: image = 'images/WinBig.bmp'
230.6004 	EXP 	cueImage: autoDraw = True
230.6925 	DATA 	Keypress: 5
231.4757 	DATA 	Keypress: 5
232.2430 	DATA 	Keypress: 5
232.6345 	EXP 	cueImage: autoDraw = False
232.6345 	EXP 	fixation: autoDraw = True
233.0258 	DATA 	Keypress: 5
233.8115 	DATA 	Keypress: 5
234.1841 	EXP 	fixation: autoDraw = False
234.1841 	EXP 	fixation: autoDraw = False
234.1841 	EXP 	Target: image = 'images/WinProbe.bmp'
234.1841 	EXP 	Target: autoDraw = True
234.5704 	DATA 	Keypress: 1
234.5846 	EXP 	Target: autoDraw = False
234.5846 	EXP 	Target: autoDraw = False
234.5846 	EXP 	feedbackMsg: text = 'You pressed too slow!\n\nYou did not win $5.00!'
234.5846 	EXP 	feedbackMsg: autoDraw = True
234.5889 	DATA 	Keypress: 5
235.3602 	DATA 	Keypress: 5
236.1442 	DATA 	Keypress: 5
236.2092 	EXP 	New trial (rep=0, index=33): OrderedDict([('Condition', 'LgReward'), ('FixationDur', 2500)])
236.2342 	EXP 	feedbackMsg: autoDraw = False
236.2342 	EXP 	feedbackMsg: autoDraw = False
236.2342 	EXP 	cueImage: image = 'images/WinBig.bmp'
236.2342 	EXP 	cueImage: autoDraw = True
236.9276 	DATA 	Keypress: 5
237.6931 	DATA 	Keypress: 5
238.2691 	EXP 	cueImage: autoDraw = False
238.2691 	EXP 	fixation: autoDraw = True
238.4771 	DATA 	Keypress: 5
239.2620 	DATA 	Keypress: 5
240.0260 	DATA 	Keypress: 5
240.8128 	DATA 	Keypress: 5
240.8184 	EXP 	fixation: autoDraw = False
240.8184 	EXP 	fixation: autoDraw = False
240.8184 	EXP 	Target: image = 'images/WinProbe.bmp'
240.8184 	EXP 	Target: autoDraw = True
241.0611 	DATA 	Keypress: 1
241.2234 	EXP 	Target: autoDraw = False
241.2234 	EXP 	Target: autoDraw = False
241.2234 	EXP 	feedbackMsg: text = 'Correct Response!\n\nYou won $5.00!'
241.2234 	EXP 	feedbackMsg: autoDraw = True
241.5947 	DATA 	Keypress: 5
242.3594 	DATA 	Keypress: 5
242.8592 	EXP 	New trial (rep=0, index=34): OrderedDict([('Condition', 'SmallPun'), ('FixationDur', 2500)])
242.8740 	EXP 	feedbackMsg: autoDraw = False
242.8740 	EXP 	feedbackMsg: autoDraw = False
242.8740 	EXP 	cueImage: image = 'images/LoseSmall.bmp'
242.8740 	EXP 	cueImage: autoDraw = True
243.1446 	DATA 	Keypress: 5
243.9275 	DATA 	Keypress: 5
244.6934 	DATA 	Keypress: 5
244.9028 	EXP 	cueImage: autoDraw = False
244.9028 	EXP 	cueImage: autoDraw = False
244.9028 	EXP 	fixation: autoDraw = True
245.4773 	DATA 	Keypress: 5
246.2621 	DATA 	Keypress: 5
247.0277 	DATA 	Keypress: 5
247.4368 	EXP 	fixation: autoDraw = False
247.4368 	EXP 	fixation: autoDraw = False
247.4368 	EXP 	Target: image = 'images/LoseProbe.bmp'
247.4368 	EXP 	Target: autoDraw = True
247.7452 	DATA 	Keypress: 1
247.8116 	DATA 	Keypress: 5
247.8737 	EXP 	Target: autoDraw = False
247.8737 	EXP 	Target: autoDraw = False
247.8737 	EXP 	feedbackMsg: text = 'Correct Response!\n\nYou did not lose $0.20!'
247.8737 	EXP 	feedbackMsg: autoDraw = True
248.5960 	DATA 	Keypress: 5
249.3612 	DATA 	Keypress: 5
249.4595 	EXP 	New trial (rep=0, index=35): OrderedDict([('Condition', 'SmallPun'), ('FixationDur', 4000)])
249.4738 	EXP 	feedbackMsg: autoDraw = False
249.4738 	EXP 	feedbackMsg: autoDraw = False
249.4738 	EXP 	cueImage: image = 'images/LoseSmall.bmp'
249.4738 	EXP 	cueImage: autoDraw = True
250.1440 	DATA 	Keypress: 5
250.9284 	DATA 	Keypress: 5
251.5036 	EXP 	cueImage: autoDraw = False
251.5036 	EXP 	cueImage: autoDraw = False
251.5036 	EXP 	fixation: autoDraw = True
251.7080 	DATA 	Keypress: 5
252.4732 	DATA 	Keypress: 5
253.2622 	DATA 	Keypress: 5
254.0285 	DATA 	Keypress: 5
254.8110 	DATA 	Keypress: 5
255.5372 	EXP 	fixation: autoDraw = False
255.5372 	EXP 	fixation: autoDraw = False
255.5372 	EXP 	Target: image = 'images/LoseProbe.bmp'
255.5372 	EXP 	Target: autoDraw = True
255.5912 	DATA 	Keypress: 5
255.8088 	DATA 	Keypress: 1
255.9705 	EXP 	Target: autoDraw = False
255.9705 	EXP 	Target: autoDraw = False
255.9705 	EXP 	feedbackMsg: text = 'Correct Response!\n\nYou did not lose $0.20!'
255.9705 	EXP 	feedbackMsg: autoDraw = True
256.3621 	DATA 	Keypress: 5
257.1448 	DATA 	Keypress: 5
257.5590 	EXP 	New trial (rep=0, index=36): OrderedDict([('Condition', 'SmallReward'), ('FixationDur', 1500)])
257.5753 	EXP 	feedbackMsg: autoDraw = False
257.5753 	EXP 	feedbackMsg: autoDraw = False
257.5753 	EXP 	cueImage: image = 'images/WinSmall.bmp'
257.5753 	EXP 	cueImage: autoDraw = True
257.9276 	DATA 	Keypress: 5
258.7124 	DATA 	Keypress: 5
259.4762 	DATA 	Keypress: 5
259.6046 	EXP 	cueImage: autoDraw = False
259.6046 	EXP 	fixation: autoDraw = True
260.2579 	DATA 	Keypress: 5
261.0423 	DATA 	Keypress: 5
261.1544 	EXP 	fixation: autoDraw = False
261.1544 	EXP 	fixation: autoDraw = False
261.1544 	EXP 	Target: image = 'images/WinProbe.bmp'
261.1544 	EXP 	Target: autoDraw = True
261.5881 	EXP 	Target: autoDraw = False
261.5881 	EXP 	Target: autoDraw = False
261.5881 	EXP 	feedbackMsg: text = 'You pressed too slow!\n\nYou did not win $0.20!'
261.5881 	EXP 	feedbackMsg: autoDraw = True
261.6079 	DATA 	Keypress: 1
261.8256 	DATA 	Keypress: 5
262.5920 	DATA 	Keypress: 5
263.1738 	EXP 	New trial (rep=0, index=37): OrderedDict([('Condition', 'SmallPun'), ('FixationDur', 1500)])
263.1880 	EXP 	feedbackMsg: autoDraw = False
263.1880 	EXP 	feedbackMsg: autoDraw = False
263.1880 	EXP 	cueImage: image = 'images/LoseSmall.bmp'
263.1880 	EXP 	cueImage: autoDraw = True
263.3760 	DATA 	Keypress: 5
264.1577 	DATA 	Keypress: 5
264.9243 	DATA 	Keypress: 5
265.2221 	EXP 	cueImage: autoDraw = False
265.2221 	EXP 	cueImage: autoDraw = False
265.2221 	EXP 	fixation: autoDraw = True
265.7093 	DATA 	Keypress: 5
266.4927 	DATA 	Keypress: 5
266.7554 	EXP 	fixation: autoDraw = False
266.7554 	EXP 	fixation: autoDraw = False
266.7554 	EXP 	Target: image = 'images/LoseProbe.bmp'
266.7554 	EXP 	Target: autoDraw = True
267.1718 	EXP 	Target: autoDraw = False
267.1718 	EXP 	Target: autoDraw = False
267.1718 	EXP 	feedbackMsg: text = 'You pressed too slow!\n\nYou lost $0.20!'
267.1718 	EXP 	feedbackMsg: autoDraw = True
267.2416 	DATA 	Keypress: 1
267.2593 	DATA 	Keypress: 5
268.0430 	DATA 	Keypress: 5
268.7777 	EXP 	New trial (rep=0, index=38): OrderedDict([('Condition', 'LgPun'), ('FixationDur', 1500)])
268.7922 	EXP 	feedbackMsg: autoDraw = False
268.7922 	EXP 	feedbackMsg: autoDraw = False
268.7922 	EXP 	cueImage: image = 'images/LoseBig.bmp'
268.7922 	EXP 	cueImage: autoDraw = True
268.8113 	DATA 	Keypress: 5
269.5961 	DATA 	Keypress: 5
270.3786 	DATA 	Keypress: 5
270.8226 	EXP 	cueImage: autoDraw = False
270.8226 	EXP 	cueImage: autoDraw = False
270.8226 	EXP 	fixation: autoDraw = True
271.1598 	DATA 	Keypress: 5
271.9254 	DATA 	Keypress: 5
272.3566 	EXP 	fixation: autoDraw = False
272.3566 	EXP 	fixation: autoDraw = False
272.3566 	EXP 	Target: image = 'images/LoseProbe.bmp'
272.3566 	EXP 	Target: autoDraw = True
272.7099 	DATA 	Keypress: 5
272.7671 	DATA 	Keypress: 1
272.7730 	EXP 	Target: autoDraw = False
272.7730 	EXP 	Target: autoDraw = False
272.7730 	EXP 	feedbackMsg: text = 'You pressed too slow!\n\nYou lost $5.00!'
272.7730 	EXP 	feedbackMsg: autoDraw = True
273.4940 	DATA 	Keypress: 5
274.2591 	DATA 	Keypress: 5
274.3746 	EXP 	New trial (rep=0, index=39): OrderedDict([('Condition', 'Triangle'), ('FixationDur', 1500)])
274.3899 	EXP 	feedbackMsg: autoDraw = False
274.3899 	EXP 	feedbackMsg: autoDraw = False
274.3899 	EXP 	cueImage: image = 'images/Neutral.bmp'
274.3899 	EXP 	cueImage: autoDraw = True
275.0461 	DATA 	Keypress: 5
275.8124 	DATA 	Keypress: 5
276.4239 	EXP 	cueImage: autoDraw = False
276.4239 	EXP 	fixation: autoDraw = True
276.5925 	DATA 	Keypress: 5
277.3784 	DATA 	Keypress: 5
277.9564 	EXP 	fixation: autoDraw = False
277.9564 	EXP 	fixation: autoDraw = False
277.9564 	EXP 	Target: image = 'images/NeutralProbe.bmp'
277.9564 	EXP 	Target: autoDraw = True
278.1608 	DATA 	Keypress: 5
278.3109 	DATA 	Keypress: 1
278.3740 	EXP 	Target: autoDraw = False
278.3740 	EXP 	Target: autoDraw = False
278.3740 	EXP 	feedbackMsg: text = 'Correct Response!\n\nYou did not win or lose anything!'
278.3740 	EXP 	feedbackMsg: autoDraw = True
278.9263 	DATA 	Keypress: 5
279.7141 	DATA 	Keypress: 5
279.9782 	EXP 	New trial (rep=0, index=40): OrderedDict([('Condition', 'Triangle'), ('FixationDur', 2500)])
279.9929 	EXP 	feedbackMsg: autoDraw = False
279.9929 	EXP 	feedbackMsg: autoDraw = False
279.9929 	EXP 	cueImage: image = 'images/Neutral.bmp'
279.9929 	EXP 	cueImage: autoDraw = True
280.4966 	DATA 	Keypress: 5
281.2617 	DATA 	Keypress: 5
282.0242 	EXP 	cueImage: autoDraw = False
282.0242 	EXP 	cueImage: autoDraw = False
282.0242 	EXP 	fixation: autoDraw = True
282.0444 	DATA 	Keypress: 5
282.5131 	DATA 	Keypress: 1
282.8309 	DATA 	Keypress: 5
283.5957 	DATA 	Keypress: 5
284.3808 	DATA 	Keypress: 5
284.5578 	EXP 	fixation: autoDraw = False
284.5578 	EXP 	fixation: autoDraw = False
284.5578 	EXP 	Target: image = 'images/NeutralProbe.bmp'
284.5578 	EXP 	Target: autoDraw = True
284.9766 	EXP 	Target: autoDraw = False
284.9766 	EXP 	Target: autoDraw = False
284.9766 	EXP 	feedbackMsg: text = 'You pressed too soon!\n\nYou did not win or lose anything!'
284.9766 	EXP 	feedbackMsg: autoDraw = True
285.1636 	DATA 	Keypress: 5
285.9297 	DATA 	Keypress: 5
286.5953 	EXP 	New trial (rep=0, index=41): OrderedDict([('Condition', 'LgPun'), ('FixationDur', 1500)])
286.6101 	EXP 	feedbackMsg: autoDraw = False
286.6101 	EXP 	feedbackMsg: autoDraw = False
286.6101 	EXP 	cueImage: image = 'images/LoseBig.bmp'
286.6101 	EXP 	cueImage: autoDraw = True
286.7125 	DATA 	Keypress: 5
287.4974 	DATA 	Keypress: 5
288.2629 	DATA 	Keypress: 5
288.6418 	EXP 	cueImage: autoDraw = False
288.6418 	EXP 	cueImage: autoDraw = False
288.6418 	EXP 	fixation: autoDraw = True
289.0462 	DATA 	Keypress: 5
289.8316 	DATA 	Keypress: 5
290.1749 	EXP 	fixation: autoDraw = False
290.1749 	EXP 	fixation: autoDraw = False
290.1749 	EXP 	Target: image = 'images/LoseProbe.bmp'
290.1749 	EXP 	Target: autoDraw = True
290.5866 	DATA 	Keypress: 1
290.5924 	EXP 	Target: autoDraw = False
290.5924 	EXP 	Target: autoDraw = False
290.5924 	EXP 	feedbackMsg: text = 'You pressed too slow!\n\nYou lost $5.00!'
290.5924 	EXP 	feedbackMsg: autoDraw = True
290.5957 	DATA 	Keypress: 5
291.3800 	DATA 	Keypress: 5
292.1639 	DATA 	Keypress: 5
292.1955 	EXP 	New trial (rep=0, index=42): OrderedDict([('Condition', 'LgPun'), ('FixationDur', 4000)])
292.2098 	EXP 	feedbackMsg: autoDraw = False
292.2098 	EXP 	feedbackMsg: autoDraw = False
292.2098 	EXP 	cueImage: image = 'images/LoseBig.bmp'
292.2098 	EXP 	cueImage: autoDraw = True
292.9302 	DATA 	Keypress: 5
293.7135 	DATA 	Keypress: 5
294.2425 	EXP 	cueImage: autoDraw = False
294.2425 	EXP 	cueImage: autoDraw = False
294.2425 	EXP 	fixation: autoDraw = True
294.4970 	DATA 	Keypress: 5
295.2638 	DATA 	Keypress: 5
296.0470 	DATA 	Keypress: 5
296.8318 	DATA 	Keypress: 5
297.5976 	DATA 	Keypress: 5
298.2764 	EXP 	fixation: autoDraw = False
298.2764 	EXP 	fixation: autoDraw = False
298.2764 	EXP 	Target: image = 'images/LoseProbe.bmp'
298.2764 	EXP 	Target: autoDraw = True
298.3807 	DATA 	Keypress: 5
298.5470 	DATA 	Keypress: 1
298.7266 	EXP 	Target: autoDraw = False
298.7266 	EXP 	Target: autoDraw = False
298.7266 	EXP 	feedbackMsg: text = 'Correct Response!\n\nYou did not lose $5.00!'
298.7266 	EXP 	feedbackMsg: autoDraw = True
299.1645 	DATA 	Keypress: 5
299.9314 	DATA 	Keypress: 5
300.2963 	EXP 	New trial (rep=0, index=43): OrderedDict([('Condition', 'Triangle'), ('FixationDur', 3500)])
300.3110 	EXP 	feedbackMsg: autoDraw = False
300.3110 	EXP 	feedbackMsg: autoDraw = False
300.3110 	EXP 	cueImage: image = 'images/Neutral.bmp'
300.3110 	EXP 	cueImage: autoDraw = True
300.7129 	DATA 	Keypress: 5
301.4983 	DATA 	Keypress: 5
302.2818 	DATA 	Keypress: 5
302.3442 	EXP 	cueImage: autoDraw = False
302.3442 	EXP 	cueImage: autoDraw = False
302.3442 	EXP 	fixation: autoDraw = True
303.0480 	DATA 	Keypress: 5
303.8321 	DATA 	Keypress: 5
304.6142 	DATA 	Keypress: 5
305.3801 	DATA 	Keypress: 5
305.8767 	EXP 	fixation: autoDraw = False
305.8767 	EXP 	fixation: autoDraw = False
305.8767 	EXP 	Target: image = 'images/NeutralProbe.bmp'
305.8767 	EXP 	Target: autoDraw = True
306.1656 	DATA 	Keypress: 5
306.3288 	EXP 	Target: autoDraw = False
306.3288 	EXP 	Target: autoDraw = False
306.3288 	EXP 	feedbackMsg: text = 'You pressed too slow!\n\nYou did not win or lose anything!'
306.3288 	EXP 	feedbackMsg: autoDraw = True
306.3658 	DATA 	Keypress: 1
306.9494 	DATA 	Keypress: 5
307.7151 	DATA 	Keypress: 5
307.8971 	EXP 	New trial (rep=0, index=44): OrderedDict([('Condition', 'SmallReward'), ('FixationDur', 1500)])
307.9439 	EXP 	feedbackMsg: autoDraw = False
307.9439 	EXP 	feedbackMsg: autoDraw = False
307.9439 	EXP 	cueImage: image = 'images/WinSmall.bmp'
307.9439 	EXP 	cueImage: autoDraw = True
308.4974 	DATA 	Keypress: 5
309.2816 	DATA 	Keypress: 5
309.9610 	EXP 	cueImage: autoDraw = False
309.9610 	EXP 	fixation: autoDraw = True
310.0482 	DATA 	Keypress: 5
310.8326 	DATA 	Keypress: 5
311.5118 	EXP 	fixation: autoDraw = False
311.5118 	EXP 	fixation: autoDraw = False
311.5118 	EXP 	Target: image = 'images/WinProbe.bmp'
311.5118 	EXP 	Target: autoDraw = True
311.6161 	DATA 	Keypress: 5
311.9570 	DATA 	Keypress: 1
311.9616 	EXP 	Target: autoDraw = False
311.9616 	EXP 	Target: autoDraw = False
311.9616 	EXP 	feedbackMsg: text = 'You pressed too slow!\n\nYou did not win $0.20!'
311.9616 	EXP 	feedbackMsg: autoDraw = True
312.3807 	DATA 	Keypress: 5
313.1657 	DATA 	Keypress: 5
313.5301 	EXP 	New trial (rep=0, index=45): OrderedDict([('Condition', 'LgReward'), ('FixationDur', 2000)])
313.5615 	EXP 	feedbackMsg: autoDraw = False
313.5615 	EXP 	feedbackMsg: autoDraw = False
313.5615 	EXP 	cueImage: image = 'images/WinBig.bmp'
313.5615 	EXP 	cueImage: autoDraw = True
313.9492 	DATA 	Keypress: 5
314.7140 	DATA 	Keypress: 5
315.4978 	DATA 	Keypress: 5
315.5954 	EXP 	cueImage: autoDraw = False
315.5954 	EXP 	fixation: autoDraw = True
316.2831 	DATA 	Keypress: 5
317.0487 	DATA 	Keypress: 5
317.6456 	EXP 	fixation: autoDraw = False
317.6456 	EXP 	fixation: autoDraw = False
317.6456 	EXP 	Target: image = 'images/WinProbe.bmp'
317.6456 	EXP 	Target: autoDraw = True
317.8315 	DATA 	Keypress: 5
317.9666 	DATA 	Keypress: 1
318.0960 	EXP 	Target: autoDraw = False
318.0960 	EXP 	Target: autoDraw = False
318.0960 	EXP 	feedbackMsg: text = 'Correct Response!\n\nYou won $5.00!'
318.0960 	EXP 	feedbackMsg: autoDraw = True
318.6161 	DATA 	Keypress: 5
319.3988 	DATA 	Keypress: 5
319.6630 	EXP 	New trial (rep=0, index=46): OrderedDict([('Condition', 'LgReward'), ('FixationDur', 1500)])
319.6955 	EXP 	feedbackMsg: autoDraw = False
319.6955 	EXP 	feedbackMsg: autoDraw = False
319.6955 	EXP 	cueImage: image = 'images/WinBig.bmp'
319.6955 	EXP 	cueImage: autoDraw = True
320.1653 	DATA 	Keypress: 5
320.9491 	DATA 	Keypress: 5
321.7158 	DATA 	Keypress: 5
321.7292 	EXP 	cueImage: autoDraw = False
321.7292 	EXP 	fixation: autoDraw = True
322.4986 	DATA 	Keypress: 5
323.2789 	EXP 	fixation: autoDraw = False
323.2789 	EXP 	fixation: autoDraw = False
323.2789 	EXP 	Target: image = 'images/WinProbe.bmp'
323.2789 	EXP 	Target: autoDraw = True
323.2830 	DATA 	Keypress: 5
323.7602 	DATA 	Keypress: 1
323.7793 	EXP 	Target: autoDraw = False
323.7793 	EXP 	Target: autoDraw = False
323.7793 	EXP 	feedbackMsg: text = 'You pressed too slow!\n\nYou did not win $5.00!'
323.7793 	EXP 	feedbackMsg: autoDraw = True
324.0658 	DATA 	Keypress: 5
324.8325 	DATA 	Keypress: 5
325.2984 	EXP 	New trial (rep=0, index=47): OrderedDict([('Condition', 'LgPun'), ('FixationDur', 3000)])
325.3128 	EXP 	feedbackMsg: autoDraw = False
325.3128 	EXP 	feedbackMsg: autoDraw = False
325.3128 	EXP 	cueImage: image = 'images/LoseBig.bmp'
325.3128 	EXP 	cueImage: autoDraw = True
325.6166 	DATA 	Keypress: 5
326.3997 	DATA 	Keypress: 5
327.1646 	DATA 	Keypress: 5
327.3468 	EXP 	cueImage: autoDraw = False
327.3468 	EXP 	cueImage: autoDraw = False
327.3468 	EXP 	fixation: autoDraw = True
327.9497 	DATA 	Keypress: 5
328.7330 	DATA 	Keypress: 5
329.4983 	DATA 	Keypress: 5
330.2837 	DATA 	Keypress: 5
330.3789 	EXP 	fixation: autoDraw = False
330.3789 	EXP 	fixation: autoDraw = False
330.3789 	EXP 	Target: image = 'images/LoseProbe.bmp'
330.3789 	EXP 	Target: autoDraw = True
330.6658 	DATA 	Keypress: 1
330.8796 	EXP 	Target: autoDraw = False
330.8796 	EXP 	Target: autoDraw = False
330.8796 	EXP 	feedbackMsg: text = 'Correct Response!\n\nYou did not lose $5.00!'
330.8796 	EXP 	feedbackMsg: autoDraw = True
331.0657 	DATA 	Keypress: 5
331.8329 	DATA 	Keypress: 5
332.4145 	EXP 	New trial (rep=0, index=48): OrderedDict([('Condition', 'LgPun'), ('FixationDur', 3500)])
332.4299 	EXP 	feedbackMsg: autoDraw = False
332.4299 	EXP 	feedbackMsg: autoDraw = False
332.4299 	EXP 	cueImage: image = 'images/LoseBig.bmp'
332.4299 	EXP 	cueImage: autoDraw = True
332.6159 	DATA 	Keypress: 5
333.3998 	DATA 	Keypress: 5
334.1664 	DATA 	Keypress: 5
334.4633 	EXP 	cueImage: autoDraw = False
334.4633 	EXP 	cueImage: autoDraw = False
334.4633 	EXP 	fixation: autoDraw = True
334.9500 	DATA 	Keypress: 5
335.7339 	DATA 	Keypress: 5
336.4999 	DATA 	Keypress: 5
337.2827 	DATA 	Keypress: 5
337.9966 	EXP 	fixation: autoDraw = False
337.9966 	EXP 	fixation: autoDraw = False
337.9966 	EXP 	Target: image = 'images/LoseProbe.bmp'
337.9966 	EXP 	Target: autoDraw = True
338.0679 	DATA 	Keypress: 5
338.3178 	DATA 	Keypress: 1
338.4972 	EXP 	Target: autoDraw = False
338.4972 	EXP 	Target: autoDraw = False
338.4972 	EXP 	feedbackMsg: text = 'Correct Response!\n\nYou did not lose $5.00!'
338.4972 	EXP 	feedbackMsg: autoDraw = True
338.8332 	DATA 	Keypress: 5
339.6152 	DATA 	Keypress: 5
340.0154 	EXP 	New trial (rep=0, index=49): OrderedDict([('Condition', 'LgPun'), ('FixationDur', 2500)])
340.0298 	EXP 	feedbackMsg: autoDraw = False
340.0298 	EXP 	feedbackMsg: autoDraw = False
340.0298 	EXP 	cueImage: image = 'images/LoseBig.bmp'
340.0298 	EXP 	cueImage: autoDraw = True
340.4009 	DATA 	Keypress: 5
341.1669 	DATA 	Keypress: 5
341.9490 	DATA 	Keypress: 5
342.0642 	EXP 	cueImage: autoDraw = False
342.0642 	EXP 	cueImage: autoDraw = False
342.0642 	EXP 	fixation: autoDraw = True
342.7342 	DATA 	Keypress: 5
343.5009 	DATA 	Keypress: 5
344.2835 	DATA 	Keypress: 5
344.5967 	EXP 	fixation: autoDraw = False
344.5967 	EXP 	fixation: autoDraw = False
344.5967 	EXP 	Target: image = 'images/LoseProbe.bmp'
344.5967 	EXP 	Target: autoDraw = True
344.9326 	DATA 	Keypress: 1
345.0641 	EXP 	Target: autoDraw = False
345.0641 	EXP 	Target: autoDraw = False
345.0641 	EXP 	feedbackMsg: text = 'Correct Response!\n\nYou did not lose $5.00!'
345.0641 	EXP 	feedbackMsg: autoDraw = True
345.0684 	DATA 	Keypress: 5
345.8518 	DATA 	Keypress: 5
346.6133 	EXP 	feedbackMsg: autoDraw = False
346.6133 	EXP 	feedbackMsg: autoDraw = False
346.6133 	EXP 	polygon: autoDraw = True
346.6164 	DATA 	Keypress: 5
347.4007 	DATA 	Keypress: 5
348.1851 	DATA 	Keypress: 5
348.9493 	DATA 	Keypress: 5
349.7324 	DATA 	Keypress: 5
351.6314 	EXP 	polygon: autoDraw = False
351.6314 	EXP 	polygon: autoDraw = False
351.6314 	EXP 	text: text = 'All done!\n\nYou earned a total of: $5.00!'
351.6314 	EXP 	text: autoDraw = True
354.6652 	EXP 	text: autoDraw = False
354.6652 	EXP 	text: autoDraw = False
354.6652 	EXP 	polygon2: autoDraw = True
361.8678 	DATA 	Keypress: 5
362.6530 	DATA 	Keypress: 5
363.4364 	DATA 	Keypress: 5
364.2009 	DATA 	Keypress: 5
369.3850 	DATA 	Keypress: escape
369.7198 	EXP 	window1: mouseVisible = True
