6.4322 	EXP 	Created window1 = Window(allowGUI=False, allowStencil=False, args=UNKNOWN, autoLog=True, bitsMode=UNKNOWN, blendMode='avg', color=array([0., 0., 0.]), colorSpace='rgb', fullscr=<method-wrapper '__getattribute__' of attributeSetter object at 0x1245a5e10>, gamma=None, kwargs=UNKNOWN, lms=UNKNOWN, monitor=<psychopy.monitors.calibTools.Monitor object at 0x1289350b8>, multiSample=False, name='window1', numSamples=2, pos=[0.0, 0.0], screen=0, size=array([1920, 1080]), stereo=False, units='height', useFBO=True, useRetina=False, viewOri=0.0, viewPos=None, viewScale=None, waitBlanking=True, winType='pyglet')
6.4322 	EXP 	window1: recordFrameIntervals = False
6.5985 	EXP 	window1: recordFrameIntervals = True
6.7819 	EXP 	window1: recordFrameIntervals = False
6.8660 	EXP 	Created instructFig = ImageStim(__class__=<class 'psychopy.visual.image.ImageStim'>, autoLog=True, color=array([1., 1., 1.]), colorSpace='rgb', contrast=1.0, depth=0.0, flipHoriz=False, flipVert=False, image='images/MID_instructions.bmp', interpolate=True, mask=None, maskParams=None, name='instructFig', opacity=1.0, ori=0.0, pos=array([0., 0.]), size=array([1., 1.]), texRes=128, units='height', win=Window(...))
6.8674 	EXP 	Created image = ImageStim(__class__=<class 'psychopy.visual.image.ImageStim'>, autoLog=True, color=array([1., 1., 1.]), colorSpace='rgb', contrast=1.0, depth=-1.0, flipHoriz=False, flipVert=False, image='sin', interpolate=True, mask=None, maskParams=None, name='image', opacity=1.0, ori=0.0, pos=array([0., 0.]), size=array([0.5, 0.5]), texRes=128, units='height', win=Window(...))
6.9782 	EXP 	Created Fixation = TextStim(__class__=<class 'psychopy.visual.text.TextStim'>, alignHoriz='center', alignVert='center', antialias=True, autoLog=True, bold=False, color='white', colorSpace='named', contrast=1.0, depth=-1.0, flipHoriz=False, flipVert=False, font='Arial', fontFiles=[], height=0.1, italic=False, languageStyle='LTR', name='Fixation', opacity=1.0, ori=0, pos=array([0., 0.]), rgb=array([255., 255., 255.]), text='3.978', units='height', win=Window(...), wrapWidth=1)
6.9796 	EXP 	Created Target = ImageStim(__class__=<class 'psychopy.visual.image.ImageStim'>, autoLog=True, color=array([1., 1., 1.]), colorSpace='rgb', contrast=1.0, depth=-2.0, flipHoriz=False, flipVert=False, image='sin', interpolate=True, mask=None, maskParams=None, name='Target', opacity=1.0, ori=0.0, pos=array([0., 0.]), size=array([0.5, 0.5]), texRes=128, units='height', win=Window(...))
6.9891 	EXP 	Created feedbackMsg = TextStim(__class__=<class 'psychopy.visual.text.TextStim'>, alignHoriz='center', alignVert='center', antialias=True, autoLog=True, bold=False, color='white', colorSpace='named', contrast=1.0, depth=0.0, flipHoriz=False, flipVert=False, font='Arial', fontFiles=[], height=0.1, italic=False, languageStyle='LTR', name='feedbackMsg', opacity=1.0, ori=0, pos=array([0., 0.]), rgb=array([255., 255., 255.]), text='default text', units='height', win=Window(...), wrapWidth=1)
7.0022 	EXP 	instructFig: autoDraw = True
8.5507 	DATA 	Keypress: return
10.0674 	DATA 	Keypress: space
10.0783 	EXP 	Imported MID_trials.xlsx as conditions, 5 conditions, 3 params
10.0788 	EXP 	Created sequence: random, trialTypes=5, nReps=10, seed=None
10.0791 	EXP 	New trial (rep=0, index=0): OrderedDict([('cue', 'images/LoseSmall.BMP'), ('probe', 'images/LoseProbe.BMP'), ('feedbackText', 'You won $0.20')])
10.1147 	EXP 	instructFig: autoDraw = False
10.1147 	EXP 	image: image = 'images/LoseSmall.BMP'
10.1147 	EXP 	image: autoDraw = True
12.1143 	EXP 	image: autoDraw = False
12.1143 	EXP 	Target: image = 'images/LoseProbe.BMP'
12.1143 	EXP 	Fixation: autoDraw = True
12.1143 	EXP 	Target: autoDraw = True
18.1824 	DATA 	Keypress: space
18.2020 	EXP 	Fixation: autoDraw = False
18.2020 	EXP 	Target: autoDraw = False
18.2020 	EXP 	feedbackMsg: text = 'You won $0.20'
18.2020 	EXP 	feedbackMsg: autoDraw = True
18.6159 	DATA 	Keypress: space
18.9666 	DATA 	Keypress: space
19.6819 	EXP 	New trial (rep=0, index=1): OrderedDict([('cue', 'images/Neutral.BMP'), ('probe', 'images/NeutralProbe.BMP'), ('feedbackText', 'You lost $5.00')])
19.7027 	EXP 	feedbackMsg: autoDraw = False
19.7027 	EXP 	feedbackMsg: autoDraw = False
19.7027 	EXP 	image: image = 'images/Neutral.BMP'
19.7027 	EXP 	image: autoDraw = True
19.7662 	DATA 	Keypress: escape
20.0489 	EXP 	window1: mouseVisible = True
