7.1991 	EXP 	Created window1 = Window(allowGUI=False, allowStencil=False, args=UNKNOWN, autoLog=True, bitsMode=UNKNOWN, blendMode='avg', color=array([0., 0., 0.]), colorSpace='rgb', fullscr=<method-wrapper '__getattribute__' of attributeSetter object at 0x125de3ef0>, gamma=None, kwargs=UNKNOWN, lms=UNKNOWN, monitor=<psychopy.monitors.calibTools.Monitor object at 0x128751358>, multiSample=False, name='window1', numSamples=2, pos=[0.0, 0.0], screen=0, size=array([1920, 1080]), stereo=False, units='height', useFBO=True, useRetina=False, viewOri=0.0, viewPos=None, viewScale=None, waitBlanking=True, winType='pyglet')
7.1991 	EXP 	window1: recordFrameIntervals = False
7.3655 	EXP 	window1: recordFrameIntervals = True
7.5488 	EXP 	window1: recordFrameIntervals = False
7.6668 	EXP 	Created instructFig = ImageStim(__class__=<class 'psychopy.visual.image.ImageStim'>, autoLog=True, color=array([1., 1., 1.]), colorSpace='rgb', contrast=1.0, depth=0.0, flipHoriz=False, flipVert=False, image='images/MID_instructions.bmp', interpolate=True, mask=None, maskParams=None, name='instructFig', opacity=1.0, ori=0.0, pos=array([0., 0.]), size=array([1.3, 1. ]), texRes=128, units='height', win=Window(...))
7.7999 	EXP 	Created text_2 = TextStim(__class__=<class 'psychopy.visual.text.TextStim'>, alignHoriz='center', alignVert='center', antialias=True, autoLog=True, bold=False, color='white', colorSpace='named', contrast=1.0, depth=0.0, flipHoriz=False, flipVert=False, font='Arial', fontFiles=[], height=0.1, italic=False, languageStyle='LTR', name='text_2', opacity=1.0, ori=0, pos=array([0., 0.]), rgb=array([255., 255., 255.]), text='Waiting for scanner trigger...', units='height', win=Window(...), wrapWidth=2)
7.8080 	EXP 	Created PrepFixation = ShapeStim(__class__=<class 'psychopy.visual.shape.ShapeStim'>, autoDraw=False, autoLog=True, closeShape=True, contrast=1.0, depth=0.0, fillColor=array([1., 1., 1.]), fillColorSpace='rgb', interpolate=True, lineColor=array([1., 1., 1.]), lineColorSpace='rgb', lineWidth=1, name='PrepFixation', opacity=1.0, ori=array(0.), pos=array([0., 0.]), size=array([0.05, 0.05]), units='height', vertices=ndarray(...), win=Window(...), windingRule=None)
7.8104 	EXP 	Created cueImage = ImageStim(__class__=<class 'psychopy.visual.image.ImageStim'>, autoLog=True, color=array([1., 1., 1.]), colorSpace='rgb', contrast=1.0, depth=0.0, flipHoriz=False, flipVert=False, image='sin', interpolate=True, mask=None, maskParams=None, name='cueImage', opacity=1.0, ori=0.0, pos=array([0., 0.]), size=array([1.3, 1. ]), texRes=128, units='height', win=Window(...))
7.8123 	EXP 	Created fixation = ShapeStim(__class__=<class 'psychopy.visual.shape.ShapeStim'>, autoDraw=False, autoLog=True, closeShape=True, contrast=1.0, depth=-1.0, fillColor=array([1., 1., 1.]), fillColorSpace='rgb', interpolate=True, lineColor=array([1., 1., 1.]), lineColorSpace='rgb', lineWidth=1, name='fixation', opacity=1.0, ori=array(0.), pos=array([0., 0.]), size=array([0.05, 0.05]), units='height', vertices=ndarray(...), win=Window(...), windingRule=None)
7.8143 	EXP 	Created Target = ImageStim(__class__=<class 'psychopy.visual.image.ImageStim'>, autoLog=True, color=array([1., 1., 1.]), colorSpace='rgb', contrast=1.0, depth=-1.0, flipHoriz=False, flipVert=False, image='sin', interpolate=True, mask=None, maskParams=None, name='Target', opacity=1.0, ori=0.0, pos=array([0., 0.]), size=array([1.3, 1. ]), texRes=128, units='height', win=Window(...))
7.8258 	EXP 	Created feedbackMsg = TextStim(__class__=<class 'psychopy.visual.text.TextStim'>, alignHoriz='center', alignVert='center', antialias=True, autoLog=True, bold=False, color='white', colorSpace='named', contrast=1.0, depth=-2.0, flipHoriz=False, flipVert=False, font='Arial', fontFiles=[], height=0.1, italic=False, languageStyle='LTR', name='feedbackMsg', opacity=1.0, ori=0, pos=array([0., 0.]), rgb=array([255., 255., 255.]), text='default text', units='height', win=Window(...), wrapWidth=2)
7.8278 	EXP 	Created polygon = ShapeStim(__class__=<class 'psychopy.visual.shape.ShapeStim'>, autoDraw=False, autoLog=True, closeShape=True, contrast=1.0, depth=0.0, fillColor=array([1., 1., 1.]), fillColorSpace='rgb', interpolate=True, lineColor=array([1., 1., 1.]), lineColorSpace='rgb', lineWidth=1, name='polygon', opacity=1.0, ori=array(0.), pos=array([0., 0.]), size=array([0.5, 0.5]), units='height', vertices=ndarray(...), win=Window(...), windingRule=None)
7.8283 	EXP 	Created text = TextStim(__class__=<class 'psychopy.visual.text.TextStim'>, alignHoriz='center', alignVert='center', antialias=True, autoLog=True, bold=False, color='white', colorSpace='named', contrast=1.0, depth=-1.0, flipHoriz=False, flipVert=False, font='Arial', fontFiles=[], height=0.1, italic=False, languageStyle='LTR', name='text', opacity=1.0, ori=0, pos=array([0., 0.]), rgb=array([255., 255., 255.]), text='', units='height', win=Window(...), wrapWidth=1)
7.8428 	EXP 	instructFig: autoDraw = True
8.3019 	DATA 	Keypress: space
8.3268 	EXP 	instructFig: autoDraw = False
8.3268 	EXP 	text_2: autoDraw = True
8.9999 	DATA 	Keypress: space
9.0144 	EXP 	text_2: autoDraw = False
9.0144 	EXP 	PrepFixation: autoDraw = True
11.0151 	EXP 	Imported MID_trials.xlsx as conditions, 5 conditions, 3 params
11.0156 	EXP 	Created sequence: random, trialTypes=5, nReps=10, seed=None
11.0160 	EXP 	New trial (rep=0, index=0): OrderedDict([('cue', 'images/WinBig.BMP'), ('probe', 'images/WinProbe.BMP'), ('condition', 'WinBig')])
11.0389 	EXP 	PrepFixation: autoDraw = False
11.0389 	EXP 	PrepFixation: autoDraw = False
11.0389 	EXP 	cueImage: image = 'images/WinBig.BMP'
11.0389 	EXP 	cueImage: autoDraw = True
11.5338 	DATA 	Keypress: space
13.0304 	EXP 	cueImage: autoDraw = False
13.0304 	EXP 	fixation: autoDraw = True
15.8487 	EXP 	fixation: autoDraw = False
15.8487 	EXP 	fixation: autoDraw = False
15.8487 	EXP 	Target: image = 'images/WinProbe.BMP'
15.8487 	EXP 	Target: autoDraw = True
16.1663 	DATA 	Keypress: space
16.3561 	EXP 	Target: autoDraw = False
16.3561 	EXP 	Target: autoDraw = False
16.3561 	EXP 	feedbackMsg: text = 'Correct Response!\n\nYou won $5.00!\n\nTotal Earnings: $5.00!'
16.3561 	EXP 	feedbackMsg: autoDraw = True
17.8146 	EXP 	New trial (rep=0, index=1): OrderedDict([('cue', 'images/LoseSmall.BMP'), ('probe', 'images/LoseProbe.BMP'), ('condition', 'LoseSmall')])
17.8397 	EXP 	feedbackMsg: autoDraw = False
17.8397 	EXP 	feedbackMsg: autoDraw = False
17.8397 	EXP 	cueImage: image = 'images/LoseSmall.BMP'
17.8397 	EXP 	cueImage: autoDraw = True
19.8299 	EXP 	cueImage: autoDraw = False
19.8299 	EXP 	cueImage: autoDraw = False
19.8299 	EXP 	fixation: autoDraw = True
23.4634 	EXP 	fixation: autoDraw = False
23.4634 	EXP 	fixation: autoDraw = False
23.4634 	EXP 	Target: image = 'images/LoseProbe.BMP'
23.4634 	EXP 	Target: autoDraw = True
23.7489 	DATA 	Keypress: space
23.9630 	EXP 	Target: autoDraw = False
23.9630 	EXP 	Target: autoDraw = False
23.9630 	EXP 	feedbackMsg: text = 'Correct Response!\n\nYou did not lose $0.20!\n\nTotal Earnings: $5.00!'
23.9630 	EXP 	feedbackMsg: autoDraw = True
25.4302 	EXP 	New trial (rep=0, index=2): OrderedDict([('cue', 'images/LoseBig.BMP'), ('probe', 'images/LoseProbe.BMP'), ('condition', 'LoseBig')])
25.4633 	EXP 	feedbackMsg: autoDraw = False
25.4633 	EXP 	feedbackMsg: autoDraw = False
25.4633 	EXP 	cueImage: image = 'images/LoseBig.BMP'
25.4633 	EXP 	cueImage: autoDraw = True
27.4460 	EXP 	cueImage: autoDraw = False
27.4460 	EXP 	cueImage: autoDraw = False
27.4460 	EXP 	fixation: autoDraw = True
29.9618 	EXP 	fixation: autoDraw = False
29.9618 	EXP 	fixation: autoDraw = False
29.9618 	EXP 	Target: image = 'images/LoseProbe.BMP'
29.9618 	EXP 	Target: autoDraw = True
30.2811 	DATA 	Keypress: space
30.4785 	EXP 	Target: autoDraw = False
30.4785 	EXP 	Target: autoDraw = False
30.4785 	EXP 	feedbackMsg: text = 'Correct Response!\n\nYou did not lose $5.00!\n\nTotal Earnings: $5.00!'
30.4785 	EXP 	feedbackMsg: autoDraw = True
31.9460 	EXP 	New trial (rep=0, index=3): OrderedDict([('cue', 'images/Neutral.BMP'), ('probe', 'images/NeutralProbe.BMP'), ('condition', 'Neutral')])
31.9734 	EXP 	feedbackMsg: autoDraw = False
31.9734 	EXP 	feedbackMsg: autoDraw = False
31.9734 	EXP 	cueImage: image = 'images/Neutral.BMP'
31.9734 	EXP 	cueImage: autoDraw = True
33.9611 	EXP 	cueImage: autoDraw = False
33.9611 	EXP 	cueImage: autoDraw = False
33.9611 	EXP 	fixation: autoDraw = True
36.1061 	EXP 	fixation: autoDraw = False
36.1061 	EXP 	fixation: autoDraw = False
36.1061 	EXP 	Target: image = 'images/NeutralProbe.BMP'
36.1061 	EXP 	Target: autoDraw = True
36.8764 	EXP 	window1: mouseVisible = True
