8.8640 	EXP 	Created window1 = Window(allowGUI=False, allowStencil=False, args=UNKNOWN, autoLog=True, bitsMode=UNKNOWN, blendMode='avg', color=array([0., 0., 0.]), colorSpace='rgb', fullscr=<method-wrapper '__getattribute__' of attributeSetter object at 0x12451deb8>, gamma=None, kwargs=UNKNOWN, lms=UNKNOWN, monitor=<psychopy.monitors.calibTools.Monitor object at 0x128859e80>, multiSample=False, name='window1', numSamples=2, pos=[0.0, 0.0], screen=0, size=array([1920, 1080]), stereo=False, units='height', useFBO=True, useRetina=False, viewOri=0.0, viewPos=None, viewScale=None, waitBlanking=True, winType='pyglet')
8.8640 	EXP 	window1: recordFrameIntervals = False
9.0305 	EXP 	window1: recordFrameIntervals = True
9.2141 	EXP 	window1: recordFrameIntervals = False
9.2990 	EXP 	Created instructFig = ImageStim(__class__=<class 'psychopy.visual.image.ImageStim'>, autoLog=True, color=array([1., 1., 1.]), colorSpace='rgb', contrast=1.0, depth=0.0, flipHoriz=False, flipVert=False, image='images/MID_instructions.bmp', interpolate=True, mask=None, maskParams=None, name='instructFig', opacity=1.0, ori=0.0, pos=array([0., 0.]), size=array([1.3, 1. ]), texRes=128, units='height', win=Window(...))
9.4192 	EXP 	Created text_2 = TextStim(__class__=<class 'psychopy.visual.text.TextStim'>, alignHoriz='center', alignVert='center', antialias=True, autoLog=True, bold=False, color='white', colorSpace='named', contrast=1.0, depth=0.0, flipHoriz=False, flipVert=False, font='Arial', fontFiles=[], height=0.1, italic=False, languageStyle='LTR', name='text_2', opacity=1.0, ori=0, pos=array([0., 0.]), rgb=array([255., 255., 255.]), text='Waiting for scanner trigger...', units='height', win=Window(...), wrapWidth=2)
9.4276 	EXP 	Created PrepFixation = ShapeStim(__class__=<class 'psychopy.visual.shape.ShapeStim'>, autoDraw=False, autoLog=True, closeShape=True, contrast=1.0, depth=0.0, fillColor=array([1., 1., 1.]), fillColorSpace='rgb', interpolate=True, lineColor=array([1., 1., 1.]), lineColorSpace='rgb', lineWidth=1, name='PrepFixation', opacity=1.0, ori=array(0.), pos=array([0., 0.]), size=array([0.05, 0.05]), units='height', vertices=ndarray(...), win=Window(...), windingRule=None)
9.4298 	EXP 	Created cueImage = ImageStim(__class__=<class 'psychopy.visual.image.ImageStim'>, autoLog=True, color=array([1., 1., 1.]), colorSpace='rgb', contrast=1.0, depth=0.0, flipHoriz=False, flipVert=False, image='sin', interpolate=True, mask=None, maskParams=None, name='cueImage', opacity=1.0, ori=0.0, pos=array([0., 0.]), size=array([1.3, 1. ]), texRes=128, units='height', win=Window(...))
9.4318 	EXP 	Created fixation = ShapeStim(__class__=<class 'psychopy.visual.shape.ShapeStim'>, autoDraw=False, autoLog=True, closeShape=True, contrast=1.0, depth=-1.0, fillColor=array([1., 1., 1.]), fillColorSpace='rgb', interpolate=True, lineColor=array([1., 1., 1.]), lineColorSpace='rgb', lineWidth=1, name='fixation', opacity=1.0, ori=array(0.), pos=array([0., 0.]), size=array([0.05, 0.05]), units='height', vertices=ndarray(...), win=Window(...), windingRule=None)
9.4339 	EXP 	Created Target = ImageStim(__class__=<class 'psychopy.visual.image.ImageStim'>, autoLog=True, color=array([1., 1., 1.]), colorSpace='rgb', contrast=1.0, depth=-1.0, flipHoriz=False, flipVert=False, image='sin', interpolate=True, mask=None, maskParams=None, name='Target', opacity=1.0, ori=0.0, pos=array([0., 0.]), size=array([1.3, 1. ]), texRes=128, units='height', win=Window(...))
9.4471 	EXP 	Created feedbackMsg = TextStim(__class__=<class 'psychopy.visual.text.TextStim'>, alignHoriz='center', alignVert='center', antialias=True, autoLog=True, bold=False, color='white', colorSpace='named', contrast=1.0, depth=-2.0, flipHoriz=False, flipVert=False, font='Arial', fontFiles=[], height=0.1, italic=False, languageStyle='LTR', name='feedbackMsg', opacity=1.0, ori=0, pos=array([0., 0.]), rgb=array([255., 255., 255.]), text='default text', units='height', win=Window(...), wrapWidth=2)
9.4495 	EXP 	Created polygon = ShapeStim(__class__=<class 'psychopy.visual.shape.ShapeStim'>, autoDraw=False, autoLog=True, closeShape=True, contrast=1.0, depth=0.0, fillColor=array([1., 1., 1.]), fillColorSpace='rgb', interpolate=True, lineColor=array([1., 1., 1.]), lineColorSpace='rgb', lineWidth=1, name='polygon', opacity=1.0, ori=array(0.), pos=array([0., 0.]), size=array([0.5, 0.5]), units='height', vertices=ndarray(...), win=Window(...), windingRule=None)
9.4501 	EXP 	Created text = TextStim(__class__=<class 'psychopy.visual.text.TextStim'>, alignHoriz='center', alignVert='center', antialias=True, autoLog=True, bold=False, color='white', colorSpace='named', contrast=1.0, depth=-1.0, flipHoriz=False, flipVert=False, font='Arial', fontFiles=[], height=0.1, italic=False, languageStyle='LTR', name='text', opacity=1.0, ori=0, pos=array([0., 0.]), rgb=array([255., 255., 255.]), text='', units='height', win=Window(...), wrapWidth=1)
9.4746 	EXP 	instructFig: autoDraw = True
10.1846 	DATA 	Keypress: space
10.1971 	EXP 	instructFig: autoDraw = False
10.1971 	EXP 	text_2: autoDraw = True
10.8500 	DATA 	Keypress: space
10.8640 	EXP 	text_2: autoDraw = False
10.8640 	EXP 	PrepFixation: autoDraw = True
12.8637 	EXP 	Imported MID_trials.xlsx as conditions, 5 conditions, 3 params
12.8641 	EXP 	Created sequence: random, trialTypes=5, nReps=10, seed=None
12.8644 	EXP 	New trial (rep=0, index=0): OrderedDict([('cue', 'images/LoseSmall.BMP'), ('probe', 'images/LoseProbe.BMP'), ('condition', 'LoseSmall')])
12.8909 	EXP 	PrepFixation: autoDraw = False
12.8909 	EXP 	PrepFixation: autoDraw = False
12.8909 	EXP 	cueImage: image = 'images/LoseSmall.BMP'
12.8909 	EXP 	cueImage: autoDraw = True
14.8799 	EXP 	cueImage: autoDraw = False
14.8799 	EXP 	fixation: autoDraw = True
17.3739 	EXP 	fixation: autoDraw = False
17.3739 	EXP 	fixation: autoDraw = False
17.3739 	EXP 	Target: image = 'images/LoseProbe.BMP'
17.3739 	EXP 	Target: autoDraw = True
17.6323 	DATA 	Keypress: space
17.8902 	EXP 	Target: autoDraw = False
17.8902 	EXP 	Target: autoDraw = False
17.8902 	EXP 	feedbackMsg: text = 'Correct Response!\n\nYou did not lose $0.20!\n\nTotal Earnings: $0.00!'
17.8902 	EXP 	feedbackMsg: autoDraw = True
19.3468 	EXP 	New trial (rep=0, index=1): OrderedDict([('cue', 'images/WinSmall.BMP'), ('probe', 'images/WinProbe.BMP'), ('condition', 'WinSmall')])
19.3738 	EXP 	feedbackMsg: autoDraw = False
19.3738 	EXP 	feedbackMsg: autoDraw = False
19.3738 	EXP 	cueImage: image = 'images/WinSmall.BMP'
19.3738 	EXP 	cueImage: autoDraw = True
21.3628 	EXP 	cueImage: autoDraw = False
21.3628 	EXP 	fixation: autoDraw = True
23.2132 	EXP 	fixation: autoDraw = False
23.2132 	EXP 	fixation: autoDraw = False
23.2132 	EXP 	Target: image = 'images/WinProbe.BMP'
23.2132 	EXP 	Target: autoDraw = True
23.5979 	DATA 	Keypress: space
23.7292 	EXP 	Target: autoDraw = False
23.7292 	EXP 	Target: autoDraw = False
23.7292 	EXP 	feedbackMsg: text = 'Correct Response!\n\nYou won $0.20!\n\nTotal Earnings: $0.20!'
23.7292 	EXP 	feedbackMsg: autoDraw = True
25.1965 	EXP 	New trial (rep=0, index=2): OrderedDict([('cue', 'images/WinBig.BMP'), ('probe', 'images/WinProbe.BMP'), ('condition', 'WinBig')])
25.2124 	EXP 	feedbackMsg: autoDraw = False
25.2124 	EXP 	feedbackMsg: autoDraw = False
25.2124 	EXP 	cueImage: image = 'images/WinBig.BMP'
25.2124 	EXP 	cueImage: autoDraw = True
27.2126 	EXP 	cueImage: autoDraw = False
27.2126 	EXP 	cueImage: autoDraw = False
27.2126 	EXP 	fixation: autoDraw = True
30.5793 	EXP 	fixation: autoDraw = False
30.5793 	EXP 	fixation: autoDraw = False
30.5793 	EXP 	Target: image = 'images/WinProbe.BMP'
30.5793 	EXP 	Target: autoDraw = True
31.0140 	DATA 	Keypress: space
31.0900 	EXP 	Target: autoDraw = False
31.0900 	EXP 	Target: autoDraw = False
31.0900 	EXP 	feedbackMsg: text = 'Correct Response!\n\nYou won $5.00!\n\nTotal Earnings: $5.20!'
31.0900 	EXP 	feedbackMsg: autoDraw = True
32.5619 	EXP 	New trial (rep=0, index=3): OrderedDict([('cue', 'images/Neutral.BMP'), ('probe', 'images/NeutralProbe.BMP'), ('condition', 'Neutral')])
32.5782 	EXP 	feedbackMsg: autoDraw = False
32.5782 	EXP 	feedbackMsg: autoDraw = False
32.5782 	EXP 	cueImage: image = 'images/Neutral.BMP'
32.5782 	EXP 	cueImage: autoDraw = True
34.5783 	EXP 	cueImage: autoDraw = False
34.5783 	EXP 	cueImage: autoDraw = False
34.5783 	EXP 	fixation: autoDraw = True
36.0946 	EXP 	fixation: autoDraw = False
36.0946 	EXP 	fixation: autoDraw = False
36.0946 	EXP 	Target: image = 'images/NeutralProbe.BMP'
36.0946 	EXP 	Target: autoDraw = True
36.3796 	DATA 	Keypress: space
36.6117 	EXP 	Target: autoDraw = False
36.6117 	EXP 	Target: autoDraw = False
36.6117 	EXP 	feedbackMsg: text = 'Correct Response!\n\nYou did not win or lose anything!\n\nTotal Earnings: $5.20!'
36.6117 	EXP 	feedbackMsg: autoDraw = True
38.0782 	EXP 	New trial (rep=0, index=4): OrderedDict([('cue', 'images/LoseBig.BMP'), ('probe', 'images/LoseProbe.BMP'), ('condition', 'LoseBig')])
38.0940 	EXP 	feedbackMsg: autoDraw = False
38.0940 	EXP 	feedbackMsg: autoDraw = False
38.0940 	EXP 	cueImage: image = 'images/LoseBig.BMP'
38.0940 	EXP 	cueImage: autoDraw = True
40.0936 	EXP 	cueImage: autoDraw = False
40.0936 	EXP 	cueImage: autoDraw = False
40.0936 	EXP 	fixation: autoDraw = True
43.3935 	EXP 	fixation: autoDraw = False
43.3935 	EXP 	fixation: autoDraw = False
43.3935 	EXP 	Target: image = 'images/LoseProbe.BMP'
43.3935 	EXP 	Target: autoDraw = True
43.9065 	EXP 	Target: autoDraw = False
43.9065 	EXP 	Target: autoDraw = False
43.9065 	EXP 	feedbackMsg: text = 'You pressed too slow!\n\nYou lost $5.00!\n\nTotal Earnings: $0.20!'
43.9065 	EXP 	feedbackMsg: autoDraw = True
45.3783 	EXP 	New trial (rep=1, index=0): OrderedDict([('cue', 'images/Neutral.BMP'), ('probe', 'images/NeutralProbe.BMP'), ('condition', 'Neutral')])
45.3939 	EXP 	feedbackMsg: autoDraw = False
45.3939 	EXP 	feedbackMsg: autoDraw = False
45.3939 	EXP 	cueImage: image = 'images/Neutral.BMP'
45.3939 	EXP 	cueImage: autoDraw = True
47.3935 	EXP 	cueImage: autoDraw = False
47.3935 	EXP 	cueImage: autoDraw = False
47.3935 	EXP 	fixation: autoDraw = True
49.0095 	EXP 	fixation: autoDraw = False
49.0095 	EXP 	fixation: autoDraw = False
49.0095 	EXP 	Target: image = 'images/NeutralProbe.BMP'
49.0095 	EXP 	Target: autoDraw = True
49.4449 	DATA 	Keypress: space
49.5220 	EXP 	Target: autoDraw = False
49.5220 	EXP 	Target: autoDraw = False
49.5220 	EXP 	feedbackMsg: text = 'Correct Response!\n\nYou did not win or lose anything!\n\nTotal Earnings: $0.20!'
49.5220 	EXP 	feedbackMsg: autoDraw = True
50.9938 	EXP 	New trial (rep=1, index=1): OrderedDict([('cue', 'images/WinBig.BMP'), ('probe', 'images/WinProbe.BMP'), ('condition', 'WinBig')])
51.0094 	EXP 	feedbackMsg: autoDraw = False
51.0094 	EXP 	feedbackMsg: autoDraw = False
51.0094 	EXP 	cueImage: image = 'images/WinBig.BMP'
51.0094 	EXP 	cueImage: autoDraw = True
51.1959 	DATA 	Keypress: escape
51.5034 	EXP 	window1: mouseVisible = True
