12.7368 	EXP 	Created window1 = Window(allowGUI=False, allowStencil=False, args=UNKNOWN, autoLog=True, bitsMode=UNKNOWN, blendMode='avg', color=array([0., 0., 0.]), colorSpace='rgb', fullscr=<method-wrapper '__getattribute__' of attributeSetter object at 0x12416fda0>, gamma=None, kwargs=UNKNOWN, lms=UNKNOWN, monitor=<psychopy.monitors.calibTools.Monitor object at 0x129175198>, multiSample=False, name='window1', numSamples=2, pos=[0.0, 0.0], screen=0, size=array([1920, 1080]), stereo=False, units='height', useFBO=True, useRetina=False, viewOri=0.0, viewPos=None, viewScale=None, waitBlanking=True, winType='pyglet')
12.7369 	EXP 	window1: recordFrameIntervals = False
12.9013 	EXP 	window1: recordFrameIntervals = True
13.0853 	EXP 	window1: recordFrameIntervals = False
13.2227 	EXP 	Created instructFig = ImageStim(__class__=<class 'psychopy.visual.image.ImageStim'>, autoLog=True, color=array([1., 1., 1.]), colorSpace='rgb', contrast=1.0, depth=0.0, flipHoriz=False, flipVert=False, image='images/MID_instructions.bmp', interpolate=True, mask=None, maskParams=None, name='instructFig', opacity=1.0, ori=0.0, pos=array([0., 0.]), size=array([1., 1.]), texRes=128, units='height', win=Window(...))
13.2250 	EXP 	Created cueImage = ImageStim(__class__=<class 'psychopy.visual.image.ImageStim'>, autoLog=True, color=array([1., 1., 1.]), colorSpace='rgb', contrast=1.0, depth=-1.0, flipHoriz=False, flipVert=False, image='sin', interpolate=True, mask=None, maskParams=None, name='cueImage', opacity=1.0, ori=0.0, pos=array([0., 0.]), size=array([1.3, 1. ]), texRes=128, units='height', win=Window(...))
13.3819 	EXP 	Created Fixation = TextStim(__class__=<class 'psychopy.visual.text.TextStim'>, alignHoriz='center', alignVert='center', antialias=True, autoLog=True, bold=False, color='white', colorSpace='named', contrast=1.0, depth=-1.0, flipHoriz=False, flipVert=False, font='Arial', fontFiles=[], height=0.1, italic=False, languageStyle='LTR', name='Fixation', opacity=1.0, ori=0, pos=array([0., 0.]), rgb=array([255., 255., 255.]), text='+', units='height', win=Window(...), wrapWidth=1)
13.3847 	EXP 	Created Target = ImageStim(__class__=<class 'psychopy.visual.image.ImageStim'>, autoLog=True, color=array([1., 1., 1.]), colorSpace='rgb', contrast=1.0, depth=-2.0, flipHoriz=False, flipVert=False, image='sin', interpolate=True, mask=None, maskParams=None, name='Target', opacity=1.0, ori=0.0, pos=array([0., 0.]), size=array([1.3, 1. ]), texRes=128, units='height', win=Window(...))
13.3968 	EXP 	Created feedbackMsg = TextStim(__class__=<class 'psychopy.visual.text.TextStim'>, alignHoriz='center', alignVert='center', antialias=True, autoLog=True, bold=False, color='white', colorSpace='named', contrast=1.0, depth=0.0, flipHoriz=False, flipVert=False, font='Arial', fontFiles=[], height=0.1, italic=False, languageStyle='LTR', name='feedbackMsg', opacity=1.0, ori=0, pos=array([0., 0.]), rgb=array([255., 255., 255.]), text='default text', units='height', win=Window(...), wrapWidth=1)
13.4081 	EXP 	Created text = TextStim(__class__=<class 'psychopy.visual.text.TextStim'>, alignHoriz='center', alignVert='center', antialias=True, autoLog=True, bold=False, color='white', colorSpace='named', contrast=1.0, depth=0.0, flipHoriz=False, flipVert=False, font='Arial', fontFiles=[], height=0.1, italic=False, languageStyle='LTR', name='text', opacity=1.0, ori=0, pos=array([0., 0.]), rgb=array([255., 255., 255.]), text='You earned a total of:', units='height', win=Window(...), wrapWidth=1)
13.4323 	EXP 	instructFig: autoDraw = True
14.2554 	DATA 	Keypress: space
14.2717 	EXP 	Imported MID_trials.xlsx as conditions, 5 conditions, 3 params
14.2721 	EXP 	Created sequence: random, trialTypes=5, nReps=10, seed=None
14.2724 	EXP 	New trial (rep=0, index=0): OrderedDict([('cue', 'images/LoseSmall.BMP'), ('probe', 'images/LoseProbe.BMP'), ('feedbackText', 'You won $0.20')])
14.2999 	EXP 	instructFig: autoDraw = False
14.2999 	EXP 	cueImage: image = 'images/LoseSmall.BMP'
14.2999 	EXP 	cueImage: autoDraw = True
16.2998 	EXP 	cueImage: autoDraw = False
16.2998 	EXP 	Target: image = 'images/LoseProbe.BMP'
16.2998 	EXP 	Fixation: autoDraw = True
17.6364 	DATA 	Keypress: space
17.6501 	EXP 	Fixation: autoDraw = False
17.6501 	EXP 	Target: autoDraw = False
17.6501 	EXP 	feedbackMsg: text = 'You won $0.20'
17.6501 	EXP 	feedbackMsg: autoDraw = True
18.8516 	DATA 	Keypress: space
19.5167 	EXP 	New trial (rep=0, index=1): OrderedDict([('cue', 'images/WinSmall.BMP'), ('probe', 'images/LoseProbe.BMP'), ('feedbackText', 'No win or loss')])
19.5488 	EXP 	feedbackMsg: autoDraw = False
19.5488 	EXP 	feedbackMsg: autoDraw = False
19.5488 	EXP 	cueImage: image = 'images/WinSmall.BMP'
19.5488 	EXP 	cueImage: autoDraw = True
21.5330 	EXP 	cueImage: autoDraw = False
21.5330 	EXP 	cueImage: autoDraw = False
21.5330 	EXP 	Target: image = 'images/LoseProbe.BMP'
21.5330 	EXP 	Fixation: autoDraw = True
25.0993 	EXP 	Fixation: autoDraw = False
25.1168 	EXP 	Target: autoDraw = True
25.1334 	EXP 	Target: autoDraw = False
28.3860 	DATA 	Keypress: escape
28.6685 	EXP 	window1: mouseVisible = True
