23.5668 	EXP 	Created window1 = Window(allowGUI=False, allowStencil=False, args=UNKNOWN, autoLog=True, bitsMode=UNKNOWN, blendMode='avg', color=array([0., 0., 0.]), colorSpace='rgb', fullscr=<method-wrapper '__getattribute__' of attributeSetter object at 0x124ee4e48>, gamma=None, kwargs=UNKNOWN, lms=UNKNOWN, monitor=<psychopy.monitors.calibTools.Monitor object at 0x129ccd780>, multiSample=False, name='window1', numSamples=2, pos=[0.0, 0.0], screen=0, size=array([1920, 1080]), stereo=False, units='height', useFBO=True, useRetina=False, viewOri=0.0, viewPos=None, viewScale=None, waitBlanking=True, winType='pyglet')
23.5668 	EXP 	window1: recordFrameIntervals = False
23.7337 	EXP 	window1: recordFrameIntervals = True
23.9172 	EXP 	window1: recordFrameIntervals = False
24.0189 	EXP 	Created instructFig = ImageStim(__class__=<class 'psychopy.visual.image.ImageStim'>, autoLog=True, color=array([1., 1., 1.]), colorSpace='rgb', contrast=1.0, depth=0.0, flipHoriz=False, flipVert=False, image='images/MID_instructions.bmp', interpolate=True, mask=None, maskParams=None, name='instructFig', opacity=1.0, ori=0.0, pos=array([0., 0.]), size=array([1.3, 1. ]), texRes=128, units='height', win=Window(...))
24.0221 	EXP 	Created cueImage = ImageStim(__class__=<class 'psychopy.visual.image.ImageStim'>, autoLog=True, color=array([1., 1., 1.]), colorSpace='rgb', contrast=1.0, depth=-1.0, flipHoriz=False, flipVert=False, image='sin', interpolate=True, mask=None, maskParams=None, name='cueImage', opacity=1.0, ori=0.0, pos=array([0., 0.]), size=array([1.3, 1. ]), texRes=128, units='height', win=Window(...))
24.1519 	EXP 	Created Fixation = TextStim(__class__=<class 'psychopy.visual.text.TextStim'>, alignHoriz='center', alignVert='center', antialias=True, autoLog=True, bold=False, color='white', colorSpace='named', contrast=1.0, depth=-1.0, flipHoriz=False, flipVert=False, font='Arial', fontFiles=[], height=0.1, italic=False, languageStyle='LTR', name='Fixation', opacity=1.0, ori=0, pos=array([0., 0.]), rgb=array([255., 255., 255.]), text='2.493', units='height', win=Window(...), wrapWidth=1)
24.1538 	EXP 	Created Target = ImageStim(__class__=<class 'psychopy.visual.image.ImageStim'>, autoLog=True, color=array([1., 1., 1.]), colorSpace='rgb', contrast=1.0, depth=-2.0, flipHoriz=False, flipVert=False, image='sin', interpolate=True, mask=None, maskParams=None, name='Target', opacity=1.0, ori=0.0, pos=array([0., 0.]), size=array([1.3, 1. ]), texRes=128, units='height', win=Window(...))
24.1654 	EXP 	Created feedbackMsg = TextStim(__class__=<class 'psychopy.visual.text.TextStim'>, alignHoriz='center', alignVert='center', antialias=True, autoLog=True, bold=False, color='white', colorSpace='named', contrast=1.0, depth=-1.0, flipHoriz=False, flipVert=False, font='Arial', fontFiles=[], height=0.1, italic=False, languageStyle='LTR', name='feedbackMsg', opacity=1.0, ori=0, pos=array([0., 0.]), rgb=array([255., 255., 255.]), text='default text', units='height', win=Window(...), wrapWidth=1)
24.1660 	EXP 	Created text = TextStim(__class__=<class 'psychopy.visual.text.TextStim'>, alignHoriz='center', alignVert='center', antialias=True, autoLog=True, bold=False, color='white', colorSpace='named', contrast=1.0, depth=-1.0, flipHoriz=False, flipVert=False, font='Arial', fontFiles=[], height=0.1, italic=False, languageStyle='LTR', name='text', opacity=1.0, ori=0, pos=array([0., 0.]), rgb=array([255., 255., 255.]), text='', units='height', win=Window(...), wrapWidth=1)
24.1829 	EXP 	instructFig: autoDraw = True
25.5609 	DATA 	Keypress: space
25.5730 	EXP 	Imported MID_trials.xlsx as conditions, 5 conditions, 5 params
25.5733 	EXP 	Created sequence: random, trialTypes=5, nReps=10, seed=None
25.5736 	EXP 	New trial (rep=0, index=0): OrderedDict([('cue', 'images/Neutral.BMP'), ('probe', 'images/NeutralProbe.BMP'), ('feedbackText', 'You lost $5.00'), ('condition', 'Neu'), ('corrResp', 'space')])
25.5933 	EXP 	instructFig: autoDraw = False
25.5933 	EXP 	cueImage: image = 'images/Neutral.BMP'
25.5933 	EXP 	cueImage: autoDraw = True
27.6151 	EXP 	cueImage: autoDraw = False
27.6151 	EXP 	Target: image = 'images/NeutralProbe.BMP'
27.6151 	EXP 	Fixation: autoDraw = True
30.6938 	EXP 	Fixation: autoDraw = False
30.7109 	EXP 	Target: autoDraw = True
31.1611 	EXP 	Target: autoDraw = False
31.8457 	DATA 	Keypress: space
31.8766 	EXP 	Fixation: autoDraw = False
31.8766 	EXP 	Target: autoDraw = False
31.8766 	EXP 	feedbackMsg: text = 0.461
31.8766 	EXP 	feedbackMsg: autoDraw = True
33.3937 	EXP 	New trial (rep=0, index=1): OrderedDict([('cue', 'images/WinBig.BMP'), ('probe', 'images/LoseProbe.BMP'), ('feedbackText', 'You lost $0.20'), ('condition', 'Win'), ('corrResp', 'space')])
33.4268 	EXP 	feedbackMsg: autoDraw = False
33.4268 	EXP 	feedbackMsg: autoDraw = False
33.4268 	EXP 	cueImage: image = 'images/WinBig.BMP'
33.4268 	EXP 	cueImage: autoDraw = True
35.4155 	EXP 	cueImage: autoDraw = False
35.4155 	EXP 	Target: image = 'images/LoseProbe.BMP'
35.4155 	EXP 	Fixation: autoDraw = True
38.5589 	EXP 	Fixation: autoDraw = False
38.5769 	EXP 	Target: autoDraw = True
38.9939 	EXP 	Target: autoDraw = False
43.9779 	DATA 	Keypress: space
43.9931 	EXP 	Fixation: autoDraw = False
43.9931 	EXP 	Target: autoDraw = False
43.9931 	EXP 	feedbackMsg: text = 0.429
43.9931 	EXP 	feedbackMsg: autoDraw = True
45.5428 	EXP 	New trial (rep=0, index=2): OrderedDict([('cue', 'images/WinSmall.BMP'), ('probe', 'images/LoseProbe.BMP'), ('feedbackText', 'No win or loss'), ('condition', 'Win'), ('corrResp', 'space')])
45.5753 	EXP 	feedbackMsg: autoDraw = False
45.5753 	EXP 	feedbackMsg: autoDraw = False
45.5753 	EXP 	cueImage: image = 'images/WinSmall.BMP'
45.5753 	EXP 	cueImage: autoDraw = True
46.9501 	DATA 	Keypress: escape
47.2696 	EXP 	window1: mouseVisible = True
