9.8813 	WARNING 	User requested fullscreen with size [1440  900], but screen is actually [1680, 1050]. Using actual size
10.5107 	EXP 	Created window1 = Window(allowGUI=False, allowStencil=False, args=UNKNOWN, autoLog=True, bitsMode=UNKNOWN, blendMode='avg', color=array([0., 0., 0.]), colorSpace='rgb', fullscr=<method-wrapper '__getattribute__' of attributeSetter object at 0x134e3bba8>, gamma=None, kwargs=UNKNOWN, lms=UNKNOWN, monitor=<psychopy.monitors.calibTools.Monitor object at 0x134f8be10>, multiSample=False, name='window1', numSamples=2, pos=[0.0, 0.0], screen=0, size=array([3360, 2100]), stereo=False, units='height', useFBO=True, useRetina=True, viewOri=0.0, viewPos=None, viewScale=None, waitBlanking=True, winType='pyglet')
10.5107 	EXP 	window1: recordFrameIntervals = False
10.6766 	EXP 	window1: recordFrameIntervals = True
10.8596 	EXP 	window1: recordFrameIntervals = False
11.3219 	EXP 	Created preinstruct_text = TextStim(__class__=<class 'psychopy.visual.text.TextStim'>, alignHoriz='center', alignVert='center', antialias=True, autoLog=True, bold=False, color='white', colorSpace='named', contrast=1.0, depth=0.0, flipHoriz=False, flipVert=False, font='Arial', fontFiles=[], height=0.05, italic=False, languageStyle='LTR', name='preinstruct_text', opacity=1.0, ori=0, pos=array([0., 0.]), rgb=array([255., 255., 255.]), text='Money Task - Practice 2', units='height', win=Window(...), wrapWidth=1)
11.3701 	EXP 	Created instructFig = ImageStim(__class__=<class 'psychopy.visual.image.ImageStim'>, autoLog=True, color=array([1., 1., 1.]), colorSpace='rgb', contrast=1.0, depth=0.0, flipHoriz=False, flipVert=False, image='images/MID_instructions.bmp', interpolate=True, mask=None, maskParams=None, name='instructFig', opacity=1.0, ori=0.0, pos=array([0., 0.]), size=array([1.3, 1. ]), texRes=128, units='height', win=Window(...))
11.3717 	EXP 	Created PrepFixation = ShapeStim(__class__=<class 'psychopy.visual.shape.ShapeStim'>, autoDraw=False, autoLog=True, closeShape=True, contrast=1.0, depth=0.0, fillColor=array([1., 1., 1.]), fillColorSpace='rgb', interpolate=True, lineColor=array([1., 1., 1.]), lineColorSpace='rgb', lineWidth=1, name='PrepFixation', opacity=1.0, ori=array(0.), pos=array([0., 0.]), size=array([0.05, 0.05]), units='height', vertices=ndarray(...), win=Window(...), windingRule=None)
11.3733 	EXP 	Created cueImage = ImageStim(__class__=<class 'psychopy.visual.image.ImageStim'>, autoLog=True, color=array([1., 1., 1.]), colorSpace='rgb', contrast=1.0, depth=0.0, flipHoriz=False, flipVert=False, image='sin', interpolate=True, mask=None, maskParams=None, name='cueImage', opacity=1.0, ori=0.0, pos=array([0., 0.]), size=array([1.3, 1. ]), texRes=128, units='height', win=Window(...))
11.3748 	EXP 	Created fixation = ShapeStim(__class__=<class 'psychopy.visual.shape.ShapeStim'>, autoDraw=False, autoLog=True, closeShape=True, contrast=1.0, depth=-1.0, fillColor=array([1., 1., 1.]), fillColorSpace='rgb', interpolate=True, lineColor=array([1., 1., 1.]), lineColorSpace='rgb', lineWidth=1, name='fixation', opacity=1.0, ori=array(0.), pos=array([0., 0.]), size=array([0.05, 0.05]), units='height', vertices=ndarray(...), win=Window(...), windingRule=None)
11.3763 	EXP 	Created Target = ImageStim(__class__=<class 'psychopy.visual.image.ImageStim'>, autoLog=True, color=array([1., 1., 1.]), colorSpace='rgb', contrast=1.0, depth=-1.0, flipHoriz=False, flipVert=False, image='sin', interpolate=True, mask=None, maskParams=None, name='Target', opacity=1.0, ori=0.0, pos=array([0., 0.]), size=array([1.3, 1. ]), texRes=128, units='height', win=Window(...))
11.3852 	EXP 	Created feedbackMsg = TextStim(__class__=<class 'psychopy.visual.text.TextStim'>, alignHoriz='center', alignVert='center', antialias=True, autoLog=True, bold=False, color='white', colorSpace='named', contrast=1.0, depth=-2.0, flipHoriz=False, flipVert=False, font='Arial', fontFiles=[], height=0.05, italic=False, languageStyle='LTR', name='feedbackMsg', opacity=1.0, ori=0, pos=array([0., 0.]), rgb=array([255., 255., 255.]), text='default text', units='height', win=Window(...), wrapWidth=2)
11.3867 	EXP 	Created polygon = ShapeStim(__class__=<class 'psychopy.visual.shape.ShapeStim'>, autoDraw=False, autoLog=True, closeShape=True, contrast=1.0, depth=0.0, fillColor=array([1., 1., 1.]), fillColorSpace='rgb', interpolate=True, lineColor=array([1., 1., 1.]), lineColorSpace='rgb', lineWidth=1, name='polygon', opacity=1.0, ori=array(0.), pos=array([0., 0.]), size=array([0.05, 0.05]), units='height', vertices=ndarray(...), win=Window(...), windingRule=None)
11.3932 	EXP 	Created text = TextStim(__class__=<class 'psychopy.visual.text.TextStim'>, alignHoriz='center', alignVert='center', antialias=True, autoLog=True, bold=False, color='white', colorSpace='named', contrast=1.0, depth=-1.0, flipHoriz=False, flipVert=False, font='Arial', fontFiles=[], height=0.07, italic=False, languageStyle='LTR', name='text', opacity=1.0, ori=0, pos=array([0., 0.]), rgb=array([255., 255., 255.]), text='default text', units='height', win=Window(...), wrapWidth=1)
11.3946 	EXP 	Created polygon2 = ShapeStim(__class__=<class 'psychopy.visual.shape.ShapeStim'>, autoDraw=False, autoLog=True, closeShape=True, contrast=1.0, depth=0.0, fillColor=array([1., 1., 1.]), fillColorSpace='rgb', interpolate=True, lineColor=array([1., 1., 1.]), lineColorSpace='rgb', lineWidth=1, name='polygon2', opacity=1.0, ori=array(0.), pos=array([0., 0.]), size=array([0.05, 0.05]), units='height', vertices=ndarray(...), win=Window(...), windingRule=None)
11.4092 	EXP 	preinstruct_text: autoDraw = True
13.4596 	EXP 	preinstruct_text: autoDraw = False
13.4596 	EXP 	instructFig: autoDraw = True
17.6082 	DATA 	Keypress: 5
17.6272 	EXP 	instructFig: autoDraw = False
17.6272 	EXP 	PrepFixation: autoDraw = True
19.6020 	EXP 	Imported TimeVersion_practice1.csv as conditions, 15 conditions, 2 params
19.6024 	EXP 	Created sequence: sequential, trialTypes=15, nReps=1, seed=None
19.6027 	EXP 	New trial (rep=0, index=0): OrderedDict([('Condition', 'SmallReward'), ('FixationDur', 2000)])
19.6439 	EXP 	PrepFixation: autoDraw = False
19.6439 	EXP 	PrepFixation: autoDraw = False
19.6439 	EXP 	cueImage: image = 'images/WinSmall.bmp'
19.6439 	EXP 	cueImage: autoDraw = True
21.6609 	EXP 	cueImage: autoDraw = False
21.6609 	EXP 	fixation: autoDraw = True
23.7153 	EXP 	fixation: autoDraw = False
23.7153 	EXP 	fixation: autoDraw = False
23.7153 	EXP 	Target: image = 'images/WinProbe.bmp'
23.7153 	EXP 	Target: autoDraw = True
23.9644 	DATA 	Keypress: 1
24.1108 	EXP 	Target: autoDraw = False
24.1108 	EXP 	Target: autoDraw = False
24.1108 	EXP 	feedbackMsg: text = 'Correct Response!\n\nYou won $0.20!'
24.1108 	EXP 	feedbackMsg: autoDraw = True
25.7467 	EXP 	New trial (rep=0, index=1): OrderedDict([('Condition', 'LgReward'), ('FixationDur', 2000)])
25.7782 	EXP 	feedbackMsg: autoDraw = False
25.7782 	EXP 	feedbackMsg: autoDraw = False
25.7782 	EXP 	cueImage: image = 'images/WinBig.bmp'
25.7782 	EXP 	cueImage: autoDraw = True
27.8116 	EXP 	cueImage: autoDraw = False
27.8116 	EXP 	fixation: autoDraw = True
29.8626 	EXP 	fixation: autoDraw = False
29.8626 	EXP 	fixation: autoDraw = False
29.8626 	EXP 	Target: image = 'images/WinProbe.bmp'
29.8626 	EXP 	Target: autoDraw = True
30.1157 	DATA 	Keypress: 1
30.2617 	EXP 	Target: autoDraw = False
30.2617 	EXP 	Target: autoDraw = False
30.2617 	EXP 	feedbackMsg: text = 'Correct Response!\n\nYou won $5.00!'
30.2617 	EXP 	feedbackMsg: autoDraw = True
31.8807 	EXP 	New trial (rep=0, index=2): OrderedDict([('Condition', 'SmallPun'), ('FixationDur', 2000)])
31.8992 	EXP 	feedbackMsg: autoDraw = False
31.8992 	EXP 	feedbackMsg: autoDraw = False
31.8992 	EXP 	cueImage: image = 'images/LoseSmall.bmp'
31.8992 	EXP 	cueImage: autoDraw = True
33.9285 	EXP 	cueImage: autoDraw = False
33.9285 	EXP 	cueImage: autoDraw = False
33.9285 	EXP 	fixation: autoDraw = True
35.9652 	EXP 	fixation: autoDraw = False
35.9652 	EXP 	fixation: autoDraw = False
35.9652 	EXP 	Target: image = 'images/LoseProbe.bmp'
35.9652 	EXP 	Target: autoDraw = True
36.3413 	DATA 	Keypress: 1
36.3626 	EXP 	Target: autoDraw = False
36.3626 	EXP 	Target: autoDraw = False
36.3626 	EXP 	feedbackMsg: text = 'You pressed too slow!\n\nYou lost $0.20!'
36.3626 	EXP 	feedbackMsg: autoDraw = True
37.9816 	EXP 	New trial (rep=0, index=3): OrderedDict([('Condition', 'LgPun'), ('FixationDur', 2000)])
37.9987 	EXP 	feedbackMsg: autoDraw = False
37.9987 	EXP 	feedbackMsg: autoDraw = False
37.9987 	EXP 	cueImage: image = 'images/LoseBig.bmp'
37.9987 	EXP 	cueImage: autoDraw = True
40.0298 	EXP 	cueImage: autoDraw = False
40.0298 	EXP 	cueImage: autoDraw = False
40.0298 	EXP 	fixation: autoDraw = True
42.0661 	EXP 	fixation: autoDraw = False
42.0661 	EXP 	fixation: autoDraw = False
42.0661 	EXP 	Target: image = 'images/LoseProbe.bmp'
42.0661 	EXP 	Target: autoDraw = True
42.3176 	DATA 	Keypress: 1
42.4462 	EXP 	Target: autoDraw = False
42.4462 	EXP 	Target: autoDraw = False
42.4462 	EXP 	feedbackMsg: text = 'Correct Response!\n\nYou did not lose $5.00!'
42.4462 	EXP 	feedbackMsg: autoDraw = True
44.0990 	EXP 	New trial (rep=0, index=4): OrderedDict([('Condition', 'Triangle'), ('FixationDur', 2000)])
44.1157 	EXP 	feedbackMsg: autoDraw = False
44.1157 	EXP 	feedbackMsg: autoDraw = False
44.1157 	EXP 	cueImage: image = 'images/Neutral.bmp'
44.1157 	EXP 	cueImage: autoDraw = True
46.1468 	EXP 	cueImage: autoDraw = False
46.1468 	EXP 	cueImage: autoDraw = False
46.1468 	EXP 	fixation: autoDraw = True
48.1810 	EXP 	fixation: autoDraw = False
48.1810 	EXP 	fixation: autoDraw = False
48.1810 	EXP 	Target: image = 'images/NeutralProbe.bmp'
48.1810 	EXP 	Target: autoDraw = True
48.4183 	DATA 	Keypress: 1
48.5636 	EXP 	Target: autoDraw = False
48.5636 	EXP 	Target: autoDraw = False
48.5636 	EXP 	feedbackMsg: text = 'Correct Response!\n\nYou did not win or lose anything!'
48.5636 	EXP 	feedbackMsg: autoDraw = True
50.2163 	EXP 	New trial (rep=0, index=5): OrderedDict([('Condition', 'LgReward'), ('FixationDur', 2000)])
50.2486 	EXP 	feedbackMsg: autoDraw = False
50.2486 	EXP 	feedbackMsg: autoDraw = False
50.2486 	EXP 	cueImage: image = 'images/WinBig.bmp'
50.2486 	EXP 	cueImage: autoDraw = True
52.2815 	EXP 	cueImage: autoDraw = False
52.2815 	EXP 	fixation: autoDraw = True
54.3343 	EXP 	fixation: autoDraw = False
54.3343 	EXP 	fixation: autoDraw = False
54.3343 	EXP 	Target: image = 'images/WinProbe.bmp'
54.3343 	EXP 	Target: autoDraw = True
54.6025 	DATA 	Keypress: 1
54.7150 	EXP 	Target: autoDraw = False
54.7150 	EXP 	Target: autoDraw = False
54.7150 	EXP 	feedbackMsg: text = 'Correct Response!\n\nYou won $5.00!'
54.7150 	EXP 	feedbackMsg: autoDraw = True
56.3659 	EXP 	New trial (rep=0, index=6): OrderedDict([('Condition', 'SmallPun'), ('FixationDur', 2000)])
56.3820 	EXP 	feedbackMsg: autoDraw = False
56.3820 	EXP 	feedbackMsg: autoDraw = False
56.3820 	EXP 	cueImage: image = 'images/LoseSmall.bmp'
56.3820 	EXP 	cueImage: autoDraw = True
58.4156 	EXP 	cueImage: autoDraw = False
58.4156 	EXP 	fixation: autoDraw = True
60.4496 	EXP 	fixation: autoDraw = False
60.4496 	EXP 	fixation: autoDraw = False
60.4496 	EXP 	Target: image = 'images/LoseProbe.bmp'
60.4496 	EXP 	Target: autoDraw = True
60.6857 	DATA 	Keypress: 1
60.8323 	EXP 	Target: autoDraw = False
60.8323 	EXP 	Target: autoDraw = False
60.8323 	EXP 	feedbackMsg: text = 'Correct Response!\n\nYou did not lose $0.20!'
60.8323 	EXP 	feedbackMsg: autoDraw = True
62.4847 	EXP 	New trial (rep=0, index=7): OrderedDict([('Condition', 'SmallReward'), ('FixationDur', 2000)])
62.5156 	EXP 	feedbackMsg: autoDraw = False
62.5156 	EXP 	feedbackMsg: autoDraw = False
62.5156 	EXP 	cueImage: image = 'images/WinSmall.bmp'
62.5156 	EXP 	cueImage: autoDraw = True
64.5500 	EXP 	cueImage: autoDraw = False
64.5500 	EXP 	fixation: autoDraw = True
66.5989 	EXP 	fixation: autoDraw = False
66.5989 	EXP 	fixation: autoDraw = False
66.5989 	EXP 	Target: image = 'images/WinProbe.bmp'
66.5989 	EXP 	Target: autoDraw = True
66.8378 	DATA 	Keypress: 1
66.9334 	EXP 	Target: autoDraw = False
66.9334 	EXP 	Target: autoDraw = False
66.9334 	EXP 	feedbackMsg: text = 'Correct Response!\n\nYou won $0.20!'
66.9334 	EXP 	feedbackMsg: autoDraw = True
68.6190 	EXP 	New trial (rep=0, index=8): OrderedDict([('Condition', 'Triangle'), ('FixationDur', 2000)])
68.6358 	EXP 	feedbackMsg: autoDraw = False
68.6358 	EXP 	feedbackMsg: autoDraw = False
68.6358 	EXP 	cueImage: image = 'images/Neutral.bmp'
68.6358 	EXP 	cueImage: autoDraw = True
70.6675 	EXP 	cueImage: autoDraw = False
70.6675 	EXP 	cueImage: autoDraw = False
70.6675 	EXP 	fixation: autoDraw = True
72.7032 	EXP 	fixation: autoDraw = False
72.7032 	EXP 	fixation: autoDraw = False
72.7032 	EXP 	Target: image = 'images/NeutralProbe.bmp'
72.7032 	EXP 	Target: autoDraw = True
72.9544 	DATA 	Keypress: 1
73.0509 	EXP 	Target: autoDraw = False
73.0509 	EXP 	Target: autoDraw = False
73.0509 	EXP 	feedbackMsg: text = 'Correct Response!\n\nYou did not win or lose anything!'
73.0509 	EXP 	feedbackMsg: autoDraw = True
74.7197 	EXP 	New trial (rep=0, index=9): OrderedDict([('Condition', 'LgReward'), ('FixationDur', 2000)])
74.7677 	EXP 	feedbackMsg: autoDraw = False
74.7677 	EXP 	feedbackMsg: autoDraw = False
74.7677 	EXP 	cueImage: image = 'images/WinBig.bmp'
74.7677 	EXP 	cueImage: autoDraw = True
76.7842 	EXP 	cueImage: autoDraw = False
76.7842 	EXP 	fixation: autoDraw = True
78.8356 	EXP 	fixation: autoDraw = False
78.8356 	EXP 	fixation: autoDraw = False
78.8356 	EXP 	Target: image = 'images/WinProbe.bmp'
78.8356 	EXP 	Target: autoDraw = True
79.0710 	DATA 	Keypress: 1
79.1848 	EXP 	Target: autoDraw = False
79.1848 	EXP 	Target: autoDraw = False
79.1848 	EXP 	feedbackMsg: text = 'Correct Response!\n\nYou won $5.00!'
79.1848 	EXP 	feedbackMsg: autoDraw = True
80.8538 	EXP 	New trial (rep=0, index=10): OrderedDict([('Condition', 'LgPun'), ('FixationDur', 2000)])
80.8710 	EXP 	feedbackMsg: autoDraw = False
80.8710 	EXP 	feedbackMsg: autoDraw = False
80.8710 	EXP 	cueImage: image = 'images/LoseBig.bmp'
80.8710 	EXP 	cueImage: autoDraw = True
82.9020 	EXP 	cueImage: autoDraw = False
82.9020 	EXP 	cueImage: autoDraw = False
82.9020 	EXP 	fixation: autoDraw = True
84.9368 	EXP 	fixation: autoDraw = False
84.9368 	EXP 	fixation: autoDraw = False
84.9368 	EXP 	Target: image = 'images/LoseProbe.bmp'
84.9368 	EXP 	Target: autoDraw = True
85.1721 	DATA 	Keypress: 1
85.2851 	EXP 	Target: autoDraw = False
85.2851 	EXP 	Target: autoDraw = False
85.2851 	EXP 	feedbackMsg: text = 'Correct Response!\n\nYou did not lose $5.00!'
85.2851 	EXP 	feedbackMsg: autoDraw = True
86.9537 	EXP 	New trial (rep=0, index=11): OrderedDict([('Condition', 'SmallPun'), ('FixationDur', 2000)])
86.9696 	EXP 	feedbackMsg: autoDraw = False
86.9696 	EXP 	feedbackMsg: autoDraw = False
86.9696 	EXP 	cueImage: image = 'images/LoseSmall.bmp'
86.9696 	EXP 	cueImage: autoDraw = True
89.0030 	EXP 	cueImage: autoDraw = False
89.0030 	EXP 	cueImage: autoDraw = False
89.0030 	EXP 	fixation: autoDraw = True
91.0372 	EXP 	fixation: autoDraw = False
91.0372 	EXP 	fixation: autoDraw = False
91.0372 	EXP 	Target: image = 'images/LoseProbe.bmp'
91.0372 	EXP 	Target: autoDraw = True
91.3176 	DATA 	Keypress: 1
91.3361 	EXP 	Target: autoDraw = False
91.3361 	EXP 	Target: autoDraw = False
91.3361 	EXP 	feedbackMsg: text = 'You pressed too slow!\n\nYou lost $0.20!'
91.3361 	EXP 	feedbackMsg: autoDraw = True
93.0556 	EXP 	New trial (rep=0, index=12): OrderedDict([('Condition', 'SmallReward'), ('FixationDur', 2000)])
93.0868 	EXP 	feedbackMsg: autoDraw = False
93.0868 	EXP 	feedbackMsg: autoDraw = False
93.0868 	EXP 	cueImage: image = 'images/WinSmall.bmp'
93.0868 	EXP 	cueImage: autoDraw = True
95.1209 	EXP 	cueImage: autoDraw = False
95.1209 	EXP 	fixation: autoDraw = True
97.1713 	EXP 	fixation: autoDraw = False
97.1713 	EXP 	fixation: autoDraw = False
97.1713 	EXP 	Target: image = 'images/WinProbe.bmp'
97.1713 	EXP 	Target: autoDraw = True
97.4533 	DATA 	Keypress: 1
97.4706 	EXP 	Target: autoDraw = False
97.4706 	EXP 	Target: autoDraw = False
97.4706 	EXP 	feedbackMsg: text = 'You pressed too slow!\n\nYou did not win $0.20!'
97.4706 	EXP 	feedbackMsg: autoDraw = True
99.1894 	EXP 	New trial (rep=0, index=13): OrderedDict([('Condition', 'LgPun'), ('FixationDur', 2000)])
99.2059 	EXP 	feedbackMsg: autoDraw = False
99.2059 	EXP 	feedbackMsg: autoDraw = False
99.2059 	EXP 	cueImage: image = 'images/LoseBig.bmp'
99.2059 	EXP 	cueImage: autoDraw = True
101.2373 	EXP 	cueImage: autoDraw = False
101.2373 	EXP 	cueImage: autoDraw = False
101.2373 	EXP 	fixation: autoDraw = True
103.2720 	EXP 	fixation: autoDraw = False
103.2720 	EXP 	fixation: autoDraw = False
103.2720 	EXP 	Target: image = 'images/LoseProbe.bmp'
103.2720 	EXP 	Target: autoDraw = True
103.5541 	DATA 	Keypress: 1
103.5719 	EXP 	Target: autoDraw = False
103.5719 	EXP 	Target: autoDraw = False
103.5719 	EXP 	feedbackMsg: text = 'You pressed too slow!\n\nYou lost $5.00!'
103.5719 	EXP 	feedbackMsg: autoDraw = True
105.2906 	EXP 	New trial (rep=0, index=14): OrderedDict([('Condition', 'Triangle'), ('FixationDur', 2000)])
105.3073 	EXP 	feedbackMsg: autoDraw = False
105.3073 	EXP 	feedbackMsg: autoDraw = False
105.3073 	EXP 	cueImage: image = 'images/Neutral.bmp'
105.3073 	EXP 	cueImage: autoDraw = True
107.3387 	EXP 	cueImage: autoDraw = False
107.3387 	EXP 	cueImage: autoDraw = False
107.3387 	EXP 	fixation: autoDraw = True
109.3726 	EXP 	fixation: autoDraw = False
109.3726 	EXP 	fixation: autoDraw = False
109.3726 	EXP 	Target: image = 'images/NeutralProbe.bmp'
109.3726 	EXP 	Target: autoDraw = True
109.6088 	DATA 	Keypress: 1
109.6890 	EXP 	Target: autoDraw = False
109.6890 	EXP 	Target: autoDraw = False
109.6890 	EXP 	feedbackMsg: text = 'Correct Response!\n\nYou did not win or lose anything!'
109.6890 	EXP 	feedbackMsg: autoDraw = True
111.4057 	EXP 	feedbackMsg: autoDraw = False
111.4057 	EXP 	feedbackMsg: autoDraw = False
111.4057 	EXP 	polygon: autoDraw = True
114.3925 	DATA 	Keypress: 1
116.4230 	EXP 	polygon: autoDraw = False
116.4230 	EXP 	polygon: autoDraw = False
116.4230 	EXP 	text: text = 'All done!\n\nYou earned a total of: $10.00!'
116.4230 	EXP 	text: autoDraw = True
119.4573 	EXP 	text: autoDraw = False
119.4573 	EXP 	text: autoDraw = False
119.4573 	EXP 	polygon2: autoDraw = True
126.0127 	DATA 	Keypress: escape
126.3464 	EXP 	window1: mouseVisible = True
